[0.313s] Invoking command in '/home/point001/autoware.ai/build/multi_lidar_calibrator': CMAKE_PREFIX_PATH=/home/point001/autoware.ai/install/autoware_build_flags:${CMAKE_PREFIX_PATH} PKG_CONFIG_PATH=/home/point001/autoware.ai/install/autoware_build_flags/lib/x86_64-linux-gnu/pkgconfig:/home/point001/autoware.ai/install/autoware_build_flags/lib/pkgconfig:${PKG_CONFIG_PATH} ROS_PACKAGE_PATH=/home/point001/autoware.ai/install/autoware_build_flags/share:${ROS_PACKAGE_PATH} /usr/bin/cmake --build /home/point001/autoware.ai/build/multi_lidar_calibrator -- -j24 -l24
[0.440s] [ 50%] Built target multi_lidar_calibrator_lib
[0.585s] [100%] Built target multi_lidar_calibrator
[0.865s] Invoked command in '/home/point001/autoware.ai/build/multi_lidar_calibrator' returned '0': CMAKE_PREFIX_PATH=/home/point001/autoware.ai/install/autoware_build_flags:${CMAKE_PREFIX_PATH} PKG_CONFIG_PATH=/home/point001/autoware.ai/install/autoware_build_flags/lib/x86_64-linux-gnu/pkgconfig:/home/point001/autoware.ai/install/autoware_build_flags/lib/pkgconfig:${PKG_CONFIG_PATH} ROS_PACKAGE_PATH=/home/point001/autoware.ai/install/autoware_build_flags/share:${ROS_PACKAGE_PATH} /usr/bin/cmake --build /home/point001/autoware.ai/build/multi_lidar_calibrator -- -j24 -l24
[1.436s] Invoking command in '/home/point001/autoware.ai/build/multi_lidar_calibrator': CMAKE_PREFIX_PATH=/home/point001/autoware.ai/install/autoware_build_flags:${CMAKE_PREFIX_PATH} PKG_CONFIG_PATH=/home/point001/autoware.ai/install/autoware_build_flags/lib/x86_64-linux-gnu/pkgconfig:/home/point001/autoware.ai/install/autoware_build_flags/lib/pkgconfig:${PKG_CONFIG_PATH} ROS_PACKAGE_PATH=/home/point001/autoware.ai/install/autoware_build_flags/share:${ROS_PACKAGE_PATH} /usr/bin/cmake --build /home/point001/autoware.ai/build/multi_lidar_calibrator --target tests -- -j24 -l24
[1.623s] Built target tests
[1.721s] Invoked command in '/home/point001/autoware.ai/build/multi_lidar_calibrator' returned '0': CMAKE_PREFIX_PATH=/home/point001/autoware.ai/install/autoware_build_flags:${CMAKE_PREFIX_PATH} PKG_CONFIG_PATH=/home/point001/autoware.ai/install/autoware_build_flags/lib/x86_64-linux-gnu/pkgconfig:/home/point001/autoware.ai/install/autoware_build_flags/lib/pkgconfig:${PKG_CONFIG_PATH} ROS_PACKAGE_PATH=/home/point001/autoware.ai/install/autoware_build_flags/share:${ROS_PACKAGE_PATH} /usr/bin/cmake --build /home/point001/autoware.ai/build/multi_lidar_calibrator --target tests -- -j24 -l24
[2.044s] Invoking command in '/home/point001/autoware.ai/build/multi_lidar_calibrator': CMAKE_PREFIX_PATH=/home/point001/autoware.ai/install/autoware_build_flags:${CMAKE_PREFIX_PATH} PKG_CONFIG_PATH=/home/point001/autoware.ai/install/autoware_build_flags/lib/x86_64-linux-gnu/pkgconfig:/home/point001/autoware.ai/install/autoware_build_flags/lib/pkgconfig:${PKG_CONFIG_PATH} ROS_PACKAGE_PATH=/home/point001/autoware.ai/install/autoware_build_flags/share:${ROS_PACKAGE_PATH} /usr/bin/cmake --build /home/point001/autoware.ai/build/multi_lidar_calibrator --target install -- -j24 -l24
[2.256s] [ 50%] Built target multi_lidar_calibrator_lib
[2.380s] [100%] Built target multi_lidar_calibrator
[2.422s] [36mInstall the project...[0m
[2.438s] -- Install configuration: "Release"
[2.438s] -- Up-to-date: /home/point001/autoware.ai/install/multi_lidar_calibrator/lib/pkgconfig/multi_lidar_calibrator.pc
[2.438s] -- Up-to-date: /home/point001/autoware.ai/install/multi_lidar_calibrator/share/multi_lidar_calibrator/cmake/multi_lidar_calibratorConfig.cmake
[2.438s] -- Up-to-date: /home/point001/autoware.ai/install/multi_lidar_calibrator/share/multi_lidar_calibrator/cmake/multi_lidar_calibratorConfig-version.cmake
[2.438s] -- Up-to-date: /home/point001/autoware.ai/install/multi_lidar_calibrator/share/multi_lidar_calibrator/package.xml
[2.444s] -- Up-to-date: /home/point001/autoware.ai/install/multi_lidar_calibrator/lib/multi_lidar_calibrator/multi_lidar_calibrator
[2.445s] -- Up-to-date: /home/point001/autoware.ai/install/multi_lidar_calibrator/lib/libmulti_lidar_calibrator_lib.so
[2.447s] -- Up-to-date: /home/point001/autoware.ai/install/multi_lidar_calibrator/share/multi_lidar_calibrator/launch
[2.447s] -- Up-to-date: /home/point001/autoware.ai/install/multi_lidar_calibrator/share/multi_lidar_calibrator/launch/multi_lidar_calibrator.launch
[2.489s] Invoked command in '/home/point001/autoware.ai/build/multi_lidar_calibrator' returned '0': CMAKE_PREFIX_PATH=/home/point001/autoware.ai/install/autoware_build_flags:${CMAKE_PREFIX_PATH} PKG_CONFIG_PATH=/home/point001/autoware.ai/install/autoware_build_flags/lib/x86_64-linux-gnu/pkgconfig:/home/point001/autoware.ai/install/autoware_build_flags/lib/pkgconfig:${PKG_CONFIG_PATH} ROS_PACKAGE_PATH=/home/point001/autoware.ai/install/autoware_build_flags/share:${ROS_PACKAGE_PATH} /usr/bin/cmake --build /home/point001/autoware.ai/build/multi_lidar_calibrator --target install -- -j24 -l24
