[0.127s] Invoking command in '/home/point001/autoware.ai/build/libvectormap': CMAKE_PREFIX_PATH=/home/point001/autoware.ai/install/vector_map:/home/point001/autoware.ai/install/vector_map_msgs:/home/point001/autoware.ai/install/autoware_build_flags:${CMAKE_PREFIX_PATH} LD_LIBRARY_PATH=/home/point001/autoware.ai/install/vector_map/lib:/opt/ros/melodic/lib:/usr/local/cuda-10.0/lib64 PKG_CONFIG_PATH=/home/point001/autoware.ai/install/vector_map/lib/x86_64-linux-gnu/pkgconfig:/home/point001/autoware.ai/install/vector_map/lib/pkgconfig:/home/point001/autoware.ai/install/vector_map_msgs/lib/x86_64-linux-gnu/pkgconfig:/home/point001/autoware.ai/install/vector_map_msgs/lib/pkgconfig:/home/point001/autoware.ai/install/autoware_build_flags/lib/x86_64-linux-gnu/pkgconfig:/home/point001/autoware.ai/install/autoware_build_flags/lib/pkgconfig:${PKG_CONFIG_PATH} PYTHONPATH=/home/point001/autoware.ai/install/vector_map_msgs/lib/python2.7/dist-packages:${PYTHONPATH} ROS_PACKAGE_PATH=/home/point001/autoware.ai/install/vector_map/share:/home/point001/autoware.ai/install/vector_map_msgs/share:/home/point001/autoware.ai/install/autoware_build_flags/share:${ROS_PACKAGE_PATH} /usr/bin/cmake --build /home/point001/autoware.ai/build/libvectormap -- -j24 -l24
[0.225s] [  0%] Built target visualization_msgs_generate_messages_cpp
[0.225s] [  0%] Built target std_msgs_generate_messages_eus
[0.227s] [  0%] Built target sensor_msgs_generate_messages_nodejs
[0.228s] [  0%] Built target vector_map_msgs_generate_messages_cpp
[0.229s] [  0%] Built target actionlib_msgs_generate_messages_eus
[0.229s] [  0%] Built target vector_map_msgs_generate_messages_lisp
[0.230s] [  0%] Built target actionlib_msgs_generate_messages_cpp
[0.231s] [  0%] Built target vector_map_msgs_generate_messages_eus
[0.233s] [  0%] Built target tf2_msgs_generate_messages_py
[0.234s] [  0%] Built target visualization_msgs_generate_messages_eus
[0.234s] [  0%] Built target visualization_msgs_generate_messages_py
[0.235s] [  0%] Built target tf2_msgs_generate_messages_lisp
[0.235s] [  0%] Built target actionlib_msgs_generate_messages_lisp
[0.238s] [  0%] Built target tf2_msgs_generate_messages_nodejs
[0.245s] [  0%] Built target actionlib_generate_messages_py
[0.245s] [  0%] Built target actionlib_msgs_generate_messages_py
[0.245s] [  0%] Built target vector_map_msgs_generate_messages_py
[0.245s] [  0%] Built target rosgraph_msgs_generate_messages_nodejs
[0.246s] [  0%] Built target actionlib_generate_messages_eus
[0.249s] [  0%] Built target geometry_msgs_generate_messages_py
[0.251s] [  0%] Built target tf2_msgs_generate_messages_eus
[0.255s] [  0%] Built target tf2_msgs_generate_messages_cpp
[0.256s] [  0%] Built target actionlib_generate_messages_nodejs
[0.259s] [  0%] Built target actionlib_generate_messages_lisp
[0.265s] [  0%] Built target geometry_msgs_generate_messages_lisp
[0.268s] [  0%] Built target tf_generate_messages_nodejs
[0.280s] [  0%] Built target tf_generate_messages_eus
[0.280s] [  0%] Built target roscpp_generate_messages_lisp
[0.280s] [  0%] Built target tf_generate_messages_lisp
[0.295s] [  0%] Built target visualization_msgs_generate_messages_lisp
[0.295s] [  0%] Built target rosgraph_msgs_generate_messages_py
[0.295s] [  0%] Built target roscpp_generate_messages_py
[0.295s] [  0%] Built target sensor_msgs_generate_messages_py
[0.295s] [  0%] Built target std_msgs_generate_messages_cpp
[0.302s] [  0%] Built target std_msgs_generate_messages_lisp
[0.302s] [  0%] Built target rosgraph_msgs_generate_messages_eus
[0.306s] [  0%] Built target tf_generate_messages_cpp
[0.306s] [  0%] Built target _catkin_empty_exported_target
[0.306s] [  0%] Built target sensor_msgs_generate_messages_cpp
[0.306s] [  0%] Built target sensor_msgs_generate_messages_eus
[0.307s] [  0%] Built target geometry_msgs_generate_messages_cpp
[0.314s] [  0%] Built target roscpp_generate_messages_nodejs
[0.315s] [  0%] Built target actionlib_msgs_generate_messages_nodejs
[0.315s] [  0%] Built target std_msgs_generate_messages_py
[0.315s] [  0%] Built target tf_generate_messages_py
[0.321s] [  0%] Built target visualization_msgs_generate_messages_nodejs
[0.321s] [  0%] Built target vector_map_msgs_generate_messages_nodejs
[0.321s] [  0%] Built target rosgraph_msgs_generate_messages_lisp
[0.322s] [  0%] Built target geometry_msgs_generate_messages_eus
[0.322s] [  0%] Built target std_msgs_generate_messages_nodejs
[0.322s] [  0%] Built target geometry_msgs_generate_messages_nodejs
[0.323s] [  0%] Built target roscpp_generate_messages_eus
[0.331s] [  0%] Built target sensor_msgs_generate_messages_lisp
[0.331s] [  0%] Built target rosgraph_msgs_generate_messages_cpp
[0.336s] [  0%] Built target roscpp_generate_messages_cpp
[0.338s] [  0%] Built target actionlib_generate_messages_cpp
[0.363s] [100%] Built target libvectormap
[0.492s] Invoked command in '/home/point001/autoware.ai/build/libvectormap' returned '0': CMAKE_PREFIX_PATH=/home/point001/autoware.ai/install/vector_map:/home/point001/autoware.ai/install/vector_map_msgs:/home/point001/autoware.ai/install/autoware_build_flags:${CMAKE_PREFIX_PATH} LD_LIBRARY_PATH=/home/point001/autoware.ai/install/vector_map/lib:/opt/ros/melodic/lib:/usr/local/cuda-10.0/lib64 PKG_CONFIG_PATH=/home/point001/autoware.ai/install/vector_map/lib/x86_64-linux-gnu/pkgconfig:/home/point001/autoware.ai/install/vector_map/lib/pkgconfig:/home/point001/autoware.ai/install/vector_map_msgs/lib/x86_64-linux-gnu/pkgconfig:/home/point001/autoware.ai/install/vector_map_msgs/lib/pkgconfig:/home/point001/autoware.ai/install/autoware_build_flags/lib/x86_64-linux-gnu/pkgconfig:/home/point001/autoware.ai/install/autoware_build_flags/lib/pkgconfig:${PKG_CONFIG_PATH} PYTHONPATH=/home/point001/autoware.ai/install/vector_map_msgs/lib/python2.7/dist-packages:${PYTHONPATH} ROS_PACKAGE_PATH=/home/point001/autoware.ai/install/vector_map/share:/home/point001/autoware.ai/install/vector_map_msgs/share:/home/point001/autoware.ai/install/autoware_build_flags/share:${ROS_PACKAGE_PATH} /usr/bin/cmake --build /home/point001/autoware.ai/build/libvectormap -- -j24 -l24
[0.981s] Invoking command in '/home/point001/autoware.ai/build/libvectormap': CMAKE_PREFIX_PATH=/home/point001/autoware.ai/install/vector_map:/home/point001/autoware.ai/install/vector_map_msgs:/home/point001/autoware.ai/install/autoware_build_flags:${CMAKE_PREFIX_PATH} LD_LIBRARY_PATH=/home/point001/autoware.ai/install/vector_map/lib:/opt/ros/melodic/lib:/usr/local/cuda-10.0/lib64 PKG_CONFIG_PATH=/home/point001/autoware.ai/install/vector_map/lib/x86_64-linux-gnu/pkgconfig:/home/point001/autoware.ai/install/vector_map/lib/pkgconfig:/home/point001/autoware.ai/install/vector_map_msgs/lib/x86_64-linux-gnu/pkgconfig:/home/point001/autoware.ai/install/vector_map_msgs/lib/pkgconfig:/home/point001/autoware.ai/install/autoware_build_flags/lib/x86_64-linux-gnu/pkgconfig:/home/point001/autoware.ai/install/autoware_build_flags/lib/pkgconfig:${PKG_CONFIG_PATH} PYTHONPATH=/home/point001/autoware.ai/install/vector_map_msgs/lib/python2.7/dist-packages:${PYTHONPATH} ROS_PACKAGE_PATH=/home/point001/autoware.ai/install/vector_map/share:/home/point001/autoware.ai/install/vector_map_msgs/share:/home/point001/autoware.ai/install/autoware_build_flags/share:${ROS_PACKAGE_PATH} /usr/bin/cmake --build /home/point001/autoware.ai/build/libvectormap --target tests -- -j24 -l24
[1.040s] Built target tests
[1.263s] Invoked command in '/home/point001/autoware.ai/build/libvectormap' returned '0': CMAKE_PREFIX_PATH=/home/point001/autoware.ai/install/vector_map:/home/point001/autoware.ai/install/vector_map_msgs:/home/point001/autoware.ai/install/autoware_build_flags:${CMAKE_PREFIX_PATH} LD_LIBRARY_PATH=/home/point001/autoware.ai/install/vector_map/lib:/opt/ros/melodic/lib:/usr/local/cuda-10.0/lib64 PKG_CONFIG_PATH=/home/point001/autoware.ai/install/vector_map/lib/x86_64-linux-gnu/pkgconfig:/home/point001/autoware.ai/install/vector_map/lib/pkgconfig:/home/point001/autoware.ai/install/vector_map_msgs/lib/x86_64-linux-gnu/pkgconfig:/home/point001/autoware.ai/install/vector_map_msgs/lib/pkgconfig:/home/point001/autoware.ai/install/autoware_build_flags/lib/x86_64-linux-gnu/pkgconfig:/home/point001/autoware.ai/install/autoware_build_flags/lib/pkgconfig:${PKG_CONFIG_PATH} PYTHONPATH=/home/point001/autoware.ai/install/vector_map_msgs/lib/python2.7/dist-packages:${PYTHONPATH} ROS_PACKAGE_PATH=/home/point001/autoware.ai/install/vector_map/share:/home/point001/autoware.ai/install/vector_map_msgs/share:/home/point001/autoware.ai/install/autoware_build_flags/share:${ROS_PACKAGE_PATH} /usr/bin/cmake --build /home/point001/autoware.ai/build/libvectormap --target tests -- -j24 -l24
[1.591s] Invoking command in '/home/point001/autoware.ai/build/libvectormap': CMAKE_PREFIX_PATH=/home/point001/autoware.ai/install/vector_map:/home/point001/autoware.ai/install/vector_map_msgs:/home/point001/autoware.ai/install/autoware_build_flags:${CMAKE_PREFIX_PATH} LD_LIBRARY_PATH=/home/point001/autoware.ai/install/vector_map/lib:/opt/ros/melodic/lib:/usr/local/cuda-10.0/lib64 PKG_CONFIG_PATH=/home/point001/autoware.ai/install/vector_map/lib/x86_64-linux-gnu/pkgconfig:/home/point001/autoware.ai/install/vector_map/lib/pkgconfig:/home/point001/autoware.ai/install/vector_map_msgs/lib/x86_64-linux-gnu/pkgconfig:/home/point001/autoware.ai/install/vector_map_msgs/lib/pkgconfig:/home/point001/autoware.ai/install/autoware_build_flags/lib/x86_64-linux-gnu/pkgconfig:/home/point001/autoware.ai/install/autoware_build_flags/lib/pkgconfig:${PKG_CONFIG_PATH} PYTHONPATH=/home/point001/autoware.ai/install/vector_map_msgs/lib/python2.7/dist-packages:${PYTHONPATH} ROS_PACKAGE_PATH=/home/point001/autoware.ai/install/vector_map/share:/home/point001/autoware.ai/install/vector_map_msgs/share:/home/point001/autoware.ai/install/autoware_build_flags/share:${ROS_PACKAGE_PATH} /usr/bin/cmake --build /home/point001/autoware.ai/build/libvectormap --target install -- -j24 -l24
[1.695s] [  0%] Built target visualization_msgs_generate_messages_py
[1.712s] [  0%] Built target tf2_msgs_generate_messages_cpp
[1.714s] [  0%] Built target sensor_msgs_generate_messages_nodejs
[1.715s] [  0%] Built target actionlib_generate_messages_eus
[1.716s] [  0%] Built target actionlib_generate_messages_lisp
[1.716s] [  0%] Built target actionlib_generate_messages_py
[1.719s] [  0%] Built target tf2_msgs_generate_messages_py
[1.719s] [  0%] Built target vector_map_msgs_generate_messages_lisp
[1.728s] [  0%] Built target actionlib_msgs_generate_messages_eus
[1.728s] [  0%] Built target actionlib_msgs_generate_messages_lisp
[1.728s] [  0%] Built target vector_map_msgs_generate_messages_cpp
[1.733s] [  0%] Built target tf2_msgs_generate_messages_eus
[1.737s] [  0%] Built target vector_map_msgs_generate_messages_eus
[1.742s] [  0%] Built target vector_map_msgs_generate_messages_py
[1.742s] [  0%] Built target visualization_msgs_generate_messages_eus
[1.742s] [  0%] Built target actionlib_generate_messages_nodejs
[1.742s] [  0%] Built target tf2_msgs_generate_messages_nodejs
[1.742s] [  0%] Built target actionlib_msgs_generate_messages_py
[1.742s] [  0%] Built target geometry_msgs_generate_messages_py
[1.744s] [  0%] Built target visualization_msgs_generate_messages_cpp
[1.745s] [  0%] Built target std_msgs_generate_messages_eus
[1.749s] [  0%] Built target rosgraph_msgs_generate_messages_py
[1.750s] [  0%] Built target actionlib_msgs_generate_messages_cpp
[1.750s] [  0%] Built target tf_generate_messages_nodejs
[1.761s] [  0%] Built target rosgraph_msgs_generate_messages_nodejs
[1.761s] [  0%] Built target geometry_msgs_generate_messages_cpp
[1.761s] [  0%] Built target tf2_msgs_generate_messages_lisp
[1.776s] [  0%] Built target tf_generate_messages_lisp
[1.777s] [  0%] Built target sensor_msgs_generate_messages_eus
[1.786s] [  0%] Built target roscpp_generate_messages_lisp
[1.789s] [  0%] Built target std_msgs_generate_messages_cpp
[1.790s] [  0%] Built target geometry_msgs_generate_messages_lisp
[1.799s] [  0%] Built target actionlib_msgs_generate_messages_nodejs
[1.800s] [  0%] Built target tf_generate_messages_py
[1.800s] [  0%] Built target sensor_msgs_generate_messages_cpp
[1.803s] [  0%] Built target visualization_msgs_generate_messages_lisp
[1.804s] [  0%] Built target std_msgs_generate_messages_py
[1.805s] [  0%] Built target roscpp_generate_messages_py
[1.805s] [  0%] Built target vector_map_msgs_generate_messages_nodejs
[1.805s] [  0%] Built target rosgraph_msgs_generate_messages_eus
[1.805s] [  0%] Built target visualization_msgs_generate_messages_nodejs
[1.806s] [  0%] Built target tf_generate_messages_eus
[1.810s] [  0%] Built target tf_generate_messages_cpp
[1.816s] [  0%] Built target _catkin_empty_exported_target
[1.822s] [  0%] Built target std_msgs_generate_messages_lisp
[1.827s] [  0%] Built target geometry_msgs_generate_messages_eus
[1.836s] [  0%] Built target std_msgs_generate_messages_nodejs
[1.837s] [  0%] Built target roscpp_generate_messages_eus
[1.838s] [  0%] Built target sensor_msgs_generate_messages_py
[1.842s] [  0%] Built target actionlib_generate_messages_cpp
[1.846s] [  0%] Built target roscpp_generate_messages_nodejs
[1.847s] [  0%] Built target geometry_msgs_generate_messages_nodejs
[1.853s] [  0%] Built target rosgraph_msgs_generate_messages_lisp
[1.857s] [  0%] Built target roscpp_generate_messages_cpp
[1.872s] [  0%] Built target rosgraph_msgs_generate_messages_cpp
[1.883s] [  0%] Built target sensor_msgs_generate_messages_lisp
[1.977s] [100%] Built target libvectormap
[2.052s] [36mInstall the project...[0m
[2.082s] -- Install configuration: "Release"
[2.083s] -- Up-to-date: /home/point001/autoware.ai/install/libvectormap/lib/pkgconfig/libvectormap.pc
[2.083s] -- Up-to-date: /home/point001/autoware.ai/install/libvectormap/share/libvectormap/cmake/libvectormapConfig.cmake
[2.083s] -- Up-to-date: /home/point001/autoware.ai/install/libvectormap/share/libvectormap/cmake/libvectormapConfig-version.cmake
[2.083s] -- Up-to-date: /home/point001/autoware.ai/install/libvectormap/share/libvectormap/package.xml
[2.083s] -- Up-to-date: /home/point001/autoware.ai/install/libvectormap/lib/liblibvectormap.a
[2.083s] -- Up-to-date: /home/point001/autoware.ai/install/libvectormap/include/libvectormap
[2.083s] -- Up-to-date: /home/point001/autoware.ai/install/libvectormap/include/libvectormap/Math.h
[2.083s] -- Up-to-date: /home/point001/autoware.ai/install/libvectormap/include/libvectormap/vector_map.h
[2.096s] Invoked command in '/home/point001/autoware.ai/build/libvectormap' returned '0': CMAKE_PREFIX_PATH=/home/point001/autoware.ai/install/vector_map:/home/point001/autoware.ai/install/vector_map_msgs:/home/point001/autoware.ai/install/autoware_build_flags:${CMAKE_PREFIX_PATH} LD_LIBRARY_PATH=/home/point001/autoware.ai/install/vector_map/lib:/opt/ros/melodic/lib:/usr/local/cuda-10.0/lib64 PKG_CONFIG_PATH=/home/point001/autoware.ai/install/vector_map/lib/x86_64-linux-gnu/pkgconfig:/home/point001/autoware.ai/install/vector_map/lib/pkgconfig:/home/point001/autoware.ai/install/vector_map_msgs/lib/x86_64-linux-gnu/pkgconfig:/home/point001/autoware.ai/install/vector_map_msgs/lib/pkgconfig:/home/point001/autoware.ai/install/autoware_build_flags/lib/x86_64-linux-gnu/pkgconfig:/home/point001/autoware.ai/install/autoware_build_flags/lib/pkgconfig:${PKG_CONFIG_PATH} PYTHONPATH=/home/point001/autoware.ai/install/vector_map_msgs/lib/python2.7/dist-packages:${PYTHONPATH} ROS_PACKAGE_PATH=/home/point001/autoware.ai/install/vector_map/share:/home/point001/autoware.ai/install/vector_map_msgs/share:/home/point001/autoware.ai/install/autoware_build_flags/share:${ROS_PACKAGE_PATH} /usr/bin/cmake --build /home/point001/autoware.ai/build/libvectormap --target install -- -j24 -l24
