[0.187s] Invoking command in '/home/point001/autoware.ai/build/custom_msgs': /usr/bin/cmake --build /home/point001/autoware.ai/build/custom_msgs -- -j24 -l24
[0.697s] [  0%] Built target std_msgs_generate_messages_cpp
[0.700s] [  0%] Built target std_msgs_generate_messages_lisp
[0.717s] [  0%] Built target sensor_msgs_generate_messages_eus
[0.721s] [  0%] Built target geometry_msgs_generate_messages_py
[0.741s] [  0%] Built target std_msgs_generate_messages_py
[0.743s] [  0%] Built target geometry_msgs_generate_messages_cpp
[0.744s] [  0%] Built target std_msgs_generate_messages_nodejs
[0.767s] [  0%] Built target _custom_msgs_generate_messages_check_deps_ImuSensorSample
[0.768s] [  0%] Built target sensor_msgs_generate_messages_py
[0.790s] [  0%] Built target sensor_msgs_generate_messages_lisp
[0.855s] [  0%] Built target geometry_msgs_generate_messages_nodejs
[0.855s] [  0%] Built target sensor_msgs_generate_messages_nodejs
[0.855s] [  0%] Built target sensor_msgs_generate_messages_cpp
[0.863s] [  0%] Built target geometry_msgs_generate_messages_lisp
[0.878s] [  0%] Built target _custom_msgs_generate_messages_check_deps_orientationEstimate
[0.904s] [  0%] Built target _custom_msgs_generate_messages_check_deps_baroSample
[0.928s] [  0%] Built target _custom_msgs_generate_messages_check_deps_BaroSensorSample
[0.940s] [  0%] Built target _custom_msgs_generate_messages_check_deps_Internal
[0.950s] [  0%] Built target geometry_msgs_generate_messages_eus
[0.956s] [  0%] Built target _custom_msgs_generate_messages_check_deps_XsensQuaternion
[0.966s] [  0%] Built target _custom_msgs_generate_messages_check_deps_GnssSensorSample
[0.966s] [  0%] Built target _custom_msgs_generate_messages_check_deps_sensorSample
[0.971s] [  0%] Built target std_msgs_generate_messages_eus
[0.973s] [  0%] Built target _custom_msgs_generate_messages_check_deps_velocityEstimate
[1.013s] [  0%] Built target _custom_msgs_generate_messages_check_deps_gnssSample
[1.048s] [  0%] Built target _custom_msgs_generate_messages_check_deps_positionEstimate
[1.135s] [ 19%] Built target custom_msgs_generate_messages_cpp
[1.154s] [ 40%] Built target custom_msgs_generate_messages_eus
[1.163s] [ 61%] Built target custom_msgs_generate_messages_py
[1.168s] [ 80%] Built target custom_msgs_generate_messages_lisp
[1.170s] [100%] Built target custom_msgs_generate_messages_nodejs
[1.207s] [100%] Built target custom_msgs_generate_messages
[1.264s] Invoked command in '/home/point001/autoware.ai/build/custom_msgs' returned '0': /usr/bin/cmake --build /home/point001/autoware.ai/build/custom_msgs -- -j24 -l24
[1.469s] Invoking command in '/home/point001/autoware.ai/build/custom_msgs': /usr/bin/cmake --build /home/point001/autoware.ai/build/custom_msgs --target tests -- -j24 -l24
[1.594s] Built target tests
[1.635s] Invoked command in '/home/point001/autoware.ai/build/custom_msgs' returned '0': /usr/bin/cmake --build /home/point001/autoware.ai/build/custom_msgs --target tests -- -j24 -l24
[2.178s] Invoking command in '/home/point001/autoware.ai/build/custom_msgs': /usr/bin/cmake --build /home/point001/autoware.ai/build/custom_msgs --target install -- -j24 -l24
[2.327s] [  0%] Built target std_msgs_generate_messages_cpp
[2.327s] [  0%] Built target sensor_msgs_generate_messages_py
[2.327s] [  0%] Built target std_msgs_generate_messages_nodejs
[2.327s] [  0%] Built target std_msgs_generate_messages_py
[2.327s] [  0%] Built target sensor_msgs_generate_messages_eus
[2.327s] [  0%] Built target std_msgs_generate_messages_lisp
[2.327s] [  0%] Built target sensor_msgs_generate_messages_nodejs
[2.327s] [  0%] Built target sensor_msgs_generate_messages_cpp
[2.327s] [  0%] Built target geometry_msgs_generate_messages_cpp
[2.327s] [  0%] Built target geometry_msgs_generate_messages_py
[2.327s] [  0%] Built target geometry_msgs_generate_messages_nodejs
[2.327s] [  0%] Built target sensor_msgs_generate_messages_lisp
[2.327s] [  0%] Built target geometry_msgs_generate_messages_lisp
[2.328s] [  0%] Built target _custom_msgs_generate_messages_check_deps_positionEstimate
[2.328s] [  0%] Built target _custom_msgs_generate_messages_check_deps_XsensQuaternion
[2.328s] [  0%] Built target _custom_msgs_generate_messages_check_deps_orientationEstimate
[2.328s] [  0%] Built target _custom_msgs_generate_messages_check_deps_baroSample
[2.328s] [  0%] Built target _custom_msgs_generate_messages_check_deps_BaroSensorSample
[2.328s] [  0%] Built target _custom_msgs_generate_messages_check_deps_Internal
[2.328s] [  0%] Built target _custom_msgs_generate_messages_check_deps_ImuSensorSample
[2.328s] [  0%] Built target _custom_msgs_generate_messages_check_deps_velocityEstimate
[2.328s] [  0%] Built target _custom_msgs_generate_messages_check_deps_GnssSensorSample
[2.328s] [  0%] Built target _custom_msgs_generate_messages_check_deps_sensorSample
[2.328s] [  0%] Built target std_msgs_generate_messages_eus
[2.332s] [  0%] Built target geometry_msgs_generate_messages_eus
[2.335s] [  0%] Built target _custom_msgs_generate_messages_check_deps_gnssSample
[2.382s] [ 21%] Built target custom_msgs_generate_messages_eus
[2.399s] [ 40%] Built target custom_msgs_generate_messages_cpp
[2.399s] [ 59%] Built target custom_msgs_generate_messages_lisp
[2.399s] [ 80%] Built target custom_msgs_generate_messages_py
[2.411s] [100%] Built target custom_msgs_generate_messages_nodejs
[2.449s] [100%] Built target custom_msgs_generate_messages
[2.510s] [36mInstall the project...[0m
[2.553s] -- Install configuration: "Release"
[2.553s] -- Up-to-date: /home/point001/autoware.ai/install/custom_msgs/share/custom_msgs/msg/BaroSensorSample.msg
[2.554s] -- Up-to-date: /home/point001/autoware.ai/install/custom_msgs/share/custom_msgs/msg/GnssSensorSample.msg
[2.554s] -- Up-to-date: /home/point001/autoware.ai/install/custom_msgs/share/custom_msgs/msg/ImuSensorSample.msg
[2.554s] -- Up-to-date: /home/point001/autoware.ai/install/custom_msgs/share/custom_msgs/msg/Internal.msg
[2.554s] -- Up-to-date: /home/point001/autoware.ai/install/custom_msgs/share/custom_msgs/msg/XsensQuaternion.msg
[2.554s] -- Up-to-date: /home/point001/autoware.ai/install/custom_msgs/share/custom_msgs/msg/baroSample.msg
[2.554s] -- Up-to-date: /home/point001/autoware.ai/install/custom_msgs/share/custom_msgs/msg/gnssSample.msg
[2.554s] -- Up-to-date: /home/point001/autoware.ai/install/custom_msgs/share/custom_msgs/msg/orientationEstimate.msg
[2.554s] -- Up-to-date: /home/point001/autoware.ai/install/custom_msgs/share/custom_msgs/msg/positionEstimate.msg
[2.554s] -- Up-to-date: /home/point001/autoware.ai/install/custom_msgs/share/custom_msgs/msg/sensorSample.msg
[2.554s] -- Up-to-date: /home/point001/autoware.ai/install/custom_msgs/share/custom_msgs/msg/velocityEstimate.msg
[2.556s] -- Up-to-date: /home/point001/autoware.ai/install/custom_msgs/share/custom_msgs/cmake/custom_msgs-msg-paths.cmake
[2.556s] -- Up-to-date: /home/point001/autoware.ai/install/custom_msgs/include/custom_msgs
[2.556s] -- Up-to-date: /home/point001/autoware.ai/install/custom_msgs/include/custom_msgs/Internal.h
[2.556s] -- Up-to-date: /home/point001/autoware.ai/install/custom_msgs/include/custom_msgs/BaroSensorSample.h
[2.556s] -- Up-to-date: /home/point001/autoware.ai/install/custom_msgs/include/custom_msgs/orientationEstimate.h
[2.556s] -- Up-to-date: /home/point001/autoware.ai/install/custom_msgs/include/custom_msgs/GnssSensorSample.h
[2.556s] -- Up-to-date: /home/point001/autoware.ai/install/custom_msgs/include/custom_msgs/sensorSample.h
[2.556s] -- Up-to-date: /home/point001/autoware.ai/install/custom_msgs/include/custom_msgs/ImuSensorSample.h
[2.556s] -- Up-to-date: /home/point001/autoware.ai/install/custom_msgs/include/custom_msgs/XsensQuaternion.h
[2.556s] -- Up-to-date: /home/point001/autoware.ai/install/custom_msgs/include/custom_msgs/gnssSample.h
[2.557s] -- Up-to-date: /home/point001/autoware.ai/install/custom_msgs/include/custom_msgs/velocityEstimate.h
[2.557s] -- Up-to-date: /home/point001/autoware.ai/install/custom_msgs/include/custom_msgs/positionEstimate.h
[2.557s] -- Up-to-date: /home/point001/autoware.ai/install/custom_msgs/include/custom_msgs/baroSample.h
[2.557s] -- Up-to-date: /home/point001/autoware.ai/install/custom_msgs/share/roseus/ros/custom_msgs
[2.557s] -- Up-to-date: /home/point001/autoware.ai/install/custom_msgs/share/roseus/ros/custom_msgs/manifest.l
[2.557s] -- Up-to-date: /home/point001/autoware.ai/install/custom_msgs/share/roseus/ros/custom_msgs/msg
[2.557s] -- Up-to-date: /home/point001/autoware.ai/install/custom_msgs/share/roseus/ros/custom_msgs/msg/velocityEstimate.l
[2.557s] -- Up-to-date: /home/point001/autoware.ai/install/custom_msgs/share/roseus/ros/custom_msgs/msg/orientationEstimate.l
[2.557s] -- Up-to-date: /home/point001/autoware.ai/install/custom_msgs/share/roseus/ros/custom_msgs/msg/ImuSensorSample.l
[2.557s] -- Up-to-date: /home/point001/autoware.ai/install/custom_msgs/share/roseus/ros/custom_msgs/msg/positionEstimate.l
[2.557s] -- Up-to-date: /home/point001/autoware.ai/install/custom_msgs/share/roseus/ros/custom_msgs/msg/gnssSample.l
[2.558s] -- Up-to-date: /home/point001/autoware.ai/install/custom_msgs/share/roseus/ros/custom_msgs/msg/GnssSensorSample.l
[2.558s] -- Up-to-date: /home/point001/autoware.ai/install/custom_msgs/share/roseus/ros/custom_msgs/msg/Internal.l
[2.558s] -- Up-to-date: /home/point001/autoware.ai/install/custom_msgs/share/roseus/ros/custom_msgs/msg/sensorSample.l
[2.558s] -- Up-to-date: /home/point001/autoware.ai/install/custom_msgs/share/roseus/ros/custom_msgs/msg/XsensQuaternion.l
[2.558s] -- Up-to-date: /home/point001/autoware.ai/install/custom_msgs/share/roseus/ros/custom_msgs/msg/BaroSensorSample.l
[2.558s] -- Up-to-date: /home/point001/autoware.ai/install/custom_msgs/share/roseus/ros/custom_msgs/msg/baroSample.l
[2.558s] -- Up-to-date: /home/point001/autoware.ai/install/custom_msgs/share/common-lisp/ros/custom_msgs
[2.558s] -- Up-to-date: /home/point001/autoware.ai/install/custom_msgs/share/common-lisp/ros/custom_msgs/msg
[2.558s] -- Up-to-date: /home/point001/autoware.ai/install/custom_msgs/share/common-lisp/ros/custom_msgs/msg/_package_sensorSample.lisp
[2.558s] -- Up-to-date: /home/point001/autoware.ai/install/custom_msgs/share/common-lisp/ros/custom_msgs/msg/_package_BaroSensorSample.lisp
[2.558s] -- Up-to-date: /home/point001/autoware.ai/install/custom_msgs/share/common-lisp/ros/custom_msgs/msg/velocityEstimate.lisp
[2.558s] -- Up-to-date: /home/point001/autoware.ai/install/custom_msgs/share/common-lisp/ros/custom_msgs/msg/_package_XsensQuaternion.lisp
[2.559s] -- Up-to-date: /home/point001/autoware.ai/install/custom_msgs/share/common-lisp/ros/custom_msgs/msg/custom_msgs-msg.asd
[2.559s] -- Up-to-date: /home/point001/autoware.ai/install/custom_msgs/share/common-lisp/ros/custom_msgs/msg/_package_velocityEstimate.lisp
[2.559s] -- Up-to-date: /home/point001/autoware.ai/install/custom_msgs/share/common-lisp/ros/custom_msgs/msg/gnssSample.lisp
[2.559s] -- Up-to-date: /home/point001/autoware.ai/install/custom_msgs/share/common-lisp/ros/custom_msgs/msg/_package_positionEstimate.lisp
[2.559s] -- Up-to-date: /home/point001/autoware.ai/install/custom_msgs/share/common-lisp/ros/custom_msgs/msg/_package_baroSample.lisp
[2.559s] -- Up-to-date: /home/point001/autoware.ai/install/custom_msgs/share/common-lisp/ros/custom_msgs/msg/_package.lisp
[2.559s] -- Up-to-date: /home/point001/autoware.ai/install/custom_msgs/share/common-lisp/ros/custom_msgs/msg/positionEstimate.lisp
[2.559s] -- Up-to-date: /home/point001/autoware.ai/install/custom_msgs/share/common-lisp/ros/custom_msgs/msg/baroSample.lisp
[2.559s] -- Up-to-date: /home/point001/autoware.ai/install/custom_msgs/share/common-lisp/ros/custom_msgs/msg/_package_orientationEstimate.lisp
[2.559s] -- Up-to-date: /home/point001/autoware.ai/install/custom_msgs/share/common-lisp/ros/custom_msgs/msg/_package_GnssSensorSample.lisp
[2.559s] -- Up-to-date: /home/point001/autoware.ai/install/custom_msgs/share/common-lisp/ros/custom_msgs/msg/XsensQuaternion.lisp
[2.559s] -- Up-to-date: /home/point001/autoware.ai/install/custom_msgs/share/common-lisp/ros/custom_msgs/msg/_package_ImuSensorSample.lisp
[2.559s] -- Up-to-date: /home/point001/autoware.ai/install/custom_msgs/share/common-lisp/ros/custom_msgs/msg/_package_Internal.lisp
[2.559s] -- Up-to-date: /home/point001/autoware.ai/install/custom_msgs/share/common-lisp/ros/custom_msgs/msg/ImuSensorSample.lisp
[2.560s] -- Up-to-date: /home/point001/autoware.ai/install/custom_msgs/share/common-lisp/ros/custom_msgs/msg/BaroSensorSample.lisp
[2.560s] -- Up-to-date: /home/point001/autoware.ai/install/custom_msgs/share/common-lisp/ros/custom_msgs/msg/sensorSample.lisp
[2.560s] -- Up-to-date: /home/point001/autoware.ai/install/custom_msgs/share/common-lisp/ros/custom_msgs/msg/_package_gnssSample.lisp
[2.560s] -- Up-to-date: /home/point001/autoware.ai/install/custom_msgs/share/common-lisp/ros/custom_msgs/msg/orientationEstimate.lisp
[2.560s] -- Up-to-date: /home/point001/autoware.ai/install/custom_msgs/share/common-lisp/ros/custom_msgs/msg/Internal.lisp
[2.560s] -- Up-to-date: /home/point001/autoware.ai/install/custom_msgs/share/common-lisp/ros/custom_msgs/msg/GnssSensorSample.lisp
[2.560s] -- Up-to-date: /home/point001/autoware.ai/install/custom_msgs/share/gennodejs/ros/custom_msgs
[2.560s] -- Up-to-date: /home/point001/autoware.ai/install/custom_msgs/share/gennodejs/ros/custom_msgs/_index.js
[2.560s] -- Up-to-date: /home/point001/autoware.ai/install/custom_msgs/share/gennodejs/ros/custom_msgs/msg
[2.560s] -- Up-to-date: /home/point001/autoware.ai/install/custom_msgs/share/gennodejs/ros/custom_msgs/msg/positionEstimate.js
[2.560s] -- Up-to-date: /home/point001/autoware.ai/install/custom_msgs/share/gennodejs/ros/custom_msgs/msg/XsensQuaternion.js
[2.560s] -- Up-to-date: /home/point001/autoware.ai/install/custom_msgs/share/gennodejs/ros/custom_msgs/msg/velocityEstimate.js
[2.560s] -- Up-to-date: /home/point001/autoware.ai/install/custom_msgs/share/gennodejs/ros/custom_msgs/msg/_index.js
[2.561s] -- Up-to-date: /home/point001/autoware.ai/install/custom_msgs/share/gennodejs/ros/custom_msgs/msg/baroSample.js
[2.561s] -- Up-to-date: /home/point001/autoware.ai/install/custom_msgs/share/gennodejs/ros/custom_msgs/msg/GnssSensorSample.js
[2.561s] -- Up-to-date: /home/point001/autoware.ai/install/custom_msgs/share/gennodejs/ros/custom_msgs/msg/gnssSample.js
[2.561s] -- Up-to-date: /home/point001/autoware.ai/install/custom_msgs/share/gennodejs/ros/custom_msgs/msg/orientationEstimate.js
[2.561s] -- Up-to-date: /home/point001/autoware.ai/install/custom_msgs/share/gennodejs/ros/custom_msgs/msg/sensorSample.js
[2.561s] -- Up-to-date: /home/point001/autoware.ai/install/custom_msgs/share/gennodejs/ros/custom_msgs/msg/Internal.js
[2.561s] -- Up-to-date: /home/point001/autoware.ai/install/custom_msgs/share/gennodejs/ros/custom_msgs/msg/ImuSensorSample.js
[2.561s] -- Up-to-date: /home/point001/autoware.ai/install/custom_msgs/share/gennodejs/ros/custom_msgs/msg/BaroSensorSample.js
[2.589s] Listing /home/point001/autoware.ai/build/custom_msgs/devel/lib/python2.7/dist-packages/custom_msgs ...
[2.589s] Listing /home/point001/autoware.ai/build/custom_msgs/devel/lib/python2.7/dist-packages/custom_msgs/msg ...
[2.591s] -- Up-to-date: /home/point001/autoware.ai/install/custom_msgs/lib/python2.7/dist-packages/custom_msgs
[2.591s] -- Up-to-date: /home/point001/autoware.ai/install/custom_msgs/lib/python2.7/dist-packages/custom_msgs/msg
[2.591s] -- Up-to-date: /home/point001/autoware.ai/install/custom_msgs/lib/python2.7/dist-packages/custom_msgs/msg/_GnssSensorSample.pyc
[2.591s] -- Up-to-date: /home/point001/autoware.ai/install/custom_msgs/lib/python2.7/dist-packages/custom_msgs/msg/_positionEstimate.py
[2.592s] -- Up-to-date: /home/point001/autoware.ai/install/custom_msgs/lib/python2.7/dist-packages/custom_msgs/msg/_orientationEstimate.py
[2.592s] -- Up-to-date: /home/point001/autoware.ai/install/custom_msgs/lib/python2.7/dist-packages/custom_msgs/msg/_Internal.py
[2.592s] -- Up-to-date: /home/point001/autoware.ai/install/custom_msgs/lib/python2.7/dist-packages/custom_msgs/msg/_Internal.pyc
[2.592s] -- Up-to-date: /home/point001/autoware.ai/install/custom_msgs/lib/python2.7/dist-packages/custom_msgs/msg/_BaroSensorSample.pyc
[2.592s] -- Up-to-date: /home/point001/autoware.ai/install/custom_msgs/lib/python2.7/dist-packages/custom_msgs/msg/_velocityEstimate.pyc
[2.592s] -- Up-to-date: /home/point001/autoware.ai/install/custom_msgs/lib/python2.7/dist-packages/custom_msgs/msg/_orientationEstimate.pyc
[2.592s] -- Up-to-date: /home/point001/autoware.ai/install/custom_msgs/lib/python2.7/dist-packages/custom_msgs/msg/_ImuSensorSample.pyc
[2.592s] -- Up-to-date: /home/point001/autoware.ai/install/custom_msgs/lib/python2.7/dist-packages/custom_msgs/msg/_gnssSample.py
[2.592s] -- Up-to-date: /home/point001/autoware.ai/install/custom_msgs/lib/python2.7/dist-packages/custom_msgs/msg/__init__.py
[2.593s] -- Up-to-date: /home/point001/autoware.ai/install/custom_msgs/lib/python2.7/dist-packages/custom_msgs/msg/_sensorSample.pyc
[2.593s] -- Up-to-date: /home/point001/autoware.ai/install/custom_msgs/lib/python2.7/dist-packages/custom_msgs/msg/_XsensQuaternion.pyc
[2.593s] -- Up-to-date: /home/point001/autoware.ai/install/custom_msgs/lib/python2.7/dist-packages/custom_msgs/msg/_gnssSample.pyc
[2.593s] -- Up-to-date: /home/point001/autoware.ai/install/custom_msgs/lib/python2.7/dist-packages/custom_msgs/msg/_GnssSensorSample.py
[2.593s] -- Up-to-date: /home/point001/autoware.ai/install/custom_msgs/lib/python2.7/dist-packages/custom_msgs/msg/_positionEstimate.pyc
[2.593s] -- Up-to-date: /home/point001/autoware.ai/install/custom_msgs/lib/python2.7/dist-packages/custom_msgs/msg/_XsensQuaternion.py
[2.593s] -- Up-to-date: /home/point001/autoware.ai/install/custom_msgs/lib/python2.7/dist-packages/custom_msgs/msg/_baroSample.py
[2.594s] -- Up-to-date: /home/point001/autoware.ai/install/custom_msgs/lib/python2.7/dist-packages/custom_msgs/msg/_BaroSensorSample.py
[2.594s] -- Up-to-date: /home/point001/autoware.ai/install/custom_msgs/lib/python2.7/dist-packages/custom_msgs/msg/_velocityEstimate.py
[2.594s] -- Up-to-date: /home/point001/autoware.ai/install/custom_msgs/lib/python2.7/dist-packages/custom_msgs/msg/__init__.pyc
[2.595s] -- Up-to-date: /home/point001/autoware.ai/install/custom_msgs/lib/python2.7/dist-packages/custom_msgs/msg/_baroSample.pyc
[2.595s] -- Up-to-date: /home/point001/autoware.ai/install/custom_msgs/lib/python2.7/dist-packages/custom_msgs/msg/_sensorSample.py
[2.595s] -- Up-to-date: /home/point001/autoware.ai/install/custom_msgs/lib/python2.7/dist-packages/custom_msgs/msg/_ImuSensorSample.py
[2.595s] -- Up-to-date: /home/point001/autoware.ai/install/custom_msgs/lib/python2.7/dist-packages/custom_msgs/__init__.py
[2.595s] -- Up-to-date: /home/point001/autoware.ai/install/custom_msgs/lib/python2.7/dist-packages/custom_msgs/__init__.pyc
[2.595s] -- Up-to-date: /home/point001/autoware.ai/install/custom_msgs/lib/pkgconfig/custom_msgs.pc
[2.595s] -- Up-to-date: /home/point001/autoware.ai/install/custom_msgs/share/custom_msgs/cmake/custom_msgs-msg-extras.cmake
[2.595s] -- Up-to-date: /home/point001/autoware.ai/install/custom_msgs/share/custom_msgs/cmake/custom_msgsConfig.cmake
[2.595s] -- Up-to-date: /home/point001/autoware.ai/install/custom_msgs/share/custom_msgs/cmake/custom_msgsConfig-version.cmake
[2.595s] -- Up-to-date: /home/point001/autoware.ai/install/custom_msgs/share/custom_msgs/package.xml
[2.808s] Invoked command in '/home/point001/autoware.ai/build/custom_msgs' returned '0': /usr/bin/cmake --build /home/point001/autoware.ai/build/custom_msgs --target install -- -j24 -l24
