[0.241s] Invoking command in '/home/point001/autoware.ai/build/autoware_bag_tools': /usr/bin/cmake --build /home/point001/autoware.ai/build/autoware_bag_tools -- -j24 -l24
[0.852s] [  0%] Built target std_msgs_generate_messages_lisp
[0.852s] [  0%] Built target std_msgs_generate_messages_py
[0.852s] [  0%] Built target std_srvs_generate_messages_cpp
[0.852s] [  0%] Built target std_msgs_generate_messages_cpp
[0.852s] [  0%] Built target std_srvs_generate_messages_eus
[0.852s] [  0%] Built target nmea_msgs_generate_messages_lisp
[0.852s] [  0%] Built target rosgraph_msgs_generate_messages_lisp
[0.852s] [  0%] Built target rosgraph_msgs_generate_messages_py
[0.852s] [  0%] Built target std_msgs_generate_messages_nodejs
[0.852s] [  0%] Built target roscpp_generate_messages_eus
[0.852s] [  0%] Built target nmea_msgs_generate_messages_nodejs
[0.852s] [  0%] Built target nmea_msgs_generate_messages_py
[0.852s] [  0%] Built target nmea_msgs_generate_messages_eus
[0.852s] [  0%] Built target roscpp_generate_messages_py
[0.853s] [  0%] Built target rosgraph_msgs_generate_messages_eus
[0.853s] [  0%] Built target roscpp_generate_messages_lisp
[0.853s] [  0%] Built target topic_tools_generate_messages_eus
[0.853s] [  0%] Built target roscpp_generate_messages_nodejs
[0.853s] [  0%] Built target roscpp_generate_messages_cpp
[0.853s] [  0%] Built target std_srvs_generate_messages_nodejs
[0.853s] [  0%] Built target std_msgs_generate_messages_eus
[0.853s] [  0%] Built target rosgraph_msgs_generate_messages_cpp
[0.853s] [  0%] Built target topic_tools_generate_messages_py
[0.867s] [  0%] Built target rosgraph_msgs_generate_messages_nodejs
[0.886s] [  0%] Built target nmea_msgs_generate_messages_cpp
[0.887s] [  0%] Built target std_srvs_generate_messages_lisp
[0.909s] [  0%] Built target topic_tools_generate_messages_nodejs
[0.917s] [  0%] Built target topic_tools_generate_messages_cpp
[0.932s] [  0%] Built target std_srvs_generate_messages_py
[0.944s] [  0%] Built target topic_tools_generate_messages_lisp
[1.049s] [100%] Built target nmea2kml
[1.095s] Invoked command in '/home/point001/autoware.ai/build/autoware_bag_tools' returned '0': /usr/bin/cmake --build /home/point001/autoware.ai/build/autoware_bag_tools -- -j24 -l24
[1.230s] Invoking command in '/home/point001/autoware.ai/build/autoware_bag_tools': /usr/bin/cmake --build /home/point001/autoware.ai/build/autoware_bag_tools --target tests -- -j24 -l24
[1.377s] Built target tests
[1.431s] Invoked command in '/home/point001/autoware.ai/build/autoware_bag_tools' returned '0': /usr/bin/cmake --build /home/point001/autoware.ai/build/autoware_bag_tools --target tests -- -j24 -l24
[1.666s] Invoking command in '/home/point001/autoware.ai/build/autoware_bag_tools': /usr/bin/cmake --build /home/point001/autoware.ai/build/autoware_bag_tools --target install -- -j24 -l24
[1.829s] [  0%] Built target roscpp_generate_messages_eus
[1.829s] [  0%] Built target nmea_msgs_generate_messages_py
[1.832s] [  0%] Built target nmea_msgs_generate_messages_lisp
[1.832s] [  0%] Built target nmea_msgs_generate_messages_cpp
[1.840s] [  0%] Built target std_msgs_generate_messages_eus
[1.841s] [  0%] Built target std_srvs_generate_messages_eus
[1.841s] [  0%] Built target rosgraph_msgs_generate_messages_lisp
[1.841s] [  0%] Built target roscpp_generate_messages_lisp
[1.848s] [  0%] Built target std_msgs_generate_messages_lisp
[1.848s] [  0%] Built target nmea_msgs_generate_messages_nodejs
[1.848s] [  0%] Built target std_msgs_generate_messages_nodejs
[1.849s] [  0%] Built target rosgraph_msgs_generate_messages_py
[1.849s] [  0%] Built target std_msgs_generate_messages_py
[1.853s] [  0%] Built target std_srvs_generate_messages_nodejs
[1.853s] [  0%] Built target rosgraph_msgs_generate_messages_nodejs
[1.857s] [  0%] Built target topic_tools_generate_messages_eus
[1.857s] [  0%] Built target std_msgs_generate_messages_cpp
[1.857s] [  0%] Built target roscpp_generate_messages_nodejs
[1.857s] [  0%] Built target std_srvs_generate_messages_cpp
[1.858s] [  0%] Built target roscpp_generate_messages_cpp
[1.869s] [  0%] Built target rosgraph_msgs_generate_messages_eus
[1.871s] [  0%] Built target topic_tools_generate_messages_py
[1.872s] [  0%] Built target nmea_msgs_generate_messages_eus
[1.882s] [  0%] Built target topic_tools_generate_messages_cpp
[1.891s] [  0%] Built target std_srvs_generate_messages_py
[1.893s] [  0%] Built target rosgraph_msgs_generate_messages_cpp
[1.897s] [  0%] Built target roscpp_generate_messages_py
[1.900s] [  0%] Built target std_srvs_generate_messages_lisp
[1.901s] [  0%] Built target topic_tools_generate_messages_nodejs
[1.917s] [  0%] Built target topic_tools_generate_messages_lisp
[1.983s] [100%] Built target nmea2kml
[2.020s] [36mInstall the project...[0m
[2.036s] -- Install configuration: "Release"
[2.036s] -- Up-to-date: /home/point001/autoware.ai/install/autoware_bag_tools/lib/pkgconfig/autoware_bag_tools.pc
[2.037s] -- Up-to-date: /home/point001/autoware.ai/install/autoware_bag_tools/share/autoware_bag_tools/cmake/autoware_bag_toolsConfig.cmake
[2.037s] -- Up-to-date: /home/point001/autoware.ai/install/autoware_bag_tools/share/autoware_bag_tools/cmake/autoware_bag_toolsConfig-version.cmake
[2.037s] -- Up-to-date: /home/point001/autoware.ai/install/autoware_bag_tools/share/autoware_bag_tools/package.xml
[2.037s] -- Up-to-date: /home/point001/autoware.ai/install/autoware_bag_tools/lib/autoware_bag_tools/change_frame_id.py
[2.037s] -- Up-to-date: /home/point001/autoware.ai/install/autoware_bag_tools/lib/autoware_bag_tools/replace_msg_time_with_hdr.py
[2.037s] -- Up-to-date: /home/point001/autoware.ai/install/autoware_bag_tools/lib/autoware_bag_tools/nmea2kml
[2.205s] Invoked command in '/home/point001/autoware.ai/build/autoware_bag_tools' returned '0': /usr/bin/cmake --build /home/point001/autoware.ai/build/autoware_bag_tools --target install -- -j24 -l24
