[0.096s] Invoking command in '/home/point001/autoware.ai/build/ros_observer': /usr/bin/cmake --build /home/point001/autoware.ai/build/ros_observer -- -j24 -l24
[0.417s] [  0%] Built target std_msgs_generate_messages_eus
[0.417s] [  0%] Built target rosgraph_msgs_generate_messages_cpp
[0.417s] [  0%] Built target roscpp_generate_messages_nodejs
[0.417s] [  0%] Built target roscpp_generate_messages_cpp
[0.417s] [  0%] Built target std_msgs_generate_messages_lisp
[0.417s] [  0%] Built target std_msgs_generate_messages_nodejs
[0.417s] [  0%] Built target roscpp_generate_messages_py
[0.417s] [  0%] Built target std_msgs_generate_messages_py
[0.417s] [  0%] Built target rosgraph_msgs_generate_messages_lisp
[0.417s] [  0%] Built target rosgraph_msgs_generate_messages_eus
[0.417s] [  0%] Built target roscpp_generate_messages_eus
[0.417s] [  0%] Built target roscpp_generate_messages_lisp
[0.418s] [  0%] Built target rosgraph_msgs_generate_messages_py
[0.418s] [  0%] Built target std_msgs_generate_messages_cpp
[0.418s] [  0%] Built target rosgraph_msgs_generate_messages_nodejs
[0.433s] [ 50%] Built target lib_ros_observer
[0.473s] [100%] Built target ros_observer
[0.692s] Invoked command in '/home/point001/autoware.ai/build/ros_observer' returned '0': /usr/bin/cmake --build /home/point001/autoware.ai/build/ros_observer -- -j24 -l24
[0.791s] Invoking command in '/home/point001/autoware.ai/build/ros_observer': /usr/bin/cmake --build /home/point001/autoware.ai/build/ros_observer --target tests -- -j24 -l24
[0.860s] [  0%] Built target roscpp_generate_messages_py
[0.860s] [  0%] Built target std_msgs_generate_messages_eus
[0.865s] [  0%] Built target roscpp_generate_messages_cpp
[0.865s] [  0%] Built target std_msgs_generate_messages_lisp
[0.865s] [  0%] Built target rosgraph_msgs_generate_messages_nodejs
[0.865s] [  0%] Built target roscpp_generate_messages_lisp
[0.865s] [  0%] Built target rosgraph_msgs_generate_messages_eus
[0.865s] [ 33%] Built target gtest
[0.866s] [ 33%] Built target roscpp_generate_messages_nodejs
[0.867s] [ 33%] Built target roscpp_generate_messages_eus
[0.868s] [ 33%] Built target rosgraph_msgs_generate_messages_cpp
[0.869s] [ 33%] Built target std_msgs_generate_messages_cpp
[0.869s] [ 33%] Built target rosgraph_msgs_generate_messages_lisp
[0.869s] [ 33%] Built target rosgraph_msgs_generate_messages_py
[0.874s] [ 33%] Built target std_msgs_generate_messages_nodejs
[0.876s] [ 33%] Built target std_msgs_generate_messages_py
[0.898s] [ 66%] Built target lib_ros_observer
[0.921s] [100%] Built target test_ros_observer
[0.936s] [100%] Built target tests
[1.010s] Invoked command in '/home/point001/autoware.ai/build/ros_observer' returned '0': /usr/bin/cmake --build /home/point001/autoware.ai/build/ros_observer --target tests -- -j24 -l24
[1.204s] Invoking command in '/home/point001/autoware.ai/build/ros_observer': /usr/bin/cmake --build /home/point001/autoware.ai/build/ros_observer --target install -- -j24 -l24
[1.318s] [  0%] Built target std_msgs_generate_messages_eus
[1.324s] [  0%] Built target rosgraph_msgs_generate_messages_cpp
[1.328s] [  0%] Built target rosgraph_msgs_generate_messages_nodejs
[1.329s] [  0%] Built target roscpp_generate_messages_nodejs
[1.335s] [  0%] Built target roscpp_generate_messages_py
[1.335s] [  0%] Built target roscpp_generate_messages_eus
[1.338s] [  0%] Built target std_msgs_generate_messages_cpp
[1.339s] [  0%] Built target std_msgs_generate_messages_lisp
[1.339s] [  0%] Built target rosgraph_msgs_generate_messages_eus
[1.344s] [  0%] Built target roscpp_generate_messages_cpp
[1.346s] [  0%] Built target rosgraph_msgs_generate_messages_py
[1.359s] [  0%] Built target std_msgs_generate_messages_py
[1.360s] [  0%] Built target roscpp_generate_messages_lisp
[1.376s] [  0%] Built target rosgraph_msgs_generate_messages_lisp
[1.404s] [  0%] Built target std_msgs_generate_messages_nodejs
[1.447s] [ 50%] Built target ros_observer
[1.447s] [100%] Built target lib_ros_observer
[1.477s] [36mInstall the project...[0m
[1.515s] -- Install configuration: "Release"
[1.515s] -- Up-to-date: /home/point001/autoware.ai/install/ros_observer/lib/pkgconfig/ros_observer.pc
[1.515s] -- Up-to-date: /home/point001/autoware.ai/install/ros_observer/share/ros_observer/cmake/ros_observerConfig.cmake
[1.516s] -- Up-to-date: /home/point001/autoware.ai/install/ros_observer/share/ros_observer/cmake/ros_observerConfig-version.cmake
[1.518s] -- Up-to-date: /home/point001/autoware.ai/install/ros_observer/share/ros_observer/package.xml
[1.518s] -- Up-to-date: /home/point001/autoware.ai/install/ros_observer/include/ros_observer
[1.518s] -- Up-to-date: /home/point001/autoware.ai/install/ros_observer/include/ros_observer/lib_ros_observer.h
[1.518s] -- Up-to-date: /home/point001/autoware.ai/install/ros_observer/include/ros_observer/ros_observer.h
[1.518s] -- Up-to-date: /home/point001/autoware.ai/install/ros_observer/lib/ros_observer/ros_observer
[1.519s] -- Up-to-date: /home/point001/autoware.ai/install/ros_observer/lib/liblib_ros_observer.so
[1.519s] -- Up-to-date: /home/point001/autoware.ai/install/ros_observer/share/ros_observer/launch
[1.520s] -- Up-to-date: /home/point001/autoware.ai/install/ros_observer/share/ros_observer/launch/test.launch
[1.520s] -- Up-to-date: /home/point001/autoware.ai/install/ros_observer/share/ros_observer/launch/ros_observer.launch
[1.807s] Invoked command in '/home/point001/autoware.ai/build/ros_observer' returned '0': /usr/bin/cmake --build /home/point001/autoware.ai/build/ros_observer --target install -- -j24 -l24
