[0.353s] Invoking command in '/home/point001/autoware.ai/build/twist_gate': CMAKE_PREFIX_PATH=/home/point001/autoware.ai/install/autoware_health_checker:/home/point001/autoware.ai/install/tablet_socket_msgs:/home/point001/autoware.ai/install/ros_observer:/home/point001/autoware.ai/install/autoware_system_msgs:/home/point001/autoware.ai/install/autoware_msgs:/home/point001/autoware.ai/install/autoware_config_msgs:/home/point001/autoware.ai/install/autoware_build_flags:${CMAKE_PREFIX_PATH} LD_LIBRARY_PATH=/home/point001/autoware.ai/install/autoware_health_checker/lib:/home/point001/autoware.ai/install/ros_observer/lib:/opt/ros/melodic/lib:/usr/local/cuda-10.0/lib64 PKG_CONFIG_PATH=/home/point001/autoware.ai/install/autoware_health_checker/lib/x86_64-linux-gnu/pkgconfig:/home/point001/autoware.ai/install/autoware_health_checker/lib/pkgconfig:/home/point001/autoware.ai/install/tablet_socket_msgs/lib/x86_64-linux-gnu/pkgconfig:/home/point001/autoware.ai/install/tablet_socket_msgs/lib/pkgconfig:/home/point001/autoware.ai/install/ros_observer/lib/x86_64-linux-gnu/pkgconfig:/home/point001/autoware.ai/install/ros_observer/lib/pkgconfig:/home/point001/autoware.ai/install/autoware_system_msgs/lib/x86_64-linux-gnu/pkgconfig:/home/point001/autoware.ai/install/autoware_system_msgs/lib/pkgconfig:/home/point001/autoware.ai/install/autoware_msgs/lib/x86_64-linux-gnu/pkgconfig:/home/point001/autoware.ai/install/autoware_msgs/lib/pkgconfig:/home/point001/autoware.ai/install/autoware_config_msgs/lib/x86_64-linux-gnu/pkgconfig:/home/point001/autoware.ai/install/autoware_config_msgs/lib/pkgconfig:/home/point001/autoware.ai/install/autoware_build_flags/lib/x86_64-linux-gnu/pkgconfig:/home/point001/autoware.ai/install/autoware_build_flags/lib/pkgconfig:${PKG_CONFIG_PATH} PYTHONPATH=/home/point001/autoware.ai/install/tablet_socket_msgs/lib/python2.7/dist-packages:/home/point001/autoware.ai/install/autoware_system_msgs/lib/python2.7/dist-packages:/home/point001/autoware.ai/install/autoware_msgs/lib/python2.7/dist-packages:/home/point001/autoware.ai/install/autoware_config_msgs/lib/python2.7/dist-packages:${PYTHONPATH} ROS_PACKAGE_PATH=/home/point001/autoware.ai/install/autoware_health_checker/share:/home/point001/autoware.ai/install/tablet_socket_msgs/share:/home/point001/autoware.ai/install/ros_observer/share:/home/point001/autoware.ai/install/autoware_system_msgs/share:/home/point001/autoware.ai/install/autoware_msgs/share:/home/point001/autoware.ai/install/autoware_config_msgs/share:/home/point001/autoware.ai/install/autoware_build_flags/share:${ROS_PACKAGE_PATH} /usr/bin/cmake --build /home/point001/autoware.ai/build/twist_gate -- -j24 -l24
[0.448s] [  0%] Built target std_msgs_generate_messages_cpp
[0.458s] [  0%] Built target jsk_recognition_msgs_generate_messages_eus
[0.476s] [  0%] Built target autoware_system_msgs_generate_messages_eus
[0.477s] [  0%] Built target geometry_msgs_generate_messages_eus
[0.477s] [  0%] Built target geometry_msgs_generate_messages_cpp
[0.479s] [  0%] Built target autoware_config_msgs_generate_messages_py
[0.481s] [  0%] Built target jsk_recognition_msgs_generate_messages_cpp
[0.495s] [  0%] Built target rosgraph_msgs_generate_messages_cpp
[0.509s] [  0%] Built target actionlib_msgs_generate_messages_eus
[0.524s] [  0%] Built target geometry_msgs_generate_messages_py
[0.572s] [  0%] Built target autoware_msgs_generate_messages_eus
[0.572s] [  0%] Built target rosgraph_msgs_generate_messages_eus
[0.572s] [  0%] Built target autoware_msgs_generate_messages_cpp
[0.574s] [  0%] Built target autoware_system_msgs_generate_messages_cpp
[0.574s] [  0%] Built target autoware_msgs_generate_messages_py
[0.574s] [  0%] Built target autoware_config_msgs_generate_messages_nodejs
[0.575s] [  0%] Built target autoware_msgs_generate_messages_nodejs
[0.575s] [  0%] Built target roscpp_generate_messages_eus
[0.575s] [  0%] Built target rosgraph_msgs_generate_messages_lisp
[0.575s] [  0%] Built target autoware_msgs_generate_messages_lisp
[0.575s] [  0%] Built target std_msgs_generate_messages_py
[0.575s] [  0%] Built target rosgraph_msgs_generate_messages_py
[0.575s] [  0%] Built target autoware_system_msgs_generate_messages_lisp
[0.576s] [  0%] Built target autoware_config_msgs_generate_messages_cpp
[0.578s] [  0%] Built target sensor_msgs_generate_messages_lisp
[0.578s] [  0%] Built target geometry_msgs_generate_messages_nodejs
[0.596s] [  0%] Built target std_msgs_generate_messages_eus
[0.618s] [  0%] Built target rosgraph_msgs_generate_messages_nodejs
[0.635s] [  0%] Built target geometry_msgs_generate_messages_lisp
[0.645s] [  0%] Built target jsk_footstep_msgs_generate_messages_py
[0.650s] [  0%] Built target actionlib_msgs_generate_messages_nodejs
[0.653s] [  0%] Built target tablet_socket_msgs_generate_messages_py
[0.655s] [  0%] Built target roscpp_generate_messages_cpp
[0.656s] [  0%] Built target roscpp_generate_messages_nodejs
[0.667s] [  0%] Built target autoware_config_msgs_generate_messages_eus
[0.676s] [  0%] Built target std_msgs_generate_messages_lisp
[0.698s] [  0%] Built target std_msgs_generate_messages_nodejs
[0.709s] [  0%] Built target sensor_msgs_generate_messages_nodejs
[0.709s] [  0%] Built target jsk_footstep_msgs_generate_messages_eus
[0.716s] [  0%] Built target pcl_msgs_generate_messages_lisp
[0.727s] [  0%] Built target autoware_system_msgs_generate_messages_py
[0.730s] [  0%] Built target sensor_msgs_generate_messages_py
[0.737s] [  0%] Built target pcl_msgs_generate_messages_py
[0.740s] [  0%] Built target autoware_system_msgs_generate_messages_nodejs
[0.745s] [  0%] Built target sensor_msgs_generate_messages_eus
[0.745s] [  0%] Built target jsk_footstep_msgs_generate_messages_lisp
[0.754s] [  0%] Built target sensor_msgs_generate_messages_cpp
[0.755s] [  0%] Built target jsk_footstep_msgs_generate_messages_nodejs
[0.760s] [  0%] Built target actionlib_msgs_generate_messages_py
[0.765s] [  0%] Built target jsk_footstep_msgs_generate_messages_cpp
[0.765s] [  0%] Built target pcl_msgs_generate_messages_cpp
[0.765s] [  0%] Built target tablet_socket_msgs_generate_messages_cpp
[0.775s] [  0%] Built target actionlib_msgs_generate_messages_lisp
[0.778s] [  0%] Built target roscpp_generate_messages_lisp
[0.792s] [  0%] Built target pcl_msgs_generate_messages_eus
[0.809s] [  0%] Built target pcl_msgs_generate_messages_nodejs
[0.824s] [  0%] Built target autoware_config_msgs_generate_messages_lisp
[0.824s] [  0%] Built target actionlib_msgs_generate_messages_cpp
[0.824s] [  0%] Built target jsk_recognition_msgs_generate_messages_lisp
[0.824s] [  0%] Built target jsk_recognition_msgs_generate_messages_nodejs
[0.831s] [  0%] Built target roscpp_generate_messages_py
[0.831s] [  0%] Built target tablet_socket_msgs_generate_messages_eus
[0.849s] [  0%] Built target jsk_recognition_msgs_generate_messages_py
[0.886s] [  0%] Built target tablet_socket_msgs_generate_messages_lisp
[0.922s] [  0%] Built target tablet_socket_msgs_generate_messages_nodejs
[1.020s] [100%] Built target twist_gate
[1.146s] Invoked command in '/home/point001/autoware.ai/build/twist_gate' returned '0': CMAKE_PREFIX_PATH=/home/point001/autoware.ai/install/autoware_health_checker:/home/point001/autoware.ai/install/tablet_socket_msgs:/home/point001/autoware.ai/install/ros_observer:/home/point001/autoware.ai/install/autoware_system_msgs:/home/point001/autoware.ai/install/autoware_msgs:/home/point001/autoware.ai/install/autoware_config_msgs:/home/point001/autoware.ai/install/autoware_build_flags:${CMAKE_PREFIX_PATH} LD_LIBRARY_PATH=/home/point001/autoware.ai/install/autoware_health_checker/lib:/home/point001/autoware.ai/install/ros_observer/lib:/opt/ros/melodic/lib:/usr/local/cuda-10.0/lib64 PKG_CONFIG_PATH=/home/point001/autoware.ai/install/autoware_health_checker/lib/x86_64-linux-gnu/pkgconfig:/home/point001/autoware.ai/install/autoware_health_checker/lib/pkgconfig:/home/point001/autoware.ai/install/tablet_socket_msgs/lib/x86_64-linux-gnu/pkgconfig:/home/point001/autoware.ai/install/tablet_socket_msgs/lib/pkgconfig:/home/point001/autoware.ai/install/ros_observer/lib/x86_64-linux-gnu/pkgconfig:/home/point001/autoware.ai/install/ros_observer/lib/pkgconfig:/home/point001/autoware.ai/install/autoware_system_msgs/lib/x86_64-linux-gnu/pkgconfig:/home/point001/autoware.ai/install/autoware_system_msgs/lib/pkgconfig:/home/point001/autoware.ai/install/autoware_msgs/lib/x86_64-linux-gnu/pkgconfig:/home/point001/autoware.ai/install/autoware_msgs/lib/pkgconfig:/home/point001/autoware.ai/install/autoware_config_msgs/lib/x86_64-linux-gnu/pkgconfig:/home/point001/autoware.ai/install/autoware_config_msgs/lib/pkgconfig:/home/point001/autoware.ai/install/autoware_build_flags/lib/x86_64-linux-gnu/pkgconfig:/home/point001/autoware.ai/install/autoware_build_flags/lib/pkgconfig:${PKG_CONFIG_PATH} PYTHONPATH=/home/point001/autoware.ai/install/tablet_socket_msgs/lib/python2.7/dist-packages:/home/point001/autoware.ai/install/autoware_system_msgs/lib/python2.7/dist-packages:/home/point001/autoware.ai/install/autoware_msgs/lib/python2.7/dist-packages:/home/point001/autoware.ai/install/autoware_config_msgs/lib/python2.7/dist-packages:${PYTHONPATH} ROS_PACKAGE_PATH=/home/point001/autoware.ai/install/autoware_health_checker/share:/home/point001/autoware.ai/install/tablet_socket_msgs/share:/home/point001/autoware.ai/install/ros_observer/share:/home/point001/autoware.ai/install/autoware_system_msgs/share:/home/point001/autoware.ai/install/autoware_msgs/share:/home/point001/autoware.ai/install/autoware_config_msgs/share:/home/point001/autoware.ai/install/autoware_build_flags/share:${ROS_PACKAGE_PATH} /usr/bin/cmake --build /home/point001/autoware.ai/build/twist_gate -- -j24 -l24
[1.609s] Invoking command in '/home/point001/autoware.ai/build/twist_gate': CMAKE_PREFIX_PATH=/home/point001/autoware.ai/install/autoware_health_checker:/home/point001/autoware.ai/install/tablet_socket_msgs:/home/point001/autoware.ai/install/ros_observer:/home/point001/autoware.ai/install/autoware_system_msgs:/home/point001/autoware.ai/install/autoware_msgs:/home/point001/autoware.ai/install/autoware_config_msgs:/home/point001/autoware.ai/install/autoware_build_flags:${CMAKE_PREFIX_PATH} LD_LIBRARY_PATH=/home/point001/autoware.ai/install/autoware_health_checker/lib:/home/point001/autoware.ai/install/ros_observer/lib:/opt/ros/melodic/lib:/usr/local/cuda-10.0/lib64 PKG_CONFIG_PATH=/home/point001/autoware.ai/install/autoware_health_checker/lib/x86_64-linux-gnu/pkgconfig:/home/point001/autoware.ai/install/autoware_health_checker/lib/pkgconfig:/home/point001/autoware.ai/install/tablet_socket_msgs/lib/x86_64-linux-gnu/pkgconfig:/home/point001/autoware.ai/install/tablet_socket_msgs/lib/pkgconfig:/home/point001/autoware.ai/install/ros_observer/lib/x86_64-linux-gnu/pkgconfig:/home/point001/autoware.ai/install/ros_observer/lib/pkgconfig:/home/point001/autoware.ai/install/autoware_system_msgs/lib/x86_64-linux-gnu/pkgconfig:/home/point001/autoware.ai/install/autoware_system_msgs/lib/pkgconfig:/home/point001/autoware.ai/install/autoware_msgs/lib/x86_64-linux-gnu/pkgconfig:/home/point001/autoware.ai/install/autoware_msgs/lib/pkgconfig:/home/point001/autoware.ai/install/autoware_config_msgs/lib/x86_64-linux-gnu/pkgconfig:/home/point001/autoware.ai/install/autoware_config_msgs/lib/pkgconfig:/home/point001/autoware.ai/install/autoware_build_flags/lib/x86_64-linux-gnu/pkgconfig:/home/point001/autoware.ai/install/autoware_build_flags/lib/pkgconfig:${PKG_CONFIG_PATH} PYTHONPATH=/home/point001/autoware.ai/install/tablet_socket_msgs/lib/python2.7/dist-packages:/home/point001/autoware.ai/install/autoware_system_msgs/lib/python2.7/dist-packages:/home/point001/autoware.ai/install/autoware_msgs/lib/python2.7/dist-packages:/home/point001/autoware.ai/install/autoware_config_msgs/lib/python2.7/dist-packages:${PYTHONPATH} ROS_PACKAGE_PATH=/home/point001/autoware.ai/install/autoware_health_checker/share:/home/point001/autoware.ai/install/tablet_socket_msgs/share:/home/point001/autoware.ai/install/ros_observer/share:/home/point001/autoware.ai/install/autoware_system_msgs/share:/home/point001/autoware.ai/install/autoware_msgs/share:/home/point001/autoware.ai/install/autoware_config_msgs/share:/home/point001/autoware.ai/install/autoware_build_flags/share:${ROS_PACKAGE_PATH} /usr/bin/cmake --build /home/point001/autoware.ai/build/twist_gate --target tests -- -j24 -l24
[1.742s] [  0%] Built target autoware_config_msgs_generate_messages_py
[1.743s] [  0%] Built target std_msgs_generate_messages_cpp
[1.743s] [  0%] Built target autoware_system_msgs_generate_messages_eus
[1.753s] [  0%] Built target actionlib_msgs_generate_messages_nodejs
[1.755s] [  0%] Built target geometry_msgs_generate_messages_eus
[1.761s] [  0%] Built target rosgraph_msgs_generate_messages_cpp
[1.761s] [  0%] Built target autoware_system_msgs_generate_messages_cpp
[1.770s] [  0%] Built target rosgraph_msgs_generate_messages_eus
[1.775s] [  0%] Built target autoware_config_msgs_generate_messages_nodejs
[1.781s] [  0%] Built target roscpp_generate_messages_eus
[1.783s] [  0%] Built target autoware_msgs_generate_messages_lisp
[1.791s] [  0%] Built target autoware_msgs_generate_messages_py
[1.799s] [  0%] Built target jsk_recognition_msgs_generate_messages_cpp
[1.800s] [  0%] Built target sensor_msgs_generate_messages_lisp
[1.800s] [  0%] Built target autoware_msgs_generate_messages_eus
[1.801s] [  0%] Built target geometry_msgs_generate_messages_lisp
[1.802s] [ 40%] Built target gtest
[1.804s] [ 40%] Built target jsk_recognition_msgs_generate_messages_eus
[1.813s] [ 40%] Built target autoware_msgs_generate_messages_nodejs
[1.824s] [ 40%] Built target actionlib_msgs_generate_messages_eus
[1.826s] [ 40%] Built target std_msgs_generate_messages_py
[1.831s] [ 40%] Built target geometry_msgs_generate_messages_nodejs
[1.840s] [ 40%] Built target rosgraph_msgs_generate_messages_py
[1.841s] [ 40%] Built target geometry_msgs_generate_messages_cpp
[1.844s] [ 40%] Built target rosgraph_msgs_generate_messages_lisp
[1.844s] [ 40%] Built target geometry_msgs_generate_messages_py
[1.853s] [ 40%] Built target std_msgs_generate_messages_lisp
[1.885s] [ 40%] Built target roscpp_generate_messages_nodejs
[1.885s] [ 40%] Built target autoware_system_msgs_generate_messages_lisp
[1.899s] [ 40%] Built target jsk_recognition_msgs_generate_messages_lisp
[1.899s] [ 40%] Built target roscpp_generate_messages_cpp
[1.899s] [ 40%] Built target autoware_config_msgs_generate_messages_cpp
[1.902s] [ 40%] Built target sensor_msgs_generate_messages_eus
[1.906s] [ 40%] Built target autoware_config_msgs_generate_messages_eus
[1.912s] [ 40%] Built target tablet_socket_msgs_generate_messages_py
[1.912s] [ 40%] Built target std_msgs_generate_messages_eus
[1.912s] [ 40%] Built target rosgraph_msgs_generate_messages_nodejs
[1.914s] [ 40%] Built target pcl_msgs_generate_messages_py
[1.915s] [ 40%] Built target sensor_msgs_generate_messages_nodejs
[1.920s] [ 40%] Built target jsk_recognition_msgs_generate_messages_py
[1.921s] [ 40%] Built target jsk_footstep_msgs_generate_messages_py
[1.922s] [ 40%] Built target std_msgs_generate_messages_nodejs
[1.925s] [ 40%] Built target pcl_msgs_generate_messages_cpp
[1.927s] [ 40%] Built target pcl_msgs_generate_messages_lisp
[1.944s] [ 40%] Built target jsk_footstep_msgs_generate_messages_nodejs
[1.946s] [ 40%] Built target sensor_msgs_generate_messages_py
[1.947s] [ 40%] Built target sensor_msgs_generate_messages_cpp
[1.948s] [ 40%] Built target autoware_system_msgs_generate_messages_py
[1.951s] [ 40%] Built target jsk_footstep_msgs_generate_messages_eus
[1.957s] [ 40%] Built target actionlib_msgs_generate_messages_py
[1.958s] [ 40%] Built target pcl_msgs_generate_messages_nodejs
[1.963s] [ 40%] Built target autoware_config_msgs_generate_messages_lisp
[1.963s] [ 40%] Built target actionlib_msgs_generate_messages_cpp
[1.965s] [ 40%] Built target roscpp_generate_messages_lisp
[1.969s] [ 40%] Built target jsk_recognition_msgs_generate_messages_nodejs
[1.976s] [ 40%] Built target jsk_footstep_msgs_generate_messages_cpp
[1.976s] [ 40%] Built target autoware_system_msgs_generate_messages_nodejs
[1.978s] [ 40%] Built target jsk_footstep_msgs_generate_messages_lisp
[1.984s] [ 40%] Built target roscpp_generate_messages_py
[1.985s] [ 40%] Built target pcl_msgs_generate_messages_eus
[1.986s] [ 40%] Built target tablet_socket_msgs_generate_messages_cpp
[1.986s] [ 40%] Built target tablet_socket_msgs_generate_messages_nodejs
[1.994s] [ 40%] Built target actionlib_msgs_generate_messages_lisp
[2.002s] [ 40%] Built target tablet_socket_msgs_generate_messages_lisp
[2.003s] [ 40%] Built target tablet_socket_msgs_generate_messages_eus
[2.004s] [ 40%] Built target autoware_msgs_generate_messages_cpp
[2.042s] [100%] Built target test-twist_gate
[2.063s] [100%] Built target tests
[2.128s] Invoked command in '/home/point001/autoware.ai/build/twist_gate' returned '0': CMAKE_PREFIX_PATH=/home/point001/autoware.ai/install/autoware_health_checker:/home/point001/autoware.ai/install/tablet_socket_msgs:/home/point001/autoware.ai/install/ros_observer:/home/point001/autoware.ai/install/autoware_system_msgs:/home/point001/autoware.ai/install/autoware_msgs:/home/point001/autoware.ai/install/autoware_config_msgs:/home/point001/autoware.ai/install/autoware_build_flags:${CMAKE_PREFIX_PATH} LD_LIBRARY_PATH=/home/point001/autoware.ai/install/autoware_health_checker/lib:/home/point001/autoware.ai/install/ros_observer/lib:/opt/ros/melodic/lib:/usr/local/cuda-10.0/lib64 PKG_CONFIG_PATH=/home/point001/autoware.ai/install/autoware_health_checker/lib/x86_64-linux-gnu/pkgconfig:/home/point001/autoware.ai/install/autoware_health_checker/lib/pkgconfig:/home/point001/autoware.ai/install/tablet_socket_msgs/lib/x86_64-linux-gnu/pkgconfig:/home/point001/autoware.ai/install/tablet_socket_msgs/lib/pkgconfig:/home/point001/autoware.ai/install/ros_observer/lib/x86_64-linux-gnu/pkgconfig:/home/point001/autoware.ai/install/ros_observer/lib/pkgconfig:/home/point001/autoware.ai/install/autoware_system_msgs/lib/x86_64-linux-gnu/pkgconfig:/home/point001/autoware.ai/install/autoware_system_msgs/lib/pkgconfig:/home/point001/autoware.ai/install/autoware_msgs/lib/x86_64-linux-gnu/pkgconfig:/home/point001/autoware.ai/install/autoware_msgs/lib/pkgconfig:/home/point001/autoware.ai/install/autoware_config_msgs/lib/x86_64-linux-gnu/pkgconfig:/home/point001/autoware.ai/install/autoware_config_msgs/lib/pkgconfig:/home/point001/autoware.ai/install/autoware_build_flags/lib/x86_64-linux-gnu/pkgconfig:/home/point001/autoware.ai/install/autoware_build_flags/lib/pkgconfig:${PKG_CONFIG_PATH} PYTHONPATH=/home/point001/autoware.ai/install/tablet_socket_msgs/lib/python2.7/dist-packages:/home/point001/autoware.ai/install/autoware_system_msgs/lib/python2.7/dist-packages:/home/point001/autoware.ai/install/autoware_msgs/lib/python2.7/dist-packages:/home/point001/autoware.ai/install/autoware_config_msgs/lib/python2.7/dist-packages:${PYTHONPATH} ROS_PACKAGE_PATH=/home/point001/autoware.ai/install/autoware_health_checker/share:/home/point001/autoware.ai/install/tablet_socket_msgs/share:/home/point001/autoware.ai/install/ros_observer/share:/home/point001/autoware.ai/install/autoware_system_msgs/share:/home/point001/autoware.ai/install/autoware_msgs/share:/home/point001/autoware.ai/install/autoware_config_msgs/share:/home/point001/autoware.ai/install/autoware_build_flags/share:${ROS_PACKAGE_PATH} /usr/bin/cmake --build /home/point001/autoware.ai/build/twist_gate --target tests -- -j24 -l24
[2.438s] Invoking command in '/home/point001/autoware.ai/build/twist_gate': CMAKE_PREFIX_PATH=/home/point001/autoware.ai/install/autoware_health_checker:/home/point001/autoware.ai/install/tablet_socket_msgs:/home/point001/autoware.ai/install/ros_observer:/home/point001/autoware.ai/install/autoware_system_msgs:/home/point001/autoware.ai/install/autoware_msgs:/home/point001/autoware.ai/install/autoware_config_msgs:/home/point001/autoware.ai/install/autoware_build_flags:${CMAKE_PREFIX_PATH} LD_LIBRARY_PATH=/home/point001/autoware.ai/install/autoware_health_checker/lib:/home/point001/autoware.ai/install/ros_observer/lib:/opt/ros/melodic/lib:/usr/local/cuda-10.0/lib64 PKG_CONFIG_PATH=/home/point001/autoware.ai/install/autoware_health_checker/lib/x86_64-linux-gnu/pkgconfig:/home/point001/autoware.ai/install/autoware_health_checker/lib/pkgconfig:/home/point001/autoware.ai/install/tablet_socket_msgs/lib/x86_64-linux-gnu/pkgconfig:/home/point001/autoware.ai/install/tablet_socket_msgs/lib/pkgconfig:/home/point001/autoware.ai/install/ros_observer/lib/x86_64-linux-gnu/pkgconfig:/home/point001/autoware.ai/install/ros_observer/lib/pkgconfig:/home/point001/autoware.ai/install/autoware_system_msgs/lib/x86_64-linux-gnu/pkgconfig:/home/point001/autoware.ai/install/autoware_system_msgs/lib/pkgconfig:/home/point001/autoware.ai/install/autoware_msgs/lib/x86_64-linux-gnu/pkgconfig:/home/point001/autoware.ai/install/autoware_msgs/lib/pkgconfig:/home/point001/autoware.ai/install/autoware_config_msgs/lib/x86_64-linux-gnu/pkgconfig:/home/point001/autoware.ai/install/autoware_config_msgs/lib/pkgconfig:/home/point001/autoware.ai/install/autoware_build_flags/lib/x86_64-linux-gnu/pkgconfig:/home/point001/autoware.ai/install/autoware_build_flags/lib/pkgconfig:${PKG_CONFIG_PATH} PYTHONPATH=/home/point001/autoware.ai/install/tablet_socket_msgs/lib/python2.7/dist-packages:/home/point001/autoware.ai/install/autoware_system_msgs/lib/python2.7/dist-packages:/home/point001/autoware.ai/install/autoware_msgs/lib/python2.7/dist-packages:/home/point001/autoware.ai/install/autoware_config_msgs/lib/python2.7/dist-packages:${PYTHONPATH} ROS_PACKAGE_PATH=/home/point001/autoware.ai/install/autoware_health_checker/share:/home/point001/autoware.ai/install/tablet_socket_msgs/share:/home/point001/autoware.ai/install/ros_observer/share:/home/point001/autoware.ai/install/autoware_system_msgs/share:/home/point001/autoware.ai/install/autoware_msgs/share:/home/point001/autoware.ai/install/autoware_config_msgs/share:/home/point001/autoware.ai/install/autoware_build_flags/share:${ROS_PACKAGE_PATH} /usr/bin/cmake --build /home/point001/autoware.ai/build/twist_gate --target install -- -j24 -l24
[2.559s] [  0%] Built target std_msgs_generate_messages_cpp
[2.560s] [  0%] Built target autoware_config_msgs_generate_messages_nodejs
[2.568s] [  0%] Built target autoware_msgs_generate_messages_lisp
[2.610s] [  0%] Built target roscpp_generate_messages_eus
[2.610s] [  0%] Built target rosgraph_msgs_generate_messages_eus
[2.610s] [  0%] Built target jsk_recognition_msgs_generate_messages_eus
[2.610s] [  0%] Built target geometry_msgs_generate_messages_lisp
[2.611s] [  0%] Built target geometry_msgs_generate_messages_cpp
[2.611s] [  0%] Built target geometry_msgs_generate_messages_py
[2.612s] [  0%] Built target actionlib_msgs_generate_messages_eus
[2.613s] [  0%] Built target autoware_system_msgs_generate_messages_cpp
[2.613s] [  0%] Built target jsk_recognition_msgs_generate_messages_cpp
[2.614s] [  0%] Built target std_msgs_generate_messages_py
[2.617s] [  0%] Built target geometry_msgs_generate_messages_eus
[2.624s] [  0%] Built target sensor_msgs_generate_messages_lisp
[2.626s] [  0%] Built target autoware_msgs_generate_messages_eus
[2.630s] [  0%] Built target autoware_system_msgs_generate_messages_lisp
[2.633s] [  0%] Built target rosgraph_msgs_generate_messages_lisp
[2.641s] [  0%] Built target autoware_msgs_generate_messages_py
[2.641s] [  0%] Built target actionlib_msgs_generate_messages_nodejs
[2.641s] [  0%] Built target autoware_system_msgs_generate_messages_eus
[2.642s] [  0%] Built target rosgraph_msgs_generate_messages_cpp
[2.657s] [  0%] Built target autoware_msgs_generate_messages_cpp
[2.665s] [  0%] Built target autoware_config_msgs_generate_messages_py
[2.672s] [  0%] Built target jsk_recognition_msgs_generate_messages_lisp
[2.678s] [  0%] Built target jsk_recognition_msgs_generate_messages_py
[2.687s] [  0%] Built target std_msgs_generate_messages_lisp
[2.688s] [  0%] Built target autoware_msgs_generate_messages_nodejs
[2.690s] [  0%] Built target sensor_msgs_generate_messages_cpp
[2.691s] [  0%] Built target rosgraph_msgs_generate_messages_py
[2.693s] [  0%] Built target autoware_config_msgs_generate_messages_cpp
[2.707s] [  0%] Built target autoware_system_msgs_generate_messages_py
[2.708s] [  0%] Built target tablet_socket_msgs_generate_messages_py
[2.708s] [  0%] Built target roscpp_generate_messages_cpp
[2.709s] [  0%] Built target std_msgs_generate_messages_eus
[2.714s] [  0%] Built target geometry_msgs_generate_messages_nodejs
[2.715s] [  0%] Built target roscpp_generate_messages_nodejs
[2.719s] [  0%] Built target sensor_msgs_generate_messages_nodejs
[2.731s] [  0%] Built target rosgraph_msgs_generate_messages_nodejs
[2.732s] [  0%] Built target sensor_msgs_generate_messages_eus
[2.741s] [  0%] Built target autoware_config_msgs_generate_messages_eus
[2.753s] [  0%] Built target std_msgs_generate_messages_nodejs
[2.755s] [  0%] Built target pcl_msgs_generate_messages_eus
[2.760s] [  0%] Built target pcl_msgs_generate_messages_py
[2.761s] [  0%] Built target pcl_msgs_generate_messages_cpp
[2.765s] [  0%] Built target jsk_footstep_msgs_generate_messages_py
[2.765s] [  0%] Built target pcl_msgs_generate_messages_nodejs
[2.781s] [  0%] Built target pcl_msgs_generate_messages_lisp
[2.786s] [  0%] Built target jsk_footstep_msgs_generate_messages_lisp
[2.790s] [  0%] Built target tablet_socket_msgs_generate_messages_eus
[2.792s] [  0%] Built target jsk_footstep_msgs_generate_messages_cpp
[2.796s] [  0%] Built target jsk_footstep_msgs_generate_messages_nodejs
[2.796s] [  0%] Built target actionlib_msgs_generate_messages_py
[2.815s] [  0%] Built target jsk_footstep_msgs_generate_messages_eus
[2.818s] [  0%] Built target roscpp_generate_messages_py
[2.821s] [  0%] Built target autoware_config_msgs_generate_messages_lisp
[2.821s] [  0%] Built target sensor_msgs_generate_messages_py
[2.822s] [  0%] Built target roscpp_generate_messages_lisp
[2.827s] [  0%] Built target actionlib_msgs_generate_messages_cpp
[2.840s] [  0%] Built target autoware_system_msgs_generate_messages_nodejs
[2.840s] [  0%] Built target actionlib_msgs_generate_messages_lisp
[2.841s] [  0%] Built target jsk_recognition_msgs_generate_messages_nodejs
[2.843s] [  0%] Built target tablet_socket_msgs_generate_messages_cpp
[2.878s] [  0%] Built target tablet_socket_msgs_generate_messages_lisp
[2.882s] [  0%] Built target tablet_socket_msgs_generate_messages_nodejs
[2.938s] [100%] Built target twist_gate
[2.959s] [36mInstall the project...[0m
[2.968s] -- Install configuration: "Release"
[2.969s] -- Up-to-date: /home/point001/autoware.ai/install/twist_gate/lib/pkgconfig/twist_gate.pc
[2.969s] -- Up-to-date: /home/point001/autoware.ai/install/twist_gate/share/twist_gate/cmake/twist_gateConfig.cmake
[2.969s] -- Up-to-date: /home/point001/autoware.ai/install/twist_gate/share/twist_gate/cmake/twist_gateConfig-version.cmake
[2.969s] -- Up-to-date: /home/point001/autoware.ai/install/twist_gate/share/twist_gate/package.xml
[2.969s] -- Up-to-date: /home/point001/autoware.ai/install/twist_gate/lib/twist_gate/twist_gate
[3.027s] Invoked command in '/home/point001/autoware.ai/build/twist_gate' returned '0': CMAKE_PREFIX_PATH=/home/point001/autoware.ai/install/autoware_health_checker:/home/point001/autoware.ai/install/tablet_socket_msgs:/home/point001/autoware.ai/install/ros_observer:/home/point001/autoware.ai/install/autoware_system_msgs:/home/point001/autoware.ai/install/autoware_msgs:/home/point001/autoware.ai/install/autoware_config_msgs:/home/point001/autoware.ai/install/autoware_build_flags:${CMAKE_PREFIX_PATH} LD_LIBRARY_PATH=/home/point001/autoware.ai/install/autoware_health_checker/lib:/home/point001/autoware.ai/install/ros_observer/lib:/opt/ros/melodic/lib:/usr/local/cuda-10.0/lib64 PKG_CONFIG_PATH=/home/point001/autoware.ai/install/autoware_health_checker/lib/x86_64-linux-gnu/pkgconfig:/home/point001/autoware.ai/install/autoware_health_checker/lib/pkgconfig:/home/point001/autoware.ai/install/tablet_socket_msgs/lib/x86_64-linux-gnu/pkgconfig:/home/point001/autoware.ai/install/tablet_socket_msgs/lib/pkgconfig:/home/point001/autoware.ai/install/ros_observer/lib/x86_64-linux-gnu/pkgconfig:/home/point001/autoware.ai/install/ros_observer/lib/pkgconfig:/home/point001/autoware.ai/install/autoware_system_msgs/lib/x86_64-linux-gnu/pkgconfig:/home/point001/autoware.ai/install/autoware_system_msgs/lib/pkgconfig:/home/point001/autoware.ai/install/autoware_msgs/lib/x86_64-linux-gnu/pkgconfig:/home/point001/autoware.ai/install/autoware_msgs/lib/pkgconfig:/home/point001/autoware.ai/install/autoware_config_msgs/lib/x86_64-linux-gnu/pkgconfig:/home/point001/autoware.ai/install/autoware_config_msgs/lib/pkgconfig:/home/point001/autoware.ai/install/autoware_build_flags/lib/x86_64-linux-gnu/pkgconfig:/home/point001/autoware.ai/install/autoware_build_flags/lib/pkgconfig:${PKG_CONFIG_PATH} PYTHONPATH=/home/point001/autoware.ai/install/tablet_socket_msgs/lib/python2.7/dist-packages:/home/point001/autoware.ai/install/autoware_system_msgs/lib/python2.7/dist-packages:/home/point001/autoware.ai/install/autoware_msgs/lib/python2.7/dist-packages:/home/point001/autoware.ai/install/autoware_config_msgs/lib/python2.7/dist-packages:${PYTHONPATH} ROS_PACKAGE_PATH=/home/point001/autoware.ai/install/autoware_health_checker/share:/home/point001/autoware.ai/install/tablet_socket_msgs/share:/home/point001/autoware.ai/install/ros_observer/share:/home/point001/autoware.ai/install/autoware_system_msgs/share:/home/point001/autoware.ai/install/autoware_msgs/share:/home/point001/autoware.ai/install/autoware_config_msgs/share:/home/point001/autoware.ai/install/autoware_build_flags/share:${ROS_PACKAGE_PATH} /usr/bin/cmake --build /home/point001/autoware.ai/build/twist_gate --target install -- -j24 -l24
