[0.097s] Invoking command in '/home/point001/autoware.ai/build/autoware_system_msgs': CONDA_PROMPT_MODIFIER=(base) /usr/bin/cmake --build /home/point001/autoware.ai/build/autoware_system_msgs -- -j24 -l24
[0.422s] [  0%] Built target std_msgs_generate_messages_cpp
[0.422s] [  0%] Built target std_msgs_generate_messages_py
[0.422s] [  0%] Built target rosgraph_msgs_generate_messages_cpp
[0.422s] [  0%] Built target std_msgs_generate_messages_eus
[0.422s] [  0%] Built target rosgraph_msgs_generate_messages_py
[0.422s] [  0%] Built target rosgraph_msgs_generate_messages_eus
[0.422s] [  0%] Built target rosgraph_msgs_generate_messages_lisp
[0.422s] [  0%] Built target std_msgs_generate_messages_nodejs
[0.422s] [  0%] Built target std_msgs_generate_messages_lisp
[0.422s] [  0%] Built target _autoware_system_msgs_generate_messages_check_deps_NodeStatus
[0.422s] [  0%] Built target _autoware_system_msgs_generate_messages_check_deps_SystemStatus
[0.423s] [  0%] Built target _autoware_system_msgs_generate_messages_check_deps_DiagnosticStatus
[0.426s] [  0%] Built target _autoware_system_msgs_generate_messages_check_deps_DiagnosticStatusArray
[0.433s] [  0%] Built target rosgraph_msgs_generate_messages_nodejs
[0.440s] [  0%] Built target _autoware_system_msgs_generate_messages_check_deps_HardwareStatus
[0.576s] [ 22%] Built target autoware_system_msgs_generate_messages_eus
[0.580s] [ 44%] Built target autoware_system_msgs_generate_messages_py
[0.589s] [ 62%] Built target autoware_system_msgs_generate_messages_nodejs
[0.598s] [ 81%] Built target autoware_system_msgs_generate_messages_cpp
[0.618s] [100%] Built target autoware_system_msgs_generate_messages_lisp
[0.692s] [100%] Built target autoware_system_msgs_generate_messages
[0.750s] Invoked command in '/home/point001/autoware.ai/build/autoware_system_msgs' returned '0': CONDA_PROMPT_MODIFIER=(base) /usr/bin/cmake --build /home/point001/autoware.ai/build/autoware_system_msgs -- -j24 -l24
[0.872s] Invoking command in '/home/point001/autoware.ai/build/autoware_system_msgs': CONDA_PROMPT_MODIFIER=(base) /usr/bin/cmake --build /home/point001/autoware.ai/build/autoware_system_msgs --target tests -- -j24 -l24
[0.934s] Built target tests
[0.976s] Invoked command in '/home/point001/autoware.ai/build/autoware_system_msgs' returned '0': CONDA_PROMPT_MODIFIER=(base) /usr/bin/cmake --build /home/point001/autoware.ai/build/autoware_system_msgs --target tests -- -j24 -l24
[1.110s] Invoking command in '/home/point001/autoware.ai/build/autoware_system_msgs': CONDA_PROMPT_MODIFIER=(base) /usr/bin/cmake --build /home/point001/autoware.ai/build/autoware_system_msgs --target install -- -j24 -l24
[1.203s] [  0%] Built target std_msgs_generate_messages_py
[1.242s] [  0%] Built target std_msgs_generate_messages_cpp
[1.254s] [  0%] Built target std_msgs_generate_messages_eus
[1.255s] [  0%] Built target rosgraph_msgs_generate_messages_nodejs
[1.256s] [  0%] Built target rosgraph_msgs_generate_messages_lisp
[1.260s] [  0%] Built target rosgraph_msgs_generate_messages_eus
[1.275s] [  0%] Built target std_msgs_generate_messages_nodejs
[1.282s] [  0%] Built target rosgraph_msgs_generate_messages_py
[1.289s] [  0%] Built target std_msgs_generate_messages_lisp
[1.289s] [  0%] Built target rosgraph_msgs_generate_messages_cpp
[1.289s] [  0%] Built target _autoware_system_msgs_generate_messages_check_deps_SystemStatus
[1.294s] [  0%] Built target _autoware_system_msgs_generate_messages_check_deps_NodeStatus
[1.295s] [  0%] Built target _autoware_system_msgs_generate_messages_check_deps_DiagnosticStatus
[1.315s] [  0%] Built target _autoware_system_msgs_generate_messages_check_deps_HardwareStatus
[1.341s] [  0%] Built target _autoware_system_msgs_generate_messages_check_deps_DiagnosticStatusArray
[1.381s] [ 22%] Built target autoware_system_msgs_generate_messages_py
[1.388s] [ 40%] Built target autoware_system_msgs_generate_messages_nodejs
[1.388s] [ 59%] Built target autoware_system_msgs_generate_messages_cpp
[1.390s] [ 77%] Built target autoware_system_msgs_generate_messages_lisp
[1.390s] [100%] Built target autoware_system_msgs_generate_messages_eus
[1.409s] [100%] Built target autoware_system_msgs_generate_messages
[1.436s] [36mInstall the project...[0m
[1.442s] -- Install configuration: "Release"
[1.442s] -- Up-to-date: /home/point001/autoware.ai/install/autoware_system_msgs/share/autoware_system_msgs/msg/DiagnosticStatus.msg
[1.442s] -- Up-to-date: /home/point001/autoware.ai/install/autoware_system_msgs/share/autoware_system_msgs/msg/DiagnosticStatusArray.msg
[1.442s] -- Up-to-date: /home/point001/autoware.ai/install/autoware_system_msgs/share/autoware_system_msgs/msg/HardwareStatus.msg
[1.442s] -- Up-to-date: /home/point001/autoware.ai/install/autoware_system_msgs/share/autoware_system_msgs/msg/NodeStatus.msg
[1.442s] -- Up-to-date: /home/point001/autoware.ai/install/autoware_system_msgs/share/autoware_system_msgs/msg/SystemStatus.msg
[1.442s] -- Up-to-date: /home/point001/autoware.ai/install/autoware_system_msgs/share/autoware_system_msgs/cmake/autoware_system_msgs-msg-paths.cmake
[1.442s] -- Up-to-date: /home/point001/autoware.ai/install/autoware_system_msgs/include/autoware_system_msgs
[1.442s] -- Up-to-date: /home/point001/autoware.ai/install/autoware_system_msgs/include/autoware_system_msgs/DiagnosticStatus.h
[1.442s] -- Up-to-date: /home/point001/autoware.ai/install/autoware_system_msgs/include/autoware_system_msgs/HardwareStatus.h
[1.442s] -- Up-to-date: /home/point001/autoware.ai/install/autoware_system_msgs/include/autoware_system_msgs/SystemStatus.h
[1.443s] -- Up-to-date: /home/point001/autoware.ai/install/autoware_system_msgs/include/autoware_system_msgs/NodeStatus.h
[1.443s] -- Up-to-date: /home/point001/autoware.ai/install/autoware_system_msgs/include/autoware_system_msgs/DiagnosticStatusArray.h
[1.443s] -- Up-to-date: /home/point001/autoware.ai/install/autoware_system_msgs/share/roseus/ros/autoware_system_msgs
[1.443s] -- Up-to-date: /home/point001/autoware.ai/install/autoware_system_msgs/share/roseus/ros/autoware_system_msgs/manifest.l
[1.450s] -- Up-to-date: /home/point001/autoware.ai/install/autoware_system_msgs/share/roseus/ros/autoware_system_msgs/msg
[1.450s] -- Up-to-date: /home/point001/autoware.ai/install/autoware_system_msgs/share/roseus/ros/autoware_system_msgs/msg/DiagnosticStatusArray.l
[1.450s] -- Up-to-date: /home/point001/autoware.ai/install/autoware_system_msgs/share/roseus/ros/autoware_system_msgs/msg/SystemStatus.l
[1.450s] -- Up-to-date: /home/point001/autoware.ai/install/autoware_system_msgs/share/roseus/ros/autoware_system_msgs/msg/HardwareStatus.l
[1.450s] -- Up-to-date: /home/point001/autoware.ai/install/autoware_system_msgs/share/roseus/ros/autoware_system_msgs/msg/DiagnosticStatus.l
[1.450s] -- Up-to-date: /home/point001/autoware.ai/install/autoware_system_msgs/share/roseus/ros/autoware_system_msgs/msg/NodeStatus.l
[1.450s] -- Up-to-date: /home/point001/autoware.ai/install/autoware_system_msgs/share/common-lisp/ros/autoware_system_msgs
[1.450s] -- Up-to-date: /home/point001/autoware.ai/install/autoware_system_msgs/share/common-lisp/ros/autoware_system_msgs/msg
[1.450s] -- Up-to-date: /home/point001/autoware.ai/install/autoware_system_msgs/share/common-lisp/ros/autoware_system_msgs/msg/_package_SystemStatus.lisp
[1.451s] -- Up-to-date: /home/point001/autoware.ai/install/autoware_system_msgs/share/common-lisp/ros/autoware_system_msgs/msg/_package_HardwareStatus.lisp
[1.451s] -- Up-to-date: /home/point001/autoware.ai/install/autoware_system_msgs/share/common-lisp/ros/autoware_system_msgs/msg/HardwareStatus.lisp
[1.451s] -- Up-to-date: /home/point001/autoware.ai/install/autoware_system_msgs/share/common-lisp/ros/autoware_system_msgs/msg/_package_DiagnosticStatus.lisp
[1.451s] -- Up-to-date: /home/point001/autoware.ai/install/autoware_system_msgs/share/common-lisp/ros/autoware_system_msgs/msg/_package.lisp
[1.451s] -- Up-to-date: /home/point001/autoware.ai/install/autoware_system_msgs/share/common-lisp/ros/autoware_system_msgs/msg/_package_NodeStatus.lisp
[1.451s] -- Up-to-date: /home/point001/autoware.ai/install/autoware_system_msgs/share/common-lisp/ros/autoware_system_msgs/msg/SystemStatus.lisp
[1.452s] -- Up-to-date: /home/point001/autoware.ai/install/autoware_system_msgs/share/common-lisp/ros/autoware_system_msgs/msg/DiagnosticStatusArray.lisp
[1.452s] -- Up-to-date: /home/point001/autoware.ai/install/autoware_system_msgs/share/common-lisp/ros/autoware_system_msgs/msg/_package_DiagnosticStatusArray.lisp
[1.452s] -- Up-to-date: /home/point001/autoware.ai/install/autoware_system_msgs/share/common-lisp/ros/autoware_system_msgs/msg/NodeStatus.lisp
[1.453s] -- Up-to-date: /home/point001/autoware.ai/install/autoware_system_msgs/share/common-lisp/ros/autoware_system_msgs/msg/DiagnosticStatus.lisp
[1.453s] -- Up-to-date: /home/point001/autoware.ai/install/autoware_system_msgs/share/common-lisp/ros/autoware_system_msgs/msg/autoware_system_msgs-msg.asd
[1.453s] -- Up-to-date: /home/point001/autoware.ai/install/autoware_system_msgs/share/gennodejs/ros/autoware_system_msgs
[1.453s] -- Up-to-date: /home/point001/autoware.ai/install/autoware_system_msgs/share/gennodejs/ros/autoware_system_msgs/_index.js
[1.453s] -- Up-to-date: /home/point001/autoware.ai/install/autoware_system_msgs/share/gennodejs/ros/autoware_system_msgs/msg
[1.453s] -- Up-to-date: /home/point001/autoware.ai/install/autoware_system_msgs/share/gennodejs/ros/autoware_system_msgs/msg/DiagnosticStatusArray.js
[1.454s] -- Up-to-date: /home/point001/autoware.ai/install/autoware_system_msgs/share/gennodejs/ros/autoware_system_msgs/msg/_index.js
[1.454s] -- Up-to-date: /home/point001/autoware.ai/install/autoware_system_msgs/share/gennodejs/ros/autoware_system_msgs/msg/HardwareStatus.js
[1.454s] -- Up-to-date: /home/point001/autoware.ai/install/autoware_system_msgs/share/gennodejs/ros/autoware_system_msgs/msg/DiagnosticStatus.js
[1.454s] -- Up-to-date: /home/point001/autoware.ai/install/autoware_system_msgs/share/gennodejs/ros/autoware_system_msgs/msg/SystemStatus.js
[1.454s] -- Up-to-date: /home/point001/autoware.ai/install/autoware_system_msgs/share/gennodejs/ros/autoware_system_msgs/msg/NodeStatus.js
[1.455s] Listing /home/point001/autoware.ai/build/autoware_system_msgs/devel/lib/python2.7/dist-packages/autoware_system_msgs ...
[1.455s] Listing /home/point001/autoware.ai/build/autoware_system_msgs/devel/lib/python2.7/dist-packages/autoware_system_msgs/msg ...
[1.456s] -- Up-to-date: /home/point001/autoware.ai/install/autoware_system_msgs/lib/python2.7/dist-packages/autoware_system_msgs
[1.456s] -- Up-to-date: /home/point001/autoware.ai/install/autoware_system_msgs/lib/python2.7/dist-packages/autoware_system_msgs/msg
[1.456s] -- Up-to-date: /home/point001/autoware.ai/install/autoware_system_msgs/lib/python2.7/dist-packages/autoware_system_msgs/msg/_DiagnosticStatusArray.py
[1.456s] -- Up-to-date: /home/point001/autoware.ai/install/autoware_system_msgs/lib/python2.7/dist-packages/autoware_system_msgs/msg/_SystemStatus.pyc
[1.456s] -- Up-to-date: /home/point001/autoware.ai/install/autoware_system_msgs/lib/python2.7/dist-packages/autoware_system_msgs/msg/_DiagnosticStatusArray.pyc
[1.456s] -- Up-to-date: /home/point001/autoware.ai/install/autoware_system_msgs/lib/python2.7/dist-packages/autoware_system_msgs/msg/_NodeStatus.py
[1.456s] -- Up-to-date: /home/point001/autoware.ai/install/autoware_system_msgs/lib/python2.7/dist-packages/autoware_system_msgs/msg/_HardwareStatus.py
[1.456s] -- Up-to-date: /home/point001/autoware.ai/install/autoware_system_msgs/lib/python2.7/dist-packages/autoware_system_msgs/msg/_HardwareStatus.pyc
[1.457s] -- Up-to-date: /home/point001/autoware.ai/install/autoware_system_msgs/lib/python2.7/dist-packages/autoware_system_msgs/msg/_NodeStatus.pyc
[1.457s] -- Up-to-date: /home/point001/autoware.ai/install/autoware_system_msgs/lib/python2.7/dist-packages/autoware_system_msgs/msg/__init__.py
[1.457s] -- Up-to-date: /home/point001/autoware.ai/install/autoware_system_msgs/lib/python2.7/dist-packages/autoware_system_msgs/msg/_DiagnosticStatus.pyc
[1.457s] -- Up-to-date: /home/point001/autoware.ai/install/autoware_system_msgs/lib/python2.7/dist-packages/autoware_system_msgs/msg/__init__.pyc
[1.457s] -- Up-to-date: /home/point001/autoware.ai/install/autoware_system_msgs/lib/python2.7/dist-packages/autoware_system_msgs/msg/_SystemStatus.py
[1.457s] -- Up-to-date: /home/point001/autoware.ai/install/autoware_system_msgs/lib/python2.7/dist-packages/autoware_system_msgs/msg/_DiagnosticStatus.py
[1.457s] -- Up-to-date: /home/point001/autoware.ai/install/autoware_system_msgs/lib/python2.7/dist-packages/autoware_system_msgs/__init__.py
[1.457s] -- Up-to-date: /home/point001/autoware.ai/install/autoware_system_msgs/lib/python2.7/dist-packages/autoware_system_msgs/__init__.pyc
[1.457s] -- Up-to-date: /home/point001/autoware.ai/install/autoware_system_msgs/lib/pkgconfig/autoware_system_msgs.pc
[1.457s] -- Up-to-date: /home/point001/autoware.ai/install/autoware_system_msgs/share/autoware_system_msgs/cmake/autoware_system_msgs-msg-extras.cmake
[1.457s] -- Up-to-date: /home/point001/autoware.ai/install/autoware_system_msgs/share/autoware_system_msgs/cmake/autoware_system_msgsConfig.cmake
[1.457s] -- Up-to-date: /home/point001/autoware.ai/install/autoware_system_msgs/share/autoware_system_msgs/cmake/autoware_system_msgsConfig-version.cmake
[1.458s] -- Up-to-date: /home/point001/autoware.ai/install/autoware_system_msgs/share/autoware_system_msgs/package.xml
[1.618s] Invoked command in '/home/point001/autoware.ai/build/autoware_system_msgs' returned '0': CONDA_PROMPT_MODIFIER=(base) /usr/bin/cmake --build /home/point001/autoware.ai/build/autoware_system_msgs --target install -- -j24 -l24
