[0.241s] Invoking command in '/home/point001/autoware.ai/build/ros_observer': /usr/bin/cmake --build /home/point001/autoware.ai/build/ros_observer -- -j24 -l24
[0.689s] [  0%] Built target std_msgs_generate_messages_eus
[0.689s] [  0%] Built target roscpp_generate_messages_py
[0.689s] [  0%] Built target rosgraph_msgs_generate_messages_nodejs
[0.690s] [  0%] Built target roscpp_generate_messages_nodejs
[0.690s] [  0%] Built target std_msgs_generate_messages_nodejs
[0.690s] [  0%] Built target std_msgs_generate_messages_py
[0.690s] [  0%] Built target std_msgs_generate_messages_lisp
[0.690s] [  0%] Built target roscpp_generate_messages_lisp
[0.690s] [  0%] Built target std_msgs_generate_messages_cpp
[0.690s] [  0%] Built target rosgraph_msgs_generate_messages_py
[0.691s] [  0%] Built target rosgraph_msgs_generate_messages_eus
[0.691s] [  0%] Built target roscpp_generate_messages_cpp
[0.691s] [  0%] Built target roscpp_generate_messages_eus
[0.691s] [  0%] Built target rosgraph_msgs_generate_messages_lisp
[0.742s] [  0%] Built target rosgraph_msgs_generate_messages_cpp
[0.951s] [ 50%] Built target lib_ros_observer
[1.017s] [100%] Built target ros_observer
[1.215s] Invoked command in '/home/point001/autoware.ai/build/ros_observer' returned '0': /usr/bin/cmake --build /home/point001/autoware.ai/build/ros_observer -- -j24 -l24
[1.376s] Invoking command in '/home/point001/autoware.ai/build/ros_observer': /usr/bin/cmake --build /home/point001/autoware.ai/build/ros_observer --target tests -- -j24 -l24
[1.513s] [ 33%] Built target gtest
[1.518s] [ 33%] Built target roscpp_generate_messages_eus
[1.518s] [ 33%] Built target rosgraph_msgs_generate_messages_eus
[1.519s] [ 33%] Built target std_msgs_generate_messages_nodejs
[1.519s] [ 33%] Built target roscpp_generate_messages_lisp
[1.519s] [ 33%] Built target rosgraph_msgs_generate_messages_lisp
[1.519s] [ 33%] Built target rosgraph_msgs_generate_messages_nodejs
[1.525s] [ 33%] Built target rosgraph_msgs_generate_messages_cpp
[1.525s] [ 33%] Built target rosgraph_msgs_generate_messages_py
[1.525s] [ 33%] Built target std_msgs_generate_messages_eus
[1.534s] [ 33%] Built target std_msgs_generate_messages_py
[1.536s] [ 33%] Built target roscpp_generate_messages_py
[1.536s] [ 33%] Built target std_msgs_generate_messages_cpp
[1.536s] [ 33%] Built target roscpp_generate_messages_cpp
[1.536s] [ 33%] Built target std_msgs_generate_messages_lisp
[1.536s] [ 33%] Built target roscpp_generate_messages_nodejs
[1.573s] [ 66%] Built target lib_ros_observer
[1.608s] [100%] Built target test_ros_observer
[1.643s] [100%] Built target tests
[1.686s] Invoked command in '/home/point001/autoware.ai/build/ros_observer' returned '0': /usr/bin/cmake --build /home/point001/autoware.ai/build/ros_observer --target tests -- -j24 -l24
[2.165s] Invoking command in '/home/point001/autoware.ai/build/ros_observer': /usr/bin/cmake --build /home/point001/autoware.ai/build/ros_observer --target install -- -j24 -l24
[2.246s] [  0%] Built target std_msgs_generate_messages_eus
[2.249s] [  0%] Built target roscpp_generate_messages_eus
[2.249s] [  0%] Built target std_msgs_generate_messages_nodejs
[2.249s] [  0%] Built target roscpp_generate_messages_nodejs
[2.249s] [  0%] Built target roscpp_generate_messages_py
[2.249s] [  0%] Built target std_msgs_generate_messages_cpp
[2.249s] [  0%] Built target rosgraph_msgs_generate_messages_lisp
[2.249s] [  0%] Built target roscpp_generate_messages_cpp
[2.250s] [  0%] Built target rosgraph_msgs_generate_messages_nodejs
[2.250s] [  0%] Built target std_msgs_generate_messages_py
[2.250s] [  0%] Built target std_msgs_generate_messages_lisp
[2.250s] [  0%] Built target rosgraph_msgs_generate_messages_py
[2.250s] [  0%] Built target rosgraph_msgs_generate_messages_cpp
[2.250s] [  0%] Built target roscpp_generate_messages_lisp
[2.251s] [  0%] Built target rosgraph_msgs_generate_messages_eus
[2.281s] [100%] Built target ros_observer
[2.281s] [100%] Built target lib_ros_observer
[2.330s] [36mInstall the project...[0m
[2.340s] -- Install configuration: "Release"
[2.341s] -- Up-to-date: /home/point001/autoware.ai/install/ros_observer/lib/pkgconfig/ros_observer.pc
[2.341s] -- Up-to-date: /home/point001/autoware.ai/install/ros_observer/share/ros_observer/cmake/ros_observerConfig.cmake
[2.341s] -- Up-to-date: /home/point001/autoware.ai/install/ros_observer/share/ros_observer/cmake/ros_observerConfig-version.cmake
[2.341s] -- Up-to-date: /home/point001/autoware.ai/install/ros_observer/share/ros_observer/package.xml
[2.341s] -- Up-to-date: /home/point001/autoware.ai/install/ros_observer/include/ros_observer
[2.341s] -- Up-to-date: /home/point001/autoware.ai/install/ros_observer/include/ros_observer/lib_ros_observer.h
[2.341s] -- Up-to-date: /home/point001/autoware.ai/install/ros_observer/include/ros_observer/ros_observer.h
[2.341s] -- Up-to-date: /home/point001/autoware.ai/install/ros_observer/lib/ros_observer/ros_observer
[2.341s] -- Up-to-date: /home/point001/autoware.ai/install/ros_observer/lib/liblib_ros_observer.so
[2.341s] -- Up-to-date: /home/point001/autoware.ai/install/ros_observer/share/ros_observer/launch
[2.341s] -- Up-to-date: /home/point001/autoware.ai/install/ros_observer/share/ros_observer/launch/test.launch
[2.342s] -- Up-to-date: /home/point001/autoware.ai/install/ros_observer/share/ros_observer/launch/ros_observer.launch
[2.683s] Invoked command in '/home/point001/autoware.ai/build/ros_observer' returned '0': /usr/bin/cmake --build /home/point001/autoware.ai/build/ros_observer --target install -- -j24 -l24
