[0.314s] Invoking command in '/home/point001/autoware.ai/build/lidar_fake_perception': CMAKE_PREFIX_PATH=/home/point001/autoware.ai/install/autoware_msgs:/home/point001/autoware.ai/install/autoware_build_flags:${CMAKE_PREFIX_PATH} PKG_CONFIG_PATH=/home/point001/autoware.ai/install/autoware_msgs/lib/x86_64-linux-gnu/pkgconfig:/home/point001/autoware.ai/install/autoware_msgs/lib/pkgconfig:/home/point001/autoware.ai/install/autoware_build_flags/lib/x86_64-linux-gnu/pkgconfig:/home/point001/autoware.ai/install/autoware_build_flags/lib/pkgconfig:${PKG_CONFIG_PATH} PYTHONPATH=/home/point001/autoware.ai/install/autoware_msgs/lib/python2.7/dist-packages:${PYTHONPATH} ROS_PACKAGE_PATH=/home/point001/autoware.ai/install/autoware_msgs/share:/home/point001/autoware.ai/install/autoware_build_flags/share:${ROS_PACKAGE_PATH} /usr/bin/cmake --build /home/point001/autoware.ai/build/lidar_fake_perception -- -j24 -l24
[0.368s] [  0%] Built target tf_generate_messages_py
[0.369s] [  0%] Built target nodelet_generate_messages_py
[0.369s] [  0%] Built target sensor_msgs_generate_messages_lisp
[0.369s] [  0%] Built target autoware_msgs_generate_messages_cpp
[0.369s] [  0%] Built target pcl_msgs_generate_messages_nodejs
[0.369s] [  0%] Built target std_msgs_generate_messages_cpp
[0.370s] [  0%] Built target std_srvs_generate_messages_lisp
[0.370s] [  0%] Built target geometry_msgs_generate_messages_nodejs
[0.370s] [  0%] Built target jsk_footstep_msgs_generate_messages_py
[0.370s] [  0%] Built target rosgraph_msgs_generate_messages_cpp
[0.371s] [  0%] Built target jsk_recognition_msgs_generate_messages_py
[0.371s] [  0%] Built target actionlib_generate_messages_cpp
[0.371s] [  0%] Built target roscpp_generate_messages_nodejs
[0.372s] [  0%] Built target tf2_msgs_generate_messages_py
[0.372s] [  0%] Built target sensor_msgs_generate_messages_py
[0.372s] [  0%] Built target geometry_msgs_generate_messages_eus
[0.375s] [  0%] Built target std_msgs_generate_messages_lisp
[0.375s] [  0%] Built target nodelet_generate_messages_nodejs
[0.376s] [  0%] Built target dynamic_reconfigure_generate_messages_cpp
[0.379s] [  0%] Built target tf2_msgs_generate_messages_nodejs
[0.380s] [  0%] Built target tf_generate_messages_nodejs
[0.380s] [  0%] Built target tf2_msgs_generate_messages_cpp
[0.380s] [  0%] Built target tf2_msgs_generate_messages_eus
[0.381s] [  0%] Built target actionlib_generate_messages_py
[0.393s] [  0%] Built target topic_tools_generate_messages_nodejs
[0.397s] [  0%] Built target topic_tools_generate_messages_eus
[0.397s] [  0%] Built target std_srvs_generate_messages_py
[0.397s] [  0%] Built target sensor_msgs_generate_messages_nodejs
[0.397s] [  0%] Built target topic_tools_generate_messages_cpp
[0.397s] [  0%] Built target rosgraph_msgs_generate_messages_eus
[0.397s] [  0%] Built target jsk_recognition_msgs_generate_messages_lisp
[0.397s] [  0%] Built target roscpp_generate_messages_cpp
[0.398s] [  0%] Built target actionlib_generate_messages_eus
[0.402s] [  0%] Built target geometry_msgs_generate_messages_py
[0.403s] [  0%] Built target bond_generate_messages_lisp
[0.403s] [  0%] Built target pcl_msgs_generate_messages_eus
[0.403s] [  0%] Built target sensor_msgs_generate_messages_cpp
[0.403s] [  0%] Built target geometry_msgs_generate_messages_lisp
[0.403s] [  0%] Built target std_msgs_generate_messages_nodejs
[0.403s] [  0%] Built target jsk_recognition_msgs_generate_messages_eus
[0.407s] [  0%] Built target sensor_msgs_generate_messages_eus
[0.407s] [  0%] Built target std_msgs_generate_messages_py
[0.407s] [  0%] Built target tf_generate_messages_lisp
[0.407s] [  0%] Built target pcl_msgs_generate_messages_py
[0.408s] [  0%] Built target dynamic_reconfigure_generate_messages_lisp
[0.409s] [  0%] Built target actionlib_generate_messages_lisp
[0.412s] [  0%] Built target geometry_msgs_generate_messages_cpp
[0.420s] [  0%] Built target pcl_msgs_generate_messages_cpp
[0.420s] [  0%] Built target jsk_recognition_msgs_generate_messages_cpp
[0.421s] [  0%] Built target topic_tools_generate_messages_lisp
[0.421s] [  0%] Built target autoware_msgs_generate_messages_py
[0.423s] [  0%] Built target autoware_msgs_generate_messages_lisp
[0.425s] [  0%] Built target pcl_msgs_generate_messages_lisp
[0.425s] [  0%] Built target nodelet_generate_messages_lisp
[0.425s] [  0%] Built target autoware_msgs_generate_messages_eus
[0.429s] [  0%] Built target actionlib_generate_messages_nodejs
[0.430s] [  0%] Built target tf_generate_messages_cpp
[0.430s] [  0%] Built target jsk_footstep_msgs_generate_messages_eus
[0.430s] [  0%] Built target std_msgs_generate_messages_eus
[0.430s] [  0%] Built target actionlib_msgs_generate_messages_py
[0.431s] [  0%] Built target actionlib_msgs_generate_messages_cpp
[0.432s] [  0%] Built target std_srvs_generate_messages_cpp
[0.433s] [  0%] Built target jsk_footstep_msgs_generate_messages_nodejs
[0.433s] [  0%] Built target jsk_footstep_msgs_generate_messages_cpp
[0.433s] [  0%] Built target tf_generate_messages_eus
[0.436s] [  0%] Built target autoware_msgs_generate_messages_nodejs
[0.436s] [  0%] Built target jsk_footstep_msgs_generate_messages_lisp
[0.439s] [  0%] Built target actionlib_msgs_generate_messages_lisp
[0.439s] [  0%] Built target dynamic_reconfigure_generate_messages_nodejs
[0.439s] [  0%] Built target pcl_ros_gencfg
[0.439s] [  0%] Built target dynamic_reconfigure_generate_messages_eus
[0.448s] [  0%] Built target dynamic_reconfigure_generate_messages_py
[0.452s] [  0%] Built target tf2_msgs_generate_messages_lisp
[0.453s] [  0%] Built target bond_generate_messages_eus
[0.453s] [  0%] Built target dynamic_reconfigure_gencfg
[0.453s] [  0%] Built target roscpp_generate_messages_eus
[0.453s] [  0%] Built target roscpp_generate_messages_lisp
[0.453s] [  0%] Built target jsk_recognition_msgs_generate_messages_nodejs
[0.456s] [  0%] Built target roscpp_generate_messages_py
[0.457s] [  0%] Built target std_srvs_generate_messages_eus
[0.457s] [  0%] Built target rosgraph_msgs_generate_messages_py
[0.457s] [  0%] Built target actionlib_msgs_generate_messages_eus
[0.457s] [  0%] Built target rosgraph_msgs_generate_messages_nodejs
[0.458s] [  0%] Built target nodelet_generate_messages_eus
[0.458s] [  0%] Built target rosgraph_msgs_generate_messages_lisp
[0.459s] [  0%] Built target bond_generate_messages_py
[0.462s] [  0%] Built target std_srvs_generate_messages_nodejs
[0.462s] [  0%] Built target topic_tools_generate_messages_py
[0.462s] [  0%] Built target nodelet_topic_tools_gencfg
[0.462s] [  0%] Built target actionlib_msgs_generate_messages_nodejs
[0.462s] [  0%] Built target bond_generate_messages_cpp
[0.462s] [  0%] Built target nodelet_generate_messages_cpp
[0.462s] [  0%] Built target bond_generate_messages_nodejs
[0.464s] [  0%] Built target _catkin_empty_exported_target
[0.504s] [100%] Built target lidar_fake_perception_node
[0.606s] Invoked command in '/home/point001/autoware.ai/build/lidar_fake_perception' returned '0': CMAKE_PREFIX_PATH=/home/point001/autoware.ai/install/autoware_msgs:/home/point001/autoware.ai/install/autoware_build_flags:${CMAKE_PREFIX_PATH} PKG_CONFIG_PATH=/home/point001/autoware.ai/install/autoware_msgs/lib/x86_64-linux-gnu/pkgconfig:/home/point001/autoware.ai/install/autoware_msgs/lib/pkgconfig:/home/point001/autoware.ai/install/autoware_build_flags/lib/x86_64-linux-gnu/pkgconfig:/home/point001/autoware.ai/install/autoware_build_flags/lib/pkgconfig:${PKG_CONFIG_PATH} PYTHONPATH=/home/point001/autoware.ai/install/autoware_msgs/lib/python2.7/dist-packages:${PYTHONPATH} ROS_PACKAGE_PATH=/home/point001/autoware.ai/install/autoware_msgs/share:/home/point001/autoware.ai/install/autoware_build_flags/share:${ROS_PACKAGE_PATH} /usr/bin/cmake --build /home/point001/autoware.ai/build/lidar_fake_perception -- -j24 -l24
[1.131s] Invoking command in '/home/point001/autoware.ai/build/lidar_fake_perception': CMAKE_PREFIX_PATH=/home/point001/autoware.ai/install/autoware_msgs:/home/point001/autoware.ai/install/autoware_build_flags:${CMAKE_PREFIX_PATH} PKG_CONFIG_PATH=/home/point001/autoware.ai/install/autoware_msgs/lib/x86_64-linux-gnu/pkgconfig:/home/point001/autoware.ai/install/autoware_msgs/lib/pkgconfig:/home/point001/autoware.ai/install/autoware_build_flags/lib/x86_64-linux-gnu/pkgconfig:/home/point001/autoware.ai/install/autoware_build_flags/lib/pkgconfig:${PKG_CONFIG_PATH} PYTHONPATH=/home/point001/autoware.ai/install/autoware_msgs/lib/python2.7/dist-packages:${PYTHONPATH} ROS_PACKAGE_PATH=/home/point001/autoware.ai/install/autoware_msgs/share:/home/point001/autoware.ai/install/autoware_build_flags/share:${ROS_PACKAGE_PATH} /usr/bin/cmake --build /home/point001/autoware.ai/build/lidar_fake_perception --target tests -- -j24 -l24
[1.190s] Built target tests
[1.365s] Invoked command in '/home/point001/autoware.ai/build/lidar_fake_perception' returned '0': CMAKE_PREFIX_PATH=/home/point001/autoware.ai/install/autoware_msgs:/home/point001/autoware.ai/install/autoware_build_flags:${CMAKE_PREFIX_PATH} PKG_CONFIG_PATH=/home/point001/autoware.ai/install/autoware_msgs/lib/x86_64-linux-gnu/pkgconfig:/home/point001/autoware.ai/install/autoware_msgs/lib/pkgconfig:/home/point001/autoware.ai/install/autoware_build_flags/lib/x86_64-linux-gnu/pkgconfig:/home/point001/autoware.ai/install/autoware_build_flags/lib/pkgconfig:${PKG_CONFIG_PATH} PYTHONPATH=/home/point001/autoware.ai/install/autoware_msgs/lib/python2.7/dist-packages:${PYTHONPATH} ROS_PACKAGE_PATH=/home/point001/autoware.ai/install/autoware_msgs/share:/home/point001/autoware.ai/install/autoware_build_flags/share:${ROS_PACKAGE_PATH} /usr/bin/cmake --build /home/point001/autoware.ai/build/lidar_fake_perception --target tests -- -j24 -l24
[1.796s] Invoking command in '/home/point001/autoware.ai/build/lidar_fake_perception': CMAKE_PREFIX_PATH=/home/point001/autoware.ai/install/autoware_msgs:/home/point001/autoware.ai/install/autoware_build_flags:${CMAKE_PREFIX_PATH} PKG_CONFIG_PATH=/home/point001/autoware.ai/install/autoware_msgs/lib/x86_64-linux-gnu/pkgconfig:/home/point001/autoware.ai/install/autoware_msgs/lib/pkgconfig:/home/point001/autoware.ai/install/autoware_build_flags/lib/x86_64-linux-gnu/pkgconfig:/home/point001/autoware.ai/install/autoware_build_flags/lib/pkgconfig:${PKG_CONFIG_PATH} PYTHONPATH=/home/point001/autoware.ai/install/autoware_msgs/lib/python2.7/dist-packages:${PYTHONPATH} ROS_PACKAGE_PATH=/home/point001/autoware.ai/install/autoware_msgs/share:/home/point001/autoware.ai/install/autoware_build_flags/share:${ROS_PACKAGE_PATH} /usr/bin/cmake --build /home/point001/autoware.ai/build/lidar_fake_perception --target install -- -j24 -l24
[1.911s] [  0%] Built target geometry_msgs_generate_messages_eus
[1.915s] [  0%] Built target rosgraph_msgs_generate_messages_cpp
[1.915s] [  0%] Built target tf_generate_messages_py
[1.915s] [  0%] Built target jsk_footstep_msgs_generate_messages_py
[1.924s] [  0%] Built target actionlib_generate_messages_py
[1.926s] [  0%] Built target jsk_recognition_msgs_generate_messages_py
[1.939s] [  0%] Built target autoware_msgs_generate_messages_cpp
[1.939s] [  0%] Built target dynamic_reconfigure_generate_messages_cpp
[1.939s] [  0%] Built target actionlib_generate_messages_cpp
[1.939s] [  0%] Built target roscpp_generate_messages_nodejs
[1.940s] [  0%] Built target pcl_msgs_generate_messages_nodejs
[1.940s] [  0%] Built target geometry_msgs_generate_messages_nodejs
[1.945s] [  0%] Built target tf2_msgs_generate_messages_py
[1.945s] [  0%] Built target sensor_msgs_generate_messages_py
[1.945s] [  0%] Built target std_msgs_generate_messages_lisp
[1.946s] [  0%] Built target nodelet_generate_messages_nodejs
[1.961s] [  0%] Built target tf2_msgs_generate_messages_cpp
[1.961s] [  0%] Built target std_srvs_generate_messages_lisp
[1.961s] [  0%] Built target sensor_msgs_generate_messages_lisp
[1.962s] [  0%] Built target tf2_msgs_generate_messages_nodejs
[1.964s] [  0%] Built target topic_tools_generate_messages_nodejs
[1.975s] [  0%] Built target std_msgs_generate_messages_cpp
[1.980s] [  0%] Built target tf_generate_messages_nodejs
[1.985s] [  0%] Built target nodelet_generate_messages_py
[1.991s] [  0%] Built target std_srvs_generate_messages_py
[1.992s] [  0%] Built target tf2_msgs_generate_messages_eus
[2.008s] [  0%] Built target topic_tools_generate_messages_eus
[2.022s] [  0%] Built target sensor_msgs_generate_messages_nodejs
[2.026s] [  0%] Built target std_msgs_generate_messages_py
[2.028s] [  0%] Built target topic_tools_generate_messages_cpp
[2.030s] [  0%] Built target pcl_msgs_generate_messages_eus
[2.032s] [  0%] Built target roscpp_generate_messages_cpp
[2.037s] [  0%] Built target tf_generate_messages_lisp
[2.039s] [  0%] Built target jsk_recognition_msgs_generate_messages_eus
[2.046s] [  0%] Built target rosgraph_msgs_generate_messages_eus
[2.052s] [  0%] Built target std_msgs_generate_messages_nodejs
[2.055s] [  0%] Built target bond_generate_messages_lisp
[2.055s] [  0%] Built target actionlib_generate_messages_eus
[2.068s] [  0%] Built target jsk_recognition_msgs_generate_messages_lisp
[2.068s] [  0%] Built target jsk_recognition_msgs_generate_messages_cpp
[2.072s] [  0%] Built target geometry_msgs_generate_messages_py
[2.078s] [  0%] Built target sensor_msgs_generate_messages_cpp
[2.079s] [  0%] Built target sensor_msgs_generate_messages_eus
[2.086s] [  0%] Built target pcl_msgs_generate_messages_py
[2.105s] [  0%] Built target actionlib_generate_messages_lisp
[2.119s] [  0%] Built target pcl_msgs_generate_messages_lisp
[2.122s] [  0%] Built target autoware_msgs_generate_messages_eus
[2.122s] [  0%] Built target pcl_msgs_generate_messages_cpp
[2.136s] [  0%] Built target topic_tools_generate_messages_lisp
[2.138s] [  0%] Built target std_msgs_generate_messages_eus
[2.145s] [  0%] Built target autoware_msgs_generate_messages_lisp
[2.149s] [  0%] Built target tf_generate_messages_cpp
[2.166s] [  0%] Built target actionlib_generate_messages_nodejs
[2.167s] [  0%] Built target autoware_msgs_generate_messages_py
[2.167s] [  0%] Built target nodelet_generate_messages_lisp
[2.167s] [  0%] Built target jsk_footstep_msgs_generate_messages_lisp
[2.175s] [  0%] Built target actionlib_msgs_generate_messages_py
[2.175s] [  0%] Built target dynamic_reconfigure_generate_messages_lisp
[2.179s] [  0%] Built target geometry_msgs_generate_messages_lisp
[2.187s] [  0%] Built target pcl_ros_gencfg
[2.188s] [  0%] Built target geometry_msgs_generate_messages_cpp
[2.190s] [  0%] Built target jsk_footstep_msgs_generate_messages_cpp
[2.204s] [  0%] Built target dynamic_reconfigure_generate_messages_nodejs
[2.207s] [  0%] Built target tf2_msgs_generate_messages_lisp
[2.221s] [  0%] Built target tf_generate_messages_eus
[2.225s] [  0%] Built target actionlib_msgs_generate_messages_cpp
[2.226s] [  0%] Built target jsk_footstep_msgs_generate_messages_eus
[2.226s] [  0%] Built target jsk_footstep_msgs_generate_messages_nodejs
[2.238s] [  0%] Built target actionlib_msgs_generate_messages_lisp
[2.249s] [  0%] Built target autoware_msgs_generate_messages_nodejs
[2.268s] [  0%] Built target dynamic_reconfigure_generate_messages_eus
[2.285s] [  0%] Built target jsk_recognition_msgs_generate_messages_nodejs
[2.286s] [  0%] Built target roscpp_generate_messages_py
[2.286s] [  0%] Built target roscpp_generate_messages_eus
[2.287s] [  0%] Built target actionlib_msgs_generate_messages_eus
[2.288s] [  0%] Built target dynamic_reconfigure_generate_messages_py
[2.301s] [  0%] Built target dynamic_reconfigure_gencfg
[2.311s] [  0%] Built target rosgraph_msgs_generate_messages_nodejs
[2.311s] [  0%] Built target nodelet_generate_messages_cpp
[2.312s] [  0%] Built target bond_generate_messages_py
[2.317s] [  0%] Built target roscpp_generate_messages_lisp
[2.321s] [  0%] Built target std_srvs_generate_messages_cpp
[2.331s] [  0%] Built target nodelet_generate_messages_eus
[2.332s] [  0%] Built target bond_generate_messages_eus
[2.350s] [  0%] Built target topic_tools_generate_messages_py
[2.350s] [  0%] Built target rosgraph_msgs_generate_messages_py
[2.359s] [  0%] Built target rosgraph_msgs_generate_messages_lisp
[2.368s] [  0%] Built target std_srvs_generate_messages_nodejs
[2.371s] [  0%] Built target _catkin_empty_exported_target
[2.383s] [  0%] Built target bond_generate_messages_nodejs
[2.384s] [  0%] Built target bond_generate_messages_cpp
[2.395s] [  0%] Built target std_srvs_generate_messages_eus
[2.418s] [  0%] Built target actionlib_msgs_generate_messages_nodejs
[2.464s] [  0%] Built target nodelet_topic_tools_gencfg
[2.576s] [100%] Built target lidar_fake_perception_node
[2.613s] [36mInstall the project...[0m
[2.630s] -- Install configuration: "Release"
[2.630s] -- Up-to-date: /home/point001/autoware.ai/install/lidar_fake_perception/lib/pkgconfig/lidar_fake_perception.pc
[2.630s] -- Up-to-date: /home/point001/autoware.ai/install/lidar_fake_perception/share/lidar_fake_perception/cmake/lidar_fake_perceptionConfig.cmake
[2.630s] -- Up-to-date: /home/point001/autoware.ai/install/lidar_fake_perception/share/lidar_fake_perception/cmake/lidar_fake_perceptionConfig-version.cmake
[2.630s] -- Up-to-date: /home/point001/autoware.ai/install/lidar_fake_perception/share/lidar_fake_perception/package.xml
[2.630s] -- Up-to-date: /home/point001/autoware.ai/install/lidar_fake_perception/lib/lidar_fake_perception/lidar_fake_perception_node
[2.630s] -- Up-to-date: /home/point001/autoware.ai/install/lidar_fake_perception/share/lidar_fake_perception/launch
[2.630s] -- Up-to-date: /home/point001/autoware.ai/install/lidar_fake_perception/share/lidar_fake_perception/launch/lidar_fake_perception.launch
[2.686s] Invoked command in '/home/point001/autoware.ai/build/lidar_fake_perception' returned '0': CMAKE_PREFIX_PATH=/home/point001/autoware.ai/install/autoware_msgs:/home/point001/autoware.ai/install/autoware_build_flags:${CMAKE_PREFIX_PATH} PKG_CONFIG_PATH=/home/point001/autoware.ai/install/autoware_msgs/lib/x86_64-linux-gnu/pkgconfig:/home/point001/autoware.ai/install/autoware_msgs/lib/pkgconfig:/home/point001/autoware.ai/install/autoware_build_flags/lib/x86_64-linux-gnu/pkgconfig:/home/point001/autoware.ai/install/autoware_build_flags/lib/pkgconfig:${PKG_CONFIG_PATH} PYTHONPATH=/home/point001/autoware.ai/install/autoware_msgs/lib/python2.7/dist-packages:${PYTHONPATH} ROS_PACKAGE_PATH=/home/point001/autoware.ai/install/autoware_msgs/share:/home/point001/autoware.ai/install/autoware_build_flags/share:${ROS_PACKAGE_PATH} /usr/bin/cmake --build /home/point001/autoware.ai/build/lidar_fake_perception --target install -- -j24 -l24
