[0.157s] Invoking command in '/home/point001/autoware.ai/build/op_utility': CMAKE_PREFIX_PATH=/home/point001/autoware.ai/install/vector_map_server:/home/point001/autoware.ai/install/vector_map:/home/point001/autoware.ai/install/vector_map_msgs:/home/point001/autoware.ai/install/autoware_msgs:/home/point001/autoware.ai/install/autoware_build_flags:${CMAKE_PREFIX_PATH} LD_LIBRARY_PATH=/home/point001/autoware.ai/install/vector_map/lib:/opt/ros/melodic/lib:/usr/local/cuda-10.0/lib64 PKG_CONFIG_PATH=/home/point001/autoware.ai/install/vector_map_server/lib/x86_64-linux-gnu/pkgconfig:/home/point001/autoware.ai/install/vector_map_server/lib/pkgconfig:/home/point001/autoware.ai/install/vector_map/lib/x86_64-linux-gnu/pkgconfig:/home/point001/autoware.ai/install/vector_map/lib/pkgconfig:/home/point001/autoware.ai/install/vector_map_msgs/lib/x86_64-linux-gnu/pkgconfig:/home/point001/autoware.ai/install/vector_map_msgs/lib/pkgconfig:/home/point001/autoware.ai/install/autoware_msgs/lib/x86_64-linux-gnu/pkgconfig:/home/point001/autoware.ai/install/autoware_msgs/lib/pkgconfig:/home/point001/autoware.ai/install/autoware_build_flags/lib/x86_64-linux-gnu/pkgconfig:/home/point001/autoware.ai/install/autoware_build_flags/lib/pkgconfig:${PKG_CONFIG_PATH} PYTHONPATH=/home/point001/autoware.ai/install/vector_map_server/lib/python2.7/dist-packages:/home/point001/autoware.ai/install/vector_map_msgs/lib/python2.7/dist-packages:/home/point001/autoware.ai/install/autoware_msgs/lib/python2.7/dist-packages:${PYTHONPATH} ROS_PACKAGE_PATH=/home/point001/autoware.ai/install/vector_map_server/share:/home/point001/autoware.ai/install/vector_map/share:/home/point001/autoware.ai/install/vector_map_msgs/share:/home/point001/autoware.ai/install/autoware_msgs/share:/home/point001/autoware.ai/install/autoware_build_flags/share:${ROS_PACKAGE_PATH} /usr/bin/cmake --build /home/point001/autoware.ai/build/op_utility -- -j24 -l24
[0.327s] [100%] Built target op_utility
[0.498s] Invoked command in '/home/point001/autoware.ai/build/op_utility' returned '0': CMAKE_PREFIX_PATH=/home/point001/autoware.ai/install/vector_map_server:/home/point001/autoware.ai/install/vector_map:/home/point001/autoware.ai/install/vector_map_msgs:/home/point001/autoware.ai/install/autoware_msgs:/home/point001/autoware.ai/install/autoware_build_flags:${CMAKE_PREFIX_PATH} LD_LIBRARY_PATH=/home/point001/autoware.ai/install/vector_map/lib:/opt/ros/melodic/lib:/usr/local/cuda-10.0/lib64 PKG_CONFIG_PATH=/home/point001/autoware.ai/install/vector_map_server/lib/x86_64-linux-gnu/pkgconfig:/home/point001/autoware.ai/install/vector_map_server/lib/pkgconfig:/home/point001/autoware.ai/install/vector_map/lib/x86_64-linux-gnu/pkgconfig:/home/point001/autoware.ai/install/vector_map/lib/pkgconfig:/home/point001/autoware.ai/install/vector_map_msgs/lib/x86_64-linux-gnu/pkgconfig:/home/point001/autoware.ai/install/vector_map_msgs/lib/pkgconfig:/home/point001/autoware.ai/install/autoware_msgs/lib/x86_64-linux-gnu/pkgconfig:/home/point001/autoware.ai/install/autoware_msgs/lib/pkgconfig:/home/point001/autoware.ai/install/autoware_build_flags/lib/x86_64-linux-gnu/pkgconfig:/home/point001/autoware.ai/install/autoware_build_flags/lib/pkgconfig:${PKG_CONFIG_PATH} PYTHONPATH=/home/point001/autoware.ai/install/vector_map_server/lib/python2.7/dist-packages:/home/point001/autoware.ai/install/vector_map_msgs/lib/python2.7/dist-packages:/home/point001/autoware.ai/install/autoware_msgs/lib/python2.7/dist-packages:${PYTHONPATH} ROS_PACKAGE_PATH=/home/point001/autoware.ai/install/vector_map_server/share:/home/point001/autoware.ai/install/vector_map/share:/home/point001/autoware.ai/install/vector_map_msgs/share:/home/point001/autoware.ai/install/autoware_msgs/share:/home/point001/autoware.ai/install/autoware_build_flags/share:${ROS_PACKAGE_PATH} /usr/bin/cmake --build /home/point001/autoware.ai/build/op_utility -- -j24 -l24
[0.746s] Invoking command in '/home/point001/autoware.ai/build/op_utility': CMAKE_PREFIX_PATH=/home/point001/autoware.ai/install/vector_map_server:/home/point001/autoware.ai/install/vector_map:/home/point001/autoware.ai/install/vector_map_msgs:/home/point001/autoware.ai/install/autoware_msgs:/home/point001/autoware.ai/install/autoware_build_flags:${CMAKE_PREFIX_PATH} LD_LIBRARY_PATH=/home/point001/autoware.ai/install/vector_map/lib:/opt/ros/melodic/lib:/usr/local/cuda-10.0/lib64 PKG_CONFIG_PATH=/home/point001/autoware.ai/install/vector_map_server/lib/x86_64-linux-gnu/pkgconfig:/home/point001/autoware.ai/install/vector_map_server/lib/pkgconfig:/home/point001/autoware.ai/install/vector_map/lib/x86_64-linux-gnu/pkgconfig:/home/point001/autoware.ai/install/vector_map/lib/pkgconfig:/home/point001/autoware.ai/install/vector_map_msgs/lib/x86_64-linux-gnu/pkgconfig:/home/point001/autoware.ai/install/vector_map_msgs/lib/pkgconfig:/home/point001/autoware.ai/install/autoware_msgs/lib/x86_64-linux-gnu/pkgconfig:/home/point001/autoware.ai/install/autoware_msgs/lib/pkgconfig:/home/point001/autoware.ai/install/autoware_build_flags/lib/x86_64-linux-gnu/pkgconfig:/home/point001/autoware.ai/install/autoware_build_flags/lib/pkgconfig:${PKG_CONFIG_PATH} PYTHONPATH=/home/point001/autoware.ai/install/vector_map_server/lib/python2.7/dist-packages:/home/point001/autoware.ai/install/vector_map_msgs/lib/python2.7/dist-packages:/home/point001/autoware.ai/install/autoware_msgs/lib/python2.7/dist-packages:${PYTHONPATH} ROS_PACKAGE_PATH=/home/point001/autoware.ai/install/vector_map_server/share:/home/point001/autoware.ai/install/vector_map/share:/home/point001/autoware.ai/install/vector_map_msgs/share:/home/point001/autoware.ai/install/autoware_msgs/share:/home/point001/autoware.ai/install/autoware_build_flags/share:${ROS_PACKAGE_PATH} /usr/bin/cmake --build /home/point001/autoware.ai/build/op_utility --target tests -- -j24 -l24
[1.146s] [  0%] Built target geometry_msgs_generate_messages_py
[1.174s] [  0%] Built target vector_map_msgs_generate_messages_nodejs
[1.175s] [  0%] Built target rosgraph_msgs_generate_messages_cpp
[1.177s] [  0%] Built target jsk_recognition_msgs_generate_messages_eus
[1.178s] [  0%] Built target jsk_recognition_msgs_generate_messages_lisp
[1.185s] [  0%] Built target jsk_recognition_msgs_generate_messages_py
[1.205s] [  0%] Built target tf_generate_messages_nodejs
[1.224s] [  0%] Built target tf2_msgs_generate_messages_cpp
[1.224s] [  0%] Built target geometry_msgs_generate_messages_lisp
[1.224s] [  0%] Built target sensor_msgs_generate_messages_lisp
[1.224s] [  0%] Built target jsk_recognition_msgs_generate_messages_cpp
[1.230s] [  0%] Built target std_msgs_generate_messages_py
[1.230s] [  0%] Built target visualization_msgs_generate_messages_nodejs
[1.230s] [  0%] Built target autoware_msgs_generate_messages_cpp
[1.238s] [  0%] Built target tf2_msgs_generate_messages_nodejs
[1.239s] [ 28%] Built target gtest
[1.254s] [ 28%] Built target rosgraph_msgs_generate_messages_eus
[1.254s] [  0%] Built target autoware_msgs_generate_messages_py
[1.254s] [ 28%] Built target autoware_msgs_generate_messages_eus
[1.258s] [ 28%] Built target visualization_msgs_generate_messages_py
[1.281s] [ 28%] Built target autoware_msgs_generate_messages_lisp
[1.282s] [ 28%] Built target std_msgs_generate_messages_cpp
[1.283s] [ 28%] Built target geometry_msgs_generate_messages_eus
[1.284s] [ 28%] Built target actionlib_msgs_generate_messages_nodejs
[1.310s] [ 28%] Built target roscpp_generate_messages_cpp
[1.318s] [ 28%] Built target visualization_msgs_generate_messages_lisp
[1.320s] [ 28%] Built target vector_map_server_generate_messages_cpp
[1.320s] [ 28%] Built target vector_map_msgs_generate_messages_lisp
[1.334s] [ 28%] Built target vector_map_msgs_generate_messages_cpp
[1.354s] [ 28%] Built target std_msgs_generate_messages_lisp
[1.363s] [ 28%] Built target jsk_footstep_msgs_generate_messages_py
[1.363s] [ 28%] Built target autoware_msgs_generate_messages_nodejs
[1.379s] [ 28%] Built target vector_map_msgs_generate_messages_py
[1.380s] [ 28%] Built target vector_map_server_generate_messages_eus
[1.387s] [ 28%] Built target sensor_msgs_generate_messages_cpp
[1.390s] [ 28%] Built target std_msgs_generate_messages_nodejs
[1.423s] [ 28%] Built target roscpp_generate_messages_nodejs
[1.423s] [ 28%] Built target vector_map_server_generate_messages_lisp
[1.425s] [ 28%] Built target tf_generate_messages_py
[1.430s] [ 28%] Built target std_msgs_generate_messages_eus
[1.431s] [ 28%] Built target sensor_msgs_generate_messages_py
[1.432s] [ 28%] Built target actionlib_msgs_generate_messages_py
[1.432s] [ 28%] Built target jsk_footstep_msgs_generate_messages_eus
[1.457s] [ 28%] Built target pcl_msgs_generate_messages_eus
[1.457s] [ 28%] Built target visualization_msgs_generate_messages_eus
[1.457s] [ 28%] Built target actionlib_generate_messages_cpp
[1.457s] [ 28%] Built target pcl_msgs_generate_messages_nodejs
[1.459s] [ 28%] Built target geometry_msgs_generate_messages_nodejs
[1.459s] [ 28%] Built target sensor_msgs_generate_messages_nodejs
[1.463s] [ 28%] Built target vector_map_msgs_generate_messages_eus
[1.465s] [ 28%] Built target vector_map_server_generate_messages_nodejs
[1.474s] [ 28%] Built target pcl_msgs_generate_messages_cpp
[1.474s] [ 28%] Built target jsk_footstep_msgs_generate_messages_lisp
[1.486s] [ 28%] Built target rosgraph_msgs_generate_messages_py
[1.486s] [ 28%] Built target actionlib_msgs_generate_messages_cpp
[1.486s] [ 28%] Built target roscpp_generate_messages_lisp
[1.497s] [ 28%] Built target jsk_recognition_msgs_generate_messages_nodejs
[1.498s] [ 28%] Built target sensor_msgs_generate_messages_eus
[1.498s] [ 71%] Built target op_utility
[1.498s] [ 71%] Built target tf_generate_messages_eus
[1.506s] [ 71%] Built target jsk_footstep_msgs_generate_messages_cpp
[1.515s] [ 71%] Built target jsk_footstep_msgs_generate_messages_nodejs
[1.516s] [ 71%] Built target actionlib_msgs_generate_messages_lisp
[1.516s] [ 71%] Built target pcl_msgs_generate_messages_py
[1.518s] [ 71%] Built target roscpp_generate_messages_eus
[1.520s] [ 71%] Built target rosgraph_msgs_generate_messages_lisp
[1.520s] [ 71%] Built target tf_generate_messages_lisp
[1.523s] [ 71%] Built target rosgraph_msgs_generate_messages_nodejs
[1.524s] [ 71%] Built target actionlib_msgs_generate_messages_eus
[1.525s] [ 71%] Built target geometry_msgs_generate_messages_cpp
[1.532s] [ 71%] Built target tf_generate_messages_cpp
[1.532s] [ 71%] Built target vector_map_server_generate_messages_py
[1.540s] [ 71%] Built target roscpp_generate_messages_py
[1.540s] [ 71%] Built target tf2_msgs_generate_messages_lisp
[1.545s] [ 71%] Built target actionlib_generate_messages_eus
[1.546s] [ 71%] Built target visualization_msgs_generate_messages_cpp
[1.553s] [ 71%] Built target pcl_msgs_generate_messages_lisp
[1.554s] [ 71%] Built target tf2_msgs_generate_messages_eus
[1.554s] [ 71%] Built target actionlib_generate_messages_lisp
[1.556s] [ 71%] Built target tf2_msgs_generate_messages_py
[1.565s] [ 71%] Built target actionlib_generate_messages_nodejs
[1.581s] [ 71%] Built target actionlib_generate_messages_py
[1.625s] [100%] Built target test-op_utility
[1.665s] [100%] Built target tests
[1.810s] Invoked command in '/home/point001/autoware.ai/build/op_utility' returned '0': CMAKE_PREFIX_PATH=/home/point001/autoware.ai/install/vector_map_server:/home/point001/autoware.ai/install/vector_map:/home/point001/autoware.ai/install/vector_map_msgs:/home/point001/autoware.ai/install/autoware_msgs:/home/point001/autoware.ai/install/autoware_build_flags:${CMAKE_PREFIX_PATH} LD_LIBRARY_PATH=/home/point001/autoware.ai/install/vector_map/lib:/opt/ros/melodic/lib:/usr/local/cuda-10.0/lib64 PKG_CONFIG_PATH=/home/point001/autoware.ai/install/vector_map_server/lib/x86_64-linux-gnu/pkgconfig:/home/point001/autoware.ai/install/vector_map_server/lib/pkgconfig:/home/point001/autoware.ai/install/vector_map/lib/x86_64-linux-gnu/pkgconfig:/home/point001/autoware.ai/install/vector_map/lib/pkgconfig:/home/point001/autoware.ai/install/vector_map_msgs/lib/x86_64-linux-gnu/pkgconfig:/home/point001/autoware.ai/install/vector_map_msgs/lib/pkgconfig:/home/point001/autoware.ai/install/autoware_msgs/lib/x86_64-linux-gnu/pkgconfig:/home/point001/autoware.ai/install/autoware_msgs/lib/pkgconfig:/home/point001/autoware.ai/install/autoware_build_flags/lib/x86_64-linux-gnu/pkgconfig:/home/point001/autoware.ai/install/autoware_build_flags/lib/pkgconfig:${PKG_CONFIG_PATH} PYTHONPATH=/home/point001/autoware.ai/install/vector_map_server/lib/python2.7/dist-packages:/home/point001/autoware.ai/install/vector_map_msgs/lib/python2.7/dist-packages:/home/point001/autoware.ai/install/autoware_msgs/lib/python2.7/dist-packages:${PYTHONPATH} ROS_PACKAGE_PATH=/home/point001/autoware.ai/install/vector_map_server/share:/home/point001/autoware.ai/install/vector_map/share:/home/point001/autoware.ai/install/vector_map_msgs/share:/home/point001/autoware.ai/install/autoware_msgs/share:/home/point001/autoware.ai/install/autoware_build_flags/share:${ROS_PACKAGE_PATH} /usr/bin/cmake --build /home/point001/autoware.ai/build/op_utility --target tests -- -j24 -l24
[1.977s] Invoking command in '/home/point001/autoware.ai/build/op_utility': CMAKE_PREFIX_PATH=/home/point001/autoware.ai/install/vector_map_server:/home/point001/autoware.ai/install/vector_map:/home/point001/autoware.ai/install/vector_map_msgs:/home/point001/autoware.ai/install/autoware_msgs:/home/point001/autoware.ai/install/autoware_build_flags:${CMAKE_PREFIX_PATH} LD_LIBRARY_PATH=/home/point001/autoware.ai/install/vector_map/lib:/opt/ros/melodic/lib:/usr/local/cuda-10.0/lib64 PKG_CONFIG_PATH=/home/point001/autoware.ai/install/vector_map_server/lib/x86_64-linux-gnu/pkgconfig:/home/point001/autoware.ai/install/vector_map_server/lib/pkgconfig:/home/point001/autoware.ai/install/vector_map/lib/x86_64-linux-gnu/pkgconfig:/home/point001/autoware.ai/install/vector_map/lib/pkgconfig:/home/point001/autoware.ai/install/vector_map_msgs/lib/x86_64-linux-gnu/pkgconfig:/home/point001/autoware.ai/install/vector_map_msgs/lib/pkgconfig:/home/point001/autoware.ai/install/autoware_msgs/lib/x86_64-linux-gnu/pkgconfig:/home/point001/autoware.ai/install/autoware_msgs/lib/pkgconfig:/home/point001/autoware.ai/install/autoware_build_flags/lib/x86_64-linux-gnu/pkgconfig:/home/point001/autoware.ai/install/autoware_build_flags/lib/pkgconfig:${PKG_CONFIG_PATH} PYTHONPATH=/home/point001/autoware.ai/install/vector_map_server/lib/python2.7/dist-packages:/home/point001/autoware.ai/install/vector_map_msgs/lib/python2.7/dist-packages:/home/point001/autoware.ai/install/autoware_msgs/lib/python2.7/dist-packages:${PYTHONPATH} ROS_PACKAGE_PATH=/home/point001/autoware.ai/install/vector_map_server/share:/home/point001/autoware.ai/install/vector_map/share:/home/point001/autoware.ai/install/vector_map_msgs/share:/home/point001/autoware.ai/install/autoware_msgs/share:/home/point001/autoware.ai/install/autoware_build_flags/share:${ROS_PACKAGE_PATH} /usr/bin/cmake --build /home/point001/autoware.ai/build/op_utility --target install -- -j24 -l24
[2.154s] [100%] Built target op_utility
[2.193s] [36mInstall the project...[0m
[2.211s] -- Install configuration: "Release"
[2.211s] -- Up-to-date: /home/point001/autoware.ai/install/op_utility/lib/pkgconfig/op_utility.pc
[2.211s] -- Up-to-date: /home/point001/autoware.ai/install/op_utility/share/op_utility/cmake/op_utilityConfig.cmake
[2.211s] -- Up-to-date: /home/point001/autoware.ai/install/op_utility/share/op_utility/cmake/op_utilityConfig-version.cmake
[2.211s] -- Up-to-date: /home/point001/autoware.ai/install/op_utility/share/op_utility/package.xml
[2.211s] -- Up-to-date: /home/point001/autoware.ai/install/op_utility/include/op_utility
[2.211s] -- Up-to-date: /home/point001/autoware.ai/install/op_utility/include/op_utility/UtilityH.h
[2.211s] -- Up-to-date: /home/point001/autoware.ai/install/op_utility/include/op_utility/DataRW.h
[2.212s] -- Up-to-date: /home/point001/autoware.ai/install/op_utility/lib/libop_utility.so
[2.294s] Invoked command in '/home/point001/autoware.ai/build/op_utility' returned '0': CMAKE_PREFIX_PATH=/home/point001/autoware.ai/install/vector_map_server:/home/point001/autoware.ai/install/vector_map:/home/point001/autoware.ai/install/vector_map_msgs:/home/point001/autoware.ai/install/autoware_msgs:/home/point001/autoware.ai/install/autoware_build_flags:${CMAKE_PREFIX_PATH} LD_LIBRARY_PATH=/home/point001/autoware.ai/install/vector_map/lib:/opt/ros/melodic/lib:/usr/local/cuda-10.0/lib64 PKG_CONFIG_PATH=/home/point001/autoware.ai/install/vector_map_server/lib/x86_64-linux-gnu/pkgconfig:/home/point001/autoware.ai/install/vector_map_server/lib/pkgconfig:/home/point001/autoware.ai/install/vector_map/lib/x86_64-linux-gnu/pkgconfig:/home/point001/autoware.ai/install/vector_map/lib/pkgconfig:/home/point001/autoware.ai/install/vector_map_msgs/lib/x86_64-linux-gnu/pkgconfig:/home/point001/autoware.ai/install/vector_map_msgs/lib/pkgconfig:/home/point001/autoware.ai/install/autoware_msgs/lib/x86_64-linux-gnu/pkgconfig:/home/point001/autoware.ai/install/autoware_msgs/lib/pkgconfig:/home/point001/autoware.ai/install/autoware_build_flags/lib/x86_64-linux-gnu/pkgconfig:/home/point001/autoware.ai/install/autoware_build_flags/lib/pkgconfig:${PKG_CONFIG_PATH} PYTHONPATH=/home/point001/autoware.ai/install/vector_map_server/lib/python2.7/dist-packages:/home/point001/autoware.ai/install/vector_map_msgs/lib/python2.7/dist-packages:/home/point001/autoware.ai/install/autoware_msgs/lib/python2.7/dist-packages:${PYTHONPATH} ROS_PACKAGE_PATH=/home/point001/autoware.ai/install/vector_map_server/share:/home/point001/autoware.ai/install/vector_map/share:/home/point001/autoware.ai/install/vector_map_msgs/share:/home/point001/autoware.ai/install/autoware_msgs/share:/home/point001/autoware.ai/install/autoware_build_flags/share:${ROS_PACKAGE_PATH} /usr/bin/cmake --build /home/point001/autoware.ai/build/op_utility --target install -- -j24 -l24
