[0.120s] Invoking command in '/home/point001/autoware.ai/build/vector_map': CMAKE_PREFIX_PATH=/home/point001/autoware.ai/install/vector_map_msgs:/home/point001/autoware.ai/install/autoware_build_flags:${CMAKE_PREFIX_PATH} PKG_CONFIG_PATH=/home/point001/autoware.ai/install/vector_map_msgs/lib/x86_64-linux-gnu/pkgconfig:/home/point001/autoware.ai/install/vector_map_msgs/lib/pkgconfig:/home/point001/autoware.ai/install/autoware_build_flags/lib/x86_64-linux-gnu/pkgconfig:/home/point001/autoware.ai/install/autoware_build_flags/lib/pkgconfig:${PKG_CONFIG_PATH} PYTHONPATH=/home/point001/autoware.ai/install/vector_map_msgs/lib/python2.7/dist-packages:${PYTHONPATH} ROS_PACKAGE_PATH=/home/point001/autoware.ai/install/vector_map_msgs/share:/home/point001/autoware.ai/install/autoware_build_flags/share:${ROS_PACKAGE_PATH} /usr/bin/cmake --build /home/point001/autoware.ai/build/vector_map -- -j24 -l24
[0.190s] [  0%] Built target vector_map_msgs_generate_messages_eus
[0.194s] [  0%] Built target sensor_msgs_generate_messages_nodejs
[0.194s] [  0%] Built target actionlib_msgs_generate_messages_cpp
[0.201s] [  0%] Built target actionlib_generate_messages_py
[0.201s] [  0%] Built target actionlib_msgs_generate_messages_py
[0.201s] [  0%] Built target tf2_msgs_generate_messages_nodejs
[0.201s] [  0%] Built target actionlib_generate_messages_nodejs
[0.210s] [  0%] Built target tf2_msgs_generate_messages_py
[0.210s] [  0%] Built target visualization_msgs_generate_messages_py
[0.210s] [  0%] Built target actionlib_generate_messages_lisp
[0.212s] [  0%] Built target tf2_msgs_generate_messages_lisp
[0.217s] [  0%] Built target geometry_msgs_generate_messages_py
[0.220s] [  0%] Built target actionlib_generate_messages_eus
[0.221s] [  0%] Built target visualization_msgs_generate_messages_eus
[0.222s] [  0%] Built target vector_map_msgs_generate_messages_lisp
[0.222s] [  0%] Built target rosgraph_msgs_generate_messages_nodejs
[0.223s] [  0%] Built target actionlib_msgs_generate_messages_eus
[0.223s] [  0%] Built target vector_map_msgs_generate_messages_py
[0.233s] [  0%] Built target std_msgs_generate_messages_eus
[0.233s] [  0%] Built target tf2_msgs_generate_messages_cpp
[0.233s] [  0%] Built target visualization_msgs_generate_messages_cpp
[0.241s] [  0%] Built target vector_map_msgs_generate_messages_cpp
[0.241s] [  0%] Built target tf2_msgs_generate_messages_eus
[0.241s] [  0%] Built target actionlib_msgs_generate_messages_lisp
[0.243s] [  0%] Built target actionlib_msgs_generate_messages_nodejs
[0.247s] [  0%] Built target rosgraph_msgs_generate_messages_py
[0.267s] [  0%] Built target tf_generate_messages_nodejs
[0.274s] [  0%] Built target roscpp_generate_messages_lisp
[0.275s] [  0%] Built target tf_generate_messages_lisp
[0.277s] [  0%] Built target geometry_msgs_generate_messages_lisp
[0.294s] [  0%] Built target visualization_msgs_generate_messages_nodejs
[0.294s] [  0%] Built target rosgraph_msgs_generate_messages_eus
[0.301s] [  0%] Built target std_msgs_generate_messages_cpp
[0.302s] [  0%] Built target tf_generate_messages_py
[0.302s] [  0%] Built target roscpp_generate_messages_py
[0.307s] [  0%] Built target sensor_msgs_generate_messages_py
[0.307s] [  0%] Built target visualization_msgs_generate_messages_lisp
[0.312s] [  0%] Built target std_msgs_generate_messages_lisp
[0.312s] [  0%] Built target tf_generate_messages_cpp
[0.316s] [  0%] Built target tf_generate_messages_eus
[0.321s] [  0%] Built target geometry_msgs_generate_messages_cpp
[0.329s] [  0%] Built target sensor_msgs_generate_messages_cpp
[0.329s] [  0%] Built target std_msgs_generate_messages_py
[0.330s] [  0%] Built target std_msgs_generate_messages_nodejs
[0.332s] [  0%] Built target _catkin_empty_exported_target
[0.334s] [  0%] Built target geometry_msgs_generate_messages_nodejs
[0.342s] [  0%] Built target sensor_msgs_generate_messages_lisp
[0.349s] [  0%] Built target roscpp_generate_messages_nodejs
[0.349s] [  0%] Built target rosgraph_msgs_generate_messages_cpp
[0.365s] [  0%] Built target roscpp_generate_messages_eus
[0.365s] [  0%] Built target vector_map_msgs_generate_messages_nodejs
[0.365s] [  0%] Built target geometry_msgs_generate_messages_eus
[0.365s] [  0%] Built target sensor_msgs_generate_messages_eus
[0.369s] [  0%] Built target rosgraph_msgs_generate_messages_lisp
[0.370s] [  0%] Built target actionlib_generate_messages_cpp
[0.390s] [  0%] Built target roscpp_generate_messages_cpp
[0.449s] [100%] Built target vector_map
[0.505s] Invoked command in '/home/point001/autoware.ai/build/vector_map' returned '0': CMAKE_PREFIX_PATH=/home/point001/autoware.ai/install/vector_map_msgs:/home/point001/autoware.ai/install/autoware_build_flags:${CMAKE_PREFIX_PATH} PKG_CONFIG_PATH=/home/point001/autoware.ai/install/vector_map_msgs/lib/x86_64-linux-gnu/pkgconfig:/home/point001/autoware.ai/install/vector_map_msgs/lib/pkgconfig:/home/point001/autoware.ai/install/autoware_build_flags/lib/x86_64-linux-gnu/pkgconfig:/home/point001/autoware.ai/install/autoware_build_flags/lib/pkgconfig:${PKG_CONFIG_PATH} PYTHONPATH=/home/point001/autoware.ai/install/vector_map_msgs/lib/python2.7/dist-packages:${PYTHONPATH} ROS_PACKAGE_PATH=/home/point001/autoware.ai/install/vector_map_msgs/share:/home/point001/autoware.ai/install/autoware_build_flags/share:${ROS_PACKAGE_PATH} /usr/bin/cmake --build /home/point001/autoware.ai/build/vector_map -- -j24 -l24
[0.862s] Invoking command in '/home/point001/autoware.ai/build/vector_map': CMAKE_PREFIX_PATH=/home/point001/autoware.ai/install/vector_map_msgs:/home/point001/autoware.ai/install/autoware_build_flags:${CMAKE_PREFIX_PATH} PKG_CONFIG_PATH=/home/point001/autoware.ai/install/vector_map_msgs/lib/x86_64-linux-gnu/pkgconfig:/home/point001/autoware.ai/install/vector_map_msgs/lib/pkgconfig:/home/point001/autoware.ai/install/autoware_build_flags/lib/x86_64-linux-gnu/pkgconfig:/home/point001/autoware.ai/install/autoware_build_flags/lib/pkgconfig:${PKG_CONFIG_PATH} PYTHONPATH=/home/point001/autoware.ai/install/vector_map_msgs/lib/python2.7/dist-packages:${PYTHONPATH} ROS_PACKAGE_PATH=/home/point001/autoware.ai/install/vector_map_msgs/share:/home/point001/autoware.ai/install/autoware_build_flags/share:${ROS_PACKAGE_PATH} /usr/bin/cmake --build /home/point001/autoware.ai/build/vector_map --target tests -- -j24 -l24
[0.929s] Built target tests
[1.099s] Invoked command in '/home/point001/autoware.ai/build/vector_map' returned '0': CMAKE_PREFIX_PATH=/home/point001/autoware.ai/install/vector_map_msgs:/home/point001/autoware.ai/install/autoware_build_flags:${CMAKE_PREFIX_PATH} PKG_CONFIG_PATH=/home/point001/autoware.ai/install/vector_map_msgs/lib/x86_64-linux-gnu/pkgconfig:/home/point001/autoware.ai/install/vector_map_msgs/lib/pkgconfig:/home/point001/autoware.ai/install/autoware_build_flags/lib/x86_64-linux-gnu/pkgconfig:/home/point001/autoware.ai/install/autoware_build_flags/lib/pkgconfig:${PKG_CONFIG_PATH} PYTHONPATH=/home/point001/autoware.ai/install/vector_map_msgs/lib/python2.7/dist-packages:${PYTHONPATH} ROS_PACKAGE_PATH=/home/point001/autoware.ai/install/vector_map_msgs/share:/home/point001/autoware.ai/install/autoware_build_flags/share:${ROS_PACKAGE_PATH} /usr/bin/cmake --build /home/point001/autoware.ai/build/vector_map --target tests -- -j24 -l24
[1.630s] Invoking command in '/home/point001/autoware.ai/build/vector_map': CMAKE_PREFIX_PATH=/home/point001/autoware.ai/install/vector_map_msgs:/home/point001/autoware.ai/install/autoware_build_flags:${CMAKE_PREFIX_PATH} PKG_CONFIG_PATH=/home/point001/autoware.ai/install/vector_map_msgs/lib/x86_64-linux-gnu/pkgconfig:/home/point001/autoware.ai/install/vector_map_msgs/lib/pkgconfig:/home/point001/autoware.ai/install/autoware_build_flags/lib/x86_64-linux-gnu/pkgconfig:/home/point001/autoware.ai/install/autoware_build_flags/lib/pkgconfig:${PKG_CONFIG_PATH} PYTHONPATH=/home/point001/autoware.ai/install/vector_map_msgs/lib/python2.7/dist-packages:${PYTHONPATH} ROS_PACKAGE_PATH=/home/point001/autoware.ai/install/vector_map_msgs/share:/home/point001/autoware.ai/install/autoware_build_flags/share:${ROS_PACKAGE_PATH} /usr/bin/cmake --build /home/point001/autoware.ai/build/vector_map --target install -- -j24 -l24
[1.731s] [  0%] Built target sensor_msgs_generate_messages_nodejs
[1.731s] [  0%] Built target tf2_msgs_generate_messages_cpp
[1.731s] [  0%] Built target tf2_msgs_generate_messages_lisp
[1.731s] [  0%] Built target tf2_msgs_generate_messages_py
[1.731s] [  0%] Built target vector_map_msgs_generate_messages_eus
[1.731s] [  0%] Built target tf2_msgs_generate_messages_nodejs
[1.731s] [  0%] Built target actionlib_msgs_generate_messages_lisp
[1.731s] [  0%] Built target visualization_msgs_generate_messages_cpp
[1.731s] [  0%] Built target tf2_msgs_generate_messages_eus
[1.731s] [  0%] Built target actionlib_generate_messages_nodejs
[1.731s] [  0%] Built target actionlib_msgs_generate_messages_cpp
[1.732s] [  0%] Built target visualization_msgs_generate_messages_eus
[1.732s] [  0%] Built target vector_map_msgs_generate_messages_cpp
[1.732s] [  0%] Built target visualization_msgs_generate_messages_py
[1.732s] [  0%] Built target geometry_msgs_generate_messages_py
[1.732s] [  0%] Built target actionlib_generate_messages_eus
[1.732s] [  0%] Built target actionlib_generate_messages_lisp
[1.732s] [  0%] Built target actionlib_generate_messages_py
[1.732s] [  0%] Built target vector_map_msgs_generate_messages_py
[1.732s] [  0%] Built target actionlib_msgs_generate_messages_py
[1.732s] [  0%] Built target vector_map_msgs_generate_messages_lisp
[1.732s] [  0%] Built target actionlib_msgs_generate_messages_eus
[1.732s] [  0%] Built target rosgraph_msgs_generate_messages_nodejs
[1.733s] [  0%] Built target std_msgs_generate_messages_eus
[1.733s] [  0%] Built target tf_generate_messages_lisp
[1.738s] [  0%] Built target visualization_msgs_generate_messages_lisp
[1.738s] [  0%] Built target tf_generate_messages_cpp
[1.740s] [  0%] Built target geometry_msgs_generate_messages_lisp
[1.740s] [  0%] Built target rosgraph_msgs_generate_messages_eus
[1.741s] [  0%] Built target roscpp_generate_messages_lisp
[1.751s] [  0%] Built target tf_generate_messages_nodejs
[1.751s] [  0%] Built target sensor_msgs_generate_messages_py
[1.753s] [  0%] Built target tf_generate_messages_eus
[1.754s] [  0%] Built target visualization_msgs_generate_messages_nodejs
[1.755s] [  0%] Built target geometry_msgs_generate_messages_cpp
[1.755s] [  0%] Built target std_msgs_generate_messages_cpp
[1.762s] [  0%] Built target vector_map_msgs_generate_messages_nodejs
[1.763s] [  0%] Built target std_msgs_generate_messages_lisp
[1.764s] [  0%] Built target sensor_msgs_generate_messages_eus
[1.766s] [  0%] Built target rosgraph_msgs_generate_messages_py
[1.774s] [  0%] Built target roscpp_generate_messages_py
[1.777s] [  0%] Built target geometry_msgs_generate_messages_nodejs
[1.777s] [  0%] Built target std_msgs_generate_messages_py
[1.786s] [  0%] Built target tf_generate_messages_py
[1.789s] [  0%] Built target rosgraph_msgs_generate_messages_cpp
[1.789s] [  0%] Built target actionlib_msgs_generate_messages_nodejs
[1.790s] [  0%] Built target sensor_msgs_generate_messages_cpp
[1.800s] [  0%] Built target _catkin_empty_exported_target
[1.801s] [  0%] Built target roscpp_generate_messages_nodejs
[1.811s] [  0%] Built target roscpp_generate_messages_cpp
[1.818s] [  0%] Built target geometry_msgs_generate_messages_eus
[1.838s] [  0%] Built target roscpp_generate_messages_eus
[1.838s] [  0%] Built target sensor_msgs_generate_messages_lisp
[1.840s] [  0%] Built target rosgraph_msgs_generate_messages_lisp
[1.840s] [  0%] Built target std_msgs_generate_messages_nodejs
[1.844s] [  0%] Built target actionlib_generate_messages_cpp
[1.928s] [100%] Built target vector_map
[1.961s] [36mInstall the project...[0m
[1.987s] -- Install configuration: "Release"
[1.987s] -- Up-to-date: /home/point001/autoware.ai/install/vector_map/lib/pkgconfig/vector_map.pc
[1.987s] -- Up-to-date: /home/point001/autoware.ai/install/vector_map/share/vector_map/cmake/vector_mapConfig.cmake
[1.987s] -- Up-to-date: /home/point001/autoware.ai/install/vector_map/share/vector_map/cmake/vector_mapConfig-version.cmake
[1.987s] -- Up-to-date: /home/point001/autoware.ai/install/vector_map/share/vector_map/package.xml
[1.988s] -- Up-to-date: /home/point001/autoware.ai/install/vector_map/include/vector_map
[1.988s] -- Up-to-date: /home/point001/autoware.ai/install/vector_map/include/vector_map/vector_map.h
[1.988s] -- Up-to-date: /home/point001/autoware.ai/install/vector_map/lib/libvector_map.so
[2.033s] Invoked command in '/home/point001/autoware.ai/build/vector_map' returned '0': CMAKE_PREFIX_PATH=/home/point001/autoware.ai/install/vector_map_msgs:/home/point001/autoware.ai/install/autoware_build_flags:${CMAKE_PREFIX_PATH} PKG_CONFIG_PATH=/home/point001/autoware.ai/install/vector_map_msgs/lib/x86_64-linux-gnu/pkgconfig:/home/point001/autoware.ai/install/vector_map_msgs/lib/pkgconfig:/home/point001/autoware.ai/install/autoware_build_flags/lib/x86_64-linux-gnu/pkgconfig:/home/point001/autoware.ai/install/autoware_build_flags/lib/pkgconfig:${PKG_CONFIG_PATH} PYTHONPATH=/home/point001/autoware.ai/install/vector_map_msgs/lib/python2.7/dist-packages:${PYTHONPATH} ROS_PACKAGE_PATH=/home/point001/autoware.ai/install/vector_map_msgs/share:/home/point001/autoware.ai/install/autoware_build_flags/share:${ROS_PACKAGE_PATH} /usr/bin/cmake --build /home/point001/autoware.ai/build/vector_map --target install -- -j24 -l24
