[0.262s] Invoking command in '/home/point001/autoware.ai/build/autoware_lanelet2_msgs': /usr/bin/cmake --build /home/point001/autoware.ai/build/autoware_lanelet2_msgs -- -j24 -l24
[0.689s] [  0%] Built target std_msgs_generate_messages_cpp
[0.689s] [  0%] Built target std_msgs_generate_messages_eus
[0.690s] [  0%] Built target std_msgs_generate_messages_py
[0.690s] [  0%] Built target std_msgs_generate_messages_nodejs
[0.690s] [  0%] Built target std_msgs_generate_messages_lisp
[0.690s] [  0%] Built target _autoware_lanelet2_msgs_generate_messages_check_deps_MapBin
[0.870s] [ 14%] Built target autoware_lanelet2_msgs_generate_messages_lisp
[0.895s] [ 28%] Built target autoware_lanelet2_msgs_generate_messages_cpp
[0.936s] [ 57%] Built target autoware_lanelet2_msgs_generate_messages_eus
[1.039s] [ 71%] Built target autoware_lanelet2_msgs_generate_messages_nodejs
[1.050s] [100%] Built target autoware_lanelet2_msgs_generate_messages_py
[1.202s] [100%] Built target autoware_lanelet2_msgs_generate_messages
[1.275s] Invoked command in '/home/point001/autoware.ai/build/autoware_lanelet2_msgs' returned '0': /usr/bin/cmake --build /home/point001/autoware.ai/build/autoware_lanelet2_msgs -- -j24 -l24
[1.401s] Invoking command in '/home/point001/autoware.ai/build/autoware_lanelet2_msgs': /usr/bin/cmake --build /home/point001/autoware.ai/build/autoware_lanelet2_msgs --target tests -- -j24 -l24
[1.550s] Built target tests
[1.611s] Invoked command in '/home/point001/autoware.ai/build/autoware_lanelet2_msgs' returned '0': /usr/bin/cmake --build /home/point001/autoware.ai/build/autoware_lanelet2_msgs --target tests -- -j24 -l24
[1.736s] Invoking command in '/home/point001/autoware.ai/build/autoware_lanelet2_msgs': /usr/bin/cmake --build /home/point001/autoware.ai/build/autoware_lanelet2_msgs --target install -- -j24 -l24
[1.831s] [  0%] Built target std_msgs_generate_messages_cpp
[1.831s] [  0%] Built target std_msgs_generate_messages_eus
[1.831s] [  0%] Built target std_msgs_generate_messages_py
[1.832s] [  0%] Built target std_msgs_generate_messages_nodejs
[1.840s] [  0%] Built target std_msgs_generate_messages_lisp
[1.897s] [  0%] Built target _autoware_lanelet2_msgs_generate_messages_check_deps_MapBin
[1.955s] [ 28%] Built target autoware_lanelet2_msgs_generate_messages_eus
[1.960s] [ 57%] Built target autoware_lanelet2_msgs_generate_messages_py
[1.966s] [ 71%] Built target autoware_lanelet2_msgs_generate_messages_cpp
[1.970s] [ 85%] Built target autoware_lanelet2_msgs_generate_messages_nodejs
[1.993s] [100%] Built target autoware_lanelet2_msgs_generate_messages_lisp
[2.060s] [100%] Built target autoware_lanelet2_msgs_generate_messages
[2.102s] [36mInstall the project...[0m
[2.122s] -- Install configuration: "Release"
[2.122s] -- Up-to-date: /home/point001/autoware.ai/install/autoware_lanelet2_msgs/share/autoware_lanelet2_msgs/msg/MapBin.msg
[2.123s] -- Up-to-date: /home/point001/autoware.ai/install/autoware_lanelet2_msgs/share/autoware_lanelet2_msgs/cmake/autoware_lanelet2_msgs-msg-paths.cmake
[2.123s] -- Up-to-date: /home/point001/autoware.ai/install/autoware_lanelet2_msgs/include/autoware_lanelet2_msgs
[2.123s] -- Up-to-date: /home/point001/autoware.ai/install/autoware_lanelet2_msgs/include/autoware_lanelet2_msgs/MapBin.h
[2.123s] -- Up-to-date: /home/point001/autoware.ai/install/autoware_lanelet2_msgs/share/roseus/ros/autoware_lanelet2_msgs
[2.123s] -- Up-to-date: /home/point001/autoware.ai/install/autoware_lanelet2_msgs/share/roseus/ros/autoware_lanelet2_msgs/manifest.l
[2.123s] -- Up-to-date: /home/point001/autoware.ai/install/autoware_lanelet2_msgs/share/roseus/ros/autoware_lanelet2_msgs/msg
[2.123s] -- Up-to-date: /home/point001/autoware.ai/install/autoware_lanelet2_msgs/share/roseus/ros/autoware_lanelet2_msgs/msg/MapBin.l
[2.123s] -- Up-to-date: /home/point001/autoware.ai/install/autoware_lanelet2_msgs/share/common-lisp/ros/autoware_lanelet2_msgs
[2.123s] -- Up-to-date: /home/point001/autoware.ai/install/autoware_lanelet2_msgs/share/common-lisp/ros/autoware_lanelet2_msgs/msg
[2.123s] -- Up-to-date: /home/point001/autoware.ai/install/autoware_lanelet2_msgs/share/common-lisp/ros/autoware_lanelet2_msgs/msg/MapBin.lisp
[2.123s] -- Up-to-date: /home/point001/autoware.ai/install/autoware_lanelet2_msgs/share/common-lisp/ros/autoware_lanelet2_msgs/msg/autoware_lanelet2_msgs-msg.asd
[2.123s] -- Up-to-date: /home/point001/autoware.ai/install/autoware_lanelet2_msgs/share/common-lisp/ros/autoware_lanelet2_msgs/msg/_package.lisp
[2.124s] -- Up-to-date: /home/point001/autoware.ai/install/autoware_lanelet2_msgs/share/common-lisp/ros/autoware_lanelet2_msgs/msg/_package_MapBin.lisp
[2.124s] -- Up-to-date: /home/point001/autoware.ai/install/autoware_lanelet2_msgs/share/gennodejs/ros/autoware_lanelet2_msgs
[2.124s] -- Up-to-date: /home/point001/autoware.ai/install/autoware_lanelet2_msgs/share/gennodejs/ros/autoware_lanelet2_msgs/_index.js
[2.124s] -- Up-to-date: /home/point001/autoware.ai/install/autoware_lanelet2_msgs/share/gennodejs/ros/autoware_lanelet2_msgs/msg
[2.124s] -- Up-to-date: /home/point001/autoware.ai/install/autoware_lanelet2_msgs/share/gennodejs/ros/autoware_lanelet2_msgs/msg/MapBin.js
[2.124s] -- Up-to-date: /home/point001/autoware.ai/install/autoware_lanelet2_msgs/share/gennodejs/ros/autoware_lanelet2_msgs/msg/_index.js
[2.146s] Listing /home/point001/autoware.ai/build/autoware_lanelet2_msgs/devel/lib/python2.7/dist-packages/autoware_lanelet2_msgs ...
[2.146s] Listing /home/point001/autoware.ai/build/autoware_lanelet2_msgs/devel/lib/python2.7/dist-packages/autoware_lanelet2_msgs/msg ...
[2.147s] -- Up-to-date: /home/point001/autoware.ai/install/autoware_lanelet2_msgs/lib/python2.7/dist-packages/autoware_lanelet2_msgs
[2.147s] -- Up-to-date: /home/point001/autoware.ai/install/autoware_lanelet2_msgs/lib/python2.7/dist-packages/autoware_lanelet2_msgs/msg
[2.147s] -- Up-to-date: /home/point001/autoware.ai/install/autoware_lanelet2_msgs/lib/python2.7/dist-packages/autoware_lanelet2_msgs/msg/_MapBin.pyc
[2.147s] -- Up-to-date: /home/point001/autoware.ai/install/autoware_lanelet2_msgs/lib/python2.7/dist-packages/autoware_lanelet2_msgs/msg/__init__.py
[2.147s] -- Up-to-date: /home/point001/autoware.ai/install/autoware_lanelet2_msgs/lib/python2.7/dist-packages/autoware_lanelet2_msgs/msg/__init__.pyc
[2.148s] -- Up-to-date: /home/point001/autoware.ai/install/autoware_lanelet2_msgs/lib/python2.7/dist-packages/autoware_lanelet2_msgs/msg/_MapBin.py
[2.148s] -- Up-to-date: /home/point001/autoware.ai/install/autoware_lanelet2_msgs/lib/python2.7/dist-packages/autoware_lanelet2_msgs/__init__.py
[2.148s] -- Up-to-date: /home/point001/autoware.ai/install/autoware_lanelet2_msgs/lib/python2.7/dist-packages/autoware_lanelet2_msgs/__init__.pyc
[2.148s] -- Up-to-date: /home/point001/autoware.ai/install/autoware_lanelet2_msgs/lib/pkgconfig/autoware_lanelet2_msgs.pc
[2.148s] -- Up-to-date: /home/point001/autoware.ai/install/autoware_lanelet2_msgs/share/autoware_lanelet2_msgs/cmake/autoware_lanelet2_msgs-msg-extras.cmake
[2.148s] -- Up-to-date: /home/point001/autoware.ai/install/autoware_lanelet2_msgs/share/autoware_lanelet2_msgs/cmake/autoware_lanelet2_msgsConfig.cmake
[2.148s] -- Up-to-date: /home/point001/autoware.ai/install/autoware_lanelet2_msgs/share/autoware_lanelet2_msgs/cmake/autoware_lanelet2_msgsConfig-version.cmake
[2.148s] -- Up-to-date: /home/point001/autoware.ai/install/autoware_lanelet2_msgs/share/autoware_lanelet2_msgs/package.xml
[2.410s] Invoked command in '/home/point001/autoware.ai/build/autoware_lanelet2_msgs' returned '0': /usr/bin/cmake --build /home/point001/autoware.ai/build/autoware_lanelet2_msgs --target install -- -j24 -l24
