[0.056s] Invoking command in '/home/point001/autoware.ai/build/imm_ukf_pda_track': CMAKE_PREFIX_PATH=/home/point001/autoware.ai/install/lanelet2_extension:/home/point001/autoware.ai/install/lanelet2_validation:/home/point001/autoware.ai/install/lanelet2_routing:/home/point001/autoware.ai/install/lanelet2_projection:/home/point001/autoware.ai/install/lanelet2_traffic_rules:/home/point001/autoware.ai/install/lanelet2_maps:/home/point001/autoware.ai/install/lanelet2_io:/home/point001/autoware.ai/install/vector_map:/home/point001/autoware.ai/install/lanelet2_core:/home/point001/autoware.ai/install/amathutils_lib:/home/point001/autoware.ai/install/vector_map_msgs:/home/point001/autoware.ai/install/autoware_msgs:/home/point001/autoware.ai/install/autoware_lanelet2_msgs:/home/point001/autoware.ai/install/autoware_build_flags:${CMAKE_PREFIX_PATH} LD_LIBRARY_PATH=/home/point001/autoware.ai/install/lanelet2_extension/lib:/home/point001/autoware.ai/install/lanelet2_validation/lib:/home/point001/autoware.ai/install/lanelet2_routing/lib:/home/point001/autoware.ai/install/lanelet2_projection/lib:/home/point001/autoware.ai/install/lanelet2_traffic_rules/lib:/home/point001/autoware.ai/install/lanelet2_io/lib:/home/point001/autoware.ai/install/vector_map/lib:/home/point001/autoware.ai/install/lanelet2_core/lib:/home/point001/autoware.ai/install/amathutils_lib/lib:/opt/ros/melodic/lib:/usr/local/cuda-10.0/lib64 PKG_CONFIG_PATH=/home/point001/autoware.ai/install/lanelet2_extension/lib/x86_64-linux-gnu/pkgconfig:/home/point001/autoware.ai/install/lanelet2_extension/lib/pkgconfig:/home/point001/autoware.ai/install/lanelet2_validation/lib/x86_64-linux-gnu/pkgconfig:/home/point001/autoware.ai/install/lanelet2_validation/lib/pkgconfig:/home/point001/autoware.ai/install/lanelet2_routing/lib/x86_64-linux-gnu/pkgconfig:/home/point001/autoware.ai/install/lanelet2_routing/lib/pkgconfig:/home/point001/autoware.ai/install/lanelet2_projection/lib/x86_64-linux-gnu/pkgconfig:/home/point001/autoware.ai/install/lanelet2_projection/lib/pkgconfig:/home/point001/autoware.ai/install/lanelet2_traffic_rules/lib/x86_64-linux-gnu/pkgconfig:/home/point001/autoware.ai/install/lanelet2_traffic_rules/lib/pkgconfig:/home/point001/autoware.ai/install/lanelet2_maps/lib/x86_64-linux-gnu/pkgconfig:/home/point001/autoware.ai/install/lanelet2_maps/lib/pkgconfig:/home/point001/autoware.ai/install/lanelet2_io/lib/x86_64-linux-gnu/pkgconfig:/home/point001/autoware.ai/install/lanelet2_io/lib/pkgconfig:/home/point001/autoware.ai/install/vector_map/lib/x86_64-linux-gnu/pkgconfig:/home/point001/autoware.ai/install/vector_map/lib/pkgconfig:/home/point001/autoware.ai/install/lanelet2_core/lib/x86_64-linux-gnu/pkgconfig:/home/point001/autoware.ai/install/lanelet2_core/lib/pkgconfig:/home/point001/autoware.ai/install/amathutils_lib/lib/x86_64-linux-gnu/pkgconfig:/home/point001/autoware.ai/install/amathutils_lib/lib/pkgconfig:/home/point001/autoware.ai/install/vector_map_msgs/lib/x86_64-linux-gnu/pkgconfig:/home/point001/autoware.ai/install/vector_map_msgs/lib/pkgconfig:/home/point001/autoware.ai/install/autoware_msgs/lib/x86_64-linux-gnu/pkgconfig:/home/point001/autoware.ai/install/autoware_msgs/lib/pkgconfig:/home/point001/autoware.ai/install/autoware_lanelet2_msgs/lib/x86_64-linux-gnu/pkgconfig:/home/point001/autoware.ai/install/autoware_lanelet2_msgs/lib/pkgconfig:/home/point001/autoware.ai/install/autoware_build_flags/lib/x86_64-linux-gnu/pkgconfig:/home/point001/autoware.ai/install/autoware_build_flags/lib/pkgconfig:${PKG_CONFIG_PATH} PYTHONPATH=/home/point001/autoware.ai/install/vector_map_msgs/lib/python2.7/dist-packages:/home/point001/autoware.ai/install/autoware_msgs/lib/python2.7/dist-packages:/home/point001/autoware.ai/install/autoware_lanelet2_msgs/lib/python2.7/dist-packages:${PYTHONPATH} ROS_PACKAGE_PATH=/home/point001/autoware.ai/install/lanelet2_extension/share:/home/point001/autoware.ai/install/lanelet2_validation/share:/home/point001/autoware.ai/install/lanelet2_routing/share:/home/point001/autoware.ai/install/lanelet2_projection/share:/home/point001/autoware.ai/install/lanelet2_traffic_rules/share:/home/point001/autoware.ai/install/lanelet2_maps/share:/home/point001/autoware.ai/install/lanelet2_io/share:/home/point001/autoware.ai/install/vector_map/share:/home/point001/autoware.ai/install/lanelet2_core/share:/home/point001/autoware.ai/install/amathutils_lib/share:/home/point001/autoware.ai/install/vector_map_msgs/share:/home/point001/autoware.ai/install/autoware_msgs/share:/home/point001/autoware.ai/install/autoware_lanelet2_msgs/share:/home/point001/autoware.ai/install/autoware_build_flags/share:${ROS_PACKAGE_PATH} /usr/bin/cmake --build /home/point001/autoware.ai/build/imm_ukf_pda_track -- -j24 -l24
[0.133s] [  0%] Built target vector_map_msgs_generate_messages_eus
[0.135s] [  0%] Built target nodelet_generate_messages_nodejs
[0.158s] [  0%] Built target visualization_msgs_generate_messages_cpp
[0.162s] [  0%] Built target bond_generate_messages_cpp
[0.162s] [  0%] Built target vector_map_msgs_generate_messages_lisp
[0.163s] [  0%] Built target vector_map_msgs_generate_messages_cpp
[0.163s] [  0%] Built target topic_tools_generate_messages_eus
[0.164s] [  0%] Built target nodelet_generate_messages_eus
[0.170s] [  0%] Built target topic_tools_generate_messages_cpp
[0.170s] [  0%] Built target bond_generate_messages_lisp
[0.173s] [  0%] Built target topic_tools_generate_messages_nodejs
[0.177s] [  0%] Built target bond_generate_messages_nodejs
[0.180s] [  0%] Built target dynamic_reconfigure_generate_messages_nodejs
[0.184s] [  0%] Built target bond_generate_messages_py
[0.186s] [  0%] Built target std_srvs_generate_messages_nodejs
[0.198s] [  0%] Built target dynamic_reconfigure_generate_messages_py
[0.199s] [  0%] Built target nodelet_generate_messages_cpp
[0.224s] [  0%] Built target jsk_recognition_msgs_generate_messages_eus
[0.227s] [  0%] Built target dynamic_reconfigure_generate_messages_eus
[0.232s] [  0%] Built target dynamic_reconfigure_generate_messages_lisp
[0.235s] [  0%] Built target pcl_ros_gencfg
[0.259s] [  0%] Built target vector_map_msgs_generate_messages_nodejs
[0.260s] [  0%] Built target std_srvs_generate_messages_py
[0.261s] [  0%] Built target vector_map_msgs_generate_messages_py
[0.262s] [  0%] Built target roscpp_generate_messages_cpp
[0.265s] [  0%] Built target visualization_msgs_generate_messages_nodejs
[0.269s] [  0%] Built target bond_generate_messages_eus
[0.280s] [  0%] Built target visualization_msgs_generate_messages_py
[0.289s] [  0%] Built target geometry_msgs_generate_messages_py
[0.294s] [  0%] Built target std_msgs_generate_messages_py
[0.295s] [  0%] Built target sensor_msgs_generate_messages_nodejs
[0.298s] [  0%] Built target nodelet_generate_messages_lisp
[0.305s] [  0%] Built target pcl_msgs_generate_messages_eus
[0.319s] [  0%] Built target rosgraph_msgs_generate_messages_eus
[0.321s] [  0%] Built target autoware_msgs_generate_messages_py
[0.331s] [  0%] Built target jsk_recognition_msgs_generate_messages_lisp
[0.335s] [  0%] Built target actionlib_generate_messages_cpp
[0.335s] [  0%] Built target tf2_msgs_generate_messages_cpp
[0.343s] [  0%] Built target sensor_msgs_generate_messages_cpp
[0.348s] [  0%] Built target std_msgs_generate_messages_nodejs
[0.366s] [  0%] Built target std_srvs_generate_messages_cpp
[0.368s] [  0%] Built target sensor_msgs_generate_messages_eus
[0.381s] [  0%] Built target jsk_recognition_msgs_generate_messages_py
[0.390s] [  0%] Built target std_srvs_generate_messages_lisp
[0.397s] [  0%] Built target _catkin_empty_exported_target
[0.407s] [  0%] Built target pcl_msgs_generate_messages_nodejs
[0.417s] [  0%] Built target topic_tools_generate_messages_py
[0.424s] [  0%] Built target rosgraph_msgs_generate_messages_cpp
[0.434s] [  0%] Built target autoware_msgs_generate_messages_cpp
[0.439s] [  0%] Built target std_msgs_generate_messages_cpp
[0.439s] [  0%] Built target nodelet_topic_tools_gencfg
[0.480s] [  0%] Built target geometry_msgs_generate_messages_eus
[0.498s] [  0%] Built target std_msgs_generate_messages_lisp
[0.507s] [  0%] Built target nodelet_generate_messages_py
[0.510s] [  0%] Built target jsk_footstep_msgs_generate_messages_py
[0.527s] [  0%] Built target roscpp_generate_messages_nodejs
[0.531s] [  0%] Built target geometry_msgs_generate_messages_lisp
[0.531s] [  0%] Built target dynamic_reconfigure_generate_messages_cpp
[0.532s] [  0%] Built target tf_generate_messages_py
[0.532s] [  0%] Built target actionlib_msgs_generate_messages_nodejs
[0.537s] [  0%] Built target geometry_msgs_generate_messages_nodejs
[0.538s] [  0%] Built target pcl_msgs_generate_messages_cpp
[0.548s] [  0%] Built target sensor_msgs_generate_messages_lisp
[0.548s] [  0%] Built target autoware_msgs_generate_messages_nodejs
[0.556s] [  0%] Built target sensor_msgs_generate_messages_py
[0.562s] [  0%] Built target autoware_msgs_generate_messages_eus
[0.564s] [  0%] Built target jsk_footstep_msgs_generate_messages_eus
[0.594s] [  0%] Built target actionlib_msgs_generate_messages_lisp
[0.604s] [  0%] Built target jsk_recognition_msgs_generate_messages_cpp
[0.612s] [  0%] Built target jsk_footstep_msgs_generate_messages_nodejs
[0.613s] [  0%] Built target visualization_msgs_generate_messages_lisp
[0.619s] [  0%] Built target jsk_footstep_msgs_generate_messages_lisp
[0.623s] [  0%] Built target topic_tools_generate_messages_lisp
[0.625s] [  0%] Built target autoware_msgs_generate_messages_lisp
[0.639s] [  0%] Built target actionlib_msgs_generate_messages_py
[0.670s] [  0%] Built target std_srvs_generate_messages_eus
[0.683s] [  0%] Built target pcl_msgs_generate_messages_py
[0.686s] [  0%] Built target roscpp_generate_messages_lisp
[0.700s] [  0%] Built target geometry_msgs_generate_messages_cpp
[0.701s] [  0%] Built target tf_generate_messages_eus
[0.701s] [  0%] Built target rosgraph_msgs_generate_messages_py
[0.704s] [  0%] Built target tf_generate_messages_nodejs
[0.705s] [  0%] Built target jsk_recognition_msgs_generate_messages_nodejs
[0.717s] [  0%] Built target actionlib_msgs_generate_messages_cpp
[0.718s] [  0%] Built target rosgraph_msgs_generate_messages_lisp
[0.718s] [  0%] Built target tf_generate_messages_cpp
[0.718s] [  0%] Built target actionlib_msgs_generate_messages_eus
[0.724s] [  0%] Built target autoware_lanelet2_msgs_generate_messages_py
[0.733s] [  0%] Built target std_msgs_generate_messages_eus
[0.735s] [  0%] Built target jsk_footstep_msgs_generate_messages_cpp
[0.748s] [  0%] Built target actionlib_generate_messages_py
[0.761s] [  0%] Built target tf2_msgs_generate_messages_lisp
[0.768s] [  0%] Built target tf_generate_messages_lisp
[0.776s] [  0%] Built target actionlib_generate_messages_eus
[0.778s] [  0%] Built target actionlib_generate_messages_nodejs
[0.781s] [  0%] Built target dynamic_reconfigure_gencfg
[0.786s] [  0%] Built target autoware_lanelet2_msgs_generate_messages_cpp
[0.799s] [  0%] Built target autoware_lanelet2_msgs_generate_messages_eus
[0.815s] [  0%] Built target tf2_msgs_generate_messages_py
[0.829s] [  0%] Built target rosgraph_msgs_generate_messages_nodejs
[0.831s] [  0%] Built target tf2_msgs_generate_messages_eus
[0.833s] [  0%] Built target pcl_msgs_generate_messages_lisp
[0.838s] [  0%] Built target autoware_lanelet2_msgs_generate_messages_lisp
[0.841s] [  0%] Built target actionlib_generate_messages_lisp
[0.843s] [  0%] Built target tf2_msgs_generate_messages_nodejs
[0.846s] [  0%] Built target roscpp_generate_messages_eus
[0.851s] [  0%] Built target visualization_msgs_generate_messages_eus
[0.865s] [  0%] Built target roscpp_generate_messages_py
[0.907s] [  0%] Built target autoware_lanelet2_msgs_generate_messages_nodejs
[0.972s] [ 50%] Built target imm_ukf_pda
[0.980s] [100%] Built target imm_ukf_pda_lanelet2
[0.998s] Invoked command in '/home/point001/autoware.ai/build/imm_ukf_pda_track' returned '0': CMAKE_PREFIX_PATH=/home/point001/autoware.ai/install/lanelet2_extension:/home/point001/autoware.ai/install/lanelet2_validation:/home/point001/autoware.ai/install/lanelet2_routing:/home/point001/autoware.ai/install/lanelet2_projection:/home/point001/autoware.ai/install/lanelet2_traffic_rules:/home/point001/autoware.ai/install/lanelet2_maps:/home/point001/autoware.ai/install/lanelet2_io:/home/point001/autoware.ai/install/vector_map:/home/point001/autoware.ai/install/lanelet2_core:/home/point001/autoware.ai/install/amathutils_lib:/home/point001/autoware.ai/install/vector_map_msgs:/home/point001/autoware.ai/install/autoware_msgs:/home/point001/autoware.ai/install/autoware_lanelet2_msgs:/home/point001/autoware.ai/install/autoware_build_flags:${CMAKE_PREFIX_PATH} LD_LIBRARY_PATH=/home/point001/autoware.ai/install/lanelet2_extension/lib:/home/point001/autoware.ai/install/lanelet2_validation/lib:/home/point001/autoware.ai/install/lanelet2_routing/lib:/home/point001/autoware.ai/install/lanelet2_projection/lib:/home/point001/autoware.ai/install/lanelet2_traffic_rules/lib:/home/point001/autoware.ai/install/lanelet2_io/lib:/home/point001/autoware.ai/install/vector_map/lib:/home/point001/autoware.ai/install/lanelet2_core/lib:/home/point001/autoware.ai/install/amathutils_lib/lib:/opt/ros/melodic/lib:/usr/local/cuda-10.0/lib64 PKG_CONFIG_PATH=/home/point001/autoware.ai/install/lanelet2_extension/lib/x86_64-linux-gnu/pkgconfig:/home/point001/autoware.ai/install/lanelet2_extension/lib/pkgconfig:/home/point001/autoware.ai/install/lanelet2_validation/lib/x86_64-linux-gnu/pkgconfig:/home/point001/autoware.ai/install/lanelet2_validation/lib/pkgconfig:/home/point001/autoware.ai/install/lanelet2_routing/lib/x86_64-linux-gnu/pkgconfig:/home/point001/autoware.ai/install/lanelet2_routing/lib/pkgconfig:/home/point001/autoware.ai/install/lanelet2_projection/lib/x86_64-linux-gnu/pkgconfig:/home/point001/autoware.ai/install/lanelet2_projection/lib/pkgconfig:/home/point001/autoware.ai/install/lanelet2_traffic_rules/lib/x86_64-linux-gnu/pkgconfig:/home/point001/autoware.ai/install/lanelet2_traffic_rules/lib/pkgconfig:/home/point001/autoware.ai/install/lanelet2_maps/lib/x86_64-linux-gnu/pkgconfig:/home/point001/autoware.ai/install/lanelet2_maps/lib/pkgconfig:/home/point001/autoware.ai/install/lanelet2_io/lib/x86_64-linux-gnu/pkgconfig:/home/point001/autoware.ai/install/lanelet2_io/lib/pkgconfig:/home/point001/autoware.ai/install/vector_map/lib/x86_64-linux-gnu/pkgconfig:/home/point001/autoware.ai/install/vector_map/lib/pkgconfig:/home/point001/autoware.ai/install/lanelet2_core/lib/x86_64-linux-gnu/pkgconfig:/home/point001/autoware.ai/install/lanelet2_core/lib/pkgconfig:/home/point001/autoware.ai/install/amathutils_lib/lib/x86_64-linux-gnu/pkgconfig:/home/point001/autoware.ai/install/amathutils_lib/lib/pkgconfig:/home/point001/autoware.ai/install/vector_map_msgs/lib/x86_64-linux-gnu/pkgconfig:/home/point001/autoware.ai/install/vector_map_msgs/lib/pkgconfig:/home/point001/autoware.ai/install/autoware_msgs/lib/x86_64-linux-gnu/pkgconfig:/home/point001/autoware.ai/install/autoware_msgs/lib/pkgconfig:/home/point001/autoware.ai/install/autoware_lanelet2_msgs/lib/x86_64-linux-gnu/pkgconfig:/home/point001/autoware.ai/install/autoware_lanelet2_msgs/lib/pkgconfig:/home/point001/autoware.ai/install/autoware_build_flags/lib/x86_64-linux-gnu/pkgconfig:/home/point001/autoware.ai/install/autoware_build_flags/lib/pkgconfig:${PKG_CONFIG_PATH} PYTHONPATH=/home/point001/autoware.ai/install/vector_map_msgs/lib/python2.7/dist-packages:/home/point001/autoware.ai/install/autoware_msgs/lib/python2.7/dist-packages:/home/point001/autoware.ai/install/autoware_lanelet2_msgs/lib/python2.7/dist-packages:${PYTHONPATH} ROS_PACKAGE_PATH=/home/point001/autoware.ai/install/lanelet2_extension/share:/home/point001/autoware.ai/install/lanelet2_validation/share:/home/point001/autoware.ai/install/lanelet2_routing/share:/home/point001/autoware.ai/install/lanelet2_projection/share:/home/point001/autoware.ai/install/lanelet2_traffic_rules/share:/home/point001/autoware.ai/install/lanelet2_maps/share:/home/point001/autoware.ai/install/lanelet2_io/share:/home/point001/autoware.ai/install/vector_map/share:/home/point001/autoware.ai/install/lanelet2_core/share:/home/point001/autoware.ai/install/amathutils_lib/share:/home/point001/autoware.ai/install/vector_map_msgs/share:/home/point001/autoware.ai/install/autoware_msgs/share:/home/point001/autoware.ai/install/autoware_lanelet2_msgs/share:/home/point001/autoware.ai/install/autoware_build_flags/share:${ROS_PACKAGE_PATH} /usr/bin/cmake --build /home/point001/autoware.ai/build/imm_ukf_pda_track -- -j24 -l24
[1.086s] Invoking command in '/home/point001/autoware.ai/build/imm_ukf_pda_track': CMAKE_PREFIX_PATH=/home/point001/autoware.ai/install/lanelet2_extension:/home/point001/autoware.ai/install/lanelet2_validation:/home/point001/autoware.ai/install/lanelet2_routing:/home/point001/autoware.ai/install/lanelet2_projection:/home/point001/autoware.ai/install/lanelet2_traffic_rules:/home/point001/autoware.ai/install/lanelet2_maps:/home/point001/autoware.ai/install/lanelet2_io:/home/point001/autoware.ai/install/vector_map:/home/point001/autoware.ai/install/lanelet2_core:/home/point001/autoware.ai/install/amathutils_lib:/home/point001/autoware.ai/install/vector_map_msgs:/home/point001/autoware.ai/install/autoware_msgs:/home/point001/autoware.ai/install/autoware_lanelet2_msgs:/home/point001/autoware.ai/install/autoware_build_flags:${CMAKE_PREFIX_PATH} LD_LIBRARY_PATH=/home/point001/autoware.ai/install/lanelet2_extension/lib:/home/point001/autoware.ai/install/lanelet2_validation/lib:/home/point001/autoware.ai/install/lanelet2_routing/lib:/home/point001/autoware.ai/install/lanelet2_projection/lib:/home/point001/autoware.ai/install/lanelet2_traffic_rules/lib:/home/point001/autoware.ai/install/lanelet2_io/lib:/home/point001/autoware.ai/install/vector_map/lib:/home/point001/autoware.ai/install/lanelet2_core/lib:/home/point001/autoware.ai/install/amathutils_lib/lib:/opt/ros/melodic/lib:/usr/local/cuda-10.0/lib64 PKG_CONFIG_PATH=/home/point001/autoware.ai/install/lanelet2_extension/lib/x86_64-linux-gnu/pkgconfig:/home/point001/autoware.ai/install/lanelet2_extension/lib/pkgconfig:/home/point001/autoware.ai/install/lanelet2_validation/lib/x86_64-linux-gnu/pkgconfig:/home/point001/autoware.ai/install/lanelet2_validation/lib/pkgconfig:/home/point001/autoware.ai/install/lanelet2_routing/lib/x86_64-linux-gnu/pkgconfig:/home/point001/autoware.ai/install/lanelet2_routing/lib/pkgconfig:/home/point001/autoware.ai/install/lanelet2_projection/lib/x86_64-linux-gnu/pkgconfig:/home/point001/autoware.ai/install/lanelet2_projection/lib/pkgconfig:/home/point001/autoware.ai/install/lanelet2_traffic_rules/lib/x86_64-linux-gnu/pkgconfig:/home/point001/autoware.ai/install/lanelet2_traffic_rules/lib/pkgconfig:/home/point001/autoware.ai/install/lanelet2_maps/lib/x86_64-linux-gnu/pkgconfig:/home/point001/autoware.ai/install/lanelet2_maps/lib/pkgconfig:/home/point001/autoware.ai/install/lanelet2_io/lib/x86_64-linux-gnu/pkgconfig:/home/point001/autoware.ai/install/lanelet2_io/lib/pkgconfig:/home/point001/autoware.ai/install/vector_map/lib/x86_64-linux-gnu/pkgconfig:/home/point001/autoware.ai/install/vector_map/lib/pkgconfig:/home/point001/autoware.ai/install/lanelet2_core/lib/x86_64-linux-gnu/pkgconfig:/home/point001/autoware.ai/install/lanelet2_core/lib/pkgconfig:/home/point001/autoware.ai/install/amathutils_lib/lib/x86_64-linux-gnu/pkgconfig:/home/point001/autoware.ai/install/amathutils_lib/lib/pkgconfig:/home/point001/autoware.ai/install/vector_map_msgs/lib/x86_64-linux-gnu/pkgconfig:/home/point001/autoware.ai/install/vector_map_msgs/lib/pkgconfig:/home/point001/autoware.ai/install/autoware_msgs/lib/x86_64-linux-gnu/pkgconfig:/home/point001/autoware.ai/install/autoware_msgs/lib/pkgconfig:/home/point001/autoware.ai/install/autoware_lanelet2_msgs/lib/x86_64-linux-gnu/pkgconfig:/home/point001/autoware.ai/install/autoware_lanelet2_msgs/lib/pkgconfig:/home/point001/autoware.ai/install/autoware_build_flags/lib/x86_64-linux-gnu/pkgconfig:/home/point001/autoware.ai/install/autoware_build_flags/lib/pkgconfig:${PKG_CONFIG_PATH} PYTHONPATH=/home/point001/autoware.ai/install/vector_map_msgs/lib/python2.7/dist-packages:/home/point001/autoware.ai/install/autoware_msgs/lib/python2.7/dist-packages:/home/point001/autoware.ai/install/autoware_lanelet2_msgs/lib/python2.7/dist-packages:${PYTHONPATH} ROS_PACKAGE_PATH=/home/point001/autoware.ai/install/lanelet2_extension/share:/home/point001/autoware.ai/install/lanelet2_validation/share:/home/point001/autoware.ai/install/lanelet2_routing/share:/home/point001/autoware.ai/install/lanelet2_projection/share:/home/point001/autoware.ai/install/lanelet2_traffic_rules/share:/home/point001/autoware.ai/install/lanelet2_maps/share:/home/point001/autoware.ai/install/lanelet2_io/share:/home/point001/autoware.ai/install/vector_map/share:/home/point001/autoware.ai/install/lanelet2_core/share:/home/point001/autoware.ai/install/amathutils_lib/share:/home/point001/autoware.ai/install/vector_map_msgs/share:/home/point001/autoware.ai/install/autoware_msgs/share:/home/point001/autoware.ai/install/autoware_lanelet2_msgs/share:/home/point001/autoware.ai/install/autoware_build_flags/share:${ROS_PACKAGE_PATH} /usr/bin/cmake --build /home/point001/autoware.ai/build/imm_ukf_pda_track --target tests -- -j24 -l24
[1.160s] Built target tests
[1.170s] Invoked command in '/home/point001/autoware.ai/build/imm_ukf_pda_track' returned '0': CMAKE_PREFIX_PATH=/home/point001/autoware.ai/install/lanelet2_extension:/home/point001/autoware.ai/install/lanelet2_validation:/home/point001/autoware.ai/install/lanelet2_routing:/home/point001/autoware.ai/install/lanelet2_projection:/home/point001/autoware.ai/install/lanelet2_traffic_rules:/home/point001/autoware.ai/install/lanelet2_maps:/home/point001/autoware.ai/install/lanelet2_io:/home/point001/autoware.ai/install/vector_map:/home/point001/autoware.ai/install/lanelet2_core:/home/point001/autoware.ai/install/amathutils_lib:/home/point001/autoware.ai/install/vector_map_msgs:/home/point001/autoware.ai/install/autoware_msgs:/home/point001/autoware.ai/install/autoware_lanelet2_msgs:/home/point001/autoware.ai/install/autoware_build_flags:${CMAKE_PREFIX_PATH} LD_LIBRARY_PATH=/home/point001/autoware.ai/install/lanelet2_extension/lib:/home/point001/autoware.ai/install/lanelet2_validation/lib:/home/point001/autoware.ai/install/lanelet2_routing/lib:/home/point001/autoware.ai/install/lanelet2_projection/lib:/home/point001/autoware.ai/install/lanelet2_traffic_rules/lib:/home/point001/autoware.ai/install/lanelet2_io/lib:/home/point001/autoware.ai/install/vector_map/lib:/home/point001/autoware.ai/install/lanelet2_core/lib:/home/point001/autoware.ai/install/amathutils_lib/lib:/opt/ros/melodic/lib:/usr/local/cuda-10.0/lib64 PKG_CONFIG_PATH=/home/point001/autoware.ai/install/lanelet2_extension/lib/x86_64-linux-gnu/pkgconfig:/home/point001/autoware.ai/install/lanelet2_extension/lib/pkgconfig:/home/point001/autoware.ai/install/lanelet2_validation/lib/x86_64-linux-gnu/pkgconfig:/home/point001/autoware.ai/install/lanelet2_validation/lib/pkgconfig:/home/point001/autoware.ai/install/lanelet2_routing/lib/x86_64-linux-gnu/pkgconfig:/home/point001/autoware.ai/install/lanelet2_routing/lib/pkgconfig:/home/point001/autoware.ai/install/lanelet2_projection/lib/x86_64-linux-gnu/pkgconfig:/home/point001/autoware.ai/install/lanelet2_projection/lib/pkgconfig:/home/point001/autoware.ai/install/lanelet2_traffic_rules/lib/x86_64-linux-gnu/pkgconfig:/home/point001/autoware.ai/install/lanelet2_traffic_rules/lib/pkgconfig:/home/point001/autoware.ai/install/lanelet2_maps/lib/x86_64-linux-gnu/pkgconfig:/home/point001/autoware.ai/install/lanelet2_maps/lib/pkgconfig:/home/point001/autoware.ai/install/lanelet2_io/lib/x86_64-linux-gnu/pkgconfig:/home/point001/autoware.ai/install/lanelet2_io/lib/pkgconfig:/home/point001/autoware.ai/install/vector_map/lib/x86_64-linux-gnu/pkgconfig:/home/point001/autoware.ai/install/vector_map/lib/pkgconfig:/home/point001/autoware.ai/install/lanelet2_core/lib/x86_64-linux-gnu/pkgconfig:/home/point001/autoware.ai/install/lanelet2_core/lib/pkgconfig:/home/point001/autoware.ai/install/amathutils_lib/lib/x86_64-linux-gnu/pkgconfig:/home/point001/autoware.ai/install/amathutils_lib/lib/pkgconfig:/home/point001/autoware.ai/install/vector_map_msgs/lib/x86_64-linux-gnu/pkgconfig:/home/point001/autoware.ai/install/vector_map_msgs/lib/pkgconfig:/home/point001/autoware.ai/install/autoware_msgs/lib/x86_64-linux-gnu/pkgconfig:/home/point001/autoware.ai/install/autoware_msgs/lib/pkgconfig:/home/point001/autoware.ai/install/autoware_lanelet2_msgs/lib/x86_64-linux-gnu/pkgconfig:/home/point001/autoware.ai/install/autoware_lanelet2_msgs/lib/pkgconfig:/home/point001/autoware.ai/install/autoware_build_flags/lib/x86_64-linux-gnu/pkgconfig:/home/point001/autoware.ai/install/autoware_build_flags/lib/pkgconfig:${PKG_CONFIG_PATH} PYTHONPATH=/home/point001/autoware.ai/install/vector_map_msgs/lib/python2.7/dist-packages:/home/point001/autoware.ai/install/autoware_msgs/lib/python2.7/dist-packages:/home/point001/autoware.ai/install/autoware_lanelet2_msgs/lib/python2.7/dist-packages:${PYTHONPATH} ROS_PACKAGE_PATH=/home/point001/autoware.ai/install/lanelet2_extension/share:/home/point001/autoware.ai/install/lanelet2_validation/share:/home/point001/autoware.ai/install/lanelet2_routing/share:/home/point001/autoware.ai/install/lanelet2_projection/share:/home/point001/autoware.ai/install/lanelet2_traffic_rules/share:/home/point001/autoware.ai/install/lanelet2_maps/share:/home/point001/autoware.ai/install/lanelet2_io/share:/home/point001/autoware.ai/install/vector_map/share:/home/point001/autoware.ai/install/lanelet2_core/share:/home/point001/autoware.ai/install/amathutils_lib/share:/home/point001/autoware.ai/install/vector_map_msgs/share:/home/point001/autoware.ai/install/autoware_msgs/share:/home/point001/autoware.ai/install/autoware_lanelet2_msgs/share:/home/point001/autoware.ai/install/autoware_build_flags/share:${ROS_PACKAGE_PATH} /usr/bin/cmake --build /home/point001/autoware.ai/build/imm_ukf_pda_track --target tests -- -j24 -l24
[1.280s] Invoking command in '/home/point001/autoware.ai/build/imm_ukf_pda_track': CMAKE_PREFIX_PATH=/home/point001/autoware.ai/install/lanelet2_extension:/home/point001/autoware.ai/install/lanelet2_validation:/home/point001/autoware.ai/install/lanelet2_routing:/home/point001/autoware.ai/install/lanelet2_projection:/home/point001/autoware.ai/install/lanelet2_traffic_rules:/home/point001/autoware.ai/install/lanelet2_maps:/home/point001/autoware.ai/install/lanelet2_io:/home/point001/autoware.ai/install/vector_map:/home/point001/autoware.ai/install/lanelet2_core:/home/point001/autoware.ai/install/amathutils_lib:/home/point001/autoware.ai/install/vector_map_msgs:/home/point001/autoware.ai/install/autoware_msgs:/home/point001/autoware.ai/install/autoware_lanelet2_msgs:/home/point001/autoware.ai/install/autoware_build_flags:${CMAKE_PREFIX_PATH} LD_LIBRARY_PATH=/home/point001/autoware.ai/install/lanelet2_extension/lib:/home/point001/autoware.ai/install/lanelet2_validation/lib:/home/point001/autoware.ai/install/lanelet2_routing/lib:/home/point001/autoware.ai/install/lanelet2_projection/lib:/home/point001/autoware.ai/install/lanelet2_traffic_rules/lib:/home/point001/autoware.ai/install/lanelet2_io/lib:/home/point001/autoware.ai/install/vector_map/lib:/home/point001/autoware.ai/install/lanelet2_core/lib:/home/point001/autoware.ai/install/amathutils_lib/lib:/opt/ros/melodic/lib:/usr/local/cuda-10.0/lib64 PKG_CONFIG_PATH=/home/point001/autoware.ai/install/lanelet2_extension/lib/x86_64-linux-gnu/pkgconfig:/home/point001/autoware.ai/install/lanelet2_extension/lib/pkgconfig:/home/point001/autoware.ai/install/lanelet2_validation/lib/x86_64-linux-gnu/pkgconfig:/home/point001/autoware.ai/install/lanelet2_validation/lib/pkgconfig:/home/point001/autoware.ai/install/lanelet2_routing/lib/x86_64-linux-gnu/pkgconfig:/home/point001/autoware.ai/install/lanelet2_routing/lib/pkgconfig:/home/point001/autoware.ai/install/lanelet2_projection/lib/x86_64-linux-gnu/pkgconfig:/home/point001/autoware.ai/install/lanelet2_projection/lib/pkgconfig:/home/point001/autoware.ai/install/lanelet2_traffic_rules/lib/x86_64-linux-gnu/pkgconfig:/home/point001/autoware.ai/install/lanelet2_traffic_rules/lib/pkgconfig:/home/point001/autoware.ai/install/lanelet2_maps/lib/x86_64-linux-gnu/pkgconfig:/home/point001/autoware.ai/install/lanelet2_maps/lib/pkgconfig:/home/point001/autoware.ai/install/lanelet2_io/lib/x86_64-linux-gnu/pkgconfig:/home/point001/autoware.ai/install/lanelet2_io/lib/pkgconfig:/home/point001/autoware.ai/install/vector_map/lib/x86_64-linux-gnu/pkgconfig:/home/point001/autoware.ai/install/vector_map/lib/pkgconfig:/home/point001/autoware.ai/install/lanelet2_core/lib/x86_64-linux-gnu/pkgconfig:/home/point001/autoware.ai/install/lanelet2_core/lib/pkgconfig:/home/point001/autoware.ai/install/amathutils_lib/lib/x86_64-linux-gnu/pkgconfig:/home/point001/autoware.ai/install/amathutils_lib/lib/pkgconfig:/home/point001/autoware.ai/install/vector_map_msgs/lib/x86_64-linux-gnu/pkgconfig:/home/point001/autoware.ai/install/vector_map_msgs/lib/pkgconfig:/home/point001/autoware.ai/install/autoware_msgs/lib/x86_64-linux-gnu/pkgconfig:/home/point001/autoware.ai/install/autoware_msgs/lib/pkgconfig:/home/point001/autoware.ai/install/autoware_lanelet2_msgs/lib/x86_64-linux-gnu/pkgconfig:/home/point001/autoware.ai/install/autoware_lanelet2_msgs/lib/pkgconfig:/home/point001/autoware.ai/install/autoware_build_flags/lib/x86_64-linux-gnu/pkgconfig:/home/point001/autoware.ai/install/autoware_build_flags/lib/pkgconfig:${PKG_CONFIG_PATH} PYTHONPATH=/home/point001/autoware.ai/install/vector_map_msgs/lib/python2.7/dist-packages:/home/point001/autoware.ai/install/autoware_msgs/lib/python2.7/dist-packages:/home/point001/autoware.ai/install/autoware_lanelet2_msgs/lib/python2.7/dist-packages:${PYTHONPATH} ROS_PACKAGE_PATH=/home/point001/autoware.ai/install/lanelet2_extension/share:/home/point001/autoware.ai/install/lanelet2_validation/share:/home/point001/autoware.ai/install/lanelet2_routing/share:/home/point001/autoware.ai/install/lanelet2_projection/share:/home/point001/autoware.ai/install/lanelet2_traffic_rules/share:/home/point001/autoware.ai/install/lanelet2_maps/share:/home/point001/autoware.ai/install/lanelet2_io/share:/home/point001/autoware.ai/install/vector_map/share:/home/point001/autoware.ai/install/lanelet2_core/share:/home/point001/autoware.ai/install/amathutils_lib/share:/home/point001/autoware.ai/install/vector_map_msgs/share:/home/point001/autoware.ai/install/autoware_msgs/share:/home/point001/autoware.ai/install/autoware_lanelet2_msgs/share:/home/point001/autoware.ai/install/autoware_build_flags/share:${ROS_PACKAGE_PATH} /usr/bin/cmake --build /home/point001/autoware.ai/build/imm_ukf_pda_track --target install -- -j24 -l24
[1.380s] [  0%] Built target bond_generate_messages_lisp
[1.389s] [  0%] Built target topic_tools_generate_messages_nodejs
[1.390s] [  0%] Built target bond_generate_messages_cpp
[1.393s] [  0%] Built target topic_tools_generate_messages_cpp
[1.401s] [  0%] Built target dynamic_reconfigure_generate_messages_nodejs
[1.401s] [  0%] Built target std_srvs_generate_messages_nodejs
[1.402s] [  0%] Built target visualization_msgs_generate_messages_cpp
[1.407s] [  0%] Built target dynamic_reconfigure_generate_messages_lisp
[1.408s] [  0%] Built target dynamic_reconfigure_generate_messages_eus
[1.413s] [  0%] Built target nodelet_generate_messages_cpp
[1.414s] [  0%] Built target bond_generate_messages_py
[1.415s] [  0%] Built target vector_map_msgs_generate_messages_eus
[1.417s] [  0%] Built target bond_generate_messages_eus
[1.424s] [  0%] Built target topic_tools_generate_messages_eus
[1.428s] [  0%] Built target bond_generate_messages_nodejs
[1.430s] [  0%] Built target dynamic_reconfigure_generate_messages_py
[1.440s] [  0%] Built target nodelet_generate_messages_nodejs
[1.450s] [  0%] Built target vector_map_msgs_generate_messages_cpp
[1.461s] [  0%] Built target visualization_msgs_generate_messages_py
[1.461s] [  0%] Built target pcl_ros_gencfg
[1.475s] [  0%] Built target sensor_msgs_generate_messages_nodejs
[1.475s] [  0%] Built target nodelet_generate_messages_eus
[1.475s] [  0%] Built target vector_map_msgs_generate_messages_py
[1.476s] [  0%] Built target vector_map_msgs_generate_messages_nodejs
[1.480s] [  0%] Built target geometry_msgs_generate_messages_py
[1.487s] [  0%] Built target roscpp_generate_messages_cpp
[1.487s] [  0%] Built target nodelet_generate_messages_lisp
[1.487s] [  0%] Built target visualization_msgs_generate_messages_nodejs
[1.507s] [  0%] Built target jsk_recognition_msgs_generate_messages_eus
[1.507s] [  0%] Built target std_srvs_generate_messages_lisp
[1.512s] [  0%] Built target vector_map_msgs_generate_messages_lisp
[1.518s] [  0%] Built target actionlib_generate_messages_cpp
[1.518s] [  0%] Built target std_msgs_generate_messages_nodejs
[1.520s] [  0%] Built target std_msgs_generate_messages_py
[1.521s] [  0%] Built target pcl_msgs_generate_messages_eus
[1.531s] [  0%] Built target rosgraph_msgs_generate_messages_eus
[1.531s] [  0%] Built target tf2_msgs_generate_messages_cpp
[1.532s] [  0%] Built target autoware_msgs_generate_messages_py
[1.532s] [  0%] Built target jsk_recognition_msgs_generate_messages_lisp
[1.545s] [  0%] Built target autoware_msgs_generate_messages_cpp
[1.546s] [  0%] Built target std_srvs_generate_messages_py
[1.559s] [  0%] Built target sensor_msgs_generate_messages_cpp
[1.559s] [  0%] Built target _catkin_empty_exported_target
[1.562s] [  0%] Built target rosgraph_msgs_generate_messages_cpp
[1.566s] [  0%] Built target std_srvs_generate_messages_cpp
[1.566s] [  0%] Built target jsk_footstep_msgs_generate_messages_py
[1.583s] [  0%] Built target sensor_msgs_generate_messages_eus
[1.588s] [  0%] Built target pcl_msgs_generate_messages_nodejs
[1.588s] [  0%] Built target nodelet_topic_tools_gencfg
[1.592s] [  0%] Built target dynamic_reconfigure_generate_messages_cpp
[1.604s] [  0%] Built target std_msgs_generate_messages_cpp
[1.604s] [  0%] Built target jsk_recognition_msgs_generate_messages_py
[1.604s] [  0%] Built target sensor_msgs_generate_messages_lisp
[1.604s] [  0%] Built target topic_tools_generate_messages_py
[1.607s] [  0%] Built target std_msgs_generate_messages_lisp
[1.610s] [  0%] Built target tf_generate_messages_py
[1.612s] [  0%] Built target topic_tools_generate_messages_lisp
[1.616s] [  0%] Built target nodelet_generate_messages_py
[1.621s] [  0%] Built target pcl_msgs_generate_messages_cpp
[1.629s] [  0%] Built target jsk_recognition_msgs_generate_messages_cpp
[1.633s] [  0%] Built target geometry_msgs_generate_messages_nodejs
[1.635s] [  0%] Built target visualization_msgs_generate_messages_lisp
[1.640s] [  0%] Built target sensor_msgs_generate_messages_py
[1.643s] [  0%] Built target actionlib_msgs_generate_messages_nodejs
[1.643s] [  0%] Built target geometry_msgs_generate_messages_lisp
[1.644s] [  0%] Built target autoware_msgs_generate_messages_eus
[1.652s] [  0%] Built target std_msgs_generate_messages_eus
[1.658s] [  0%] Built target tf_generate_messages_nodejs
[1.661s] [  0%] Built target autoware_msgs_generate_messages_lisp
[1.664s] [  0%] Built target geometry_msgs_generate_messages_eus
[1.667s] [  0%] Built target actionlib_msgs_generate_messages_lisp
[1.668s] [  0%] Built target jsk_footstep_msgs_generate_messages_eus
[1.671s] [  0%] Built target actionlib_msgs_generate_messages_py
[1.671s] [  0%] Built target jsk_footstep_msgs_generate_messages_lisp
[1.680s] [  0%] Built target tf_generate_messages_lisp
[1.683s] [  0%] Built target jsk_footstep_msgs_generate_messages_cpp
[1.685s] [  0%] Built target tf_generate_messages_eus
[1.689s] [  0%] Built target roscpp_generate_messages_nodejs
[1.691s] [  0%] Built target std_srvs_generate_messages_eus
[1.691s] [  0%] Built target autoware_lanelet2_msgs_generate_messages_cpp
[1.693s] [  0%] Built target autoware_msgs_generate_messages_nodejs
[1.693s] [  0%] Built target actionlib_msgs_generate_messages_cpp
[1.707s] [  0%] Built target geometry_msgs_generate_messages_cpp
[1.709s] [  0%] Built target rosgraph_msgs_generate_messages_lisp
[1.714s] [  0%] Built target autoware_lanelet2_msgs_generate_messages_py
[1.717s] [  0%] Built target rosgraph_msgs_generate_messages_nodejs
[1.718s] [  0%] Built target roscpp_generate_messages_eus
[1.720s] [  0%] Built target jsk_footstep_msgs_generate_messages_nodejs
[1.724s] [  0%] Built target roscpp_generate_messages_lisp
[1.730s] [  0%] Built target jsk_recognition_msgs_generate_messages_nodejs
[1.730s] [  0%] Built target pcl_msgs_generate_messages_py
[1.731s] [  0%] Built target dynamic_reconfigure_gencfg
[1.733s] [  0%] Built target actionlib_generate_messages_eus
[1.734s] [  0%] Built target rosgraph_msgs_generate_messages_py
[1.740s] [  0%] Built target pcl_msgs_generate_messages_lisp
[1.744s] [  0%] Built target actionlib_msgs_generate_messages_eus
[1.745s] [  0%] Built target autoware_lanelet2_msgs_generate_messages_eus
[1.747s] [  0%] Built target autoware_lanelet2_msgs_generate_messages_nodejs
[1.753s] [  0%] Built target tf_generate_messages_cpp
[1.758s] [  0%] Built target visualization_msgs_generate_messages_eus
[1.758s] [  0%] Built target autoware_lanelet2_msgs_generate_messages_lisp
[1.758s] [  0%] Built target roscpp_generate_messages_py
[1.759s] [  0%] Built target tf2_msgs_generate_messages_py
[1.759s] [  0%] Built target actionlib_generate_messages_lisp
[1.763s] [  0%] Built target actionlib_generate_messages_py
[1.766s] [  0%] Built target actionlib_generate_messages_nodejs
[1.767s] [  0%] Built target tf2_msgs_generate_messages_lisp
[1.776s] [  0%] Built target tf2_msgs_generate_messages_nodejs
[1.779s] [  0%] Built target tf2_msgs_generate_messages_eus
[1.823s] [ 50%] Built target imm_ukf_pda
[1.825s] [100%] Built target imm_ukf_pda_lanelet2
[1.872s] [36mInstall the project...[0m
[1.891s] -- Install configuration: "Release"
[1.891s] -- Up-to-date: /home/point001/autoware.ai/install/imm_ukf_pda_track/lib/pkgconfig/imm_ukf_pda_track.pc
[1.892s] -- Up-to-date: /home/point001/autoware.ai/install/imm_ukf_pda_track/share/imm_ukf_pda_track/cmake/imm_ukf_pda_trackConfig.cmake
[1.892s] -- Up-to-date: /home/point001/autoware.ai/install/imm_ukf_pda_track/share/imm_ukf_pda_track/cmake/imm_ukf_pda_trackConfig-version.cmake
[1.892s] -- Up-to-date: /home/point001/autoware.ai/install/imm_ukf_pda_track/share/imm_ukf_pda_track/package.xml
[1.892s] -- Up-to-date: /home/point001/autoware.ai/install/imm_ukf_pda_track/lib/imm_ukf_pda_track/imm_ukf_pda
[1.892s] -- Up-to-date: /home/point001/autoware.ai/install/imm_ukf_pda_track/lib/imm_ukf_pda_track/imm_ukf_pda_lanelet2
[1.892s] -- Up-to-date: /home/point001/autoware.ai/install/imm_ukf_pda_track/share/imm_ukf_pda_track/launch
[1.892s] -- Up-to-date: /home/point001/autoware.ai/install/imm_ukf_pda_track/share/imm_ukf_pda_track/launch/imm_ukf_pda_track.launch
[1.893s] -- Up-to-date: /home/point001/autoware.ai/install/imm_ukf_pda_track/share/imm_ukf_pda_track/launch/imm_ukf_pda_track_lanelet2.launch
[1.893s] -- Up-to-date: /home/point001/autoware.ai/install/imm_ukf_pda_track/share/imm_ukf_pda_track/launch/imm_ukf_pda_track_option.launch
[1.900s] Invoked command in '/home/point001/autoware.ai/build/imm_ukf_pda_track' returned '0': CMAKE_PREFIX_PATH=/home/point001/autoware.ai/install/lanelet2_extension:/home/point001/autoware.ai/install/lanelet2_validation:/home/point001/autoware.ai/install/lanelet2_routing:/home/point001/autoware.ai/install/lanelet2_projection:/home/point001/autoware.ai/install/lanelet2_traffic_rules:/home/point001/autoware.ai/install/lanelet2_maps:/home/point001/autoware.ai/install/lanelet2_io:/home/point001/autoware.ai/install/vector_map:/home/point001/autoware.ai/install/lanelet2_core:/home/point001/autoware.ai/install/amathutils_lib:/home/point001/autoware.ai/install/vector_map_msgs:/home/point001/autoware.ai/install/autoware_msgs:/home/point001/autoware.ai/install/autoware_lanelet2_msgs:/home/point001/autoware.ai/install/autoware_build_flags:${CMAKE_PREFIX_PATH} LD_LIBRARY_PATH=/home/point001/autoware.ai/install/lanelet2_extension/lib:/home/point001/autoware.ai/install/lanelet2_validation/lib:/home/point001/autoware.ai/install/lanelet2_routing/lib:/home/point001/autoware.ai/install/lanelet2_projection/lib:/home/point001/autoware.ai/install/lanelet2_traffic_rules/lib:/home/point001/autoware.ai/install/lanelet2_io/lib:/home/point001/autoware.ai/install/vector_map/lib:/home/point001/autoware.ai/install/lanelet2_core/lib:/home/point001/autoware.ai/install/amathutils_lib/lib:/opt/ros/melodic/lib:/usr/local/cuda-10.0/lib64 PKG_CONFIG_PATH=/home/point001/autoware.ai/install/lanelet2_extension/lib/x86_64-linux-gnu/pkgconfig:/home/point001/autoware.ai/install/lanelet2_extension/lib/pkgconfig:/home/point001/autoware.ai/install/lanelet2_validation/lib/x86_64-linux-gnu/pkgconfig:/home/point001/autoware.ai/install/lanelet2_validation/lib/pkgconfig:/home/point001/autoware.ai/install/lanelet2_routing/lib/x86_64-linux-gnu/pkgconfig:/home/point001/autoware.ai/install/lanelet2_routing/lib/pkgconfig:/home/point001/autoware.ai/install/lanelet2_projection/lib/x86_64-linux-gnu/pkgconfig:/home/point001/autoware.ai/install/lanelet2_projection/lib/pkgconfig:/home/point001/autoware.ai/install/lanelet2_traffic_rules/lib/x86_64-linux-gnu/pkgconfig:/home/point001/autoware.ai/install/lanelet2_traffic_rules/lib/pkgconfig:/home/point001/autoware.ai/install/lanelet2_maps/lib/x86_64-linux-gnu/pkgconfig:/home/point001/autoware.ai/install/lanelet2_maps/lib/pkgconfig:/home/point001/autoware.ai/install/lanelet2_io/lib/x86_64-linux-gnu/pkgconfig:/home/point001/autoware.ai/install/lanelet2_io/lib/pkgconfig:/home/point001/autoware.ai/install/vector_map/lib/x86_64-linux-gnu/pkgconfig:/home/point001/autoware.ai/install/vector_map/lib/pkgconfig:/home/point001/autoware.ai/install/lanelet2_core/lib/x86_64-linux-gnu/pkgconfig:/home/point001/autoware.ai/install/lanelet2_core/lib/pkgconfig:/home/point001/autoware.ai/install/amathutils_lib/lib/x86_64-linux-gnu/pkgconfig:/home/point001/autoware.ai/install/amathutils_lib/lib/pkgconfig:/home/point001/autoware.ai/install/vector_map_msgs/lib/x86_64-linux-gnu/pkgconfig:/home/point001/autoware.ai/install/vector_map_msgs/lib/pkgconfig:/home/point001/autoware.ai/install/autoware_msgs/lib/x86_64-linux-gnu/pkgconfig:/home/point001/autoware.ai/install/autoware_msgs/lib/pkgconfig:/home/point001/autoware.ai/install/autoware_lanelet2_msgs/lib/x86_64-linux-gnu/pkgconfig:/home/point001/autoware.ai/install/autoware_lanelet2_msgs/lib/pkgconfig:/home/point001/autoware.ai/install/autoware_build_flags/lib/x86_64-linux-gnu/pkgconfig:/home/point001/autoware.ai/install/autoware_build_flags/lib/pkgconfig:${PKG_CONFIG_PATH} PYTHONPATH=/home/point001/autoware.ai/install/vector_map_msgs/lib/python2.7/dist-packages:/home/point001/autoware.ai/install/autoware_msgs/lib/python2.7/dist-packages:/home/point001/autoware.ai/install/autoware_lanelet2_msgs/lib/python2.7/dist-packages:${PYTHONPATH} ROS_PACKAGE_PATH=/home/point001/autoware.ai/install/lanelet2_extension/share:/home/point001/autoware.ai/install/lanelet2_validation/share:/home/point001/autoware.ai/install/lanelet2_routing/share:/home/point001/autoware.ai/install/lanelet2_projection/share:/home/point001/autoware.ai/install/lanelet2_traffic_rules/share:/home/point001/autoware.ai/install/lanelet2_maps/share:/home/point001/autoware.ai/install/lanelet2_io/share:/home/point001/autoware.ai/install/vector_map/share:/home/point001/autoware.ai/install/lanelet2_core/share:/home/point001/autoware.ai/install/amathutils_lib/share:/home/point001/autoware.ai/install/vector_map_msgs/share:/home/point001/autoware.ai/install/autoware_msgs/share:/home/point001/autoware.ai/install/autoware_lanelet2_msgs/share:/home/point001/autoware.ai/install/autoware_build_flags/share:${ROS_PACKAGE_PATH} /usr/bin/cmake --build /home/point001/autoware.ai/build/imm_ukf_pda_track --target install -- -j24 -l24
