[  7%] [32m[1mLinking CXX executable devel/lib/map_tools/map_extender[0m
[ 14%] [32m[1mLinking CXX executable devel/lib/map_tools/pcd2csv[0m
[ 21%] [32m[1mLinking CXX executable devel/lib/map_tools/pcd_grid_divider[0m
[ 28%] [32m[1mLinking CXX executable devel/lib/map_tools/pcd_arealist[0m
[ 35%] [32m[1mLinking CXX executable devel/lib/map_tools/pcd_filter[0m
[ 42%] [32m[1mLinking CXX executable devel/lib/map_tools/csv2pcd[0m
[ 50%] [32m[1mLinking CXX executable devel/lib/map_tools/pcd_binarizer[0m
[ 57%] Built target pcd2csv
[ 64%] Built target pcd_arealist
[ 71%] Built target pcd_grid_divider
[ 78%] Built target csv2pcd
[ 85%] Built target pcd_binarizer
[ 92%] Built target pcd_filter
[100%] Built target map_extender
Built target tests
[ 14%] Built target map_extender
[ 28%] Built target csv2pcd
[ 42%] Built target pcd_arealist
[ 57%] Built target pcd_binarizer
[ 71%] Built target pcd_grid_divider
[ 85%] Built target pcd_filter
[100%] Built target pcd2csv
[36mInstall the project...[0m
-- Install configuration: "Release"
-- Up-to-date: /home/point001/autoware.ai/install/map_tools/lib/pkgconfig/map_tools.pc
-- Up-to-date: /home/point001/autoware.ai/install/map_tools/share/map_tools/cmake/map_toolsConfig.cmake
-- Up-to-date: /home/point001/autoware.ai/install/map_tools/share/map_tools/cmake/map_toolsConfig-version.cmake
-- Up-to-date: /home/point001/autoware.ai/install/map_tools/share/map_tools/package.xml
-- Installing: /home/point001/autoware.ai/install/map_tools/lib/map_tools/csv2pcd
-- Set runtime path of "/home/point001/autoware.ai/install/map_tools/lib/map_tools/csv2pcd" to ""
-- Installing: /home/point001/autoware.ai/install/map_tools/lib/map_tools/map_extender
-- Set runtime path of "/home/point001/autoware.ai/install/map_tools/lib/map_tools/map_extender" to ""
-- Installing: /home/point001/autoware.ai/install/map_tools/lib/map_tools/pcd2csv
-- Set runtime path of "/home/point001/autoware.ai/install/map_tools/lib/map_tools/pcd2csv" to ""
-- Installing: /home/point001/autoware.ai/install/map_tools/lib/map_tools/pcd_arealist
-- Set runtime path of "/home/point001/autoware.ai/install/map_tools/lib/map_tools/pcd_arealist" to ""
-- Installing: /home/point001/autoware.ai/install/map_tools/lib/map_tools/pcd_binarizer
-- Set runtime path of "/home/point001/autoware.ai/install/map_tools/lib/map_tools/pcd_binarizer" to ""
-- Installing: /home/point001/autoware.ai/install/map_tools/lib/map_tools/pcd_filter
-- Set runtime path of "/home/point001/autoware.ai/install/map_tools/lib/map_tools/pcd_filter" to ""
-- Installing: /home/point001/autoware.ai/install/map_tools/lib/map_tools/pcd_grid_divider
-- Set runtime path of "/home/point001/autoware.ai/install/map_tools/lib/map_tools/pcd_grid_divider" to ""
