-- The C compiler identification is GNU 7.5.0
-- The CXX compiler identification is GNU 7.5.0
-- Check for working C compiler: /usr/bin/cc
-- Check for working C compiler: /usr/bin/cc -- works
-- Detecting C compiler ABI info
-- Detecting C compiler ABI info - done
-- Detecting C compile features
-- Detecting C compile features - done
-- Check for working CXX compiler: /usr/bin/c++
-- Check for working CXX compiler: /usr/bin/c++ -- works
-- Detecting CXX compiler ABI info
-- Detecting CXX compiler ABI info - done
-- Detecting CXX compile features
-- Detecting CXX compile features - done
-- MRT_ARCH not set and X86 target detected (x86_64)
-- Setting -march to sandybridge
-- Found OpenMP_C: -fopenmp (found version "4.5") 
-- Found OpenMP_CXX: -fopenmp (found version "4.5") 
-- Found OpenMP: TRUE (found version "4.5")  
-- Performing Test FLAG_AVAILABLE
-- Performing Test FLAG_AVAILABLE - Success
-- Using CATKIN_DEVEL_PREFIX: /home/point001/autoware.ai/build/lanelet2_projection/devel
-- Using CMAKE_PREFIX_PATH: /home/point001/autoware.ai/install/lanelet2_io;/home/point001/autoware.ai/install/lanelet2_core;/home/point001/autoware.ai/install/mrt_cmake_modules;/opt/ros/melodic
-- This workspace overlays: /home/point001/autoware.ai/install/lanelet2_io;/home/point001/autoware.ai/install/lanelet2_core;/home/point001/autoware.ai/install/mrt_cmake_modules;/opt/ros/melodic
-- Found PythonInterp: /usr/bin/python2 (found suitable version "2.7.17", minimum required is "2") 
-- Using PYTHON_EXECUTABLE: /usr/bin/python2
-- Using Debian Python package layout
-- Using empy: /usr/bin/empy
-- Using CATKIN_ENABLE_TESTING: ON
-- Call enable_testing()
-- Using CATKIN_TEST_RESULTS_DIR: /home/point001/autoware.ai/build/lanelet2_projection/test_results
-- Found gtest sources under '/usr/src/googletest': gtests will be built
-- Found gmock sources under '/usr/src/googletest': gmock will be built
-- Found PythonInterp: /usr/bin/python2 (found version "2.7.17") 
-- Looking for pthread.h
-- Looking for pthread.h - found
-- Looking for pthread_create
-- Looking for pthread_create - found
-- Found Threads: TRUE  
-- Using Python nosetests: /usr/bin/nosetests-2.7
-- catkin 0.7.29
-- BUILD_SHARED_LIBS is on
-- Found PkgConfig: /usr/bin/pkg-config (found version "0.29.1") 
-- Found GeographicLib: /usr/lib/x86_64-linux-gnu/libGeographic.so  
-- Adding library "lanelet2_projection" with source src/UTM.cpp
-- Marking targets "lanelet2_projection" of package "lanelet2_projection" for installation
-- Marking HEADER FILES in "include" folder of package "lanelet2_projection" for installation
-- Adding gtest unittest "lanelet2_projection-test_Mercator-test" with working dir /home/point001/autoware.ai/src/vendor/lanelet2/lanelet2_projection/test
-- Adding gtest unittest "lanelet2_projection-test_UTM-test" with working dir /home/point001/autoware.ai/src/vendor/lanelet2/lanelet2_projection/test
-- Adding nosetests in folder test
-- Configuring done
-- Generating done
-- Build files have been written to: /home/point001/autoware.ai/build/lanelet2_projection
[35m[1mScanning dependencies of target _catkin_empty_exported_target[0m
[  0%] Built target _catkin_empty_exported_target
[35m[1mScanning dependencies of target lanelet2_projection[0m
[ 50%] [32mBuilding CXX object CMakeFiles/lanelet2_projection.dir/src/UTM.cpp.o[0m
[100%] [32m[1mLinking CXX shared library devel/lib/liblanelet2_projection.so[0m
[100%] Built target lanelet2_projection
[35m[1mScanning dependencies of target gtest[0m
[  0%] Built target _catkin_empty_exported_target
[ 10%] [32mBuilding CXX object gtest/googlemock/gtest/CMakeFiles/gtest.dir/src/gtest-all.cc.o[0m
[ 30%] Built target lanelet2_projection
[ 40%] [32m[1mLinking CXX shared library libgtest.so[0m
[ 40%] Built target gtest
[35m[1mScanning dependencies of target gtest_main[0m
[ 50%] [32mBuilding CXX object gtest/googlemock/gtest/CMakeFiles/gtest_main.dir/src/gtest_main.cc.o[0m
[ 60%] [32m[1mLinking CXX shared library libgtest_main.so[0m
[ 60%] Built target gtest_main
[35m[1mScanning dependencies of target lanelet2_projection-test_UTM-test[0m
[35m[1mScanning dependencies of target lanelet2_projection-test_Mercator-test[0m
[ 70%] [32mBuilding CXX object CMakeFiles/lanelet2_projection-test_Mercator-test.dir/test/test_Mercator.cpp.o[0m
[ 80%] [32mBuilding CXX object CMakeFiles/lanelet2_projection-test_UTM-test.dir/test/test_UTM.cpp.o[0m
[ 90%] [32m[1mLinking CXX executable devel/lib/lanelet2_projection/lanelet2_projection-test_Mercator-test[0m
[ 90%] Built target lanelet2_projection-test_Mercator-test
[100%] [32m[1mLinking CXX executable devel/lib/lanelet2_projection/lanelet2_projection-test_UTM-test[0m
[100%] Built target lanelet2_projection-test_UTM-test
[35m[1mScanning dependencies of target tests[0m
[100%] Built target tests
[  0%] Built target _catkin_empty_exported_target
[100%] Built target lanelet2_projection
[36mInstall the project...[0m
-- Install configuration: "Release"
-- Installing: /home/point001/autoware.ai/install/lanelet2_projection/lib/pkgconfig/lanelet2_projection.pc
-- Installing: /home/point001/autoware.ai/install/lanelet2_projection/share/lanelet2_projection/cmake/lanelet2_projectionConfig.cmake
-- Installing: /home/point001/autoware.ai/install/lanelet2_projection/share/lanelet2_projection/cmake/lanelet2_projectionConfig-version.cmake
-- Installing: /home/point001/autoware.ai/install/lanelet2_projection/share/lanelet2_projection/package.xml
-- Installing: /home/point001/autoware.ai/install/lanelet2_projection/lib/liblanelet2_projection.so
-- Set runtime path of "/home/point001/autoware.ai/install/lanelet2_projection/lib/liblanelet2_projection.so" to ""
-- Installing: /home/point001/autoware.ai/install/lanelet2_projection/include/lanelet2_projection
-- Installing: /home/point001/autoware.ai/install/lanelet2_projection/include/lanelet2_projection/Mercator.h
-- Installing: /home/point001/autoware.ai/install/lanelet2_projection/include/lanelet2_projection/UTM.h
-- Installing: /home/point001/autoware.ai/install/lanelet2_projection/include/lanelet2_projection/internal
