[0.008s] Invoking command in '/home/point001/autoware.ai/build/lanelet2_projection': CMAKE_PREFIX_PATH=/home/point001/autoware.ai/install/lanelet2_io:/home/point001/autoware.ai/install/lanelet2_core:/home/point001/autoware.ai/install/mrt_cmake_modules:${CMAKE_PREFIX_PATH} LD_LIBRARY_PATH=/home/point001/autoware.ai/install/lanelet2_io/lib:/home/point001/autoware.ai/install/lanelet2_core/lib:/opt/ros/melodic/lib:/usr/local/cuda-10.0/lib64 PKG_CONFIG_PATH=/home/point001/autoware.ai/install/lanelet2_io/lib/x86_64-linux-gnu/pkgconfig:/home/point001/autoware.ai/install/lanelet2_io/lib/pkgconfig:/home/point001/autoware.ai/install/lanelet2_core/lib/x86_64-linux-gnu/pkgconfig:/home/point001/autoware.ai/install/lanelet2_core/lib/pkgconfig:/home/point001/autoware.ai/install/mrt_cmake_modules/lib/x86_64-linux-gnu/pkgconfig:/home/point001/autoware.ai/install/mrt_cmake_modules/lib/pkgconfig:${PKG_CONFIG_PATH} PYTHONPATH=/home/point001/autoware.ai/install/mrt_cmake_modules/lib/python2.7/dist-packages:${PYTHONPATH} ROS_PACKAGE_PATH=/home/point001/autoware.ai/install/lanelet2_io/share:/home/point001/autoware.ai/install/lanelet2_core/share:/home/point001/autoware.ai/install/mrt_cmake_modules/share:${ROS_PACKAGE_PATH} /usr/bin/cmake /home/point001/autoware.ai/src/vendor/lanelet2/lanelet2_projection -DCMAKE_BUILD_TYPE=Release -DCATKIN_INSTALL_INTO_PREFIX_ROOT=0 -DCMAKE_INSTALL_PREFIX=/home/point001/autoware.ai/install/lanelet2_projection
[0.054s] -- The C compiler identification is GNU 7.5.0
[0.097s] -- The CXX compiler identification is GNU 7.5.0
[0.101s] -- Check for working C compiler: /usr/bin/cc
[0.149s] -- Check for working C compiler: /usr/bin/cc -- works
[0.149s] -- Detecting C compiler ABI info
[0.197s] -- Detecting C compiler ABI info - done
[0.204s] -- Detecting C compile features
[0.347s] -- Detecting C compile features - done
[0.349s] -- Check for working CXX compiler: /usr/bin/c++
[0.402s] -- Check for working CXX compiler: /usr/bin/c++ -- works
[0.403s] -- Detecting CXX compiler ABI info
[0.458s] -- Detecting CXX compiler ABI info - done
[0.465s] -- Detecting CXX compile features
[0.714s] -- Detecting CXX compile features - done
[0.717s] -- MRT_ARCH not set and X86 target detected (x86_64)
[0.717s] -- Setting -march to sandybridge
[0.898s] -- Found OpenMP_C: -fopenmp (found version "4.5") 
[0.956s] -- Found OpenMP_CXX: -fopenmp (found version "4.5") 
[0.956s] -- Found OpenMP: TRUE (found version "4.5")  
[0.961s] -- Performing Test FLAG_AVAILABLE
[1.014s] -- Performing Test FLAG_AVAILABLE - Success
[1.015s] -- Using CATKIN_DEVEL_PREFIX: /home/point001/autoware.ai/build/lanelet2_projection/devel
[1.015s] -- Using CMAKE_PREFIX_PATH: /home/point001/autoware.ai/install/lanelet2_io;/home/point001/autoware.ai/install/lanelet2_core;/home/point001/autoware.ai/install/mrt_cmake_modules;/opt/ros/melodic
[1.015s] -- This workspace overlays: /home/point001/autoware.ai/install/lanelet2_io;/home/point001/autoware.ai/install/lanelet2_core;/home/point001/autoware.ai/install/mrt_cmake_modules;/opt/ros/melodic
[1.025s] -- Found PythonInterp: /usr/bin/python2 (found suitable version "2.7.17", minimum required is "2") 
[1.025s] -- Using PYTHON_EXECUTABLE: /usr/bin/python2
[1.025s] -- Using Debian Python package layout
[1.025s] -- Using empy: /usr/bin/empy
[1.127s] -- Using CATKIN_ENABLE_TESTING: ON
[1.127s] -- Call enable_testing()
[1.128s] -- Using CATKIN_TEST_RESULTS_DIR: /home/point001/autoware.ai/build/lanelet2_projection/test_results
[1.140s] -- Found gtest sources under '/usr/src/googletest': gtests will be built
[1.140s] -- Found gmock sources under '/usr/src/googletest': gmock will be built
[1.149s] -- Found PythonInterp: /usr/bin/python2 (found version "2.7.17") 
[1.150s] -- Looking for pthread.h
[1.203s] -- Looking for pthread.h - found
[1.203s] -- Looking for pthread_create
[1.253s] -- Looking for pthread_create - found
[1.253s] -- Found Threads: TRUE  
[1.257s] -- Using Python nosetests: /usr/bin/nosetests-2.7
[1.285s] -- catkin 0.7.29
[1.285s] -- BUILD_SHARED_LIBS is on
[1.584s] -- Found PkgConfig: /usr/bin/pkg-config (found version "0.29.1") 
[1.586s] -- Found GeographicLib: /usr/lib/x86_64-linux-gnu/libGeographic.so  
[1.676s] -- Adding library "lanelet2_projection" with source src/UTM.cpp
[1.676s] -- Marking targets "lanelet2_projection" of package "lanelet2_projection" for installation
[1.676s] -- Marking HEADER FILES in "include" folder of package "lanelet2_projection" for installation
[1.676s] -- Adding gtest unittest "lanelet2_projection-test_Mercator-test" with working dir /home/point001/autoware.ai/src/vendor/lanelet2/lanelet2_projection/test
[1.678s] -- Adding gtest unittest "lanelet2_projection-test_UTM-test" with working dir /home/point001/autoware.ai/src/vendor/lanelet2/lanelet2_projection/test
[1.679s] -- Adding nosetests in folder test
[1.681s] -- Configuring done
[1.701s] -- Generating done
[1.704s] -- Build files have been written to: /home/point001/autoware.ai/build/lanelet2_projection
[1.707s] Invoked command in '/home/point001/autoware.ai/build/lanelet2_projection' returned '0': CMAKE_PREFIX_PATH=/home/point001/autoware.ai/install/lanelet2_io:/home/point001/autoware.ai/install/lanelet2_core:/home/point001/autoware.ai/install/mrt_cmake_modules:${CMAKE_PREFIX_PATH} LD_LIBRARY_PATH=/home/point001/autoware.ai/install/lanelet2_io/lib:/home/point001/autoware.ai/install/lanelet2_core/lib:/opt/ros/melodic/lib:/usr/local/cuda-10.0/lib64 PKG_CONFIG_PATH=/home/point001/autoware.ai/install/lanelet2_io/lib/x86_64-linux-gnu/pkgconfig:/home/point001/autoware.ai/install/lanelet2_io/lib/pkgconfig:/home/point001/autoware.ai/install/lanelet2_core/lib/x86_64-linux-gnu/pkgconfig:/home/point001/autoware.ai/install/lanelet2_core/lib/pkgconfig:/home/point001/autoware.ai/install/mrt_cmake_modules/lib/x86_64-linux-gnu/pkgconfig:/home/point001/autoware.ai/install/mrt_cmake_modules/lib/pkgconfig:${PKG_CONFIG_PATH} PYTHONPATH=/home/point001/autoware.ai/install/mrt_cmake_modules/lib/python2.7/dist-packages:${PYTHONPATH} ROS_PACKAGE_PATH=/home/point001/autoware.ai/install/lanelet2_io/share:/home/point001/autoware.ai/install/lanelet2_core/share:/home/point001/autoware.ai/install/mrt_cmake_modules/share:${ROS_PACKAGE_PATH} /usr/bin/cmake /home/point001/autoware.ai/src/vendor/lanelet2/lanelet2_projection -DCMAKE_BUILD_TYPE=Release -DCATKIN_INSTALL_INTO_PREFIX_ROOT=0 -DCMAKE_INSTALL_PREFIX=/home/point001/autoware.ai/install/lanelet2_projection
[1.710s] Invoking command in '/home/point001/autoware.ai/build/lanelet2_projection': CMAKE_PREFIX_PATH=/home/point001/autoware.ai/install/lanelet2_io:/home/point001/autoware.ai/install/lanelet2_core:/home/point001/autoware.ai/install/mrt_cmake_modules:${CMAKE_PREFIX_PATH} LD_LIBRARY_PATH=/home/point001/autoware.ai/install/lanelet2_io/lib:/home/point001/autoware.ai/install/lanelet2_core/lib:/opt/ros/melodic/lib:/usr/local/cuda-10.0/lib64 PKG_CONFIG_PATH=/home/point001/autoware.ai/install/lanelet2_io/lib/x86_64-linux-gnu/pkgconfig:/home/point001/autoware.ai/install/lanelet2_io/lib/pkgconfig:/home/point001/autoware.ai/install/lanelet2_core/lib/x86_64-linux-gnu/pkgconfig:/home/point001/autoware.ai/install/lanelet2_core/lib/pkgconfig:/home/point001/autoware.ai/install/mrt_cmake_modules/lib/x86_64-linux-gnu/pkgconfig:/home/point001/autoware.ai/install/mrt_cmake_modules/lib/pkgconfig:${PKG_CONFIG_PATH} PYTHONPATH=/home/point001/autoware.ai/install/mrt_cmake_modules/lib/python2.7/dist-packages:${PYTHONPATH} ROS_PACKAGE_PATH=/home/point001/autoware.ai/install/lanelet2_io/share:/home/point001/autoware.ai/install/lanelet2_core/share:/home/point001/autoware.ai/install/mrt_cmake_modules/share:${ROS_PACKAGE_PATH} /usr/bin/cmake --build /home/point001/autoware.ai/build/lanelet2_projection -- -j24 -l24
[1.738s] [35m[1mScanning dependencies of target _catkin_empty_exported_target[0m
[1.746s] [  0%] Built target _catkin_empty_exported_target
[1.754s] [35m[1mScanning dependencies of target lanelet2_projection[0m
[1.775s] [ 50%] [32mBuilding CXX object CMakeFiles/lanelet2_projection.dir/src/UTM.cpp.o[0m
[2.879s] [100%] [32m[1mLinking CXX shared library devel/lib/liblanelet2_projection.so[0m
[2.919s] [100%] Built target lanelet2_projection
[2.927s] Invoked command in '/home/point001/autoware.ai/build/lanelet2_projection' returned '0': CMAKE_PREFIX_PATH=/home/point001/autoware.ai/install/lanelet2_io:/home/point001/autoware.ai/install/lanelet2_core:/home/point001/autoware.ai/install/mrt_cmake_modules:${CMAKE_PREFIX_PATH} LD_LIBRARY_PATH=/home/point001/autoware.ai/install/lanelet2_io/lib:/home/point001/autoware.ai/install/lanelet2_core/lib:/opt/ros/melodic/lib:/usr/local/cuda-10.0/lib64 PKG_CONFIG_PATH=/home/point001/autoware.ai/install/lanelet2_io/lib/x86_64-linux-gnu/pkgconfig:/home/point001/autoware.ai/install/lanelet2_io/lib/pkgconfig:/home/point001/autoware.ai/install/lanelet2_core/lib/x86_64-linux-gnu/pkgconfig:/home/point001/autoware.ai/install/lanelet2_core/lib/pkgconfig:/home/point001/autoware.ai/install/mrt_cmake_modules/lib/x86_64-linux-gnu/pkgconfig:/home/point001/autoware.ai/install/mrt_cmake_modules/lib/pkgconfig:${PKG_CONFIG_PATH} PYTHONPATH=/home/point001/autoware.ai/install/mrt_cmake_modules/lib/python2.7/dist-packages:${PYTHONPATH} ROS_PACKAGE_PATH=/home/point001/autoware.ai/install/lanelet2_io/share:/home/point001/autoware.ai/install/lanelet2_core/share:/home/point001/autoware.ai/install/mrt_cmake_modules/share:${ROS_PACKAGE_PATH} /usr/bin/cmake --build /home/point001/autoware.ai/build/lanelet2_projection -- -j24 -l24
[2.954s] Invoking command in '/home/point001/autoware.ai/build/lanelet2_projection': CMAKE_PREFIX_PATH=/home/point001/autoware.ai/install/lanelet2_io:/home/point001/autoware.ai/install/lanelet2_core:/home/point001/autoware.ai/install/mrt_cmake_modules:${CMAKE_PREFIX_PATH} LD_LIBRARY_PATH=/home/point001/autoware.ai/install/lanelet2_io/lib:/home/point001/autoware.ai/install/lanelet2_core/lib:/opt/ros/melodic/lib:/usr/local/cuda-10.0/lib64 PKG_CONFIG_PATH=/home/point001/autoware.ai/install/lanelet2_io/lib/x86_64-linux-gnu/pkgconfig:/home/point001/autoware.ai/install/lanelet2_io/lib/pkgconfig:/home/point001/autoware.ai/install/lanelet2_core/lib/x86_64-linux-gnu/pkgconfig:/home/point001/autoware.ai/install/lanelet2_core/lib/pkgconfig:/home/point001/autoware.ai/install/mrt_cmake_modules/lib/x86_64-linux-gnu/pkgconfig:/home/point001/autoware.ai/install/mrt_cmake_modules/lib/pkgconfig:${PKG_CONFIG_PATH} PYTHONPATH=/home/point001/autoware.ai/install/mrt_cmake_modules/lib/python2.7/dist-packages:${PYTHONPATH} ROS_PACKAGE_PATH=/home/point001/autoware.ai/install/lanelet2_io/share:/home/point001/autoware.ai/install/lanelet2_core/share:/home/point001/autoware.ai/install/mrt_cmake_modules/share:${ROS_PACKAGE_PATH} /usr/bin/cmake --build /home/point001/autoware.ai/build/lanelet2_projection --target tests -- -j24 -l24
[2.990s] [35m[1mScanning dependencies of target gtest[0m
[2.997s] [  0%] Built target _catkin_empty_exported_target
[3.004s] [ 10%] [32mBuilding CXX object gtest/googlemock/gtest/CMakeFiles/gtest.dir/src/gtest-all.cc.o[0m
[3.020s] [ 30%] Built target lanelet2_projection
[6.433s] [ 40%] [32m[1mLinking CXX shared library libgtest.so[0m
[6.463s] [ 40%] Built target gtest
[6.470s] [35m[1mScanning dependencies of target gtest_main[0m
[6.481s] [ 50%] [32mBuilding CXX object gtest/googlemock/gtest/CMakeFiles/gtest_main.dir/src/gtest_main.cc.o[0m
[6.854s] [ 60%] [32m[1mLinking CXX shared library libgtest_main.so[0m
[6.882s] [ 60%] Built target gtest_main
[6.889s] [35m[1mScanning dependencies of target lanelet2_projection-test_UTM-test[0m
[6.889s] [35m[1mScanning dependencies of target lanelet2_projection-test_Mercator-test[0m
[6.913s] [ 70%] [32mBuilding CXX object CMakeFiles/lanelet2_projection-test_Mercator-test.dir/test/test_Mercator.cpp.o[0m
[6.914s] [ 80%] [32mBuilding CXX object CMakeFiles/lanelet2_projection-test_UTM-test.dir/test/test_UTM.cpp.o[0m
[8.193s] [ 90%] [32m[1mLinking CXX executable devel/lib/lanelet2_projection/lanelet2_projection-test_Mercator-test[0m
[8.232s] [ 90%] Built target lanelet2_projection-test_Mercator-test
[8.454s] [100%] [32m[1mLinking CXX executable devel/lib/lanelet2_projection/lanelet2_projection-test_UTM-test[0m
[8.502s] [100%] Built target lanelet2_projection-test_UTM-test
[8.509s] [35m[1mScanning dependencies of target tests[0m
[8.516s] [100%] Built target tests
[8.524s] Invoked command in '/home/point001/autoware.ai/build/lanelet2_projection' returned '0': CMAKE_PREFIX_PATH=/home/point001/autoware.ai/install/lanelet2_io:/home/point001/autoware.ai/install/lanelet2_core:/home/point001/autoware.ai/install/mrt_cmake_modules:${CMAKE_PREFIX_PATH} LD_LIBRARY_PATH=/home/point001/autoware.ai/install/lanelet2_io/lib:/home/point001/autoware.ai/install/lanelet2_core/lib:/opt/ros/melodic/lib:/usr/local/cuda-10.0/lib64 PKG_CONFIG_PATH=/home/point001/autoware.ai/install/lanelet2_io/lib/x86_64-linux-gnu/pkgconfig:/home/point001/autoware.ai/install/lanelet2_io/lib/pkgconfig:/home/point001/autoware.ai/install/lanelet2_core/lib/x86_64-linux-gnu/pkgconfig:/home/point001/autoware.ai/install/lanelet2_core/lib/pkgconfig:/home/point001/autoware.ai/install/mrt_cmake_modules/lib/x86_64-linux-gnu/pkgconfig:/home/point001/autoware.ai/install/mrt_cmake_modules/lib/pkgconfig:${PKG_CONFIG_PATH} PYTHONPATH=/home/point001/autoware.ai/install/mrt_cmake_modules/lib/python2.7/dist-packages:${PYTHONPATH} ROS_PACKAGE_PATH=/home/point001/autoware.ai/install/lanelet2_io/share:/home/point001/autoware.ai/install/lanelet2_core/share:/home/point001/autoware.ai/install/mrt_cmake_modules/share:${ROS_PACKAGE_PATH} /usr/bin/cmake --build /home/point001/autoware.ai/build/lanelet2_projection --target tests -- -j24 -l24
[8.551s] Invoking command in '/home/point001/autoware.ai/build/lanelet2_projection': CMAKE_PREFIX_PATH=/home/point001/autoware.ai/install/lanelet2_io:/home/point001/autoware.ai/install/lanelet2_core:/home/point001/autoware.ai/install/mrt_cmake_modules:${CMAKE_PREFIX_PATH} LD_LIBRARY_PATH=/home/point001/autoware.ai/install/lanelet2_io/lib:/home/point001/autoware.ai/install/lanelet2_core/lib:/opt/ros/melodic/lib:/usr/local/cuda-10.0/lib64 PKG_CONFIG_PATH=/home/point001/autoware.ai/install/lanelet2_io/lib/x86_64-linux-gnu/pkgconfig:/home/point001/autoware.ai/install/lanelet2_io/lib/pkgconfig:/home/point001/autoware.ai/install/lanelet2_core/lib/x86_64-linux-gnu/pkgconfig:/home/point001/autoware.ai/install/lanelet2_core/lib/pkgconfig:/home/point001/autoware.ai/install/mrt_cmake_modules/lib/x86_64-linux-gnu/pkgconfig:/home/point001/autoware.ai/install/mrt_cmake_modules/lib/pkgconfig:${PKG_CONFIG_PATH} PYTHONPATH=/home/point001/autoware.ai/install/mrt_cmake_modules/lib/python2.7/dist-packages:${PYTHONPATH} ROS_PACKAGE_PATH=/home/point001/autoware.ai/install/lanelet2_io/share:/home/point001/autoware.ai/install/lanelet2_core/share:/home/point001/autoware.ai/install/mrt_cmake_modules/share:${ROS_PACKAGE_PATH} /usr/bin/cmake --build /home/point001/autoware.ai/build/lanelet2_projection --target install -- -j24 -l24
[8.584s] [  0%] Built target _catkin_empty_exported_target
[8.601s] [100%] Built target lanelet2_projection
[8.614s] [36mInstall the project...[0m
[8.619s] -- Install configuration: "Release"
[8.619s] -- Installing: /home/point001/autoware.ai/install/lanelet2_projection/lib/pkgconfig/lanelet2_projection.pc
[8.619s] -- Installing: /home/point001/autoware.ai/install/lanelet2_projection/share/lanelet2_projection/cmake/lanelet2_projectionConfig.cmake
[8.619s] -- Installing: /home/point001/autoware.ai/install/lanelet2_projection/share/lanelet2_projection/cmake/lanelet2_projectionConfig-version.cmake
[8.619s] -- Installing: /home/point001/autoware.ai/install/lanelet2_projection/share/lanelet2_projection/package.xml
[8.619s] -- Installing: /home/point001/autoware.ai/install/lanelet2_projection/lib/liblanelet2_projection.so
[8.620s] -- Set runtime path of "/home/point001/autoware.ai/install/lanelet2_projection/lib/liblanelet2_projection.so" to ""
[8.620s] -- Installing: /home/point001/autoware.ai/install/lanelet2_projection/include/lanelet2_projection
[8.620s] -- Installing: /home/point001/autoware.ai/install/lanelet2_projection/include/lanelet2_projection/Mercator.h
[8.620s] -- Installing: /home/point001/autoware.ai/install/lanelet2_projection/include/lanelet2_projection/UTM.h
[8.620s] -- Installing: /home/point001/autoware.ai/install/lanelet2_projection/include/lanelet2_projection/internal
[8.622s] Invoked command in '/home/point001/autoware.ai/build/lanelet2_projection' returned '0': CMAKE_PREFIX_PATH=/home/point001/autoware.ai/install/lanelet2_io:/home/point001/autoware.ai/install/lanelet2_core:/home/point001/autoware.ai/install/mrt_cmake_modules:${CMAKE_PREFIX_PATH} LD_LIBRARY_PATH=/home/point001/autoware.ai/install/lanelet2_io/lib:/home/point001/autoware.ai/install/lanelet2_core/lib:/opt/ros/melodic/lib:/usr/local/cuda-10.0/lib64 PKG_CONFIG_PATH=/home/point001/autoware.ai/install/lanelet2_io/lib/x86_64-linux-gnu/pkgconfig:/home/point001/autoware.ai/install/lanelet2_io/lib/pkgconfig:/home/point001/autoware.ai/install/lanelet2_core/lib/x86_64-linux-gnu/pkgconfig:/home/point001/autoware.ai/install/lanelet2_core/lib/pkgconfig:/home/point001/autoware.ai/install/mrt_cmake_modules/lib/x86_64-linux-gnu/pkgconfig:/home/point001/autoware.ai/install/mrt_cmake_modules/lib/pkgconfig:${PKG_CONFIG_PATH} PYTHONPATH=/home/point001/autoware.ai/install/mrt_cmake_modules/lib/python2.7/dist-packages:${PYTHONPATH} ROS_PACKAGE_PATH=/home/point001/autoware.ai/install/lanelet2_io/share:/home/point001/autoware.ai/install/lanelet2_core/share:/home/point001/autoware.ai/install/mrt_cmake_modules/share:${ROS_PACKAGE_PATH} /usr/bin/cmake --build /home/point001/autoware.ai/build/lanelet2_projection --target install -- -j24 -l24
