[0.316s] Invoking command in '/home/point001/autoware.ai/build/autoware_launcher': /usr/bin/cmake --build /home/point001/autoware.ai/build/autoware_launcher -- -j24 -l24
[0.678s] Invoked command in '/home/point001/autoware.ai/build/autoware_launcher' returned '0': /usr/bin/cmake --build /home/point001/autoware.ai/build/autoware_launcher -- -j24 -l24
[0.774s] Invoking command in '/home/point001/autoware.ai/build/autoware_launcher': /usr/bin/cmake --build /home/point001/autoware.ai/build/autoware_launcher --target tests -- -j24 -l24
[0.841s] Built target tests
[0.909s] Invoked command in '/home/point001/autoware.ai/build/autoware_launcher' returned '0': /usr/bin/cmake --build /home/point001/autoware.ai/build/autoware_launcher --target tests -- -j24 -l24
[1.038s] Invoking command in '/home/point001/autoware.ai/build/autoware_launcher': /usr/bin/cmake --build /home/point001/autoware.ai/build/autoware_launcher --target install -- -j24 -l24
[1.083s] [36mInstall the project...[0m
[1.095s] -- Install configuration: "Release"
[1.100s] + cd /home/point001/autoware.ai/src/autoware/utilities/autoware_launcher
[1.100s] + mkdir -p /home/point001/autoware.ai/install/autoware_launcher/lib/python2.7/dist-packages
[1.100s] + /usr/bin/env PYTHONPATH=/home/point001/autoware.ai/install/autoware_launcher/lib/python2.7/dist-packages:/home/point001/autoware.ai/build/autoware_launcher/lib/python2.7/dist-packages:/opt/ros/melodic/lib/python2.7/dist-packages CATKIN_BINARY_DIR=/home/point001/autoware.ai/build/autoware_launcher /usr/bin/python2 /home/point001/autoware.ai/src/autoware/utilities/autoware_launcher/setup.py build --build-base /home/point001/autoware.ai/build/autoware_launcher install --root=/ --install-layout=deb --prefix=/home/point001/autoware.ai/install/autoware_launcher --install-scripts=/home/point001/autoware.ai/install/autoware_launcher/bin
[1.139s] running build
[1.140s] running build_py
[1.145s] running install
[1.146s] running install_lib
[1.146s] running install_egg_info
[1.146s] Removing /home/point001/autoware.ai/install/autoware_launcher/lib/python2.7/dist-packages/autoware_launcher-1.12.0.egg-info
[1.146s] Writing /home/point001/autoware.ai/install/autoware_launcher/lib/python2.7/dist-packages/autoware_launcher-1.12.0.egg-info
[1.152s] -- Up-to-date: /home/point001/autoware.ai/install/autoware_launcher/lib/pkgconfig/autoware_launcher.pc
[1.152s] -- Up-to-date: /home/point001/autoware.ai/install/autoware_launcher/share/autoware_launcher/cmake/autoware_launcherConfig.cmake
[1.152s] -- Up-to-date: /home/point001/autoware.ai/install/autoware_launcher/share/autoware_launcher/cmake/autoware_launcherConfig-version.cmake
[1.152s] -- Up-to-date: /home/point001/autoware.ai/install/autoware_launcher/share/autoware_launcher/package.xml
[1.152s] -- Up-to-date: /home/point001/autoware.ai/install/autoware_launcher/lib/autoware_launcher/main
[1.152s] -- Up-to-date: /home/point001/autoware.ai/install/autoware_launcher/lib/autoware_launcher/tool
[1.152s] -- Up-to-date: /home/point001/autoware.ai/install/autoware_launcher/share/autoware_launcher/resources
[1.152s] -- Up-to-date: /home/point001/autoware.ai/install/autoware_launcher/share/autoware_launcher/resources/skins
[1.153s] -- Up-to-date: /home/point001/autoware.ai/install/autoware_launcher/share/autoware_launcher/resources/skins/qt.css
[1.153s] -- Up-to-date: /home/point001/autoware.ai/install/autoware_launcher/share/autoware_launcher/resources/skins/autoware.css
[1.153s] -- Up-to-date: /home/point001/autoware.ai/install/autoware_launcher/share/autoware_launcher/resources/autoware_logo.png
[1.153s] -- Up-to-date: /home/point001/autoware.ai/install/autoware_launcher/share/autoware_launcher/resources/rosbagplay.xml
[1.153s] -- Up-to-date: /home/point001/autoware.ai/install/autoware_launcher/share/autoware_launcher/resources/dummy.yaml
[1.153s] -- Up-to-date: /home/point001/autoware.ai/install/autoware_launcher/share/autoware_launcher/resources/lgsvl.yaml
[1.153s] -- Up-to-date: /home/point001/autoware.ai/install/autoware_launcher/share/autoware_launcher/plugins
[1.153s] -- Up-to-date: /home/point001/autoware.ai/install/autoware_launcher/share/autoware_launcher/plugins/refs
[1.154s] -- Up-to-date: /home/point001/autoware.ai/install/autoware_launcher/share/autoware_launcher/plugins/refs/euclidean_cluster.yaml
[1.154s] -- Up-to-date: /home/point001/autoware.ai/install/autoware_launcher/share/autoware_launcher/plugins/refs/yolov3.yaml
[1.154s] -- Up-to-date: /home/point001/autoware.ai/install/autoware_launcher/share/autoware_launcher/plugins/refs/imm_ukf_pda_track.yaml
[1.154s] -- Up-to-date: /home/point001/autoware.ai/install/autoware_launcher/share/autoware_launcher/plugins/refs/vel_pose_connect.yaml
[1.154s] -- Up-to-date: /home/point001/autoware.ai/install/autoware_launcher/share/autoware_launcher/plugins/refs/range_vision_fusion.yaml
[1.155s] -- Up-to-date: /home/point001/autoware.ai/install/autoware_launcher/share/autoware_launcher/plugins/refs/lane_select.yaml
[1.157s] -- Up-to-date: /home/point001/autoware.ai/install/autoware_launcher/share/autoware_launcher/plugins/refs/twist_filter.yaml
[1.158s] -- Up-to-date: /home/point001/autoware.ai/install/autoware_launcher/share/autoware_launcher/plugins/refs/velocity_set.yaml
[1.158s] -- Up-to-date: /home/point001/autoware.ai/install/autoware_launcher/share/autoware_launcher/plugins/refs/nmea2tfpose.yaml
[1.158s] -- Up-to-date: /home/point001/autoware.ai/install/autoware_launcher/share/autoware_launcher/plugins/refs/tl_projection.yaml
[1.159s] -- Up-to-date: /home/point001/autoware.ai/install/autoware_launcher/share/autoware_launcher/plugins/refs/ray_ground_filter.yaml
[1.159s] -- Up-to-date: /home/point001/autoware.ai/install/autoware_launcher/share/autoware_launcher/plugins/refs/tl_mxnet.yaml
[1.159s] -- Up-to-date: /home/point001/autoware.ai/install/autoware_launcher/share/autoware_launcher/plugins/refs/tl_recognition.yaml
[1.159s] -- Up-to-date: /home/point001/autoware.ai/install/autoware_launcher/share/autoware_launcher/plugins/refs/native_motion_predict.yaml
[1.159s] -- Up-to-date: /home/point001/autoware.ai/install/autoware_launcher/share/autoware_launcher/plugins/refs/astar_avoid.yaml
[1.159s] -- Up-to-date: /home/point001/autoware.ai/install/autoware_launcher/share/autoware_launcher/plugins/refs/ndt_matching.yaml
[1.159s] -- Up-to-date: /home/point001/autoware.ai/install/autoware_launcher/share/autoware_launcher/plugins/node
[1.159s] -- Up-to-date: /home/point001/autoware.ai/install/autoware_launcher/share/autoware_launcher/plugins/node/lidar_node.yaml
[1.159s] -- Up-to-date: /home/point001/autoware.ai/install/autoware_launcher/share/autoware_launcher/plugins/node/prediction.yaml
[1.159s] -- Up-to-date: /home/point001/autoware.ai/install/autoware_launcher/share/autoware_launcher/plugins/node/detection.yaml
[1.159s] -- Up-to-date: /home/point001/autoware.ai/install/autoware_launcher/share/autoware_launcher/plugins/node/motion.yaml
[1.160s] -- Up-to-date: /home/point001/autoware.ai/install/autoware_launcher/share/autoware_launcher/plugins/node/camera_node.yaml
[1.160s] -- Up-to-date: /home/point001/autoware.ai/install/autoware_launcher/share/autoware_launcher/plugins/node/camera_group.yaml
[1.160s] -- Up-to-date: /home/point001/autoware.ai/install/autoware_launcher/share/autoware_launcher/plugins/node/localization.yaml
[1.160s] -- Up-to-date: /home/point001/autoware.ai/install/autoware_launcher/share/autoware_launcher/plugins/node/mission.yaml
[1.160s] -- Up-to-date: /home/point001/autoware.ai/install/autoware_launcher/share/autoware_launcher/plugins/node/decision.yaml
[1.160s] -- Up-to-date: /home/point001/autoware.ai/install/autoware_launcher/share/autoware_launcher/plugins/node/detect_tl.yaml
[1.160s] -- Up-to-date: /home/point001/autoware.ai/install/autoware_launcher/share/autoware_launcher/plugins/node/lidar_group.yaml
[1.160s] -- Up-to-date: /home/point001/autoware.ai/install/autoware_launcher/share/autoware_launcher/plugins/node/detect_obj.yaml
[1.160s] -- Up-to-date: /home/point001/autoware.ai/install/autoware_launcher/share/autoware_launcher/plugins/node/sensing.yaml
[1.160s] -- Up-to-date: /home/point001/autoware.ai/install/autoware_launcher/share/autoware_launcher/plugins/node/lidar_single.yaml
[1.160s] -- Up-to-date: /home/point001/autoware.ai/install/autoware_launcher/share/autoware_launcher/plugins/node/lidar_merge.yaml
[1.160s] -- Up-to-date: /home/point001/autoware.ai/install/autoware_launcher/share/autoware_launcher/plugins/node/lidar_multi.yaml
[1.160s] -- Up-to-date: /home/point001/autoware.ai/install/autoware_launcher/share/autoware_launcher/plugins/driver
[1.161s] -- Up-to-date: /home/point001/autoware.ai/install/autoware_launcher/share/autoware_launcher/plugins/driver/camera
[1.161s] -- Up-to-date: /home/point001/autoware.ai/install/autoware_launcher/share/autoware_launcher/plugins/driver/camera/usb.yaml
[1.161s] -- Up-to-date: /home/point001/autoware.ai/install/autoware_launcher/share/autoware_launcher/plugins/driver/camera/usb.xml
[1.161s] -- Up-to-date: /home/point001/autoware.ai/install/autoware_launcher/share/autoware_launcher/plugins/driver/lidar
[1.161s] -- Up-to-date: /home/point001/autoware.ai/install/autoware_launcher/share/autoware_launcher/plugins/driver/lidar/vlp16.xml
[1.161s] -- Up-to-date: /home/point001/autoware.ai/install/autoware_launcher/share/autoware_launcher/plugins/driver/lidar/vlp32c.yaml
[1.161s] -- Up-to-date: /home/point001/autoware.ai/install/autoware_launcher/share/autoware_launcher/plugins/driver/lidar/vlp16.yaml
[1.161s] -- Up-to-date: /home/point001/autoware.ai/install/autoware_launcher/share/autoware_launcher/plugins/driver/lidar/vlp32c.xml
[1.161s] -- Up-to-date: /home/point001/autoware.ai/install/autoware_launcher/share/autoware_launcher/plugins/leaf
[1.161s] -- Up-to-date: /home/point001/autoware.ai/install/autoware_launcher/share/autoware_launcher/plugins/leaf/transform_v2v.yaml
[1.162s] -- Up-to-date: /home/point001/autoware.ai/install/autoware_launcher/share/autoware_launcher/plugins/leaf/pure_pursuit.yaml
[1.162s] -- Up-to-date: /home/point001/autoware.ai/install/autoware_launcher/share/autoware_launcher/plugins/leaf/vehicle.yaml
[1.162s] -- Up-to-date: /home/point001/autoware.ai/install/autoware_launcher/share/autoware_launcher/plugins/leaf/rviz.yaml
[1.162s] -- Up-to-date: /home/point001/autoware.ai/install/autoware_launcher/share/autoware_launcher/plugins/leaf/voxel_grid_filter.xml
[1.162s] -- Up-to-date: /home/point001/autoware.ai/install/autoware_launcher/share/autoware_launcher/plugins/leaf/vehicle.xml
[1.163s] -- Up-to-date: /home/point001/autoware.ai/install/autoware_launcher/share/autoware_launcher/plugins/leaf/pure_pursuit.xml
[1.163s] -- Up-to-date: /home/point001/autoware.ai/install/autoware_launcher/share/autoware_launcher/plugins/leaf/transform_v2b.yaml
[1.163s] -- Up-to-date: /home/point001/autoware.ai/install/autoware_launcher/share/autoware_launcher/plugins/leaf/map.yaml
[1.163s] -- Up-to-date: /home/point001/autoware.ai/install/autoware_launcher/share/autoware_launcher/plugins/leaf/waypoint_loader.xml
[1.163s] -- Up-to-date: /home/point001/autoware.ai/install/autoware_launcher/share/autoware_launcher/plugins/leaf/map.xml
[1.163s] -- Up-to-date: /home/point001/autoware.ai/install/autoware_launcher/share/autoware_launcher/plugins/leaf/transform_v2v.xml
[1.163s] -- Up-to-date: /home/point001/autoware.ai/install/autoware_launcher/share/autoware_launcher/plugins/leaf/rviz.xml
[1.163s] -- Up-to-date: /home/point001/autoware.ai/install/autoware_launcher/share/autoware_launcher/plugins/leaf/waypoint_loader.yaml
[1.163s] -- Up-to-date: /home/point001/autoware.ai/install/autoware_launcher/share/autoware_launcher/plugins/leaf/calibration.xml
[1.163s] -- Up-to-date: /home/point001/autoware.ai/install/autoware_launcher/share/autoware_launcher/plugins/leaf/concat.yaml
[1.164s] -- Up-to-date: /home/point001/autoware.ai/install/autoware_launcher/share/autoware_launcher/plugins/leaf/lane_rule.xml
[1.164s] -- Up-to-date: /home/point001/autoware.ai/install/autoware_launcher/share/autoware_launcher/plugins/leaf/lane_stop.yaml
[1.164s] -- Up-to-date: /home/point001/autoware.ai/install/autoware_launcher/share/autoware_launcher/plugins/leaf/voxel_grid_filter.yaml
[1.164s] -- Up-to-date: /home/point001/autoware.ai/install/autoware_launcher/share/autoware_launcher/plugins/leaf/concat.xml
[1.164s] -- Up-to-date: /home/point001/autoware.ai/install/autoware_launcher/share/autoware_launcher/plugins/leaf/transform_v2b.xml
[1.164s] -- Up-to-date: /home/point001/autoware.ai/install/autoware_launcher/share/autoware_launcher/plugins/leaf/lane_stop.xml
[1.164s] -- Up-to-date: /home/point001/autoware.ai/install/autoware_launcher/share/autoware_launcher/plugins/leaf/lane_rule.yaml
[1.164s] -- Up-to-date: /home/point001/autoware.ai/install/autoware_launcher/share/autoware_launcher/plugins/leaf/calibration.yaml
[1.165s] -- Up-to-date: /home/point001/autoware.ai/install/autoware_launcher/share/autoware_launcher/plugins/root
[1.165s] -- Up-to-date: /home/point001/autoware.ai/install/autoware_launcher/share/autoware_launcher/plugins/root/default.yaml
[1.166s] -- Up-to-date: /home/point001/autoware.ai/install/autoware_launcher/share/autoware_launcher/profiles
[1.166s] -- Up-to-date: /home/point001/autoware.ai/install/autoware_launcher/share/autoware_launcher/profiles/quickstart
[1.167s] -- Up-to-date: /home/point001/autoware.ai/install/autoware_launcher/share/autoware_launcher/profiles/quickstart/files
[1.167s] -- Up-to-date: /home/point001/autoware.ai/install/autoware_launcher/share/autoware_launcher/profiles/quickstart/files/default.rviz
[1.169s] -- Up-to-date: /home/point001/autoware.ai/install/autoware_launcher/share/autoware_launcher/profiles/quickstart/root.yaml
[1.170s] -- Up-to-date: /home/point001/autoware.ai/install/autoware_launcher/share/autoware_launcher/profiles/quickstart/root
[1.170s] -- Up-to-date: /home/point001/autoware.ai/install/autoware_launcher/share/autoware_launcher/profiles/quickstart/root/prediction.yaml
[1.170s] -- Up-to-date: /home/point001/autoware.ai/install/autoware_launcher/share/autoware_launcher/profiles/quickstart/root/vehicle.yaml
[1.170s] -- Up-to-date: /home/point001/autoware.ai/install/autoware_launcher/share/autoware_launcher/profiles/quickstart/root/detection.yaml
[1.170s] -- Up-to-date: /home/point001/autoware.ai/install/autoware_launcher/share/autoware_launcher/profiles/quickstart/root/sensing
[1.170s] -- Up-to-date: /home/point001/autoware.ai/install/autoware_launcher/share/autoware_launcher/profiles/quickstart/root/sensing/gnss.yaml
[1.171s] -- Up-to-date: /home/point001/autoware.ai/install/autoware_launcher/share/autoware_launcher/profiles/quickstart/root/sensing/camera
[1.171s] -- Up-to-date: /home/point001/autoware.ai/install/autoware_launcher/share/autoware_launcher/profiles/quickstart/root/sensing/camera/camera0.yaml
[1.171s] -- Up-to-date: /home/point001/autoware.ai/install/autoware_launcher/share/autoware_launcher/profiles/quickstart/root/sensing/camera/camera0
[1.171s] -- Up-to-date: /home/point001/autoware.ai/install/autoware_launcher/share/autoware_launcher/profiles/quickstart/root/sensing/camera/camera0/calibration.yaml
[1.171s] -- Up-to-date: /home/point001/autoware.ai/install/autoware_launcher/share/autoware_launcher/profiles/quickstart/root/sensing/lidar.yaml
[1.171s] -- Up-to-date: /home/point001/autoware.ai/install/autoware_launcher/share/autoware_launcher/profiles/quickstart/root/sensing/lidar
[1.171s] -- Up-to-date: /home/point001/autoware.ai/install/autoware_launcher/share/autoware_launcher/profiles/quickstart/root/sensing/lidar/transform.yaml
[1.171s] -- Up-to-date: /home/point001/autoware.ai/install/autoware_launcher/share/autoware_launcher/profiles/quickstart/root/sensing/camera.yaml
[1.171s] -- Up-to-date: /home/point001/autoware.ai/install/autoware_launcher/share/autoware_launcher/profiles/quickstart/root/motion.yaml
[1.171s] -- Up-to-date: /home/point001/autoware.ai/install/autoware_launcher/share/autoware_launcher/profiles/quickstart/root/map.yaml
[1.171s] -- Up-to-date: /home/point001/autoware.ai/install/autoware_launcher/share/autoware_launcher/profiles/quickstart/root/detection
[1.171s] -- Up-to-date: /home/point001/autoware.ai/install/autoware_launcher/share/autoware_launcher/profiles/quickstart/root/detection/object.yaml
[1.171s] -- Up-to-date: /home/point001/autoware.ai/install/autoware_launcher/share/autoware_launcher/profiles/quickstart/root/detection/traffic_lights
[1.171s] -- Up-to-date: /home/point001/autoware.ai/install/autoware_launcher/share/autoware_launcher/profiles/quickstart/root/detection/traffic_lights/projection.yaml
[1.172s] -- Up-to-date: /home/point001/autoware.ai/install/autoware_launcher/share/autoware_launcher/profiles/quickstart/root/detection/traffic_lights/recognition.yaml
[1.172s] -- Up-to-date: /home/point001/autoware.ai/install/autoware_launcher/share/autoware_launcher/profiles/quickstart/root/detection/object
[1.172s] -- Up-to-date: /home/point001/autoware.ai/install/autoware_launcher/share/autoware_launcher/profiles/quickstart/root/detection/object/images_detect.yaml
[1.172s] -- Up-to-date: /home/point001/autoware.ai/install/autoware_launcher/share/autoware_launcher/profiles/quickstart/root/detection/object/points_preproc.yaml
[1.172s] -- Up-to-date: /home/point001/autoware.ai/install/autoware_launcher/share/autoware_launcher/profiles/quickstart/root/detection/object/tracking.yaml
[1.172s] -- Up-to-date: /home/point001/autoware.ai/install/autoware_launcher/share/autoware_launcher/profiles/quickstart/root/detection/object/points_detect.yaml
[1.172s] -- Up-to-date: /home/point001/autoware.ai/install/autoware_launcher/share/autoware_launcher/profiles/quickstart/root/detection/object/fusion.yaml
[1.172s] -- Up-to-date: /home/point001/autoware.ai/install/autoware_launcher/share/autoware_launcher/profiles/quickstart/root/detection/traffic_lights.yaml
[1.172s] -- Up-to-date: /home/point001/autoware.ai/install/autoware_launcher/share/autoware_launcher/profiles/quickstart/root/localization.yaml
[1.172s] -- Up-to-date: /home/point001/autoware.ai/install/autoware_launcher/share/autoware_launcher/profiles/quickstart/root/mission.yaml
[1.172s] -- Up-to-date: /home/point001/autoware.ai/install/autoware_launcher/share/autoware_launcher/profiles/quickstart/root/localization
[1.172s] -- Up-to-date: /home/point001/autoware.ai/install/autoware_launcher/share/autoware_launcher/profiles/quickstart/root/localization/downsampler.yaml
[1.172s] -- Up-to-date: /home/point001/autoware.ai/install/autoware_launcher/share/autoware_launcher/profiles/quickstart/root/localization/vel_pose_connect.yaml
[1.172s] -- Up-to-date: /home/point001/autoware.ai/install/autoware_launcher/share/autoware_launcher/profiles/quickstart/root/localization/localizer.yaml
[1.173s] -- Up-to-date: /home/point001/autoware.ai/install/autoware_launcher/share/autoware_launcher/profiles/quickstart/root/decision.yaml
[1.173s] -- Up-to-date: /home/point001/autoware.ai/install/autoware_launcher/share/autoware_launcher/profiles/quickstart/root/mission
[1.173s] -- Up-to-date: /home/point001/autoware.ai/install/autoware_launcher/share/autoware_launcher/profiles/quickstart/root/mission/lane_select.yaml
[1.173s] -- Up-to-date: /home/point001/autoware.ai/install/autoware_launcher/share/autoware_launcher/profiles/quickstart/root/mission/lane_stop.yaml
[1.173s] -- Up-to-date: /home/point001/autoware.ai/install/autoware_launcher/share/autoware_launcher/profiles/quickstart/root/mission/lane_rule.yaml
[1.173s] -- Up-to-date: /home/point001/autoware.ai/install/autoware_launcher/share/autoware_launcher/profiles/quickstart/root/motion
[1.173s] -- Up-to-date: /home/point001/autoware.ai/install/autoware_launcher/share/autoware_launcher/profiles/quickstart/root/motion/pure_pursuit.yaml
[1.173s] -- Up-to-date: /home/point001/autoware.ai/install/autoware_launcher/share/autoware_launcher/profiles/quickstart/root/motion/waypoint_loader.yaml
[1.173s] -- Up-to-date: /home/point001/autoware.ai/install/autoware_launcher/share/autoware_launcher/profiles/quickstart/root/motion/twist_filter.yaml
[1.173s] -- Up-to-date: /home/point001/autoware.ai/install/autoware_launcher/share/autoware_launcher/profiles/quickstart/root/motion/velocity_set.yaml
[1.173s] -- Up-to-date: /home/point001/autoware.ai/install/autoware_launcher/share/autoware_launcher/profiles/quickstart/root/motion/astar_avoid.yaml
[1.173s] -- Up-to-date: /home/point001/autoware.ai/install/autoware_launcher/share/autoware_launcher/profiles/quickstart/root/prediction
[1.173s] -- Up-to-date: /home/point001/autoware.ai/install/autoware_launcher/share/autoware_launcher/profiles/quickstart/root/prediction/native_motion_predict.yaml
[1.173s] -- Up-to-date: /home/point001/autoware.ai/install/autoware_launcher/share/autoware_launcher/profiles/quickstart/root/sensing.yaml
[1.174s] -- Up-to-date: /home/point001/autoware.ai/install/autoware_launcher/share/autoware_launcher/profiles/quickstart/root/visualization.yaml
[1.174s] -- Up-to-date: /home/point001/autoware.ai/install/autoware_launcher/share/autoware_launcher/profiles/.gitignore
[1.174s] -- Up-to-date: /home/point001/autoware.ai/install/autoware_launcher/share/autoware_launcher/profiles/quickstart.launch
[1.254s] Invoked command in '/home/point001/autoware.ai/build/autoware_launcher' returned '0': /usr/bin/cmake --build /home/point001/autoware.ai/build/autoware_launcher --target install -- -j24 -l24
