[0.330s] Invoking command in '/home/point001/autoware.ai/build/image_processor': CMAKE_PREFIX_PATH=/home/point001/autoware.ai/install/autoware_build_flags:${CMAKE_PREFIX_PATH} PKG_CONFIG_PATH=/home/point001/autoware.ai/install/autoware_build_flags/lib/x86_64-linux-gnu/pkgconfig:/home/point001/autoware.ai/install/autoware_build_flags/lib/pkgconfig:${PKG_CONFIG_PATH} ROS_PACKAGE_PATH=/home/point001/autoware.ai/install/autoware_build_flags/share:${ROS_PACKAGE_PATH} /usr/bin/cmake --build /home/point001/autoware.ai/build/image_processor -- -j24 -l24
[0.461s] [ 50%] Built target image_rectifier
[0.467s] [100%] Built target image_rotator
[0.657s] Invoked command in '/home/point001/autoware.ai/build/image_processor' returned '0': CMAKE_PREFIX_PATH=/home/point001/autoware.ai/install/autoware_build_flags:${CMAKE_PREFIX_PATH} PKG_CONFIG_PATH=/home/point001/autoware.ai/install/autoware_build_flags/lib/x86_64-linux-gnu/pkgconfig:/home/point001/autoware.ai/install/autoware_build_flags/lib/pkgconfig:${PKG_CONFIG_PATH} ROS_PACKAGE_PATH=/home/point001/autoware.ai/install/autoware_build_flags/share:${ROS_PACKAGE_PATH} /usr/bin/cmake --build /home/point001/autoware.ai/build/image_processor -- -j24 -l24
[1.139s] Invoking command in '/home/point001/autoware.ai/build/image_processor': CMAKE_PREFIX_PATH=/home/point001/autoware.ai/install/autoware_build_flags:${CMAKE_PREFIX_PATH} PKG_CONFIG_PATH=/home/point001/autoware.ai/install/autoware_build_flags/lib/x86_64-linux-gnu/pkgconfig:/home/point001/autoware.ai/install/autoware_build_flags/lib/pkgconfig:${PKG_CONFIG_PATH} ROS_PACKAGE_PATH=/home/point001/autoware.ai/install/autoware_build_flags/share:${ROS_PACKAGE_PATH} /usr/bin/cmake --build /home/point001/autoware.ai/build/image_processor --target tests -- -j24 -l24
[1.188s] Built target tests
[1.419s] Invoked command in '/home/point001/autoware.ai/build/image_processor' returned '0': CMAKE_PREFIX_PATH=/home/point001/autoware.ai/install/autoware_build_flags:${CMAKE_PREFIX_PATH} PKG_CONFIG_PATH=/home/point001/autoware.ai/install/autoware_build_flags/lib/x86_64-linux-gnu/pkgconfig:/home/point001/autoware.ai/install/autoware_build_flags/lib/pkgconfig:${PKG_CONFIG_PATH} ROS_PACKAGE_PATH=/home/point001/autoware.ai/install/autoware_build_flags/share:${ROS_PACKAGE_PATH} /usr/bin/cmake --build /home/point001/autoware.ai/build/image_processor --target tests -- -j24 -l24
[1.671s] Invoking command in '/home/point001/autoware.ai/build/image_processor': CMAKE_PREFIX_PATH=/home/point001/autoware.ai/install/autoware_build_flags:${CMAKE_PREFIX_PATH} PKG_CONFIG_PATH=/home/point001/autoware.ai/install/autoware_build_flags/lib/x86_64-linux-gnu/pkgconfig:/home/point001/autoware.ai/install/autoware_build_flags/lib/pkgconfig:${PKG_CONFIG_PATH} ROS_PACKAGE_PATH=/home/point001/autoware.ai/install/autoware_build_flags/share:${ROS_PACKAGE_PATH} /usr/bin/cmake --build /home/point001/autoware.ai/build/image_processor --target install -- -j24 -l24
[1.761s] [ 50%] Built target image_rectifier
[1.761s] [100%] Built target image_rotator
[1.761s] [36mInstall the project...[0m
[1.762s] -- Install configuration: "Release"
[1.762s] -- Up-to-date: /home/point001/autoware.ai/install/image_processor/lib/pkgconfig/image_processor.pc
[1.762s] -- Up-to-date: /home/point001/autoware.ai/install/image_processor/share/image_processor/cmake/image_processorConfig.cmake
[1.762s] -- Up-to-date: /home/point001/autoware.ai/install/image_processor/share/image_processor/cmake/image_processorConfig-version.cmake
[1.763s] -- Up-to-date: /home/point001/autoware.ai/install/image_processor/share/image_processor/package.xml
[1.763s] -- Up-to-date: /home/point001/autoware.ai/install/image_processor/lib/image_processor/image_rotator
[1.766s] -- Up-to-date: /home/point001/autoware.ai/install/image_processor/lib/image_processor/image_rectifier
[1.767s] -- Up-to-date: /home/point001/autoware.ai/install/image_processor/share/image_processor/launch/launch
[1.767s] -- Up-to-date: /home/point001/autoware.ai/install/image_processor/share/image_processor/launch/launch/image_rotator.launch
[1.767s] -- Up-to-date: /home/point001/autoware.ai/install/image_processor/share/image_processor/launch/launch/image_rectifier_ladybug.launch
[1.767s] -- Up-to-date: /home/point001/autoware.ai/install/image_processor/share/image_processor/launch/launch/image_rotator_ladybug.launch
[1.767s] -- Up-to-date: /home/point001/autoware.ai/install/image_processor/share/image_processor/launch/launch/image_rectifier.launch
[1.954s] Invoked command in '/home/point001/autoware.ai/build/image_processor' returned '0': CMAKE_PREFIX_PATH=/home/point001/autoware.ai/install/autoware_build_flags:${CMAKE_PREFIX_PATH} PKG_CONFIG_PATH=/home/point001/autoware.ai/install/autoware_build_flags/lib/x86_64-linux-gnu/pkgconfig:/home/point001/autoware.ai/install/autoware_build_flags/lib/pkgconfig:${PKG_CONFIG_PATH} ROS_PACKAGE_PATH=/home/point001/autoware.ai/install/autoware_build_flags/share:${ROS_PACKAGE_PATH} /usr/bin/cmake --build /home/point001/autoware.ai/build/image_processor --target install -- -j24 -l24
