[0.178s] Invoking command in '/home/point001/autoware.ai/build/lidar_fake_perception': CMAKE_PREFIX_PATH=/home/point001/autoware.ai/install/autoware_msgs:/home/point001/autoware.ai/install/autoware_build_flags:${CMAKE_PREFIX_PATH} PKG_CONFIG_PATH=/home/point001/autoware.ai/install/autoware_msgs/lib/x86_64-linux-gnu/pkgconfig:/home/point001/autoware.ai/install/autoware_msgs/lib/pkgconfig:/home/point001/autoware.ai/install/autoware_build_flags/lib/x86_64-linux-gnu/pkgconfig:/home/point001/autoware.ai/install/autoware_build_flags/lib/pkgconfig:${PKG_CONFIG_PATH} PYTHONPATH=/home/point001/autoware.ai/install/autoware_msgs/lib/python2.7/dist-packages:${PYTHONPATH} ROS_PACKAGE_PATH=/home/point001/autoware.ai/install/autoware_msgs/share:/home/point001/autoware.ai/install/autoware_build_flags/share:${ROS_PACKAGE_PATH} /usr/bin/cmake --build /home/point001/autoware.ai/build/lidar_fake_perception -- -j24 -l24
[0.339s] [  0%] Built target geometry_msgs_generate_messages_eus
[0.359s] [  0%] Built target nodelet_generate_messages_py
[0.359s] [  0%] Built target geometry_msgs_generate_messages_nodejs
[0.359s] [  0%] Built target std_msgs_generate_messages_lisp
[0.360s] [  0%] Built target std_srvs_generate_messages_lisp
[0.363s] [  0%] Built target std_msgs_generate_messages_cpp
[0.364s] [  0%] Built target tf_generate_messages_nodejs
[0.367s] [  0%] Built target tf_generate_messages_py
[0.370s] [  0%] Built target actionlib_generate_messages_py
[0.371s] [  0%] Built target pcl_msgs_generate_messages_nodejs
[0.372s] [  0%] Built target sensor_msgs_generate_messages_lisp
[0.373s] [  0%] Built target roscpp_generate_messages_nodejs
[0.384s] [  0%] Built target sensor_msgs_generate_messages_py
[0.386s] [  0%] Built target tf2_msgs_generate_messages_nodejs
[0.387s] [  0%] Built target jsk_footstep_msgs_generate_messages_py
[0.391s] [  0%] Built target tf2_msgs_generate_messages_py
[0.393s] [  0%] Built target tf2_msgs_generate_messages_eus
[0.404s] [  0%] Built target actionlib_generate_messages_cpp
[0.404s] [  0%] Built target jsk_recognition_msgs_generate_messages_py
[0.404s] [  0%] Built target tf2_msgs_generate_messages_cpp
[0.407s] [  0%] Built target autoware_msgs_generate_messages_cpp
[0.426s] [  0%] Built target rosgraph_msgs_generate_messages_cpp
[0.442s] [  0%] Built target pcl_msgs_generate_messages_eus
[0.442s] [  0%] Built target nodelet_generate_messages_nodejs
[0.442s] [  0%] Built target sensor_msgs_generate_messages_nodejs
[0.443s] [  0%] Built target topic_tools_generate_messages_eus
[0.455s] [  0%] Built target jsk_recognition_msgs_generate_messages_eus
[0.455s] [  0%] Built target sensor_msgs_generate_messages_eus
[0.455s] [  0%] Built target roscpp_generate_messages_cpp
[0.455s] [  0%] Built target tf_generate_messages_lisp
[0.463s] [  0%] Built target dynamic_reconfigure_generate_messages_cpp
[0.467s] [  0%] Built target std_srvs_generate_messages_py
[0.481s] [  0%] Built target topic_tools_generate_messages_cpp
[0.481s] [  0%] Built target geometry_msgs_generate_messages_py
[0.481s] [  0%] Built target actionlib_generate_messages_lisp
[0.482s] [  0%] Built target rosgraph_msgs_generate_messages_eus
[0.483s] [  0%] Built target bond_generate_messages_lisp
[0.483s] [  0%] Built target sensor_msgs_generate_messages_cpp
[0.492s] [  0%] Built target std_msgs_generate_messages_nodejs
[0.502s] [  0%] Built target actionlib_generate_messages_eus
[0.503s] [  0%] Built target jsk_recognition_msgs_generate_messages_lisp
[0.514s] [  0%] Built target geometry_msgs_generate_messages_lisp
[0.515s] [  0%] Built target pcl_msgs_generate_messages_py
[0.524s] [  0%] Built target std_msgs_generate_messages_py
[0.526s] [  0%] Built target topic_tools_generate_messages_nodejs
[0.536s] [  0%] Built target tf_generate_messages_cpp
[0.537s] [  0%] Built target jsk_recognition_msgs_generate_messages_cpp
[0.542s] [  0%] Built target topic_tools_generate_messages_lisp
[0.542s] [  0%] Built target jsk_footstep_msgs_generate_messages_lisp
[0.545s] [  0%] Built target actionlib_msgs_generate_messages_py
[0.549s] [  0%] Built target dynamic_reconfigure_generate_messages_lisp
[0.549s] [  0%] Built target pcl_msgs_generate_messages_cpp
[0.559s] [  0%] Built target actionlib_generate_messages_nodejs
[0.561s] [  0%] Built target autoware_msgs_generate_messages_nodejs
[0.561s] [  0%] Built target autoware_msgs_generate_messages_eus
[0.561s] [  0%] Built target pcl_msgs_generate_messages_lisp
[0.565s] [  0%] Built target nodelet_generate_messages_lisp
[0.574s] [  0%] Built target tf_generate_messages_eus
[0.575s] [  0%] Built target jsk_footstep_msgs_generate_messages_eus
[0.575s] [  0%] Built target geometry_msgs_generate_messages_cpp
[0.588s] [  0%] Built target std_msgs_generate_messages_eus
[0.594s] [  0%] Built target jsk_footstep_msgs_generate_messages_cpp
[0.595s] [  0%] Built target autoware_msgs_generate_messages_lisp
[0.602s] [  0%] Built target dynamic_reconfigure_generate_messages_py
[0.602s] [  0%] Built target autoware_msgs_generate_messages_py
[0.603s] [  0%] Built target dynamic_reconfigure_gencfg
[0.603s] [  0%] Built target dynamic_reconfigure_generate_messages_eus
[0.606s] [  0%] Built target std_srvs_generate_messages_cpp
[0.611s] [  0%] Built target actionlib_msgs_generate_messages_cpp
[0.623s] [  0%] Built target tf2_msgs_generate_messages_lisp
[0.633s] [  0%] Built target jsk_footstep_msgs_generate_messages_nodejs
[0.633s] [  0%] Built target actionlib_msgs_generate_messages_lisp
[0.638s] [  0%] Built target bond_generate_messages_eus
[0.643s] [  0%] Built target rosgraph_msgs_generate_messages_lisp
[0.644s] [  0%] Built target std_srvs_generate_messages_eus
[0.644s] [  0%] Built target rosgraph_msgs_generate_messages_py
[0.645s] [  0%] Built target jsk_recognition_msgs_generate_messages_nodejs
[0.645s] [  0%] Built target actionlib_msgs_generate_messages_eus
[0.645s] [  0%] Built target roscpp_generate_messages_py
[0.651s] [  0%] Built target roscpp_generate_messages_eus
[0.651s] [  0%] Built target roscpp_generate_messages_lisp
[0.651s] [  0%] Built target nodelet_topic_tools_gencfg
[0.657s] [  0%] Built target dynamic_reconfigure_generate_messages_nodejs
[0.657s] [  0%] Built target bond_generate_messages_py
[0.657s] [  0%] Built target rosgraph_msgs_generate_messages_nodejs
[0.661s] [  0%] Built target bond_generate_messages_cpp
[0.665s] [  0%] Built target pcl_ros_gencfg
[0.666s] [  0%] Built target _catkin_empty_exported_target
[0.678s] [  0%] Built target nodelet_generate_messages_eus
[0.679s] [  0%] Built target actionlib_msgs_generate_messages_nodejs
[0.684s] [  0%] Built target nodelet_generate_messages_cpp
[0.688s] [  0%] Built target bond_generate_messages_nodejs
[0.693s] [  0%] Built target std_srvs_generate_messages_nodejs
[0.693s] [  0%] Built target topic_tools_generate_messages_py
[0.732s] [100%] Built target lidar_fake_perception_node
[0.800s] Invoked command in '/home/point001/autoware.ai/build/lidar_fake_perception' returned '0': CMAKE_PREFIX_PATH=/home/point001/autoware.ai/install/autoware_msgs:/home/point001/autoware.ai/install/autoware_build_flags:${CMAKE_PREFIX_PATH} PKG_CONFIG_PATH=/home/point001/autoware.ai/install/autoware_msgs/lib/x86_64-linux-gnu/pkgconfig:/home/point001/autoware.ai/install/autoware_msgs/lib/pkgconfig:/home/point001/autoware.ai/install/autoware_build_flags/lib/x86_64-linux-gnu/pkgconfig:/home/point001/autoware.ai/install/autoware_build_flags/lib/pkgconfig:${PKG_CONFIG_PATH} PYTHONPATH=/home/point001/autoware.ai/install/autoware_msgs/lib/python2.7/dist-packages:${PYTHONPATH} ROS_PACKAGE_PATH=/home/point001/autoware.ai/install/autoware_msgs/share:/home/point001/autoware.ai/install/autoware_build_flags/share:${ROS_PACKAGE_PATH} /usr/bin/cmake --build /home/point001/autoware.ai/build/lidar_fake_perception -- -j24 -l24
[1.132s] Invoking command in '/home/point001/autoware.ai/build/lidar_fake_perception': CMAKE_PREFIX_PATH=/home/point001/autoware.ai/install/autoware_msgs:/home/point001/autoware.ai/install/autoware_build_flags:${CMAKE_PREFIX_PATH} PKG_CONFIG_PATH=/home/point001/autoware.ai/install/autoware_msgs/lib/x86_64-linux-gnu/pkgconfig:/home/point001/autoware.ai/install/autoware_msgs/lib/pkgconfig:/home/point001/autoware.ai/install/autoware_build_flags/lib/x86_64-linux-gnu/pkgconfig:/home/point001/autoware.ai/install/autoware_build_flags/lib/pkgconfig:${PKG_CONFIG_PATH} PYTHONPATH=/home/point001/autoware.ai/install/autoware_msgs/lib/python2.7/dist-packages:${PYTHONPATH} ROS_PACKAGE_PATH=/home/point001/autoware.ai/install/autoware_msgs/share:/home/point001/autoware.ai/install/autoware_build_flags/share:${ROS_PACKAGE_PATH} /usr/bin/cmake --build /home/point001/autoware.ai/build/lidar_fake_perception --target tests -- -j24 -l24
[1.196s] Built target tests
[1.410s] Invoked command in '/home/point001/autoware.ai/build/lidar_fake_perception' returned '0': CMAKE_PREFIX_PATH=/home/point001/autoware.ai/install/autoware_msgs:/home/point001/autoware.ai/install/autoware_build_flags:${CMAKE_PREFIX_PATH} PKG_CONFIG_PATH=/home/point001/autoware.ai/install/autoware_msgs/lib/x86_64-linux-gnu/pkgconfig:/home/point001/autoware.ai/install/autoware_msgs/lib/pkgconfig:/home/point001/autoware.ai/install/autoware_build_flags/lib/x86_64-linux-gnu/pkgconfig:/home/point001/autoware.ai/install/autoware_build_flags/lib/pkgconfig:${PKG_CONFIG_PATH} PYTHONPATH=/home/point001/autoware.ai/install/autoware_msgs/lib/python2.7/dist-packages:${PYTHONPATH} ROS_PACKAGE_PATH=/home/point001/autoware.ai/install/autoware_msgs/share:/home/point001/autoware.ai/install/autoware_build_flags/share:${ROS_PACKAGE_PATH} /usr/bin/cmake --build /home/point001/autoware.ai/build/lidar_fake_perception --target tests -- -j24 -l24
[2.229s] Invoking command in '/home/point001/autoware.ai/build/lidar_fake_perception': CMAKE_PREFIX_PATH=/home/point001/autoware.ai/install/autoware_msgs:/home/point001/autoware.ai/install/autoware_build_flags:${CMAKE_PREFIX_PATH} PKG_CONFIG_PATH=/home/point001/autoware.ai/install/autoware_msgs/lib/x86_64-linux-gnu/pkgconfig:/home/point001/autoware.ai/install/autoware_msgs/lib/pkgconfig:/home/point001/autoware.ai/install/autoware_build_flags/lib/x86_64-linux-gnu/pkgconfig:/home/point001/autoware.ai/install/autoware_build_flags/lib/pkgconfig:${PKG_CONFIG_PATH} PYTHONPATH=/home/point001/autoware.ai/install/autoware_msgs/lib/python2.7/dist-packages:${PYTHONPATH} ROS_PACKAGE_PATH=/home/point001/autoware.ai/install/autoware_msgs/share:/home/point001/autoware.ai/install/autoware_build_flags/share:${ROS_PACKAGE_PATH} /usr/bin/cmake --build /home/point001/autoware.ai/build/lidar_fake_perception --target install -- -j24 -l24
[2.383s] [  0%] Built target dynamic_reconfigure_generate_messages_cpp
[2.383s] [  0%] Built target jsk_footstep_msgs_generate_messages_py
[2.383s] [  0%] Built target std_srvs_generate_messages_lisp
[2.383s] [  0%] Built target geometry_msgs_generate_messages_nodejs
[2.384s] [  0%] Built target tf2_msgs_generate_messages_nodejs
[2.384s] [  0%] Built target tf2_msgs_generate_messages_eus
[2.387s] [  0%] Built target tf_generate_messages_py
[2.387s] [  0%] Built target tf2_msgs_generate_messages_cpp
[2.388s] [  0%] Built target std_msgs_generate_messages_lisp
[2.388s] [  0%] Built target std_msgs_generate_messages_cpp
[2.388s] [  0%] Built target sensor_msgs_generate_messages_py
[2.388s] [  0%] Built target sensor_msgs_generate_messages_lisp
[2.388s] [  0%] Built target tf_generate_messages_nodejs
[2.388s] [  0%] Built target nodelet_generate_messages_nodejs
[2.388s] [  0%] Built target tf2_msgs_generate_messages_py
[2.388s] [  0%] Built target rosgraph_msgs_generate_messages_cpp
[2.388s] [  0%] Built target geometry_msgs_generate_messages_eus
[2.388s] [  0%] Built target jsk_recognition_msgs_generate_messages_py
[2.388s] [  0%] Built target autoware_msgs_generate_messages_cpp
[2.389s] [  0%] Built target pcl_msgs_generate_messages_nodejs
[2.389s] [  0%] Built target actionlib_generate_messages_py
[2.389s] [  0%] Built target topic_tools_generate_messages_nodejs
[2.389s] [  0%] Built target roscpp_generate_messages_nodejs
[2.389s] [  0%] Built target topic_tools_generate_messages_cpp
[2.389s] [  0%] Built target nodelet_generate_messages_py
[2.389s] [  0%] Built target sensor_msgs_generate_messages_nodejs
[2.389s] [  0%] Built target std_srvs_generate_messages_py
[2.389s] [  0%] Built target actionlib_generate_messages_cpp
[2.389s] [  0%] Built target topic_tools_generate_messages_eus
[2.389s] [  0%] Built target geometry_msgs_generate_messages_py
[2.390s] [  0%] Built target tf_generate_messages_lisp
[2.390s] [  0%] Built target roscpp_generate_messages_cpp
[2.390s] [  0%] Built target rosgraph_msgs_generate_messages_eus
[2.390s] [  0%] Built target std_msgs_generate_messages_nodejs
[2.391s] [  0%] Built target actionlib_generate_messages_eus
[2.393s] [  0%] Built target std_msgs_generate_messages_py
[2.409s] [  0%] Built target pcl_msgs_generate_messages_py
[2.409s] [  0%] Built target jsk_recognition_msgs_generate_messages_eus
[2.409s] [  0%] Built target actionlib_generate_messages_lisp
[2.409s] [  0%] Built target sensor_msgs_generate_messages_cpp
[2.409s] [  0%] Built target pcl_msgs_generate_messages_cpp
[2.409s] [  0%] Built target bond_generate_messages_lisp
[2.414s] [  0%] Built target pcl_msgs_generate_messages_eus
[2.414s] [  0%] Built target dynamic_reconfigure_generate_messages_lisp
[2.416s] [  0%] Built target geometry_msgs_generate_messages_cpp
[2.417s] [  0%] Built target jsk_recognition_msgs_generate_messages_lisp
[2.421s] [  0%] Built target geometry_msgs_generate_messages_lisp
[2.422s] [  0%] Built target sensor_msgs_generate_messages_eus
[2.423s] [  0%] Built target topic_tools_generate_messages_lisp
[2.430s] [  0%] Built target jsk_recognition_msgs_generate_messages_cpp
[2.438s] [  0%] Built target autoware_msgs_generate_messages_nodejs
[2.439s] [  0%] Built target autoware_msgs_generate_messages_lisp
[2.441s] [  0%] Built target jsk_footstep_msgs_generate_messages_eus
[2.441s] [  0%] Built target autoware_msgs_generate_messages_eus
[2.446s] [  0%] Built target pcl_msgs_generate_messages_lisp
[2.446s] [  0%] Built target actionlib_generate_messages_nodejs
[2.446s] [  0%] Built target tf_generate_messages_cpp
[2.457s] [  0%] Built target jsk_footstep_msgs_generate_messages_nodejs
[2.457s] [  0%] Built target nodelet_generate_messages_lisp
[2.458s] [  0%] Built target autoware_msgs_generate_messages_py
[2.464s] [  0%] Built target pcl_ros_gencfg
[2.465s] [  0%] Built target std_srvs_generate_messages_cpp
[2.470s] [  0%] Built target jsk_footstep_msgs_generate_messages_lisp
[2.470s] [  0%] Built target actionlib_msgs_generate_messages_cpp
[2.471s] [  0%] Built target actionlib_msgs_generate_messages_py
[2.474s] [  0%] Built target actionlib_msgs_generate_messages_lisp
[2.474s] [  0%] Built target std_srvs_generate_messages_eus
[2.475s] [  0%] Built target std_msgs_generate_messages_eus
[2.475s] [  0%] Built target jsk_footstep_msgs_generate_messages_cpp
[2.484s] [  0%] Built target tf_generate_messages_eus
[2.485s] [  0%] Built target dynamic_reconfigure_generate_messages_eus
[2.485s] [  0%] Built target dynamic_reconfigure_generate_messages_nodejs
[2.485s] [  0%] Built target dynamic_reconfigure_gencfg
[2.488s] [  0%] Built target roscpp_generate_messages_lisp
[2.488s] [  0%] Built target tf2_msgs_generate_messages_lisp
[2.488s] [  0%] Built target jsk_recognition_msgs_generate_messages_nodejs
[2.488s] [  0%] Built target bond_generate_messages_eus
[2.488s] [  0%] Built target roscpp_generate_messages_py
[2.489s] [  0%] Built target rosgraph_msgs_generate_messages_lisp
[2.496s] [  0%] Built target dynamic_reconfigure_generate_messages_py
[2.496s] [  0%] Built target roscpp_generate_messages_eus
[2.498s] [  0%] Built target bond_generate_messages_nodejs
[2.498s] [  0%] Built target rosgraph_msgs_generate_messages_nodejs
[2.501s] [  0%] Built target actionlib_msgs_generate_messages_eus
[2.502s] [  0%] Built target std_srvs_generate_messages_nodejs
[2.502s] [  0%] Built target nodelet_topic_tools_gencfg
[2.502s] [  0%] Built target bond_generate_messages_py
[2.502s] [  0%] Built target _catkin_empty_exported_target
[2.503s] [  0%] Built target actionlib_msgs_generate_messages_nodejs
[2.503s] [  0%] Built target nodelet_generate_messages_eus
[2.503s] [  0%] Built target topic_tools_generate_messages_py
[2.505s] [  0%] Built target rosgraph_msgs_generate_messages_py
[2.505s] [  0%] Built target nodelet_generate_messages_cpp
[2.508s] [  0%] Built target bond_generate_messages_cpp
[2.573s] [100%] Built target lidar_fake_perception_node
[2.631s] [36mInstall the project...[0m
[2.645s] -- Install configuration: "Release"
[2.645s] -- Up-to-date: /home/point001/autoware.ai/install/lidar_fake_perception/lib/pkgconfig/lidar_fake_perception.pc
[2.645s] -- Up-to-date: /home/point001/autoware.ai/install/lidar_fake_perception/share/lidar_fake_perception/cmake/lidar_fake_perceptionConfig.cmake
[2.645s] -- Up-to-date: /home/point001/autoware.ai/install/lidar_fake_perception/share/lidar_fake_perception/cmake/lidar_fake_perceptionConfig-version.cmake
[2.646s] -- Up-to-date: /home/point001/autoware.ai/install/lidar_fake_perception/share/lidar_fake_perception/package.xml
[2.646s] -- Up-to-date: /home/point001/autoware.ai/install/lidar_fake_perception/lib/lidar_fake_perception/lidar_fake_perception_node
[2.646s] -- Up-to-date: /home/point001/autoware.ai/install/lidar_fake_perception/share/lidar_fake_perception/launch
[2.646s] -- Up-to-date: /home/point001/autoware.ai/install/lidar_fake_perception/share/lidar_fake_perception/launch/lidar_fake_perception.launch
[2.741s] Invoked command in '/home/point001/autoware.ai/build/lidar_fake_perception' returned '0': CMAKE_PREFIX_PATH=/home/point001/autoware.ai/install/autoware_msgs:/home/point001/autoware.ai/install/autoware_build_flags:${CMAKE_PREFIX_PATH} PKG_CONFIG_PATH=/home/point001/autoware.ai/install/autoware_msgs/lib/x86_64-linux-gnu/pkgconfig:/home/point001/autoware.ai/install/autoware_msgs/lib/pkgconfig:/home/point001/autoware.ai/install/autoware_build_flags/lib/x86_64-linux-gnu/pkgconfig:/home/point001/autoware.ai/install/autoware_build_flags/lib/pkgconfig:${PKG_CONFIG_PATH} PYTHONPATH=/home/point001/autoware.ai/install/autoware_msgs/lib/python2.7/dist-packages:${PYTHONPATH} ROS_PACKAGE_PATH=/home/point001/autoware.ai/install/autoware_msgs/share:/home/point001/autoware.ai/install/autoware_build_flags/share:${ROS_PACKAGE_PATH} /usr/bin/cmake --build /home/point001/autoware.ai/build/lidar_fake_perception --target install -- -j24 -l24
