[0.324s] Invoking command in '/home/point001/autoware.ai/build/libwaypoint_follower': CMAKE_PREFIX_PATH=/home/point001/autoware.ai/install/amathutils_lib:/home/point001/autoware.ai/install/autoware_msgs:/home/point001/autoware.ai/install/autoware_build_flags:${CMAKE_PREFIX_PATH} LD_LIBRARY_PATH=/home/point001/autoware.ai/install/amathutils_lib/lib:/opt/ros/melodic/lib:/usr/local/cuda-10.0/lib64 PKG_CONFIG_PATH=/home/point001/autoware.ai/install/amathutils_lib/lib/x86_64-linux-gnu/pkgconfig:/home/point001/autoware.ai/install/amathutils_lib/lib/pkgconfig:/home/point001/autoware.ai/install/autoware_msgs/lib/x86_64-linux-gnu/pkgconfig:/home/point001/autoware.ai/install/autoware_msgs/lib/pkgconfig:/home/point001/autoware.ai/install/autoware_build_flags/lib/x86_64-linux-gnu/pkgconfig:/home/point001/autoware.ai/install/autoware_build_flags/lib/pkgconfig:${PKG_CONFIG_PATH} PYTHONPATH=/home/point001/autoware.ai/install/autoware_msgs/lib/python2.7/dist-packages:${PYTHONPATH} ROS_PACKAGE_PATH=/home/point001/autoware.ai/install/amathutils_lib/share:/home/point001/autoware.ai/install/autoware_msgs/share:/home/point001/autoware.ai/install/autoware_build_flags/share:${ROS_PACKAGE_PATH} /usr/bin/cmake --build /home/point001/autoware.ai/build/libwaypoint_follower -- -j24 -l24
[0.410s] [  0%] Built target rosgraph_msgs_generate_messages_eus
[0.410s] [  0%] Built target jsk_recognition_msgs_generate_messages_py
[0.411s] [  0%] Built target roscpp_generate_messages_cpp
[0.413s] [  0%] Built target std_msgs_generate_messages_py
[0.421s] [  0%] Built target pcl_msgs_generate_messages_eus
[0.421s] [  0%] Built target sensor_msgs_generate_messages_py
[0.421s] [  0%] Built target tf2_msgs_generate_messages_cpp
[0.421s] [  0%] Built target sensor_msgs_generate_messages_nodejs
[0.421s] [  0%] Built target tf2_msgs_generate_messages_nodejs
[0.422s] [  0%] Built target sensor_msgs_generate_messages_cpp
[0.422s] [  0%] Built target sensor_msgs_generate_messages_lisp
[0.422s] [  0%] Built target std_msgs_generate_messages_nodejs
[0.423s] [  0%] Built target geometry_msgs_generate_messages_py
[0.423s] [  0%] Built target jsk_recognition_msgs_generate_messages_eus
[0.423s] [  0%] Built target autoware_msgs_generate_messages_py
[0.425s] [  0%] Built target sensor_msgs_generate_messages_eus
[0.427s] [  0%] Built target jsk_footstep_msgs_generate_messages_py
[0.429s] [  0%] Built target jsk_recognition_msgs_generate_messages_lisp
[0.429s] [  0%] Built target autoware_msgs_generate_messages_cpp
[0.431s] [  0%] Built target tf_generate_messages_py
[0.431s] [  0%] Built target pcl_msgs_generate_messages_nodejs
[0.432s] [  0%] Built target std_msgs_generate_messages_cpp
[0.436s] [  0%] Built target _catkin_empty_exported_target
[0.438s] [  0%] Built target actionlib_generate_messages_cpp
[0.451s] [  0%] Built target geometry_msgs_generate_messages_eus
[0.455s] [  0%] Built target jsk_recognition_msgs_generate_messages_cpp
[0.455s] [  0%] Built target std_msgs_generate_messages_lisp
[0.456s] [  0%] Built target roscpp_generate_messages_nodejs
[0.457s] [  0%] Built target std_msgs_generate_messages_eus
[0.457s] [  0%] Built target jsk_footstep_msgs_generate_messages_cpp
[0.458s] [  0%] Built target jsk_footstep_msgs_generate_messages_lisp
[0.458s] [  0%] Built target rosgraph_msgs_generate_messages_cpp
[0.458s] [  0%] Built target actionlib_msgs_generate_messages_nodejs
[0.459s] [  0%] Built target autoware_msgs_generate_messages_lisp
[0.461s] [  0%] Built target autoware_msgs_generate_messages_nodejs
[0.462s] [  0%] Built target actionlib_msgs_generate_messages_lisp
[0.465s] [  0%] Built target geometry_msgs_generate_messages_nodejs
[0.465s] [  0%] Built target autoware_msgs_generate_messages_eus
[0.466s] [  0%] Built target geometry_msgs_generate_messages_lisp
[0.466s] [  0%] Built target jsk_footstep_msgs_generate_messages_eus
[0.467s] [  0%] Built target tf_generate_messages_eus
[0.468s] [  0%] Built target tf_generate_messages_nodejs
[0.468s] [  0%] Built target roscpp_generate_messages_py
[0.468s] [  0%] Built target actionlib_msgs_generate_messages_py
[0.474s] [  0%] Built target tf_generate_messages_lisp
[0.475s] [  0%] Built target jsk_footstep_msgs_generate_messages_nodejs
[0.475s] [  0%] Built target roscpp_generate_messages_lisp
[0.475s] [  0%] Built target actionlib_msgs_generate_messages_cpp
[0.485s] [  0%] Built target jsk_recognition_msgs_generate_messages_nodejs
[0.485s] [  0%] Built target rosgraph_msgs_generate_messages_py
[0.485s] [  0%] Built target actionlib_generate_messages_eus
[0.485s] [  0%] Built target roscpp_generate_messages_eus
[0.485s] [  0%] Built target rosgraph_msgs_generate_messages_nodejs
[0.487s] [  0%] Built target pcl_msgs_generate_messages_lisp
[0.490s] [  0%] Built target rosgraph_msgs_generate_messages_lisp
[0.491s] [  0%] Built target pcl_msgs_generate_messages_py
[0.491s] [  0%] Built target actionlib_msgs_generate_messages_eus
[0.491s] [  0%] Built target geometry_msgs_generate_messages_cpp
[0.491s] [  0%] Built target tf2_msgs_generate_messages_eus
[0.491s] [  0%] Built target tf_generate_messages_cpp
[0.491s] [  0%] Built target tf2_msgs_generate_messages_lisp
[0.493s] [  0%] Built target actionlib_generate_messages_lisp
[0.494s] [  0%] Built target actionlib_generate_messages_py
[0.494s] [  0%] Built target pcl_msgs_generate_messages_cpp
[0.498s] [  0%] Built target actionlib_generate_messages_nodejs
[0.498s] [  0%] Built target tf2_msgs_generate_messages_py
[0.528s] [100%] Built target libwaypoint_follower
[0.673s] Invoked command in '/home/point001/autoware.ai/build/libwaypoint_follower' returned '0': CMAKE_PREFIX_PATH=/home/point001/autoware.ai/install/amathutils_lib:/home/point001/autoware.ai/install/autoware_msgs:/home/point001/autoware.ai/install/autoware_build_flags:${CMAKE_PREFIX_PATH} LD_LIBRARY_PATH=/home/point001/autoware.ai/install/amathutils_lib/lib:/opt/ros/melodic/lib:/usr/local/cuda-10.0/lib64 PKG_CONFIG_PATH=/home/point001/autoware.ai/install/amathutils_lib/lib/x86_64-linux-gnu/pkgconfig:/home/point001/autoware.ai/install/amathutils_lib/lib/pkgconfig:/home/point001/autoware.ai/install/autoware_msgs/lib/x86_64-linux-gnu/pkgconfig:/home/point001/autoware.ai/install/autoware_msgs/lib/pkgconfig:/home/point001/autoware.ai/install/autoware_build_flags/lib/x86_64-linux-gnu/pkgconfig:/home/point001/autoware.ai/install/autoware_build_flags/lib/pkgconfig:${PKG_CONFIG_PATH} PYTHONPATH=/home/point001/autoware.ai/install/autoware_msgs/lib/python2.7/dist-packages:${PYTHONPATH} ROS_PACKAGE_PATH=/home/point001/autoware.ai/install/amathutils_lib/share:/home/point001/autoware.ai/install/autoware_msgs/share:/home/point001/autoware.ai/install/autoware_build_flags/share:${ROS_PACKAGE_PATH} /usr/bin/cmake --build /home/point001/autoware.ai/build/libwaypoint_follower -- -j24 -l24
[1.080s] Invoking command in '/home/point001/autoware.ai/build/libwaypoint_follower': CMAKE_PREFIX_PATH=/home/point001/autoware.ai/install/amathutils_lib:/home/point001/autoware.ai/install/autoware_msgs:/home/point001/autoware.ai/install/autoware_build_flags:${CMAKE_PREFIX_PATH} LD_LIBRARY_PATH=/home/point001/autoware.ai/install/amathutils_lib/lib:/opt/ros/melodic/lib:/usr/local/cuda-10.0/lib64 PKG_CONFIG_PATH=/home/point001/autoware.ai/install/amathutils_lib/lib/x86_64-linux-gnu/pkgconfig:/home/point001/autoware.ai/install/amathutils_lib/lib/pkgconfig:/home/point001/autoware.ai/install/autoware_msgs/lib/x86_64-linux-gnu/pkgconfig:/home/point001/autoware.ai/install/autoware_msgs/lib/pkgconfig:/home/point001/autoware.ai/install/autoware_build_flags/lib/x86_64-linux-gnu/pkgconfig:/home/point001/autoware.ai/install/autoware_build_flags/lib/pkgconfig:${PKG_CONFIG_PATH} PYTHONPATH=/home/point001/autoware.ai/install/autoware_msgs/lib/python2.7/dist-packages:${PYTHONPATH} ROS_PACKAGE_PATH=/home/point001/autoware.ai/install/amathutils_lib/share:/home/point001/autoware.ai/install/autoware_msgs/share:/home/point001/autoware.ai/install/autoware_build_flags/share:${ROS_PACKAGE_PATH} /usr/bin/cmake --build /home/point001/autoware.ai/build/libwaypoint_follower --target tests -- -j24 -l24
[1.167s] [  0%] Built target jsk_recognition_msgs_generate_messages_eus
[1.170s] [  0%] Built target sensor_msgs_generate_messages_nodejs
[1.173s] [  0%] Built target autoware_msgs_generate_messages_cpp
[1.178s] [  0%] Built target std_msgs_generate_messages_nodejs
[1.182s] [  0%] Built target std_msgs_generate_messages_cpp
[1.182s] [  0%] Built target tf2_msgs_generate_messages_cpp
[1.182s] [  0%] Built target roscpp_generate_messages_cpp
[1.182s] [  0%] Built target jsk_footstep_msgs_generate_messages_py
[1.182s] [  0%] Built target geometry_msgs_generate_messages_py
[1.183s] [  0%] Built target autoware_msgs_generate_messages_py
[1.183s] [  0%] Built target jsk_recognition_msgs_generate_messages_lisp
[1.183s] [  0%] Built target tf_generate_messages_py
[1.184s] [  0%] Built target std_msgs_generate_messages_py
[1.184s] [  0%] Built target sensor_msgs_generate_messages_lisp
[1.186s] [  0%] Built target pcl_msgs_generate_messages_nodejs
[1.187s] [ 22%] Built target gtest
[1.188s] [ 22%] Built target rosgraph_msgs_generate_messages_eus
[1.189s] [ 22%] Built target sensor_msgs_generate_messages_cpp
[1.189s] [ 22%] Built target actionlib_generate_messages_cpp
[1.189s] [ 22%] Built target pcl_msgs_generate_messages_eus
[1.197s] [ 22%] Built target sensor_msgs_generate_messages_eus
[1.199s] [ 22%] Built target jsk_recognition_msgs_generate_messages_py
[1.201s] [ 22%] Built target actionlib_msgs_generate_messages_nodejs
[1.201s] [ 22%] Built target _catkin_empty_exported_target
[1.201s] [ 22%] Built target sensor_msgs_generate_messages_py
[1.201s] [ 22%] Built target roscpp_generate_messages_nodejs
[1.212s] [ 22%] Built target jsk_recognition_msgs_generate_messages_cpp
[1.214s] [ 22%] Built target autoware_msgs_generate_messages_lisp
[1.214s] [ 22%] Built target geometry_msgs_generate_messages_nodejs
[1.215s] [ 22%] Built target std_msgs_generate_messages_eus
[1.216s] [ 22%] Built target jsk_footstep_msgs_generate_messages_eus
[1.216s] [ 22%] Built target geometry_msgs_generate_messages_lisp
[1.221s] [ 22%] Built target jsk_footstep_msgs_generate_messages_cpp
[1.221s] [ 22%] Built target geometry_msgs_generate_messages_eus
[1.240s] [ 22%] Built target jsk_footstep_msgs_generate_messages_lisp
[1.240s] [ 22%] Built target autoware_msgs_generate_messages_nodejs
[1.240s] [ 22%] Built target jsk_recognition_msgs_generate_messages_nodejs
[1.240s] [ 22%] Built target std_msgs_generate_messages_lisp
[1.240s] [ 22%] Built target actionlib_msgs_generate_messages_lisp
[1.241s] [ 22%] Built target tf_generate_messages_eus
[1.241s] [ 22%] Built target tf_generate_messages_nodejs
[1.241s] [ 22%] Built target autoware_msgs_generate_messages_eus
[1.241s] [ 22%] Built target actionlib_msgs_generate_messages_cpp
[1.241s] [ 22%] Built target rosgraph_msgs_generate_messages_cpp
[1.241s] [ 22%] Built target tf_generate_messages_lisp
[1.241s] [ 22%] Built target jsk_footstep_msgs_generate_messages_nodejs
[1.241s] [ 22%] Built target roscpp_generate_messages_lisp
[1.241s] [ 22%] Built target rosgraph_msgs_generate_messages_lisp
[1.241s] [ 22%] Built target roscpp_generate_messages_py
[1.241s] [ 22%] Built target actionlib_msgs_generate_messages_py
[1.251s] [ 22%] Built target rosgraph_msgs_generate_messages_py
[1.251s] [ 22%] Built target actionlib_generate_messages_eus
[1.253s] [ 22%] Built target actionlib_msgs_generate_messages_eus
[1.264s] [ 22%] Built target roscpp_generate_messages_eus
[1.264s] [ 22%] Built target rosgraph_msgs_generate_messages_nodejs
[1.265s] [ 22%] Built target tf2_msgs_generate_messages_eus
[1.265s] [ 22%] Built target pcl_msgs_generate_messages_lisp
[1.265s] [ 22%] Built target geometry_msgs_generate_messages_cpp
[1.273s] [ 22%] Built target tf_generate_messages_cpp
[1.273s] [ 22%] Built target pcl_msgs_generate_messages_py
[1.274s] [ 22%] Built target actionlib_generate_messages_lisp
[1.275s] [ 22%] Built target tf2_msgs_generate_messages_lisp
[1.275s] [ 22%] Built target actionlib_generate_messages_py
[1.286s] [ 22%] Built target tf2_msgs_generate_messages_nodejs
[1.287s] [ 22%] Built target actionlib_generate_messages_nodejs
[1.287s] [ 22%] Built target pcl_msgs_generate_messages_cpp
[1.294s] [ 22%] Built target tf2_msgs_generate_messages_py
[1.340s] [ 55%] Built target test-libwaypoint_follower
[1.353s] [100%] Built target test-pure_pursuit
[1.397s] [100%] Built target tests
[1.589s] Invoked command in '/home/point001/autoware.ai/build/libwaypoint_follower' returned '0': CMAKE_PREFIX_PATH=/home/point001/autoware.ai/install/amathutils_lib:/home/point001/autoware.ai/install/autoware_msgs:/home/point001/autoware.ai/install/autoware_build_flags:${CMAKE_PREFIX_PATH} LD_LIBRARY_PATH=/home/point001/autoware.ai/install/amathutils_lib/lib:/opt/ros/melodic/lib:/usr/local/cuda-10.0/lib64 PKG_CONFIG_PATH=/home/point001/autoware.ai/install/amathutils_lib/lib/x86_64-linux-gnu/pkgconfig:/home/point001/autoware.ai/install/amathutils_lib/lib/pkgconfig:/home/point001/autoware.ai/install/autoware_msgs/lib/x86_64-linux-gnu/pkgconfig:/home/point001/autoware.ai/install/autoware_msgs/lib/pkgconfig:/home/point001/autoware.ai/install/autoware_build_flags/lib/x86_64-linux-gnu/pkgconfig:/home/point001/autoware.ai/install/autoware_build_flags/lib/pkgconfig:${PKG_CONFIG_PATH} PYTHONPATH=/home/point001/autoware.ai/install/autoware_msgs/lib/python2.7/dist-packages:${PYTHONPATH} ROS_PACKAGE_PATH=/home/point001/autoware.ai/install/amathutils_lib/share:/home/point001/autoware.ai/install/autoware_msgs/share:/home/point001/autoware.ai/install/autoware_build_flags/share:${ROS_PACKAGE_PATH} /usr/bin/cmake --build /home/point001/autoware.ai/build/libwaypoint_follower --target tests -- -j24 -l24
[2.019s] Invoking command in '/home/point001/autoware.ai/build/libwaypoint_follower': CMAKE_PREFIX_PATH=/home/point001/autoware.ai/install/amathutils_lib:/home/point001/autoware.ai/install/autoware_msgs:/home/point001/autoware.ai/install/autoware_build_flags:${CMAKE_PREFIX_PATH} LD_LIBRARY_PATH=/home/point001/autoware.ai/install/amathutils_lib/lib:/opt/ros/melodic/lib:/usr/local/cuda-10.0/lib64 PKG_CONFIG_PATH=/home/point001/autoware.ai/install/amathutils_lib/lib/x86_64-linux-gnu/pkgconfig:/home/point001/autoware.ai/install/amathutils_lib/lib/pkgconfig:/home/point001/autoware.ai/install/autoware_msgs/lib/x86_64-linux-gnu/pkgconfig:/home/point001/autoware.ai/install/autoware_msgs/lib/pkgconfig:/home/point001/autoware.ai/install/autoware_build_flags/lib/x86_64-linux-gnu/pkgconfig:/home/point001/autoware.ai/install/autoware_build_flags/lib/pkgconfig:${PKG_CONFIG_PATH} PYTHONPATH=/home/point001/autoware.ai/install/autoware_msgs/lib/python2.7/dist-packages:${PYTHONPATH} ROS_PACKAGE_PATH=/home/point001/autoware.ai/install/amathutils_lib/share:/home/point001/autoware.ai/install/autoware_msgs/share:/home/point001/autoware.ai/install/autoware_build_flags/share:${ROS_PACKAGE_PATH} /usr/bin/cmake --build /home/point001/autoware.ai/build/libwaypoint_follower --target install -- -j24 -l24
[2.099s] [  0%] Built target roscpp_generate_messages_cpp
[2.100s] [  0%] Built target tf2_msgs_generate_messages_nodejs
[2.101s] [  0%] Built target std_msgs_generate_messages_nodejs
[2.101s] [  0%] Built target geometry_msgs_generate_messages_py
[2.101s] [  0%] Built target sensor_msgs_generate_messages_nodejs
[2.102s] [  0%] Built target actionlib_generate_messages_cpp
[2.102s] [  0%] Built target std_msgs_generate_messages_py
[2.102s] [  0%] Built target rosgraph_msgs_generate_messages_eus
[2.102s] [  0%] Built target sensor_msgs_generate_messages_lisp
[2.102s] [  0%] Built target jsk_recognition_msgs_generate_messages_eus
[2.102s] [  0%] Built target autoware_msgs_generate_messages_cpp
[2.102s] [  0%] Built target pcl_msgs_generate_messages_eus
[2.102s] [  0%] Built target _catkin_empty_exported_target
[2.102s] [  0%] Built target autoware_msgs_generate_messages_py
[2.102s] [  0%] Built target jsk_recognition_msgs_generate_messages_lisp
[2.103s] [  0%] Built target tf_generate_messages_py
[2.103s] [  0%] Built target sensor_msgs_generate_messages_py
[2.103s] [  0%] Built target tf2_msgs_generate_messages_cpp
[2.103s] [  0%] Built target jsk_recognition_msgs_generate_messages_py
[2.103s] [  0%] Built target pcl_msgs_generate_messages_nodejs
[2.103s] [  0%] Built target sensor_msgs_generate_messages_eus
[2.103s] [  0%] Built target sensor_msgs_generate_messages_cpp
[2.103s] [  0%] Built target std_msgs_generate_messages_cpp
[2.104s] [  0%] Built target jsk_footstep_msgs_generate_messages_py
[2.104s] [  0%] Built target jsk_recognition_msgs_generate_messages_cpp
[2.104s] [  0%] Built target roscpp_generate_messages_nodejs
[2.104s] [  0%] Built target autoware_msgs_generate_messages_lisp
[2.104s] [  0%] Built target std_msgs_generate_messages_eus
[2.104s] [  0%] Built target actionlib_msgs_generate_messages_nodejs
[2.105s] [  0%] Built target std_msgs_generate_messages_lisp
[2.105s] [  0%] Built target geometry_msgs_generate_messages_lisp
[2.105s] [  0%] Built target geometry_msgs_generate_messages_nodejs
[2.105s] [  0%] Built target geometry_msgs_generate_messages_eus
[2.108s] [  0%] Built target jsk_footstep_msgs_generate_messages_lisp
[2.108s] [  0%] Built target rosgraph_msgs_generate_messages_cpp
[2.109s] [  0%] Built target jsk_footstep_msgs_generate_messages_nodejs
[2.109s] [  0%] Built target autoware_msgs_generate_messages_eus
[2.109s] [  0%] Built target actionlib_msgs_generate_messages_lisp
[2.109s] [  0%] Built target autoware_msgs_generate_messages_nodejs
[2.109s] [  0%] Built target jsk_footstep_msgs_generate_messages_eus
[2.109s] [  0%] Built target actionlib_msgs_generate_messages_py
[2.109s] [  0%] Built target tf_generate_messages_eus
[2.114s] [  0%] Built target roscpp_generate_messages_lisp
[2.114s] [  0%] Built target jsk_recognition_msgs_generate_messages_nodejs
[2.114s] [  0%] Built target jsk_footstep_msgs_generate_messages_cpp
[2.114s] [  0%] Built target actionlib_msgs_generate_messages_cpp
[2.115s] [  0%] Built target tf_generate_messages_nodejs
[2.122s] [  0%] Built target tf_generate_messages_lisp
[2.122s] [  0%] Built target roscpp_generate_messages_py
[2.124s] [  0%] Built target rosgraph_msgs_generate_messages_py
[2.124s] [  0%] Built target roscpp_generate_messages_eus
[2.124s] [  0%] Built target rosgraph_msgs_generate_messages_lisp
[2.126s] [  0%] Built target pcl_msgs_generate_messages_py
[2.129s] [  0%] Built target actionlib_msgs_generate_messages_eus
[2.129s] [  0%] Built target tf_generate_messages_cpp
[2.129s] [  0%] Built target geometry_msgs_generate_messages_cpp
[2.129s] [  0%] Built target pcl_msgs_generate_messages_lisp
[2.129s] [  0%] Built target actionlib_generate_messages_lisp
[2.129s] [  0%] Built target rosgraph_msgs_generate_messages_nodejs
[2.132s] [  0%] Built target actionlib_generate_messages_eus
[2.132s] [  0%] Built target tf2_msgs_generate_messages_lisp
[2.132s] [  0%] Built target actionlib_generate_messages_nodejs
[2.132s] [  0%] Built target pcl_msgs_generate_messages_cpp
[2.132s] [  0%] Built target tf2_msgs_generate_messages_eus
[2.133s] [  0%] Built target actionlib_generate_messages_py
[2.136s] [  0%] Built target tf2_msgs_generate_messages_py
[2.163s] [100%] Built target libwaypoint_follower
[2.205s] [36mInstall the project...[0m
[2.212s] -- Install configuration: "Release"
[2.213s] -- Up-to-date: /home/point001/autoware.ai/install/libwaypoint_follower/lib/pkgconfig/libwaypoint_follower.pc
[2.213s] -- Up-to-date: /home/point001/autoware.ai/install/libwaypoint_follower/share/libwaypoint_follower/cmake/libwaypoint_followerConfig.cmake
[2.213s] -- Up-to-date: /home/point001/autoware.ai/install/libwaypoint_follower/share/libwaypoint_follower/cmake/libwaypoint_followerConfig-version.cmake
[2.213s] -- Up-to-date: /home/point001/autoware.ai/install/libwaypoint_follower/share/libwaypoint_follower/package.xml
[2.213s] -- Up-to-date: /home/point001/autoware.ai/install/libwaypoint_follower/lib/liblibwaypoint_follower.so
[2.213s] -- Up-to-date: /home/point001/autoware.ai/install/libwaypoint_follower/include/libwaypoint_follower
[2.213s] -- Up-to-date: /home/point001/autoware.ai/install/libwaypoint_follower/include/libwaypoint_follower/pure_pursuit.h
[2.213s] -- Up-to-date: /home/point001/autoware.ai/install/libwaypoint_follower/include/libwaypoint_follower/test_libwaypoint_follower.h
[2.214s] -- Up-to-date: /home/point001/autoware.ai/install/libwaypoint_follower/include/libwaypoint_follower/libwaypoint_follower.h
[2.349s] Invoked command in '/home/point001/autoware.ai/build/libwaypoint_follower' returned '0': CMAKE_PREFIX_PATH=/home/point001/autoware.ai/install/amathutils_lib:/home/point001/autoware.ai/install/autoware_msgs:/home/point001/autoware.ai/install/autoware_build_flags:${CMAKE_PREFIX_PATH} LD_LIBRARY_PATH=/home/point001/autoware.ai/install/amathutils_lib/lib:/opt/ros/melodic/lib:/usr/local/cuda-10.0/lib64 PKG_CONFIG_PATH=/home/point001/autoware.ai/install/amathutils_lib/lib/x86_64-linux-gnu/pkgconfig:/home/point001/autoware.ai/install/amathutils_lib/lib/pkgconfig:/home/point001/autoware.ai/install/autoware_msgs/lib/x86_64-linux-gnu/pkgconfig:/home/point001/autoware.ai/install/autoware_msgs/lib/pkgconfig:/home/point001/autoware.ai/install/autoware_build_flags/lib/x86_64-linux-gnu/pkgconfig:/home/point001/autoware.ai/install/autoware_build_flags/lib/pkgconfig:${PKG_CONFIG_PATH} PYTHONPATH=/home/point001/autoware.ai/install/autoware_msgs/lib/python2.7/dist-packages:${PYTHONPATH} ROS_PACKAGE_PATH=/home/point001/autoware.ai/install/amathutils_lib/share:/home/point001/autoware.ai/install/autoware_msgs/share:/home/point001/autoware.ai/install/autoware_build_flags/share:${ROS_PACKAGE_PATH} /usr/bin/cmake --build /home/point001/autoware.ai/build/libwaypoint_follower --target install -- -j24 -l24
