[0.158s] Invoking command in '/home/point001/autoware.ai/build/sick_ldmrs_driver': CMAKE_PREFIX_PATH=/home/point001/autoware.ai/install/sick_ldmrs_msgs:/home/point001/autoware.ai/install/sick_ldmrs_description:${CMAKE_PREFIX_PATH} PKG_CONFIG_PATH=/home/point001/autoware.ai/install/sick_ldmrs_msgs/lib/x86_64-linux-gnu/pkgconfig:/home/point001/autoware.ai/install/sick_ldmrs_msgs/lib/pkgconfig:/home/point001/autoware.ai/install/sick_ldmrs_description/lib/x86_64-linux-gnu/pkgconfig:/home/point001/autoware.ai/install/sick_ldmrs_description/lib/pkgconfig:${PKG_CONFIG_PATH} PYTHONPATH=/home/point001/autoware.ai/install/sick_ldmrs_msgs/lib/python2.7/dist-packages:${PYTHONPATH} ROS_PACKAGE_PATH=/home/point001/autoware.ai/install/sick_ldmrs_msgs/share:/home/point001/autoware.ai/install/sick_ldmrs_description/share:${ROS_PACKAGE_PATH} /usr/bin/cmake /home/point001/autoware.ai/src/drivers/awf_drivers/sick_ldmrs_driver -DCMAKE_BUILD_TYPE=Release -DCATKIN_INSTALL_INTO_PREFIX_ROOT=0 -DCMAKE_INSTALL_PREFIX=/home/point001/autoware.ai/install/sick_ldmrs_driver
[0.370s] -- The C compiler identification is GNU 7.5.0
[0.465s] -- The CXX compiler identification is GNU 7.5.0
[0.466s] -- Check for working C compiler: /usr/bin/cc
[0.582s] -- Check for working C compiler: /usr/bin/cc -- works
[0.583s] -- Detecting C compiler ABI info
[0.785s] -- Detecting C compiler ABI info - done
[0.803s] -- Detecting C compile features
[1.089s] -- Detecting C compile features - done
[1.092s] -- Check for working CXX compiler: /usr/bin/c++
[1.190s] -- Check for working CXX compiler: /usr/bin/c++ -- works
[1.190s] -- Detecting CXX compiler ABI info
[1.301s] -- Detecting CXX compiler ABI info - done
[1.310s] -- Detecting CXX compile features
[1.955s] -- Detecting CXX compile features - done
[1.957s] -- Using CATKIN_DEVEL_PREFIX: /home/point001/autoware.ai/build/sick_ldmrs_driver/devel
[1.958s] -- Using CMAKE_PREFIX_PATH: /home/point001/autoware.ai/install/sick_ldmrs_msgs;/home/point001/autoware.ai/install/sick_ldmrs_description;/opt/ros/melodic
[1.958s] -- This workspace overlays: /home/point001/autoware.ai/install/sick_ldmrs_msgs;/home/point001/autoware.ai/install/sick_ldmrs_description;/opt/ros/melodic
[2.010s] -- Found PythonInterp: /usr/bin/python2 (found suitable version "2.7.17", minimum required is "2") 
[2.010s] -- Using PYTHON_EXECUTABLE: /usr/bin/python2
[2.010s] -- Using Debian Python package layout
[2.010s] -- Using empy: /usr/bin/empy
[2.235s] -- Using CATKIN_ENABLE_TESTING: ON
[2.235s] -- Call enable_testing()
[2.254s] -- Using CATKIN_TEST_RESULTS_DIR: /home/point001/autoware.ai/build/sick_ldmrs_driver/test_results
[2.277s] -- Found gtest sources under '/usr/src/googletest': gtests will be built
[2.277s] -- Found gmock sources under '/usr/src/googletest': gmock will be built
[2.317s] -- Found PythonInterp: /usr/bin/python2 (found version "2.7.17") 
[2.319s] -- Looking for pthread.h
[2.469s] -- Looking for pthread.h - found
[2.469s] -- Looking for pthread_create
[2.712s] -- Looking for pthread_create - not found
[2.712s] -- Looking for pthread_create in pthreads
[2.809s] -- Looking for pthread_create in pthreads - not found
[2.809s] -- Looking for pthread_create in pthread
[3.083s] -- Looking for pthread_create in pthread - found
[3.084s] -- Found Threads: TRUE  
[3.096s] -- Using Python nosetests: /usr/bin/nosetests-2.7
[3.201s] -- catkin 0.7.29
[3.202s] -- BUILD_SHARED_LIBS is on
[4.393s] -- Using these message generators: gencpp;geneus;genlisp;gennodejs;genpy
[4.810s] -- Boost version: 1.65.1
[4.810s] -- Found the following Boost libraries:
[4.810s] --   system
[5.103s] -- Configuring done
[5.200s] -- Generating done
[5.211s] -- Build files have been written to: /home/point001/autoware.ai/build/sick_ldmrs_driver
[5.222s] Invoked command in '/home/point001/autoware.ai/build/sick_ldmrs_driver' returned '0': CMAKE_PREFIX_PATH=/home/point001/autoware.ai/install/sick_ldmrs_msgs:/home/point001/autoware.ai/install/sick_ldmrs_description:${CMAKE_PREFIX_PATH} PKG_CONFIG_PATH=/home/point001/autoware.ai/install/sick_ldmrs_msgs/lib/x86_64-linux-gnu/pkgconfig:/home/point001/autoware.ai/install/sick_ldmrs_msgs/lib/pkgconfig:/home/point001/autoware.ai/install/sick_ldmrs_description/lib/x86_64-linux-gnu/pkgconfig:/home/point001/autoware.ai/install/sick_ldmrs_description/lib/pkgconfig:${PKG_CONFIG_PATH} PYTHONPATH=/home/point001/autoware.ai/install/sick_ldmrs_msgs/lib/python2.7/dist-packages:${PYTHONPATH} ROS_PACKAGE_PATH=/home/point001/autoware.ai/install/sick_ldmrs_msgs/share:/home/point001/autoware.ai/install/sick_ldmrs_description/share:${ROS_PACKAGE_PATH} /usr/bin/cmake /home/point001/autoware.ai/src/drivers/awf_drivers/sick_ldmrs_driver -DCMAKE_BUILD_TYPE=Release -DCATKIN_INSTALL_INTO_PREFIX_ROOT=0 -DCMAKE_INSTALL_PREFIX=/home/point001/autoware.ai/install/sick_ldmrs_driver
[5.223s] Invoking command in '/home/point001/autoware.ai/build/sick_ldmrs_driver': CMAKE_PREFIX_PATH=/home/point001/autoware.ai/install/sick_ldmrs_msgs:/home/point001/autoware.ai/install/sick_ldmrs_description:${CMAKE_PREFIX_PATH} PKG_CONFIG_PATH=/home/point001/autoware.ai/install/sick_ldmrs_msgs/lib/x86_64-linux-gnu/pkgconfig:/home/point001/autoware.ai/install/sick_ldmrs_msgs/lib/pkgconfig:/home/point001/autoware.ai/install/sick_ldmrs_description/lib/x86_64-linux-gnu/pkgconfig:/home/point001/autoware.ai/install/sick_ldmrs_description/lib/pkgconfig:${PKG_CONFIG_PATH} PYTHONPATH=/home/point001/autoware.ai/install/sick_ldmrs_msgs/lib/python2.7/dist-packages:${PYTHONPATH} ROS_PACKAGE_PATH=/home/point001/autoware.ai/install/sick_ldmrs_msgs/share:/home/point001/autoware.ai/install/sick_ldmrs_description/share:${ROS_PACKAGE_PATH} /usr/bin/cmake --build /home/point001/autoware.ai/build/sick_ldmrs_driver -- -j24 -l24
[5.373s] [35m[1mScanning dependencies of target rosgraph_msgs_generate_messages_eus[0m
[5.396s] [35m[1mScanning dependencies of target sick_ldmrs_driver_gencfg[0m
[5.409s] [35m[1mScanning dependencies of target rosgraph_msgs_generate_messages_lisp[0m
[5.415s] [35m[1mScanning dependencies of target pcl_msgs_generate_messages_cpp[0m
[5.416s] [35m[1mScanning dependencies of target sick_ldmrs_msgs_generate_messages_lisp[0m
[5.422s] [35m[1mScanning dependencies of target dynamic_reconfigure_generate_messages_py[0m
[5.424s] [35m[1mScanning dependencies of target diagnostic_msgs_generate_messages_nodejs[0m
[5.426s] [35m[1mScanning dependencies of target dynamic_reconfigure_generate_messages_lisp[0m
[5.430s] [35m[1mScanning dependencies of target dynamic_reconfigure_gencfg[0m
[5.434s] [35m[1mScanning dependencies of target dynamic_reconfigure_generate_messages_nodejs[0m
[5.434s] [35m[1mScanning dependencies of target pcl_msgs_generate_messages_eus[0m
[5.434s] [  0%] Built target rosgraph_msgs_generate_messages_eus
[5.442s] [  0%] Built target rosgraph_msgs_generate_messages_lisp
[5.471s] [  0%] Built target pcl_msgs_generate_messages_cpp
[5.503s] [  0%] Built target dynamic_reconfigure_generate_messages_nodejs
[5.504s] [  0%] Built target dynamic_reconfigure_generate_messages_py
[5.506s] [  0%] Built target dynamic_reconfigure_gencfg
[5.508s] [35m[1mScanning dependencies of target tf_generate_messages_nodejs[0m
[5.509s] [  0%] Built target dynamic_reconfigure_generate_messages_lisp
[5.512s] [  0%] Built target sick_ldmrs_msgs_generate_messages_lisp
[5.525s] [  1%] [34m[1mGenerating dynamic reconfigure files from cfg/SickLDMRSDriver.cfg: /home/point001/autoware.ai/build/sick_ldmrs_driver/devel/include/sick_ldmrs_driver/SickLDMRSDriverConfig.h /home/point001/autoware.ai/build/sick_ldmrs_driver/devel/lib/python2.7/dist-packages/sick_ldmrs_driver/cfg/SickLDMRSDriverConfig.py[0m
[5.525s] [  1%] Built target pcl_msgs_generate_messages_eus
[5.525s] [35m[1mScanning dependencies of target pcl_msgs_generate_messages_py[0m
[5.526s] [  1%] Built target diagnostic_msgs_generate_messages_nodejs
[5.540s] [35m[1mScanning dependencies of target tf_generate_messages_cpp[0m
[5.557s] [35m[1mScanning dependencies of target geometry_msgs_generate_messages_cpp[0m
[5.560s] [  1%] Built target tf_generate_messages_nodejs
[5.560s] [  1%] Built target pcl_msgs_generate_messages_py
[5.570s] [35m[1mScanning dependencies of target diagnostic_msgs_generate_messages_cpp[0m
[5.571s] [35m[1mScanning dependencies of target pcl_msgs_generate_messages_lisp[0m
[5.572s] [35m[1mScanning dependencies of target actionlib_generate_messages_lisp[0m
[5.585s] [35m[1mScanning dependencies of target actionlib_generate_messages_eus[0m
[5.585s] [35m[1mScanning dependencies of target tf2_msgs_generate_messages_py[0m
[5.588s] [35m[1mScanning dependencies of target actionlib_generate_messages_nodejs[0m
[5.590s] [35m[1mScanning dependencies of target sick_ldmrs_msgs_generate_messages_py[0m
[5.599s] [  1%] Built target tf_generate_messages_cpp
[5.608s] [  1%] Built target diagnostic_msgs_generate_messages_cpp
[5.618s] [  1%] Built target geometry_msgs_generate_messages_cpp
[5.621s] [  1%] Built target actionlib_generate_messages_lisp
[5.639s] [35m[1mScanning dependencies of target actionlib_generate_messages_py[0m
[5.639s] Generating reconfiguration files for SickLDMRSDriver in sick_ldmrs_driver
[5.639s] [  1%] Built target pcl_msgs_generate_messages_lisp
[5.640s] [  1%] Built target actionlib_generate_messages_eus
[5.645s] Wrote header file in /home/point001/autoware.ai/build/sick_ldmrs_driver/devel/include/sick_ldmrs_driver/SickLDMRSDriverConfig.h
[5.651s] [35m[1mScanning dependencies of target actionlib_msgs_generate_messages_cpp[0m
[5.657s] [  1%] Built target sick_ldmrs_msgs_generate_messages_py
[5.658s] [35m[1mScanning dependencies of target tf_generate_messages_eus[0m
[5.660s] [  1%] Built target actionlib_generate_messages_nodejs
[5.665s] [  1%] Built target tf2_msgs_generate_messages_py
[5.673s] [35m[1mScanning dependencies of target roscpp_generate_messages_eus[0m
[5.678s] [35m[1mScanning dependencies of target rosgraph_msgs_generate_messages_py[0m
[5.681s] [35m[1mScanning dependencies of target actionlib_msgs_generate_messages_py[0m
[5.697s] [35m[1mScanning dependencies of target actionlib_msgs_generate_messages_eus[0m
[5.698s] [  1%] Built target actionlib_generate_messages_py
[5.704s] [35m[1mScanning dependencies of target tf2_msgs_generate_messages_cpp[0m
[5.714s] [  1%] Built target tf_generate_messages_eus
[5.715s] [35m[1mScanning dependencies of target tf_generate_messages_lisp[0m
[5.718s] [  1%] Built target actionlib_msgs_generate_messages_cpp
[5.727s] [35m[1mScanning dependencies of target tf2_msgs_generate_messages_eus[0m
[5.734s] [  1%] Built target sick_ldmrs_driver_gencfg
[5.739s] [  1%] Built target roscpp_generate_messages_eus
[5.760s] [  1%] Built target rosgraph_msgs_generate_messages_py
[5.762s] [35m[1mScanning dependencies of target actionlib_msgs_generate_messages_lisp[0m
[5.770s] [  1%] Built target actionlib_msgs_generate_messages_py
[5.804s] [  1%] Built target tf2_msgs_generate_messages_cpp
[5.804s] [35m[1mScanning dependencies of target dynamic_reconfigure_generate_messages_eus[0m
[5.805s] [  1%] Built target tf_generate_messages_lisp
[5.810s] [35m[1mScanning dependencies of target std_msgs_generate_messages_eus[0m
[5.812s] [  1%] Built target actionlib_msgs_generate_messages_eus
[5.819s] [35m[1mScanning dependencies of target diagnostic_msgs_generate_messages_eus[0m
[5.820s] [  1%] Built target tf2_msgs_generate_messages_eus
[5.829s] [35m[1mScanning dependencies of target diagnostic_msgs_generate_messages_lisp[0m
[5.832s] [35m[1mScanning dependencies of target diagnostic_msgs_generate_messages_py[0m
[5.854s] [35m[1mScanning dependencies of target sick_ldmrs_msgs_generate_messages_nodejs[0m
[5.875s] [  1%] Built target std_msgs_generate_messages_eus
[5.882s] [  1%] Built target dynamic_reconfigure_generate_messages_eus
[5.883s] [35m[1mScanning dependencies of target roscpp_generate_messages_nodejs[0m
[5.884s] [  1%] Built target actionlib_msgs_generate_messages_lisp
[5.897s] [35m[1mScanning dependencies of target std_msgs_generate_messages_lisp[0m
[5.916s] [  1%] Built target diagnostic_msgs_generate_messages_lisp
[5.916s] [35m[1mScanning dependencies of target std_msgs_generate_messages_nodejs[0m
[5.917s] [35m[1mScanning dependencies of target sick_ldmrs_msgs_generate_messages_eus[0m
[5.926s] [  1%] Built target diagnostic_msgs_generate_messages_py
[5.926s] [35m[1mScanning dependencies of target geometry_msgs_generate_messages_nodejs[0m
[5.940s] [35m[1mScanning dependencies of target sensor_msgs_generate_messages_nodejs[0m
[5.941s] [  1%] Built target diagnostic_msgs_generate_messages_eus
[5.941s] [  1%] Built target sick_ldmrs_msgs_generate_messages_nodejs
[5.977s] [35m[1mScanning dependencies of target std_msgs_generate_messages_py[0m
[5.989s] [  1%] Built target geometry_msgs_generate_messages_nodejs
[6.040s] [35m[1mScanning dependencies of target actionlib_generate_messages_cpp[0m
[6.046s] [  1%] Built target std_msgs_generate_messages_nodejs
[6.048s] [  1%] Built target std_msgs_generate_messages_lisp
[6.049s] [35m[1mScanning dependencies of target sensor_msgs_generate_messages_cpp[0m
[6.056s] [  1%] Built target roscpp_generate_messages_nodejs
[6.057s] [35m[1mScanning dependencies of target sensor_msgs_generate_messages_lisp[0m
[6.070s] [  1%] Built target sensor_msgs_generate_messages_nodejs
[6.071s] [35m[1mScanning dependencies of target tf2_msgs_generate_messages_lisp[0m
[6.097s] [35m[1mScanning dependencies of target std_msgs_generate_messages_cpp[0m
[6.097s] [35m[1mScanning dependencies of target tf2_msgs_generate_messages_nodejs[0m
[6.098s] [35m[1mScanning dependencies of target actionlib_msgs_generate_messages_nodejs[0m
[6.099s] [35m[1mScanning dependencies of target pcl_msgs_generate_messages_nodejs[0m
[6.102s] [  1%] Built target sick_ldmrs_msgs_generate_messages_eus
[6.104s] [35m[1mScanning dependencies of target roscpp_generate_messages_cpp[0m
[6.105s] [35m[1mScanning dependencies of target sensor_msgs_generate_messages_eus[0m
[6.113s] [35m[1mScanning dependencies of target sensor_msgs_generate_messages_py[0m
[6.113s] [35m[1mScanning dependencies of target sick_ldmrs[0m
[6.116s] [  1%] Built target std_msgs_generate_messages_py
[6.128s] [35m[1mScanning dependencies of target geometry_msgs_generate_messages_lisp[0m
[6.134s] [  1%] Built target actionlib_generate_messages_cpp
[6.140s] [35m[1mScanning dependencies of target rosgraph_msgs_generate_messages_nodejs[0m
[6.144s] [35m[1mScanning dependencies of target tf_generate_messages_py[0m
[6.149s] [35m[1mScanning dependencies of target geometry_msgs_generate_messages_py[0m
[6.150s] [35m[1mScanning dependencies of target dynamic_reconfigure_generate_messages_cpp[0m
[6.152s] [  1%] Built target sensor_msgs_generate_messages_lisp
[6.157s] [  1%] Built target sensor_msgs_generate_messages_cpp
[6.175s] [  1%] Built target std_msgs_generate_messages_cpp
[6.189s] [35m[1mScanning dependencies of target sick_ldmrs_msgs_generate_messages_cpp[0m
[6.200s] [  1%] Built target sensor_msgs_generate_messages_py
[6.211s] [  1%] Built target tf2_msgs_generate_messages_lisp
[6.217s] [  1%] Built target pcl_msgs_generate_messages_nodejs
[6.218s] [  1%] Built target geometry_msgs_generate_messages_lisp
[6.220s] [  1%] Built target roscpp_generate_messages_cpp
[6.224s] [  1%] Built target actionlib_msgs_generate_messages_nodejs
[6.227s] [35m[1mScanning dependencies of target geometry_msgs_generate_messages_eus[0m
[6.228s] [  1%] Built target tf2_msgs_generate_messages_nodejs
[6.232s] [  1%] Built target rosgraph_msgs_generate_messages_nodejs
[6.255s] [  1%] Built target tf_generate_messages_py
[6.270s] [35m[1mScanning dependencies of target LDMRS_Example[0m
[6.273s] [35m[1mScanning dependencies of target roscpp_generate_messages_lisp[0m
[6.288s] [  2%] [32mBuilding CXX object src/driver/src/CMakeFiles/sick_ldmrs.dir/devices/LD_MRS.cpp.o[0m
[6.289s] [  3%] [32mBuilding CXX object src/driver/src/CMakeFiles/sick_ldmrs.dir/devices/BasicDevice.cpp.o[0m
[6.290s] [  3%] Built target geometry_msgs_generate_messages_py
[6.290s] [  4%] [32mBuilding CXX object src/driver/src/CMakeFiles/sick_ldmrs.dir/application/LdmrsScanpointCoordinateApp.cpp.o[0m
[6.293s] [  5%] [32mBuilding CXX object src/driver/src/CMakeFiles/sick_ldmrs.dir/application/LdmrsApp.cpp.o[0m
[6.294s] [  5%] Built target dynamic_reconfigure_generate_messages_cpp
[6.296s] [  6%] [32mBuilding CXX object src/driver/src/CMakeFiles/sick_ldmrs.dir/application/LdmrsFieldApp.cpp.o[0m
[6.298s] [  7%] [32mBuilding CXX object src/driver/src/CMakeFiles/sick_ldmrs.dir/application/BasicApplication.cpp.o[0m
[6.299s] [  7%] Built target sensor_msgs_generate_messages_eus
[6.299s] [  8%] [32mBuilding CXX object src/driver/src/CMakeFiles/sick_ldmrs.dir/application/LdmrsNtpTimeApp.cpp.o[0m
[6.304s] [  9%] [32mBuilding CXX object src/driver/src/CMakeFiles/sick_ldmrs.dir/sopas/SopasBase.cpp.o[0m
[6.310s] [  9%] Built target sick_ldmrs_msgs_generate_messages_cpp
[6.321s] [35m[1mScanning dependencies of target roscpp_generate_messages_py[0m
[6.324s] [  9%] [32mBuilding CXX object src/driver/src/CMakeFiles/sick_ldmrs.dir/application/LdmrsSectorChangeApp.cpp.o[0m
[6.326s] [  9%] Built target roscpp_generate_messages_lisp
[6.327s] [  9%] [32mBuilding CXX object src/driver/src/CMakeFiles/sick_ldmrs.dir/sopas/LdmrsSopasLayer.cpp.o[0m
[6.338s] [ 10%] [32mBuilding CXX object src/driver/src/CMakeFiles/sick_ldmrs.dir/devices/LuxBase.cpp.o[0m
[6.370s] [35m[1mScanning dependencies of target rosgraph_msgs_generate_messages_cpp[0m
[6.410s] [ 10%] Built target geometry_msgs_generate_messages_eus
[6.453s] [ 10%] Built target roscpp_generate_messages_py
[6.515s] [ 10%] [32mBuilding CXX object src/driver/src/CMakeFiles/LDMRS_Example.dir/application/LdmrsApp.cpp.o[0m
[6.554s] [ 10%] Built target rosgraph_msgs_generate_messages_cpp
[6.771s] [ 10%] [32mBuilding CXX object src/driver/src/CMakeFiles/sick_ldmrs.dir/datatypes/Polygon2D.cpp.o[0m
[6.908s] [ 12%] [32mBuilding CXX object src/driver/src/CMakeFiles/sick_ldmrs.dir/datatypes/Polygon3D.cpp.o[0m
[7.109s] [ 13%] [32mBuilding CXX object src/driver/src/CMakeFiles/sick_ldmrs.dir/datatypes/EvalCase.cpp.o[0m
[7.130s] [ 14%] [32mBuilding CXX object src/driver/src/CMakeFiles/sick_ldmrs.dir/datatypes/EvalCases.cpp.o[0m
[7.130s] [ 15%] [32mBuilding CXX object src/driver/src/CMakeFiles/sick_ldmrs.dir/datatypes/FieldParameter.cpp.o[0m
[7.160s] [ 16%] [32mBuilding CXX object src/driver/src/CMakeFiles/sick_ldmrs.dir/datatypes/EvalCaseResult.cpp.o[0m
[7.160s] [ 17%] [32mBuilding CXX object src/driver/src/CMakeFiles/sick_ldmrs.dir/datatypes/EvalCaseResults.cpp.o[0m
[7.160s] [ 18%] [32mBuilding CXX object src/driver/src/CMakeFiles/sick_ldmrs.dir/datatypes/FieldDescription.cpp.o[0m
[7.161s] [ 19%] [32mBuilding CXX object src/driver/src/CMakeFiles/sick_ldmrs.dir/datatypes/Trigger.cpp.o[0m
[7.162s] [ 19%] [32mBuilding CXX object src/driver/src/CMakeFiles/sick_ldmrs.dir/datatypes/Fields.cpp.o[0m
[7.329s] [ 20%] [32mBuilding CXX object src/driver/src/CMakeFiles/sick_ldmrs.dir/datatypes/Point2D.cpp.o[0m
[7.407s] [ 21%] [32mBuilding CXX object src/driver/src/CMakeFiles/LDMRS_Example.dir/application/LdmrsFieldApp.cpp.o[0m
[7.411s] [ 23%] [32mBuilding CXX object src/driver/src/CMakeFiles/sick_ldmrs.dir/datatypes/SensorStateInfo.cpp.o[0m
[8.813s] [ 24%] [32mBuilding CXX object src/driver/src/CMakeFiles/LDMRS_Example.dir/sopas/LdmrsSopasLayer.cpp.o[0m
[9.763s] [ 25%] [32mBuilding CXX object src/driver/src/CMakeFiles/sick_ldmrs.dir/datatypes/ScannerInfo.cpp.o[0m
[10.221s] [ 26%] [32mBuilding CXX object src/driver/src/CMakeFiles/sick_ldmrs.dir/datatypes/Object.cpp.o[0m
[11.019s] [ 26%] [32mBuilding CXX object src/driver/src/CMakeFiles/sick_ldmrs.dir/datatypes/ScanPoint.cpp.o[0m
[11.074s] [ 27%] [32mBuilding CXX object src/driver/src/CMakeFiles/LDMRS_Example.dir/sopas/colab.cpp.o[0m
[11.365s] [ 28%] [32mBuilding CXX object src/driver/src/CMakeFiles/LDMRS_Example.dir/sopas/colaa.cpp.o[0m
[11.472s] [ 29%] [32mBuilding CXX object src/driver/src/CMakeFiles/sick_ldmrs.dir/interfaces/file.cpp.o[0m
[11.839s] [ 30%] [32mBuilding CXX object src/driver/src/CMakeFiles/sick_ldmrs.dir/tools/errorhandler.cpp.o[0m
[11.957s] [ 30%] [32mBuilding CXX object src/driver/src/CMakeFiles/LDMRS_Example.dir/datatypes/Measurement.cpp.o[0m
[12.065s] [ 31%] [32mBuilding CXX object src/driver/src/CMakeFiles/sick_ldmrs.dir/interfaces/tcp.cpp.o[0m
[12.164s] [ 32%] [32mBuilding CXX object src/driver/src/CMakeFiles/LDMRS_Example.dir/datatypes/SensorStateInfo.cpp.o[0m
[12.484s] [ 32%] [32mBuilding CXX object src/driver/src/CMakeFiles/sick_ldmrs.dir/tools/SickThread.cpp.o[0m
[12.666s] [ 34%] [32mBuilding CXX object src/driver/src/CMakeFiles/sick_ldmrs.dir/datatypes/Scan.cpp.o[0m
[13.007s] [ 35%] [32mBuilding CXX object src/driver/src/CMakeFiles/LDMRS_Example.dir/datatypes/FieldParameter.cpp.o[0m
[13.334s] [ 36%] [32mBuilding CXX object src/driver/src/CMakeFiles/LDMRS_Example.dir/datatypes/FieldDescription.cpp.o[0m
[13.388s] [ 37%] [32mBuilding CXX object src/driver/src/CMakeFiles/sick_ldmrs.dir/tools/Mutex.cpp.o[0m
[13.559s] [ 38%] [32mBuilding CXX object src/driver/src/CMakeFiles/sick_ldmrs.dir/datatypes/Msg.cpp.o[0m
[13.602s] [ 39%] [32mBuilding CXX object src/driver/src/CMakeFiles/LDMRS_Example.dir/datatypes/EvalCaseResult.cpp.o[0m
[13.811s] [ 40%] [32mBuilding CXX object src/driver/src/CMakeFiles/sick_ldmrs.dir/datatypes/Line2D.cpp.o[0m
[13.962s] [ 41%] [32mBuilding CXX object src/driver/src/CMakeFiles/LDMRS_Example.dir/datatypes/Polygon2D.cpp.o[0m
[14.251s] [ 42%] [32mBuilding CXX object src/driver/src/CMakeFiles/sick_ldmrs.dir/tools/toolbox.cpp.o[0m
[14.702s] [ 43%] [32mBuilding CXX object src/driver/src/CMakeFiles/LDMRS_Example.dir/datatypes/Polygon3D.cpp.o[0m
[14.888s] [ 45%] [32mBuilding CXX object src/driver/src/CMakeFiles/sick_ldmrs.dir/datatypes/Box2D.cpp.o[0m
[15.271s] [ 46%] [32mBuilding CXX object src/driver/src/CMakeFiles/LDMRS_Example.dir/datatypes/Point2D.cpp.o[0m
[15.397s] [ 47%] [32mBuilding CXX object src/driver/src/CMakeFiles/sick_ldmrs.dir/datatypes/Ellipse2D.cpp.o[0m
[15.604s] [ 48%] [32mBuilding CXX object src/driver/src/CMakeFiles/LDMRS_Example.dir/datatypes/Position3D.cpp.o[0m
[15.772s] [ 49%] [32mBuilding CXX object src/driver/src/CMakeFiles/sick_ldmrs.dir/datatypes/Circle2D.cpp.o[0m
[15.993s] [ 50%] [32mBuilding CXX object src/driver/src/CMakeFiles/LDMRS_Example.dir/datatypes/Circle2D.cpp.o[0m
[16.049s] [ 50%] [32mBuilding CXX object src/driver/src/CMakeFiles/sick_ldmrs.dir/datatypes/PositionWGS84.cpp.o[0m
[16.287s] [ 51%] [32mBuilding CXX object src/driver/src/CMakeFiles/LDMRS_Example.dir/datatypes/Ellipse2D.cpp.o[0m
[16.549s] [ 52%] [32mBuilding CXX object src/driver/src/CMakeFiles/sick_ldmrs.dir/tools/MathToolbox.cpp.o[0m
[16.673s] [ 52%] [32mBuilding CXX object src/driver/src/CMakeFiles/LDMRS_Example.dir/datatypes/Line2D.cpp.o[0m
[16.745s] [ 53%] [32mBuilding CXX object src/driver/src/CMakeFiles/sick_ldmrs.dir/datatypes/Position3D.cpp.o[0m
[17.118s] [ 54%] [32mBuilding CXX object src/driver/src/CMakeFiles/LDMRS_Example.dir/datatypes/Msg.cpp.o[0m
[17.147s] [ 56%] [32mBuilding CXX object src/driver/src/CMakeFiles/sick_ldmrs.dir/tools/BasicDataBuffer.cpp.o[0m
[17.379s] [ 57%] [32mBuilding CXX object src/driver/src/CMakeFiles/LDMRS_Example.dir/datatypes/ScanPoint.cpp.o[0m
[17.392s] [ 58%] [32mBuilding CXX object src/driver/src/CMakeFiles/sick_ldmrs.dir/tools/Timer.cpp.o[0m
[17.579s] [ 59%] [32mBuilding CXX object src/driver/src/CMakeFiles/sick_ldmrs.dir/datatypes/Point3D.cpp.o[0m
[17.804s] [ 60%] [32mBuilding CXX object src/driver/src/CMakeFiles/LDMRS_Example.dir/datatypes/ScannerInfo.cpp.o[0m
[17.956s] [ 60%] [32mBuilding CXX object src/driver/src/CMakeFiles/sick_ldmrs.dir/tools/WatchdogTimer.cpp.o[0m
[18.117s] [ 61%] [32mBuilding CXX object src/driver/src/CMakeFiles/LDMRS_Example.dir/datatypes/Object.cpp.o[0m
[18.132s] [ 62%] [32mBuilding CXX object src/driver/src/CMakeFiles/sick_ldmrs.dir/manager.cpp.o[0m
[18.927s] [ 63%] [32mBuilding CXX object src/driver/src/CMakeFiles/LDMRS_Example.dir/interfaces/tcp.cpp.o[0m
[19.041s] [ 64%] [32mBuilding CXX object src/driver/src/CMakeFiles/sick_ldmrs.dir/main.cpp.o[0m
[19.344s] [ 64%] [32mBuilding CXX object src/driver/src/CMakeFiles/LDMRS_Example.dir/interfaces/file.cpp.o[0m
[19.488s] [ 65%] [32mBuilding CXX object src/driver/src/CMakeFiles/sick_ldmrs.dir/tools/Time.cpp.o[0m
[19.716s] [ 67%] [32mBuilding CXX object src/driver/src/CMakeFiles/LDMRS_Example.dir/tools/SickThread.cpp.o[0m
[19.738s] [ 68%] [32mBuilding CXX object src/driver/src/CMakeFiles/sick_ldmrs.dir/datatypes/Measurement.cpp.o[0m
[19.886s] [ 69%] [32mBuilding CXX object src/driver/src/CMakeFiles/LDMRS_Example.dir/tools/toolbox.cpp.o[0m
[19.954s] [ 70%] [32mBuilding CXX object src/driver/src/CMakeFiles/sick_ldmrs.dir/sopas/colab.cpp.o[0m
[20.182s] [ 71%] [32mBuilding CXX object src/driver/src/CMakeFiles/sick_ldmrs.dir/sopas/colaa.cpp.o[0m
[20.577s] [ 72%] [32m[1mLinking CXX shared library libsick_ldmrs.so[0m
[20.583s] [ 73%] [32mBuilding CXX object src/driver/src/CMakeFiles/LDMRS_Example.dir/tools/Timer.cpp.o[0m
[20.763s] [ 73%] Built target sick_ldmrs
[20.788s] [ 74%] [32mBuilding CXX object src/driver/src/CMakeFiles/LDMRS_Example.dir/tools/WatchdogTimer.cpp.o[0m
[20.977s] [ 75%] [32mBuilding CXX object src/driver/src/CMakeFiles/LDMRS_Example.dir/manager.cpp.o[0m
[21.882s] [ 76%] [32mBuilding CXX object src/driver/src/CMakeFiles/LDMRS_Example.dir/main.cpp.o[0m
[22.301s] [ 78%] [32mBuilding CXX object src/driver/src/CMakeFiles/LDMRS_Example.dir/tools/Time.cpp.o[0m
[22.545s] [ 78%] [32mBuilding CXX object src/driver/src/CMakeFiles/LDMRS_Example.dir/tools/BasicDataBuffer.cpp.o[0m
[22.763s] [ 79%] [32mBuilding CXX object src/driver/src/CMakeFiles/LDMRS_Example.dir/tools/MathToolbox.cpp.o[0m
[22.960s] [ 80%] [32mBuilding CXX object src/driver/src/CMakeFiles/LDMRS_Example.dir/tools/Mutex.cpp.o[0m
[23.134s] [ 81%] [32mBuilding CXX object src/driver/src/CMakeFiles/LDMRS_Example.dir/tools/errorhandler.cpp.o[0m
[23.332s] [ 82%] [32mBuilding CXX object src/driver/src/CMakeFiles/LDMRS_Example.dir/datatypes/Scan.cpp.o[0m
[24.186s] [ 83%] [32mBuilding CXX object src/driver/src/CMakeFiles/LDMRS_Example.dir/datatypes/Box2D.cpp.o[0m
[24.690s] [ 84%] [32mBuilding CXX object src/driver/src/CMakeFiles/LDMRS_Example.dir/datatypes/PositionWGS84.cpp.o[0m
[25.270s] [ 84%] [32mBuilding CXX object src/driver/src/CMakeFiles/LDMRS_Example.dir/datatypes/Point3D.cpp.o[0m
[25.647s] [ 85%] [32mBuilding CXX object src/driver/src/CMakeFiles/LDMRS_Example.dir/datatypes/Trigger.cpp.o[0m
[25.934s] [ 86%] [32mBuilding CXX object src/driver/src/CMakeFiles/LDMRS_Example.dir/datatypes/EvalCaseResults.cpp.o[0m
[26.261s] [ 86%] [32mBuilding CXX object src/driver/src/CMakeFiles/LDMRS_Example.dir/datatypes/EvalCases.cpp.o[0m
[26.469s] [ 87%] [32mBuilding CXX object src/driver/src/CMakeFiles/LDMRS_Example.dir/datatypes/EvalCase.cpp.o[0m
[26.712s] [ 89%] [32mBuilding CXX object src/driver/src/CMakeFiles/LDMRS_Example.dir/datatypes/Fields.cpp.o[0m
[27.204s] [ 90%] [32mBuilding CXX object src/driver/src/CMakeFiles/LDMRS_Example.dir/sopas/SopasBase.cpp.o[0m
[28.899s] [ 91%] [32mBuilding CXX object src/driver/src/CMakeFiles/LDMRS_Example.dir/devices/LuxBase.cpp.o[0m
[30.592s] [ 92%] [32mBuilding CXX object src/driver/src/CMakeFiles/LDMRS_Example.dir/devices/LD_MRS.cpp.o[0m
[31.367s] [ 92%] [32mBuilding CXX object src/driver/src/CMakeFiles/LDMRS_Example.dir/devices/BasicDevice.cpp.o[0m
[31.574s] [ 93%] [32mBuilding CXX object src/driver/src/CMakeFiles/LDMRS_Example.dir/application/BasicApplication.cpp.o[0m
[31.777s] [ 94%] [32mBuilding CXX object src/driver/src/CMakeFiles/LDMRS_Example.dir/application/LdmrsScanpointCoordinateApp.cpp.o[0m
[32.360s] [ 95%] [32mBuilding CXX object src/driver/src/CMakeFiles/LDMRS_Example.dir/application/LdmrsNtpTimeApp.cpp.o[0m
[32.876s] [ 96%] [32mBuilding CXX object src/driver/src/CMakeFiles/LDMRS_Example.dir/application/LdmrsSectorChangeApp.cpp.o[0m
[33.678s] [ 97%] [32m[1mLinking CXX executable LDMRS_Example[0m
[33.835s] [ 97%] Built target LDMRS_Example
[33.849s] [35m[1mScanning dependencies of target sick_ldmrs_node[0m
[33.928s] [ 98%] [32mBuilding CXX object CMakeFiles/sick_ldmrs_node.dir/src/sick_ldmrs_node.cpp.o[0m
[45.938s] [100%] [32m[1mLinking CXX executable devel/lib/sick_ldmrs_driver/sick_ldmrs_node[0m
[46.320s] [100%] Built target sick_ldmrs_node
[46.339s] Invoked command in '/home/point001/autoware.ai/build/sick_ldmrs_driver' returned '0': CMAKE_PREFIX_PATH=/home/point001/autoware.ai/install/sick_ldmrs_msgs:/home/point001/autoware.ai/install/sick_ldmrs_description:${CMAKE_PREFIX_PATH} PKG_CONFIG_PATH=/home/point001/autoware.ai/install/sick_ldmrs_msgs/lib/x86_64-linux-gnu/pkgconfig:/home/point001/autoware.ai/install/sick_ldmrs_msgs/lib/pkgconfig:/home/point001/autoware.ai/install/sick_ldmrs_description/lib/x86_64-linux-gnu/pkgconfig:/home/point001/autoware.ai/install/sick_ldmrs_description/lib/pkgconfig:${PKG_CONFIG_PATH} PYTHONPATH=/home/point001/autoware.ai/install/sick_ldmrs_msgs/lib/python2.7/dist-packages:${PYTHONPATH} ROS_PACKAGE_PATH=/home/point001/autoware.ai/install/sick_ldmrs_msgs/share:/home/point001/autoware.ai/install/sick_ldmrs_description/share:${ROS_PACKAGE_PATH} /usr/bin/cmake --build /home/point001/autoware.ai/build/sick_ldmrs_driver -- -j24 -l24
[46.468s] Invoking command in '/home/point001/autoware.ai/build/sick_ldmrs_driver': CMAKE_PREFIX_PATH=/home/point001/autoware.ai/install/sick_ldmrs_msgs:/home/point001/autoware.ai/install/sick_ldmrs_description:${CMAKE_PREFIX_PATH} PKG_CONFIG_PATH=/home/point001/autoware.ai/install/sick_ldmrs_msgs/lib/x86_64-linux-gnu/pkgconfig:/home/point001/autoware.ai/install/sick_ldmrs_msgs/lib/pkgconfig:/home/point001/autoware.ai/install/sick_ldmrs_description/lib/x86_64-linux-gnu/pkgconfig:/home/point001/autoware.ai/install/sick_ldmrs_description/lib/pkgconfig:${PKG_CONFIG_PATH} PYTHONPATH=/home/point001/autoware.ai/install/sick_ldmrs_msgs/lib/python2.7/dist-packages:${PYTHONPATH} ROS_PACKAGE_PATH=/home/point001/autoware.ai/install/sick_ldmrs_msgs/share:/home/point001/autoware.ai/install/sick_ldmrs_description/share:${ROS_PACKAGE_PATH} /usr/bin/cmake --build /home/point001/autoware.ai/build/sick_ldmrs_driver --target tests -- -j24 -l24
[46.535s] [35m[1mScanning dependencies of target tests[0m
[46.555s] Built target tests
[46.572s] Invoked command in '/home/point001/autoware.ai/build/sick_ldmrs_driver' returned '0': CMAKE_PREFIX_PATH=/home/point001/autoware.ai/install/sick_ldmrs_msgs:/home/point001/autoware.ai/install/sick_ldmrs_description:${CMAKE_PREFIX_PATH} PKG_CONFIG_PATH=/home/point001/autoware.ai/install/sick_ldmrs_msgs/lib/x86_64-linux-gnu/pkgconfig:/home/point001/autoware.ai/install/sick_ldmrs_msgs/lib/pkgconfig:/home/point001/autoware.ai/install/sick_ldmrs_description/lib/x86_64-linux-gnu/pkgconfig:/home/point001/autoware.ai/install/sick_ldmrs_description/lib/pkgconfig:${PKG_CONFIG_PATH} PYTHONPATH=/home/point001/autoware.ai/install/sick_ldmrs_msgs/lib/python2.7/dist-packages:${PYTHONPATH} ROS_PACKAGE_PATH=/home/point001/autoware.ai/install/sick_ldmrs_msgs/share:/home/point001/autoware.ai/install/sick_ldmrs_description/share:${ROS_PACKAGE_PATH} /usr/bin/cmake --build /home/point001/autoware.ai/build/sick_ldmrs_driver --target tests -- -j24 -l24
[46.693s] Invoking command in '/home/point001/autoware.ai/build/sick_ldmrs_driver': CMAKE_PREFIX_PATH=/home/point001/autoware.ai/install/sick_ldmrs_msgs:/home/point001/autoware.ai/install/sick_ldmrs_description:${CMAKE_PREFIX_PATH} PKG_CONFIG_PATH=/home/point001/autoware.ai/install/sick_ldmrs_msgs/lib/x86_64-linux-gnu/pkgconfig:/home/point001/autoware.ai/install/sick_ldmrs_msgs/lib/pkgconfig:/home/point001/autoware.ai/install/sick_ldmrs_description/lib/x86_64-linux-gnu/pkgconfig:/home/point001/autoware.ai/install/sick_ldmrs_description/lib/pkgconfig:${PKG_CONFIG_PATH} PYTHONPATH=/home/point001/autoware.ai/install/sick_ldmrs_msgs/lib/python2.7/dist-packages:${PYTHONPATH} ROS_PACKAGE_PATH=/home/point001/autoware.ai/install/sick_ldmrs_msgs/share:/home/point001/autoware.ai/install/sick_ldmrs_description/share:${ROS_PACKAGE_PATH} /usr/bin/cmake --build /home/point001/autoware.ai/build/sick_ldmrs_driver --target install -- -j24 -l24
[46.768s] [  1%] Built target sick_ldmrs_driver_gencfg
[46.792s] [  1%] Built target tf_generate_messages_nodejs
[46.819s] [  1%] Built target pcl_msgs_generate_messages_py
[46.847s] [  1%] Built target diagnostic_msgs_generate_messages_cpp
[46.871s] [  1%] Built target actionlib_generate_messages_eus
[46.897s] [  1%] Built target geometry_msgs_generate_messages_cpp
[46.926s] [  1%] Built target actionlib_generate_messages_lisp
[46.951s] [  1%] Built target pcl_msgs_generate_messages_lisp
[46.973s] [  1%] Built target tf_generate_messages_cpp
[46.998s] [  1%] Built target actionlib_generate_messages_nodejs
[47.026s] [  1%] Built target tf2_msgs_generate_messages_py
[47.053s] [  1%] Built target sick_ldmrs_msgs_generate_messages_py
[47.077s] [  1%] Built target actionlib_generate_messages_py
[47.102s] [  1%] Built target tf_generate_messages_eus
[47.126s] [  1%] Built target actionlib_msgs_generate_messages_cpp
[47.150s] [  1%] Built target roscpp_generate_messages_eus
[47.176s] [  1%] Built target rosgraph_msgs_generate_messages_py
[47.204s] [  1%] Built target actionlib_msgs_generate_messages_eus
[47.226s] [  1%] Built target actionlib_msgs_generate_messages_py
[47.250s] [  1%] Built target tf2_msgs_generate_messages_cpp
[47.276s] [  1%] Built target tf2_msgs_generate_messages_eus
[47.299s] [  1%] Built target tf2_msgs_generate_messages_nodejs
[47.323s] [  1%] Built target std_msgs_generate_messages_eus
[47.349s] [  1%] Built target actionlib_msgs_generate_messages_lisp
[47.376s] [  1%] Built target diagnostic_msgs_generate_messages_eus
[47.399s] [  1%] Built target diagnostic_msgs_generate_messages_lisp
[47.421s] [  1%] Built target dynamic_reconfigure_generate_messages_eus
[47.443s] [  1%] Built target sick_ldmrs_msgs_generate_messages_nodejs
[47.467s] [  1%] Built target diagnostic_msgs_generate_messages_py
[47.488s] [  1%] Built target roscpp_generate_messages_nodejs
[47.512s] [  1%] Built target std_msgs_generate_messages_lisp
[47.538s] [  1%] Built target std_msgs_generate_messages_nodejs
[47.560s] [  1%] Built target sick_ldmrs_msgs_generate_messages_eus
[47.587s] [  1%] Built target std_msgs_generate_messages_py
[47.621s] [  1%] Built target geometry_msgs_generate_messages_nodejs
[47.646s] [  1%] Built target sensor_msgs_generate_messages_nodejs
[47.670s] [  1%] Built target actionlib_generate_messages_cpp
[47.703s] [  1%] Built target sensor_msgs_generate_messages_cpp
[47.731s] [  1%] Built target roscpp_generate_messages_cpp
[47.758s] [  1%] Built target sensor_msgs_generate_messages_eus
[47.785s] [  1%] Built target sensor_msgs_generate_messages_py
[47.808s] [  1%] Built target dynamic_reconfigure_generate_messages_cpp
[47.834s] [  1%] Built target tf_generate_messages_py
[47.861s] [  1%] Built target geometry_msgs_generate_messages_lisp
[47.883s] [  1%] Built target geometry_msgs_generate_messages_py
[47.906s] [  1%] Built target sick_ldmrs_msgs_generate_messages_cpp
[47.942s] [ 49%] Built target LDMRS_Example
[47.967s] [ 49%] Built target tf_generate_messages_lisp
[47.992s] [ 49%] Built target tf2_msgs_generate_messages_lisp
[48.030s] [ 97%] Built target sick_ldmrs
[48.057s] [ 97%] Built target rosgraph_msgs_generate_messages_nodejs
[48.082s] [ 97%] Built target actionlib_msgs_generate_messages_nodejs
[48.110s] [ 97%] Built target std_msgs_generate_messages_cpp
[48.137s] [ 97%] Built target sensor_msgs_generate_messages_lisp
[48.166s] [ 97%] Built target pcl_msgs_generate_messages_nodejs
[48.189s] [ 97%] Built target geometry_msgs_generate_messages_eus
[48.214s] [ 97%] Built target roscpp_generate_messages_lisp
[48.238s] [ 97%] Built target roscpp_generate_messages_py
[48.262s] [ 97%] Built target rosgraph_msgs_generate_messages_cpp
[48.281s] [ 97%] Built target dynamic_reconfigure_generate_messages_nodejs
[48.312s] [ 97%] Built target rosgraph_msgs_generate_messages_eus
[48.336s] [ 97%] Built target rosgraph_msgs_generate_messages_lisp
[48.362s] [ 97%] Built target diagnostic_msgs_generate_messages_nodejs
[48.389s] [ 97%] Built target dynamic_reconfigure_generate_messages_py
[48.416s] [ 97%] Built target dynamic_reconfigure_generate_messages_lisp
[48.441s] [ 97%] Built target pcl_msgs_generate_messages_cpp
[48.467s] [ 97%] Built target pcl_msgs_generate_messages_eus
[48.497s] [ 97%] Built target sick_ldmrs_msgs_generate_messages_lisp
[48.518s] [ 97%] Built target dynamic_reconfigure_gencfg
[48.561s] [100%] Built target sick_ldmrs_node
[48.587s] [36mInstall the project...[0m
[48.596s] -- Install configuration: "Release"
[48.597s] -- Installing: /home/point001/autoware.ai/install/sick_ldmrs_driver/include/sick_ldmrs_driver/SickLDMRSDriverConfig.h
[48.597s] -- Installing: /home/point001/autoware.ai/install/sick_ldmrs_driver/lib/python2.7/dist-packages/sick_ldmrs_driver/__init__.py
[48.609s] Listing /home/point001/autoware.ai/build/sick_ldmrs_driver/devel/lib/python2.7/dist-packages/sick_ldmrs_driver/cfg ...
[48.609s] Compiling /home/point001/autoware.ai/build/sick_ldmrs_driver/devel/lib/python2.7/dist-packages/sick_ldmrs_driver/cfg/SickLDMRSDriverConfig.py ...
[48.610s] Compiling /home/point001/autoware.ai/build/sick_ldmrs_driver/devel/lib/python2.7/dist-packages/sick_ldmrs_driver/cfg/__init__.py ...
[48.611s] -- Installing: /home/point001/autoware.ai/install/sick_ldmrs_driver/lib/python2.7/dist-packages/sick_ldmrs_driver/cfg
[48.611s] -- Installing: /home/point001/autoware.ai/install/sick_ldmrs_driver/lib/python2.7/dist-packages/sick_ldmrs_driver/cfg/__init__.py
[48.611s] -- Installing: /home/point001/autoware.ai/install/sick_ldmrs_driver/lib/python2.7/dist-packages/sick_ldmrs_driver/cfg/__init__.pyc
[48.612s] -- Installing: /home/point001/autoware.ai/install/sick_ldmrs_driver/lib/python2.7/dist-packages/sick_ldmrs_driver/cfg/SickLDMRSDriverConfig.py
[48.612s] -- Installing: /home/point001/autoware.ai/install/sick_ldmrs_driver/lib/python2.7/dist-packages/sick_ldmrs_driver/cfg/SickLDMRSDriverConfig.pyc
[48.612s] -- Installing: /home/point001/autoware.ai/install/sick_ldmrs_driver/lib/pkgconfig/sick_ldmrs_driver.pc
[48.612s] -- Installing: /home/point001/autoware.ai/install/sick_ldmrs_driver/share/sick_ldmrs_driver/cmake/sick_ldmrs_driverConfig.cmake
[48.612s] -- Installing: /home/point001/autoware.ai/install/sick_ldmrs_driver/share/sick_ldmrs_driver/cmake/sick_ldmrs_driverConfig-version.cmake
[48.612s] -- Installing: /home/point001/autoware.ai/install/sick_ldmrs_driver/share/sick_ldmrs_driver/package.xml
[48.612s] -- Up-to-date: /home/point001/autoware.ai/install/sick_ldmrs_driver/include/sick_ldmrs_driver
[48.612s] -- Installing: /home/point001/autoware.ai/install/sick_ldmrs_driver/include/sick_ldmrs_driver/sick_ldmrs_node.hpp
[48.613s] -- Installing: /home/point001/autoware.ai/install/sick_ldmrs_driver/lib/sick_ldmrs_driver/sick_ldmrs_node
[48.613s] -- Set runtime path of "/home/point001/autoware.ai/install/sick_ldmrs_driver/lib/sick_ldmrs_driver/sick_ldmrs_node" to ""
[48.613s] -- Installing: /home/point001/autoware.ai/install/sick_ldmrs_driver/share/sick_ldmrs_driver/config
[48.613s] -- Installing: /home/point001/autoware.ai/install/sick_ldmrs_driver/share/sick_ldmrs_driver/config/analyzers.yaml
[48.614s] -- Installing: /home/point001/autoware.ai/install/sick_ldmrs_driver/share/sick_ldmrs_driver/launch
[48.614s] -- Installing: /home/point001/autoware.ai/install/sick_ldmrs_driver/share/sick_ldmrs_driver/launch/sick_ldmrs_node.launch
[48.614s] -- Installing: /home/point001/autoware.ai/install/sick_ldmrs_driver/share/sick_ldmrs_driver/launch/sick_ldmrs_node_with_aggregator.launch
[48.614s] -- Installing: /home/point001/autoware.ai/install/sick_ldmrs_driver/share/sick_ldmrs_driver/launch/sick_ldmrs.launch
[48.614s] -- Installing: /home/point001/autoware.ai/install/sick_ldmrs_driver/lib/cmake/SickLDMRS/SickLDMRSConfig.cmake
[48.614s] -- Installing: /home/point001/autoware.ai/install/sick_ldmrs_driver/lib/cmake/SickLDMRS/SickLDMRSConfigVersion.cmake
[48.615s] -- Installing: /home/point001/autoware.ai/install/sick_ldmrs_driver/lib/cmake/SickLDMRS/SickLDMRSTargets.cmake
[48.615s] -- Installing: /home/point001/autoware.ai/install/sick_ldmrs_driver/lib/cmake/SickLDMRS/SickLDMRSTargets-release.cmake
[48.615s] -- Installing: /home/point001/autoware.ai/install/sick_ldmrs_driver/share/sick_ldmrs/package.xml
[48.615s] -- Installing: /home/point001/autoware.ai/install/sick_ldmrs_driver/bin/LDMRS_Example
[48.616s] -- Installing: /home/point001/autoware.ai/install/sick_ldmrs_driver/lib/libsick_ldmrs.so.0.1.0
[48.617s] -- Installing: /home/point001/autoware.ai/install/sick_ldmrs_driver/lib/libsick_ldmrs.so.0
[48.618s] -- Installing: /home/point001/autoware.ai/install/sick_ldmrs_driver/lib/libsick_ldmrs.so
[48.618s] -- Installing: /home/point001/autoware.ai/install/sick_ldmrs_driver/include/sick_ldmrs/.
[48.618s] -- Installing: /home/point001/autoware.ai/install/sick_ldmrs_driver/include/sick_ldmrs/./manager.hpp
[48.618s] -- Installing: /home/point001/autoware.ai/install/sick_ldmrs_driver/include/sick_ldmrs/./application
[48.618s] -- Installing: /home/point001/autoware.ai/install/sick_ldmrs_driver/include/sick_ldmrs/./application/LdmrsFieldApp.hpp
[48.618s] -- Installing: /home/point001/autoware.ai/install/sick_ldmrs_driver/include/sick_ldmrs/./application/LdmrsSectorChangeApp.hpp
[48.618s] -- Installing: /home/point001/autoware.ai/install/sick_ldmrs_driver/include/sick_ldmrs/./application/BasicApplication.hpp
[48.618s] -- Installing: /home/point001/autoware.ai/install/sick_ldmrs_driver/include/sick_ldmrs/./application/LdmrsNtpTimeApp.hpp
[48.618s] -- Installing: /home/point001/autoware.ai/install/sick_ldmrs_driver/include/sick_ldmrs/./application/LdmrsScanpointCoordinateApp.hpp
[48.618s] -- Installing: /home/point001/autoware.ai/install/sick_ldmrs_driver/include/sick_ldmrs/./application/LdmrsApp.hpp
[48.619s] -- Installing: /home/point001/autoware.ai/install/sick_ldmrs_driver/include/sick_ldmrs/./datatypes
[48.619s] -- Installing: /home/point001/autoware.ai/install/sick_ldmrs_driver/include/sick_ldmrs/./datatypes/Fields.hpp
[48.619s] -- Installing: /home/point001/autoware.ai/install/sick_ldmrs_driver/include/sick_ldmrs/./datatypes/ScanPoint.hpp
[48.619s] -- Installing: /home/point001/autoware.ai/install/sick_ldmrs_driver/include/sick_ldmrs/./datatypes/Scan.hpp
[48.619s] -- Installing: /home/point001/autoware.ai/install/sick_ldmrs_driver/include/sick_ldmrs/./datatypes/FieldDescription.hpp
[48.619s] -- Installing: /home/point001/autoware.ai/install/sick_ldmrs_driver/include/sick_ldmrs/./datatypes/PositionWGS84.hpp
[48.619s] -- Installing: /home/point001/autoware.ai/install/sick_ldmrs_driver/include/sick_ldmrs/./datatypes/Point2D.hpp
[48.619s] -- Installing: /home/point001/autoware.ai/install/sick_ldmrs_driver/include/sick_ldmrs/./datatypes/EvalCaseResults.hpp
[48.619s] -- Installing: /home/point001/autoware.ai/install/sick_ldmrs_driver/include/sick_ldmrs/./datatypes/SensorStateInfo.hpp
[48.619s] -- Installing: /home/point001/autoware.ai/install/sick_ldmrs_driver/include/sick_ldmrs/./datatypes/Point3D.hpp
[48.619s] -- Installing: /home/point001/autoware.ai/install/sick_ldmrs_driver/include/sick_ldmrs/./datatypes/Msg.hpp
[48.619s] -- Installing: /home/point001/autoware.ai/install/sick_ldmrs_driver/include/sick_ldmrs/./datatypes/Circle2D.hpp
[48.620s] -- Installing: /home/point001/autoware.ai/install/sick_ldmrs_driver/include/sick_ldmrs/./datatypes/Trigger.hpp
[48.620s] -- Installing: /home/point001/autoware.ai/install/sick_ldmrs_driver/include/sick_ldmrs/./datatypes/Line2D.hpp
[48.620s] -- Installing: /home/point001/autoware.ai/install/sick_ldmrs_driver/include/sick_ldmrs/./datatypes/FieldParameter.hpp
[48.620s] -- Installing: /home/point001/autoware.ai/install/sick_ldmrs_driver/include/sick_ldmrs/./datatypes/Polygon3D.hpp
[48.620s] -- Installing: /home/point001/autoware.ai/install/sick_ldmrs_driver/include/sick_ldmrs/./datatypes/Box2D.hpp
[48.620s] -- Installing: /home/point001/autoware.ai/install/sick_ldmrs_driver/include/sick_ldmrs/./datatypes/Position3D.hpp
[48.620s] -- Installing: /home/point001/autoware.ai/install/sick_ldmrs_driver/include/sick_ldmrs/./datatypes/Ellipse2D.hpp
[48.620s] -- Installing: /home/point001/autoware.ai/install/sick_ldmrs_driver/include/sick_ldmrs/./datatypes/EvalCase.hpp
[48.620s] -- Installing: /home/point001/autoware.ai/install/sick_ldmrs_driver/include/sick_ldmrs/./datatypes/Object.hpp
[48.620s] -- Installing: /home/point001/autoware.ai/install/sick_ldmrs_driver/include/sick_ldmrs/./datatypes/Polygon2D.hpp
[48.620s] -- Installing: /home/point001/autoware.ai/install/sick_ldmrs_driver/include/sick_ldmrs/./datatypes/EvalCaseResult.hpp
[48.621s] -- Installing: /home/point001/autoware.ai/install/sick_ldmrs_driver/include/sick_ldmrs/./datatypes/EvalCases.hpp
[48.621s] -- Installing: /home/point001/autoware.ai/install/sick_ldmrs_driver/include/sick_ldmrs/./datatypes/ScannerInfo.hpp
[48.621s] -- Installing: /home/point001/autoware.ai/install/sick_ldmrs_driver/include/sick_ldmrs/./datatypes/Measurement.hpp
[48.621s] -- Installing: /home/point001/autoware.ai/install/sick_ldmrs_driver/include/sick_ldmrs/./BasicDatatypes.hpp
[48.621s] -- Installing: /home/point001/autoware.ai/install/sick_ldmrs_driver/include/sick_ldmrs/./tools
[48.621s] -- Installing: /home/point001/autoware.ai/install/sick_ldmrs_driver/include/sick_ldmrs/./tools/MathToolbox.hpp
[48.621s] -- Installing: /home/point001/autoware.ai/install/sick_ldmrs_driver/include/sick_ldmrs/./tools/errorhandler.hpp
[48.621s] -- Installing: /home/point001/autoware.ai/install/sick_ldmrs_driver/include/sick_ldmrs/./tools/Time.hpp
[48.621s] -- Installing: /home/point001/autoware.ai/install/sick_ldmrs_driver/include/sick_ldmrs/./tools/SickThread.hpp
[48.621s] -- Installing: /home/point001/autoware.ai/install/sick_ldmrs_driver/include/sick_ldmrs/./tools/BasicDataBuffer.hpp
[48.621s] -- Installing: /home/point001/autoware.ai/install/sick_ldmrs_driver/include/sick_ldmrs/./tools/Timer.hpp
[48.621s] -- Installing: /home/point001/autoware.ai/install/sick_ldmrs_driver/include/sick_ldmrs/./tools/toolbox.hpp
[48.622s] -- Installing: /home/point001/autoware.ai/install/sick_ldmrs_driver/include/sick_ldmrs/./tools/WatchdogTimer.hpp
[48.622s] -- Installing: /home/point001/autoware.ai/install/sick_ldmrs_driver/include/sick_ldmrs/./tools/Mutex.hpp
[48.622s] -- Installing: /home/point001/autoware.ai/install/sick_ldmrs_driver/include/sick_ldmrs/./sopas
[48.622s] -- Installing: /home/point001/autoware.ai/install/sick_ldmrs_driver/include/sick_ldmrs/./sopas/colaa.hpp
[48.622s] -- Installing: /home/point001/autoware.ai/install/sick_ldmrs_driver/include/sick_ldmrs/./sopas/LdmrsSopasLayer.hpp
[48.622s] -- Installing: /home/point001/autoware.ai/install/sick_ldmrs_driver/include/sick_ldmrs/./sopas/colab.hpp
[48.622s] -- Installing: /home/point001/autoware.ai/install/sick_ldmrs_driver/include/sick_ldmrs/./sopas/SopasBase.hpp
[48.622s] -- Installing: /home/point001/autoware.ai/install/sick_ldmrs_driver/include/sick_ldmrs/./interfaces
[48.622s] -- Installing: /home/point001/autoware.ai/install/sick_ldmrs_driver/include/sick_ldmrs/./interfaces/tcp.hpp
[48.622s] -- Installing: /home/point001/autoware.ai/install/sick_ldmrs_driver/include/sick_ldmrs/./interfaces/file.hpp
[48.622s] -- Installing: /home/point001/autoware.ai/install/sick_ldmrs_driver/include/sick_ldmrs/./devices
[48.623s] -- Installing: /home/point001/autoware.ai/install/sick_ldmrs_driver/include/sick_ldmrs/./devices/LuxBase.hpp
[48.623s] -- Installing: /home/point001/autoware.ai/install/sick_ldmrs_driver/include/sick_ldmrs/./devices/BasicDevice.hpp
[48.623s] -- Installing: /home/point001/autoware.ai/install/sick_ldmrs_driver/include/sick_ldmrs/./devices/LD_MRS.hpp
[48.629s] Invoked command in '/home/point001/autoware.ai/build/sick_ldmrs_driver' returned '0': CMAKE_PREFIX_PATH=/home/point001/autoware.ai/install/sick_ldmrs_msgs:/home/point001/autoware.ai/install/sick_ldmrs_description:${CMAKE_PREFIX_PATH} PKG_CONFIG_PATH=/home/point001/autoware.ai/install/sick_ldmrs_msgs/lib/x86_64-linux-gnu/pkgconfig:/home/point001/autoware.ai/install/sick_ldmrs_msgs/lib/pkgconfig:/home/point001/autoware.ai/install/sick_ldmrs_description/lib/x86_64-linux-gnu/pkgconfig:/home/point001/autoware.ai/install/sick_ldmrs_description/lib/pkgconfig:${PKG_CONFIG_PATH} PYTHONPATH=/home/point001/autoware.ai/install/sick_ldmrs_msgs/lib/python2.7/dist-packages:${PYTHONPATH} ROS_PACKAGE_PATH=/home/point001/autoware.ai/install/sick_ldmrs_msgs/share:/home/point001/autoware.ai/install/sick_ldmrs_description/share:${ROS_PACKAGE_PATH} /usr/bin/cmake --build /home/point001/autoware.ai/build/sick_ldmrs_driver --target install -- -j24 -l24
