[0.322s] Invoking command in '/home/point001/autoware.ai/build/image_processor': CMAKE_PREFIX_PATH=/home/point001/autoware.ai/install/autoware_build_flags:${CMAKE_PREFIX_PATH} PKG_CONFIG_PATH=/home/point001/autoware.ai/install/autoware_build_flags/lib/x86_64-linux-gnu/pkgconfig:/home/point001/autoware.ai/install/autoware_build_flags/lib/pkgconfig:${PKG_CONFIG_PATH} ROS_PACKAGE_PATH=/home/point001/autoware.ai/install/autoware_build_flags/share:${ROS_PACKAGE_PATH} /usr/bin/cmake --build /home/point001/autoware.ai/build/image_processor -- -j24 -l24
[0.382s] [ 50%] Built target image_rectifier
[0.383s] [100%] Built target image_rotator
[0.564s] Invoked command in '/home/point001/autoware.ai/build/image_processor' returned '0': CMAKE_PREFIX_PATH=/home/point001/autoware.ai/install/autoware_build_flags:${CMAKE_PREFIX_PATH} PKG_CONFIG_PATH=/home/point001/autoware.ai/install/autoware_build_flags/lib/x86_64-linux-gnu/pkgconfig:/home/point001/autoware.ai/install/autoware_build_flags/lib/pkgconfig:${PKG_CONFIG_PATH} ROS_PACKAGE_PATH=/home/point001/autoware.ai/install/autoware_build_flags/share:${ROS_PACKAGE_PATH} /usr/bin/cmake --build /home/point001/autoware.ai/build/image_processor -- -j24 -l24
[1.089s] Invoking command in '/home/point001/autoware.ai/build/image_processor': CMAKE_PREFIX_PATH=/home/point001/autoware.ai/install/autoware_build_flags:${CMAKE_PREFIX_PATH} PKG_CONFIG_PATH=/home/point001/autoware.ai/install/autoware_build_flags/lib/x86_64-linux-gnu/pkgconfig:/home/point001/autoware.ai/install/autoware_build_flags/lib/pkgconfig:${PKG_CONFIG_PATH} ROS_PACKAGE_PATH=/home/point001/autoware.ai/install/autoware_build_flags/share:${ROS_PACKAGE_PATH} /usr/bin/cmake --build /home/point001/autoware.ai/build/image_processor --target tests -- -j24 -l24
[1.250s] Built target tests
[1.294s] Invoked command in '/home/point001/autoware.ai/build/image_processor' returned '0': CMAKE_PREFIX_PATH=/home/point001/autoware.ai/install/autoware_build_flags:${CMAKE_PREFIX_PATH} PKG_CONFIG_PATH=/home/point001/autoware.ai/install/autoware_build_flags/lib/x86_64-linux-gnu/pkgconfig:/home/point001/autoware.ai/install/autoware_build_flags/lib/pkgconfig:${PKG_CONFIG_PATH} ROS_PACKAGE_PATH=/home/point001/autoware.ai/install/autoware_build_flags/share:${ROS_PACKAGE_PATH} /usr/bin/cmake --build /home/point001/autoware.ai/build/image_processor --target tests -- -j24 -l24
[1.522s] Invoking command in '/home/point001/autoware.ai/build/image_processor': CMAKE_PREFIX_PATH=/home/point001/autoware.ai/install/autoware_build_flags:${CMAKE_PREFIX_PATH} PKG_CONFIG_PATH=/home/point001/autoware.ai/install/autoware_build_flags/lib/x86_64-linux-gnu/pkgconfig:/home/point001/autoware.ai/install/autoware_build_flags/lib/pkgconfig:${PKG_CONFIG_PATH} ROS_PACKAGE_PATH=/home/point001/autoware.ai/install/autoware_build_flags/share:${ROS_PACKAGE_PATH} /usr/bin/cmake --build /home/point001/autoware.ai/build/image_processor --target install -- -j24 -l24
[1.605s] [ 50%] Built target image_rotator
[1.605s] [100%] Built target image_rectifier
[1.622s] [36mInstall the project...[0m
[1.630s] -- Install configuration: "Release"
[1.630s] -- Up-to-date: /home/point001/autoware.ai/install/image_processor/lib/pkgconfig/image_processor.pc
[1.630s] -- Up-to-date: /home/point001/autoware.ai/install/image_processor/share/image_processor/cmake/image_processorConfig.cmake
[1.630s] -- Up-to-date: /home/point001/autoware.ai/install/image_processor/share/image_processor/cmake/image_processorConfig-version.cmake
[1.631s] -- Up-to-date: /home/point001/autoware.ai/install/image_processor/share/image_processor/package.xml
[1.631s] -- Up-to-date: /home/point001/autoware.ai/install/image_processor/lib/image_processor/image_rotator
[1.631s] -- Up-to-date: /home/point001/autoware.ai/install/image_processor/lib/image_processor/image_rectifier
[1.631s] -- Up-to-date: /home/point001/autoware.ai/install/image_processor/share/image_processor/launch/launch
[1.631s] -- Up-to-date: /home/point001/autoware.ai/install/image_processor/share/image_processor/launch/launch/image_rotator.launch
[1.631s] -- Up-to-date: /home/point001/autoware.ai/install/image_processor/share/image_processor/launch/launch/image_rectifier_ladybug.launch
[1.631s] -- Up-to-date: /home/point001/autoware.ai/install/image_processor/share/image_processor/launch/launch/image_rotator_ladybug.launch
[1.631s] -- Up-to-date: /home/point001/autoware.ai/install/image_processor/share/image_processor/launch/launch/image_rectifier.launch
[1.750s] Invoked command in '/home/point001/autoware.ai/build/image_processor' returned '0': CMAKE_PREFIX_PATH=/home/point001/autoware.ai/install/autoware_build_flags:${CMAKE_PREFIX_PATH} PKG_CONFIG_PATH=/home/point001/autoware.ai/install/autoware_build_flags/lib/x86_64-linux-gnu/pkgconfig:/home/point001/autoware.ai/install/autoware_build_flags/lib/pkgconfig:${PKG_CONFIG_PATH} ROS_PACKAGE_PATH=/home/point001/autoware.ai/install/autoware_build_flags/share:${ROS_PACKAGE_PATH} /usr/bin/cmake --build /home/point001/autoware.ai/build/image_processor --target install -- -j24 -l24
