[0.247s] Invoking command in '/home/point001/autoware.ai/build/ros_observer': /usr/bin/cmake --build /home/point001/autoware.ai/build/ros_observer -- -j24 -l24
[0.599s] [  0%] Built target std_msgs_generate_messages_eus
[0.599s] [  0%] Built target roscpp_generate_messages_lisp
[0.599s] [  0%] Built target rosgraph_msgs_generate_messages_py
[0.599s] [  0%] Built target rosgraph_msgs_generate_messages_lisp
[0.600s] [  0%] Built target roscpp_generate_messages_py
[0.600s] [  0%] Built target rosgraph_msgs_generate_messages_cpp
[0.600s] [  0%] Built target std_msgs_generate_messages_py
[0.600s] [  0%] Built target rosgraph_msgs_generate_messages_nodejs
[0.602s] [  0%] Built target roscpp_generate_messages_eus
[0.612s] [  0%] Built target roscpp_generate_messages_nodejs
[0.634s] [  0%] Built target std_msgs_generate_messages_lisp
[0.674s] [  0%] Built target std_msgs_generate_messages_cpp
[0.680s] [  0%] Built target rosgraph_msgs_generate_messages_eus
[0.680s] [  0%] Built target roscpp_generate_messages_cpp
[0.733s] [  0%] Built target std_msgs_generate_messages_nodejs
[0.962s] [ 50%] Built target ros_observer
[0.967s] [100%] Built target lib_ros_observer
[1.116s] Invoked command in '/home/point001/autoware.ai/build/ros_observer' returned '0': /usr/bin/cmake --build /home/point001/autoware.ai/build/ros_observer -- -j24 -l24
[1.429s] Invoking command in '/home/point001/autoware.ai/build/ros_observer': /usr/bin/cmake --build /home/point001/autoware.ai/build/ros_observer --target tests -- -j24 -l24
[1.540s] [ 33%] Built target gtest
[1.541s] [ 33%] Built target roscpp_generate_messages_cpp
[1.543s] [ 33%] Built target std_msgs_generate_messages_nodejs
[1.543s] [ 33%] Built target rosgraph_msgs_generate_messages_py
[1.544s] [ 33%] Built target roscpp_generate_messages_eus
[1.544s] [ 33%] Built target std_msgs_generate_messages_cpp
[1.545s] [ 33%] Built target rosgraph_msgs_generate_messages_lisp
[1.546s] [ 33%] Built target roscpp_generate_messages_py
[1.547s] [ 33%] Built target roscpp_generate_messages_nodejs
[1.547s] [ 33%] Built target rosgraph_msgs_generate_messages_nodejs
[1.550s] [ 33%] Built target rosgraph_msgs_generate_messages_cpp
[1.550s] [ 33%] Built target roscpp_generate_messages_lisp
[1.556s] [ 33%] Built target std_msgs_generate_messages_py
[1.557s] [ 33%] Built target rosgraph_msgs_generate_messages_eus
[1.561s] [ 33%] Built target std_msgs_generate_messages_lisp
[1.568s] [ 33%] Built target std_msgs_generate_messages_eus
[1.631s] [ 66%] Built target lib_ros_observer
[1.670s] [100%] Built target test_ros_observer
[1.708s] [100%] Built target tests
[1.750s] Invoked command in '/home/point001/autoware.ai/build/ros_observer' returned '0': /usr/bin/cmake --build /home/point001/autoware.ai/build/ros_observer --target tests -- -j24 -l24
[2.223s] Invoking command in '/home/point001/autoware.ai/build/ros_observer': /usr/bin/cmake --build /home/point001/autoware.ai/build/ros_observer --target install -- -j24 -l24
[2.381s] [  0%] Built target std_msgs_generate_messages_nodejs
[2.382s] [  0%] Built target roscpp_generate_messages_lisp
[2.382s] [  0%] Built target rosgraph_msgs_generate_messages_lisp
[2.382s] [  0%] Built target roscpp_generate_messages_nodejs
[2.382s] [  0%] Built target rosgraph_msgs_generate_messages_eus
[2.382s] [  0%] Built target rosgraph_msgs_generate_messages_nodejs
[2.382s] [  0%] Built target std_msgs_generate_messages_lisp
[2.382s] [  0%] Built target roscpp_generate_messages_cpp
[2.382s] [  0%] Built target roscpp_generate_messages_py
[2.382s] [  0%] Built target std_msgs_generate_messages_py
[2.382s] [  0%] Built target roscpp_generate_messages_eus
[2.382s] [  0%] Built target rosgraph_msgs_generate_messages_cpp
[2.383s] [  0%] Built target std_msgs_generate_messages_eus
[2.383s] [  0%] Built target rosgraph_msgs_generate_messages_py
[2.383s] [  0%] Built target std_msgs_generate_messages_cpp
[2.383s] [ 50%] Built target lib_ros_observer
[2.383s] [100%] Built target ros_observer
[2.409s] [36mInstall the project...[0m
[2.421s] -- Install configuration: "Release"
[2.421s] -- Up-to-date: /home/point001/autoware.ai/install/ros_observer/lib/pkgconfig/ros_observer.pc
[2.421s] -- Up-to-date: /home/point001/autoware.ai/install/ros_observer/share/ros_observer/cmake/ros_observerConfig.cmake
[2.421s] -- Up-to-date: /home/point001/autoware.ai/install/ros_observer/share/ros_observer/cmake/ros_observerConfig-version.cmake
[2.421s] -- Up-to-date: /home/point001/autoware.ai/install/ros_observer/share/ros_observer/package.xml
[2.421s] -- Up-to-date: /home/point001/autoware.ai/install/ros_observer/include/ros_observer
[2.421s] -- Up-to-date: /home/point001/autoware.ai/install/ros_observer/include/ros_observer/lib_ros_observer.h
[2.421s] -- Up-to-date: /home/point001/autoware.ai/install/ros_observer/include/ros_observer/ros_observer.h
[2.421s] -- Up-to-date: /home/point001/autoware.ai/install/ros_observer/lib/ros_observer/ros_observer
[2.421s] -- Up-to-date: /home/point001/autoware.ai/install/ros_observer/lib/liblib_ros_observer.so
[2.421s] -- Up-to-date: /home/point001/autoware.ai/install/ros_observer/share/ros_observer/launch
[2.421s] -- Up-to-date: /home/point001/autoware.ai/install/ros_observer/share/ros_observer/launch/test.launch
[2.421s] -- Up-to-date: /home/point001/autoware.ai/install/ros_observer/share/ros_observer/launch/ros_observer.launch
[2.741s] Invoked command in '/home/point001/autoware.ai/build/ros_observer' returned '0': /usr/bin/cmake --build /home/point001/autoware.ai/build/ros_observer --target install -- -j24 -l24
