[0.299s] Invoking command in '/home/point001/autoware.ai/build/state_machine_lib': CMAKE_PREFIX_PATH=/home/point001/autoware.ai/install/autoware_msgs:/home/point001/autoware.ai/install/autoware_build_flags:${CMAKE_PREFIX_PATH} PKG_CONFIG_PATH=/home/point001/autoware.ai/install/autoware_msgs/lib/x86_64-linux-gnu/pkgconfig:/home/point001/autoware.ai/install/autoware_msgs/lib/pkgconfig:/home/point001/autoware.ai/install/autoware_build_flags/lib/x86_64-linux-gnu/pkgconfig:/home/point001/autoware.ai/install/autoware_build_flags/lib/pkgconfig:${PKG_CONFIG_PATH} PYTHONPATH=/home/point001/autoware.ai/install/autoware_msgs/lib/python2.7/dist-packages:${PYTHONPATH} ROS_PACKAGE_PATH=/home/point001/autoware.ai/install/autoware_msgs/share:/home/point001/autoware.ai/install/autoware_build_flags/share:${ROS_PACKAGE_PATH} /usr/bin/cmake --build /home/point001/autoware.ai/build/state_machine_lib -- -j24 -l24
[0.319s] [  0%] Built target jsk_footstep_msgs_generate_messages_cpp
[0.319s] [  0%] Built target roscpp_generate_messages_py
[0.319s] [  0%] Built target jsk_footstep_msgs_generate_messages_lisp
[0.319s] [  0%] Built target roscpp_generate_messages_lisp
[0.319s] [  0%] Built target geometry_msgs_generate_messages_cpp
[0.319s] [  0%] Built target autoware_msgs_generate_messages_nodejs
[0.322s] [  0%] Built target rosgraph_msgs_generate_messages_lisp
[0.322s] [  0%] Built target rosgraph_msgs_generate_messages_nodejs
[0.322s] [  0%] Built target actionlib_msgs_generate_messages_py
[0.323s] [  0%] Built target jsk_footstep_msgs_generate_messages_nodejs
[0.323s] [  0%] Built target autoware_msgs_generate_messages_eus
[0.323s] [  0%] Built target rosgraph_msgs_generate_messages_py
[0.323s] [  0%] Built target pcl_msgs_generate_messages_py
[0.323s] [  0%] Built target actionlib_msgs_generate_messages_lisp
[0.323s] [  0%] Built target geometry_msgs_generate_messages_lisp
[0.323s] [  0%] Built target actionlib_msgs_generate_messages_eus
[0.323s] [  0%] Built target jsk_footstep_msgs_generate_messages_eus
[0.324s] [  0%] Built target pcl_msgs_generate_messages_lisp
[0.325s] [  0%] Built target roscpp_generate_messages_nodejs
[0.328s] [  0%] Built target actionlib_msgs_generate_messages_cpp
[0.328s] [  0%] Built target pcl_msgs_generate_messages_cpp
[0.328s] [  0%] Built target autoware_msgs_generate_messages_lisp
[0.330s] [  0%] Built target std_msgs_generate_messages_eus
[0.332s] [  0%] Built target jsk_recognition_msgs_generate_messages_cpp
[0.342s] [  0%] Built target std_msgs_generate_messages_cpp
[0.343s] [  0%] Built target geometry_msgs_generate_messages_nodejs
[0.343s] [  0%] Built target roscpp_generate_messages_eus
[0.343s] [  0%] Built target sensor_msgs_generate_messages_lisp
[0.344s] [  0%] Built target sensor_msgs_generate_messages_py
[0.349s] [  0%] Built target rosgraph_msgs_generate_messages_cpp
[0.349s] [  0%] Built target pcl_msgs_generate_messages_nodejs
[0.349s] [  0%] Built target std_msgs_generate_messages_lisp
[0.350s] [  0%] Built target geometry_msgs_generate_messages_eus
[0.350s] [  0%] Built target jsk_footstep_msgs_generate_messages_py
[0.350s] [  0%] Built target sensor_msgs_generate_messages_cpp
[0.350s] [  0%] Built target autoware_msgs_generate_messages_py
[0.350s] [  0%] Built target autoware_msgs_generate_messages_cpp
[0.350s] [  0%] Built target jsk_recognition_msgs_generate_messages_py
[0.350s] [  0%] Built target actionlib_msgs_generate_messages_nodejs
[0.350s] [  0%] Built target sensor_msgs_generate_messages_eus
[0.350s] [  0%] Built target _catkin_empty_exported_target
[0.350s] [  0%] Built target jsk_recognition_msgs_generate_messages_lisp
[0.351s] [  0%] Built target std_msgs_generate_messages_nodejs
[0.352s] [  0%] Built target rosgraph_msgs_generate_messages_eus
[0.352s] [  0%] Built target jsk_recognition_msgs_generate_messages_eus
[0.354s] [  0%] Built target pcl_msgs_generate_messages_eus
[0.354s] [  0%] Built target jsk_recognition_msgs_generate_messages_nodejs
[0.357s] [  0%] Built target std_msgs_generate_messages_py
[0.360s] [  0%] Built target sensor_msgs_generate_messages_nodejs
[0.362s] [  0%] Built target geometry_msgs_generate_messages_py
[0.362s] [  0%] Built target roscpp_generate_messages_cpp
[0.380s] [100%] Built target state_machine_lib
[0.687s] Invoked command in '/home/point001/autoware.ai/build/state_machine_lib' returned '0': CMAKE_PREFIX_PATH=/home/point001/autoware.ai/install/autoware_msgs:/home/point001/autoware.ai/install/autoware_build_flags:${CMAKE_PREFIX_PATH} PKG_CONFIG_PATH=/home/point001/autoware.ai/install/autoware_msgs/lib/x86_64-linux-gnu/pkgconfig:/home/point001/autoware.ai/install/autoware_msgs/lib/pkgconfig:/home/point001/autoware.ai/install/autoware_build_flags/lib/x86_64-linux-gnu/pkgconfig:/home/point001/autoware.ai/install/autoware_build_flags/lib/pkgconfig:${PKG_CONFIG_PATH} PYTHONPATH=/home/point001/autoware.ai/install/autoware_msgs/lib/python2.7/dist-packages:${PYTHONPATH} ROS_PACKAGE_PATH=/home/point001/autoware.ai/install/autoware_msgs/share:/home/point001/autoware.ai/install/autoware_build_flags/share:${ROS_PACKAGE_PATH} /usr/bin/cmake --build /home/point001/autoware.ai/build/state_machine_lib -- -j24 -l24
[0.946s] Invoking command in '/home/point001/autoware.ai/build/state_machine_lib': CMAKE_PREFIX_PATH=/home/point001/autoware.ai/install/autoware_msgs:/home/point001/autoware.ai/install/autoware_build_flags:${CMAKE_PREFIX_PATH} PKG_CONFIG_PATH=/home/point001/autoware.ai/install/autoware_msgs/lib/x86_64-linux-gnu/pkgconfig:/home/point001/autoware.ai/install/autoware_msgs/lib/pkgconfig:/home/point001/autoware.ai/install/autoware_build_flags/lib/x86_64-linux-gnu/pkgconfig:/home/point001/autoware.ai/install/autoware_build_flags/lib/pkgconfig:${PKG_CONFIG_PATH} PYTHONPATH=/home/point001/autoware.ai/install/autoware_msgs/lib/python2.7/dist-packages:${PYTHONPATH} ROS_PACKAGE_PATH=/home/point001/autoware.ai/install/autoware_msgs/share:/home/point001/autoware.ai/install/autoware_build_flags/share:${ROS_PACKAGE_PATH} /usr/bin/cmake --build /home/point001/autoware.ai/build/state_machine_lib --target tests -- -j24 -l24
[1.015s] Built target tests
[1.425s] Invoked command in '/home/point001/autoware.ai/build/state_machine_lib' returned '0': CMAKE_PREFIX_PATH=/home/point001/autoware.ai/install/autoware_msgs:/home/point001/autoware.ai/install/autoware_build_flags:${CMAKE_PREFIX_PATH} PKG_CONFIG_PATH=/home/point001/autoware.ai/install/autoware_msgs/lib/x86_64-linux-gnu/pkgconfig:/home/point001/autoware.ai/install/autoware_msgs/lib/pkgconfig:/home/point001/autoware.ai/install/autoware_build_flags/lib/x86_64-linux-gnu/pkgconfig:/home/point001/autoware.ai/install/autoware_build_flags/lib/pkgconfig:${PKG_CONFIG_PATH} PYTHONPATH=/home/point001/autoware.ai/install/autoware_msgs/lib/python2.7/dist-packages:${PYTHONPATH} ROS_PACKAGE_PATH=/home/point001/autoware.ai/install/autoware_msgs/share:/home/point001/autoware.ai/install/autoware_build_flags/share:${ROS_PACKAGE_PATH} /usr/bin/cmake --build /home/point001/autoware.ai/build/state_machine_lib --target tests -- -j24 -l24
[1.686s] Invoking command in '/home/point001/autoware.ai/build/state_machine_lib': CMAKE_PREFIX_PATH=/home/point001/autoware.ai/install/autoware_msgs:/home/point001/autoware.ai/install/autoware_build_flags:${CMAKE_PREFIX_PATH} PKG_CONFIG_PATH=/home/point001/autoware.ai/install/autoware_msgs/lib/x86_64-linux-gnu/pkgconfig:/home/point001/autoware.ai/install/autoware_msgs/lib/pkgconfig:/home/point001/autoware.ai/install/autoware_build_flags/lib/x86_64-linux-gnu/pkgconfig:/home/point001/autoware.ai/install/autoware_build_flags/lib/pkgconfig:${PKG_CONFIG_PATH} PYTHONPATH=/home/point001/autoware.ai/install/autoware_msgs/lib/python2.7/dist-packages:${PYTHONPATH} ROS_PACKAGE_PATH=/home/point001/autoware.ai/install/autoware_msgs/share:/home/point001/autoware.ai/install/autoware_build_flags/share:${ROS_PACKAGE_PATH} /usr/bin/cmake --build /home/point001/autoware.ai/build/state_machine_lib --target install -- -j24 -l24
[1.813s] [  0%] Built target autoware_msgs_generate_messages_eus
[1.813s] [  0%] Built target std_msgs_generate_messages_eus
[1.813s] [  0%] Built target rosgraph_msgs_generate_messages_py
[1.813s] [  0%] Built target jsk_recognition_msgs_generate_messages_cpp
[1.813s] [  0%] Built target actionlib_msgs_generate_messages_cpp
[1.813s] [  0%] Built target jsk_footstep_msgs_generate_messages_nodejs
[1.813s] [  0%] Built target jsk_footstep_msgs_generate_messages_cpp
[1.814s] [  0%] Built target geometry_msgs_generate_messages_cpp
[1.814s] [  0%] Built target roscpp_generate_messages_lisp
[1.814s] [  0%] Built target pcl_msgs_generate_messages_py
[1.814s] [  0%] Built target rosgraph_msgs_generate_messages_nodejs
[1.814s] [  0%] Built target actionlib_msgs_generate_messages_py
[1.814s] [  0%] Built target actionlib_msgs_generate_messages_eus
[1.814s] [  0%] Built target rosgraph_msgs_generate_messages_lisp
[1.814s] [  0%] Built target pcl_msgs_generate_messages_lisp
[1.814s] [  0%] Built target pcl_msgs_generate_messages_cpp
[1.814s] [  0%] Built target jsk_footstep_msgs_generate_messages_eus
[1.814s] [  0%] Built target autoware_msgs_generate_messages_nodejs
[1.814s] [  0%] Built target roscpp_generate_messages_py
[1.814s] [  0%] Built target geometry_msgs_generate_messages_lisp
[1.815s] [  0%] Built target actionlib_msgs_generate_messages_nodejs
[1.815s] [  0%] Built target autoware_msgs_generate_messages_lisp
[1.815s] [  0%] Built target actionlib_msgs_generate_messages_lisp
[1.815s] [  0%] Built target geometry_msgs_generate_messages_eus
[1.815s] [  0%] Built target roscpp_generate_messages_nodejs
[1.815s] [  0%] Built target jsk_footstep_msgs_generate_messages_lisp
[1.818s] [  0%] Built target autoware_msgs_generate_messages_cpp
[1.823s] [  0%] Built target pcl_msgs_generate_messages_nodejs
[1.823s] [  0%] Built target sensor_msgs_generate_messages_py
[1.828s] [  0%] Built target std_msgs_generate_messages_lisp
[1.830s] [  0%] Built target sensor_msgs_generate_messages_lisp
[1.830s] [  0%] Built target geometry_msgs_generate_messages_nodejs
[1.832s] [  0%] Built target roscpp_generate_messages_eus
[1.840s] [  0%] Built target std_msgs_generate_messages_cpp
[1.840s] [  0%] Built target sensor_msgs_generate_messages_eus
[1.841s] [  0%] Built target rosgraph_msgs_generate_messages_cpp
[1.841s] [  0%] Built target jsk_footstep_msgs_generate_messages_py
[1.842s] [  0%] Built target _catkin_empty_exported_target
[1.855s] [  0%] Built target std_msgs_generate_messages_py
[1.855s] [  0%] Built target rosgraph_msgs_generate_messages_eus
[1.856s] [  0%] Built target jsk_recognition_msgs_generate_messages_py
[1.857s] [  0%] Built target std_msgs_generate_messages_nodejs
[1.868s] [  0%] Built target jsk_recognition_msgs_generate_messages_lisp
[1.869s] [  0%] Built target jsk_recognition_msgs_generate_messages_eus
[1.880s] [  0%] Built target autoware_msgs_generate_messages_py
[1.881s] [  0%] Built target roscpp_generate_messages_cpp
[1.881s] [  0%] Built target sensor_msgs_generate_messages_cpp
[1.881s] [  0%] Built target jsk_recognition_msgs_generate_messages_nodejs
[1.882s] [  0%] Built target pcl_msgs_generate_messages_eus
[1.888s] [  0%] Built target sensor_msgs_generate_messages_nodejs
[1.910s] [  0%] Built target geometry_msgs_generate_messages_py
[1.949s] [100%] Built target state_machine_lib
[1.965s] [36mInstall the project...[0m
[1.976s] -- Install configuration: "Release"
[1.976s] -- Up-to-date: /home/point001/autoware.ai/install/state_machine_lib/lib/pkgconfig/state_machine_lib.pc
[1.976s] -- Up-to-date: /home/point001/autoware.ai/install/state_machine_lib/share/state_machine_lib/cmake/state_machine_libConfig.cmake
[1.976s] -- Up-to-date: /home/point001/autoware.ai/install/state_machine_lib/share/state_machine_lib/cmake/state_machine_libConfig-version.cmake
[1.976s] -- Up-to-date: /home/point001/autoware.ai/install/state_machine_lib/share/state_machine_lib/package.xml
[1.976s] -- Up-to-date: /home/point001/autoware.ai/install/state_machine_lib/include/state_machine_lib
[1.976s] -- Up-to-date: /home/point001/autoware.ai/install/state_machine_lib/include/state_machine_lib/state_context.hpp
[1.977s] -- Up-to-date: /home/point001/autoware.ai/install/state_machine_lib/include/state_machine_lib/state_flags.hpp
[1.977s] -- Up-to-date: /home/point001/autoware.ai/install/state_machine_lib/include/state_machine_lib/state_common.hpp
[1.977s] -- Up-to-date: /home/point001/autoware.ai/install/state_machine_lib/include/state_machine_lib/state.hpp
[1.978s] -- Up-to-date: /home/point001/autoware.ai/install/state_machine_lib/lib/libstate_machine_lib.so
[2.100s] Invoked command in '/home/point001/autoware.ai/build/state_machine_lib' returned '0': CMAKE_PREFIX_PATH=/home/point001/autoware.ai/install/autoware_msgs:/home/point001/autoware.ai/install/autoware_build_flags:${CMAKE_PREFIX_PATH} PKG_CONFIG_PATH=/home/point001/autoware.ai/install/autoware_msgs/lib/x86_64-linux-gnu/pkgconfig:/home/point001/autoware.ai/install/autoware_msgs/lib/pkgconfig:/home/point001/autoware.ai/install/autoware_build_flags/lib/x86_64-linux-gnu/pkgconfig:/home/point001/autoware.ai/install/autoware_build_flags/lib/pkgconfig:${PKG_CONFIG_PATH} PYTHONPATH=/home/point001/autoware.ai/install/autoware_msgs/lib/python2.7/dist-packages:${PYTHONPATH} ROS_PACKAGE_PATH=/home/point001/autoware.ai/install/autoware_msgs/share:/home/point001/autoware.ai/install/autoware_build_flags/share:${ROS_PACKAGE_PATH} /usr/bin/cmake --build /home/point001/autoware.ai/build/state_machine_lib --target install -- -j24 -l24
