[0.056s] Invoking command in '/home/point001/autoware.ai/build/map_file': CMAKE_PREFIX_PATH=/home/point001/autoware.ai/install/lanelet2_extension:/home/point001/autoware.ai/install/lanelet2_validation:/home/point001/autoware.ai/install/lanelet2_routing:/home/point001/autoware.ai/install/lanelet2_projection:/home/point001/autoware.ai/install/lanelet2_traffic_rules:/home/point001/autoware.ai/install/lanelet2_maps:/home/point001/autoware.ai/install/lanelet2_io:/home/point001/autoware.ai/install/vector_map:/home/point001/autoware.ai/install/lanelet2_core:/home/point001/autoware.ai/install/amathutils_lib:/home/point001/autoware.ai/install/vector_map_msgs:/home/point001/autoware.ai/install/autoware_msgs:/home/point001/autoware.ai/install/autoware_lanelet2_msgs:/home/point001/autoware.ai/install/autoware_build_flags:${CMAKE_PREFIX_PATH} LD_LIBRARY_PATH=/home/point001/autoware.ai/install/lanelet2_extension/lib:/home/point001/autoware.ai/install/lanelet2_validation/lib:/home/point001/autoware.ai/install/lanelet2_routing/lib:/home/point001/autoware.ai/install/lanelet2_projection/lib:/home/point001/autoware.ai/install/lanelet2_traffic_rules/lib:/home/point001/autoware.ai/install/lanelet2_io/lib:/home/point001/autoware.ai/install/vector_map/lib:/home/point001/autoware.ai/install/lanelet2_core/lib:/home/point001/autoware.ai/install/amathutils_lib/lib:/opt/ros/melodic/lib:/usr/local/cuda-10.0/lib64 PKG_CONFIG_PATH=/home/point001/autoware.ai/install/lanelet2_extension/lib/x86_64-linux-gnu/pkgconfig:/home/point001/autoware.ai/install/lanelet2_extension/lib/pkgconfig:/home/point001/autoware.ai/install/lanelet2_validation/lib/x86_64-linux-gnu/pkgconfig:/home/point001/autoware.ai/install/lanelet2_validation/lib/pkgconfig:/home/point001/autoware.ai/install/lanelet2_routing/lib/x86_64-linux-gnu/pkgconfig:/home/point001/autoware.ai/install/lanelet2_routing/lib/pkgconfig:/home/point001/autoware.ai/install/lanelet2_projection/lib/x86_64-linux-gnu/pkgconfig:/home/point001/autoware.ai/install/lanelet2_projection/lib/pkgconfig:/home/point001/autoware.ai/install/lanelet2_traffic_rules/lib/x86_64-linux-gnu/pkgconfig:/home/point001/autoware.ai/install/lanelet2_traffic_rules/lib/pkgconfig:/home/point001/autoware.ai/install/lanelet2_maps/lib/x86_64-linux-gnu/pkgconfig:/home/point001/autoware.ai/install/lanelet2_maps/lib/pkgconfig:/home/point001/autoware.ai/install/lanelet2_io/lib/x86_64-linux-gnu/pkgconfig:/home/point001/autoware.ai/install/lanelet2_io/lib/pkgconfig:/home/point001/autoware.ai/install/vector_map/lib/x86_64-linux-gnu/pkgconfig:/home/point001/autoware.ai/install/vector_map/lib/pkgconfig:/home/point001/autoware.ai/install/lanelet2_core/lib/x86_64-linux-gnu/pkgconfig:/home/point001/autoware.ai/install/lanelet2_core/lib/pkgconfig:/home/point001/autoware.ai/install/amathutils_lib/lib/x86_64-linux-gnu/pkgconfig:/home/point001/autoware.ai/install/amathutils_lib/lib/pkgconfig:/home/point001/autoware.ai/install/vector_map_msgs/lib/x86_64-linux-gnu/pkgconfig:/home/point001/autoware.ai/install/vector_map_msgs/lib/pkgconfig:/home/point001/autoware.ai/install/autoware_msgs/lib/x86_64-linux-gnu/pkgconfig:/home/point001/autoware.ai/install/autoware_msgs/lib/pkgconfig:/home/point001/autoware.ai/install/autoware_lanelet2_msgs/lib/x86_64-linux-gnu/pkgconfig:/home/point001/autoware.ai/install/autoware_lanelet2_msgs/lib/pkgconfig:/home/point001/autoware.ai/install/autoware_build_flags/lib/x86_64-linux-gnu/pkgconfig:/home/point001/autoware.ai/install/autoware_build_flags/lib/pkgconfig:${PKG_CONFIG_PATH} PYTHONPATH=/home/point001/autoware.ai/install/vector_map_msgs/lib/python2.7/dist-packages:/home/point001/autoware.ai/install/autoware_msgs/lib/python2.7/dist-packages:/home/point001/autoware.ai/install/autoware_lanelet2_msgs/lib/python2.7/dist-packages:${PYTHONPATH} ROS_PACKAGE_PATH=/home/point001/autoware.ai/install/lanelet2_extension/share:/home/point001/autoware.ai/install/lanelet2_validation/share:/home/point001/autoware.ai/install/lanelet2_routing/share:/home/point001/autoware.ai/install/lanelet2_projection/share:/home/point001/autoware.ai/install/lanelet2_traffic_rules/share:/home/point001/autoware.ai/install/lanelet2_maps/share:/home/point001/autoware.ai/install/lanelet2_io/share:/home/point001/autoware.ai/install/vector_map/share:/home/point001/autoware.ai/install/lanelet2_core/share:/home/point001/autoware.ai/install/amathutils_lib/share:/home/point001/autoware.ai/install/vector_map_msgs/share:/home/point001/autoware.ai/install/autoware_msgs/share:/home/point001/autoware.ai/install/autoware_lanelet2_msgs/share:/home/point001/autoware.ai/install/autoware_build_flags/share:${ROS_PACKAGE_PATH} /usr/bin/cmake --build /home/point001/autoware.ai/build/map_file -- -j24 -l24
[0.124s] [  0%] Built target bond_generate_messages_cpp
[0.127s] [  0%] Built target dynamic_reconfigure_generate_messages_nodejs
[0.127s] [  0%] Built target dynamic_reconfigure_generate_messages_lisp
[0.133s] [  0%] Built target jsk_recognition_msgs_generate_messages_lisp
[0.135s] [  0%] Built target nodelet_generate_messages_cpp
[0.138s] [  0%] Built target nodelet_generate_messages_nodejs
[0.143s] [  0%] Built target vector_map_msgs_generate_messages_nodejs
[0.143s] [  0%] Built target bond_generate_messages_py
[0.148s] [  0%] Built target jsk_recognition_msgs_generate_messages_eus
[0.154s] [  0%] Built target dynamic_reconfigure_generate_messages_eus
[0.155s] [  0%] Built target pcl_ros_gencfg
[0.168s] [  0%] Built target roscpp_generate_messages_cpp
[0.168s] [  0%] Built target visualization_msgs_generate_messages_py
[0.168s] [  0%] Built target visualization_msgs_generate_messages_nodejs
[0.168s] [  0%] Built target rosgraph_msgs_generate_messages_eus
[0.168s] [  0%] Built target bond_generate_messages_lisp
[0.172s] [  0%] Built target nodelet_generate_messages_eus
[0.173s] [  0%] Built target dynamic_reconfigure_generate_messages_py
[0.174s] [  0%] Built target bond_generate_messages_nodejs
[0.181s] [  0%] Built target pcl_msgs_generate_messages_eus
[0.182s] [  0%] Built target actionlib_generate_messages_cpp
[0.186s] [  0%] Built target sensor_msgs_generate_messages_nodejs
[0.186s] [  0%] Built target bond_generate_messages_eus
[0.190s] [  0%] Built target geometry_msgs_generate_messages_py
[0.191s] [  0%] Built target std_msgs_generate_messages_nodejs
[0.194s] [  0%] Built target tf2_msgs_generate_messages_cpp
[0.213s] [  0%] Built target nodelet_generate_messages_lisp
[0.221s] [  0%] Built target autoware_msgs_generate_messages_py
[0.259s] [  0%] Built target sensor_msgs_generate_messages_eus
[0.265s] [  0%] Built target nodelet_generate_messages_py
[0.280s] [  0%] Built target jsk_recognition_msgs_generate_messages_py
[0.281s] [  0%] Built target sensor_msgs_generate_messages_py
[0.285s] [  0%] Built target topic_tools_generate_messages_py
[0.288s] [  0%] Built target sensor_msgs_generate_messages_cpp
[0.293s] [  0%] Built target sensor_msgs_generate_messages_lisp
[0.295s] [  0%] Built target autoware_msgs_generate_messages_cpp
[0.299s] [  0%] Built target pcl_msgs_generate_messages_nodejs
[0.300s] [  0%] Built target std_srvs_generate_messages_lisp
[0.308s] [  0%] Built target std_msgs_generate_messages_py
[0.315s] [  0%] Built target jsk_footstep_msgs_generate_messages_py
[0.317s] [  0%] Built target tf_generate_messages_py
[0.325s] [  0%] Built target std_msgs_generate_messages_cpp
[0.335s] [  0%] Built target nodelet_topic_tools_gencfg
[0.360s] [  0%] Built target rosgraph_msgs_generate_messages_cpp
[0.360s] [  0%] Built target actionlib_msgs_generate_messages_nodejs
[0.361s] [  0%] Built target pcl_msgs_generate_messages_cpp
[0.367s] [  0%] Built target _catkin_empty_exported_target
[0.379s] [  0%] Built target geometry_msgs_generate_messages_lisp
[0.391s] [  0%] Built target autoware_msgs_generate_messages_nodejs
[0.395s] [  0%] Built target roscpp_generate_messages_nodejs
[0.395s] [  0%] Built target std_msgs_generate_messages_lisp
[0.412s] [  0%] Built target dynamic_reconfigure_generate_messages_cpp
[0.415s] [  0%] Built target std_srvs_generate_messages_cpp
[0.418s] [  0%] Built target jsk_footstep_msgs_generate_messages_lisp
[0.445s] [  0%] Built target jsk_footstep_msgs_generate_messages_eus
[0.453s] [  0%] Built target geometry_msgs_generate_messages_nodejs
[0.458s] [  0%] Built target std_msgs_generate_messages_eus
[0.459s] [  0%] Built target autoware_msgs_generate_messages_lisp
[0.466s] [  0%] Built target geometry_msgs_generate_messages_eus
[0.472s] [  0%] Built target topic_tools_generate_messages_lisp
[0.473s] [  0%] Built target autoware_msgs_generate_messages_eus
[0.480s] [  0%] Built target tf_generate_messages_eus
[0.481s] [  0%] Built target jsk_recognition_msgs_generate_messages_cpp
[0.497s] [  0%] Built target actionlib_msgs_generate_messages_lisp
[0.511s] [  0%] Built target jsk_footstep_msgs_generate_messages_cpp
[0.511s] [  0%] Built target actionlib_msgs_generate_messages_cpp
[0.511s] [  0%] Built target tf_generate_messages_nodejs
[0.515s] [  0%] Built target actionlib_msgs_generate_messages_py
[0.532s] [  0%] Built target jsk_footstep_msgs_generate_messages_nodejs
[0.558s] [  0%] Built target visualization_msgs_generate_messages_lisp
[0.558s] [  0%] Built target rosgraph_msgs_generate_messages_nodejs
[0.576s] [  0%] Built target tf_generate_messages_lisp
[0.576s] [  0%] Built target std_srvs_generate_messages_eus
[0.578s] [  0%] Built target rosgraph_msgs_generate_messages_py
[0.587s] [  0%] Built target tf_generate_messages_cpp
[0.589s] [  0%] Built target autoware_lanelet2_msgs_generate_messages_py
[0.599s] [  0%] Built target dynamic_reconfigure_gencfg
[0.617s] [  0%] Built target pcl_msgs_generate_messages_py
[0.620s] [  0%] Built target geometry_msgs_generate_messages_cpp
[0.621s] [  0%] Built target autoware_lanelet2_msgs_generate_messages_cpp
[0.640s] [  0%] Built target actionlib_generate_messages_lisp
[0.654s] [  0%] Built target roscpp_generate_messages_lisp
[0.662s] [  0%] Built target vector_map_msgs_generate_messages_py
[0.662s] [  0%] Built target autoware_lanelet2_msgs_generate_messages_nodejs
[0.662s] [  0%] Built target rosgraph_msgs_generate_messages_lisp
[0.675s] [  0%] Built target jsk_recognition_msgs_generate_messages_nodejs
[0.676s] [  0%] Built target roscpp_generate_messages_eus
[0.676s] [  0%] Built target roscpp_generate_messages_py
[0.679s] [  0%] Built target autoware_lanelet2_msgs_generate_messages_lisp
[0.686s] [  0%] Built target visualization_msgs_generate_messages_cpp
[0.707s] [  0%] Built target pcl_msgs_generate_messages_lisp
[0.713s] [  0%] Built target actionlib_generate_messages_nodejs
[0.740s] [  0%] Built target vector_map_msgs_generate_messages_cpp
[0.740s] [  0%] Built target tf2_msgs_generate_messages_eus
[0.744s] [  0%] Built target actionlib_msgs_generate_messages_eus
[0.745s] [  0%] Built target tf2_msgs_generate_messages_nodejs
[0.747s] [  0%] Built target vector_map_msgs_generate_messages_lisp
[0.749s] [  0%] Built target autoware_lanelet2_msgs_generate_messages_eus
[0.751s] [  0%] Built target tf2_msgs_generate_messages_lisp
[0.754s] [  0%] Built target std_srvs_generate_messages_py
[0.758s] [  0%] Built target topic_tools_generate_messages_nodejs
[0.758s] [  0%] Built target actionlib_generate_messages_eus
[0.759s] [  0%] Built target tf2_msgs_generate_messages_py
[0.766s] [  0%] Built target topic_tools_generate_messages_eus
[0.773s] [  0%] Built target visualization_msgs_generate_messages_eus
[0.783s] [  0%] Built target actionlib_generate_messages_py
[0.792s] [  0%] Built target topic_tools_generate_messages_cpp
[0.796s] [  0%] Built target vector_map_msgs_generate_messages_eus
[0.797s] [ 15%] Built target get_file
[0.815s] [ 15%] Built target std_srvs_generate_messages_nodejs
[0.891s] [ 30%] Built target lanelet2_map_visualization
[0.904s] [ 53%] Built target points_map_filter
[0.912s] [ 69%] Built target points_map_loader
[0.917s] [ 84%] Built target vector_map_loader
[0.921s] [100%] Built target lanelet2_map_loader
[0.942s] Invoked command in '/home/point001/autoware.ai/build/map_file' returned '0': CMAKE_PREFIX_PATH=/home/point001/autoware.ai/install/lanelet2_extension:/home/point001/autoware.ai/install/lanelet2_validation:/home/point001/autoware.ai/install/lanelet2_routing:/home/point001/autoware.ai/install/lanelet2_projection:/home/point001/autoware.ai/install/lanelet2_traffic_rules:/home/point001/autoware.ai/install/lanelet2_maps:/home/point001/autoware.ai/install/lanelet2_io:/home/point001/autoware.ai/install/vector_map:/home/point001/autoware.ai/install/lanelet2_core:/home/point001/autoware.ai/install/amathutils_lib:/home/point001/autoware.ai/install/vector_map_msgs:/home/point001/autoware.ai/install/autoware_msgs:/home/point001/autoware.ai/install/autoware_lanelet2_msgs:/home/point001/autoware.ai/install/autoware_build_flags:${CMAKE_PREFIX_PATH} LD_LIBRARY_PATH=/home/point001/autoware.ai/install/lanelet2_extension/lib:/home/point001/autoware.ai/install/lanelet2_validation/lib:/home/point001/autoware.ai/install/lanelet2_routing/lib:/home/point001/autoware.ai/install/lanelet2_projection/lib:/home/point001/autoware.ai/install/lanelet2_traffic_rules/lib:/home/point001/autoware.ai/install/lanelet2_io/lib:/home/point001/autoware.ai/install/vector_map/lib:/home/point001/autoware.ai/install/lanelet2_core/lib:/home/point001/autoware.ai/install/amathutils_lib/lib:/opt/ros/melodic/lib:/usr/local/cuda-10.0/lib64 PKG_CONFIG_PATH=/home/point001/autoware.ai/install/lanelet2_extension/lib/x86_64-linux-gnu/pkgconfig:/home/point001/autoware.ai/install/lanelet2_extension/lib/pkgconfig:/home/point001/autoware.ai/install/lanelet2_validation/lib/x86_64-linux-gnu/pkgconfig:/home/point001/autoware.ai/install/lanelet2_validation/lib/pkgconfig:/home/point001/autoware.ai/install/lanelet2_routing/lib/x86_64-linux-gnu/pkgconfig:/home/point001/autoware.ai/install/lanelet2_routing/lib/pkgconfig:/home/point001/autoware.ai/install/lanelet2_projection/lib/x86_64-linux-gnu/pkgconfig:/home/point001/autoware.ai/install/lanelet2_projection/lib/pkgconfig:/home/point001/autoware.ai/install/lanelet2_traffic_rules/lib/x86_64-linux-gnu/pkgconfig:/home/point001/autoware.ai/install/lanelet2_traffic_rules/lib/pkgconfig:/home/point001/autoware.ai/install/lanelet2_maps/lib/x86_64-linux-gnu/pkgconfig:/home/point001/autoware.ai/install/lanelet2_maps/lib/pkgconfig:/home/point001/autoware.ai/install/lanelet2_io/lib/x86_64-linux-gnu/pkgconfig:/home/point001/autoware.ai/install/lanelet2_io/lib/pkgconfig:/home/point001/autoware.ai/install/vector_map/lib/x86_64-linux-gnu/pkgconfig:/home/point001/autoware.ai/install/vector_map/lib/pkgconfig:/home/point001/autoware.ai/install/lanelet2_core/lib/x86_64-linux-gnu/pkgconfig:/home/point001/autoware.ai/install/lanelet2_core/lib/pkgconfig:/home/point001/autoware.ai/install/amathutils_lib/lib/x86_64-linux-gnu/pkgconfig:/home/point001/autoware.ai/install/amathutils_lib/lib/pkgconfig:/home/point001/autoware.ai/install/vector_map_msgs/lib/x86_64-linux-gnu/pkgconfig:/home/point001/autoware.ai/install/vector_map_msgs/lib/pkgconfig:/home/point001/autoware.ai/install/autoware_msgs/lib/x86_64-linux-gnu/pkgconfig:/home/point001/autoware.ai/install/autoware_msgs/lib/pkgconfig:/home/point001/autoware.ai/install/autoware_lanelet2_msgs/lib/x86_64-linux-gnu/pkgconfig:/home/point001/autoware.ai/install/autoware_lanelet2_msgs/lib/pkgconfig:/home/point001/autoware.ai/install/autoware_build_flags/lib/x86_64-linux-gnu/pkgconfig:/home/point001/autoware.ai/install/autoware_build_flags/lib/pkgconfig:${PKG_CONFIG_PATH} PYTHONPATH=/home/point001/autoware.ai/install/vector_map_msgs/lib/python2.7/dist-packages:/home/point001/autoware.ai/install/autoware_msgs/lib/python2.7/dist-packages:/home/point001/autoware.ai/install/autoware_lanelet2_msgs/lib/python2.7/dist-packages:${PYTHONPATH} ROS_PACKAGE_PATH=/home/point001/autoware.ai/install/lanelet2_extension/share:/home/point001/autoware.ai/install/lanelet2_validation/share:/home/point001/autoware.ai/install/lanelet2_routing/share:/home/point001/autoware.ai/install/lanelet2_projection/share:/home/point001/autoware.ai/install/lanelet2_traffic_rules/share:/home/point001/autoware.ai/install/lanelet2_maps/share:/home/point001/autoware.ai/install/lanelet2_io/share:/home/point001/autoware.ai/install/vector_map/share:/home/point001/autoware.ai/install/lanelet2_core/share:/home/point001/autoware.ai/install/amathutils_lib/share:/home/point001/autoware.ai/install/vector_map_msgs/share:/home/point001/autoware.ai/install/autoware_msgs/share:/home/point001/autoware.ai/install/autoware_lanelet2_msgs/share:/home/point001/autoware.ai/install/autoware_build_flags/share:${ROS_PACKAGE_PATH} /usr/bin/cmake --build /home/point001/autoware.ai/build/map_file -- -j24 -l24
[1.045s] Invoking command in '/home/point001/autoware.ai/build/map_file': CMAKE_PREFIX_PATH=/home/point001/autoware.ai/install/lanelet2_extension:/home/point001/autoware.ai/install/lanelet2_validation:/home/point001/autoware.ai/install/lanelet2_routing:/home/point001/autoware.ai/install/lanelet2_projection:/home/point001/autoware.ai/install/lanelet2_traffic_rules:/home/point001/autoware.ai/install/lanelet2_maps:/home/point001/autoware.ai/install/lanelet2_io:/home/point001/autoware.ai/install/vector_map:/home/point001/autoware.ai/install/lanelet2_core:/home/point001/autoware.ai/install/amathutils_lib:/home/point001/autoware.ai/install/vector_map_msgs:/home/point001/autoware.ai/install/autoware_msgs:/home/point001/autoware.ai/install/autoware_lanelet2_msgs:/home/point001/autoware.ai/install/autoware_build_flags:${CMAKE_PREFIX_PATH} LD_LIBRARY_PATH=/home/point001/autoware.ai/install/lanelet2_extension/lib:/home/point001/autoware.ai/install/lanelet2_validation/lib:/home/point001/autoware.ai/install/lanelet2_routing/lib:/home/point001/autoware.ai/install/lanelet2_projection/lib:/home/point001/autoware.ai/install/lanelet2_traffic_rules/lib:/home/point001/autoware.ai/install/lanelet2_io/lib:/home/point001/autoware.ai/install/vector_map/lib:/home/point001/autoware.ai/install/lanelet2_core/lib:/home/point001/autoware.ai/install/amathutils_lib/lib:/opt/ros/melodic/lib:/usr/local/cuda-10.0/lib64 PKG_CONFIG_PATH=/home/point001/autoware.ai/install/lanelet2_extension/lib/x86_64-linux-gnu/pkgconfig:/home/point001/autoware.ai/install/lanelet2_extension/lib/pkgconfig:/home/point001/autoware.ai/install/lanelet2_validation/lib/x86_64-linux-gnu/pkgconfig:/home/point001/autoware.ai/install/lanelet2_validation/lib/pkgconfig:/home/point001/autoware.ai/install/lanelet2_routing/lib/x86_64-linux-gnu/pkgconfig:/home/point001/autoware.ai/install/lanelet2_routing/lib/pkgconfig:/home/point001/autoware.ai/install/lanelet2_projection/lib/x86_64-linux-gnu/pkgconfig:/home/point001/autoware.ai/install/lanelet2_projection/lib/pkgconfig:/home/point001/autoware.ai/install/lanelet2_traffic_rules/lib/x86_64-linux-gnu/pkgconfig:/home/point001/autoware.ai/install/lanelet2_traffic_rules/lib/pkgconfig:/home/point001/autoware.ai/install/lanelet2_maps/lib/x86_64-linux-gnu/pkgconfig:/home/point001/autoware.ai/install/lanelet2_maps/lib/pkgconfig:/home/point001/autoware.ai/install/lanelet2_io/lib/x86_64-linux-gnu/pkgconfig:/home/point001/autoware.ai/install/lanelet2_io/lib/pkgconfig:/home/point001/autoware.ai/install/vector_map/lib/x86_64-linux-gnu/pkgconfig:/home/point001/autoware.ai/install/vector_map/lib/pkgconfig:/home/point001/autoware.ai/install/lanelet2_core/lib/x86_64-linux-gnu/pkgconfig:/home/point001/autoware.ai/install/lanelet2_core/lib/pkgconfig:/home/point001/autoware.ai/install/amathutils_lib/lib/x86_64-linux-gnu/pkgconfig:/home/point001/autoware.ai/install/amathutils_lib/lib/pkgconfig:/home/point001/autoware.ai/install/vector_map_msgs/lib/x86_64-linux-gnu/pkgconfig:/home/point001/autoware.ai/install/vector_map_msgs/lib/pkgconfig:/home/point001/autoware.ai/install/autoware_msgs/lib/x86_64-linux-gnu/pkgconfig:/home/point001/autoware.ai/install/autoware_msgs/lib/pkgconfig:/home/point001/autoware.ai/install/autoware_lanelet2_msgs/lib/x86_64-linux-gnu/pkgconfig:/home/point001/autoware.ai/install/autoware_lanelet2_msgs/lib/pkgconfig:/home/point001/autoware.ai/install/autoware_build_flags/lib/x86_64-linux-gnu/pkgconfig:/home/point001/autoware.ai/install/autoware_build_flags/lib/pkgconfig:${PKG_CONFIG_PATH} PYTHONPATH=/home/point001/autoware.ai/install/vector_map_msgs/lib/python2.7/dist-packages:/home/point001/autoware.ai/install/autoware_msgs/lib/python2.7/dist-packages:/home/point001/autoware.ai/install/autoware_lanelet2_msgs/lib/python2.7/dist-packages:${PYTHONPATH} ROS_PACKAGE_PATH=/home/point001/autoware.ai/install/lanelet2_extension/share:/home/point001/autoware.ai/install/lanelet2_validation/share:/home/point001/autoware.ai/install/lanelet2_routing/share:/home/point001/autoware.ai/install/lanelet2_projection/share:/home/point001/autoware.ai/install/lanelet2_traffic_rules/share:/home/point001/autoware.ai/install/lanelet2_maps/share:/home/point001/autoware.ai/install/lanelet2_io/share:/home/point001/autoware.ai/install/vector_map/share:/home/point001/autoware.ai/install/lanelet2_core/share:/home/point001/autoware.ai/install/amathutils_lib/share:/home/point001/autoware.ai/install/vector_map_msgs/share:/home/point001/autoware.ai/install/autoware_msgs/share:/home/point001/autoware.ai/install/autoware_lanelet2_msgs/share:/home/point001/autoware.ai/install/autoware_build_flags/share:${ROS_PACKAGE_PATH} /usr/bin/cmake --build /home/point001/autoware.ai/build/map_file --target tests -- -j24 -l24
[1.118s] Built target tests
[1.126s] Invoked command in '/home/point001/autoware.ai/build/map_file' returned '0': CMAKE_PREFIX_PATH=/home/point001/autoware.ai/install/lanelet2_extension:/home/point001/autoware.ai/install/lanelet2_validation:/home/point001/autoware.ai/install/lanelet2_routing:/home/point001/autoware.ai/install/lanelet2_projection:/home/point001/autoware.ai/install/lanelet2_traffic_rules:/home/point001/autoware.ai/install/lanelet2_maps:/home/point001/autoware.ai/install/lanelet2_io:/home/point001/autoware.ai/install/vector_map:/home/point001/autoware.ai/install/lanelet2_core:/home/point001/autoware.ai/install/amathutils_lib:/home/point001/autoware.ai/install/vector_map_msgs:/home/point001/autoware.ai/install/autoware_msgs:/home/point001/autoware.ai/install/autoware_lanelet2_msgs:/home/point001/autoware.ai/install/autoware_build_flags:${CMAKE_PREFIX_PATH} LD_LIBRARY_PATH=/home/point001/autoware.ai/install/lanelet2_extension/lib:/home/point001/autoware.ai/install/lanelet2_validation/lib:/home/point001/autoware.ai/install/lanelet2_routing/lib:/home/point001/autoware.ai/install/lanelet2_projection/lib:/home/point001/autoware.ai/install/lanelet2_traffic_rules/lib:/home/point001/autoware.ai/install/lanelet2_io/lib:/home/point001/autoware.ai/install/vector_map/lib:/home/point001/autoware.ai/install/lanelet2_core/lib:/home/point001/autoware.ai/install/amathutils_lib/lib:/opt/ros/melodic/lib:/usr/local/cuda-10.0/lib64 PKG_CONFIG_PATH=/home/point001/autoware.ai/install/lanelet2_extension/lib/x86_64-linux-gnu/pkgconfig:/home/point001/autoware.ai/install/lanelet2_extension/lib/pkgconfig:/home/point001/autoware.ai/install/lanelet2_validation/lib/x86_64-linux-gnu/pkgconfig:/home/point001/autoware.ai/install/lanelet2_validation/lib/pkgconfig:/home/point001/autoware.ai/install/lanelet2_routing/lib/x86_64-linux-gnu/pkgconfig:/home/point001/autoware.ai/install/lanelet2_routing/lib/pkgconfig:/home/point001/autoware.ai/install/lanelet2_projection/lib/x86_64-linux-gnu/pkgconfig:/home/point001/autoware.ai/install/lanelet2_projection/lib/pkgconfig:/home/point001/autoware.ai/install/lanelet2_traffic_rules/lib/x86_64-linux-gnu/pkgconfig:/home/point001/autoware.ai/install/lanelet2_traffic_rules/lib/pkgconfig:/home/point001/autoware.ai/install/lanelet2_maps/lib/x86_64-linux-gnu/pkgconfig:/home/point001/autoware.ai/install/lanelet2_maps/lib/pkgconfig:/home/point001/autoware.ai/install/lanelet2_io/lib/x86_64-linux-gnu/pkgconfig:/home/point001/autoware.ai/install/lanelet2_io/lib/pkgconfig:/home/point001/autoware.ai/install/vector_map/lib/x86_64-linux-gnu/pkgconfig:/home/point001/autoware.ai/install/vector_map/lib/pkgconfig:/home/point001/autoware.ai/install/lanelet2_core/lib/x86_64-linux-gnu/pkgconfig:/home/point001/autoware.ai/install/lanelet2_core/lib/pkgconfig:/home/point001/autoware.ai/install/amathutils_lib/lib/x86_64-linux-gnu/pkgconfig:/home/point001/autoware.ai/install/amathutils_lib/lib/pkgconfig:/home/point001/autoware.ai/install/vector_map_msgs/lib/x86_64-linux-gnu/pkgconfig:/home/point001/autoware.ai/install/vector_map_msgs/lib/pkgconfig:/home/point001/autoware.ai/install/autoware_msgs/lib/x86_64-linux-gnu/pkgconfig:/home/point001/autoware.ai/install/autoware_msgs/lib/pkgconfig:/home/point001/autoware.ai/install/autoware_lanelet2_msgs/lib/x86_64-linux-gnu/pkgconfig:/home/point001/autoware.ai/install/autoware_lanelet2_msgs/lib/pkgconfig:/home/point001/autoware.ai/install/autoware_build_flags/lib/x86_64-linux-gnu/pkgconfig:/home/point001/autoware.ai/install/autoware_build_flags/lib/pkgconfig:${PKG_CONFIG_PATH} PYTHONPATH=/home/point001/autoware.ai/install/vector_map_msgs/lib/python2.7/dist-packages:/home/point001/autoware.ai/install/autoware_msgs/lib/python2.7/dist-packages:/home/point001/autoware.ai/install/autoware_lanelet2_msgs/lib/python2.7/dist-packages:${PYTHONPATH} ROS_PACKAGE_PATH=/home/point001/autoware.ai/install/lanelet2_extension/share:/home/point001/autoware.ai/install/lanelet2_validation/share:/home/point001/autoware.ai/install/lanelet2_routing/share:/home/point001/autoware.ai/install/lanelet2_projection/share:/home/point001/autoware.ai/install/lanelet2_traffic_rules/share:/home/point001/autoware.ai/install/lanelet2_maps/share:/home/point001/autoware.ai/install/lanelet2_io/share:/home/point001/autoware.ai/install/vector_map/share:/home/point001/autoware.ai/install/lanelet2_core/share:/home/point001/autoware.ai/install/amathutils_lib/share:/home/point001/autoware.ai/install/vector_map_msgs/share:/home/point001/autoware.ai/install/autoware_msgs/share:/home/point001/autoware.ai/install/autoware_lanelet2_msgs/share:/home/point001/autoware.ai/install/autoware_build_flags/share:${ROS_PACKAGE_PATH} /usr/bin/cmake --build /home/point001/autoware.ai/build/map_file --target tests -- -j24 -l24
[1.224s] Invoking command in '/home/point001/autoware.ai/build/map_file': CMAKE_PREFIX_PATH=/home/point001/autoware.ai/install/lanelet2_extension:/home/point001/autoware.ai/install/lanelet2_validation:/home/point001/autoware.ai/install/lanelet2_routing:/home/point001/autoware.ai/install/lanelet2_projection:/home/point001/autoware.ai/install/lanelet2_traffic_rules:/home/point001/autoware.ai/install/lanelet2_maps:/home/point001/autoware.ai/install/lanelet2_io:/home/point001/autoware.ai/install/vector_map:/home/point001/autoware.ai/install/lanelet2_core:/home/point001/autoware.ai/install/amathutils_lib:/home/point001/autoware.ai/install/vector_map_msgs:/home/point001/autoware.ai/install/autoware_msgs:/home/point001/autoware.ai/install/autoware_lanelet2_msgs:/home/point001/autoware.ai/install/autoware_build_flags:${CMAKE_PREFIX_PATH} LD_LIBRARY_PATH=/home/point001/autoware.ai/install/lanelet2_extension/lib:/home/point001/autoware.ai/install/lanelet2_validation/lib:/home/point001/autoware.ai/install/lanelet2_routing/lib:/home/point001/autoware.ai/install/lanelet2_projection/lib:/home/point001/autoware.ai/install/lanelet2_traffic_rules/lib:/home/point001/autoware.ai/install/lanelet2_io/lib:/home/point001/autoware.ai/install/vector_map/lib:/home/point001/autoware.ai/install/lanelet2_core/lib:/home/point001/autoware.ai/install/amathutils_lib/lib:/opt/ros/melodic/lib:/usr/local/cuda-10.0/lib64 PKG_CONFIG_PATH=/home/point001/autoware.ai/install/lanelet2_extension/lib/x86_64-linux-gnu/pkgconfig:/home/point001/autoware.ai/install/lanelet2_extension/lib/pkgconfig:/home/point001/autoware.ai/install/lanelet2_validation/lib/x86_64-linux-gnu/pkgconfig:/home/point001/autoware.ai/install/lanelet2_validation/lib/pkgconfig:/home/point001/autoware.ai/install/lanelet2_routing/lib/x86_64-linux-gnu/pkgconfig:/home/point001/autoware.ai/install/lanelet2_routing/lib/pkgconfig:/home/point001/autoware.ai/install/lanelet2_projection/lib/x86_64-linux-gnu/pkgconfig:/home/point001/autoware.ai/install/lanelet2_projection/lib/pkgconfig:/home/point001/autoware.ai/install/lanelet2_traffic_rules/lib/x86_64-linux-gnu/pkgconfig:/home/point001/autoware.ai/install/lanelet2_traffic_rules/lib/pkgconfig:/home/point001/autoware.ai/install/lanelet2_maps/lib/x86_64-linux-gnu/pkgconfig:/home/point001/autoware.ai/install/lanelet2_maps/lib/pkgconfig:/home/point001/autoware.ai/install/lanelet2_io/lib/x86_64-linux-gnu/pkgconfig:/home/point001/autoware.ai/install/lanelet2_io/lib/pkgconfig:/home/point001/autoware.ai/install/vector_map/lib/x86_64-linux-gnu/pkgconfig:/home/point001/autoware.ai/install/vector_map/lib/pkgconfig:/home/point001/autoware.ai/install/lanelet2_core/lib/x86_64-linux-gnu/pkgconfig:/home/point001/autoware.ai/install/lanelet2_core/lib/pkgconfig:/home/point001/autoware.ai/install/amathutils_lib/lib/x86_64-linux-gnu/pkgconfig:/home/point001/autoware.ai/install/amathutils_lib/lib/pkgconfig:/home/point001/autoware.ai/install/vector_map_msgs/lib/x86_64-linux-gnu/pkgconfig:/home/point001/autoware.ai/install/vector_map_msgs/lib/pkgconfig:/home/point001/autoware.ai/install/autoware_msgs/lib/x86_64-linux-gnu/pkgconfig:/home/point001/autoware.ai/install/autoware_msgs/lib/pkgconfig:/home/point001/autoware.ai/install/autoware_lanelet2_msgs/lib/x86_64-linux-gnu/pkgconfig:/home/point001/autoware.ai/install/autoware_lanelet2_msgs/lib/pkgconfig:/home/point001/autoware.ai/install/autoware_build_flags/lib/x86_64-linux-gnu/pkgconfig:/home/point001/autoware.ai/install/autoware_build_flags/lib/pkgconfig:${PKG_CONFIG_PATH} PYTHONPATH=/home/point001/autoware.ai/install/vector_map_msgs/lib/python2.7/dist-packages:/home/point001/autoware.ai/install/autoware_msgs/lib/python2.7/dist-packages:/home/point001/autoware.ai/install/autoware_lanelet2_msgs/lib/python2.7/dist-packages:${PYTHONPATH} ROS_PACKAGE_PATH=/home/point001/autoware.ai/install/lanelet2_extension/share:/home/point001/autoware.ai/install/lanelet2_validation/share:/home/point001/autoware.ai/install/lanelet2_routing/share:/home/point001/autoware.ai/install/lanelet2_projection/share:/home/point001/autoware.ai/install/lanelet2_traffic_rules/share:/home/point001/autoware.ai/install/lanelet2_maps/share:/home/point001/autoware.ai/install/lanelet2_io/share:/home/point001/autoware.ai/install/vector_map/share:/home/point001/autoware.ai/install/lanelet2_core/share:/home/point001/autoware.ai/install/amathutils_lib/share:/home/point001/autoware.ai/install/vector_map_msgs/share:/home/point001/autoware.ai/install/autoware_msgs/share:/home/point001/autoware.ai/install/autoware_lanelet2_msgs/share:/home/point001/autoware.ai/install/autoware_build_flags/share:${ROS_PACKAGE_PATH} /usr/bin/cmake --build /home/point001/autoware.ai/build/map_file --target install -- -j24 -l24
[1.344s] [  0%] Built target bond_generate_messages_lisp
[1.348s] [  0%] Built target sensor_msgs_generate_messages_nodejs
[1.351s] [  0%] Built target visualization_msgs_generate_messages_nodejs
[1.360s] [  0%] Built target geometry_msgs_generate_messages_py
[1.367s] [  0%] Built target dynamic_reconfigure_generate_messages_eus
[1.368s] [  0%] Built target dynamic_reconfigure_generate_messages_nodejs
[1.375s] [  0%] Built target nodelet_generate_messages_cpp
[1.382s] [  0%] Built target roscpp_generate_messages_cpp
[1.386s] [  0%] Built target bond_generate_messages_cpp
[1.386s] [  0%] Built target rosgraph_msgs_generate_messages_eus
[1.395s] [  0%] Built target jsk_recognition_msgs_generate_messages_lisp
[1.395s] [  0%] Built target jsk_recognition_msgs_generate_messages_eus
[1.395s] [  0%] Built target tf2_msgs_generate_messages_cpp
[1.396s] [  0%] Built target bond_generate_messages_nodejs
[1.397s] [  0%] Built target pcl_msgs_generate_messages_eus
[1.398s] [  0%] Built target dynamic_reconfigure_generate_messages_py
[1.403s] [  0%] Built target nodelet_generate_messages_eus
[1.410s] [  0%] Built target dynamic_reconfigure_generate_messages_lisp
[1.416s] [  0%] Built target bond_generate_messages_eus
[1.416s] [  0%] Built target visualization_msgs_generate_messages_py
[1.421s] [  0%] Built target actionlib_generate_messages_cpp
[1.422s] [  0%] Built target nodelet_generate_messages_nodejs
[1.425s] [  0%] Built target pcl_ros_gencfg
[1.430s] [  0%] Built target vector_map_msgs_generate_messages_nodejs
[1.439s] [  0%] Built target rosgraph_msgs_generate_messages_cpp
[1.450s] [  0%] Built target autoware_msgs_generate_messages_py
[1.452s] [  0%] Built target std_srvs_generate_messages_lisp
[1.461s] [  0%] Built target std_msgs_generate_messages_nodejs
[1.462s] [  0%] Built target bond_generate_messages_py
[1.466s] [  0%] Built target std_msgs_generate_messages_py
[1.470s] [  0%] Built target nodelet_generate_messages_lisp
[1.470s] [  0%] Built target _catkin_empty_exported_target
[1.473s] [  0%] Built target std_srvs_generate_messages_cpp
[1.477s] [  0%] Built target pcl_msgs_generate_messages_nodejs
[1.480s] [  0%] Built target sensor_msgs_generate_messages_eus
[1.483s] [  0%] Built target sensor_msgs_generate_messages_cpp
[1.493s] [  0%] Built target jsk_recognition_msgs_generate_messages_py
[1.502s] [  0%] Built target nodelet_generate_messages_py
[1.502s] [  0%] Built target tf_generate_messages_py
[1.502s] [  0%] Built target topic_tools_generate_messages_py
[1.503s] [  0%] Built target sensor_msgs_generate_messages_lisp
[1.512s] [  0%] Built target geometry_msgs_generate_messages_eus
[1.521s] [  0%] Built target std_msgs_generate_messages_cpp
[1.522s] [  0%] Built target jsk_footstep_msgs_generate_messages_py
[1.527s] [  0%] Built target actionlib_msgs_generate_messages_nodejs
[1.529s] [  0%] Built target jsk_recognition_msgs_generate_messages_cpp
[1.534s] [  0%] Built target autoware_msgs_generate_messages_cpp
[1.542s] [  0%] Built target sensor_msgs_generate_messages_py
[1.544s] [  0%] Built target dynamic_reconfigure_generate_messages_cpp
[1.554s] [  0%] Built target nodelet_topic_tools_gencfg
[1.558s] [  0%] Built target autoware_msgs_generate_messages_lisp
[1.561s] [  0%] Built target topic_tools_generate_messages_lisp
[1.564s] [  0%] Built target visualization_msgs_generate_messages_lisp
[1.566s] [  0%] Built target std_msgs_generate_messages_eus
[1.566s] [  0%] Built target autoware_msgs_generate_messages_eus
[1.573s] [  0%] Built target geometry_msgs_generate_messages_lisp
[1.573s] [  0%] Built target pcl_msgs_generate_messages_cpp
[1.588s] [  0%] Built target geometry_msgs_generate_messages_nodejs
[1.588s] [  0%] Built target actionlib_msgs_generate_messages_lisp
[1.590s] [  0%] Built target autoware_msgs_generate_messages_nodejs
[1.591s] [  0%] Built target std_msgs_generate_messages_lisp
[1.604s] [  0%] Built target tf_generate_messages_eus
[1.606s] [  0%] Built target jsk_footstep_msgs_generate_messages_lisp
[1.606s] [  0%] Built target actionlib_msgs_generate_messages_cpp
[1.609s] [  0%] Built target jsk_footstep_msgs_generate_messages_nodejs
[1.609s] [  0%] Built target roscpp_generate_messages_nodejs
[1.620s] [  0%] Built target tf_generate_messages_lisp
[1.620s] [  0%] Built target std_srvs_generate_messages_eus
[1.621s] [  0%] Built target jsk_footstep_msgs_generate_messages_eus
[1.621s] [  0%] Built target tf_generate_messages_nodejs
[1.624s] [  0%] Built target rosgraph_msgs_generate_messages_py
[1.631s] [  0%] Built target jsk_recognition_msgs_generate_messages_nodejs
[1.634s] [  0%] Built target actionlib_msgs_generate_messages_eus
[1.638s] [  0%] Built target rosgraph_msgs_generate_messages_lisp
[1.645s] [  0%] Built target autoware_lanelet2_msgs_generate_messages_py
[1.646s] [  0%] Built target jsk_footstep_msgs_generate_messages_cpp
[1.649s] [  0%] Built target actionlib_msgs_generate_messages_py
[1.652s] [  0%] Built target tf_generate_messages_cpp
[1.654s] [  0%] Built target roscpp_generate_messages_eus
[1.655s] [  0%] Built target autoware_lanelet2_msgs_generate_messages_cpp
[1.656s] [  0%] Built target roscpp_generate_messages_lisp
[1.658s] [  0%] Built target actionlib_generate_messages_lisp
[1.659s] [  0%] Built target geometry_msgs_generate_messages_cpp
[1.664s] [  0%] Built target tf2_msgs_generate_messages_lisp
[1.666s] [  0%] Built target pcl_msgs_generate_messages_py
[1.666s] [  0%] Built target rosgraph_msgs_generate_messages_nodejs
[1.674s] [  0%] Built target tf2_msgs_generate_messages_py
[1.674s] [  0%] Built target actionlib_generate_messages_py
[1.674s] [  0%] Built target pcl_msgs_generate_messages_lisp
[1.675s] [  0%] Built target autoware_lanelet2_msgs_generate_messages_eus
[1.682s] [  0%] Built target actionlib_generate_messages_eus
[1.685s] [  0%] Built target autoware_lanelet2_msgs_generate_messages_nodejs
[1.694s] [  0%] Built target visualization_msgs_generate_messages_eus
[1.700s] [  0%] Built target tf2_msgs_generate_messages_nodejs
[1.701s] [  0%] Built target visualization_msgs_generate_messages_cpp
[1.705s] [  0%] Built target dynamic_reconfigure_gencfg
[1.709s] [  0%] Built target vector_map_msgs_generate_messages_cpp
[1.710s] [  0%] Built target autoware_lanelet2_msgs_generate_messages_lisp
[1.712s] [  0%] Built target actionlib_generate_messages_nodejs
[1.715s] [  0%] Built target tf2_msgs_generate_messages_eus
[1.716s] [  0%] Built target vector_map_msgs_generate_messages_py
[1.717s] [  0%] Built target vector_map_msgs_generate_messages_eus
[1.720s] [  0%] Built target roscpp_generate_messages_py
[1.720s] [  0%] Built target topic_tools_generate_messages_cpp
[1.725s] [  0%] Built target std_srvs_generate_messages_nodejs
[1.725s] [  0%] Built target topic_tools_generate_messages_eus
[1.728s] [  0%] Built target vector_map_msgs_generate_messages_lisp
[1.729s] [  0%] Built target topic_tools_generate_messages_nodejs
[1.730s] [  0%] Built target std_srvs_generate_messages_py
[1.730s] [ 15%] Built target get_file
[1.759s] [ 30%] Built target vector_map_loader
[1.763s] [ 46%] Built target lanelet2_map_visualization
[1.764s] [ 61%] Built target lanelet2_map_loader
[1.765s] [ 84%] Built target points_map_filter
[1.767s] [100%] Built target points_map_loader
[1.793s] [36mInstall the project...[0m
[1.802s] -- Install configuration: "Release"
[1.803s] -- Up-to-date: /home/point001/autoware.ai/install/map_file/lib/pkgconfig/map_file.pc
[1.803s] -- Up-to-date: /home/point001/autoware.ai/install/map_file/share/map_file/cmake/map_fileConfig.cmake
[1.803s] -- Up-to-date: /home/point001/autoware.ai/install/map_file/share/map_file/cmake/map_fileConfig-version.cmake
[1.803s] -- Up-to-date: /home/point001/autoware.ai/install/map_file/share/map_file/package.xml
[1.803s] -- Up-to-date: /home/point001/autoware.ai/install/map_file/lib/libget_file.so
[1.803s] -- Up-to-date: /home/point001/autoware.ai/install/map_file/lib/map_file/points_map_loader
[1.803s] -- Up-to-date: /home/point001/autoware.ai/install/map_file/lib/map_file/vector_map_loader
[1.804s] -- Up-to-date: /home/point001/autoware.ai/install/map_file/lib/map_file/lanelet2_map_loader
[1.804s] -- Up-to-date: /home/point001/autoware.ai/install/map_file/lib/map_file/lanelet2_map_visualization
[1.804s] -- Up-to-date: /home/point001/autoware.ai/install/map_file/lib/map_file/points_map_filter
[1.804s] -- Up-to-date: /home/point001/autoware.ai/install/map_file/include/map_file
[1.804s] -- Up-to-date: /home/point001/autoware.ai/install/map_file/include/map_file/points_map_filter.h
[1.805s] -- Up-to-date: /home/point001/autoware.ai/install/map_file/include/map_file/get_file.h
[1.805s] -- Up-to-date: /home/point001/autoware.ai/install/map_file/share/map_file/launch
[1.805s] -- Up-to-date: /home/point001/autoware.ai/install/map_file/share/map_file/launch/lanelet2_map_loader.launch
[1.805s] -- Up-to-date: /home/point001/autoware.ai/install/map_file/share/map_file/launch/map_filter.launch
[1.805s] -- Up-to-date: /home/point001/autoware.ai/install/map_file/share/map_file/launch/vector_map_loader.launch
[1.805s] -- Up-to-date: /home/point001/autoware.ai/install/map_file/share/map_file/launch/points_map_loader.launch
[1.805s] -- Up-to-date: /home/point001/autoware.ai/install/map_file/share/map_file/launch/map_downloader.launch
[1.809s] Invoked command in '/home/point001/autoware.ai/build/map_file' returned '0': CMAKE_PREFIX_PATH=/home/point001/autoware.ai/install/lanelet2_extension:/home/point001/autoware.ai/install/lanelet2_validation:/home/point001/autoware.ai/install/lanelet2_routing:/home/point001/autoware.ai/install/lanelet2_projection:/home/point001/autoware.ai/install/lanelet2_traffic_rules:/home/point001/autoware.ai/install/lanelet2_maps:/home/point001/autoware.ai/install/lanelet2_io:/home/point001/autoware.ai/install/vector_map:/home/point001/autoware.ai/install/lanelet2_core:/home/point001/autoware.ai/install/amathutils_lib:/home/point001/autoware.ai/install/vector_map_msgs:/home/point001/autoware.ai/install/autoware_msgs:/home/point001/autoware.ai/install/autoware_lanelet2_msgs:/home/point001/autoware.ai/install/autoware_build_flags:${CMAKE_PREFIX_PATH} LD_LIBRARY_PATH=/home/point001/autoware.ai/install/lanelet2_extension/lib:/home/point001/autoware.ai/install/lanelet2_validation/lib:/home/point001/autoware.ai/install/lanelet2_routing/lib:/home/point001/autoware.ai/install/lanelet2_projection/lib:/home/point001/autoware.ai/install/lanelet2_traffic_rules/lib:/home/point001/autoware.ai/install/lanelet2_io/lib:/home/point001/autoware.ai/install/vector_map/lib:/home/point001/autoware.ai/install/lanelet2_core/lib:/home/point001/autoware.ai/install/amathutils_lib/lib:/opt/ros/melodic/lib:/usr/local/cuda-10.0/lib64 PKG_CONFIG_PATH=/home/point001/autoware.ai/install/lanelet2_extension/lib/x86_64-linux-gnu/pkgconfig:/home/point001/autoware.ai/install/lanelet2_extension/lib/pkgconfig:/home/point001/autoware.ai/install/lanelet2_validation/lib/x86_64-linux-gnu/pkgconfig:/home/point001/autoware.ai/install/lanelet2_validation/lib/pkgconfig:/home/point001/autoware.ai/install/lanelet2_routing/lib/x86_64-linux-gnu/pkgconfig:/home/point001/autoware.ai/install/lanelet2_routing/lib/pkgconfig:/home/point001/autoware.ai/install/lanelet2_projection/lib/x86_64-linux-gnu/pkgconfig:/home/point001/autoware.ai/install/lanelet2_projection/lib/pkgconfig:/home/point001/autoware.ai/install/lanelet2_traffic_rules/lib/x86_64-linux-gnu/pkgconfig:/home/point001/autoware.ai/install/lanelet2_traffic_rules/lib/pkgconfig:/home/point001/autoware.ai/install/lanelet2_maps/lib/x86_64-linux-gnu/pkgconfig:/home/point001/autoware.ai/install/lanelet2_maps/lib/pkgconfig:/home/point001/autoware.ai/install/lanelet2_io/lib/x86_64-linux-gnu/pkgconfig:/home/point001/autoware.ai/install/lanelet2_io/lib/pkgconfig:/home/point001/autoware.ai/install/vector_map/lib/x86_64-linux-gnu/pkgconfig:/home/point001/autoware.ai/install/vector_map/lib/pkgconfig:/home/point001/autoware.ai/install/lanelet2_core/lib/x86_64-linux-gnu/pkgconfig:/home/point001/autoware.ai/install/lanelet2_core/lib/pkgconfig:/home/point001/autoware.ai/install/amathutils_lib/lib/x86_64-linux-gnu/pkgconfig:/home/point001/autoware.ai/install/amathutils_lib/lib/pkgconfig:/home/point001/autoware.ai/install/vector_map_msgs/lib/x86_64-linux-gnu/pkgconfig:/home/point001/autoware.ai/install/vector_map_msgs/lib/pkgconfig:/home/point001/autoware.ai/install/autoware_msgs/lib/x86_64-linux-gnu/pkgconfig:/home/point001/autoware.ai/install/autoware_msgs/lib/pkgconfig:/home/point001/autoware.ai/install/autoware_lanelet2_msgs/lib/x86_64-linux-gnu/pkgconfig:/home/point001/autoware.ai/install/autoware_lanelet2_msgs/lib/pkgconfig:/home/point001/autoware.ai/install/autoware_build_flags/lib/x86_64-linux-gnu/pkgconfig:/home/point001/autoware.ai/install/autoware_build_flags/lib/pkgconfig:${PKG_CONFIG_PATH} PYTHONPATH=/home/point001/autoware.ai/install/vector_map_msgs/lib/python2.7/dist-packages:/home/point001/autoware.ai/install/autoware_msgs/lib/python2.7/dist-packages:/home/point001/autoware.ai/install/autoware_lanelet2_msgs/lib/python2.7/dist-packages:${PYTHONPATH} ROS_PACKAGE_PATH=/home/point001/autoware.ai/install/lanelet2_extension/share:/home/point001/autoware.ai/install/lanelet2_validation/share:/home/point001/autoware.ai/install/lanelet2_routing/share:/home/point001/autoware.ai/install/lanelet2_projection/share:/home/point001/autoware.ai/install/lanelet2_traffic_rules/share:/home/point001/autoware.ai/install/lanelet2_maps/share:/home/point001/autoware.ai/install/lanelet2_io/share:/home/point001/autoware.ai/install/vector_map/share:/home/point001/autoware.ai/install/lanelet2_core/share:/home/point001/autoware.ai/install/amathutils_lib/share:/home/point001/autoware.ai/install/vector_map_msgs/share:/home/point001/autoware.ai/install/autoware_msgs/share:/home/point001/autoware.ai/install/autoware_lanelet2_msgs/share:/home/point001/autoware.ai/install/autoware_build_flags/share:${ROS_PACKAGE_PATH} /usr/bin/cmake --build /home/point001/autoware.ai/build/map_file --target install -- -j24 -l24
