[  0%] Built target topic_tools_generate_messages_nodejs
[  0%] Built target tf_generate_messages_nodejs
[  0%] Built target std_srvs_generate_messages_nodejs
[  0%] Built target tf_generate_messages_lisp
[  0%] Built target vector_map_server_generate_messages_eus
[  0%] Built target topic_tools_generate_messages_cpp
[  0%] Built target vector_map_server_generate_messages_nodejs
[  0%] Built target tf_generate_messages_py
[  0%] Built target std_srvs_generate_messages_py
[ 53%] Built target op_bag_player
[ 53%] Built target topic_tools_generate_messages_eus
[ 53%] Built target std_srvs_generate_messages_lisp
[ 69%] Built target sensor_msgs_generate_messages_eus
[ 76%] Built target op_data_logger
[ 76%] Built target autoware_msgs_generate_messages_cpp
[ 76%] Built target jsk_recognition_msgs_generate_messages_py
[ 76%] Built target pcl_msgs_generate_messages_nodejs
[ 76%] Built target std_srvs_generate_messages_cpp
[ 76%] Built target rosgraph_msgs_generate_messages_cpp
[ 76%] Built target _catkin_empty_exported_target
[ 76%] Built target sensor_msgs_generate_messages_lisp
[ 76%] Built target std_msgs_generate_messages_cpp
[ 76%] Built target sensor_msgs_generate_messages_py
[ 76%] Built target sensor_msgs_generate_messages_cpp
[ 76%] Built target jsk_footstep_msgs_generate_messages_py
[ 76%] Built target actionlib_msgs_generate_messages_nodejs
[ 76%] Built target topic_tools_generate_messages_py
[ 76%] Built target std_msgs_generate_messages_nodejs
[ 76%] Built target geometry_msgs_generate_messages_lisp
[ 76%] Built target geometry_msgs_generate_messages_eus
[ 76%] Built target roscpp_generate_messages_nodejs
[ 76%] Built target vector_map_msgs_generate_messages_nodejs
[ 76%] Built target pcl_msgs_generate_messages_cpp
[ 76%] Built target geometry_msgs_generate_messages_nodejs
[ 76%] Built target visualization_msgs_generate_messages_nodejs
[ 76%] Built target jsk_recognition_msgs_generate_messages_cpp
[ 76%] Built target topic_tools_generate_messages_lisp
[ 76%] Built target autoware_msgs_generate_messages_eus
[ 76%] Built target autoware_msgs_generate_messages_lisp
[ 76%] Built target visualization_msgs_generate_messages_lisp
[ 76%] Built target std_msgs_generate_messages_eus
[ 76%] Built target jsk_footstep_msgs_generate_messages_eus
[ 76%] Built target actionlib_msgs_generate_messages_py
[ 76%] Built target jsk_footstep_msgs_generate_messages_lisp
[ 76%] Built target autoware_msgs_generate_messages_nodejs
[ 76%] Built target vector_map_msgs_generate_messages_py
[ 76%] Built target actionlib_msgs_generate_messages_lisp
[ 76%] Built target vector_map_server_generate_messages_lisp
[ 76%] Built target jsk_footstep_msgs_generate_messages_cpp
[ 76%] Built target actionlib_generate_messages_eus
[ 76%] Built target pcl_msgs_generate_messages_py
[ 76%] Built target actionlib_msgs_generate_messages_cpp
[ 76%] Built target tf_generate_messages_eus
[ 76%] Built target jsk_footstep_msgs_generate_messages_nodejs
[ 76%] Built target geometry_msgs_generate_messages_cpp
[ 76%] Built target actionlib_generate_messages_lisp
[ 76%] Built target tf_generate_messages_cpp
[ 76%] Built target vector_map_msgs_generate_messages_lisp
[ 76%] Built target rosgraph_msgs_generate_messages_lisp
[ 76%] Built target std_srvs_generate_messages_eus
[ 76%] Built target roscpp_generate_messages_lisp
[ 76%] Built target std_msgs_generate_messages_lisp
[ 76%] Built target pcl_msgs_generate_messages_lisp
[ 76%] Built target actionlib_generate_messages_nodejs
[ 76%] Built target rosgraph_msgs_generate_messages_nodejs
[ 76%] Built target vector_map_server_generate_messages_py
[ 76%] Built target jsk_recognition_msgs_generate_messages_nodejs
[ 76%] Built target roscpp_generate_messages_eus
[ 76%] Built target rosgraph_msgs_generate_messages_py
[ 76%] Built target actionlib_generate_messages_py
[ 76%] Built target actionlib_msgs_generate_messages_eus
[ 76%] Built target tf2_msgs_generate_messages_py
[ 76%] Built target tf2_msgs_generate_messages_eus
[ 76%] Built target tf2_msgs_generate_messages_nodejs
[ 76%] Built target visualization_msgs_generate_messages_cpp
[ 76%] Built target visualization_msgs_generate_messages_py
[ 76%] Built target tf2_msgs_generate_messages_lisp
[ 76%] Built target vector_map_msgs_generate_messages_cpp
[ 76%] Built target vector_map_server_generate_messages_cpp
[ 76%] Built target roscpp_generate_messages_py
[ 76%] Built target visualization_msgs_generate_messages_eus
[ 76%] Built target jsk_recognition_msgs_generate_messages_eus
[ 76%] Built target std_msgs_generate_messages_py
[ 76%] Built target autoware_msgs_generate_messages_py
[ 76%] Built target actionlib_generate_messages_cpp
[ 76%] Built target roscpp_generate_messages_cpp
[ 76%] Built target vector_map_msgs_generate_messages_eus
[ 76%] Built target jsk_recognition_msgs_generate_messages_lisp
[ 76%] Built target tf2_msgs_generate_messages_cpp
[ 76%] Built target rosgraph_msgs_generate_messages_eus
[ 76%] Built target geometry_msgs_generate_messages_py
[ 76%] Built target sensor_msgs_generate_messages_nodejs
[ 76%] Built target pcl_msgs_generate_messages_eus
[100%] Built target op_pose2tf
Built target tests
[  0%] Built target std_srvs_generate_messages_py
[  0%] Built target vector_map_server_generate_messages_nodejs
[  0%] Built target topic_tools_generate_messages_nodejs
[  0%] Built target vector_map_server_generate_messages_eus
[  0%] Built target tf_generate_messages_nodejs
[  0%] Built target std_srvs_generate_messages_nodejs
[  0%] Built target topic_tools_generate_messages_eus
[  0%] Built target topic_tools_generate_messages_cpp
[  0%] Built target tf_generate_messages_py
[  0%] Built target tf_generate_messages_lisp
[ 53%] Built target op_bag_player
[ 76%] Built target op_data_logger
[ 76%] Built target sensor_msgs_generate_messages_eus
[ 76%] Built target pcl_msgs_generate_messages_nodejs
[ 76%] Built target std_msgs_generate_messages_py
[ 76%] Built target autoware_msgs_generate_messages_py
[ 76%] Built target std_srvs_generate_messages_lisp
[ 76%] Built target tf2_msgs_generate_messages_cpp
[ 76%] Built target std_srvs_generate_messages_cpp
[ 76%] Built target jsk_recognition_msgs_generate_messages_py
[ 76%] Built target std_msgs_generate_messages_nodejs
[ 76%] Built target sensor_msgs_generate_messages_lisp
[ 76%] Built target sensor_msgs_generate_messages_py
[ 76%] Built target rosgraph_msgs_generate_messages_cpp
[ 76%] Built target visualization_msgs_generate_messages_nodejs
[ 76%] Built target vector_map_msgs_generate_messages_nodejs
[ 76%] Built target jsk_footstep_msgs_generate_messages_py
[ 76%] Built target std_msgs_generate_messages_lisp
[ 76%] Built target roscpp_generate_messages_nodejs
[ 76%] Built target geometry_msgs_generate_messages_eus
[ 76%] Built target std_msgs_generate_messages_cpp
[ 76%] Built target actionlib_msgs_generate_messages_nodejs
[ 76%] Built target pcl_msgs_generate_messages_cpp
[ 76%] Built target geometry_msgs_generate_messages_lisp
[ 76%] Built target geometry_msgs_generate_messages_nodejs
[ 76%] Built target jsk_recognition_msgs_generate_messages_cpp
[ 76%] Built target topic_tools_generate_messages_py
[ 76%] Built target visualization_msgs_generate_messages_lisp
[ 76%] Built target autoware_msgs_generate_messages_eus
[ 76%] Built target autoware_msgs_generate_messages_lisp
[ 76%] Built target actionlib_msgs_generate_messages_py
[ 76%] Built target jsk_footstep_msgs_generate_messages_eus
[ 76%] Built target autoware_msgs_generate_messages_nodejs
[ 76%] Built target topic_tools_generate_messages_lisp
[ 76%] Built target std_msgs_generate_messages_eus
[ 76%] Built target jsk_footstep_msgs_generate_messages_lisp
[ 76%] Built target vector_map_server_generate_messages_lisp
[ 76%] Built target jsk_footstep_msgs_generate_messages_nodejs
[ 76%] Built target tf_generate_messages_eus
[ 76%] Built target vector_map_msgs_generate_messages_py
[ 76%] Built target jsk_footstep_msgs_generate_messages_cpp
[ 76%] Built target actionlib_generate_messages_lisp
[ 76%] Built target actionlib_msgs_generate_messages_cpp
[ 76%] Built target autoware_msgs_generate_messages_cpp
[ 76%] Built target sensor_msgs_generate_messages_cpp
[ 76%] Built target _catkin_empty_exported_target
[ 76%] Built target tf_generate_messages_cpp
[ 76%] Built target geometry_msgs_generate_messages_cpp
[ 76%] Built target actionlib_generate_messages_nodejs
[ 76%] Built target pcl_msgs_generate_messages_lisp
[ 76%] Built target roscpp_generate_messages_py
[ 76%] Built target rosgraph_msgs_generate_messages_lisp
[ 76%] Built target roscpp_generate_messages_eus
[ 76%] Built target jsk_recognition_msgs_generate_messages_nodejs
[ 76%] Built target rosgraph_msgs_generate_messages_nodejs
[ 76%] Built target roscpp_generate_messages_lisp
[ 76%] Built target std_srvs_generate_messages_eus
[ 76%] Built target vector_map_server_generate_messages_py
[ 76%] Built target actionlib_generate_messages_py
[ 76%] Built target tf2_msgs_generate_messages_lisp
[ 76%] Built target actionlib_msgs_generate_messages_eus
[ 76%] Built target tf2_msgs_generate_messages_eus
[ 76%] Built target rosgraph_msgs_generate_messages_py
[ 76%] Built target tf2_msgs_generate_messages_nodejs
[ 76%] Built target tf2_msgs_generate_messages_py
[ 76%] Built target vector_map_msgs_generate_messages_cpp
[ 76%] Built target visualization_msgs_generate_messages_cpp
[ 76%] Built target visualization_msgs_generate_messages_py
[ 76%] Built target vector_map_msgs_generate_messages_eus
[ 76%] Built target roscpp_generate_messages_cpp
[ 76%] Built target vector_map_server_generate_messages_cpp
[ 76%] Built target visualization_msgs_generate_messages_eus
[ 76%] Built target actionlib_generate_messages_eus
[ 76%] Built target vector_map_msgs_generate_messages_lisp
[ 76%] Built target pcl_msgs_generate_messages_py
[ 76%] Built target actionlib_msgs_generate_messages_lisp
[ 76%] Built target jsk_recognition_msgs_generate_messages_eus
[ 76%] Built target rosgraph_msgs_generate_messages_eus
[ 76%] Built target jsk_recognition_msgs_generate_messages_lisp
[ 76%] Built target actionlib_generate_messages_cpp
[ 76%] Built target pcl_msgs_generate_messages_eus
[ 76%] Built target sensor_msgs_generate_messages_nodejs
[ 76%] Built target geometry_msgs_generate_messages_py
[100%] Built target op_pose2tf
[36mInstall the project...[0m
-- Install configuration: "Release"
-- Up-to-date: /home/point001/autoware.ai/install/op_utilities/lib/pkgconfig/op_utilities.pc
-- Up-to-date: /home/point001/autoware.ai/install/op_utilities/share/op_utilities/cmake/op_utilitiesConfig.cmake
-- Up-to-date: /home/point001/autoware.ai/install/op_utilities/share/op_utilities/cmake/op_utilitiesConfig-version.cmake
-- Up-to-date: /home/point001/autoware.ai/install/op_utilities/share/op_utilities/package.xml
-- Up-to-date: /home/point001/autoware.ai/install/op_utilities/lib/op_utilities/op_pose2tf
-- Up-to-date: /home/point001/autoware.ai/install/op_utilities/lib/op_utilities/op_data_logger
-- Up-to-date: /home/point001/autoware.ai/install/op_utilities/lib/op_utilities/op_bag_player
-- Up-to-date: /home/point001/autoware.ai/install/op_utilities/share/op_utilities/launch
-- Up-to-date: /home/point001/autoware.ai/install/op_utilities/share/op_utilities/launch/op_data_logger.launch
-- Up-to-date: /home/point001/autoware.ai/install/op_utilities/share/op_utilities/launch/op_map_converter.launch
-- Up-to-date: /home/point001/autoware.ai/install/op_utilities/share/op_utilities/launch/op_bag_player.launch
-- Up-to-date: /home/point001/autoware.ai/install/op_utilities/share/op_utilities/launch/op_pose2tf.launch
