Determining if the pthread_create exist failed with the following output:
Change Dir: /home/point001/autoware.ai/build/obj_db/CMakeFiles/CMakeTmp

Run Build Command:"/usr/bin/make" "cmTC_5bf9d/fast"
/usr/bin/make -f CMakeFiles/cmTC_5bf9d.dir/build.make CMakeFiles/cmTC_5bf9d.dir/build
make[1]: Entering directory '/home/point001/autoware.ai/build/obj_db/CMakeFiles/CMakeTmp'
Building C object CMakeFiles/cmTC_5bf9d.dir/CheckSymbolExists.c.o
/usr/bin/cc    -o CMakeFiles/cmTC_5bf9d.dir/CheckSymbolExists.c.o   -c /home/point001/autoware.ai/build/obj_db/CMakeFiles/CMakeTmp/CheckSymbolExists.c
Linking C executable cmTC_5bf9d
/usr/bin/cmake -E cmake_link_script CMakeFiles/cmTC_5bf9d.dir/link.txt --verbose=1
/usr/bin/cc      -rdynamic CMakeFiles/cmTC_5bf9d.dir/CheckSymbolExists.c.o  -o cmTC_5bf9d 
CMakeFiles/cmTC_5bf9d.dir/CheckSymbolExists.c.o: In function `main':
CheckSymbolExists.c:(.text+0x1b): undefined reference to `pthread_create'
collect2: error: ld returned 1 exit status
CMakeFiles/cmTC_5bf9d.dir/build.make:97: recipe for target 'cmTC_5bf9d' failed
make[1]: *** [cmTC_5bf9d] Error 1
make[1]: Leaving directory '/home/point001/autoware.ai/build/obj_db/CMakeFiles/CMakeTmp'
Makefile:126: recipe for target 'cmTC_5bf9d/fast' failed
make: *** [cmTC_5bf9d/fast] Error 2

File /home/point001/autoware.ai/build/obj_db/CMakeFiles/CMakeTmp/CheckSymbolExists.c:
/* */
#include <pthread.h>

int main(int argc, char** argv)
{
  (void)argv;
#ifndef pthread_create
  return ((int*)(&pthread_create))[argc];
#else
  (void)argc;
  return 0;
#endif
}

Determining if the function pthread_create exists in the pthreads failed with the following output:
Change Dir: /home/point001/autoware.ai/build/obj_db/CMakeFiles/CMakeTmp

Run Build Command:"/usr/bin/make" "cmTC_de43b/fast"
/usr/bin/make -f CMakeFiles/cmTC_de43b.dir/build.make CMakeFiles/cmTC_de43b.dir/build
make[1]: Entering directory '/home/point001/autoware.ai/build/obj_db/CMakeFiles/CMakeTmp'
Building C object CMakeFiles/cmTC_de43b.dir/CheckFunctionExists.c.o
/usr/bin/cc   -DCHECK_FUNCTION_EXISTS=pthread_create   -o CMakeFiles/cmTC_de43b.dir/CheckFunctionExists.c.o   -c /usr/share/cmake-3.10/Modules/CheckFunctionExists.c
Linking C executable cmTC_de43b
/usr/bin/cmake -E cmake_link_script CMakeFiles/cmTC_de43b.dir/link.txt --verbose=1
/usr/bin/cc  -DCHECK_FUNCTION_EXISTS=pthread_create    -rdynamic CMakeFiles/cmTC_de43b.dir/CheckFunctionExists.c.o  -o cmTC_de43b -lpthreads 
/usr/bin/ld: cannot find -lpthreads
collect2: error: ld returned 1 exit status
CMakeFiles/cmTC_de43b.dir/build.make:97: recipe for target 'cmTC_de43b' failed
make[1]: *** [cmTC_de43b] Error 1
make[1]: Leaving directory '/home/point001/autoware.ai/build/obj_db/CMakeFiles/CMakeTmp'
Makefile:126: recipe for target 'cmTC_de43b/fast' failed
make: *** [cmTC_de43b/fast] Error 2


