[0.185s] Invoking command in '/home/point001/autoware.ai/build/autoware_health_checker': CMAKE_PREFIX_PATH=/home/point001/autoware.ai/install/ros_observer:/home/point001/autoware.ai/install/autoware_system_msgs:${CMAKE_PREFIX_PATH} LD_LIBRARY_PATH=/home/point001/autoware.ai/install/ros_observer/lib:/opt/ros/melodic/lib:/usr/local/cuda-10.0/lib64 PKG_CONFIG_PATH=/home/point001/autoware.ai/install/ros_observer/lib/x86_64-linux-gnu/pkgconfig:/home/point001/autoware.ai/install/ros_observer/lib/pkgconfig:/home/point001/autoware.ai/install/autoware_system_msgs/lib/x86_64-linux-gnu/pkgconfig:/home/point001/autoware.ai/install/autoware_system_msgs/lib/pkgconfig:${PKG_CONFIG_PATH} PYTHONPATH=/home/point001/autoware.ai/install/autoware_system_msgs/lib/python2.7/dist-packages:${PYTHONPATH} ROS_PACKAGE_PATH=/home/point001/autoware.ai/install/ros_observer/share:/home/point001/autoware.ai/install/autoware_system_msgs/share:${ROS_PACKAGE_PATH} /usr/bin/cmake --build /home/point001/autoware.ai/build/autoware_health_checker -- -j24 -l24
[0.284s] [  0%] Built target people_msgs_generate_messages_lisp
[0.286s] [  0%] Built target visualization_msgs_generate_messages_eus
[0.287s] [  0%] Built target rviz_generate_messages_py
[0.290s] [  0%] Built target tf_generate_messages_lisp
[0.290s] [  0%] Built target map_msgs_generate_messages_lisp
[0.294s] [  0%] Built target nav_msgs_generate_messages_nodejs
[0.294s] [  0%] Built target tf2_msgs_generate_messages_cpp
[0.294s] [  0%] Built target topic_tools_generate_messages_nodejs
[0.294s] [  0%] Built target visualization_msgs_generate_messages_py
[0.295s] [  0%] Built target rviz_generate_messages_cpp
[0.303s] [  0%] Built target tf2_msgs_generate_messages_py
[0.304s] [  0%] Built target tf2_msgs_generate_messages_nodejs
[0.304s] [  0%] Built target actionlib_generate_messages_py
[0.304s] [  0%] Built target visualization_msgs_generate_messages_nodejs
[0.306s] [  0%] Built target tf_generate_messages_nodejs
[0.307s] [  0%] Built target map_msgs_generate_messages_cpp
[0.307s] [  0%] Built target people_msgs_generate_messages_eus
[0.307s] [  0%] Built target tf2_msgs_generate_messages_eus
[0.309s] [  0%] Built target rviz_generate_messages_eus
[0.310s] [  0%] Built target nav_msgs_generate_messages_eus
[0.310s] [  0%] Built target dynamic_reconfigure_generate_messages_nodejs
[0.310s] [  0%] Built target people_msgs_generate_messages_cpp
[0.319s] [  0%] Built target visualization_msgs_generate_messages_cpp
[0.319s] [  0%] Built target topic_tools_generate_messages_cpp
[0.323s] [  0%] Built target std_srvs_generate_messages_py
[0.327s] [  0%] Built target actionlib_generate_messages_cpp
[0.327s] [  0%] Built target std_srvs_generate_messages_nodejs
[0.327s] [  0%] Built target bond_generate_messages_nodejs
[0.331s] [  0%] Built target std_srvs_generate_messages_lisp
[0.338s] [  0%] Built target bond_generate_messages_cpp
[0.338s] [  0%] Built target nodelet_generate_messages_lisp
[0.339s] [  0%] Built target dynamic_reconfigure_gencfg
[0.339s] [  0%] Built target bond_generate_messages_py
[0.339s] [  0%] Built target topic_tools_generate_messages_eus
[0.339s] [  0%] Built target nodelet_generate_messages_cpp
[0.339s] [  0%] Built target tf2_msgs_generate_messages_lisp
[0.339s] [  0%] Built target nodelet_generate_messages_eus
[0.339s] [  0%] Built target bond_generate_messages_eus
[0.339s] [  0%] Built target nodelet_generate_messages_nodejs
[0.340s] [  0%] Built target jsk_rviz_plugins_generate_messages_py
[0.341s] [  0%] Built target nav_msgs_generate_messages_py
[0.343s] [  0%] Built target jsk_hark_msgs_generate_messages_eus
[0.344s] [  0%] Built target map_msgs_generate_messages_eus
[0.350s] [  0%] Built target bond_generate_messages_lisp
[0.352s] [  0%] Built target rviz_generate_messages_lisp
[0.353s] [  0%] Built target jsk_rviz_plugins_generate_messages_nodejs
[0.356s] [  0%] Built target rviz_generate_messages_nodejs
[0.365s] [  0%] Built target std_msgs_generate_messages_eus
[0.366s] [  0%] Built target visualization_msgs_generate_messages_lisp
[0.366s] [  0%] Built target jsk_rviz_plugins_gencfg
[0.367s] [  0%] Built target jsk_hark_msgs_generate_messages_nodejs
[0.367s] [  0%] Built target dynamic_reconfigure_generate_messages_eus
[0.367s] [  0%] Built target diagnostic_msgs_generate_messages_nodejs
[0.374s] [  0%] Built target dynamic_reconfigure_generate_messages_py
[0.379s] [  0%] Built target sensor_msgs_generate_messages_eus
[0.379s] [  0%] Built target people_msgs_generate_messages_py
[0.379s] [  0%] Built target map_msgs_generate_messages_nodejs
[0.379s] [  0%] Built target geometry_msgs_generate_messages_eus
[0.380s] [  0%] Built target roscpp_generate_messages_py
[0.380s] [  0%] Built target std_msgs_generate_messages_py
[0.380s] [  0%] Built target sensor_msgs_generate_messages_lisp
[0.380s] [  0%] Built target autoware_system_msgs_generate_messages_cpp
[0.386s] [  0%] Built target actionlib_msgs_generate_messages_lisp
[0.386s] [  0%] Built target actionlib_msgs_generate_messages_nodejs
[0.387s] [  0%] Built target nav_msgs_generate_messages_cpp
[0.387s] [  0%] Built target std_srvs_generate_messages_cpp
[0.391s] [  0%] Built target diagnostic_msgs_generate_messages_lisp
[0.391s] [  0%] Built target diagnostic_msgs_generate_messages_eus
[0.391s] [  0%] Built target autoware_system_msgs_generate_messages_nodejs
[0.392s] [  0%] Built target topic_tools_generate_messages_py
[0.395s] [  0%] Built target nodelet_topic_tools_gencfg
[0.398s] [  0%] Built target sensor_msgs_generate_messages_nodejs
[0.399s] [  0%] Built target roscpp_generate_messages_cpp
[0.400s] [  0%] Built target autoware_system_msgs_generate_messages_py
[0.401s] [  0%] Built target jsk_footstep_msgs_generate_messages_py
[0.401s] [  0%] Built target autoware_system_msgs_generate_messages_lisp
[0.406s] [  0%] Built target actionlib_generate_messages_lisp
[0.407s] [  0%] Built target diagnostic_msgs_generate_messages_py
[0.407s] [  0%] Built target roscpp_generate_messages_nodejs
[0.407s] [  0%] Built target rosgraph_msgs_generate_messages_lisp
[0.408s] [  0%] Built target geometry_msgs_generate_messages_nodejs
[0.417s] [  0%] Built target geometry_msgs_generate_messages_cpp
[0.417s] [  0%] Built target jsk_rviz_plugins_generate_messages_cpp
[0.417s] [  0%] Built target geometry_msgs_generate_messages_lisp
[0.417s] [  0%] Built target autoware_system_msgs_generate_messages_eus
[0.418s] [  0%] Built target std_msgs_generate_messages_cpp
[0.418s] [  0%] Built target rosgraph_msgs_generate_messages_cpp
[0.418s] [  0%] Built target std_msgs_generate_messages_lisp
[0.418s] [  0%] Built target tf_generate_messages_py
[0.423s] [  0%] Built target std_srvs_generate_messages_eus
[0.423s] [  0%] Built target dynamic_reconfigure_generate_messages_cpp
[0.423s] [  0%] Built target roscpp_generate_messages_lisp
[0.427s] [  0%] Built target jsk_recognition_msgs_generate_messages_nodejs
[0.427s] [  0%] Built target jsk_rviz_plugins_generate_messages_lisp
[0.427s] [  0%] Built target jsk_hark_msgs_generate_messages_lisp
[0.427s] [  0%] Built target jsk_recognition_utils_gencfg
[0.435s] [  0%] Built target rosgraph_msgs_generate_messages_eus
[0.435s] [  0%] Built target rosgraph_msgs_generate_messages_nodejs
[0.436s] [  0%] Built target jsk_hark_msgs_generate_messages_cpp
[0.436s] [  0%] Built target jsk_footstep_msgs_generate_messages_eus
[0.436s] [  0%] Built target pcl_msgs_generate_messages_nodejs
[0.436s] [  0%] Built target std_msgs_generate_messages_nodejs
[0.436s] [  0%] Built target actionlib_msgs_generate_messages_py
[0.437s] [  0%] Built target nav_msgs_generate_messages_lisp
[0.437s] [  0%] Built target jsk_footstep_msgs_generate_messages_nodejs
[0.443s] [  0%] Built target actionlib_msgs_generate_messages_cpp
[0.443s] [  0%] Built target jsk_footstep_msgs_generate_messages_cpp
[0.444s] [  0%] Built target tf_generate_messages_eus
[0.444s] [  0%] Built target jsk_hark_msgs_generate_messages_py
[0.444s] [  0%] Built target roscpp_generate_messages_eus
[0.445s] [  0%] Built target actionlib_msgs_generate_messages_eus
[0.445s] [  0%] Built target rosgraph_msgs_generate_messages_py
[0.451s] [  0%] Built target jsk_footstep_msgs_generate_messages_lisp
[0.451s] [  0%] Built target geometry_msgs_generate_messages_py
[0.451s] [  0%] Built target topic_tools_generate_messages_lisp
[0.451s] [  0%] Built target jsk_recognition_msgs_generate_messages_eus
[0.457s] [  0%] Built target jsk_recognition_msgs_generate_messages_lisp
[0.457s] [  0%] Built target sensor_msgs_generate_messages_cpp
[0.457s] [  0%] Built target jsk_recognition_msgs_generate_messages_cpp
[0.457s] [  0%] Built target nodelet_generate_messages_py
[0.460s] [  0%] Built target jsk_recognition_msgs_generate_messages_py
[0.476s] [  0%] Built target pcl_msgs_generate_messages_eus
[0.476s] [  0%] Built target pcl_msgs_generate_messages_cpp
[0.477s] [  0%] Built target tf_generate_messages_cpp
[0.477s] [  0%] Built target people_msgs_generate_messages_nodejs
[0.477s] [  0%] Built target sensor_msgs_generate_messages_py
[0.478s] [  0%] Built target actionlib_generate_messages_nodejs
[0.478s] [  0%] Built target dynamic_reconfigure_generate_messages_lisp
[0.478s] [  0%] Built target jsk_rviz_plugins_generate_messages_eus
[0.478s] [  0%] Built target actionlib_generate_messages_eus
[0.478s] [  0%] Built target pcl_msgs_generate_messages_lisp
[0.479s] [  0%] Built target pcl_ros_gencfg
[0.480s] [  0%] Built target diagnostic_msgs_generate_messages_cpp
[0.480s] [  0%] Built target pcl_msgs_generate_messages_py
[0.480s] [  0%] Built target map_msgs_generate_messages_py
[0.508s] [ 40%] Built target health_checker
[0.515s] [ 53%] Built target system_status_subscriber
[0.521s] [ 73%] Built target health_analyzer
[0.544s] [100%] Built target health_aggregator
[0.632s] Invoked command in '/home/point001/autoware.ai/build/autoware_health_checker' returned '0': CMAKE_PREFIX_PATH=/home/point001/autoware.ai/install/ros_observer:/home/point001/autoware.ai/install/autoware_system_msgs:${CMAKE_PREFIX_PATH} LD_LIBRARY_PATH=/home/point001/autoware.ai/install/ros_observer/lib:/opt/ros/melodic/lib:/usr/local/cuda-10.0/lib64 PKG_CONFIG_PATH=/home/point001/autoware.ai/install/ros_observer/lib/x86_64-linux-gnu/pkgconfig:/home/point001/autoware.ai/install/ros_observer/lib/pkgconfig:/home/point001/autoware.ai/install/autoware_system_msgs/lib/x86_64-linux-gnu/pkgconfig:/home/point001/autoware.ai/install/autoware_system_msgs/lib/pkgconfig:${PKG_CONFIG_PATH} PYTHONPATH=/home/point001/autoware.ai/install/autoware_system_msgs/lib/python2.7/dist-packages:${PYTHONPATH} ROS_PACKAGE_PATH=/home/point001/autoware.ai/install/ros_observer/share:/home/point001/autoware.ai/install/autoware_system_msgs/share:${ROS_PACKAGE_PATH} /usr/bin/cmake --build /home/point001/autoware.ai/build/autoware_health_checker -- -j24 -l24
[1.228s] Invoking command in '/home/point001/autoware.ai/build/autoware_health_checker': CMAKE_PREFIX_PATH=/home/point001/autoware.ai/install/ros_observer:/home/point001/autoware.ai/install/autoware_system_msgs:${CMAKE_PREFIX_PATH} LD_LIBRARY_PATH=/home/point001/autoware.ai/install/ros_observer/lib:/opt/ros/melodic/lib:/usr/local/cuda-10.0/lib64 PKG_CONFIG_PATH=/home/point001/autoware.ai/install/ros_observer/lib/x86_64-linux-gnu/pkgconfig:/home/point001/autoware.ai/install/ros_observer/lib/pkgconfig:/home/point001/autoware.ai/install/autoware_system_msgs/lib/x86_64-linux-gnu/pkgconfig:/home/point001/autoware.ai/install/autoware_system_msgs/lib/pkgconfig:${PKG_CONFIG_PATH} PYTHONPATH=/home/point001/autoware.ai/install/autoware_system_msgs/lib/python2.7/dist-packages:${PYTHONPATH} ROS_PACKAGE_PATH=/home/point001/autoware.ai/install/ros_observer/share:/home/point001/autoware.ai/install/autoware_system_msgs/share:${ROS_PACKAGE_PATH} /usr/bin/cmake --build /home/point001/autoware.ai/build/autoware_health_checker --target tests -- -j24 -l24
[1.362s] [ 22%] Built target gtest
[1.413s] [100%] Built target test-autoware_health_checker
[1.435s] [100%] Built target tests
[1.616s] Invoked command in '/home/point001/autoware.ai/build/autoware_health_checker' returned '0': CMAKE_PREFIX_PATH=/home/point001/autoware.ai/install/ros_observer:/home/point001/autoware.ai/install/autoware_system_msgs:${CMAKE_PREFIX_PATH} LD_LIBRARY_PATH=/home/point001/autoware.ai/install/ros_observer/lib:/opt/ros/melodic/lib:/usr/local/cuda-10.0/lib64 PKG_CONFIG_PATH=/home/point001/autoware.ai/install/ros_observer/lib/x86_64-linux-gnu/pkgconfig:/home/point001/autoware.ai/install/ros_observer/lib/pkgconfig:/home/point001/autoware.ai/install/autoware_system_msgs/lib/x86_64-linux-gnu/pkgconfig:/home/point001/autoware.ai/install/autoware_system_msgs/lib/pkgconfig:${PKG_CONFIG_PATH} PYTHONPATH=/home/point001/autoware.ai/install/autoware_system_msgs/lib/python2.7/dist-packages:${PYTHONPATH} ROS_PACKAGE_PATH=/home/point001/autoware.ai/install/ros_observer/share:/home/point001/autoware.ai/install/autoware_system_msgs/share:${ROS_PACKAGE_PATH} /usr/bin/cmake --build /home/point001/autoware.ai/build/autoware_health_checker --target tests -- -j24 -l24
[2.156s] Invoking command in '/home/point001/autoware.ai/build/autoware_health_checker': CMAKE_PREFIX_PATH=/home/point001/autoware.ai/install/ros_observer:/home/point001/autoware.ai/install/autoware_system_msgs:${CMAKE_PREFIX_PATH} LD_LIBRARY_PATH=/home/point001/autoware.ai/install/ros_observer/lib:/opt/ros/melodic/lib:/usr/local/cuda-10.0/lib64 PKG_CONFIG_PATH=/home/point001/autoware.ai/install/ros_observer/lib/x86_64-linux-gnu/pkgconfig:/home/point001/autoware.ai/install/ros_observer/lib/pkgconfig:/home/point001/autoware.ai/install/autoware_system_msgs/lib/x86_64-linux-gnu/pkgconfig:/home/point001/autoware.ai/install/autoware_system_msgs/lib/pkgconfig:${PKG_CONFIG_PATH} PYTHONPATH=/home/point001/autoware.ai/install/autoware_system_msgs/lib/python2.7/dist-packages:${PYTHONPATH} ROS_PACKAGE_PATH=/home/point001/autoware.ai/install/ros_observer/share:/home/point001/autoware.ai/install/autoware_system_msgs/share:${ROS_PACKAGE_PATH} /usr/bin/cmake --build /home/point001/autoware.ai/build/autoware_health_checker --target install -- -j24 -l24
[2.237s] [  0%] Built target visualization_msgs_generate_messages_py
[2.238s] [  0%] Built target rviz_generate_messages_cpp
[2.240s] [  0%] Built target dynamic_reconfigure_generate_messages_nodejs
[2.241s] [  0%] Built target actionlib_generate_messages_cpp
[2.247s] [  0%] Built target visualization_msgs_generate_messages_eus
[2.247s] [  0%] Built target tf2_msgs_generate_messages_nodejs
[2.247s] [  0%] Built target tf2_msgs_generate_messages_cpp
[2.248s] [  0%] Built target people_msgs_generate_messages_lisp
[2.256s] [  0%] Built target tf2_msgs_generate_messages_eus
[2.256s] [  0%] Built target map_msgs_generate_messages_cpp
[2.257s] [  0%] Built target nav_msgs_generate_messages_eus
[2.257s] [  0%] Built target tf2_msgs_generate_messages_py
[2.257s] [  0%] Built target visualization_msgs_generate_messages_nodejs
[2.264s] [  0%] Built target map_msgs_generate_messages_lisp
[2.264s] [  0%] Built target actionlib_generate_messages_py
[2.264s] [  0%] Built target visualization_msgs_generate_messages_cpp
[2.264s] [  0%] Built target tf_generate_messages_nodejs
[2.265s] [  0%] Built target tf_generate_messages_lisp
[2.267s] [  0%] Built target rviz_generate_messages_eus
[2.268s] [  0%] Built target topic_tools_generate_messages_nodejs
[2.276s] [  0%] Built target people_msgs_generate_messages_eus
[2.276s] [  0%] Built target topic_tools_generate_messages_cpp
[2.279s] [  0%] Built target topic_tools_generate_messages_eus
[2.279s] [  0%] Built target rviz_generate_messages_py
[2.284s] [  0%] Built target std_srvs_generate_messages_py
[2.292s] [  0%] Built target std_srvs_generate_messages_nodejs
[2.292s] [  0%] Built target bond_generate_messages_nodejs
[2.292s] [  0%] Built target people_msgs_generate_messages_cpp
[2.300s] [  0%] Built target bond_generate_messages_py
[2.301s] [  0%] Built target nav_msgs_generate_messages_nodejs
[2.304s] [  0%] Built target nodelet_generate_messages_cpp
[2.305s] [  0%] Built target std_srvs_generate_messages_lisp
[2.307s] [  0%] Built target jsk_hark_msgs_generate_messages_eus
[2.310s] [  0%] Built target nodelet_generate_messages_nodejs
[2.311s] [  0%] Built target tf2_msgs_generate_messages_lisp
[2.313s] [  0%] Built target bond_generate_messages_cpp
[2.314s] [  0%] Built target nav_msgs_generate_messages_py
[2.320s] [  0%] Built target map_msgs_generate_messages_eus
[2.320s] [  0%] Built target bond_generate_messages_lisp
[2.322s] [  0%] Built target jsk_rviz_plugins_generate_messages_nodejs
[2.328s] [  0%] Built target nodelet_generate_messages_eus
[2.328s] [  0%] Built target bond_generate_messages_eus
[2.328s] [  0%] Built target nodelet_generate_messages_lisp
[2.329s] [  0%] Built target std_msgs_generate_messages_eus
[2.333s] [  0%] Built target diagnostic_msgs_generate_messages_nodejs
[2.334s] [  0%] Built target jsk_rviz_plugins_generate_messages_py
[2.337s] [  0%] Built target jsk_rviz_plugins_gencfg
[2.341s] [  0%] Built target dynamic_reconfigure_gencfg
[2.341s] [  0%] Built target dynamic_reconfigure_generate_messages_py
[2.342s] [  0%] Built target rviz_generate_messages_lisp
[2.344s] [  0%] Built target roscpp_generate_messages_py
[2.344s] [  0%] Built target diagnostic_msgs_generate_messages_lisp
[2.345s] [  0%] Built target rviz_generate_messages_nodejs
[2.354s] [  0%] Built target geometry_msgs_generate_messages_eus
[2.354s] [  0%] Built target people_msgs_generate_messages_py
[2.355s] [  0%] Built target dynamic_reconfigure_generate_messages_eus
[2.355s] [  0%] Built target visualization_msgs_generate_messages_lisp
[2.358s] [  0%] Built target jsk_hark_msgs_generate_messages_nodejs
[2.358s] [  0%] Built target sensor_msgs_generate_messages_eus
[2.360s] [  0%] Built target std_msgs_generate_messages_py
[2.362s] [  0%] Built target nodelet_topic_tools_gencfg
[2.370s] [  0%] Built target sensor_msgs_generate_messages_lisp
[2.370s] [  0%] Built target autoware_system_msgs_generate_messages_cpp
[2.370s] [  0%] Built target topic_tools_generate_messages_py
[2.372s] [  0%] Built target map_msgs_generate_messages_nodejs
[2.378s] [  0%] Built target jsk_footstep_msgs_generate_messages_py
[2.382s] [  0%] Built target diagnostic_msgs_generate_messages_eus
[2.382s] [  0%] Built target actionlib_msgs_generate_messages_lisp
[2.382s] [  0%] Built target autoware_system_msgs_generate_messages_nodejs
[2.383s] [  0%] Built target std_srvs_generate_messages_cpp
[2.387s] [  0%] Built target autoware_system_msgs_generate_messages_py
[2.387s] [  0%] Built target std_msgs_generate_messages_cpp
[2.387s] [  0%] Built target roscpp_generate_messages_cpp
[2.389s] [  0%] Built target autoware_system_msgs_generate_messages_eus
[2.390s] [  0%] Built target sensor_msgs_generate_messages_nodejs
[2.392s] [  0%] Built target nav_msgs_generate_messages_cpp
[2.392s] [  0%] Built target roscpp_generate_messages_nodejs
[2.392s] [  0%] Built target diagnostic_msgs_generate_messages_py
[2.399s] [  0%] Built target autoware_system_msgs_generate_messages_lisp
[2.399s] [  0%] Built target jsk_rviz_plugins_generate_messages_cpp
[2.400s] [  0%] Built target actionlib_generate_messages_lisp
[2.400s] [  0%] Built target geometry_msgs_generate_messages_nodejs
[2.401s] [  0%] Built target rosgraph_msgs_generate_messages_cpp
[2.404s] [  0%] Built target rosgraph_msgs_generate_messages_lisp
[2.404s] [  0%] Built target actionlib_msgs_generate_messages_nodejs
[2.405s] [  0%] Built target std_msgs_generate_messages_lisp
[2.414s] [  0%] Built target jsk_rviz_plugins_generate_messages_lisp
[2.414s] [  0%] Built target dynamic_reconfigure_generate_messages_cpp
[2.414s] [  0%] Built target rosgraph_msgs_generate_messages_eus
[2.414s] [  0%] Built target geometry_msgs_generate_messages_lisp
[2.414s] [  0%] Built target geometry_msgs_generate_messages_cpp
[2.414s] [  0%] Built target roscpp_generate_messages_lisp
[2.414s] [  0%] Built target jsk_recognition_msgs_generate_messages_nodejs
[2.415s] [  0%] Built target tf_generate_messages_py
[2.423s] [  0%] Built target std_srvs_generate_messages_eus
[2.423s] [  0%] Built target jsk_recognition_utils_gencfg
[2.423s] [  0%] Built target jsk_hark_msgs_generate_messages_lisp
[2.423s] [  0%] Built target jsk_hark_msgs_generate_messages_cpp
[2.423s] [  0%] Built target actionlib_msgs_generate_messages_py
[2.424s] [  0%] Built target jsk_footstep_msgs_generate_messages_eus
[2.425s] [  0%] Built target nav_msgs_generate_messages_lisp
[2.426s] [  0%] Built target jsk_footstep_msgs_generate_messages_lisp
[2.426s] [  0%] Built target std_msgs_generate_messages_nodejs
[2.426s] [  0%] Built target rosgraph_msgs_generate_messages_nodejs
[2.427s] [  0%] Built target jsk_hark_msgs_generate_messages_py
[2.433s] [  0%] Built target jsk_footstep_msgs_generate_messages_nodejs
[2.440s] [  0%] Built target jsk_footstep_msgs_generate_messages_cpp
[2.440s] [  0%] Built target geometry_msgs_generate_messages_py
[2.441s] [  0%] Built target tf_generate_messages_eus
[2.442s] [  0%] Built target actionlib_msgs_generate_messages_cpp
[2.446s] [  0%] Built target pcl_msgs_generate_messages_nodejs
[2.447s] [  0%] Built target roscpp_generate_messages_eus
[2.454s] [  0%] Built target topic_tools_generate_messages_lisp
[2.454s] [  0%] Built target jsk_recognition_msgs_generate_messages_cpp
[2.454s] [  0%] Built target pcl_msgs_generate_messages_cpp
[2.455s] [  0%] Built target rosgraph_msgs_generate_messages_py
[2.460s] [  0%] Built target jsk_recognition_msgs_generate_messages_lisp
[2.460s] [  0%] Built target sensor_msgs_generate_messages_cpp
[2.460s] [  0%] Built target jsk_recognition_msgs_generate_messages_eus
[2.460s] [  0%] Built target actionlib_msgs_generate_messages_eus
[2.464s] [  0%] Built target tf_generate_messages_cpp
[2.468s] [  0%] Built target jsk_rviz_plugins_generate_messages_eus
[2.469s] [  0%] Built target jsk_recognition_msgs_generate_messages_py
[2.469s] [  0%] Built target dynamic_reconfigure_generate_messages_lisp
[2.472s] [  0%] Built target pcl_msgs_generate_messages_eus
[2.476s] [  0%] Built target nodelet_generate_messages_py
[2.476s] [  0%] Built target people_msgs_generate_messages_nodejs
[2.480s] [  0%] Built target diagnostic_msgs_generate_messages_cpp
[2.491s] [  0%] Built target sensor_msgs_generate_messages_py
[2.491s] [  0%] Built target actionlib_generate_messages_nodejs
[2.492s] [  0%] Built target pcl_msgs_generate_messages_lisp
[2.496s] [  0%] Built target pcl_msgs_generate_messages_py
[2.496s] [  0%] Built target actionlib_generate_messages_eus
[2.503s] [  0%] Built target pcl_ros_gencfg
[2.504s] [  0%] Built target map_msgs_generate_messages_py
[2.540s] [ 13%] Built target system_status_subscriber
[2.554s] [ 33%] Built target health_analyzer
[2.568s] [ 73%] Built target health_checker
[2.611s] [100%] Built target health_aggregator
[2.651s] [36mInstall the project...[0m
[2.663s] -- Install configuration: "Release"
[2.663s] -- Up-to-date: /home/point001/autoware.ai/install/autoware_health_checker/lib/pkgconfig/autoware_health_checker.pc
[2.663s] -- Up-to-date: /home/point001/autoware.ai/install/autoware_health_checker/share/autoware_health_checker/cmake/autoware_health_checkerConfig.cmake
[2.664s] -- Up-to-date: /home/point001/autoware.ai/install/autoware_health_checker/share/autoware_health_checker/cmake/autoware_health_checkerConfig-version.cmake
[2.669s] -- Up-to-date: /home/point001/autoware.ai/install/autoware_health_checker/share/autoware_health_checker/package.xml
[2.669s] -- Up-to-date: /home/point001/autoware.ai/install/autoware_health_checker/lib/autoware_health_checker/health_aggregator
[2.669s] -- Up-to-date: /home/point001/autoware.ai/install/autoware_health_checker/lib/autoware_health_checker/health_analyzer
[2.670s] -- Up-to-date: /home/point001/autoware.ai/install/autoware_health_checker/include/autoware_health_checker
[2.670s] -- Up-to-date: /home/point001/autoware.ai/install/autoware_health_checker/include/autoware_health_checker/constants.h
[2.670s] -- Up-to-date: /home/point001/autoware.ai/install/autoware_health_checker/include/autoware_health_checker/health_aggregator
[2.670s] -- Up-to-date: /home/point001/autoware.ai/install/autoware_health_checker/include/autoware_health_checker/health_aggregator/status_monitor.h
[2.670s] -- Up-to-date: /home/point001/autoware.ai/install/autoware_health_checker/include/autoware_health_checker/health_aggregator/health_aggregator.h
[2.670s] -- Up-to-date: /home/point001/autoware.ai/install/autoware_health_checker/include/autoware_health_checker/health_checker
[2.671s] -- Up-to-date: /home/point001/autoware.ai/install/autoware_health_checker/include/autoware_health_checker/health_checker/param_manager.h
[2.671s] -- Up-to-date: /home/point001/autoware.ai/install/autoware_health_checker/include/autoware_health_checker/health_checker/diag_buffer.h
[2.671s] -- Up-to-date: /home/point001/autoware.ai/install/autoware_health_checker/include/autoware_health_checker/health_checker/value_manager.h
[2.671s] -- Up-to-date: /home/point001/autoware.ai/install/autoware_health_checker/include/autoware_health_checker/health_checker/rate_checker.h
[2.671s] -- Up-to-date: /home/point001/autoware.ai/install/autoware_health_checker/include/autoware_health_checker/health_checker/health_checker.h
[2.671s] -- Up-to-date: /home/point001/autoware.ai/install/autoware_health_checker/include/autoware_health_checker/system_status_subscriber
[2.671s] -- Up-to-date: /home/point001/autoware.ai/install/autoware_health_checker/include/autoware_health_checker/system_status_subscriber/system_status_subscriber.h
[2.671s] -- Up-to-date: /home/point001/autoware.ai/install/autoware_health_checker/include/autoware_health_checker/health_analyzer
[2.672s] -- Up-to-date: /home/point001/autoware.ai/install/autoware_health_checker/include/autoware_health_checker/health_analyzer/health_analyzer.h
[2.674s] -- Up-to-date: /home/point001/autoware.ai/install/autoware_health_checker/lib/libhealth_checker.so
[2.675s] -- Up-to-date: /home/point001/autoware.ai/install/autoware_health_checker/lib/libsystem_status_subscriber.so
[2.675s] -- Up-to-date: /home/point001/autoware.ai/install/autoware_health_checker/share/autoware_health_checker/launch
[2.675s] -- Up-to-date: /home/point001/autoware.ai/install/autoware_health_checker/share/autoware_health_checker/launch/health_checker.launch
[2.675s] -- Up-to-date: /home/point001/autoware.ai/install/autoware_health_checker/share/autoware_health_checker/launch/health_analyzer.launch
[2.675s] -- Up-to-date: /home/point001/autoware.ai/install/autoware_health_checker/share/autoware_health_checker/config
[2.679s] -- Up-to-date: /home/point001/autoware.ai/install/autoware_health_checker/share/autoware_health_checker/config/README.md
[2.826s] Invoked command in '/home/point001/autoware.ai/build/autoware_health_checker' returned '0': CMAKE_PREFIX_PATH=/home/point001/autoware.ai/install/ros_observer:/home/point001/autoware.ai/install/autoware_system_msgs:${CMAKE_PREFIX_PATH} LD_LIBRARY_PATH=/home/point001/autoware.ai/install/ros_observer/lib:/opt/ros/melodic/lib:/usr/local/cuda-10.0/lib64 PKG_CONFIG_PATH=/home/point001/autoware.ai/install/ros_observer/lib/x86_64-linux-gnu/pkgconfig:/home/point001/autoware.ai/install/ros_observer/lib/pkgconfig:/home/point001/autoware.ai/install/autoware_system_msgs/lib/x86_64-linux-gnu/pkgconfig:/home/point001/autoware.ai/install/autoware_system_msgs/lib/pkgconfig:${PKG_CONFIG_PATH} PYTHONPATH=/home/point001/autoware.ai/install/autoware_system_msgs/lib/python2.7/dist-packages:${PYTHONPATH} ROS_PACKAGE_PATH=/home/point001/autoware.ai/install/ros_observer/share:/home/point001/autoware.ai/install/autoware_system_msgs/share:${ROS_PACKAGE_PATH} /usr/bin/cmake --build /home/point001/autoware.ai/build/autoware_health_checker --target install -- -j24 -l24
