[0.250s] Invoking command in '/home/point001/autoware.ai/build/autoware_camera_lidar_calibrator': CMAKE_PREFIX_PATH=/home/point001/autoware.ai/install/autoware_msgs:/home/point001/autoware.ai/install/autoware_build_flags:${CMAKE_PREFIX_PATH} PKG_CONFIG_PATH=/home/point001/autoware.ai/install/autoware_msgs/lib/x86_64-linux-gnu/pkgconfig:/home/point001/autoware.ai/install/autoware_msgs/lib/pkgconfig:/home/point001/autoware.ai/install/autoware_build_flags/lib/x86_64-linux-gnu/pkgconfig:/home/point001/autoware.ai/install/autoware_build_flags/lib/pkgconfig:${PKG_CONFIG_PATH} PYTHONPATH=/home/point001/autoware.ai/install/autoware_msgs/lib/python2.7/dist-packages:${PYTHONPATH} ROS_PACKAGE_PATH=/home/point001/autoware.ai/install/autoware_msgs/share:/home/point001/autoware.ai/install/autoware_build_flags/share:${ROS_PACKAGE_PATH} /usr/bin/cmake --build /home/point001/autoware.ai/build/autoware_camera_lidar_calibrator -- -j24 -l24
[0.426s] [  0%] Built target roscpp_generate_messages_cpp
[0.426s] [  0%] Built target pcl_msgs_generate_messages_eus
[0.426s] [  0%] Built target std_srvs_generate_messages_py
[0.427s] [  0%] Built target tf2_msgs_generate_messages_nodejs
[0.427s] [  0%] Built target jsk_recognition_msgs_generate_messages_eus
[0.427s] [  0%] Built target topic_tools_generate_messages_nodejs
[0.427s] [  0%] Built target tf_generate_messages_nodejs
[0.427s] [  0%] Built target jsk_recognition_msgs_generate_messages_lisp
[0.427s] [  0%] Built target geometry_msgs_generate_messages_py
[0.427s] [  0%] Built target tf2_msgs_generate_messages_py
[0.427s] [  0%] Built target std_srvs_generate_messages_lisp
[0.427s] [  0%] Built target actionlib_generate_messages_cpp
[0.427s] [  0%] Built target tf2_msgs_generate_messages_eus
[0.427s] [  0%] Built target std_msgs_generate_messages_py
[0.427s] [  0%] Built target tf2_msgs_generate_messages_cpp
[0.427s] [  0%] Built target actionlib_generate_messages_py
[0.428s] [  0%] Built target topic_tools_generate_messages_eus
[0.428s] [  0%] Built target sensor_msgs_generate_messages_nodejs
[0.428s] [  0%] Built target topic_tools_generate_messages_cpp
[0.428s] [  0%] Built target std_msgs_generate_messages_nodejs
[0.428s] [  0%] Built target rosgraph_msgs_generate_messages_eus
[0.428s] [  0%] Built target autoware_msgs_generate_messages_cpp
[0.428s] [  0%] Built target bond_generate_messages_lisp
[0.428s] [  0%] Built target sensor_msgs_generate_messages_eus
[0.428s] [  0%] Built target tf_generate_messages_lisp
[0.428s] [  0%] Built target dynamic_reconfigure_generate_messages_cpp
[0.428s] [  0%] Built target jsk_footstep_msgs_generate_messages_py
[0.428s] [  0%] Built target sensor_msgs_generate_messages_cpp
[0.428s] [  0%] Built target rosgraph_msgs_generate_messages_cpp
[0.429s] [  0%] Built target jsk_recognition_msgs_generate_messages_py
[0.429s] [  0%] Built target nodelet_generate_messages_nodejs
[0.429s] [  0%] Built target std_msgs_generate_messages_cpp
[0.437s] [  0%] Built target sensor_msgs_generate_messages_py
[0.437s] [  0%] Built target sensor_msgs_generate_messages_lisp
[0.437s] [  0%] Built target tf_generate_messages_py
[0.437s] [  0%] Built target std_msgs_generate_messages_lisp
[0.437s] [  0%] Built target geometry_msgs_generate_messages_lisp
[0.438s] [  0%] Built target autoware_msgs_generate_messages_lisp
[0.439s] [  0%] Built target geometry_msgs_generate_messages_cpp
[0.439s] [  0%] Built target actionlib_generate_messages_eus
[0.442s] [  0%] Built target nodelet_generate_messages_py
[0.450s] [  0%] Built target pcl_msgs_generate_messages_py
[0.450s] [  0%] Built target actionlib_generate_messages_lisp
[0.450s] [  0%] Built target jsk_recognition_msgs_generate_messages_cpp
[0.450s] [  0%] Built target roscpp_generate_messages_nodejs
[0.450s] [  0%] Built target autoware_msgs_generate_messages_eus
[0.450s] [  0%] Built target nodelet_generate_messages_lisp
[0.455s] [  0%] Built target dynamic_reconfigure_generate_messages_lisp
[0.455s] [  0%] Built target geometry_msgs_generate_messages_nodejs
[0.455s] [  0%] Built target pcl_msgs_generate_messages_nodejs
[0.455s] [  0%] Built target geometry_msgs_generate_messages_eus
[0.456s] [  0%] Built target topic_tools_generate_messages_lisp
[0.468s] [  0%] Built target tf_generate_messages_cpp
[0.469s] [  0%] Built target pcl_msgs_generate_messages_cpp
[0.470s] [  0%] Built target actionlib_generate_messages_nodejs
[0.473s] [  0%] Built target autoware_msgs_generate_messages_nodejs
[0.477s] [  0%] Built target actionlib_msgs_generate_messages_py
[0.480s] [  0%] Built target autoware_msgs_generate_messages_py
[0.482s] [  0%] Built target jsk_footstep_msgs_generate_messages_lisp
[0.484s] [  0%] Built target std_msgs_generate_messages_eus
[0.486s] [  0%] Built target rosgraph_msgs_generate_messages_nodejs
[0.487s] [  0%] Built target pcl_msgs_generate_messages_lisp
[0.487s] [  0%] Built target jsk_footstep_msgs_generate_messages_eus
[0.487s] [  0%] Built target jsk_footstep_msgs_generate_messages_cpp
[0.487s] [  0%] Built target std_srvs_generate_messages_eus
[0.490s] [  0%] Built target tf_generate_messages_eus
[0.491s] [  0%] Built target roscpp_generate_messages_py
[0.491s] [  0%] Built target roscpp_generate_messages_lisp
[0.492s] [  0%] Built target bond_generate_messages_eus
[0.492s] [  0%] Built target std_srvs_generate_messages_cpp
[0.494s] [  0%] Built target rosgraph_msgs_generate_messages_py
[0.495s] [  0%] Built target actionlib_msgs_generate_messages_lisp
[0.498s] [  0%] Built target jsk_footstep_msgs_generate_messages_nodejs
[0.498s] [  0%] Built target rosgraph_msgs_generate_messages_lisp
[0.498s] [  0%] Built target actionlib_msgs_generate_messages_cpp
[0.499s] [  0%] Built target roscpp_generate_messages_eus
[0.505s] [  0%] Built target jsk_recognition_msgs_generate_messages_nodejs
[0.505s] [  0%] Built target actionlib_msgs_generate_messages_eus
[0.506s] [  0%] Built target pcl_ros_gencfg
[0.508s] [  0%] Built target dynamic_reconfigure_generate_messages_py
[0.510s] [  0%] Built target dynamic_reconfigure_generate_messages_eus
[0.512s] [  0%] Built target dynamic_reconfigure_gencfg
[0.512s] [  0%] Built target std_srvs_generate_messages_nodejs
[0.512s] [  0%] Built target nodelet_generate_messages_cpp
[0.512s] [  0%] Built target bond_generate_messages_cpp
[0.512s] [  0%] Built target dynamic_reconfigure_generate_messages_nodejs
[0.513s] [  0%] Built target nodelet_generate_messages_eus
[0.513s] [  0%] Built target tf2_msgs_generate_messages_lisp
[0.513s] [  0%] Built target bond_generate_messages_nodejs
[0.516s] [  0%] Built target topic_tools_generate_messages_py
[0.516s] [  0%] Built target actionlib_msgs_generate_messages_nodejs
[0.516s] [  0%] Built target _catkin_empty_exported_target
[0.518s] [  0%] Built target bond_generate_messages_py
[0.519s] [  0%] Built target nodelet_topic_tools_gencfg
[0.554s] [100%] Built target autoware_camera_lidar_calibration_node
[0.653s] Invoked command in '/home/point001/autoware.ai/build/autoware_camera_lidar_calibrator' returned '0': CMAKE_PREFIX_PATH=/home/point001/autoware.ai/install/autoware_msgs:/home/point001/autoware.ai/install/autoware_build_flags:${CMAKE_PREFIX_PATH} PKG_CONFIG_PATH=/home/point001/autoware.ai/install/autoware_msgs/lib/x86_64-linux-gnu/pkgconfig:/home/point001/autoware.ai/install/autoware_msgs/lib/pkgconfig:/home/point001/autoware.ai/install/autoware_build_flags/lib/x86_64-linux-gnu/pkgconfig:/home/point001/autoware.ai/install/autoware_build_flags/lib/pkgconfig:${PKG_CONFIG_PATH} PYTHONPATH=/home/point001/autoware.ai/install/autoware_msgs/lib/python2.7/dist-packages:${PYTHONPATH} ROS_PACKAGE_PATH=/home/point001/autoware.ai/install/autoware_msgs/share:/home/point001/autoware.ai/install/autoware_build_flags/share:${ROS_PACKAGE_PATH} /usr/bin/cmake --build /home/point001/autoware.ai/build/autoware_camera_lidar_calibrator -- -j24 -l24
[0.939s] Invoking command in '/home/point001/autoware.ai/build/autoware_camera_lidar_calibrator': CMAKE_PREFIX_PATH=/home/point001/autoware.ai/install/autoware_msgs:/home/point001/autoware.ai/install/autoware_build_flags:${CMAKE_PREFIX_PATH} PKG_CONFIG_PATH=/home/point001/autoware.ai/install/autoware_msgs/lib/x86_64-linux-gnu/pkgconfig:/home/point001/autoware.ai/install/autoware_msgs/lib/pkgconfig:/home/point001/autoware.ai/install/autoware_build_flags/lib/x86_64-linux-gnu/pkgconfig:/home/point001/autoware.ai/install/autoware_build_flags/lib/pkgconfig:${PKG_CONFIG_PATH} PYTHONPATH=/home/point001/autoware.ai/install/autoware_msgs/lib/python2.7/dist-packages:${PYTHONPATH} ROS_PACKAGE_PATH=/home/point001/autoware.ai/install/autoware_msgs/share:/home/point001/autoware.ai/install/autoware_build_flags/share:${ROS_PACKAGE_PATH} /usr/bin/cmake --build /home/point001/autoware.ai/build/autoware_camera_lidar_calibrator --target tests -- -j24 -l24
[1.087s] Built target tests
[1.170s] Invoked command in '/home/point001/autoware.ai/build/autoware_camera_lidar_calibrator' returned '0': CMAKE_PREFIX_PATH=/home/point001/autoware.ai/install/autoware_msgs:/home/point001/autoware.ai/install/autoware_build_flags:${CMAKE_PREFIX_PATH} PKG_CONFIG_PATH=/home/point001/autoware.ai/install/autoware_msgs/lib/x86_64-linux-gnu/pkgconfig:/home/point001/autoware.ai/install/autoware_msgs/lib/pkgconfig:/home/point001/autoware.ai/install/autoware_build_flags/lib/x86_64-linux-gnu/pkgconfig:/home/point001/autoware.ai/install/autoware_build_flags/lib/pkgconfig:${PKG_CONFIG_PATH} PYTHONPATH=/home/point001/autoware.ai/install/autoware_msgs/lib/python2.7/dist-packages:${PYTHONPATH} ROS_PACKAGE_PATH=/home/point001/autoware.ai/install/autoware_msgs/share:/home/point001/autoware.ai/install/autoware_build_flags/share:${ROS_PACKAGE_PATH} /usr/bin/cmake --build /home/point001/autoware.ai/build/autoware_camera_lidar_calibrator --target tests -- -j24 -l24
[1.668s] Invoking command in '/home/point001/autoware.ai/build/autoware_camera_lidar_calibrator': CMAKE_PREFIX_PATH=/home/point001/autoware.ai/install/autoware_msgs:/home/point001/autoware.ai/install/autoware_build_flags:${CMAKE_PREFIX_PATH} PKG_CONFIG_PATH=/home/point001/autoware.ai/install/autoware_msgs/lib/x86_64-linux-gnu/pkgconfig:/home/point001/autoware.ai/install/autoware_msgs/lib/pkgconfig:/home/point001/autoware.ai/install/autoware_build_flags/lib/x86_64-linux-gnu/pkgconfig:/home/point001/autoware.ai/install/autoware_build_flags/lib/pkgconfig:${PKG_CONFIG_PATH} PYTHONPATH=/home/point001/autoware.ai/install/autoware_msgs/lib/python2.7/dist-packages:${PYTHONPATH} ROS_PACKAGE_PATH=/home/point001/autoware.ai/install/autoware_msgs/share:/home/point001/autoware.ai/install/autoware_build_flags/share:${ROS_PACKAGE_PATH} /usr/bin/cmake --build /home/point001/autoware.ai/build/autoware_camera_lidar_calibrator --target install -- -j24 -l24
[1.753s] [  0%] Built target tf2_msgs_generate_messages_eus
[1.753s] [  0%] Built target tf2_msgs_generate_messages_py
[1.753s] [  0%] Built target tf2_msgs_generate_messages_cpp
[1.754s] [  0%] Built target tf_generate_messages_nodejs
[1.754s] [  0%] Built target pcl_msgs_generate_messages_eus
[1.754s] [  0%] Built target sensor_msgs_generate_messages_nodejs
[1.754s] [  0%] Built target std_srvs_generate_messages_lisp
[1.754s] [  0%] Built target topic_tools_generate_messages_eus
[1.754s] [  0%] Built target rosgraph_msgs_generate_messages_eus
[1.754s] [  0%] Built target tf_generate_messages_lisp
[1.754s] [  0%] Built target roscpp_generate_messages_cpp
[1.754s] [  0%] Built target tf2_msgs_generate_messages_nodejs
[1.758s] [  0%] Built target geometry_msgs_generate_messages_py
[1.758s] [  0%] Built target topic_tools_generate_messages_nodejs
[1.758s] [  0%] Built target jsk_recognition_msgs_generate_messages_lisp
[1.758s] [  0%] Built target actionlib_generate_messages_py
[1.758s] [  0%] Built target actionlib_generate_messages_cpp
[1.758s] [  0%] Built target std_srvs_generate_messages_py
[1.758s] [  0%] Built target std_msgs_generate_messages_nodejs
[1.759s] [  0%] Built target bond_generate_messages_lisp
[1.759s] [  0%] Built target sensor_msgs_generate_messages_eus
[1.759s] [  0%] Built target jsk_recognition_msgs_generate_messages_eus
[1.759s] [  0%] Built target std_msgs_generate_messages_py
[1.759s] [  0%] Built target topic_tools_generate_messages_cpp
[1.759s] [  0%] Built target sensor_msgs_generate_messages_cpp
[1.765s] [  0%] Built target autoware_msgs_generate_messages_cpp
[1.765s] [  0%] Built target jsk_recognition_msgs_generate_messages_py
[1.765s] [  0%] Built target pcl_msgs_generate_messages_nodejs
[1.765s] [  0%] Built target tf_generate_messages_py
[1.765s] [  0%] Built target rosgraph_msgs_generate_messages_cpp
[1.765s] [  0%] Built target sensor_msgs_generate_messages_lisp
[1.765s] [  0%] Built target dynamic_reconfigure_generate_messages_cpp
[1.766s] [  0%] Built target sensor_msgs_generate_messages_py
[1.766s] [  0%] Built target std_msgs_generate_messages_lisp
[1.766s] [  0%] Built target nodelet_generate_messages_py
[1.767s] [  0%] Built target std_msgs_generate_messages_cpp
[1.767s] [  0%] Built target jsk_footstep_msgs_generate_messages_py
[1.767s] [  0%] Built target actionlib_generate_messages_eus
[1.767s] [  0%] Built target nodelet_generate_messages_nodejs
[1.767s] [  0%] Built target geometry_msgs_generate_messages_lisp
[1.770s] [  0%] Built target pcl_msgs_generate_messages_py
[1.770s] [  0%] Built target geometry_msgs_generate_messages_nodejs
[1.770s] [  0%] Built target actionlib_generate_messages_lisp
[1.770s] [  0%] Built target geometry_msgs_generate_messages_eus
[1.770s] [  0%] Built target geometry_msgs_generate_messages_cpp
[1.781s] [  0%] Built target roscpp_generate_messages_nodejs
[1.782s] [  0%] Built target dynamic_reconfigure_generate_messages_lisp
[1.782s] [  0%] Built target pcl_msgs_generate_messages_cpp
[1.782s] [  0%] Built target jsk_recognition_msgs_generate_messages_cpp
[1.782s] [  0%] Built target topic_tools_generate_messages_lisp
[1.789s] [  0%] Built target autoware_msgs_generate_messages_lisp
[1.789s] [  0%] Built target autoware_msgs_generate_messages_eus
[1.789s] [  0%] Built target pcl_msgs_generate_messages_lisp
[1.789s] [  0%] Built target autoware_msgs_generate_messages_py
[1.790s] [  0%] Built target actionlib_generate_messages_nodejs
[1.790s] [  0%] Built target tf_generate_messages_cpp
[1.790s] [  0%] Built target actionlib_msgs_generate_messages_py
[1.793s] [  0%] Built target jsk_footstep_msgs_generate_messages_lisp
[1.793s] [  0%] Built target jsk_footstep_msgs_generate_messages_nodejs
[1.793s] [  0%] Built target autoware_msgs_generate_messages_nodejs
[1.794s] [  0%] Built target tf_generate_messages_eus
[1.794s] [  0%] Built target std_msgs_generate_messages_eus
[1.795s] [  0%] Built target jsk_footstep_msgs_generate_messages_cpp
[1.797s] [  0%] Built target jsk_footstep_msgs_generate_messages_eus
[1.797s] [  0%] Built target nodelet_generate_messages_lisp
[1.799s] [  0%] Built target std_srvs_generate_messages_cpp
[1.802s] [  0%] Built target actionlib_msgs_generate_messages_cpp
[1.802s] [  0%] Built target actionlib_msgs_generate_messages_lisp
[1.804s] [  0%] Built target jsk_recognition_msgs_generate_messages_nodejs
[1.804s] [  0%] Built target std_srvs_generate_messages_eus
[1.805s] [  0%] Built target roscpp_generate_messages_py
[1.810s] [  0%] Built target bond_generate_messages_eus
[1.810s] [  0%] Built target roscpp_generate_messages_lisp
[1.812s] [  0%] Built target rosgraph_msgs_generate_messages_lisp
[1.814s] [  0%] Built target rosgraph_msgs_generate_messages_nodejs
[1.815s] [  0%] Built target rosgraph_msgs_generate_messages_py
[1.818s] [  0%] Built target roscpp_generate_messages_eus
[1.818s] [  0%] Built target dynamic_reconfigure_generate_messages_eus
[1.818s] [  0%] Built target dynamic_reconfigure_generate_messages_nodejs
[1.818s] [  0%] Built target bond_generate_messages_py
[1.819s] [  0%] Built target dynamic_reconfigure_generate_messages_py
[1.819s] [  0%] Built target dynamic_reconfigure_gencfg
[1.819s] [  0%] Built target actionlib_msgs_generate_messages_eus
[1.820s] [  0%] Built target pcl_ros_gencfg
[1.823s] [  0%] Built target nodelet_generate_messages_cpp
[1.823s] [  0%] Built target tf2_msgs_generate_messages_lisp
[1.824s] [  0%] Built target bond_generate_messages_cpp
[1.826s] [  0%] Built target nodelet_generate_messages_eus
[1.826s] [  0%] Built target std_srvs_generate_messages_nodejs
[1.826s] [  0%] Built target actionlib_msgs_generate_messages_nodejs
[1.827s] [  0%] Built target topic_tools_generate_messages_py
[1.828s] [  0%] Built target nodelet_topic_tools_gencfg
[1.830s] [  0%] Built target bond_generate_messages_nodejs
[1.833s] [  0%] Built target _catkin_empty_exported_target
[1.881s] [100%] Built target autoware_camera_lidar_calibration_node
[1.909s] [36mInstall the project...[0m
[1.918s] -- Install configuration: "Release"
[1.919s] -- Up-to-date: /home/point001/autoware.ai/install/autoware_camera_lidar_calibrator/lib/pkgconfig/autoware_camera_lidar_calibrator.pc
[1.919s] -- Up-to-date: /home/point001/autoware.ai/install/autoware_camera_lidar_calibrator/share/autoware_camera_lidar_calibrator/cmake/autoware_camera_lidar_calibratorConfig.cmake
[1.919s] -- Up-to-date: /home/point001/autoware.ai/install/autoware_camera_lidar_calibrator/share/autoware_camera_lidar_calibrator/cmake/autoware_camera_lidar_calibratorConfig-version.cmake
[1.919s] -- Up-to-date: /home/point001/autoware.ai/install/autoware_camera_lidar_calibrator/share/autoware_camera_lidar_calibrator/package.xml
[1.919s] + cd /home/point001/autoware.ai/src/autoware/utilities/autoware_camera_lidar_calibrator
[1.919s] + mkdir -p /home/point001/autoware.ai/install/autoware_camera_lidar_calibrator/lib/python2.7/dist-packages
[1.919s] + /usr/bin/env PYTHONPATH=/home/point001/autoware.ai/install/autoware_camera_lidar_calibrator/lib/python2.7/dist-packages:/home/point001/autoware.ai/build/autoware_camera_lidar_calibrator/lib/python2.7/dist-packages:/home/point001/autoware.ai/install/autoware_msgs/lib/python2.7/dist-packages:/opt/ros/melodic/lib/python2.7/dist-packages CATKIN_BINARY_DIR=/home/point001/autoware.ai/build/autoware_camera_lidar_calibrator /usr/bin/python2 /home/point001/autoware.ai/src/autoware/utilities/autoware_camera_lidar_calibrator/setup.py build --build-base /home/point001/autoware.ai/build/autoware_camera_lidar_calibrator install --root=/ --install-layout=deb --prefix=/home/point001/autoware.ai/install/autoware_camera_lidar_calibrator --install-scripts=/home/point001/autoware.ai/install/autoware_camera_lidar_calibrator/bin
[1.948s] running build
[1.949s] running build_py
[1.949s] running install
[1.949s] running install_lib
[1.949s] running install_egg_info
[1.950s] Removing /home/point001/autoware.ai/install/autoware_camera_lidar_calibrator/lib/python2.7/dist-packages/autoware_camera_lidar_calibrator-1.12.0.egg-info
[1.950s] Writing /home/point001/autoware.ai/install/autoware_camera_lidar_calibrator/lib/python2.7/dist-packages/autoware_camera_lidar_calibrator-1.12.0.egg-info
[1.957s] -- Up-to-date: /home/point001/autoware.ai/install/autoware_camera_lidar_calibrator/lib/autoware_camera_lidar_calibrator/cameracalibrator.py
[1.957s] -- Up-to-date: /home/point001/autoware.ai/install/autoware_camera_lidar_calibrator/lib/autoware_camera_lidar_calibrator/cameracheck.py
[1.957s] -- Up-to-date: /home/point001/autoware.ai/install/autoware_camera_lidar_calibrator/lib/autoware_camera_lidar_calibrator/tarfile_calibration.py
[1.958s] -- Up-to-date: /home/point001/autoware.ai/install/autoware_camera_lidar_calibrator/lib/autoware_camera_lidar_calibrator/autoware_camera_lidar_calibration_node
[1.958s] -- Up-to-date: /home/point001/autoware.ai/install/autoware_camera_lidar_calibrator/share/autoware_camera_lidar_calibrator/launch
[1.958s] -- Up-to-date: /home/point001/autoware.ai/install/autoware_camera_lidar_calibrator/share/autoware_camera_lidar_calibrator/launch/camera_lidar_calibration.launch
[1.958s] -- Up-to-date: /home/point001/autoware.ai/install/autoware_camera_lidar_calibrator/share/autoware_camera_lidar_calibrator/docs
[1.958s] -- Up-to-date: /home/point001/autoware.ai/install/autoware_camera_lidar_calibrator/share/autoware_camera_lidar_calibrator/docs/camera_calibration.jpg
[1.958s] -- Up-to-date: /home/point001/autoware.ai/install/autoware_camera_lidar_calibrator/share/autoware_camera_lidar_calibrator/docs/autoware_logo.jpg
[1.958s] -- Up-to-date: /home/point001/autoware.ai/install/autoware_camera_lidar_calibrator/share/autoware_camera_lidar_calibrator/docs/camera_lidar_calibration.jpg
[2.135s] Invoked command in '/home/point001/autoware.ai/build/autoware_camera_lidar_calibrator' returned '0': CMAKE_PREFIX_PATH=/home/point001/autoware.ai/install/autoware_msgs:/home/point001/autoware.ai/install/autoware_build_flags:${CMAKE_PREFIX_PATH} PKG_CONFIG_PATH=/home/point001/autoware.ai/install/autoware_msgs/lib/x86_64-linux-gnu/pkgconfig:/home/point001/autoware.ai/install/autoware_msgs/lib/pkgconfig:/home/point001/autoware.ai/install/autoware_build_flags/lib/x86_64-linux-gnu/pkgconfig:/home/point001/autoware.ai/install/autoware_build_flags/lib/pkgconfig:${PKG_CONFIG_PATH} PYTHONPATH=/home/point001/autoware.ai/install/autoware_msgs/lib/python2.7/dist-packages:${PYTHONPATH} ROS_PACKAGE_PATH=/home/point001/autoware.ai/install/autoware_msgs/share:/home/point001/autoware.ai/install/autoware_build_flags/share:${ROS_PACKAGE_PATH} /usr/bin/cmake --build /home/point001/autoware.ai/build/autoware_camera_lidar_calibrator --target install -- -j24 -l24
