[0.219s] Invoking command in '/home/point001/autoware.ai/build/sick_ldmrs_tools': CMAKE_PREFIX_PATH=/home/point001/autoware.ai/install/sick_ldmrs_driver:/home/point001/autoware.ai/install/sick_ldmrs_msgs:/home/point001/autoware.ai/install/sick_ldmrs_description:${CMAKE_PREFIX_PATH} LD_LIBRARY_PATH=/home/point001/autoware.ai/install/sick_ldmrs_driver/lib:${LD_LIBRARY_PATH} PATH=/home/point001/autoware.ai/install/sick_ldmrs_driver/bin:${PATH} PKG_CONFIG_PATH=/home/point001/autoware.ai/install/sick_ldmrs_driver/lib/x86_64-linux-gnu/pkgconfig:/home/point001/autoware.ai/install/sick_ldmrs_driver/lib/pkgconfig:/home/point001/autoware.ai/install/sick_ldmrs_msgs/lib/x86_64-linux-gnu/pkgconfig:/home/point001/autoware.ai/install/sick_ldmrs_msgs/lib/pkgconfig:/home/point001/autoware.ai/install/sick_ldmrs_description/lib/x86_64-linux-gnu/pkgconfig:/home/point001/autoware.ai/install/sick_ldmrs_description/lib/pkgconfig:${PKG_CONFIG_PATH} PYTHONPATH=/home/point001/autoware.ai/install/sick_ldmrs_driver/lib/python2.7/dist-packages:/home/point001/autoware.ai/install/sick_ldmrs_msgs/lib/python2.7/dist-packages:${PYTHONPATH} ROS_PACKAGE_PATH=/home/point001/autoware.ai/install/sick_ldmrs_driver/share:/home/point001/autoware.ai/install/sick_ldmrs_msgs/share:/home/point001/autoware.ai/install/sick_ldmrs_description/share:${ROS_PACKAGE_PATH} /usr/bin/cmake --build /home/point001/autoware.ai/build/sick_ldmrs_tools -- -j24 -l24
[0.277s] [  0%] Built target sick_ldmrs_msgs_generate_messages_lisp
[0.277s] [  0%] Built target geometry_msgs_generate_messages_py
[0.278s] [  0%] Built target visualization_msgs_generate_messages_eus
[0.278s] [  0%] Built target actionlib_msgs_generate_messages_py
[0.278s] [  0%] Built target visualization_msgs_generate_messages_nodejs
[0.278s] [  0%] Built target sick_ldmrs_msgs_generate_messages_py
[0.278s] [  0%] Built target sick_ldmrs_msgs_generate_messages_cpp
[0.285s] [  0%] Built target pcl_ros_gencfg
[0.285s] [  0%] Built target tf2_msgs_generate_messages_cpp
[0.285s] [  0%] Built target visualization_msgs_generate_messages_cpp
[0.286s] [  0%] Built target sick_ldmrs_msgs_generate_messages_nodejs
[0.286s] [  0%] Built target topic_tools_generate_messages_nodejs
[0.286s] [  0%] Built target tf2_msgs_generate_messages_nodejs
[0.286s] [  0%] Built target pcl_msgs_generate_messages_cpp
[0.286s] [  0%] Built target sensor_msgs_generate_messages_lisp
[0.286s] [  0%] Built target sensor_msgs_generate_messages_nodejs
[0.286s] [  0%] Built target tf2_msgs_generate_messages_eus
[0.286s] [  0%] Built target visualization_msgs_generate_messages_py
[0.287s] [  0%] Built target pcl_msgs_generate_messages_eus
[0.287s] [  0%] Built target actionlib_generate_messages_py
[0.288s] [  0%] Built target tf2_msgs_generate_messages_py
[0.295s] [  0%] Built target geometry_msgs_generate_messages_lisp
[0.295s] [  0%] Built target roscpp_generate_messages_cpp
[0.295s] [  0%] Built target actionlib_generate_messages_cpp
[0.310s] [  0%] Built target dynamic_reconfigure_generate_messages_lisp
[0.316s] [  0%] Built target geometry_msgs_generate_messages_nodejs
[0.322s] [  0%] Built target bond_generate_messages_lisp
[0.325s] [  0%] Built target bond_generate_messages_eus
[0.325s] [  0%] Built target roscpp_generate_messages_lisp
[0.325s] [  0%] Built target nodelet_generate_messages_nodejs
[0.325s] [  0%] Built target roscpp_generate_messages_nodejs
[0.326s] [  0%] Built target std_srvs_generate_messages_eus
[0.326s] [  0%] Built target std_msgs_generate_messages_nodejs
[0.328s] [  0%] Built target sensor_msgs_generate_messages_cpp
[0.329s] [  0%] Built target dynamic_reconfigure_generate_messages_cpp
[0.335s] [  0%] Built target rosgraph_msgs_generate_messages_cpp
[0.335s] [  0%] Built target std_msgs_generate_messages_lisp
[0.335s] [  0%] Built target std_msgs_generate_messages_cpp
[0.335s] [  0%] Built target sensor_msgs_generate_messages_py
[0.337s] [  0%] Built target nodelet_generate_messages_py
[0.337s] [  0%] Built target geometry_msgs_generate_messages_eus
[0.338s] [  0%] Built target sensor_msgs_generate_messages_eus
[0.349s] [  0%] Built target topic_tools_generate_messages_cpp
[0.355s] [  0%] Built target pcl_msgs_generate_messages_nodejs
[0.355s] [  0%] Built target roscpp_generate_messages_py
[0.364s] [  0%] Built target sick_ldmrs_msgs_generate_messages_eus
[0.367s] [  0%] Built target dynamic_reconfigure_generate_messages_eus
[0.368s] [  0%] Built target rosgraph_msgs_generate_messages_nodejs
[0.375s] [  0%] Built target rosgraph_msgs_generate_messages_eus
[0.375s] [  0%] Built target dynamic_reconfigure_gencfg
[0.375s] [  0%] Built target topic_tools_generate_messages_eus
[0.375s] [  0%] Built target tf2_msgs_generate_messages_lisp
[0.378s] [  0%] Built target std_msgs_generate_messages_py
[0.383s] [  0%] Built target geometry_msgs_generate_messages_cpp
[0.388s] [  0%] Built target actionlib_generate_messages_lisp
[0.388s] [  0%] Built target bond_generate_messages_py
[0.389s] [  0%] Built target std_msgs_generate_messages_eus
[0.390s] [  0%] Built target tf_generate_messages_py
[0.390s] [  0%] Built target rosgraph_msgs_generate_messages_lisp
[0.391s] [  0%] Built target nodelet_generate_messages_eus
[0.393s] [  0%] Built target visualization_msgs_generate_messages_lisp
[0.394s] [  0%] Built target dynamic_reconfigure_generate_messages_nodejs
[0.394s] [  0%] Built target dynamic_reconfigure_generate_messages_py
[0.396s] [  0%] Built target nodelet_generate_messages_lisp
[0.400s] [  0%] Built target nodelet_generate_messages_cpp
[0.404s] [  0%] Built target rosgraph_msgs_generate_messages_py
[0.404s] [  0%] Built target std_srvs_generate_messages_nodejs
[0.414s] [  0%] Built target bond_generate_messages_nodejs
[0.427s] [  0%] Built target std_srvs_generate_messages_lisp
[0.427s] [  0%] Built target actionlib_msgs_generate_messages_eus
[0.428s] [  0%] Built target std_srvs_generate_messages_py
[0.428s] [  0%] Built target tf_generate_messages_lisp
[0.428s] [  0%] Built target pcl_msgs_generate_messages_py
[0.428s] [  0%] Built target topic_tools_generate_messages_py
[0.428s] [  0%] Built target roscpp_generate_messages_eus
[0.429s] [  0%] Built target tf_generate_messages_cpp
[0.433s] [  0%] Built target actionlib_generate_messages_eus
[0.441s] [  0%] Built target actionlib_msgs_generate_messages_cpp
[0.441s] [  0%] Built target nodelet_topic_tools_gencfg
[0.441s] [  0%] Built target topic_tools_generate_messages_lisp
[0.441s] [  0%] Built target bond_generate_messages_cpp
[0.441s] [  0%] Built target tf_generate_messages_nodejs
[0.442s] [  0%] Built target actionlib_msgs_generate_messages_nodejs
[0.448s] [  0%] Built target actionlib_msgs_generate_messages_lisp
[0.448s] [  0%] Built target actionlib_generate_messages_nodejs
[0.453s] [  0%] Built target tf_generate_messages_eus
[0.459s] [  0%] Built target std_srvs_generate_messages_cpp
[0.464s] [  0%] Built target pcl_msgs_generate_messages_lisp
[0.513s] [ 18%] Built target sick_ldmrs_remove_background
[0.513s] [ 31%] Built target sick_ldmrs_object_marker
[0.514s] [ 37%] Built target sick_ldmrs_print_resolution
[0.514s] [ 50%] Built target sick_ldmrs_all_layer_assembler
[0.518s] [ 62%] Built target sick_ldmrs_filter_first
[0.518s] [ 75%] Built target sick_ldmrs_filter_layer
[0.518s] [ 87%] Built target sick_ldmrs_make_organized
[0.518s] [100%] Built target sick_ldmrs_filter_last
[0.616s] Invoked command in '/home/point001/autoware.ai/build/sick_ldmrs_tools' returned '0': CMAKE_PREFIX_PATH=/home/point001/autoware.ai/install/sick_ldmrs_driver:/home/point001/autoware.ai/install/sick_ldmrs_msgs:/home/point001/autoware.ai/install/sick_ldmrs_description:${CMAKE_PREFIX_PATH} LD_LIBRARY_PATH=/home/point001/autoware.ai/install/sick_ldmrs_driver/lib:${LD_LIBRARY_PATH} PATH=/home/point001/autoware.ai/install/sick_ldmrs_driver/bin:${PATH} PKG_CONFIG_PATH=/home/point001/autoware.ai/install/sick_ldmrs_driver/lib/x86_64-linux-gnu/pkgconfig:/home/point001/autoware.ai/install/sick_ldmrs_driver/lib/pkgconfig:/home/point001/autoware.ai/install/sick_ldmrs_msgs/lib/x86_64-linux-gnu/pkgconfig:/home/point001/autoware.ai/install/sick_ldmrs_msgs/lib/pkgconfig:/home/point001/autoware.ai/install/sick_ldmrs_description/lib/x86_64-linux-gnu/pkgconfig:/home/point001/autoware.ai/install/sick_ldmrs_description/lib/pkgconfig:${PKG_CONFIG_PATH} PYTHONPATH=/home/point001/autoware.ai/install/sick_ldmrs_driver/lib/python2.7/dist-packages:/home/point001/autoware.ai/install/sick_ldmrs_msgs/lib/python2.7/dist-packages:${PYTHONPATH} ROS_PACKAGE_PATH=/home/point001/autoware.ai/install/sick_ldmrs_driver/share:/home/point001/autoware.ai/install/sick_ldmrs_msgs/share:/home/point001/autoware.ai/install/sick_ldmrs_description/share:${ROS_PACKAGE_PATH} /usr/bin/cmake --build /home/point001/autoware.ai/build/sick_ldmrs_tools -- -j24 -l24
[1.164s] Invoking command in '/home/point001/autoware.ai/build/sick_ldmrs_tools': CMAKE_PREFIX_PATH=/home/point001/autoware.ai/install/sick_ldmrs_driver:/home/point001/autoware.ai/install/sick_ldmrs_msgs:/home/point001/autoware.ai/install/sick_ldmrs_description:${CMAKE_PREFIX_PATH} LD_LIBRARY_PATH=/home/point001/autoware.ai/install/sick_ldmrs_driver/lib:${LD_LIBRARY_PATH} PATH=/home/point001/autoware.ai/install/sick_ldmrs_driver/bin:${PATH} PKG_CONFIG_PATH=/home/point001/autoware.ai/install/sick_ldmrs_driver/lib/x86_64-linux-gnu/pkgconfig:/home/point001/autoware.ai/install/sick_ldmrs_driver/lib/pkgconfig:/home/point001/autoware.ai/install/sick_ldmrs_msgs/lib/x86_64-linux-gnu/pkgconfig:/home/point001/autoware.ai/install/sick_ldmrs_msgs/lib/pkgconfig:/home/point001/autoware.ai/install/sick_ldmrs_description/lib/x86_64-linux-gnu/pkgconfig:/home/point001/autoware.ai/install/sick_ldmrs_description/lib/pkgconfig:${PKG_CONFIG_PATH} PYTHONPATH=/home/point001/autoware.ai/install/sick_ldmrs_driver/lib/python2.7/dist-packages:/home/point001/autoware.ai/install/sick_ldmrs_msgs/lib/python2.7/dist-packages:${PYTHONPATH} ROS_PACKAGE_PATH=/home/point001/autoware.ai/install/sick_ldmrs_driver/share:/home/point001/autoware.ai/install/sick_ldmrs_msgs/share:/home/point001/autoware.ai/install/sick_ldmrs_description/share:${ROS_PACKAGE_PATH} /usr/bin/cmake --build /home/point001/autoware.ai/build/sick_ldmrs_tools --target tests -- -j24 -l24
[1.369s] Built target tests
[1.499s] Invoked command in '/home/point001/autoware.ai/build/sick_ldmrs_tools' returned '0': CMAKE_PREFIX_PATH=/home/point001/autoware.ai/install/sick_ldmrs_driver:/home/point001/autoware.ai/install/sick_ldmrs_msgs:/home/point001/autoware.ai/install/sick_ldmrs_description:${CMAKE_PREFIX_PATH} LD_LIBRARY_PATH=/home/point001/autoware.ai/install/sick_ldmrs_driver/lib:${LD_LIBRARY_PATH} PATH=/home/point001/autoware.ai/install/sick_ldmrs_driver/bin:${PATH} PKG_CONFIG_PATH=/home/point001/autoware.ai/install/sick_ldmrs_driver/lib/x86_64-linux-gnu/pkgconfig:/home/point001/autoware.ai/install/sick_ldmrs_driver/lib/pkgconfig:/home/point001/autoware.ai/install/sick_ldmrs_msgs/lib/x86_64-linux-gnu/pkgconfig:/home/point001/autoware.ai/install/sick_ldmrs_msgs/lib/pkgconfig:/home/point001/autoware.ai/install/sick_ldmrs_description/lib/x86_64-linux-gnu/pkgconfig:/home/point001/autoware.ai/install/sick_ldmrs_description/lib/pkgconfig:${PKG_CONFIG_PATH} PYTHONPATH=/home/point001/autoware.ai/install/sick_ldmrs_driver/lib/python2.7/dist-packages:/home/point001/autoware.ai/install/sick_ldmrs_msgs/lib/python2.7/dist-packages:${PYTHONPATH} ROS_PACKAGE_PATH=/home/point001/autoware.ai/install/sick_ldmrs_driver/share:/home/point001/autoware.ai/install/sick_ldmrs_msgs/share:/home/point001/autoware.ai/install/sick_ldmrs_description/share:${ROS_PACKAGE_PATH} /usr/bin/cmake --build /home/point001/autoware.ai/build/sick_ldmrs_tools --target tests -- -j24 -l24
[1.940s] Invoking command in '/home/point001/autoware.ai/build/sick_ldmrs_tools': CMAKE_PREFIX_PATH=/home/point001/autoware.ai/install/sick_ldmrs_driver:/home/point001/autoware.ai/install/sick_ldmrs_msgs:/home/point001/autoware.ai/install/sick_ldmrs_description:${CMAKE_PREFIX_PATH} LD_LIBRARY_PATH=/home/point001/autoware.ai/install/sick_ldmrs_driver/lib:${LD_LIBRARY_PATH} PATH=/home/point001/autoware.ai/install/sick_ldmrs_driver/bin:${PATH} PKG_CONFIG_PATH=/home/point001/autoware.ai/install/sick_ldmrs_driver/lib/x86_64-linux-gnu/pkgconfig:/home/point001/autoware.ai/install/sick_ldmrs_driver/lib/pkgconfig:/home/point001/autoware.ai/install/sick_ldmrs_msgs/lib/x86_64-linux-gnu/pkgconfig:/home/point001/autoware.ai/install/sick_ldmrs_msgs/lib/pkgconfig:/home/point001/autoware.ai/install/sick_ldmrs_description/lib/x86_64-linux-gnu/pkgconfig:/home/point001/autoware.ai/install/sick_ldmrs_description/lib/pkgconfig:${PKG_CONFIG_PATH} PYTHONPATH=/home/point001/autoware.ai/install/sick_ldmrs_driver/lib/python2.7/dist-packages:/home/point001/autoware.ai/install/sick_ldmrs_msgs/lib/python2.7/dist-packages:${PYTHONPATH} ROS_PACKAGE_PATH=/home/point001/autoware.ai/install/sick_ldmrs_driver/share:/home/point001/autoware.ai/install/sick_ldmrs_msgs/share:/home/point001/autoware.ai/install/sick_ldmrs_description/share:${ROS_PACKAGE_PATH} /usr/bin/cmake --build /home/point001/autoware.ai/build/sick_ldmrs_tools --target install -- -j24 -l24
[2.003s] [  0%] Built target tf2_msgs_generate_messages_eus
[2.003s] [  0%] Built target visualization_msgs_generate_messages_cpp
[2.003s] [  0%] Built target visualization_msgs_generate_messages_py
[2.008s] [  0%] Built target sick_ldmrs_msgs_generate_messages_nodejs
[2.008s] [  0%] Built target visualization_msgs_generate_messages_eus
[2.008s] [  0%] Built target tf2_msgs_generate_messages_cpp
[2.008s] [  0%] Built target actionlib_msgs_generate_messages_py
[2.008s] [  0%] Built target pcl_ros_gencfg
[2.008s] [  0%] Built target visualization_msgs_generate_messages_nodejs
[2.008s] [  0%] Built target pcl_msgs_generate_messages_cpp
[2.008s] [  0%] Built target sick_ldmrs_msgs_generate_messages_lisp
[2.008s] [  0%] Built target geometry_msgs_generate_messages_lisp
[2.009s] [  0%] Built target geometry_msgs_generate_messages_py
[2.009s] [  0%] Built target sick_ldmrs_msgs_generate_messages_py
[2.009s] [  0%] Built target sensor_msgs_generate_messages_lisp
[2.013s] [  0%] Built target topic_tools_generate_messages_nodejs
[2.013s] [  0%] Built target tf2_msgs_generate_messages_nodejs
[2.021s] [  0%] Built target actionlib_generate_messages_cpp
[2.021s] [  0%] Built target sick_ldmrs_msgs_generate_messages_cpp
[2.021s] [  0%] Built target actionlib_generate_messages_py
[2.029s] [  0%] Built target pcl_msgs_generate_messages_eus
[2.030s] [  0%] Built target sensor_msgs_generate_messages_nodejs
[2.030s] [  0%] Built target roscpp_generate_messages_cpp
[2.032s] [  0%] Built target tf2_msgs_generate_messages_py
[2.047s] [  0%] Built target bond_generate_messages_lisp
[2.047s] [  0%] Built target nodelet_generate_messages_py
[2.047s] [  0%] Built target std_srvs_generate_messages_eus
[2.047s] [  0%] Built target bond_generate_messages_eus
[2.049s] [  0%] Built target nodelet_generate_messages_nodejs
[2.049s] [  0%] Built target std_msgs_generate_messages_lisp
[2.051s] [  0%] Built target std_msgs_generate_messages_nodejs
[2.051s] [  0%] Built target roscpp_generate_messages_lisp
[2.059s] [  0%] Built target sensor_msgs_generate_messages_cpp
[2.066s] [  0%] Built target pcl_msgs_generate_messages_nodejs
[2.066s] [  0%] Built target geometry_msgs_generate_messages_nodejs
[2.066s] [  0%] Built target dynamic_reconfigure_generate_messages_lisp
[2.066s] [  0%] Built target rosgraph_msgs_generate_messages_cpp
[2.067s] [  0%] Built target geometry_msgs_generate_messages_eus
[2.069s] [  0%] Built target std_msgs_generate_messages_py
[2.077s] [  0%] Built target std_msgs_generate_messages_cpp
[2.077s] [  0%] Built target sick_ldmrs_msgs_generate_messages_eus
[2.081s] [  0%] Built target roscpp_generate_messages_py
[2.082s] [  0%] Built target sensor_msgs_generate_messages_py
[2.083s] [  0%] Built target roscpp_generate_messages_nodejs
[2.083s] [  0%] Built target dynamic_reconfigure_generate_messages_cpp
[2.089s] [  0%] Built target visualization_msgs_generate_messages_lisp
[2.090s] [  0%] Built target tf_generate_messages_py
[2.090s] [  0%] Built target sensor_msgs_generate_messages_eus
[2.102s] [  0%] Built target topic_tools_generate_messages_cpp
[2.106s] [  0%] Built target std_msgs_generate_messages_eus
[2.109s] [  0%] Built target topic_tools_generate_messages_eus
[2.110s] [  0%] Built target nodelet_generate_messages_cpp
[2.111s] [  0%] Built target geometry_msgs_generate_messages_cpp
[2.113s] [  0%] Built target roscpp_generate_messages_eus
[2.114s] [  0%] Built target dynamic_reconfigure_generate_messages_eus
[2.114s] [  0%] Built target std_srvs_generate_messages_nodejs
[2.121s] [  0%] Built target dynamic_reconfigure_gencfg
[2.121s] [  0%] Built target rosgraph_msgs_generate_messages_lisp
[2.121s] [  0%] Built target bond_generate_messages_nodejs
[2.121s] [  0%] Built target tf2_msgs_generate_messages_lisp
[2.123s] [  0%] Built target rosgraph_msgs_generate_messages_eus
[2.124s] [  0%] Built target nodelet_generate_messages_lisp
[2.124s] [  0%] Built target rosgraph_msgs_generate_messages_nodejs
[2.127s] [  0%] Built target dynamic_reconfigure_generate_messages_nodejs
[2.127s] [  0%] Built target nodelet_generate_messages_eus
[2.129s] [  0%] Built target actionlib_generate_messages_lisp
[2.129s] [  0%] Built target bond_generate_messages_py
[2.136s] [  0%] Built target actionlib_msgs_generate_messages_nodejs
[2.136s] [  0%] Built target rosgraph_msgs_generate_messages_py
[2.140s] [  0%] Built target dynamic_reconfigure_generate_messages_py
[2.145s] [  0%] Built target bond_generate_messages_cpp
[2.149s] [  0%] Built target topic_tools_generate_messages_py
[2.164s] [  0%] Built target tf_generate_messages_cpp
[2.164s] [  0%] Built target std_srvs_generate_messages_lisp
[2.166s] [  0%] Built target actionlib_msgs_generate_messages_eus
[2.171s] [  0%] Built target tf_generate_messages_lisp
[2.179s] [  0%] Built target tf_generate_messages_eus
[2.179s] [  0%] Built target nodelet_topic_tools_gencfg
[2.179s] [  0%] Built target std_srvs_generate_messages_cpp
[2.184s] [  0%] Built target tf_generate_messages_nodejs
[2.184s] [  0%] Built target actionlib_generate_messages_eus
[2.197s] [  0%] Built target pcl_msgs_generate_messages_py
[2.207s] [  0%] Built target actionlib_msgs_generate_messages_lisp
[2.208s] [  0%] Built target pcl_msgs_generate_messages_lisp
[2.208s] [  0%] Built target std_srvs_generate_messages_py
[2.209s] [  0%] Built target topic_tools_generate_messages_lisp
[2.212s] [  0%] Built target actionlib_msgs_generate_messages_cpp
[2.216s] [  0%] Built target actionlib_generate_messages_nodejs
[2.312s] [ 12%] Built target sick_ldmrs_object_marker
[2.320s] [ 25%] Built target sick_ldmrs_filter_first
[2.321s] [ 37%] Built target sick_ldmrs_print_resolution
[2.322s] [ 50%] Built target sick_ldmrs_make_organized
[2.335s] [ 62%] Built target sick_ldmrs_all_layer_assembler
[2.335s] [ 75%] Built target sick_ldmrs_filter_layer
[2.355s] [ 87%] Built target sick_ldmrs_remove_background
[2.371s] [100%] Built target sick_ldmrs_filter_last
[2.421s] [36mInstall the project...[0m
[2.432s] -- Install configuration: "Release"
[2.432s] -- Up-to-date: /home/point001/autoware.ai/install/sick_ldmrs_tools/lib/pkgconfig/sick_ldmrs_tools.pc
[2.432s] -- Up-to-date: /home/point001/autoware.ai/install/sick_ldmrs_tools/share/sick_ldmrs_tools/cmake/sick_ldmrs_toolsConfig.cmake
[2.432s] -- Up-to-date: /home/point001/autoware.ai/install/sick_ldmrs_tools/share/sick_ldmrs_tools/cmake/sick_ldmrs_toolsConfig-version.cmake
[2.433s] -- Up-to-date: /home/point001/autoware.ai/install/sick_ldmrs_tools/share/sick_ldmrs_tools/package.xml
[2.433s] -- Up-to-date: /home/point001/autoware.ai/install/sick_ldmrs_tools/lib/sick_ldmrs_tools/sick_ldmrs_object_marker
[2.433s] -- Up-to-date: /home/point001/autoware.ai/install/sick_ldmrs_tools/lib/sick_ldmrs_tools/sick_ldmrs_filter_layer
[2.433s] -- Up-to-date: /home/point001/autoware.ai/install/sick_ldmrs_tools/lib/sick_ldmrs_tools/sick_ldmrs_filter_first
[2.440s] -- Up-to-date: /home/point001/autoware.ai/install/sick_ldmrs_tools/lib/sick_ldmrs_tools/sick_ldmrs_filter_last
[2.440s] -- Up-to-date: /home/point001/autoware.ai/install/sick_ldmrs_tools/lib/sick_ldmrs_tools/sick_ldmrs_all_layer_assembler
[2.441s] -- Up-to-date: /home/point001/autoware.ai/install/sick_ldmrs_tools/lib/sick_ldmrs_tools/sick_ldmrs_make_organized
[2.441s] -- Up-to-date: /home/point001/autoware.ai/install/sick_ldmrs_tools/lib/sick_ldmrs_tools/sick_ldmrs_remove_background
[2.441s] -- Up-to-date: /home/point001/autoware.ai/install/sick_ldmrs_tools/lib/sick_ldmrs_tools/sick_ldmrs_print_resolution
[2.441s] -- Up-to-date: /home/point001/autoware.ai/install/sick_ldmrs_tools/share/sick_ldmrs_tools/config
[2.441s] -- Up-to-date: /home/point001/autoware.ai/install/sick_ldmrs_tools/share/sick_ldmrs_tools/config/sick_ldmrs.rviz
[2.442s] -- Up-to-date: /home/point001/autoware.ai/install/sick_ldmrs_tools/share/sick_ldmrs_tools/launch
[2.442s] -- Up-to-date: /home/point001/autoware.ai/install/sick_ldmrs_tools/share/sick_ldmrs_tools/launch/sick_ldmrs_demo.launch
[2.549s] Invoked command in '/home/point001/autoware.ai/build/sick_ldmrs_tools' returned '0': CMAKE_PREFIX_PATH=/home/point001/autoware.ai/install/sick_ldmrs_driver:/home/point001/autoware.ai/install/sick_ldmrs_msgs:/home/point001/autoware.ai/install/sick_ldmrs_description:${CMAKE_PREFIX_PATH} LD_LIBRARY_PATH=/home/point001/autoware.ai/install/sick_ldmrs_driver/lib:${LD_LIBRARY_PATH} PATH=/home/point001/autoware.ai/install/sick_ldmrs_driver/bin:${PATH} PKG_CONFIG_PATH=/home/point001/autoware.ai/install/sick_ldmrs_driver/lib/x86_64-linux-gnu/pkgconfig:/home/point001/autoware.ai/install/sick_ldmrs_driver/lib/pkgconfig:/home/point001/autoware.ai/install/sick_ldmrs_msgs/lib/x86_64-linux-gnu/pkgconfig:/home/point001/autoware.ai/install/sick_ldmrs_msgs/lib/pkgconfig:/home/point001/autoware.ai/install/sick_ldmrs_description/lib/x86_64-linux-gnu/pkgconfig:/home/point001/autoware.ai/install/sick_ldmrs_description/lib/pkgconfig:${PKG_CONFIG_PATH} PYTHONPATH=/home/point001/autoware.ai/install/sick_ldmrs_driver/lib/python2.7/dist-packages:/home/point001/autoware.ai/install/sick_ldmrs_msgs/lib/python2.7/dist-packages:${PYTHONPATH} ROS_PACKAGE_PATH=/home/point001/autoware.ai/install/sick_ldmrs_driver/share:/home/point001/autoware.ai/install/sick_ldmrs_msgs/share:/home/point001/autoware.ai/install/sick_ldmrs_description/share:${ROS_PACKAGE_PATH} /usr/bin/cmake --build /home/point001/autoware.ai/build/sick_ldmrs_tools --target install -- -j24 -l24
