[0.304s] Invoking command in '/home/point001/autoware.ai/build/microstrain_driver': /usr/bin/cmake --build /home/point001/autoware.ai/build/microstrain_driver -- -j24 -l24
[0.441s] [ 76%] Built target microstrain_driver
[0.506s] [ 88%] Built target 3dm_gx5_15_node
[0.520s] [100%] Built target 3dm_gx5_45_node
[0.582s] Invoked command in '/home/point001/autoware.ai/build/microstrain_driver' returned '0': /usr/bin/cmake --build /home/point001/autoware.ai/build/microstrain_driver -- -j24 -l24
[1.276s] Invoking command in '/home/point001/autoware.ai/build/microstrain_driver': /usr/bin/cmake --build /home/point001/autoware.ai/build/microstrain_driver --target tests -- -j24 -l24
[1.482s] Built target tests
[1.569s] Invoked command in '/home/point001/autoware.ai/build/microstrain_driver' returned '0': /usr/bin/cmake --build /home/point001/autoware.ai/build/microstrain_driver --target tests -- -j24 -l24
[2.112s] Invoking command in '/home/point001/autoware.ai/build/microstrain_driver': /usr/bin/cmake --build /home/point001/autoware.ai/build/microstrain_driver --target install -- -j24 -l24
[2.257s] [ 76%] Built target microstrain_driver
[2.302s] [ 88%] Built target 3dm_gx5_15_node
[2.311s] [100%] Built target 3dm_gx5_45_node
[2.387s] [36mInstall the project...[0m
[2.401s] -- Install configuration: "Release"
[2.402s] -- Up-to-date: /home/point001/autoware.ai/install/microstrain_driver/lib/pkgconfig/microstrain_driver.pc
[2.402s] -- Up-to-date: /home/point001/autoware.ai/install/microstrain_driver/share/microstrain_driver/cmake/microstrain_driverConfig.cmake
[2.402s] -- Up-to-date: /home/point001/autoware.ai/install/microstrain_driver/share/microstrain_driver/cmake/microstrain_driverConfig-version.cmake
[2.402s] -- Up-to-date: /home/point001/autoware.ai/install/microstrain_driver/share/microstrain_driver/package.xml
[2.402s] -- Up-to-date: /home/point001/autoware.ai/install/microstrain_driver/lib/libmicrostrain_driver.so
[2.402s] -- Up-to-date: /home/point001/autoware.ai/install/microstrain_driver/lib/microstrain_driver/3dm_gx5_15_node
[2.402s] -- Up-to-date: /home/point001/autoware.ai/install/microstrain_driver/lib/microstrain_driver/3dm_gx5_45_node
[2.402s] -- Up-to-date: /home/point001/autoware.ai/install/microstrain_driver/share/microstrain_driver/launch
[2.402s] -- Up-to-date: /home/point001/autoware.ai/install/microstrain_driver/share/microstrain_driver/launch/3dm_gx5_15.launch
[2.402s] -- Up-to-date: /home/point001/autoware.ai/install/microstrain_driver/share/microstrain_driver/launch/microstrain.launch
[2.661s] Invoked command in '/home/point001/autoware.ai/build/microstrain_driver' returned '0': /usr/bin/cmake --build /home/point001/autoware.ai/build/microstrain_driver --target install -- -j24 -l24
