[0.543s] Invoking command in '/home/point001/autoware.ai/build/lanelet2_extension': CMAKE_PREFIX_PATH=/home/point001/autoware.ai/install/lanelet2_validation:/home/point001/autoware.ai/install/lanelet2_routing:/home/point001/autoware.ai/install/lanelet2_projection:/home/point001/autoware.ai/install/lanelet2_traffic_rules:/home/point001/autoware.ai/install/lanelet2_maps:/home/point001/autoware.ai/install/lanelet2_io:/home/point001/autoware.ai/install/lanelet2_core:/home/point001/autoware.ai/install/amathutils_lib:/home/point001/autoware.ai/install/autoware_msgs:/home/point001/autoware.ai/install/autoware_lanelet2_msgs:/home/point001/autoware.ai/install/autoware_build_flags:${CMAKE_PREFIX_PATH} LD_LIBRARY_PATH=/home/point001/autoware.ai/install/lanelet2_validation/lib:/home/point001/autoware.ai/install/lanelet2_routing/lib:/home/point001/autoware.ai/install/lanelet2_projection/lib:/home/point001/autoware.ai/install/lanelet2_traffic_rules/lib:/home/point001/autoware.ai/install/lanelet2_io/lib:/home/point001/autoware.ai/install/lanelet2_core/lib:/home/point001/autoware.ai/install/amathutils_lib/lib:/opt/ros/melodic/lib:/usr/local/cuda-10.0/lib64 PKG_CONFIG_PATH=/home/point001/autoware.ai/install/lanelet2_validation/lib/x86_64-linux-gnu/pkgconfig:/home/point001/autoware.ai/install/lanelet2_validation/lib/pkgconfig:/home/point001/autoware.ai/install/lanelet2_routing/lib/x86_64-linux-gnu/pkgconfig:/home/point001/autoware.ai/install/lanelet2_routing/lib/pkgconfig:/home/point001/autoware.ai/install/lanelet2_projection/lib/x86_64-linux-gnu/pkgconfig:/home/point001/autoware.ai/install/lanelet2_projection/lib/pkgconfig:/home/point001/autoware.ai/install/lanelet2_traffic_rules/lib/x86_64-linux-gnu/pkgconfig:/home/point001/autoware.ai/install/lanelet2_traffic_rules/lib/pkgconfig:/home/point001/autoware.ai/install/lanelet2_maps/lib/x86_64-linux-gnu/pkgconfig:/home/point001/autoware.ai/install/lanelet2_maps/lib/pkgconfig:/home/point001/autoware.ai/install/lanelet2_io/lib/x86_64-linux-gnu/pkgconfig:/home/point001/autoware.ai/install/lanelet2_io/lib/pkgconfig:/home/point001/autoware.ai/install/lanelet2_core/lib/x86_64-linux-gnu/pkgconfig:/home/point001/autoware.ai/install/lanelet2_core/lib/pkgconfig:/home/point001/autoware.ai/install/amathutils_lib/lib/x86_64-linux-gnu/pkgconfig:/home/point001/autoware.ai/install/amathutils_lib/lib/pkgconfig:/home/point001/autoware.ai/install/autoware_msgs/lib/x86_64-linux-gnu/pkgconfig:/home/point001/autoware.ai/install/autoware_msgs/lib/pkgconfig:/home/point001/autoware.ai/install/autoware_lanelet2_msgs/lib/x86_64-linux-gnu/pkgconfig:/home/point001/autoware.ai/install/autoware_lanelet2_msgs/lib/pkgconfig:/home/point001/autoware.ai/install/autoware_build_flags/lib/x86_64-linux-gnu/pkgconfig:/home/point001/autoware.ai/install/autoware_build_flags/lib/pkgconfig:${PKG_CONFIG_PATH} PYTHONPATH=/home/point001/autoware.ai/install/autoware_msgs/lib/python2.7/dist-packages:/home/point001/autoware.ai/install/autoware_lanelet2_msgs/lib/python2.7/dist-packages:${PYTHONPATH} ROS_PACKAGE_PATH=/home/point001/autoware.ai/install/lanelet2_validation/share:/home/point001/autoware.ai/install/lanelet2_routing/share:/home/point001/autoware.ai/install/lanelet2_projection/share:/home/point001/autoware.ai/install/lanelet2_traffic_rules/share:/home/point001/autoware.ai/install/lanelet2_maps/share:/home/point001/autoware.ai/install/lanelet2_io/share:/home/point001/autoware.ai/install/lanelet2_core/share:/home/point001/autoware.ai/install/amathutils_lib/share:/home/point001/autoware.ai/install/autoware_msgs/share:/home/point001/autoware.ai/install/autoware_lanelet2_msgs/share:/home/point001/autoware.ai/install/autoware_build_flags/share:${ROS_PACKAGE_PATH} /usr/bin/cmake --build /home/point001/autoware.ai/build/lanelet2_extension -- -j24 -l24
[0.736s] [  0%] Built target visualization_msgs_generate_messages_nodejs
[0.748s] [  0%] Built target roscpp_generate_messages_cpp
[0.748s] [  0%] Built target std_msgs_generate_messages_py
[0.768s] [  0%] Built target sensor_msgs_generate_messages_nodejs
[0.769s] [  0%] Built target sensor_msgs_generate_messages_py
[0.769s] [  0%] Built target sensor_msgs_generate_messages_eus
[0.780s] [  0%] Built target sensor_msgs_generate_messages_lisp
[0.780s] [  0%] Built target geometry_msgs_generate_messages_py
[0.780s] [  0%] Built target autoware_msgs_generate_messages_cpp
[0.780s] [  0%] Built target rosgraph_msgs_generate_messages_cpp
[0.780s] [  0%] Built target std_msgs_generate_messages_nodejs
[0.780s] [  0%] Built target rosgraph_msgs_generate_messages_eus
[0.781s] [  0%] Built target jsk_recognition_msgs_generate_messages_py
[0.783s] [  0%] Built target tf2_msgs_generate_messages_cpp
[0.783s] [  0%] Built target visualization_msgs_generate_messages_py
[0.785s] [  0%] Built target visualization_msgs_generate_messages_cpp
[0.785s] [  0%] Built target pcl_msgs_generate_messages_nodejs
[0.786s] [  0%] Built target sensor_msgs_generate_messages_cpp
[0.793s] [  0%] Built target pcl_msgs_generate_messages_eus
[0.797s] [  0%] Built target autoware_msgs_generate_messages_py
[0.808s] [  0%] Built target _catkin_empty_exported_target
[0.813s] [  0%] Built target jsk_recognition_msgs_generate_messages_eus
[0.820s] [  0%] Built target actionlib_msgs_generate_messages_nodejs
[0.820s] [  0%] Built target jsk_recognition_msgs_generate_messages_lisp
[0.821s] [  0%] Built target std_msgs_generate_messages_eus
[0.829s] [  0%] Built target tf_generate_messages_py
[0.830s] [  0%] Built target actionlib_generate_messages_cpp
[0.830s] [  0%] Built target geometry_msgs_generate_messages_eus
[0.836s] [  0%] Built target std_msgs_generate_messages_lisp
[0.849s] [  0%] Built target autoware_msgs_generate_messages_eus
[0.853s] [  0%] Built target pcl_msgs_generate_messages_cpp
[0.854s] [  0%] Built target autoware_msgs_generate_messages_nodejs
[0.860s] [  0%] Built target jsk_recognition_msgs_generate_messages_cpp
[0.870s] [  0%] Built target jsk_footstep_msgs_generate_messages_eus
[0.870s] [  0%] Built target geometry_msgs_generate_messages_nodejs
[0.870s] [  0%] Built target jsk_footstep_msgs_generate_messages_cpp
[0.870s] [  0%] Built target jsk_footstep_msgs_generate_messages_nodejs
[0.874s] [  0%] Built target roscpp_generate_messages_nodejs
[0.876s] [  0%] Built target std_msgs_generate_messages_cpp
[0.881s] [  0%] Built target visualization_msgs_generate_messages_lisp
[0.882s] [  0%] Built target jsk_footstep_msgs_generate_messages_py
[0.884s] [  0%] Built target actionlib_msgs_generate_messages_py
[0.884s] [  0%] Built target tf_generate_messages_lisp
[0.885s] [  0%] Built target jsk_footstep_msgs_generate_messages_lisp
[0.885s] [  0%] Built target autoware_lanelet2_msgs_generate_messages_cpp
[0.886s] [  0%] Built target tf_generate_messages_eus
[0.887s] [  0%] Built target geometry_msgs_generate_messages_lisp
[0.891s] [  0%] Built target autoware_msgs_generate_messages_lisp
[0.906s] [  0%] Built target autoware_lanelet2_msgs_generate_messages_py
[0.906s] [  0%] Built target jsk_recognition_msgs_generate_messages_nodejs
[0.906s] [  0%] Built target actionlib_msgs_generate_messages_cpp
[0.906s] [  0%] Built target tf_generate_messages_nodejs
[0.911s] [  0%] Built target actionlib_msgs_generate_messages_lisp
[0.913s] [  0%] Built target roscpp_generate_messages_lisp
[0.923s] [  0%] Built target rosgraph_msgs_generate_messages_nodejs
[0.924s] [  0%] Built target actionlib_generate_messages_lisp
[0.926s] [  0%] Built target rosgraph_msgs_generate_messages_py
[0.930s] [  0%] Built target actionlib_generate_messages_eus
[0.933s] [  0%] Built target tf2_msgs_generate_messages_py
[0.934s] [  0%] Built target rosgraph_msgs_generate_messages_lisp
[0.950s] [  0%] Built target tf2_msgs_generate_messages_lisp
[0.951s] [  0%] Built target tf2_msgs_generate_messages_eus
[0.958s] [  0%] Built target tf_generate_messages_cpp
[0.958s] [  0%] Built target tf2_msgs_generate_messages_nodejs
[0.958s] [  0%] Built target roscpp_generate_messages_py
[0.959s] [  0%] Built target actionlib_msgs_generate_messages_eus
[0.959s] [  0%] Built target actionlib_generate_messages_nodejs
[0.959s] [  0%] Built target geometry_msgs_generate_messages_cpp
[0.964s] [  0%] Built target autoware_lanelet2_msgs_generate_messages_lisp
[0.966s] [  0%] Built target pcl_msgs_generate_messages_lisp
[0.970s] [  0%] Built target roscpp_generate_messages_eus
[0.970s] [  0%] Built target autoware_lanelet2_msgs_generate_messages_eus
[0.970s] [  0%] Built target pcl_msgs_generate_messages_py
[0.977s] [  0%] Built target actionlib_generate_messages_py
[0.977s] [  0%] Built target autoware_lanelet2_msgs_generate_messages_nodejs
[0.998s] [  0%] Built target visualization_msgs_generate_messages_eus
[1.118s] [ 66%] Built target lanelet2_extension_lib
[1.194s] [ 83%] Built target autoware_lanelet2_validation
[1.207s] [100%] Built target lanelet2_extension_sample
[1.294s] Invoked command in '/home/point001/autoware.ai/build/lanelet2_extension' returned '0': CMAKE_PREFIX_PATH=/home/point001/autoware.ai/install/lanelet2_validation:/home/point001/autoware.ai/install/lanelet2_routing:/home/point001/autoware.ai/install/lanelet2_projection:/home/point001/autoware.ai/install/lanelet2_traffic_rules:/home/point001/autoware.ai/install/lanelet2_maps:/home/point001/autoware.ai/install/lanelet2_io:/home/point001/autoware.ai/install/lanelet2_core:/home/point001/autoware.ai/install/amathutils_lib:/home/point001/autoware.ai/install/autoware_msgs:/home/point001/autoware.ai/install/autoware_lanelet2_msgs:/home/point001/autoware.ai/install/autoware_build_flags:${CMAKE_PREFIX_PATH} LD_LIBRARY_PATH=/home/point001/autoware.ai/install/lanelet2_validation/lib:/home/point001/autoware.ai/install/lanelet2_routing/lib:/home/point001/autoware.ai/install/lanelet2_projection/lib:/home/point001/autoware.ai/install/lanelet2_traffic_rules/lib:/home/point001/autoware.ai/install/lanelet2_io/lib:/home/point001/autoware.ai/install/lanelet2_core/lib:/home/point001/autoware.ai/install/amathutils_lib/lib:/opt/ros/melodic/lib:/usr/local/cuda-10.0/lib64 PKG_CONFIG_PATH=/home/point001/autoware.ai/install/lanelet2_validation/lib/x86_64-linux-gnu/pkgconfig:/home/point001/autoware.ai/install/lanelet2_validation/lib/pkgconfig:/home/point001/autoware.ai/install/lanelet2_routing/lib/x86_64-linux-gnu/pkgconfig:/home/point001/autoware.ai/install/lanelet2_routing/lib/pkgconfig:/home/point001/autoware.ai/install/lanelet2_projection/lib/x86_64-linux-gnu/pkgconfig:/home/point001/autoware.ai/install/lanelet2_projection/lib/pkgconfig:/home/point001/autoware.ai/install/lanelet2_traffic_rules/lib/x86_64-linux-gnu/pkgconfig:/home/point001/autoware.ai/install/lanelet2_traffic_rules/lib/pkgconfig:/home/point001/autoware.ai/install/lanelet2_maps/lib/x86_64-linux-gnu/pkgconfig:/home/point001/autoware.ai/install/lanelet2_maps/lib/pkgconfig:/home/point001/autoware.ai/install/lanelet2_io/lib/x86_64-linux-gnu/pkgconfig:/home/point001/autoware.ai/install/lanelet2_io/lib/pkgconfig:/home/point001/autoware.ai/install/lanelet2_core/lib/x86_64-linux-gnu/pkgconfig:/home/point001/autoware.ai/install/lanelet2_core/lib/pkgconfig:/home/point001/autoware.ai/install/amathutils_lib/lib/x86_64-linux-gnu/pkgconfig:/home/point001/autoware.ai/install/amathutils_lib/lib/pkgconfig:/home/point001/autoware.ai/install/autoware_msgs/lib/x86_64-linux-gnu/pkgconfig:/home/point001/autoware.ai/install/autoware_msgs/lib/pkgconfig:/home/point001/autoware.ai/install/autoware_lanelet2_msgs/lib/x86_64-linux-gnu/pkgconfig:/home/point001/autoware.ai/install/autoware_lanelet2_msgs/lib/pkgconfig:/home/point001/autoware.ai/install/autoware_build_flags/lib/x86_64-linux-gnu/pkgconfig:/home/point001/autoware.ai/install/autoware_build_flags/lib/pkgconfig:${PKG_CONFIG_PATH} PYTHONPATH=/home/point001/autoware.ai/install/autoware_msgs/lib/python2.7/dist-packages:/home/point001/autoware.ai/install/autoware_lanelet2_msgs/lib/python2.7/dist-packages:${PYTHONPATH} ROS_PACKAGE_PATH=/home/point001/autoware.ai/install/lanelet2_validation/share:/home/point001/autoware.ai/install/lanelet2_routing/share:/home/point001/autoware.ai/install/lanelet2_projection/share:/home/point001/autoware.ai/install/lanelet2_traffic_rules/share:/home/point001/autoware.ai/install/lanelet2_maps/share:/home/point001/autoware.ai/install/lanelet2_io/share:/home/point001/autoware.ai/install/lanelet2_core/share:/home/point001/autoware.ai/install/amathutils_lib/share:/home/point001/autoware.ai/install/autoware_msgs/share:/home/point001/autoware.ai/install/autoware_lanelet2_msgs/share:/home/point001/autoware.ai/install/autoware_build_flags/share:${ROS_PACKAGE_PATH} /usr/bin/cmake --build /home/point001/autoware.ai/build/lanelet2_extension -- -j24 -l24
[1.971s] Invoking command in '/home/point001/autoware.ai/build/lanelet2_extension': CMAKE_PREFIX_PATH=/home/point001/autoware.ai/install/lanelet2_validation:/home/point001/autoware.ai/install/lanelet2_routing:/home/point001/autoware.ai/install/lanelet2_projection:/home/point001/autoware.ai/install/lanelet2_traffic_rules:/home/point001/autoware.ai/install/lanelet2_maps:/home/point001/autoware.ai/install/lanelet2_io:/home/point001/autoware.ai/install/lanelet2_core:/home/point001/autoware.ai/install/amathutils_lib:/home/point001/autoware.ai/install/autoware_msgs:/home/point001/autoware.ai/install/autoware_lanelet2_msgs:/home/point001/autoware.ai/install/autoware_build_flags:${CMAKE_PREFIX_PATH} LD_LIBRARY_PATH=/home/point001/autoware.ai/install/lanelet2_validation/lib:/home/point001/autoware.ai/install/lanelet2_routing/lib:/home/point001/autoware.ai/install/lanelet2_projection/lib:/home/point001/autoware.ai/install/lanelet2_traffic_rules/lib:/home/point001/autoware.ai/install/lanelet2_io/lib:/home/point001/autoware.ai/install/lanelet2_core/lib:/home/point001/autoware.ai/install/amathutils_lib/lib:/opt/ros/melodic/lib:/usr/local/cuda-10.0/lib64 PKG_CONFIG_PATH=/home/point001/autoware.ai/install/lanelet2_validation/lib/x86_64-linux-gnu/pkgconfig:/home/point001/autoware.ai/install/lanelet2_validation/lib/pkgconfig:/home/point001/autoware.ai/install/lanelet2_routing/lib/x86_64-linux-gnu/pkgconfig:/home/point001/autoware.ai/install/lanelet2_routing/lib/pkgconfig:/home/point001/autoware.ai/install/lanelet2_projection/lib/x86_64-linux-gnu/pkgconfig:/home/point001/autoware.ai/install/lanelet2_projection/lib/pkgconfig:/home/point001/autoware.ai/install/lanelet2_traffic_rules/lib/x86_64-linux-gnu/pkgconfig:/home/point001/autoware.ai/install/lanelet2_traffic_rules/lib/pkgconfig:/home/point001/autoware.ai/install/lanelet2_maps/lib/x86_64-linux-gnu/pkgconfig:/home/point001/autoware.ai/install/lanelet2_maps/lib/pkgconfig:/home/point001/autoware.ai/install/lanelet2_io/lib/x86_64-linux-gnu/pkgconfig:/home/point001/autoware.ai/install/lanelet2_io/lib/pkgconfig:/home/point001/autoware.ai/install/lanelet2_core/lib/x86_64-linux-gnu/pkgconfig:/home/point001/autoware.ai/install/lanelet2_core/lib/pkgconfig:/home/point001/autoware.ai/install/amathutils_lib/lib/x86_64-linux-gnu/pkgconfig:/home/point001/autoware.ai/install/amathutils_lib/lib/pkgconfig:/home/point001/autoware.ai/install/autoware_msgs/lib/x86_64-linux-gnu/pkgconfig:/home/point001/autoware.ai/install/autoware_msgs/lib/pkgconfig:/home/point001/autoware.ai/install/autoware_lanelet2_msgs/lib/x86_64-linux-gnu/pkgconfig:/home/point001/autoware.ai/install/autoware_lanelet2_msgs/lib/pkgconfig:/home/point001/autoware.ai/install/autoware_build_flags/lib/x86_64-linux-gnu/pkgconfig:/home/point001/autoware.ai/install/autoware_build_flags/lib/pkgconfig:${PKG_CONFIG_PATH} PYTHONPATH=/home/point001/autoware.ai/install/autoware_msgs/lib/python2.7/dist-packages:/home/point001/autoware.ai/install/autoware_lanelet2_msgs/lib/python2.7/dist-packages:${PYTHONPATH} ROS_PACKAGE_PATH=/home/point001/autoware.ai/install/lanelet2_validation/share:/home/point001/autoware.ai/install/lanelet2_routing/share:/home/point001/autoware.ai/install/lanelet2_projection/share:/home/point001/autoware.ai/install/lanelet2_traffic_rules/share:/home/point001/autoware.ai/install/lanelet2_maps/share:/home/point001/autoware.ai/install/lanelet2_io/share:/home/point001/autoware.ai/install/lanelet2_core/share:/home/point001/autoware.ai/install/amathutils_lib/share:/home/point001/autoware.ai/install/autoware_msgs/share:/home/point001/autoware.ai/install/autoware_lanelet2_msgs/share:/home/point001/autoware.ai/install/autoware_build_flags/share:${ROS_PACKAGE_PATH} /usr/bin/cmake --build /home/point001/autoware.ai/build/lanelet2_extension --target tests -- -j24 -l24
[2.110s] [  0%] Built target tf2_msgs_generate_messages_cpp
[2.121s] [  0%] Built target jsk_recognition_msgs_generate_messages_eus
[2.121s] [  0%] Built target visualization_msgs_generate_messages_cpp
[2.121s] [  0%] Built target geometry_msgs_generate_messages_py
[2.121s] [  0%] Built target autoware_msgs_generate_messages_cpp
[2.122s] [  0%] Built target std_msgs_generate_messages_py
[2.122s] [  0%] Built target visualization_msgs_generate_messages_nodejs
[2.122s] [  0%] Built target sensor_msgs_generate_messages_cpp
[2.123s] [  0%] Built target pcl_msgs_generate_messages_nodejs
[2.127s] [  0%] Built target sensor_msgs_generate_messages_eus
[2.128s] [ 10%] Built target gtest
[2.130s] [ 10%] Built target sensor_msgs_generate_messages_nodejs
[2.130s] [ 10%] Built target std_msgs_generate_messages_nodejs
[2.130s] [ 10%] Built target jsk_recognition_msgs_generate_messages_py
[2.130s] [ 10%] Built target pcl_msgs_generate_messages_eus
[2.130s] [ 10%] Built target roscpp_generate_messages_cpp
[2.130s] [ 10%] Built target autoware_msgs_generate_messages_py
[2.130s] [ 10%] Built target rosgraph_msgs_generate_messages_cpp
[2.132s] [ 10%] Built target visualization_msgs_generate_messages_py
[2.134s] [ 10%] Built target sensor_msgs_generate_messages_lisp
[2.135s] [ 10%] Built target rosgraph_msgs_generate_messages_eus
[2.136s] [ 10%] Built target jsk_recognition_msgs_generate_messages_lisp
[2.137s] [ 10%] Built target actionlib_generate_messages_cpp
[2.138s] [ 10%] Built target _catkin_empty_exported_target
[2.145s] [ 10%] Built target sensor_msgs_generate_messages_py
[2.155s] [ 10%] Built target geometry_msgs_generate_messages_eus
[2.155s] [ 10%] Built target tf_generate_messages_py
[2.156s] [ 10%] Built target actionlib_msgs_generate_messages_nodejs
[2.159s] [ 10%] Built target std_msgs_generate_messages_cpp
[2.159s] [ 10%] Built target jsk_footstep_msgs_generate_messages_eus
[2.159s] [ 10%] Built target geometry_msgs_generate_messages_lisp
[2.159s] [ 10%] Built target actionlib_msgs_generate_messages_py
[2.159s] [ 10%] Built target std_msgs_generate_messages_lisp
[2.160s] [ 10%] Built target autoware_msgs_generate_messages_lisp
[2.163s] [ 10%] Built target autoware_msgs_generate_messages_nodejs
[2.163s] [ 10%] Built target geometry_msgs_generate_messages_nodejs
[2.167s] [ 10%] Built target visualization_msgs_generate_messages_lisp
[2.167s] [ 10%] Built target jsk_footstep_msgs_generate_messages_nodejs
[2.167s] [ 10%] Built target jsk_footstep_msgs_generate_messages_lisp
[2.171s] [ 10%] Built target jsk_recognition_msgs_generate_messages_cpp
[2.171s] [ 10%] Built target actionlib_msgs_generate_messages_lisp
[2.176s] [ 10%] Built target jsk_footstep_msgs_generate_messages_cpp
[2.177s] [ 10%] Built target autoware_msgs_generate_messages_eus
[2.177s] [ 10%] Built target actionlib_msgs_generate_messages_cpp
[2.177s] [ 10%] Built target pcl_msgs_generate_messages_cpp
[2.177s] [ 10%] Built target jsk_footstep_msgs_generate_messages_py
[2.177s] [ 10%] Built target std_msgs_generate_messages_eus
[2.180s] [ 10%] Built target roscpp_generate_messages_nodejs
[2.184s] [ 10%] Built target tf_generate_messages_eus
[2.184s] [ 10%] Built target tf_generate_messages_lisp
[2.189s] [ 10%] Built target autoware_lanelet2_msgs_generate_messages_cpp
[2.189s] [ 10%] Built target jsk_recognition_msgs_generate_messages_nodejs
[2.195s] [ 10%] Built target tf_generate_messages_nodejs
[2.199s] [ 10%] Built target actionlib_msgs_generate_messages_eus
[2.199s] [ 10%] Built target roscpp_generate_messages_eus
[2.199s] [ 10%] Built target actionlib_generate_messages_eus
[2.199s] [ 10%] Built target rosgraph_msgs_generate_messages_nodejs
[2.199s] [ 10%] Built target pcl_msgs_generate_messages_py
[2.200s] [ 10%] Built target autoware_lanelet2_msgs_generate_messages_py
[2.200s] [ 10%] Built target roscpp_generate_messages_lisp
[2.202s] [ 10%] Built target actionlib_generate_messages_py
[2.202s] [ 10%] Built target rosgraph_msgs_generate_messages_lisp
[2.203s] [ 10%] Built target actionlib_generate_messages_nodejs
[2.204s] [ 10%] Built target rosgraph_msgs_generate_messages_py
[2.204s] [ 10%] Built target pcl_msgs_generate_messages_lisp
[2.208s] [ 10%] Built target actionlib_generate_messages_lisp
[2.208s] [ 10%] Built target autoware_lanelet2_msgs_generate_messages_eus
[2.208s] [ 10%] Built target tf_generate_messages_cpp
[2.208s] [ 10%] Built target geometry_msgs_generate_messages_cpp
[2.208s] [ 10%] Built target tf2_msgs_generate_messages_lisp
[2.212s] [ 10%] Built target autoware_lanelet2_msgs_generate_messages_nodejs
[2.215s] [ 10%] Built target tf2_msgs_generate_messages_nodejs
[2.215s] [ 10%] Built target tf2_msgs_generate_messages_py
[2.215s] [ 10%] Built target visualization_msgs_generate_messages_eus
[2.215s] [ 10%] Built target roscpp_generate_messages_py
[2.218s] [ 10%] Built target autoware_lanelet2_msgs_generate_messages_lisp
[2.219s] [ 10%] Built target tf2_msgs_generate_messages_eus
[2.264s] [ 50%] Built target lanelet2_extension_lib
[2.293s] [ 60%] Built target message_conversion-test
[2.294s] [ 80%] Built target regulatory_elements-test
[2.294s] [ 80%] Built target projector-test
[2.296s] [ 90%] Built target query-test
[2.308s] [100%] Built target utilities-test
[2.358s] [100%] Built target tests
[2.584s] Invoked command in '/home/point001/autoware.ai/build/lanelet2_extension' returned '0': CMAKE_PREFIX_PATH=/home/point001/autoware.ai/install/lanelet2_validation:/home/point001/autoware.ai/install/lanelet2_routing:/home/point001/autoware.ai/install/lanelet2_projection:/home/point001/autoware.ai/install/lanelet2_traffic_rules:/home/point001/autoware.ai/install/lanelet2_maps:/home/point001/autoware.ai/install/lanelet2_io:/home/point001/autoware.ai/install/lanelet2_core:/home/point001/autoware.ai/install/amathutils_lib:/home/point001/autoware.ai/install/autoware_msgs:/home/point001/autoware.ai/install/autoware_lanelet2_msgs:/home/point001/autoware.ai/install/autoware_build_flags:${CMAKE_PREFIX_PATH} LD_LIBRARY_PATH=/home/point001/autoware.ai/install/lanelet2_validation/lib:/home/point001/autoware.ai/install/lanelet2_routing/lib:/home/point001/autoware.ai/install/lanelet2_projection/lib:/home/point001/autoware.ai/install/lanelet2_traffic_rules/lib:/home/point001/autoware.ai/install/lanelet2_io/lib:/home/point001/autoware.ai/install/lanelet2_core/lib:/home/point001/autoware.ai/install/amathutils_lib/lib:/opt/ros/melodic/lib:/usr/local/cuda-10.0/lib64 PKG_CONFIG_PATH=/home/point001/autoware.ai/install/lanelet2_validation/lib/x86_64-linux-gnu/pkgconfig:/home/point001/autoware.ai/install/lanelet2_validation/lib/pkgconfig:/home/point001/autoware.ai/install/lanelet2_routing/lib/x86_64-linux-gnu/pkgconfig:/home/point001/autoware.ai/install/lanelet2_routing/lib/pkgconfig:/home/point001/autoware.ai/install/lanelet2_projection/lib/x86_64-linux-gnu/pkgconfig:/home/point001/autoware.ai/install/lanelet2_projection/lib/pkgconfig:/home/point001/autoware.ai/install/lanelet2_traffic_rules/lib/x86_64-linux-gnu/pkgconfig:/home/point001/autoware.ai/install/lanelet2_traffic_rules/lib/pkgconfig:/home/point001/autoware.ai/install/lanelet2_maps/lib/x86_64-linux-gnu/pkgconfig:/home/point001/autoware.ai/install/lanelet2_maps/lib/pkgconfig:/home/point001/autoware.ai/install/lanelet2_io/lib/x86_64-linux-gnu/pkgconfig:/home/point001/autoware.ai/install/lanelet2_io/lib/pkgconfig:/home/point001/autoware.ai/install/lanelet2_core/lib/x86_64-linux-gnu/pkgconfig:/home/point001/autoware.ai/install/lanelet2_core/lib/pkgconfig:/home/point001/autoware.ai/install/amathutils_lib/lib/x86_64-linux-gnu/pkgconfig:/home/point001/autoware.ai/install/amathutils_lib/lib/pkgconfig:/home/point001/autoware.ai/install/autoware_msgs/lib/x86_64-linux-gnu/pkgconfig:/home/point001/autoware.ai/install/autoware_msgs/lib/pkgconfig:/home/point001/autoware.ai/install/autoware_lanelet2_msgs/lib/x86_64-linux-gnu/pkgconfig:/home/point001/autoware.ai/install/autoware_lanelet2_msgs/lib/pkgconfig:/home/point001/autoware.ai/install/autoware_build_flags/lib/x86_64-linux-gnu/pkgconfig:/home/point001/autoware.ai/install/autoware_build_flags/lib/pkgconfig:${PKG_CONFIG_PATH} PYTHONPATH=/home/point001/autoware.ai/install/autoware_msgs/lib/python2.7/dist-packages:/home/point001/autoware.ai/install/autoware_lanelet2_msgs/lib/python2.7/dist-packages:${PYTHONPATH} ROS_PACKAGE_PATH=/home/point001/autoware.ai/install/lanelet2_validation/share:/home/point001/autoware.ai/install/lanelet2_routing/share:/home/point001/autoware.ai/install/lanelet2_projection/share:/home/point001/autoware.ai/install/lanelet2_traffic_rules/share:/home/point001/autoware.ai/install/lanelet2_maps/share:/home/point001/autoware.ai/install/lanelet2_io/share:/home/point001/autoware.ai/install/lanelet2_core/share:/home/point001/autoware.ai/install/amathutils_lib/share:/home/point001/autoware.ai/install/autoware_msgs/share:/home/point001/autoware.ai/install/autoware_lanelet2_msgs/share:/home/point001/autoware.ai/install/autoware_build_flags/share:${ROS_PACKAGE_PATH} /usr/bin/cmake --build /home/point001/autoware.ai/build/lanelet2_extension --target tests -- -j24 -l24
[3.261s] Invoking command in '/home/point001/autoware.ai/build/lanelet2_extension': CMAKE_PREFIX_PATH=/home/point001/autoware.ai/install/lanelet2_validation:/home/point001/autoware.ai/install/lanelet2_routing:/home/point001/autoware.ai/install/lanelet2_projection:/home/point001/autoware.ai/install/lanelet2_traffic_rules:/home/point001/autoware.ai/install/lanelet2_maps:/home/point001/autoware.ai/install/lanelet2_io:/home/point001/autoware.ai/install/lanelet2_core:/home/point001/autoware.ai/install/amathutils_lib:/home/point001/autoware.ai/install/autoware_msgs:/home/point001/autoware.ai/install/autoware_lanelet2_msgs:/home/point001/autoware.ai/install/autoware_build_flags:${CMAKE_PREFIX_PATH} LD_LIBRARY_PATH=/home/point001/autoware.ai/install/lanelet2_validation/lib:/home/point001/autoware.ai/install/lanelet2_routing/lib:/home/point001/autoware.ai/install/lanelet2_projection/lib:/home/point001/autoware.ai/install/lanelet2_traffic_rules/lib:/home/point001/autoware.ai/install/lanelet2_io/lib:/home/point001/autoware.ai/install/lanelet2_core/lib:/home/point001/autoware.ai/install/amathutils_lib/lib:/opt/ros/melodic/lib:/usr/local/cuda-10.0/lib64 PKG_CONFIG_PATH=/home/point001/autoware.ai/install/lanelet2_validation/lib/x86_64-linux-gnu/pkgconfig:/home/point001/autoware.ai/install/lanelet2_validation/lib/pkgconfig:/home/point001/autoware.ai/install/lanelet2_routing/lib/x86_64-linux-gnu/pkgconfig:/home/point001/autoware.ai/install/lanelet2_routing/lib/pkgconfig:/home/point001/autoware.ai/install/lanelet2_projection/lib/x86_64-linux-gnu/pkgconfig:/home/point001/autoware.ai/install/lanelet2_projection/lib/pkgconfig:/home/point001/autoware.ai/install/lanelet2_traffic_rules/lib/x86_64-linux-gnu/pkgconfig:/home/point001/autoware.ai/install/lanelet2_traffic_rules/lib/pkgconfig:/home/point001/autoware.ai/install/lanelet2_maps/lib/x86_64-linux-gnu/pkgconfig:/home/point001/autoware.ai/install/lanelet2_maps/lib/pkgconfig:/home/point001/autoware.ai/install/lanelet2_io/lib/x86_64-linux-gnu/pkgconfig:/home/point001/autoware.ai/install/lanelet2_io/lib/pkgconfig:/home/point001/autoware.ai/install/lanelet2_core/lib/x86_64-linux-gnu/pkgconfig:/home/point001/autoware.ai/install/lanelet2_core/lib/pkgconfig:/home/point001/autoware.ai/install/amathutils_lib/lib/x86_64-linux-gnu/pkgconfig:/home/point001/autoware.ai/install/amathutils_lib/lib/pkgconfig:/home/point001/autoware.ai/install/autoware_msgs/lib/x86_64-linux-gnu/pkgconfig:/home/point001/autoware.ai/install/autoware_msgs/lib/pkgconfig:/home/point001/autoware.ai/install/autoware_lanelet2_msgs/lib/x86_64-linux-gnu/pkgconfig:/home/point001/autoware.ai/install/autoware_lanelet2_msgs/lib/pkgconfig:/home/point001/autoware.ai/install/autoware_build_flags/lib/x86_64-linux-gnu/pkgconfig:/home/point001/autoware.ai/install/autoware_build_flags/lib/pkgconfig:${PKG_CONFIG_PATH} PYTHONPATH=/home/point001/autoware.ai/install/autoware_msgs/lib/python2.7/dist-packages:/home/point001/autoware.ai/install/autoware_lanelet2_msgs/lib/python2.7/dist-packages:${PYTHONPATH} ROS_PACKAGE_PATH=/home/point001/autoware.ai/install/lanelet2_validation/share:/home/point001/autoware.ai/install/lanelet2_routing/share:/home/point001/autoware.ai/install/lanelet2_projection/share:/home/point001/autoware.ai/install/lanelet2_traffic_rules/share:/home/point001/autoware.ai/install/lanelet2_maps/share:/home/point001/autoware.ai/install/lanelet2_io/share:/home/point001/autoware.ai/install/lanelet2_core/share:/home/point001/autoware.ai/install/amathutils_lib/share:/home/point001/autoware.ai/install/autoware_msgs/share:/home/point001/autoware.ai/install/autoware_lanelet2_msgs/share:/home/point001/autoware.ai/install/autoware_build_flags/share:${ROS_PACKAGE_PATH} /usr/bin/cmake --build /home/point001/autoware.ai/build/lanelet2_extension --target install -- -j24 -l24
[3.324s] [  0%] Built target actionlib_generate_messages_cpp
[3.325s] [  0%] Built target roscpp_generate_messages_cpp
[3.325s] [  0%] Built target sensor_msgs_generate_messages_nodejs
[3.325s] [  0%] Built target tf2_msgs_generate_messages_cpp
[3.325s] [  0%] Built target pcl_msgs_generate_messages_nodejs
[3.331s] [  0%] Built target visualization_msgs_generate_messages_nodejs
[3.333s] [  0%] Built target autoware_msgs_generate_messages_cpp
[3.334s] [  0%] Built target rosgraph_msgs_generate_messages_eus
[3.334s] [  0%] Built target visualization_msgs_generate_messages_py
[3.334s] [  0%] Built target pcl_msgs_generate_messages_eus
[3.334s] [  0%] Built target geometry_msgs_generate_messages_py
[3.334s] [  0%] Built target sensor_msgs_generate_messages_cpp
[3.334s] [  0%] Built target rosgraph_msgs_generate_messages_cpp
[3.334s] [  0%] Built target jsk_recognition_msgs_generate_messages_py
[3.334s] [  0%] Built target jsk_recognition_msgs_generate_messages_lisp
[3.334s] [  0%] Built target std_msgs_generate_messages_py
[3.334s] [  0%] Built target std_msgs_generate_messages_nodejs
[3.334s] [  0%] Built target sensor_msgs_generate_messages_py
[3.337s] [  0%] Built target sensor_msgs_generate_messages_eus
[3.338s] [  0%] Built target visualization_msgs_generate_messages_cpp
[3.338s] [  0%] Built target autoware_msgs_generate_messages_py
[3.338s] [  0%] Built target _catkin_empty_exported_target
[3.341s] [  0%] Built target jsk_recognition_msgs_generate_messages_eus
[3.344s] [  0%] Built target sensor_msgs_generate_messages_lisp
[3.349s] [  0%] Built target std_msgs_generate_messages_cpp
[3.357s] [  0%] Built target geometry_msgs_generate_messages_eus
[3.357s] [  0%] Built target tf_generate_messages_py
[3.357s] [  0%] Built target jsk_footstep_msgs_generate_messages_py
[3.359s] [  0%] Built target roscpp_generate_messages_nodejs
[3.359s] [  0%] Built target autoware_msgs_generate_messages_lisp
[3.359s] [  0%] Built target actionlib_msgs_generate_messages_nodejs
[3.364s] [  0%] Built target pcl_msgs_generate_messages_cpp
[3.365s] [  0%] Built target std_msgs_generate_messages_eus
[3.365s] [  0%] Built target actionlib_msgs_generate_messages_py
[3.368s] [  0%] Built target geometry_msgs_generate_messages_lisp
[3.369s] [  0%] Built target jsk_footstep_msgs_generate_messages_eus
[3.373s] [  0%] Built target std_msgs_generate_messages_lisp
[3.373s] [  0%] Built target actionlib_msgs_generate_messages_cpp
[3.387s] [  0%] Built target geometry_msgs_generate_messages_nodejs
[3.387s] [  0%] Built target autoware_msgs_generate_messages_nodejs
[3.388s] [  0%] Built target actionlib_msgs_generate_messages_lisp
[3.388s] [  0%] Built target jsk_recognition_msgs_generate_messages_cpp
[3.388s] [  0%] Built target jsk_footstep_msgs_generate_messages_cpp
[3.389s] [  0%] Built target jsk_footstep_msgs_generate_messages_nodejs
[3.390s] [  0%] Built target tf_generate_messages_eus
[3.390s] [  0%] Built target autoware_msgs_generate_messages_eus
[3.390s] [  0%] Built target tf_generate_messages_lisp
[3.390s] [  0%] Built target jsk_footstep_msgs_generate_messages_lisp
[3.393s] [  0%] Built target visualization_msgs_generate_messages_lisp
[3.399s] [  0%] Built target jsk_recognition_msgs_generate_messages_nodejs
[3.402s] [  0%] Built target tf_generate_messages_nodejs
[3.407s] [  0%] Built target actionlib_msgs_generate_messages_eus
[3.408s] [  0%] Built target roscpp_generate_messages_eus
[3.414s] [  0%] Built target rosgraph_msgs_generate_messages_py
[3.414s] [  0%] Built target actionlib_generate_messages_eus
[3.414s] [  0%] Built target autoware_lanelet2_msgs_generate_messages_cpp
[3.421s] [  0%] Built target rosgraph_msgs_generate_messages_nodejs
[3.421s] [  0%] Built target tf_generate_messages_cpp
[3.421s] [  0%] Built target roscpp_generate_messages_lisp
[3.421s] [  0%] Built target rosgraph_msgs_generate_messages_lisp
[3.422s] [  0%] Built target roscpp_generate_messages_py
[3.422s] [  0%] Built target pcl_msgs_generate_messages_py
[3.427s] [  0%] Built target tf2_msgs_generate_messages_lisp
[3.428s] [  0%] Built target geometry_msgs_generate_messages_cpp
[3.429s] [  0%] Built target actionlib_generate_messages_lisp
[3.429s] [  0%] Built target actionlib_generate_messages_py
[3.431s] [  0%] Built target tf2_msgs_generate_messages_py
[3.431s] [  0%] Built target autoware_lanelet2_msgs_generate_messages_py
[3.431s] [  0%] Built target actionlib_generate_messages_nodejs
[3.432s] [  0%] Built target autoware_lanelet2_msgs_generate_messages_nodejs
[3.435s] [  0%] Built target pcl_msgs_generate_messages_lisp
[3.440s] [  0%] Built target autoware_lanelet2_msgs_generate_messages_eus
[3.440s] [  0%] Built target visualization_msgs_generate_messages_eus
[3.446s] [  0%] Built target tf2_msgs_generate_messages_eus
[3.446s] [  0%] Built target tf2_msgs_generate_messages_nodejs
[3.447s] [  0%] Built target autoware_lanelet2_msgs_generate_messages_lisp
[3.528s] [ 66%] Built target lanelet2_extension_lib
[3.571s] [ 83%] Built target lanelet2_extension_sample
[3.572s] [100%] Built target autoware_lanelet2_validation
[3.603s] [36mInstall the project...[0m
[3.616s] -- Install configuration: "Release"
[3.616s] -- Up-to-date: /home/point001/autoware.ai/install/lanelet2_extension/lib/pkgconfig/lanelet2_extension.pc
[3.616s] -- Up-to-date: /home/point001/autoware.ai/install/lanelet2_extension/share/lanelet2_extension/cmake/lanelet2_extensionConfig.cmake
[3.616s] -- Up-to-date: /home/point001/autoware.ai/install/lanelet2_extension/share/lanelet2_extension/cmake/lanelet2_extensionConfig-version.cmake
[3.616s] -- Up-to-date: /home/point001/autoware.ai/install/lanelet2_extension/share/lanelet2_extension/package.xml
[3.616s] -- Up-to-date: /home/point001/autoware.ai/install/lanelet2_extension/lib/liblanelet2_extension_lib.so
[3.616s] -- Up-to-date: /home/point001/autoware.ai/install/lanelet2_extension/lib/lanelet2_extension/lanelet2_extension_sample
[3.617s] -- Up-to-date: /home/point001/autoware.ai/install/lanelet2_extension/lib/lanelet2_extension/autoware_lanelet2_validation
[3.617s] -- Up-to-date: /home/point001/autoware.ai/install/lanelet2_extension/include/lanelet2_extension
[3.617s] -- Up-to-date: /home/point001/autoware.ai/install/lanelet2_extension/include/lanelet2_extension/io
[3.618s] -- Up-to-date: /home/point001/autoware.ai/install/lanelet2_extension/include/lanelet2_extension/io/autoware_osm_parser.h
[3.618s] -- Up-to-date: /home/point001/autoware.ai/install/lanelet2_extension/include/lanelet2_extension/projection
[3.618s] -- Up-to-date: /home/point001/autoware.ai/install/lanelet2_extension/include/lanelet2_extension/projection/mgrs_projector.h
[3.618s] -- Up-to-date: /home/point001/autoware.ai/install/lanelet2_extension/include/lanelet2_extension/regulatory_elements
[3.618s] -- Up-to-date: /home/point001/autoware.ai/install/lanelet2_extension/include/lanelet2_extension/regulatory_elements/autoware_traffic_light.h
[3.618s] -- Up-to-date: /home/point001/autoware.ai/install/lanelet2_extension/include/lanelet2_extension/visualization
[3.618s] -- Up-to-date: /home/point001/autoware.ai/install/lanelet2_extension/include/lanelet2_extension/visualization/visualization.h
[3.618s] -- Up-to-date: /home/point001/autoware.ai/install/lanelet2_extension/include/lanelet2_extension/utility
[3.618s] -- Up-to-date: /home/point001/autoware.ai/install/lanelet2_extension/include/lanelet2_extension/utility/query.h
[3.618s] -- Up-to-date: /home/point001/autoware.ai/install/lanelet2_extension/include/lanelet2_extension/utility/message_conversion.h
[3.618s] -- Up-to-date: /home/point001/autoware.ai/install/lanelet2_extension/include/lanelet2_extension/utility/utilities.h
[3.622s] Invoked command in '/home/point001/autoware.ai/build/lanelet2_extension' returned '0': CMAKE_PREFIX_PATH=/home/point001/autoware.ai/install/lanelet2_validation:/home/point001/autoware.ai/install/lanelet2_routing:/home/point001/autoware.ai/install/lanelet2_projection:/home/point001/autoware.ai/install/lanelet2_traffic_rules:/home/point001/autoware.ai/install/lanelet2_maps:/home/point001/autoware.ai/install/lanelet2_io:/home/point001/autoware.ai/install/lanelet2_core:/home/point001/autoware.ai/install/amathutils_lib:/home/point001/autoware.ai/install/autoware_msgs:/home/point001/autoware.ai/install/autoware_lanelet2_msgs:/home/point001/autoware.ai/install/autoware_build_flags:${CMAKE_PREFIX_PATH} LD_LIBRARY_PATH=/home/point001/autoware.ai/install/lanelet2_validation/lib:/home/point001/autoware.ai/install/lanelet2_routing/lib:/home/point001/autoware.ai/install/lanelet2_projection/lib:/home/point001/autoware.ai/install/lanelet2_traffic_rules/lib:/home/point001/autoware.ai/install/lanelet2_io/lib:/home/point001/autoware.ai/install/lanelet2_core/lib:/home/point001/autoware.ai/install/amathutils_lib/lib:/opt/ros/melodic/lib:/usr/local/cuda-10.0/lib64 PKG_CONFIG_PATH=/home/point001/autoware.ai/install/lanelet2_validation/lib/x86_64-linux-gnu/pkgconfig:/home/point001/autoware.ai/install/lanelet2_validation/lib/pkgconfig:/home/point001/autoware.ai/install/lanelet2_routing/lib/x86_64-linux-gnu/pkgconfig:/home/point001/autoware.ai/install/lanelet2_routing/lib/pkgconfig:/home/point001/autoware.ai/install/lanelet2_projection/lib/x86_64-linux-gnu/pkgconfig:/home/point001/autoware.ai/install/lanelet2_projection/lib/pkgconfig:/home/point001/autoware.ai/install/lanelet2_traffic_rules/lib/x86_64-linux-gnu/pkgconfig:/home/point001/autoware.ai/install/lanelet2_traffic_rules/lib/pkgconfig:/home/point001/autoware.ai/install/lanelet2_maps/lib/x86_64-linux-gnu/pkgconfig:/home/point001/autoware.ai/install/lanelet2_maps/lib/pkgconfig:/home/point001/autoware.ai/install/lanelet2_io/lib/x86_64-linux-gnu/pkgconfig:/home/point001/autoware.ai/install/lanelet2_io/lib/pkgconfig:/home/point001/autoware.ai/install/lanelet2_core/lib/x86_64-linux-gnu/pkgconfig:/home/point001/autoware.ai/install/lanelet2_core/lib/pkgconfig:/home/point001/autoware.ai/install/amathutils_lib/lib/x86_64-linux-gnu/pkgconfig:/home/point001/autoware.ai/install/amathutils_lib/lib/pkgconfig:/home/point001/autoware.ai/install/autoware_msgs/lib/x86_64-linux-gnu/pkgconfig:/home/point001/autoware.ai/install/autoware_msgs/lib/pkgconfig:/home/point001/autoware.ai/install/autoware_lanelet2_msgs/lib/x86_64-linux-gnu/pkgconfig:/home/point001/autoware.ai/install/autoware_lanelet2_msgs/lib/pkgconfig:/home/point001/autoware.ai/install/autoware_build_flags/lib/x86_64-linux-gnu/pkgconfig:/home/point001/autoware.ai/install/autoware_build_flags/lib/pkgconfig:${PKG_CONFIG_PATH} PYTHONPATH=/home/point001/autoware.ai/install/autoware_msgs/lib/python2.7/dist-packages:/home/point001/autoware.ai/install/autoware_lanelet2_msgs/lib/python2.7/dist-packages:${PYTHONPATH} ROS_PACKAGE_PATH=/home/point001/autoware.ai/install/lanelet2_validation/share:/home/point001/autoware.ai/install/lanelet2_routing/share:/home/point001/autoware.ai/install/lanelet2_projection/share:/home/point001/autoware.ai/install/lanelet2_traffic_rules/share:/home/point001/autoware.ai/install/lanelet2_maps/share:/home/point001/autoware.ai/install/lanelet2_io/share:/home/point001/autoware.ai/install/lanelet2_core/share:/home/point001/autoware.ai/install/amathutils_lib/share:/home/point001/autoware.ai/install/autoware_msgs/share:/home/point001/autoware.ai/install/autoware_lanelet2_msgs/share:/home/point001/autoware.ai/install/autoware_build_flags/share:${ROS_PACKAGE_PATH} /usr/bin/cmake --build /home/point001/autoware.ai/build/lanelet2_extension --target install -- -j24 -l24
