[0.291s] Invoking command in '/home/point001/autoware.ai/build/autoware_quickstart_examples': /usr/bin/cmake --build /home/point001/autoware.ai/build/autoware_quickstart_examples -- -j24 -l24
[1.171s] Invoked command in '/home/point001/autoware.ai/build/autoware_quickstart_examples' returned '0': /usr/bin/cmake --build /home/point001/autoware.ai/build/autoware_quickstart_examples -- -j24 -l24
[1.387s] Invoking command in '/home/point001/autoware.ai/build/autoware_quickstart_examples': /usr/bin/cmake --build /home/point001/autoware.ai/build/autoware_quickstart_examples --target tests -- -j24 -l24
[1.529s] Built target tests
[1.655s] Invoked command in '/home/point001/autoware.ai/build/autoware_quickstart_examples' returned '0': /usr/bin/cmake --build /home/point001/autoware.ai/build/autoware_quickstart_examples --target tests -- -j24 -l24
[1.986s] Invoking command in '/home/point001/autoware.ai/build/autoware_quickstart_examples': /usr/bin/cmake --build /home/point001/autoware.ai/build/autoware_quickstart_examples --target install -- -j24 -l24
[2.097s] [36mInstall the project...[0m
[2.114s] -- Install configuration: "Release"
[2.114s] -- Up-to-date: /home/point001/autoware.ai/install/autoware_quickstart_examples/lib/pkgconfig/autoware_quickstart_examples.pc
[2.115s] -- Up-to-date: /home/point001/autoware.ai/install/autoware_quickstart_examples/share/autoware_quickstart_examples/cmake/autoware_quickstart_examplesConfig.cmake
[2.115s] -- Up-to-date: /home/point001/autoware.ai/install/autoware_quickstart_examples/share/autoware_quickstart_examples/cmake/autoware_quickstart_examplesConfig-version.cmake
[2.115s] -- Up-to-date: /home/point001/autoware.ai/install/autoware_quickstart_examples/share/autoware_quickstart_examples/package.xml
[2.115s] -- Up-to-date: /home/point001/autoware.ai/install/autoware_quickstart_examples/share/autoware_quickstart_examples/launch
[2.115s] -- Up-to-date: /home/point001/autoware.ai/install/autoware_quickstart_examples/share/autoware_quickstart_examples/launch/rosbag_demo
[2.115s] -- Up-to-date: /home/point001/autoware.ai/install/autoware_quickstart_examples/share/autoware_quickstart_examples/launch/rosbag_demo/my_sensing.launch
[2.115s] -- Up-to-date: /home/point001/autoware.ai/install/autoware_quickstart_examples/share/autoware_quickstart_examples/launch/rosbag_demo/my_motion_planning.launch
[2.115s] -- Up-to-date: /home/point001/autoware.ai/install/autoware_quickstart_examples/share/autoware_quickstart_examples/launch/rosbag_demo/my_detection.launch
[2.115s] -- Up-to-date: /home/point001/autoware.ai/install/autoware_quickstart_examples/share/autoware_quickstart_examples/launch/rosbag_demo/my_localization.launch
[2.115s] -- Up-to-date: /home/point001/autoware.ai/install/autoware_quickstart_examples/share/autoware_quickstart_examples/launch/rosbag_demo/my_map.launch
[2.116s] -- Up-to-date: /home/point001/autoware.ai/install/autoware_quickstart_examples/share/autoware_quickstart_examples/launch/rosbag_demo/my_mission_planning.launch
[2.116s] -- Up-to-date: /home/point001/autoware.ai/install/autoware_quickstart_examples/share/autoware_quickstart_examples/launch/rosbag_demo/default.rviz
[2.116s] -- Up-to-date: /home/point001/autoware.ai/install/autoware_quickstart_examples/share/autoware_quickstart_examples/launch/rosbag_demo/README.md
[2.116s] -- Up-to-date: /home/point001/autoware.ai/install/autoware_quickstart_examples/share/autoware_quickstart_examples/launch/tf_local.launch
[2.151s] Invoked command in '/home/point001/autoware.ai/build/autoware_quickstart_examples' returned '0': /usr/bin/cmake --build /home/point001/autoware.ai/build/autoware_quickstart_examples --target install -- -j24 -l24
