[0.089s] Invoking command in '/home/point001/autoware.ai/build/sick_ldmrs_msgs': /usr/bin/cmake --build /home/point001/autoware.ai/build/sick_ldmrs_msgs -- -j24 -l24
[0.397s] [  0%] Built target geometry_msgs_generate_messages_nodejs
[0.424s] [  0%] Built target geometry_msgs_generate_messages_cpp
[0.428s] [  0%] Built target geometry_msgs_generate_messages_lisp
[0.449s] [  0%] Built target std_msgs_generate_messages_py
[0.450s] [  0%] Built target std_msgs_generate_messages_nodejs
[0.452s] [  0%] Built target std_msgs_generate_messages_cpp
[0.457s] [  0%] Built target std_msgs_generate_messages_eus
[0.458s] [  0%] Built target geometry_msgs_generate_messages_py
[0.482s] [  0%] Built target _sick_ldmrs_msgs_generate_messages_check_deps_ObjectArray
[0.485s] [  0%] Built target std_msgs_generate_messages_lisp
[0.499s] [  0%] Built target _sick_ldmrs_msgs_generate_messages_check_deps_Object
[0.513s] [  0%] Built target geometry_msgs_generate_messages_eus
[0.567s] [ 16%] Built target sick_ldmrs_msgs_generate_messages_lisp
[0.573s] [ 41%] Built target sick_ldmrs_msgs_generate_messages_py
[0.577s] [ 58%] Built target sick_ldmrs_msgs_generate_messages_nodejs
[0.628s] [ 75%] Built target sick_ldmrs_msgs_generate_messages_cpp
[0.636s] [100%] Built target sick_ldmrs_msgs_generate_messages_eus
[0.677s] [100%] Built target sick_ldmrs_msgs_generate_messages
[0.717s] Invoked command in '/home/point001/autoware.ai/build/sick_ldmrs_msgs' returned '0': /usr/bin/cmake --build /home/point001/autoware.ai/build/sick_ldmrs_msgs -- -j24 -l24
[0.825s] Invoking command in '/home/point001/autoware.ai/build/sick_ldmrs_msgs': /usr/bin/cmake --build /home/point001/autoware.ai/build/sick_ldmrs_msgs --target tests -- -j24 -l24
[0.891s] Built target tests
[0.962s] Invoked command in '/home/point001/autoware.ai/build/sick_ldmrs_msgs' returned '0': /usr/bin/cmake --build /home/point001/autoware.ai/build/sick_ldmrs_msgs --target tests -- -j24 -l24
[1.092s] Invoking command in '/home/point001/autoware.ai/build/sick_ldmrs_msgs': /usr/bin/cmake --build /home/point001/autoware.ai/build/sick_ldmrs_msgs --target install -- -j24 -l24
[1.165s] [  0%] Built target geometry_msgs_generate_messages_cpp
[1.165s] [  0%] Built target geometry_msgs_generate_messages_lisp
[1.171s] [  0%] Built target geometry_msgs_generate_messages_nodejs
[1.171s] [  0%] Built target std_msgs_generate_messages_nodejs
[1.171s] [  0%] Built target std_msgs_generate_messages_py
[1.171s] [  0%] Built target std_msgs_generate_messages_eus
[1.175s] [  0%] Built target geometry_msgs_generate_messages_py
[1.176s] [  0%] Built target std_msgs_generate_messages_cpp
[1.177s] [  0%] Built target std_msgs_generate_messages_lisp
[1.177s] [  0%] Built target geometry_msgs_generate_messages_eus
[1.193s] [  0%] Built target _sick_ldmrs_msgs_generate_messages_check_deps_ObjectArray
[1.216s] [  0%] Built target _sick_ldmrs_msgs_generate_messages_check_deps_Object
[1.288s] [ 25%] Built target sick_ldmrs_msgs_generate_messages_eus
[1.288s] [ 41%] Built target sick_ldmrs_msgs_generate_messages_nodejs
[1.299s] [ 66%] Built target sick_ldmrs_msgs_generate_messages_py
[1.313s] [ 83%] Built target sick_ldmrs_msgs_generate_messages_lisp
[1.319s] [100%] Built target sick_ldmrs_msgs_generate_messages_cpp
[1.343s] [100%] Built target sick_ldmrs_msgs_generate_messages
[1.365s] [36mInstall the project...[0m
[1.374s] -- Install configuration: "Release"
[1.377s] -- Up-to-date: /home/point001/autoware.ai/install/sick_ldmrs_msgs/share/sick_ldmrs_msgs/msg/Object.msg
[1.377s] -- Up-to-date: /home/point001/autoware.ai/install/sick_ldmrs_msgs/share/sick_ldmrs_msgs/msg/ObjectArray.msg
[1.378s] -- Up-to-date: /home/point001/autoware.ai/install/sick_ldmrs_msgs/share/sick_ldmrs_msgs/cmake/sick_ldmrs_msgs-msg-paths.cmake
[1.378s] -- Up-to-date: /home/point001/autoware.ai/install/sick_ldmrs_msgs/include/sick_ldmrs_msgs
[1.378s] -- Up-to-date: /home/point001/autoware.ai/install/sick_ldmrs_msgs/include/sick_ldmrs_msgs/ObjectArray.h
[1.378s] -- Up-to-date: /home/point001/autoware.ai/install/sick_ldmrs_msgs/include/sick_ldmrs_msgs/Object.h
[1.378s] -- Up-to-date: /home/point001/autoware.ai/install/sick_ldmrs_msgs/share/roseus/ros/sick_ldmrs_msgs
[1.378s] -- Up-to-date: /home/point001/autoware.ai/install/sick_ldmrs_msgs/share/roseus/ros/sick_ldmrs_msgs/manifest.l
[1.378s] -- Up-to-date: /home/point001/autoware.ai/install/sick_ldmrs_msgs/share/roseus/ros/sick_ldmrs_msgs/msg
[1.378s] -- Up-to-date: /home/point001/autoware.ai/install/sick_ldmrs_msgs/share/roseus/ros/sick_ldmrs_msgs/msg/ObjectArray.l
[1.378s] -- Up-to-date: /home/point001/autoware.ai/install/sick_ldmrs_msgs/share/roseus/ros/sick_ldmrs_msgs/msg/Object.l
[1.379s] -- Up-to-date: /home/point001/autoware.ai/install/sick_ldmrs_msgs/share/common-lisp/ros/sick_ldmrs_msgs
[1.379s] -- Up-to-date: /home/point001/autoware.ai/install/sick_ldmrs_msgs/share/common-lisp/ros/sick_ldmrs_msgs/msg
[1.379s] -- Up-to-date: /home/point001/autoware.ai/install/sick_ldmrs_msgs/share/common-lisp/ros/sick_ldmrs_msgs/msg/Object.lisp
[1.379s] -- Up-to-date: /home/point001/autoware.ai/install/sick_ldmrs_msgs/share/common-lisp/ros/sick_ldmrs_msgs/msg/_package_Object.lisp
[1.379s] -- Up-to-date: /home/point001/autoware.ai/install/sick_ldmrs_msgs/share/common-lisp/ros/sick_ldmrs_msgs/msg/_package.lisp
[1.379s] -- Up-to-date: /home/point001/autoware.ai/install/sick_ldmrs_msgs/share/common-lisp/ros/sick_ldmrs_msgs/msg/sick_ldmrs_msgs-msg.asd
[1.380s] -- Up-to-date: /home/point001/autoware.ai/install/sick_ldmrs_msgs/share/common-lisp/ros/sick_ldmrs_msgs/msg/ObjectArray.lisp
[1.383s] -- Up-to-date: /home/point001/autoware.ai/install/sick_ldmrs_msgs/share/common-lisp/ros/sick_ldmrs_msgs/msg/_package_ObjectArray.lisp
[1.387s] -- Up-to-date: /home/point001/autoware.ai/install/sick_ldmrs_msgs/share/gennodejs/ros/sick_ldmrs_msgs
[1.388s] -- Up-to-date: /home/point001/autoware.ai/install/sick_ldmrs_msgs/share/gennodejs/ros/sick_ldmrs_msgs/_index.js
[1.388s] -- Up-to-date: /home/point001/autoware.ai/install/sick_ldmrs_msgs/share/gennodejs/ros/sick_ldmrs_msgs/msg
[1.388s] -- Up-to-date: /home/point001/autoware.ai/install/sick_ldmrs_msgs/share/gennodejs/ros/sick_ldmrs_msgs/msg/_index.js
[1.388s] -- Up-to-date: /home/point001/autoware.ai/install/sick_ldmrs_msgs/share/gennodejs/ros/sick_ldmrs_msgs/msg/ObjectArray.js
[1.388s] -- Up-to-date: /home/point001/autoware.ai/install/sick_ldmrs_msgs/share/gennodejs/ros/sick_ldmrs_msgs/msg/Object.js
[1.394s] Listing /home/point001/autoware.ai/build/sick_ldmrs_msgs/devel/lib/python2.7/dist-packages/sick_ldmrs_msgs ...
[1.394s] Listing /home/point001/autoware.ai/build/sick_ldmrs_msgs/devel/lib/python2.7/dist-packages/sick_ldmrs_msgs/msg ...
[1.395s] -- Up-to-date: /home/point001/autoware.ai/install/sick_ldmrs_msgs/lib/python2.7/dist-packages/sick_ldmrs_msgs
[1.395s] -- Up-to-date: /home/point001/autoware.ai/install/sick_ldmrs_msgs/lib/python2.7/dist-packages/sick_ldmrs_msgs/msg
[1.398s] -- Up-to-date: /home/point001/autoware.ai/install/sick_ldmrs_msgs/lib/python2.7/dist-packages/sick_ldmrs_msgs/msg/_Object.py
[1.399s] -- Up-to-date: /home/point001/autoware.ai/install/sick_ldmrs_msgs/lib/python2.7/dist-packages/sick_ldmrs_msgs/msg/__init__.py
[1.399s] -- Up-to-date: /home/point001/autoware.ai/install/sick_ldmrs_msgs/lib/python2.7/dist-packages/sick_ldmrs_msgs/msg/_ObjectArray.py
[1.399s] -- Up-to-date: /home/point001/autoware.ai/install/sick_ldmrs_msgs/lib/python2.7/dist-packages/sick_ldmrs_msgs/msg/__init__.pyc
[1.399s] -- Up-to-date: /home/point001/autoware.ai/install/sick_ldmrs_msgs/lib/python2.7/dist-packages/sick_ldmrs_msgs/msg/_Object.pyc
[1.399s] -- Up-to-date: /home/point001/autoware.ai/install/sick_ldmrs_msgs/lib/python2.7/dist-packages/sick_ldmrs_msgs/msg/_ObjectArray.pyc
[1.399s] -- Up-to-date: /home/point001/autoware.ai/install/sick_ldmrs_msgs/lib/python2.7/dist-packages/sick_ldmrs_msgs/__init__.py
[1.399s] -- Up-to-date: /home/point001/autoware.ai/install/sick_ldmrs_msgs/lib/python2.7/dist-packages/sick_ldmrs_msgs/__init__.pyc
[1.399s] -- Up-to-date: /home/point001/autoware.ai/install/sick_ldmrs_msgs/lib/pkgconfig/sick_ldmrs_msgs.pc
[1.399s] -- Up-to-date: /home/point001/autoware.ai/install/sick_ldmrs_msgs/share/sick_ldmrs_msgs/cmake/sick_ldmrs_msgs-msg-extras.cmake
[1.399s] -- Up-to-date: /home/point001/autoware.ai/install/sick_ldmrs_msgs/share/sick_ldmrs_msgs/cmake/sick_ldmrs_msgsConfig.cmake
[1.399s] -- Up-to-date: /home/point001/autoware.ai/install/sick_ldmrs_msgs/share/sick_ldmrs_msgs/cmake/sick_ldmrs_msgsConfig-version.cmake
[1.400s] -- Up-to-date: /home/point001/autoware.ai/install/sick_ldmrs_msgs/share/sick_ldmrs_msgs/package.xml
[1.400s] -- Up-to-date: /home/point001/autoware.ai/install/sick_ldmrs_msgs/include/sick_ldmrs_msgs
[1.400s] -- Up-to-date: /home/point001/autoware.ai/install/sick_ldmrs_msgs/include/sick_ldmrs_msgs/sick_ldmrs_point_type.h
[1.539s] Invoked command in '/home/point001/autoware.ai/build/sick_ldmrs_msgs' returned '0': /usr/bin/cmake --build /home/point001/autoware.ai/build/sick_ldmrs_msgs --target install -- -j24 -l24
