[0.178s] Invoking command in '/home/point001/autoware.ai/build/custom_msgs': /usr/bin/cmake --build /home/point001/autoware.ai/build/custom_msgs -- -j24 -l24
[0.831s] [  0%] Built target geometry_msgs_generate_messages_nodejs
[0.831s] [  0%] Built target geometry_msgs_generate_messages_lisp
[0.831s] [  0%] Built target sensor_msgs_generate_messages_nodejs
[0.831s] [  0%] Built target geometry_msgs_generate_messages_py
[0.831s] [  0%] Built target std_msgs_generate_messages_py
[0.831s] [  0%] Built target sensor_msgs_generate_messages_lisp
[0.831s] [  0%] Built target sensor_msgs_generate_messages_cpp
[0.832s] [  0%] Built target sensor_msgs_generate_messages_py
[0.832s] [  0%] Built target std_msgs_generate_messages_lisp
[0.832s] [  0%] Built target std_msgs_generate_messages_nodejs
[0.832s] [  0%] Built target sensor_msgs_generate_messages_eus
[0.832s] [  0%] Built target geometry_msgs_generate_messages_cpp
[0.836s] [  0%] Built target std_msgs_generate_messages_cpp
[0.836s] [  0%] Built target _custom_msgs_generate_messages_check_deps_GnssSensorSample
[0.857s] [  0%] Built target std_msgs_generate_messages_eus
[0.865s] [  0%] Built target _custom_msgs_generate_messages_check_deps_velocityEstimate
[0.867s] [  0%] Built target _custom_msgs_generate_messages_check_deps_ImuSensorSample
[0.882s] [  0%] Built target _custom_msgs_generate_messages_check_deps_XsensQuaternion
[0.882s] [  0%] Built target _custom_msgs_generate_messages_check_deps_gnssSample
[0.896s] [  0%] Built target _custom_msgs_generate_messages_check_deps_BaroSensorSample
[0.898s] [  0%] Built target geometry_msgs_generate_messages_eus
[0.900s] [  0%] Built target _custom_msgs_generate_messages_check_deps_positionEstimate
[0.915s] [  0%] Built target _custom_msgs_generate_messages_check_deps_baroSample
[0.943s] [  0%] Built target _custom_msgs_generate_messages_check_deps_sensorSample
[0.962s] [  0%] Built target _custom_msgs_generate_messages_check_deps_orientationEstimate
[0.972s] [  0%] Built target _custom_msgs_generate_messages_check_deps_Internal
[1.085s] [ 19%] Built target custom_msgs_generate_messages_cpp
[1.093s] [ 40%] Built target custom_msgs_generate_messages_py
[1.096s] [ 61%] Built target custom_msgs_generate_messages_eus
[1.110s] [ 80%] Built target custom_msgs_generate_messages_nodejs
[1.126s] [100%] Built target custom_msgs_generate_messages_lisp
[1.165s] [100%] Built target custom_msgs_generate_messages
[1.227s] Invoked command in '/home/point001/autoware.ai/build/custom_msgs' returned '0': /usr/bin/cmake --build /home/point001/autoware.ai/build/custom_msgs -- -j24 -l24
[1.437s] Invoking command in '/home/point001/autoware.ai/build/custom_msgs': /usr/bin/cmake --build /home/point001/autoware.ai/build/custom_msgs --target tests -- -j24 -l24
[1.549s] Built target tests
[1.583s] Invoked command in '/home/point001/autoware.ai/build/custom_msgs' returned '0': /usr/bin/cmake --build /home/point001/autoware.ai/build/custom_msgs --target tests -- -j24 -l24
[2.012s] Invoking command in '/home/point001/autoware.ai/build/custom_msgs': /usr/bin/cmake --build /home/point001/autoware.ai/build/custom_msgs --target install -- -j24 -l24
[2.158s] [  0%] Built target sensor_msgs_generate_messages_cpp
[2.158s] [  0%] Built target geometry_msgs_generate_messages_cpp
[2.159s] [  0%] Built target std_msgs_generate_messages_cpp
[2.159s] [  0%] Built target geometry_msgs_generate_messages_nodejs
[2.159s] [  0%] Built target sensor_msgs_generate_messages_py
[2.163s] [  0%] Built target geometry_msgs_generate_messages_lisp
[2.164s] [  0%] Built target sensor_msgs_generate_messages_nodejs
[2.176s] [  0%] Built target std_msgs_generate_messages_lisp
[2.176s] [  0%] Built target sensor_msgs_generate_messages_lisp
[2.181s] [  0%] Built target std_msgs_generate_messages_py
[2.181s] [  0%] Built target geometry_msgs_generate_messages_py
[2.187s] [  0%] Built target std_msgs_generate_messages_nodejs
[2.197s] [  0%] Built target _custom_msgs_generate_messages_check_deps_gnssSample
[2.198s] [  0%] Built target sensor_msgs_generate_messages_eus
[2.199s] [  0%] Built target _custom_msgs_generate_messages_check_deps_GnssSensorSample
[2.204s] [  0%] Built target _custom_msgs_generate_messages_check_deps_XsensQuaternion
[2.213s] [  0%] Built target _custom_msgs_generate_messages_check_deps_velocityEstimate
[2.219s] [  0%] Built target _custom_msgs_generate_messages_check_deps_Internal
[2.221s] [  0%] Built target _custom_msgs_generate_messages_check_deps_positionEstimate
[2.226s] [  0%] Built target std_msgs_generate_messages_eus
[2.227s] [  0%] Built target _custom_msgs_generate_messages_check_deps_sensorSample
[2.233s] [  0%] Built target _custom_msgs_generate_messages_check_deps_BaroSensorSample
[2.233s] [  0%] Built target geometry_msgs_generate_messages_eus
[2.237s] [  0%] Built target _custom_msgs_generate_messages_check_deps_ImuSensorSample
[2.237s] [  0%] Built target _custom_msgs_generate_messages_check_deps_orientationEstimate
[2.248s] [  0%] Built target _custom_msgs_generate_messages_check_deps_baroSample
[2.280s] [ 38%] Built target custom_msgs_generate_messages_cpp
[2.280s] [ 40%] Built target custom_msgs_generate_messages_eus
[2.280s] [ 61%] Built target custom_msgs_generate_messages_py
[2.284s] [ 80%] Built target custom_msgs_generate_messages_nodejs
[2.284s] [100%] Built target custom_msgs_generate_messages_lisp
[2.312s] [100%] Built target custom_msgs_generate_messages
[2.373s] [36mInstall the project...[0m
[2.381s] -- Install configuration: "Release"
[2.381s] -- Up-to-date: /home/point001/autoware.ai/install/custom_msgs/share/custom_msgs/msg/BaroSensorSample.msg
[2.381s] -- Up-to-date: /home/point001/autoware.ai/install/custom_msgs/share/custom_msgs/msg/GnssSensorSample.msg
[2.382s] -- Up-to-date: /home/point001/autoware.ai/install/custom_msgs/share/custom_msgs/msg/ImuSensorSample.msg
[2.382s] -- Up-to-date: /home/point001/autoware.ai/install/custom_msgs/share/custom_msgs/msg/Internal.msg
[2.382s] -- Up-to-date: /home/point001/autoware.ai/install/custom_msgs/share/custom_msgs/msg/XsensQuaternion.msg
[2.382s] -- Up-to-date: /home/point001/autoware.ai/install/custom_msgs/share/custom_msgs/msg/baroSample.msg
[2.382s] -- Up-to-date: /home/point001/autoware.ai/install/custom_msgs/share/custom_msgs/msg/gnssSample.msg
[2.382s] -- Up-to-date: /home/point001/autoware.ai/install/custom_msgs/share/custom_msgs/msg/orientationEstimate.msg
[2.382s] -- Up-to-date: /home/point001/autoware.ai/install/custom_msgs/share/custom_msgs/msg/positionEstimate.msg
[2.382s] -- Up-to-date: /home/point001/autoware.ai/install/custom_msgs/share/custom_msgs/msg/sensorSample.msg
[2.382s] -- Up-to-date: /home/point001/autoware.ai/install/custom_msgs/share/custom_msgs/msg/velocityEstimate.msg
[2.382s] -- Up-to-date: /home/point001/autoware.ai/install/custom_msgs/share/custom_msgs/cmake/custom_msgs-msg-paths.cmake
[2.382s] -- Up-to-date: /home/point001/autoware.ai/install/custom_msgs/include/custom_msgs
[2.382s] -- Up-to-date: /home/point001/autoware.ai/install/custom_msgs/include/custom_msgs/Internal.h
[2.382s] -- Up-to-date: /home/point001/autoware.ai/install/custom_msgs/include/custom_msgs/BaroSensorSample.h
[2.384s] -- Up-to-date: /home/point001/autoware.ai/install/custom_msgs/include/custom_msgs/orientationEstimate.h
[2.384s] -- Up-to-date: /home/point001/autoware.ai/install/custom_msgs/include/custom_msgs/GnssSensorSample.h
[2.384s] -- Up-to-date: /home/point001/autoware.ai/install/custom_msgs/include/custom_msgs/sensorSample.h
[2.384s] -- Up-to-date: /home/point001/autoware.ai/install/custom_msgs/include/custom_msgs/ImuSensorSample.h
[2.384s] -- Up-to-date: /home/point001/autoware.ai/install/custom_msgs/include/custom_msgs/XsensQuaternion.h
[2.384s] -- Up-to-date: /home/point001/autoware.ai/install/custom_msgs/include/custom_msgs/gnssSample.h
[2.384s] -- Up-to-date: /home/point001/autoware.ai/install/custom_msgs/include/custom_msgs/velocityEstimate.h
[2.384s] -- Up-to-date: /home/point001/autoware.ai/install/custom_msgs/include/custom_msgs/positionEstimate.h
[2.384s] -- Up-to-date: /home/point001/autoware.ai/install/custom_msgs/include/custom_msgs/baroSample.h
[2.384s] -- Up-to-date: /home/point001/autoware.ai/install/custom_msgs/share/roseus/ros/custom_msgs
[2.384s] -- Up-to-date: /home/point001/autoware.ai/install/custom_msgs/share/roseus/ros/custom_msgs/manifest.l
[2.384s] -- Up-to-date: /home/point001/autoware.ai/install/custom_msgs/share/roseus/ros/custom_msgs/msg
[2.385s] -- Up-to-date: /home/point001/autoware.ai/install/custom_msgs/share/roseus/ros/custom_msgs/msg/velocityEstimate.l
[2.385s] -- Up-to-date: /home/point001/autoware.ai/install/custom_msgs/share/roseus/ros/custom_msgs/msg/orientationEstimate.l
[2.385s] -- Up-to-date: /home/point001/autoware.ai/install/custom_msgs/share/roseus/ros/custom_msgs/msg/ImuSensorSample.l
[2.385s] -- Up-to-date: /home/point001/autoware.ai/install/custom_msgs/share/roseus/ros/custom_msgs/msg/positionEstimate.l
[2.385s] -- Up-to-date: /home/point001/autoware.ai/install/custom_msgs/share/roseus/ros/custom_msgs/msg/gnssSample.l
[2.385s] -- Up-to-date: /home/point001/autoware.ai/install/custom_msgs/share/roseus/ros/custom_msgs/msg/GnssSensorSample.l
[2.385s] -- Up-to-date: /home/point001/autoware.ai/install/custom_msgs/share/roseus/ros/custom_msgs/msg/Internal.l
[2.385s] -- Up-to-date: /home/point001/autoware.ai/install/custom_msgs/share/roseus/ros/custom_msgs/msg/sensorSample.l
[2.385s] -- Up-to-date: /home/point001/autoware.ai/install/custom_msgs/share/roseus/ros/custom_msgs/msg/XsensQuaternion.l
[2.385s] -- Up-to-date: /home/point001/autoware.ai/install/custom_msgs/share/roseus/ros/custom_msgs/msg/BaroSensorSample.l
[2.385s] -- Up-to-date: /home/point001/autoware.ai/install/custom_msgs/share/roseus/ros/custom_msgs/msg/baroSample.l
[2.385s] -- Up-to-date: /home/point001/autoware.ai/install/custom_msgs/share/common-lisp/ros/custom_msgs
[2.385s] -- Up-to-date: /home/point001/autoware.ai/install/custom_msgs/share/common-lisp/ros/custom_msgs/msg
[2.385s] -- Up-to-date: /home/point001/autoware.ai/install/custom_msgs/share/common-lisp/ros/custom_msgs/msg/_package_sensorSample.lisp
[2.385s] -- Up-to-date: /home/point001/autoware.ai/install/custom_msgs/share/common-lisp/ros/custom_msgs/msg/_package_BaroSensorSample.lisp
[2.386s] -- Up-to-date: /home/point001/autoware.ai/install/custom_msgs/share/common-lisp/ros/custom_msgs/msg/velocityEstimate.lisp
[2.386s] -- Up-to-date: /home/point001/autoware.ai/install/custom_msgs/share/common-lisp/ros/custom_msgs/msg/_package_XsensQuaternion.lisp
[2.386s] -- Up-to-date: /home/point001/autoware.ai/install/custom_msgs/share/common-lisp/ros/custom_msgs/msg/custom_msgs-msg.asd
[2.386s] -- Up-to-date: /home/point001/autoware.ai/install/custom_msgs/share/common-lisp/ros/custom_msgs/msg/_package_velocityEstimate.lisp
[2.386s] -- Up-to-date: /home/point001/autoware.ai/install/custom_msgs/share/common-lisp/ros/custom_msgs/msg/gnssSample.lisp
[2.386s] -- Up-to-date: /home/point001/autoware.ai/install/custom_msgs/share/common-lisp/ros/custom_msgs/msg/_package_positionEstimate.lisp
[2.386s] -- Up-to-date: /home/point001/autoware.ai/install/custom_msgs/share/common-lisp/ros/custom_msgs/msg/_package_baroSample.lisp
[2.386s] -- Up-to-date: /home/point001/autoware.ai/install/custom_msgs/share/common-lisp/ros/custom_msgs/msg/_package.lisp
[2.386s] -- Up-to-date: /home/point001/autoware.ai/install/custom_msgs/share/common-lisp/ros/custom_msgs/msg/positionEstimate.lisp
[2.386s] -- Up-to-date: /home/point001/autoware.ai/install/custom_msgs/share/common-lisp/ros/custom_msgs/msg/baroSample.lisp
[2.386s] -- Up-to-date: /home/point001/autoware.ai/install/custom_msgs/share/common-lisp/ros/custom_msgs/msg/_package_orientationEstimate.lisp
[2.386s] -- Up-to-date: /home/point001/autoware.ai/install/custom_msgs/share/common-lisp/ros/custom_msgs/msg/_package_GnssSensorSample.lisp
[2.386s] -- Up-to-date: /home/point001/autoware.ai/install/custom_msgs/share/common-lisp/ros/custom_msgs/msg/XsensQuaternion.lisp
[2.386s] -- Up-to-date: /home/point001/autoware.ai/install/custom_msgs/share/common-lisp/ros/custom_msgs/msg/_package_ImuSensorSample.lisp
[2.386s] -- Up-to-date: /home/point001/autoware.ai/install/custom_msgs/share/common-lisp/ros/custom_msgs/msg/_package_Internal.lisp
[2.386s] -- Up-to-date: /home/point001/autoware.ai/install/custom_msgs/share/common-lisp/ros/custom_msgs/msg/ImuSensorSample.lisp
[2.387s] -- Up-to-date: /home/point001/autoware.ai/install/custom_msgs/share/common-lisp/ros/custom_msgs/msg/BaroSensorSample.lisp
[2.387s] -- Up-to-date: /home/point001/autoware.ai/install/custom_msgs/share/common-lisp/ros/custom_msgs/msg/sensorSample.lisp
[2.387s] -- Up-to-date: /home/point001/autoware.ai/install/custom_msgs/share/common-lisp/ros/custom_msgs/msg/_package_gnssSample.lisp
[2.387s] -- Up-to-date: /home/point001/autoware.ai/install/custom_msgs/share/common-lisp/ros/custom_msgs/msg/orientationEstimate.lisp
[2.387s] -- Up-to-date: /home/point001/autoware.ai/install/custom_msgs/share/common-lisp/ros/custom_msgs/msg/Internal.lisp
[2.387s] -- Up-to-date: /home/point001/autoware.ai/install/custom_msgs/share/common-lisp/ros/custom_msgs/msg/GnssSensorSample.lisp
[2.387s] -- Up-to-date: /home/point001/autoware.ai/install/custom_msgs/share/gennodejs/ros/custom_msgs
[2.387s] -- Up-to-date: /home/point001/autoware.ai/install/custom_msgs/share/gennodejs/ros/custom_msgs/_index.js
[2.387s] -- Up-to-date: /home/point001/autoware.ai/install/custom_msgs/share/gennodejs/ros/custom_msgs/msg
[2.387s] -- Up-to-date: /home/point001/autoware.ai/install/custom_msgs/share/gennodejs/ros/custom_msgs/msg/positionEstimate.js
[2.387s] -- Up-to-date: /home/point001/autoware.ai/install/custom_msgs/share/gennodejs/ros/custom_msgs/msg/XsensQuaternion.js
[2.388s] -- Up-to-date: /home/point001/autoware.ai/install/custom_msgs/share/gennodejs/ros/custom_msgs/msg/velocityEstimate.js
[2.388s] -- Up-to-date: /home/point001/autoware.ai/install/custom_msgs/share/gennodejs/ros/custom_msgs/msg/_index.js
[2.388s] -- Up-to-date: /home/point001/autoware.ai/install/custom_msgs/share/gennodejs/ros/custom_msgs/msg/baroSample.js
[2.388s] -- Up-to-date: /home/point001/autoware.ai/install/custom_msgs/share/gennodejs/ros/custom_msgs/msg/GnssSensorSample.js
[2.388s] -- Up-to-date: /home/point001/autoware.ai/install/custom_msgs/share/gennodejs/ros/custom_msgs/msg/gnssSample.js
[2.388s] -- Up-to-date: /home/point001/autoware.ai/install/custom_msgs/share/gennodejs/ros/custom_msgs/msg/orientationEstimate.js
[2.388s] -- Up-to-date: /home/point001/autoware.ai/install/custom_msgs/share/gennodejs/ros/custom_msgs/msg/sensorSample.js
[2.388s] -- Up-to-date: /home/point001/autoware.ai/install/custom_msgs/share/gennodejs/ros/custom_msgs/msg/Internal.js
[2.388s] -- Up-to-date: /home/point001/autoware.ai/install/custom_msgs/share/gennodejs/ros/custom_msgs/msg/ImuSensorSample.js
[2.388s] -- Up-to-date: /home/point001/autoware.ai/install/custom_msgs/share/gennodejs/ros/custom_msgs/msg/BaroSensorSample.js
[2.388s] Listing /home/point001/autoware.ai/build/custom_msgs/devel/lib/python2.7/dist-packages/custom_msgs ...
[2.388s] Listing /home/point001/autoware.ai/build/custom_msgs/devel/lib/python2.7/dist-packages/custom_msgs/msg ...
[2.388s] -- Up-to-date: /home/point001/autoware.ai/install/custom_msgs/lib/python2.7/dist-packages/custom_msgs
[2.388s] -- Up-to-date: /home/point001/autoware.ai/install/custom_msgs/lib/python2.7/dist-packages/custom_msgs/msg
[2.388s] -- Up-to-date: /home/point001/autoware.ai/install/custom_msgs/lib/python2.7/dist-packages/custom_msgs/msg/_GnssSensorSample.pyc
[2.388s] -- Up-to-date: /home/point001/autoware.ai/install/custom_msgs/lib/python2.7/dist-packages/custom_msgs/msg/_positionEstimate.py
[2.389s] -- Up-to-date: /home/point001/autoware.ai/install/custom_msgs/lib/python2.7/dist-packages/custom_msgs/msg/_orientationEstimate.py
[2.389s] -- Up-to-date: /home/point001/autoware.ai/install/custom_msgs/lib/python2.7/dist-packages/custom_msgs/msg/_Internal.py
[2.389s] -- Up-to-date: /home/point001/autoware.ai/install/custom_msgs/lib/python2.7/dist-packages/custom_msgs/msg/_Internal.pyc
[2.389s] -- Up-to-date: /home/point001/autoware.ai/install/custom_msgs/lib/python2.7/dist-packages/custom_msgs/msg/_BaroSensorSample.pyc
[2.389s] -- Up-to-date: /home/point001/autoware.ai/install/custom_msgs/lib/python2.7/dist-packages/custom_msgs/msg/_velocityEstimate.pyc
[2.389s] -- Up-to-date: /home/point001/autoware.ai/install/custom_msgs/lib/python2.7/dist-packages/custom_msgs/msg/_orientationEstimate.pyc
[2.389s] -- Up-to-date: /home/point001/autoware.ai/install/custom_msgs/lib/python2.7/dist-packages/custom_msgs/msg/_ImuSensorSample.pyc
[2.389s] -- Up-to-date: /home/point001/autoware.ai/install/custom_msgs/lib/python2.7/dist-packages/custom_msgs/msg/_gnssSample.py
[2.389s] -- Up-to-date: /home/point001/autoware.ai/install/custom_msgs/lib/python2.7/dist-packages/custom_msgs/msg/__init__.py
[2.389s] -- Up-to-date: /home/point001/autoware.ai/install/custom_msgs/lib/python2.7/dist-packages/custom_msgs/msg/_sensorSample.pyc
[2.389s] -- Up-to-date: /home/point001/autoware.ai/install/custom_msgs/lib/python2.7/dist-packages/custom_msgs/msg/_XsensQuaternion.pyc
[2.389s] -- Up-to-date: /home/point001/autoware.ai/install/custom_msgs/lib/python2.7/dist-packages/custom_msgs/msg/_gnssSample.pyc
[2.389s] -- Up-to-date: /home/point001/autoware.ai/install/custom_msgs/lib/python2.7/dist-packages/custom_msgs/msg/_GnssSensorSample.py
[2.389s] -- Up-to-date: /home/point001/autoware.ai/install/custom_msgs/lib/python2.7/dist-packages/custom_msgs/msg/_positionEstimate.pyc
[2.389s] -- Up-to-date: /home/point001/autoware.ai/install/custom_msgs/lib/python2.7/dist-packages/custom_msgs/msg/_XsensQuaternion.py
[2.389s] -- Up-to-date: /home/point001/autoware.ai/install/custom_msgs/lib/python2.7/dist-packages/custom_msgs/msg/_baroSample.py
[2.390s] -- Up-to-date: /home/point001/autoware.ai/install/custom_msgs/lib/python2.7/dist-packages/custom_msgs/msg/_BaroSensorSample.py
[2.390s] -- Up-to-date: /home/point001/autoware.ai/install/custom_msgs/lib/python2.7/dist-packages/custom_msgs/msg/_velocityEstimate.py
[2.390s] -- Up-to-date: /home/point001/autoware.ai/install/custom_msgs/lib/python2.7/dist-packages/custom_msgs/msg/__init__.pyc
[2.390s] -- Up-to-date: /home/point001/autoware.ai/install/custom_msgs/lib/python2.7/dist-packages/custom_msgs/msg/_baroSample.pyc
[2.390s] -- Up-to-date: /home/point001/autoware.ai/install/custom_msgs/lib/python2.7/dist-packages/custom_msgs/msg/_sensorSample.py
[2.390s] -- Up-to-date: /home/point001/autoware.ai/install/custom_msgs/lib/python2.7/dist-packages/custom_msgs/msg/_ImuSensorSample.py
[2.390s] -- Up-to-date: /home/point001/autoware.ai/install/custom_msgs/lib/python2.7/dist-packages/custom_msgs/__init__.py
[2.390s] -- Up-to-date: /home/point001/autoware.ai/install/custom_msgs/lib/python2.7/dist-packages/custom_msgs/__init__.pyc
[2.390s] -- Up-to-date: /home/point001/autoware.ai/install/custom_msgs/lib/pkgconfig/custom_msgs.pc
[2.390s] -- Up-to-date: /home/point001/autoware.ai/install/custom_msgs/share/custom_msgs/cmake/custom_msgs-msg-extras.cmake
[2.390s] -- Up-to-date: /home/point001/autoware.ai/install/custom_msgs/share/custom_msgs/cmake/custom_msgsConfig.cmake
[2.391s] -- Up-to-date: /home/point001/autoware.ai/install/custom_msgs/share/custom_msgs/cmake/custom_msgsConfig-version.cmake
[2.391s] -- Up-to-date: /home/point001/autoware.ai/install/custom_msgs/share/custom_msgs/package.xml
[2.549s] Invoked command in '/home/point001/autoware.ai/build/custom_msgs' returned '0': /usr/bin/cmake --build /home/point001/autoware.ai/build/custom_msgs --target install -- -j24 -l24
