[0.102s] Invoking command in '/home/point001/autoware.ai/build/lidar_euclidean_cluster_detect': CMAKE_PREFIX_PATH=/home/point001/autoware.ai/install/vector_map_server:/home/point001/autoware.ai/install/vector_map:/home/point001/autoware.ai/install/vector_map_msgs:/home/point001/autoware.ai/install/autoware_msgs:/home/point001/autoware.ai/install/autoware_build_flags:${CMAKE_PREFIX_PATH} LD_LIBRARY_PATH=/home/point001/autoware.ai/install/vector_map/lib:/opt/ros/melodic/lib:/usr/local/cuda-10.0/lib64 PKG_CONFIG_PATH=/home/point001/autoware.ai/install/vector_map_server/lib/x86_64-linux-gnu/pkgconfig:/home/point001/autoware.ai/install/vector_map_server/lib/pkgconfig:/home/point001/autoware.ai/install/vector_map/lib/x86_64-linux-gnu/pkgconfig:/home/point001/autoware.ai/install/vector_map/lib/pkgconfig:/home/point001/autoware.ai/install/vector_map_msgs/lib/x86_64-linux-gnu/pkgconfig:/home/point001/autoware.ai/install/vector_map_msgs/lib/pkgconfig:/home/point001/autoware.ai/install/autoware_msgs/lib/x86_64-linux-gnu/pkgconfig:/home/point001/autoware.ai/install/autoware_msgs/lib/pkgconfig:/home/point001/autoware.ai/install/autoware_build_flags/lib/x86_64-linux-gnu/pkgconfig:/home/point001/autoware.ai/install/autoware_build_flags/lib/pkgconfig:${PKG_CONFIG_PATH} PYTHONPATH=/home/point001/autoware.ai/install/vector_map_server/lib/python2.7/dist-packages:/home/point001/autoware.ai/install/vector_map_msgs/lib/python2.7/dist-packages:/home/point001/autoware.ai/install/autoware_msgs/lib/python2.7/dist-packages:${PYTHONPATH} ROS_PACKAGE_PATH=/home/point001/autoware.ai/install/vector_map_server/share:/home/point001/autoware.ai/install/vector_map/share:/home/point001/autoware.ai/install/vector_map_msgs/share:/home/point001/autoware.ai/install/autoware_msgs/share:/home/point001/autoware.ai/install/autoware_build_flags/share:${ROS_PACKAGE_PATH} /usr/bin/cmake --build /home/point001/autoware.ai/build/lidar_euclidean_cluster_detect -- -j24 -l24
[0.188s] [  0%] Built target vector_map_msgs_generate_messages_py
[0.188s] [  0%] Built target tf_generate_messages_eus
[0.217s] [  0%] Built target nodelet_generate_messages_cpp
[0.217s] [  0%] Built target nodelet_generate_messages_eus
[0.227s] [ 40%] Built target gpu_euclidean_clustering
[0.246s] [ 40%] Built target dynamic_reconfigure_generate_messages_py
[0.246s] [ 40%] Built target dynamic_reconfigure_generate_messages_nodejs
[0.255s] [ 40%] Built target people_msgs_generate_messages_nodejs
[0.275s] [ 40%] Built target dynamic_reconfigure_generate_messages_lisp
[0.284s] [ 40%] Built target map_msgs_generate_messages_eus
[0.292s] [ 40%] Built target map_msgs_generate_messages_py
[0.292s] [ 40%] Built target pcl_ros_gencfg
[0.308s] [ 40%] Built target jsk_hark_msgs_generate_messages_py
[0.308s] [ 40%] Built target dynamic_reconfigure_generate_messages_eus
[0.318s] [ 40%] Built target rviz_generate_messages_nodejs
[0.329s] [ 40%] Built target jsk_hark_msgs_generate_messages_nodejs
[0.342s] [ 40%] Built target jsk_hark_msgs_generate_messages_eus
[0.342s] [ 40%] Built target jsk_rviz_plugins_generate_messages_py
[0.361s] [ 40%] Built target jsk_rviz_plugins_generate_messages_nodejs
[0.361s] [ 40%] Built target jsk_recognition_utils_gencfg
[0.373s] [ 40%] Built target jsk_rviz_plugins_generate_messages_lisp
[0.383s] [ 40%] Built target rviz_generate_messages_lisp
[0.401s] [ 40%] Built target jsk_rviz_plugins_gencfg
[0.408s] [ 40%] Built target nodelet_generate_messages_nodejs
[0.414s] [ 40%] Built target visualization_msgs_generate_messages_nodejs
[0.415s] [ 40%] Built target vector_map_server_generate_messages_cpp
[0.424s] [ 40%] Built target visualization_msgs_generate_messages_eus
[0.436s] [ 40%] Built target tf2_msgs_generate_messages_nodejs
[0.443s] [ 40%] Built target tf2_msgs_generate_messages_cpp
[0.443s] [ 40%] Built target map_msgs_generate_messages_cpp
[0.460s] [ 40%] Built target tf2_msgs_generate_messages_py
[0.464s] [ 40%] Built target actionlib_generate_messages_py
[0.469s] [ 40%] Built target actionlib_generate_messages_cpp
[0.469s] [ 40%] Built target dynamic_reconfigure_generate_messages_cpp
[0.476s] [ 40%] Built target tf_generate_messages_py
[0.480s] [ 40%] Built target tf_generate_messages_nodejs
[0.490s] [ 40%] Built target tf_generate_messages_lisp
[0.495s] [ 40%] Built target geometry_msgs_generate_messages_py
[0.501s] [ 40%] Built target sensor_msgs_generate_messages_nodejs
[0.507s] [ 40%] Built target vector_map_server_generate_messages_eus
[0.517s] [ 40%] Built target roscpp_generate_messages_cpp
[0.517s] [ 40%] Built target pcl_msgs_generate_messages_eus
[0.527s] [ 40%] Built target jsk_recognition_msgs_generate_messages_lisp
[0.530s] [ 40%] Built target rosgraph_msgs_generate_messages_eus
[0.539s] [ 40%] Built target visualization_msgs_generate_messages_py
[0.540s] [ 40%] Built target jsk_recognition_msgs_generate_messages_eus
[0.551s] [ 40%] Built target nodelet_generate_messages_lisp
[0.562s] [ 40%] Built target autoware_msgs_generate_messages_py
[0.563s] [ 40%] Built target jsk_hark_msgs_generate_messages_lisp
[0.565s] [ 40%] Built target std_msgs_generate_messages_nodejs
[0.572s] [ 40%] Built target sensor_msgs_generate_messages_eus
[0.583s] [ 40%] Built target std_msgs_generate_messages_py
[0.583s] [ 40%] Built target sensor_msgs_generate_messages_cpp
[0.596s] [ 40%] Built target rosgraph_msgs_generate_messages_cpp
[0.597s] [ 40%] Built target topic_tools_generate_messages_cpp
[0.606s] [ 40%] Built target jsk_recognition_msgs_generate_messages_py
[0.606s] [ 40%] Built target nodelet_generate_messages_py
[0.616s] [ 40%] Built target sensor_msgs_generate_messages_py
[0.623s] [ 40%] Built target std_msgs_generate_messages_cpp
[0.626s] [ 40%] Built target jsk_footstep_msgs_generate_messages_py
[0.631s] [ 40%] Built target autoware_msgs_generate_messages_cpp
[0.641s] [ 40%] Built target geometry_msgs_generate_messages_eus
[0.653s] [ 40%] Built target std_msgs_generate_messages_lisp
[0.653s] [ 40%] Built target jsk_rviz_plugins_generate_messages_cpp
[0.662s] [ 40%] Built target roscpp_generate_messages_nodejs
[0.666s] [ 40%] Built target geometry_msgs_generate_messages_nodejs
[0.671s] [ 40%] Built target jsk_rviz_plugins_generate_messages_eus
[0.694s] [ 40%] Built target geometry_msgs_generate_messages_lisp
[0.698s] [ 40%] Built target actionlib_generate_messages_lisp
[0.714s] [ 40%] Built target geometry_msgs_generate_messages_cpp
[0.718s] [ 40%] Built target pcl_msgs_generate_messages_cpp
[0.742s] [ 40%] Built target autoware_msgs_generate_messages_eus
[0.743s] [ 40%] Built target autoware_msgs_generate_messages_lisp
[0.767s] [ 40%] Built target visualization_msgs_generate_messages_lisp
[0.767s] [ 40%] Built target topic_tools_generate_messages_eus
[0.790s] [ 40%] Built target std_msgs_generate_messages_eus
[0.803s] [ 40%] Built target autoware_msgs_generate_messages_nodejs
[0.825s] [ 40%] Built target jsk_footstep_msgs_generate_messages_eus
[0.830s] [ 40%] Built target actionlib_msgs_generate_messages_py
[0.853s] [ 40%] Built target visualization_msgs_generate_messages_cpp
[0.856s] [ 40%] Built target tf2_msgs_generate_messages_eus
[0.883s] [ 40%] Built target vector_map_server_generate_messages_lisp
[0.884s] [ 40%] Built target nav_msgs_generate_messages_eus
[0.909s] [ 40%] Built target jsk_footstep_msgs_generate_messages_lisp
[0.910s] [ 40%] Built target jsk_footstep_msgs_generate_messages_nodejs
[0.940s] [ 40%] Built target grid_map_msgs_generate_messages_nodejs
[0.940s] [ 40%] Built target std_srvs_generate_messages_cpp
[0.958s] [ 40%] Built target grid_map_msgs_generate_messages_lisp
[0.972s] [ 40%] Built target jsk_recognition_msgs_generate_messages_nodejs
[0.992s] [ 40%] Built target std_srvs_generate_messages_eus
[1.010s] [ 40%] Built target roscpp_generate_messages_lisp
[1.032s] [ 40%] Built target grid_map_msgs_generate_messages_eus
[1.051s] [ 40%] Built target rosgraph_msgs_generate_messages_lisp
[1.069s] [ 40%] Built target rosgraph_msgs_generate_messages_nodejs
[1.091s] [ 40%] Built target vector_map_server_generate_messages_py
[1.108s] [ 40%] Built target roscpp_generate_messages_eus
[1.127s] [ 40%] Built target actionlib_msgs_generate_messages_eus
[1.146s] [ 40%] Built target rosgraph_msgs_generate_messages_py
[1.163s] [ 40%] Built target roscpp_generate_messages_py
[1.181s] [ 40%] Built target grid_map_msgs_generate_messages_cpp
[1.200s] [ 40%] Built target jsk_hark_msgs_generate_messages_cpp
[1.214s] [ 40%] Built target grid_map_msgs_generate_messages_py
[1.234s] [ 40%] Built target sensor_msgs_generate_messages_lisp
[1.252s] [ 40%] Built target nav_msgs_generate_messages_cpp
[1.271s] [ 40%] Built target pcl_msgs_generate_messages_nodejs
[1.290s] [ 40%] Built target nav_msgs_generate_messages_lisp
[1.307s] [ 40%] Built target dynamic_reconfigure_gencfg
[1.325s] [ 40%] Built target tf2_msgs_generate_messages_lisp
[1.342s] [ 40%] Built target nav_msgs_generate_messages_py
[1.359s] [ 40%] Built target _catkin_empty_exported_target
[1.376s] [ 40%] Built target std_srvs_generate_messages_lisp
[1.402s] [ 40%] Built target jsk_recognition_msgs_generate_messages_cpp
[1.412s] [ 40%] Built target topic_tools_generate_messages_lisp
[1.429s] [ 40%] Built target std_srvs_generate_messages_nodejs
[1.448s] [ 40%] Built target std_srvs_generate_messages_py
[1.468s] [ 40%] Built target topic_tools_generate_messages_nodejs
[1.488s] [ 40%] Built target map_msgs_generate_messages_nodejs
[1.504s] [ 40%] Built target nodelet_topic_tools_gencfg
[1.521s] [ 40%] Built target actionlib_msgs_generate_messages_nodejs
[1.539s] [ 40%] Built target topic_tools_generate_messages_py
[1.557s] [ 40%] Built target actionlib_generate_messages_nodejs
[1.576s] [ 40%] Built target pcl_msgs_generate_messages_lisp
[1.592s] [ 40%] Built target tf_generate_messages_cpp
[1.609s] [ 40%] Built target jsk_footstep_msgs_generate_messages_cpp
[1.626s] [ 40%] Built target actionlib_msgs_generate_messages_cpp
[1.647s] [ 40%] Built target actionlib_msgs_generate_messages_lisp
[1.663s] [ 40%] Built target pcl_msgs_generate_messages_py
[1.680s] [ 40%] Built target actionlib_generate_messages_eus
[1.698s] [ 40%] Built target nav_msgs_generate_messages_nodejs
[1.717s] [ 40%] Built target bond_generate_messages_cpp
[1.732s] [ 40%] Built target bond_generate_messages_eus
[1.749s] [ 40%] Built target bond_generate_messages_lisp
[1.764s] [ 40%] Built target bond_generate_messages_nodejs
[1.785s] [ 40%] Built target bond_generate_messages_py
[1.804s] [ 40%] Built target vector_map_msgs_generate_messages_nodejs
[1.818s] [ 40%] Built target people_msgs_generate_messages_cpp
[1.834s] [ 40%] Built target people_msgs_generate_messages_eus
[1.852s] [ 40%] Built target rviz_generate_messages_eus
[1.869s] [ 40%] Built target people_msgs_generate_messages_lisp
[1.888s] [ 40%] Built target people_msgs_generate_messages_py
[1.906s] [ 40%] Built target rviz_generate_messages_cpp
[1.919s] [ 40%] Built target rviz_generate_messages_py
[1.935s] [ 40%] Built target map_msgs_generate_messages_lisp
[1.954s] [ 40%] Built target vector_map_server_generate_messages_nodejs
[1.970s] [ 40%] Built target vector_map_msgs_generate_messages_cpp
[1.990s] [ 40%] Built target vector_map_msgs_generate_messages_eus
[2.003s] [ 40%] Built target vector_map_msgs_generate_messages_lisp
[2.051s] [100%] Built target lidar_euclidean_cluster_detect
[2.061s] Invoked command in '/home/point001/autoware.ai/build/lidar_euclidean_cluster_detect' returned '0': CMAKE_PREFIX_PATH=/home/point001/autoware.ai/install/vector_map_server:/home/point001/autoware.ai/install/vector_map:/home/point001/autoware.ai/install/vector_map_msgs:/home/point001/autoware.ai/install/autoware_msgs:/home/point001/autoware.ai/install/autoware_build_flags:${CMAKE_PREFIX_PATH} LD_LIBRARY_PATH=/home/point001/autoware.ai/install/vector_map/lib:/opt/ros/melodic/lib:/usr/local/cuda-10.0/lib64 PKG_CONFIG_PATH=/home/point001/autoware.ai/install/vector_map_server/lib/x86_64-linux-gnu/pkgconfig:/home/point001/autoware.ai/install/vector_map_server/lib/pkgconfig:/home/point001/autoware.ai/install/vector_map/lib/x86_64-linux-gnu/pkgconfig:/home/point001/autoware.ai/install/vector_map/lib/pkgconfig:/home/point001/autoware.ai/install/vector_map_msgs/lib/x86_64-linux-gnu/pkgconfig:/home/point001/autoware.ai/install/vector_map_msgs/lib/pkgconfig:/home/point001/autoware.ai/install/autoware_msgs/lib/x86_64-linux-gnu/pkgconfig:/home/point001/autoware.ai/install/autoware_msgs/lib/pkgconfig:/home/point001/autoware.ai/install/autoware_build_flags/lib/x86_64-linux-gnu/pkgconfig:/home/point001/autoware.ai/install/autoware_build_flags/lib/pkgconfig:${PKG_CONFIG_PATH} PYTHONPATH=/home/point001/autoware.ai/install/vector_map_server/lib/python2.7/dist-packages:/home/point001/autoware.ai/install/vector_map_msgs/lib/python2.7/dist-packages:/home/point001/autoware.ai/install/autoware_msgs/lib/python2.7/dist-packages:${PYTHONPATH} ROS_PACKAGE_PATH=/home/point001/autoware.ai/install/vector_map_server/share:/home/point001/autoware.ai/install/vector_map/share:/home/point001/autoware.ai/install/vector_map_msgs/share:/home/point001/autoware.ai/install/autoware_msgs/share:/home/point001/autoware.ai/install/autoware_build_flags/share:${ROS_PACKAGE_PATH} /usr/bin/cmake --build /home/point001/autoware.ai/build/lidar_euclidean_cluster_detect -- -j24 -l24
[2.162s] Invoking command in '/home/point001/autoware.ai/build/lidar_euclidean_cluster_detect': CMAKE_PREFIX_PATH=/home/point001/autoware.ai/install/vector_map_server:/home/point001/autoware.ai/install/vector_map:/home/point001/autoware.ai/install/vector_map_msgs:/home/point001/autoware.ai/install/autoware_msgs:/home/point001/autoware.ai/install/autoware_build_flags:${CMAKE_PREFIX_PATH} LD_LIBRARY_PATH=/home/point001/autoware.ai/install/vector_map/lib:/opt/ros/melodic/lib:/usr/local/cuda-10.0/lib64 PKG_CONFIG_PATH=/home/point001/autoware.ai/install/vector_map_server/lib/x86_64-linux-gnu/pkgconfig:/home/point001/autoware.ai/install/vector_map_server/lib/pkgconfig:/home/point001/autoware.ai/install/vector_map/lib/x86_64-linux-gnu/pkgconfig:/home/point001/autoware.ai/install/vector_map/lib/pkgconfig:/home/point001/autoware.ai/install/vector_map_msgs/lib/x86_64-linux-gnu/pkgconfig:/home/point001/autoware.ai/install/vector_map_msgs/lib/pkgconfig:/home/point001/autoware.ai/install/autoware_msgs/lib/x86_64-linux-gnu/pkgconfig:/home/point001/autoware.ai/install/autoware_msgs/lib/pkgconfig:/home/point001/autoware.ai/install/autoware_build_flags/lib/x86_64-linux-gnu/pkgconfig:/home/point001/autoware.ai/install/autoware_build_flags/lib/pkgconfig:${PKG_CONFIG_PATH} PYTHONPATH=/home/point001/autoware.ai/install/vector_map_server/lib/python2.7/dist-packages:/home/point001/autoware.ai/install/vector_map_msgs/lib/python2.7/dist-packages:/home/point001/autoware.ai/install/autoware_msgs/lib/python2.7/dist-packages:${PYTHONPATH} ROS_PACKAGE_PATH=/home/point001/autoware.ai/install/vector_map_server/share:/home/point001/autoware.ai/install/vector_map/share:/home/point001/autoware.ai/install/vector_map_msgs/share:/home/point001/autoware.ai/install/autoware_msgs/share:/home/point001/autoware.ai/install/autoware_build_flags/share:${ROS_PACKAGE_PATH} /usr/bin/cmake --build /home/point001/autoware.ai/build/lidar_euclidean_cluster_detect --target tests -- -j24 -l24
[2.221s] Built target tests
[2.232s] Invoked command in '/home/point001/autoware.ai/build/lidar_euclidean_cluster_detect' returned '0': CMAKE_PREFIX_PATH=/home/point001/autoware.ai/install/vector_map_server:/home/point001/autoware.ai/install/vector_map:/home/point001/autoware.ai/install/vector_map_msgs:/home/point001/autoware.ai/install/autoware_msgs:/home/point001/autoware.ai/install/autoware_build_flags:${CMAKE_PREFIX_PATH} LD_LIBRARY_PATH=/home/point001/autoware.ai/install/vector_map/lib:/opt/ros/melodic/lib:/usr/local/cuda-10.0/lib64 PKG_CONFIG_PATH=/home/point001/autoware.ai/install/vector_map_server/lib/x86_64-linux-gnu/pkgconfig:/home/point001/autoware.ai/install/vector_map_server/lib/pkgconfig:/home/point001/autoware.ai/install/vector_map/lib/x86_64-linux-gnu/pkgconfig:/home/point001/autoware.ai/install/vector_map/lib/pkgconfig:/home/point001/autoware.ai/install/vector_map_msgs/lib/x86_64-linux-gnu/pkgconfig:/home/point001/autoware.ai/install/vector_map_msgs/lib/pkgconfig:/home/point001/autoware.ai/install/autoware_msgs/lib/x86_64-linux-gnu/pkgconfig:/home/point001/autoware.ai/install/autoware_msgs/lib/pkgconfig:/home/point001/autoware.ai/install/autoware_build_flags/lib/x86_64-linux-gnu/pkgconfig:/home/point001/autoware.ai/install/autoware_build_flags/lib/pkgconfig:${PKG_CONFIG_PATH} PYTHONPATH=/home/point001/autoware.ai/install/vector_map_server/lib/python2.7/dist-packages:/home/point001/autoware.ai/install/vector_map_msgs/lib/python2.7/dist-packages:/home/point001/autoware.ai/install/autoware_msgs/lib/python2.7/dist-packages:${PYTHONPATH} ROS_PACKAGE_PATH=/home/point001/autoware.ai/install/vector_map_server/share:/home/point001/autoware.ai/install/vector_map/share:/home/point001/autoware.ai/install/vector_map_msgs/share:/home/point001/autoware.ai/install/autoware_msgs/share:/home/point001/autoware.ai/install/autoware_build_flags/share:${ROS_PACKAGE_PATH} /usr/bin/cmake --build /home/point001/autoware.ai/build/lidar_euclidean_cluster_detect --target tests -- -j24 -l24
[2.331s] Invoking command in '/home/point001/autoware.ai/build/lidar_euclidean_cluster_detect': CMAKE_PREFIX_PATH=/home/point001/autoware.ai/install/vector_map_server:/home/point001/autoware.ai/install/vector_map:/home/point001/autoware.ai/install/vector_map_msgs:/home/point001/autoware.ai/install/autoware_msgs:/home/point001/autoware.ai/install/autoware_build_flags:${CMAKE_PREFIX_PATH} LD_LIBRARY_PATH=/home/point001/autoware.ai/install/vector_map/lib:/opt/ros/melodic/lib:/usr/local/cuda-10.0/lib64 PKG_CONFIG_PATH=/home/point001/autoware.ai/install/vector_map_server/lib/x86_64-linux-gnu/pkgconfig:/home/point001/autoware.ai/install/vector_map_server/lib/pkgconfig:/home/point001/autoware.ai/install/vector_map/lib/x86_64-linux-gnu/pkgconfig:/home/point001/autoware.ai/install/vector_map/lib/pkgconfig:/home/point001/autoware.ai/install/vector_map_msgs/lib/x86_64-linux-gnu/pkgconfig:/home/point001/autoware.ai/install/vector_map_msgs/lib/pkgconfig:/home/point001/autoware.ai/install/autoware_msgs/lib/x86_64-linux-gnu/pkgconfig:/home/point001/autoware.ai/install/autoware_msgs/lib/pkgconfig:/home/point001/autoware.ai/install/autoware_build_flags/lib/x86_64-linux-gnu/pkgconfig:/home/point001/autoware.ai/install/autoware_build_flags/lib/pkgconfig:${PKG_CONFIG_PATH} PYTHONPATH=/home/point001/autoware.ai/install/vector_map_server/lib/python2.7/dist-packages:/home/point001/autoware.ai/install/vector_map_msgs/lib/python2.7/dist-packages:/home/point001/autoware.ai/install/autoware_msgs/lib/python2.7/dist-packages:${PYTHONPATH} ROS_PACKAGE_PATH=/home/point001/autoware.ai/install/vector_map_server/share:/home/point001/autoware.ai/install/vector_map/share:/home/point001/autoware.ai/install/vector_map_msgs/share:/home/point001/autoware.ai/install/autoware_msgs/share:/home/point001/autoware.ai/install/autoware_build_flags/share:${ROS_PACKAGE_PATH} /usr/bin/cmake --build /home/point001/autoware.ai/build/lidar_euclidean_cluster_detect --target install -- -j24 -l24
[2.407s] [ 40%] Built target gpu_euclidean_clustering
[2.425s] [ 40%] Built target nodelet_generate_messages_eus
[2.440s] [ 40%] Built target nodelet_generate_messages_cpp
[2.455s] [ 40%] Built target dynamic_reconfigure_generate_messages_py
[2.468s] [ 40%] Built target dynamic_reconfigure_generate_messages_nodejs
[2.487s] [ 40%] Built target people_msgs_generate_messages_nodejs
[2.503s] [ 40%] Built target dynamic_reconfigure_generate_messages_lisp
[2.519s] [ 40%] Built target dynamic_reconfigure_generate_messages_eus
[2.534s] [ 40%] Built target map_msgs_generate_messages_py
[2.552s] [ 40%] Built target pcl_ros_gencfg
[2.570s] [ 40%] Built target jsk_hark_msgs_generate_messages_py
[2.586s] [ 40%] Built target rviz_generate_messages_nodejs
[2.601s] [ 40%] Built target jsk_hark_msgs_generate_messages_nodejs
[2.619s] [ 40%] Built target jsk_hark_msgs_generate_messages_eus
[2.637s] [ 40%] Built target jsk_rviz_plugins_generate_messages_py
[2.651s] [ 40%] Built target jsk_rviz_plugins_generate_messages_nodejs
[2.667s] [ 40%] Built target jsk_recognition_utils_gencfg
[2.685s] [ 40%] Built target jsk_rviz_plugins_generate_messages_lisp
[2.697s] [ 40%] Built target rviz_generate_messages_lisp
[2.711s] [ 40%] Built target jsk_rviz_plugins_gencfg
[2.727s] [ 40%] Built target visualization_msgs_generate_messages_py
[2.743s] [ 40%] Built target visualization_msgs_generate_messages_nodejs
[2.758s] [ 40%] Built target vector_map_server_generate_messages_cpp
[2.772s] [ 40%] Built target visualization_msgs_generate_messages_eus
[2.790s] [ 40%] Built target tf2_msgs_generate_messages_nodejs
[2.808s] [ 40%] Built target tf2_msgs_generate_messages_cpp
[2.823s] [ 40%] Built target map_msgs_generate_messages_cpp
[2.838s] [ 40%] Built target tf2_msgs_generate_messages_py
[2.853s] [ 40%] Built target actionlib_generate_messages_py
[2.867s] [ 40%] Built target actionlib_generate_messages_cpp
[2.882s] [ 40%] Built target dynamic_reconfigure_generate_messages_cpp
[2.899s] [ 40%] Built target tf_generate_messages_py
[2.911s] [ 40%] Built target tf_generate_messages_nodejs
[2.927s] [ 40%] Built target tf_generate_messages_lisp
[2.942s] [ 40%] Built target geometry_msgs_generate_messages_py
[2.957s] [ 40%] Built target sensor_msgs_generate_messages_nodejs
[2.975s] [ 40%] Built target vector_map_server_generate_messages_eus
[2.986s] [ 40%] Built target roscpp_generate_messages_cpp
[2.999s] [ 40%] Built target pcl_msgs_generate_messages_eus
[3.015s] [ 40%] Built target rosgraph_msgs_generate_messages_eus
[3.032s] [ 40%] Built target jsk_recognition_msgs_generate_messages_lisp
[3.050s] [ 40%] Built target jsk_recognition_msgs_generate_messages_eus
[3.065s] [ 40%] Built target std_msgs_generate_messages_py
[3.081s] [ 40%] Built target nodelet_generate_messages_lisp
[3.096s] [ 40%] Built target autoware_msgs_generate_messages_py
[3.111s] [ 40%] Built target jsk_hark_msgs_generate_messages_lisp
[3.128s] [ 40%] Built target std_msgs_generate_messages_nodejs
[3.140s] [ 40%] Built target sensor_msgs_generate_messages_eus
[3.153s] [ 40%] Built target sensor_msgs_generate_messages_cpp
[3.166s] [ 40%] Built target autoware_msgs_generate_messages_cpp
[3.179s] [ 40%] Built target rosgraph_msgs_generate_messages_cpp
[3.193s] [ 40%] Built target topic_tools_generate_messages_cpp
[3.209s] [ 40%] Built target jsk_recognition_msgs_generate_messages_py
[3.224s] [ 40%] Built target nodelet_generate_messages_py
[3.242s] [ 40%] Built target sensor_msgs_generate_messages_py
[3.256s] [ 40%] Built target std_msgs_generate_messages_cpp
[3.268s] [ 40%] Built target jsk_footstep_msgs_generate_messages_py
[3.286s] [ 40%] Built target nav_msgs_generate_messages_nodejs
[3.300s] [ 40%] Built target geometry_msgs_generate_messages_eus
[3.315s] [ 40%] Built target jsk_rviz_plugins_generate_messages_cpp
[3.332s] [ 40%] Built target std_msgs_generate_messages_lisp
[3.345s] [ 40%] Built target roscpp_generate_messages_nodejs
[3.361s] [ 40%] Built target geometry_msgs_generate_messages_nodejs
[3.377s] [ 40%] Built target jsk_rviz_plugins_generate_messages_eus
[3.391s] [ 40%] Built target actionlib_generate_messages_eus
[3.406s] [ 40%] Built target pcl_msgs_generate_messages_py
[3.422s] [ 40%] Built target geometry_msgs_generate_messages_lisp
[3.439s] [ 40%] Built target actionlib_generate_messages_lisp
[3.453s] [ 40%] Built target geometry_msgs_generate_messages_cpp
[3.467s] [ 40%] Built target pcl_msgs_generate_messages_cpp
[3.484s] [ 40%] Built target autoware_msgs_generate_messages_eus
[3.503s] [ 40%] Built target autoware_msgs_generate_messages_lisp
[3.517s] [ 40%] Built target topic_tools_generate_messages_eus
[3.531s] [ 40%] Built target visualization_msgs_generate_messages_lisp
[3.547s] [ 40%] Built target std_msgs_generate_messages_eus
[3.563s] [ 40%] Built target autoware_msgs_generate_messages_nodejs
[3.578s] [ 40%] Built target jsk_footstep_msgs_generate_messages_eus
[3.591s] [ 40%] Built target actionlib_msgs_generate_messages_py
[3.605s] [ 40%] Built target visualization_msgs_generate_messages_cpp
[3.619s] [ 40%] Built target tf2_msgs_generate_messages_eus
[3.634s] [ 40%] Built target nav_msgs_generate_messages_eus
[3.651s] [ 40%] Built target vector_map_server_generate_messages_lisp
[3.669s] [ 40%] Built target jsk_footstep_msgs_generate_messages_lisp
[3.683s] [ 40%] Built target jsk_footstep_msgs_generate_messages_nodejs
[3.697s] [ 40%] Built target grid_map_msgs_generate_messages_nodejs
[3.712s] [ 40%] Built target std_srvs_generate_messages_cpp
[3.729s] [ 40%] Built target actionlib_msgs_generate_messages_lisp
[3.743s] [ 40%] Built target grid_map_msgs_generate_messages_lisp
[3.759s] [ 40%] Built target jsk_recognition_msgs_generate_messages_nodejs
[3.776s] [ 40%] Built target std_srvs_generate_messages_eus
[3.790s] [ 40%] Built target roscpp_generate_messages_lisp
[3.809s] [ 40%] Built target grid_map_msgs_generate_messages_eus
[3.824s] [ 40%] Built target rosgraph_msgs_generate_messages_lisp
[3.838s] [ 40%] Built target rosgraph_msgs_generate_messages_nodejs
[3.854s] [ 40%] Built target vector_map_server_generate_messages_py
[3.871s] [ 40%] Built target roscpp_generate_messages_eus
[3.885s] [ 40%] Built target actionlib_msgs_generate_messages_eus
[3.899s] [ 40%] Built target rosgraph_msgs_generate_messages_py
[3.916s] [ 40%] Built target roscpp_generate_messages_py
[3.931s] [ 40%] Built target grid_map_msgs_generate_messages_cpp
[3.947s] [ 40%] Built target jsk_hark_msgs_generate_messages_cpp
[3.962s] [ 40%] Built target grid_map_msgs_generate_messages_py
[3.976s] [ 40%] Built target sensor_msgs_generate_messages_lisp
[3.990s] [ 40%] Built target nav_msgs_generate_messages_cpp
[4.005s] [ 40%] Built target pcl_msgs_generate_messages_nodejs
[4.023s] [ 40%] Built target nav_msgs_generate_messages_lisp
[4.037s] [ 40%] Built target dynamic_reconfigure_gencfg
[4.054s] [ 40%] Built target tf2_msgs_generate_messages_lisp
[4.069s] [ 40%] Built target nav_msgs_generate_messages_py
[4.085s] [ 40%] Built target _catkin_empty_exported_target
[4.104s] [ 40%] Built target std_srvs_generate_messages_lisp
[4.117s] [ 40%] Built target jsk_recognition_msgs_generate_messages_cpp
[4.135s] [ 40%] Built target topic_tools_generate_messages_lisp
[4.149s] [ 40%] Built target std_srvs_generate_messages_nodejs
[4.163s] [ 40%] Built target std_srvs_generate_messages_py
[4.179s] [ 40%] Built target topic_tools_generate_messages_nodejs
[4.194s] [ 40%] Built target map_msgs_generate_messages_nodejs
[4.211s] [ 40%] Built target nodelet_topic_tools_gencfg
[4.226s] [ 40%] Built target actionlib_msgs_generate_messages_nodejs
[4.243s] [ 40%] Built target topic_tools_generate_messages_py
[4.256s] [ 40%] Built target actionlib_generate_messages_nodejs
[4.273s] [ 40%] Built target pcl_msgs_generate_messages_lisp
[4.288s] [ 40%] Built target tf_generate_messages_cpp
[4.302s] [ 40%] Built target jsk_footstep_msgs_generate_messages_cpp
[4.317s] [ 40%] Built target actionlib_msgs_generate_messages_cpp
[4.332s] [ 40%] Built target map_msgs_generate_messages_eus
[4.346s] [ 40%] Built target nodelet_generate_messages_nodejs
[4.363s] [ 40%] Built target bond_generate_messages_cpp
[4.379s] [ 40%] Built target bond_generate_messages_eus
[4.396s] [ 40%] Built target bond_generate_messages_lisp
[4.411s] [ 40%] Built target bond_generate_messages_nodejs
[4.427s] [ 40%] Built target bond_generate_messages_py
[4.444s] [ 40%] Built target vector_map_msgs_generate_messages_nodejs
[4.458s] [ 40%] Built target people_msgs_generate_messages_cpp
[4.472s] [ 40%] Built target people_msgs_generate_messages_eus
[4.487s] [ 40%] Built target rviz_generate_messages_eus
[4.504s] [ 40%] Built target people_msgs_generate_messages_lisp
[4.519s] [ 40%] Built target people_msgs_generate_messages_py
[4.534s] [ 40%] Built target rviz_generate_messages_cpp
[4.548s] [ 40%] Built target rviz_generate_messages_py
[4.562s] [ 40%] Built target map_msgs_generate_messages_lisp
[4.578s] [ 40%] Built target vector_map_server_generate_messages_nodejs
[4.593s] [ 40%] Built target vector_map_msgs_generate_messages_cpp
[4.608s] [ 40%] Built target vector_map_msgs_generate_messages_eus
[4.625s] [ 40%] Built target vector_map_msgs_generate_messages_lisp
[4.645s] [ 40%] Built target vector_map_msgs_generate_messages_py
[4.659s] [ 40%] Built target tf_generate_messages_eus
[4.699s] [100%] Built target lidar_euclidean_cluster_detect
[4.717s] [36mInstall the project...[0m
[4.723s] -- Install configuration: "Release"
[4.723s] -- Up-to-date: /home/point001/autoware.ai/install/lidar_euclidean_cluster_detect/lib/pkgconfig/lidar_euclidean_cluster_detect.pc
[4.724s] -- Up-to-date: /home/point001/autoware.ai/install/lidar_euclidean_cluster_detect/share/lidar_euclidean_cluster_detect/cmake/lidar_euclidean_cluster_detectConfig.cmake
[4.724s] -- Up-to-date: /home/point001/autoware.ai/install/lidar_euclidean_cluster_detect/share/lidar_euclidean_cluster_detect/cmake/lidar_euclidean_cluster_detectConfig-version.cmake
[4.724s] -- Up-to-date: /home/point001/autoware.ai/install/lidar_euclidean_cluster_detect/share/lidar_euclidean_cluster_detect/package.xml
[4.724s] -- Up-to-date: /home/point001/autoware.ai/install/lidar_euclidean_cluster_detect/lib/libgpu_euclidean_clustering.so
[4.724s] -- Up-to-date: /home/point001/autoware.ai/install/lidar_euclidean_cluster_detect/include/lidar_euclidean_cluster_detect
[4.724s] -- Up-to-date: /home/point001/autoware.ai/install/lidar_euclidean_cluster_detect/include/lidar_euclidean_cluster_detect/cluster.h
[4.724s] -- Up-to-date: /home/point001/autoware.ai/install/lidar_euclidean_cluster_detect/include/lidar_euclidean_cluster_detect/gencolors.cpp
[4.724s] -- Up-to-date: /home/point001/autoware.ai/install/lidar_euclidean_cluster_detect/include/lidar_euclidean_cluster_detect/gpu_euclidean_clustering.h
[4.724s] -- Up-to-date: /home/point001/autoware.ai/install/lidar_euclidean_cluster_detect/lib/lidar_euclidean_cluster_detect/lidar_euclidean_cluster_detect
[4.724s] -- Up-to-date: /home/point001/autoware.ai/install/lidar_euclidean_cluster_detect/share/lidar_euclidean_cluster_detect/launch
[4.724s] -- Up-to-date: /home/point001/autoware.ai/install/lidar_euclidean_cluster_detect/share/lidar_euclidean_cluster_detect/launch/lidar_euclidean_cluster_detect.launch
[4.725s] -- Up-to-date: /home/point001/autoware.ai/install/lidar_euclidean_cluster_detect/share/lidar_euclidean_cluster_detect/launch/euclidean_clustering_Exp.launch
[4.725s] -- Up-to-date: /home/point001/autoware.ai/install/lidar_euclidean_cluster_detect/share/lidar_euclidean_cluster_detect/launch/lidar_euclidean_cluster_detect_param.launch
[4.725s] -- Up-to-date: /home/point001/autoware.ai/install/lidar_euclidean_cluster_detect/share/lidar_euclidean_cluster_detect/config
[4.725s] -- Up-to-date: /home/point001/autoware.ai/install/lidar_euclidean_cluster_detect/share/lidar_euclidean_cluster_detect/config/params.yaml
[4.727s] Invoked command in '/home/point001/autoware.ai/build/lidar_euclidean_cluster_detect' returned '0': CMAKE_PREFIX_PATH=/home/point001/autoware.ai/install/vector_map_server:/home/point001/autoware.ai/install/vector_map:/home/point001/autoware.ai/install/vector_map_msgs:/home/point001/autoware.ai/install/autoware_msgs:/home/point001/autoware.ai/install/autoware_build_flags:${CMAKE_PREFIX_PATH} LD_LIBRARY_PATH=/home/point001/autoware.ai/install/vector_map/lib:/opt/ros/melodic/lib:/usr/local/cuda-10.0/lib64 PKG_CONFIG_PATH=/home/point001/autoware.ai/install/vector_map_server/lib/x86_64-linux-gnu/pkgconfig:/home/point001/autoware.ai/install/vector_map_server/lib/pkgconfig:/home/point001/autoware.ai/install/vector_map/lib/x86_64-linux-gnu/pkgconfig:/home/point001/autoware.ai/install/vector_map/lib/pkgconfig:/home/point001/autoware.ai/install/vector_map_msgs/lib/x86_64-linux-gnu/pkgconfig:/home/point001/autoware.ai/install/vector_map_msgs/lib/pkgconfig:/home/point001/autoware.ai/install/autoware_msgs/lib/x86_64-linux-gnu/pkgconfig:/home/point001/autoware.ai/install/autoware_msgs/lib/pkgconfig:/home/point001/autoware.ai/install/autoware_build_flags/lib/x86_64-linux-gnu/pkgconfig:/home/point001/autoware.ai/install/autoware_build_flags/lib/pkgconfig:${PKG_CONFIG_PATH} PYTHONPATH=/home/point001/autoware.ai/install/vector_map_server/lib/python2.7/dist-packages:/home/point001/autoware.ai/install/vector_map_msgs/lib/python2.7/dist-packages:/home/point001/autoware.ai/install/autoware_msgs/lib/python2.7/dist-packages:${PYTHONPATH} ROS_PACKAGE_PATH=/home/point001/autoware.ai/install/vector_map_server/share:/home/point001/autoware.ai/install/vector_map/share:/home/point001/autoware.ai/install/vector_map_msgs/share:/home/point001/autoware.ai/install/autoware_msgs/share:/home/point001/autoware.ai/install/autoware_build_flags/share:${ROS_PACKAGE_PATH} /usr/bin/cmake --build /home/point001/autoware.ai/build/lidar_euclidean_cluster_detect --target install -- -j24 -l24
