[0.249s] Invoking command in '/home/point001/autoware.ai/build/vehicle_gazebo_simulation_interface': CMAKE_PREFIX_PATH=/home/point001/autoware.ai/install/autoware_msgs:/home/point001/autoware.ai/install/autoware_build_flags:${CMAKE_PREFIX_PATH} PKG_CONFIG_PATH=/home/point001/autoware.ai/install/autoware_msgs/lib/x86_64-linux-gnu/pkgconfig:/home/point001/autoware.ai/install/autoware_msgs/lib/pkgconfig:/home/point001/autoware.ai/install/autoware_build_flags/lib/x86_64-linux-gnu/pkgconfig:/home/point001/autoware.ai/install/autoware_build_flags/lib/pkgconfig:${PKG_CONFIG_PATH} PYTHONPATH=/home/point001/autoware.ai/install/autoware_msgs/lib/python2.7/dist-packages:${PYTHONPATH} ROS_PACKAGE_PATH=/home/point001/autoware.ai/install/autoware_msgs/share:/home/point001/autoware.ai/install/autoware_build_flags/share:${ROS_PACKAGE_PATH} /usr/bin/cmake --build /home/point001/autoware.ai/build/vehicle_gazebo_simulation_interface -- -j24 -l24
[0.416s] [  0%] Built target rosgraph_msgs_generate_messages_cpp
[0.416s] [  0%] Built target roscpp_generate_messages_cpp
[0.419s] [  0%] Built target std_msgs_generate_messages_py
[0.419s] [  0%] Built target autoware_msgs_generate_messages_py
[0.420s] [  0%] Built target sensor_msgs_generate_messages_py
[0.420s] [  0%] Built target sensor_msgs_generate_messages_lisp
[0.421s] [  0%] Built target jsk_recognition_msgs_generate_messages_py
[0.424s] [  0%] Built target gazebo_msgs_generate_messages_cpp
[0.426s] [  0%] Built target sensor_msgs_generate_messages_eus
[0.426s] [  0%] Built target jsk_recognition_msgs_generate_messages_lisp
[0.429s] [  0%] Built target pcl_msgs_generate_messages_eus
[0.429s] [  0%] Built target sensor_msgs_generate_messages_cpp
[0.434s] [  0%] Built target actionlib_msgs_generate_messages_nodejs
[0.435s] [  0%] Built target geometry_msgs_generate_messages_py
[0.436s] [  0%] Built target actionlib_generate_messages_eus
[0.436s] [  0%] Built target tf2_msgs_generate_messages_cpp
[0.437s] [  0%] Built target jsk_recognition_msgs_generate_messages_eus
[0.437s] [  0%] Built target actionlib_generate_messages_cpp
[0.441s] [  0%] Built target autoware_msgs_generate_messages_cpp
[0.443s] [  0%] Built target std_msgs_generate_messages_nodejs
[0.443s] [  0%] Built target sensor_msgs_generate_messages_nodejs
[0.446s] [  0%] Built target pcl_msgs_generate_messages_nodejs
[0.448s] [  0%] Built target jsk_footstep_msgs_generate_messages_py
[0.452s] [  0%] Built target std_msgs_generate_messages_lisp
[0.458s] [  0%] Built target std_msgs_generate_messages_cpp
[0.458s] [  0%] Built target pcl_msgs_generate_messages_cpp
[0.459s] [  0%] Built target jsk_recognition_msgs_generate_messages_cpp
[0.459s] [  0%] Built target geometry_msgs_generate_messages_lisp
[0.459s] [  0%] Built target geometry_msgs_generate_messages_eus
[0.460s] [  0%] Built target geometry_msgs_generate_messages_cpp
[0.461s] [  0%] Built target roscpp_generate_messages_nodejs
[0.468s] [  0%] Built target autoware_msgs_generate_messages_nodejs
[0.469s] [  0%] Built target actionlib_generate_messages_nodejs
[0.469s] [  0%] Built target trajectory_msgs_generate_messages_nodejs
[0.469s] [  0%] Built target actionlib_generate_messages_lisp
[0.469s] [  0%] Built target geometry_msgs_generate_messages_nodejs
[0.469s] [  0%] Built target actionlib_msgs_generate_messages_py
[0.471s] [  0%] Built target autoware_msgs_generate_messages_eus
[0.472s] [  0%] Built target trajectory_msgs_generate_messages_py
[0.472s] [  0%] Built target pcl_msgs_generate_messages_lisp
[0.473s] [  0%] Built target jsk_footstep_msgs_generate_messages_eus
[0.473s] [  0%] Built target autoware_msgs_generate_messages_lisp
[0.474s] [  0%] Built target gazebo_msgs_generate_messages_py
[0.476s] [  0%] Built target actionlib_msgs_generate_messages_cpp
[0.481s] [  0%] Built target jsk_footstep_msgs_generate_messages_cpp
[0.481s] [  0%] Built target std_msgs_generate_messages_eus
[0.483s] [  0%] Built target jsk_footstep_msgs_generate_messages_nodejs
[0.484s] [  0%] Built target gazebo_msgs_generate_messages_eus
[0.487s] [  0%] Built target jsk_footstep_msgs_generate_messages_lisp
[0.495s] [  0%] Built target jsk_recognition_msgs_generate_messages_nodejs
[0.495s] [  0%] Built target gazebo_msgs_generate_messages_nodejs
[0.495s] [  0%] Built target std_srvs_generate_messages_cpp
[0.495s] [  0%] Built target roscpp_generate_messages_py
[0.495s] [  0%] Built target roscpp_generate_messages_lisp
[0.497s] [  0%] Built target gazebo_msgs_generate_messages_lisp
[0.498s] [  0%] Built target trajectory_msgs_generate_messages_lisp
[0.498s] [  0%] Built target rosgraph_msgs_generate_messages_eus
[0.500s] [  0%] Built target std_srvs_generate_messages_eus
[0.505s] [  0%] Built target actionlib_msgs_generate_messages_lisp
[0.505s] [  0%] Built target _catkin_empty_exported_target
[0.506s] [  0%] Built target trajectory_msgs_generate_messages_cpp
[0.506s] [  0%] Built target std_srvs_generate_messages_nodejs
[0.506s] [  0%] Built target rosgraph_msgs_generate_messages_lisp
[0.511s] [  0%] Built target trajectory_msgs_generate_messages_eus
[0.511s] [  0%] Built target tf2_msgs_generate_messages_lisp
[0.511s] [  0%] Built target rosgraph_msgs_generate_messages_nodejs
[0.511s] [  0%] Built target std_srvs_generate_messages_py
[0.512s] [  0%] Built target std_srvs_generate_messages_lisp
[0.512s] [  0%] Built target rosgraph_msgs_generate_messages_py
[0.518s] [  0%] Built target tf2_msgs_generate_messages_eus
[0.518s] [  0%] Built target roscpp_generate_messages_eus
[0.518s] [  0%] Built target actionlib_msgs_generate_messages_eus
[0.518s] [  0%] Built target actionlib_generate_messages_py
[0.518s] [  0%] Built target pcl_msgs_generate_messages_py
[0.518s] [  0%] Built target tf2_msgs_generate_messages_nodejs
[0.520s] [  0%] Built target tf2_msgs_generate_messages_py
[0.546s] [ 50%] Built target vehicle_gazebo_info_publisher
[0.546s] [100%] Built target vehicle_gazebo_input_subscriber
[0.640s] Invoked command in '/home/point001/autoware.ai/build/vehicle_gazebo_simulation_interface' returned '0': CMAKE_PREFIX_PATH=/home/point001/autoware.ai/install/autoware_msgs:/home/point001/autoware.ai/install/autoware_build_flags:${CMAKE_PREFIX_PATH} PKG_CONFIG_PATH=/home/point001/autoware.ai/install/autoware_msgs/lib/x86_64-linux-gnu/pkgconfig:/home/point001/autoware.ai/install/autoware_msgs/lib/pkgconfig:/home/point001/autoware.ai/install/autoware_build_flags/lib/x86_64-linux-gnu/pkgconfig:/home/point001/autoware.ai/install/autoware_build_flags/lib/pkgconfig:${PKG_CONFIG_PATH} PYTHONPATH=/home/point001/autoware.ai/install/autoware_msgs/lib/python2.7/dist-packages:${PYTHONPATH} ROS_PACKAGE_PATH=/home/point001/autoware.ai/install/autoware_msgs/share:/home/point001/autoware.ai/install/autoware_build_flags/share:${ROS_PACKAGE_PATH} /usr/bin/cmake --build /home/point001/autoware.ai/build/vehicle_gazebo_simulation_interface -- -j24 -l24
[1.150s] Invoking command in '/home/point001/autoware.ai/build/vehicle_gazebo_simulation_interface': CMAKE_PREFIX_PATH=/home/point001/autoware.ai/install/autoware_msgs:/home/point001/autoware.ai/install/autoware_build_flags:${CMAKE_PREFIX_PATH} PKG_CONFIG_PATH=/home/point001/autoware.ai/install/autoware_msgs/lib/x86_64-linux-gnu/pkgconfig:/home/point001/autoware.ai/install/autoware_msgs/lib/pkgconfig:/home/point001/autoware.ai/install/autoware_build_flags/lib/x86_64-linux-gnu/pkgconfig:/home/point001/autoware.ai/install/autoware_build_flags/lib/pkgconfig:${PKG_CONFIG_PATH} PYTHONPATH=/home/point001/autoware.ai/install/autoware_msgs/lib/python2.7/dist-packages:${PYTHONPATH} ROS_PACKAGE_PATH=/home/point001/autoware.ai/install/autoware_msgs/share:/home/point001/autoware.ai/install/autoware_build_flags/share:${ROS_PACKAGE_PATH} /usr/bin/cmake --build /home/point001/autoware.ai/build/vehicle_gazebo_simulation_interface --target tests -- -j24 -l24
[1.275s] Built target tests
[1.328s] Invoked command in '/home/point001/autoware.ai/build/vehicle_gazebo_simulation_interface' returned '0': CMAKE_PREFIX_PATH=/home/point001/autoware.ai/install/autoware_msgs:/home/point001/autoware.ai/install/autoware_build_flags:${CMAKE_PREFIX_PATH} PKG_CONFIG_PATH=/home/point001/autoware.ai/install/autoware_msgs/lib/x86_64-linux-gnu/pkgconfig:/home/point001/autoware.ai/install/autoware_msgs/lib/pkgconfig:/home/point001/autoware.ai/install/autoware_build_flags/lib/x86_64-linux-gnu/pkgconfig:/home/point001/autoware.ai/install/autoware_build_flags/lib/pkgconfig:${PKG_CONFIG_PATH} PYTHONPATH=/home/point001/autoware.ai/install/autoware_msgs/lib/python2.7/dist-packages:${PYTHONPATH} ROS_PACKAGE_PATH=/home/point001/autoware.ai/install/autoware_msgs/share:/home/point001/autoware.ai/install/autoware_build_flags/share:${ROS_PACKAGE_PATH} /usr/bin/cmake --build /home/point001/autoware.ai/build/vehicle_gazebo_simulation_interface --target tests -- -j24 -l24
[1.599s] Invoking command in '/home/point001/autoware.ai/build/vehicle_gazebo_simulation_interface': CMAKE_PREFIX_PATH=/home/point001/autoware.ai/install/autoware_msgs:/home/point001/autoware.ai/install/autoware_build_flags:${CMAKE_PREFIX_PATH} PKG_CONFIG_PATH=/home/point001/autoware.ai/install/autoware_msgs/lib/x86_64-linux-gnu/pkgconfig:/home/point001/autoware.ai/install/autoware_msgs/lib/pkgconfig:/home/point001/autoware.ai/install/autoware_build_flags/lib/x86_64-linux-gnu/pkgconfig:/home/point001/autoware.ai/install/autoware_build_flags/lib/pkgconfig:${PKG_CONFIG_PATH} PYTHONPATH=/home/point001/autoware.ai/install/autoware_msgs/lib/python2.7/dist-packages:${PYTHONPATH} ROS_PACKAGE_PATH=/home/point001/autoware.ai/install/autoware_msgs/share:/home/point001/autoware.ai/install/autoware_build_flags/share:${ROS_PACKAGE_PATH} /usr/bin/cmake --build /home/point001/autoware.ai/build/vehicle_gazebo_simulation_interface --target install -- -j24 -l24
[1.705s] [  0%] Built target tf2_msgs_generate_messages_cpp
[1.706s] [  0%] Built target autoware_msgs_generate_messages_py
[1.720s] [  0%] Built target std_msgs_generate_messages_py
[1.720s] [  0%] Built target jsk_recognition_msgs_generate_messages_py
[1.726s] [  0%] Built target gazebo_msgs_generate_messages_cpp
[1.727s] [  0%] Built target std_msgs_generate_messages_nodejs
[1.728s] [  0%] Built target pcl_msgs_generate_messages_eus
[1.729s] [  0%] Built target rosgraph_msgs_generate_messages_cpp
[1.733s] [  0%] Built target sensor_msgs_generate_messages_nodejs
[1.735s] [  0%] Built target actionlib_generate_messages_eus
[1.735s] [  0%] Built target std_msgs_generate_messages_cpp
[1.742s] [  0%] Built target roscpp_generate_messages_cpp
[1.743s] [  0%] Built target jsk_recognition_msgs_generate_messages_lisp
[1.743s] [  0%] Built target sensor_msgs_generate_messages_lisp
[1.746s] [  0%] Built target actionlib_generate_messages_cpp
[1.746s] [  0%] Built target pcl_msgs_generate_messages_nodejs
[1.755s] [  0%] Built target sensor_msgs_generate_messages_eus
[1.755s] [  0%] Built target geometry_msgs_generate_messages_eus
[1.756s] [  0%] Built target sensor_msgs_generate_messages_cpp
[1.766s] [  0%] Built target actionlib_msgs_generate_messages_nodejs
[1.766s] [  0%] Built target jsk_recognition_msgs_generate_messages_eus
[1.772s] [  0%] Built target autoware_msgs_generate_messages_cpp
[1.772s] [  0%] Built target sensor_msgs_generate_messages_py
[1.776s] [  0%] Built target roscpp_generate_messages_nodejs
[1.783s] [  0%] Built target geometry_msgs_generate_messages_py
[1.784s] [  0%] Built target jsk_footstep_msgs_generate_messages_py
[1.784s] [  0%] Built target actionlib_generate_messages_lisp
[1.805s] [  0%] Built target std_msgs_generate_messages_lisp
[1.806s] [  0%] Built target geometry_msgs_generate_messages_nodejs
[1.812s] [  0%] Built target jsk_footstep_msgs_generate_messages_lisp
[1.815s] [  0%] Built target autoware_msgs_generate_messages_lisp
[1.815s] [  0%] Built target actionlib_generate_messages_nodejs
[1.824s] [  0%] Built target autoware_msgs_generate_messages_eus
[1.824s] [  0%] Built target geometry_msgs_generate_messages_lisp
[1.824s] [  0%] Built target gazebo_msgs_generate_messages_eus
[1.829s] [  0%] Built target trajectory_msgs_generate_messages_py
[1.830s] [  0%] Built target trajectory_msgs_generate_messages_nodejs
[1.830s] [  0%] Built target geometry_msgs_generate_messages_cpp
[1.830s] [  0%] Built target actionlib_msgs_generate_messages_py
[1.830s] [  0%] Built target pcl_msgs_generate_messages_cpp
[1.833s] [  0%] Built target pcl_msgs_generate_messages_lisp
[1.846s] [  0%] Built target jsk_footstep_msgs_generate_messages_eus
[1.846s] [  0%] Built target std_msgs_generate_messages_eus
[1.846s] [  0%] Built target autoware_msgs_generate_messages_nodejs
[1.850s] [  0%] Built target gazebo_msgs_generate_messages_py
[1.856s] [  0%] Built target rosgraph_msgs_generate_messages_eus
[1.872s] [  0%] Built target actionlib_msgs_generate_messages_lisp
[1.872s] [  0%] Built target actionlib_msgs_generate_messages_cpp
[1.872s] [  0%] Built target std_srvs_generate_messages_cpp
[1.882s] [  0%] Built target jsk_recognition_msgs_generate_messages_cpp
[1.883s] [  0%] Built target gazebo_msgs_generate_messages_lisp
[1.899s] [  0%] Built target jsk_footstep_msgs_generate_messages_nodejs
[1.902s] [  0%] Built target jsk_recognition_msgs_generate_messages_nodejs
[1.903s] [  0%] Built target _catkin_empty_exported_target
[1.917s] [  0%] Built target gazebo_msgs_generate_messages_nodejs
[1.920s] [  0%] Built target jsk_footstep_msgs_generate_messages_cpp
[1.920s] [  0%] Built target std_srvs_generate_messages_lisp
[1.920s] [  0%] Built target trajectory_msgs_generate_messages_cpp
[1.920s] [  0%] Built target rosgraph_msgs_generate_messages_nodejs
[1.921s] [  0%] Built target std_srvs_generate_messages_nodejs
[1.921s] [  0%] Built target trajectory_msgs_generate_messages_eus
[1.921s] [  0%] Built target roscpp_generate_messages_py
[1.930s] [  0%] Built target rosgraph_msgs_generate_messages_py
[1.930s] [  0%] Built target trajectory_msgs_generate_messages_lisp
[1.940s] [  0%] Built target std_srvs_generate_messages_py
[1.940s] [  0%] Built target roscpp_generate_messages_eus
[1.940s] [  0%] Built target tf2_msgs_generate_messages_eus
[1.953s] [  0%] Built target std_srvs_generate_messages_eus
[1.953s] [  0%] Built target tf2_msgs_generate_messages_lisp
[1.962s] [  0%] Built target roscpp_generate_messages_lisp
[1.967s] [  0%] Built target actionlib_msgs_generate_messages_eus
[1.968s] [  0%] Built target tf2_msgs_generate_messages_py
[1.977s] [  0%] Built target rosgraph_msgs_generate_messages_lisp
[1.977s] [  0%] Built target tf2_msgs_generate_messages_nodejs
[1.986s] [  0%] Built target actionlib_generate_messages_py
[2.005s] [  0%] Built target pcl_msgs_generate_messages_py
[2.055s] [ 50%] Built target vehicle_gazebo_info_publisher
[2.055s] [100%] Built target vehicle_gazebo_input_subscriber
[2.083s] [36mInstall the project...[0m
[2.101s] -- Install configuration: "Release"
[2.101s] -- Up-to-date: /home/point001/autoware.ai/install/vehicle_gazebo_simulation_interface/lib/pkgconfig/vehicle_gazebo_simulation_interface.pc
[2.101s] -- Up-to-date: /home/point001/autoware.ai/install/vehicle_gazebo_simulation_interface/share/vehicle_gazebo_simulation_interface/cmake/vehicle_gazebo_simulation_interfaceConfig.cmake
[2.101s] -- Up-to-date: /home/point001/autoware.ai/install/vehicle_gazebo_simulation_interface/share/vehicle_gazebo_simulation_interface/cmake/vehicle_gazebo_simulation_interfaceConfig-version.cmake
[2.102s] -- Up-to-date: /home/point001/autoware.ai/install/vehicle_gazebo_simulation_interface/share/vehicle_gazebo_simulation_interface/package.xml
[2.102s] -- Up-to-date: /home/point001/autoware.ai/install/vehicle_gazebo_simulation_interface/lib/vehicle_gazebo_simulation_interface/vehicle_gazebo_input_subscriber
[2.102s] -- Up-to-date: /home/point001/autoware.ai/install/vehicle_gazebo_simulation_interface/lib/vehicle_gazebo_simulation_interface/vehicle_gazebo_info_publisher
[2.274s] Invoked command in '/home/point001/autoware.ai/build/vehicle_gazebo_simulation_interface' returned '0': CMAKE_PREFIX_PATH=/home/point001/autoware.ai/install/autoware_msgs:/home/point001/autoware.ai/install/autoware_build_flags:${CMAKE_PREFIX_PATH} PKG_CONFIG_PATH=/home/point001/autoware.ai/install/autoware_msgs/lib/x86_64-linux-gnu/pkgconfig:/home/point001/autoware.ai/install/autoware_msgs/lib/pkgconfig:/home/point001/autoware.ai/install/autoware_build_flags/lib/x86_64-linux-gnu/pkgconfig:/home/point001/autoware.ai/install/autoware_build_flags/lib/pkgconfig:${PKG_CONFIG_PATH} PYTHONPATH=/home/point001/autoware.ai/install/autoware_msgs/lib/python2.7/dist-packages:${PYTHONPATH} ROS_PACKAGE_PATH=/home/point001/autoware.ai/install/autoware_msgs/share:/home/point001/autoware.ai/install/autoware_build_flags/share:${ROS_PACKAGE_PATH} /usr/bin/cmake --build /home/point001/autoware.ai/build/vehicle_gazebo_simulation_interface --target install -- -j24 -l24
