[0.344s] Invoking command in '/home/point001/autoware.ai/build/vehicle_description': /usr/bin/cmake --build /home/point001/autoware.ai/build/vehicle_description -- -j24 -l24
[0.483s] Built target vehicle_description_xacro_generated_to_devel_space_
[0.823s] Invoked command in '/home/point001/autoware.ai/build/vehicle_description' returned '0': /usr/bin/cmake --build /home/point001/autoware.ai/build/vehicle_description -- -j24 -l24
[1.220s] Invoking command in '/home/point001/autoware.ai/build/vehicle_description': /usr/bin/cmake --build /home/point001/autoware.ai/build/vehicle_description --target tests -- -j24 -l24
[1.537s] Built target tests
[1.595s] Invoked command in '/home/point001/autoware.ai/build/vehicle_description' returned '0': /usr/bin/cmake --build /home/point001/autoware.ai/build/vehicle_description --target tests -- -j24 -l24
[1.834s] Invoking command in '/home/point001/autoware.ai/build/vehicle_description': /usr/bin/cmake --build /home/point001/autoware.ai/build/vehicle_description --target install -- -j24 -l24
[1.909s] Built target vehicle_description_xacro_generated_to_devel_space_
[1.956s] [36mInstall the project...[0m
[1.974s] -- Install configuration: "Release"
[1.975s] -- Up-to-date: /home/point001/autoware.ai/install/vehicle_description/lib/pkgconfig/vehicle_description.pc
[1.975s] -- Up-to-date: /home/point001/autoware.ai/install/vehicle_description/share/vehicle_description/cmake/vehicle_descriptionConfig.cmake
[1.975s] -- Up-to-date: /home/point001/autoware.ai/install/vehicle_description/share/vehicle_description/cmake/vehicle_descriptionConfig-version.cmake
[1.975s] -- Up-to-date: /home/point001/autoware.ai/install/vehicle_description/share/vehicle_description/package.xml
[1.975s] -- Up-to-date: /home/point001/autoware.ai/install/vehicle_description/share/vehicle_description/launch
[1.976s] -- Up-to-date: /home/point001/autoware.ai/install/vehicle_description/share/vehicle_description/launch/estima_white.launch
[1.976s] -- Up-to-date: /home/point001/autoware.ai/install/vehicle_description/share/vehicle_description/launch/vehicle_model.launch
[1.976s] -- Up-to-date: /home/point001/autoware.ai/install/vehicle_description/share/vehicle_description/launch/estima_gray.launch
[1.976s] -- Up-to-date: /home/point001/autoware.ai/install/vehicle_description/share/vehicle_description/launch/milee.launch
[1.976s] -- Up-to-date: /home/point001/autoware.ai/install/vehicle_description/share/vehicle_description/launch/lexus.launch
[1.976s] -- Up-to-date: /home/point001/autoware.ai/install/vehicle_description/share/vehicle_description/launch/estima_black.launch
[1.976s] -- Up-to-date: /home/point001/autoware.ai/install/vehicle_description/share/vehicle_description/mesh
[1.976s] -- Up-to-date: /home/point001/autoware.ai/install/vehicle_description/share/vehicle_description/mesh/CAR_original.stl
[1.976s] -- Up-to-date: /home/point001/autoware.ai/install/vehicle_description/share/vehicle_description/mesh/estima_black.dae
[1.976s] -- Up-to-date: /home/point001/autoware.ai/install/vehicle_description/share/vehicle_description/mesh/estima_left_black.jpg
[1.977s] -- Up-to-date: /home/point001/autoware.ai/install/vehicle_description/share/vehicle_description/mesh/default.dae
[1.977s] -- Up-to-date: /home/point001/autoware.ai/install/vehicle_description/share/vehicle_description/mesh/estima_right_black.jpg
[1.977s] -- Up-to-date: /home/point001/autoware.ai/install/vehicle_description/share/vehicle_description/mesh/_51225ex2diffuse.jpeg
[1.977s] -- Up-to-date: /home/point001/autoware.ai/install/vehicle_description/share/vehicle_description/mesh/CAR_original.dae
[1.977s] -- Up-to-date: /home/point001/autoware.ai/install/vehicle_description/share/vehicle_description/mesh/estima_left_white.jpg
[1.977s] -- Up-to-date: /home/point001/autoware.ai/install/vehicle_description/share/vehicle_description/mesh/xe.dae
[1.977s] -- Up-to-date: /home/point001/autoware.ai/install/vehicle_description/share/vehicle_description/mesh/milee.dae
[1.978s] -- Up-to-date: /home/point001/autoware.ai/install/vehicle_description/share/vehicle_description/mesh/_51225ex1diffuse.jpeg
[1.978s] -- Up-to-date: /home/point001/autoware.ai/install/vehicle_description/share/vehicle_description/mesh/prius.dae
[1.978s] -- Up-to-date: /home/point001/autoware.ai/install/vehicle_description/share/vehicle_description/mesh/estima_bg_gray.jpg
[1.978s] -- Up-to-date: /home/point001/autoware.ai/install/vehicle_description/share/vehicle_description/mesh/estima_left_gray.jpg
[1.978s] -- Up-to-date: /home/point001/autoware.ai/install/vehicle_description/share/vehicle_description/mesh/estima_gray.dae
[1.978s] -- Up-to-date: /home/point001/autoware.ai/install/vehicle_description/share/vehicle_description/mesh/estima_white.dae
[1.978s] -- Up-to-date: /home/point001/autoware.ai/install/vehicle_description/share/vehicle_description/mesh/estima_right_white.jpg
[1.978s] -- Up-to-date: /home/point001/autoware.ai/install/vehicle_description/share/vehicle_description/mesh/estima_right_gray.jpg
[1.978s] -- Up-to-date: /home/point001/autoware.ai/install/vehicle_description/share/vehicle_description/mesh/lexus.jpg
[1.978s] -- Up-to-date: /home/point001/autoware.ai/install/vehicle_description/share/vehicle_description/mesh/estima_bg_white.jpg
[1.978s] -- Up-to-date: /home/point001/autoware.ai/install/vehicle_description/share/vehicle_description/mesh/lexus.dae
[1.978s] -- Up-to-date: /home/point001/autoware.ai/install/vehicle_description/share/vehicle_description/mesh/estima_bg_black.jpg
[1.979s] -- Up-to-date: /home/point001/autoware.ai/install/vehicle_description/share/vehicle_description/urdf
[1.979s] -- Up-to-date: /home/point001/autoware.ai/install/vehicle_description/share/vehicle_description/urdf/estima_white.urdf
[1.979s] -- Up-to-date: /home/point001/autoware.ai/install/vehicle_description/share/vehicle_description/urdf/estima_gray.urdf
[1.979s] -- Up-to-date: /home/point001/autoware.ai/install/vehicle_description/share/vehicle_description/urdf/default.urdf
[1.979s] -- Up-to-date: /home/point001/autoware.ai/install/vehicle_description/share/vehicle_description/urdf/estima_black.urdf
[1.979s] -- Up-to-date: /home/point001/autoware.ai/install/vehicle_description/share/vehicle_description/urdf/lexus.urdf
[1.979s] -- Up-to-date: /home/point001/autoware.ai/install/vehicle_description/share/vehicle_description/urdf/sim_default.urdf
[1.979s] -- Up-to-date: /home/point001/autoware.ai/install/vehicle_description/share/vehicle_description/urdf/prius.urdf
[1.979s] -- Up-to-date: /home/point001/autoware.ai/install/vehicle_description/share/vehicle_description/urdf/xe.urdf
[1.979s] -- Up-to-date: /home/point001/autoware.ai/install/vehicle_description/share/vehicle_description/urdf/milee.urdf
[2.184s] Invoked command in '/home/point001/autoware.ai/build/vehicle_description' returned '0': /usr/bin/cmake --build /home/point001/autoware.ai/build/vehicle_description --target install -- -j24 -l24
