[0.377s] Invoking command in '/home/point001/autoware.ai/build/autoware_quickstart_examples': /usr/bin/cmake --build /home/point001/autoware.ai/build/autoware_quickstart_examples -- -j24 -l24
[0.482s] Invoked command in '/home/point001/autoware.ai/build/autoware_quickstart_examples' returned '0': /usr/bin/cmake --build /home/point001/autoware.ai/build/autoware_quickstart_examples -- -j24 -l24
[0.695s] Invoking command in '/home/point001/autoware.ai/build/autoware_quickstart_examples': /usr/bin/cmake --build /home/point001/autoware.ai/build/autoware_quickstart_examples --target tests -- -j24 -l24
[0.774s] Built target tests
[0.920s] Invoked command in '/home/point001/autoware.ai/build/autoware_quickstart_examples' returned '0': /usr/bin/cmake --build /home/point001/autoware.ai/build/autoware_quickstart_examples --target tests -- -j24 -l24
[1.188s] Invoking command in '/home/point001/autoware.ai/build/autoware_quickstart_examples': /usr/bin/cmake --build /home/point001/autoware.ai/build/autoware_quickstart_examples --target install -- -j24 -l24
[1.296s] [36mInstall the project...[0m
[1.311s] -- Install configuration: "Release"
[1.311s] -- Up-to-date: /home/point001/autoware.ai/install/autoware_quickstart_examples/lib/pkgconfig/autoware_quickstart_examples.pc
[1.311s] -- Up-to-date: /home/point001/autoware.ai/install/autoware_quickstart_examples/share/autoware_quickstart_examples/cmake/autoware_quickstart_examplesConfig.cmake
[1.311s] -- Up-to-date: /home/point001/autoware.ai/install/autoware_quickstart_examples/share/autoware_quickstart_examples/cmake/autoware_quickstart_examplesConfig-version.cmake
[1.311s] -- Up-to-date: /home/point001/autoware.ai/install/autoware_quickstart_examples/share/autoware_quickstart_examples/package.xml
[1.311s] -- Up-to-date: /home/point001/autoware.ai/install/autoware_quickstart_examples/share/autoware_quickstart_examples/launch
[1.311s] -- Up-to-date: /home/point001/autoware.ai/install/autoware_quickstart_examples/share/autoware_quickstart_examples/launch/rosbag_demo
[1.311s] -- Up-to-date: /home/point001/autoware.ai/install/autoware_quickstart_examples/share/autoware_quickstart_examples/launch/rosbag_demo/my_sensing.launch
[1.311s] -- Up-to-date: /home/point001/autoware.ai/install/autoware_quickstart_examples/share/autoware_quickstart_examples/launch/rosbag_demo/my_motion_planning.launch
[1.312s] -- Up-to-date: /home/point001/autoware.ai/install/autoware_quickstart_examples/share/autoware_quickstart_examples/launch/rosbag_demo/my_detection.launch
[1.312s] -- Up-to-date: /home/point001/autoware.ai/install/autoware_quickstart_examples/share/autoware_quickstart_examples/launch/rosbag_demo/my_localization.launch
[1.312s] -- Up-to-date: /home/point001/autoware.ai/install/autoware_quickstart_examples/share/autoware_quickstart_examples/launch/rosbag_demo/my_map.launch
[1.312s] -- Up-to-date: /home/point001/autoware.ai/install/autoware_quickstart_examples/share/autoware_quickstart_examples/launch/rosbag_demo/my_mission_planning.launch
[1.312s] -- Up-to-date: /home/point001/autoware.ai/install/autoware_quickstart_examples/share/autoware_quickstart_examples/launch/rosbag_demo/default.rviz
[1.312s] -- Up-to-date: /home/point001/autoware.ai/install/autoware_quickstart_examples/share/autoware_quickstart_examples/launch/rosbag_demo/README.md
[1.312s] -- Up-to-date: /home/point001/autoware.ai/install/autoware_quickstart_examples/share/autoware_quickstart_examples/launch/tf_local.launch
[1.343s] Invoked command in '/home/point001/autoware.ai/build/autoware_quickstart_examples' returned '0': /usr/bin/cmake --build /home/point001/autoware.ai/build/autoware_quickstart_examples --target install -- -j24 -l24
