[0.329s] Invoking command in '/home/point001/autoware.ai/build/detected_objects_visualizer': CMAKE_PREFIX_PATH=/home/point001/autoware.ai/install/autoware_msgs:/home/point001/autoware.ai/install/autoware_build_flags:${CMAKE_PREFIX_PATH} PKG_CONFIG_PATH=/home/point001/autoware.ai/install/autoware_msgs/lib/x86_64-linux-gnu/pkgconfig:/home/point001/autoware.ai/install/autoware_msgs/lib/pkgconfig:/home/point001/autoware.ai/install/autoware_build_flags/lib/x86_64-linux-gnu/pkgconfig:/home/point001/autoware.ai/install/autoware_build_flags/lib/pkgconfig:${PKG_CONFIG_PATH} PYTHONPATH=/home/point001/autoware.ai/install/autoware_msgs/lib/python2.7/dist-packages:${PYTHONPATH} ROS_PACKAGE_PATH=/home/point001/autoware.ai/install/autoware_msgs/share:/home/point001/autoware.ai/install/autoware_build_flags/share:${ROS_PACKAGE_PATH} /usr/bin/cmake --build /home/point001/autoware.ai/build/detected_objects_visualizer -- -j24 -l24
[0.439s] [  0%] Built target tf2_msgs_generate_messages_cpp
[0.439s] [  0%] Built target sensor_msgs_generate_messages_eus
[0.439s] [  0%] Built target std_msgs_generate_messages_nodejs
[0.439s] [  0%] Built target rosgraph_msgs_generate_messages_cpp
[0.440s] [  0%] Built target jsk_recognition_msgs_generate_messages_lisp
[0.440s] [  0%] Built target pcl_msgs_generate_messages_eus
[0.440s] [  0%] Built target rosgraph_msgs_generate_messages_eus
[0.440s] [  0%] Built target autoware_msgs_generate_messages_py
[0.440s] [  0%] Built target sensor_msgs_generate_messages_cpp
[0.440s] [  0%] Built target std_msgs_generate_messages_py
[0.440s] [  0%] Built target roscpp_generate_messages_cpp
[0.440s] [  0%] Built target autoware_msgs_generate_messages_cpp
[0.440s] [  0%] Built target geometry_msgs_generate_messages_py
[0.440s] [  0%] Built target jsk_recognition_msgs_generate_messages_eus
[0.449s] [  0%] Built target actionlib_generate_messages_cpp
[0.455s] [  0%] Built target visualization_msgs_generate_messages_py
[0.455s] [  0%] Built target sensor_msgs_generate_messages_nodejs
[0.456s] [  0%] Built target _catkin_empty_exported_target
[0.462s] [  0%] Built target std_msgs_generate_messages_cpp
[0.471s] [  0%] Built target roscpp_generate_messages_nodejs
[0.471s] [  0%] Built target actionlib_msgs_generate_messages_nodejs
[0.477s] [  0%] Built target pcl_msgs_generate_messages_cpp
[0.477s] [  0%] Built target geometry_msgs_generate_messages_lisp
[0.480s] [  0%] Built target autoware_msgs_generate_messages_lisp
[0.486s] [  0%] Built target geometry_msgs_generate_messages_eus
[0.486s] [  0%] Built target tf_generate_messages_py
[0.487s] [  0%] Built target std_msgs_generate_messages_lisp
[0.487s] [  0%] Built target visualization_msgs_generate_messages_lisp
[0.488s] [  0%] Built target jsk_recognition_msgs_generate_messages_cpp
[0.488s] [  0%] Built target std_msgs_generate_messages_eus
[0.488s] [  0%] Built target jsk_footstep_msgs_generate_messages_py
[0.494s] [  0%] Built target geometry_msgs_generate_messages_nodejs
[0.498s] [  0%] Built target visualization_msgs_generate_messages_nodejs
[0.498s] [  0%] Built target autoware_msgs_generate_messages_eus
[0.499s] [  0%] Built target actionlib_msgs_generate_messages_py
[0.500s] [  0%] Built target autoware_msgs_generate_messages_nodejs
[0.504s] [  0%] Built target jsk_footstep_msgs_generate_messages_nodejs
[0.504s] [  0%] Built target jsk_footstep_msgs_generate_messages_lisp
[0.507s] [  0%] Built target roscpp_generate_messages_eus
[0.513s] [  0%] Built target roscpp_generate_messages_py
[0.513s] [  0%] Built target jsk_recognition_msgs_generate_messages_nodejs
[0.513s] [  0%] Built target actionlib_msgs_generate_messages_lisp
[0.513s] [  0%] Built target jsk_footstep_msgs_generate_messages_eus
[0.514s] [  0%] Built target actionlib_msgs_generate_messages_cpp
[0.516s] [  0%] Built target jsk_footstep_msgs_generate_messages_cpp
[0.519s] [  0%] Built target rosgraph_msgs_generate_messages_py
[0.519s] [  0%] Built target roscpp_generate_messages_lisp
[0.519s] [  0%] Built target rosgraph_msgs_generate_messages_lisp
[0.519s] [  0%] Built target tf_generate_messages_eus
[0.519s] [  0%] Built target tf_generate_messages_lisp
[0.520s] [  0%] Built target actionlib_msgs_generate_messages_eus
[0.527s] [  0%] Built target rosgraph_msgs_generate_messages_nodejs
[0.527s] [  0%] Built target pcl_msgs_generate_messages_py
[0.527s] [  0%] Built target geometry_msgs_generate_messages_cpp
[0.527s] [  0%] Built target actionlib_generate_messages_lisp
[0.528s] [  0%] Built target actionlib_generate_messages_eus
[0.534s] [  0%] Built target pcl_msgs_generate_messages_lisp
[0.540s] [  0%] Built target tf2_msgs_generate_messages_py
[0.540s] [  0%] Built target tf2_msgs_generate_messages_lisp
[0.540s] [  0%] Built target actionlib_generate_messages_py
[0.540s] [  0%] Built target tf_generate_messages_cpp
[0.540s] [  0%] Built target actionlib_generate_messages_nodejs
[0.540s] [  0%] Built target visualization_msgs_generate_messages_cpp
[0.540s] [  0%] Built target tf2_msgs_generate_messages_nodejs
[0.542s] [  0%] Built target sensor_msgs_generate_messages_lisp
[0.542s] [  0%] Built target tf_generate_messages_nodejs
[0.543s] [  0%] Built target tf2_msgs_generate_messages_eus
[0.543s] [  0%] Built target visualization_msgs_generate_messages_eus
[0.545s] [  0%] Built target sensor_msgs_generate_messages_py
[0.548s] [  0%] Built target jsk_recognition_msgs_generate_messages_py
[0.548s] [  0%] Built target pcl_msgs_generate_messages_nodejs
[0.571s] [ 50%] Built target visualize_detected_objects
[0.574s] [100%] Built target visualize_rects
[0.686s] Invoked command in '/home/point001/autoware.ai/build/detected_objects_visualizer' returned '0': CMAKE_PREFIX_PATH=/home/point001/autoware.ai/install/autoware_msgs:/home/point001/autoware.ai/install/autoware_build_flags:${CMAKE_PREFIX_PATH} PKG_CONFIG_PATH=/home/point001/autoware.ai/install/autoware_msgs/lib/x86_64-linux-gnu/pkgconfig:/home/point001/autoware.ai/install/autoware_msgs/lib/pkgconfig:/home/point001/autoware.ai/install/autoware_build_flags/lib/x86_64-linux-gnu/pkgconfig:/home/point001/autoware.ai/install/autoware_build_flags/lib/pkgconfig:${PKG_CONFIG_PATH} PYTHONPATH=/home/point001/autoware.ai/install/autoware_msgs/lib/python2.7/dist-packages:${PYTHONPATH} ROS_PACKAGE_PATH=/home/point001/autoware.ai/install/autoware_msgs/share:/home/point001/autoware.ai/install/autoware_build_flags/share:${ROS_PACKAGE_PATH} /usr/bin/cmake --build /home/point001/autoware.ai/build/detected_objects_visualizer -- -j24 -l24
[0.993s] Invoking command in '/home/point001/autoware.ai/build/detected_objects_visualizer': CMAKE_PREFIX_PATH=/home/point001/autoware.ai/install/autoware_msgs:/home/point001/autoware.ai/install/autoware_build_flags:${CMAKE_PREFIX_PATH} PKG_CONFIG_PATH=/home/point001/autoware.ai/install/autoware_msgs/lib/x86_64-linux-gnu/pkgconfig:/home/point001/autoware.ai/install/autoware_msgs/lib/pkgconfig:/home/point001/autoware.ai/install/autoware_build_flags/lib/x86_64-linux-gnu/pkgconfig:/home/point001/autoware.ai/install/autoware_build_flags/lib/pkgconfig:${PKG_CONFIG_PATH} PYTHONPATH=/home/point001/autoware.ai/install/autoware_msgs/lib/python2.7/dist-packages:${PYTHONPATH} ROS_PACKAGE_PATH=/home/point001/autoware.ai/install/autoware_msgs/share:/home/point001/autoware.ai/install/autoware_build_flags/share:${ROS_PACKAGE_PATH} /usr/bin/cmake --build /home/point001/autoware.ai/build/detected_objects_visualizer --target tests -- -j24 -l24
[1.130s] Built target tests
[1.245s] Invoked command in '/home/point001/autoware.ai/build/detected_objects_visualizer' returned '0': CMAKE_PREFIX_PATH=/home/point001/autoware.ai/install/autoware_msgs:/home/point001/autoware.ai/install/autoware_build_flags:${CMAKE_PREFIX_PATH} PKG_CONFIG_PATH=/home/point001/autoware.ai/install/autoware_msgs/lib/x86_64-linux-gnu/pkgconfig:/home/point001/autoware.ai/install/autoware_msgs/lib/pkgconfig:/home/point001/autoware.ai/install/autoware_build_flags/lib/x86_64-linux-gnu/pkgconfig:/home/point001/autoware.ai/install/autoware_build_flags/lib/pkgconfig:${PKG_CONFIG_PATH} PYTHONPATH=/home/point001/autoware.ai/install/autoware_msgs/lib/python2.7/dist-packages:${PYTHONPATH} ROS_PACKAGE_PATH=/home/point001/autoware.ai/install/autoware_msgs/share:/home/point001/autoware.ai/install/autoware_build_flags/share:${ROS_PACKAGE_PATH} /usr/bin/cmake --build /home/point001/autoware.ai/build/detected_objects_visualizer --target tests -- -j24 -l24
[1.854s] Invoking command in '/home/point001/autoware.ai/build/detected_objects_visualizer': CMAKE_PREFIX_PATH=/home/point001/autoware.ai/install/autoware_msgs:/home/point001/autoware.ai/install/autoware_build_flags:${CMAKE_PREFIX_PATH} PKG_CONFIG_PATH=/home/point001/autoware.ai/install/autoware_msgs/lib/x86_64-linux-gnu/pkgconfig:/home/point001/autoware.ai/install/autoware_msgs/lib/pkgconfig:/home/point001/autoware.ai/install/autoware_build_flags/lib/x86_64-linux-gnu/pkgconfig:/home/point001/autoware.ai/install/autoware_build_flags/lib/pkgconfig:${PKG_CONFIG_PATH} PYTHONPATH=/home/point001/autoware.ai/install/autoware_msgs/lib/python2.7/dist-packages:${PYTHONPATH} ROS_PACKAGE_PATH=/home/point001/autoware.ai/install/autoware_msgs/share:/home/point001/autoware.ai/install/autoware_build_flags/share:${ROS_PACKAGE_PATH} /usr/bin/cmake --build /home/point001/autoware.ai/build/detected_objects_visualizer --target install -- -j24 -l24
[1.902s] [  0%] Built target visualization_msgs_generate_messages_py
[1.902s] [  0%] Built target sensor_msgs_generate_messages_nodejs
[1.903s] [  0%] Built target geometry_msgs_generate_messages_py
[1.903s] [  0%] Built target roscpp_generate_messages_cpp
[1.903s] [  0%] Built target jsk_recognition_msgs_generate_messages_eus
[1.903s] [  0%] Built target pcl_msgs_generate_messages_eus
[1.908s] [  0%] Built target autoware_msgs_generate_messages_cpp
[1.909s] [  0%] Built target std_msgs_generate_messages_nodejs
[1.909s] [  0%] Built target std_msgs_generate_messages_py
[1.909s] [  0%] Built target _catkin_empty_exported_target
[1.909s] [  0%] Built target actionlib_generate_messages_cpp
[1.909s] [  0%] Built target autoware_msgs_generate_messages_py
[1.909s] [  0%] Built target sensor_msgs_generate_messages_eus
[1.909s] [  0%] Built target tf2_msgs_generate_messages_cpp
[1.909s] [  0%] Built target rosgraph_msgs_generate_messages_cpp
[1.909s] [  0%] Built target sensor_msgs_generate_messages_cpp
[1.911s] [  0%] Built target jsk_recognition_msgs_generate_messages_lisp
[1.911s] [  0%] Built target rosgraph_msgs_generate_messages_eus
[1.926s] [  0%] Built target roscpp_generate_messages_nodejs
[1.926s] [  0%] Built target actionlib_msgs_generate_messages_nodejs
[1.926s] [  0%] Built target geometry_msgs_generate_messages_eus
[1.927s] [  0%] Built target std_msgs_generate_messages_cpp
[1.927s] [  0%] Built target geometry_msgs_generate_messages_lisp
[1.927s] [  0%] Built target tf_generate_messages_py
[1.927s] [  0%] Built target std_msgs_generate_messages_lisp
[1.927s] [  0%] Built target sensor_msgs_generate_messages_lisp
[1.928s] [  0%] Built target geometry_msgs_generate_messages_nodejs
[1.929s] [  0%] Built target visualization_msgs_generate_messages_nodejs
[1.935s] [  0%] Built target autoware_msgs_generate_messages_lisp
[1.935s] [  0%] Built target jsk_footstep_msgs_generate_messages_py
[1.935s] [  0%] Built target sensor_msgs_generate_messages_py
[1.935s] [  0%] Built target visualization_msgs_generate_messages_lisp
[1.935s] [  0%] Built target autoware_msgs_generate_messages_eus
[1.935s] [  0%] Built target autoware_msgs_generate_messages_nodejs
[1.936s] [  0%] Built target jsk_footstep_msgs_generate_messages_eus
[1.936s] [  0%] Built target actionlib_msgs_generate_messages_py
[1.949s] [  0%] Built target jsk_recognition_msgs_generate_messages_cpp
[1.949s] [  0%] Built target jsk_recognition_msgs_generate_messages_py
[1.951s] [  0%] Built target rosgraph_msgs_generate_messages_nodejs
[1.951s] [  0%] Built target std_msgs_generate_messages_eus
[1.951s] [  0%] Built target jsk_footstep_msgs_generate_messages_nodejs
[1.952s] [  0%] Built target jsk_footstep_msgs_generate_messages_lisp
[1.956s] [  0%] Built target pcl_msgs_generate_messages_cpp
[1.956s] [  0%] Built target actionlib_msgs_generate_messages_lisp
[1.956s] [  0%] Built target roscpp_generate_messages_eus
[1.956s] [  0%] Built target actionlib_msgs_generate_messages_cpp
[1.957s] [  0%] Built target actionlib_msgs_generate_messages_eus
[1.957s] [  0%] Built target tf_generate_messages_eus
[1.957s] [  0%] Built target jsk_footstep_msgs_generate_messages_cpp
[1.960s] [  0%] Built target tf_generate_messages_lisp
[1.961s] [  0%] Built target tf_generate_messages_nodejs
[1.961s] [  0%] Built target rosgraph_msgs_generate_messages_py
[1.961s] [  0%] Built target pcl_msgs_generate_messages_py
[1.961s] [  0%] Built target rosgraph_msgs_generate_messages_lisp
[1.972s] [  0%] Built target actionlib_generate_messages_eus
[1.974s] [  0%] Built target actionlib_generate_messages_lisp
[1.974s] [  0%] Built target tf2_msgs_generate_messages_py
[1.974s] [  0%] Built target actionlib_generate_messages_py
[1.975s] [  0%] Built target pcl_msgs_generate_messages_lisp
[1.975s] [  0%] Built target tf2_msgs_generate_messages_lisp
[1.976s] [  0%] Built target geometry_msgs_generate_messages_cpp
[1.978s] [  0%] Built target roscpp_generate_messages_py
[1.978s] [  0%] Built target visualization_msgs_generate_messages_cpp
[1.978s] [  0%] Built target visualization_msgs_generate_messages_eus
[1.980s] [  0%] Built target roscpp_generate_messages_lisp
[1.982s] [  0%] Built target pcl_msgs_generate_messages_nodejs
[1.983s] [  0%] Built target tf2_msgs_generate_messages_eus
[1.983s] [  0%] Built target tf_generate_messages_cpp
[1.983s] [  0%] Built target tf2_msgs_generate_messages_nodejs
[1.983s] [  0%] Built target actionlib_generate_messages_nodejs
[1.983s] [  0%] Built target jsk_recognition_msgs_generate_messages_nodejs
[2.004s] [ 50%] Built target visualize_detected_objects
[2.011s] [100%] Built target visualize_rects
[2.025s] [36mInstall the project...[0m
[2.030s] -- Install configuration: "Release"
[2.030s] -- Up-to-date: /home/point001/autoware.ai/install/detected_objects_visualizer/lib/pkgconfig/detected_objects_visualizer.pc
[2.031s] -- Up-to-date: /home/point001/autoware.ai/install/detected_objects_visualizer/share/detected_objects_visualizer/cmake/detected_objects_visualizerConfig.cmake
[2.031s] -- Up-to-date: /home/point001/autoware.ai/install/detected_objects_visualizer/share/detected_objects_visualizer/cmake/detected_objects_visualizerConfig-version.cmake
[2.031s] -- Up-to-date: /home/point001/autoware.ai/install/detected_objects_visualizer/share/detected_objects_visualizer/package.xml
[2.031s] -- Up-to-date: /home/point001/autoware.ai/install/detected_objects_visualizer/lib/detected_objects_visualizer/visualize_detected_objects
[2.031s] -- Up-to-date: /home/point001/autoware.ai/install/detected_objects_visualizer/lib/detected_objects_visualizer/visualize_rects
[2.031s] -- Up-to-date: /home/point001/autoware.ai/install/detected_objects_visualizer/share/detected_objects_visualizer/models
[2.031s] -- Up-to-date: /home/point001/autoware.ai/install/detected_objects_visualizer/share/detected_objects_visualizer/models/bike.dae
[2.031s] -- Up-to-date: /home/point001/autoware.ai/install/detected_objects_visualizer/share/detected_objects_visualizer/models/person.dae
[2.031s] -- Up-to-date: /home/point001/autoware.ai/install/detected_objects_visualizer/share/detected_objects_visualizer/models/box.dae
[2.031s] -- Up-to-date: /home/point001/autoware.ai/install/detected_objects_visualizer/share/detected_objects_visualizer/models/car.dae
[2.031s] -- Up-to-date: /home/point001/autoware.ai/install/detected_objects_visualizer/share/detected_objects_visualizer/models/truck.dae
[2.031s] -- Up-to-date: /home/point001/autoware.ai/install/detected_objects_visualizer/share/detected_objects_visualizer/models/bus.dae
[2.145s] Invoked command in '/home/point001/autoware.ai/build/detected_objects_visualizer' returned '0': CMAKE_PREFIX_PATH=/home/point001/autoware.ai/install/autoware_msgs:/home/point001/autoware.ai/install/autoware_build_flags:${CMAKE_PREFIX_PATH} PKG_CONFIG_PATH=/home/point001/autoware.ai/install/autoware_msgs/lib/x86_64-linux-gnu/pkgconfig:/home/point001/autoware.ai/install/autoware_msgs/lib/pkgconfig:/home/point001/autoware.ai/install/autoware_build_flags/lib/x86_64-linux-gnu/pkgconfig:/home/point001/autoware.ai/install/autoware_build_flags/lib/pkgconfig:${PKG_CONFIG_PATH} PYTHONPATH=/home/point001/autoware.ai/install/autoware_msgs/lib/python2.7/dist-packages:${PYTHONPATH} ROS_PACKAGE_PATH=/home/point001/autoware.ai/install/autoware_msgs/share:/home/point001/autoware.ai/install/autoware_build_flags/share:${ROS_PACKAGE_PATH} /usr/bin/cmake --build /home/point001/autoware.ai/build/detected_objects_visualizer --target install -- -j24 -l24
