[0.362s] Invoking command in '/home/point001/autoware.ai/build/sound_player': /usr/bin/cmake --build /home/point001/autoware.ai/build/sound_player -- -j24 -l24
[0.584s] Invoked command in '/home/point001/autoware.ai/build/sound_player' returned '0': /usr/bin/cmake --build /home/point001/autoware.ai/build/sound_player -- -j24 -l24
[0.955s] Invoking command in '/home/point001/autoware.ai/build/sound_player': /usr/bin/cmake --build /home/point001/autoware.ai/build/sound_player --target tests -- -j24 -l24
[1.228s] Built target tests
[1.337s] Invoked command in '/home/point001/autoware.ai/build/sound_player' returned '0': /usr/bin/cmake --build /home/point001/autoware.ai/build/sound_player --target tests -- -j24 -l24
[1.833s] Invoking command in '/home/point001/autoware.ai/build/sound_player': /usr/bin/cmake --build /home/point001/autoware.ai/build/sound_player --target install -- -j24 -l24
[1.943s] [36mInstall the project...[0m
[1.959s] -- Install configuration: "Release"
[1.959s] -- Up-to-date: /home/point001/autoware.ai/install/sound_player/lib/pkgconfig/sound_player.pc
[1.960s] -- Up-to-date: /home/point001/autoware.ai/install/sound_player/share/sound_player/cmake/sound_playerConfig.cmake
[1.960s] -- Up-to-date: /home/point001/autoware.ai/install/sound_player/share/sound_player/cmake/sound_playerConfig-version.cmake
[1.960s] -- Up-to-date: /home/point001/autoware.ai/install/sound_player/share/sound_player/package.xml
[1.960s] -- Up-to-date: /home/point001/autoware.ai/install/sound_player/lib/sound_player/sound_player.py
[1.960s] -- Up-to-date: /home/point001/autoware.ai/install/sound_player/lib/sound_player/sound_player.yaml
[1.960s] -- Up-to-date: /home/point001/autoware.ai/install/sound_player/share/sound_player
[1.960s] -- Up-to-date: /home/point001/autoware.ai/install/sound_player/share/sound_player/pede.wav
[1.960s] -- Up-to-date: /home/point001/autoware.ai/install/sound_player/share/sound_player/red.wav
[1.960s] -- Up-to-date: /home/point001/autoware.ai/install/sound_player/share/sound_player/start.wav
[1.960s] -- Up-to-date: /home/point001/autoware.ai/install/sound_player/share/sound_player/beep1.wav
[1.961s] -- Up-to-date: /home/point001/autoware.ai/install/sound_player/share/sound_player/beep4.wav
[1.963s] -- Up-to-date: /home/point001/autoware.ai/install/sound_player/share/sound_player/return_normal.wav
[1.964s] -- Up-to-date: /home/point001/autoware.ai/install/sound_player/share/sound_player/green.wav
[1.964s] -- Up-to-date: /home/point001/autoware.ai/install/sound_player/share/sound_player/beep2.wav
[1.964s] -- Up-to-date: /home/point001/autoware.ai/install/sound_player/share/sound_player/ndt_warning.wav
[1.964s] -- Up-to-date: /home/point001/autoware.ai/install/sound_player/share/sound_player/deceleration.wav
[1.964s] -- Up-to-date: /home/point001/autoware.ai/install/sound_player/share/sound_player/stop.wav
[1.964s] -- Up-to-date: /home/point001/autoware.ai/install/sound_player/share/sound_player/beep3.wav
[2.098s] Invoked command in '/home/point001/autoware.ai/build/sound_player' returned '0': /usr/bin/cmake --build /home/point001/autoware.ai/build/sound_player --target install -- -j24 -l24
