[0.343s] Invoking command in '/home/point001/autoware.ai/build/twist2odom': /usr/bin/cmake --build /home/point001/autoware.ai/build/twist2odom -- -j24 -l24
[0.407s] [  0%] Built target roscpp_generate_messages_lisp
[0.415s] [  0%] Built target std_msgs_generate_messages_cpp
[0.415s] [  0%] Built target geometry_msgs_generate_messages_cpp
[0.416s] [  0%] Built target geometry_msgs_generate_messages_py
[0.416s] [  0%] Built target nav_msgs_generate_messages_eus
[0.418s] [  0%] Built target geometry_msgs_generate_messages_nodejs
[0.418s] [  0%] Built target std_msgs_generate_messages_py
[0.418s] [  0%] Built target rosgraph_msgs_generate_messages_lisp
[0.425s] [  0%] Built target roscpp_generate_messages_cpp
[0.425s] [  0%] Built target std_msgs_generate_messages_lisp
[0.425s] [  0%] Built target rosgraph_msgs_generate_messages_nodejs
[0.425s] [  0%] Built target nav_msgs_generate_messages_nodejs
[0.425s] [  0%] Built target nav_msgs_generate_messages_lisp
[0.425s] [  0%] Built target roscpp_generate_messages_py
[0.425s] [  0%] Built target rosgraph_msgs_generate_messages_py
[0.426s] [  0%] Built target nav_msgs_generate_messages_py
[0.427s] [  0%] Built target std_msgs_generate_messages_nodejs
[0.428s] [  0%] Built target geometry_msgs_generate_messages_lisp
[0.429s] [  0%] Built target actionlib_msgs_generate_messages_cpp
[0.429s] [  0%] Built target actionlib_msgs_generate_messages_nodejs
[0.435s] [  0%] Built target nav_msgs_generate_messages_cpp
[0.435s] [  0%] Built target std_msgs_generate_messages_eus
[0.435s] [  0%] Built target actionlib_msgs_generate_messages_eus
[0.436s] [  0%] Built target rosgraph_msgs_generate_messages_eus
[0.444s] [  0%] Built target actionlib_msgs_generate_messages_lisp
[0.444s] [  0%] Built target actionlib_msgs_generate_messages_py
[0.444s] [  0%] Built target roscpp_generate_messages_nodejs
[0.449s] [  0%] Built target geometry_msgs_generate_messages_eus
[0.453s] [  0%] Built target rosgraph_msgs_generate_messages_cpp
[0.456s] [  0%] Built target roscpp_generate_messages_eus
[0.486s] [100%] Built target twist2odom
[0.595s] Invoked command in '/home/point001/autoware.ai/build/twist2odom' returned '0': /usr/bin/cmake --build /home/point001/autoware.ai/build/twist2odom -- -j24 -l24
[0.858s] Invoking command in '/home/point001/autoware.ai/build/twist2odom': /usr/bin/cmake --build /home/point001/autoware.ai/build/twist2odom --target tests -- -j24 -l24
[1.128s] [ 40%] Built target gtest
[1.274s] [100%] Built target twist2odom_test
[1.352s] [100%] Built target tests
[1.372s] Invoked command in '/home/point001/autoware.ai/build/twist2odom' returned '0': /usr/bin/cmake --build /home/point001/autoware.ai/build/twist2odom --target tests -- -j24 -l24
[1.594s] Invoking command in '/home/point001/autoware.ai/build/twist2odom': /usr/bin/cmake --build /home/point001/autoware.ai/build/twist2odom --target install -- -j24 -l24
[1.805s] [  0%] Built target rosgraph_msgs_generate_messages_lisp
[1.811s] [  0%] Built target roscpp_generate_messages_cpp
[1.824s] [  0%] Built target roscpp_generate_messages_py
[1.826s] [  0%] Built target geometry_msgs_generate_messages_nodejs
[1.827s] [  0%] Built target actionlib_msgs_generate_messages_eus
[1.831s] [  0%] Built target std_msgs_generate_messages_lisp
[1.832s] [  0%] Built target nav_msgs_generate_messages_cpp
[1.839s] [  0%] Built target roscpp_generate_messages_lisp
[1.840s] [  0%] Built target nav_msgs_generate_messages_lisp
[1.840s] [  0%] Built target rosgraph_msgs_generate_messages_py
[1.847s] [  0%] Built target geometry_msgs_generate_messages_cpp
[1.847s] [  0%] Built target std_msgs_generate_messages_eus
[1.850s] [  0%] Built target nav_msgs_generate_messages_py
[1.859s] [  0%] Built target rosgraph_msgs_generate_messages_nodejs
[1.871s] [  0%] Built target std_msgs_generate_messages_cpp
[1.871s] [  0%] Built target rosgraph_msgs_generate_messages_eus
[1.871s] [  0%] Built target nav_msgs_generate_messages_eus
[1.871s] [  0%] Built target geometry_msgs_generate_messages_lisp
[1.876s] [  0%] Built target actionlib_msgs_generate_messages_nodejs
[1.879s] [  0%] Built target std_msgs_generate_messages_py
[1.880s] [  0%] Built target nav_msgs_generate_messages_nodejs
[1.884s] [  0%] Built target geometry_msgs_generate_messages_py
[1.889s] [  0%] Built target actionlib_msgs_generate_messages_cpp
[1.893s] [  0%] Built target actionlib_msgs_generate_messages_py
[1.897s] [  0%] Built target geometry_msgs_generate_messages_eus
[1.909s] [  0%] Built target actionlib_msgs_generate_messages_lisp
[1.912s] [  0%] Built target roscpp_generate_messages_nodejs
[1.912s] [  0%] Built target std_msgs_generate_messages_nodejs
[1.920s] [  0%] Built target roscpp_generate_messages_eus
[1.940s] [  0%] Built target rosgraph_msgs_generate_messages_cpp
[1.999s] [100%] Built target twist2odom
[2.081s] [36mInstall the project...[0m
[2.097s] -- Install configuration: "Release"
[2.097s] -- Up-to-date: /home/point001/autoware.ai/install/twist2odom/lib/pkgconfig/twist2odom.pc
[2.097s] -- Up-to-date: /home/point001/autoware.ai/install/twist2odom/share/twist2odom/cmake/twist2odomConfig.cmake
[2.098s] -- Up-to-date: /home/point001/autoware.ai/install/twist2odom/share/twist2odom/cmake/twist2odomConfig-version.cmake
[2.098s] -- Up-to-date: /home/point001/autoware.ai/install/twist2odom/share/twist2odom/package.xml
[2.098s] -- Up-to-date: /home/point001/autoware.ai/install/twist2odom/lib/twist2odom/twist2odom
[2.134s] Invoked command in '/home/point001/autoware.ai/build/twist2odom' returned '0': /usr/bin/cmake --build /home/point001/autoware.ai/build/twist2odom --target install -- -j24 -l24
