[0.473s] Invoking command in '/home/point001/autoware.ai/build/autoware_quickstart_examples': /usr/bin/cmake --build /home/point001/autoware.ai/build/autoware_quickstart_examples -- -j24 -l24
[1.067s] Invoked command in '/home/point001/autoware.ai/build/autoware_quickstart_examples' returned '0': /usr/bin/cmake --build /home/point001/autoware.ai/build/autoware_quickstart_examples -- -j24 -l24
[1.293s] Invoking command in '/home/point001/autoware.ai/build/autoware_quickstart_examples': /usr/bin/cmake --build /home/point001/autoware.ai/build/autoware_quickstart_examples --target tests -- -j24 -l24
[1.426s] Built target tests
[1.617s] Invoked command in '/home/point001/autoware.ai/build/autoware_quickstart_examples' returned '0': /usr/bin/cmake --build /home/point001/autoware.ai/build/autoware_quickstart_examples --target tests -- -j24 -l24
[1.883s] Invoking command in '/home/point001/autoware.ai/build/autoware_quickstart_examples': /usr/bin/cmake --build /home/point001/autoware.ai/build/autoware_quickstart_examples --target install -- -j24 -l24
[2.061s] [36mInstall the project...[0m
[2.105s] -- Install configuration: "Release"
[2.105s] -- Up-to-date: /home/point001/autoware.ai/install/autoware_quickstart_examples/lib/pkgconfig/autoware_quickstart_examples.pc
[2.105s] -- Up-to-date: /home/point001/autoware.ai/install/autoware_quickstart_examples/share/autoware_quickstart_examples/cmake/autoware_quickstart_examplesConfig.cmake
[2.105s] -- Up-to-date: /home/point001/autoware.ai/install/autoware_quickstart_examples/share/autoware_quickstart_examples/cmake/autoware_quickstart_examplesConfig-version.cmake
[2.105s] -- Up-to-date: /home/point001/autoware.ai/install/autoware_quickstart_examples/share/autoware_quickstart_examples/package.xml
[2.106s] -- Up-to-date: /home/point001/autoware.ai/install/autoware_quickstart_examples/share/autoware_quickstart_examples/launch
[2.106s] -- Up-to-date: /home/point001/autoware.ai/install/autoware_quickstart_examples/share/autoware_quickstart_examples/launch/rosbag_demo
[2.106s] -- Up-to-date: /home/point001/autoware.ai/install/autoware_quickstart_examples/share/autoware_quickstart_examples/launch/rosbag_demo/my_sensing.launch
[2.106s] -- Up-to-date: /home/point001/autoware.ai/install/autoware_quickstart_examples/share/autoware_quickstart_examples/launch/rosbag_demo/my_motion_planning.launch
[2.107s] -- Up-to-date: /home/point001/autoware.ai/install/autoware_quickstart_examples/share/autoware_quickstart_examples/launch/rosbag_demo/my_detection.launch
[2.107s] -- Up-to-date: /home/point001/autoware.ai/install/autoware_quickstart_examples/share/autoware_quickstart_examples/launch/rosbag_demo/my_localization.launch
[2.107s] -- Up-to-date: /home/point001/autoware.ai/install/autoware_quickstart_examples/share/autoware_quickstart_examples/launch/rosbag_demo/my_map.launch
[2.107s] -- Up-to-date: /home/point001/autoware.ai/install/autoware_quickstart_examples/share/autoware_quickstart_examples/launch/rosbag_demo/my_mission_planning.launch
[2.107s] -- Up-to-date: /home/point001/autoware.ai/install/autoware_quickstart_examples/share/autoware_quickstart_examples/launch/rosbag_demo/default.rviz
[2.107s] -- Up-to-date: /home/point001/autoware.ai/install/autoware_quickstart_examples/share/autoware_quickstart_examples/launch/rosbag_demo/README.md
[2.107s] -- Up-to-date: /home/point001/autoware.ai/install/autoware_quickstart_examples/share/autoware_quickstart_examples/launch/tf_local.launch
[2.135s] Invoked command in '/home/point001/autoware.ai/build/autoware_quickstart_examples' returned '0': /usr/bin/cmake --build /home/point001/autoware.ai/build/autoware_quickstart_examples --target install -- -j24 -l24
