[0.107s] Invoking command in '/home/point001/autoware.ai/build/ds4_msgs': /usr/bin/cmake --build /home/point001/autoware.ai/build/ds4_msgs -- -j24 -l24
[0.597s] [  0%] Built target std_msgs_generate_messages_py
[0.597s] [  0%] Built target std_msgs_generate_messages_cpp
[0.597s] [  0%] Built target std_msgs_generate_messages_eus
[0.597s] [  0%] Built target std_msgs_generate_messages_nodejs
[0.597s] [  0%] Built target std_msgs_generate_messages_lisp
[0.598s] [  0%] Built target _ds4_msgs_generate_messages_check_deps_DS4
[0.598s] [ 14%] Built target ds4_msgs_generate_messages_cpp
[0.598s] [ 42%] Built target ds4_msgs_generate_messages_py
[0.598s] [ 57%] Built target ds4_msgs_generate_messages_lisp
[0.600s] [ 71%] Built target ds4_msgs_generate_messages_nodejs
[0.602s] [100%] Built target ds4_msgs_generate_messages_eus
[0.641s] [100%] Built target ds4_msgs_generate_messages
[0.718s] Invoked command in '/home/point001/autoware.ai/build/ds4_msgs' returned '0': /usr/bin/cmake --build /home/point001/autoware.ai/build/ds4_msgs -- -j24 -l24
[0.836s] Invoking command in '/home/point001/autoware.ai/build/ds4_msgs': /usr/bin/cmake --build /home/point001/autoware.ai/build/ds4_msgs --target tests -- -j24 -l24
[0.901s] Built target tests
[0.945s] Invoked command in '/home/point001/autoware.ai/build/ds4_msgs' returned '0': /usr/bin/cmake --build /home/point001/autoware.ai/build/ds4_msgs --target tests -- -j24 -l24
[1.083s] Invoking command in '/home/point001/autoware.ai/build/ds4_msgs': /usr/bin/cmake --build /home/point001/autoware.ai/build/ds4_msgs --target install -- -j24 -l24
[1.183s] [  0%] Built target std_msgs_generate_messages_lisp
[1.188s] [  0%] Built target std_msgs_generate_messages_cpp
[1.193s] [  0%] Built target std_msgs_generate_messages_eus
[1.200s] [  0%] Built target std_msgs_generate_messages_nodejs
[1.212s] [  0%] Built target std_msgs_generate_messages_py
[1.245s] [  0%] Built target _ds4_msgs_generate_messages_check_deps_DS4
[1.299s] [ 14%] Built target ds4_msgs_generate_messages_cpp
[1.307s] [ 28%] Built target ds4_msgs_generate_messages_nodejs
[1.320s] [ 57%] Built target ds4_msgs_generate_messages_py
[1.320s] [ 71%] Built target ds4_msgs_generate_messages_lisp
[1.334s] [100%] Built target ds4_msgs_generate_messages_eus
[1.368s] [100%] Built target ds4_msgs_generate_messages
[1.407s] [36mInstall the project...[0m
[1.420s] -- Install configuration: "Release"
[1.421s] -- Up-to-date: /home/point001/autoware.ai/install/ds4_msgs/share/ds4_msgs/msg/DS4.msg
[1.421s] -- Up-to-date: /home/point001/autoware.ai/install/ds4_msgs/share/ds4_msgs/cmake/ds4_msgs-msg-paths.cmake
[1.421s] -- Up-to-date: /home/point001/autoware.ai/install/ds4_msgs/include/ds4_msgs
[1.421s] -- Up-to-date: /home/point001/autoware.ai/install/ds4_msgs/include/ds4_msgs/DS4.h
[1.421s] -- Up-to-date: /home/point001/autoware.ai/install/ds4_msgs/share/roseus/ros/ds4_msgs
[1.421s] -- Up-to-date: /home/point001/autoware.ai/install/ds4_msgs/share/roseus/ros/ds4_msgs/manifest.l
[1.421s] -- Up-to-date: /home/point001/autoware.ai/install/ds4_msgs/share/roseus/ros/ds4_msgs/msg
[1.425s] -- Up-to-date: /home/point001/autoware.ai/install/ds4_msgs/share/roseus/ros/ds4_msgs/msg/DS4.l
[1.426s] -- Up-to-date: /home/point001/autoware.ai/install/ds4_msgs/share/common-lisp/ros/ds4_msgs
[1.426s] -- Up-to-date: /home/point001/autoware.ai/install/ds4_msgs/share/common-lisp/ros/ds4_msgs/msg
[1.426s] -- Up-to-date: /home/point001/autoware.ai/install/ds4_msgs/share/common-lisp/ros/ds4_msgs/msg/_package_DS4.lisp
[1.426s] -- Up-to-date: /home/point001/autoware.ai/install/ds4_msgs/share/common-lisp/ros/ds4_msgs/msg/_package.lisp
[1.426s] -- Up-to-date: /home/point001/autoware.ai/install/ds4_msgs/share/common-lisp/ros/ds4_msgs/msg/DS4.lisp
[1.426s] -- Up-to-date: /home/point001/autoware.ai/install/ds4_msgs/share/common-lisp/ros/ds4_msgs/msg/ds4_msgs-msg.asd
[1.426s] -- Up-to-date: /home/point001/autoware.ai/install/ds4_msgs/share/gennodejs/ros/ds4_msgs
[1.426s] -- Up-to-date: /home/point001/autoware.ai/install/ds4_msgs/share/gennodejs/ros/ds4_msgs/_index.js
[1.426s] -- Up-to-date: /home/point001/autoware.ai/install/ds4_msgs/share/gennodejs/ros/ds4_msgs/msg
[1.426s] -- Up-to-date: /home/point001/autoware.ai/install/ds4_msgs/share/gennodejs/ros/ds4_msgs/msg/_index.js
[1.426s] -- Up-to-date: /home/point001/autoware.ai/install/ds4_msgs/share/gennodejs/ros/ds4_msgs/msg/DS4.js
[1.444s] Listing /home/point001/autoware.ai/build/ds4_msgs/devel/lib/python2.7/dist-packages/ds4_msgs ...
[1.444s] Listing /home/point001/autoware.ai/build/ds4_msgs/devel/lib/python2.7/dist-packages/ds4_msgs/msg ...
[1.444s] -- Up-to-date: /home/point001/autoware.ai/install/ds4_msgs/lib/python2.7/dist-packages/ds4_msgs
[1.444s] -- Up-to-date: /home/point001/autoware.ai/install/ds4_msgs/lib/python2.7/dist-packages/ds4_msgs/msg
[1.444s] -- Up-to-date: /home/point001/autoware.ai/install/ds4_msgs/lib/python2.7/dist-packages/ds4_msgs/msg/_DS4.pyc
[1.446s] -- Up-to-date: /home/point001/autoware.ai/install/ds4_msgs/lib/python2.7/dist-packages/ds4_msgs/msg/__init__.py
[1.446s] -- Up-to-date: /home/point001/autoware.ai/install/ds4_msgs/lib/python2.7/dist-packages/ds4_msgs/msg/__init__.pyc
[1.446s] -- Up-to-date: /home/point001/autoware.ai/install/ds4_msgs/lib/python2.7/dist-packages/ds4_msgs/msg/_DS4.py
[1.446s] -- Up-to-date: /home/point001/autoware.ai/install/ds4_msgs/lib/python2.7/dist-packages/ds4_msgs/__init__.py
[1.448s] -- Up-to-date: /home/point001/autoware.ai/install/ds4_msgs/lib/python2.7/dist-packages/ds4_msgs/__init__.pyc
[1.448s] -- Up-to-date: /home/point001/autoware.ai/install/ds4_msgs/lib/pkgconfig/ds4_msgs.pc
[1.448s] -- Up-to-date: /home/point001/autoware.ai/install/ds4_msgs/share/ds4_msgs/cmake/ds4_msgs-msg-extras.cmake
[1.448s] -- Up-to-date: /home/point001/autoware.ai/install/ds4_msgs/share/ds4_msgs/cmake/ds4_msgsConfig.cmake
[1.448s] -- Up-to-date: /home/point001/autoware.ai/install/ds4_msgs/share/ds4_msgs/cmake/ds4_msgsConfig-version.cmake
[1.450s] -- Up-to-date: /home/point001/autoware.ai/install/ds4_msgs/share/ds4_msgs/package.xml
[1.665s] Invoked command in '/home/point001/autoware.ai/build/ds4_msgs' returned '0': /usr/bin/cmake --build /home/point001/autoware.ai/build/ds4_msgs --target install -- -j24 -l24
