[0.258s] Invoking command in '/home/point001/autoware.ai/build/amathutils_lib': CMAKE_PREFIX_PATH=/home/point001/autoware.ai/install/autoware_msgs:/home/point001/autoware.ai/install/autoware_build_flags:${CMAKE_PREFIX_PATH} PKG_CONFIG_PATH=/home/point001/autoware.ai/install/autoware_msgs/lib/x86_64-linux-gnu/pkgconfig:/home/point001/autoware.ai/install/autoware_msgs/lib/pkgconfig:/home/point001/autoware.ai/install/autoware_build_flags/lib/x86_64-linux-gnu/pkgconfig:/home/point001/autoware.ai/install/autoware_build_flags/lib/pkgconfig:${PKG_CONFIG_PATH} PYTHONPATH=/home/point001/autoware.ai/install/autoware_msgs/lib/python2.7/dist-packages:${PYTHONPATH} ROS_PACKAGE_PATH=/home/point001/autoware.ai/install/autoware_msgs/share:/home/point001/autoware.ai/install/autoware_build_flags/share:${ROS_PACKAGE_PATH} /usr/bin/cmake --build /home/point001/autoware.ai/build/amathutils_lib -- -j24 -l24
[0.324s] [  0%] Built target autoware_msgs_generate_messages_py
[0.325s] [  0%] Built target jsk_recognition_msgs_generate_messages_eus
[0.326s] [  0%] Built target tf2_msgs_generate_messages_nodejs
[0.326s] [  0%] Built target roscpp_generate_messages_cpp
[0.327s] [  0%] Built target actionlib_generate_messages_cpp
[0.328s] [  0%] Built target geometry_msgs_generate_messages_py
[0.328s] [  0%] Built target jsk_recognition_msgs_generate_messages_lisp
[0.328s] [  0%] Built target rosgraph_msgs_generate_messages_eus
[0.329s] [  0%] Built target autoware_msgs_generate_messages_cpp
[0.330s] [  0%] Built target pcl_msgs_generate_messages_eus
[0.331s] [  0%] Built target sensor_msgs_generate_messages_nodejs
[0.332s] [  0%] Built target _catkin_empty_exported_target
[0.333s] [  0%] Built target tf_generate_messages_py
[0.335s] [  0%] Built target sensor_msgs_generate_messages_eus
[0.335s] [  0%] Built target std_msgs_generate_messages_py
[0.338s] [  0%] Built target sensor_msgs_generate_messages_cpp
[0.339s] [  0%] Built target tf2_msgs_generate_messages_cpp
[0.339s] [  0%] Built target sensor_msgs_generate_messages_py
[0.339s] [  0%] Built target rosgraph_msgs_generate_messages_cpp
[0.341s] [  0%] Built target jsk_footstep_msgs_generate_messages_py
[0.347s] [  0%] Built target jsk_recognition_msgs_generate_messages_py
[0.347s] [  0%] Built target std_msgs_generate_messages_nodejs
[0.347s] [  0%] Built target pcl_msgs_generate_messages_nodejs
[0.348s] [  0%] Built target std_msgs_generate_messages_cpp
[0.360s] [  0%] Built target geometry_msgs_generate_messages_eus
[0.360s] [  0%] Built target geometry_msgs_generate_messages_lisp
[0.360s] [  0%] Built target geometry_msgs_generate_messages_nodejs
[0.361s] [  0%] Built target jsk_recognition_msgs_generate_messages_cpp
[0.365s] [  0%] Built target autoware_msgs_generate_messages_nodejs
[0.367s] [  0%] Built target autoware_msgs_generate_messages_lisp
[0.367s] [  0%] Built target roscpp_generate_messages_nodejs
[0.367s] [  0%] Built target std_msgs_generate_messages_lisp
[0.367s] [  0%] Built target autoware_msgs_generate_messages_eus
[0.369s] [  0%] Built target actionlib_msgs_generate_messages_nodejs
[0.371s] [  0%] Built target jsk_footstep_msgs_generate_messages_eus
[0.378s] [  0%] Built target jsk_footstep_msgs_generate_messages_nodejs
[0.380s] [  0%] Built target actionlib_msgs_generate_messages_py
[0.382s] [  0%] Built target jsk_recognition_msgs_generate_messages_nodejs
[0.382s] [  0%] Built target sensor_msgs_generate_messages_lisp
[0.383s] [  0%] Built target rosgraph_msgs_generate_messages_nodejs
[0.384s] [  0%] Built target actionlib_msgs_generate_messages_lisp
[0.387s] [  0%] Built target std_msgs_generate_messages_eus
[0.388s] [  0%] Built target roscpp_generate_messages_py
[0.388s] [  0%] Built target roscpp_generate_messages_lisp
[0.389s] [  0%] Built target rosgraph_msgs_generate_messages_lisp
[0.395s] [  0%] Built target rosgraph_msgs_generate_messages_py
[0.395s] [  0%] Built target geometry_msgs_generate_messages_cpp
[0.400s] [  0%] Built target jsk_footstep_msgs_generate_messages_cpp
[0.401s] [  0%] Built target pcl_msgs_generate_messages_cpp
[0.402s] [  0%] Built target roscpp_generate_messages_eus
[0.404s] [  0%] Built target jsk_footstep_msgs_generate_messages_lisp
[0.410s] [  0%] Built target tf_generate_messages_eus
[0.419s] [  0%] Built target actionlib_generate_messages_eus
[0.419s] [  0%] Built target actionlib_msgs_generate_messages_cpp
[0.419s] [  0%] Built target tf_generate_messages_nodejs
[0.428s] [  0%] Built target pcl_msgs_generate_messages_py
[0.429s] [  0%] Built target tf2_msgs_generate_messages_eus
[0.437s] [  0%] Built target actionlib_generate_messages_lisp
[0.437s] [  0%] Built target actionlib_msgs_generate_messages_eus
[0.437s] [  0%] Built target tf_generate_messages_lisp
[0.437s] [  0%] Built target actionlib_generate_messages_py
[0.445s] [  0%] Built target tf2_msgs_generate_messages_py
[0.446s] [  0%] Built target tf2_msgs_generate_messages_lisp
[0.446s] [  0%] Built target actionlib_generate_messages_nodejs
[0.451s] [  0%] Built target tf_generate_messages_cpp
[0.459s] [  0%] Built target pcl_msgs_generate_messages_lisp
[0.499s] [100%] Built target amathutils_lib
[0.530s] Invoked command in '/home/point001/autoware.ai/build/amathutils_lib' returned '0': CMAKE_PREFIX_PATH=/home/point001/autoware.ai/install/autoware_msgs:/home/point001/autoware.ai/install/autoware_build_flags:${CMAKE_PREFIX_PATH} PKG_CONFIG_PATH=/home/point001/autoware.ai/install/autoware_msgs/lib/x86_64-linux-gnu/pkgconfig:/home/point001/autoware.ai/install/autoware_msgs/lib/pkgconfig:/home/point001/autoware.ai/install/autoware_build_flags/lib/x86_64-linux-gnu/pkgconfig:/home/point001/autoware.ai/install/autoware_build_flags/lib/pkgconfig:${PKG_CONFIG_PATH} PYTHONPATH=/home/point001/autoware.ai/install/autoware_msgs/lib/python2.7/dist-packages:${PYTHONPATH} ROS_PACKAGE_PATH=/home/point001/autoware.ai/install/autoware_msgs/share:/home/point001/autoware.ai/install/autoware_build_flags/share:${ROS_PACKAGE_PATH} /usr/bin/cmake --build /home/point001/autoware.ai/build/amathutils_lib -- -j24 -l24
[0.842s] Invoking command in '/home/point001/autoware.ai/build/amathutils_lib': CMAKE_PREFIX_PATH=/home/point001/autoware.ai/install/autoware_msgs:/home/point001/autoware.ai/install/autoware_build_flags:${CMAKE_PREFIX_PATH} PKG_CONFIG_PATH=/home/point001/autoware.ai/install/autoware_msgs/lib/x86_64-linux-gnu/pkgconfig:/home/point001/autoware.ai/install/autoware_msgs/lib/pkgconfig:/home/point001/autoware.ai/install/autoware_build_flags/lib/x86_64-linux-gnu/pkgconfig:/home/point001/autoware.ai/install/autoware_build_flags/lib/pkgconfig:${PKG_CONFIG_PATH} PYTHONPATH=/home/point001/autoware.ai/install/autoware_msgs/lib/python2.7/dist-packages:${PYTHONPATH} ROS_PACKAGE_PATH=/home/point001/autoware.ai/install/autoware_msgs/share:/home/point001/autoware.ai/install/autoware_build_flags/share:${ROS_PACKAGE_PATH} /usr/bin/cmake --build /home/point001/autoware.ai/build/amathutils_lib --target tests -- -j24 -l24
[0.950s] [  0%] Built target tf2_msgs_generate_messages_cpp
[0.950s] [ 12%] Built target gtest
[0.950s] [ 12%] Built target tf_generate_messages_py
[0.950s] [ 12%] Built target geometry_msgs_generate_messages_py
[0.951s] [ 12%] Built target jsk_recognition_msgs_generate_messages_eus
[0.951s] [ 12%] Built target rosgraph_msgs_generate_messages_cpp
[0.951s] [ 12%] Built target tf2_msgs_generate_messages_nodejs
[0.951s] [ 12%] Built target std_msgs_generate_messages_py
[0.952s] [ 12%] Built target pcl_msgs_generate_messages_nodejs
[0.953s] [ 12%] Built target roscpp_generate_messages_cpp
[0.959s] [ 12%] Built target sensor_msgs_generate_messages_py
[0.959s] [ 12%] Built target autoware_msgs_generate_messages_cpp
[0.959s] [ 12%] Built target std_msgs_generate_messages_nodejs
[0.959s] [ 12%] Built target sensor_msgs_generate_messages_cpp
[0.959s] [ 12%] Built target jsk_recognition_msgs_generate_messages_lisp
[0.959s] [ 12%] Built target sensor_msgs_generate_messages_nodejs
[0.960s] [ 12%] Built target _catkin_empty_exported_target
[0.960s] [ 12%] Built target pcl_msgs_generate_messages_eus
[0.961s] [ 12%] Built target autoware_msgs_generate_messages_py
[0.962s] [ 12%] Built target actionlib_generate_messages_cpp
[0.968s] [ 12%] Built target rosgraph_msgs_generate_messages_eus
[0.968s] [ 12%] Built target sensor_msgs_generate_messages_eus
[0.971s] [ 12%] Built target jsk_recognition_msgs_generate_messages_py
[0.971s] [ 12%] Built target std_msgs_generate_messages_cpp
[0.976s] [ 12%] Built target std_msgs_generate_messages_lisp
[0.983s] [ 12%] Built target pcl_msgs_generate_messages_cpp
[0.984s] [ 12%] Built target jsk_footstep_msgs_generate_messages_py
[0.984s] [ 12%] Built target geometry_msgs_generate_messages_eus
[0.984s] [ 12%] Built target actionlib_msgs_generate_messages_nodejs
[0.984s] [ 12%] Built target jsk_recognition_msgs_generate_messages_cpp
[0.984s] [ 12%] Built target geometry_msgs_generate_messages_nodejs
[0.985s] [ 12%] Built target roscpp_generate_messages_nodejs
[0.985s] [ 12%] Built target jsk_footstep_msgs_generate_messages_lisp
[0.985s] [ 12%] Built target std_msgs_generate_messages_eus
[0.987s] [ 12%] Built target autoware_msgs_generate_messages_lisp
[0.992s] [ 12%] Built target jsk_footstep_msgs_generate_messages_eus
[0.993s] [ 12%] Built target geometry_msgs_generate_messages_lisp
[0.993s] [ 12%] Built target autoware_msgs_generate_messages_eus
[0.993s] [ 12%] Built target actionlib_msgs_generate_messages_py
[0.993s] [ 12%] Built target sensor_msgs_generate_messages_lisp
[0.994s] [ 12%] Built target jsk_footstep_msgs_generate_messages_nodejs
[0.996s] [ 12%] Built target roscpp_generate_messages_py
[0.996s] [ 12%] Built target actionlib_msgs_generate_messages_lisp
[0.997s] [ 12%] Built target roscpp_generate_messages_lisp
[1.005s] [ 12%] Built target rosgraph_msgs_generate_messages_nodejs
[1.005s] [ 12%] Built target jsk_recognition_msgs_generate_messages_nodejs
[1.005s] [ 12%] Built target autoware_msgs_generate_messages_nodejs
[1.010s] [ 12%] Built target rosgraph_msgs_generate_messages_py
[1.012s] [ 12%] Built target actionlib_msgs_generate_messages_cpp
[1.013s] [ 12%] Built target tf_generate_messages_lisp
[1.013s] [ 12%] Built target roscpp_generate_messages_eus
[1.016s] [ 12%] Built target rosgraph_msgs_generate_messages_lisp
[1.019s] [ 12%] Built target tf_generate_messages_nodejs
[1.019s] [ 12%] Built target actionlib_generate_messages_eus
[1.019s] [ 12%] Built target actionlib_msgs_generate_messages_eus
[1.019s] [ 12%] Built target geometry_msgs_generate_messages_cpp
[1.026s] [ 12%] Built target tf2_msgs_generate_messages_eus
[1.026s] [ 12%] Built target pcl_msgs_generate_messages_py
[1.026s] [ 12%] Built target jsk_footstep_msgs_generate_messages_cpp
[1.026s] [ 12%] Built target actionlib_generate_messages_nodejs
[1.026s] [ 12%] Built target actionlib_generate_messages_lisp
[1.029s] [ 12%] Built target tf_generate_messages_eus
[1.029s] [ 12%] Built target tf2_msgs_generate_messages_lisp
[1.037s] [ 12%] Built target tf_generate_messages_cpp
[1.041s] [ 12%] Built target actionlib_generate_messages_py
[1.041s] [ 31%] Built target test-butterworth_filter
[1.041s] [ 31%] Built target tf2_msgs_generate_messages_py
[1.041s] [ 31%] Built target pcl_msgs_generate_messages_lisp
[1.045s] [ 56%] Built target test-kalman_filter
[1.097s] [ 87%] Built target amathutils_lib
[1.122s] [100%] Built target amathutils-test
[1.139s] [100%] Built target tests
[1.416s] Invoked command in '/home/point001/autoware.ai/build/amathutils_lib' returned '0': CMAKE_PREFIX_PATH=/home/point001/autoware.ai/install/autoware_msgs:/home/point001/autoware.ai/install/autoware_build_flags:${CMAKE_PREFIX_PATH} PKG_CONFIG_PATH=/home/point001/autoware.ai/install/autoware_msgs/lib/x86_64-linux-gnu/pkgconfig:/home/point001/autoware.ai/install/autoware_msgs/lib/pkgconfig:/home/point001/autoware.ai/install/autoware_build_flags/lib/x86_64-linux-gnu/pkgconfig:/home/point001/autoware.ai/install/autoware_build_flags/lib/pkgconfig:${PKG_CONFIG_PATH} PYTHONPATH=/home/point001/autoware.ai/install/autoware_msgs/lib/python2.7/dist-packages:${PYTHONPATH} ROS_PACKAGE_PATH=/home/point001/autoware.ai/install/autoware_msgs/share:/home/point001/autoware.ai/install/autoware_build_flags/share:${ROS_PACKAGE_PATH} /usr/bin/cmake --build /home/point001/autoware.ai/build/amathutils_lib --target tests -- -j24 -l24
[2.017s] Invoking command in '/home/point001/autoware.ai/build/amathutils_lib': CMAKE_PREFIX_PATH=/home/point001/autoware.ai/install/autoware_msgs:/home/point001/autoware.ai/install/autoware_build_flags:${CMAKE_PREFIX_PATH} PKG_CONFIG_PATH=/home/point001/autoware.ai/install/autoware_msgs/lib/x86_64-linux-gnu/pkgconfig:/home/point001/autoware.ai/install/autoware_msgs/lib/pkgconfig:/home/point001/autoware.ai/install/autoware_build_flags/lib/x86_64-linux-gnu/pkgconfig:/home/point001/autoware.ai/install/autoware_build_flags/lib/pkgconfig:${PKG_CONFIG_PATH} PYTHONPATH=/home/point001/autoware.ai/install/autoware_msgs/lib/python2.7/dist-packages:${PYTHONPATH} ROS_PACKAGE_PATH=/home/point001/autoware.ai/install/autoware_msgs/share:/home/point001/autoware.ai/install/autoware_build_flags/share:${ROS_PACKAGE_PATH} /usr/bin/cmake --build /home/point001/autoware.ai/build/amathutils_lib --target install -- -j24 -l24
[2.173s] [  0%] Built target sensor_msgs_generate_messages_eus
[2.176s] [  0%] Built target roscpp_generate_messages_cpp
[2.177s] [  0%] Built target sensor_msgs_generate_messages_cpp
[2.177s] [  0%] Built target jsk_recognition_msgs_generate_messages_eus
[2.177s] [  0%] Built target autoware_msgs_generate_messages_py
[2.177s] [  0%] Built target autoware_msgs_generate_messages_cpp
[2.177s] [  0%] Built target pcl_msgs_generate_messages_eus
[2.177s] [  0%] Built target rosgraph_msgs_generate_messages_cpp
[2.177s] [  0%] Built target sensor_msgs_generate_messages_nodejs
[2.177s] [  0%] Built target jsk_recognition_msgs_generate_messages_py
[2.177s] [  0%] Built target _catkin_empty_exported_target
[2.177s] [  0%] Built target tf_generate_messages_py
[2.177s] [  0%] Built target actionlib_generate_messages_cpp
[2.177s] [  0%] Built target tf2_msgs_generate_messages_nodejs
[2.178s] [  0%] Built target std_msgs_generate_messages_cpp
[2.178s] [  0%] Built target geometry_msgs_generate_messages_py
[2.178s] [  0%] Built target tf2_msgs_generate_messages_cpp
[2.178s] [  0%] Built target jsk_recognition_msgs_generate_messages_lisp
[2.178s] [  0%] Built target sensor_msgs_generate_messages_py
[2.178s] [  0%] Built target pcl_msgs_generate_messages_nodejs
[2.178s] [  0%] Built target rosgraph_msgs_generate_messages_eus
[2.178s] [  0%] Built target jsk_footstep_msgs_generate_messages_py
[2.178s] [  0%] Built target std_msgs_generate_messages_py
[2.178s] [  0%] Built target actionlib_msgs_generate_messages_nodejs
[2.179s] [  0%] Built target geometry_msgs_generate_messages_eus
[2.181s] [  0%] Built target std_msgs_generate_messages_lisp
[2.181s] [  0%] Built target roscpp_generate_messages_nodejs
[2.182s] [  0%] Built target std_msgs_generate_messages_nodejs
[2.184s] [  0%] Built target actionlib_msgs_generate_messages_py
[2.188s] [  0%] Built target geometry_msgs_generate_messages_lisp
[2.189s] [  0%] Built target autoware_msgs_generate_messages_nodejs
[2.189s] [  0%] Built target jsk_recognition_msgs_generate_messages_nodejs
[2.190s] [  0%] Built target pcl_msgs_generate_messages_cpp
[2.192s] [  0%] Built target autoware_msgs_generate_messages_lisp
[2.192s] [  0%] Built target actionlib_msgs_generate_messages_lisp
[2.192s] [  0%] Built target std_msgs_generate_messages_eus
[2.192s] [  0%] Built target jsk_recognition_msgs_generate_messages_cpp
[2.192s] [  0%] Built target autoware_msgs_generate_messages_eus
[2.197s] [  0%] Built target jsk_footstep_msgs_generate_messages_nodejs
[2.202s] [  0%] Built target jsk_footstep_msgs_generate_messages_eus
[2.202s] [  0%] Built target roscpp_generate_messages_eus
[2.203s] [  0%] Built target geometry_msgs_generate_messages_nodejs
[2.203s] [  0%] Built target roscpp_generate_messages_py
[2.204s] [  0%] Built target jsk_footstep_msgs_generate_messages_lisp
[2.210s] [  0%] Built target roscpp_generate_messages_lisp
[2.210s] [  0%] Built target sensor_msgs_generate_messages_lisp
[2.217s] [  0%] Built target rosgraph_msgs_generate_messages_nodejs
[2.219s] [  0%] Built target actionlib_msgs_generate_messages_eus
[2.219s] [  0%] Built target jsk_footstep_msgs_generate_messages_cpp
[2.220s] [  0%] Built target actionlib_generate_messages_nodejs
[2.220s] [  0%] Built target rosgraph_msgs_generate_messages_lisp
[2.220s] [  0%] Built target tf_generate_messages_eus
[2.220s] [  0%] Built target tf_generate_messages_nodejs
[2.220s] [  0%] Built target rosgraph_msgs_generate_messages_py
[2.221s] [  0%] Built target tf_generate_messages_cpp
[2.222s] [  0%] Built target geometry_msgs_generate_messages_cpp
[2.222s] [  0%] Built target actionlib_generate_messages_eus
[2.228s] [  0%] Built target pcl_msgs_generate_messages_py
[2.229s] [  0%] Built target pcl_msgs_generate_messages_lisp
[2.229s] [  0%] Built target actionlib_msgs_generate_messages_cpp
[2.229s] [  0%] Built target tf_generate_messages_lisp
[2.229s] [  0%] Built target actionlib_generate_messages_lisp
[2.229s] [  0%] Built target tf2_msgs_generate_messages_py
[2.229s] [  0%] Built target tf2_msgs_generate_messages_eus
[2.235s] [  0%] Built target actionlib_generate_messages_py
[2.235s] [  0%] Built target tf2_msgs_generate_messages_lisp
[2.257s] [100%] Built target amathutils_lib
[2.276s] [36mInstall the project...[0m
[2.282s] -- Install configuration: "Release"
[2.282s] -- Up-to-date: /home/point001/autoware.ai/install/amathutils_lib/lib/pkgconfig/amathutils_lib.pc
[2.282s] -- Up-to-date: /home/point001/autoware.ai/install/amathutils_lib/share/amathutils_lib/cmake/amathutils_libConfig.cmake
[2.282s] -- Up-to-date: /home/point001/autoware.ai/install/amathutils_lib/share/amathutils_lib/cmake/amathutils_libConfig-version.cmake
[2.283s] -- Up-to-date: /home/point001/autoware.ai/install/amathutils_lib/share/amathutils_lib/package.xml
[2.284s] -- Up-to-date: /home/point001/autoware.ai/install/amathutils_lib/include/amathutils_lib
[2.284s] -- Up-to-date: /home/point001/autoware.ai/install/amathutils_lib/include/amathutils_lib/time_delay_kalman_filter.hpp
[2.284s] -- Up-to-date: /home/point001/autoware.ai/install/amathutils_lib/include/amathutils_lib/amathutils.hpp
[2.284s] -- Up-to-date: /home/point001/autoware.ai/install/amathutils_lib/include/amathutils_lib/butterworth_filter.hpp
[2.285s] -- Up-to-date: /home/point001/autoware.ai/install/amathutils_lib/include/amathutils_lib/kalman_filter.hpp
[2.285s] -- Up-to-date: /home/point001/autoware.ai/install/amathutils_lib/lib/libamathutils_lib.so
[2.436s] Invoked command in '/home/point001/autoware.ai/build/amathutils_lib' returned '0': CMAKE_PREFIX_PATH=/home/point001/autoware.ai/install/autoware_msgs:/home/point001/autoware.ai/install/autoware_build_flags:${CMAKE_PREFIX_PATH} PKG_CONFIG_PATH=/home/point001/autoware.ai/install/autoware_msgs/lib/x86_64-linux-gnu/pkgconfig:/home/point001/autoware.ai/install/autoware_msgs/lib/pkgconfig:/home/point001/autoware.ai/install/autoware_build_flags/lib/x86_64-linux-gnu/pkgconfig:/home/point001/autoware.ai/install/autoware_build_flags/lib/pkgconfig:${PKG_CONFIG_PATH} PYTHONPATH=/home/point001/autoware.ai/install/autoware_msgs/lib/python2.7/dist-packages:${PYTHONPATH} ROS_PACKAGE_PATH=/home/point001/autoware.ai/install/autoware_msgs/share:/home/point001/autoware.ai/install/autoware_build_flags/share:${ROS_PACKAGE_PATH} /usr/bin/cmake --build /home/point001/autoware.ai/build/amathutils_lib --target install -- -j24 -l24
