[0.089s] Invoking command in '/home/point001/autoware.ai/build/mrt_cmake_modules': /usr/bin/cmake --build /home/point001/autoware.ai/build/mrt_cmake_modules -- -j24 -l24
[0.522s] Invoked command in '/home/point001/autoware.ai/build/mrt_cmake_modules' returned '0': /usr/bin/cmake --build /home/point001/autoware.ai/build/mrt_cmake_modules -- -j24 -l24
[0.699s] Invoking command in '/home/point001/autoware.ai/build/mrt_cmake_modules': /usr/bin/cmake --build /home/point001/autoware.ai/build/mrt_cmake_modules --target tests -- -j24 -l24
[0.751s] Built target tests
[0.805s] Invoked command in '/home/point001/autoware.ai/build/mrt_cmake_modules' returned '0': /usr/bin/cmake --build /home/point001/autoware.ai/build/mrt_cmake_modules --target tests -- -j24 -l24
[0.899s] Invoking command in '/home/point001/autoware.ai/build/mrt_cmake_modules': /usr/bin/cmake --build /home/point001/autoware.ai/build/mrt_cmake_modules --target install -- -j24 -l24
[0.944s] [36mInstall the project...[0m
[0.952s] -- Install configuration: "Release"
[0.955s] + cd /home/point001/autoware.ai/src/vendor/mrt_cmake_modules
[0.955s] + mkdir -p /home/point001/autoware.ai/install/mrt_cmake_modules/lib/python2.7/dist-packages
[0.955s] + /usr/bin/env PYTHONPATH=/home/point001/autoware.ai/install/mrt_cmake_modules/lib/python2.7/dist-packages:/home/point001/autoware.ai/build/mrt_cmake_modules/lib/python2.7/dist-packages:/opt/ros/melodic/lib/python2.7/dist-packages CATKIN_BINARY_DIR=/home/point001/autoware.ai/build/mrt_cmake_modules /usr/bin/python2 /home/point001/autoware.ai/src/vendor/mrt_cmake_modules/setup.py build --build-base /home/point001/autoware.ai/build/mrt_cmake_modules install --root=/ --install-layout=deb --prefix=/home/point001/autoware.ai/install/mrt_cmake_modules --install-scripts=/home/point001/autoware.ai/install/mrt_cmake_modules/bin
[0.989s] running build
[0.990s] running build_py
[0.990s] running install
[0.993s] running install_lib
[0.993s] running install_egg_info
[0.993s] Removing /home/point001/autoware.ai/install/mrt_cmake_modules/lib/python2.7/dist-packages/mrt_cmake_modules-1.0.0.egg-info
[0.993s] Writing /home/point001/autoware.ai/install/mrt_cmake_modules/lib/python2.7/dist-packages/mrt_cmake_modules-1.0.0.egg-info
[0.994s] -- Up-to-date: /home/point001/autoware.ai/install/mrt_cmake_modules/lib/pkgconfig/mrt_cmake_modules.pc
[0.994s] -- Up-to-date: /home/point001/autoware.ai/install/mrt_cmake_modules/share/mrt_cmake_modules/cmake/mrt_cmake_modules-extras.cmake
[0.995s] -- Up-to-date: /home/point001/autoware.ai/install/mrt_cmake_modules/share/mrt_cmake_modules/cmake/mrt_cmake_modulesConfig.cmake
[0.995s] -- Up-to-date: /home/point001/autoware.ai/install/mrt_cmake_modules/share/mrt_cmake_modules/cmake/mrt_cmake_modulesConfig-version.cmake
[0.995s] -- Up-to-date: /home/point001/autoware.ai/install/mrt_cmake_modules/share/mrt_cmake_modules/package.xml
[0.995s] -- Up-to-date: /home/point001/autoware.ai/install/mrt_cmake_modules/share/mrt_cmake_modules/cmake/Modules
[0.995s] -- Up-to-date: /home/point001/autoware.ai/install/mrt_cmake_modules/share/mrt_cmake_modules/cmake/Modules/FindMrtf2c.cmake
[0.995s] -- Up-to-date: /home/point001/autoware.ai/install/mrt_cmake_modules/share/mrt_cmake_modules/cmake/Modules/FindPoco.cmake
[0.995s] -- Up-to-date: /home/point001/autoware.ai/install/mrt_cmake_modules/share/mrt_cmake_modules/cmake/Modules/FindPCAP.cmake
[0.995s] -- Up-to-date: /home/point001/autoware.ai/install/mrt_cmake_modules/share/mrt_cmake_modules/cmake/Modules/FindMrtnlopt.cmake
[0.995s] -- Up-to-date: /home/point001/autoware.ai/install/mrt_cmake_modules/share/mrt_cmake_modules/cmake/Modules/Findlibgps.cmake
[0.995s] -- Up-to-date: /home/point001/autoware.ai/install/mrt_cmake_modules/share/mrt_cmake_modules/cmake/Modules/FindMrtVTK.cmake
[0.995s] -- Up-to-date: /home/point001/autoware.ai/install/mrt_cmake_modules/share/mrt_cmake_modules/cmake/Modules/CatkinMockForConan.cmake
[0.996s] -- Up-to-date: /home/point001/autoware.ai/install/mrt_cmake_modules/share/mrt_cmake_modules/cmake/Modules/MRTCoverage.cmake
[0.996s] -- Up-to-date: /home/point001/autoware.ai/install/mrt_cmake_modules/share/mrt_cmake_modules/cmake/Modules/FindMrtTesseract.cmake
[0.996s] -- Up-to-date: /home/point001/autoware.ai/install/mrt_cmake_modules/share/mrt_cmake_modules/cmake/Modules/Findpugixml.cmake
[0.996s] -- Up-to-date: /home/point001/autoware.ai/install/mrt_cmake_modules/share/mrt_cmake_modules/cmake/Modules/FindMrtCTensorflow.cmake
[0.996s] -- Up-to-date: /home/point001/autoware.ai/install/mrt_cmake_modules/share/mrt_cmake_modules/cmake/Modules/FindSqlite3.cmake
[0.996s] -- Up-to-date: /home/point001/autoware.ai/install/mrt_cmake_modules/share/mrt_cmake_modules/cmake/Modules/Findgtest.cmake
[0.996s] -- Up-to-date: /home/point001/autoware.ai/install/mrt_cmake_modules/share/mrt_cmake_modules/cmake/Modules/FindTinyXML.cmake
[0.996s] -- Up-to-date: /home/point001/autoware.ai/install/mrt_cmake_modules/share/mrt_cmake_modules/cmake/Modules/FindMrtMetis.cmake
[0.996s] -- Up-to-date: /home/point001/autoware.ai/install/mrt_cmake_modules/share/mrt_cmake_modules/cmake/Modules/FindAutoDeps.cmake
[0.996s] -- Up-to-date: /home/point001/autoware.ai/install/mrt_cmake_modules/share/mrt_cmake_modules/cmake/Modules/FindMrtebus-sdk.cmake
[0.996s] -- Up-to-date: /home/point001/autoware.ai/install/mrt_cmake_modules/share/mrt_cmake_modules/cmake/Modules/FindGlog.cmake
[0.996s] -- Up-to-date: /home/point001/autoware.ai/install/mrt_cmake_modules/share/mrt_cmake_modules/cmake/Modules/Findyaml-cpp.cmake
[0.997s] -- Up-to-date: /home/point001/autoware.ai/install/mrt_cmake_modules/share/mrt_cmake_modules/cmake/Modules/FindTBB.cmake
[0.997s] -- Up-to-date: /home/point001/autoware.ai/install/mrt_cmake_modules/share/mrt_cmake_modules/cmake/Modules/FindMrtSDL2.cmake
[0.997s] -- Up-to-date: /home/point001/autoware.ai/install/mrt_cmake_modules/share/mrt_cmake_modules/cmake/Modules/FindMrtCereal.cmake
[0.997s] -- Up-to-date: /home/point001/autoware.ai/install/mrt_cmake_modules/share/mrt_cmake_modules/cmake/Modules/FindMrtQt5.cmake
[0.997s] -- Up-to-date: /home/point001/autoware.ai/install/mrt_cmake_modules/share/mrt_cmake_modules/cmake/Modules/FindMrtTensorflow.cmake
[0.997s] -- Up-to-date: /home/point001/autoware.ai/install/mrt_cmake_modules/share/mrt_cmake_modules/cmake/Modules/FindPNG++.cmake
[0.997s] -- Up-to-date: /home/point001/autoware.ai/install/mrt_cmake_modules/share/mrt_cmake_modules/cmake/Modules/Findrange-v3.cmake
[0.997s] -- Up-to-date: /home/point001/autoware.ai/install/mrt_cmake_modules/share/mrt_cmake_modules/cmake/Modules/FindFlann.cmake
[0.997s] -- Up-to-date: /home/point001/autoware.ai/install/mrt_cmake_modules/share/mrt_cmake_modules/cmake/Modules/FindMrtSuiteSparse.cmake
[0.997s] -- Up-to-date: /home/point001/autoware.ai/install/mrt_cmake_modules/share/mrt_cmake_modules/cmake/Modules/MrtParamGenerator.cmake
[0.997s] -- Up-to-date: /home/point001/autoware.ai/install/mrt_cmake_modules/share/mrt_cmake_modules/cmake/Modules/FindMrtCeres.cmake
[0.997s] -- Up-to-date: /home/point001/autoware.ai/install/mrt_cmake_modules/share/mrt_cmake_modules/cmake/Modules/FindG2O.cmake
[0.997s] -- Up-to-date: /home/point001/autoware.ai/install/mrt_cmake_modules/share/mrt_cmake_modules/cmake/Modules/GatherDeps.cmake
[0.997s] -- Up-to-date: /home/point001/autoware.ai/install/mrt_cmake_modules/share/mrt_cmake_modules/cmake/Modules/FindGTKMM.cmake
[0.997s] -- Up-to-date: /home/point001/autoware.ai/install/mrt_cmake_modules/share/mrt_cmake_modules/cmake/Modules/FindMrtCUDA.cmake
[0.997s] -- Up-to-date: /home/point001/autoware.ai/install/mrt_cmake_modules/share/mrt_cmake_modules/cmake/Modules/UseMrtAutoTarget.cmake
[0.997s] -- Up-to-date: /home/point001/autoware.ai/install/mrt_cmake_modules/share/mrt_cmake_modules/cmake/Modules/FindClangTidy.cmake
[0.997s] -- Up-to-date: /home/point001/autoware.ai/install/mrt_cmake_modules/share/mrt_cmake_modules/cmake/Modules/FindMrtLeptonica.cmake
[0.998s] -- Up-to-date: /home/point001/autoware.ai/install/mrt_cmake_modules/share/mrt_cmake_modules/cmake/Modules/FindMrtQt4.cmake
[0.998s] -- Up-to-date: /home/point001/autoware.ai/install/mrt_cmake_modules/share/mrt_cmake_modules/cmake/Modules/FindCairo.cmake
[0.998s] -- Up-to-date: /home/point001/autoware.ai/install/mrt_cmake_modules/share/mrt_cmake_modules/cmake/Modules/FindIpopt.cmake
[0.998s] -- Up-to-date: /home/point001/autoware.ai/install/mrt_cmake_modules/share/mrt_cmake_modules/cmake/Modules/FindMinpack.cmake
[0.998s] -- Up-to-date: /home/point001/autoware.ai/install/mrt_cmake_modules/share/mrt_cmake_modules/cmake/Modules/FindIGL.cmake
[0.998s] -- Up-to-date: /home/point001/autoware.ai/install/mrt_cmake_modules/share/mrt_cmake_modules/cmake/Modules/FindGTest-headers.cmake
[0.998s] -- Up-to-date: /home/point001/autoware.ai/install/mrt_cmake_modules/share/mrt_cmake_modules/cmake/Modules/FindMrtPCL.cmake
[0.998s] -- Up-to-date: /home/point001/autoware.ai/install/mrt_cmake_modules/share/mrt_cmake_modules/cmake/Modules/FindBoostPython.cmake
[0.998s] -- Up-to-date: /home/point001/autoware.ai/install/mrt_cmake_modules/share/mrt_cmake_modules/cmake/Modules/FindMrtbenchmark.cmake
[0.998s] -- Up-to-date: /home/point001/autoware.ai/install/mrt_cmake_modules/share/mrt_cmake_modules/cmake/Modules/UseMrtStdCompilerFlags.cmake
[0.998s] -- Up-to-date: /home/point001/autoware.ai/install/mrt_cmake_modules/share/mrt_cmake_modules/cmake/Modules/FindQwt.cmake
[0.998s] -- Up-to-date: /home/point001/autoware.ai/install/mrt_cmake_modules/share/mrt_cmake_modules/cmake/Modules/FindMrtOpenCV.cmake
[0.998s] -- Up-to-date: /home/point001/autoware.ai/install/mrt_cmake_modules/share/mrt_cmake_modules/cmake/Modules/FindEigen2.cmake
[0.999s] -- Up-to-date: /home/point001/autoware.ai/install/mrt_cmake_modules/share/mrt_cmake_modules/cmake/Modules/FindMrtCaffe.cmake
[0.999s] -- Up-to-date: /home/point001/autoware.ai/install/mrt_cmake_modules/share/mrt_cmake_modules/cmake/Modules/FindMrtANN.cmake
[0.999s] -- Up-to-date: /home/point001/autoware.ai/install/mrt_cmake_modules/share/mrt_cmake_modules/cmake/Modules/FindRapidXML.cmake
[0.999s] -- Up-to-date: /home/point001/autoware.ai/install/mrt_cmake_modules/share/mrt_cmake_modules/cmake/Modules/FindGeographicLib.cmake
[0.999s] -- Up-to-date: /home/point001/autoware.ai/install/mrt_cmake_modules/share/mrt_cmake_modules/cmake/Modules/FindAravis.cmake
[0.999s] -- Up-to-date: /home/point001/autoware.ai/install/mrt_cmake_modules/share/mrt_cmake_modules/cmake/Modules/FindOSG.cmake
[0.999s] -- Up-to-date: /home/point001/autoware.ai/install/mrt_cmake_modules/share/mrt_cmake_modules/scripts/generate_cmake_dependency_file.py
[1.043s] Invoked command in '/home/point001/autoware.ai/build/mrt_cmake_modules' returned '0': /usr/bin/cmake --build /home/point001/autoware.ai/build/mrt_cmake_modules --target install -- -j24 -l24
