[0.217s] Invoking command in '/home/point001/autoware.ai/build/autoware_rviz_plugins': CMAKE_PREFIX_PATH=/home/point001/autoware.ai/install/autoware_build_flags:${CMAKE_PREFIX_PATH} PKG_CONFIG_PATH=/home/point001/autoware.ai/install/autoware_build_flags/lib/x86_64-linux-gnu/pkgconfig:/home/point001/autoware.ai/install/autoware_build_flags/lib/pkgconfig:${PKG_CONFIG_PATH} ROS_PACKAGE_PATH=/home/point001/autoware.ai/install/autoware_build_flags/share:${ROS_PACKAGE_PATH} /usr/bin/cmake --build /home/point001/autoware.ai/build/autoware_rviz_plugins -- -j24 -l24
[0.264s] [ 20%] [34m[1mAutomatic MOC for target autoware_rviz_plugins[0m
[0.277s] [ 20%] Built target autoware_rviz_plugins_autogen
[0.306s] [100%] Built target autoware_rviz_plugins
[0.465s] Invoked command in '/home/point001/autoware.ai/build/autoware_rviz_plugins' returned '0': CMAKE_PREFIX_PATH=/home/point001/autoware.ai/install/autoware_build_flags:${CMAKE_PREFIX_PATH} PKG_CONFIG_PATH=/home/point001/autoware.ai/install/autoware_build_flags/lib/x86_64-linux-gnu/pkgconfig:/home/point001/autoware.ai/install/autoware_build_flags/lib/pkgconfig:${PKG_CONFIG_PATH} ROS_PACKAGE_PATH=/home/point001/autoware.ai/install/autoware_build_flags/share:${ROS_PACKAGE_PATH} /usr/bin/cmake --build /home/point001/autoware.ai/build/autoware_rviz_plugins -- -j24 -l24
[1.027s] Invoking command in '/home/point001/autoware.ai/build/autoware_rviz_plugins': CMAKE_PREFIX_PATH=/home/point001/autoware.ai/install/autoware_build_flags:${CMAKE_PREFIX_PATH} PKG_CONFIG_PATH=/home/point001/autoware.ai/install/autoware_build_flags/lib/x86_64-linux-gnu/pkgconfig:/home/point001/autoware.ai/install/autoware_build_flags/lib/pkgconfig:${PKG_CONFIG_PATH} ROS_PACKAGE_PATH=/home/point001/autoware.ai/install/autoware_build_flags/share:${ROS_PACKAGE_PATH} /usr/bin/cmake --build /home/point001/autoware.ai/build/autoware_rviz_plugins --target tests -- -j24 -l24
[1.107s] Built target tests
[1.199s] Invoked command in '/home/point001/autoware.ai/build/autoware_rviz_plugins' returned '0': CMAKE_PREFIX_PATH=/home/point001/autoware.ai/install/autoware_build_flags:${CMAKE_PREFIX_PATH} PKG_CONFIG_PATH=/home/point001/autoware.ai/install/autoware_build_flags/lib/x86_64-linux-gnu/pkgconfig:/home/point001/autoware.ai/install/autoware_build_flags/lib/pkgconfig:${PKG_CONFIG_PATH} ROS_PACKAGE_PATH=/home/point001/autoware.ai/install/autoware_build_flags/share:${ROS_PACKAGE_PATH} /usr/bin/cmake --build /home/point001/autoware.ai/build/autoware_rviz_plugins --target tests -- -j24 -l24
[1.570s] Invoking command in '/home/point001/autoware.ai/build/autoware_rviz_plugins': CMAKE_PREFIX_PATH=/home/point001/autoware.ai/install/autoware_build_flags:${CMAKE_PREFIX_PATH} PKG_CONFIG_PATH=/home/point001/autoware.ai/install/autoware_build_flags/lib/x86_64-linux-gnu/pkgconfig:/home/point001/autoware.ai/install/autoware_build_flags/lib/pkgconfig:${PKG_CONFIG_PATH} ROS_PACKAGE_PATH=/home/point001/autoware.ai/install/autoware_build_flags/share:${ROS_PACKAGE_PATH} /usr/bin/cmake --build /home/point001/autoware.ai/build/autoware_rviz_plugins --target install -- -j24 -l24
[1.665s] [ 20%] [34m[1mAutomatic MOC for target autoware_rviz_plugins[0m
[1.665s] [ 20%] Built target autoware_rviz_plugins_autogen
[1.665s] [100%] Built target autoware_rviz_plugins
[1.674s] [36mInstall the project...[0m
[1.680s] -- Install configuration: "Release"
[1.681s] -- Up-to-date: /home/point001/autoware.ai/install/autoware_rviz_plugins/lib/pkgconfig/autoware_rviz_plugins.pc
[1.683s] -- Up-to-date: /home/point001/autoware.ai/install/autoware_rviz_plugins/share/autoware_rviz_plugins/cmake/autoware_rviz_pluginsConfig.cmake
[1.683s] -- Up-to-date: /home/point001/autoware.ai/install/autoware_rviz_plugins/share/autoware_rviz_plugins/cmake/autoware_rviz_pluginsConfig-version.cmake
[1.683s] -- Up-to-date: /home/point001/autoware.ai/install/autoware_rviz_plugins/share/autoware_rviz_plugins/package.xml
[1.683s] -- Up-to-date: /home/point001/autoware.ai/install/autoware_rviz_plugins/lib/libautoware_rviz_plugins.so
[1.683s] -- Up-to-date: /home/point001/autoware.ai/install/autoware_rviz_plugins/share/autoware_rviz_plugins/media
[1.683s] -- Up-to-date: /home/point001/autoware.ai/install/autoware_rviz_plugins/share/autoware_rviz_plugins/media/flag.dae
[1.684s] -- Up-to-date: /home/point001/autoware.ai/install/autoware_rviz_plugins/share/autoware_rviz_plugins/icons
[1.684s] -- Up-to-date: /home/point001/autoware.ai/install/autoware_rviz_plugins/share/autoware_rviz_plugins/icons/classes
[1.684s] -- Up-to-date: /home/point001/autoware.ai/install/autoware_rviz_plugins/share/autoware_rviz_plugins/icons/classes/OpFlag.png
[1.684s] -- Up-to-date: /home/point001/autoware.ai/install/autoware_rviz_plugins/share/autoware_rviz_plugins/plugin_description.xml
[1.963s] Invoked command in '/home/point001/autoware.ai/build/autoware_rviz_plugins' returned '0': CMAKE_PREFIX_PATH=/home/point001/autoware.ai/install/autoware_build_flags:${CMAKE_PREFIX_PATH} PKG_CONFIG_PATH=/home/point001/autoware.ai/install/autoware_build_flags/lib/x86_64-linux-gnu/pkgconfig:/home/point001/autoware.ai/install/autoware_build_flags/lib/pkgconfig:${PKG_CONFIG_PATH} ROS_PACKAGE_PATH=/home/point001/autoware.ai/install/autoware_build_flags/share:${ROS_PACKAGE_PATH} /usr/bin/cmake --build /home/point001/autoware.ai/build/autoware_rviz_plugins --target install -- -j24 -l24
