[0.092s] Invoking command in '/home/point001/autoware.ai/build/autoware_lanelet2_msgs': /usr/bin/cmake --build /home/point001/autoware.ai/build/autoware_lanelet2_msgs -- -j24 -l24
[0.421s] [  0%] Built target std_msgs_generate_messages_py
[0.421s] [  0%] Built target std_msgs_generate_messages_cpp
[0.421s] [  0%] Built target std_msgs_generate_messages_nodejs
[0.421s] [  0%] Built target std_msgs_generate_messages_eus
[0.421s] [  0%] Built target _autoware_lanelet2_msgs_generate_messages_check_deps_MapBin
[0.421s] [  0%] Built target std_msgs_generate_messages_lisp
[0.421s] [ 14%] Built target autoware_lanelet2_msgs_generate_messages_cpp
[0.421s] [ 28%] Built target autoware_lanelet2_msgs_generate_messages_nodejs
[0.438s] [ 42%] Built target autoware_lanelet2_msgs_generate_messages_lisp
[0.461s] [ 71%] Built target autoware_lanelet2_msgs_generate_messages_py
[0.470s] [100%] Built target autoware_lanelet2_msgs_generate_messages_eus
[0.571s] [100%] Built target autoware_lanelet2_msgs_generate_messages
[0.736s] Invoked command in '/home/point001/autoware.ai/build/autoware_lanelet2_msgs' returned '0': /usr/bin/cmake --build /home/point001/autoware.ai/build/autoware_lanelet2_msgs -- -j24 -l24
[0.838s] Invoking command in '/home/point001/autoware.ai/build/autoware_lanelet2_msgs': /usr/bin/cmake --build /home/point001/autoware.ai/build/autoware_lanelet2_msgs --target tests -- -j24 -l24
[0.906s] Built target tests
[0.969s] Invoked command in '/home/point001/autoware.ai/build/autoware_lanelet2_msgs' returned '0': /usr/bin/cmake --build /home/point001/autoware.ai/build/autoware_lanelet2_msgs --target tests -- -j24 -l24
[1.100s] Invoking command in '/home/point001/autoware.ai/build/autoware_lanelet2_msgs': /usr/bin/cmake --build /home/point001/autoware.ai/build/autoware_lanelet2_msgs --target install -- -j24 -l24
[1.148s] [  0%] Built target std_msgs_generate_messages_eus
[1.148s] [  0%] Built target std_msgs_generate_messages_nodejs
[1.149s] [  0%] Built target std_msgs_generate_messages_lisp
[1.150s] [  0%] Built target std_msgs_generate_messages_cpp
[1.151s] [  0%] Built target std_msgs_generate_messages_py
[1.179s] [  0%] Built target _autoware_lanelet2_msgs_generate_messages_check_deps_MapBin
[1.205s] [ 42%] Built target autoware_lanelet2_msgs_generate_messages_cpp
[1.205s] [ 42%] Built target autoware_lanelet2_msgs_generate_messages_eus
[1.205s] [ 57%] Built target autoware_lanelet2_msgs_generate_messages_nodejs
[1.213s] [ 71%] Built target autoware_lanelet2_msgs_generate_messages_lisp
[1.216s] [100%] Built target autoware_lanelet2_msgs_generate_messages_py
[1.248s] [100%] Built target autoware_lanelet2_msgs_generate_messages
[1.258s] [36mInstall the project...[0m
[1.270s] -- Install configuration: "Release"
[1.270s] -- Up-to-date: /home/point001/autoware.ai/install/autoware_lanelet2_msgs/share/autoware_lanelet2_msgs/msg/MapBin.msg
[1.270s] -- Up-to-date: /home/point001/autoware.ai/install/autoware_lanelet2_msgs/share/autoware_lanelet2_msgs/cmake/autoware_lanelet2_msgs-msg-paths.cmake
[1.270s] -- Up-to-date: /home/point001/autoware.ai/install/autoware_lanelet2_msgs/include/autoware_lanelet2_msgs
[1.270s] -- Up-to-date: /home/point001/autoware.ai/install/autoware_lanelet2_msgs/include/autoware_lanelet2_msgs/MapBin.h
[1.270s] -- Up-to-date: /home/point001/autoware.ai/install/autoware_lanelet2_msgs/share/roseus/ros/autoware_lanelet2_msgs
[1.270s] -- Up-to-date: /home/point001/autoware.ai/install/autoware_lanelet2_msgs/share/roseus/ros/autoware_lanelet2_msgs/manifest.l
[1.270s] -- Up-to-date: /home/point001/autoware.ai/install/autoware_lanelet2_msgs/share/roseus/ros/autoware_lanelet2_msgs/msg
[1.270s] -- Up-to-date: /home/point001/autoware.ai/install/autoware_lanelet2_msgs/share/roseus/ros/autoware_lanelet2_msgs/msg/MapBin.l
[1.270s] -- Up-to-date: /home/point001/autoware.ai/install/autoware_lanelet2_msgs/share/common-lisp/ros/autoware_lanelet2_msgs
[1.270s] -- Up-to-date: /home/point001/autoware.ai/install/autoware_lanelet2_msgs/share/common-lisp/ros/autoware_lanelet2_msgs/msg
[1.270s] -- Up-to-date: /home/point001/autoware.ai/install/autoware_lanelet2_msgs/share/common-lisp/ros/autoware_lanelet2_msgs/msg/MapBin.lisp
[1.271s] -- Up-to-date: /home/point001/autoware.ai/install/autoware_lanelet2_msgs/share/common-lisp/ros/autoware_lanelet2_msgs/msg/autoware_lanelet2_msgs-msg.asd
[1.271s] -- Up-to-date: /home/point001/autoware.ai/install/autoware_lanelet2_msgs/share/common-lisp/ros/autoware_lanelet2_msgs/msg/_package.lisp
[1.271s] -- Up-to-date: /home/point001/autoware.ai/install/autoware_lanelet2_msgs/share/common-lisp/ros/autoware_lanelet2_msgs/msg/_package_MapBin.lisp
[1.271s] -- Up-to-date: /home/point001/autoware.ai/install/autoware_lanelet2_msgs/share/gennodejs/ros/autoware_lanelet2_msgs
[1.271s] -- Up-to-date: /home/point001/autoware.ai/install/autoware_lanelet2_msgs/share/gennodejs/ros/autoware_lanelet2_msgs/_index.js
[1.271s] -- Up-to-date: /home/point001/autoware.ai/install/autoware_lanelet2_msgs/share/gennodejs/ros/autoware_lanelet2_msgs/msg
[1.271s] -- Up-to-date: /home/point001/autoware.ai/install/autoware_lanelet2_msgs/share/gennodejs/ros/autoware_lanelet2_msgs/msg/MapBin.js
[1.271s] -- Up-to-date: /home/point001/autoware.ai/install/autoware_lanelet2_msgs/share/gennodejs/ros/autoware_lanelet2_msgs/msg/_index.js
[1.307s] Listing /home/point001/autoware.ai/build/autoware_lanelet2_msgs/devel/lib/python2.7/dist-packages/autoware_lanelet2_msgs ...
[1.307s] Listing /home/point001/autoware.ai/build/autoware_lanelet2_msgs/devel/lib/python2.7/dist-packages/autoware_lanelet2_msgs/msg ...
[1.309s] -- Up-to-date: /home/point001/autoware.ai/install/autoware_lanelet2_msgs/lib/python2.7/dist-packages/autoware_lanelet2_msgs
[1.309s] -- Up-to-date: /home/point001/autoware.ai/install/autoware_lanelet2_msgs/lib/python2.7/dist-packages/autoware_lanelet2_msgs/msg
[1.310s] -- Up-to-date: /home/point001/autoware.ai/install/autoware_lanelet2_msgs/lib/python2.7/dist-packages/autoware_lanelet2_msgs/msg/_MapBin.pyc
[1.310s] -- Up-to-date: /home/point001/autoware.ai/install/autoware_lanelet2_msgs/lib/python2.7/dist-packages/autoware_lanelet2_msgs/msg/__init__.py
[1.310s] -- Up-to-date: /home/point001/autoware.ai/install/autoware_lanelet2_msgs/lib/python2.7/dist-packages/autoware_lanelet2_msgs/msg/__init__.pyc
[1.310s] -- Up-to-date: /home/point001/autoware.ai/install/autoware_lanelet2_msgs/lib/python2.7/dist-packages/autoware_lanelet2_msgs/msg/_MapBin.py
[1.310s] -- Up-to-date: /home/point001/autoware.ai/install/autoware_lanelet2_msgs/lib/python2.7/dist-packages/autoware_lanelet2_msgs/__init__.py
[1.310s] -- Up-to-date: /home/point001/autoware.ai/install/autoware_lanelet2_msgs/lib/python2.7/dist-packages/autoware_lanelet2_msgs/__init__.pyc
[1.310s] -- Up-to-date: /home/point001/autoware.ai/install/autoware_lanelet2_msgs/lib/pkgconfig/autoware_lanelet2_msgs.pc
[1.310s] -- Up-to-date: /home/point001/autoware.ai/install/autoware_lanelet2_msgs/share/autoware_lanelet2_msgs/cmake/autoware_lanelet2_msgs-msg-extras.cmake
[1.311s] -- Up-to-date: /home/point001/autoware.ai/install/autoware_lanelet2_msgs/share/autoware_lanelet2_msgs/cmake/autoware_lanelet2_msgsConfig.cmake
[1.311s] -- Up-to-date: /home/point001/autoware.ai/install/autoware_lanelet2_msgs/share/autoware_lanelet2_msgs/cmake/autoware_lanelet2_msgsConfig-version.cmake
[1.311s] -- Up-to-date: /home/point001/autoware.ai/install/autoware_lanelet2_msgs/share/autoware_lanelet2_msgs/package.xml
[1.596s] Invoked command in '/home/point001/autoware.ai/build/autoware_lanelet2_msgs' returned '0': /usr/bin/cmake --build /home/point001/autoware.ai/build/autoware_lanelet2_msgs --target install -- -j24 -l24
