[0.230s] Invoking command in '/home/point001/autoware.ai/build/vision_beyond_track': CMAKE_PREFIX_PATH=/home/point001/autoware.ai/install/autoware_msgs:/home/point001/autoware.ai/install/autoware_build_flags:${CMAKE_PREFIX_PATH} PKG_CONFIG_PATH=/home/point001/autoware.ai/install/autoware_msgs/lib/x86_64-linux-gnu/pkgconfig:/home/point001/autoware.ai/install/autoware_msgs/lib/pkgconfig:/home/point001/autoware.ai/install/autoware_build_flags/lib/x86_64-linux-gnu/pkgconfig:/home/point001/autoware.ai/install/autoware_build_flags/lib/pkgconfig:${PKG_CONFIG_PATH} PYTHONPATH=/home/point001/autoware.ai/install/autoware_msgs/lib/python2.7/dist-packages:${PYTHONPATH} ROS_PACKAGE_PATH=/home/point001/autoware.ai/install/autoware_msgs/share:/home/point001/autoware.ai/install/autoware_build_flags/share:${ROS_PACKAGE_PATH} /usr/bin/cmake --build /home/point001/autoware.ai/build/vision_beyond_track -- -j24 -l24
[0.317s] [  0%] Built target pcl_msgs_generate_messages_eus
[0.328s] [  0%] Built target tf_generate_messages_py
[0.328s] [  0%] Built target tf2_msgs_generate_messages_cpp
[0.328s] [  0%] Built target autoware_msgs_generate_messages_py
[0.328s] [  0%] Built target sensor_msgs_generate_messages_lisp
[0.337s] [  0%] Built target autoware_msgs_generate_messages_cpp
[0.338s] [  0%] Built target _catkin_empty_exported_target
[0.338s] [  0%] Built target std_msgs_generate_messages_py
[0.338s] [  0%] Built target jsk_footstep_msgs_generate_messages_py
[0.338s] [  0%] Built target sensor_msgs_generate_messages_eus
[0.338s] [  0%] Built target sensor_msgs_generate_messages_nodejs
[0.338s] [  0%] Built target jsk_recognition_msgs_generate_messages_lisp
[0.339s] [  0%] Built target pcl_msgs_generate_messages_nodejs
[0.341s] [  0%] Built target roscpp_generate_messages_cpp
[0.341s] [  0%] Built target sensor_msgs_generate_messages_cpp
[0.342s] [  0%] Built target actionlib_generate_messages_cpp
[0.342s] [  0%] Built target sensor_msgs_generate_messages_py
[0.343s] [  0%] Built target jsk_recognition_msgs_generate_messages_py
[0.352s] [  0%] Built target jsk_recognition_msgs_generate_messages_eus
[0.352s] [  0%] Built target rosgraph_msgs_generate_messages_cpp
[0.359s] [  0%] Built target rosgraph_msgs_generate_messages_eus
[0.359s] [  0%] Built target std_msgs_generate_messages_nodejs
[0.360s] [  0%] Built target std_msgs_generate_messages_cpp
[0.361s] [  0%] Built target geometry_msgs_generate_messages_lisp
[0.363s] [  0%] Built target geometry_msgs_generate_messages_py
[0.368s] [  0%] Built target std_msgs_generate_messages_lisp
[0.371s] [  0%] Built target geometry_msgs_generate_messages_eus
[0.373s] [  0%] Built target autoware_msgs_generate_messages_lisp
[0.375s] [  0%] Built target jsk_recognition_msgs_generate_messages_cpp
[0.376s] [  0%] Built target pcl_msgs_generate_messages_cpp
[0.381s] [  0%] Built target autoware_msgs_generate_messages_nodejs
[0.385s] [  0%] Built target roscpp_generate_messages_nodejs
[0.387s] [  0%] Built target geometry_msgs_generate_messages_nodejs
[0.388s] [  0%] Built target jsk_footstep_msgs_generate_messages_eus
[0.389s] [  0%] Built target actionlib_msgs_generate_messages_lisp
[0.397s] [  0%] Built target rosgraph_msgs_generate_messages_lisp
[0.397s] [  0%] Built target autoware_msgs_generate_messages_eus
[0.397s] [  0%] Built target actionlib_msgs_generate_messages_py
[0.397s] [  0%] Built target jsk_footstep_msgs_generate_messages_nodejs
[0.399s] [  0%] Built target actionlib_msgs_generate_messages_eus
[0.401s] [  0%] Built target rosgraph_msgs_generate_messages_nodejs
[0.403s] [  0%] Built target jsk_footstep_msgs_generate_messages_lisp
[0.403s] [  0%] Built target jsk_recognition_msgs_generate_messages_nodejs
[0.408s] [  0%] Built target roscpp_generate_messages_eus
[0.408s] [  0%] Built target roscpp_generate_messages_lisp
[0.413s] [  0%] Built target roscpp_generate_messages_py
[0.421s] [  0%] Built target rosgraph_msgs_generate_messages_py
[0.421s] [  0%] Built target tf_generate_messages_lisp
[0.423s] [  0%] Built target tf_generate_messages_nodejs
[0.424s] [  0%] Built target jsk_footstep_msgs_generate_messages_cpp
[0.436s] [  0%] Built target actionlib_generate_messages_eus
[0.436s] [  0%] Built target tf_generate_messages_eus
[0.436s] [  0%] Built target actionlib_msgs_generate_messages_cpp
[0.438s] [  0%] Built target pcl_msgs_generate_messages_py
[0.438s] [  0%] Built target pcl_msgs_generate_messages_lisp
[0.439s] [  0%] Built target geometry_msgs_generate_messages_cpp
[0.447s] [  0%] Built target actionlib_generate_messages_nodejs
[0.447s] [  0%] Built target actionlib_generate_messages_lisp
[0.449s] [  0%] Built target tf2_msgs_generate_messages_eus
[0.450s] [  0%] Built target tf_generate_messages_cpp
[0.451s] [ 50%] Built target beyond_track_lib
[0.453s] [ 50%] Built target tf2_msgs_generate_messages_lisp
[0.455s] [ 50%] Built target std_msgs_generate_messages_eus
[0.456s] [ 50%] Built target tf2_msgs_generate_messages_py
[0.456s] [ 50%] Built target actionlib_generate_messages_py
[0.469s] [ 50%] Built target actionlib_msgs_generate_messages_nodejs
[0.483s] [ 50%] Built target tf2_msgs_generate_messages_nodejs
[0.545s] [100%] Built target vision_beyond_track
[0.604s] Invoked command in '/home/point001/autoware.ai/build/vision_beyond_track' returned '0': CMAKE_PREFIX_PATH=/home/point001/autoware.ai/install/autoware_msgs:/home/point001/autoware.ai/install/autoware_build_flags:${CMAKE_PREFIX_PATH} PKG_CONFIG_PATH=/home/point001/autoware.ai/install/autoware_msgs/lib/x86_64-linux-gnu/pkgconfig:/home/point001/autoware.ai/install/autoware_msgs/lib/pkgconfig:/home/point001/autoware.ai/install/autoware_build_flags/lib/x86_64-linux-gnu/pkgconfig:/home/point001/autoware.ai/install/autoware_build_flags/lib/pkgconfig:${PKG_CONFIG_PATH} PYTHONPATH=/home/point001/autoware.ai/install/autoware_msgs/lib/python2.7/dist-packages:${PYTHONPATH} ROS_PACKAGE_PATH=/home/point001/autoware.ai/install/autoware_msgs/share:/home/point001/autoware.ai/install/autoware_build_flags/share:${ROS_PACKAGE_PATH} /usr/bin/cmake --build /home/point001/autoware.ai/build/vision_beyond_track -- -j24 -l24
[0.888s] Invoking command in '/home/point001/autoware.ai/build/vision_beyond_track': CMAKE_PREFIX_PATH=/home/point001/autoware.ai/install/autoware_msgs:/home/point001/autoware.ai/install/autoware_build_flags:${CMAKE_PREFIX_PATH} PKG_CONFIG_PATH=/home/point001/autoware.ai/install/autoware_msgs/lib/x86_64-linux-gnu/pkgconfig:/home/point001/autoware.ai/install/autoware_msgs/lib/pkgconfig:/home/point001/autoware.ai/install/autoware_build_flags/lib/x86_64-linux-gnu/pkgconfig:/home/point001/autoware.ai/install/autoware_build_flags/lib/pkgconfig:${PKG_CONFIG_PATH} PYTHONPATH=/home/point001/autoware.ai/install/autoware_msgs/lib/python2.7/dist-packages:${PYTHONPATH} ROS_PACKAGE_PATH=/home/point001/autoware.ai/install/autoware_msgs/share:/home/point001/autoware.ai/install/autoware_build_flags/share:${ROS_PACKAGE_PATH} /usr/bin/cmake --build /home/point001/autoware.ai/build/vision_beyond_track --target tests -- -j24 -l24
[1.080s] Built target tests
[1.358s] Invoked command in '/home/point001/autoware.ai/build/vision_beyond_track' returned '0': CMAKE_PREFIX_PATH=/home/point001/autoware.ai/install/autoware_msgs:/home/point001/autoware.ai/install/autoware_build_flags:${CMAKE_PREFIX_PATH} PKG_CONFIG_PATH=/home/point001/autoware.ai/install/autoware_msgs/lib/x86_64-linux-gnu/pkgconfig:/home/point001/autoware.ai/install/autoware_msgs/lib/pkgconfig:/home/point001/autoware.ai/install/autoware_build_flags/lib/x86_64-linux-gnu/pkgconfig:/home/point001/autoware.ai/install/autoware_build_flags/lib/pkgconfig:${PKG_CONFIG_PATH} PYTHONPATH=/home/point001/autoware.ai/install/autoware_msgs/lib/python2.7/dist-packages:${PYTHONPATH} ROS_PACKAGE_PATH=/home/point001/autoware.ai/install/autoware_msgs/share:/home/point001/autoware.ai/install/autoware_build_flags/share:${ROS_PACKAGE_PATH} /usr/bin/cmake --build /home/point001/autoware.ai/build/vision_beyond_track --target tests -- -j24 -l24
[1.930s] Invoking command in '/home/point001/autoware.ai/build/vision_beyond_track': CMAKE_PREFIX_PATH=/home/point001/autoware.ai/install/autoware_msgs:/home/point001/autoware.ai/install/autoware_build_flags:${CMAKE_PREFIX_PATH} PKG_CONFIG_PATH=/home/point001/autoware.ai/install/autoware_msgs/lib/x86_64-linux-gnu/pkgconfig:/home/point001/autoware.ai/install/autoware_msgs/lib/pkgconfig:/home/point001/autoware.ai/install/autoware_build_flags/lib/x86_64-linux-gnu/pkgconfig:/home/point001/autoware.ai/install/autoware_build_flags/lib/pkgconfig:${PKG_CONFIG_PATH} PYTHONPATH=/home/point001/autoware.ai/install/autoware_msgs/lib/python2.7/dist-packages:${PYTHONPATH} ROS_PACKAGE_PATH=/home/point001/autoware.ai/install/autoware_msgs/share:/home/point001/autoware.ai/install/autoware_build_flags/share:${ROS_PACKAGE_PATH} /usr/bin/cmake --build /home/point001/autoware.ai/build/vision_beyond_track --target install -- -j24 -l24
[1.996s] [  0%] Built target rosgraph_msgs_generate_messages_cpp
[2.002s] [  0%] Built target geometry_msgs_generate_messages_py
[2.002s] [  0%] Built target sensor_msgs_generate_messages_py
[2.002s] [  0%] Built target sensor_msgs_generate_messages_eus
[2.002s] [  0%] Built target pcl_msgs_generate_messages_eus
[2.002s] [  0%] Built target tf2_msgs_generate_messages_cpp
[2.004s] [  0%] Built target roscpp_generate_messages_cpp
[2.005s] [  0%] Built target jsk_footstep_msgs_generate_messages_py
[2.007s] [  0%] Built target actionlib_generate_messages_cpp
[2.007s] [  0%] Built target jsk_recognition_msgs_generate_messages_py
[2.007s] [  0%] Built target std_msgs_generate_messages_cpp
[2.023s] [  0%] Built target rosgraph_msgs_generate_messages_eus
[2.023s] [  0%] Built target std_msgs_generate_messages_py
[2.023s] [  0%] Built target sensor_msgs_generate_messages_cpp
[2.023s] [  0%] Built target tf_generate_messages_py
[2.023s] [  0%] Built target sensor_msgs_generate_messages_lisp
[2.024s] [  0%] Built target autoware_msgs_generate_messages_cpp
[2.026s] [  0%] Built target std_msgs_generate_messages_nodejs
[2.026s] [  0%] Built target jsk_recognition_msgs_generate_messages_lisp
[2.032s] [  0%] Built target jsk_recognition_msgs_generate_messages_eus
[2.032s] [  0%] Built target pcl_msgs_generate_messages_nodejs
[2.033s] [  0%] Built target sensor_msgs_generate_messages_nodejs
[2.040s] [  0%] Built target autoware_msgs_generate_messages_py
[2.046s] [  0%] Built target autoware_msgs_generate_messages_lisp
[2.050s] [  0%] Built target geometry_msgs_generate_messages_eus
[2.051s] [  0%] Built target autoware_msgs_generate_messages_eus
[2.051s] [  0%] Built target _catkin_empty_exported_target
[2.064s] [  0%] Built target jsk_footstep_msgs_generate_messages_lisp
[2.064s] [  0%] Built target jsk_recognition_msgs_generate_messages_cpp
[2.064s] [  0%] Built target autoware_msgs_generate_messages_nodejs
[2.064s] [  0%] Built target jsk_footstep_msgs_generate_messages_eus
[2.064s] [  0%] Built target roscpp_generate_messages_nodejs
[2.071s] [  0%] Built target geometry_msgs_generate_messages_lisp
[2.075s] [  0%] Built target pcl_msgs_generate_messages_cpp
[2.075s] [  0%] Built target geometry_msgs_generate_messages_nodejs
[2.075s] [  0%] Built target actionlib_msgs_generate_messages_py
[2.075s] [  0%] Built target roscpp_generate_messages_eus
[2.075s] [  0%] Built target jsk_recognition_msgs_generate_messages_nodejs
[2.075s] [  0%] Built target std_msgs_generate_messages_lisp
[2.076s] [  0%] Built target jsk_footstep_msgs_generate_messages_nodejs
[2.076s] [  0%] Built target roscpp_generate_messages_py
[2.076s] [  0%] Built target actionlib_msgs_generate_messages_eus
[2.083s] [  0%] Built target rosgraph_msgs_generate_messages_lisp
[2.083s] [  0%] Built target rosgraph_msgs_generate_messages_nodejs
[2.091s] [  0%] Built target jsk_footstep_msgs_generate_messages_cpp
[2.091s] [  0%] Built target rosgraph_msgs_generate_messages_py
[2.100s] [  0%] Built target geometry_msgs_generate_messages_cpp
[2.100s] [  0%] Built target actionlib_msgs_generate_messages_cpp
[2.100s] [  0%] Built target actionlib_msgs_generate_messages_lisp
[2.103s] [  0%] Built target tf_generate_messages_nodejs
[2.114s] [  0%] Built target pcl_msgs_generate_messages_py
[2.115s] [  0%] Built target pcl_msgs_generate_messages_lisp
[2.115s] [  0%] Built target tf_generate_messages_lisp
[2.115s] [  0%] Built target tf2_msgs_generate_messages_py
[2.116s] [  0%] Built target roscpp_generate_messages_lisp
[2.125s] [  0%] Built target tf_generate_messages_eus
[2.125s] [  0%] Built target tf2_msgs_generate_messages_lisp
[2.125s] [  0%] Built target actionlib_generate_messages_nodejs
[2.131s] [ 50%] Built target beyond_track_lib
[2.131s] [ 50%] Built target tf2_msgs_generate_messages_eus
[2.131s] [ 50%] Built target tf_generate_messages_cpp
[2.132s] [ 50%] Built target actionlib_msgs_generate_messages_nodejs
[2.139s] [ 50%] Built target actionlib_generate_messages_py
[2.139s] [ 50%] Built target std_msgs_generate_messages_eus
[2.140s] [ 50%] Built target actionlib_generate_messages_lisp
[2.141s] [ 50%] Built target actionlib_generate_messages_eus
[2.150s] [ 50%] Built target tf2_msgs_generate_messages_nodejs
[2.185s] [100%] Built target vision_beyond_track
[2.213s] [36mInstall the project...[0m
[2.221s] -- Install configuration: "Release"
[2.225s] -- Up-to-date: /home/point001/autoware.ai/install/vision_beyond_track/lib/pkgconfig/vision_beyond_track.pc
[2.226s] -- Up-to-date: /home/point001/autoware.ai/install/vision_beyond_track/share/vision_beyond_track/cmake/vision_beyond_trackConfig.cmake
[2.226s] -- Up-to-date: /home/point001/autoware.ai/install/vision_beyond_track/share/vision_beyond_track/cmake/vision_beyond_trackConfig-version.cmake
[2.226s] -- Up-to-date: /home/point001/autoware.ai/install/vision_beyond_track/share/vision_beyond_track/package.xml
[2.226s] -- Up-to-date: /home/point001/autoware.ai/install/vision_beyond_track/lib/libbeyond_track_lib.a
[2.226s] -- Up-to-date: /home/point001/autoware.ai/install/vision_beyond_track/lib/vision_beyond_track/vision_beyond_track
[2.226s] -- Up-to-date: /home/point001/autoware.ai/install/vision_beyond_track/share/vision_beyond_track/launch
[2.226s] -- Up-to-date: /home/point001/autoware.ai/install/vision_beyond_track/share/vision_beyond_track/launch/vision_beyond_track.launch
[2.367s] Invoked command in '/home/point001/autoware.ai/build/vision_beyond_track' returned '0': CMAKE_PREFIX_PATH=/home/point001/autoware.ai/install/autoware_msgs:/home/point001/autoware.ai/install/autoware_build_flags:${CMAKE_PREFIX_PATH} PKG_CONFIG_PATH=/home/point001/autoware.ai/install/autoware_msgs/lib/x86_64-linux-gnu/pkgconfig:/home/point001/autoware.ai/install/autoware_msgs/lib/pkgconfig:/home/point001/autoware.ai/install/autoware_build_flags/lib/x86_64-linux-gnu/pkgconfig:/home/point001/autoware.ai/install/autoware_build_flags/lib/pkgconfig:${PKG_CONFIG_PATH} PYTHONPATH=/home/point001/autoware.ai/install/autoware_msgs/lib/python2.7/dist-packages:${PYTHONPATH} ROS_PACKAGE_PATH=/home/point001/autoware.ai/install/autoware_msgs/share:/home/point001/autoware.ai/install/autoware_build_flags/share:${ROS_PACKAGE_PATH} /usr/bin/cmake --build /home/point001/autoware.ai/build/vision_beyond_track --target install -- -j24 -l24
