[0.069s] Invoking command in '/home/point001/autoware.ai/build/lanelet_aisan_converter': CMAKE_PREFIX_PATH=/home/point001/autoware.ai/install/map_file:/home/point001/autoware.ai/install/lanelet2_extension:/home/point001/autoware.ai/install/lanelet2_validation:/home/point001/autoware.ai/install/lanelet2_routing:/home/point001/autoware.ai/install/lanelet2_projection:/home/point001/autoware.ai/install/lanelet2_traffic_rules:/home/point001/autoware.ai/install/lanelet2_maps:/home/point001/autoware.ai/install/lanelet2_io:/home/point001/autoware.ai/install/vector_map:/home/point001/autoware.ai/install/lanelet2_core:/home/point001/autoware.ai/install/amathutils_lib:/home/point001/autoware.ai/install/vector_map_msgs:/home/point001/autoware.ai/install/autoware_msgs:/home/point001/autoware.ai/install/autoware_lanelet2_msgs:${CMAKE_PREFIX_PATH} LD_LIBRARY_PATH=/home/point001/autoware.ai/install/map_file/lib:/home/point001/autoware.ai/install/lanelet2_extension/lib:/home/point001/autoware.ai/install/lanelet2_validation/lib:/home/point001/autoware.ai/install/lanelet2_routing/lib:/home/point001/autoware.ai/install/lanelet2_projection/lib:/home/point001/autoware.ai/install/lanelet2_traffic_rules/lib:/home/point001/autoware.ai/install/lanelet2_io/lib:/home/point001/autoware.ai/install/vector_map/lib:/home/point001/autoware.ai/install/lanelet2_core/lib:/home/point001/autoware.ai/install/amathutils_lib/lib:/opt/ros/melodic/lib:/usr/local/cuda-10.0/lib64 PKG_CONFIG_PATH=/home/point001/autoware.ai/install/map_file/lib/x86_64-linux-gnu/pkgconfig:/home/point001/autoware.ai/install/map_file/lib/pkgconfig:/home/point001/autoware.ai/install/lanelet2_extension/lib/x86_64-linux-gnu/pkgconfig:/home/point001/autoware.ai/install/lanelet2_extension/lib/pkgconfig:/home/point001/autoware.ai/install/lanelet2_validation/lib/x86_64-linux-gnu/pkgconfig:/home/point001/autoware.ai/install/lanelet2_validation/lib/pkgconfig:/home/point001/autoware.ai/install/lanelet2_routing/lib/x86_64-linux-gnu/pkgconfig:/home/point001/autoware.ai/install/lanelet2_routing/lib/pkgconfig:/home/point001/autoware.ai/install/lanelet2_projection/lib/x86_64-linux-gnu/pkgconfig:/home/point001/autoware.ai/install/lanelet2_projection/lib/pkgconfig:/home/point001/autoware.ai/install/lanelet2_traffic_rules/lib/x86_64-linux-gnu/pkgconfig:/home/point001/autoware.ai/install/lanelet2_traffic_rules/lib/pkgconfig:/home/point001/autoware.ai/install/lanelet2_maps/lib/x86_64-linux-gnu/pkgconfig:/home/point001/autoware.ai/install/lanelet2_maps/lib/pkgconfig:/home/point001/autoware.ai/install/lanelet2_io/lib/x86_64-linux-gnu/pkgconfig:/home/point001/autoware.ai/install/lanelet2_io/lib/pkgconfig:/home/point001/autoware.ai/install/vector_map/lib/x86_64-linux-gnu/pkgconfig:/home/point001/autoware.ai/install/vector_map/lib/pkgconfig:/home/point001/autoware.ai/install/lanelet2_core/lib/x86_64-linux-gnu/pkgconfig:/home/point001/autoware.ai/install/lanelet2_core/lib/pkgconfig:/home/point001/autoware.ai/install/amathutils_lib/lib/x86_64-linux-gnu/pkgconfig:/home/point001/autoware.ai/install/amathutils_lib/lib/pkgconfig:/home/point001/autoware.ai/install/vector_map_msgs/lib/x86_64-linux-gnu/pkgconfig:/home/point001/autoware.ai/install/vector_map_msgs/lib/pkgconfig:/home/point001/autoware.ai/install/autoware_msgs/lib/x86_64-linux-gnu/pkgconfig:/home/point001/autoware.ai/install/autoware_msgs/lib/pkgconfig:/home/point001/autoware.ai/install/autoware_lanelet2_msgs/lib/x86_64-linux-gnu/pkgconfig:/home/point001/autoware.ai/install/autoware_lanelet2_msgs/lib/pkgconfig:${PKG_CONFIG_PATH} PYTHONPATH=/home/point001/autoware.ai/install/vector_map_msgs/lib/python2.7/dist-packages:/home/point001/autoware.ai/install/autoware_msgs/lib/python2.7/dist-packages:/home/point001/autoware.ai/install/autoware_lanelet2_msgs/lib/python2.7/dist-packages:${PYTHONPATH} ROS_PACKAGE_PATH=/home/point001/autoware.ai/install/map_file/share:/home/point001/autoware.ai/install/lanelet2_extension/share:/home/point001/autoware.ai/install/lanelet2_validation/share:/home/point001/autoware.ai/install/lanelet2_routing/share:/home/point001/autoware.ai/install/lanelet2_projection/share:/home/point001/autoware.ai/install/lanelet2_traffic_rules/share:/home/point001/autoware.ai/install/lanelet2_maps/share:/home/point001/autoware.ai/install/lanelet2_io/share:/home/point001/autoware.ai/install/vector_map/share:/home/point001/autoware.ai/install/lanelet2_core/share:/home/point001/autoware.ai/install/amathutils_lib/share:/home/point001/autoware.ai/install/vector_map_msgs/share:/home/point001/autoware.ai/install/autoware_msgs/share:/home/point001/autoware.ai/install/autoware_lanelet2_msgs/share:${ROS_PACKAGE_PATH} /usr/bin/cmake --build /home/point001/autoware.ai/build/lanelet_aisan_converter -- -j24 -l24
[0.216s] [  0%] Built target sensor_msgs_generate_messages_py
[0.225s] [  0%] Built target geometry_msgs_generate_messages_lisp
[0.231s] [  0%] Built target geographic_msgs_generate_messages_cpp
[0.243s] [  0%] Built target autoware_msgs_generate_messages_eus
[0.246s] [  0%] Built target actionlib_msgs_generate_messages_py
[0.250s] [  0%] Built target tf_generate_messages_py
[0.252s] [  0%] Built target uuid_msgs_generate_messages_py
[0.258s] [  0%] Built target actionlib_msgs_generate_messages_lisp
[0.265s] [  0%] Built target jsk_footstep_msgs_generate_messages_cpp
[0.274s] [  0%] Built target visualization_msgs_generate_messages_lisp
[0.279s] [  0%] Built target jsk_footstep_msgs_generate_messages_eus
[0.280s] [  0%] Built target std_msgs_generate_messages_eus
[0.282s] [  0%] Built target geometry_msgs_generate_messages_nodejs
[0.283s] [  0%] Built target actionlib_msgs_generate_messages_nodejs
[0.285s] [  0%] Built target pcl_msgs_generate_messages_cpp
[0.288s] [  0%] Built target jsk_footstep_msgs_generate_messages_nodejs
[0.290s] [  0%] Built target jsk_footstep_msgs_generate_messages_py
[0.297s] [  0%] Built target geometry_msgs_generate_messages_eus
[0.299s] [  0%] Built target autoware_msgs_generate_messages_lisp
[0.307s] [  0%] Built target jsk_recognition_msgs_generate_messages_cpp
[0.316s] [  0%] Built target roscpp_generate_messages_nodejs
[0.316s] [  0%] Built target jsk_footstep_msgs_generate_messages_lisp
[0.326s] [  0%] Built target std_msgs_generate_messages_cpp
[0.348s] [  0%] Built target jsk_recognition_msgs_generate_messages_nodejs
[0.383s] [  0%] Built target tf_generate_messages_eus
[0.385s] [  0%] Built target std_msgs_generate_messages_lisp
[0.399s] [  0%] Built target rosgraph_msgs_generate_messages_lisp
[0.401s] [  0%] Built target roscpp_generate_messages_py
[0.429s] [  0%] Built target geographic_msgs_generate_messages_lisp
[0.429s] [  0%] Built target actionlib_generate_messages_eus
[0.429s] [  0%] Built target rosgraph_msgs_generate_messages_nodejs
[0.429s] [  0%] Built target actionlib_msgs_generate_messages_cpp
[0.429s] [  0%] Built target tf2_msgs_generate_messages_lisp
[0.433s] [  0%] Built target actionlib_generate_messages_py
[0.433s] [  0%] Built target tf_generate_messages_cpp
[0.433s] [  0%] Built target actionlib_msgs_generate_messages_eus
[0.433s] [  0%] Built target visualization_msgs_generate_messages_cpp
[0.433s] [  0%] Built target tf_generate_messages_nodejs
[0.433s] [  0%] Built target actionlib_generate_messages_lisp
[0.433s] [  0%] Built target roscpp_generate_messages_lisp
[0.433s] [  0%] Built target geometry_msgs_generate_messages_cpp
[0.434s] [  0%] Built target tf_generate_messages_lisp
[0.437s] [  0%] Built target actionlib_generate_messages_nodejs
[0.462s] [  0%] Built target pcl_msgs_generate_messages_py
[0.466s] [  0%] Built target tf2_msgs_generate_messages_py
[0.470s] [  0%] Built target pcl_msgs_generate_messages_lisp
[0.473s] [  0%] Built target geographic_msgs_generate_messages_py
[0.483s] [  0%] Built target tf2_msgs_generate_messages_eus
[0.509s] [  0%] Built target uuid_msgs_generate_messages_nodejs
[0.509s] [  0%] Built target geographic_msgs_generate_messages_nodejs
[0.517s] [  0%] Built target roscpp_generate_messages_cpp
[0.519s] [  0%] Built target vector_map_msgs_generate_messages_py
[0.522s] [  0%] Built target autoware_msgs_generate_messages_nodejs
[0.529s] [  0%] Built target rosgraph_msgs_generate_messages_py
[0.529s] [  0%] Built target roscpp_generate_messages_eus
[0.531s] [  0%] Built target tf2_msgs_generate_messages_nodejs
[0.542s] [  0%] Built target visualization_msgs_generate_messages_eus
[0.549s] [  0%] Built target vector_map_msgs_generate_messages_eus
[0.558s] [  0%] Built target uuid_msgs_generate_messages_eus
[0.560s] [  0%] Built target geographic_msgs_generate_messages_eus
[0.571s] [  0%] Built target visualization_msgs_generate_messages_py
[0.571s] [  0%] Built target vector_map_msgs_generate_messages_nodejs
[0.571s] [  0%] Built target vector_map_msgs_generate_messages_cpp
[0.585s] [  0%] Built target tf2_msgs_generate_messages_cpp
[0.587s] [  0%] Built target visualization_msgs_generate_messages_nodejs
[0.593s] [  0%] Built target vector_map_msgs_generate_messages_lisp
[0.598s] [  0%] Built target sensor_msgs_generate_messages_nodejs
[0.617s] [  0%] Built target geometry_msgs_generate_messages_py
[0.618s] [  0%] Built target uuid_msgs_generate_messages_lisp
[0.619s] [  0%] Built target uuid_msgs_generate_messages_cpp
[0.621s] [  0%] Built target pcl_msgs_generate_messages_eus
[0.623s] [  0%] Built target jsk_recognition_msgs_generate_messages_lisp
[0.625s] [  0%] Built target sensor_msgs_generate_messages_cpp
[0.625s] [  0%] Built target rosgraph_msgs_generate_messages_eus
[0.628s] [  0%] Built target jsk_recognition_msgs_generate_messages_py
[0.640s] [  0%] Built target autoware_msgs_generate_messages_cpp
[0.642s] [  0%] Built target actionlib_generate_messages_cpp
[0.647s] [  0%] Built target jsk_recognition_msgs_generate_messages_eus
[0.652s] [  0%] Built target std_msgs_generate_messages_py
[0.654s] [  0%] Built target _catkin_empty_exported_target
[0.655s] [  0%] Built target rosgraph_msgs_generate_messages_cpp
[0.658s] [  0%] Built target sensor_msgs_generate_messages_eus
[0.659s] [  0%] Built target autoware_msgs_generate_messages_py
[0.675s] [  0%] Built target sensor_msgs_generate_messages_lisp
[0.683s] [  0%] Built target pcl_msgs_generate_messages_nodejs
[0.690s] [  0%] Built target std_msgs_generate_messages_nodejs
[0.732s] [ 18%] Built target aisan_map
[0.738s] [ 36%] Built target lanelet_helper
[0.770s] [ 81%] Built target lanelet2aisan_converter
[0.798s] [100%] Built target lanelet2aisan
[0.857s] Invoked command in '/home/point001/autoware.ai/build/lanelet_aisan_converter' returned '0': CMAKE_PREFIX_PATH=/home/point001/autoware.ai/install/map_file:/home/point001/autoware.ai/install/lanelet2_extension:/home/point001/autoware.ai/install/lanelet2_validation:/home/point001/autoware.ai/install/lanelet2_routing:/home/point001/autoware.ai/install/lanelet2_projection:/home/point001/autoware.ai/install/lanelet2_traffic_rules:/home/point001/autoware.ai/install/lanelet2_maps:/home/point001/autoware.ai/install/lanelet2_io:/home/point001/autoware.ai/install/vector_map:/home/point001/autoware.ai/install/lanelet2_core:/home/point001/autoware.ai/install/amathutils_lib:/home/point001/autoware.ai/install/vector_map_msgs:/home/point001/autoware.ai/install/autoware_msgs:/home/point001/autoware.ai/install/autoware_lanelet2_msgs:${CMAKE_PREFIX_PATH} LD_LIBRARY_PATH=/home/point001/autoware.ai/install/map_file/lib:/home/point001/autoware.ai/install/lanelet2_extension/lib:/home/point001/autoware.ai/install/lanelet2_validation/lib:/home/point001/autoware.ai/install/lanelet2_routing/lib:/home/point001/autoware.ai/install/lanelet2_projection/lib:/home/point001/autoware.ai/install/lanelet2_traffic_rules/lib:/home/point001/autoware.ai/install/lanelet2_io/lib:/home/point001/autoware.ai/install/vector_map/lib:/home/point001/autoware.ai/install/lanelet2_core/lib:/home/point001/autoware.ai/install/amathutils_lib/lib:/opt/ros/melodic/lib:/usr/local/cuda-10.0/lib64 PKG_CONFIG_PATH=/home/point001/autoware.ai/install/map_file/lib/x86_64-linux-gnu/pkgconfig:/home/point001/autoware.ai/install/map_file/lib/pkgconfig:/home/point001/autoware.ai/install/lanelet2_extension/lib/x86_64-linux-gnu/pkgconfig:/home/point001/autoware.ai/install/lanelet2_extension/lib/pkgconfig:/home/point001/autoware.ai/install/lanelet2_validation/lib/x86_64-linux-gnu/pkgconfig:/home/point001/autoware.ai/install/lanelet2_validation/lib/pkgconfig:/home/point001/autoware.ai/install/lanelet2_routing/lib/x86_64-linux-gnu/pkgconfig:/home/point001/autoware.ai/install/lanelet2_routing/lib/pkgconfig:/home/point001/autoware.ai/install/lanelet2_projection/lib/x86_64-linux-gnu/pkgconfig:/home/point001/autoware.ai/install/lanelet2_projection/lib/pkgconfig:/home/point001/autoware.ai/install/lanelet2_traffic_rules/lib/x86_64-linux-gnu/pkgconfig:/home/point001/autoware.ai/install/lanelet2_traffic_rules/lib/pkgconfig:/home/point001/autoware.ai/install/lanelet2_maps/lib/x86_64-linux-gnu/pkgconfig:/home/point001/autoware.ai/install/lanelet2_maps/lib/pkgconfig:/home/point001/autoware.ai/install/lanelet2_io/lib/x86_64-linux-gnu/pkgconfig:/home/point001/autoware.ai/install/lanelet2_io/lib/pkgconfig:/home/point001/autoware.ai/install/vector_map/lib/x86_64-linux-gnu/pkgconfig:/home/point001/autoware.ai/install/vector_map/lib/pkgconfig:/home/point001/autoware.ai/install/lanelet2_core/lib/x86_64-linux-gnu/pkgconfig:/home/point001/autoware.ai/install/lanelet2_core/lib/pkgconfig:/home/point001/autoware.ai/install/amathutils_lib/lib/x86_64-linux-gnu/pkgconfig:/home/point001/autoware.ai/install/amathutils_lib/lib/pkgconfig:/home/point001/autoware.ai/install/vector_map_msgs/lib/x86_64-linux-gnu/pkgconfig:/home/point001/autoware.ai/install/vector_map_msgs/lib/pkgconfig:/home/point001/autoware.ai/install/autoware_msgs/lib/x86_64-linux-gnu/pkgconfig:/home/point001/autoware.ai/install/autoware_msgs/lib/pkgconfig:/home/point001/autoware.ai/install/autoware_lanelet2_msgs/lib/x86_64-linux-gnu/pkgconfig:/home/point001/autoware.ai/install/autoware_lanelet2_msgs/lib/pkgconfig:${PKG_CONFIG_PATH} PYTHONPATH=/home/point001/autoware.ai/install/vector_map_msgs/lib/python2.7/dist-packages:/home/point001/autoware.ai/install/autoware_msgs/lib/python2.7/dist-packages:/home/point001/autoware.ai/install/autoware_lanelet2_msgs/lib/python2.7/dist-packages:${PYTHONPATH} ROS_PACKAGE_PATH=/home/point001/autoware.ai/install/map_file/share:/home/point001/autoware.ai/install/lanelet2_extension/share:/home/point001/autoware.ai/install/lanelet2_validation/share:/home/point001/autoware.ai/install/lanelet2_routing/share:/home/point001/autoware.ai/install/lanelet2_projection/share:/home/point001/autoware.ai/install/lanelet2_traffic_rules/share:/home/point001/autoware.ai/install/lanelet2_maps/share:/home/point001/autoware.ai/install/lanelet2_io/share:/home/point001/autoware.ai/install/vector_map/share:/home/point001/autoware.ai/install/lanelet2_core/share:/home/point001/autoware.ai/install/amathutils_lib/share:/home/point001/autoware.ai/install/vector_map_msgs/share:/home/point001/autoware.ai/install/autoware_msgs/share:/home/point001/autoware.ai/install/autoware_lanelet2_msgs/share:${ROS_PACKAGE_PATH} /usr/bin/cmake --build /home/point001/autoware.ai/build/lanelet_aisan_converter -- -j24 -l24
[1.248s] Invoking command in '/home/point001/autoware.ai/build/lanelet_aisan_converter': CMAKE_PREFIX_PATH=/home/point001/autoware.ai/install/map_file:/home/point001/autoware.ai/install/lanelet2_extension:/home/point001/autoware.ai/install/lanelet2_validation:/home/point001/autoware.ai/install/lanelet2_routing:/home/point001/autoware.ai/install/lanelet2_projection:/home/point001/autoware.ai/install/lanelet2_traffic_rules:/home/point001/autoware.ai/install/lanelet2_maps:/home/point001/autoware.ai/install/lanelet2_io:/home/point001/autoware.ai/install/vector_map:/home/point001/autoware.ai/install/lanelet2_core:/home/point001/autoware.ai/install/amathutils_lib:/home/point001/autoware.ai/install/vector_map_msgs:/home/point001/autoware.ai/install/autoware_msgs:/home/point001/autoware.ai/install/autoware_lanelet2_msgs:${CMAKE_PREFIX_PATH} LD_LIBRARY_PATH=/home/point001/autoware.ai/install/map_file/lib:/home/point001/autoware.ai/install/lanelet2_extension/lib:/home/point001/autoware.ai/install/lanelet2_validation/lib:/home/point001/autoware.ai/install/lanelet2_routing/lib:/home/point001/autoware.ai/install/lanelet2_projection/lib:/home/point001/autoware.ai/install/lanelet2_traffic_rules/lib:/home/point001/autoware.ai/install/lanelet2_io/lib:/home/point001/autoware.ai/install/vector_map/lib:/home/point001/autoware.ai/install/lanelet2_core/lib:/home/point001/autoware.ai/install/amathutils_lib/lib:/opt/ros/melodic/lib:/usr/local/cuda-10.0/lib64 PKG_CONFIG_PATH=/home/point001/autoware.ai/install/map_file/lib/x86_64-linux-gnu/pkgconfig:/home/point001/autoware.ai/install/map_file/lib/pkgconfig:/home/point001/autoware.ai/install/lanelet2_extension/lib/x86_64-linux-gnu/pkgconfig:/home/point001/autoware.ai/install/lanelet2_extension/lib/pkgconfig:/home/point001/autoware.ai/install/lanelet2_validation/lib/x86_64-linux-gnu/pkgconfig:/home/point001/autoware.ai/install/lanelet2_validation/lib/pkgconfig:/home/point001/autoware.ai/install/lanelet2_routing/lib/x86_64-linux-gnu/pkgconfig:/home/point001/autoware.ai/install/lanelet2_routing/lib/pkgconfig:/home/point001/autoware.ai/install/lanelet2_projection/lib/x86_64-linux-gnu/pkgconfig:/home/point001/autoware.ai/install/lanelet2_projection/lib/pkgconfig:/home/point001/autoware.ai/install/lanelet2_traffic_rules/lib/x86_64-linux-gnu/pkgconfig:/home/point001/autoware.ai/install/lanelet2_traffic_rules/lib/pkgconfig:/home/point001/autoware.ai/install/lanelet2_maps/lib/x86_64-linux-gnu/pkgconfig:/home/point001/autoware.ai/install/lanelet2_maps/lib/pkgconfig:/home/point001/autoware.ai/install/lanelet2_io/lib/x86_64-linux-gnu/pkgconfig:/home/point001/autoware.ai/install/lanelet2_io/lib/pkgconfig:/home/point001/autoware.ai/install/vector_map/lib/x86_64-linux-gnu/pkgconfig:/home/point001/autoware.ai/install/vector_map/lib/pkgconfig:/home/point001/autoware.ai/install/lanelet2_core/lib/x86_64-linux-gnu/pkgconfig:/home/point001/autoware.ai/install/lanelet2_core/lib/pkgconfig:/home/point001/autoware.ai/install/amathutils_lib/lib/x86_64-linux-gnu/pkgconfig:/home/point001/autoware.ai/install/amathutils_lib/lib/pkgconfig:/home/point001/autoware.ai/install/vector_map_msgs/lib/x86_64-linux-gnu/pkgconfig:/home/point001/autoware.ai/install/vector_map_msgs/lib/pkgconfig:/home/point001/autoware.ai/install/autoware_msgs/lib/x86_64-linux-gnu/pkgconfig:/home/point001/autoware.ai/install/autoware_msgs/lib/pkgconfig:/home/point001/autoware.ai/install/autoware_lanelet2_msgs/lib/x86_64-linux-gnu/pkgconfig:/home/point001/autoware.ai/install/autoware_lanelet2_msgs/lib/pkgconfig:${PKG_CONFIG_PATH} PYTHONPATH=/home/point001/autoware.ai/install/vector_map_msgs/lib/python2.7/dist-packages:/home/point001/autoware.ai/install/autoware_msgs/lib/python2.7/dist-packages:/home/point001/autoware.ai/install/autoware_lanelet2_msgs/lib/python2.7/dist-packages:${PYTHONPATH} ROS_PACKAGE_PATH=/home/point001/autoware.ai/install/map_file/share:/home/point001/autoware.ai/install/lanelet2_extension/share:/home/point001/autoware.ai/install/lanelet2_validation/share:/home/point001/autoware.ai/install/lanelet2_routing/share:/home/point001/autoware.ai/install/lanelet2_projection/share:/home/point001/autoware.ai/install/lanelet2_traffic_rules/share:/home/point001/autoware.ai/install/lanelet2_maps/share:/home/point001/autoware.ai/install/lanelet2_io/share:/home/point001/autoware.ai/install/vector_map/share:/home/point001/autoware.ai/install/lanelet2_core/share:/home/point001/autoware.ai/install/amathutils_lib/share:/home/point001/autoware.ai/install/vector_map_msgs/share:/home/point001/autoware.ai/install/autoware_msgs/share:/home/point001/autoware.ai/install/autoware_lanelet2_msgs/share:${ROS_PACKAGE_PATH} /usr/bin/cmake --build /home/point001/autoware.ai/build/lanelet_aisan_converter --target tests -- -j24 -l24
[1.372s] [  0%] Built target uuid_msgs_generate_messages_py
[1.372s] [  0%] Built target autoware_msgs_generate_messages_eus
[1.372s] [  0%] Built target jsk_footstep_msgs_generate_messages_lisp
[1.372s] [  0%] Built target geographic_msgs_generate_messages_cpp
[1.372s] [  0%] Built target geometry_msgs_generate_messages_eus
[1.372s] [  0%] Built target jsk_footstep_msgs_generate_messages_py
[1.373s] [  0%] Built target actionlib_msgs_generate_messages_nodejs
[1.381s] [  0%] Built target roscpp_generate_messages_nodejs
[1.382s] [  0%] Built target autoware_msgs_generate_messages_lisp
[1.382s] [  0%] Built target jsk_footstep_msgs_generate_messages_eus
[1.382s] [  0%] Built target std_msgs_generate_messages_eus
[1.382s] [  0%] Built target jsk_footstep_msgs_generate_messages_cpp
[1.382s] [  0%] Built target pcl_msgs_generate_messages_cpp
[1.382s] [  0%] Built target geometry_msgs_generate_messages_lisp
[1.382s] [  0%] Built target actionlib_msgs_generate_messages_py
[1.385s] [  0%] Built target jsk_footstep_msgs_generate_messages_nodejs
[1.389s] [  0%] Built target std_msgs_generate_messages_lisp
[1.389s] [  0%] Built target actionlib_msgs_generate_messages_lisp
[1.391s] [  0%] Built target std_msgs_generate_messages_cpp
[1.393s] [  0%] Built target jsk_recognition_msgs_generate_messages_cpp
[1.396s] [  0%] Built target visualization_msgs_generate_messages_lisp
[1.404s] [  0%] Built target tf_generate_messages_py
[1.419s] [  0%] Built target rosgraph_msgs_generate_messages_lisp
[1.428s] [  0%] Built target tf_generate_messages_nodejs
[1.436s] [  0%] Built target tf_generate_messages_eus
[1.439s] [  0%] Built target geometry_msgs_generate_messages_cpp
[1.440s] [  0%] Built target roscpp_generate_messages_lisp
[1.442s] [  0%] Built target actionlib_msgs_generate_messages_cpp
[1.444s] [  0%] Built target actionlib_generate_messages_eus
[1.444s] [  0%] Built target sensor_msgs_generate_messages_py
[1.444s] [  0%] Built target tf_generate_messages_lisp
[1.446s] [  0%] Built target geometry_msgs_generate_messages_nodejs
[1.456s] [  0%] Built target actionlib_generate_messages_nodejs
[1.458s] [  0%] Built target geographic_msgs_generate_messages_lisp
[1.471s] [  0%] Built target tf_generate_messages_cpp
[1.471s] [  0%] Built target actionlib_generate_messages_lisp
[1.474s] [  0%] Built target pcl_msgs_generate_messages_py
[1.483s] [  0%] Built target actionlib_msgs_generate_messages_eus
[1.484s] [  0%] Built target roscpp_generate_messages_eus
[1.488s] [  0%] Built target rosgraph_msgs_generate_messages_nodejs
[1.488s] [  0%] Built target roscpp_generate_messages_py
[1.490s] [  0%] Built target jsk_recognition_msgs_generate_messages_nodejs
[1.491s] [  0%] Built target rosgraph_msgs_generate_messages_py
[1.493s] [  0%] Built target uuid_msgs_generate_messages_eus
[1.494s] [  0%] Built target visualization_msgs_generate_messages_cpp
[1.496s] [  0%] Built target geographic_msgs_generate_messages_nodejs
[1.499s] [  0%] Built target tf2_msgs_generate_messages_py
[1.500s] [  0%] Built target pcl_msgs_generate_messages_lisp
[1.501s] [  0%] Built target tf2_msgs_generate_messages_eus
[1.510s] [  0%] Built target vector_map_msgs_generate_messages_py
[1.511s] [  0%] Built target actionlib_generate_messages_py
[1.512s] [  0%] Built target uuid_msgs_generate_messages_cpp
[1.531s] [  0%] Built target geographic_msgs_generate_messages_py
[1.532s] [  0%] Built target geographic_msgs_generate_messages_eus
[1.534s] [  0%] Built target roscpp_generate_messages_cpp
[1.541s] [  0%] Built target autoware_msgs_generate_messages_nodejs
[1.545s] [  0%] Built target tf2_msgs_generate_messages_nodejs
[1.545s] [  0%] Built target vector_map_msgs_generate_messages_nodejs
[1.546s] [  0%] Built target tf2_msgs_generate_messages_lisp
[1.547s] [  0%] Built target visualization_msgs_generate_messages_eus
[1.551s] [  0%] Built target uuid_msgs_generate_messages_nodejs
[1.551s] [  0%] Built target vector_map_msgs_generate_messages_cpp
[1.553s] [  0%] Built target vector_map_msgs_generate_messages_lisp
[1.556s] [  0%] Built target sensor_msgs_generate_messages_nodejs
[1.564s] [  0%] Built target vector_map_msgs_generate_messages_eus
[1.569s] [  0%] Built target visualization_msgs_generate_messages_py
[1.570s] [  0%] Built target uuid_msgs_generate_messages_lisp
[1.571s] [  0%] Built target jsk_recognition_msgs_generate_messages_eus
[1.571s] [  0%] Built target pcl_msgs_generate_messages_eus
[1.573s] [  0%] Built target jsk_recognition_msgs_generate_messages_lisp
[1.574s] [  0%] Built target actionlib_generate_messages_cpp
[1.574s] [  0%] Built target autoware_msgs_generate_messages_py
[1.577s] [  0%] Built target tf2_msgs_generate_messages_cpp
[1.579s] [  0%] Built target geometry_msgs_generate_messages_py
[1.584s] [  0%] Built target rosgraph_msgs_generate_messages_eus
[1.589s] [  0%] Built target std_msgs_generate_messages_py
[1.589s] [  0%] Built target autoware_msgs_generate_messages_cpp
[1.590s] [  0%] Built target rosgraph_msgs_generate_messages_cpp
[1.591s] [  0%] Built target _catkin_empty_exported_target
[1.592s] [  0%] Built target sensor_msgs_generate_messages_eus
[1.593s] [  0%] Built target visualization_msgs_generate_messages_nodejs
[1.594s] [  0%] Built target std_msgs_generate_messages_nodejs
[1.596s] [  0%] Built target jsk_recognition_msgs_generate_messages_py
[1.599s] [  0%] Built target sensor_msgs_generate_messages_lisp
[1.600s] [  0%] Built target sensor_msgs_generate_messages_cpp
[1.601s] [  0%] Built target pcl_msgs_generate_messages_nodejs
[1.604s] [ 15%] Built target gtest
[1.623s] [ 30%] Built target aisan_map
[1.624s] [ 46%] Built target lanelet_helper
[1.657s] [ 84%] Built target lanelet2aisan_converter
[1.687s] [100%] Built target test_lanelet2aisan_converter
[1.714s] [100%] Built target tests
[1.771s] Invoked command in '/home/point001/autoware.ai/build/lanelet_aisan_converter' returned '0': CMAKE_PREFIX_PATH=/home/point001/autoware.ai/install/map_file:/home/point001/autoware.ai/install/lanelet2_extension:/home/point001/autoware.ai/install/lanelet2_validation:/home/point001/autoware.ai/install/lanelet2_routing:/home/point001/autoware.ai/install/lanelet2_projection:/home/point001/autoware.ai/install/lanelet2_traffic_rules:/home/point001/autoware.ai/install/lanelet2_maps:/home/point001/autoware.ai/install/lanelet2_io:/home/point001/autoware.ai/install/vector_map:/home/point001/autoware.ai/install/lanelet2_core:/home/point001/autoware.ai/install/amathutils_lib:/home/point001/autoware.ai/install/vector_map_msgs:/home/point001/autoware.ai/install/autoware_msgs:/home/point001/autoware.ai/install/autoware_lanelet2_msgs:${CMAKE_PREFIX_PATH} LD_LIBRARY_PATH=/home/point001/autoware.ai/install/map_file/lib:/home/point001/autoware.ai/install/lanelet2_extension/lib:/home/point001/autoware.ai/install/lanelet2_validation/lib:/home/point001/autoware.ai/install/lanelet2_routing/lib:/home/point001/autoware.ai/install/lanelet2_projection/lib:/home/point001/autoware.ai/install/lanelet2_traffic_rules/lib:/home/point001/autoware.ai/install/lanelet2_io/lib:/home/point001/autoware.ai/install/vector_map/lib:/home/point001/autoware.ai/install/lanelet2_core/lib:/home/point001/autoware.ai/install/amathutils_lib/lib:/opt/ros/melodic/lib:/usr/local/cuda-10.0/lib64 PKG_CONFIG_PATH=/home/point001/autoware.ai/install/map_file/lib/x86_64-linux-gnu/pkgconfig:/home/point001/autoware.ai/install/map_file/lib/pkgconfig:/home/point001/autoware.ai/install/lanelet2_extension/lib/x86_64-linux-gnu/pkgconfig:/home/point001/autoware.ai/install/lanelet2_extension/lib/pkgconfig:/home/point001/autoware.ai/install/lanelet2_validation/lib/x86_64-linux-gnu/pkgconfig:/home/point001/autoware.ai/install/lanelet2_validation/lib/pkgconfig:/home/point001/autoware.ai/install/lanelet2_routing/lib/x86_64-linux-gnu/pkgconfig:/home/point001/autoware.ai/install/lanelet2_routing/lib/pkgconfig:/home/point001/autoware.ai/install/lanelet2_projection/lib/x86_64-linux-gnu/pkgconfig:/home/point001/autoware.ai/install/lanelet2_projection/lib/pkgconfig:/home/point001/autoware.ai/install/lanelet2_traffic_rules/lib/x86_64-linux-gnu/pkgconfig:/home/point001/autoware.ai/install/lanelet2_traffic_rules/lib/pkgconfig:/home/point001/autoware.ai/install/lanelet2_maps/lib/x86_64-linux-gnu/pkgconfig:/home/point001/autoware.ai/install/lanelet2_maps/lib/pkgconfig:/home/point001/autoware.ai/install/lanelet2_io/lib/x86_64-linux-gnu/pkgconfig:/home/point001/autoware.ai/install/lanelet2_io/lib/pkgconfig:/home/point001/autoware.ai/install/vector_map/lib/x86_64-linux-gnu/pkgconfig:/home/point001/autoware.ai/install/vector_map/lib/pkgconfig:/home/point001/autoware.ai/install/lanelet2_core/lib/x86_64-linux-gnu/pkgconfig:/home/point001/autoware.ai/install/lanelet2_core/lib/pkgconfig:/home/point001/autoware.ai/install/amathutils_lib/lib/x86_64-linux-gnu/pkgconfig:/home/point001/autoware.ai/install/amathutils_lib/lib/pkgconfig:/home/point001/autoware.ai/install/vector_map_msgs/lib/x86_64-linux-gnu/pkgconfig:/home/point001/autoware.ai/install/vector_map_msgs/lib/pkgconfig:/home/point001/autoware.ai/install/autoware_msgs/lib/x86_64-linux-gnu/pkgconfig:/home/point001/autoware.ai/install/autoware_msgs/lib/pkgconfig:/home/point001/autoware.ai/install/autoware_lanelet2_msgs/lib/x86_64-linux-gnu/pkgconfig:/home/point001/autoware.ai/install/autoware_lanelet2_msgs/lib/pkgconfig:${PKG_CONFIG_PATH} PYTHONPATH=/home/point001/autoware.ai/install/vector_map_msgs/lib/python2.7/dist-packages:/home/point001/autoware.ai/install/autoware_msgs/lib/python2.7/dist-packages:/home/point001/autoware.ai/install/autoware_lanelet2_msgs/lib/python2.7/dist-packages:${PYTHONPATH} ROS_PACKAGE_PATH=/home/point001/autoware.ai/install/map_file/share:/home/point001/autoware.ai/install/lanelet2_extension/share:/home/point001/autoware.ai/install/lanelet2_validation/share:/home/point001/autoware.ai/install/lanelet2_routing/share:/home/point001/autoware.ai/install/lanelet2_projection/share:/home/point001/autoware.ai/install/lanelet2_traffic_rules/share:/home/point001/autoware.ai/install/lanelet2_maps/share:/home/point001/autoware.ai/install/lanelet2_io/share:/home/point001/autoware.ai/install/vector_map/share:/home/point001/autoware.ai/install/lanelet2_core/share:/home/point001/autoware.ai/install/amathutils_lib/share:/home/point001/autoware.ai/install/vector_map_msgs/share:/home/point001/autoware.ai/install/autoware_msgs/share:/home/point001/autoware.ai/install/autoware_lanelet2_msgs/share:${ROS_PACKAGE_PATH} /usr/bin/cmake --build /home/point001/autoware.ai/build/lanelet_aisan_converter --target tests -- -j24 -l24
[2.806s] Invoking command in '/home/point001/autoware.ai/build/lanelet_aisan_converter': CMAKE_PREFIX_PATH=/home/point001/autoware.ai/install/map_file:/home/point001/autoware.ai/install/lanelet2_extension:/home/point001/autoware.ai/install/lanelet2_validation:/home/point001/autoware.ai/install/lanelet2_routing:/home/point001/autoware.ai/install/lanelet2_projection:/home/point001/autoware.ai/install/lanelet2_traffic_rules:/home/point001/autoware.ai/install/lanelet2_maps:/home/point001/autoware.ai/install/lanelet2_io:/home/point001/autoware.ai/install/vector_map:/home/point001/autoware.ai/install/lanelet2_core:/home/point001/autoware.ai/install/amathutils_lib:/home/point001/autoware.ai/install/vector_map_msgs:/home/point001/autoware.ai/install/autoware_msgs:/home/point001/autoware.ai/install/autoware_lanelet2_msgs:${CMAKE_PREFIX_PATH} LD_LIBRARY_PATH=/home/point001/autoware.ai/install/map_file/lib:/home/point001/autoware.ai/install/lanelet2_extension/lib:/home/point001/autoware.ai/install/lanelet2_validation/lib:/home/point001/autoware.ai/install/lanelet2_routing/lib:/home/point001/autoware.ai/install/lanelet2_projection/lib:/home/point001/autoware.ai/install/lanelet2_traffic_rules/lib:/home/point001/autoware.ai/install/lanelet2_io/lib:/home/point001/autoware.ai/install/vector_map/lib:/home/point001/autoware.ai/install/lanelet2_core/lib:/home/point001/autoware.ai/install/amathutils_lib/lib:/opt/ros/melodic/lib:/usr/local/cuda-10.0/lib64 PKG_CONFIG_PATH=/home/point001/autoware.ai/install/map_file/lib/x86_64-linux-gnu/pkgconfig:/home/point001/autoware.ai/install/map_file/lib/pkgconfig:/home/point001/autoware.ai/install/lanelet2_extension/lib/x86_64-linux-gnu/pkgconfig:/home/point001/autoware.ai/install/lanelet2_extension/lib/pkgconfig:/home/point001/autoware.ai/install/lanelet2_validation/lib/x86_64-linux-gnu/pkgconfig:/home/point001/autoware.ai/install/lanelet2_validation/lib/pkgconfig:/home/point001/autoware.ai/install/lanelet2_routing/lib/x86_64-linux-gnu/pkgconfig:/home/point001/autoware.ai/install/lanelet2_routing/lib/pkgconfig:/home/point001/autoware.ai/install/lanelet2_projection/lib/x86_64-linux-gnu/pkgconfig:/home/point001/autoware.ai/install/lanelet2_projection/lib/pkgconfig:/home/point001/autoware.ai/install/lanelet2_traffic_rules/lib/x86_64-linux-gnu/pkgconfig:/home/point001/autoware.ai/install/lanelet2_traffic_rules/lib/pkgconfig:/home/point001/autoware.ai/install/lanelet2_maps/lib/x86_64-linux-gnu/pkgconfig:/home/point001/autoware.ai/install/lanelet2_maps/lib/pkgconfig:/home/point001/autoware.ai/install/lanelet2_io/lib/x86_64-linux-gnu/pkgconfig:/home/point001/autoware.ai/install/lanelet2_io/lib/pkgconfig:/home/point001/autoware.ai/install/vector_map/lib/x86_64-linux-gnu/pkgconfig:/home/point001/autoware.ai/install/vector_map/lib/pkgconfig:/home/point001/autoware.ai/install/lanelet2_core/lib/x86_64-linux-gnu/pkgconfig:/home/point001/autoware.ai/install/lanelet2_core/lib/pkgconfig:/home/point001/autoware.ai/install/amathutils_lib/lib/x86_64-linux-gnu/pkgconfig:/home/point001/autoware.ai/install/amathutils_lib/lib/pkgconfig:/home/point001/autoware.ai/install/vector_map_msgs/lib/x86_64-linux-gnu/pkgconfig:/home/point001/autoware.ai/install/vector_map_msgs/lib/pkgconfig:/home/point001/autoware.ai/install/autoware_msgs/lib/x86_64-linux-gnu/pkgconfig:/home/point001/autoware.ai/install/autoware_msgs/lib/pkgconfig:/home/point001/autoware.ai/install/autoware_lanelet2_msgs/lib/x86_64-linux-gnu/pkgconfig:/home/point001/autoware.ai/install/autoware_lanelet2_msgs/lib/pkgconfig:${PKG_CONFIG_PATH} PYTHONPATH=/home/point001/autoware.ai/install/vector_map_msgs/lib/python2.7/dist-packages:/home/point001/autoware.ai/install/autoware_msgs/lib/python2.7/dist-packages:/home/point001/autoware.ai/install/autoware_lanelet2_msgs/lib/python2.7/dist-packages:${PYTHONPATH} ROS_PACKAGE_PATH=/home/point001/autoware.ai/install/map_file/share:/home/point001/autoware.ai/install/lanelet2_extension/share:/home/point001/autoware.ai/install/lanelet2_validation/share:/home/point001/autoware.ai/install/lanelet2_routing/share:/home/point001/autoware.ai/install/lanelet2_projection/share:/home/point001/autoware.ai/install/lanelet2_traffic_rules/share:/home/point001/autoware.ai/install/lanelet2_maps/share:/home/point001/autoware.ai/install/lanelet2_io/share:/home/point001/autoware.ai/install/vector_map/share:/home/point001/autoware.ai/install/lanelet2_core/share:/home/point001/autoware.ai/install/amathutils_lib/share:/home/point001/autoware.ai/install/vector_map_msgs/share:/home/point001/autoware.ai/install/autoware_msgs/share:/home/point001/autoware.ai/install/autoware_lanelet2_msgs/share:${ROS_PACKAGE_PATH} /usr/bin/cmake --build /home/point001/autoware.ai/build/lanelet_aisan_converter --target install -- -j24 -l24
[2.874s] [  0%] Built target autoware_msgs_generate_messages_eus
[2.874s] [  0%] Built target actionlib_msgs_generate_messages_nodejs
[2.874s] [  0%] Built target geometry_msgs_generate_messages_eus
[2.876s] [  0%] Built target tf_generate_messages_py
[2.877s] [  0%] Built target uuid_msgs_generate_messages_py
[2.878s] [  0%] Built target sensor_msgs_generate_messages_py
[2.879s] [  0%] Built target roscpp_generate_messages_nodejs
[2.879s] [  0%] Built target jsk_footstep_msgs_generate_messages_py
[2.879s] [  0%] Built target geometry_msgs_generate_messages_nodejs
[2.883s] [  0%] Built target jsk_footstep_msgs_generate_messages_nodejs
[2.885s] [  0%] Built target visualization_msgs_generate_messages_lisp
[2.885s] [  0%] Built target std_msgs_generate_messages_cpp
[2.886s] [  0%] Built target actionlib_msgs_generate_messages_lisp
[2.886s] [  0%] Built target actionlib_msgs_generate_messages_py
[2.894s] [  0%] Built target jsk_footstep_msgs_generate_messages_eus
[2.894s] [  0%] Built target pcl_msgs_generate_messages_cpp
[2.895s] [  0%] Built target jsk_footstep_msgs_generate_messages_lisp
[2.895s] [  0%] Built target geographic_msgs_generate_messages_cpp
[2.895s] [  0%] Built target geometry_msgs_generate_messages_lisp
[2.895s] [  0%] Built target std_msgs_generate_messages_lisp
[2.895s] [  0%] Built target jsk_footstep_msgs_generate_messages_cpp
[2.895s] [  0%] Built target jsk_recognition_msgs_generate_messages_cpp
[2.898s] [  0%] Built target autoware_msgs_generate_messages_lisp
[2.907s] [  0%] Built target std_msgs_generate_messages_eus
[2.908s] [  0%] Built target jsk_recognition_msgs_generate_messages_nodejs
[2.910s] [  0%] Built target rosgraph_msgs_generate_messages_nodejs
[2.910s] [  0%] Built target rosgraph_msgs_generate_messages_lisp
[2.911s] [  0%] Built target tf_generate_messages_nodejs
[2.912s] [  0%] Built target roscpp_generate_messages_lisp
[2.913s] [  0%] Built target tf_generate_messages_eus
[2.914s] [  0%] Built target roscpp_generate_messages_py
[2.917s] [  0%] Built target tf_generate_messages_lisp
[2.918s] [  0%] Built target actionlib_msgs_generate_messages_eus
[2.921s] [  0%] Built target geometry_msgs_generate_messages_cpp
[2.922s] [  0%] Built target rosgraph_msgs_generate_messages_py
[2.923s] [  0%] Built target actionlib_generate_messages_nodejs
[2.923s] [  0%] Built target geographic_msgs_generate_messages_lisp
[2.923s] [  0%] Built target roscpp_generate_messages_eus
[2.924s] [  0%] Built target pcl_msgs_generate_messages_py
[2.926s] [  0%] Built target actionlib_generate_messages_lisp
[2.926s] [  0%] Built target geographic_msgs_generate_messages_nodejs
[2.926s] [  0%] Built target tf_generate_messages_cpp
[2.929s] [  0%] Built target actionlib_msgs_generate_messages_cpp
[2.932s] [  0%] Built target actionlib_generate_messages_eus
[2.932s] [  0%] Built target pcl_msgs_generate_messages_lisp
[2.932s] [  0%] Built target tf2_msgs_generate_messages_eus
[2.933s] [  0%] Built target visualization_msgs_generate_messages_cpp
[2.937s] [  0%] Built target tf2_msgs_generate_messages_lisp
[2.937s] [  0%] Built target autoware_msgs_generate_messages_nodejs
[2.942s] [  0%] Built target actionlib_generate_messages_py
[2.944s] [  0%] Built target geographic_msgs_generate_messages_eus
[2.945s] [  0%] Built target tf2_msgs_generate_messages_py
[2.949s] [  0%] Built target roscpp_generate_messages_cpp
[2.950s] [  0%] Built target vector_map_msgs_generate_messages_lisp
[2.950s] [  0%] Built target uuid_msgs_generate_messages_cpp
[2.951s] [  0%] Built target vector_map_msgs_generate_messages_nodejs
[2.952s] [  0%] Built target visualization_msgs_generate_messages_py
[2.953s] [  0%] Built target geographic_msgs_generate_messages_py
[2.953s] [  0%] Built target vector_map_msgs_generate_messages_cpp
[2.955s] [  0%] Built target visualization_msgs_generate_messages_nodejs
[2.956s] [  0%] Built target tf2_msgs_generate_messages_nodejs
[2.957s] [  0%] Built target uuid_msgs_generate_messages_eus
[2.958s] [  0%] Built target uuid_msgs_generate_messages_nodejs
[2.959s] [  0%] Built target vector_map_msgs_generate_messages_py
[2.960s] [  0%] Built target vector_map_msgs_generate_messages_eus
[2.961s] [  0%] Built target visualization_msgs_generate_messages_eus
[2.962s] [  0%] Built target sensor_msgs_generate_messages_nodejs
[2.963s] [  0%] Built target geometry_msgs_generate_messages_py
[2.963s] [  0%] Built target pcl_msgs_generate_messages_eus
[2.964s] [  0%] Built target actionlib_generate_messages_cpp
[2.964s] [  0%] Built target uuid_msgs_generate_messages_lisp
[2.965s] [  0%] Built target jsk_recognition_msgs_generate_messages_lisp
[2.975s] [  0%] Built target rosgraph_msgs_generate_messages_eus
[2.976s] [  0%] Built target std_msgs_generate_messages_py
[2.976s] [  0%] Built target tf2_msgs_generate_messages_cpp
[2.976s] [  0%] Built target autoware_msgs_generate_messages_py
[2.977s] [  0%] Built target sensor_msgs_generate_messages_cpp
[2.977s] [  0%] Built target autoware_msgs_generate_messages_cpp
[2.978s] [  0%] Built target jsk_recognition_msgs_generate_messages_eus
[2.979s] [  0%] Built target _catkin_empty_exported_target
[2.981s] [  0%] Built target sensor_msgs_generate_messages_eus
[2.981s] [  0%] Built target pcl_msgs_generate_messages_nodejs
[2.981s] [  0%] Built target sensor_msgs_generate_messages_lisp
[2.981s] [  0%] Built target std_msgs_generate_messages_nodejs
[2.983s] [  0%] Built target jsk_recognition_msgs_generate_messages_py
[2.986s] [  0%] Built target rosgraph_msgs_generate_messages_cpp
[3.004s] [ 18%] Built target aisan_map
[3.012s] [ 36%] Built target lanelet_helper
[3.046s] [ 81%] Built target lanelet2aisan_converter
[3.073s] [100%] Built target lanelet2aisan
[3.106s] [36mInstall the project...[0m
[3.111s] -- Install configuration: "Release"
[3.111s] -- Up-to-date: /home/point001/autoware.ai/install/lanelet_aisan_converter/lib/pkgconfig/lanelet_aisan_converter.pc
[3.112s] -- Up-to-date: /home/point001/autoware.ai/install/lanelet_aisan_converter/share/lanelet_aisan_converter/cmake/lanelet_aisan_converterConfig.cmake
[3.112s] -- Up-to-date: /home/point001/autoware.ai/install/lanelet_aisan_converter/share/lanelet_aisan_converter/cmake/lanelet_aisan_converterConfig-version.cmake
[3.112s] -- Up-to-date: /home/point001/autoware.ai/install/lanelet_aisan_converter/share/lanelet_aisan_converter/package.xml
[3.112s] -- Up-to-date: /home/point001/autoware.ai/install/lanelet_aisan_converter/lib/lanelet_aisan_converter/lanelet2aisan
[3.112s] -- Up-to-date: /home/point001/autoware.ai/install/lanelet_aisan_converter/lib/liblanelet_helper.a
[3.112s] -- Up-to-date: /home/point001/autoware.ai/install/lanelet_aisan_converter/lib/liblanelet2aisan_converter.a
[3.113s] -- Up-to-date: /home/point001/autoware.ai/install/lanelet_aisan_converter/lib/libaisan_map.a
[3.113s] -- Up-to-date: /home/point001/autoware.ai/install/lanelet_aisan_converter/include/lanelet_aisan_converter
[3.113s] -- Up-to-date: /home/point001/autoware.ai/install/lanelet_aisan_converter/include/lanelet_aisan_converter/aisan_map
[3.113s] -- Up-to-date: /home/point001/autoware.ai/install/lanelet_aisan_converter/include/lanelet_aisan_converter/aisan_map/csv_def.h
[3.113s] -- Up-to-date: /home/point001/autoware.ai/install/lanelet_aisan_converter/include/lanelet_aisan_converter/aisan_map/supported_vector_map_msgs.h
[3.113s] -- Up-to-date: /home/point001/autoware.ai/install/lanelet_aisan_converter/include/lanelet_aisan_converter/aisan_map/aisan_map.h
[3.113s] -- Up-to-date: /home/point001/autoware.ai/install/lanelet_aisan_converter/include/lanelet_aisan_converter/lanelet2aisan_converter
[3.114s] -- Up-to-date: /home/point001/autoware.ai/install/lanelet_aisan_converter/include/lanelet_aisan_converter/lanelet2aisan_converter/lanelet2aisan_converter.h
[3.114s] -- Up-to-date: /home/point001/autoware.ai/install/lanelet_aisan_converter/include/lanelet_aisan_converter/lanelet2aisan_converter/unique_id_handler.h
[3.114s] -- Up-to-date: /home/point001/autoware.ai/install/lanelet_aisan_converter/include/lanelet_aisan_converter/lanelet_helper
[3.114s] -- Up-to-date: /home/point001/autoware.ai/install/lanelet_aisan_converter/include/lanelet_aisan_converter/lanelet_helper/lanelet_helper.h
[3.114s] -- Up-to-date: /home/point001/autoware.ai/install/lanelet_aisan_converter/share/lanelet_aisan_converter/scripts/launch_vector_map_loader.sh
[3.118s] Invoked command in '/home/point001/autoware.ai/build/lanelet_aisan_converter' returned '0': CMAKE_PREFIX_PATH=/home/point001/autoware.ai/install/map_file:/home/point001/autoware.ai/install/lanelet2_extension:/home/point001/autoware.ai/install/lanelet2_validation:/home/point001/autoware.ai/install/lanelet2_routing:/home/point001/autoware.ai/install/lanelet2_projection:/home/point001/autoware.ai/install/lanelet2_traffic_rules:/home/point001/autoware.ai/install/lanelet2_maps:/home/point001/autoware.ai/install/lanelet2_io:/home/point001/autoware.ai/install/vector_map:/home/point001/autoware.ai/install/lanelet2_core:/home/point001/autoware.ai/install/amathutils_lib:/home/point001/autoware.ai/install/vector_map_msgs:/home/point001/autoware.ai/install/autoware_msgs:/home/point001/autoware.ai/install/autoware_lanelet2_msgs:${CMAKE_PREFIX_PATH} LD_LIBRARY_PATH=/home/point001/autoware.ai/install/map_file/lib:/home/point001/autoware.ai/install/lanelet2_extension/lib:/home/point001/autoware.ai/install/lanelet2_validation/lib:/home/point001/autoware.ai/install/lanelet2_routing/lib:/home/point001/autoware.ai/install/lanelet2_projection/lib:/home/point001/autoware.ai/install/lanelet2_traffic_rules/lib:/home/point001/autoware.ai/install/lanelet2_io/lib:/home/point001/autoware.ai/install/vector_map/lib:/home/point001/autoware.ai/install/lanelet2_core/lib:/home/point001/autoware.ai/install/amathutils_lib/lib:/opt/ros/melodic/lib:/usr/local/cuda-10.0/lib64 PKG_CONFIG_PATH=/home/point001/autoware.ai/install/map_file/lib/x86_64-linux-gnu/pkgconfig:/home/point001/autoware.ai/install/map_file/lib/pkgconfig:/home/point001/autoware.ai/install/lanelet2_extension/lib/x86_64-linux-gnu/pkgconfig:/home/point001/autoware.ai/install/lanelet2_extension/lib/pkgconfig:/home/point001/autoware.ai/install/lanelet2_validation/lib/x86_64-linux-gnu/pkgconfig:/home/point001/autoware.ai/install/lanelet2_validation/lib/pkgconfig:/home/point001/autoware.ai/install/lanelet2_routing/lib/x86_64-linux-gnu/pkgconfig:/home/point001/autoware.ai/install/lanelet2_routing/lib/pkgconfig:/home/point001/autoware.ai/install/lanelet2_projection/lib/x86_64-linux-gnu/pkgconfig:/home/point001/autoware.ai/install/lanelet2_projection/lib/pkgconfig:/home/point001/autoware.ai/install/lanelet2_traffic_rules/lib/x86_64-linux-gnu/pkgconfig:/home/point001/autoware.ai/install/lanelet2_traffic_rules/lib/pkgconfig:/home/point001/autoware.ai/install/lanelet2_maps/lib/x86_64-linux-gnu/pkgconfig:/home/point001/autoware.ai/install/lanelet2_maps/lib/pkgconfig:/home/point001/autoware.ai/install/lanelet2_io/lib/x86_64-linux-gnu/pkgconfig:/home/point001/autoware.ai/install/lanelet2_io/lib/pkgconfig:/home/point001/autoware.ai/install/vector_map/lib/x86_64-linux-gnu/pkgconfig:/home/point001/autoware.ai/install/vector_map/lib/pkgconfig:/home/point001/autoware.ai/install/lanelet2_core/lib/x86_64-linux-gnu/pkgconfig:/home/point001/autoware.ai/install/lanelet2_core/lib/pkgconfig:/home/point001/autoware.ai/install/amathutils_lib/lib/x86_64-linux-gnu/pkgconfig:/home/point001/autoware.ai/install/amathutils_lib/lib/pkgconfig:/home/point001/autoware.ai/install/vector_map_msgs/lib/x86_64-linux-gnu/pkgconfig:/home/point001/autoware.ai/install/vector_map_msgs/lib/pkgconfig:/home/point001/autoware.ai/install/autoware_msgs/lib/x86_64-linux-gnu/pkgconfig:/home/point001/autoware.ai/install/autoware_msgs/lib/pkgconfig:/home/point001/autoware.ai/install/autoware_lanelet2_msgs/lib/x86_64-linux-gnu/pkgconfig:/home/point001/autoware.ai/install/autoware_lanelet2_msgs/lib/pkgconfig:${PKG_CONFIG_PATH} PYTHONPATH=/home/point001/autoware.ai/install/vector_map_msgs/lib/python2.7/dist-packages:/home/point001/autoware.ai/install/autoware_msgs/lib/python2.7/dist-packages:/home/point001/autoware.ai/install/autoware_lanelet2_msgs/lib/python2.7/dist-packages:${PYTHONPATH} ROS_PACKAGE_PATH=/home/point001/autoware.ai/install/map_file/share:/home/point001/autoware.ai/install/lanelet2_extension/share:/home/point001/autoware.ai/install/lanelet2_validation/share:/home/point001/autoware.ai/install/lanelet2_routing/share:/home/point001/autoware.ai/install/lanelet2_projection/share:/home/point001/autoware.ai/install/lanelet2_traffic_rules/share:/home/point001/autoware.ai/install/lanelet2_maps/share:/home/point001/autoware.ai/install/lanelet2_io/share:/home/point001/autoware.ai/install/vector_map/share:/home/point001/autoware.ai/install/lanelet2_core/share:/home/point001/autoware.ai/install/amathutils_lib/share:/home/point001/autoware.ai/install/vector_map_msgs/share:/home/point001/autoware.ai/install/autoware_msgs/share:/home/point001/autoware.ai/install/autoware_lanelet2_msgs/share:${ROS_PACKAGE_PATH} /usr/bin/cmake --build /home/point001/autoware.ai/build/lanelet_aisan_converter --target install -- -j24 -l24
