[0.541s] Invoking command in '/home/point001/autoware.ai/build/javad_navsat_driver': /usr/bin/cmake --build /home/point001/autoware.ai/build/javad_navsat_driver -- -j24 -l24
[0.764s] Invoked command in '/home/point001/autoware.ai/build/javad_navsat_driver' returned '0': /usr/bin/cmake --build /home/point001/autoware.ai/build/javad_navsat_driver -- -j24 -l24
[0.945s] Invoking command in '/home/point001/autoware.ai/build/javad_navsat_driver': /usr/bin/cmake --build /home/point001/autoware.ai/build/javad_navsat_driver --target tests -- -j24 -l24
[1.172s] Built target tests
[1.288s] Invoked command in '/home/point001/autoware.ai/build/javad_navsat_driver' returned '0': /usr/bin/cmake --build /home/point001/autoware.ai/build/javad_navsat_driver --target tests -- -j24 -l24
[1.857s] Invoking command in '/home/point001/autoware.ai/build/javad_navsat_driver': /usr/bin/cmake --build /home/point001/autoware.ai/build/javad_navsat_driver --target install -- -j24 -l24
[2.013s] [36mInstall the project...[0m
[2.015s] -- Install configuration: "Release"
[2.027s] + cd /home/point001/autoware.ai/src/drivers/awf_drivers/javad_navsat_driver
[2.027s] + mkdir -p /home/point001/autoware.ai/install/javad_navsat_driver/lib/python2.7/dist-packages
[2.049s] + /usr/bin/env PYTHONPATH=/home/point001/autoware.ai/install/javad_navsat_driver/lib/python2.7/dist-packages:/home/point001/autoware.ai/build/javad_navsat_driver/lib/python2.7/dist-packages:/home/point001/autoware.ai/install/vector_map_server/lib/python2.7/dist-packages:/home/point001/autoware.ai/install/vector_map_msgs/lib/python2.7/dist-packages:/home/point001/autoware.ai/install/tablet_socket_msgs/lib/python2.7/dist-packages:/home/point001/autoware.ai/install/sick_ldmrs_driver/lib/python2.7/dist-packages:/home/point001/autoware.ai/install/sick_ldmrs_msgs/lib/python2.7/dist-packages:/home/point001/autoware.ai/install/points_downsampler/lib/python2.7/dist-packages:/home/point001/autoware.ai/install/mrt_cmake_modules/lib/python2.7/dist-packages:/home/point001/autoware.ai/install/lgsvl_simulator_bridge/lib/python2.7/dist-packages:/home/point001/autoware.ai/install/lanelet2_python/lib/python2.7/dist-packages:/home/point001/autoware.ai/install/kitti_player/lib/python2.7/dist-packages:/home/point001/autoware.ai/install/javad_navsat_driver/lib/python2.7/dist-packages:/home/point001/autoware.ai/install/ds4_msgs/lib/python2.7/dist-packages:/home/point001/autoware.ai/install/custom_msgs/lib/python2.7/dist-packages:/home/point001/autoware.ai/install/carla_autoware_bridge/lib/python2.7/dist-packages:/home/point001/autoware.ai/install/autoware_system_msgs/lib/python2.7/dist-packages:/home/point001/autoware.ai/install/autoware_camera_lidar_calibrator/lib/python2.7/dist-packages:/home/point001/autoware.ai/install/autoware_msgs/lib/python2.7/dist-packages:/home/point001/autoware.ai/install/autoware_map_msgs/lib/python2.7/dist-packages:/home/point001/autoware.ai/install/autoware_launcher/lib/python2.7/dist-packages:/home/point001/autoware.ai/install/autoware_lanelet2_msgs/lib/python2.7/dist-packages:/home/point001/autoware.ai/install/autoware_config_msgs/lib/python2.7/dist-packages:/home/point001/autoware.ai/install/autoware_can_msgs/lib/python2.7/dist-packages:/opt/ros/melodic/lib/python2.7/dist-packages CATKIN_BINARY_DIR=/home/point001/autoware.ai/build/javad_navsat_driver /usr/bin/python2 /home/point001/autoware.ai/src/drivers/awf_drivers/javad_navsat_driver/setup.py build --build-base /home/point001/autoware.ai/build/javad_navsat_driver install --root=/ --install-layout=deb --prefix=/home/point001/autoware.ai/install/javad_navsat_driver --install-scripts=/home/point001/autoware.ai/install/javad_navsat_driver/bin
[2.067s] running build
[2.067s] running build_py
[2.068s] running install
[2.068s] running install_lib
[2.069s] running install_egg_info
[2.070s] Removing /home/point001/autoware.ai/install/javad_navsat_driver/lib/python2.7/dist-packages/javad_navsat_driver-1.12.0.egg-info
[2.070s] Writing /home/point001/autoware.ai/install/javad_navsat_driver/lib/python2.7/dist-packages/javad_navsat_driver-1.12.0.egg-info
[2.074s] -- Up-to-date: /home/point001/autoware.ai/install/javad_navsat_driver/lib/pkgconfig/javad_navsat_driver.pc
[2.075s] -- Up-to-date: /home/point001/autoware.ai/install/javad_navsat_driver/share/javad_navsat_driver/cmake/javad_navsat_driverConfig.cmake
[2.075s] -- Up-to-date: /home/point001/autoware.ai/install/javad_navsat_driver/share/javad_navsat_driver/cmake/javad_navsat_driverConfig-version.cmake
[2.075s] -- Up-to-date: /home/point001/autoware.ai/install/javad_navsat_driver/share/javad_navsat_driver/package.xml
[2.075s] -- Up-to-date: /home/point001/autoware.ai/install/javad_navsat_driver/lib/javad_navsat_driver/javad_serial_driver
[2.075s] -- Up-to-date: /home/point001/autoware.ai/install/javad_navsat_driver/lib/javad_navsat_driver/javad_topic_driver
[2.075s] -- Up-to-date: /home/point001/autoware.ai/install/javad_navsat_driver/lib/javad_navsat_driver/javad_topic_serial_reader
[2.075s] -- Up-to-date: /home/point001/autoware.ai/install/javad_navsat_driver/share/javad_navsat_driver/launch
[2.075s] -- Up-to-date: /home/point001/autoware.ai/install/javad_navsat_driver/share/javad_navsat_driver/launch/javad_navsat.launch
[2.075s] -- Up-to-date: /home/point001/autoware.ai/install/javad_navsat_driver/share/javad_navsat_driver/cfg
[2.075s] -- Up-to-date: /home/point001/autoware.ai/install/javad_navsat_driver/share/javad_navsat_driver/cfg/enable.cfg
[2.076s] -- Up-to-date: /home/point001/autoware.ai/install/javad_navsat_driver/share/javad_navsat_driver/cfg/disable.cfg
[2.195s] Invoked command in '/home/point001/autoware.ai/build/javad_navsat_driver' returned '0': /usr/bin/cmake --build /home/point001/autoware.ai/build/javad_navsat_driver --target install -- -j24 -l24
