[0.450s] Invoking command in '/home/point001/autoware.ai/build/freespace_planner': CMAKE_PREFIX_PATH=/home/point001/autoware.ai/install/astar_search:/home/point001/autoware.ai/install/autoware_msgs:/home/point001/autoware.ai/install/autoware_build_flags:${CMAKE_PREFIX_PATH} LD_LIBRARY_PATH=/home/point001/autoware.ai/install/astar_search/lib:${LD_LIBRARY_PATH} PKG_CONFIG_PATH=/home/point001/autoware.ai/install/astar_search/lib/x86_64-linux-gnu/pkgconfig:/home/point001/autoware.ai/install/astar_search/lib/pkgconfig:/home/point001/autoware.ai/install/autoware_msgs/lib/x86_64-linux-gnu/pkgconfig:/home/point001/autoware.ai/install/autoware_msgs/lib/pkgconfig:/home/point001/autoware.ai/install/autoware_build_flags/lib/x86_64-linux-gnu/pkgconfig:/home/point001/autoware.ai/install/autoware_build_flags/lib/pkgconfig:${PKG_CONFIG_PATH} PYTHONPATH=/home/point001/autoware.ai/install/autoware_msgs/lib/python2.7/dist-packages:${PYTHONPATH} ROS_PACKAGE_PATH=/home/point001/autoware.ai/install/astar_search/share:/home/point001/autoware.ai/install/autoware_msgs/share:/home/point001/autoware.ai/install/autoware_build_flags/share:${ROS_PACKAGE_PATH} /usr/bin/cmake --build /home/point001/autoware.ai/build/freespace_planner -- -j24 -l24
[0.564s] [  0%] Built target rosgraph_msgs_generate_messages_eus
[0.564s] [  0%] Built target std_msgs_generate_messages_py
[0.564s] [  0%] Built target visualization_msgs_generate_messages_eus
[0.564s] [  0%] Built target roscpp_generate_messages_cpp
[0.564s] [  0%] Built target visualization_msgs_generate_messages_py
[0.564s] [  0%] Built target sensor_msgs_generate_messages_eus
[0.564s] [  0%] Built target actionlib_generate_messages_cpp
[0.564s] [  0%] Built target pcl_msgs_generate_messages_eus
[0.564s] [  0%] Built target jsk_recognition_msgs_generate_messages_lisp
[0.565s] [  0%] Built target sensor_msgs_generate_messages_cpp
[0.565s] [  0%] Built target visualization_msgs_generate_messages_nodejs
[0.565s] [  0%] Built target autoware_msgs_generate_messages_py
[0.565s] [  0%] Built target autoware_msgs_generate_messages_cpp
[0.565s] [  0%] Built target rosgraph_msgs_generate_messages_cpp
[0.565s] [  0%] Built target geometry_msgs_generate_messages_py
[0.565s] [  0%] Built target jsk_recognition_msgs_generate_messages_py
[0.565s] [  0%] Built target sensor_msgs_generate_messages_nodejs
[0.565s] [  0%] Built target jsk_recognition_msgs_generate_messages_eus
[0.565s] [  0%] Built target std_msgs_generate_messages_cpp
[0.566s] [  0%] Built target tf_generate_messages_py
[0.566s] [  0%] Built target std_msgs_generate_messages_nodejs
[0.566s] [  0%] Built target sensor_msgs_generate_messages_py
[0.566s] [  0%] Built target _catkin_empty_exported_target
[0.566s] [  0%] Built target tf2_msgs_generate_messages_cpp
[0.566s] [  0%] Built target std_msgs_generate_messages_lisp
[0.566s] [  0%] Built target visualization_msgs_generate_messages_lisp
[0.566s] [  0%] Built target actionlib_msgs_generate_messages_nodejs
[0.566s] [  0%] Built target roscpp_generate_messages_nodejs
[0.566s] [  0%] Built target nav_msgs_generate_messages_nodejs
[0.566s] [  0%] Built target autoware_msgs_generate_messages_eus
[0.566s] [  0%] Built target autoware_msgs_generate_messages_lisp
[0.566s] [  0%] Built target geometry_msgs_generate_messages_nodejs
[0.567s] [  0%] Built target autoware_msgs_generate_messages_nodejs
[0.567s] [  0%] Built target pcl_msgs_generate_messages_cpp
[0.567s] [  0%] Built target geometry_msgs_generate_messages_eus
[0.567s] [  0%] Built target geometry_msgs_generate_messages_lisp
[0.567s] [  0%] Built target jsk_footstep_msgs_generate_messages_lisp
[0.567s] [  0%] Built target jsk_footstep_msgs_generate_messages_nodejs
[0.567s] [  0%] Built target jsk_footstep_msgs_generate_messages_py
[0.567s] [  0%] Built target jsk_recognition_msgs_generate_messages_cpp
[0.567s] [  0%] Built target actionlib_msgs_generate_messages_lisp
[0.567s] [  0%] Built target jsk_footstep_msgs_generate_messages_eus
[0.567s] [  0%] Built target sensor_msgs_generate_messages_lisp
[0.567s] [  0%] Built target actionlib_msgs_generate_messages_py
[0.567s] [  0%] Built target pcl_msgs_generate_messages_nodejs
[0.568s] [  0%] Built target std_msgs_generate_messages_eus
[0.568s] [  0%] Built target nav_msgs_generate_messages_cpp
[0.568s] [  0%] Built target nav_msgs_generate_messages_lisp
[0.573s] [  0%] Built target jsk_recognition_msgs_generate_messages_nodejs
[0.575s] [  0%] Built target roscpp_generate_messages_py
[0.577s] [  0%] Built target rosgraph_msgs_generate_messages_py
[0.577s] [  0%] Built target rosgraph_msgs_generate_messages_nodejs
[0.577s] [  0%] Built target tf_generate_messages_lisp
[0.578s] [  0%] Built target jsk_footstep_msgs_generate_messages_cpp
[0.578s] [  0%] Built target roscpp_generate_messages_lisp
[0.578s] [  0%] Built target rosgraph_msgs_generate_messages_lisp
[0.578s] [  0%] Built target actionlib_msgs_generate_messages_cpp
[0.581s] [  0%] Built target actionlib_msgs_generate_messages_eus
[0.582s] [  0%] Built target roscpp_generate_messages_eus
[0.582s] [  0%] Built target geometry_msgs_generate_messages_cpp
[0.582s] [  0%] Built target pcl_msgs_generate_messages_py
[0.582s] [  0%] Built target actionlib_generate_messages_lisp
[0.582s] [  0%] Built target tf_generate_messages_eus
[0.583s] [  0%] Built target pcl_msgs_generate_messages_lisp
[0.583s] [  0%] Built target actionlib_generate_messages_eus
[0.584s] [  0%] Built target actionlib_generate_messages_nodejs
[0.585s] [  0%] Built target tf_generate_messages_cpp
[0.585s] [  0%] Built target actionlib_generate_messages_py
[0.589s] [  0%] Built target tf_generate_messages_nodejs
[0.590s] [  0%] Built target tf2_msgs_generate_messages_lisp
[0.590s] [  0%] Built target nav_msgs_generate_messages_py
[0.590s] [  0%] Built target tf2_msgs_generate_messages_py
[0.597s] [  0%] Built target tf2_msgs_generate_messages_nodejs
[0.597s] [  0%] Built target visualization_msgs_generate_messages_cpp
[0.598s] [  0%] Built target tf2_msgs_generate_messages_eus
[0.598s] [  0%] Built target nav_msgs_generate_messages_eus
[0.622s] [100%] Built target astar_navi
[0.782s] Invoked command in '/home/point001/autoware.ai/build/freespace_planner' returned '0': CMAKE_PREFIX_PATH=/home/point001/autoware.ai/install/astar_search:/home/point001/autoware.ai/install/autoware_msgs:/home/point001/autoware.ai/install/autoware_build_flags:${CMAKE_PREFIX_PATH} LD_LIBRARY_PATH=/home/point001/autoware.ai/install/astar_search/lib:${LD_LIBRARY_PATH} PKG_CONFIG_PATH=/home/point001/autoware.ai/install/astar_search/lib/x86_64-linux-gnu/pkgconfig:/home/point001/autoware.ai/install/astar_search/lib/pkgconfig:/home/point001/autoware.ai/install/autoware_msgs/lib/x86_64-linux-gnu/pkgconfig:/home/point001/autoware.ai/install/autoware_msgs/lib/pkgconfig:/home/point001/autoware.ai/install/autoware_build_flags/lib/x86_64-linux-gnu/pkgconfig:/home/point001/autoware.ai/install/autoware_build_flags/lib/pkgconfig:${PKG_CONFIG_PATH} PYTHONPATH=/home/point001/autoware.ai/install/autoware_msgs/lib/python2.7/dist-packages:${PYTHONPATH} ROS_PACKAGE_PATH=/home/point001/autoware.ai/install/astar_search/share:/home/point001/autoware.ai/install/autoware_msgs/share:/home/point001/autoware.ai/install/autoware_build_flags/share:${ROS_PACKAGE_PATH} /usr/bin/cmake --build /home/point001/autoware.ai/build/freespace_planner -- -j24 -l24
[1.788s] Invoking command in '/home/point001/autoware.ai/build/freespace_planner': CMAKE_PREFIX_PATH=/home/point001/autoware.ai/install/astar_search:/home/point001/autoware.ai/install/autoware_msgs:/home/point001/autoware.ai/install/autoware_build_flags:${CMAKE_PREFIX_PATH} LD_LIBRARY_PATH=/home/point001/autoware.ai/install/astar_search/lib:${LD_LIBRARY_PATH} PKG_CONFIG_PATH=/home/point001/autoware.ai/install/astar_search/lib/x86_64-linux-gnu/pkgconfig:/home/point001/autoware.ai/install/astar_search/lib/pkgconfig:/home/point001/autoware.ai/install/autoware_msgs/lib/x86_64-linux-gnu/pkgconfig:/home/point001/autoware.ai/install/autoware_msgs/lib/pkgconfig:/home/point001/autoware.ai/install/autoware_build_flags/lib/x86_64-linux-gnu/pkgconfig:/home/point001/autoware.ai/install/autoware_build_flags/lib/pkgconfig:${PKG_CONFIG_PATH} PYTHONPATH=/home/point001/autoware.ai/install/autoware_msgs/lib/python2.7/dist-packages:${PYTHONPATH} ROS_PACKAGE_PATH=/home/point001/autoware.ai/install/astar_search/share:/home/point001/autoware.ai/install/autoware_msgs/share:/home/point001/autoware.ai/install/autoware_build_flags/share:${ROS_PACKAGE_PATH} /usr/bin/cmake --build /home/point001/autoware.ai/build/freespace_planner --target tests -- -j24 -l24
[1.929s] Built target tests
[2.009s] Invoked command in '/home/point001/autoware.ai/build/freespace_planner' returned '0': CMAKE_PREFIX_PATH=/home/point001/autoware.ai/install/astar_search:/home/point001/autoware.ai/install/autoware_msgs:/home/point001/autoware.ai/install/autoware_build_flags:${CMAKE_PREFIX_PATH} LD_LIBRARY_PATH=/home/point001/autoware.ai/install/astar_search/lib:${LD_LIBRARY_PATH} PKG_CONFIG_PATH=/home/point001/autoware.ai/install/astar_search/lib/x86_64-linux-gnu/pkgconfig:/home/point001/autoware.ai/install/astar_search/lib/pkgconfig:/home/point001/autoware.ai/install/autoware_msgs/lib/x86_64-linux-gnu/pkgconfig:/home/point001/autoware.ai/install/autoware_msgs/lib/pkgconfig:/home/point001/autoware.ai/install/autoware_build_flags/lib/x86_64-linux-gnu/pkgconfig:/home/point001/autoware.ai/install/autoware_build_flags/lib/pkgconfig:${PKG_CONFIG_PATH} PYTHONPATH=/home/point001/autoware.ai/install/autoware_msgs/lib/python2.7/dist-packages:${PYTHONPATH} ROS_PACKAGE_PATH=/home/point001/autoware.ai/install/astar_search/share:/home/point001/autoware.ai/install/autoware_msgs/share:/home/point001/autoware.ai/install/autoware_build_flags/share:${ROS_PACKAGE_PATH} /usr/bin/cmake --build /home/point001/autoware.ai/build/freespace_planner --target tests -- -j24 -l24
[2.506s] Invoking command in '/home/point001/autoware.ai/build/freespace_planner': CMAKE_PREFIX_PATH=/home/point001/autoware.ai/install/astar_search:/home/point001/autoware.ai/install/autoware_msgs:/home/point001/autoware.ai/install/autoware_build_flags:${CMAKE_PREFIX_PATH} LD_LIBRARY_PATH=/home/point001/autoware.ai/install/astar_search/lib:${LD_LIBRARY_PATH} PKG_CONFIG_PATH=/home/point001/autoware.ai/install/astar_search/lib/x86_64-linux-gnu/pkgconfig:/home/point001/autoware.ai/install/astar_search/lib/pkgconfig:/home/point001/autoware.ai/install/autoware_msgs/lib/x86_64-linux-gnu/pkgconfig:/home/point001/autoware.ai/install/autoware_msgs/lib/pkgconfig:/home/point001/autoware.ai/install/autoware_build_flags/lib/x86_64-linux-gnu/pkgconfig:/home/point001/autoware.ai/install/autoware_build_flags/lib/pkgconfig:${PKG_CONFIG_PATH} PYTHONPATH=/home/point001/autoware.ai/install/autoware_msgs/lib/python2.7/dist-packages:${PYTHONPATH} ROS_PACKAGE_PATH=/home/point001/autoware.ai/install/astar_search/share:/home/point001/autoware.ai/install/autoware_msgs/share:/home/point001/autoware.ai/install/autoware_build_flags/share:${ROS_PACKAGE_PATH} /usr/bin/cmake --build /home/point001/autoware.ai/build/freespace_planner --target install -- -j24 -l24
[2.611s] [  0%] Built target visualization_msgs_generate_messages_eus
[2.612s] [  0%] Built target jsk_recognition_msgs_generate_messages_lisp
[2.621s] [  0%] Built target sensor_msgs_generate_messages_py
[2.624s] [  0%] Built target std_msgs_generate_messages_py
[2.632s] [  0%] Built target autoware_msgs_generate_messages_cpp
[2.632s] [  0%] Built target roscpp_generate_messages_cpp
[2.633s] [  0%] Built target sensor_msgs_generate_messages_cpp
[2.633s] [  0%] Built target rosgraph_msgs_generate_messages_cpp
[2.640s] [  0%] Built target std_msgs_generate_messages_cpp
[2.641s] [  0%] Built target std_msgs_generate_messages_nodejs
[2.645s] [  0%] Built target actionlib_generate_messages_cpp
[2.646s] [  0%] Built target geometry_msgs_generate_messages_py
[2.650s] [  0%] Built target _catkin_empty_exported_target
[2.650s] [  0%] Built target autoware_msgs_generate_messages_py
[2.650s] [  0%] Built target sensor_msgs_generate_messages_eus
[2.650s] [  0%] Built target visualization_msgs_generate_messages_py
[2.653s] [  0%] Built target jsk_recognition_msgs_generate_messages_py
[2.657s] [  0%] Built target jsk_recognition_msgs_generate_messages_eus
[2.658s] [  0%] Built target tf_generate_messages_py
[2.658s] [  0%] Built target rosgraph_msgs_generate_messages_eus
[2.658s] [  0%] Built target tf2_msgs_generate_messages_cpp
[2.658s] [  0%] Built target jsk_footstep_msgs_generate_messages_py
[2.658s] [  0%] Built target visualization_msgs_generate_messages_nodejs
[2.659s] [  0%] Built target sensor_msgs_generate_messages_nodejs
[2.660s] [  0%] Built target nav_msgs_generate_messages_nodejs
[2.660s] [  0%] Built target actionlib_msgs_generate_messages_nodejs
[2.665s] [  0%] Built target pcl_msgs_generate_messages_eus
[2.671s] [  0%] Built target geometry_msgs_generate_messages_nodejs
[2.678s] [  0%] Built target autoware_msgs_generate_messages_lisp
[2.678s] [  0%] Built target pcl_msgs_generate_messages_cpp
[2.686s] [  0%] Built target visualization_msgs_generate_messages_lisp
[2.687s] [  0%] Built target jsk_recognition_msgs_generate_messages_cpp
[2.689s] [  0%] Built target autoware_msgs_generate_messages_nodejs
[2.689s] [  0%] Built target actionlib_msgs_generate_messages_py
[2.691s] [  0%] Built target sensor_msgs_generate_messages_lisp
[2.691s] [  0%] Built target geometry_msgs_generate_messages_eus
[2.694s] [  0%] Built target autoware_msgs_generate_messages_eus
[2.697s] [  0%] Built target jsk_footstep_msgs_generate_messages_lisp
[2.698s] [  0%] Built target roscpp_generate_messages_nodejs
[2.698s] [  0%] Built target std_msgs_generate_messages_lisp
[2.698s] [  0%] Built target geometry_msgs_generate_messages_lisp
[2.698s] [  0%] Built target std_msgs_generate_messages_eus
[2.711s] [  0%] Built target actionlib_msgs_generate_messages_lisp
[2.711s] [  0%] Built target nav_msgs_generate_messages_cpp
[2.715s] [  0%] Built target jsk_footstep_msgs_generate_messages_nodejs
[2.723s] [  0%] Built target nav_msgs_generate_messages_lisp
[2.723s] [  0%] Built target roscpp_generate_messages_py
[2.723s] [  0%] Built target jsk_footstep_msgs_generate_messages_eus
[2.723s] [  0%] Built target roscpp_generate_messages_lisp
[2.726s] [  0%] Built target actionlib_msgs_generate_messages_eus
[2.728s] [  0%] Built target rosgraph_msgs_generate_messages_lisp
[2.728s] [  0%] Built target pcl_msgs_generate_messages_nodejs
[2.732s] [  0%] Built target rosgraph_msgs_generate_messages_py
[2.732s] [  0%] Built target tf_generate_messages_lisp
[2.734s] [  0%] Built target jsk_recognition_msgs_generate_messages_nodejs
[2.742s] [  0%] Built target tf_generate_messages_nodejs
[2.748s] [  0%] Built target roscpp_generate_messages_eus
[2.751s] [  0%] Built target pcl_msgs_generate_messages_lisp
[2.752s] [  0%] Built target actionlib_msgs_generate_messages_cpp
[2.754s] [  0%] Built target rosgraph_msgs_generate_messages_nodejs
[2.754s] [  0%] Built target tf_generate_messages_eus
[2.763s] [  0%] Built target actionlib_generate_messages_py
[2.766s] [  0%] Built target pcl_msgs_generate_messages_py
[2.766s] [  0%] Built target tf2_msgs_generate_messages_nodejs
[2.767s] [  0%] Built target tf2_msgs_generate_messages_py
[2.767s] [  0%] Built target tf2_msgs_generate_messages_lisp
[2.769s] [  0%] Built target actionlib_generate_messages_eus
[2.773s] [  0%] Built target tf_generate_messages_cpp
[2.774s] [  0%] Built target jsk_footstep_msgs_generate_messages_cpp
[2.774s] [  0%] Built target nav_msgs_generate_messages_py
[2.775s] [  0%] Built target geometry_msgs_generate_messages_cpp
[2.777s] [  0%] Built target actionlib_generate_messages_lisp
[2.787s] [  0%] Built target tf2_msgs_generate_messages_eus
[2.793s] [  0%] Built target nav_msgs_generate_messages_eus
[2.794s] [  0%] Built target actionlib_generate_messages_nodejs
[2.797s] [  0%] Built target visualization_msgs_generate_messages_cpp
[2.873s] [100%] Built target astar_navi
[2.928s] [36mInstall the project...[0m
[2.938s] -- Install configuration: "Release"
[2.938s] -- Up-to-date: /home/point001/autoware.ai/install/freespace_planner/lib/pkgconfig/freespace_planner.pc
[2.939s] -- Up-to-date: /home/point001/autoware.ai/install/freespace_planner/share/freespace_planner/cmake/freespace_plannerConfig.cmake
[2.939s] -- Up-to-date: /home/point001/autoware.ai/install/freespace_planner/share/freespace_planner/cmake/freespace_plannerConfig-version.cmake
[2.939s] -- Up-to-date: /home/point001/autoware.ai/install/freespace_planner/share/freespace_planner/package.xml
[2.939s] -- Up-to-date: /home/point001/autoware.ai/install/freespace_planner/lib/freespace_planner/astar_navi
[2.939s] -- Up-to-date: /home/point001/autoware.ai/install/freespace_planner/share/freespace_planner/launch
[2.939s] -- Up-to-date: /home/point001/autoware.ai/install/freespace_planner/share/freespace_planner/launch/astar_navi.launch
[2.982s] Invoked command in '/home/point001/autoware.ai/build/freespace_planner' returned '0': CMAKE_PREFIX_PATH=/home/point001/autoware.ai/install/astar_search:/home/point001/autoware.ai/install/autoware_msgs:/home/point001/autoware.ai/install/autoware_build_flags:${CMAKE_PREFIX_PATH} LD_LIBRARY_PATH=/home/point001/autoware.ai/install/astar_search/lib:${LD_LIBRARY_PATH} PKG_CONFIG_PATH=/home/point001/autoware.ai/install/astar_search/lib/x86_64-linux-gnu/pkgconfig:/home/point001/autoware.ai/install/astar_search/lib/pkgconfig:/home/point001/autoware.ai/install/autoware_msgs/lib/x86_64-linux-gnu/pkgconfig:/home/point001/autoware.ai/install/autoware_msgs/lib/pkgconfig:/home/point001/autoware.ai/install/autoware_build_flags/lib/x86_64-linux-gnu/pkgconfig:/home/point001/autoware.ai/install/autoware_build_flags/lib/pkgconfig:${PKG_CONFIG_PATH} PYTHONPATH=/home/point001/autoware.ai/install/autoware_msgs/lib/python2.7/dist-packages:${PYTHONPATH} ROS_PACKAGE_PATH=/home/point001/autoware.ai/install/astar_search/share:/home/point001/autoware.ai/install/autoware_msgs/share:/home/point001/autoware.ai/install/autoware_build_flags/share:${ROS_PACKAGE_PATH} /usr/bin/cmake --build /home/point001/autoware.ai/build/freespace_planner --target install -- -j24 -l24
