[0.360s] Invoking command in '/home/point001/autoware.ai/build/obj_db': CMAKE_PREFIX_PATH=/home/point001/autoware.ai/install/gnss:/home/point001/autoware.ai/install/autoware_can_msgs:/home/point001/autoware.ai/install/autoware_build_flags:${CMAKE_PREFIX_PATH} LD_LIBRARY_PATH=/home/point001/autoware.ai/install/gnss/lib:/opt/ros/melodic/lib:/usr/local/cuda-10.0/lib64 PKG_CONFIG_PATH=/home/point001/autoware.ai/install/gnss/lib/x86_64-linux-gnu/pkgconfig:/home/point001/autoware.ai/install/gnss/lib/pkgconfig:/home/point001/autoware.ai/install/autoware_can_msgs/lib/x86_64-linux-gnu/pkgconfig:/home/point001/autoware.ai/install/autoware_can_msgs/lib/pkgconfig:/home/point001/autoware.ai/install/autoware_build_flags/lib/x86_64-linux-gnu/pkgconfig:/home/point001/autoware.ai/install/autoware_build_flags/lib/pkgconfig:${PKG_CONFIG_PATH} PYTHONPATH=/home/point001/autoware.ai/install/autoware_can_msgs/lib/python2.7/dist-packages:${PYTHONPATH} ROS_PACKAGE_PATH=/home/point001/autoware.ai/install/gnss/share:/home/point001/autoware.ai/install/autoware_can_msgs/share:/home/point001/autoware.ai/install/autoware_build_flags/share:${ROS_PACKAGE_PATH} /usr/bin/cmake --build /home/point001/autoware.ai/build/obj_db -- -j24 -l24
[0.465s] [  0%] Built target roscpp_generate_messages_lisp
[0.466s] [  0%] Built target autoware_can_msgs_generate_messages_eus
[0.471s] [  0%] Built target geometry_msgs_generate_messages_nodejs
[0.473s] [  0%] Built target autoware_can_msgs_generate_messages_cpp
[0.478s] [ 33%] Built target obj_db
[0.483s] [ 33%] Built target geometry_msgs_generate_messages_py
[0.484s] [ 33%] Built target roscpp_generate_messages_py
[0.487s] [ 33%] Built target std_msgs_generate_messages_nodejs
[0.495s] [ 33%] Built target geometry_msgs_generate_messages_eus
[0.495s] [ 33%] Built target autoware_can_msgs_generate_messages_nodejs
[0.497s] [ 33%] Built target visualization_msgs_generate_messages_cpp
[0.497s] [ 33%] Built target roscpp_generate_messages_eus
[0.497s] [ 33%] Built target autoware_can_msgs_generate_messages_py
[0.498s] [ 33%] Built target rosgraph_msgs_generate_messages_lisp
[0.498s] [ 33%] Built target roscpp_generate_messages_cpp
[0.499s] [ 33%] Built target rosgraph_msgs_generate_messages_nodejs
[0.499s] [ 33%] Built target rosgraph_msgs_generate_messages_py
[0.501s] [ 33%] Built target std_msgs_generate_messages_lisp
[0.511s] [ 33%] Built target rosgraph_msgs_generate_messages_eus
[0.512s] [ 33%] Built target rosgraph_msgs_generate_messages_cpp
[0.512s] [ 33%] Built target visualization_msgs_generate_messages_py
[0.513s] [ 33%] Built target visualization_msgs_generate_messages_eus
[0.518s] [ 33%] Built target std_msgs_generate_messages_eus
[0.520s] [ 33%] Built target visualization_msgs_generate_messages_nodejs
[0.529s] [ 33%] Built target autoware_can_msgs_generate_messages_lisp
[0.530s] [ 33%] Built target visualization_msgs_generate_messages_lisp
[0.530s] [ 33%] Built target roscpp_generate_messages_nodejs
[0.540s] [ 33%] Built target std_msgs_generate_messages_cpp
[0.540s] [ 33%] Built target geometry_msgs_generate_messages_lisp
[0.544s] [ 55%] Built target obj_uploader
[0.553s] [ 55%] Built target std_msgs_generate_messages_py
[0.563s] [ 55%] Built target geometry_msgs_generate_messages_cpp
[0.571s] [ 77%] Built target obj_downloader
[0.613s] [100%] Built target can_uploader
[0.827s] Invoked command in '/home/point001/autoware.ai/build/obj_db' returned '0': CMAKE_PREFIX_PATH=/home/point001/autoware.ai/install/gnss:/home/point001/autoware.ai/install/autoware_can_msgs:/home/point001/autoware.ai/install/autoware_build_flags:${CMAKE_PREFIX_PATH} LD_LIBRARY_PATH=/home/point001/autoware.ai/install/gnss/lib:/opt/ros/melodic/lib:/usr/local/cuda-10.0/lib64 PKG_CONFIG_PATH=/home/point001/autoware.ai/install/gnss/lib/x86_64-linux-gnu/pkgconfig:/home/point001/autoware.ai/install/gnss/lib/pkgconfig:/home/point001/autoware.ai/install/autoware_can_msgs/lib/x86_64-linux-gnu/pkgconfig:/home/point001/autoware.ai/install/autoware_can_msgs/lib/pkgconfig:/home/point001/autoware.ai/install/autoware_build_flags/lib/x86_64-linux-gnu/pkgconfig:/home/point001/autoware.ai/install/autoware_build_flags/lib/pkgconfig:${PKG_CONFIG_PATH} PYTHONPATH=/home/point001/autoware.ai/install/autoware_can_msgs/lib/python2.7/dist-packages:${PYTHONPATH} ROS_PACKAGE_PATH=/home/point001/autoware.ai/install/gnss/share:/home/point001/autoware.ai/install/autoware_can_msgs/share:/home/point001/autoware.ai/install/autoware_build_flags/share:${ROS_PACKAGE_PATH} /usr/bin/cmake --build /home/point001/autoware.ai/build/obj_db -- -j24 -l24
[1.322s] Invoking command in '/home/point001/autoware.ai/build/obj_db': CMAKE_PREFIX_PATH=/home/point001/autoware.ai/install/gnss:/home/point001/autoware.ai/install/autoware_can_msgs:/home/point001/autoware.ai/install/autoware_build_flags:${CMAKE_PREFIX_PATH} LD_LIBRARY_PATH=/home/point001/autoware.ai/install/gnss/lib:/opt/ros/melodic/lib:/usr/local/cuda-10.0/lib64 PKG_CONFIG_PATH=/home/point001/autoware.ai/install/gnss/lib/x86_64-linux-gnu/pkgconfig:/home/point001/autoware.ai/install/gnss/lib/pkgconfig:/home/point001/autoware.ai/install/autoware_can_msgs/lib/x86_64-linux-gnu/pkgconfig:/home/point001/autoware.ai/install/autoware_can_msgs/lib/pkgconfig:/home/point001/autoware.ai/install/autoware_build_flags/lib/x86_64-linux-gnu/pkgconfig:/home/point001/autoware.ai/install/autoware_build_flags/lib/pkgconfig:${PKG_CONFIG_PATH} PYTHONPATH=/home/point001/autoware.ai/install/autoware_can_msgs/lib/python2.7/dist-packages:${PYTHONPATH} ROS_PACKAGE_PATH=/home/point001/autoware.ai/install/gnss/share:/home/point001/autoware.ai/install/autoware_can_msgs/share:/home/point001/autoware.ai/install/autoware_build_flags/share:${ROS_PACKAGE_PATH} /usr/bin/cmake --build /home/point001/autoware.ai/build/obj_db --target tests -- -j24 -l24
[1.380s] Built target tests
[1.563s] Invoked command in '/home/point001/autoware.ai/build/obj_db' returned '0': CMAKE_PREFIX_PATH=/home/point001/autoware.ai/install/gnss:/home/point001/autoware.ai/install/autoware_can_msgs:/home/point001/autoware.ai/install/autoware_build_flags:${CMAKE_PREFIX_PATH} LD_LIBRARY_PATH=/home/point001/autoware.ai/install/gnss/lib:/opt/ros/melodic/lib:/usr/local/cuda-10.0/lib64 PKG_CONFIG_PATH=/home/point001/autoware.ai/install/gnss/lib/x86_64-linux-gnu/pkgconfig:/home/point001/autoware.ai/install/gnss/lib/pkgconfig:/home/point001/autoware.ai/install/autoware_can_msgs/lib/x86_64-linux-gnu/pkgconfig:/home/point001/autoware.ai/install/autoware_can_msgs/lib/pkgconfig:/home/point001/autoware.ai/install/autoware_build_flags/lib/x86_64-linux-gnu/pkgconfig:/home/point001/autoware.ai/install/autoware_build_flags/lib/pkgconfig:${PKG_CONFIG_PATH} PYTHONPATH=/home/point001/autoware.ai/install/autoware_can_msgs/lib/python2.7/dist-packages:${PYTHONPATH} ROS_PACKAGE_PATH=/home/point001/autoware.ai/install/gnss/share:/home/point001/autoware.ai/install/autoware_can_msgs/share:/home/point001/autoware.ai/install/autoware_build_flags/share:${ROS_PACKAGE_PATH} /usr/bin/cmake --build /home/point001/autoware.ai/build/obj_db --target tests -- -j24 -l24
[1.865s] Invoking command in '/home/point001/autoware.ai/build/obj_db': CMAKE_PREFIX_PATH=/home/point001/autoware.ai/install/gnss:/home/point001/autoware.ai/install/autoware_can_msgs:/home/point001/autoware.ai/install/autoware_build_flags:${CMAKE_PREFIX_PATH} LD_LIBRARY_PATH=/home/point001/autoware.ai/install/gnss/lib:/opt/ros/melodic/lib:/usr/local/cuda-10.0/lib64 PKG_CONFIG_PATH=/home/point001/autoware.ai/install/gnss/lib/x86_64-linux-gnu/pkgconfig:/home/point001/autoware.ai/install/gnss/lib/pkgconfig:/home/point001/autoware.ai/install/autoware_can_msgs/lib/x86_64-linux-gnu/pkgconfig:/home/point001/autoware.ai/install/autoware_can_msgs/lib/pkgconfig:/home/point001/autoware.ai/install/autoware_build_flags/lib/x86_64-linux-gnu/pkgconfig:/home/point001/autoware.ai/install/autoware_build_flags/lib/pkgconfig:${PKG_CONFIG_PATH} PYTHONPATH=/home/point001/autoware.ai/install/autoware_can_msgs/lib/python2.7/dist-packages:${PYTHONPATH} ROS_PACKAGE_PATH=/home/point001/autoware.ai/install/gnss/share:/home/point001/autoware.ai/install/autoware_can_msgs/share:/home/point001/autoware.ai/install/autoware_build_flags/share:${ROS_PACKAGE_PATH} /usr/bin/cmake --build /home/point001/autoware.ai/build/obj_db --target install -- -j24 -l24
[1.973s] [  0%] Built target rosgraph_msgs_generate_messages_nodejs
[1.973s] [  0%] Built target roscpp_generate_messages_cpp
[1.976s] [  0%] Built target roscpp_generate_messages_lisp
[1.986s] [  0%] Built target autoware_can_msgs_generate_messages_eus
[1.993s] [  0%] Built target std_msgs_generate_messages_nodejs
[1.995s] [  0%] Built target geometry_msgs_generate_messages_py
[1.995s] [  0%] Built target rosgraph_msgs_generate_messages_lisp
[2.001s] [  0%] Built target geometry_msgs_generate_messages_nodejs
[2.001s] [  0%] Built target autoware_can_msgs_generate_messages_cpp
[2.001s] [  0%] Built target rosgraph_msgs_generate_messages_cpp
[2.006s] [ 33%] Built target obj_db
[2.012s] [ 33%] Built target autoware_can_msgs_generate_messages_py
[2.012s] [ 33%] Built target roscpp_generate_messages_py
[2.013s] [ 33%] Built target roscpp_generate_messages_eus
[2.014s] [ 33%] Built target std_msgs_generate_messages_eus
[2.022s] [ 33%] Built target rosgraph_msgs_generate_messages_py
[2.048s] [ 33%] Built target visualization_msgs_generate_messages_cpp
[2.048s] [ 33%] Built target autoware_can_msgs_generate_messages_nodejs
[2.048s] [ 33%] Built target visualization_msgs_generate_messages_py
[2.048s] [ 33%] Built target std_msgs_generate_messages_cpp
[2.050s] [ 33%] Built target rosgraph_msgs_generate_messages_eus
[2.056s] [ 33%] Built target autoware_can_msgs_generate_messages_lisp
[2.057s] [ 33%] Built target geometry_msgs_generate_messages_eus
[2.066s] [ 33%] Built target roscpp_generate_messages_nodejs
[2.066s] [ 33%] Built target visualization_msgs_generate_messages_eus
[2.077s] [ 33%] Built target geometry_msgs_generate_messages_lisp
[2.081s] [ 55%] Built target obj_downloader
[2.081s] [ 55%] Built target geometry_msgs_generate_messages_cpp
[2.088s] [ 55%] Built target std_msgs_generate_messages_lisp
[2.109s] [ 77%] Built target obj_uploader
[2.118s] [ 77%] Built target visualization_msgs_generate_messages_nodejs
[2.128s] [ 77%] Built target visualization_msgs_generate_messages_lisp
[2.132s] [ 77%] Built target std_msgs_generate_messages_py
[2.203s] [100%] Built target can_uploader
[2.224s] [36mInstall the project...[0m
[2.236s] -- Install configuration: "Release"
[2.236s] -- Up-to-date: /home/point001/autoware.ai/install/obj_db/lib/pkgconfig/obj_db.pc
[2.237s] -- Up-to-date: /home/point001/autoware.ai/install/obj_db/share/obj_db/cmake/obj_dbConfig.cmake
[2.237s] -- Up-to-date: /home/point001/autoware.ai/install/obj_db/share/obj_db/cmake/obj_dbConfig-version.cmake
[2.237s] -- Up-to-date: /home/point001/autoware.ai/install/obj_db/share/obj_db/package.xml
[2.237s] -- Up-to-date: /home/point001/autoware.ai/install/obj_db/lib/obj_db/can_uploader
[2.237s] -- Up-to-date: /home/point001/autoware.ai/install/obj_db/lib/obj_db/obj_uploader
[2.237s] -- Up-to-date: /home/point001/autoware.ai/install/obj_db/lib/libobj_db.so
[2.237s] -- Up-to-date: /home/point001/autoware.ai/install/obj_db/lib/obj_db/obj_downloader
[2.237s] -- Up-to-date: /home/point001/autoware.ai/install/obj_db/include/obj_db/include
[2.237s] -- Up-to-date: /home/point001/autoware.ai/install/obj_db/include/obj_db/include/obj_db.h
[2.340s] Invoked command in '/home/point001/autoware.ai/build/obj_db' returned '0': CMAKE_PREFIX_PATH=/home/point001/autoware.ai/install/gnss:/home/point001/autoware.ai/install/autoware_can_msgs:/home/point001/autoware.ai/install/autoware_build_flags:${CMAKE_PREFIX_PATH} LD_LIBRARY_PATH=/home/point001/autoware.ai/install/gnss/lib:/opt/ros/melodic/lib:/usr/local/cuda-10.0/lib64 PKG_CONFIG_PATH=/home/point001/autoware.ai/install/gnss/lib/x86_64-linux-gnu/pkgconfig:/home/point001/autoware.ai/install/gnss/lib/pkgconfig:/home/point001/autoware.ai/install/autoware_can_msgs/lib/x86_64-linux-gnu/pkgconfig:/home/point001/autoware.ai/install/autoware_can_msgs/lib/pkgconfig:/home/point001/autoware.ai/install/autoware_build_flags/lib/x86_64-linux-gnu/pkgconfig:/home/point001/autoware.ai/install/autoware_build_flags/lib/pkgconfig:${PKG_CONFIG_PATH} PYTHONPATH=/home/point001/autoware.ai/install/autoware_can_msgs/lib/python2.7/dist-packages:${PYTHONPATH} ROS_PACKAGE_PATH=/home/point001/autoware.ai/install/gnss/share:/home/point001/autoware.ai/install/autoware_can_msgs/share:/home/point001/autoware.ai/install/autoware_build_flags/share:${ROS_PACKAGE_PATH} /usr/bin/cmake --build /home/point001/autoware.ai/build/obj_db --target install -- -j24 -l24
