[0.312s] Invoking command in '/home/point001/autoware.ai/build/vehicle_gazebo_simulation_interface': CMAKE_PREFIX_PATH=/home/point001/autoware.ai/install/autoware_msgs:/home/point001/autoware.ai/install/autoware_build_flags:${CMAKE_PREFIX_PATH} PKG_CONFIG_PATH=/home/point001/autoware.ai/install/autoware_msgs/lib/x86_64-linux-gnu/pkgconfig:/home/point001/autoware.ai/install/autoware_msgs/lib/pkgconfig:/home/point001/autoware.ai/install/autoware_build_flags/lib/x86_64-linux-gnu/pkgconfig:/home/point001/autoware.ai/install/autoware_build_flags/lib/pkgconfig:${PKG_CONFIG_PATH} PYTHONPATH=/home/point001/autoware.ai/install/autoware_msgs/lib/python2.7/dist-packages:${PYTHONPATH} ROS_PACKAGE_PATH=/home/point001/autoware.ai/install/autoware_msgs/share:/home/point001/autoware.ai/install/autoware_build_flags/share:${ROS_PACKAGE_PATH} /usr/bin/cmake --build /home/point001/autoware.ai/build/vehicle_gazebo_simulation_interface -- -j24 -l24
[0.437s] [  0%] Built target sensor_msgs_generate_messages_lisp
[0.437s] [  0%] Built target gazebo_msgs_generate_messages_cpp
[0.438s] [  0%] Built target sensor_msgs_generate_messages_cpp
[0.438s] [  0%] Built target jsk_recognition_msgs_generate_messages_eus
[0.439s] [  0%] Built target actionlib_generate_messages_eus
[0.439s] [  0%] Built target pcl_msgs_generate_messages_eus
[0.440s] [  0%] Built target roscpp_generate_messages_cpp
[0.441s] [  0%] Built target actionlib_generate_messages_cpp
[0.441s] [  0%] Built target tf2_msgs_generate_messages_cpp
[0.441s] [  0%] Built target geometry_msgs_generate_messages_py
[0.443s] [  0%] Built target std_msgs_generate_messages_cpp
[0.443s] [  0%] Built target pcl_msgs_generate_messages_nodejs
[0.444s] [  0%] Built target std_msgs_generate_messages_py
[0.446s] [  0%] Built target jsk_recognition_msgs_generate_messages_lisp
[0.446s] [  0%] Built target sensor_msgs_generate_messages_py
[0.447s] [  0%] Built target autoware_msgs_generate_messages_cpp
[0.450s] [  0%] Built target sensor_msgs_generate_messages_eus
[0.452s] [  0%] Built target jsk_recognition_msgs_generate_messages_py
[0.453s] [  0%] Built target rosgraph_msgs_generate_messages_cpp
[0.454s] [  0%] Built target sensor_msgs_generate_messages_nodejs
[0.458s] [  0%] Built target std_msgs_generate_messages_nodejs
[0.459s] [  0%] Built target actionlib_msgs_generate_messages_nodejs
[0.466s] [  0%] Built target jsk_footstep_msgs_generate_messages_py
[0.471s] [  0%] Built target geometry_msgs_generate_messages_eus
[0.472s] [  0%] Built target roscpp_generate_messages_nodejs
[0.472s] [  0%] Built target autoware_msgs_generate_messages_py
[0.472s] [  0%] Built target geometry_msgs_generate_messages_cpp
[0.476s] [  0%] Built target jsk_recognition_msgs_generate_messages_cpp
[0.476s] [  0%] Built target geometry_msgs_generate_messages_nodejs
[0.476s] [  0%] Built target pcl_msgs_generate_messages_lisp
[0.476s] [  0%] Built target trajectory_msgs_generate_messages_nodejs
[0.486s] [  0%] Built target std_msgs_generate_messages_lisp
[0.486s] [  0%] Built target autoware_msgs_generate_messages_lisp
[0.486s] [  0%] Built target std_msgs_generate_messages_eus
[0.487s] [  0%] Built target autoware_msgs_generate_messages_nodejs
[0.490s] [  0%] Built target geometry_msgs_generate_messages_lisp
[0.493s] [  0%] Built target actionlib_msgs_generate_messages_py
[0.494s] [  0%] Built target trajectory_msgs_generate_messages_py
[0.494s] [  0%] Built target actionlib_generate_messages_nodejs
[0.494s] [  0%] Built target jsk_footstep_msgs_generate_messages_eus
[0.494s] [  0%] Built target jsk_footstep_msgs_generate_messages_lisp
[0.494s] [  0%] Built target actionlib_generate_messages_lisp
[0.494s] [  0%] Built target gazebo_msgs_generate_messages_py
[0.495s] [  0%] Built target autoware_msgs_generate_messages_eus
[0.498s] [  0%] Built target jsk_footstep_msgs_generate_messages_nodejs
[0.502s] [  0%] Built target actionlib_msgs_generate_messages_cpp
[0.503s] [  0%] Built target jsk_recognition_msgs_generate_messages_nodejs
[0.503s] [  0%] Built target actionlib_msgs_generate_messages_lisp
[0.503s] [  0%] Built target gazebo_msgs_generate_messages_nodejs
[0.506s] [  0%] Built target gazebo_msgs_generate_messages_eus
[0.507s] [  0%] Built target pcl_msgs_generate_messages_cpp
[0.510s] [  0%] Built target jsk_footstep_msgs_generate_messages_cpp
[0.515s] [  0%] Built target roscpp_generate_messages_lisp
[0.522s] [  0%] Built target trajectory_msgs_generate_messages_lisp
[0.523s] [  0%] Built target std_srvs_generate_messages_cpp
[0.523s] [  0%] Built target _catkin_empty_exported_target
[0.523s] [  0%] Built target trajectory_msgs_generate_messages_cpp
[0.524s] [  0%] Built target std_srvs_generate_messages_lisp
[0.524s] [  0%] Built target trajectory_msgs_generate_messages_eus
[0.526s] [  0%] Built target rosgraph_msgs_generate_messages_nodejs
[0.526s] [  0%] Built target rosgraph_msgs_generate_messages_eus
[0.527s] [  0%] Built target std_srvs_generate_messages_py
[0.528s] [  0%] Built target gazebo_msgs_generate_messages_lisp
[0.528s] [  0%] Built target roscpp_generate_messages_eus
[0.529s] [  0%] Built target std_srvs_generate_messages_eus
[0.530s] [  0%] Built target roscpp_generate_messages_py
[0.530s] [  0%] Built target rosgraph_msgs_generate_messages_py
[0.535s] [  0%] Built target std_srvs_generate_messages_nodejs
[0.535s] [  0%] Built target tf2_msgs_generate_messages_lisp
[0.535s] [  0%] Built target tf2_msgs_generate_messages_nodejs
[0.535s] [  0%] Built target actionlib_generate_messages_py
[0.535s] [  0%] Built target actionlib_msgs_generate_messages_eus
[0.536s] [  0%] Built target tf2_msgs_generate_messages_py
[0.537s] [  0%] Built target rosgraph_msgs_generate_messages_lisp
[0.540s] [  0%] Built target tf2_msgs_generate_messages_eus
[0.547s] [  0%] Built target pcl_msgs_generate_messages_py
[0.568s] [ 50%] Built target vehicle_gazebo_input_subscriber
[0.570s] [100%] Built target vehicle_gazebo_info_publisher
[0.730s] Invoked command in '/home/point001/autoware.ai/build/vehicle_gazebo_simulation_interface' returned '0': CMAKE_PREFIX_PATH=/home/point001/autoware.ai/install/autoware_msgs:/home/point001/autoware.ai/install/autoware_build_flags:${CMAKE_PREFIX_PATH} PKG_CONFIG_PATH=/home/point001/autoware.ai/install/autoware_msgs/lib/x86_64-linux-gnu/pkgconfig:/home/point001/autoware.ai/install/autoware_msgs/lib/pkgconfig:/home/point001/autoware.ai/install/autoware_build_flags/lib/x86_64-linux-gnu/pkgconfig:/home/point001/autoware.ai/install/autoware_build_flags/lib/pkgconfig:${PKG_CONFIG_PATH} PYTHONPATH=/home/point001/autoware.ai/install/autoware_msgs/lib/python2.7/dist-packages:${PYTHONPATH} ROS_PACKAGE_PATH=/home/point001/autoware.ai/install/autoware_msgs/share:/home/point001/autoware.ai/install/autoware_build_flags/share:${ROS_PACKAGE_PATH} /usr/bin/cmake --build /home/point001/autoware.ai/build/vehicle_gazebo_simulation_interface -- -j24 -l24
[0.999s] Invoking command in '/home/point001/autoware.ai/build/vehicle_gazebo_simulation_interface': CMAKE_PREFIX_PATH=/home/point001/autoware.ai/install/autoware_msgs:/home/point001/autoware.ai/install/autoware_build_flags:${CMAKE_PREFIX_PATH} PKG_CONFIG_PATH=/home/point001/autoware.ai/install/autoware_msgs/lib/x86_64-linux-gnu/pkgconfig:/home/point001/autoware.ai/install/autoware_msgs/lib/pkgconfig:/home/point001/autoware.ai/install/autoware_build_flags/lib/x86_64-linux-gnu/pkgconfig:/home/point001/autoware.ai/install/autoware_build_flags/lib/pkgconfig:${PKG_CONFIG_PATH} PYTHONPATH=/home/point001/autoware.ai/install/autoware_msgs/lib/python2.7/dist-packages:${PYTHONPATH} ROS_PACKAGE_PATH=/home/point001/autoware.ai/install/autoware_msgs/share:/home/point001/autoware.ai/install/autoware_build_flags/share:${ROS_PACKAGE_PATH} /usr/bin/cmake --build /home/point001/autoware.ai/build/vehicle_gazebo_simulation_interface --target tests -- -j24 -l24
[1.192s] Built target tests
[1.217s] Invoked command in '/home/point001/autoware.ai/build/vehicle_gazebo_simulation_interface' returned '0': CMAKE_PREFIX_PATH=/home/point001/autoware.ai/install/autoware_msgs:/home/point001/autoware.ai/install/autoware_build_flags:${CMAKE_PREFIX_PATH} PKG_CONFIG_PATH=/home/point001/autoware.ai/install/autoware_msgs/lib/x86_64-linux-gnu/pkgconfig:/home/point001/autoware.ai/install/autoware_msgs/lib/pkgconfig:/home/point001/autoware.ai/install/autoware_build_flags/lib/x86_64-linux-gnu/pkgconfig:/home/point001/autoware.ai/install/autoware_build_flags/lib/pkgconfig:${PKG_CONFIG_PATH} PYTHONPATH=/home/point001/autoware.ai/install/autoware_msgs/lib/python2.7/dist-packages:${PYTHONPATH} ROS_PACKAGE_PATH=/home/point001/autoware.ai/install/autoware_msgs/share:/home/point001/autoware.ai/install/autoware_build_flags/share:${ROS_PACKAGE_PATH} /usr/bin/cmake --build /home/point001/autoware.ai/build/vehicle_gazebo_simulation_interface --target tests -- -j24 -l24
[1.505s] Invoking command in '/home/point001/autoware.ai/build/vehicle_gazebo_simulation_interface': CMAKE_PREFIX_PATH=/home/point001/autoware.ai/install/autoware_msgs:/home/point001/autoware.ai/install/autoware_build_flags:${CMAKE_PREFIX_PATH} PKG_CONFIG_PATH=/home/point001/autoware.ai/install/autoware_msgs/lib/x86_64-linux-gnu/pkgconfig:/home/point001/autoware.ai/install/autoware_msgs/lib/pkgconfig:/home/point001/autoware.ai/install/autoware_build_flags/lib/x86_64-linux-gnu/pkgconfig:/home/point001/autoware.ai/install/autoware_build_flags/lib/pkgconfig:${PKG_CONFIG_PATH} PYTHONPATH=/home/point001/autoware.ai/install/autoware_msgs/lib/python2.7/dist-packages:${PYTHONPATH} ROS_PACKAGE_PATH=/home/point001/autoware.ai/install/autoware_msgs/share:/home/point001/autoware.ai/install/autoware_build_flags/share:${ROS_PACKAGE_PATH} /usr/bin/cmake --build /home/point001/autoware.ai/build/vehicle_gazebo_simulation_interface --target install -- -j24 -l24
[1.607s] [  0%] Built target actionlib_generate_messages_eus
[1.607s] [  0%] Built target actionlib_generate_messages_cpp
[1.607s] [  0%] Built target gazebo_msgs_generate_messages_cpp
[1.607s] [  0%] Built target jsk_recognition_msgs_generate_messages_eus
[1.607s] [  0%] Built target autoware_msgs_generate_messages_py
[1.607s] [  0%] Built target rosgraph_msgs_generate_messages_cpp
[1.607s] [  0%] Built target geometry_msgs_generate_messages_py
[1.607s] [  0%] Built target jsk_footstep_msgs_generate_messages_py
[1.607s] [  0%] Built target tf2_msgs_generate_messages_cpp
[1.608s] [  0%] Built target roscpp_generate_messages_cpp
[1.608s] [  0%] Built target pcl_msgs_generate_messages_eus
[1.608s] [  0%] Built target std_msgs_generate_messages_cpp
[1.612s] [  0%] Built target std_msgs_generate_messages_nodejs
[1.612s] [  0%] Built target actionlib_msgs_generate_messages_nodejs
[1.612s] [  0%] Built target autoware_msgs_generate_messages_cpp
[1.613s] [  0%] Built target jsk_recognition_msgs_generate_messages_lisp
[1.613s] [  0%] Built target std_msgs_generate_messages_py
[1.614s] [  0%] Built target jsk_recognition_msgs_generate_messages_py
[1.614s] [  0%] Built target sensor_msgs_generate_messages_nodejs
[1.617s] [  0%] Built target sensor_msgs_generate_messages_py
[1.623s] [  0%] Built target sensor_msgs_generate_messages_cpp
[1.623s] [  0%] Built target sensor_msgs_generate_messages_lisp
[1.623s] [  0%] Built target sensor_msgs_generate_messages_eus
[1.623s] [  0%] Built target pcl_msgs_generate_messages_nodejs
[1.638s] [  0%] Built target actionlib_generate_messages_lisp
[1.639s] [  0%] Built target std_msgs_generate_messages_lisp
[1.639s] [  0%] Built target pcl_msgs_generate_messages_cpp
[1.648s] [  0%] Built target jsk_footstep_msgs_generate_messages_eus
[1.648s] [  0%] Built target actionlib_msgs_generate_messages_py
[1.649s] [  0%] Built target geometry_msgs_generate_messages_lisp
[1.651s] [  0%] Built target geometry_msgs_generate_messages_nodejs
[1.651s] [  0%] Built target pcl_msgs_generate_messages_lisp
[1.655s] [  0%] Built target geometry_msgs_generate_messages_eus
[1.656s] [  0%] Built target trajectory_msgs_generate_messages_py
[1.657s] [  0%] Built target actionlib_generate_messages_nodejs
[1.658s] [  0%] Built target gazebo_msgs_generate_messages_py
[1.664s] [  0%] Built target jsk_recognition_msgs_generate_messages_cpp
[1.664s] [  0%] Built target trajectory_msgs_generate_messages_nodejs
[1.665s] [  0%] Built target jsk_footstep_msgs_generate_messages_lisp
[1.666s] [  0%] Built target geometry_msgs_generate_messages_cpp
[1.676s] [  0%] Built target actionlib_msgs_generate_messages_cpp
[1.676s] [  0%] Built target roscpp_generate_messages_nodejs
[1.684s] [  0%] Built target autoware_msgs_generate_messages_eus
[1.685s] [  0%] Built target std_msgs_generate_messages_eus
[1.686s] [  0%] Built target autoware_msgs_generate_messages_nodejs
[1.687s] [  0%] Built target jsk_footstep_msgs_generate_messages_cpp
[1.694s] [  0%] Built target autoware_msgs_generate_messages_lisp
[1.701s] [  0%] Built target jsk_footstep_msgs_generate_messages_nodejs
[1.701s] [  0%] Built target gazebo_msgs_generate_messages_lisp
[1.708s] [  0%] Built target actionlib_msgs_generate_messages_lisp
[1.726s] [  0%] Built target std_srvs_generate_messages_cpp
[1.726s] [  0%] Built target trajectory_msgs_generate_messages_eus
[1.726s] [  0%] Built target roscpp_generate_messages_py
[1.726s] [  0%] Built target rosgraph_msgs_generate_messages_lisp
[1.729s] [  0%] Built target gazebo_msgs_generate_messages_nodejs
[1.741s] [  0%] Built target trajectory_msgs_generate_messages_lisp
[1.741s] [  0%] Built target rosgraph_msgs_generate_messages_eus
[1.748s] [  0%] Built target jsk_recognition_msgs_generate_messages_nodejs
[1.748s] [  0%] Built target roscpp_generate_messages_lisp
[1.748s] [  0%] Built target std_srvs_generate_messages_eus
[1.748s] [  0%] Built target gazebo_msgs_generate_messages_eus
[1.762s] [  0%] Built target actionlib_msgs_generate_messages_eus
[1.762s] [  0%] Built target std_srvs_generate_messages_py
[1.762s] [  0%] Built target std_srvs_generate_messages_nodejs
[1.762s] [  0%] Built target tf2_msgs_generate_messages_eus
[1.763s] [  0%] Built target roscpp_generate_messages_eus
[1.764s] [  0%] Built target rosgraph_msgs_generate_messages_py
[1.768s] [  0%] Built target trajectory_msgs_generate_messages_cpp
[1.768s] [  0%] Built target actionlib_generate_messages_py
[1.776s] [  0%] Built target tf2_msgs_generate_messages_py
[1.778s] [  0%] Built target rosgraph_msgs_generate_messages_nodejs
[1.782s] [  0%] Built target pcl_msgs_generate_messages_py
[1.783s] [  0%] Built target _catkin_empty_exported_target
[1.787s] [  0%] Built target tf2_msgs_generate_messages_lisp
[1.791s] [  0%] Built target std_srvs_generate_messages_lisp
[1.804s] [  0%] Built target tf2_msgs_generate_messages_nodejs
[1.854s] [ 50%] Built target vehicle_gazebo_info_publisher
[1.870s] [100%] Built target vehicle_gazebo_input_subscriber
[1.920s] [36mInstall the project...[0m
[1.933s] -- Install configuration: "Release"
[1.933s] -- Up-to-date: /home/point001/autoware.ai/install/vehicle_gazebo_simulation_interface/lib/pkgconfig/vehicle_gazebo_simulation_interface.pc
[1.933s] -- Up-to-date: /home/point001/autoware.ai/install/vehicle_gazebo_simulation_interface/share/vehicle_gazebo_simulation_interface/cmake/vehicle_gazebo_simulation_interfaceConfig.cmake
[1.933s] -- Up-to-date: /home/point001/autoware.ai/install/vehicle_gazebo_simulation_interface/share/vehicle_gazebo_simulation_interface/cmake/vehicle_gazebo_simulation_interfaceConfig-version.cmake
[1.933s] -- Up-to-date: /home/point001/autoware.ai/install/vehicle_gazebo_simulation_interface/share/vehicle_gazebo_simulation_interface/package.xml
[1.933s] -- Up-to-date: /home/point001/autoware.ai/install/vehicle_gazebo_simulation_interface/lib/vehicle_gazebo_simulation_interface/vehicle_gazebo_input_subscriber
[1.934s] -- Up-to-date: /home/point001/autoware.ai/install/vehicle_gazebo_simulation_interface/lib/vehicle_gazebo_simulation_interface/vehicle_gazebo_info_publisher
[2.020s] Invoked command in '/home/point001/autoware.ai/build/vehicle_gazebo_simulation_interface' returned '0': CMAKE_PREFIX_PATH=/home/point001/autoware.ai/install/autoware_msgs:/home/point001/autoware.ai/install/autoware_build_flags:${CMAKE_PREFIX_PATH} PKG_CONFIG_PATH=/home/point001/autoware.ai/install/autoware_msgs/lib/x86_64-linux-gnu/pkgconfig:/home/point001/autoware.ai/install/autoware_msgs/lib/pkgconfig:/home/point001/autoware.ai/install/autoware_build_flags/lib/x86_64-linux-gnu/pkgconfig:/home/point001/autoware.ai/install/autoware_build_flags/lib/pkgconfig:${PKG_CONFIG_PATH} PYTHONPATH=/home/point001/autoware.ai/install/autoware_msgs/lib/python2.7/dist-packages:${PYTHONPATH} ROS_PACKAGE_PATH=/home/point001/autoware.ai/install/autoware_msgs/share:/home/point001/autoware.ai/install/autoware_build_flags/share:${ROS_PACKAGE_PATH} /usr/bin/cmake --build /home/point001/autoware.ai/build/vehicle_gazebo_simulation_interface --target install -- -j24 -l24
