[0.286s] Invoking command in '/home/point001/autoware.ai/build/autoware_map_msgs': /usr/bin/cmake --build /home/point001/autoware.ai/build/autoware_map_msgs -- -j24 -l24
[0.464s] [  0%] Built target _autoware_map_msgs_generate_messages_check_deps_LaneRelationArray
[0.473s] [  0%] Built target _autoware_map_msgs_generate_messages_check_deps_WaypointArray
[0.473s] [  0%] Built target _autoware_map_msgs_generate_messages_check_deps_WaypointRelation
[0.487s] [  0%] Built target _autoware_map_msgs_generate_messages_check_deps_OppositeLaneRelation
[0.493s] [  0%] Built target std_msgs_generate_messages_cpp
[0.497s] [  0%] Built target _autoware_map_msgs_generate_messages_check_deps_LaneArray
[0.497s] [  0%] Built target _autoware_map_msgs_generate_messages_check_deps_WaypointRelationArray
[0.515s] [  0%] Built target _autoware_map_msgs_generate_messages_check_deps_LaneAttributeRelation
[0.520s] [  0%] Built target _autoware_map_msgs_generate_messages_check_deps_SignalArray
[0.526s] [  0%] Built target _autoware_map_msgs_generate_messages_check_deps_Area
[0.527s] [  0%] Built target _autoware_map_msgs_generate_messages_check_deps_Signal
[0.527s] [  0%] Built target _autoware_map_msgs_generate_messages_check_deps_LaneRelation
[0.539s] [  0%] Built target _autoware_map_msgs_generate_messages_check_deps_WaypointSignalRelationArray
[0.547s] [  0%] Built target _autoware_map_msgs_generate_messages_check_deps_LaneChangeRelationArray
[0.547s] [  0%] Built target _autoware_map_msgs_generate_messages_check_deps_WaypointSignalRelation
[0.561s] [  0%] Built target _autoware_map_msgs_generate_messages_check_deps_LaneChangeRelation
[0.567s] [  0%] Built target _autoware_map_msgs_generate_messages_check_deps_Waypoint
[0.571s] [  0%] Built target _autoware_map_msgs_generate_messages_check_deps_OppositeLaneRelationArray
[0.576s] [  0%] Built target _autoware_map_msgs_generate_messages_check_deps_LaneSignalLightRelation
[0.584s] [  0%] Built target _autoware_map_msgs_generate_messages_check_deps_WayareaArray
[0.599s] [  0%] Built target _autoware_map_msgs_generate_messages_check_deps_AreaArray
[0.599s] [  0%] Built target std_msgs_generate_messages_eus
[0.601s] [  0%] Built target _autoware_map_msgs_generate_messages_check_deps_PointArray
[0.603s] [  0%] Built target _autoware_map_msgs_generate_messages_check_deps_Wayarea
[0.604s] [  0%] Built target _autoware_map_msgs_generate_messages_check_deps_SignalLight
[0.610s] [  0%] Built target std_msgs_generate_messages_nodejs
[0.616s] [  0%] Built target _autoware_map_msgs_generate_messages_check_deps_Lane
[0.621s] [  0%] Built target std_msgs_generate_messages_py
[0.621s] [  0%] Built target _autoware_map_msgs_generate_messages_check_deps_Point
[0.621s] [  0%] Built target _autoware_map_msgs_generate_messages_check_deps_LaneAttributeRelationArray
[0.629s] [  0%] Built target _autoware_map_msgs_generate_messages_check_deps_LaneSignalLightRelationArray
[0.634s] [  0%] Built target std_msgs_generate_messages_lisp
[0.677s] [  0%] Built target _autoware_map_msgs_generate_messages_check_deps_WaypointLaneRelation
[0.695s] [  0%] Built target _autoware_map_msgs_generate_messages_check_deps_WaypointLaneRelationArray
[0.709s] [  0%] Built target _autoware_map_msgs_generate_messages_check_deps_SignalLightArray
[0.713s] [ 19%] Built target autoware_map_msgs_generate_messages_cpp
[0.714s] [ 39%] Built target autoware_map_msgs_generate_messages_nodejs
[0.715s] [ 60%] Built target autoware_map_msgs_generate_messages_eus
[0.715s] [ 80%] Built target autoware_map_msgs_generate_messages_py
[0.715s] [100%] Built target autoware_map_msgs_generate_messages_lisp
[0.725s] [100%] Built target autoware_map_msgs_generate_messages
[0.912s] Invoked command in '/home/point001/autoware.ai/build/autoware_map_msgs' returned '0': /usr/bin/cmake --build /home/point001/autoware.ai/build/autoware_map_msgs -- -j24 -l24
[1.103s] Invoking command in '/home/point001/autoware.ai/build/autoware_map_msgs': /usr/bin/cmake --build /home/point001/autoware.ai/build/autoware_map_msgs --target tests -- -j24 -l24
[1.280s] Built target tests
[1.337s] Invoked command in '/home/point001/autoware.ai/build/autoware_map_msgs' returned '0': /usr/bin/cmake --build /home/point001/autoware.ai/build/autoware_map_msgs --target tests -- -j24 -l24
[1.600s] Invoking command in '/home/point001/autoware.ai/build/autoware_map_msgs': /usr/bin/cmake --build /home/point001/autoware.ai/build/autoware_map_msgs --target install -- -j24 -l24
[1.693s] [  0%] Built target std_msgs_generate_messages_cpp
[1.714s] [  0%] Built target _autoware_map_msgs_generate_messages_check_deps_SignalLight
[1.715s] [  0%] Built target _autoware_map_msgs_generate_messages_check_deps_Lane
[1.719s] [  0%] Built target _autoware_map_msgs_generate_messages_check_deps_OppositeLaneRelation
[1.725s] [  0%] Built target _autoware_map_msgs_generate_messages_check_deps_SignalArray
[1.725s] [  0%] Built target _autoware_map_msgs_generate_messages_check_deps_WaypointSignalRelationArray
[1.725s] [  0%] Built target _autoware_map_msgs_generate_messages_check_deps_LaneArray
[1.725s] [  0%] Built target _autoware_map_msgs_generate_messages_check_deps_LaneChangeRelationArray
[1.725s] [  0%] Built target _autoware_map_msgs_generate_messages_check_deps_LaneRelation
[1.726s] [  0%] Built target _autoware_map_msgs_generate_messages_check_deps_OppositeLaneRelationArray
[1.726s] [  0%] Built target _autoware_map_msgs_generate_messages_check_deps_Point
[1.726s] [  0%] Built target _autoware_map_msgs_generate_messages_check_deps_WaypointArray
[1.727s] [  0%] Built target _autoware_map_msgs_generate_messages_check_deps_LaneRelationArray
[1.729s] [  0%] Built target _autoware_map_msgs_generate_messages_check_deps_Area
[1.733s] [  0%] Built target _autoware_map_msgs_generate_messages_check_deps_WaypointRelation
[1.734s] [  0%] Built target _autoware_map_msgs_generate_messages_check_deps_Signal
[1.734s] [  0%] Built target _autoware_map_msgs_generate_messages_check_deps_LaneSignalLightRelation
[1.734s] [  0%] Built target _autoware_map_msgs_generate_messages_check_deps_WaypointSignalRelation
[1.736s] [  0%] Built target _autoware_map_msgs_generate_messages_check_deps_WaypointRelationArray
[1.736s] [  0%] Built target _autoware_map_msgs_generate_messages_check_deps_Waypoint
[1.736s] [  0%] Built target _autoware_map_msgs_generate_messages_check_deps_LaneAttributeRelation
[1.737s] [  0%] Built target _autoware_map_msgs_generate_messages_check_deps_LaneChangeRelation
[1.740s] [  0%] Built target _autoware_map_msgs_generate_messages_check_deps_AreaArray
[1.741s] [  0%] Built target _autoware_map_msgs_generate_messages_check_deps_WayareaArray
[1.755s] [  0%] Built target std_msgs_generate_messages_py
[1.755s] [  0%] Built target std_msgs_generate_messages_nodejs
[1.756s] [  0%] Built target std_msgs_generate_messages_eus
[1.757s] [  0%] Built target std_msgs_generate_messages_lisp
[1.762s] [  0%] Built target _autoware_map_msgs_generate_messages_check_deps_Wayarea
[1.767s] [  0%] Built target _autoware_map_msgs_generate_messages_check_deps_PointArray
[1.768s] [  0%] Built target _autoware_map_msgs_generate_messages_check_deps_WaypointLaneRelation
[1.768s] [  0%] Built target _autoware_map_msgs_generate_messages_check_deps_LaneAttributeRelationArray
[1.768s] [  0%] Built target _autoware_map_msgs_generate_messages_check_deps_LaneSignalLightRelationArray
[1.773s] [  0%] Built target _autoware_map_msgs_generate_messages_check_deps_WaypointLaneRelationArray
[1.773s] [  0%] Built target _autoware_map_msgs_generate_messages_check_deps_SignalLightArray
[1.795s] [ 20%] Built target autoware_map_msgs_generate_messages_eus
[1.795s] [ 39%] Built target autoware_map_msgs_generate_messages_cpp
[1.796s] [ 59%] Built target autoware_map_msgs_generate_messages_lisp
[1.796s] [ 79%] Built target autoware_map_msgs_generate_messages_py
[1.796s] [100%] Built target autoware_map_msgs_generate_messages_nodejs
[1.816s] [100%] Built target autoware_map_msgs_generate_messages
[1.849s] [36mInstall the project...[0m
[1.860s] -- Install configuration: "Release"
[1.860s] -- Up-to-date: /home/point001/autoware.ai/install/autoware_map_msgs/share/autoware_map_msgs/msg/Area.msg
[1.860s] -- Up-to-date: /home/point001/autoware.ai/install/autoware_map_msgs/share/autoware_map_msgs/msg/AreaArray.msg
[1.860s] -- Up-to-date: /home/point001/autoware.ai/install/autoware_map_msgs/share/autoware_map_msgs/msg/Lane.msg
[1.860s] -- Up-to-date: /home/point001/autoware.ai/install/autoware_map_msgs/share/autoware_map_msgs/msg/LaneArray.msg
[1.860s] -- Up-to-date: /home/point001/autoware.ai/install/autoware_map_msgs/share/autoware_map_msgs/msg/LaneAttributeRelation.msg
[1.860s] -- Up-to-date: /home/point001/autoware.ai/install/autoware_map_msgs/share/autoware_map_msgs/msg/LaneAttributeRelationArray.msg
[1.861s] -- Up-to-date: /home/point001/autoware.ai/install/autoware_map_msgs/share/autoware_map_msgs/msg/LaneChangeRelation.msg
[1.861s] -- Up-to-date: /home/point001/autoware.ai/install/autoware_map_msgs/share/autoware_map_msgs/msg/LaneChangeRelationArray.msg
[1.861s] -- Up-to-date: /home/point001/autoware.ai/install/autoware_map_msgs/share/autoware_map_msgs/msg/LaneRelation.msg
[1.861s] -- Up-to-date: /home/point001/autoware.ai/install/autoware_map_msgs/share/autoware_map_msgs/msg/LaneRelationArray.msg
[1.861s] -- Up-to-date: /home/point001/autoware.ai/install/autoware_map_msgs/share/autoware_map_msgs/msg/LaneSignalLightRelation.msg
[1.861s] -- Up-to-date: /home/point001/autoware.ai/install/autoware_map_msgs/share/autoware_map_msgs/msg/LaneSignalLightRelationArray.msg
[1.861s] -- Up-to-date: /home/point001/autoware.ai/install/autoware_map_msgs/share/autoware_map_msgs/msg/OppositeLaneRelation.msg
[1.861s] -- Up-to-date: /home/point001/autoware.ai/install/autoware_map_msgs/share/autoware_map_msgs/msg/OppositeLaneRelationArray.msg
[1.862s] -- Up-to-date: /home/point001/autoware.ai/install/autoware_map_msgs/share/autoware_map_msgs/msg/Point.msg
[1.863s] -- Up-to-date: /home/point001/autoware.ai/install/autoware_map_msgs/share/autoware_map_msgs/msg/PointArray.msg
[1.863s] -- Up-to-date: /home/point001/autoware.ai/install/autoware_map_msgs/share/autoware_map_msgs/msg/Signal.msg
[1.863s] -- Up-to-date: /home/point001/autoware.ai/install/autoware_map_msgs/share/autoware_map_msgs/msg/SignalArray.msg
[1.863s] -- Up-to-date: /home/point001/autoware.ai/install/autoware_map_msgs/share/autoware_map_msgs/msg/SignalLight.msg
[1.863s] -- Up-to-date: /home/point001/autoware.ai/install/autoware_map_msgs/share/autoware_map_msgs/msg/SignalLightArray.msg
[1.863s] -- Up-to-date: /home/point001/autoware.ai/install/autoware_map_msgs/share/autoware_map_msgs/msg/Wayarea.msg
[1.863s] -- Up-to-date: /home/point001/autoware.ai/install/autoware_map_msgs/share/autoware_map_msgs/msg/WayareaArray.msg
[1.863s] -- Up-to-date: /home/point001/autoware.ai/install/autoware_map_msgs/share/autoware_map_msgs/msg/Waypoint.msg
[1.863s] -- Up-to-date: /home/point001/autoware.ai/install/autoware_map_msgs/share/autoware_map_msgs/msg/WaypointArray.msg
[1.863s] -- Up-to-date: /home/point001/autoware.ai/install/autoware_map_msgs/share/autoware_map_msgs/msg/WaypointLaneRelation.msg
[1.864s] -- Up-to-date: /home/point001/autoware.ai/install/autoware_map_msgs/share/autoware_map_msgs/msg/WaypointLaneRelationArray.msg
[1.864s] -- Up-to-date: /home/point001/autoware.ai/install/autoware_map_msgs/share/autoware_map_msgs/msg/WaypointRelation.msg
[1.864s] -- Up-to-date: /home/point001/autoware.ai/install/autoware_map_msgs/share/autoware_map_msgs/msg/WaypointRelationArray.msg
[1.864s] -- Up-to-date: /home/point001/autoware.ai/install/autoware_map_msgs/share/autoware_map_msgs/msg/WaypointSignalRelation.msg
[1.864s] -- Up-to-date: /home/point001/autoware.ai/install/autoware_map_msgs/share/autoware_map_msgs/msg/WaypointSignalRelationArray.msg
[1.864s] -- Up-to-date: /home/point001/autoware.ai/install/autoware_map_msgs/share/autoware_map_msgs/cmake/autoware_map_msgs-msg-paths.cmake
[1.864s] -- Up-to-date: /home/point001/autoware.ai/install/autoware_map_msgs/include/autoware_map_msgs
[1.864s] -- Up-to-date: /home/point001/autoware.ai/install/autoware_map_msgs/include/autoware_map_msgs/Waypoint.h
[1.864s] -- Up-to-date: /home/point001/autoware.ai/install/autoware_map_msgs/include/autoware_map_msgs/Area.h
[1.864s] -- Up-to-date: /home/point001/autoware.ai/install/autoware_map_msgs/include/autoware_map_msgs/OppositeLaneRelation.h
[1.864s] -- Up-to-date: /home/point001/autoware.ai/install/autoware_map_msgs/include/autoware_map_msgs/LaneRelation.h
[1.864s] -- Up-to-date: /home/point001/autoware.ai/install/autoware_map_msgs/include/autoware_map_msgs/LaneSignalLightRelation.h
[1.864s] -- Up-to-date: /home/point001/autoware.ai/install/autoware_map_msgs/include/autoware_map_msgs/WaypointSignalRelationArray.h
[1.865s] -- Up-to-date: /home/point001/autoware.ai/install/autoware_map_msgs/include/autoware_map_msgs/LaneRelationArray.h
[1.865s] -- Up-to-date: /home/point001/autoware.ai/install/autoware_map_msgs/include/autoware_map_msgs/LaneArray.h
[1.865s] -- Up-to-date: /home/point001/autoware.ai/install/autoware_map_msgs/include/autoware_map_msgs/PointArray.h
[1.865s] -- Up-to-date: /home/point001/autoware.ai/install/autoware_map_msgs/include/autoware_map_msgs/Signal.h
[1.865s] -- Up-to-date: /home/point001/autoware.ai/install/autoware_map_msgs/include/autoware_map_msgs/WaypointArray.h
[1.866s] -- Up-to-date: /home/point001/autoware.ai/install/autoware_map_msgs/include/autoware_map_msgs/Lane.h
[1.866s] -- Up-to-date: /home/point001/autoware.ai/install/autoware_map_msgs/include/autoware_map_msgs/WayareaArray.h
[1.866s] -- Up-to-date: /home/point001/autoware.ai/install/autoware_map_msgs/include/autoware_map_msgs/SignalLight.h
[1.866s] -- Up-to-date: /home/point001/autoware.ai/install/autoware_map_msgs/include/autoware_map_msgs/WaypointLaneRelation.h
[1.866s] -- Up-to-date: /home/point001/autoware.ai/install/autoware_map_msgs/include/autoware_map_msgs/Point.h
[1.866s] -- Up-to-date: /home/point001/autoware.ai/install/autoware_map_msgs/include/autoware_map_msgs/LaneAttributeRelationArray.h
[1.866s] -- Up-to-date: /home/point001/autoware.ai/install/autoware_map_msgs/include/autoware_map_msgs/LaneAttributeRelation.h
[1.866s] -- Up-to-date: /home/point001/autoware.ai/install/autoware_map_msgs/include/autoware_map_msgs/WaypointRelationArray.h
[1.873s] -- Up-to-date: /home/point001/autoware.ai/install/autoware_map_msgs/include/autoware_map_msgs/LaneSignalLightRelationArray.h
[1.874s] -- Up-to-date: /home/point001/autoware.ai/install/autoware_map_msgs/include/autoware_map_msgs/AreaArray.h
[1.874s] -- Up-to-date: /home/point001/autoware.ai/install/autoware_map_msgs/include/autoware_map_msgs/SignalArray.h
[1.874s] -- Up-to-date: /home/point001/autoware.ai/install/autoware_map_msgs/include/autoware_map_msgs/OppositeLaneRelationArray.h
[1.874s] -- Up-to-date: /home/point001/autoware.ai/install/autoware_map_msgs/include/autoware_map_msgs/SignalLightArray.h
[1.874s] -- Up-to-date: /home/point001/autoware.ai/install/autoware_map_msgs/include/autoware_map_msgs/WaypointLaneRelationArray.h
[1.874s] -- Up-to-date: /home/point001/autoware.ai/install/autoware_map_msgs/include/autoware_map_msgs/WaypointRelation.h
[1.874s] -- Up-to-date: /home/point001/autoware.ai/install/autoware_map_msgs/include/autoware_map_msgs/Wayarea.h
[1.875s] -- Up-to-date: /home/point001/autoware.ai/install/autoware_map_msgs/include/autoware_map_msgs/LaneChangeRelationArray.h
[1.875s] -- Up-to-date: /home/point001/autoware.ai/install/autoware_map_msgs/include/autoware_map_msgs/WaypointSignalRelation.h
[1.875s] -- Up-to-date: /home/point001/autoware.ai/install/autoware_map_msgs/include/autoware_map_msgs/LaneChangeRelation.h
[1.875s] -- Up-to-date: /home/point001/autoware.ai/install/autoware_map_msgs/share/roseus/ros/autoware_map_msgs
[1.875s] -- Up-to-date: /home/point001/autoware.ai/install/autoware_map_msgs/share/roseus/ros/autoware_map_msgs/manifest.l
[1.875s] -- Up-to-date: /home/point001/autoware.ai/install/autoware_map_msgs/share/roseus/ros/autoware_map_msgs/msg
[1.876s] -- Up-to-date: /home/point001/autoware.ai/install/autoware_map_msgs/share/roseus/ros/autoware_map_msgs/msg/OppositeLaneRelation.l
[1.876s] -- Up-to-date: /home/point001/autoware.ai/install/autoware_map_msgs/share/roseus/ros/autoware_map_msgs/msg/WaypointLaneRelation.l
[1.876s] -- Up-to-date: /home/point001/autoware.ai/install/autoware_map_msgs/share/roseus/ros/autoware_map_msgs/msg/LaneAttributeRelationArray.l
[1.880s] -- Up-to-date: /home/point001/autoware.ai/install/autoware_map_msgs/share/roseus/ros/autoware_map_msgs/msg/WaypointSignalRelation.l
[1.880s] -- Up-to-date: /home/point001/autoware.ai/install/autoware_map_msgs/share/roseus/ros/autoware_map_msgs/msg/LaneChangeRelationArray.l
[1.880s] -- Up-to-date: /home/point001/autoware.ai/install/autoware_map_msgs/share/roseus/ros/autoware_map_msgs/msg/WaypointArray.l
[1.880s] -- Up-to-date: /home/point001/autoware.ai/install/autoware_map_msgs/share/roseus/ros/autoware_map_msgs/msg/Lane.l
[1.880s] -- Up-to-date: /home/point001/autoware.ai/install/autoware_map_msgs/share/roseus/ros/autoware_map_msgs/msg/PointArray.l
[1.880s] -- Up-to-date: /home/point001/autoware.ai/install/autoware_map_msgs/share/roseus/ros/autoware_map_msgs/msg/SignalLight.l
[1.880s] -- Up-to-date: /home/point001/autoware.ai/install/autoware_map_msgs/share/roseus/ros/autoware_map_msgs/msg/Area.l
[1.881s] -- Up-to-date: /home/point001/autoware.ai/install/autoware_map_msgs/share/roseus/ros/autoware_map_msgs/msg/SignalArray.l
[1.881s] -- Up-to-date: /home/point001/autoware.ai/install/autoware_map_msgs/share/roseus/ros/autoware_map_msgs/msg/Point.l
[1.881s] -- Up-to-date: /home/point001/autoware.ai/install/autoware_map_msgs/share/roseus/ros/autoware_map_msgs/msg/LaneSignalLightRelationArray.l
[1.881s] -- Up-to-date: /home/point001/autoware.ai/install/autoware_map_msgs/share/roseus/ros/autoware_map_msgs/msg/WaypointRelation.l
[1.881s] -- Up-to-date: /home/point001/autoware.ai/install/autoware_map_msgs/share/roseus/ros/autoware_map_msgs/msg/LaneRelationArray.l
[1.881s] -- Up-to-date: /home/point001/autoware.ai/install/autoware_map_msgs/share/roseus/ros/autoware_map_msgs/msg/WaypointSignalRelationArray.l
[1.881s] -- Up-to-date: /home/point001/autoware.ai/install/autoware_map_msgs/share/roseus/ros/autoware_map_msgs/msg/Waypoint.l
[1.881s] -- Up-to-date: /home/point001/autoware.ai/install/autoware_map_msgs/share/roseus/ros/autoware_map_msgs/msg/LaneRelation.l
[1.881s] -- Up-to-date: /home/point001/autoware.ai/install/autoware_map_msgs/share/roseus/ros/autoware_map_msgs/msg/WaypointLaneRelationArray.l
[1.881s] -- Up-to-date: /home/point001/autoware.ai/install/autoware_map_msgs/share/roseus/ros/autoware_map_msgs/msg/Wayarea.l
[1.882s] -- Up-to-date: /home/point001/autoware.ai/install/autoware_map_msgs/share/roseus/ros/autoware_map_msgs/msg/SignalLightArray.l
[1.882s] -- Up-to-date: /home/point001/autoware.ai/install/autoware_map_msgs/share/roseus/ros/autoware_map_msgs/msg/OppositeLaneRelationArray.l
[1.882s] -- Up-to-date: /home/point001/autoware.ai/install/autoware_map_msgs/share/roseus/ros/autoware_map_msgs/msg/Signal.l
[1.882s] -- Up-to-date: /home/point001/autoware.ai/install/autoware_map_msgs/share/roseus/ros/autoware_map_msgs/msg/LaneAttributeRelation.l
[1.882s] -- Up-to-date: /home/point001/autoware.ai/install/autoware_map_msgs/share/roseus/ros/autoware_map_msgs/msg/LaneArray.l
[1.882s] -- Up-to-date: /home/point001/autoware.ai/install/autoware_map_msgs/share/roseus/ros/autoware_map_msgs/msg/LaneSignalLightRelation.l
[1.882s] -- Up-to-date: /home/point001/autoware.ai/install/autoware_map_msgs/share/roseus/ros/autoware_map_msgs/msg/AreaArray.l
[1.882s] -- Up-to-date: /home/point001/autoware.ai/install/autoware_map_msgs/share/roseus/ros/autoware_map_msgs/msg/LaneChangeRelation.l
[1.882s] -- Up-to-date: /home/point001/autoware.ai/install/autoware_map_msgs/share/roseus/ros/autoware_map_msgs/msg/WaypointRelationArray.l
[1.882s] -- Up-to-date: /home/point001/autoware.ai/install/autoware_map_msgs/share/roseus/ros/autoware_map_msgs/msg/WayareaArray.l
[1.883s] -- Up-to-date: /home/point001/autoware.ai/install/autoware_map_msgs/share/common-lisp/ros/autoware_map_msgs
[1.883s] -- Up-to-date: /home/point001/autoware.ai/install/autoware_map_msgs/share/common-lisp/ros/autoware_map_msgs/msg
[1.883s] -- Up-to-date: /home/point001/autoware.ai/install/autoware_map_msgs/share/common-lisp/ros/autoware_map_msgs/msg/WaypointLaneRelationArray.lisp
[1.883s] -- Up-to-date: /home/point001/autoware.ai/install/autoware_map_msgs/share/common-lisp/ros/autoware_map_msgs/msg/_package_SignalLight.lisp
[1.883s] -- Up-to-date: /home/point001/autoware.ai/install/autoware_map_msgs/share/common-lisp/ros/autoware_map_msgs/msg/_package_Wayarea.lisp
[1.883s] -- Up-to-date: /home/point001/autoware.ai/install/autoware_map_msgs/share/common-lisp/ros/autoware_map_msgs/msg/SignalLight.lisp
[1.883s] -- Up-to-date: /home/point001/autoware.ai/install/autoware_map_msgs/share/common-lisp/ros/autoware_map_msgs/msg/_package_AreaArray.lisp
[1.883s] -- Up-to-date: /home/point001/autoware.ai/install/autoware_map_msgs/share/common-lisp/ros/autoware_map_msgs/msg/_package_OppositeLaneRelationArray.lisp
[1.883s] -- Up-to-date: /home/point001/autoware.ai/install/autoware_map_msgs/share/common-lisp/ros/autoware_map_msgs/msg/_package_PointArray.lisp
[1.883s] -- Up-to-date: /home/point001/autoware.ai/install/autoware_map_msgs/share/common-lisp/ros/autoware_map_msgs/msg/_package_LaneArray.lisp
[1.884s] -- Up-to-date: /home/point001/autoware.ai/install/autoware_map_msgs/share/common-lisp/ros/autoware_map_msgs/msg/_package_WaypointSignalRelation.lisp
[1.884s] -- Up-to-date: /home/point001/autoware.ai/install/autoware_map_msgs/share/common-lisp/ros/autoware_map_msgs/msg/Lane.lisp
[1.884s] -- Up-to-date: /home/point001/autoware.ai/install/autoware_map_msgs/share/common-lisp/ros/autoware_map_msgs/msg/_package_Signal.lisp
[1.886s] -- Up-to-date: /home/point001/autoware.ai/install/autoware_map_msgs/share/common-lisp/ros/autoware_map_msgs/msg/_package_LaneRelationArray.lisp
[1.886s] -- Up-to-date: /home/point001/autoware.ai/install/autoware_map_msgs/share/common-lisp/ros/autoware_map_msgs/msg/Area.lisp
[1.886s] -- Up-to-date: /home/point001/autoware.ai/install/autoware_map_msgs/share/common-lisp/ros/autoware_map_msgs/msg/OppositeLaneRelation.lisp
[1.886s] -- Up-to-date: /home/point001/autoware.ai/install/autoware_map_msgs/share/common-lisp/ros/autoware_map_msgs/msg/_package_WaypointLaneRelation.lisp
[1.886s] -- Up-to-date: /home/point001/autoware.ai/install/autoware_map_msgs/share/common-lisp/ros/autoware_map_msgs/msg/_package_Point.lisp
[1.886s] -- Up-to-date: /home/point001/autoware.ai/install/autoware_map_msgs/share/common-lisp/ros/autoware_map_msgs/msg/LaneSignalLightRelationArray.lisp
[1.887s] -- Up-to-date: /home/point001/autoware.ai/install/autoware_map_msgs/share/common-lisp/ros/autoware_map_msgs/msg/_package_Area.lisp
[1.887s] -- Up-to-date: /home/point001/autoware.ai/install/autoware_map_msgs/share/common-lisp/ros/autoware_map_msgs/msg/_package_LaneSignalLightRelation.lisp
[1.887s] -- Up-to-date: /home/point001/autoware.ai/install/autoware_map_msgs/share/common-lisp/ros/autoware_map_msgs/msg/_package_WaypointArray.lisp
[1.887s] -- Up-to-date: /home/point001/autoware.ai/install/autoware_map_msgs/share/common-lisp/ros/autoware_map_msgs/msg/autoware_map_msgs-msg.asd
[1.887s] -- Up-to-date: /home/point001/autoware.ai/install/autoware_map_msgs/share/common-lisp/ros/autoware_map_msgs/msg/LaneRelationArray.lisp
[1.887s] -- Up-to-date: /home/point001/autoware.ai/install/autoware_map_msgs/share/common-lisp/ros/autoware_map_msgs/msg/WaypointSignalRelationArray.lisp
[1.887s] -- Up-to-date: /home/point001/autoware.ai/install/autoware_map_msgs/share/common-lisp/ros/autoware_map_msgs/msg/LaneChangeRelation.lisp
[1.887s] -- Up-to-date: /home/point001/autoware.ai/install/autoware_map_msgs/share/common-lisp/ros/autoware_map_msgs/msg/WaypointLaneRelation.lisp
[1.887s] -- Up-to-date: /home/point001/autoware.ai/install/autoware_map_msgs/share/common-lisp/ros/autoware_map_msgs/msg/_package_LaneSignalLightRelationArray.lisp
[1.887s] -- Up-to-date: /home/point001/autoware.ai/install/autoware_map_msgs/share/common-lisp/ros/autoware_map_msgs/msg/_package_LaneRelation.lisp
[1.887s] -- Up-to-date: /home/point001/autoware.ai/install/autoware_map_msgs/share/common-lisp/ros/autoware_map_msgs/msg/_package_WaypointRelation.lisp
[1.888s] -- Up-to-date: /home/point001/autoware.ai/install/autoware_map_msgs/share/common-lisp/ros/autoware_map_msgs/msg/_package_LaneAttributeRelation.lisp
[1.888s] -- Up-to-date: /home/point001/autoware.ai/install/autoware_map_msgs/share/common-lisp/ros/autoware_map_msgs/msg/_package_WaypointRelationArray.lisp
[1.888s] -- Up-to-date: /home/point001/autoware.ai/install/autoware_map_msgs/share/common-lisp/ros/autoware_map_msgs/msg/Point.lisp
[1.888s] -- Up-to-date: /home/point001/autoware.ai/install/autoware_map_msgs/share/common-lisp/ros/autoware_map_msgs/msg/_package.lisp
[1.888s] -- Up-to-date: /home/point001/autoware.ai/install/autoware_map_msgs/share/common-lisp/ros/autoware_map_msgs/msg/WaypointArray.lisp
[1.888s] -- Up-to-date: /home/point001/autoware.ai/install/autoware_map_msgs/share/common-lisp/ros/autoware_map_msgs/msg/WaypointRelation.lisp
[1.888s] -- Up-to-date: /home/point001/autoware.ai/install/autoware_map_msgs/share/common-lisp/ros/autoware_map_msgs/msg/LaneArray.lisp
[1.889s] -- Up-to-date: /home/point001/autoware.ai/install/autoware_map_msgs/share/common-lisp/ros/autoware_map_msgs/msg/WayareaArray.lisp
[1.889s] -- Up-to-date: /home/point001/autoware.ai/install/autoware_map_msgs/share/common-lisp/ros/autoware_map_msgs/msg/LaneChangeRelationArray.lisp
[1.889s] -- Up-to-date: /home/point001/autoware.ai/install/autoware_map_msgs/share/common-lisp/ros/autoware_map_msgs/msg/LaneSignalLightRelation.lisp
[1.889s] -- Up-to-date: /home/point001/autoware.ai/install/autoware_map_msgs/share/common-lisp/ros/autoware_map_msgs/msg/_package_Lane.lisp
[1.893s] -- Up-to-date: /home/point001/autoware.ai/install/autoware_map_msgs/share/common-lisp/ros/autoware_map_msgs/msg/Waypoint.lisp
[1.893s] -- Up-to-date: /home/point001/autoware.ai/install/autoware_map_msgs/share/common-lisp/ros/autoware_map_msgs/msg/LaneAttributeRelation.lisp
[1.893s] -- Up-to-date: /home/point001/autoware.ai/install/autoware_map_msgs/share/common-lisp/ros/autoware_map_msgs/msg/WaypointSignalRelation.lisp
[1.893s] -- Up-to-date: /home/point001/autoware.ai/install/autoware_map_msgs/share/common-lisp/ros/autoware_map_msgs/msg/OppositeLaneRelationArray.lisp
[1.893s] -- Up-to-date: /home/point001/autoware.ai/install/autoware_map_msgs/share/common-lisp/ros/autoware_map_msgs/msg/_package_OppositeLaneRelation.lisp
[1.893s] -- Up-to-date: /home/point001/autoware.ai/install/autoware_map_msgs/share/common-lisp/ros/autoware_map_msgs/msg/AreaArray.lisp
[1.893s] -- Up-to-date: /home/point001/autoware.ai/install/autoware_map_msgs/share/common-lisp/ros/autoware_map_msgs/msg/_package_LaneChangeRelation.lisp
[1.894s] -- Up-to-date: /home/point001/autoware.ai/install/autoware_map_msgs/share/common-lisp/ros/autoware_map_msgs/msg/LaneRelation.lisp
[1.894s] -- Up-to-date: /home/point001/autoware.ai/install/autoware_map_msgs/share/common-lisp/ros/autoware_map_msgs/msg/Wayarea.lisp
[1.894s] -- Up-to-date: /home/point001/autoware.ai/install/autoware_map_msgs/share/common-lisp/ros/autoware_map_msgs/msg/_package_LaneAttributeRelationArray.lisp
[1.894s] -- Up-to-date: /home/point001/autoware.ai/install/autoware_map_msgs/share/common-lisp/ros/autoware_map_msgs/msg/PointArray.lisp
[1.894s] -- Up-to-date: /home/point001/autoware.ai/install/autoware_map_msgs/share/common-lisp/ros/autoware_map_msgs/msg/_package_WaypointSignalRelationArray.lisp
[1.894s] -- Up-to-date: /home/point001/autoware.ai/install/autoware_map_msgs/share/common-lisp/ros/autoware_map_msgs/msg/_package_SignalLightArray.lisp
[1.894s] -- Up-to-date: /home/point001/autoware.ai/install/autoware_map_msgs/share/common-lisp/ros/autoware_map_msgs/msg/_package_WaypointLaneRelationArray.lisp
[1.894s] -- Up-to-date: /home/point001/autoware.ai/install/autoware_map_msgs/share/common-lisp/ros/autoware_map_msgs/msg/_package_SignalArray.lisp
[1.894s] -- Up-to-date: /home/point001/autoware.ai/install/autoware_map_msgs/share/common-lisp/ros/autoware_map_msgs/msg/Signal.lisp
[1.894s] -- Up-to-date: /home/point001/autoware.ai/install/autoware_map_msgs/share/common-lisp/ros/autoware_map_msgs/msg/_package_Waypoint.lisp
[1.894s] -- Up-to-date: /home/point001/autoware.ai/install/autoware_map_msgs/share/common-lisp/ros/autoware_map_msgs/msg/_package_WayareaArray.lisp
[1.894s] -- Up-to-date: /home/point001/autoware.ai/install/autoware_map_msgs/share/common-lisp/ros/autoware_map_msgs/msg/LaneAttributeRelationArray.lisp
[1.894s] -- Up-to-date: /home/point001/autoware.ai/install/autoware_map_msgs/share/common-lisp/ros/autoware_map_msgs/msg/_package_LaneChangeRelationArray.lisp
[1.895s] -- Up-to-date: /home/point001/autoware.ai/install/autoware_map_msgs/share/common-lisp/ros/autoware_map_msgs/msg/SignalArray.lisp
[1.895s] -- Up-to-date: /home/point001/autoware.ai/install/autoware_map_msgs/share/common-lisp/ros/autoware_map_msgs/msg/WaypointRelationArray.lisp
[1.895s] -- Up-to-date: /home/point001/autoware.ai/install/autoware_map_msgs/share/common-lisp/ros/autoware_map_msgs/msg/SignalLightArray.lisp
[1.895s] -- Up-to-date: /home/point001/autoware.ai/install/autoware_map_msgs/share/gennodejs/ros/autoware_map_msgs
[1.895s] -- Up-to-date: /home/point001/autoware.ai/install/autoware_map_msgs/share/gennodejs/ros/autoware_map_msgs/_index.js
[1.895s] -- Up-to-date: /home/point001/autoware.ai/install/autoware_map_msgs/share/gennodejs/ros/autoware_map_msgs/msg
[1.895s] -- Up-to-date: /home/point001/autoware.ai/install/autoware_map_msgs/share/gennodejs/ros/autoware_map_msgs/msg/SignalArray.js
[1.895s] -- Up-to-date: /home/point001/autoware.ai/install/autoware_map_msgs/share/gennodejs/ros/autoware_map_msgs/msg/Area.js
[1.895s] -- Up-to-date: /home/point001/autoware.ai/install/autoware_map_msgs/share/gennodejs/ros/autoware_map_msgs/msg/LaneAttributeRelation.js
[1.895s] -- Up-to-date: /home/point001/autoware.ai/install/autoware_map_msgs/share/gennodejs/ros/autoware_map_msgs/msg/WayareaArray.js
[1.895s] -- Up-to-date: /home/point001/autoware.ai/install/autoware_map_msgs/share/gennodejs/ros/autoware_map_msgs/msg/_index.js
[1.895s] -- Up-to-date: /home/point001/autoware.ai/install/autoware_map_msgs/share/gennodejs/ros/autoware_map_msgs/msg/WaypointSignalRelation.js
[1.895s] -- Up-to-date: /home/point001/autoware.ai/install/autoware_map_msgs/share/gennodejs/ros/autoware_map_msgs/msg/PointArray.js
[1.896s] -- Up-to-date: /home/point001/autoware.ai/install/autoware_map_msgs/share/gennodejs/ros/autoware_map_msgs/msg/WaypointLaneRelation.js
[1.896s] -- Up-to-date: /home/point001/autoware.ai/install/autoware_map_msgs/share/gennodejs/ros/autoware_map_msgs/msg/OppositeLaneRelation.js
[1.896s] -- Up-to-date: /home/point001/autoware.ai/install/autoware_map_msgs/share/gennodejs/ros/autoware_map_msgs/msg/Lane.js
[1.896s] -- Up-to-date: /home/point001/autoware.ai/install/autoware_map_msgs/share/gennodejs/ros/autoware_map_msgs/msg/WaypointSignalRelationArray.js
[1.896s] -- Up-to-date: /home/point001/autoware.ai/install/autoware_map_msgs/share/gennodejs/ros/autoware_map_msgs/msg/WaypointLaneRelationArray.js
[1.896s] -- Up-to-date: /home/point001/autoware.ai/install/autoware_map_msgs/share/gennodejs/ros/autoware_map_msgs/msg/WaypointRelation.js
[1.896s] -- Up-to-date: /home/point001/autoware.ai/install/autoware_map_msgs/share/gennodejs/ros/autoware_map_msgs/msg/LaneChangeRelationArray.js
[1.896s] -- Up-to-date: /home/point001/autoware.ai/install/autoware_map_msgs/share/gennodejs/ros/autoware_map_msgs/msg/WaypointArray.js
[1.896s] -- Up-to-date: /home/point001/autoware.ai/install/autoware_map_msgs/share/gennodejs/ros/autoware_map_msgs/msg/SignalLightArray.js
[1.897s] -- Up-to-date: /home/point001/autoware.ai/install/autoware_map_msgs/share/gennodejs/ros/autoware_map_msgs/msg/SignalLight.js
[1.897s] -- Up-to-date: /home/point001/autoware.ai/install/autoware_map_msgs/share/gennodejs/ros/autoware_map_msgs/msg/LaneRelationArray.js
[1.897s] -- Up-to-date: /home/point001/autoware.ai/install/autoware_map_msgs/share/gennodejs/ros/autoware_map_msgs/msg/AreaArray.js
[1.897s] -- Up-to-date: /home/point001/autoware.ai/install/autoware_map_msgs/share/gennodejs/ros/autoware_map_msgs/msg/LaneArray.js
[1.897s] -- Up-to-date: /home/point001/autoware.ai/install/autoware_map_msgs/share/gennodejs/ros/autoware_map_msgs/msg/LaneSignalLightRelation.js
[1.897s] -- Up-to-date: /home/point001/autoware.ai/install/autoware_map_msgs/share/gennodejs/ros/autoware_map_msgs/msg/LaneChangeRelation.js
[1.897s] -- Up-to-date: /home/point001/autoware.ai/install/autoware_map_msgs/share/gennodejs/ros/autoware_map_msgs/msg/Waypoint.js
[1.897s] -- Up-to-date: /home/point001/autoware.ai/install/autoware_map_msgs/share/gennodejs/ros/autoware_map_msgs/msg/Signal.js
[1.897s] -- Up-to-date: /home/point001/autoware.ai/install/autoware_map_msgs/share/gennodejs/ros/autoware_map_msgs/msg/WaypointRelationArray.js
[1.897s] -- Up-to-date: /home/point001/autoware.ai/install/autoware_map_msgs/share/gennodejs/ros/autoware_map_msgs/msg/LaneAttributeRelationArray.js
[1.898s] -- Up-to-date: /home/point001/autoware.ai/install/autoware_map_msgs/share/gennodejs/ros/autoware_map_msgs/msg/LaneRelation.js
[1.898s] -- Up-to-date: /home/point001/autoware.ai/install/autoware_map_msgs/share/gennodejs/ros/autoware_map_msgs/msg/LaneSignalLightRelationArray.js
[1.898s] -- Up-to-date: /home/point001/autoware.ai/install/autoware_map_msgs/share/gennodejs/ros/autoware_map_msgs/msg/OppositeLaneRelationArray.js
[1.898s] -- Up-to-date: /home/point001/autoware.ai/install/autoware_map_msgs/share/gennodejs/ros/autoware_map_msgs/msg/Wayarea.js
[1.898s] -- Up-to-date: /home/point001/autoware.ai/install/autoware_map_msgs/share/gennodejs/ros/autoware_map_msgs/msg/Point.js
[1.904s] Listing /home/point001/autoware.ai/build/autoware_map_msgs/devel/lib/python2.7/dist-packages/autoware_map_msgs ...
[1.904s] Listing /home/point001/autoware.ai/build/autoware_map_msgs/devel/lib/python2.7/dist-packages/autoware_map_msgs/msg ...
[1.904s] Compiling /home/point001/autoware.ai/build/autoware_map_msgs/devel/lib/python2.7/dist-packages/autoware_map_msgs/msg/_LaneChangeRelation.py ...
[1.904s]   File "/home/point001/autoware.ai/build/autoware_map_msgs/devel/lib/python2.7/dist-packages/autoware_map_msgs/msg/_LaneChangeRelation.py", line 34
[1.904s]     None = 0
[1.904s] SyntaxError: cannot assign to None
[1.904s] 
[1.904s] Compiling /home/point001/autoware.ai/build/autoware_map_msgs/devel/lib/python2.7/dist-packages/autoware_map_msgs/msg/_LaneRelation.py ...
[1.905s]   File "/home/point001/autoware.ai/build/autoware_map_msgs/devel/lib/python2.7/dist-packages/autoware_map_msgs/msg/_LaneRelation.py", line 33
[1.905s]     None = 0
[1.905s] SyntaxError: cannot assign to None
[1.905s] 
[1.905s] -- Up-to-date: /home/point001/autoware.ai/install/autoware_map_msgs/lib/python2.7/dist-packages/autoware_map_msgs
[1.905s] -- Up-to-date: /home/point001/autoware.ai/install/autoware_map_msgs/lib/python2.7/dist-packages/autoware_map_msgs/msg
[1.905s] -- Up-to-date: /home/point001/autoware.ai/install/autoware_map_msgs/lib/python2.7/dist-packages/autoware_map_msgs/msg/_SignalLight.pyc
[1.905s] -- Up-to-date: /home/point001/autoware.ai/install/autoware_map_msgs/lib/python2.7/dist-packages/autoware_map_msgs/msg/_OppositeLaneRelationArray.py
[1.905s] -- Up-to-date: /home/point001/autoware.ai/install/autoware_map_msgs/lib/python2.7/dist-packages/autoware_map_msgs/msg/_WaypointLaneRelation.pyc
[1.906s] -- Up-to-date: /home/point001/autoware.ai/install/autoware_map_msgs/lib/python2.7/dist-packages/autoware_map_msgs/msg/_LaneSignalLightRelationArray.py
[1.906s] -- Up-to-date: /home/point001/autoware.ai/install/autoware_map_msgs/lib/python2.7/dist-packages/autoware_map_msgs/msg/_Area.py
[1.906s] -- Up-to-date: /home/point001/autoware.ai/install/autoware_map_msgs/lib/python2.7/dist-packages/autoware_map_msgs/msg/_LaneAttributeRelation.py
[1.906s] -- Up-to-date: /home/point001/autoware.ai/install/autoware_map_msgs/lib/python2.7/dist-packages/autoware_map_msgs/msg/_Point.py
[1.906s] -- Up-to-date: /home/point001/autoware.ai/install/autoware_map_msgs/lib/python2.7/dist-packages/autoware_map_msgs/msg/_LaneChangeRelationArray.py
[1.906s] -- Up-to-date: /home/point001/autoware.ai/install/autoware_map_msgs/lib/python2.7/dist-packages/autoware_map_msgs/msg/_WaypointLaneRelation.py
[1.906s] -- Up-to-date: /home/point001/autoware.ai/install/autoware_map_msgs/lib/python2.7/dist-packages/autoware_map_msgs/msg/_WaypointRelationArray.py
[1.906s] -- Up-to-date: /home/point001/autoware.ai/install/autoware_map_msgs/lib/python2.7/dist-packages/autoware_map_msgs/msg/_WaypointRelation.pyc
[1.906s] -- Up-to-date: /home/point001/autoware.ai/install/autoware_map_msgs/lib/python2.7/dist-packages/autoware_map_msgs/msg/_WayareaArray.py
[1.906s] -- Up-to-date: /home/point001/autoware.ai/install/autoware_map_msgs/lib/python2.7/dist-packages/autoware_map_msgs/msg/_LaneRelation.py
[1.907s] -- Up-to-date: /home/point001/autoware.ai/install/autoware_map_msgs/lib/python2.7/dist-packages/autoware_map_msgs/msg/_WaypointArray.pyc
[1.907s] -- Up-to-date: /home/point001/autoware.ai/install/autoware_map_msgs/lib/python2.7/dist-packages/autoware_map_msgs/msg/_Area.pyc
[1.907s] -- Up-to-date: /home/point001/autoware.ai/install/autoware_map_msgs/lib/python2.7/dist-packages/autoware_map_msgs/msg/_OppositeLaneRelation.pyc
[1.907s] -- Up-to-date: /home/point001/autoware.ai/install/autoware_map_msgs/lib/python2.7/dist-packages/autoware_map_msgs/msg/_WaypointRelationArray.pyc
[1.907s] -- Up-to-date: /home/point001/autoware.ai/install/autoware_map_msgs/lib/python2.7/dist-packages/autoware_map_msgs/msg/_LaneRelationArray.py
[1.907s] -- Up-to-date: /home/point001/autoware.ai/install/autoware_map_msgs/lib/python2.7/dist-packages/autoware_map_msgs/msg/_WaypointArray.py
[1.907s] -- Up-to-date: /home/point001/autoware.ai/install/autoware_map_msgs/lib/python2.7/dist-packages/autoware_map_msgs/msg/_WaypointSignalRelationArray.pyc
[1.907s] -- Up-to-date: /home/point001/autoware.ai/install/autoware_map_msgs/lib/python2.7/dist-packages/autoware_map_msgs/msg/_WaypointRelation.py
[1.907s] -- Up-to-date: /home/point001/autoware.ai/install/autoware_map_msgs/lib/python2.7/dist-packages/autoware_map_msgs/msg/_OppositeLaneRelationArray.pyc
[1.907s] -- Up-to-date: /home/point001/autoware.ai/install/autoware_map_msgs/lib/python2.7/dist-packages/autoware_map_msgs/msg/_LaneAttributeRelation.pyc
[1.908s] -- Up-to-date: /home/point001/autoware.ai/install/autoware_map_msgs/lib/python2.7/dist-packages/autoware_map_msgs/msg/_Wayarea.pyc
[1.908s] -- Up-to-date: /home/point001/autoware.ai/install/autoware_map_msgs/lib/python2.7/dist-packages/autoware_map_msgs/msg/_WaypointSignalRelationArray.py
[1.908s] -- Up-to-date: /home/point001/autoware.ai/install/autoware_map_msgs/lib/python2.7/dist-packages/autoware_map_msgs/msg/_WaypointLaneRelationArray.py
[1.908s] -- Up-to-date: /home/point001/autoware.ai/install/autoware_map_msgs/lib/python2.7/dist-packages/autoware_map_msgs/msg/_SignalLightArray.py
[1.908s] -- Up-to-date: /home/point001/autoware.ai/install/autoware_map_msgs/lib/python2.7/dist-packages/autoware_map_msgs/msg/_SignalArray.pyc
[1.908s] -- Up-to-date: /home/point001/autoware.ai/install/autoware_map_msgs/lib/python2.7/dist-packages/autoware_map_msgs/msg/__init__.py
[1.908s] -- Up-to-date: /home/point001/autoware.ai/install/autoware_map_msgs/lib/python2.7/dist-packages/autoware_map_msgs/msg/_Point.pyc
[1.909s] -- Up-to-date: /home/point001/autoware.ai/install/autoware_map_msgs/lib/python2.7/dist-packages/autoware_map_msgs/msg/_SignalLight.py
[1.909s] -- Up-to-date: /home/point001/autoware.ai/install/autoware_map_msgs/lib/python2.7/dist-packages/autoware_map_msgs/msg/_AreaArray.py
[1.909s] -- Up-to-date: /home/point001/autoware.ai/install/autoware_map_msgs/lib/python2.7/dist-packages/autoware_map_msgs/msg/_Waypoint.pyc
[1.909s] -- Up-to-date: /home/point001/autoware.ai/install/autoware_map_msgs/lib/python2.7/dist-packages/autoware_map_msgs/msg/_PointArray.pyc
[1.909s] -- Up-to-date: /home/point001/autoware.ai/install/autoware_map_msgs/lib/python2.7/dist-packages/autoware_map_msgs/msg/_Waypoint.py
[1.909s] -- Up-to-date: /home/point001/autoware.ai/install/autoware_map_msgs/lib/python2.7/dist-packages/autoware_map_msgs/msg/_LaneRelationArray.pyc
[1.910s] -- Up-to-date: /home/point001/autoware.ai/install/autoware_map_msgs/lib/python2.7/dist-packages/autoware_map_msgs/msg/_WaypointLaneRelationArray.pyc
[1.910s] -- Up-to-date: /home/point001/autoware.ai/install/autoware_map_msgs/lib/python2.7/dist-packages/autoware_map_msgs/msg/_WayareaArray.pyc
[1.910s] -- Up-to-date: /home/point001/autoware.ai/install/autoware_map_msgs/lib/python2.7/dist-packages/autoware_map_msgs/msg/_LaneArray.py
[1.910s] -- Up-to-date: /home/point001/autoware.ai/install/autoware_map_msgs/lib/python2.7/dist-packages/autoware_map_msgs/msg/_LaneArray.pyc
[1.910s] -- Up-to-date: /home/point001/autoware.ai/install/autoware_map_msgs/lib/python2.7/dist-packages/autoware_map_msgs/msg/_Wayarea.py
[1.914s] -- Up-to-date: /home/point001/autoware.ai/install/autoware_map_msgs/lib/python2.7/dist-packages/autoware_map_msgs/msg/_PointArray.py
[1.914s] -- Up-to-date: /home/point001/autoware.ai/install/autoware_map_msgs/lib/python2.7/dist-packages/autoware_map_msgs/msg/_SignalArray.py
[1.914s] -- Up-to-date: /home/point001/autoware.ai/install/autoware_map_msgs/lib/python2.7/dist-packages/autoware_map_msgs/msg/_OppositeLaneRelation.py
[1.915s] -- Up-to-date: /home/point001/autoware.ai/install/autoware_map_msgs/lib/python2.7/dist-packages/autoware_map_msgs/msg/_LaneChangeRelation.py
[1.915s] -- Up-to-date: /home/point001/autoware.ai/install/autoware_map_msgs/lib/python2.7/dist-packages/autoware_map_msgs/msg/_LaneAttributeRelationArray.py
[1.915s] -- Up-to-date: /home/point001/autoware.ai/install/autoware_map_msgs/lib/python2.7/dist-packages/autoware_map_msgs/msg/__init__.pyc
[1.918s] -- Up-to-date: /home/point001/autoware.ai/install/autoware_map_msgs/lib/python2.7/dist-packages/autoware_map_msgs/msg/_LaneChangeRelationArray.pyc
[1.922s] -- Up-to-date: /home/point001/autoware.ai/install/autoware_map_msgs/lib/python2.7/dist-packages/autoware_map_msgs/msg/_WaypointSignalRelation.py
[1.923s] -- Up-to-date: /home/point001/autoware.ai/install/autoware_map_msgs/lib/python2.7/dist-packages/autoware_map_msgs/msg/_Signal.py
[1.923s] -- Up-to-date: /home/point001/autoware.ai/install/autoware_map_msgs/lib/python2.7/dist-packages/autoware_map_msgs/msg/_SignalLightArray.pyc
[1.923s] -- Up-to-date: /home/point001/autoware.ai/install/autoware_map_msgs/lib/python2.7/dist-packages/autoware_map_msgs/msg/_AreaArray.pyc
[1.923s] -- Up-to-date: /home/point001/autoware.ai/install/autoware_map_msgs/lib/python2.7/dist-packages/autoware_map_msgs/msg/_Lane.py
[1.923s] -- Up-to-date: /home/point001/autoware.ai/install/autoware_map_msgs/lib/python2.7/dist-packages/autoware_map_msgs/msg/_WaypointSignalRelation.pyc
[1.923s] -- Up-to-date: /home/point001/autoware.ai/install/autoware_map_msgs/lib/python2.7/dist-packages/autoware_map_msgs/msg/_LaneAttributeRelationArray.pyc
[1.923s] -- Up-to-date: /home/point001/autoware.ai/install/autoware_map_msgs/lib/python2.7/dist-packages/autoware_map_msgs/msg/_LaneSignalLightRelation.pyc
[1.923s] -- Up-to-date: /home/point001/autoware.ai/install/autoware_map_msgs/lib/python2.7/dist-packages/autoware_map_msgs/msg/_LaneSignalLightRelation.py
[1.923s] -- Up-to-date: /home/point001/autoware.ai/install/autoware_map_msgs/lib/python2.7/dist-packages/autoware_map_msgs/msg/_Lane.pyc
[1.924s] -- Up-to-date: /home/point001/autoware.ai/install/autoware_map_msgs/lib/python2.7/dist-packages/autoware_map_msgs/msg/_LaneSignalLightRelationArray.pyc
[1.924s] -- Up-to-date: /home/point001/autoware.ai/install/autoware_map_msgs/lib/python2.7/dist-packages/autoware_map_msgs/msg/_Signal.pyc
[1.924s] -- Up-to-date: /home/point001/autoware.ai/install/autoware_map_msgs/lib/python2.7/dist-packages/autoware_map_msgs/__init__.py
[1.924s] -- Up-to-date: /home/point001/autoware.ai/install/autoware_map_msgs/lib/python2.7/dist-packages/autoware_map_msgs/__init__.pyc
[1.924s] -- Up-to-date: /home/point001/autoware.ai/install/autoware_map_msgs/lib/pkgconfig/autoware_map_msgs.pc
[1.924s] -- Up-to-date: /home/point001/autoware.ai/install/autoware_map_msgs/share/autoware_map_msgs/cmake/autoware_map_msgs-msg-extras.cmake
[1.924s] -- Up-to-date: /home/point001/autoware.ai/install/autoware_map_msgs/share/autoware_map_msgs/cmake/autoware_map_msgsConfig.cmake
[1.924s] -- Up-to-date: /home/point001/autoware.ai/install/autoware_map_msgs/share/autoware_map_msgs/cmake/autoware_map_msgsConfig-version.cmake
[1.924s] -- Up-to-date: /home/point001/autoware.ai/install/autoware_map_msgs/share/autoware_map_msgs/package.xml
[1.958s] Invoked command in '/home/point001/autoware.ai/build/autoware_map_msgs' returned '0': /usr/bin/cmake --build /home/point001/autoware.ai/build/autoware_map_msgs --target install -- -j24 -l24
