[0.287s] Invoking command in '/home/point001/autoware.ai/build/state_machine_lib': CMAKE_PREFIX_PATH=/home/point001/autoware.ai/install/autoware_msgs:/home/point001/autoware.ai/install/autoware_build_flags:${CMAKE_PREFIX_PATH} PKG_CONFIG_PATH=/home/point001/autoware.ai/install/autoware_msgs/lib/x86_64-linux-gnu/pkgconfig:/home/point001/autoware.ai/install/autoware_msgs/lib/pkgconfig:/home/point001/autoware.ai/install/autoware_build_flags/lib/x86_64-linux-gnu/pkgconfig:/home/point001/autoware.ai/install/autoware_build_flags/lib/pkgconfig:${PKG_CONFIG_PATH} PYTHONPATH=/home/point001/autoware.ai/install/autoware_msgs/lib/python2.7/dist-packages:${PYTHONPATH} ROS_PACKAGE_PATH=/home/point001/autoware.ai/install/autoware_msgs/share:/home/point001/autoware.ai/install/autoware_build_flags/share:${ROS_PACKAGE_PATH} /usr/bin/cmake --build /home/point001/autoware.ai/build/state_machine_lib -- -j24 -l24
[0.337s] [  0%] Built target actionlib_msgs_generate_messages_py
[0.338s] [  0%] Built target jsk_footstep_msgs_generate_messages_eus
[0.338s] [  0%] Built target roscpp_generate_messages_py
[0.338s] [  0%] Built target rosgraph_msgs_generate_messages_nodejs
[0.338s] [  0%] Built target autoware_msgs_generate_messages_nodejs
[0.338s] [  0%] Built target jsk_footstep_msgs_generate_messages_cpp
[0.338s] [  0%] Built target rosgraph_msgs_generate_messages_py
[0.338s] [  0%] Built target rosgraph_msgs_generate_messages_lisp
[0.338s] [  0%] Built target roscpp_generate_messages_lisp
[0.338s] [  0%] Built target actionlib_msgs_generate_messages_cpp
[0.338s] [  0%] Built target roscpp_generate_messages_nodejs
[0.339s] [  0%] Built target autoware_msgs_generate_messages_lisp
[0.342s] [  0%] Built target std_msgs_generate_messages_eus
[0.344s] [  0%] Built target jsk_footstep_msgs_generate_messages_lisp
[0.344s] [  0%] Built target jsk_recognition_msgs_generate_messages_cpp
[0.344s] [  0%] Built target actionlib_msgs_generate_messages_eus
[0.353s] [  0%] Built target autoware_msgs_generate_messages_eus
[0.354s] [  0%] Built target pcl_msgs_generate_messages_lisp
[0.354s] [  0%] Built target geometry_msgs_generate_messages_cpp
[0.354s] [  0%] Built target geometry_msgs_generate_messages_lisp
[0.354s] [  0%] Built target actionlib_msgs_generate_messages_lisp
[0.355s] [  0%] Built target pcl_msgs_generate_messages_cpp
[0.355s] [  0%] Built target pcl_msgs_generate_messages_py
[0.355s] [  0%] Built target jsk_footstep_msgs_generate_messages_nodejs
[0.372s] [  0%] Built target std_msgs_generate_messages_cpp
[0.372s] [  0%] Built target geometry_msgs_generate_messages_eus
[0.372s] [  0%] Built target jsk_footstep_msgs_generate_messages_py
[0.372s] [  0%] Built target roscpp_generate_messages_eus
[0.372s] [  0%] Built target sensor_msgs_generate_messages_cpp
[0.372s] [  0%] Built target actionlib_msgs_generate_messages_nodejs
[0.372s] [  0%] Built target sensor_msgs_generate_messages_py
[0.372s] [  0%] Built target autoware_msgs_generate_messages_cpp
[0.372s] [  0%] Built target std_msgs_generate_messages_nodejs
[0.372s] [  0%] Built target geometry_msgs_generate_messages_nodejs
[0.372s] [  0%] Built target std_msgs_generate_messages_lisp
[0.372s] [  0%] Built target _catkin_empty_exported_target
[0.372s] [  0%] Built target jsk_recognition_msgs_generate_messages_py
[0.372s] [  0%] Built target rosgraph_msgs_generate_messages_eus
[0.372s] [  0%] Built target jsk_recognition_msgs_generate_messages_eus
[0.373s] [  0%] Built target sensor_msgs_generate_messages_lisp
[0.373s] [  0%] Built target jsk_recognition_msgs_generate_messages_nodejs
[0.373s] [  0%] Built target pcl_msgs_generate_messages_nodejs
[0.373s] [  0%] Built target pcl_msgs_generate_messages_eus
[0.373s] [  0%] Built target std_msgs_generate_messages_py
[0.373s] [  0%] Built target autoware_msgs_generate_messages_py
[0.373s] [  0%] Built target jsk_recognition_msgs_generate_messages_lisp
[0.373s] [  0%] Built target sensor_msgs_generate_messages_eus
[0.374s] [  0%] Built target rosgraph_msgs_generate_messages_cpp
[0.379s] [  0%] Built target roscpp_generate_messages_cpp
[0.381s] [  0%] Built target sensor_msgs_generate_messages_nodejs
[0.383s] [  0%] Built target geometry_msgs_generate_messages_py
[0.401s] [100%] Built target state_machine_lib
[0.605s] Invoked command in '/home/point001/autoware.ai/build/state_machine_lib' returned '0': CMAKE_PREFIX_PATH=/home/point001/autoware.ai/install/autoware_msgs:/home/point001/autoware.ai/install/autoware_build_flags:${CMAKE_PREFIX_PATH} PKG_CONFIG_PATH=/home/point001/autoware.ai/install/autoware_msgs/lib/x86_64-linux-gnu/pkgconfig:/home/point001/autoware.ai/install/autoware_msgs/lib/pkgconfig:/home/point001/autoware.ai/install/autoware_build_flags/lib/x86_64-linux-gnu/pkgconfig:/home/point001/autoware.ai/install/autoware_build_flags/lib/pkgconfig:${PKG_CONFIG_PATH} PYTHONPATH=/home/point001/autoware.ai/install/autoware_msgs/lib/python2.7/dist-packages:${PYTHONPATH} ROS_PACKAGE_PATH=/home/point001/autoware.ai/install/autoware_msgs/share:/home/point001/autoware.ai/install/autoware_build_flags/share:${ROS_PACKAGE_PATH} /usr/bin/cmake --build /home/point001/autoware.ai/build/state_machine_lib -- -j24 -l24
[0.956s] Invoking command in '/home/point001/autoware.ai/build/state_machine_lib': CMAKE_PREFIX_PATH=/home/point001/autoware.ai/install/autoware_msgs:/home/point001/autoware.ai/install/autoware_build_flags:${CMAKE_PREFIX_PATH} PKG_CONFIG_PATH=/home/point001/autoware.ai/install/autoware_msgs/lib/x86_64-linux-gnu/pkgconfig:/home/point001/autoware.ai/install/autoware_msgs/lib/pkgconfig:/home/point001/autoware.ai/install/autoware_build_flags/lib/x86_64-linux-gnu/pkgconfig:/home/point001/autoware.ai/install/autoware_build_flags/lib/pkgconfig:${PKG_CONFIG_PATH} PYTHONPATH=/home/point001/autoware.ai/install/autoware_msgs/lib/python2.7/dist-packages:${PYTHONPATH} ROS_PACKAGE_PATH=/home/point001/autoware.ai/install/autoware_msgs/share:/home/point001/autoware.ai/install/autoware_build_flags/share:${ROS_PACKAGE_PATH} /usr/bin/cmake --build /home/point001/autoware.ai/build/state_machine_lib --target tests -- -j24 -l24
[1.073s] Built target tests
[1.140s] Invoked command in '/home/point001/autoware.ai/build/state_machine_lib' returned '0': CMAKE_PREFIX_PATH=/home/point001/autoware.ai/install/autoware_msgs:/home/point001/autoware.ai/install/autoware_build_flags:${CMAKE_PREFIX_PATH} PKG_CONFIG_PATH=/home/point001/autoware.ai/install/autoware_msgs/lib/x86_64-linux-gnu/pkgconfig:/home/point001/autoware.ai/install/autoware_msgs/lib/pkgconfig:/home/point001/autoware.ai/install/autoware_build_flags/lib/x86_64-linux-gnu/pkgconfig:/home/point001/autoware.ai/install/autoware_build_flags/lib/pkgconfig:${PKG_CONFIG_PATH} PYTHONPATH=/home/point001/autoware.ai/install/autoware_msgs/lib/python2.7/dist-packages:${PYTHONPATH} ROS_PACKAGE_PATH=/home/point001/autoware.ai/install/autoware_msgs/share:/home/point001/autoware.ai/install/autoware_build_flags/share:${ROS_PACKAGE_PATH} /usr/bin/cmake --build /home/point001/autoware.ai/build/state_machine_lib --target tests -- -j24 -l24
[1.476s] Invoking command in '/home/point001/autoware.ai/build/state_machine_lib': CMAKE_PREFIX_PATH=/home/point001/autoware.ai/install/autoware_msgs:/home/point001/autoware.ai/install/autoware_build_flags:${CMAKE_PREFIX_PATH} PKG_CONFIG_PATH=/home/point001/autoware.ai/install/autoware_msgs/lib/x86_64-linux-gnu/pkgconfig:/home/point001/autoware.ai/install/autoware_msgs/lib/pkgconfig:/home/point001/autoware.ai/install/autoware_build_flags/lib/x86_64-linux-gnu/pkgconfig:/home/point001/autoware.ai/install/autoware_build_flags/lib/pkgconfig:${PKG_CONFIG_PATH} PYTHONPATH=/home/point001/autoware.ai/install/autoware_msgs/lib/python2.7/dist-packages:${PYTHONPATH} ROS_PACKAGE_PATH=/home/point001/autoware.ai/install/autoware_msgs/share:/home/point001/autoware.ai/install/autoware_build_flags/share:${ROS_PACKAGE_PATH} /usr/bin/cmake --build /home/point001/autoware.ai/build/state_machine_lib --target install -- -j24 -l24
[1.570s] [  0%] Built target rosgraph_msgs_generate_messages_nodejs
[1.579s] [  0%] Built target jsk_footstep_msgs_generate_messages_cpp
[1.585s] [  0%] Built target pcl_msgs_generate_messages_lisp
[1.585s] [  0%] Built target actionlib_msgs_generate_messages_lisp
[1.585s] [  0%] Built target autoware_msgs_generate_messages_lisp
[1.586s] [  0%] Built target roscpp_generate_messages_nodejs
[1.595s] [  0%] Built target jsk_footstep_msgs_generate_messages_lisp
[1.596s] [  0%] Built target jsk_footstep_msgs_generate_messages_eus
[1.596s] [  0%] Built target roscpp_generate_messages_lisp
[1.596s] [  0%] Built target rosgraph_msgs_generate_messages_py
[1.598s] [  0%] Built target jsk_recognition_msgs_generate_messages_cpp
[1.599s] [  0%] Built target rosgraph_msgs_generate_messages_lisp
[1.600s] [  0%] Built target std_msgs_generate_messages_eus
[1.601s] [  0%] Built target roscpp_generate_messages_py
[1.606s] [  0%] Built target geometry_msgs_generate_messages_lisp
[1.607s] [  0%] Built target pcl_msgs_generate_messages_py
[1.615s] [  0%] Built target actionlib_msgs_generate_messages_eus
[1.619s] [  0%] Built target autoware_msgs_generate_messages_nodejs
[1.619s] [  0%] Built target jsk_footstep_msgs_generate_messages_nodejs
[1.621s] [  0%] Built target actionlib_msgs_generate_messages_py
[1.628s] [  0%] Built target pcl_msgs_generate_messages_cpp
[1.631s] [  0%] Built target roscpp_generate_messages_eus
[1.636s] [  0%] Built target geometry_msgs_generate_messages_cpp
[1.640s] [  0%] Built target sensor_msgs_generate_messages_py
[1.641s] [  0%] Built target autoware_msgs_generate_messages_cpp
[1.642s] [  0%] Built target jsk_footstep_msgs_generate_messages_py
[1.643s] [  0%] Built target std_msgs_generate_messages_lisp
[1.644s] [  0%] Built target jsk_recognition_msgs_generate_messages_py
[1.645s] [  0%] Built target autoware_msgs_generate_messages_eus
[1.650s] [  0%] Built target actionlib_msgs_generate_messages_cpp
[1.663s] [  0%] Built target sensor_msgs_generate_messages_cpp
[1.663s] [  0%] Built target sensor_msgs_generate_messages_lisp
[1.663s] [  0%] Built target pcl_msgs_generate_messages_nodejs
[1.663s] [  0%] Built target std_msgs_generate_messages_cpp
[1.665s] [  0%] Built target geometry_msgs_generate_messages_eus
[1.665s] [  0%] Built target rosgraph_msgs_generate_messages_cpp
[1.671s] [  0%] Built target _catkin_empty_exported_target
[1.671s] [  0%] Built target autoware_msgs_generate_messages_py
[1.672s] [  0%] Built target sensor_msgs_generate_messages_eus
[1.672s] [  0%] Built target std_msgs_generate_messages_py
[1.672s] [  0%] Built target pcl_msgs_generate_messages_eus
[1.672s] [  0%] Built target actionlib_msgs_generate_messages_nodejs
[1.673s] [  0%] Built target geometry_msgs_generate_messages_nodejs
[1.674s] [  0%] Built target rosgraph_msgs_generate_messages_eus
[1.675s] [  0%] Built target jsk_recognition_msgs_generate_messages_nodejs
[1.676s] [  0%] Built target std_msgs_generate_messages_nodejs
[1.677s] [  0%] Built target jsk_recognition_msgs_generate_messages_lisp
[1.685s] [  0%] Built target roscpp_generate_messages_cpp
[1.685s] [  0%] Built target jsk_recognition_msgs_generate_messages_eus
[1.687s] [  0%] Built target sensor_msgs_generate_messages_nodejs
[1.693s] [  0%] Built target geometry_msgs_generate_messages_py
[1.721s] [100%] Built target state_machine_lib
[1.739s] [36mInstall the project...[0m
[1.748s] -- Install configuration: "Release"
[1.748s] -- Up-to-date: /home/point001/autoware.ai/install/state_machine_lib/lib/pkgconfig/state_machine_lib.pc
[1.749s] -- Up-to-date: /home/point001/autoware.ai/install/state_machine_lib/share/state_machine_lib/cmake/state_machine_libConfig.cmake
[1.750s] -- Up-to-date: /home/point001/autoware.ai/install/state_machine_lib/share/state_machine_lib/cmake/state_machine_libConfig-version.cmake
[1.750s] -- Up-to-date: /home/point001/autoware.ai/install/state_machine_lib/share/state_machine_lib/package.xml
[1.750s] -- Up-to-date: /home/point001/autoware.ai/install/state_machine_lib/include/state_machine_lib
[1.750s] -- Up-to-date: /home/point001/autoware.ai/install/state_machine_lib/include/state_machine_lib/state_context.hpp
[1.750s] -- Up-to-date: /home/point001/autoware.ai/install/state_machine_lib/include/state_machine_lib/state_flags.hpp
[1.750s] -- Up-to-date: /home/point001/autoware.ai/install/state_machine_lib/include/state_machine_lib/state_common.hpp
[1.750s] -- Up-to-date: /home/point001/autoware.ai/install/state_machine_lib/include/state_machine_lib/state.hpp
[1.750s] -- Up-to-date: /home/point001/autoware.ai/install/state_machine_lib/lib/libstate_machine_lib.so
[1.874s] Invoked command in '/home/point001/autoware.ai/build/state_machine_lib' returned '0': CMAKE_PREFIX_PATH=/home/point001/autoware.ai/install/autoware_msgs:/home/point001/autoware.ai/install/autoware_build_flags:${CMAKE_PREFIX_PATH} PKG_CONFIG_PATH=/home/point001/autoware.ai/install/autoware_msgs/lib/x86_64-linux-gnu/pkgconfig:/home/point001/autoware.ai/install/autoware_msgs/lib/pkgconfig:/home/point001/autoware.ai/install/autoware_build_flags/lib/x86_64-linux-gnu/pkgconfig:/home/point001/autoware.ai/install/autoware_build_flags/lib/pkgconfig:${PKG_CONFIG_PATH} PYTHONPATH=/home/point001/autoware.ai/install/autoware_msgs/lib/python2.7/dist-packages:${PYTHONPATH} ROS_PACKAGE_PATH=/home/point001/autoware.ai/install/autoware_msgs/share:/home/point001/autoware.ai/install/autoware_build_flags/share:${ROS_PACKAGE_PATH} /usr/bin/cmake --build /home/point001/autoware.ai/build/state_machine_lib --target install -- -j24 -l24
