[0.253s] Invoking command in '/home/point001/autoware.ai/build/autoware_config_msgs': /usr/bin/cmake --build /home/point001/autoware.ai/build/autoware_config_msgs -- -j24 -l24
[0.724s] [  0%] Built target _autoware_config_msgs_generate_messages_check_deps_ConfigNDTMapping
[0.724s] [  0%] Built target _autoware_config_msgs_generate_messages_check_deps_ConfigDecisionMaker
[0.724s] [  0%] Built target std_msgs_generate_messages_py
[0.725s] [  0%] Built target _autoware_config_msgs_generate_messages_check_deps_ConfigSSD
[0.725s] [  0%] Built target _autoware_config_msgs_generate_messages_check_deps_ConfigCarFusion
[0.725s] [  0%] Built target _autoware_config_msgs_generate_messages_check_deps_ConfigRingGroundFilter
[0.725s] [  0%] Built target _autoware_config_msgs_generate_messages_check_deps_ConfigCarKF
[0.725s] [  0%] Built target _autoware_config_msgs_generate_messages_check_deps_ConfigRcnn
[0.725s] [  0%] Built target _autoware_config_msgs_generate_messages_check_deps_ConfigTwistFilter
[0.725s] [  0%] Built target _autoware_config_msgs_generate_messages_check_deps_ConfigCarDPM
[0.725s] [  0%] Built target _autoware_config_msgs_generate_messages_check_deps_ConfigRandomFilter
[0.725s] [  0%] Built target _autoware_config_msgs_generate_messages_check_deps_ConfigApproximateNDTMapping
[0.725s] [  0%] Built target _autoware_config_msgs_generate_messages_check_deps_ConfigPedestrianDPM
[0.731s] [  0%] Built target _autoware_config_msgs_generate_messages_check_deps_ConfigLaneStop
[0.738s] [  0%] Built target _autoware_config_msgs_generate_messages_check_deps_ConfigPlannerSelector
[0.754s] [  0%] Built target _autoware_config_msgs_generate_messages_check_deps_ConfigRayGroundFilter
[0.764s] [  0%] Built target _autoware_config_msgs_generate_messages_check_deps_ConfigWaypointFollower
[0.764s] [  0%] Built target _autoware_config_msgs_generate_messages_check_deps_ConfigNDT
[0.782s] [  0%] Built target _autoware_config_msgs_generate_messages_check_deps_ConfigCompareMapFilter
[0.817s] [  0%] Built target _autoware_config_msgs_generate_messages_check_deps_ConfigLatticeVelocitySet
[0.818s] [  0%] Built target _autoware_config_msgs_generate_messages_check_deps_ConfigLaneSelect
[0.821s] [  0%] Built target _autoware_config_msgs_generate_messages_check_deps_ConfigDistanceFilter
[0.840s] [  0%] Built target _autoware_config_msgs_generate_messages_check_deps_ConfigVoxelGridFilter
[0.845s] [  0%] Built target std_msgs_generate_messages_cpp
[0.868s] [  0%] Built target _autoware_config_msgs_generate_messages_check_deps_ConfigWaypointReplanner
[0.868s] [  0%] Built target std_msgs_generate_messages_lisp
[0.954s] [  0%] Built target _autoware_config_msgs_generate_messages_check_deps_ConfigVelocitySet
[0.963s] [  0%] Built target _autoware_config_msgs_generate_messages_check_deps_ConfigLaneRule
[0.967s] [  0%] Built target _autoware_config_msgs_generate_messages_check_deps_ConfigPoints2Polygon
[0.975s] [  0%] Built target _autoware_config_msgs_generate_messages_check_deps_ConfigICP
[0.981s] [  0%] Built target std_msgs_generate_messages_nodejs
[1.007s] [  0%] Built target std_msgs_generate_messages_eus
[1.007s] [  0%] Built target _autoware_config_msgs_generate_messages_check_deps_ConfigNDTMappingOutput
[1.030s] [  0%] Built target _autoware_config_msgs_generate_messages_check_deps_ConfigRingFilter
[1.058s] [  0%] Built target _autoware_config_msgs_generate_messages_check_deps_ConfigPedestrianKF
[1.074s] [  0%] Built target _autoware_config_msgs_generate_messages_check_deps_ConfigPedestrianFusion
[1.183s] [ 20%] Built target autoware_config_msgs_generate_messages_py
[1.203s] [ 40%] Built target autoware_config_msgs_generate_messages_nodejs
[1.207s] [ 60%] Built target autoware_config_msgs_generate_messages_lisp
[1.215s] [ 79%] Built target autoware_config_msgs_generate_messages_cpp
[1.220s] [100%] Built target autoware_config_msgs_generate_messages_eus
[1.291s] [100%] Built target autoware_config_msgs_generate_messages
[1.330s] Invoked command in '/home/point001/autoware.ai/build/autoware_config_msgs' returned '0': /usr/bin/cmake --build /home/point001/autoware.ai/build/autoware_config_msgs -- -j24 -l24
[1.523s] Invoking command in '/home/point001/autoware.ai/build/autoware_config_msgs': /usr/bin/cmake --build /home/point001/autoware.ai/build/autoware_config_msgs --target tests -- -j24 -l24
[1.637s] Built target tests
[1.692s] Invoked command in '/home/point001/autoware.ai/build/autoware_config_msgs' returned '0': /usr/bin/cmake --build /home/point001/autoware.ai/build/autoware_config_msgs --target tests -- -j24 -l24
[2.124s] Invoking command in '/home/point001/autoware.ai/build/autoware_config_msgs': /usr/bin/cmake --build /home/point001/autoware.ai/build/autoware_config_msgs --target install -- -j24 -l24
[2.315s] [  0%] Built target std_msgs_generate_messages_py
[2.315s] [  0%] Built target _autoware_config_msgs_generate_messages_check_deps_ConfigRcnn
[2.316s] [  0%] Built target _autoware_config_msgs_generate_messages_check_deps_ConfigCompareMapFilter
[2.316s] [  0%] Built target _autoware_config_msgs_generate_messages_check_deps_ConfigRayGroundFilter
[2.316s] [  0%] Built target _autoware_config_msgs_generate_messages_check_deps_ConfigRandomFilter
[2.316s] [  0%] Built target _autoware_config_msgs_generate_messages_check_deps_ConfigCarKF
[2.316s] [  0%] Built target _autoware_config_msgs_generate_messages_check_deps_ConfigRingGroundFilter
[2.316s] [  0%] Built target _autoware_config_msgs_generate_messages_check_deps_ConfigVoxelGridFilter
[2.316s] [  0%] Built target _autoware_config_msgs_generate_messages_check_deps_ConfigPedestrianDPM
[2.316s] [  0%] Built target _autoware_config_msgs_generate_messages_check_deps_ConfigLatticeVelocitySet
[2.316s] [  0%] Built target _autoware_config_msgs_generate_messages_check_deps_ConfigApproximateNDTMapping
[2.316s] [  0%] Built target _autoware_config_msgs_generate_messages_check_deps_ConfigLaneSelect
[2.319s] [  0%] Built target _autoware_config_msgs_generate_messages_check_deps_ConfigCarFusion
[2.319s] [  0%] Built target _autoware_config_msgs_generate_messages_check_deps_ConfigTwistFilter
[2.319s] [  0%] Built target _autoware_config_msgs_generate_messages_check_deps_ConfigPlannerSelector
[2.319s] [  0%] Built target _autoware_config_msgs_generate_messages_check_deps_ConfigDistanceFilter
[2.319s] [  0%] Built target _autoware_config_msgs_generate_messages_check_deps_ConfigLaneStop
[2.320s] [  0%] Built target _autoware_config_msgs_generate_messages_check_deps_ConfigWaypointReplanner
[2.321s] [  0%] Built target _autoware_config_msgs_generate_messages_check_deps_ConfigNDT
[2.321s] [  0%] Built target _autoware_config_msgs_generate_messages_check_deps_ConfigWaypointFollower
[2.323s] [  0%] Built target _autoware_config_msgs_generate_messages_check_deps_ConfigSSD
[2.323s] [  0%] Built target _autoware_config_msgs_generate_messages_check_deps_ConfigDecisionMaker
[2.327s] [  0%] Built target _autoware_config_msgs_generate_messages_check_deps_ConfigNDTMapping
[2.350s] [  0%] Built target _autoware_config_msgs_generate_messages_check_deps_ConfigCarDPM
[2.351s] [  0%] Built target std_msgs_generate_messages_eus
[2.351s] [  0%] Built target std_msgs_generate_messages_cpp
[2.357s] [  0%] Built target std_msgs_generate_messages_nodejs
[2.361s] [  0%] Built target std_msgs_generate_messages_lisp
[2.370s] [  0%] Built target _autoware_config_msgs_generate_messages_check_deps_ConfigVelocitySet
[2.380s] [  0%] Built target _autoware_config_msgs_generate_messages_check_deps_ConfigPedestrianKF
[2.381s] [  0%] Built target _autoware_config_msgs_generate_messages_check_deps_ConfigLaneRule
[2.381s] [  0%] Built target _autoware_config_msgs_generate_messages_check_deps_ConfigICP
[2.381s] [  0%] Built target _autoware_config_msgs_generate_messages_check_deps_ConfigRingFilter
[2.381s] [  0%] Built target _autoware_config_msgs_generate_messages_check_deps_ConfigPoints2Polygon
[2.382s] [  0%] Built target _autoware_config_msgs_generate_messages_check_deps_ConfigPedestrianFusion
[2.399s] [  0%] Built target _autoware_config_msgs_generate_messages_check_deps_ConfigNDTMappingOutput
[2.455s] [ 20%] Built target autoware_config_msgs_generate_messages_py
[2.462s] [ 39%] Built target autoware_config_msgs_generate_messages_cpp
[2.474s] [ 60%] Built target autoware_config_msgs_generate_messages_nodejs
[2.490s] [ 80%] Built target autoware_config_msgs_generate_messages_eus
[2.502s] [100%] Built target autoware_config_msgs_generate_messages_lisp
[2.549s] [100%] Built target autoware_config_msgs_generate_messages
[2.585s] [36mInstall the project...[0m
[2.599s] -- Install configuration: "Release"
[2.599s] -- Up-to-date: /home/point001/autoware.ai/install/autoware_config_msgs/share/autoware_config_msgs/msg/ConfigApproximateNDTMapping.msg
[2.599s] -- Up-to-date: /home/point001/autoware.ai/install/autoware_config_msgs/share/autoware_config_msgs/msg/ConfigCarDPM.msg
[2.599s] -- Up-to-date: /home/point001/autoware.ai/install/autoware_config_msgs/share/autoware_config_msgs/msg/ConfigCarFusion.msg
[2.599s] -- Up-to-date: /home/point001/autoware.ai/install/autoware_config_msgs/share/autoware_config_msgs/msg/ConfigCarKF.msg
[2.600s] -- Up-to-date: /home/point001/autoware.ai/install/autoware_config_msgs/share/autoware_config_msgs/msg/ConfigCompareMapFilter.msg
[2.600s] -- Up-to-date: /home/point001/autoware.ai/install/autoware_config_msgs/share/autoware_config_msgs/msg/ConfigDecisionMaker.msg
[2.601s] -- Up-to-date: /home/point001/autoware.ai/install/autoware_config_msgs/share/autoware_config_msgs/msg/ConfigDistanceFilter.msg
[2.601s] -- Up-to-date: /home/point001/autoware.ai/install/autoware_config_msgs/share/autoware_config_msgs/msg/ConfigICP.msg
[2.601s] -- Up-to-date: /home/point001/autoware.ai/install/autoware_config_msgs/share/autoware_config_msgs/msg/ConfigLaneRule.msg
[2.601s] -- Up-to-date: /home/point001/autoware.ai/install/autoware_config_msgs/share/autoware_config_msgs/msg/ConfigLaneSelect.msg
[2.601s] -- Up-to-date: /home/point001/autoware.ai/install/autoware_config_msgs/share/autoware_config_msgs/msg/ConfigLaneStop.msg
[2.601s] -- Up-to-date: /home/point001/autoware.ai/install/autoware_config_msgs/share/autoware_config_msgs/msg/ConfigLatticeVelocitySet.msg
[2.601s] -- Up-to-date: /home/point001/autoware.ai/install/autoware_config_msgs/share/autoware_config_msgs/msg/ConfigNDT.msg
[2.601s] -- Up-to-date: /home/point001/autoware.ai/install/autoware_config_msgs/share/autoware_config_msgs/msg/ConfigNDTMapping.msg
[2.601s] -- Up-to-date: /home/point001/autoware.ai/install/autoware_config_msgs/share/autoware_config_msgs/msg/ConfigNDTMappingOutput.msg
[2.601s] -- Up-to-date: /home/point001/autoware.ai/install/autoware_config_msgs/share/autoware_config_msgs/msg/ConfigPedestrianDPM.msg
[2.601s] -- Up-to-date: /home/point001/autoware.ai/install/autoware_config_msgs/share/autoware_config_msgs/msg/ConfigPedestrianFusion.msg
[2.602s] -- Up-to-date: /home/point001/autoware.ai/install/autoware_config_msgs/share/autoware_config_msgs/msg/ConfigPedestrianKF.msg
[2.602s] -- Up-to-date: /home/point001/autoware.ai/install/autoware_config_msgs/share/autoware_config_msgs/msg/ConfigPlannerSelector.msg
[2.602s] -- Up-to-date: /home/point001/autoware.ai/install/autoware_config_msgs/share/autoware_config_msgs/msg/ConfigPoints2Polygon.msg
[2.602s] -- Up-to-date: /home/point001/autoware.ai/install/autoware_config_msgs/share/autoware_config_msgs/msg/ConfigRandomFilter.msg
[2.602s] -- Up-to-date: /home/point001/autoware.ai/install/autoware_config_msgs/share/autoware_config_msgs/msg/ConfigRayGroundFilter.msg
[2.602s] -- Up-to-date: /home/point001/autoware.ai/install/autoware_config_msgs/share/autoware_config_msgs/msg/ConfigRcnn.msg
[2.602s] -- Up-to-date: /home/point001/autoware.ai/install/autoware_config_msgs/share/autoware_config_msgs/msg/ConfigRingFilter.msg
[2.602s] -- Up-to-date: /home/point001/autoware.ai/install/autoware_config_msgs/share/autoware_config_msgs/msg/ConfigRingGroundFilter.msg
[2.602s] -- Up-to-date: /home/point001/autoware.ai/install/autoware_config_msgs/share/autoware_config_msgs/msg/ConfigSSD.msg
[2.602s] -- Up-to-date: /home/point001/autoware.ai/install/autoware_config_msgs/share/autoware_config_msgs/msg/ConfigTwistFilter.msg
[2.602s] -- Up-to-date: /home/point001/autoware.ai/install/autoware_config_msgs/share/autoware_config_msgs/msg/ConfigVelocitySet.msg
[2.603s] -- Up-to-date: /home/point001/autoware.ai/install/autoware_config_msgs/share/autoware_config_msgs/msg/ConfigVoxelGridFilter.msg
[2.603s] -- Up-to-date: /home/point001/autoware.ai/install/autoware_config_msgs/share/autoware_config_msgs/msg/ConfigWaypointFollower.msg
[2.603s] -- Up-to-date: /home/point001/autoware.ai/install/autoware_config_msgs/share/autoware_config_msgs/msg/ConfigWaypointReplanner.msg
[2.603s] -- Up-to-date: /home/point001/autoware.ai/install/autoware_config_msgs/share/autoware_config_msgs/cmake/autoware_config_msgs-msg-paths.cmake
[2.603s] -- Up-to-date: /home/point001/autoware.ai/install/autoware_config_msgs/include/autoware_config_msgs
[2.603s] -- Up-to-date: /home/point001/autoware.ai/install/autoware_config_msgs/include/autoware_config_msgs/ConfigDecisionMaker.h
[2.604s] -- Up-to-date: /home/point001/autoware.ai/install/autoware_config_msgs/include/autoware_config_msgs/ConfigICP.h
[2.604s] -- Up-to-date: /home/point001/autoware.ai/install/autoware_config_msgs/include/autoware_config_msgs/ConfigCarFusion.h
[2.604s] -- Up-to-date: /home/point001/autoware.ai/install/autoware_config_msgs/include/autoware_config_msgs/ConfigVoxelGridFilter.h
[2.604s] -- Up-to-date: /home/point001/autoware.ai/install/autoware_config_msgs/include/autoware_config_msgs/ConfigRandomFilter.h
[2.604s] -- Up-to-date: /home/point001/autoware.ai/install/autoware_config_msgs/include/autoware_config_msgs/ConfigTwistFilter.h
[2.604s] -- Up-to-date: /home/point001/autoware.ai/install/autoware_config_msgs/include/autoware_config_msgs/ConfigRayGroundFilter.h
[2.604s] -- Up-to-date: /home/point001/autoware.ai/install/autoware_config_msgs/include/autoware_config_msgs/ConfigPedestrianDPM.h
[2.607s] -- Up-to-date: /home/point001/autoware.ai/install/autoware_config_msgs/include/autoware_config_msgs/ConfigWaypointFollower.h
[2.607s] -- Up-to-date: /home/point001/autoware.ai/install/autoware_config_msgs/include/autoware_config_msgs/ConfigNDTMapping.h
[2.607s] -- Up-to-date: /home/point001/autoware.ai/install/autoware_config_msgs/include/autoware_config_msgs/ConfigLaneStop.h
[2.607s] -- Up-to-date: /home/point001/autoware.ai/install/autoware_config_msgs/include/autoware_config_msgs/ConfigRingGroundFilter.h
[2.607s] -- Up-to-date: /home/point001/autoware.ai/install/autoware_config_msgs/include/autoware_config_msgs/ConfigPoints2Polygon.h
[2.607s] -- Up-to-date: /home/point001/autoware.ai/install/autoware_config_msgs/include/autoware_config_msgs/ConfigNDTMappingOutput.h
[2.607s] -- Up-to-date: /home/point001/autoware.ai/install/autoware_config_msgs/include/autoware_config_msgs/ConfigCompareMapFilter.h
[2.607s] -- Up-to-date: /home/point001/autoware.ai/install/autoware_config_msgs/include/autoware_config_msgs/ConfigPlannerSelector.h
[2.608s] -- Up-to-date: /home/point001/autoware.ai/install/autoware_config_msgs/include/autoware_config_msgs/ConfigNDT.h
[2.608s] -- Up-to-date: /home/point001/autoware.ai/install/autoware_config_msgs/include/autoware_config_msgs/ConfigPedestrianFusion.h
[2.608s] -- Up-to-date: /home/point001/autoware.ai/install/autoware_config_msgs/include/autoware_config_msgs/ConfigLaneSelect.h
[2.608s] -- Up-to-date: /home/point001/autoware.ai/install/autoware_config_msgs/include/autoware_config_msgs/ConfigSSD.h
[2.608s] -- Up-to-date: /home/point001/autoware.ai/install/autoware_config_msgs/include/autoware_config_msgs/ConfigPedestrianKF.h
[2.609s] -- Up-to-date: /home/point001/autoware.ai/install/autoware_config_msgs/include/autoware_config_msgs/ConfigRingFilter.h
[2.609s] -- Up-to-date: /home/point001/autoware.ai/install/autoware_config_msgs/include/autoware_config_msgs/ConfigRcnn.h
[2.609s] -- Up-to-date: /home/point001/autoware.ai/install/autoware_config_msgs/include/autoware_config_msgs/ConfigCarDPM.h
[2.609s] -- Up-to-date: /home/point001/autoware.ai/install/autoware_config_msgs/include/autoware_config_msgs/ConfigLaneRule.h
[2.609s] -- Up-to-date: /home/point001/autoware.ai/install/autoware_config_msgs/include/autoware_config_msgs/ConfigApproximateNDTMapping.h
[2.609s] -- Up-to-date: /home/point001/autoware.ai/install/autoware_config_msgs/include/autoware_config_msgs/ConfigCarKF.h
[2.610s] -- Up-to-date: /home/point001/autoware.ai/install/autoware_config_msgs/include/autoware_config_msgs/ConfigWaypointReplanner.h
[2.610s] -- Up-to-date: /home/point001/autoware.ai/install/autoware_config_msgs/include/autoware_config_msgs/ConfigVelocitySet.h
[2.610s] -- Up-to-date: /home/point001/autoware.ai/install/autoware_config_msgs/include/autoware_config_msgs/ConfigLatticeVelocitySet.h
[2.610s] -- Up-to-date: /home/point001/autoware.ai/install/autoware_config_msgs/include/autoware_config_msgs/ConfigDistanceFilter.h
[2.610s] -- Up-to-date: /home/point001/autoware.ai/install/autoware_config_msgs/share/roseus/ros/autoware_config_msgs
[2.610s] -- Up-to-date: /home/point001/autoware.ai/install/autoware_config_msgs/share/roseus/ros/autoware_config_msgs/manifest.l
[2.610s] -- Up-to-date: /home/point001/autoware.ai/install/autoware_config_msgs/share/roseus/ros/autoware_config_msgs/msg
[2.610s] -- Up-to-date: /home/point001/autoware.ai/install/autoware_config_msgs/share/roseus/ros/autoware_config_msgs/msg/ConfigLaneRule.l
[2.610s] -- Up-to-date: /home/point001/autoware.ai/install/autoware_config_msgs/share/roseus/ros/autoware_config_msgs/msg/ConfigApproximateNDTMapping.l
[2.610s] -- Up-to-date: /home/point001/autoware.ai/install/autoware_config_msgs/share/roseus/ros/autoware_config_msgs/msg/ConfigCarKF.l
[2.610s] -- Up-to-date: /home/point001/autoware.ai/install/autoware_config_msgs/share/roseus/ros/autoware_config_msgs/msg/ConfigCarFusion.l
[2.610s] -- Up-to-date: /home/point001/autoware.ai/install/autoware_config_msgs/share/roseus/ros/autoware_config_msgs/msg/ConfigNDTMapping.l
[2.610s] -- Up-to-date: /home/point001/autoware.ai/install/autoware_config_msgs/share/roseus/ros/autoware_config_msgs/msg/ConfigCarDPM.l
[2.610s] -- Up-to-date: /home/point001/autoware.ai/install/autoware_config_msgs/share/roseus/ros/autoware_config_msgs/msg/ConfigLaneStop.l
[2.611s] -- Up-to-date: /home/point001/autoware.ai/install/autoware_config_msgs/share/roseus/ros/autoware_config_msgs/msg/ConfigICP.l
[2.611s] -- Up-to-date: /home/point001/autoware.ai/install/autoware_config_msgs/share/roseus/ros/autoware_config_msgs/msg/ConfigDecisionMaker.l
[2.611s] -- Up-to-date: /home/point001/autoware.ai/install/autoware_config_msgs/share/roseus/ros/autoware_config_msgs/msg/ConfigWaypointFollower.l
[2.611s] -- Up-to-date: /home/point001/autoware.ai/install/autoware_config_msgs/share/roseus/ros/autoware_config_msgs/msg/ConfigRingFilter.l
[2.613s] -- Up-to-date: /home/point001/autoware.ai/install/autoware_config_msgs/share/roseus/ros/autoware_config_msgs/msg/ConfigPlannerSelector.l
[2.613s] -- Up-to-date: /home/point001/autoware.ai/install/autoware_config_msgs/share/roseus/ros/autoware_config_msgs/msg/ConfigRayGroundFilter.l
[2.613s] -- Up-to-date: /home/point001/autoware.ai/install/autoware_config_msgs/share/roseus/ros/autoware_config_msgs/msg/ConfigRandomFilter.l
[2.613s] -- Up-to-date: /home/point001/autoware.ai/install/autoware_config_msgs/share/roseus/ros/autoware_config_msgs/msg/ConfigVelocitySet.l
[2.613s] -- Up-to-date: /home/point001/autoware.ai/install/autoware_config_msgs/share/roseus/ros/autoware_config_msgs/msg/ConfigLatticeVelocitySet.l
[2.613s] -- Up-to-date: /home/point001/autoware.ai/install/autoware_config_msgs/share/roseus/ros/autoware_config_msgs/msg/ConfigVoxelGridFilter.l
[2.613s] -- Up-to-date: /home/point001/autoware.ai/install/autoware_config_msgs/share/roseus/ros/autoware_config_msgs/msg/ConfigCompareMapFilter.l
[2.614s] -- Up-to-date: /home/point001/autoware.ai/install/autoware_config_msgs/share/roseus/ros/autoware_config_msgs/msg/ConfigSSD.l
[2.614s] -- Up-to-date: /home/point001/autoware.ai/install/autoware_config_msgs/share/roseus/ros/autoware_config_msgs/msg/ConfigPedestrianFusion.l
[2.614s] -- Up-to-date: /home/point001/autoware.ai/install/autoware_config_msgs/share/roseus/ros/autoware_config_msgs/msg/ConfigRcnn.l
[2.614s] -- Up-to-date: /home/point001/autoware.ai/install/autoware_config_msgs/share/roseus/ros/autoware_config_msgs/msg/ConfigNDTMappingOutput.l
[2.614s] -- Up-to-date: /home/point001/autoware.ai/install/autoware_config_msgs/share/roseus/ros/autoware_config_msgs/msg/ConfigLaneSelect.l
[2.614s] -- Up-to-date: /home/point001/autoware.ai/install/autoware_config_msgs/share/roseus/ros/autoware_config_msgs/msg/ConfigPoints2Polygon.l
[2.614s] -- Up-to-date: /home/point001/autoware.ai/install/autoware_config_msgs/share/roseus/ros/autoware_config_msgs/msg/ConfigRingGroundFilter.l
[2.614s] -- Up-to-date: /home/point001/autoware.ai/install/autoware_config_msgs/share/roseus/ros/autoware_config_msgs/msg/ConfigPedestrianDPM.l
[2.614s] -- Up-to-date: /home/point001/autoware.ai/install/autoware_config_msgs/share/roseus/ros/autoware_config_msgs/msg/ConfigPedestrianKF.l
[2.615s] -- Up-to-date: /home/point001/autoware.ai/install/autoware_config_msgs/share/roseus/ros/autoware_config_msgs/msg/ConfigDistanceFilter.l
[2.615s] -- Up-to-date: /home/point001/autoware.ai/install/autoware_config_msgs/share/roseus/ros/autoware_config_msgs/msg/ConfigNDT.l
[2.615s] -- Up-to-date: /home/point001/autoware.ai/install/autoware_config_msgs/share/roseus/ros/autoware_config_msgs/msg/ConfigWaypointReplanner.l
[2.615s] -- Up-to-date: /home/point001/autoware.ai/install/autoware_config_msgs/share/roseus/ros/autoware_config_msgs/msg/ConfigTwistFilter.l
[2.615s] -- Up-to-date: /home/point001/autoware.ai/install/autoware_config_msgs/share/common-lisp/ros/autoware_config_msgs
[2.615s] -- Up-to-date: /home/point001/autoware.ai/install/autoware_config_msgs/share/common-lisp/ros/autoware_config_msgs/msg
[2.615s] -- Up-to-date: /home/point001/autoware.ai/install/autoware_config_msgs/share/common-lisp/ros/autoware_config_msgs/msg/_package_ConfigWaypointFollower.lisp
[2.615s] -- Up-to-date: /home/point001/autoware.ai/install/autoware_config_msgs/share/common-lisp/ros/autoware_config_msgs/msg/_package_ConfigRayGroundFilter.lisp
[2.615s] -- Up-to-date: /home/point001/autoware.ai/install/autoware_config_msgs/share/common-lisp/ros/autoware_config_msgs/msg/ConfigApproximateNDTMapping.lisp
[2.615s] -- Up-to-date: /home/point001/autoware.ai/install/autoware_config_msgs/share/common-lisp/ros/autoware_config_msgs/msg/ConfigPlannerSelector.lisp
[2.616s] -- Up-to-date: /home/point001/autoware.ai/install/autoware_config_msgs/share/common-lisp/ros/autoware_config_msgs/msg/ConfigNDTMappingOutput.lisp
[2.616s] -- Up-to-date: /home/point001/autoware.ai/install/autoware_config_msgs/share/common-lisp/ros/autoware_config_msgs/msg/_package_ConfigRingGroundFilter.lisp
[2.616s] -- Up-to-date: /home/point001/autoware.ai/install/autoware_config_msgs/share/common-lisp/ros/autoware_config_msgs/msg/_package_ConfigPoints2Polygon.lisp
[2.616s] -- Up-to-date: /home/point001/autoware.ai/install/autoware_config_msgs/share/common-lisp/ros/autoware_config_msgs/msg/_package_ConfigLatticeVelocitySet.lisp
[2.616s] -- Up-to-date: /home/point001/autoware.ai/install/autoware_config_msgs/share/common-lisp/ros/autoware_config_msgs/msg/ConfigRcnn.lisp
[2.616s] -- Up-to-date: /home/point001/autoware.ai/install/autoware_config_msgs/share/common-lisp/ros/autoware_config_msgs/msg/ConfigLaneStop.lisp
[2.616s] -- Up-to-date: /home/point001/autoware.ai/install/autoware_config_msgs/share/common-lisp/ros/autoware_config_msgs/msg/ConfigVelocitySet.lisp
[2.616s] -- Up-to-date: /home/point001/autoware.ai/install/autoware_config_msgs/share/common-lisp/ros/autoware_config_msgs/msg/ConfigLaneRule.lisp
[2.616s] -- Up-to-date: /home/point001/autoware.ai/install/autoware_config_msgs/share/common-lisp/ros/autoware_config_msgs/msg/ConfigRingGroundFilter.lisp
[2.616s] -- Up-to-date: /home/point001/autoware.ai/install/autoware_config_msgs/share/common-lisp/ros/autoware_config_msgs/msg/ConfigDecisionMaker.lisp
[2.616s] -- Up-to-date: /home/point001/autoware.ai/install/autoware_config_msgs/share/common-lisp/ros/autoware_config_msgs/msg/ConfigNDTMapping.lisp
[2.616s] -- Up-to-date: /home/point001/autoware.ai/install/autoware_config_msgs/share/common-lisp/ros/autoware_config_msgs/msg/_package_ConfigRcnn.lisp
[2.616s] -- Up-to-date: /home/point001/autoware.ai/install/autoware_config_msgs/share/common-lisp/ros/autoware_config_msgs/msg/ConfigWaypointReplanner.lisp
[2.617s] -- Up-to-date: /home/point001/autoware.ai/install/autoware_config_msgs/share/common-lisp/ros/autoware_config_msgs/msg/_package_ConfigDecisionMaker.lisp
[2.617s] -- Up-to-date: /home/point001/autoware.ai/install/autoware_config_msgs/share/common-lisp/ros/autoware_config_msgs/msg/ConfigTwistFilter.lisp
[2.617s] -- Up-to-date: /home/point001/autoware.ai/install/autoware_config_msgs/share/common-lisp/ros/autoware_config_msgs/msg/ConfigPedestrianKF.lisp
[2.617s] -- Up-to-date: /home/point001/autoware.ai/install/autoware_config_msgs/share/common-lisp/ros/autoware_config_msgs/msg/ConfigLatticeVelocitySet.lisp
[2.617s] -- Up-to-date: /home/point001/autoware.ai/install/autoware_config_msgs/share/common-lisp/ros/autoware_config_msgs/msg/ConfigRingFilter.lisp
[2.617s] -- Up-to-date: /home/point001/autoware.ai/install/autoware_config_msgs/share/common-lisp/ros/autoware_config_msgs/msg/_package_ConfigCarKF.lisp
[2.617s] -- Up-to-date: /home/point001/autoware.ai/install/autoware_config_msgs/share/common-lisp/ros/autoware_config_msgs/msg/_package_ConfigPedestrianKF.lisp
[2.617s] -- Up-to-date: /home/point001/autoware.ai/install/autoware_config_msgs/share/common-lisp/ros/autoware_config_msgs/msg/_package_ConfigPlannerSelector.lisp
[2.617s] -- Up-to-date: /home/point001/autoware.ai/install/autoware_config_msgs/share/common-lisp/ros/autoware_config_msgs/msg/autoware_config_msgs-msg.asd
[2.618s] -- Up-to-date: /home/point001/autoware.ai/install/autoware_config_msgs/share/common-lisp/ros/autoware_config_msgs/msg/ConfigCarDPM.lisp
[2.618s] -- Up-to-date: /home/point001/autoware.ai/install/autoware_config_msgs/share/common-lisp/ros/autoware_config_msgs/msg/_package.lisp
[2.618s] -- Up-to-date: /home/point001/autoware.ai/install/autoware_config_msgs/share/common-lisp/ros/autoware_config_msgs/msg/ConfigCompareMapFilter.lisp
[2.618s] -- Up-to-date: /home/point001/autoware.ai/install/autoware_config_msgs/share/common-lisp/ros/autoware_config_msgs/msg/_package_ConfigLaneStop.lisp
[2.618s] -- Up-to-date: /home/point001/autoware.ai/install/autoware_config_msgs/share/common-lisp/ros/autoware_config_msgs/msg/ConfigDistanceFilter.lisp
[2.618s] -- Up-to-date: /home/point001/autoware.ai/install/autoware_config_msgs/share/common-lisp/ros/autoware_config_msgs/msg/_package_ConfigCarDPM.lisp
[2.618s] -- Up-to-date: /home/point001/autoware.ai/install/autoware_config_msgs/share/common-lisp/ros/autoware_config_msgs/msg/_package_ConfigLaneSelect.lisp
[2.618s] -- Up-to-date: /home/point001/autoware.ai/install/autoware_config_msgs/share/common-lisp/ros/autoware_config_msgs/msg/ConfigSSD.lisp
[2.618s] -- Up-to-date: /home/point001/autoware.ai/install/autoware_config_msgs/share/common-lisp/ros/autoware_config_msgs/msg/ConfigNDT.lisp
[2.618s] -- Up-to-date: /home/point001/autoware.ai/install/autoware_config_msgs/share/common-lisp/ros/autoware_config_msgs/msg/_package_ConfigSSD.lisp
[2.618s] -- Up-to-date: /home/point001/autoware.ai/install/autoware_config_msgs/share/common-lisp/ros/autoware_config_msgs/msg/_package_ConfigNDTMapping.lisp
[2.619s] -- Up-to-date: /home/point001/autoware.ai/install/autoware_config_msgs/share/common-lisp/ros/autoware_config_msgs/msg/_package_ConfigDistanceFilter.lisp
[2.619s] -- Up-to-date: /home/point001/autoware.ai/install/autoware_config_msgs/share/common-lisp/ros/autoware_config_msgs/msg/ConfigRandomFilter.lisp
[2.619s] -- Up-to-date: /home/point001/autoware.ai/install/autoware_config_msgs/share/common-lisp/ros/autoware_config_msgs/msg/_package_ConfigCarFusion.lisp
[2.619s] -- Up-to-date: /home/point001/autoware.ai/install/autoware_config_msgs/share/common-lisp/ros/autoware_config_msgs/msg/_package_ConfigRingFilter.lisp
[2.619s] -- Up-to-date: /home/point001/autoware.ai/install/autoware_config_msgs/share/common-lisp/ros/autoware_config_msgs/msg/ConfigRayGroundFilter.lisp
[2.619s] -- Up-to-date: /home/point001/autoware.ai/install/autoware_config_msgs/share/common-lisp/ros/autoware_config_msgs/msg/_package_ConfigNDTMappingOutput.lisp
[2.620s] -- Up-to-date: /home/point001/autoware.ai/install/autoware_config_msgs/share/common-lisp/ros/autoware_config_msgs/msg/_package_ConfigTwistFilter.lisp
[2.620s] -- Up-to-date: /home/point001/autoware.ai/install/autoware_config_msgs/share/common-lisp/ros/autoware_config_msgs/msg/ConfigLaneSelect.lisp
[2.620s] -- Up-to-date: /home/point001/autoware.ai/install/autoware_config_msgs/share/common-lisp/ros/autoware_config_msgs/msg/_package_ConfigApproximateNDTMapping.lisp
[2.620s] -- Up-to-date: /home/point001/autoware.ai/install/autoware_config_msgs/share/common-lisp/ros/autoware_config_msgs/msg/_package_ConfigVoxelGridFilter.lisp
[2.620s] -- Up-to-date: /home/point001/autoware.ai/install/autoware_config_msgs/share/common-lisp/ros/autoware_config_msgs/msg/ConfigCarKF.lisp
[2.620s] -- Up-to-date: /home/point001/autoware.ai/install/autoware_config_msgs/share/common-lisp/ros/autoware_config_msgs/msg/ConfigPoints2Polygon.lisp
[2.620s] -- Up-to-date: /home/point001/autoware.ai/install/autoware_config_msgs/share/common-lisp/ros/autoware_config_msgs/msg/_package_ConfigPedestrianFusion.lisp
[2.621s] -- Up-to-date: /home/point001/autoware.ai/install/autoware_config_msgs/share/common-lisp/ros/autoware_config_msgs/msg/_package_ConfigVelocitySet.lisp
[2.621s] -- Up-to-date: /home/point001/autoware.ai/install/autoware_config_msgs/share/common-lisp/ros/autoware_config_msgs/msg/_package_ConfigCompareMapFilter.lisp
[2.621s] -- Up-to-date: /home/point001/autoware.ai/install/autoware_config_msgs/share/common-lisp/ros/autoware_config_msgs/msg/ConfigPedestrianFusion.lisp
[2.621s] -- Up-to-date: /home/point001/autoware.ai/install/autoware_config_msgs/share/common-lisp/ros/autoware_config_msgs/msg/ConfigWaypointFollower.lisp
[2.621s] -- Up-to-date: /home/point001/autoware.ai/install/autoware_config_msgs/share/common-lisp/ros/autoware_config_msgs/msg/_package_ConfigNDT.lisp
[2.621s] -- Up-to-date: /home/point001/autoware.ai/install/autoware_config_msgs/share/common-lisp/ros/autoware_config_msgs/msg/_package_ConfigWaypointReplanner.lisp
[2.621s] -- Up-to-date: /home/point001/autoware.ai/install/autoware_config_msgs/share/common-lisp/ros/autoware_config_msgs/msg/_package_ConfigRandomFilter.lisp
[2.621s] -- Up-to-date: /home/point001/autoware.ai/install/autoware_config_msgs/share/common-lisp/ros/autoware_config_msgs/msg/ConfigCarFusion.lisp
[2.621s] -- Up-to-date: /home/point001/autoware.ai/install/autoware_config_msgs/share/common-lisp/ros/autoware_config_msgs/msg/ConfigICP.lisp
[2.621s] -- Up-to-date: /home/point001/autoware.ai/install/autoware_config_msgs/share/common-lisp/ros/autoware_config_msgs/msg/_package_ConfigPedestrianDPM.lisp
[2.621s] -- Up-to-date: /home/point001/autoware.ai/install/autoware_config_msgs/share/common-lisp/ros/autoware_config_msgs/msg/ConfigVoxelGridFilter.lisp
[2.622s] -- Up-to-date: /home/point001/autoware.ai/install/autoware_config_msgs/share/common-lisp/ros/autoware_config_msgs/msg/ConfigPedestrianDPM.lisp
[2.622s] -- Up-to-date: /home/point001/autoware.ai/install/autoware_config_msgs/share/common-lisp/ros/autoware_config_msgs/msg/_package_ConfigICP.lisp
[2.622s] -- Up-to-date: /home/point001/autoware.ai/install/autoware_config_msgs/share/common-lisp/ros/autoware_config_msgs/msg/_package_ConfigLaneRule.lisp
[2.622s] -- Up-to-date: /home/point001/autoware.ai/install/autoware_config_msgs/share/gennodejs/ros/autoware_config_msgs
[2.622s] -- Up-to-date: /home/point001/autoware.ai/install/autoware_config_msgs/share/gennodejs/ros/autoware_config_msgs/_index.js
[2.622s] -- Up-to-date: /home/point001/autoware.ai/install/autoware_config_msgs/share/gennodejs/ros/autoware_config_msgs/msg
[2.622s] -- Up-to-date: /home/point001/autoware.ai/install/autoware_config_msgs/share/gennodejs/ros/autoware_config_msgs/msg/ConfigRingFilter.js
[2.622s] -- Up-to-date: /home/point001/autoware.ai/install/autoware_config_msgs/share/gennodejs/ros/autoware_config_msgs/msg/ConfigRandomFilter.js
[2.623s] -- Up-to-date: /home/point001/autoware.ai/install/autoware_config_msgs/share/gennodejs/ros/autoware_config_msgs/msg/ConfigPoints2Polygon.js
[2.623s] -- Up-to-date: /home/point001/autoware.ai/install/autoware_config_msgs/share/gennodejs/ros/autoware_config_msgs/msg/ConfigDecisionMaker.js
[2.623s] -- Up-to-date: /home/point001/autoware.ai/install/autoware_config_msgs/share/gennodejs/ros/autoware_config_msgs/msg/ConfigSSD.js
[2.623s] -- Up-to-date: /home/point001/autoware.ai/install/autoware_config_msgs/share/gennodejs/ros/autoware_config_msgs/msg/ConfigPedestrianKF.js
[2.623s] -- Up-to-date: /home/point001/autoware.ai/install/autoware_config_msgs/share/gennodejs/ros/autoware_config_msgs/msg/ConfigNDTMappingOutput.js
[2.623s] -- Up-to-date: /home/point001/autoware.ai/install/autoware_config_msgs/share/gennodejs/ros/autoware_config_msgs/msg/ConfigLaneRule.js
[2.623s] -- Up-to-date: /home/point001/autoware.ai/install/autoware_config_msgs/share/gennodejs/ros/autoware_config_msgs/msg/_index.js
[2.623s] -- Up-to-date: /home/point001/autoware.ai/install/autoware_config_msgs/share/gennodejs/ros/autoware_config_msgs/msg/ConfigWaypointReplanner.js
[2.623s] -- Up-to-date: /home/point001/autoware.ai/install/autoware_config_msgs/share/gennodejs/ros/autoware_config_msgs/msg/ConfigCarFusion.js
[2.624s] -- Up-to-date: /home/point001/autoware.ai/install/autoware_config_msgs/share/gennodejs/ros/autoware_config_msgs/msg/ConfigLaneSelect.js
[2.624s] -- Up-to-date: /home/point001/autoware.ai/install/autoware_config_msgs/share/gennodejs/ros/autoware_config_msgs/msg/ConfigPedestrianDPM.js
[2.624s] -- Up-to-date: /home/point001/autoware.ai/install/autoware_config_msgs/share/gennodejs/ros/autoware_config_msgs/msg/ConfigWaypointFollower.js
[2.624s] -- Up-to-date: /home/point001/autoware.ai/install/autoware_config_msgs/share/gennodejs/ros/autoware_config_msgs/msg/ConfigDistanceFilter.js
[2.624s] -- Up-to-date: /home/point001/autoware.ai/install/autoware_config_msgs/share/gennodejs/ros/autoware_config_msgs/msg/ConfigNDT.js
[2.624s] -- Up-to-date: /home/point001/autoware.ai/install/autoware_config_msgs/share/gennodejs/ros/autoware_config_msgs/msg/ConfigRcnn.js
[2.624s] -- Up-to-date: /home/point001/autoware.ai/install/autoware_config_msgs/share/gennodejs/ros/autoware_config_msgs/msg/ConfigCompareMapFilter.js
[2.624s] -- Up-to-date: /home/point001/autoware.ai/install/autoware_config_msgs/share/gennodejs/ros/autoware_config_msgs/msg/ConfigLaneStop.js
[2.624s] -- Up-to-date: /home/point001/autoware.ai/install/autoware_config_msgs/share/gennodejs/ros/autoware_config_msgs/msg/ConfigCarDPM.js
[2.624s] -- Up-to-date: /home/point001/autoware.ai/install/autoware_config_msgs/share/gennodejs/ros/autoware_config_msgs/msg/ConfigCarKF.js
[2.625s] -- Up-to-date: /home/point001/autoware.ai/install/autoware_config_msgs/share/gennodejs/ros/autoware_config_msgs/msg/ConfigTwistFilter.js
[2.625s] -- Up-to-date: /home/point001/autoware.ai/install/autoware_config_msgs/share/gennodejs/ros/autoware_config_msgs/msg/ConfigApproximateNDTMapping.js
[2.625s] -- Up-to-date: /home/point001/autoware.ai/install/autoware_config_msgs/share/gennodejs/ros/autoware_config_msgs/msg/ConfigRingGroundFilter.js
[2.625s] -- Up-to-date: /home/point001/autoware.ai/install/autoware_config_msgs/share/gennodejs/ros/autoware_config_msgs/msg/ConfigPedestrianFusion.js
[2.625s] -- Up-to-date: /home/point001/autoware.ai/install/autoware_config_msgs/share/gennodejs/ros/autoware_config_msgs/msg/ConfigVoxelGridFilter.js
[2.625s] -- Up-to-date: /home/point001/autoware.ai/install/autoware_config_msgs/share/gennodejs/ros/autoware_config_msgs/msg/ConfigRayGroundFilter.js
[2.625s] -- Up-to-date: /home/point001/autoware.ai/install/autoware_config_msgs/share/gennodejs/ros/autoware_config_msgs/msg/ConfigVelocitySet.js
[2.626s] -- Up-to-date: /home/point001/autoware.ai/install/autoware_config_msgs/share/gennodejs/ros/autoware_config_msgs/msg/ConfigLatticeVelocitySet.js
[2.626s] -- Up-to-date: /home/point001/autoware.ai/install/autoware_config_msgs/share/gennodejs/ros/autoware_config_msgs/msg/ConfigNDTMapping.js
[2.626s] -- Up-to-date: /home/point001/autoware.ai/install/autoware_config_msgs/share/gennodejs/ros/autoware_config_msgs/msg/ConfigPlannerSelector.js
[2.626s] -- Up-to-date: /home/point001/autoware.ai/install/autoware_config_msgs/share/gennodejs/ros/autoware_config_msgs/msg/ConfigICP.js
[2.629s] Listing /home/point001/autoware.ai/build/autoware_config_msgs/devel/lib/python2.7/dist-packages/autoware_config_msgs ...
[2.629s] Listing /home/point001/autoware.ai/build/autoware_config_msgs/devel/lib/python2.7/dist-packages/autoware_config_msgs/msg ...
[2.629s] -- Up-to-date: /home/point001/autoware.ai/install/autoware_config_msgs/lib/python2.7/dist-packages/autoware_config_msgs
[2.629s] -- Up-to-date: /home/point001/autoware.ai/install/autoware_config_msgs/lib/python2.7/dist-packages/autoware_config_msgs/msg
[2.629s] -- Up-to-date: /home/point001/autoware.ai/install/autoware_config_msgs/lib/python2.7/dist-packages/autoware_config_msgs/msg/_ConfigRayGroundFilter.pyc
[2.629s] -- Up-to-date: /home/point001/autoware.ai/install/autoware_config_msgs/lib/python2.7/dist-packages/autoware_config_msgs/msg/_ConfigPoints2Polygon.pyc
[2.629s] -- Up-to-date: /home/point001/autoware.ai/install/autoware_config_msgs/lib/python2.7/dist-packages/autoware_config_msgs/msg/_ConfigCarFusion.py
[2.629s] -- Up-to-date: /home/point001/autoware.ai/install/autoware_config_msgs/lib/python2.7/dist-packages/autoware_config_msgs/msg/_ConfigNDTMapping.py
[2.629s] -- Up-to-date: /home/point001/autoware.ai/install/autoware_config_msgs/lib/python2.7/dist-packages/autoware_config_msgs/msg/_ConfigCarFusion.pyc
[2.630s] -- Up-to-date: /home/point001/autoware.ai/install/autoware_config_msgs/lib/python2.7/dist-packages/autoware_config_msgs/msg/_ConfigVoxelGridFilter.py
[2.630s] -- Up-to-date: /home/point001/autoware.ai/install/autoware_config_msgs/lib/python2.7/dist-packages/autoware_config_msgs/msg/_ConfigCarDPM.pyc
[2.630s] -- Up-to-date: /home/point001/autoware.ai/install/autoware_config_msgs/lib/python2.7/dist-packages/autoware_config_msgs/msg/_ConfigPedestrianFusion.pyc
[2.630s] -- Up-to-date: /home/point001/autoware.ai/install/autoware_config_msgs/lib/python2.7/dist-packages/autoware_config_msgs/msg/_ConfigNDT.pyc
[2.630s] -- Up-to-date: /home/point001/autoware.ai/install/autoware_config_msgs/lib/python2.7/dist-packages/autoware_config_msgs/msg/_ConfigLatticeVelocitySet.pyc
[2.630s] -- Up-to-date: /home/point001/autoware.ai/install/autoware_config_msgs/lib/python2.7/dist-packages/autoware_config_msgs/msg/_ConfigLaneSelect.pyc
[2.630s] -- Up-to-date: /home/point001/autoware.ai/install/autoware_config_msgs/lib/python2.7/dist-packages/autoware_config_msgs/msg/_ConfigPedestrianKF.pyc
[2.630s] -- Up-to-date: /home/point001/autoware.ai/install/autoware_config_msgs/lib/python2.7/dist-packages/autoware_config_msgs/msg/_ConfigDecisionMaker.pyc
[2.630s] -- Up-to-date: /home/point001/autoware.ai/install/autoware_config_msgs/lib/python2.7/dist-packages/autoware_config_msgs/msg/_ConfigCarKF.pyc
[2.631s] -- Up-to-date: /home/point001/autoware.ai/install/autoware_config_msgs/lib/python2.7/dist-packages/autoware_config_msgs/msg/_ConfigSSD.py
[2.631s] -- Up-to-date: /home/point001/autoware.ai/install/autoware_config_msgs/lib/python2.7/dist-packages/autoware_config_msgs/msg/_ConfigLaneRule.py
[2.631s] -- Up-to-date: /home/point001/autoware.ai/install/autoware_config_msgs/lib/python2.7/dist-packages/autoware_config_msgs/msg/_ConfigPoints2Polygon.py
[2.631s] -- Up-to-date: /home/point001/autoware.ai/install/autoware_config_msgs/lib/python2.7/dist-packages/autoware_config_msgs/msg/_ConfigDistanceFilter.py
[2.631s] -- Up-to-date: /home/point001/autoware.ai/install/autoware_config_msgs/lib/python2.7/dist-packages/autoware_config_msgs/msg/_ConfigPlannerSelector.pyc
[2.631s] -- Up-to-date: /home/point001/autoware.ai/install/autoware_config_msgs/lib/python2.7/dist-packages/autoware_config_msgs/msg/_ConfigPedestrianKF.py
[2.631s] -- Up-to-date: /home/point001/autoware.ai/install/autoware_config_msgs/lib/python2.7/dist-packages/autoware_config_msgs/msg/_ConfigICP.pyc
[2.632s] -- Up-to-date: /home/point001/autoware.ai/install/autoware_config_msgs/lib/python2.7/dist-packages/autoware_config_msgs/msg/_ConfigLaneStop.pyc
[2.632s] -- Up-to-date: /home/point001/autoware.ai/install/autoware_config_msgs/lib/python2.7/dist-packages/autoware_config_msgs/msg/_ConfigRingFilter.py
[2.632s] -- Up-to-date: /home/point001/autoware.ai/install/autoware_config_msgs/lib/python2.7/dist-packages/autoware_config_msgs/msg/_ConfigCompareMapFilter.pyc
[2.632s] -- Up-to-date: /home/point001/autoware.ai/install/autoware_config_msgs/lib/python2.7/dist-packages/autoware_config_msgs/msg/_ConfigWaypointReplanner.pyc
[2.632s] -- Up-to-date: /home/point001/autoware.ai/install/autoware_config_msgs/lib/python2.7/dist-packages/autoware_config_msgs/msg/_ConfigNDTMappingOutput.py
[2.632s] -- Up-to-date: /home/point001/autoware.ai/install/autoware_config_msgs/lib/python2.7/dist-packages/autoware_config_msgs/msg/_ConfigLatticeVelocitySet.py
[2.632s] -- Up-to-date: /home/point001/autoware.ai/install/autoware_config_msgs/lib/python2.7/dist-packages/autoware_config_msgs/msg/_ConfigCompareMapFilter.py
[2.632s] -- Up-to-date: /home/point001/autoware.ai/install/autoware_config_msgs/lib/python2.7/dist-packages/autoware_config_msgs/msg/_ConfigWaypointFollower.pyc
[2.633s] -- Up-to-date: /home/point001/autoware.ai/install/autoware_config_msgs/lib/python2.7/dist-packages/autoware_config_msgs/msg/__init__.py
[2.633s] -- Up-to-date: /home/point001/autoware.ai/install/autoware_config_msgs/lib/python2.7/dist-packages/autoware_config_msgs/msg/_ConfigRandomFilter.py
[2.633s] -- Up-to-date: /home/point001/autoware.ai/install/autoware_config_msgs/lib/python2.7/dist-packages/autoware_config_msgs/msg/_ConfigLaneRule.pyc
[2.633s] -- Up-to-date: /home/point001/autoware.ai/install/autoware_config_msgs/lib/python2.7/dist-packages/autoware_config_msgs/msg/_ConfigPedestrianDPM.pyc
[2.633s] -- Up-to-date: /home/point001/autoware.ai/install/autoware_config_msgs/lib/python2.7/dist-packages/autoware_config_msgs/msg/_ConfigTwistFilter.py
[2.633s] -- Up-to-date: /home/point001/autoware.ai/install/autoware_config_msgs/lib/python2.7/dist-packages/autoware_config_msgs/msg/_ConfigLaneSelect.py
[2.633s] -- Up-to-date: /home/point001/autoware.ai/install/autoware_config_msgs/lib/python2.7/dist-packages/autoware_config_msgs/msg/_ConfigVelocitySet.pyc
[2.633s] -- Up-to-date: /home/point001/autoware.ai/install/autoware_config_msgs/lib/python2.7/dist-packages/autoware_config_msgs/msg/_ConfigPedestrianDPM.py
[2.633s] -- Up-to-date: /home/point001/autoware.ai/install/autoware_config_msgs/lib/python2.7/dist-packages/autoware_config_msgs/msg/_ConfigWaypointFollower.py
[2.634s] -- Up-to-date: /home/point001/autoware.ai/install/autoware_config_msgs/lib/python2.7/dist-packages/autoware_config_msgs/msg/_ConfigRcnn.pyc
[2.634s] -- Up-to-date: /home/point001/autoware.ai/install/autoware_config_msgs/lib/python2.7/dist-packages/autoware_config_msgs/msg/_ConfigICP.py
[2.634s] -- Up-to-date: /home/point001/autoware.ai/install/autoware_config_msgs/lib/python2.7/dist-packages/autoware_config_msgs/msg/_ConfigSSD.pyc
[2.634s] -- Up-to-date: /home/point001/autoware.ai/install/autoware_config_msgs/lib/python2.7/dist-packages/autoware_config_msgs/msg/_ConfigRandomFilter.pyc
[2.634s] -- Up-to-date: /home/point001/autoware.ai/install/autoware_config_msgs/lib/python2.7/dist-packages/autoware_config_msgs/msg/_ConfigDecisionMaker.py
[2.634s] -- Up-to-date: /home/point001/autoware.ai/install/autoware_config_msgs/lib/python2.7/dist-packages/autoware_config_msgs/msg/_ConfigApproximateNDTMapping.pyc
[2.634s] -- Up-to-date: /home/point001/autoware.ai/install/autoware_config_msgs/lib/python2.7/dist-packages/autoware_config_msgs/msg/_ConfigNDTMappingOutput.pyc
[2.635s] -- Up-to-date: /home/point001/autoware.ai/install/autoware_config_msgs/lib/python2.7/dist-packages/autoware_config_msgs/msg/_ConfigNDT.py
[2.635s] -- Up-to-date: /home/point001/autoware.ai/install/autoware_config_msgs/lib/python2.7/dist-packages/autoware_config_msgs/msg/_ConfigRingGroundFilter.py
[2.635s] -- Up-to-date: /home/point001/autoware.ai/install/autoware_config_msgs/lib/python2.7/dist-packages/autoware_config_msgs/msg/_ConfigCarKF.py
[2.635s] -- Up-to-date: /home/point001/autoware.ai/install/autoware_config_msgs/lib/python2.7/dist-packages/autoware_config_msgs/msg/_ConfigPlannerSelector.py
[2.635s] -- Up-to-date: /home/point001/autoware.ai/install/autoware_config_msgs/lib/python2.7/dist-packages/autoware_config_msgs/msg/_ConfigRayGroundFilter.py
[2.635s] -- Up-to-date: /home/point001/autoware.ai/install/autoware_config_msgs/lib/python2.7/dist-packages/autoware_config_msgs/msg/_ConfigCarDPM.py
[2.635s] -- Up-to-date: /home/point001/autoware.ai/install/autoware_config_msgs/lib/python2.7/dist-packages/autoware_config_msgs/msg/_ConfigPedestrianFusion.py
[2.635s] -- Up-to-date: /home/point001/autoware.ai/install/autoware_config_msgs/lib/python2.7/dist-packages/autoware_config_msgs/msg/_ConfigVoxelGridFilter.pyc
[2.635s] -- Up-to-date: /home/point001/autoware.ai/install/autoware_config_msgs/lib/python2.7/dist-packages/autoware_config_msgs/msg/_ConfigApproximateNDTMapping.py
[2.636s] -- Up-to-date: /home/point001/autoware.ai/install/autoware_config_msgs/lib/python2.7/dist-packages/autoware_config_msgs/msg/_ConfigLaneStop.py
[2.636s] -- Up-to-date: /home/point001/autoware.ai/install/autoware_config_msgs/lib/python2.7/dist-packages/autoware_config_msgs/msg/__init__.pyc
[2.639s] -- Up-to-date: /home/point001/autoware.ai/install/autoware_config_msgs/lib/python2.7/dist-packages/autoware_config_msgs/msg/_ConfigWaypointReplanner.py
[2.639s] -- Up-to-date: /home/point001/autoware.ai/install/autoware_config_msgs/lib/python2.7/dist-packages/autoware_config_msgs/msg/_ConfigRcnn.py
[2.639s] -- Up-to-date: /home/point001/autoware.ai/install/autoware_config_msgs/lib/python2.7/dist-packages/autoware_config_msgs/msg/_ConfigDistanceFilter.pyc
[2.639s] -- Up-to-date: /home/point001/autoware.ai/install/autoware_config_msgs/lib/python2.7/dist-packages/autoware_config_msgs/msg/_ConfigNDTMapping.pyc
[2.639s] -- Up-to-date: /home/point001/autoware.ai/install/autoware_config_msgs/lib/python2.7/dist-packages/autoware_config_msgs/msg/_ConfigVelocitySet.py
[2.640s] -- Up-to-date: /home/point001/autoware.ai/install/autoware_config_msgs/lib/python2.7/dist-packages/autoware_config_msgs/msg/_ConfigRingGroundFilter.pyc
[2.640s] -- Up-to-date: /home/point001/autoware.ai/install/autoware_config_msgs/lib/python2.7/dist-packages/autoware_config_msgs/msg/_ConfigRingFilter.pyc
[2.640s] -- Up-to-date: /home/point001/autoware.ai/install/autoware_config_msgs/lib/python2.7/dist-packages/autoware_config_msgs/msg/_ConfigTwistFilter.pyc
[2.640s] -- Up-to-date: /home/point001/autoware.ai/install/autoware_config_msgs/lib/python2.7/dist-packages/autoware_config_msgs/__init__.py
[2.640s] -- Up-to-date: /home/point001/autoware.ai/install/autoware_config_msgs/lib/python2.7/dist-packages/autoware_config_msgs/__init__.pyc
[2.640s] -- Up-to-date: /home/point001/autoware.ai/install/autoware_config_msgs/lib/pkgconfig/autoware_config_msgs.pc
[2.640s] -- Up-to-date: /home/point001/autoware.ai/install/autoware_config_msgs/share/autoware_config_msgs/cmake/autoware_config_msgs-msg-extras.cmake
[2.640s] -- Up-to-date: /home/point001/autoware.ai/install/autoware_config_msgs/share/autoware_config_msgs/cmake/autoware_config_msgsConfig.cmake
[2.640s] -- Up-to-date: /home/point001/autoware.ai/install/autoware_config_msgs/share/autoware_config_msgs/cmake/autoware_config_msgsConfig-version.cmake
[2.640s] -- Up-to-date: /home/point001/autoware.ai/install/autoware_config_msgs/share/autoware_config_msgs/package.xml
[2.864s] Invoked command in '/home/point001/autoware.ai/build/autoware_config_msgs' returned '0': /usr/bin/cmake --build /home/point001/autoware.ai/build/autoware_config_msgs --target install -- -j24 -l24
