[0.455s] Invoking command in '/home/point001/autoware.ai/build/emergency_handler': CMAKE_PREFIX_PATH=/home/point001/autoware.ai/install/autoware_health_checker:/home/point001/autoware.ai/install/ros_observer:/home/point001/autoware.ai/install/autoware_system_msgs:/home/point001/autoware.ai/install/autoware_msgs:${CMAKE_PREFIX_PATH} LD_LIBRARY_PATH=/home/point001/autoware.ai/install/autoware_health_checker/lib:/home/point001/autoware.ai/install/ros_observer/lib:/opt/ros/melodic/lib:/usr/local/cuda-10.0/lib64 PKG_CONFIG_PATH=/home/point001/autoware.ai/install/autoware_health_checker/lib/x86_64-linux-gnu/pkgconfig:/home/point001/autoware.ai/install/autoware_health_checker/lib/pkgconfig:/home/point001/autoware.ai/install/ros_observer/lib/x86_64-linux-gnu/pkgconfig:/home/point001/autoware.ai/install/ros_observer/lib/pkgconfig:/home/point001/autoware.ai/install/autoware_system_msgs/lib/x86_64-linux-gnu/pkgconfig:/home/point001/autoware.ai/install/autoware_system_msgs/lib/pkgconfig:/home/point001/autoware.ai/install/autoware_msgs/lib/x86_64-linux-gnu/pkgconfig:/home/point001/autoware.ai/install/autoware_msgs/lib/pkgconfig:${PKG_CONFIG_PATH} PYTHONPATH=/home/point001/autoware.ai/install/autoware_system_msgs/lib/python2.7/dist-packages:/home/point001/autoware.ai/install/autoware_msgs/lib/python2.7/dist-packages:${PYTHONPATH} ROS_PACKAGE_PATH=/home/point001/autoware.ai/install/autoware_health_checker/share:/home/point001/autoware.ai/install/ros_observer/share:/home/point001/autoware.ai/install/autoware_system_msgs/share:/home/point001/autoware.ai/install/autoware_msgs/share:${ROS_PACKAGE_PATH} /usr/bin/cmake --build /home/point001/autoware.ai/build/emergency_handler -- -j24 -l24
[0.576s] [  0%] Built target std_msgs_generate_messages_py
[0.595s] [  0%] Built target geometry_msgs_generate_messages_nodejs
[0.598s] [  0%] Built target rosgraph_msgs_generate_messages_eus
[0.601s] [  0%] Built target std_msgs_generate_messages_cpp
[0.609s] [  0%] Built target std_msgs_generate_messages_nodejs
[0.609s] [  0%] Built target geometry_msgs_generate_messages_py
[0.610s] [  0%] Built target geometry_msgs_generate_messages_lisp
[0.617s] [  0%] Built target jsk_recognition_msgs_generate_messages_cpp
[0.617s] [  0%] Built target autoware_system_msgs_generate_messages_eus
[0.633s] [  0%] Built target roscpp_generate_messages_nodejs
[0.634s] [  0%] Built target std_msgs_generate_messages_eus
[0.639s] [  0%] Built target jsk_recognition_msgs_generate_messages_lisp
[0.641s] [  0%] Built target sensor_msgs_generate_messages_cpp
[0.654s] [  0%] Built target sensor_msgs_generate_messages_lisp
[0.655s] [  0%] Built target geometry_msgs_generate_messages_eus
[0.655s] [  0%] Built target actionlib_msgs_generate_messages_nodejs
[0.655s] [  0%] Built target autoware_system_msgs_generate_messages_lisp
[0.655s] [  0%] Built target autoware_msgs_generate_messages_lisp
[0.656s] [  0%] Built target geometry_msgs_generate_messages_cpp
[0.656s] [  0%] Built target jsk_recognition_msgs_generate_messages_py
[0.676s] [  0%] Built target autoware_system_msgs_generate_messages_cpp
[0.676s] [  0%] Built target autoware_msgs_generate_messages_cpp
[0.678s] [  0%] Built target jsk_footstep_msgs_generate_messages_py
[0.686s] [  0%] Built target autoware_msgs_generate_messages_eus
[0.714s] [  0%] Built target autoware_system_msgs_generate_messages_py
[0.720s] [  0%] Built target sensor_msgs_generate_messages_eus
[0.726s] [  0%] Built target std_msgs_generate_messages_lisp
[0.735s] [  0%] Built target rosgraph_msgs_generate_messages_lisp
[0.741s] [  0%] Built target sensor_msgs_generate_messages_nodejs
[0.748s] [  0%] Built target pcl_msgs_generate_messages_cpp
[0.748s] [  0%] Built target actionlib_msgs_generate_messages_eus
[0.752s] [  0%] Built target rosgraph_msgs_generate_messages_py
[0.758s] [  0%] Built target autoware_msgs_generate_messages_py
[0.773s] [  0%] Built target roscpp_generate_messages_cpp
[0.781s] [  0%] Built target roscpp_generate_messages_eus
[0.781s] [  0%] Built target autoware_msgs_generate_messages_nodejs
[0.782s] [  0%] Built target sensor_msgs_generate_messages_py
[0.784s] [  0%] Built target pcl_msgs_generate_messages_py
[0.788s] [  0%] Built target rosgraph_msgs_generate_messages_nodejs
[0.788s] [  0%] Built target jsk_recognition_msgs_generate_messages_eus
[0.792s] [  0%] Built target pcl_msgs_generate_messages_eus
[0.793s] [  0%] Built target jsk_footstep_msgs_generate_messages_nodejs
[0.796s] [  0%] Built target autoware_system_msgs_generate_messages_nodejs
[0.796s] [  0%] Built target pcl_msgs_generate_messages_nodejs
[0.802s] [  0%] Built target pcl_msgs_generate_messages_lisp
[0.808s] [  0%] Built target actionlib_msgs_generate_messages_lisp
[0.817s] [  0%] Built target jsk_footstep_msgs_generate_messages_eus
[0.828s] [  0%] Built target jsk_footstep_msgs_generate_messages_cpp
[0.828s] [  0%] Built target jsk_footstep_msgs_generate_messages_lisp
[0.864s] [  0%] Built target roscpp_generate_messages_py
[0.870s] [  0%] Built target jsk_recognition_msgs_generate_messages_nodejs
[0.873s] [  0%] Built target actionlib_msgs_generate_messages_cpp
[0.873s] [  0%] Built target roscpp_generate_messages_lisp
[0.881s] [  0%] Built target rosgraph_msgs_generate_messages_cpp
[0.897s] [  0%] Built target actionlib_msgs_generate_messages_py
[1.104s] [ 37%] Built target system_status_filter
[1.206s] [100%] Built target emergency_handler
[1.256s] Invoked command in '/home/point001/autoware.ai/build/emergency_handler' returned '0': CMAKE_PREFIX_PATH=/home/point001/autoware.ai/install/autoware_health_checker:/home/point001/autoware.ai/install/ros_observer:/home/point001/autoware.ai/install/autoware_system_msgs:/home/point001/autoware.ai/install/autoware_msgs:${CMAKE_PREFIX_PATH} LD_LIBRARY_PATH=/home/point001/autoware.ai/install/autoware_health_checker/lib:/home/point001/autoware.ai/install/ros_observer/lib:/opt/ros/melodic/lib:/usr/local/cuda-10.0/lib64 PKG_CONFIG_PATH=/home/point001/autoware.ai/install/autoware_health_checker/lib/x86_64-linux-gnu/pkgconfig:/home/point001/autoware.ai/install/autoware_health_checker/lib/pkgconfig:/home/point001/autoware.ai/install/ros_observer/lib/x86_64-linux-gnu/pkgconfig:/home/point001/autoware.ai/install/ros_observer/lib/pkgconfig:/home/point001/autoware.ai/install/autoware_system_msgs/lib/x86_64-linux-gnu/pkgconfig:/home/point001/autoware.ai/install/autoware_system_msgs/lib/pkgconfig:/home/point001/autoware.ai/install/autoware_msgs/lib/x86_64-linux-gnu/pkgconfig:/home/point001/autoware.ai/install/autoware_msgs/lib/pkgconfig:${PKG_CONFIG_PATH} PYTHONPATH=/home/point001/autoware.ai/install/autoware_system_msgs/lib/python2.7/dist-packages:/home/point001/autoware.ai/install/autoware_msgs/lib/python2.7/dist-packages:${PYTHONPATH} ROS_PACKAGE_PATH=/home/point001/autoware.ai/install/autoware_health_checker/share:/home/point001/autoware.ai/install/ros_observer/share:/home/point001/autoware.ai/install/autoware_system_msgs/share:/home/point001/autoware.ai/install/autoware_msgs/share:${ROS_PACKAGE_PATH} /usr/bin/cmake --build /home/point001/autoware.ai/build/emergency_handler -- -j24 -l24
[1.893s] Invoking command in '/home/point001/autoware.ai/build/emergency_handler': CMAKE_PREFIX_PATH=/home/point001/autoware.ai/install/autoware_health_checker:/home/point001/autoware.ai/install/ros_observer:/home/point001/autoware.ai/install/autoware_system_msgs:/home/point001/autoware.ai/install/autoware_msgs:${CMAKE_PREFIX_PATH} LD_LIBRARY_PATH=/home/point001/autoware.ai/install/autoware_health_checker/lib:/home/point001/autoware.ai/install/ros_observer/lib:/opt/ros/melodic/lib:/usr/local/cuda-10.0/lib64 PKG_CONFIG_PATH=/home/point001/autoware.ai/install/autoware_health_checker/lib/x86_64-linux-gnu/pkgconfig:/home/point001/autoware.ai/install/autoware_health_checker/lib/pkgconfig:/home/point001/autoware.ai/install/ros_observer/lib/x86_64-linux-gnu/pkgconfig:/home/point001/autoware.ai/install/ros_observer/lib/pkgconfig:/home/point001/autoware.ai/install/autoware_system_msgs/lib/x86_64-linux-gnu/pkgconfig:/home/point001/autoware.ai/install/autoware_system_msgs/lib/pkgconfig:/home/point001/autoware.ai/install/autoware_msgs/lib/x86_64-linux-gnu/pkgconfig:/home/point001/autoware.ai/install/autoware_msgs/lib/pkgconfig:${PKG_CONFIG_PATH} PYTHONPATH=/home/point001/autoware.ai/install/autoware_system_msgs/lib/python2.7/dist-packages:/home/point001/autoware.ai/install/autoware_msgs/lib/python2.7/dist-packages:${PYTHONPATH} ROS_PACKAGE_PATH=/home/point001/autoware.ai/install/autoware_health_checker/share:/home/point001/autoware.ai/install/ros_observer/share:/home/point001/autoware.ai/install/autoware_system_msgs/share:/home/point001/autoware.ai/install/autoware_msgs/share:${ROS_PACKAGE_PATH} /usr/bin/cmake --build /home/point001/autoware.ai/build/emergency_handler --target tests -- -j24 -l24
[1.983s] [  0%] Built target std_msgs_generate_messages_py
[1.986s] [  0%] Built target geometry_msgs_generate_messages_lisp
[1.986s] [  0%] Built target std_msgs_generate_messages_nodejs
[1.989s] [  0%] Built target rosgraph_msgs_generate_messages_eus
[1.995s] [  0%] Built target autoware_msgs_generate_messages_cpp
[1.995s] [  0%] Built target geometry_msgs_generate_messages_cpp
[1.995s] [ 20%] Built target gtest
[1.995s] [  0%] Built target autoware_system_msgs_generate_messages_eus
[1.995s] [ 20%] Built target geometry_msgs_generate_messages_py
[1.995s] [ 20%] Built target autoware_msgs_generate_messages_lisp
[2.000s] [ 20%] Built target autoware_system_msgs_generate_messages_cpp
[2.000s] [ 20%] Built target sensor_msgs_generate_messages_cpp
[2.000s] [ 20%] Built target jsk_footstep_msgs_generate_messages_py
[2.001s] [ 20%] Built target autoware_system_msgs_generate_messages_lisp
[2.001s] [ 20%] Built target jsk_recognition_msgs_generate_messages_py
[2.006s] [ 20%] Built target geometry_msgs_generate_messages_eus
[2.010s] [ 20%] Built target jsk_recognition_msgs_generate_messages_cpp
[2.010s] [ 20%] Built target jsk_recognition_msgs_generate_messages_lisp
[2.010s] [ 20%] Built target std_msgs_generate_messages_eus
[2.010s] [ 20%] Built target autoware_msgs_generate_messages_eus
[2.012s] [ 20%] Built target sensor_msgs_generate_messages_lisp
[2.013s] [ 20%] Built target actionlib_msgs_generate_messages_nodejs
[2.013s] [ 20%] Built target rosgraph_msgs_generate_messages_lisp
[2.013s] [ 20%] Built target geometry_msgs_generate_messages_nodejs
[2.013s] [ 20%] Built target std_msgs_generate_messages_cpp
[2.022s] [ 20%] Built target roscpp_generate_messages_nodejs
[2.022s] [ 20%] Built target std_msgs_generate_messages_lisp
[2.024s] [ 20%] Built target jsk_recognition_msgs_generate_messages_eus
[2.033s] [ 20%] Built target rosgraph_msgs_generate_messages_py
[2.033s] [ 20%] Built target autoware_system_msgs_generate_messages_py
[2.034s] [ 20%] Built target sensor_msgs_generate_messages_nodejs
[2.034s] [ 20%] Built target autoware_msgs_generate_messages_py
[2.034s] [ 20%] Built target sensor_msgs_generate_messages_eus
[2.034s] [ 20%] Built target rosgraph_msgs_generate_messages_nodejs
[2.034s] [ 20%] Built target actionlib_msgs_generate_messages_eus
[2.035s] [ 20%] Built target autoware_msgs_generate_messages_nodejs
[2.035s] [ 20%] Built target pcl_msgs_generate_messages_py
[2.035s] [ 20%] Built target pcl_msgs_generate_messages_lisp
[2.038s] [ 20%] Built target roscpp_generate_messages_eus
[2.038s] [ 20%] Built target jsk_footstep_msgs_generate_messages_eus
[2.038s] [ 20%] Built target jsk_footstep_msgs_generate_messages_lisp
[2.044s] [ 20%] Built target sensor_msgs_generate_messages_py
[2.044s] [ 20%] Built target pcl_msgs_generate_messages_cpp
[2.044s] [ 20%] Built target pcl_msgs_generate_messages_nodejs
[2.049s] [ 20%] Built target pcl_msgs_generate_messages_eus
[2.055s] [ 20%] Built target roscpp_generate_messages_cpp
[2.056s] [ 20%] Built target actionlib_msgs_generate_messages_cpp
[2.056s] [ 20%] Built target jsk_footstep_msgs_generate_messages_cpp
[2.056s] [ 20%] Built target jsk_footstep_msgs_generate_messages_nodejs
[2.056s] [ 20%] Built target jsk_recognition_msgs_generate_messages_nodejs
[2.065s] [ 20%] Built target autoware_system_msgs_generate_messages_nodejs
[2.065s] [ 20%] Built target roscpp_generate_messages_py
[2.065s] [ 20%] Built target actionlib_msgs_generate_messages_py
[2.065s] [ 20%] Built target roscpp_generate_messages_lisp
[2.066s] [ 20%] Built target actionlib_msgs_generate_messages_lisp
[2.066s] [ 20%] Built target rosgraph_msgs_generate_messages_cpp
[2.135s] [ 50%] Built target system_status_filter
[2.186s] [100%] Built target test_emergency_handler
[2.244s] [100%] Built target tests
[2.385s] Invoked command in '/home/point001/autoware.ai/build/emergency_handler' returned '0': CMAKE_PREFIX_PATH=/home/point001/autoware.ai/install/autoware_health_checker:/home/point001/autoware.ai/install/ros_observer:/home/point001/autoware.ai/install/autoware_system_msgs:/home/point001/autoware.ai/install/autoware_msgs:${CMAKE_PREFIX_PATH} LD_LIBRARY_PATH=/home/point001/autoware.ai/install/autoware_health_checker/lib:/home/point001/autoware.ai/install/ros_observer/lib:/opt/ros/melodic/lib:/usr/local/cuda-10.0/lib64 PKG_CONFIG_PATH=/home/point001/autoware.ai/install/autoware_health_checker/lib/x86_64-linux-gnu/pkgconfig:/home/point001/autoware.ai/install/autoware_health_checker/lib/pkgconfig:/home/point001/autoware.ai/install/ros_observer/lib/x86_64-linux-gnu/pkgconfig:/home/point001/autoware.ai/install/ros_observer/lib/pkgconfig:/home/point001/autoware.ai/install/autoware_system_msgs/lib/x86_64-linux-gnu/pkgconfig:/home/point001/autoware.ai/install/autoware_system_msgs/lib/pkgconfig:/home/point001/autoware.ai/install/autoware_msgs/lib/x86_64-linux-gnu/pkgconfig:/home/point001/autoware.ai/install/autoware_msgs/lib/pkgconfig:${PKG_CONFIG_PATH} PYTHONPATH=/home/point001/autoware.ai/install/autoware_system_msgs/lib/python2.7/dist-packages:/home/point001/autoware.ai/install/autoware_msgs/lib/python2.7/dist-packages:${PYTHONPATH} ROS_PACKAGE_PATH=/home/point001/autoware.ai/install/autoware_health_checker/share:/home/point001/autoware.ai/install/ros_observer/share:/home/point001/autoware.ai/install/autoware_system_msgs/share:/home/point001/autoware.ai/install/autoware_msgs/share:${ROS_PACKAGE_PATH} /usr/bin/cmake --build /home/point001/autoware.ai/build/emergency_handler --target tests -- -j24 -l24
[3.455s] Invoking command in '/home/point001/autoware.ai/build/emergency_handler': CMAKE_PREFIX_PATH=/home/point001/autoware.ai/install/autoware_health_checker:/home/point001/autoware.ai/install/ros_observer:/home/point001/autoware.ai/install/autoware_system_msgs:/home/point001/autoware.ai/install/autoware_msgs:${CMAKE_PREFIX_PATH} LD_LIBRARY_PATH=/home/point001/autoware.ai/install/autoware_health_checker/lib:/home/point001/autoware.ai/install/ros_observer/lib:/opt/ros/melodic/lib:/usr/local/cuda-10.0/lib64 PKG_CONFIG_PATH=/home/point001/autoware.ai/install/autoware_health_checker/lib/x86_64-linux-gnu/pkgconfig:/home/point001/autoware.ai/install/autoware_health_checker/lib/pkgconfig:/home/point001/autoware.ai/install/ros_observer/lib/x86_64-linux-gnu/pkgconfig:/home/point001/autoware.ai/install/ros_observer/lib/pkgconfig:/home/point001/autoware.ai/install/autoware_system_msgs/lib/x86_64-linux-gnu/pkgconfig:/home/point001/autoware.ai/install/autoware_system_msgs/lib/pkgconfig:/home/point001/autoware.ai/install/autoware_msgs/lib/x86_64-linux-gnu/pkgconfig:/home/point001/autoware.ai/install/autoware_msgs/lib/pkgconfig:${PKG_CONFIG_PATH} PYTHONPATH=/home/point001/autoware.ai/install/autoware_system_msgs/lib/python2.7/dist-packages:/home/point001/autoware.ai/install/autoware_msgs/lib/python2.7/dist-packages:${PYTHONPATH} ROS_PACKAGE_PATH=/home/point001/autoware.ai/install/autoware_health_checker/share:/home/point001/autoware.ai/install/ros_observer/share:/home/point001/autoware.ai/install/autoware_system_msgs/share:/home/point001/autoware.ai/install/autoware_msgs/share:${ROS_PACKAGE_PATH} /usr/bin/cmake --build /home/point001/autoware.ai/build/emergency_handler --target install -- -j24 -l24
[3.529s] [  0%] Built target std_msgs_generate_messages_eus
[3.531s] [  0%] Built target autoware_msgs_generate_messages_lisp
[3.534s] [  0%] Built target geometry_msgs_generate_messages_cpp
[3.535s] [  0%] Built target autoware_msgs_generate_messages_eus
[3.535s] [  0%] Built target jsk_recognition_msgs_generate_messages_cpp
[3.536s] [  0%] Built target autoware_msgs_generate_messages_cpp
[3.536s] [  0%] Built target geometry_msgs_generate_messages_py
[3.537s] [  0%] Built target autoware_system_msgs_generate_messages_cpp
[3.538s] [  0%] Built target std_msgs_generate_messages_cpp
[3.540s] [  0%] Built target autoware_system_msgs_generate_messages_eus
[3.540s] [  0%] Built target std_msgs_generate_messages_nodejs
[3.540s] [  0%] Built target actionlib_msgs_generate_messages_nodejs
[3.541s] [  0%] Built target roscpp_generate_messages_nodejs
[3.548s] [  0%] Built target autoware_system_msgs_generate_messages_lisp
[3.548s] [  0%] Built target sensor_msgs_generate_messages_cpp
[3.548s] [  0%] Built target geometry_msgs_generate_messages_eus
[3.548s] [  0%] Built target jsk_recognition_msgs_generate_messages_lisp
[3.548s] [  0%] Built target jsk_footstep_msgs_generate_messages_py
[3.548s] [  0%] Built target rosgraph_msgs_generate_messages_eus
[3.549s] [  0%] Built target geometry_msgs_generate_messages_nodejs
[3.550s] [  0%] Built target jsk_recognition_msgs_generate_messages_py
[3.552s] [  0%] Built target std_msgs_generate_messages_py
[3.553s] [  0%] Built target sensor_msgs_generate_messages_lisp
[3.561s] [  0%] Built target geometry_msgs_generate_messages_lisp
[3.567s] [  0%] Built target jsk_recognition_msgs_generate_messages_eus
[3.568s] [  0%] Built target rosgraph_msgs_generate_messages_nodejs
[3.568s] [  0%] Built target sensor_msgs_generate_messages_nodejs
[3.569s] [  0%] Built target rosgraph_msgs_generate_messages_lisp
[3.569s] [  0%] Built target rosgraph_msgs_generate_messages_py
[3.571s] [  0%] Built target sensor_msgs_generate_messages_eus
[3.572s] [  0%] Built target autoware_msgs_generate_messages_nodejs
[3.573s] [  0%] Built target autoware_system_msgs_generate_messages_py
[3.575s] [  0%] Built target sensor_msgs_generate_messages_py
[3.575s] [  0%] Built target actionlib_msgs_generate_messages_eus
[3.575s] [  0%] Built target autoware_msgs_generate_messages_py
[3.575s] [  0%] Built target pcl_msgs_generate_messages_cpp
[3.576s] [  0%] Built target pcl_msgs_generate_messages_eus
[3.583s] [  0%] Built target std_msgs_generate_messages_lisp
[3.583s] [  0%] Built target jsk_footstep_msgs_generate_messages_cpp
[3.583s] [  0%] Built target roscpp_generate_messages_eus
[3.583s] [  0%] Built target jsk_footstep_msgs_generate_messages_lisp
[3.583s] [  0%] Built target jsk_footstep_msgs_generate_messages_nodejs
[3.589s] [  0%] Built target roscpp_generate_messages_cpp
[3.590s] [  0%] Built target pcl_msgs_generate_messages_nodejs
[3.590s] [  0%] Built target jsk_footstep_msgs_generate_messages_eus
[3.590s] [  0%] Built target autoware_system_msgs_generate_messages_nodejs
[3.590s] [  0%] Built target pcl_msgs_generate_messages_lisp
[3.597s] [  0%] Built target pcl_msgs_generate_messages_py
[3.597s] [  0%] Built target actionlib_msgs_generate_messages_lisp
[3.598s] [  0%] Built target actionlib_msgs_generate_messages_cpp
[3.602s] [  0%] Built target jsk_recognition_msgs_generate_messages_nodejs
[3.602s] [  0%] Built target roscpp_generate_messages_py
[3.603s] [  0%] Built target roscpp_generate_messages_lisp
[3.604s] [  0%] Built target rosgraph_msgs_generate_messages_cpp
[3.606s] [  0%] Built target actionlib_msgs_generate_messages_py
[3.631s] [ 37%] Built target system_status_filter
[3.717s] [100%] Built target emergency_handler
[3.784s] [36mInstall the project...[0m
[3.793s] -- Install configuration: "Release"
[3.794s] -- Up-to-date: /home/point001/autoware.ai/install/emergency_handler/lib/pkgconfig/emergency_handler.pc
[3.794s] -- Up-to-date: /home/point001/autoware.ai/install/emergency_handler/share/emergency_handler/cmake/emergency_handlerConfig.cmake
[3.794s] -- Up-to-date: /home/point001/autoware.ai/install/emergency_handler/share/emergency_handler/cmake/emergency_handlerConfig-version.cmake
[3.795s] -- Up-to-date: /home/point001/autoware.ai/install/emergency_handler/share/emergency_handler/package.xml
[3.800s] -- Up-to-date: /home/point001/autoware.ai/install/emergency_handler/lib/emergency_handler/emergency_handler
[3.803s] -- Up-to-date: /home/point001/autoware.ai/install/emergency_handler/lib/libsystem_status_filter.so
[3.804s] -- Up-to-date: /home/point001/autoware.ai/install/emergency_handler/include/emergency_handler
[3.804s] -- Up-to-date: /home/point001/autoware.ai/install/emergency_handler/include/emergency_handler/libsystem_status_filter.h
[3.804s] -- Up-to-date: /home/point001/autoware.ai/install/emergency_handler/include/emergency_handler/emergency_stop_planner.h
[3.804s] -- Up-to-date: /home/point001/autoware.ai/install/emergency_handler/include/emergency_handler/emergency_planner.h
[3.804s] -- Up-to-date: /home/point001/autoware.ai/install/emergency_handler/include/emergency_handler/libvital_monitor.h
[3.804s] -- Up-to-date: /home/point001/autoware.ai/install/emergency_handler/include/emergency_handler/emergency_handler.h
[3.805s] -- Up-to-date: /home/point001/autoware.ai/install/emergency_handler/include/emergency_handler/system_status_filter.h
[3.805s] -- Up-to-date: /home/point001/autoware.ai/install/emergency_handler/share/emergency_handler/launch
[3.805s] -- Up-to-date: /home/point001/autoware.ai/install/emergency_handler/share/emergency_handler/launch/emergency_handler.launch
[3.805s] -- Up-to-date: /home/point001/autoware.ai/install/emergency_handler/share/emergency_handler/config
[3.805s] -- Up-to-date: /home/point001/autoware.ai/install/emergency_handler/share/emergency_handler/config/emergency_handler.yaml
[3.806s] -- Up-to-date: /home/point001/autoware.ai/install/emergency_handler/share/emergency_handler/config/README.md
[3.822s] Invoked command in '/home/point001/autoware.ai/build/emergency_handler' returned '0': CMAKE_PREFIX_PATH=/home/point001/autoware.ai/install/autoware_health_checker:/home/point001/autoware.ai/install/ros_observer:/home/point001/autoware.ai/install/autoware_system_msgs:/home/point001/autoware.ai/install/autoware_msgs:${CMAKE_PREFIX_PATH} LD_LIBRARY_PATH=/home/point001/autoware.ai/install/autoware_health_checker/lib:/home/point001/autoware.ai/install/ros_observer/lib:/opt/ros/melodic/lib:/usr/local/cuda-10.0/lib64 PKG_CONFIG_PATH=/home/point001/autoware.ai/install/autoware_health_checker/lib/x86_64-linux-gnu/pkgconfig:/home/point001/autoware.ai/install/autoware_health_checker/lib/pkgconfig:/home/point001/autoware.ai/install/ros_observer/lib/x86_64-linux-gnu/pkgconfig:/home/point001/autoware.ai/install/ros_observer/lib/pkgconfig:/home/point001/autoware.ai/install/autoware_system_msgs/lib/x86_64-linux-gnu/pkgconfig:/home/point001/autoware.ai/install/autoware_system_msgs/lib/pkgconfig:/home/point001/autoware.ai/install/autoware_msgs/lib/x86_64-linux-gnu/pkgconfig:/home/point001/autoware.ai/install/autoware_msgs/lib/pkgconfig:${PKG_CONFIG_PATH} PYTHONPATH=/home/point001/autoware.ai/install/autoware_system_msgs/lib/python2.7/dist-packages:/home/point001/autoware.ai/install/autoware_msgs/lib/python2.7/dist-packages:${PYTHONPATH} ROS_PACKAGE_PATH=/home/point001/autoware.ai/install/autoware_health_checker/share:/home/point001/autoware.ai/install/ros_observer/share:/home/point001/autoware.ai/install/autoware_system_msgs/share:/home/point001/autoware.ai/install/autoware_msgs/share:${ROS_PACKAGE_PATH} /usr/bin/cmake --build /home/point001/autoware.ai/build/emergency_handler --target install -- -j24 -l24
