[0.228s] Invoking command in '/home/point001/autoware.ai/build/points_preprocessor': CMAKE_PREFIX_PATH=/home/point001/autoware.ai/install/autoware_health_checker:/home/point001/autoware.ai/install/ros_observer:/home/point001/autoware.ai/install/autoware_system_msgs:/home/point001/autoware.ai/install/autoware_config_msgs:/home/point001/autoware.ai/install/autoware_build_flags:${CMAKE_PREFIX_PATH} LD_LIBRARY_PATH=/home/point001/autoware.ai/install/autoware_health_checker/lib:/home/point001/autoware.ai/install/ros_observer/lib:/opt/ros/melodic/lib:/usr/local/cuda-10.0/lib64 PKG_CONFIG_PATH=/home/point001/autoware.ai/install/autoware_health_checker/lib/x86_64-linux-gnu/pkgconfig:/home/point001/autoware.ai/install/autoware_health_checker/lib/pkgconfig:/home/point001/autoware.ai/install/ros_observer/lib/x86_64-linux-gnu/pkgconfig:/home/point001/autoware.ai/install/ros_observer/lib/pkgconfig:/home/point001/autoware.ai/install/autoware_system_msgs/lib/x86_64-linux-gnu/pkgconfig:/home/point001/autoware.ai/install/autoware_system_msgs/lib/pkgconfig:/home/point001/autoware.ai/install/autoware_config_msgs/lib/x86_64-linux-gnu/pkgconfig:/home/point001/autoware.ai/install/autoware_config_msgs/lib/pkgconfig:/home/point001/autoware.ai/install/autoware_build_flags/lib/x86_64-linux-gnu/pkgconfig:/home/point001/autoware.ai/install/autoware_build_flags/lib/pkgconfig:${PKG_CONFIG_PATH} PYTHONPATH=/home/point001/autoware.ai/install/autoware_system_msgs/lib/python2.7/dist-packages:/home/point001/autoware.ai/install/autoware_config_msgs/lib/python2.7/dist-packages:${PYTHONPATH} ROS_PACKAGE_PATH=/home/point001/autoware.ai/install/autoware_health_checker/share:/home/point001/autoware.ai/install/ros_observer/share:/home/point001/autoware.ai/install/autoware_system_msgs/share:/home/point001/autoware.ai/install/autoware_config_msgs/share:/home/point001/autoware.ai/install/autoware_build_flags/share:${ROS_PACKAGE_PATH} /usr/bin/cmake --build /home/point001/autoware.ai/build/points_preprocessor -- -j24 -l24
[0.350s] [  0%] Built target actionlib_generate_messages_cpp
[0.351s] [  0%] Built target tf2_msgs_generate_messages_py
[0.355s] [  0%] Built target geometry_msgs_generate_messages_cpp
[0.358s] [  0%] Built target velodyne_msgs_generate_messages_eus
[0.362s] [  0%] Built target velodyne_pointcloud_gencfg
[0.362s] [  0%] Built target autoware_system_msgs_generate_messages_cpp
[0.371s] [  0%] Built target actionlib_msgs_generate_messages_py
[0.371s] [  0%] Built target tf2_msgs_generate_messages_cpp
[0.371s] [  0%] Built target velodyne_msgs_generate_messages_lisp
[0.374s] [  0%] Built target velodyne_msgs_generate_messages_cpp
[0.376s] [  0%] Built target diagnostic_msgs_generate_messages_nodejs
[0.378s] [  0%] Built target tf2_msgs_generate_messages_eus
[0.378s] [  0%] Built target velodyne_msgs_generate_messages_nodejs
[0.379s] [  0%] Built target actionlib_generate_messages_lisp
[0.380s] [  0%] Built target diagnostic_msgs_generate_messages_lisp
[0.381s] [  0%] Built target tf2_msgs_generate_messages_nodejs
[0.383s] [  0%] Built target geometry_msgs_generate_messages_py
[0.388s] [  0%] Built target geometry_msgs_generate_messages_lisp
[0.389s] [  0%] Built target diagnostic_msgs_generate_messages_eus
[0.399s] [  0%] Built target actionlib_generate_messages_py
[0.400s] [  0%] Built target velodyne_driver_gencfg
[0.400s] [  0%] Built target tf_generate_messages_nodejs
[0.400s] [  0%] Built target pcl_msgs_generate_messages_cpp
[0.404s] [  0%] Built target velodyne_msgs_generate_messages_py
[0.412s] [  0%] Built target geometry_msgs_generate_messages_eus
[0.431s] [  0%] Built target rosgraph_msgs_generate_messages_cpp
[0.434s] [  0%] Built target roscpp_generate_messages_cpp
[0.439s] [  0%] Built target autoware_system_msgs_generate_messages_eus
[0.445s] [  0%] Built target rosgraph_msgs_generate_messages_lisp
[0.452s] [  0%] Built target nodelet_generate_messages_py
[0.452s] [  0%] Built target sensor_msgs_generate_messages_lisp
[0.452s] [  0%] Built target dynamic_reconfigure_generate_messages_lisp
[0.452s] [  0%] Built target autoware_system_msgs_generate_messages_nodejs
[0.452s] [  0%] Built target sensor_msgs_generate_messages_py
[0.471s] [  0%] Built target tf_generate_messages_py
[0.471s] [  0%] Built target std_msgs_generate_messages_eus
[0.472s] [  0%] Built target diagnostic_msgs_generate_messages_py
[0.472s] [  0%] Built target std_msgs_generate_messages_cpp
[0.472s] [  0%] Built target actionlib_msgs_generate_messages_eus
[0.472s] [  0%] Built target geometry_msgs_generate_messages_nodejs
[0.472s] [  0%] Built target autoware_system_msgs_generate_messages_lisp
[0.472s] [  0%] Built target topic_tools_generate_messages_cpp
[0.481s] [  0%] Built target rosgraph_msgs_generate_messages_eus
[0.482s] [  0%] Built target rosgraph_msgs_generate_messages_nodejs
[0.482s] [  0%] Built target dynamic_reconfigure_generate_messages_cpp
[0.491s] [  0%] Built target autoware_config_msgs_generate_messages_cpp
[0.493s] [  0%] Built target actionlib_msgs_generate_messages_lisp
[0.494s] [  0%] Built target roscpp_generate_messages_eus
[0.494s] [  0%] Built target rosgraph_msgs_generate_messages_py
[0.496s] [  0%] Built target sensor_msgs_generate_messages_eus
[0.501s] [  0%] Built target dynamic_reconfigure_generate_messages_eus
[0.507s] [  0%] Built target std_msgs_generate_messages_lisp
[0.524s] [  0%] Built target std_msgs_generate_messages_py
[0.525s] [  0%] Built target sensor_msgs_generate_messages_cpp
[0.525s] [  0%] Built target std_srvs_generate_messages_eus
[0.528s] [  0%] Built target pcl_msgs_generate_messages_py
[0.529s] [  0%] Built target actionlib_generate_messages_eus
[0.532s] [  0%] Built target autoware_config_msgs_generate_messages_eus
[0.532s] [  0%] Built target pcl_msgs_generate_messages_nodejs
[0.532s] [  0%] Built target autoware_system_msgs_generate_messages_py
[0.540s] [  0%] Built target sensor_msgs_generate_messages_nodejs
[0.541s] [  0%] Built target std_msgs_generate_messages_nodejs
[0.541s] [  0%] Built target pcl_msgs_generate_messages_eus
[0.542s] [  0%] Built target bond_generate_messages_eus
[0.551s] [  0%] Built target autoware_config_msgs_generate_messages_lisp
[0.551s] [  0%] Built target pcl_ros_gencfg
[0.551s] [  0%] Built target nodelet_generate_messages_nodejs
[0.551s] [  0%] Built target diagnostic_msgs_generate_messages_cpp
[0.552s] [  0%] Built target dynamic_reconfigure_generate_messages_nodejs
[0.554s] [  0%] Built target dynamic_reconfigure_gencfg
[0.559s] [  0%] Built target tf2_msgs_generate_messages_lisp
[0.563s] [  0%] Built target topic_tools_generate_messages_nodejs
[0.563s] [  0%] Built target roscpp_generate_messages_nodejs
[0.563s] [  0%] Built target topic_tools_generate_messages_eus
[0.570s] [  0%] Built target roscpp_generate_messages_lisp
[0.573s] [  0%] Built target bond_generate_messages_py
[0.573s] [  0%] Built target bond_generate_messages_lisp
[0.576s] [  0%] Built target nodelet_generate_messages_eus
[0.578s] [  0%] Built target nodelet_generate_messages_cpp
[0.578s] [  0%] Built target roscpp_generate_messages_py
[0.581s] [  0%] Built target dynamic_reconfigure_generate_messages_py
[0.582s] [  0%] Built target std_srvs_generate_messages_nodejs
[0.585s] [  0%] Built target bond_generate_messages_cpp
[0.587s] [  0%] Built target nodelet_topic_tools_gencfg
[0.588s] [  0%] Built target bond_generate_messages_nodejs
[0.590s] [  0%] Built target actionlib_msgs_generate_messages_nodejs
[0.597s] [  0%] Built target actionlib_msgs_generate_messages_cpp
[0.598s] [  0%] Built target tf_generate_messages_eus
[0.598s] [  0%] Built target topic_tools_generate_messages_py
[0.599s] [  0%] Built target std_srvs_generate_messages_cpp
[0.599s] [  0%] Built target nodelet_generate_messages_lisp
[0.604s] [  0%] Built target std_srvs_generate_messages_py
[0.611s] [  0%] Built target actionlib_generate_messages_nodejs
[0.611s] [  0%] Built target autoware_config_msgs_generate_messages_py
[0.611s] [  0%] Built target topic_tools_generate_messages_lisp
[0.611s] [  0%] Built target pcl_msgs_generate_messages_lisp
[0.619s] [  0%] Built target autoware_config_msgs_generate_messages_nodejs
[0.619s] [  0%] Built target std_srvs_generate_messages_lisp
[0.619s] [  0%] Built target tf_generate_messages_cpp
[0.629s] [  0%] Built target tf_generate_messages_lisp
[0.692s] [ 14%] Built target ring_ground_filter
[0.692s] [ 28%] Built target cloud_transformer
[0.693s] [ 42%] Built target ray_ground_filter_lib
[0.702s] [ 57%] Built target space_filter
[0.704s] [ 71%] Built target points_concat_filter
[0.712s] [ 85%] Built target compare_map_filter
[0.896s] [100%] Built target ray_ground_filter
[0.950s] Invoked command in '/home/point001/autoware.ai/build/points_preprocessor' returned '0': CMAKE_PREFIX_PATH=/home/point001/autoware.ai/install/autoware_health_checker:/home/point001/autoware.ai/install/ros_observer:/home/point001/autoware.ai/install/autoware_system_msgs:/home/point001/autoware.ai/install/autoware_config_msgs:/home/point001/autoware.ai/install/autoware_build_flags:${CMAKE_PREFIX_PATH} LD_LIBRARY_PATH=/home/point001/autoware.ai/install/autoware_health_checker/lib:/home/point001/autoware.ai/install/ros_observer/lib:/opt/ros/melodic/lib:/usr/local/cuda-10.0/lib64 PKG_CONFIG_PATH=/home/point001/autoware.ai/install/autoware_health_checker/lib/x86_64-linux-gnu/pkgconfig:/home/point001/autoware.ai/install/autoware_health_checker/lib/pkgconfig:/home/point001/autoware.ai/install/ros_observer/lib/x86_64-linux-gnu/pkgconfig:/home/point001/autoware.ai/install/ros_observer/lib/pkgconfig:/home/point001/autoware.ai/install/autoware_system_msgs/lib/x86_64-linux-gnu/pkgconfig:/home/point001/autoware.ai/install/autoware_system_msgs/lib/pkgconfig:/home/point001/autoware.ai/install/autoware_config_msgs/lib/x86_64-linux-gnu/pkgconfig:/home/point001/autoware.ai/install/autoware_config_msgs/lib/pkgconfig:/home/point001/autoware.ai/install/autoware_build_flags/lib/x86_64-linux-gnu/pkgconfig:/home/point001/autoware.ai/install/autoware_build_flags/lib/pkgconfig:${PKG_CONFIG_PATH} PYTHONPATH=/home/point001/autoware.ai/install/autoware_system_msgs/lib/python2.7/dist-packages:/home/point001/autoware.ai/install/autoware_config_msgs/lib/python2.7/dist-packages:${PYTHONPATH} ROS_PACKAGE_PATH=/home/point001/autoware.ai/install/autoware_health_checker/share:/home/point001/autoware.ai/install/ros_observer/share:/home/point001/autoware.ai/install/autoware_system_msgs/share:/home/point001/autoware.ai/install/autoware_config_msgs/share:/home/point001/autoware.ai/install/autoware_build_flags/share:${ROS_PACKAGE_PATH} /usr/bin/cmake --build /home/point001/autoware.ai/build/points_preprocessor -- -j24 -l24
[1.435s] Invoking command in '/home/point001/autoware.ai/build/points_preprocessor': CMAKE_PREFIX_PATH=/home/point001/autoware.ai/install/autoware_health_checker:/home/point001/autoware.ai/install/ros_observer:/home/point001/autoware.ai/install/autoware_system_msgs:/home/point001/autoware.ai/install/autoware_config_msgs:/home/point001/autoware.ai/install/autoware_build_flags:${CMAKE_PREFIX_PATH} LD_LIBRARY_PATH=/home/point001/autoware.ai/install/autoware_health_checker/lib:/home/point001/autoware.ai/install/ros_observer/lib:/opt/ros/melodic/lib:/usr/local/cuda-10.0/lib64 PKG_CONFIG_PATH=/home/point001/autoware.ai/install/autoware_health_checker/lib/x86_64-linux-gnu/pkgconfig:/home/point001/autoware.ai/install/autoware_health_checker/lib/pkgconfig:/home/point001/autoware.ai/install/ros_observer/lib/x86_64-linux-gnu/pkgconfig:/home/point001/autoware.ai/install/ros_observer/lib/pkgconfig:/home/point001/autoware.ai/install/autoware_system_msgs/lib/x86_64-linux-gnu/pkgconfig:/home/point001/autoware.ai/install/autoware_system_msgs/lib/pkgconfig:/home/point001/autoware.ai/install/autoware_config_msgs/lib/x86_64-linux-gnu/pkgconfig:/home/point001/autoware.ai/install/autoware_config_msgs/lib/pkgconfig:/home/point001/autoware.ai/install/autoware_build_flags/lib/x86_64-linux-gnu/pkgconfig:/home/point001/autoware.ai/install/autoware_build_flags/lib/pkgconfig:${PKG_CONFIG_PATH} PYTHONPATH=/home/point001/autoware.ai/install/autoware_system_msgs/lib/python2.7/dist-packages:/home/point001/autoware.ai/install/autoware_config_msgs/lib/python2.7/dist-packages:${PYTHONPATH} ROS_PACKAGE_PATH=/home/point001/autoware.ai/install/autoware_health_checker/share:/home/point001/autoware.ai/install/ros_observer/share:/home/point001/autoware.ai/install/autoware_system_msgs/share:/home/point001/autoware.ai/install/autoware_config_msgs/share:/home/point001/autoware.ai/install/autoware_build_flags/share:${ROS_PACKAGE_PATH} /usr/bin/cmake --build /home/point001/autoware.ai/build/points_preprocessor --target tests -- -j24 -l24
[1.725s] Built target tests
[1.862s] Invoked command in '/home/point001/autoware.ai/build/points_preprocessor' returned '0': CMAKE_PREFIX_PATH=/home/point001/autoware.ai/install/autoware_health_checker:/home/point001/autoware.ai/install/ros_observer:/home/point001/autoware.ai/install/autoware_system_msgs:/home/point001/autoware.ai/install/autoware_config_msgs:/home/point001/autoware.ai/install/autoware_build_flags:${CMAKE_PREFIX_PATH} LD_LIBRARY_PATH=/home/point001/autoware.ai/install/autoware_health_checker/lib:/home/point001/autoware.ai/install/ros_observer/lib:/opt/ros/melodic/lib:/usr/local/cuda-10.0/lib64 PKG_CONFIG_PATH=/home/point001/autoware.ai/install/autoware_health_checker/lib/x86_64-linux-gnu/pkgconfig:/home/point001/autoware.ai/install/autoware_health_checker/lib/pkgconfig:/home/point001/autoware.ai/install/ros_observer/lib/x86_64-linux-gnu/pkgconfig:/home/point001/autoware.ai/install/ros_observer/lib/pkgconfig:/home/point001/autoware.ai/install/autoware_system_msgs/lib/x86_64-linux-gnu/pkgconfig:/home/point001/autoware.ai/install/autoware_system_msgs/lib/pkgconfig:/home/point001/autoware.ai/install/autoware_config_msgs/lib/x86_64-linux-gnu/pkgconfig:/home/point001/autoware.ai/install/autoware_config_msgs/lib/pkgconfig:/home/point001/autoware.ai/install/autoware_build_flags/lib/x86_64-linux-gnu/pkgconfig:/home/point001/autoware.ai/install/autoware_build_flags/lib/pkgconfig:${PKG_CONFIG_PATH} PYTHONPATH=/home/point001/autoware.ai/install/autoware_system_msgs/lib/python2.7/dist-packages:/home/point001/autoware.ai/install/autoware_config_msgs/lib/python2.7/dist-packages:${PYTHONPATH} ROS_PACKAGE_PATH=/home/point001/autoware.ai/install/autoware_health_checker/share:/home/point001/autoware.ai/install/ros_observer/share:/home/point001/autoware.ai/install/autoware_system_msgs/share:/home/point001/autoware.ai/install/autoware_config_msgs/share:/home/point001/autoware.ai/install/autoware_build_flags/share:${ROS_PACKAGE_PATH} /usr/bin/cmake --build /home/point001/autoware.ai/build/points_preprocessor --target tests -- -j24 -l24
[2.192s] Invoking command in '/home/point001/autoware.ai/build/points_preprocessor': CMAKE_PREFIX_PATH=/home/point001/autoware.ai/install/autoware_health_checker:/home/point001/autoware.ai/install/ros_observer:/home/point001/autoware.ai/install/autoware_system_msgs:/home/point001/autoware.ai/install/autoware_config_msgs:/home/point001/autoware.ai/install/autoware_build_flags:${CMAKE_PREFIX_PATH} LD_LIBRARY_PATH=/home/point001/autoware.ai/install/autoware_health_checker/lib:/home/point001/autoware.ai/install/ros_observer/lib:/opt/ros/melodic/lib:/usr/local/cuda-10.0/lib64 PKG_CONFIG_PATH=/home/point001/autoware.ai/install/autoware_health_checker/lib/x86_64-linux-gnu/pkgconfig:/home/point001/autoware.ai/install/autoware_health_checker/lib/pkgconfig:/home/point001/autoware.ai/install/ros_observer/lib/x86_64-linux-gnu/pkgconfig:/home/point001/autoware.ai/install/ros_observer/lib/pkgconfig:/home/point001/autoware.ai/install/autoware_system_msgs/lib/x86_64-linux-gnu/pkgconfig:/home/point001/autoware.ai/install/autoware_system_msgs/lib/pkgconfig:/home/point001/autoware.ai/install/autoware_config_msgs/lib/x86_64-linux-gnu/pkgconfig:/home/point001/autoware.ai/install/autoware_config_msgs/lib/pkgconfig:/home/point001/autoware.ai/install/autoware_build_flags/lib/x86_64-linux-gnu/pkgconfig:/home/point001/autoware.ai/install/autoware_build_flags/lib/pkgconfig:${PKG_CONFIG_PATH} PYTHONPATH=/home/point001/autoware.ai/install/autoware_system_msgs/lib/python2.7/dist-packages:/home/point001/autoware.ai/install/autoware_config_msgs/lib/python2.7/dist-packages:${PYTHONPATH} ROS_PACKAGE_PATH=/home/point001/autoware.ai/install/autoware_health_checker/share:/home/point001/autoware.ai/install/ros_observer/share:/home/point001/autoware.ai/install/autoware_system_msgs/share:/home/point001/autoware.ai/install/autoware_config_msgs/share:/home/point001/autoware.ai/install/autoware_build_flags/share:${ROS_PACKAGE_PATH} /usr/bin/cmake --build /home/point001/autoware.ai/build/points_preprocessor --target install -- -j24 -l24
[2.427s] [  0%] Built target tf2_msgs_generate_messages_cpp
[2.437s] [  0%] Built target actionlib_generate_messages_lisp
[2.440s] [  0%] Built target geometry_msgs_generate_messages_cpp
[2.441s] [  0%] Built target velodyne_msgs_generate_messages_eus
[2.448s] [  0%] Built target diagnostic_msgs_generate_messages_nodejs
[2.449s] [  0%] Built target velodyne_msgs_generate_messages_py
[2.452s] [  0%] Built target actionlib_generate_messages_py
[2.452s] [  0%] Built target velodyne_msgs_generate_messages_nodejs
[2.453s] [  0%] Built target tf2_msgs_generate_messages_nodejs
[2.458s] [  0%] Built target geometry_msgs_generate_messages_lisp
[2.464s] [  0%] Built target diagnostic_msgs_generate_messages_lisp
[2.464s] [  0%] Built target actionlib_generate_messages_cpp
[2.465s] [  0%] Built target diagnostic_msgs_generate_messages_eus
[2.468s] [  0%] Built target tf_generate_messages_nodejs
[2.476s] [  0%] Built target actionlib_msgs_generate_messages_py
[2.476s] [  0%] Built target velodyne_msgs_generate_messages_lisp
[2.492s] [  0%] Built target tf2_msgs_generate_messages_eus
[2.493s] [  0%] Built target tf2_msgs_generate_messages_py
[2.493s] [  0%] Built target geometry_msgs_generate_messages_py
[2.499s] [  0%] Built target geometry_msgs_generate_messages_eus
[2.502s] [  0%] Built target velodyne_pointcloud_gencfg
[2.507s] [  0%] Built target dynamic_reconfigure_generate_messages_lisp
[2.507s] [  0%] Built target autoware_system_msgs_generate_messages_cpp
[2.507s] [  0%] Built target velodyne_msgs_generate_messages_cpp
[2.512s] [  0%] Built target sensor_msgs_generate_messages_lisp
[2.525s] [  0%] Built target autoware_system_msgs_generate_messages_eus
[2.540s] [  0%] Built target pcl_msgs_generate_messages_cpp
[2.551s] [  0%] Built target velodyne_driver_gencfg
[2.564s] [  0%] Built target rosgraph_msgs_generate_messages_lisp
[2.570s] [  0%] Built target dynamic_reconfigure_generate_messages_cpp
[2.574s] [  0%] Built target topic_tools_generate_messages_cpp
[2.576s] [  0%] Built target sensor_msgs_generate_messages_py
[2.581s] [  0%] Built target tf_generate_messages_py
[2.584s] [  0%] Built target diagnostic_msgs_generate_messages_py
[2.584s] [  0%] Built target std_msgs_generate_messages_cpp
[2.584s] [  0%] Built target roscpp_generate_messages_cpp
[2.588s] [  0%] Built target autoware_system_msgs_generate_messages_lisp
[2.594s] [  0%] Built target rosgraph_msgs_generate_messages_eus
[2.596s] [  0%] Built target nodelet_generate_messages_py
[2.596s] [  0%] Built target actionlib_msgs_generate_messages_eus
[2.601s] [  0%] Built target actionlib_msgs_generate_messages_lisp
[2.615s] [  0%] Built target rosgraph_msgs_generate_messages_py
[2.615s] [  0%] Built target sensor_msgs_generate_messages_cpp
[2.615s] [  0%] Built target std_msgs_generate_messages_eus
[2.621s] [  0%] Built target autoware_system_msgs_generate_messages_nodejs
[2.635s] [  0%] Built target rosgraph_msgs_generate_messages_nodejs
[2.646s] [  0%] Built target sensor_msgs_generate_messages_nodejs
[2.647s] [  0%] Built target geometry_msgs_generate_messages_nodejs
[2.649s] [  0%] Built target topic_tools_generate_messages_eus
[2.651s] [  0%] Built target std_msgs_generate_messages_nodejs
[2.655s] [  0%] Built target autoware_config_msgs_generate_messages_lisp
[2.658s] [  0%] Built target roscpp_generate_messages_nodejs
[2.659s] [  0%] Built target nodelet_generate_messages_nodejs
[2.667s] [  0%] Built target rosgraph_msgs_generate_messages_cpp
[2.671s] [  0%] Built target actionlib_generate_messages_eus
[2.672s] [  0%] Built target dynamic_reconfigure_generate_messages_eus
[2.679s] [  0%] Built target pcl_msgs_generate_messages_eus
[2.679s] [  0%] Built target sensor_msgs_generate_messages_eus
[2.679s] [  0%] Built target roscpp_generate_messages_eus
[2.680s] [  0%] Built target autoware_config_msgs_generate_messages_cpp
[2.684s] [  0%] Built target std_msgs_generate_messages_lisp
[2.684s] [  0%] Built target std_msgs_generate_messages_py
[2.695s] [  0%] Built target autoware_config_msgs_generate_messages_eus
[2.695s] [  0%] Built target diagnostic_msgs_generate_messages_cpp
[2.695s] [  0%] Built target autoware_system_msgs_generate_messages_py
[2.696s] [  0%] Built target pcl_msgs_generate_messages_nodejs
[2.696s] [  0%] Built target bond_generate_messages_lisp
[2.697s] [  0%] Built target roscpp_generate_messages_lisp
[2.713s] [  0%] Built target std_srvs_generate_messages_eus
[2.716s] [  0%] Built target pcl_msgs_generate_messages_py
[2.720s] [  0%] Built target topic_tools_generate_messages_nodejs
[2.724s] [  0%] Built target dynamic_reconfigure_gencfg
[2.735s] [  0%] Built target tf2_msgs_generate_messages_lisp
[2.737s] [  0%] Built target pcl_ros_gencfg
[2.739s] [  0%] Built target bond_generate_messages_cpp
[2.741s] [  0%] Built target dynamic_reconfigure_generate_messages_py
[2.750s] [  0%] Built target nodelet_generate_messages_cpp
[2.752s] [  0%] Built target dynamic_reconfigure_generate_messages_nodejs
[2.753s] [  0%] Built target std_srvs_generate_messages_lisp
[2.754s] [  0%] Built target roscpp_generate_messages_py
[2.756s] [  0%] Built target bond_generate_messages_eus
[2.759s] [  0%] Built target bond_generate_messages_py
[2.761s] [  0%] Built target std_srvs_generate_messages_nodejs
[2.763s] [  0%] Built target autoware_config_msgs_generate_messages_py
[2.765s] [  0%] Built target nodelet_generate_messages_eus
[2.766s] [  0%] Built target nodelet_generate_messages_lisp
[2.766s] [  0%] Built target actionlib_msgs_generate_messages_cpp
[2.767s] [  0%] Built target actionlib_msgs_generate_messages_nodejs
[2.769s] [  0%] Built target topic_tools_generate_messages_py
[2.772s] [  0%] Built target nodelet_topic_tools_gencfg
[2.775s] [  0%] Built target bond_generate_messages_nodejs
[2.783s] [  0%] Built target autoware_config_msgs_generate_messages_nodejs
[2.784s] [  0%] Built target std_srvs_generate_messages_py
[2.785s] [  0%] Built target topic_tools_generate_messages_lisp
[2.786s] [  0%] Built target std_srvs_generate_messages_cpp
[2.792s] [  0%] Built target tf_generate_messages_eus
[2.795s] [  0%] Built target pcl_msgs_generate_messages_lisp
[2.804s] [  0%] Built target tf_generate_messages_cpp
[2.804s] [  0%] Built target actionlib_generate_messages_nodejs
[2.805s] [  0%] Built target tf_generate_messages_lisp
[2.862s] [ 14%] Built target points_concat_filter
[2.872s] [ 28%] Built target cloud_transformer
[2.873s] [ 42%] Built target ray_ground_filter_lib
[2.878s] [ 57%] Built target compare_map_filter
[2.880s] [ 78%] Built target space_filter
[2.881s] [ 85%] Built target ring_ground_filter
[2.933s] [100%] Built target ray_ground_filter
[2.970s] [36mInstall the project...[0m
[2.993s] -- Install configuration: "Release"
[2.995s] -- Up-to-date: /home/point001/autoware.ai/install/points_preprocessor/lib/pkgconfig/points_preprocessor.pc
[2.995s] -- Up-to-date: /home/point001/autoware.ai/install/points_preprocessor/share/points_preprocessor/cmake/points_preprocessorConfig.cmake
[2.995s] -- Up-to-date: /home/point001/autoware.ai/install/points_preprocessor/share/points_preprocessor/cmake/points_preprocessorConfig-version.cmake
[2.995s] -- Up-to-date: /home/point001/autoware.ai/install/points_preprocessor/share/points_preprocessor/package.xml
[2.995s] -- Up-to-date: /home/point001/autoware.ai/install/points_preprocessor/lib/points_preprocessor/cloud_transformer
[2.995s] -- Up-to-date: /home/point001/autoware.ai/install/points_preprocessor/lib/points_preprocessor/points_concat_filter
[2.996s] -- Up-to-date: /home/point001/autoware.ai/install/points_preprocessor/lib/libray_ground_filter_lib.so
[2.996s] -- Up-to-date: /home/point001/autoware.ai/install/points_preprocessor/lib/points_preprocessor/ray_ground_filter
[2.996s] -- Up-to-date: /home/point001/autoware.ai/install/points_preprocessor/lib/points_preprocessor/ring_ground_filter
[2.996s] -- Up-to-date: /home/point001/autoware.ai/install/points_preprocessor/lib/points_preprocessor/space_filter
[2.996s] -- Up-to-date: /home/point001/autoware.ai/install/points_preprocessor/lib/points_preprocessor/compare_map_filter
[2.996s] -- Up-to-date: /home/point001/autoware.ai/install/points_preprocessor/include
[2.996s] -- Up-to-date: /home/point001/autoware.ai/install/points_preprocessor/include/gencolors.cpp
[2.997s] -- Up-to-date: /home/point001/autoware.ai/install/points_preprocessor/include/points_preprocessor
[2.997s] -- Up-to-date: /home/point001/autoware.ai/install/points_preprocessor/include/points_preprocessor/ray_ground_filter
[2.997s] -- Up-to-date: /home/point001/autoware.ai/install/points_preprocessor/include/points_preprocessor/ray_ground_filter/ray_ground_filter.h
[2.997s] -- Up-to-date: /home/point001/autoware.ai/install/points_preprocessor/share/points_preprocessor/launch
[2.997s] -- Up-to-date: /home/point001/autoware.ai/install/points_preprocessor/share/points_preprocessor/launch/ring_ground_filter.launch
[2.997s] -- Up-to-date: /home/point001/autoware.ai/install/points_preprocessor/share/points_preprocessor/launch/ray_ground_filter.launch
[2.997s] -- Up-to-date: /home/point001/autoware.ai/install/points_preprocessor/share/points_preprocessor/launch/compare_map_filter.launch
[2.997s] -- Up-to-date: /home/point001/autoware.ai/install/points_preprocessor/share/points_preprocessor/launch/cloud_transformer.launch
[2.997s] -- Up-to-date: /home/point001/autoware.ai/install/points_preprocessor/share/points_preprocessor/launch/space_filter.launch
[2.997s] -- Up-to-date: /home/point001/autoware.ai/install/points_preprocessor/share/points_preprocessor/launch/points_concat_filter.launch
[3.061s] Invoked command in '/home/point001/autoware.ai/build/points_preprocessor' returned '0': CMAKE_PREFIX_PATH=/home/point001/autoware.ai/install/autoware_health_checker:/home/point001/autoware.ai/install/ros_observer:/home/point001/autoware.ai/install/autoware_system_msgs:/home/point001/autoware.ai/install/autoware_config_msgs:/home/point001/autoware.ai/install/autoware_build_flags:${CMAKE_PREFIX_PATH} LD_LIBRARY_PATH=/home/point001/autoware.ai/install/autoware_health_checker/lib:/home/point001/autoware.ai/install/ros_observer/lib:/opt/ros/melodic/lib:/usr/local/cuda-10.0/lib64 PKG_CONFIG_PATH=/home/point001/autoware.ai/install/autoware_health_checker/lib/x86_64-linux-gnu/pkgconfig:/home/point001/autoware.ai/install/autoware_health_checker/lib/pkgconfig:/home/point001/autoware.ai/install/ros_observer/lib/x86_64-linux-gnu/pkgconfig:/home/point001/autoware.ai/install/ros_observer/lib/pkgconfig:/home/point001/autoware.ai/install/autoware_system_msgs/lib/x86_64-linux-gnu/pkgconfig:/home/point001/autoware.ai/install/autoware_system_msgs/lib/pkgconfig:/home/point001/autoware.ai/install/autoware_config_msgs/lib/x86_64-linux-gnu/pkgconfig:/home/point001/autoware.ai/install/autoware_config_msgs/lib/pkgconfig:/home/point001/autoware.ai/install/autoware_build_flags/lib/x86_64-linux-gnu/pkgconfig:/home/point001/autoware.ai/install/autoware_build_flags/lib/pkgconfig:${PKG_CONFIG_PATH} PYTHONPATH=/home/point001/autoware.ai/install/autoware_system_msgs/lib/python2.7/dist-packages:/home/point001/autoware.ai/install/autoware_config_msgs/lib/python2.7/dist-packages:${PYTHONPATH} ROS_PACKAGE_PATH=/home/point001/autoware.ai/install/autoware_health_checker/share:/home/point001/autoware.ai/install/ros_observer/share:/home/point001/autoware.ai/install/autoware_system_msgs/share:/home/point001/autoware.ai/install/autoware_config_msgs/share:/home/point001/autoware.ai/install/autoware_build_flags/share:${ROS_PACKAGE_PATH} /usr/bin/cmake --build /home/point001/autoware.ai/build/points_preprocessor --target install -- -j24 -l24
