[0.026s] Invoking command in '/home/point001/autoware.ai/build/pos_db': CMAKE_PREFIX_PATH=/home/point001/autoware.ai/install/gnss:/home/point001/autoware.ai/install/autoware_msgs:/home/point001/autoware.ai/install/autoware_build_flags:${CMAKE_PREFIX_PATH} LD_LIBRARY_PATH=/home/point001/autoware.ai/install/gnss/lib:/opt/ros/melodic/lib:/usr/local/cuda-10.0/lib64 PKG_CONFIG_PATH=/home/point001/autoware.ai/install/gnss/lib/x86_64-linux-gnu/pkgconfig:/home/point001/autoware.ai/install/gnss/lib/pkgconfig:/home/point001/autoware.ai/install/autoware_msgs/lib/x86_64-linux-gnu/pkgconfig:/home/point001/autoware.ai/install/autoware_msgs/lib/pkgconfig:/home/point001/autoware.ai/install/autoware_build_flags/lib/x86_64-linux-gnu/pkgconfig:/home/point001/autoware.ai/install/autoware_build_flags/lib/pkgconfig:${PKG_CONFIG_PATH} PYTHONPATH=/home/point001/autoware.ai/install/autoware_msgs/lib/python2.7/dist-packages:${PYTHONPATH} ROS_PACKAGE_PATH=/home/point001/autoware.ai/install/gnss/share:/home/point001/autoware.ai/install/autoware_msgs/share:/home/point001/autoware.ai/install/autoware_build_flags/share:${ROS_PACKAGE_PATH} /usr/bin/cmake /home/point001/autoware.ai/src/autoware/core_perception/pos_db -DCMAKE_BUILD_TYPE=Release -DCATKIN_INSTALL_INTO_PREFIX_ROOT=0 -DCMAKE_INSTALL_PREFIX=/home/point001/autoware.ai/install/pos_db
[0.102s] -- The C compiler identification is GNU 7.5.0
[0.164s] -- The CXX compiler identification is GNU 7.5.0
[0.172s] -- Check for working C compiler: /usr/bin/cc
[0.248s] -- Check for working C compiler: /usr/bin/cc -- works
[0.248s] -- Detecting C compiler ABI info
[0.320s] -- Detecting C compiler ABI info - done
[0.332s] -- Detecting C compile features
[0.544s] -- Detecting C compile features - done
[0.547s] -- Check for working CXX compiler: /usr/bin/c++
[0.631s] -- Check for working CXX compiler: /usr/bin/c++ -- works
[0.632s] -- Detecting CXX compiler ABI info
[0.716s] -- Detecting CXX compiler ABI info - done
[0.729s] -- Detecting CXX compile features
[1.108s] -- Detecting CXX compile features - done
[1.109s] -- CUDA compilation status: 1.
[1.110s] -- Using CATKIN_DEVEL_PREFIX: /home/point001/autoware.ai/build/pos_db/devel
[1.111s] -- Using CMAKE_PREFIX_PATH: /home/point001/autoware.ai/install/gnss;/home/point001/autoware.ai/install/autoware_msgs;/home/point001/autoware.ai/install/autoware_build_flags;/opt/ros/melodic
[1.111s] -- This workspace overlays: /home/point001/autoware.ai/install/gnss;/home/point001/autoware.ai/install/autoware_msgs;/home/point001/autoware.ai/install/autoware_build_flags;/opt/ros/melodic
[1.128s] -- Found PythonInterp: /usr/bin/python2 (found suitable version "2.7.17", minimum required is "2") 
[1.129s] -- Using PYTHON_EXECUTABLE: /usr/bin/python2
[1.129s] -- Using Debian Python package layout
[1.129s] -- Using empy: /usr/bin/empy
[1.287s] -- Using CATKIN_ENABLE_TESTING: ON
[1.288s] -- Call enable_testing()
[1.290s] -- Using CATKIN_TEST_RESULTS_DIR: /home/point001/autoware.ai/build/pos_db/test_results
[1.313s] -- Found gtest sources under '/usr/src/googletest': gtests will be built
[1.313s] -- Found gmock sources under '/usr/src/googletest': gmock will be built
[1.327s] -- Found PythonInterp: /usr/bin/python2 (found version "2.7.17") 
[1.328s] -- Looking for pthread.h
[1.401s] -- Looking for pthread.h - found
[1.401s] -- Looking for pthread_create
[1.478s] -- Looking for pthread_create - not found
[1.478s] -- Looking for pthread_create in pthreads
[1.545s] -- Looking for pthread_create in pthreads - not found
[1.545s] -- Looking for pthread_create in pthread
[1.625s] -- Looking for pthread_create in pthread - found
[1.626s] -- Found Threads: TRUE  
[1.632s] -- Using Python nosetests: /usr/bin/nosetests-2.7
[1.680s] -- catkin 0.7.29
[1.680s] -- BUILD_SHARED_LIBS is on
[1.860s] -- Using these message generators: gencpp;geneus;genlisp;gennodejs;genpy
[3.455s] -- Found PkgConfig: /usr/bin/pkg-config (found version "0.29.1") 
[3.541s] -- Looking for libssh2...
[3.544s] -- Found LibSsh2: /usr/lib/x86_64-linux-gnu/libssh2.so  
[3.687s] -- Configuring done
[3.806s] -- Generating done
[3.828s] -- Build files have been written to: /home/point001/autoware.ai/build/pos_db
[3.840s] Invoked command in '/home/point001/autoware.ai/build/pos_db' returned '0': CMAKE_PREFIX_PATH=/home/point001/autoware.ai/install/gnss:/home/point001/autoware.ai/install/autoware_msgs:/home/point001/autoware.ai/install/autoware_build_flags:${CMAKE_PREFIX_PATH} LD_LIBRARY_PATH=/home/point001/autoware.ai/install/gnss/lib:/opt/ros/melodic/lib:/usr/local/cuda-10.0/lib64 PKG_CONFIG_PATH=/home/point001/autoware.ai/install/gnss/lib/x86_64-linux-gnu/pkgconfig:/home/point001/autoware.ai/install/gnss/lib/pkgconfig:/home/point001/autoware.ai/install/autoware_msgs/lib/x86_64-linux-gnu/pkgconfig:/home/point001/autoware.ai/install/autoware_msgs/lib/pkgconfig:/home/point001/autoware.ai/install/autoware_build_flags/lib/x86_64-linux-gnu/pkgconfig:/home/point001/autoware.ai/install/autoware_build_flags/lib/pkgconfig:${PKG_CONFIG_PATH} PYTHONPATH=/home/point001/autoware.ai/install/autoware_msgs/lib/python2.7/dist-packages:${PYTHONPATH} ROS_PACKAGE_PATH=/home/point001/autoware.ai/install/gnss/share:/home/point001/autoware.ai/install/autoware_msgs/share:/home/point001/autoware.ai/install/autoware_build_flags/share:${ROS_PACKAGE_PATH} /usr/bin/cmake /home/point001/autoware.ai/src/autoware/core_perception/pos_db -DCMAKE_BUILD_TYPE=Release -DCATKIN_INSTALL_INTO_PREFIX_ROOT=0 -DCMAKE_INSTALL_PREFIX=/home/point001/autoware.ai/install/pos_db
[3.841s] Invoking command in '/home/point001/autoware.ai/build/pos_db': CMAKE_PREFIX_PATH=/home/point001/autoware.ai/install/gnss:/home/point001/autoware.ai/install/autoware_msgs:/home/point001/autoware.ai/install/autoware_build_flags:${CMAKE_PREFIX_PATH} LD_LIBRARY_PATH=/home/point001/autoware.ai/install/gnss/lib:/opt/ros/melodic/lib:/usr/local/cuda-10.0/lib64 PKG_CONFIG_PATH=/home/point001/autoware.ai/install/gnss/lib/x86_64-linux-gnu/pkgconfig:/home/point001/autoware.ai/install/gnss/lib/pkgconfig:/home/point001/autoware.ai/install/autoware_msgs/lib/x86_64-linux-gnu/pkgconfig:/home/point001/autoware.ai/install/autoware_msgs/lib/pkgconfig:/home/point001/autoware.ai/install/autoware_build_flags/lib/x86_64-linux-gnu/pkgconfig:/home/point001/autoware.ai/install/autoware_build_flags/lib/pkgconfig:${PKG_CONFIG_PATH} PYTHONPATH=/home/point001/autoware.ai/install/autoware_msgs/lib/python2.7/dist-packages:${PYTHONPATH} ROS_PACKAGE_PATH=/home/point001/autoware.ai/install/gnss/share:/home/point001/autoware.ai/install/autoware_msgs/share:/home/point001/autoware.ai/install/autoware_build_flags/share:${ROS_PACKAGE_PATH} /usr/bin/cmake --build /home/point001/autoware.ai/build/pos_db -- -j24 -l24
[3.898s] [35m[1mScanning dependencies of target pos_db[0m
[3.918s] [ 14%] [32mBuilding CXX object CMakeFiles/pos_db.dir/lib/pos_db/SendData.cpp.o[0m
[4.255s] [ 28%] [32mBuilding CXX object CMakeFiles/pos_db.dir/lib/pos_db/util.cpp.o[0m
[4.499s] [ 42%] [32m[1mLinking CXX shared library devel/lib/libpos_db.so[0m
[4.606s] [ 42%] Built target pos_db
[4.618s] [35m[1mScanning dependencies of target tf_generate_messages_nodejs[0m
[4.630s] [ 42%] Built target tf_generate_messages_nodejs
[4.643s] [35m[1mScanning dependencies of target tf_generate_messages_lisp[0m
[4.657s] [ 42%] Built target tf_generate_messages_lisp
[4.666s] [35m[1mScanning dependencies of target topic_tools_generate_messages_nodejs[0m
[4.679s] [ 42%] Built target topic_tools_generate_messages_nodejs
[4.696s] [35m[1mScanning dependencies of target topic_tools_generate_messages_eus[0m
[4.707s] [ 42%] Built target topic_tools_generate_messages_eus
[4.720s] [35m[1mScanning dependencies of target topic_tools_generate_messages_cpp[0m
[4.734s] [ 42%] Built target topic_tools_generate_messages_cpp
[4.745s] [35m[1mScanning dependencies of target std_srvs_generate_messages_py[0m
[4.757s] [ 42%] Built target std_srvs_generate_messages_py
[4.769s] [35m[1mScanning dependencies of target std_srvs_generate_messages_nodejs[0m
[4.792s] [ 42%] Built target std_srvs_generate_messages_nodejs
[4.805s] [35m[1mScanning dependencies of target bond_generate_messages_py[0m
[4.816s] [ 42%] Built target bond_generate_messages_py
[4.827s] [35m[1mScanning dependencies of target bond_generate_messages_nodejs[0m
[4.838s] [ 42%] Built target bond_generate_messages_nodejs
[4.850s] [35m[1mScanning dependencies of target bond_generate_messages_lisp[0m
[4.863s] [ 42%] Built target bond_generate_messages_lisp
[4.877s] [35m[1mScanning dependencies of target bond_generate_messages_eus[0m
[4.888s] [ 42%] Built target bond_generate_messages_eus
[4.903s] [35m[1mScanning dependencies of target bond_generate_messages_cpp[0m
[4.949s] [ 42%] Built target bond_generate_messages_cpp
[4.990s] [35m[1mScanning dependencies of target nodelet_generate_messages_nodejs[0m
[5.005s] [ 42%] Built target nodelet_generate_messages_nodejs
[5.014s] [35m[1mScanning dependencies of target geometry_msgs_generate_messages_py[0m
[5.025s] [ 42%] Built target geometry_msgs_generate_messages_py
[5.036s] [35m[1mScanning dependencies of target sensor_msgs_generate_messages_nodejs[0m
[5.045s] [ 42%] Built target sensor_msgs_generate_messages_nodejs
[5.057s] [35m[1mScanning dependencies of target roscpp_generate_messages_cpp[0m
[5.068s] [ 42%] Built target roscpp_generate_messages_cpp
[5.085s] [35m[1mScanning dependencies of target pcl_msgs_generate_messages_eus[0m
[5.097s] [ 42%] Built target pcl_msgs_generate_messages_eus
[5.107s] [35m[1mScanning dependencies of target rosgraph_msgs_generate_messages_eus[0m
[5.118s] [ 42%] Built target rosgraph_msgs_generate_messages_eus
[5.152s] [35m[1mScanning dependencies of target jsk_recognition_msgs_generate_messages_lisp[0m
[5.205s] [ 42%] Built target jsk_recognition_msgs_generate_messages_lisp
[5.219s] [35m[1mScanning dependencies of target jsk_recognition_msgs_generate_messages_eus[0m
[5.238s] [ 42%] Built target jsk_recognition_msgs_generate_messages_eus
[5.254s] [35m[1mScanning dependencies of target std_msgs_generate_messages_py[0m
[5.264s] [ 42%] Built target std_msgs_generate_messages_py
[5.275s] [35m[1mScanning dependencies of target sensor_msgs_generate_messages_eus[0m
[5.286s] [ 42%] Built target sensor_msgs_generate_messages_eus
[5.298s] [35m[1mScanning dependencies of target std_srvs_generate_messages_lisp[0m
[5.311s] [ 42%] Built target std_srvs_generate_messages_lisp
[5.324s] [35m[1mScanning dependencies of target _catkin_empty_exported_target[0m
[5.339s] [ 42%] Built target _catkin_empty_exported_target
[5.351s] [35m[1mScanning dependencies of target sensor_msgs_generate_messages_cpp[0m
[5.368s] [ 42%] Built target sensor_msgs_generate_messages_cpp
[5.381s] [35m[1mScanning dependencies of target autoware_msgs_generate_messages_cpp[0m
[5.392s] [ 42%] Built target autoware_msgs_generate_messages_cpp
[5.407s] [35m[1mScanning dependencies of target tf_generate_messages_py[0m
[5.419s] [ 42%] Built target tf_generate_messages_py
[5.431s] [35m[1mScanning dependencies of target dynamic_reconfigure_generate_messages_cpp[0m
[5.442s] [ 42%] Built target dynamic_reconfigure_generate_messages_cpp
[5.457s] [35m[1mScanning dependencies of target rosgraph_msgs_generate_messages_cpp[0m
[5.469s] [ 42%] Built target rosgraph_msgs_generate_messages_cpp
[5.485s] [35m[1mScanning dependencies of target nav_msgs_generate_messages_lisp[0m
[5.498s] [ 42%] Built target nav_msgs_generate_messages_lisp
[5.513s] [35m[1mScanning dependencies of target pcl_msgs_generate_messages_nodejs[0m
[5.526s] [ 42%] Built target pcl_msgs_generate_messages_nodejs
[5.545s] [35m[1mScanning dependencies of target jsk_hark_msgs_generate_messages_py[0m
[5.559s] [ 42%] Built target jsk_hark_msgs_generate_messages_py
[5.576s] [35m[1mScanning dependencies of target jsk_recognition_msgs_generate_messages_py[0m
[5.592s] [ 42%] Built target jsk_recognition_msgs_generate_messages_py
[5.604s] [35m[1mScanning dependencies of target std_srvs_generate_messages_cpp[0m
[5.616s] [ 42%] Built target std_srvs_generate_messages_cpp
[5.629s] [35m[1mScanning dependencies of target nav_msgs_generate_messages_cpp[0m
[5.641s] [ 42%] Built target nav_msgs_generate_messages_cpp
[5.653s] [35m[1mScanning dependencies of target sensor_msgs_generate_messages_lisp[0m
[5.665s] [ 42%] Built target sensor_msgs_generate_messages_lisp
[5.680s] [35m[1mScanning dependencies of target nodelet_generate_messages_py[0m
[5.703s] [ 42%] Built target nodelet_generate_messages_py
[5.713s] [35m[1mScanning dependencies of target sensor_msgs_generate_messages_py[0m
[5.723s] [ 42%] Built target sensor_msgs_generate_messages_py
[5.740s] [35m[1mScanning dependencies of target jsk_rviz_plugins_generate_messages_py[0m
[5.750s] [ 42%] Built target jsk_rviz_plugins_generate_messages_py
[5.762s] [35m[1mScanning dependencies of target jsk_hark_msgs_generate_messages_eus[0m
[5.774s] [ 42%] Built target jsk_hark_msgs_generate_messages_eus
[5.790s] [35m[1mScanning dependencies of target std_msgs_generate_messages_cpp[0m
[5.803s] [ 42%] Built target std_msgs_generate_messages_cpp
[5.815s] [35m[1mScanning dependencies of target jsk_footstep_msgs_generate_messages_py[0m
[5.827s] [ 42%] Built target jsk_footstep_msgs_generate_messages_py
[5.838s] [35m[1mScanning dependencies of target map_msgs_generate_messages_nodejs[0m
[5.848s] [ 42%] Built target map_msgs_generate_messages_nodejs
[5.861s] [35m[1mScanning dependencies of target topic_tools_generate_messages_py[0m
[5.880s] [ 42%] Built target topic_tools_generate_messages_py
[5.888s] [35m[1mScanning dependencies of target nodelet_topic_tools_gencfg[0m
[5.903s] [ 42%] Built target nodelet_topic_tools_gencfg
[5.916s] [35m[1mScanning dependencies of target actionlib_msgs_generate_messages_nodejs[0m
[5.929s] [ 42%] Built target actionlib_msgs_generate_messages_nodejs
[5.940s] [35m[1mScanning dependencies of target geometry_msgs_generate_messages_eus[0m
[5.951s] [ 42%] Built target geometry_msgs_generate_messages_eus
[5.962s] [35m[1mScanning dependencies of target geometry_msgs_generate_messages_nodejs[0m
[5.978s] [ 42%] Built target geometry_msgs_generate_messages_nodejs
[5.994s] [35m[1mScanning dependencies of target actionlib_generate_messages_eus[0m
[6.005s] [ 42%] Built target actionlib_generate_messages_eus
[6.018s] [35m[1mScanning dependencies of target jsk_rviz_plugins_generate_messages_eus[0m
[6.029s] [ 42%] Built target jsk_rviz_plugins_generate_messages_eus
[6.042s] [35m[1mScanning dependencies of target pcl_msgs_generate_messages_py[0m
[6.056s] [ 42%] Built target pcl_msgs_generate_messages_py
[6.068s] [35m[1mScanning dependencies of target geometry_msgs_generate_messages_lisp[0m
[6.088s] [ 42%] Built target geometry_msgs_generate_messages_lisp
[6.100s] [35m[1mScanning dependencies of target actionlib_generate_messages_lisp[0m
[6.113s] [ 42%] Built target actionlib_generate_messages_lisp
[6.124s] [35m[1mScanning dependencies of target geometry_msgs_generate_messages_cpp[0m
[6.134s] [ 42%] Built target geometry_msgs_generate_messages_cpp
[6.145s] [35m[1mScanning dependencies of target pcl_msgs_generate_messages_cpp[0m
[6.155s] [ 42%] Built target pcl_msgs_generate_messages_cpp
[6.165s] [35m[1mScanning dependencies of target people_msgs_generate_messages_nodejs[0m
[6.177s] [ 42%] Built target people_msgs_generate_messages_nodejs
[6.193s] [35m[1mScanning dependencies of target dynamic_reconfigure_generate_messages_lisp[0m
[6.203s] [ 42%] Built target dynamic_reconfigure_generate_messages_lisp
[6.217s] [35m[1mScanning dependencies of target topic_tools_generate_messages_lisp[0m
[6.234s] [ 42%] Built target topic_tools_generate_messages_lisp
[6.242s] [35m[1mScanning dependencies of target jsk_recognition_msgs_generate_messages_cpp[0m
[6.255s] [ 42%] Built target jsk_recognition_msgs_generate_messages_cpp
[6.265s] [35m[1mScanning dependencies of target autoware_msgs_generate_messages_eus[0m
[6.277s] [ 42%] Built target autoware_msgs_generate_messages_eus
[6.290s] [35m[1mScanning dependencies of target autoware_msgs_generate_messages_lisp[0m
[6.307s] [ 42%] Built target autoware_msgs_generate_messages_lisp
[6.318s] [35m[1mScanning dependencies of target autoware_msgs_generate_messages_py[0m
[6.330s] [ 42%] Built target autoware_msgs_generate_messages_py
[6.344s] [35m[1mScanning dependencies of target nodelet_generate_messages_lisp[0m
[6.355s] [ 42%] Built target nodelet_generate_messages_lisp
[6.372s] [35m[1mScanning dependencies of target actionlib_generate_messages_nodejs[0m
[6.379s] [ 42%] Built target actionlib_generate_messages_nodejs
[6.394s] [35m[1mScanning dependencies of target tf_generate_messages_cpp[0m
[6.412s] [ 42%] Built target tf_generate_messages_cpp
[6.424s] [35m[1mScanning dependencies of target pcl_msgs_generate_messages_lisp[0m
[6.436s] [ 42%] Built target pcl_msgs_generate_messages_lisp
[6.449s] [35m[1mScanning dependencies of target visualization_msgs_generate_messages_lisp[0m
[6.465s] [ 42%] Built target visualization_msgs_generate_messages_lisp
[6.481s] [35m[1mScanning dependencies of target std_msgs_generate_messages_eus[0m
[6.494s] [ 42%] Built target std_msgs_generate_messages_eus
[6.507s] [35m[1mScanning dependencies of target rviz_generate_messages_lisp[0m
[6.524s] [ 42%] Built target rviz_generate_messages_lisp
[6.536s] [35m[1mScanning dependencies of target jsk_rviz_plugins_gencfg[0m
[6.548s] [ 42%] Built target jsk_rviz_plugins_gencfg
[6.559s] [35m[1mScanning dependencies of target autoware_msgs_generate_messages_nodejs[0m
[6.573s] [ 42%] Built target autoware_msgs_generate_messages_nodejs
[6.584s] [35m[1mScanning dependencies of target jsk_footstep_msgs_generate_messages_eus[0m
[6.597s] [ 42%] Built target jsk_footstep_msgs_generate_messages_eus
[6.609s] [35m[1mScanning dependencies of target actionlib_msgs_generate_messages_py[0m
[6.621s] [ 42%] Built target actionlib_msgs_generate_messages_py
[6.631s] [35m[1mScanning dependencies of target std_msgs_generate_messages_nodejs[0m
[6.648s] [ 42%] Built target std_msgs_generate_messages_nodejs
[6.660s] [35m[1mScanning dependencies of target jsk_hark_msgs_generate_messages_lisp[0m
[6.677s] [ 42%] Built target jsk_hark_msgs_generate_messages_lisp
[6.689s] [35m[1mScanning dependencies of target jsk_footstep_msgs_generate_messages_lisp[0m
[6.699s] [ 42%] Built target jsk_footstep_msgs_generate_messages_lisp
[6.715s] [35m[1mScanning dependencies of target jsk_footstep_msgs_generate_messages_nodejs[0m
[6.727s] [ 42%] Built target jsk_footstep_msgs_generate_messages_nodejs
[6.738s] [35m[1mScanning dependencies of target tf_generate_messages_eus[0m
[6.752s] [ 42%] Built target tf_generate_messages_eus
[6.764s] [35m[1mScanning dependencies of target jsk_footstep_msgs_generate_messages_cpp[0m
[6.782s] [ 42%] Built target jsk_footstep_msgs_generate_messages_cpp
[6.794s] [35m[1mScanning dependencies of target actionlib_msgs_generate_messages_cpp[0m
[6.805s] [ 42%] Built target actionlib_msgs_generate_messages_cpp
[6.816s] [35m[1mScanning dependencies of target actionlib_msgs_generate_messages_lisp[0m
[6.827s] [ 42%] Built target actionlib_msgs_generate_messages_lisp
[6.837s] [35m[1mScanning dependencies of target std_msgs_generate_messages_lisp[0m
[6.850s] [ 42%] Built target std_msgs_generate_messages_lisp
[6.862s] [35m[1mScanning dependencies of target roscpp_generate_messages_nodejs[0m
[6.872s] [ 42%] Built target roscpp_generate_messages_nodejs
[6.885s] [35m[1mScanning dependencies of target jsk_rviz_plugins_generate_messages_cpp[0m
[6.896s] [ 42%] Built target jsk_rviz_plugins_generate_messages_cpp
[6.908s] [35m[1mScanning dependencies of target rviz_generate_messages_nodejs[0m
[6.918s] [ 42%] Built target rviz_generate_messages_nodejs
[6.930s] [35m[1mScanning dependencies of target jsk_hark_msgs_generate_messages_nodejs[0m
[6.942s] [ 42%] Built target jsk_hark_msgs_generate_messages_nodejs
[6.956s] [35m[1mScanning dependencies of target jsk_rviz_plugins_generate_messages_nodejs[0m
[6.968s] [ 42%] Built target jsk_rviz_plugins_generate_messages_nodejs
[6.980s] [35m[1mScanning dependencies of target jsk_hark_msgs_generate_messages_cpp[0m
[6.993s] [ 42%] Built target jsk_hark_msgs_generate_messages_cpp
[7.004s] [35m[1mScanning dependencies of target jsk_rviz_plugins_generate_messages_lisp[0m
[7.020s] [ 42%] Built target jsk_rviz_plugins_generate_messages_lisp
[7.035s] [35m[1mScanning dependencies of target jsk_recognition_utils_gencfg[0m
[7.049s] [ 42%] Built target jsk_recognition_utils_gencfg
[7.061s] [35m[1mScanning dependencies of target roscpp_generate_messages_eus[0m
[7.074s] [ 42%] Built target roscpp_generate_messages_eus
[7.086s] [35m[1mScanning dependencies of target actionlib_msgs_generate_messages_eus[0m
[7.097s] [ 42%] Built target actionlib_msgs_generate_messages_eus
[7.110s] [35m[1mScanning dependencies of target rosgraph_msgs_generate_messages_py[0m
[7.121s] [ 42%] Built target rosgraph_msgs_generate_messages_py
[7.136s] [35m[1mScanning dependencies of target map_msgs_generate_messages_py[0m
[7.145s] [ 42%] Built target map_msgs_generate_messages_py
[7.159s] [35m[1mScanning dependencies of target pcl_ros_gencfg[0m
[7.172s] [ 42%] Built target pcl_ros_gencfg
[7.184s] [35m[1mScanning dependencies of target dynamic_reconfigure_generate_messages_eus[0m
[7.199s] [ 42%] Built target dynamic_reconfigure_generate_messages_eus
[7.211s] [35m[1mScanning dependencies of target dynamic_reconfigure_generate_messages_nodejs[0m
[7.224s] [ 42%] Built target dynamic_reconfigure_generate_messages_nodejs
[7.238s] [35m[1mScanning dependencies of target dynamic_reconfigure_generate_messages_py[0m
[7.249s] [ 42%] Built target dynamic_reconfigure_generate_messages_py
[7.261s] [35m[1mScanning dependencies of target nav_msgs_generate_messages_py[0m
[7.273s] [ 42%] Built target nav_msgs_generate_messages_py
[7.290s] [35m[1mScanning dependencies of target tf2_msgs_generate_messages_lisp[0m
[7.303s] [ 42%] Built target tf2_msgs_generate_messages_lisp
[7.316s] [35m[1mScanning dependencies of target dynamic_reconfigure_gencfg[0m
[7.327s] [ 42%] Built target dynamic_reconfigure_gencfg
[7.339s] [35m[1mScanning dependencies of target std_srvs_generate_messages_eus[0m
[7.355s] [ 42%] Built target std_srvs_generate_messages_eus
[7.366s] [35m[1mScanning dependencies of target jsk_recognition_msgs_generate_messages_nodejs[0m
[7.379s] [ 42%] Built target jsk_recognition_msgs_generate_messages_nodejs
[7.391s] [35m[1mScanning dependencies of target roscpp_generate_messages_lisp[0m
[7.404s] [ 42%] Built target roscpp_generate_messages_lisp
[7.417s] [35m[1mScanning dependencies of target roscpp_generate_messages_py[0m
[7.439s] [ 42%] Built target roscpp_generate_messages_py
[7.441s] [35m[1mScanning dependencies of target rosgraph_msgs_generate_messages_lisp[0m
[7.453s] [ 42%] Built target rosgraph_msgs_generate_messages_lisp
[7.465s] [35m[1mScanning dependencies of target rosgraph_msgs_generate_messages_nodejs[0m
[7.481s] [ 42%] Built target rosgraph_msgs_generate_messages_nodejs
[7.495s] [35m[1mScanning dependencies of target nodelet_generate_messages_cpp[0m
[7.509s] [ 42%] Built target nodelet_generate_messages_cpp
[7.526s] [35m[1mScanning dependencies of target map_msgs_generate_messages_eus[0m
[7.538s] [ 42%] Built target map_msgs_generate_messages_eus
[7.551s] [35m[1mScanning dependencies of target pos_downloader[0m
[7.582s] [ 57%] [32mBuilding CXX object CMakeFiles/pos_downloader.dir/nodes/pos_downloader/pos_downloader.cpp.o[0m
[11.712s] [ 71%] [32m[1mLinking CXX executable devel/lib/pos_db/pos_downloader[0m
[12.328s] [ 71%] Built target pos_downloader
[12.344s] [35m[1mScanning dependencies of target actionlib_generate_messages_cpp[0m
[12.359s] [ 71%] Built target actionlib_generate_messages_cpp
[12.373s] [35m[1mScanning dependencies of target actionlib_generate_messages_py[0m
[12.384s] [ 71%] Built target actionlib_generate_messages_py
[12.398s] [35m[1mScanning dependencies of target tf2_msgs_generate_messages_py[0m
[12.410s] [ 71%] Built target tf2_msgs_generate_messages_py
[12.421s] [35m[1mScanning dependencies of target map_msgs_generate_messages_cpp[0m
[12.463s] [ 71%] Built target map_msgs_generate_messages_cpp
[12.509s] [35m[1mScanning dependencies of target tf2_msgs_generate_messages_cpp[0m
[12.523s] [ 71%] Built target tf2_msgs_generate_messages_cpp
[12.532s] [35m[1mScanning dependencies of target tf2_msgs_generate_messages_eus[0m
[12.550s] [ 71%] Built target tf2_msgs_generate_messages_eus
[12.561s] [35m[1mScanning dependencies of target visualization_msgs_generate_messages_cpp[0m
[12.574s] [ 71%] Built target visualization_msgs_generate_messages_cpp
[12.590s] [35m[1mScanning dependencies of target nav_msgs_generate_messages_eus[0m
[12.602s] [ 71%] Built target nav_msgs_generate_messages_eus
[12.616s] [35m[1mScanning dependencies of target tf2_msgs_generate_messages_nodejs[0m
[12.628s] [ 71%] Built target tf2_msgs_generate_messages_nodejs
[12.704s] [35m[1mScanning dependencies of target visualization_msgs_generate_messages_eus[0m
[12.717s] [ 71%] Built target visualization_msgs_generate_messages_eus
[12.742s] [35m[1mScanning dependencies of target visualization_msgs_generate_messages_nodejs[0m
[12.754s] [ 71%] Built target visualization_msgs_generate_messages_nodejs
[12.769s] [35m[1mScanning dependencies of target visualization_msgs_generate_messages_py[0m
[12.785s] [ 71%] Built target visualization_msgs_generate_messages_py
[12.798s] [35m[1mScanning dependencies of target people_msgs_generate_messages_cpp[0m
[12.810s] [ 71%] Built target people_msgs_generate_messages_cpp
[12.824s] [35m[1mScanning dependencies of target people_msgs_generate_messages_eus[0m
[12.840s] [ 71%] Built target people_msgs_generate_messages_eus
[12.910s] [35m[1mScanning dependencies of target rviz_generate_messages_eus[0m
[12.934s] [ 71%] Built target rviz_generate_messages_eus
[12.947s] [35m[1mScanning dependencies of target people_msgs_generate_messages_lisp[0m
[12.962s] [ 71%] Built target people_msgs_generate_messages_lisp
[12.977s] [35m[1mScanning dependencies of target people_msgs_generate_messages_py[0m
[12.992s] [ 71%] Built target people_msgs_generate_messages_py
[13.006s] [35m[1mScanning dependencies of target rviz_generate_messages_cpp[0m
[13.018s] [ 71%] Built target rviz_generate_messages_cpp
[13.032s] [35m[1mScanning dependencies of target rviz_generate_messages_py[0m
[13.043s] [ 71%] Built target rviz_generate_messages_py
[13.058s] [35m[1mScanning dependencies of target map_msgs_generate_messages_lisp[0m
[13.092s] [ 71%] Built target map_msgs_generate_messages_lisp
[13.159s] [35m[1mScanning dependencies of target nav_msgs_generate_messages_nodejs[0m
[13.172s] [ 71%] Built target nav_msgs_generate_messages_nodejs
[13.183s] [35m[1mScanning dependencies of target nodelet_generate_messages_eus[0m
[13.195s] [ 71%] Built target nodelet_generate_messages_eus
[13.209s] [35m[1mScanning dependencies of target pos_uploader[0m
[13.240s] [ 85%] [32mBuilding CXX object CMakeFiles/pos_uploader.dir/nodes/pos_uploader/pos_uploader.cpp.o[0m
[16.303s] [100%] [32m[1mLinking CXX executable devel/lib/pos_db/pos_uploader[0m
[16.893s] [100%] Built target pos_uploader
[16.911s] Invoked command in '/home/point001/autoware.ai/build/pos_db' returned '0': CMAKE_PREFIX_PATH=/home/point001/autoware.ai/install/gnss:/home/point001/autoware.ai/install/autoware_msgs:/home/point001/autoware.ai/install/autoware_build_flags:${CMAKE_PREFIX_PATH} LD_LIBRARY_PATH=/home/point001/autoware.ai/install/gnss/lib:/opt/ros/melodic/lib:/usr/local/cuda-10.0/lib64 PKG_CONFIG_PATH=/home/point001/autoware.ai/install/gnss/lib/x86_64-linux-gnu/pkgconfig:/home/point001/autoware.ai/install/gnss/lib/pkgconfig:/home/point001/autoware.ai/install/autoware_msgs/lib/x86_64-linux-gnu/pkgconfig:/home/point001/autoware.ai/install/autoware_msgs/lib/pkgconfig:/home/point001/autoware.ai/install/autoware_build_flags/lib/x86_64-linux-gnu/pkgconfig:/home/point001/autoware.ai/install/autoware_build_flags/lib/pkgconfig:${PKG_CONFIG_PATH} PYTHONPATH=/home/point001/autoware.ai/install/autoware_msgs/lib/python2.7/dist-packages:${PYTHONPATH} ROS_PACKAGE_PATH=/home/point001/autoware.ai/install/gnss/share:/home/point001/autoware.ai/install/autoware_msgs/share:/home/point001/autoware.ai/install/autoware_build_flags/share:${ROS_PACKAGE_PATH} /usr/bin/cmake --build /home/point001/autoware.ai/build/pos_db -- -j24 -l24
[17.096s] Invoking command in '/home/point001/autoware.ai/build/pos_db': CMAKE_PREFIX_PATH=/home/point001/autoware.ai/install/gnss:/home/point001/autoware.ai/install/autoware_msgs:/home/point001/autoware.ai/install/autoware_build_flags:${CMAKE_PREFIX_PATH} LD_LIBRARY_PATH=/home/point001/autoware.ai/install/gnss/lib:/opt/ros/melodic/lib:/usr/local/cuda-10.0/lib64 PKG_CONFIG_PATH=/home/point001/autoware.ai/install/gnss/lib/x86_64-linux-gnu/pkgconfig:/home/point001/autoware.ai/install/gnss/lib/pkgconfig:/home/point001/autoware.ai/install/autoware_msgs/lib/x86_64-linux-gnu/pkgconfig:/home/point001/autoware.ai/install/autoware_msgs/lib/pkgconfig:/home/point001/autoware.ai/install/autoware_build_flags/lib/x86_64-linux-gnu/pkgconfig:/home/point001/autoware.ai/install/autoware_build_flags/lib/pkgconfig:${PKG_CONFIG_PATH} PYTHONPATH=/home/point001/autoware.ai/install/autoware_msgs/lib/python2.7/dist-packages:${PYTHONPATH} ROS_PACKAGE_PATH=/home/point001/autoware.ai/install/gnss/share:/home/point001/autoware.ai/install/autoware_msgs/share:/home/point001/autoware.ai/install/autoware_build_flags/share:${ROS_PACKAGE_PATH} /usr/bin/cmake --build /home/point001/autoware.ai/build/pos_db --target tests -- -j24 -l24
[17.175s] [35m[1mScanning dependencies of target tests[0m
[17.186s] Built target tests
[17.202s] Invoked command in '/home/point001/autoware.ai/build/pos_db' returned '0': CMAKE_PREFIX_PATH=/home/point001/autoware.ai/install/gnss:/home/point001/autoware.ai/install/autoware_msgs:/home/point001/autoware.ai/install/autoware_build_flags:${CMAKE_PREFIX_PATH} LD_LIBRARY_PATH=/home/point001/autoware.ai/install/gnss/lib:/opt/ros/melodic/lib:/usr/local/cuda-10.0/lib64 PKG_CONFIG_PATH=/home/point001/autoware.ai/install/gnss/lib/x86_64-linux-gnu/pkgconfig:/home/point001/autoware.ai/install/gnss/lib/pkgconfig:/home/point001/autoware.ai/install/autoware_msgs/lib/x86_64-linux-gnu/pkgconfig:/home/point001/autoware.ai/install/autoware_msgs/lib/pkgconfig:/home/point001/autoware.ai/install/autoware_build_flags/lib/x86_64-linux-gnu/pkgconfig:/home/point001/autoware.ai/install/autoware_build_flags/lib/pkgconfig:${PKG_CONFIG_PATH} PYTHONPATH=/home/point001/autoware.ai/install/autoware_msgs/lib/python2.7/dist-packages:${PYTHONPATH} ROS_PACKAGE_PATH=/home/point001/autoware.ai/install/gnss/share:/home/point001/autoware.ai/install/autoware_msgs/share:/home/point001/autoware.ai/install/autoware_build_flags/share:${ROS_PACKAGE_PATH} /usr/bin/cmake --build /home/point001/autoware.ai/build/pos_db --target tests -- -j24 -l24
[17.414s] Invoking command in '/home/point001/autoware.ai/build/pos_db': CMAKE_PREFIX_PATH=/home/point001/autoware.ai/install/gnss:/home/point001/autoware.ai/install/autoware_msgs:/home/point001/autoware.ai/install/autoware_build_flags:${CMAKE_PREFIX_PATH} LD_LIBRARY_PATH=/home/point001/autoware.ai/install/gnss/lib:/opt/ros/melodic/lib:/usr/local/cuda-10.0/lib64 PKG_CONFIG_PATH=/home/point001/autoware.ai/install/gnss/lib/x86_64-linux-gnu/pkgconfig:/home/point001/autoware.ai/install/gnss/lib/pkgconfig:/home/point001/autoware.ai/install/autoware_msgs/lib/x86_64-linux-gnu/pkgconfig:/home/point001/autoware.ai/install/autoware_msgs/lib/pkgconfig:/home/point001/autoware.ai/install/autoware_build_flags/lib/x86_64-linux-gnu/pkgconfig:/home/point001/autoware.ai/install/autoware_build_flags/lib/pkgconfig:${PKG_CONFIG_PATH} PYTHONPATH=/home/point001/autoware.ai/install/autoware_msgs/lib/python2.7/dist-packages:${PYTHONPATH} ROS_PACKAGE_PATH=/home/point001/autoware.ai/install/gnss/share:/home/point001/autoware.ai/install/autoware_msgs/share:/home/point001/autoware.ai/install/autoware_build_flags/share:${ROS_PACKAGE_PATH} /usr/bin/cmake --build /home/point001/autoware.ai/build/pos_db --target install -- -j24 -l24
[17.492s] [ 42%] Built target pos_db
[17.518s] [ 42%] Built target tf_generate_messages_nodejs
[17.546s] [ 42%] Built target tf_generate_messages_lisp
[17.570s] [ 42%] Built target topic_tools_generate_messages_nodejs
[17.595s] [ 42%] Built target topic_tools_generate_messages_eus
[17.617s] [ 42%] Built target topic_tools_generate_messages_cpp
[17.644s] [ 42%] Built target std_srvs_generate_messages_py
[17.668s] [ 42%] Built target std_srvs_generate_messages_nodejs
[17.704s] [ 42%] Built target bond_generate_messages_py
[17.726s] [ 42%] Built target bond_generate_messages_nodejs
[17.750s] [ 42%] Built target bond_generate_messages_lisp
[17.781s] [ 42%] Built target bond_generate_messages_eus
[17.807s] [ 42%] Built target bond_generate_messages_cpp
[17.831s] [ 42%] Built target nodelet_generate_messages_nodejs
[17.859s] [ 42%] Built target geometry_msgs_generate_messages_py
[17.882s] [ 42%] Built target sensor_msgs_generate_messages_nodejs
[17.906s] [ 42%] Built target roscpp_generate_messages_cpp
[17.942s] [ 42%] Built target pcl_msgs_generate_messages_eus
[17.967s] [ 42%] Built target rosgraph_msgs_generate_messages_eus
[17.998s] [ 42%] Built target jsk_recognition_msgs_generate_messages_lisp
[18.023s] [ 42%] Built target jsk_recognition_msgs_generate_messages_eus
[18.047s] [ 42%] Built target std_msgs_generate_messages_py
[18.079s] [ 42%] Built target sensor_msgs_generate_messages_eus
[18.103s] [ 42%] Built target std_srvs_generate_messages_lisp
[18.127s] [ 42%] Built target _catkin_empty_exported_target
[18.150s] [ 42%] Built target sensor_msgs_generate_messages_cpp
[18.175s] [ 42%] Built target autoware_msgs_generate_messages_cpp
[18.202s] [ 42%] Built target tf_generate_messages_py
[18.232s] [ 42%] Built target dynamic_reconfigure_generate_messages_cpp
[18.257s] [ 42%] Built target rosgraph_msgs_generate_messages_cpp
[18.281s] [ 42%] Built target nav_msgs_generate_messages_lisp
[18.306s] [ 42%] Built target pcl_msgs_generate_messages_nodejs
[18.333s] [ 42%] Built target jsk_hark_msgs_generate_messages_py
[18.358s] [ 42%] Built target jsk_recognition_msgs_generate_messages_py
[18.385s] [ 42%] Built target std_srvs_generate_messages_cpp
[18.410s] [ 42%] Built target nav_msgs_generate_messages_cpp
[18.435s] [ 42%] Built target sensor_msgs_generate_messages_lisp
[18.462s] [ 42%] Built target nodelet_generate_messages_py
[18.486s] [ 42%] Built target sensor_msgs_generate_messages_py
[18.511s] [ 42%] Built target jsk_rviz_plugins_generate_messages_py
[18.536s] [ 42%] Built target jsk_hark_msgs_generate_messages_eus
[18.562s] [ 42%] Built target std_msgs_generate_messages_cpp
[18.588s] [ 42%] Built target jsk_footstep_msgs_generate_messages_py
[18.611s] [ 42%] Built target map_msgs_generate_messages_nodejs
[18.636s] [ 42%] Built target topic_tools_generate_messages_py
[18.664s] [ 42%] Built target nodelet_topic_tools_gencfg
[18.689s] [ 42%] Built target actionlib_msgs_generate_messages_nodejs
[18.713s] [ 42%] Built target geometry_msgs_generate_messages_eus
[18.741s] [ 42%] Built target geometry_msgs_generate_messages_nodejs
[18.766s] [ 42%] Built target actionlib_generate_messages_eus
[18.792s] [ 42%] Built target jsk_rviz_plugins_generate_messages_eus
[18.819s] [ 42%] Built target pcl_msgs_generate_messages_py
[18.847s] [ 42%] Built target geometry_msgs_generate_messages_lisp
[18.873s] [ 42%] Built target actionlib_generate_messages_lisp
[18.897s] [ 42%] Built target geometry_msgs_generate_messages_cpp
[18.925s] [ 42%] Built target pcl_msgs_generate_messages_cpp
[18.953s] [ 42%] Built target people_msgs_generate_messages_nodejs
[18.978s] [ 42%] Built target dynamic_reconfigure_generate_messages_lisp
[19.007s] [ 42%] Built target topic_tools_generate_messages_lisp
[19.031s] [ 42%] Built target jsk_recognition_msgs_generate_messages_cpp
[19.061s] [ 42%] Built target autoware_msgs_generate_messages_eus
[19.092s] [ 42%] Built target autoware_msgs_generate_messages_lisp
[19.115s] [ 42%] Built target autoware_msgs_generate_messages_py
[19.141s] [ 42%] Built target nodelet_generate_messages_lisp
[19.163s] [ 42%] Built target actionlib_generate_messages_nodejs
[19.188s] [ 42%] Built target tf_generate_messages_cpp
[19.215s] [ 42%] Built target pcl_msgs_generate_messages_lisp
[19.237s] [ 42%] Built target visualization_msgs_generate_messages_lisp
[19.261s] [ 42%] Built target std_msgs_generate_messages_eus
[19.289s] [ 42%] Built target rviz_generate_messages_lisp
[19.315s] [ 42%] Built target jsk_rviz_plugins_gencfg
[19.344s] [ 42%] Built target autoware_msgs_generate_messages_nodejs
[19.370s] [ 42%] Built target jsk_footstep_msgs_generate_messages_eus
[19.399s] [ 42%] Built target actionlib_msgs_generate_messages_py
[19.431s] [ 42%] Built target std_msgs_generate_messages_nodejs
[19.455s] [ 42%] Built target jsk_hark_msgs_generate_messages_lisp
[19.479s] [ 42%] Built target jsk_footstep_msgs_generate_messages_lisp
[19.507s] [ 42%] Built target jsk_footstep_msgs_generate_messages_nodejs
[19.533s] [ 42%] Built target tf_generate_messages_eus
[19.555s] [ 42%] Built target jsk_footstep_msgs_generate_messages_cpp
[19.577s] [ 42%] Built target actionlib_msgs_generate_messages_cpp
[19.603s] [ 42%] Built target actionlib_msgs_generate_messages_lisp
[19.631s] [ 42%] Built target std_msgs_generate_messages_lisp
[19.668s] [ 42%] Built target roscpp_generate_messages_nodejs
[19.695s] [ 42%] Built target jsk_rviz_plugins_generate_messages_cpp
[19.722s] [ 42%] Built target rviz_generate_messages_nodejs
[19.746s] [ 42%] Built target jsk_hark_msgs_generate_messages_nodejs
[19.769s] [ 42%] Built target jsk_rviz_plugins_generate_messages_nodejs
[19.799s] [ 42%] Built target jsk_hark_msgs_generate_messages_cpp
[19.822s] [ 42%] Built target jsk_rviz_plugins_generate_messages_lisp
[19.850s] [ 42%] Built target jsk_recognition_utils_gencfg
[19.878s] [ 42%] Built target roscpp_generate_messages_eus
[19.906s] [ 42%] Built target actionlib_msgs_generate_messages_eus
[19.929s] [ 42%] Built target rosgraph_msgs_generate_messages_py
[19.958s] [ 42%] Built target map_msgs_generate_messages_py
[19.981s] [ 42%] Built target pcl_ros_gencfg
[20.006s] [ 42%] Built target dynamic_reconfigure_generate_messages_eus
[20.034s] [ 42%] Built target dynamic_reconfigure_generate_messages_nodejs
[20.058s] [ 42%] Built target dynamic_reconfigure_generate_messages_py
[20.081s] [ 42%] Built target nav_msgs_generate_messages_py
[20.107s] [ 42%] Built target tf2_msgs_generate_messages_lisp
[20.132s] [ 42%] Built target dynamic_reconfigure_gencfg
[20.161s] [ 42%] Built target std_srvs_generate_messages_eus
[20.183s] [ 42%] Built target jsk_recognition_msgs_generate_messages_nodejs
[20.207s] [ 42%] Built target roscpp_generate_messages_lisp
[20.240s] [ 42%] Built target roscpp_generate_messages_py
[20.264s] [ 42%] Built target rosgraph_msgs_generate_messages_lisp
[20.290s] [ 42%] Built target rosgraph_msgs_generate_messages_nodejs
[20.325s] [ 42%] Built target nodelet_generate_messages_cpp
[20.355s] [ 42%] Built target map_msgs_generate_messages_eus
[20.393s] [ 71%] Built target pos_downloader
[20.420s] [ 71%] Built target actionlib_generate_messages_cpp
[20.443s] [ 71%] Built target actionlib_generate_messages_py
[20.470s] [ 71%] Built target tf2_msgs_generate_messages_py
[20.494s] [ 71%] Built target map_msgs_generate_messages_cpp
[20.518s] [ 71%] Built target tf2_msgs_generate_messages_cpp
[20.556s] [ 71%] Built target tf2_msgs_generate_messages_eus
[20.581s] [ 71%] Built target visualization_msgs_generate_messages_cpp
[20.610s] [ 71%] Built target nav_msgs_generate_messages_eus
[20.638s] [ 71%] Built target tf2_msgs_generate_messages_nodejs
[20.666s] [ 71%] Built target visualization_msgs_generate_messages_eus
[20.690s] [ 71%] Built target visualization_msgs_generate_messages_nodejs
[20.716s] [ 71%] Built target visualization_msgs_generate_messages_py
[20.748s] [ 71%] Built target people_msgs_generate_messages_cpp
[20.774s] [ 71%] Built target people_msgs_generate_messages_eus
[20.800s] [ 71%] Built target rviz_generate_messages_eus
[20.824s] [ 71%] Built target people_msgs_generate_messages_lisp
[20.849s] [ 71%] Built target people_msgs_generate_messages_py
[20.872s] [ 71%] Built target rviz_generate_messages_cpp
[20.898s] [ 71%] Built target rviz_generate_messages_py
[20.928s] [ 71%] Built target map_msgs_generate_messages_lisp
[20.958s] [ 71%] Built target nav_msgs_generate_messages_nodejs
[20.986s] [ 71%] Built target nodelet_generate_messages_eus
[21.025s] [100%] Built target pos_uploader
[21.059s] [36mInstall the project...[0m
[21.066s] -- Install configuration: "Release"
[21.066s] -- Installing: /home/point001/autoware.ai/install/pos_db/lib/pkgconfig/pos_db.pc
[21.066s] -- Installing: /home/point001/autoware.ai/install/pos_db/share/pos_db/cmake/pos_dbConfig.cmake
[21.066s] -- Installing: /home/point001/autoware.ai/install/pos_db/share/pos_db/cmake/pos_dbConfig-version.cmake
[21.066s] -- Installing: /home/point001/autoware.ai/install/pos_db/share/pos_db/package.xml
[21.066s] -- Installing: /home/point001/autoware.ai/install/pos_db/lib/pos_db/pos_downloader
[21.067s] -- Set runtime path of "/home/point001/autoware.ai/install/pos_db/lib/pos_db/pos_downloader" to ""
[21.067s] -- Installing: /home/point001/autoware.ai/install/pos_db/lib/libpos_db.so
[21.067s] -- Installing: /home/point001/autoware.ai/install/pos_db/lib/pos_db/pos_uploader
[21.067s] -- Set runtime path of "/home/point001/autoware.ai/install/pos_db/lib/pos_db/pos_uploader" to ""
[21.068s] -- Installing: /home/point001/autoware.ai/install/pos_db/include/pos_db/include
[21.068s] -- Installing: /home/point001/autoware.ai/install/pos_db/include/pos_db/include/pos_db.h
[21.068s] -- Installing: /home/point001/autoware.ai/install/pos_db/share/pos_db/model/prius_model.dae
[21.076s] Invoked command in '/home/point001/autoware.ai/build/pos_db' returned '0': CMAKE_PREFIX_PATH=/home/point001/autoware.ai/install/gnss:/home/point001/autoware.ai/install/autoware_msgs:/home/point001/autoware.ai/install/autoware_build_flags:${CMAKE_PREFIX_PATH} LD_LIBRARY_PATH=/home/point001/autoware.ai/install/gnss/lib:/opt/ros/melodic/lib:/usr/local/cuda-10.0/lib64 PKG_CONFIG_PATH=/home/point001/autoware.ai/install/gnss/lib/x86_64-linux-gnu/pkgconfig:/home/point001/autoware.ai/install/gnss/lib/pkgconfig:/home/point001/autoware.ai/install/autoware_msgs/lib/x86_64-linux-gnu/pkgconfig:/home/point001/autoware.ai/install/autoware_msgs/lib/pkgconfig:/home/point001/autoware.ai/install/autoware_build_flags/lib/x86_64-linux-gnu/pkgconfig:/home/point001/autoware.ai/install/autoware_build_flags/lib/pkgconfig:${PKG_CONFIG_PATH} PYTHONPATH=/home/point001/autoware.ai/install/autoware_msgs/lib/python2.7/dist-packages:${PYTHONPATH} ROS_PACKAGE_PATH=/home/point001/autoware.ai/install/gnss/share:/home/point001/autoware.ai/install/autoware_msgs/share:/home/point001/autoware.ai/install/autoware_build_flags/share:${ROS_PACKAGE_PATH} /usr/bin/cmake --build /home/point001/autoware.ai/build/pos_db --target install -- -j24 -l24
