[0.140s] Invoking command in '/home/point001/autoware.ai/build/sick_lms5xx': /usr/bin/cmake --build /home/point001/autoware.ai/build/sick_lms5xx -- -j24 -l24
[0.205s] [  0%] Built target tf2_msgs_generate_messages_nodejs
[0.216s] [  0%] Built target actionlib_generate_messages_nodejs
[0.216s] [  0%] Built target tf2_msgs_generate_messages_lisp
[0.217s] [  0%] Built target geometry_msgs_generate_messages_py
[0.227s] [  0%] Built target tf2_msgs_generate_messages_py
[0.228s] [  0%] Built target rosgraph_msgs_generate_messages_cpp
[0.231s] [  0%] Built target std_msgs_generate_messages_py
[0.231s] [  0%] Built target rosgraph_msgs_generate_messages_nodejs
[0.232s] [  0%] Built target actionlib_generate_messages_py
[0.238s] [  0%] Built target tf2_msgs_generate_messages_cpp
[0.238s] [  0%] Built target actionlib_msgs_generate_messages_cpp
[0.239s] [  0%] Built target geometry_msgs_generate_messages_eus
[0.239s] [  0%] Built target rosgraph_msgs_generate_messages_py
[0.240s] [  0%] Built target actionlib_msgs_generate_messages_eus
[0.246s] [  0%] Built target roscpp_generate_messages_py
[0.247s] [  0%] Built target actionlib_msgs_generate_messages_py
[0.247s] [  0%] Built target std_msgs_generate_messages_eus
[0.250s] [  0%] Built target actionlib_generate_messages_lisp
[0.250s] [  0%] Built target actionlib_generate_messages_eus
[0.254s] [  0%] Built target tf_generate_messages_eus
[0.257s] [  0%] Built target actionlib_msgs_generate_messages_lisp
[0.272s] [  0%] Built target rosgraph_msgs_generate_messages_eus
[0.273s] [  0%] Built target rosgraph_msgs_generate_messages_lisp
[0.273s] [  0%] Built target tf2_msgs_generate_messages_eus
[0.273s] [  0%] Built target roscpp_generate_messages_lisp
[0.285s] [  0%] Built target actionlib_msgs_generate_messages_nodejs
[0.285s] [  0%] Built target sensor_msgs_generate_messages_cpp
[0.285s] [  0%] Built target roscpp_generate_messages_nodejs
[0.288s] [  0%] Built target sensor_msgs_generate_messages_nodejs
[0.288s] [  0%] Built target geometry_msgs_generate_messages_nodejs
[0.295s] [  0%] Built target std_msgs_generate_messages_lisp
[0.295s] [  0%] Built target sensor_msgs_generate_messages_py
[0.295s] [  0%] Built target tf_generate_messages_nodejs
[0.298s] [  0%] Built target std_msgs_generate_messages_cpp
[0.300s] [  0%] Built target std_msgs_generate_messages_nodejs
[0.306s] [  0%] Built target roscpp_generate_messages_eus
[0.322s] [  0%] Built target actionlib_generate_messages_cpp
[0.322s] [  0%] Built target sensor_msgs_generate_messages_eus
[0.322s] [  0%] Built target geometry_msgs_generate_messages_cpp
[0.322s] [  0%] Built target geometry_msgs_generate_messages_lisp
[0.322s] [  0%] Built target tf_generate_messages_cpp
[0.322s] [  0%] Built target tf_generate_messages_lisp
[0.322s] [  0%] Built target roscpp_generate_messages_cpp
[0.328s] [  0%] Built target tf_generate_messages_py
[0.328s] [  0%] Built target sensor_msgs_generate_messages_lisp
[0.358s] [100%] Built target lms511_node
[0.429s] Invoked command in '/home/point001/autoware.ai/build/sick_lms5xx' returned '0': /usr/bin/cmake --build /home/point001/autoware.ai/build/sick_lms5xx -- -j24 -l24
[0.639s] Invoking command in '/home/point001/autoware.ai/build/sick_lms5xx': /usr/bin/cmake --build /home/point001/autoware.ai/build/sick_lms5xx --target tests -- -j24 -l24
[0.856s] Built target tests
[0.968s] Invoked command in '/home/point001/autoware.ai/build/sick_lms5xx' returned '0': /usr/bin/cmake --build /home/point001/autoware.ai/build/sick_lms5xx --target tests -- -j24 -l24
[1.350s] Invoking command in '/home/point001/autoware.ai/build/sick_lms5xx': /usr/bin/cmake --build /home/point001/autoware.ai/build/sick_lms5xx --target install -- -j24 -l24
[1.487s] [  0%] Built target actionlib_msgs_generate_messages_eus
[1.487s] [  0%] Built target rosgraph_msgs_generate_messages_eus
[1.487s] [  0%] Built target actionlib_generate_messages_eus
[1.487s] [  0%] Built target actionlib_msgs_generate_messages_py
[1.487s] [  0%] Built target geometry_msgs_generate_messages_py
[1.487s] [  0%] Built target std_msgs_generate_messages_eus
[1.488s] [  0%] Built target std_msgs_generate_messages_py
[1.488s] [  0%] Built target actionlib_generate_messages_lisp
[1.488s] [  0%] Built target rosgraph_msgs_generate_messages_py
[1.488s] [  0%] Built target tf2_msgs_generate_messages_cpp
[1.488s] [  0%] Built target tf2_msgs_generate_messages_py
[1.488s] [  0%] Built target rosgraph_msgs_generate_messages_cpp
[1.488s] [  0%] Built target actionlib_generate_messages_py
[1.488s] [  0%] Built target rosgraph_msgs_generate_messages_nodejs
[1.488s] [  0%] Built target tf_generate_messages_eus
[1.488s] [  0%] Built target roscpp_generate_messages_py
[1.488s] [  0%] Built target tf2_msgs_generate_messages_lisp
[1.488s] [  0%] Built target actionlib_msgs_generate_messages_cpp
[1.488s] [  0%] Built target tf2_msgs_generate_messages_nodejs
[1.488s] [  0%] Built target actionlib_msgs_generate_messages_lisp
[1.489s] [  0%] Built target rosgraph_msgs_generate_messages_lisp
[1.489s] [  0%] Built target roscpp_generate_messages_lisp
[1.489s] [  0%] Built target tf2_msgs_generate_messages_eus
[1.489s] [  0%] Built target tf_generate_messages_nodejs
[1.489s] [  0%] Built target roscpp_generate_messages_eus
[1.489s] [  0%] Built target sensor_msgs_generate_messages_py
[1.489s] [  0%] Built target tf_generate_messages_lisp
[1.489s] [  0%] Built target geometry_msgs_generate_messages_lisp
[1.489s] [  0%] Built target actionlib_generate_messages_nodejs
[1.489s] [  0%] Built target geometry_msgs_generate_messages_nodejs
[1.489s] [  0%] Built target roscpp_generate_messages_nodejs
[1.489s] [  0%] Built target std_msgs_generate_messages_lisp
[1.489s] [  0%] Built target actionlib_msgs_generate_messages_nodejs
[1.490s] [  0%] Built target std_msgs_generate_messages_cpp
[1.490s] [  0%] Built target std_msgs_generate_messages_nodejs
[1.490s] [  0%] Built target geometry_msgs_generate_messages_eus
[1.490s] [  0%] Built target sensor_msgs_generate_messages_lisp
[1.490s] [  0%] Built target sensor_msgs_generate_messages_cpp
[1.490s] [  0%] Built target tf_generate_messages_cpp
[1.490s] [  0%] Built target tf_generate_messages_py
[1.490s] [  0%] Built target sensor_msgs_generate_messages_eus
[1.490s] [  0%] Built target sensor_msgs_generate_messages_nodejs
[1.490s] [  0%] Built target roscpp_generate_messages_cpp
[1.490s] [  0%] Built target geometry_msgs_generate_messages_cpp
[1.490s] [  0%] Built target actionlib_generate_messages_cpp
[1.506s] [100%] Built target lms511_node
[1.522s] [36mInstall the project...[0m
[1.528s] -- Install configuration: "Release"
[1.528s] -- Up-to-date: /home/point001/autoware.ai/install/sick_lms5xx/lib/pkgconfig/sick_lms5xx.pc
[1.528s] -- Up-to-date: /home/point001/autoware.ai/install/sick_lms5xx/share/sick_lms5xx/cmake/sick_lms5xxConfig.cmake
[1.528s] -- Up-to-date: /home/point001/autoware.ai/install/sick_lms5xx/share/sick_lms5xx/cmake/sick_lms5xxConfig-version.cmake
[1.528s] -- Up-to-date: /home/point001/autoware.ai/install/sick_lms5xx/share/sick_lms5xx/package.xml
[1.528s] -- Up-to-date: /home/point001/autoware.ai/install/sick_lms5xx/lib/sick_lms5xx/lms511_node
[1.657s] Invoked command in '/home/point001/autoware.ai/build/sick_lms5xx' returned '0': /usr/bin/cmake --build /home/point001/autoware.ai/build/sick_lms5xx --target install -- -j24 -l24
