[0.230s] Invoking command in '/home/point001/autoware.ai/build/sick_ldmrs_driver': CMAKE_PREFIX_PATH=/home/point001/autoware.ai/install/sick_ldmrs_msgs:/home/point001/autoware.ai/install/sick_ldmrs_description:${CMAKE_PREFIX_PATH} PKG_CONFIG_PATH=/home/point001/autoware.ai/install/sick_ldmrs_msgs/lib/x86_64-linux-gnu/pkgconfig:/home/point001/autoware.ai/install/sick_ldmrs_msgs/lib/pkgconfig:/home/point001/autoware.ai/install/sick_ldmrs_description/lib/x86_64-linux-gnu/pkgconfig:/home/point001/autoware.ai/install/sick_ldmrs_description/lib/pkgconfig:${PKG_CONFIG_PATH} PYTHONPATH=/home/point001/autoware.ai/install/sick_ldmrs_msgs/lib/python2.7/dist-packages:${PYTHONPATH} ROS_PACKAGE_PATH=/home/point001/autoware.ai/install/sick_ldmrs_msgs/share:/home/point001/autoware.ai/install/sick_ldmrs_description/share:${ROS_PACKAGE_PATH} /usr/bin/cmake --build /home/point001/autoware.ai/build/sick_ldmrs_driver -- -j24 -l24
[0.317s] [  0%] Built target rosgraph_msgs_generate_messages_lisp
[0.329s] [  0%] Built target tf_generate_messages_nodejs
[0.329s] [  0%] Built target sick_ldmrs_msgs_generate_messages_lisp
[0.330s] [  0%] Built target pcl_msgs_generate_messages_eus
[0.333s] [  0%] Built target dynamic_reconfigure_generate_messages_nodejs
[0.334s] [  0%] Built target std_msgs_generate_messages_cpp
[0.335s] [  0%] Built target rosgraph_msgs_generate_messages_eus
[0.335s] [  1%] Built target sick_ldmrs_driver_gencfg
[0.335s] [  1%] Built target dynamic_reconfigure_generate_messages_lisp
[0.338s] [  1%] Built target roscpp_generate_messages_lisp
[0.338s] [  1%] Built target actionlib_msgs_generate_messages_nodejs
[0.339s] [  1%] Built target pcl_msgs_generate_messages_cpp
[0.339s] [  1%] Built target roscpp_generate_messages_py
[0.341s] [  1%] Built target rosgraph_msgs_generate_messages_cpp
[0.342s] [  1%] Built target geometry_msgs_generate_messages_eus
[0.345s] [  1%] Built target sensor_msgs_generate_messages_lisp
[0.351s] [  1%] Built target pcl_msgs_generate_messages_nodejs
[0.351s] [  1%] Built target diagnostic_msgs_generate_messages_nodejs
[0.351s] [  1%] Built target dynamic_reconfigure_generate_messages_py
[0.351s] [  1%] Built target tf2_msgs_generate_messages_lisp
[0.354s] [  1%] Built target dynamic_reconfigure_gencfg
[0.359s] [  1%] Built target tf_generate_messages_lisp
[0.361s] [ 49%] Built target sick_ldmrs
[0.362s] [ 49%] Built target rosgraph_msgs_generate_messages_nodejs
[0.375s] [ 49%] Built target tf_generate_messages_eus
[0.375s] [ 49%] Built target pcl_msgs_generate_messages_py
[0.376s] [ 49%] Built target diagnostic_msgs_generate_messages_cpp
[0.387s] [ 49%] Built target actionlib_msgs_generate_messages_cpp
[0.393s] [ 49%] Built target actionlib_generate_messages_eus
[0.400s] [ 49%] Built target actionlib_generate_messages_nodejs
[0.400s] [ 49%] Built target tf2_msgs_generate_messages_py
[0.401s] [ 49%] Built target roscpp_generate_messages_eus
[0.401s] [ 49%] Built target actionlib_generate_messages_lisp
[0.402s] [ 49%] Built target geometry_msgs_generate_messages_cpp
[0.402s] [ 49%] Built target rosgraph_msgs_generate_messages_py
[0.417s] [ 49%] Built target tf_generate_messages_cpp
[0.417s] [ 49%] Built target pcl_msgs_generate_messages_lisp
[0.418s] [ 49%] Built target sick_ldmrs_msgs_generate_messages_py
[0.418s] [ 49%] Built target actionlib_generate_messages_py
[0.418s] [ 49%] Built target tf2_msgs_generate_messages_eus
[0.421s] [ 49%] Built target diagnostic_msgs_generate_messages_lisp
[0.426s] [ 49%] Built target tf2_msgs_generate_messages_cpp
[0.426s] [ 49%] Built target actionlib_msgs_generate_messages_lisp
[0.431s] [ 49%] Built target dynamic_reconfigure_generate_messages_eus
[0.434s] [ 49%] Built target std_msgs_generate_messages_eus
[0.434s] [ 49%] Built target tf2_msgs_generate_messages_nodejs
[0.435s] [ 49%] Built target diagnostic_msgs_generate_messages_eus
[0.448s] [ 49%] Built target actionlib_msgs_generate_messages_py
[0.449s] [ 49%] Built target sick_ldmrs_msgs_generate_messages_nodejs
[0.451s] [ 49%] Built target std_msgs_generate_messages_lisp
[0.460s] [ 49%] Built target actionlib_msgs_generate_messages_eus
[0.462s] [ 49%] Built target actionlib_generate_messages_cpp
[0.465s] [ 49%] Built target geometry_msgs_generate_messages_nodejs
[0.465s] [ 49%] Built target std_msgs_generate_messages_py
[0.474s] [ 49%] Built target diagnostic_msgs_generate_messages_py
[0.474s] [ 49%] Built target roscpp_generate_messages_nodejs
[0.478s] [ 49%] Built target sensor_msgs_generate_messages_cpp
[0.480s] [ 49%] Built target geometry_msgs_generate_messages_py
[0.480s] [ 49%] Built target sensor_msgs_generate_messages_py
[0.482s] [ 49%] Built target sick_ldmrs_msgs_generate_messages_eus
[0.496s] [ 49%] Built target geometry_msgs_generate_messages_lisp
[0.496s] [ 49%] Built target dynamic_reconfigure_generate_messages_cpp
[0.496s] [ 49%] Built target sensor_msgs_generate_messages_nodejs
[0.496s] [ 49%] Built target sensor_msgs_generate_messages_eus
[0.496s] [ 49%] Built target sick_ldmrs_msgs_generate_messages_cpp
[0.498s] [ 49%] Built target std_msgs_generate_messages_nodejs
[0.501s] [ 49%] Built target tf_generate_messages_py
[0.504s] [ 49%] Built target roscpp_generate_messages_cpp
[0.516s] [ 97%] Built target LDMRS_Example
[0.544s] [100%] Built target sick_ldmrs_node
[0.606s] Invoked command in '/home/point001/autoware.ai/build/sick_ldmrs_driver' returned '0': CMAKE_PREFIX_PATH=/home/point001/autoware.ai/install/sick_ldmrs_msgs:/home/point001/autoware.ai/install/sick_ldmrs_description:${CMAKE_PREFIX_PATH} PKG_CONFIG_PATH=/home/point001/autoware.ai/install/sick_ldmrs_msgs/lib/x86_64-linux-gnu/pkgconfig:/home/point001/autoware.ai/install/sick_ldmrs_msgs/lib/pkgconfig:/home/point001/autoware.ai/install/sick_ldmrs_description/lib/x86_64-linux-gnu/pkgconfig:/home/point001/autoware.ai/install/sick_ldmrs_description/lib/pkgconfig:${PKG_CONFIG_PATH} PYTHONPATH=/home/point001/autoware.ai/install/sick_ldmrs_msgs/lib/python2.7/dist-packages:${PYTHONPATH} ROS_PACKAGE_PATH=/home/point001/autoware.ai/install/sick_ldmrs_msgs/share:/home/point001/autoware.ai/install/sick_ldmrs_description/share:${ROS_PACKAGE_PATH} /usr/bin/cmake --build /home/point001/autoware.ai/build/sick_ldmrs_driver -- -j24 -l24
[0.911s] Invoking command in '/home/point001/autoware.ai/build/sick_ldmrs_driver': CMAKE_PREFIX_PATH=/home/point001/autoware.ai/install/sick_ldmrs_msgs:/home/point001/autoware.ai/install/sick_ldmrs_description:${CMAKE_PREFIX_PATH} PKG_CONFIG_PATH=/home/point001/autoware.ai/install/sick_ldmrs_msgs/lib/x86_64-linux-gnu/pkgconfig:/home/point001/autoware.ai/install/sick_ldmrs_msgs/lib/pkgconfig:/home/point001/autoware.ai/install/sick_ldmrs_description/lib/x86_64-linux-gnu/pkgconfig:/home/point001/autoware.ai/install/sick_ldmrs_description/lib/pkgconfig:${PKG_CONFIG_PATH} PYTHONPATH=/home/point001/autoware.ai/install/sick_ldmrs_msgs/lib/python2.7/dist-packages:${PYTHONPATH} ROS_PACKAGE_PATH=/home/point001/autoware.ai/install/sick_ldmrs_msgs/share:/home/point001/autoware.ai/install/sick_ldmrs_description/share:${ROS_PACKAGE_PATH} /usr/bin/cmake --build /home/point001/autoware.ai/build/sick_ldmrs_driver --target tests -- -j24 -l24
[1.014s] Built target tests
[1.113s] Invoked command in '/home/point001/autoware.ai/build/sick_ldmrs_driver' returned '0': CMAKE_PREFIX_PATH=/home/point001/autoware.ai/install/sick_ldmrs_msgs:/home/point001/autoware.ai/install/sick_ldmrs_description:${CMAKE_PREFIX_PATH} PKG_CONFIG_PATH=/home/point001/autoware.ai/install/sick_ldmrs_msgs/lib/x86_64-linux-gnu/pkgconfig:/home/point001/autoware.ai/install/sick_ldmrs_msgs/lib/pkgconfig:/home/point001/autoware.ai/install/sick_ldmrs_description/lib/x86_64-linux-gnu/pkgconfig:/home/point001/autoware.ai/install/sick_ldmrs_description/lib/pkgconfig:${PKG_CONFIG_PATH} PYTHONPATH=/home/point001/autoware.ai/install/sick_ldmrs_msgs/lib/python2.7/dist-packages:${PYTHONPATH} ROS_PACKAGE_PATH=/home/point001/autoware.ai/install/sick_ldmrs_msgs/share:/home/point001/autoware.ai/install/sick_ldmrs_description/share:${ROS_PACKAGE_PATH} /usr/bin/cmake --build /home/point001/autoware.ai/build/sick_ldmrs_driver --target tests -- -j24 -l24
[1.557s] Invoking command in '/home/point001/autoware.ai/build/sick_ldmrs_driver': CMAKE_PREFIX_PATH=/home/point001/autoware.ai/install/sick_ldmrs_msgs:/home/point001/autoware.ai/install/sick_ldmrs_description:${CMAKE_PREFIX_PATH} PKG_CONFIG_PATH=/home/point001/autoware.ai/install/sick_ldmrs_msgs/lib/x86_64-linux-gnu/pkgconfig:/home/point001/autoware.ai/install/sick_ldmrs_msgs/lib/pkgconfig:/home/point001/autoware.ai/install/sick_ldmrs_description/lib/x86_64-linux-gnu/pkgconfig:/home/point001/autoware.ai/install/sick_ldmrs_description/lib/pkgconfig:${PKG_CONFIG_PATH} PYTHONPATH=/home/point001/autoware.ai/install/sick_ldmrs_msgs/lib/python2.7/dist-packages:${PYTHONPATH} ROS_PACKAGE_PATH=/home/point001/autoware.ai/install/sick_ldmrs_msgs/share:/home/point001/autoware.ai/install/sick_ldmrs_description/share:${ROS_PACKAGE_PATH} /usr/bin/cmake --build /home/point001/autoware.ai/build/sick_ldmrs_driver --target install -- -j24 -l24
[1.716s] [  0%] Built target pcl_msgs_generate_messages_eus
[1.716s] [  0%] Built target dynamic_reconfigure_generate_messages_lisp
[1.716s] [  0%] Built target pcl_msgs_generate_messages_cpp
[1.716s] [  0%] Built target actionlib_msgs_generate_messages_nodejs
[1.716s] [  0%] Built target std_msgs_generate_messages_cpp
[1.716s] [  0%] Built target tf_generate_messages_nodejs
[1.716s] [  0%] Built target dynamic_reconfigure_generate_messages_py
[1.716s] [  0%] Built target rosgraph_msgs_generate_messages_nodejs
[1.716s] [  0%] Built target dynamic_reconfigure_generate_messages_nodejs
[1.716s] [  0%] Built target pcl_msgs_generate_messages_nodejs
[1.716s] [  1%] Built target sick_ldmrs_driver_gencfg
[1.716s] [  1%] Built target roscpp_generate_messages_py
[1.716s] [  1%] Built target tf2_msgs_generate_messages_lisp
[1.716s] [  1%] Built target rosgraph_msgs_generate_messages_cpp
[1.716s] [  1%] Built target dynamic_reconfigure_gencfg
[1.716s] [  1%] Built target roscpp_generate_messages_lisp
[1.717s] [  1%] Built target tf_generate_messages_lisp
[1.717s] [  1%] Built target sick_ldmrs_msgs_generate_messages_lisp
[1.717s] [  1%] Built target geometry_msgs_generate_messages_eus
[1.717s] [  1%] Built target rosgraph_msgs_generate_messages_eus
[1.717s] [  1%] Built target rosgraph_msgs_generate_messages_lisp
[1.717s] [ 49%] Built target sick_ldmrs
[1.717s] [ 49%] Built target sensor_msgs_generate_messages_lisp
[1.717s] [ 49%] Built target diagnostic_msgs_generate_messages_nodejs
[1.717s] [ 49%] Built target tf_generate_messages_cpp
[1.717s] [ 49%] Built target actionlib_generate_messages_lisp
[1.717s] [ 49%] Built target diagnostic_msgs_generate_messages_cpp
[1.717s] [ 49%] Built target tf2_msgs_generate_messages_py
[1.717s] [ 49%] Built target pcl_msgs_generate_messages_py
[1.717s] [ 49%] Built target roscpp_generate_messages_eus
[1.717s] [ 49%] Built target pcl_msgs_generate_messages_lisp
[1.717s] [ 49%] Built target actionlib_generate_messages_eus
[1.717s] [ 49%] Built target rosgraph_msgs_generate_messages_py
[1.718s] [ 49%] Built target actionlib_generate_messages_nodejs
[1.718s] [ 49%] Built target actionlib_msgs_generate_messages_eus
[1.718s] [ 49%] Built target actionlib_generate_messages_py
[1.718s] [ 49%] Built target geometry_msgs_generate_messages_cpp
[1.718s] [ 49%] Built target tf_generate_messages_eus
[1.718s] [ 49%] Built target sick_ldmrs_msgs_generate_messages_py
[1.718s] [ 49%] Built target actionlib_msgs_generate_messages_py
[1.718s] [ 49%] Built target tf2_msgs_generate_messages_eus
[1.718s] [ 49%] Built target actionlib_msgs_generate_messages_cpp
[1.718s] [ 49%] Built target std_msgs_generate_messages_eus
[1.718s] [ 49%] Built target actionlib_msgs_generate_messages_lisp
[1.718s] [ 49%] Built target tf2_msgs_generate_messages_cpp
[1.718s] [ 49%] Built target diagnostic_msgs_generate_messages_py
[1.718s] [ 49%] Built target tf2_msgs_generate_messages_nodejs
[1.718s] [ 49%] Built target std_msgs_generate_messages_nodejs
[1.718s] [ 49%] Built target sick_ldmrs_msgs_generate_messages_nodejs
[1.718s] [ 49%] Built target diagnostic_msgs_generate_messages_eus
[1.719s] [ 49%] Built target std_msgs_generate_messages_lisp
[1.719s] [ 49%] Built target roscpp_generate_messages_nodejs
[1.719s] [ 49%] Built target sick_ldmrs_msgs_generate_messages_eus
[1.719s] [ 49%] Built target sensor_msgs_generate_messages_nodejs
[1.719s] [ 49%] Built target diagnostic_msgs_generate_messages_lisp
[1.719s] [ 49%] Built target std_msgs_generate_messages_py
[1.719s] [ 49%] Built target geometry_msgs_generate_messages_nodejs
[1.719s] [ 49%] Built target dynamic_reconfigure_generate_messages_eus
[1.719s] [ 49%] Built target sensor_msgs_generate_messages_cpp
[1.719s] [ 49%] Built target sensor_msgs_generate_messages_py
[1.719s] [ 49%] Built target roscpp_generate_messages_cpp
[1.719s] [ 49%] Built target actionlib_generate_messages_cpp
[1.719s] [ 49%] Built target dynamic_reconfigure_generate_messages_cpp
[1.719s] [ 49%] Built target sensor_msgs_generate_messages_eus
[1.719s] [ 49%] Built target sick_ldmrs_msgs_generate_messages_cpp
[1.719s] [ 49%] Built target tf_generate_messages_py
[1.719s] [ 49%] Built target geometry_msgs_generate_messages_lisp
[1.720s] [ 49%] Built target geometry_msgs_generate_messages_py
[1.720s] [ 97%] Built target LDMRS_Example
[1.732s] [100%] Built target sick_ldmrs_node
[1.750s] [36mInstall the project...[0m
[1.756s] -- Install configuration: "Release"
[1.756s] -- Up-to-date: /home/point001/autoware.ai/install/sick_ldmrs_driver/include/sick_ldmrs_driver/SickLDMRSDriverConfig.h
[1.757s] -- Up-to-date: /home/point001/autoware.ai/install/sick_ldmrs_driver/lib/python2.7/dist-packages/sick_ldmrs_driver/__init__.py
[1.765s] Listing /home/point001/autoware.ai/build/sick_ldmrs_driver/devel/lib/python2.7/dist-packages/sick_ldmrs_driver/cfg ...
[1.769s] -- Up-to-date: /home/point001/autoware.ai/install/sick_ldmrs_driver/lib/python2.7/dist-packages/sick_ldmrs_driver/cfg
[1.770s] -- Up-to-date: /home/point001/autoware.ai/install/sick_ldmrs_driver/lib/python2.7/dist-packages/sick_ldmrs_driver/cfg/__init__.py
[1.770s] -- Up-to-date: /home/point001/autoware.ai/install/sick_ldmrs_driver/lib/python2.7/dist-packages/sick_ldmrs_driver/cfg/__init__.pyc
[1.772s] -- Up-to-date: /home/point001/autoware.ai/install/sick_ldmrs_driver/lib/python2.7/dist-packages/sick_ldmrs_driver/cfg/SickLDMRSDriverConfig.py
[1.773s] -- Up-to-date: /home/point001/autoware.ai/install/sick_ldmrs_driver/lib/python2.7/dist-packages/sick_ldmrs_driver/cfg/SickLDMRSDriverConfig.pyc
[1.773s] -- Up-to-date: /home/point001/autoware.ai/install/sick_ldmrs_driver/lib/pkgconfig/sick_ldmrs_driver.pc
[1.774s] -- Up-to-date: /home/point001/autoware.ai/install/sick_ldmrs_driver/share/sick_ldmrs_driver/cmake/sick_ldmrs_driverConfig.cmake
[1.774s] -- Up-to-date: /home/point001/autoware.ai/install/sick_ldmrs_driver/share/sick_ldmrs_driver/cmake/sick_ldmrs_driverConfig-version.cmake
[1.774s] -- Up-to-date: /home/point001/autoware.ai/install/sick_ldmrs_driver/share/sick_ldmrs_driver/package.xml
[1.774s] -- Up-to-date: /home/point001/autoware.ai/install/sick_ldmrs_driver/include/sick_ldmrs_driver
[1.775s] -- Up-to-date: /home/point001/autoware.ai/install/sick_ldmrs_driver/include/sick_ldmrs_driver/sick_ldmrs_node.hpp
[1.775s] -- Up-to-date: /home/point001/autoware.ai/install/sick_ldmrs_driver/lib/sick_ldmrs_driver/sick_ldmrs_node
[1.775s] -- Up-to-date: /home/point001/autoware.ai/install/sick_ldmrs_driver/share/sick_ldmrs_driver/config
[1.775s] -- Up-to-date: /home/point001/autoware.ai/install/sick_ldmrs_driver/share/sick_ldmrs_driver/config/analyzers.yaml
[1.775s] -- Up-to-date: /home/point001/autoware.ai/install/sick_ldmrs_driver/share/sick_ldmrs_driver/launch
[1.775s] -- Up-to-date: /home/point001/autoware.ai/install/sick_ldmrs_driver/share/sick_ldmrs_driver/launch/sick_ldmrs_node.launch
[1.775s] -- Up-to-date: /home/point001/autoware.ai/install/sick_ldmrs_driver/share/sick_ldmrs_driver/launch/sick_ldmrs_node_with_aggregator.launch
[1.775s] -- Up-to-date: /home/point001/autoware.ai/install/sick_ldmrs_driver/share/sick_ldmrs_driver/launch/sick_ldmrs.launch
[1.775s] -- Up-to-date: /home/point001/autoware.ai/install/sick_ldmrs_driver/lib/cmake/SickLDMRS/SickLDMRSConfig.cmake
[1.775s] -- Up-to-date: /home/point001/autoware.ai/install/sick_ldmrs_driver/lib/cmake/SickLDMRS/SickLDMRSConfigVersion.cmake
[1.775s] -- Up-to-date: /home/point001/autoware.ai/install/sick_ldmrs_driver/lib/cmake/SickLDMRS/SickLDMRSTargets.cmake
[1.776s] -- Up-to-date: /home/point001/autoware.ai/install/sick_ldmrs_driver/lib/cmake/SickLDMRS/SickLDMRSTargets-release.cmake
[1.776s] -- Up-to-date: /home/point001/autoware.ai/install/sick_ldmrs_driver/share/sick_ldmrs/package.xml
[1.776s] -- Up-to-date: /home/point001/autoware.ai/install/sick_ldmrs_driver/bin/LDMRS_Example
[1.776s] -- Up-to-date: /home/point001/autoware.ai/install/sick_ldmrs_driver/lib/libsick_ldmrs.so.0.1.0
[1.776s] -- Up-to-date: /home/point001/autoware.ai/install/sick_ldmrs_driver/lib/libsick_ldmrs.so.0
[1.776s] -- Up-to-date: /home/point001/autoware.ai/install/sick_ldmrs_driver/lib/libsick_ldmrs.so
[1.776s] -- Up-to-date: /home/point001/autoware.ai/install/sick_ldmrs_driver/include/sick_ldmrs/.
[1.776s] -- Up-to-date: /home/point001/autoware.ai/install/sick_ldmrs_driver/include/sick_ldmrs/./manager.hpp
[1.776s] -- Up-to-date: /home/point001/autoware.ai/install/sick_ldmrs_driver/include/sick_ldmrs/./application
[1.776s] -- Up-to-date: /home/point001/autoware.ai/install/sick_ldmrs_driver/include/sick_ldmrs/./application/LdmrsFieldApp.hpp
[1.776s] -- Up-to-date: /home/point001/autoware.ai/install/sick_ldmrs_driver/include/sick_ldmrs/./application/LdmrsSectorChangeApp.hpp
[1.777s] -- Up-to-date: /home/point001/autoware.ai/install/sick_ldmrs_driver/include/sick_ldmrs/./application/BasicApplication.hpp
[1.777s] -- Up-to-date: /home/point001/autoware.ai/install/sick_ldmrs_driver/include/sick_ldmrs/./application/LdmrsNtpTimeApp.hpp
[1.777s] -- Up-to-date: /home/point001/autoware.ai/install/sick_ldmrs_driver/include/sick_ldmrs/./application/LdmrsScanpointCoordinateApp.hpp
[1.777s] -- Up-to-date: /home/point001/autoware.ai/install/sick_ldmrs_driver/include/sick_ldmrs/./application/LdmrsApp.hpp
[1.777s] -- Up-to-date: /home/point001/autoware.ai/install/sick_ldmrs_driver/include/sick_ldmrs/./datatypes
[1.777s] -- Up-to-date: /home/point001/autoware.ai/install/sick_ldmrs_driver/include/sick_ldmrs/./datatypes/Fields.hpp
[1.777s] -- Up-to-date: /home/point001/autoware.ai/install/sick_ldmrs_driver/include/sick_ldmrs/./datatypes/ScanPoint.hpp
[1.778s] -- Up-to-date: /home/point001/autoware.ai/install/sick_ldmrs_driver/include/sick_ldmrs/./datatypes/Scan.hpp
[1.778s] -- Up-to-date: /home/point001/autoware.ai/install/sick_ldmrs_driver/include/sick_ldmrs/./datatypes/FieldDescription.hpp
[1.778s] -- Up-to-date: /home/point001/autoware.ai/install/sick_ldmrs_driver/include/sick_ldmrs/./datatypes/PositionWGS84.hpp
[1.778s] -- Up-to-date: /home/point001/autoware.ai/install/sick_ldmrs_driver/include/sick_ldmrs/./datatypes/Point2D.hpp
[1.778s] -- Up-to-date: /home/point001/autoware.ai/install/sick_ldmrs_driver/include/sick_ldmrs/./datatypes/EvalCaseResults.hpp
[1.778s] -- Up-to-date: /home/point001/autoware.ai/install/sick_ldmrs_driver/include/sick_ldmrs/./datatypes/SensorStateInfo.hpp
[1.778s] -- Up-to-date: /home/point001/autoware.ai/install/sick_ldmrs_driver/include/sick_ldmrs/./datatypes/Point3D.hpp
[1.778s] -- Up-to-date: /home/point001/autoware.ai/install/sick_ldmrs_driver/include/sick_ldmrs/./datatypes/Msg.hpp
[1.778s] -- Up-to-date: /home/point001/autoware.ai/install/sick_ldmrs_driver/include/sick_ldmrs/./datatypes/Circle2D.hpp
[1.779s] -- Up-to-date: /home/point001/autoware.ai/install/sick_ldmrs_driver/include/sick_ldmrs/./datatypes/Trigger.hpp
[1.779s] -- Up-to-date: /home/point001/autoware.ai/install/sick_ldmrs_driver/include/sick_ldmrs/./datatypes/Line2D.hpp
[1.779s] -- Up-to-date: /home/point001/autoware.ai/install/sick_ldmrs_driver/include/sick_ldmrs/./datatypes/FieldParameter.hpp
[1.779s] -- Up-to-date: /home/point001/autoware.ai/install/sick_ldmrs_driver/include/sick_ldmrs/./datatypes/Polygon3D.hpp
[1.779s] -- Up-to-date: /home/point001/autoware.ai/install/sick_ldmrs_driver/include/sick_ldmrs/./datatypes/Box2D.hpp
[1.779s] -- Up-to-date: /home/point001/autoware.ai/install/sick_ldmrs_driver/include/sick_ldmrs/./datatypes/Position3D.hpp
[1.779s] -- Up-to-date: /home/point001/autoware.ai/install/sick_ldmrs_driver/include/sick_ldmrs/./datatypes/Ellipse2D.hpp
[1.779s] -- Up-to-date: /home/point001/autoware.ai/install/sick_ldmrs_driver/include/sick_ldmrs/./datatypes/EvalCase.hpp
[1.779s] -- Up-to-date: /home/point001/autoware.ai/install/sick_ldmrs_driver/include/sick_ldmrs/./datatypes/Object.hpp
[1.779s] -- Up-to-date: /home/point001/autoware.ai/install/sick_ldmrs_driver/include/sick_ldmrs/./datatypes/Polygon2D.hpp
[1.779s] -- Up-to-date: /home/point001/autoware.ai/install/sick_ldmrs_driver/include/sick_ldmrs/./datatypes/EvalCaseResult.hpp
[1.780s] -- Up-to-date: /home/point001/autoware.ai/install/sick_ldmrs_driver/include/sick_ldmrs/./datatypes/EvalCases.hpp
[1.780s] -- Up-to-date: /home/point001/autoware.ai/install/sick_ldmrs_driver/include/sick_ldmrs/./datatypes/ScannerInfo.hpp
[1.780s] -- Up-to-date: /home/point001/autoware.ai/install/sick_ldmrs_driver/include/sick_ldmrs/./datatypes/Measurement.hpp
[1.780s] -- Up-to-date: /home/point001/autoware.ai/install/sick_ldmrs_driver/include/sick_ldmrs/./BasicDatatypes.hpp
[1.780s] -- Up-to-date: /home/point001/autoware.ai/install/sick_ldmrs_driver/include/sick_ldmrs/./tools
[1.780s] -- Up-to-date: /home/point001/autoware.ai/install/sick_ldmrs_driver/include/sick_ldmrs/./tools/MathToolbox.hpp
[1.780s] -- Up-to-date: /home/point001/autoware.ai/install/sick_ldmrs_driver/include/sick_ldmrs/./tools/errorhandler.hpp
[1.780s] -- Up-to-date: /home/point001/autoware.ai/install/sick_ldmrs_driver/include/sick_ldmrs/./tools/Time.hpp
[1.780s] -- Up-to-date: /home/point001/autoware.ai/install/sick_ldmrs_driver/include/sick_ldmrs/./tools/SickThread.hpp
[1.780s] -- Up-to-date: /home/point001/autoware.ai/install/sick_ldmrs_driver/include/sick_ldmrs/./tools/BasicDataBuffer.hpp
[1.780s] -- Up-to-date: /home/point001/autoware.ai/install/sick_ldmrs_driver/include/sick_ldmrs/./tools/Timer.hpp
[1.780s] -- Up-to-date: /home/point001/autoware.ai/install/sick_ldmrs_driver/include/sick_ldmrs/./tools/toolbox.hpp
[1.782s] -- Up-to-date: /home/point001/autoware.ai/install/sick_ldmrs_driver/include/sick_ldmrs/./tools/WatchdogTimer.hpp
[1.783s] -- Up-to-date: /home/point001/autoware.ai/install/sick_ldmrs_driver/include/sick_ldmrs/./tools/Mutex.hpp
[1.783s] -- Up-to-date: /home/point001/autoware.ai/install/sick_ldmrs_driver/include/sick_ldmrs/./sopas
[1.783s] -- Up-to-date: /home/point001/autoware.ai/install/sick_ldmrs_driver/include/sick_ldmrs/./sopas/colaa.hpp
[1.783s] -- Up-to-date: /home/point001/autoware.ai/install/sick_ldmrs_driver/include/sick_ldmrs/./sopas/LdmrsSopasLayer.hpp
[1.783s] -- Up-to-date: /home/point001/autoware.ai/install/sick_ldmrs_driver/include/sick_ldmrs/./sopas/colab.hpp
[1.783s] -- Up-to-date: /home/point001/autoware.ai/install/sick_ldmrs_driver/include/sick_ldmrs/./sopas/SopasBase.hpp
[1.784s] -- Up-to-date: /home/point001/autoware.ai/install/sick_ldmrs_driver/include/sick_ldmrs/./interfaces
[1.784s] -- Up-to-date: /home/point001/autoware.ai/install/sick_ldmrs_driver/include/sick_ldmrs/./interfaces/tcp.hpp
[1.784s] -- Up-to-date: /home/point001/autoware.ai/install/sick_ldmrs_driver/include/sick_ldmrs/./interfaces/file.hpp
[1.784s] -- Up-to-date: /home/point001/autoware.ai/install/sick_ldmrs_driver/include/sick_ldmrs/./devices
[1.784s] -- Up-to-date: /home/point001/autoware.ai/install/sick_ldmrs_driver/include/sick_ldmrs/./devices/LuxBase.hpp
[1.784s] -- Up-to-date: /home/point001/autoware.ai/install/sick_ldmrs_driver/include/sick_ldmrs/./devices/BasicDevice.hpp
[1.784s] -- Up-to-date: /home/point001/autoware.ai/install/sick_ldmrs_driver/include/sick_ldmrs/./devices/LD_MRS.hpp
[2.111s] Invoked command in '/home/point001/autoware.ai/build/sick_ldmrs_driver' returned '0': CMAKE_PREFIX_PATH=/home/point001/autoware.ai/install/sick_ldmrs_msgs:/home/point001/autoware.ai/install/sick_ldmrs_description:${CMAKE_PREFIX_PATH} PKG_CONFIG_PATH=/home/point001/autoware.ai/install/sick_ldmrs_msgs/lib/x86_64-linux-gnu/pkgconfig:/home/point001/autoware.ai/install/sick_ldmrs_msgs/lib/pkgconfig:/home/point001/autoware.ai/install/sick_ldmrs_description/lib/x86_64-linux-gnu/pkgconfig:/home/point001/autoware.ai/install/sick_ldmrs_description/lib/pkgconfig:${PKG_CONFIG_PATH} PYTHONPATH=/home/point001/autoware.ai/install/sick_ldmrs_msgs/lib/python2.7/dist-packages:${PYTHONPATH} ROS_PACKAGE_PATH=/home/point001/autoware.ai/install/sick_ldmrs_msgs/share:/home/point001/autoware.ai/install/sick_ldmrs_description/share:${ROS_PACKAGE_PATH} /usr/bin/cmake --build /home/point001/autoware.ai/build/sick_ldmrs_driver --target install -- -j24 -l24
