[0.187s] Invoking command in '/home/point001/autoware.ai/build/wf_simulator': CMAKE_PREFIX_PATH=/home/point001/autoware.ai/install/vehicle_sim_model:/home/point001/autoware.ai/install/autoware_health_checker:/home/point001/autoware.ai/install/amathutils_lib:/home/point001/autoware.ai/install/ros_observer:/home/point001/autoware.ai/install/autoware_system_msgs:/home/point001/autoware.ai/install/autoware_msgs:/home/point001/autoware.ai/install/autoware_build_flags:${CMAKE_PREFIX_PATH} LD_LIBRARY_PATH=/home/point001/autoware.ai/install/vehicle_sim_model/lib:/home/point001/autoware.ai/install/autoware_health_checker/lib:/home/point001/autoware.ai/install/amathutils_lib/lib:/home/point001/autoware.ai/install/ros_observer/lib:${LD_LIBRARY_PATH} PKG_CONFIG_PATH=/home/point001/autoware.ai/install/vehicle_sim_model/lib/x86_64-linux-gnu/pkgconfig:/home/point001/autoware.ai/install/vehicle_sim_model/lib/pkgconfig:/home/point001/autoware.ai/install/autoware_health_checker/lib/x86_64-linux-gnu/pkgconfig:/home/point001/autoware.ai/install/autoware_health_checker/lib/pkgconfig:/home/point001/autoware.ai/install/amathutils_lib/lib/x86_64-linux-gnu/pkgconfig:/home/point001/autoware.ai/install/amathutils_lib/lib/pkgconfig:/home/point001/autoware.ai/install/ros_observer/lib/x86_64-linux-gnu/pkgconfig:/home/point001/autoware.ai/install/ros_observer/lib/pkgconfig:/home/point001/autoware.ai/install/autoware_system_msgs/lib/x86_64-linux-gnu/pkgconfig:/home/point001/autoware.ai/install/autoware_system_msgs/lib/pkgconfig:/home/point001/autoware.ai/install/autoware_msgs/lib/x86_64-linux-gnu/pkgconfig:/home/point001/autoware.ai/install/autoware_msgs/lib/pkgconfig:/home/point001/autoware.ai/install/autoware_build_flags/lib/x86_64-linux-gnu/pkgconfig:/home/point001/autoware.ai/install/autoware_build_flags/lib/pkgconfig:${PKG_CONFIG_PATH} PYTHONPATH=/home/point001/autoware.ai/install/autoware_system_msgs/lib/python2.7/dist-packages:/home/point001/autoware.ai/install/autoware_msgs/lib/python2.7/dist-packages:${PYTHONPATH} ROS_PACKAGE_PATH=/home/point001/autoware.ai/install/vehicle_sim_model/share:/home/point001/autoware.ai/install/autoware_health_checker/share:/home/point001/autoware.ai/install/amathutils_lib/share:/home/point001/autoware.ai/install/ros_observer/share:/home/point001/autoware.ai/install/autoware_system_msgs/share:/home/point001/autoware.ai/install/autoware_msgs/share:/home/point001/autoware.ai/install/autoware_build_flags/share:${ROS_PACKAGE_PATH} /usr/bin/cmake --build /home/point001/autoware.ai/build/wf_simulator -- -j24 -l24
[0.389s] [100%] Built target wf_simulator
[0.483s] Invoked command in '/home/point001/autoware.ai/build/wf_simulator' returned '0': CMAKE_PREFIX_PATH=/home/point001/autoware.ai/install/vehicle_sim_model:/home/point001/autoware.ai/install/autoware_health_checker:/home/point001/autoware.ai/install/amathutils_lib:/home/point001/autoware.ai/install/ros_observer:/home/point001/autoware.ai/install/autoware_system_msgs:/home/point001/autoware.ai/install/autoware_msgs:/home/point001/autoware.ai/install/autoware_build_flags:${CMAKE_PREFIX_PATH} LD_LIBRARY_PATH=/home/point001/autoware.ai/install/vehicle_sim_model/lib:/home/point001/autoware.ai/install/autoware_health_checker/lib:/home/point001/autoware.ai/install/amathutils_lib/lib:/home/point001/autoware.ai/install/ros_observer/lib:${LD_LIBRARY_PATH} PKG_CONFIG_PATH=/home/point001/autoware.ai/install/vehicle_sim_model/lib/x86_64-linux-gnu/pkgconfig:/home/point001/autoware.ai/install/vehicle_sim_model/lib/pkgconfig:/home/point001/autoware.ai/install/autoware_health_checker/lib/x86_64-linux-gnu/pkgconfig:/home/point001/autoware.ai/install/autoware_health_checker/lib/pkgconfig:/home/point001/autoware.ai/install/amathutils_lib/lib/x86_64-linux-gnu/pkgconfig:/home/point001/autoware.ai/install/amathutils_lib/lib/pkgconfig:/home/point001/autoware.ai/install/ros_observer/lib/x86_64-linux-gnu/pkgconfig:/home/point001/autoware.ai/install/ros_observer/lib/pkgconfig:/home/point001/autoware.ai/install/autoware_system_msgs/lib/x86_64-linux-gnu/pkgconfig:/home/point001/autoware.ai/install/autoware_system_msgs/lib/pkgconfig:/home/point001/autoware.ai/install/autoware_msgs/lib/x86_64-linux-gnu/pkgconfig:/home/point001/autoware.ai/install/autoware_msgs/lib/pkgconfig:/home/point001/autoware.ai/install/autoware_build_flags/lib/x86_64-linux-gnu/pkgconfig:/home/point001/autoware.ai/install/autoware_build_flags/lib/pkgconfig:${PKG_CONFIG_PATH} PYTHONPATH=/home/point001/autoware.ai/install/autoware_system_msgs/lib/python2.7/dist-packages:/home/point001/autoware.ai/install/autoware_msgs/lib/python2.7/dist-packages:${PYTHONPATH} ROS_PACKAGE_PATH=/home/point001/autoware.ai/install/vehicle_sim_model/share:/home/point001/autoware.ai/install/autoware_health_checker/share:/home/point001/autoware.ai/install/amathutils_lib/share:/home/point001/autoware.ai/install/ros_observer/share:/home/point001/autoware.ai/install/autoware_system_msgs/share:/home/point001/autoware.ai/install/autoware_msgs/share:/home/point001/autoware.ai/install/autoware_build_flags/share:${ROS_PACKAGE_PATH} /usr/bin/cmake --build /home/point001/autoware.ai/build/wf_simulator -- -j24 -l24
[1.135s] Invoking command in '/home/point001/autoware.ai/build/wf_simulator': CMAKE_PREFIX_PATH=/home/point001/autoware.ai/install/vehicle_sim_model:/home/point001/autoware.ai/install/autoware_health_checker:/home/point001/autoware.ai/install/amathutils_lib:/home/point001/autoware.ai/install/ros_observer:/home/point001/autoware.ai/install/autoware_system_msgs:/home/point001/autoware.ai/install/autoware_msgs:/home/point001/autoware.ai/install/autoware_build_flags:${CMAKE_PREFIX_PATH} LD_LIBRARY_PATH=/home/point001/autoware.ai/install/vehicle_sim_model/lib:/home/point001/autoware.ai/install/autoware_health_checker/lib:/home/point001/autoware.ai/install/amathutils_lib/lib:/home/point001/autoware.ai/install/ros_observer/lib:${LD_LIBRARY_PATH} PKG_CONFIG_PATH=/home/point001/autoware.ai/install/vehicle_sim_model/lib/x86_64-linux-gnu/pkgconfig:/home/point001/autoware.ai/install/vehicle_sim_model/lib/pkgconfig:/home/point001/autoware.ai/install/autoware_health_checker/lib/x86_64-linux-gnu/pkgconfig:/home/point001/autoware.ai/install/autoware_health_checker/lib/pkgconfig:/home/point001/autoware.ai/install/amathutils_lib/lib/x86_64-linux-gnu/pkgconfig:/home/point001/autoware.ai/install/amathutils_lib/lib/pkgconfig:/home/point001/autoware.ai/install/ros_observer/lib/x86_64-linux-gnu/pkgconfig:/home/point001/autoware.ai/install/ros_observer/lib/pkgconfig:/home/point001/autoware.ai/install/autoware_system_msgs/lib/x86_64-linux-gnu/pkgconfig:/home/point001/autoware.ai/install/autoware_system_msgs/lib/pkgconfig:/home/point001/autoware.ai/install/autoware_msgs/lib/x86_64-linux-gnu/pkgconfig:/home/point001/autoware.ai/install/autoware_msgs/lib/pkgconfig:/home/point001/autoware.ai/install/autoware_build_flags/lib/x86_64-linux-gnu/pkgconfig:/home/point001/autoware.ai/install/autoware_build_flags/lib/pkgconfig:${PKG_CONFIG_PATH} PYTHONPATH=/home/point001/autoware.ai/install/autoware_system_msgs/lib/python2.7/dist-packages:/home/point001/autoware.ai/install/autoware_msgs/lib/python2.7/dist-packages:${PYTHONPATH} ROS_PACKAGE_PATH=/home/point001/autoware.ai/install/vehicle_sim_model/share:/home/point001/autoware.ai/install/autoware_health_checker/share:/home/point001/autoware.ai/install/amathutils_lib/share:/home/point001/autoware.ai/install/ros_observer/share:/home/point001/autoware.ai/install/autoware_system_msgs/share:/home/point001/autoware.ai/install/autoware_msgs/share:/home/point001/autoware.ai/install/autoware_build_flags/share:${ROS_PACKAGE_PATH} /usr/bin/cmake --build /home/point001/autoware.ai/build/wf_simulator --target tests -- -j24 -l24
[1.199s] [  0%] Built target std_msgs_generate_messages_nodejs
[1.202s] [  0%] Built target geometry_msgs_generate_messages_py
[1.202s] [  0%] Built target rosgraph_msgs_generate_messages_eus
[1.202s] [  0%] Built target std_msgs_generate_messages_py
[1.202s] [ 33%] Built target gtest
[1.203s] [ 33%] Built target jsk_footstep_msgs_generate_messages_py
[1.209s] [ 33%] Built target jsk_recognition_msgs_generate_messages_eus
[1.209s] [ 33%] Built target _catkin_empty_exported_target
[1.209s] [ 33%] Built target actionlib_generate_messages_cpp
[1.209s] [ 33%] Built target sensor_msgs_generate_messages_eus
[1.209s] [ 33%] Built target sensor_msgs_generate_messages_lisp
[1.209s] [ 33%] Built target jsk_recognition_msgs_generate_messages_py
[1.209s] [ 33%] Built target autoware_msgs_generate_messages_py
[1.209s] [ 33%] Built target tf2_msgs_generate_messages_cpp
[1.209s] [ 33%] Built target pcl_msgs_generate_messages_eus
[1.209s] [ 33%] Built target sensor_msgs_generate_messages_cpp
[1.210s] [ 33%] Built target jsk_recognition_msgs_generate_messages_lisp
[1.210s] [ 33%] Built target roscpp_generate_messages_cpp
[1.216s] [ 33%] Built target std_msgs_generate_messages_cpp
[1.216s] [ 33%] Built target autoware_msgs_generate_messages_cpp
[1.216s] [ 33%] Built target sensor_msgs_generate_messages_py
[1.216s] [ 33%] Built target pcl_msgs_generate_messages_nodejs
[1.219s] [ 33%] Built target rosgraph_msgs_generate_messages_cpp
[1.219s] [ 33%] Built target tf_generate_messages_py
[1.229s] [ 33%] Built target geometry_msgs_generate_messages_eus
[1.229s] [ 33%] Built target geometry_msgs_generate_messages_nodejs
[1.230s] [ 33%] Built target autoware_system_msgs_generate_messages_cpp
[1.231s] [ 33%] Built target roscpp_generate_messages_nodejs
[1.234s] [ 33%] Built target std_msgs_generate_messages_eus
[1.234s] [ 33%] Built target actionlib_msgs_generate_messages_nodejs
[1.234s] [ 33%] Built target jsk_recognition_msgs_generate_messages_cpp
[1.237s] [ 33%] Built target actionlib_msgs_generate_messages_lisp
[1.237s] [ 33%] Built target autoware_msgs_generate_messages_nodejs
[1.237s] [ 33%] Built target pcl_msgs_generate_messages_cpp
[1.237s] [ 33%] Built target std_msgs_generate_messages_lisp
[1.238s] [ 33%] Built target jsk_footstep_msgs_generate_messages_cpp
[1.241s] [ 33%] Built target jsk_footstep_msgs_generate_messages_nodejs
[1.241s] [ 33%] Built target jsk_footstep_msgs_generate_messages_lisp
[1.241s] [ 33%] Built target tf_generate_messages_lisp
[1.241s] [ 33%] Built target geometry_msgs_generate_messages_lisp
[1.242s] [ 33%] Built target tf_generate_messages_eus
[1.242s] [ 33%] Built target actionlib_msgs_generate_messages_cpp
[1.247s] [ 33%] Built target jsk_footstep_msgs_generate_messages_eus
[1.247s] [ 33%] Built target autoware_msgs_generate_messages_lisp
[1.250s] [ 33%] Built target autoware_msgs_generate_messages_eus
[1.250s] [ 33%] Built target jsk_recognition_msgs_generate_messages_nodejs
[1.259s] [ 33%] Built target autoware_system_msgs_generate_messages_nodejs
[1.262s] [ 33%] Built target tf_generate_messages_nodejs
[1.262s] [ 33%] Built target roscpp_generate_messages_lisp
[1.262s] [ 33%] Built target roscpp_generate_messages_py
[1.279s] [ 33%] Built target actionlib_msgs_generate_messages_eus
[1.279s] [ 33%] Built target rosgraph_msgs_generate_messages_py
[1.279s] [ 33%] Built target rosgraph_msgs_generate_messages_nodejs
[1.279s] [ 33%] Built target geometry_msgs_generate_messages_cpp
[1.281s] [ 33%] Built target actionlib_generate_messages_py
[1.282s] [ 33%] Built target tf2_msgs_generate_messages_eus
[1.282s] [ 33%] Built target actionlib_generate_messages_eus
[1.283s] [ 33%] Built target pcl_msgs_generate_messages_lisp
[1.284s] [ 33%] Built target pcl_msgs_generate_messages_py
[1.284s] [ 33%] Built target roscpp_generate_messages_eus
[1.284s] [ 33%] Built target rosgraph_msgs_generate_messages_lisp
[1.291s] [ 33%] Built target actionlib_msgs_generate_messages_py
[1.292s] [ 33%] Built target autoware_system_msgs_generate_messages_lisp
[1.299s] [ 33%] Built target actionlib_generate_messages_nodejs
[1.299s] [ 33%] Built target tf2_msgs_generate_messages_nodejs
[1.309s] [ 33%] Built target actionlib_generate_messages_lisp
[1.309s] [ 33%] Built target tf_generate_messages_cpp
[1.309s] [ 33%] Built target autoware_system_msgs_generate_messages_eus
[1.310s] [ 33%] Built target tf2_msgs_generate_messages_py
[1.327s] [ 33%] Built target tf2_msgs_generate_messages_lisp
[1.328s] [ 33%] Built target sensor_msgs_generate_messages_nodejs
[1.328s] [ 33%] Built target autoware_system_msgs_generate_messages_py
[1.415s] [100%] Built target test-wf_simulator
[1.492s] [100%] Built target tests
[1.527s] Invoked command in '/home/point001/autoware.ai/build/wf_simulator' returned '0': CMAKE_PREFIX_PATH=/home/point001/autoware.ai/install/vehicle_sim_model:/home/point001/autoware.ai/install/autoware_health_checker:/home/point001/autoware.ai/install/amathutils_lib:/home/point001/autoware.ai/install/ros_observer:/home/point001/autoware.ai/install/autoware_system_msgs:/home/point001/autoware.ai/install/autoware_msgs:/home/point001/autoware.ai/install/autoware_build_flags:${CMAKE_PREFIX_PATH} LD_LIBRARY_PATH=/home/point001/autoware.ai/install/vehicle_sim_model/lib:/home/point001/autoware.ai/install/autoware_health_checker/lib:/home/point001/autoware.ai/install/amathutils_lib/lib:/home/point001/autoware.ai/install/ros_observer/lib:${LD_LIBRARY_PATH} PKG_CONFIG_PATH=/home/point001/autoware.ai/install/vehicle_sim_model/lib/x86_64-linux-gnu/pkgconfig:/home/point001/autoware.ai/install/vehicle_sim_model/lib/pkgconfig:/home/point001/autoware.ai/install/autoware_health_checker/lib/x86_64-linux-gnu/pkgconfig:/home/point001/autoware.ai/install/autoware_health_checker/lib/pkgconfig:/home/point001/autoware.ai/install/amathutils_lib/lib/x86_64-linux-gnu/pkgconfig:/home/point001/autoware.ai/install/amathutils_lib/lib/pkgconfig:/home/point001/autoware.ai/install/ros_observer/lib/x86_64-linux-gnu/pkgconfig:/home/point001/autoware.ai/install/ros_observer/lib/pkgconfig:/home/point001/autoware.ai/install/autoware_system_msgs/lib/x86_64-linux-gnu/pkgconfig:/home/point001/autoware.ai/install/autoware_system_msgs/lib/pkgconfig:/home/point001/autoware.ai/install/autoware_msgs/lib/x86_64-linux-gnu/pkgconfig:/home/point001/autoware.ai/install/autoware_msgs/lib/pkgconfig:/home/point001/autoware.ai/install/autoware_build_flags/lib/x86_64-linux-gnu/pkgconfig:/home/point001/autoware.ai/install/autoware_build_flags/lib/pkgconfig:${PKG_CONFIG_PATH} PYTHONPATH=/home/point001/autoware.ai/install/autoware_system_msgs/lib/python2.7/dist-packages:/home/point001/autoware.ai/install/autoware_msgs/lib/python2.7/dist-packages:${PYTHONPATH} ROS_PACKAGE_PATH=/home/point001/autoware.ai/install/vehicle_sim_model/share:/home/point001/autoware.ai/install/autoware_health_checker/share:/home/point001/autoware.ai/install/amathutils_lib/share:/home/point001/autoware.ai/install/ros_observer/share:/home/point001/autoware.ai/install/autoware_system_msgs/share:/home/point001/autoware.ai/install/autoware_msgs/share:/home/point001/autoware.ai/install/autoware_build_flags/share:${ROS_PACKAGE_PATH} /usr/bin/cmake --build /home/point001/autoware.ai/build/wf_simulator --target tests -- -j24 -l24
[2.197s] Invoking command in '/home/point001/autoware.ai/build/wf_simulator': CMAKE_PREFIX_PATH=/home/point001/autoware.ai/install/vehicle_sim_model:/home/point001/autoware.ai/install/autoware_health_checker:/home/point001/autoware.ai/install/amathutils_lib:/home/point001/autoware.ai/install/ros_observer:/home/point001/autoware.ai/install/autoware_system_msgs:/home/point001/autoware.ai/install/autoware_msgs:/home/point001/autoware.ai/install/autoware_build_flags:${CMAKE_PREFIX_PATH} LD_LIBRARY_PATH=/home/point001/autoware.ai/install/vehicle_sim_model/lib:/home/point001/autoware.ai/install/autoware_health_checker/lib:/home/point001/autoware.ai/install/amathutils_lib/lib:/home/point001/autoware.ai/install/ros_observer/lib:${LD_LIBRARY_PATH} PKG_CONFIG_PATH=/home/point001/autoware.ai/install/vehicle_sim_model/lib/x86_64-linux-gnu/pkgconfig:/home/point001/autoware.ai/install/vehicle_sim_model/lib/pkgconfig:/home/point001/autoware.ai/install/autoware_health_checker/lib/x86_64-linux-gnu/pkgconfig:/home/point001/autoware.ai/install/autoware_health_checker/lib/pkgconfig:/home/point001/autoware.ai/install/amathutils_lib/lib/x86_64-linux-gnu/pkgconfig:/home/point001/autoware.ai/install/amathutils_lib/lib/pkgconfig:/home/point001/autoware.ai/install/ros_observer/lib/x86_64-linux-gnu/pkgconfig:/home/point001/autoware.ai/install/ros_observer/lib/pkgconfig:/home/point001/autoware.ai/install/autoware_system_msgs/lib/x86_64-linux-gnu/pkgconfig:/home/point001/autoware.ai/install/autoware_system_msgs/lib/pkgconfig:/home/point001/autoware.ai/install/autoware_msgs/lib/x86_64-linux-gnu/pkgconfig:/home/point001/autoware.ai/install/autoware_msgs/lib/pkgconfig:/home/point001/autoware.ai/install/autoware_build_flags/lib/x86_64-linux-gnu/pkgconfig:/home/point001/autoware.ai/install/autoware_build_flags/lib/pkgconfig:${PKG_CONFIG_PATH} PYTHONPATH=/home/point001/autoware.ai/install/autoware_system_msgs/lib/python2.7/dist-packages:/home/point001/autoware.ai/install/autoware_msgs/lib/python2.7/dist-packages:${PYTHONPATH} ROS_PACKAGE_PATH=/home/point001/autoware.ai/install/vehicle_sim_model/share:/home/point001/autoware.ai/install/autoware_health_checker/share:/home/point001/autoware.ai/install/amathutils_lib/share:/home/point001/autoware.ai/install/ros_observer/share:/home/point001/autoware.ai/install/autoware_system_msgs/share:/home/point001/autoware.ai/install/autoware_msgs/share:/home/point001/autoware.ai/install/autoware_build_flags/share:${ROS_PACKAGE_PATH} /usr/bin/cmake --build /home/point001/autoware.ai/build/wf_simulator --target install -- -j24 -l24
[2.282s] [100%] Built target wf_simulator
[2.300s] [36mInstall the project...[0m
[2.310s] -- Install configuration: "Release"
[2.311s] -- Up-to-date: /home/point001/autoware.ai/install/wf_simulator/lib/pkgconfig/wf_simulator.pc
[2.311s] -- Up-to-date: /home/point001/autoware.ai/install/wf_simulator/share/wf_simulator/cmake/wf_simulatorConfig.cmake
[2.311s] -- Up-to-date: /home/point001/autoware.ai/install/wf_simulator/share/wf_simulator/cmake/wf_simulatorConfig-version.cmake
[2.311s] -- Up-to-date: /home/point001/autoware.ai/install/wf_simulator/share/wf_simulator/package.xml
[2.311s] -- Up-to-date: /home/point001/autoware.ai/install/wf_simulator/lib/wf_simulator/wf_simulator
[2.311s] -- Up-to-date: /home/point001/autoware.ai/install/wf_simulator/include/wf_simulator
[2.311s] -- Up-to-date: /home/point001/autoware.ai/install/wf_simulator/include/wf_simulator/wf_simulator_core.h
[2.311s] -- Up-to-date: /home/point001/autoware.ai/install/wf_simulator/include/wf_simulator/vehicle_model_ros.h
[2.311s] -- Up-to-date: /home/point001/autoware.ai/install/wf_simulator/share/wf_simulator/launch
[2.312s] -- Up-to-date: /home/point001/autoware.ai/install/wf_simulator/share/wf_simulator/launch/wf_simulator.launch
[2.380s] Invoked command in '/home/point001/autoware.ai/build/wf_simulator' returned '0': CMAKE_PREFIX_PATH=/home/point001/autoware.ai/install/vehicle_sim_model:/home/point001/autoware.ai/install/autoware_health_checker:/home/point001/autoware.ai/install/amathutils_lib:/home/point001/autoware.ai/install/ros_observer:/home/point001/autoware.ai/install/autoware_system_msgs:/home/point001/autoware.ai/install/autoware_msgs:/home/point001/autoware.ai/install/autoware_build_flags:${CMAKE_PREFIX_PATH} LD_LIBRARY_PATH=/home/point001/autoware.ai/install/vehicle_sim_model/lib:/home/point001/autoware.ai/install/autoware_health_checker/lib:/home/point001/autoware.ai/install/amathutils_lib/lib:/home/point001/autoware.ai/install/ros_observer/lib:${LD_LIBRARY_PATH} PKG_CONFIG_PATH=/home/point001/autoware.ai/install/vehicle_sim_model/lib/x86_64-linux-gnu/pkgconfig:/home/point001/autoware.ai/install/vehicle_sim_model/lib/pkgconfig:/home/point001/autoware.ai/install/autoware_health_checker/lib/x86_64-linux-gnu/pkgconfig:/home/point001/autoware.ai/install/autoware_health_checker/lib/pkgconfig:/home/point001/autoware.ai/install/amathutils_lib/lib/x86_64-linux-gnu/pkgconfig:/home/point001/autoware.ai/install/amathutils_lib/lib/pkgconfig:/home/point001/autoware.ai/install/ros_observer/lib/x86_64-linux-gnu/pkgconfig:/home/point001/autoware.ai/install/ros_observer/lib/pkgconfig:/home/point001/autoware.ai/install/autoware_system_msgs/lib/x86_64-linux-gnu/pkgconfig:/home/point001/autoware.ai/install/autoware_system_msgs/lib/pkgconfig:/home/point001/autoware.ai/install/autoware_msgs/lib/x86_64-linux-gnu/pkgconfig:/home/point001/autoware.ai/install/autoware_msgs/lib/pkgconfig:/home/point001/autoware.ai/install/autoware_build_flags/lib/x86_64-linux-gnu/pkgconfig:/home/point001/autoware.ai/install/autoware_build_flags/lib/pkgconfig:${PKG_CONFIG_PATH} PYTHONPATH=/home/point001/autoware.ai/install/autoware_system_msgs/lib/python2.7/dist-packages:/home/point001/autoware.ai/install/autoware_msgs/lib/python2.7/dist-packages:${PYTHONPATH} ROS_PACKAGE_PATH=/home/point001/autoware.ai/install/vehicle_sim_model/share:/home/point001/autoware.ai/install/autoware_health_checker/share:/home/point001/autoware.ai/install/amathutils_lib/share:/home/point001/autoware.ai/install/ros_observer/share:/home/point001/autoware.ai/install/autoware_system_msgs/share:/home/point001/autoware.ai/install/autoware_msgs/share:/home/point001/autoware.ai/install/autoware_build_flags/share:${ROS_PACKAGE_PATH} /usr/bin/cmake --build /home/point001/autoware.ai/build/wf_simulator --target install -- -j24 -l24
