[0.170s] Invoking command in '/home/point001/autoware.ai/build/vehicle_sim_model': CMAKE_PREFIX_PATH=/home/point001/autoware.ai/install/autoware_build_flags:${CMAKE_PREFIX_PATH} PKG_CONFIG_PATH=/home/point001/autoware.ai/install/autoware_build_flags/lib/x86_64-linux-gnu/pkgconfig:/home/point001/autoware.ai/install/autoware_build_flags/lib/pkgconfig:${PKG_CONFIG_PATH} ROS_PACKAGE_PATH=/home/point001/autoware.ai/install/autoware_build_flags/share:${ROS_PACKAGE_PATH} /usr/bin/cmake /home/point001/autoware.ai/src/autoware/common/vehicle_sim_model -DCMAKE_BUILD_TYPE=Release -DCATKIN_INSTALL_INTO_PREFIX_ROOT=0 -DCMAKE_INSTALL_PREFIX=/home/point001/autoware.ai/install/vehicle_sim_model
[0.510s] -- The C compiler identification is GNU 7.5.0
[0.844s] -- The CXX compiler identification is GNU 7.5.0
[0.853s] -- Check for working C compiler: /usr/bin/cc
[1.734s] -- Check for working C compiler: /usr/bin/cc -- works
[1.734s] -- Detecting C compiler ABI info
[2.412s] -- Detecting C compiler ABI info - done
[2.423s] -- Detecting C compile features
[4.282s] -- Detecting C compile features - done
[4.286s] -- Check for working CXX compiler: /usr/bin/c++
[4.732s] -- Check for working CXX compiler: /usr/bin/c++ -- works
[4.732s] -- Detecting CXX compiler ABI info
[5.304s] -- Detecting CXX compiler ABI info - done
[5.314s] -- Detecting CXX compile features
[6.510s] -- Detecting CXX compile features - done
[6.512s] -- CUDA compilation status: 1.
[6.513s] -- Using CATKIN_DEVEL_PREFIX: /home/point001/autoware.ai/build/vehicle_sim_model/devel
[6.513s] -- Using CMAKE_PREFIX_PATH: /home/point001/autoware.ai/install/autoware_build_flags;/opt/ros/melodic
[6.513s] -- This workspace overlays: /home/point001/autoware.ai/install/autoware_build_flags;/opt/ros/melodic
[6.531s] -- Found PythonInterp: /usr/bin/python2 (found suitable version "2.7.17", minimum required is "2") 
[6.532s] -- Using PYTHON_EXECUTABLE: /usr/bin/python2
[6.532s] -- Using Debian Python package layout
[6.532s] -- Using empy: /usr/bin/empy
[6.752s] -- Using CATKIN_ENABLE_TESTING: ON
[6.752s] -- Call enable_testing()
[6.755s] -- Using CATKIN_TEST_RESULTS_DIR: /home/point001/autoware.ai/build/vehicle_sim_model/test_results
[6.778s] -- Found gtest sources under '/usr/src/googletest': gtests will be built
[6.778s] -- Found gmock sources under '/usr/src/googletest': gmock will be built
[6.793s] -- Found PythonInterp: /usr/bin/python2 (found version "2.7.17") 
[6.794s] -- Looking for pthread.h
[6.877s] -- Looking for pthread.h - found
[6.877s] -- Looking for pthread_create
[6.983s] -- Looking for pthread_create - not found
[6.983s] -- Looking for pthread_create in pthreads
[7.061s] -- Looking for pthread_create in pthreads - not found
[7.061s] -- Looking for pthread_create in pthread
[7.153s] -- Looking for pthread_create in pthread - found
[7.153s] -- Found Threads: TRUE  
[7.160s] -- Using Python nosetests: /usr/bin/nosetests-2.7
[7.203s] -- catkin 0.7.29
[7.203s] -- BUILD_SHARED_LIBS is on
[7.454s] -- Configuring done
[7.473s] -- Generating done
[7.477s] -- Build files have been written to: /home/point001/autoware.ai/build/vehicle_sim_model
[7.482s] Invoked command in '/home/point001/autoware.ai/build/vehicle_sim_model' returned '0': CMAKE_PREFIX_PATH=/home/point001/autoware.ai/install/autoware_build_flags:${CMAKE_PREFIX_PATH} PKG_CONFIG_PATH=/home/point001/autoware.ai/install/autoware_build_flags/lib/x86_64-linux-gnu/pkgconfig:/home/point001/autoware.ai/install/autoware_build_flags/lib/pkgconfig:${PKG_CONFIG_PATH} ROS_PACKAGE_PATH=/home/point001/autoware.ai/install/autoware_build_flags/share:${ROS_PACKAGE_PATH} /usr/bin/cmake /home/point001/autoware.ai/src/autoware/common/vehicle_sim_model -DCMAKE_BUILD_TYPE=Release -DCATKIN_INSTALL_INTO_PREFIX_ROOT=0 -DCMAKE_INSTALL_PREFIX=/home/point001/autoware.ai/install/vehicle_sim_model
[7.487s] Invoking command in '/home/point001/autoware.ai/build/vehicle_sim_model': CMAKE_PREFIX_PATH=/home/point001/autoware.ai/install/autoware_build_flags:${CMAKE_PREFIX_PATH} PKG_CONFIG_PATH=/home/point001/autoware.ai/install/autoware_build_flags/lib/x86_64-linux-gnu/pkgconfig:/home/point001/autoware.ai/install/autoware_build_flags/lib/pkgconfig:${PKG_CONFIG_PATH} ROS_PACKAGE_PATH=/home/point001/autoware.ai/install/autoware_build_flags/share:${ROS_PACKAGE_PATH} /usr/bin/cmake --build /home/point001/autoware.ai/build/vehicle_sim_model -- -j24 -l24
[7.637s] [35m[1mScanning dependencies of target _catkin_empty_exported_target[0m
[7.680s] [  0%] Built target _catkin_empty_exported_target
[7.716s] [35m[1mScanning dependencies of target vehicle_sim_model[0m
[7.753s] [ 20%] [32mBuilding CXX object CMakeFiles/vehicle_sim_model.dir/src/vehicle_model_ideal.cpp.o[0m
[7.754s] [ 40%] [32mBuilding CXX object CMakeFiles/vehicle_sim_model.dir/src/vehicle_model_interface.cpp.o[0m
[7.767s] [ 60%] [32mBuilding CXX object CMakeFiles/vehicle_sim_model.dir/src/vehicle_model_time_delay.cpp.o[0m
[7.768s] [ 80%] [32mBuilding CXX object CMakeFiles/vehicle_sim_model.dir/src/vehicle_model_constant_acceleration.cpp.o[0m
[9.232s] [100%] [32m[1mLinking CXX shared library devel/lib/libvehicle_sim_model.so[0m
[9.694s] [100%] Built target vehicle_sim_model
[9.758s] Invoked command in '/home/point001/autoware.ai/build/vehicle_sim_model' returned '0': CMAKE_PREFIX_PATH=/home/point001/autoware.ai/install/autoware_build_flags:${CMAKE_PREFIX_PATH} PKG_CONFIG_PATH=/home/point001/autoware.ai/install/autoware_build_flags/lib/x86_64-linux-gnu/pkgconfig:/home/point001/autoware.ai/install/autoware_build_flags/lib/pkgconfig:${PKG_CONFIG_PATH} ROS_PACKAGE_PATH=/home/point001/autoware.ai/install/autoware_build_flags/share:${ROS_PACKAGE_PATH} /usr/bin/cmake --build /home/point001/autoware.ai/build/vehicle_sim_model -- -j24 -l24
[10.570s] Invoking command in '/home/point001/autoware.ai/build/vehicle_sim_model': CMAKE_PREFIX_PATH=/home/point001/autoware.ai/install/autoware_build_flags:${CMAKE_PREFIX_PATH} PKG_CONFIG_PATH=/home/point001/autoware.ai/install/autoware_build_flags/lib/x86_64-linux-gnu/pkgconfig:/home/point001/autoware.ai/install/autoware_build_flags/lib/pkgconfig:${PKG_CONFIG_PATH} ROS_PACKAGE_PATH=/home/point001/autoware.ai/install/autoware_build_flags/share:${ROS_PACKAGE_PATH} /usr/bin/cmake --build /home/point001/autoware.ai/build/vehicle_sim_model --target tests -- -j24 -l24
[10.838s] [35m[1mScanning dependencies of target gtest[0m
[10.848s] [  0%] Built target _catkin_empty_exported_target
[10.924s] [ 11%] [32mBuilding CXX object gtest/googlemock/gtest/CMakeFiles/gtest.dir/src/gtest-all.cc.o[0m
[10.951s] [ 66%] Built target vehicle_sim_model
[16.314s] [ 77%] [32m[1mLinking CXX shared library libgtest.so[0m
[16.492s] [ 77%] Built target gtest
[16.519s] [35m[1mScanning dependencies of target test-vehicle_sim_model[0m
[16.568s] [ 88%] [32mBuilding CXX object CMakeFiles/test-vehicle_sim_model.dir/test/src/test_vehicle_sim_model.cpp.o[0m
[18.641s] [100%] [32m[1mLinking CXX executable devel/lib/vehicle_sim_model/test-vehicle_sim_model[0m
[18.817s] [100%] Built target test-vehicle_sim_model
[18.827s] [35m[1mScanning dependencies of target tests[0m
[18.852s] [100%] Built target tests
[18.935s] Invoked command in '/home/point001/autoware.ai/build/vehicle_sim_model' returned '0': CMAKE_PREFIX_PATH=/home/point001/autoware.ai/install/autoware_build_flags:${CMAKE_PREFIX_PATH} PKG_CONFIG_PATH=/home/point001/autoware.ai/install/autoware_build_flags/lib/x86_64-linux-gnu/pkgconfig:/home/point001/autoware.ai/install/autoware_build_flags/lib/pkgconfig:${PKG_CONFIG_PATH} ROS_PACKAGE_PATH=/home/point001/autoware.ai/install/autoware_build_flags/share:${ROS_PACKAGE_PATH} /usr/bin/cmake --build /home/point001/autoware.ai/build/vehicle_sim_model --target tests -- -j24 -l24
[19.036s] Invoking command in '/home/point001/autoware.ai/build/vehicle_sim_model': CMAKE_PREFIX_PATH=/home/point001/autoware.ai/install/autoware_build_flags:${CMAKE_PREFIX_PATH} PKG_CONFIG_PATH=/home/point001/autoware.ai/install/autoware_build_flags/lib/x86_64-linux-gnu/pkgconfig:/home/point001/autoware.ai/install/autoware_build_flags/lib/pkgconfig:${PKG_CONFIG_PATH} ROS_PACKAGE_PATH=/home/point001/autoware.ai/install/autoware_build_flags/share:${ROS_PACKAGE_PATH} /usr/bin/cmake --build /home/point001/autoware.ai/build/vehicle_sim_model --target install -- -j24 -l24
[19.105s] [  0%] Built target _catkin_empty_exported_target
[19.125s] [100%] Built target vehicle_sim_model
[19.149s] [36mInstall the project...[0m
[19.159s] -- Install configuration: "Release"
[19.159s] -- Installing: /home/point001/autoware.ai/install/vehicle_sim_model/lib/pkgconfig/vehicle_sim_model.pc
[19.160s] -- Installing: /home/point001/autoware.ai/install/vehicle_sim_model/share/vehicle_sim_model/cmake/vehicle_sim_modelConfig.cmake
[19.161s] -- Installing: /home/point001/autoware.ai/install/vehicle_sim_model/share/vehicle_sim_model/cmake/vehicle_sim_modelConfig-version.cmake
[19.162s] -- Installing: /home/point001/autoware.ai/install/vehicle_sim_model/share/vehicle_sim_model/package.xml
[19.162s] -- Installing: /home/point001/autoware.ai/install/vehicle_sim_model/lib/libvehicle_sim_model.so
[19.163s] -- Installing: /home/point001/autoware.ai/install/vehicle_sim_model/include/vehicle_sim_model
[19.163s] -- Installing: /home/point001/autoware.ai/install/vehicle_sim_model/include/vehicle_sim_model/vehicle_model_constant_acceleration.h
[19.163s] -- Installing: /home/point001/autoware.ai/install/vehicle_sim_model/include/vehicle_sim_model/vehicle_model_ideal.h
[19.163s] -- Installing: /home/point001/autoware.ai/install/vehicle_sim_model/include/vehicle_sim_model/vehicle_model_interface.h
[19.163s] -- Installing: /home/point001/autoware.ai/install/vehicle_sim_model/include/vehicle_sim_model/vehicle_model_time_delay.h
[19.163s] -- Installing: /home/point001/autoware.ai/install/vehicle_sim_model/lib/vehicle_sim_model/fitParamDelayInputModel.py
[19.184s] Invoked command in '/home/point001/autoware.ai/build/vehicle_sim_model' returned '0': CMAKE_PREFIX_PATH=/home/point001/autoware.ai/install/autoware_build_flags:${CMAKE_PREFIX_PATH} PKG_CONFIG_PATH=/home/point001/autoware.ai/install/autoware_build_flags/lib/x86_64-linux-gnu/pkgconfig:/home/point001/autoware.ai/install/autoware_build_flags/lib/pkgconfig:${PKG_CONFIG_PATH} ROS_PACKAGE_PATH=/home/point001/autoware.ai/install/autoware_build_flags/share:${ROS_PACKAGE_PATH} /usr/bin/cmake --build /home/point001/autoware.ai/build/vehicle_sim_model --target install -- -j24 -l24
