[0.263s] Invoking command in '/home/point001/autoware.ai/build/detected_objects_visualizer': CMAKE_PREFIX_PATH=/home/point001/autoware.ai/install/autoware_msgs:/home/point001/autoware.ai/install/autoware_build_flags:${CMAKE_PREFIX_PATH} PKG_CONFIG_PATH=/home/point001/autoware.ai/install/autoware_msgs/lib/x86_64-linux-gnu/pkgconfig:/home/point001/autoware.ai/install/autoware_msgs/lib/pkgconfig:/home/point001/autoware.ai/install/autoware_build_flags/lib/x86_64-linux-gnu/pkgconfig:/home/point001/autoware.ai/install/autoware_build_flags/lib/pkgconfig:${PKG_CONFIG_PATH} PYTHONPATH=/home/point001/autoware.ai/install/autoware_msgs/lib/python2.7/dist-packages:${PYTHONPATH} ROS_PACKAGE_PATH=/home/point001/autoware.ai/install/autoware_msgs/share:/home/point001/autoware.ai/install/autoware_build_flags/share:${ROS_PACKAGE_PATH} /usr/bin/cmake --build /home/point001/autoware.ai/build/detected_objects_visualizer -- -j24 -l24
[0.317s] [  0%] Built target rosgraph_msgs_generate_messages_eus
[0.318s] [  0%] Built target roscpp_generate_messages_cpp
[0.318s] [  0%] Built target sensor_msgs_generate_messages_nodejs
[0.318s] [  0%] Built target _catkin_empty_exported_target
[0.318s] [  0%] Built target visualization_msgs_generate_messages_py
[0.318s] [  0%] Built target geometry_msgs_generate_messages_py
[0.318s] [  0%] Built target tf2_msgs_generate_messages_cpp
[0.320s] [  0%] Built target std_msgs_generate_messages_py
[0.320s] [  0%] Built target jsk_recognition_msgs_generate_messages_lisp
[0.320s] [  0%] Built target actionlib_generate_messages_cpp
[0.320s] [  0%] Built target jsk_recognition_msgs_generate_messages_eus
[0.320s] [  0%] Built target pcl_msgs_generate_messages_eus
[0.321s] [  0%] Built target std_msgs_generate_messages_nodejs
[0.321s] [  0%] Built target rosgraph_msgs_generate_messages_cpp
[0.321s] [  0%] Built target autoware_msgs_generate_messages_py
[0.323s] [  0%] Built target jsk_recognition_msgs_generate_messages_py
[0.323s] [  0%] Built target sensor_msgs_generate_messages_cpp
[0.332s] [  0%] Built target sensor_msgs_generate_messages_eus
[0.333s] [  0%] Built target autoware_msgs_generate_messages_cpp
[0.334s] [  0%] Built target tf_generate_messages_py
[0.334s] [  0%] Built target sensor_msgs_generate_messages_py
[0.334s] [  0%] Built target std_msgs_generate_messages_cpp
[0.335s] [  0%] Built target sensor_msgs_generate_messages_lisp
[0.335s] [  0%] Built target pcl_msgs_generate_messages_nodejs
[0.344s] [  0%] Built target geometry_msgs_generate_messages_nodejs
[0.344s] [  0%] Built target actionlib_msgs_generate_messages_nodejs
[0.344s] [  0%] Built target geometry_msgs_generate_messages_eus
[0.345s] [  0%] Built target jsk_footstep_msgs_generate_messages_py
[0.346s] [  0%] Built target std_msgs_generate_messages_lisp
[0.356s] [  0%] Built target geometry_msgs_generate_messages_lisp
[0.356s] [  0%] Built target visualization_msgs_generate_messages_nodejs
[0.356s] [  0%] Built target visualization_msgs_generate_messages_lisp
[0.362s] [  0%] Built target jsk_recognition_msgs_generate_messages_cpp
[0.362s] [  0%] Built target autoware_msgs_generate_messages_eus
[0.362s] [  0%] Built target pcl_msgs_generate_messages_cpp
[0.362s] [  0%] Built target roscpp_generate_messages_nodejs
[0.362s] [  0%] Built target autoware_msgs_generate_messages_lisp
[0.362s] [  0%] Built target autoware_msgs_generate_messages_nodejs
[0.362s] [  0%] Built target std_msgs_generate_messages_eus
[0.362s] [  0%] Built target rosgraph_msgs_generate_messages_lisp
[0.362s] [  0%] Built target actionlib_msgs_generate_messages_lisp
[0.362s] [  0%] Built target jsk_footstep_msgs_generate_messages_eus
[0.362s] [  0%] Built target jsk_recognition_msgs_generate_messages_nodejs
[0.363s] [  0%] Built target jsk_footstep_msgs_generate_messages_lisp
[0.363s] [  0%] Built target actionlib_msgs_generate_messages_py
[0.363s] [  0%] Built target roscpp_generate_messages_py
[0.363s] [  0%] Built target jsk_footstep_msgs_generate_messages_nodejs
[0.368s] [  0%] Built target roscpp_generate_messages_lisp
[0.372s] [  0%] Built target rosgraph_msgs_generate_messages_nodejs
[0.374s] [  0%] Built target rosgraph_msgs_generate_messages_py
[0.377s] [  0%] Built target jsk_footstep_msgs_generate_messages_cpp
[0.377s] [  0%] Built target roscpp_generate_messages_eus
[0.379s] [  0%] Built target actionlib_msgs_generate_messages_eus
[0.379s] [  0%] Built target actionlib_generate_messages_eus
[0.382s] [  0%] Built target pcl_msgs_generate_messages_py
[0.382s] [  0%] Built target actionlib_msgs_generate_messages_cpp
[0.383s] [  0%] Built target tf_generate_messages_lisp
[0.385s] [  0%] Built target pcl_msgs_generate_messages_lisp
[0.385s] [  0%] Built target tf2_msgs_generate_messages_lisp
[0.385s] [  0%] Built target actionlib_generate_messages_py
[0.385s] [  0%] Built target geometry_msgs_generate_messages_cpp
[0.386s] [  0%] Built target tf_generate_messages_eus
[0.386s] [  0%] Built target actionlib_generate_messages_nodejs
[0.386s] [  0%] Built target tf_generate_messages_cpp
[0.386s] [  0%] Built target tf2_msgs_generate_messages_py
[0.388s] [  0%] Built target actionlib_generate_messages_lisp
[0.388s] [  0%] Built target visualization_msgs_generate_messages_cpp
[0.388s] [  0%] Built target tf_generate_messages_nodejs
[0.392s] [  0%] Built target tf2_msgs_generate_messages_nodejs
[0.393s] [  0%] Built target visualization_msgs_generate_messages_eus
[0.393s] [  0%] Built target tf2_msgs_generate_messages_eus
[0.447s] [ 50%] Built target visualize_rects
[0.454s] [100%] Built target visualize_detected_objects
[0.764s] Invoked command in '/home/point001/autoware.ai/build/detected_objects_visualizer' returned '0': CMAKE_PREFIX_PATH=/home/point001/autoware.ai/install/autoware_msgs:/home/point001/autoware.ai/install/autoware_build_flags:${CMAKE_PREFIX_PATH} PKG_CONFIG_PATH=/home/point001/autoware.ai/install/autoware_msgs/lib/x86_64-linux-gnu/pkgconfig:/home/point001/autoware.ai/install/autoware_msgs/lib/pkgconfig:/home/point001/autoware.ai/install/autoware_build_flags/lib/x86_64-linux-gnu/pkgconfig:/home/point001/autoware.ai/install/autoware_build_flags/lib/pkgconfig:${PKG_CONFIG_PATH} PYTHONPATH=/home/point001/autoware.ai/install/autoware_msgs/lib/python2.7/dist-packages:${PYTHONPATH} ROS_PACKAGE_PATH=/home/point001/autoware.ai/install/autoware_msgs/share:/home/point001/autoware.ai/install/autoware_build_flags/share:${ROS_PACKAGE_PATH} /usr/bin/cmake --build /home/point001/autoware.ai/build/detected_objects_visualizer -- -j24 -l24
[1.088s] Invoking command in '/home/point001/autoware.ai/build/detected_objects_visualizer': CMAKE_PREFIX_PATH=/home/point001/autoware.ai/install/autoware_msgs:/home/point001/autoware.ai/install/autoware_build_flags:${CMAKE_PREFIX_PATH} PKG_CONFIG_PATH=/home/point001/autoware.ai/install/autoware_msgs/lib/x86_64-linux-gnu/pkgconfig:/home/point001/autoware.ai/install/autoware_msgs/lib/pkgconfig:/home/point001/autoware.ai/install/autoware_build_flags/lib/x86_64-linux-gnu/pkgconfig:/home/point001/autoware.ai/install/autoware_build_flags/lib/pkgconfig:${PKG_CONFIG_PATH} PYTHONPATH=/home/point001/autoware.ai/install/autoware_msgs/lib/python2.7/dist-packages:${PYTHONPATH} ROS_PACKAGE_PATH=/home/point001/autoware.ai/install/autoware_msgs/share:/home/point001/autoware.ai/install/autoware_build_flags/share:${ROS_PACKAGE_PATH} /usr/bin/cmake --build /home/point001/autoware.ai/build/detected_objects_visualizer --target tests -- -j24 -l24
[1.287s] Built target tests
[1.333s] Invoked command in '/home/point001/autoware.ai/build/detected_objects_visualizer' returned '0': CMAKE_PREFIX_PATH=/home/point001/autoware.ai/install/autoware_msgs:/home/point001/autoware.ai/install/autoware_build_flags:${CMAKE_PREFIX_PATH} PKG_CONFIG_PATH=/home/point001/autoware.ai/install/autoware_msgs/lib/x86_64-linux-gnu/pkgconfig:/home/point001/autoware.ai/install/autoware_msgs/lib/pkgconfig:/home/point001/autoware.ai/install/autoware_build_flags/lib/x86_64-linux-gnu/pkgconfig:/home/point001/autoware.ai/install/autoware_build_flags/lib/pkgconfig:${PKG_CONFIG_PATH} PYTHONPATH=/home/point001/autoware.ai/install/autoware_msgs/lib/python2.7/dist-packages:${PYTHONPATH} ROS_PACKAGE_PATH=/home/point001/autoware.ai/install/autoware_msgs/share:/home/point001/autoware.ai/install/autoware_build_flags/share:${ROS_PACKAGE_PATH} /usr/bin/cmake --build /home/point001/autoware.ai/build/detected_objects_visualizer --target tests -- -j24 -l24
[1.667s] Invoking command in '/home/point001/autoware.ai/build/detected_objects_visualizer': CMAKE_PREFIX_PATH=/home/point001/autoware.ai/install/autoware_msgs:/home/point001/autoware.ai/install/autoware_build_flags:${CMAKE_PREFIX_PATH} PKG_CONFIG_PATH=/home/point001/autoware.ai/install/autoware_msgs/lib/x86_64-linux-gnu/pkgconfig:/home/point001/autoware.ai/install/autoware_msgs/lib/pkgconfig:/home/point001/autoware.ai/install/autoware_build_flags/lib/x86_64-linux-gnu/pkgconfig:/home/point001/autoware.ai/install/autoware_build_flags/lib/pkgconfig:${PKG_CONFIG_PATH} PYTHONPATH=/home/point001/autoware.ai/install/autoware_msgs/lib/python2.7/dist-packages:${PYTHONPATH} ROS_PACKAGE_PATH=/home/point001/autoware.ai/install/autoware_msgs/share:/home/point001/autoware.ai/install/autoware_build_flags/share:${ROS_PACKAGE_PATH} /usr/bin/cmake --build /home/point001/autoware.ai/build/detected_objects_visualizer --target install -- -j24 -l24
[1.781s] [  0%] Built target _catkin_empty_exported_target
[1.782s] [  0%] Built target sensor_msgs_generate_messages_lisp
[1.782s] [  0%] Built target jsk_recognition_msgs_generate_messages_eus
[1.782s] [  0%] Built target actionlib_generate_messages_cpp
[1.782s] [  0%] Built target rosgraph_msgs_generate_messages_cpp
[1.782s] [  0%] Built target pcl_msgs_generate_messages_nodejs
[1.782s] [  0%] Built target autoware_msgs_generate_messages_py
[1.782s] [  0%] Built target sensor_msgs_generate_messages_nodejs
[1.782s] [  0%] Built target std_msgs_generate_messages_py
[1.782s] [  0%] Built target pcl_msgs_generate_messages_eus
[1.782s] [  0%] Built target geometry_msgs_generate_messages_py
[1.782s] [  0%] Built target roscpp_generate_messages_cpp
[1.782s] [  0%] Built target tf_generate_messages_py
[1.782s] [  0%] Built target rosgraph_msgs_generate_messages_eus
[1.782s] [  0%] Built target sensor_msgs_generate_messages_cpp
[1.783s] [  0%] Built target tf2_msgs_generate_messages_cpp
[1.783s] [  0%] Built target sensor_msgs_generate_messages_py
[1.783s] [  0%] Built target std_msgs_generate_messages_cpp
[1.783s] [  0%] Built target jsk_recognition_msgs_generate_messages_py
[1.783s] [  0%] Built target visualization_msgs_generate_messages_py
[1.783s] [  0%] Built target sensor_msgs_generate_messages_eus
[1.783s] [  0%] Built target visualization_msgs_generate_messages_nodejs
[1.784s] [  0%] Built target autoware_msgs_generate_messages_cpp
[1.785s] [  0%] Built target std_msgs_generate_messages_nodejs
[1.787s] [  0%] Built target jsk_recognition_msgs_generate_messages_lisp
[1.796s] [  0%] Built target autoware_msgs_generate_messages_lisp
[1.797s] [  0%] Built target actionlib_msgs_generate_messages_nodejs
[1.797s] [  0%] Built target roscpp_generate_messages_nodejs
[1.798s] [  0%] Built target autoware_msgs_generate_messages_eus
[1.798s] [  0%] Built target pcl_msgs_generate_messages_cpp
[1.799s] [  0%] Built target visualization_msgs_generate_messages_lisp
[1.804s] [  0%] Built target actionlib_msgs_generate_messages_py
[1.805s] [  0%] Built target jsk_footstep_msgs_generate_messages_py
[1.806s] [  0%] Built target std_msgs_generate_messages_lisp
[1.807s] [  0%] Built target geometry_msgs_generate_messages_eus
[1.807s] [  0%] Built target geometry_msgs_generate_messages_lisp
[1.807s] [  0%] Built target jsk_recognition_msgs_generate_messages_cpp
[1.810s] [  0%] Built target jsk_footstep_msgs_generate_messages_lisp
[1.811s] [  0%] Built target jsk_footstep_msgs_generate_messages_nodejs
[1.811s] [  0%] Built target actionlib_msgs_generate_messages_lisp
[1.811s] [  0%] Built target geometry_msgs_generate_messages_nodejs
[1.811s] [  0%] Built target jsk_footstep_msgs_generate_messages_eus
[1.811s] [  0%] Built target std_msgs_generate_messages_eus
[1.813s] [  0%] Built target autoware_msgs_generate_messages_nodejs
[1.814s] [  0%] Built target roscpp_generate_messages_lisp
[1.819s] [  0%] Built target rosgraph_msgs_generate_messages_nodejs
[1.819s] [  0%] Built target roscpp_generate_messages_eus
[1.821s] [  0%] Built target rosgraph_msgs_generate_messages_lisp
[1.821s] [  0%] Built target roscpp_generate_messages_py
[1.823s] [  0%] Built target tf_generate_messages_eus
[1.824s] [  0%] Built target rosgraph_msgs_generate_messages_py
[1.827s] [  0%] Built target jsk_recognition_msgs_generate_messages_nodejs
[1.827s] [  0%] Built target actionlib_msgs_generate_messages_cpp
[1.831s] [  0%] Built target actionlib_msgs_generate_messages_eus
[1.831s] [  0%] Built target tf_generate_messages_nodejs
[1.832s] [  0%] Built target jsk_footstep_msgs_generate_messages_cpp
[1.833s] [  0%] Built target actionlib_generate_messages_eus
[1.835s] [  0%] Built target tf_generate_messages_cpp
[1.835s] [  0%] Built target tf_generate_messages_lisp
[1.835s] [  0%] Built target actionlib_generate_messages_lisp
[1.835s] [  0%] Built target geometry_msgs_generate_messages_cpp
[1.839s] [  0%] Built target pcl_msgs_generate_messages_py
[1.840s] [  0%] Built target tf2_msgs_generate_messages_eus
[1.840s] [  0%] Built target actionlib_generate_messages_py
[1.840s] [  0%] Built target tf2_msgs_generate_messages_lisp
[1.840s] [  0%] Built target actionlib_generate_messages_nodejs
[1.840s] [  0%] Built target pcl_msgs_generate_messages_lisp
[1.840s] [  0%] Built target visualization_msgs_generate_messages_cpp
[1.844s] [  0%] Built target tf2_msgs_generate_messages_py
[1.845s] [  0%] Built target visualization_msgs_generate_messages_eus
[1.845s] [  0%] Built target tf2_msgs_generate_messages_nodejs
[1.873s] [ 50%] Built target visualize_detected_objects
[1.877s] [100%] Built target visualize_rects
[1.896s] [36mInstall the project...[0m
[1.904s] -- Install configuration: "Release"
[1.904s] -- Up-to-date: /home/point001/autoware.ai/install/detected_objects_visualizer/lib/pkgconfig/detected_objects_visualizer.pc
[1.904s] -- Up-to-date: /home/point001/autoware.ai/install/detected_objects_visualizer/share/detected_objects_visualizer/cmake/detected_objects_visualizerConfig.cmake
[1.904s] -- Up-to-date: /home/point001/autoware.ai/install/detected_objects_visualizer/share/detected_objects_visualizer/cmake/detected_objects_visualizerConfig-version.cmake
[1.905s] -- Up-to-date: /home/point001/autoware.ai/install/detected_objects_visualizer/share/detected_objects_visualizer/package.xml
[1.905s] -- Up-to-date: /home/point001/autoware.ai/install/detected_objects_visualizer/lib/detected_objects_visualizer/visualize_detected_objects
[1.906s] -- Up-to-date: /home/point001/autoware.ai/install/detected_objects_visualizer/lib/detected_objects_visualizer/visualize_rects
[1.906s] -- Up-to-date: /home/point001/autoware.ai/install/detected_objects_visualizer/share/detected_objects_visualizer/models
[1.906s] -- Up-to-date: /home/point001/autoware.ai/install/detected_objects_visualizer/share/detected_objects_visualizer/models/bike.dae
[1.906s] -- Up-to-date: /home/point001/autoware.ai/install/detected_objects_visualizer/share/detected_objects_visualizer/models/person.dae
[1.906s] -- Up-to-date: /home/point001/autoware.ai/install/detected_objects_visualizer/share/detected_objects_visualizer/models/box.dae
[1.906s] -- Up-to-date: /home/point001/autoware.ai/install/detected_objects_visualizer/share/detected_objects_visualizer/models/car.dae
[1.906s] -- Up-to-date: /home/point001/autoware.ai/install/detected_objects_visualizer/share/detected_objects_visualizer/models/truck.dae
[1.906s] -- Up-to-date: /home/point001/autoware.ai/install/detected_objects_visualizer/share/detected_objects_visualizer/models/bus.dae
[2.032s] Invoked command in '/home/point001/autoware.ai/build/detected_objects_visualizer' returned '0': CMAKE_PREFIX_PATH=/home/point001/autoware.ai/install/autoware_msgs:/home/point001/autoware.ai/install/autoware_build_flags:${CMAKE_PREFIX_PATH} PKG_CONFIG_PATH=/home/point001/autoware.ai/install/autoware_msgs/lib/x86_64-linux-gnu/pkgconfig:/home/point001/autoware.ai/install/autoware_msgs/lib/pkgconfig:/home/point001/autoware.ai/install/autoware_build_flags/lib/x86_64-linux-gnu/pkgconfig:/home/point001/autoware.ai/install/autoware_build_flags/lib/pkgconfig:${PKG_CONFIG_PATH} PYTHONPATH=/home/point001/autoware.ai/install/autoware_msgs/lib/python2.7/dist-packages:${PYTHONPATH} ROS_PACKAGE_PATH=/home/point001/autoware.ai/install/autoware_msgs/share:/home/point001/autoware.ai/install/autoware_build_flags/share:${ROS_PACKAGE_PATH} /usr/bin/cmake --build /home/point001/autoware.ai/build/detected_objects_visualizer --target install -- -j24 -l24
