[0.205s] Invoking command in '/home/point001/autoware.ai/build/tablet_socket_msgs': /usr/bin/cmake --build /home/point001/autoware.ai/build/tablet_socket_msgs -- -j24 -l24
[0.631s] [  0%] Built target std_msgs_generate_messages_nodejs
[0.676s] [  0%] Built target std_msgs_generate_messages_eus
[0.704s] [  0%] Built target std_msgs_generate_messages_cpp
[0.792s] [  0%] Built target std_msgs_generate_messages_py
[0.792s] [  0%] Built target std_msgs_generate_messages_lisp
[0.903s] [  0%] Built target _tablet_socket_msgs_generate_messages_check_deps_mode_info
[0.916s] [  0%] Built target _tablet_socket_msgs_generate_messages_check_deps_Waypoint
[0.936s] [  0%] Built target _tablet_socket_msgs_generate_messages_check_deps_route_cmd
[0.946s] [  0%] Built target _tablet_socket_msgs_generate_messages_check_deps_error_info
[0.958s] [  0%] Built target _tablet_socket_msgs_generate_messages_check_deps_gear_cmd
[1.013s] [  0%] Built target _tablet_socket_msgs_generate_messages_check_deps_mode_cmd
[1.134s] [ 21%] Built target tablet_socket_msgs_generate_messages_eus
[1.141s] [ 40%] Built target tablet_socket_msgs_generate_messages_cpp
[1.154s] [ 59%] Built target tablet_socket_msgs_generate_messages_lisp
[1.168s] [ 81%] Built target tablet_socket_msgs_generate_messages_py
[1.179s] [100%] Built target tablet_socket_msgs_generate_messages_nodejs
[1.236s] [100%] Built target tablet_socket_msgs_generate_messages
[1.294s] Invoked command in '/home/point001/autoware.ai/build/tablet_socket_msgs' returned '0': /usr/bin/cmake --build /home/point001/autoware.ai/build/tablet_socket_msgs -- -j24 -l24
[1.434s] Invoking command in '/home/point001/autoware.ai/build/tablet_socket_msgs': /usr/bin/cmake --build /home/point001/autoware.ai/build/tablet_socket_msgs --target tests -- -j24 -l24
[1.560s] Built target tests
[1.658s] Invoked command in '/home/point001/autoware.ai/build/tablet_socket_msgs' returned '0': /usr/bin/cmake --build /home/point001/autoware.ai/build/tablet_socket_msgs --target tests -- -j24 -l24
[1.961s] Invoking command in '/home/point001/autoware.ai/build/tablet_socket_msgs': /usr/bin/cmake --build /home/point001/autoware.ai/build/tablet_socket_msgs --target install -- -j24 -l24
[2.107s] [  0%] Built target std_msgs_generate_messages_lisp
[2.107s] [  0%] Built target std_msgs_generate_messages_eus
[2.107s] [  0%] Built target std_msgs_generate_messages_py
[2.107s] [  0%] Built target std_msgs_generate_messages_nodejs
[2.107s] [  0%] Built target std_msgs_generate_messages_cpp
[2.107s] [  0%] Built target _tablet_socket_msgs_generate_messages_check_deps_mode_info
[2.107s] [  0%] Built target _tablet_socket_msgs_generate_messages_check_deps_mode_cmd
[2.107s] [  0%] Built target _tablet_socket_msgs_generate_messages_check_deps_Waypoint
[2.107s] [  0%] Built target _tablet_socket_msgs_generate_messages_check_deps_route_cmd
[2.107s] [  0%] Built target _tablet_socket_msgs_generate_messages_check_deps_gear_cmd
[2.107s] [  0%] Built target _tablet_socket_msgs_generate_messages_check_deps_error_info
[2.111s] [ 21%] Built target tablet_socket_msgs_generate_messages_py
[2.111s] [ 40%] Built target tablet_socket_msgs_generate_messages_nodejs
[2.111s] [ 59%] Built target tablet_socket_msgs_generate_messages_cpp
[2.111s] [ 78%] Built target tablet_socket_msgs_generate_messages_lisp
[2.114s] [100%] Built target tablet_socket_msgs_generate_messages_eus
[2.140s] [100%] Built target tablet_socket_msgs_generate_messages
[2.171s] [36mInstall the project...[0m
[2.183s] -- Install configuration: "Release"
[2.183s] -- Up-to-date: /home/point001/autoware.ai/install/tablet_socket_msgs/share/tablet_socket_msgs/msg/Waypoint.msg
[2.183s] -- Up-to-date: /home/point001/autoware.ai/install/tablet_socket_msgs/share/tablet_socket_msgs/msg/error_info.msg
[2.183s] -- Up-to-date: /home/point001/autoware.ai/install/tablet_socket_msgs/share/tablet_socket_msgs/msg/gear_cmd.msg
[2.183s] -- Up-to-date: /home/point001/autoware.ai/install/tablet_socket_msgs/share/tablet_socket_msgs/msg/mode_cmd.msg
[2.183s] -- Up-to-date: /home/point001/autoware.ai/install/tablet_socket_msgs/share/tablet_socket_msgs/msg/mode_info.msg
[2.184s] -- Up-to-date: /home/point001/autoware.ai/install/tablet_socket_msgs/share/tablet_socket_msgs/msg/route_cmd.msg
[2.184s] -- Up-to-date: /home/point001/autoware.ai/install/tablet_socket_msgs/share/tablet_socket_msgs/cmake/tablet_socket_msgs-msg-paths.cmake
[2.184s] -- Up-to-date: /home/point001/autoware.ai/install/tablet_socket_msgs/include/tablet_socket_msgs
[2.184s] -- Up-to-date: /home/point001/autoware.ai/install/tablet_socket_msgs/include/tablet_socket_msgs/Waypoint.h
[2.184s] -- Up-to-date: /home/point001/autoware.ai/install/tablet_socket_msgs/include/tablet_socket_msgs/mode_cmd.h
[2.184s] -- Up-to-date: /home/point001/autoware.ai/install/tablet_socket_msgs/include/tablet_socket_msgs/route_cmd.h
[2.184s] -- Up-to-date: /home/point001/autoware.ai/install/tablet_socket_msgs/include/tablet_socket_msgs/gear_cmd.h
[2.184s] -- Up-to-date: /home/point001/autoware.ai/install/tablet_socket_msgs/include/tablet_socket_msgs/error_info.h
[2.184s] -- Up-to-date: /home/point001/autoware.ai/install/tablet_socket_msgs/include/tablet_socket_msgs/mode_info.h
[2.184s] -- Up-to-date: /home/point001/autoware.ai/install/tablet_socket_msgs/share/roseus/ros/tablet_socket_msgs
[2.184s] -- Up-to-date: /home/point001/autoware.ai/install/tablet_socket_msgs/share/roseus/ros/tablet_socket_msgs/manifest.l
[2.184s] -- Up-to-date: /home/point001/autoware.ai/install/tablet_socket_msgs/share/roseus/ros/tablet_socket_msgs/msg
[2.184s] -- Up-to-date: /home/point001/autoware.ai/install/tablet_socket_msgs/share/roseus/ros/tablet_socket_msgs/msg/route_cmd.l
[2.185s] -- Up-to-date: /home/point001/autoware.ai/install/tablet_socket_msgs/share/roseus/ros/tablet_socket_msgs/msg/gear_cmd.l
[2.185s] -- Up-to-date: /home/point001/autoware.ai/install/tablet_socket_msgs/share/roseus/ros/tablet_socket_msgs/msg/mode_info.l
[2.185s] -- Up-to-date: /home/point001/autoware.ai/install/tablet_socket_msgs/share/roseus/ros/tablet_socket_msgs/msg/Waypoint.l
[2.185s] -- Up-to-date: /home/point001/autoware.ai/install/tablet_socket_msgs/share/roseus/ros/tablet_socket_msgs/msg/mode_cmd.l
[2.185s] -- Up-to-date: /home/point001/autoware.ai/install/tablet_socket_msgs/share/roseus/ros/tablet_socket_msgs/msg/error_info.l
[2.185s] -- Up-to-date: /home/point001/autoware.ai/install/tablet_socket_msgs/share/common-lisp/ros/tablet_socket_msgs
[2.185s] -- Up-to-date: /home/point001/autoware.ai/install/tablet_socket_msgs/share/common-lisp/ros/tablet_socket_msgs/msg
[2.185s] -- Up-to-date: /home/point001/autoware.ai/install/tablet_socket_msgs/share/common-lisp/ros/tablet_socket_msgs/msg/_package_mode_info.lisp
[2.185s] -- Up-to-date: /home/point001/autoware.ai/install/tablet_socket_msgs/share/common-lisp/ros/tablet_socket_msgs/msg/error_info.lisp
[2.185s] -- Up-to-date: /home/point001/autoware.ai/install/tablet_socket_msgs/share/common-lisp/ros/tablet_socket_msgs/msg/_package_error_info.lisp
[2.185s] -- Up-to-date: /home/point001/autoware.ai/install/tablet_socket_msgs/share/common-lisp/ros/tablet_socket_msgs/msg/route_cmd.lisp
[2.185s] -- Up-to-date: /home/point001/autoware.ai/install/tablet_socket_msgs/share/common-lisp/ros/tablet_socket_msgs/msg/gear_cmd.lisp
[2.185s] -- Up-to-date: /home/point001/autoware.ai/install/tablet_socket_msgs/share/common-lisp/ros/tablet_socket_msgs/msg/_package.lisp
[2.185s] -- Up-to-date: /home/point001/autoware.ai/install/tablet_socket_msgs/share/common-lisp/ros/tablet_socket_msgs/msg/mode_cmd.lisp
[2.186s] -- Up-to-date: /home/point001/autoware.ai/install/tablet_socket_msgs/share/common-lisp/ros/tablet_socket_msgs/msg/Waypoint.lisp
[2.186s] -- Up-to-date: /home/point001/autoware.ai/install/tablet_socket_msgs/share/common-lisp/ros/tablet_socket_msgs/msg/mode_info.lisp
[2.186s] -- Up-to-date: /home/point001/autoware.ai/install/tablet_socket_msgs/share/common-lisp/ros/tablet_socket_msgs/msg/tablet_socket_msgs-msg.asd
[2.186s] -- Up-to-date: /home/point001/autoware.ai/install/tablet_socket_msgs/share/common-lisp/ros/tablet_socket_msgs/msg/_package_mode_cmd.lisp
[2.186s] -- Up-to-date: /home/point001/autoware.ai/install/tablet_socket_msgs/share/common-lisp/ros/tablet_socket_msgs/msg/_package_route_cmd.lisp
[2.186s] -- Up-to-date: /home/point001/autoware.ai/install/tablet_socket_msgs/share/common-lisp/ros/tablet_socket_msgs/msg/_package_Waypoint.lisp
[2.186s] -- Up-to-date: /home/point001/autoware.ai/install/tablet_socket_msgs/share/common-lisp/ros/tablet_socket_msgs/msg/_package_gear_cmd.lisp
[2.186s] -- Up-to-date: /home/point001/autoware.ai/install/tablet_socket_msgs/share/gennodejs/ros/tablet_socket_msgs
[2.186s] -- Up-to-date: /home/point001/autoware.ai/install/tablet_socket_msgs/share/gennodejs/ros/tablet_socket_msgs/_index.js
[2.186s] -- Up-to-date: /home/point001/autoware.ai/install/tablet_socket_msgs/share/gennodejs/ros/tablet_socket_msgs/msg
[2.186s] -- Up-to-date: /home/point001/autoware.ai/install/tablet_socket_msgs/share/gennodejs/ros/tablet_socket_msgs/msg/gear_cmd.js
[2.186s] -- Up-to-date: /home/point001/autoware.ai/install/tablet_socket_msgs/share/gennodejs/ros/tablet_socket_msgs/msg/route_cmd.js
[2.186s] -- Up-to-date: /home/point001/autoware.ai/install/tablet_socket_msgs/share/gennodejs/ros/tablet_socket_msgs/msg/mode_info.js
[2.186s] -- Up-to-date: /home/point001/autoware.ai/install/tablet_socket_msgs/share/gennodejs/ros/tablet_socket_msgs/msg/_index.js
[2.186s] -- Up-to-date: /home/point001/autoware.ai/install/tablet_socket_msgs/share/gennodejs/ros/tablet_socket_msgs/msg/mode_cmd.js
[2.187s] -- Up-to-date: /home/point001/autoware.ai/install/tablet_socket_msgs/share/gennodejs/ros/tablet_socket_msgs/msg/Waypoint.js
[2.187s] -- Up-to-date: /home/point001/autoware.ai/install/tablet_socket_msgs/share/gennodejs/ros/tablet_socket_msgs/msg/error_info.js
[2.199s] Listing /home/point001/autoware.ai/build/tablet_socket_msgs/devel/lib/python2.7/dist-packages/tablet_socket_msgs ...
[2.199s] Listing /home/point001/autoware.ai/build/tablet_socket_msgs/devel/lib/python2.7/dist-packages/tablet_socket_msgs/msg ...
[2.199s] -- Up-to-date: /home/point001/autoware.ai/install/tablet_socket_msgs/lib/python2.7/dist-packages/tablet_socket_msgs
[2.199s] -- Up-to-date: /home/point001/autoware.ai/install/tablet_socket_msgs/lib/python2.7/dist-packages/tablet_socket_msgs/msg
[2.199s] -- Up-to-date: /home/point001/autoware.ai/install/tablet_socket_msgs/lib/python2.7/dist-packages/tablet_socket_msgs/msg/_route_cmd.pyc
[2.199s] -- Up-to-date: /home/point001/autoware.ai/install/tablet_socket_msgs/lib/python2.7/dist-packages/tablet_socket_msgs/msg/_gear_cmd.py
[2.199s] -- Up-to-date: /home/point001/autoware.ai/install/tablet_socket_msgs/lib/python2.7/dist-packages/tablet_socket_msgs/msg/_route_cmd.py
[2.199s] -- Up-to-date: /home/point001/autoware.ai/install/tablet_socket_msgs/lib/python2.7/dist-packages/tablet_socket_msgs/msg/_mode_info.pyc
[2.199s] -- Up-to-date: /home/point001/autoware.ai/install/tablet_socket_msgs/lib/python2.7/dist-packages/tablet_socket_msgs/msg/_mode_cmd.pyc
[2.199s] -- Up-to-date: /home/point001/autoware.ai/install/tablet_socket_msgs/lib/python2.7/dist-packages/tablet_socket_msgs/msg/__init__.py
[2.199s] -- Up-to-date: /home/point001/autoware.ai/install/tablet_socket_msgs/lib/python2.7/dist-packages/tablet_socket_msgs/msg/_Waypoint.pyc
[2.199s] -- Up-to-date: /home/point001/autoware.ai/install/tablet_socket_msgs/lib/python2.7/dist-packages/tablet_socket_msgs/msg/_Waypoint.py
[2.199s] -- Up-to-date: /home/point001/autoware.ai/install/tablet_socket_msgs/lib/python2.7/dist-packages/tablet_socket_msgs/msg/_mode_cmd.py
[2.199s] -- Up-to-date: /home/point001/autoware.ai/install/tablet_socket_msgs/lib/python2.7/dist-packages/tablet_socket_msgs/msg/_error_info.pyc
[2.199s] -- Up-to-date: /home/point001/autoware.ai/install/tablet_socket_msgs/lib/python2.7/dist-packages/tablet_socket_msgs/msg/__init__.pyc
[2.199s] -- Up-to-date: /home/point001/autoware.ai/install/tablet_socket_msgs/lib/python2.7/dist-packages/tablet_socket_msgs/msg/_mode_info.py
[2.199s] -- Up-to-date: /home/point001/autoware.ai/install/tablet_socket_msgs/lib/python2.7/dist-packages/tablet_socket_msgs/msg/_gear_cmd.pyc
[2.200s] -- Up-to-date: /home/point001/autoware.ai/install/tablet_socket_msgs/lib/python2.7/dist-packages/tablet_socket_msgs/msg/_error_info.py
[2.200s] -- Up-to-date: /home/point001/autoware.ai/install/tablet_socket_msgs/lib/python2.7/dist-packages/tablet_socket_msgs/__init__.py
[2.200s] -- Up-to-date: /home/point001/autoware.ai/install/tablet_socket_msgs/lib/python2.7/dist-packages/tablet_socket_msgs/__init__.pyc
[2.200s] -- Up-to-date: /home/point001/autoware.ai/install/tablet_socket_msgs/lib/pkgconfig/tablet_socket_msgs.pc
[2.200s] -- Up-to-date: /home/point001/autoware.ai/install/tablet_socket_msgs/share/tablet_socket_msgs/cmake/tablet_socket_msgs-msg-extras.cmake
[2.200s] -- Up-to-date: /home/point001/autoware.ai/install/tablet_socket_msgs/share/tablet_socket_msgs/cmake/tablet_socket_msgsConfig.cmake
[2.200s] -- Up-to-date: /home/point001/autoware.ai/install/tablet_socket_msgs/share/tablet_socket_msgs/cmake/tablet_socket_msgsConfig-version.cmake
[2.200s] -- Up-to-date: /home/point001/autoware.ai/install/tablet_socket_msgs/share/tablet_socket_msgs/package.xml
[2.425s] Invoked command in '/home/point001/autoware.ai/build/tablet_socket_msgs' returned '0': /usr/bin/cmake --build /home/point001/autoware.ai/build/tablet_socket_msgs --target install -- -j24 -l24
