[0.305s] Invoking command in '/home/point001/autoware.ai/build/range_vision_fusion': CMAKE_PREFIX_PATH=/home/point001/autoware.ai/install/autoware_msgs:/home/point001/autoware.ai/install/autoware_build_flags:${CMAKE_PREFIX_PATH} PKG_CONFIG_PATH=/home/point001/autoware.ai/install/autoware_msgs/lib/x86_64-linux-gnu/pkgconfig:/home/point001/autoware.ai/install/autoware_msgs/lib/pkgconfig:/home/point001/autoware.ai/install/autoware_build_flags/lib/x86_64-linux-gnu/pkgconfig:/home/point001/autoware.ai/install/autoware_build_flags/lib/pkgconfig:${PKG_CONFIG_PATH} PYTHONPATH=/home/point001/autoware.ai/install/autoware_msgs/lib/python2.7/dist-packages:${PYTHONPATH} ROS_PACKAGE_PATH=/home/point001/autoware.ai/install/autoware_msgs/share:/home/point001/autoware.ai/install/autoware_build_flags/share:${ROS_PACKAGE_PATH} /usr/bin/cmake --build /home/point001/autoware.ai/build/range_vision_fusion -- -j24 -l24
[0.560s] [  0%] Built target tf_generate_messages_nodejs
[0.562s] [  0%] Built target jsk_recognition_msgs_generate_messages_lisp
[0.577s] [  0%] Built target std_msgs_generate_messages_py
[0.592s] [  0%] Built target tf2_msgs_generate_messages_cpp
[0.592s] [  0%] Built target tf2_msgs_generate_messages_eus
[0.592s] [  0%] Built target roscpp_generate_messages_cpp
[0.603s] [  0%] Built target pcl_msgs_generate_messages_eus
[0.608s] [  0%] Built target autoware_msgs_generate_messages_cpp
[0.634s] [  0%] Built target geometry_msgs_generate_messages_py
[0.634s] [  0%] Built target jsk_recognition_msgs_generate_messages_eus
[0.634s] [  0%] Built target std_srvs_generate_messages_py
[0.634s] [  0%] Built target std_srvs_generate_messages_nodejs
[0.634s] [  0%] Built target std_msgs_generate_messages_nodejs
[0.634s] [  0%] Built target rosgraph_msgs_generate_messages_eus
[0.635s] [  0%] Built target sensor_msgs_generate_messages_cpp
[0.641s] [  0%] Built target sensor_msgs_generate_messages_eus
[0.646s] [  0%] Built target topic_tools_generate_messages_eus
[0.646s] [  0%] Built target actionlib_generate_messages_cpp
[0.647s] [  0%] Built target tf2_msgs_generate_messages_py
[0.664s] [  0%] Built target topic_tools_generate_messages_cpp
[0.666s] [  0%] Built target sensor_msgs_generate_messages_nodejs
[0.666s] [  0%] Built target topic_tools_generate_messages_nodejs
[0.671s] [  0%] Built target bond_generate_messages_lisp
[0.673s] [  0%] Built target actionlib_generate_messages_py
[0.673s] [  0%] Built target nodelet_generate_messages_nodejs
[0.678s] [  0%] Built target rosgraph_msgs_generate_messages_cpp
[0.685s] [  0%] Built target tf_generate_messages_lisp
[0.707s] [  0%] Built target jsk_footstep_msgs_generate_messages_py
[0.722s] [  0%] Built target tf_generate_messages_py
[0.725s] [  0%] Built target sensor_msgs_generate_messages_py
[0.725s] [  0%] Built target pcl_msgs_generate_messages_nodejs
[0.733s] [  0%] Built target std_msgs_generate_messages_cpp
[0.737s] [  0%] Built target geometry_msgs_generate_messages_nodejs
[0.740s] [  0%] Built target nodelet_generate_messages_py
[0.740s] [  0%] Built target jsk_recognition_msgs_generate_messages_py
[0.757s] [  0%] Built target roscpp_generate_messages_nodejs
[0.757s] [  0%] Built target pcl_msgs_generate_messages_py
[0.757s] [  0%] Built target dynamic_reconfigure_generate_messages_cpp
[0.757s] [  0%] Built target actionlib_generate_messages_eus
[0.757s] [  0%] Built target geometry_msgs_generate_messages_lisp
[0.761s] [  0%] Built target geometry_msgs_generate_messages_cpp
[0.765s] [  0%] Built target sensor_msgs_generate_messages_lisp
[0.781s] [  0%] Built target dynamic_reconfigure_generate_messages_lisp
[0.800s] [  0%] Built target std_msgs_generate_messages_lisp
[0.800s] [  0%] Built target autoware_msgs_generate_messages_eus
[0.800s] [  0%] Built target geometry_msgs_generate_messages_eus
[0.800s] [  0%] Built target autoware_msgs_generate_messages_lisp
[0.821s] [  0%] Built target autoware_msgs_generate_messages_py
[0.821s] [  0%] Built target pcl_msgs_generate_messages_cpp
[0.836s] [  0%] Built target visualization_msgs_generate_messages_lisp
[0.837s] [  0%] Built target std_msgs_generate_messages_eus
[0.843s] [  0%] Built target jsk_recognition_msgs_generate_messages_cpp
[0.843s] [  0%] Built target jsk_footstep_msgs_generate_messages_eus
[0.844s] [  0%] Built target topic_tools_generate_messages_lisp
[0.855s] [  0%] Built target actionlib_generate_messages_lisp
[0.859s] [  0%] Built target jsk_topic_tools_generate_messages_eus
[0.869s] [  0%] Built target tf_generate_messages_cpp
[0.871s] [  0%] Built target actionlib_generate_messages_nodejs
[0.878s] [  0%] Built target actionlib_msgs_generate_messages_py
[0.879s] [  0%] Built target autoware_msgs_generate_messages_nodejs
[0.885s] [  0%] Built target jsk_topic_tools_generate_messages_nodejs
[0.886s] [  0%] Built target nodelet_generate_messages_lisp
[0.889s] [  0%] Built target tf_generate_messages_eus
[0.889s] [  0%] Built target pcl_msgs_generate_messages_lisp
[0.907s] [  0%] Built target std_srvs_generate_messages_cpp
[0.920s] [  0%] Built target actionlib_msgs_generate_messages_eus
[0.929s] [  0%] Built target actionlib_msgs_generate_messages_cpp
[0.932s] [  0%] Built target std_srvs_generate_messages_eus
[0.933s] [  0%] Built target bond_generate_messages_eus
[0.941s] [  0%] Built target jsk_footstep_msgs_generate_messages_cpp
[0.942s] [  0%] Built target actionlib_msgs_generate_messages_lisp
[0.942s] [  0%] Built target jsk_footstep_msgs_generate_messages_lisp
[0.945s] [  0%] Built target tf2_msgs_generate_messages_lisp
[0.970s] [  0%] Built target roscpp_generate_messages_py
[0.970s] [  0%] Built target dynamic_reconfigure_generate_messages_py
[0.970s] [  0%] Built target roscpp_generate_messages_eus
[0.970s] [  0%] Built target jsk_footstep_msgs_generate_messages_nodejs
[0.970s] [  0%] Built target rosgraph_msgs_generate_messages_nodejs
[0.970s] [  0%] Built target rosgraph_msgs_generate_messages_lisp
[0.976s] [  0%] Built target bond_generate_messages_py
[0.978s] [  0%] Built target jsk_recognition_utils_gencfg
[0.978s] [  0%] Built target rosgraph_msgs_generate_messages_py
[0.989s] [  0%] Built target pcl_ros_gencfg
[1.000s] [  0%] Built target dynamic_reconfigure_gencfg
[1.005s] [  0%] Built target jsk_topic_tools_generate_messages_py
[1.006s] [  0%] Built target topic_tools_generate_messages_py
[1.007s] [  0%] Built target jsk_recognition_msgs_generate_messages_nodejs
[1.007s] [  0%] Built target dynamic_reconfigure_generate_messages_eus
[1.010s] [  0%] Built target roscpp_generate_messages_lisp
[1.013s] [  0%] Built target nodelet_topic_tools_gencfg
[1.015s] [  0%] Built target bond_generate_messages_cpp
[1.024s] [  0%] Built target nodelet_generate_messages_cpp
[1.027s] [  0%] Built target jsk_topic_tools_generate_messages_cpp
[1.029s] [  0%] Built target bond_generate_messages_nodejs
[1.037s] [  0%] Built target dynamic_reconfigure_generate_messages_nodejs
[1.037s] [  0%] Built target nodelet_generate_messages_eus
[1.040s] [  0%] Built target _catkin_empty_exported_target
[1.042s] [  0%] Built target std_srvs_generate_messages_lisp
[1.047s] [  0%] Built target actionlib_msgs_generate_messages_nodejs
[1.049s] [  0%] Built target jsk_topic_tools_generate_messages_lisp
[1.051s] [  0%] Built target tf2_msgs_generate_messages_nodejs
[1.054s] [  0%] Built target visualization_msgs_generate_messages_eus
[1.062s] [  0%] Built target jsk_topic_tools_gencfg
[1.079s] [  0%] Built target visualization_msgs_generate_messages_cpp
[1.101s] [  0%] Built target visualization_msgs_generate_messages_py
[1.109s] [  0%] Built target visualization_msgs_generate_messages_nodejs
[1.169s] [ 50%] Built target range_vision_fusion_lib
[1.219s] [100%] Built target range_vision_fusion
[1.304s] Invoked command in '/home/point001/autoware.ai/build/range_vision_fusion' returned '0': CMAKE_PREFIX_PATH=/home/point001/autoware.ai/install/autoware_msgs:/home/point001/autoware.ai/install/autoware_build_flags:${CMAKE_PREFIX_PATH} PKG_CONFIG_PATH=/home/point001/autoware.ai/install/autoware_msgs/lib/x86_64-linux-gnu/pkgconfig:/home/point001/autoware.ai/install/autoware_msgs/lib/pkgconfig:/home/point001/autoware.ai/install/autoware_build_flags/lib/x86_64-linux-gnu/pkgconfig:/home/point001/autoware.ai/install/autoware_build_flags/lib/pkgconfig:${PKG_CONFIG_PATH} PYTHONPATH=/home/point001/autoware.ai/install/autoware_msgs/lib/python2.7/dist-packages:${PYTHONPATH} ROS_PACKAGE_PATH=/home/point001/autoware.ai/install/autoware_msgs/share:/home/point001/autoware.ai/install/autoware_build_flags/share:${ROS_PACKAGE_PATH} /usr/bin/cmake --build /home/point001/autoware.ai/build/range_vision_fusion -- -j24 -l24
[1.751s] Invoking command in '/home/point001/autoware.ai/build/range_vision_fusion': CMAKE_PREFIX_PATH=/home/point001/autoware.ai/install/autoware_msgs:/home/point001/autoware.ai/install/autoware_build_flags:${CMAKE_PREFIX_PATH} PKG_CONFIG_PATH=/home/point001/autoware.ai/install/autoware_msgs/lib/x86_64-linux-gnu/pkgconfig:/home/point001/autoware.ai/install/autoware_msgs/lib/pkgconfig:/home/point001/autoware.ai/install/autoware_build_flags/lib/x86_64-linux-gnu/pkgconfig:/home/point001/autoware.ai/install/autoware_build_flags/lib/pkgconfig:${PKG_CONFIG_PATH} PYTHONPATH=/home/point001/autoware.ai/install/autoware_msgs/lib/python2.7/dist-packages:${PYTHONPATH} ROS_PACKAGE_PATH=/home/point001/autoware.ai/install/autoware_msgs/share:/home/point001/autoware.ai/install/autoware_build_flags/share:${ROS_PACKAGE_PATH} /usr/bin/cmake --build /home/point001/autoware.ai/build/range_vision_fusion --target tests -- -j24 -l24
[1.857s] Built target tests
[1.951s] Invoked command in '/home/point001/autoware.ai/build/range_vision_fusion' returned '0': CMAKE_PREFIX_PATH=/home/point001/autoware.ai/install/autoware_msgs:/home/point001/autoware.ai/install/autoware_build_flags:${CMAKE_PREFIX_PATH} PKG_CONFIG_PATH=/home/point001/autoware.ai/install/autoware_msgs/lib/x86_64-linux-gnu/pkgconfig:/home/point001/autoware.ai/install/autoware_msgs/lib/pkgconfig:/home/point001/autoware.ai/install/autoware_build_flags/lib/x86_64-linux-gnu/pkgconfig:/home/point001/autoware.ai/install/autoware_build_flags/lib/pkgconfig:${PKG_CONFIG_PATH} PYTHONPATH=/home/point001/autoware.ai/install/autoware_msgs/lib/python2.7/dist-packages:${PYTHONPATH} ROS_PACKAGE_PATH=/home/point001/autoware.ai/install/autoware_msgs/share:/home/point001/autoware.ai/install/autoware_build_flags/share:${ROS_PACKAGE_PATH} /usr/bin/cmake --build /home/point001/autoware.ai/build/range_vision_fusion --target tests -- -j24 -l24
[2.392s] Invoking command in '/home/point001/autoware.ai/build/range_vision_fusion': CMAKE_PREFIX_PATH=/home/point001/autoware.ai/install/autoware_msgs:/home/point001/autoware.ai/install/autoware_build_flags:${CMAKE_PREFIX_PATH} PKG_CONFIG_PATH=/home/point001/autoware.ai/install/autoware_msgs/lib/x86_64-linux-gnu/pkgconfig:/home/point001/autoware.ai/install/autoware_msgs/lib/pkgconfig:/home/point001/autoware.ai/install/autoware_build_flags/lib/x86_64-linux-gnu/pkgconfig:/home/point001/autoware.ai/install/autoware_build_flags/lib/pkgconfig:${PKG_CONFIG_PATH} PYTHONPATH=/home/point001/autoware.ai/install/autoware_msgs/lib/python2.7/dist-packages:${PYTHONPATH} ROS_PACKAGE_PATH=/home/point001/autoware.ai/install/autoware_msgs/share:/home/point001/autoware.ai/install/autoware_build_flags/share:${ROS_PACKAGE_PATH} /usr/bin/cmake --build /home/point001/autoware.ai/build/range_vision_fusion --target install -- -j24 -l24
[2.592s] [  0%] Built target tf2_msgs_generate_messages_py
[2.592s] [  0%] Built target tf_generate_messages_nodejs
[2.592s] [  0%] Built target topic_tools_generate_messages_nodejs
[2.592s] [  0%] Built target topic_tools_generate_messages_eus
[2.592s] [  0%] Built target std_msgs_generate_messages_nodejs
[2.593s] [  0%] Built target std_srvs_generate_messages_py
[2.593s] [  0%] Built target bond_generate_messages_lisp
[2.593s] [  0%] Built target std_srvs_generate_messages_nodejs
[2.593s] [  0%] Built target tf2_msgs_generate_messages_cpp
[2.593s] [  0%] Built target sensor_msgs_generate_messages_nodejs
[2.593s] [  0%] Built target roscpp_generate_messages_cpp
[2.593s] [  0%] Built target std_msgs_generate_messages_py
[2.593s] [  0%] Built target rosgraph_msgs_generate_messages_eus
[2.593s] [  0%] Built target tf_generate_messages_lisp
[2.598s] [  0%] Built target topic_tools_generate_messages_cpp
[2.598s] [  0%] Built target pcl_msgs_generate_messages_eus
[2.598s] [  0%] Built target geometry_msgs_generate_messages_py
[2.598s] [  0%] Built target sensor_msgs_generate_messages_eus
[2.598s] [  0%] Built target actionlib_generate_messages_py
[2.598s] [  0%] Built target jsk_recognition_msgs_generate_messages_lisp
[2.598s] [  0%] Built target jsk_recognition_msgs_generate_messages_eus
[2.598s] [  0%] Built target tf2_msgs_generate_messages_eus
[2.598s] [  0%] Built target sensor_msgs_generate_messages_cpp
[2.598s] [  0%] Built target actionlib_generate_messages_cpp
[2.599s] [  0%] Built target jsk_recognition_msgs_generate_messages_py
[2.599s] [  0%] Built target autoware_msgs_generate_messages_cpp
[2.599s] [  0%] Built target jsk_footstep_msgs_generate_messages_py
[2.599s] [  0%] Built target sensor_msgs_generate_messages_lisp
[2.599s] [  0%] Built target nodelet_generate_messages_nodejs
[2.599s] [  0%] Built target sensor_msgs_generate_messages_py
[2.599s] [  0%] Built target tf_generate_messages_py
[2.599s] [  0%] Built target rosgraph_msgs_generate_messages_cpp
[2.599s] [  0%] Built target geometry_msgs_generate_messages_nodejs
[2.599s] [  0%] Built target pcl_msgs_generate_messages_nodejs
[2.599s] [  0%] Built target std_msgs_generate_messages_lisp
[2.599s] [  0%] Built target std_msgs_generate_messages_cpp
[2.600s] [  0%] Built target roscpp_generate_messages_nodejs
[2.600s] [  0%] Built target nodelet_generate_messages_py
[2.600s] [  0%] Built target actionlib_generate_messages_lisp
[2.600s] [  0%] Built target pcl_msgs_generate_messages_cpp
[2.600s] [  0%] Built target geometry_msgs_generate_messages_lisp
[2.600s] [  0%] Built target geometry_msgs_generate_messages_cpp
[2.600s] [  0%] Built target jsk_recognition_msgs_generate_messages_cpp
[2.600s] [  0%] Built target topic_tools_generate_messages_lisp
[2.601s] [  0%] Built target autoware_msgs_generate_messages_eus
[2.601s] [  0%] Built target actionlib_generate_messages_eus
[2.601s] [  0%] Built target pcl_msgs_generate_messages_lisp
[2.601s] [  0%] Built target actionlib_generate_messages_nodejs
[2.601s] [  0%] Built target pcl_msgs_generate_messages_py
[2.601s] [  0%] Built target autoware_msgs_generate_messages_lisp
[2.601s] [  0%] Built target dynamic_reconfigure_generate_messages_cpp
[2.601s] [  0%] Built target geometry_msgs_generate_messages_eus
[2.601s] [  0%] Built target std_msgs_generate_messages_eus
[2.602s] [  0%] Built target jsk_footstep_msgs_generate_messages_eus
[2.602s] [  0%] Built target dynamic_reconfigure_generate_messages_lisp
[2.602s] [  0%] Built target autoware_msgs_generate_messages_nodejs
[2.604s] [  0%] Built target nodelet_generate_messages_lisp
[2.604s] [  0%] Built target autoware_msgs_generate_messages_py
[2.604s] [  0%] Built target tf_generate_messages_cpp
[2.604s] [  0%] Built target jsk_footstep_msgs_generate_messages_nodejs
[2.607s] [  0%] Built target jsk_topic_tools_generate_messages_eus
[2.608s] [  0%] Built target visualization_msgs_generate_messages_lisp
[2.608s] [  0%] Built target actionlib_msgs_generate_messages_py
[2.609s] [  0%] Built target tf_generate_messages_eus
[2.616s] [  0%] Built target actionlib_msgs_generate_messages_cpp
[2.616s] [  0%] Built target jsk_footstep_msgs_generate_messages_cpp
[2.616s] [  0%] Built target std_srvs_generate_messages_cpp
[2.617s] [  0%] Built target jsk_footstep_msgs_generate_messages_lisp
[2.617s] [  0%] Built target jsk_topic_tools_generate_messages_nodejs
[2.617s] [  0%] Built target jsk_recognition_msgs_generate_messages_nodejs
[2.617s] [  0%] Built target std_srvs_generate_messages_eus
[2.617s] [  0%] Built target roscpp_generate_messages_lisp
[2.621s] [  0%] Built target rosgraph_msgs_generate_messages_nodejs
[2.622s] [  0%] Built target actionlib_msgs_generate_messages_eus
[2.622s] [  0%] Built target dynamic_reconfigure_generate_messages_py
[2.623s] [  0%] Built target actionlib_msgs_generate_messages_lisp
[2.627s] [  0%] Built target pcl_ros_gencfg
[2.627s] [  0%] Built target rosgraph_msgs_generate_messages_lisp
[2.627s] [  0%] Built target roscpp_generate_messages_py
[2.627s] [  0%] Built target roscpp_generate_messages_eus
[2.627s] [  0%] Built target rosgraph_msgs_generate_messages_py
[2.629s] [  0%] Built target tf2_msgs_generate_messages_lisp
[2.640s] [  0%] Built target bond_generate_messages_eus
[2.640s] [  0%] Built target jsk_recognition_utils_gencfg
[2.640s] [  0%] Built target bond_generate_messages_cpp
[2.640s] [  0%] Built target dynamic_reconfigure_generate_messages_nodejs
[2.640s] [  0%] Built target nodelet_generate_messages_eus
[2.641s] [  0%] Built target dynamic_reconfigure_generate_messages_eus
[2.641s] [  0%] Built target bond_generate_messages_py
[2.641s] [  0%] Built target dynamic_reconfigure_gencfg
[2.641s] [  0%] Built target actionlib_msgs_generate_messages_nodejs
[2.644s] [  0%] Built target std_srvs_generate_messages_lisp
[2.645s] [  0%] Built target nodelet_generate_messages_cpp
[2.648s] [  0%] Built target bond_generate_messages_nodejs
[2.648s] [  0%] Built target nodelet_topic_tools_gencfg
[2.650s] [  0%] Built target topic_tools_generate_messages_py
[2.658s] [  0%] Built target jsk_topic_tools_generate_messages_py
[2.658s] [  0%] Built target tf2_msgs_generate_messages_nodejs
[2.658s] [  0%] Built target visualization_msgs_generate_messages_eus
[2.658s] [  0%] Built target visualization_msgs_generate_messages_py
[2.658s] [  0%] Built target visualization_msgs_generate_messages_nodejs
[2.658s] [  0%] Built target _catkin_empty_exported_target
[2.663s] [  0%] Built target jsk_topic_tools_generate_messages_lisp
[2.670s] [  0%] Built target visualization_msgs_generate_messages_cpp
[2.672s] [  0%] Built target jsk_topic_tools_generate_messages_cpp
[2.681s] [  0%] Built target jsk_topic_tools_gencfg
[2.760s] [ 50%] Built target range_vision_fusion_lib
[2.800s] [100%] Built target range_vision_fusion
[2.819s] [36mInstall the project...[0m
[2.827s] -- Install configuration: "Release"
[2.827s] -- Up-to-date: /home/point001/autoware.ai/install/range_vision_fusion/lib/pkgconfig/range_vision_fusion.pc
[2.827s] -- Up-to-date: /home/point001/autoware.ai/install/range_vision_fusion/share/range_vision_fusion/cmake/range_vision_fusionConfig.cmake
[2.829s] -- Up-to-date: /home/point001/autoware.ai/install/range_vision_fusion/share/range_vision_fusion/cmake/range_vision_fusionConfig-version.cmake
[2.829s] -- Up-to-date: /home/point001/autoware.ai/install/range_vision_fusion/share/range_vision_fusion/package.xml
[2.829s] -- Up-to-date: /home/point001/autoware.ai/install/range_vision_fusion/lib/range_vision_fusion/range_vision_fusion
[2.829s] -- Up-to-date: /home/point001/autoware.ai/install/range_vision_fusion/lib/librange_vision_fusion_lib.so
[2.829s] -- Up-to-date: /home/point001/autoware.ai/install/range_vision_fusion/include/range_vision_fusion
[2.829s] -- Up-to-date: /home/point001/autoware.ai/install/range_vision_fusion/include/range_vision_fusion/range_vision_fusion.h
[2.829s] -- Up-to-date: /home/point001/autoware.ai/install/range_vision_fusion/share/range_vision_fusion/launch
[2.829s] -- Up-to-date: /home/point001/autoware.ai/install/range_vision_fusion/share/range_vision_fusion/launch/range_vision_fusion.launch
[2.999s] Invoked command in '/home/point001/autoware.ai/build/range_vision_fusion' returned '0': CMAKE_PREFIX_PATH=/home/point001/autoware.ai/install/autoware_msgs:/home/point001/autoware.ai/install/autoware_build_flags:${CMAKE_PREFIX_PATH} PKG_CONFIG_PATH=/home/point001/autoware.ai/install/autoware_msgs/lib/x86_64-linux-gnu/pkgconfig:/home/point001/autoware.ai/install/autoware_msgs/lib/pkgconfig:/home/point001/autoware.ai/install/autoware_build_flags/lib/x86_64-linux-gnu/pkgconfig:/home/point001/autoware.ai/install/autoware_build_flags/lib/pkgconfig:${PKG_CONFIG_PATH} PYTHONPATH=/home/point001/autoware.ai/install/autoware_msgs/lib/python2.7/dist-packages:${PYTHONPATH} ROS_PACKAGE_PATH=/home/point001/autoware.ai/install/autoware_msgs/share:/home/point001/autoware.ai/install/autoware_build_flags/share:${ROS_PACKAGE_PATH} /usr/bin/cmake --build /home/point001/autoware.ai/build/range_vision_fusion --target install -- -j24 -l24
