[0.013s] Invoking command in '/home/point001/autoware.ai/build/lanelet2_python': CMAKE_PREFIX_PATH=/home/point001/autoware.ai/install/lanelet2_routing:/home/point001/autoware.ai/install/lanelet2_projection:/home/point001/autoware.ai/install/lanelet2_traffic_rules:/home/point001/autoware.ai/install/lanelet2_io:/home/point001/autoware.ai/install/lanelet2_core:/home/point001/autoware.ai/install/mrt_cmake_modules:${CMAKE_PREFIX_PATH} LD_LIBRARY_PATH=/home/point001/autoware.ai/install/lanelet2_routing/lib:/home/point001/autoware.ai/install/lanelet2_projection/lib:/home/point001/autoware.ai/install/lanelet2_traffic_rules/lib:/home/point001/autoware.ai/install/lanelet2_io/lib:/home/point001/autoware.ai/install/lanelet2_core/lib:/opt/ros/melodic/lib:/usr/local/cuda-10.0/lib64 PKG_CONFIG_PATH=/home/point001/autoware.ai/install/lanelet2_routing/lib/x86_64-linux-gnu/pkgconfig:/home/point001/autoware.ai/install/lanelet2_routing/lib/pkgconfig:/home/point001/autoware.ai/install/lanelet2_projection/lib/x86_64-linux-gnu/pkgconfig:/home/point001/autoware.ai/install/lanelet2_projection/lib/pkgconfig:/home/point001/autoware.ai/install/lanelet2_traffic_rules/lib/x86_64-linux-gnu/pkgconfig:/home/point001/autoware.ai/install/lanelet2_traffic_rules/lib/pkgconfig:/home/point001/autoware.ai/install/lanelet2_io/lib/x86_64-linux-gnu/pkgconfig:/home/point001/autoware.ai/install/lanelet2_io/lib/pkgconfig:/home/point001/autoware.ai/install/lanelet2_core/lib/x86_64-linux-gnu/pkgconfig:/home/point001/autoware.ai/install/lanelet2_core/lib/pkgconfig:/home/point001/autoware.ai/install/mrt_cmake_modules/lib/x86_64-linux-gnu/pkgconfig:/home/point001/autoware.ai/install/mrt_cmake_modules/lib/pkgconfig:${PKG_CONFIG_PATH} PYTHONPATH=/home/point001/autoware.ai/install/mrt_cmake_modules/lib/python2.7/dist-packages:${PYTHONPATH} ROS_PACKAGE_PATH=/home/point001/autoware.ai/install/lanelet2_routing/share:/home/point001/autoware.ai/install/lanelet2_projection/share:/home/point001/autoware.ai/install/lanelet2_traffic_rules/share:/home/point001/autoware.ai/install/lanelet2_io/share:/home/point001/autoware.ai/install/lanelet2_core/share:/home/point001/autoware.ai/install/mrt_cmake_modules/share:${ROS_PACKAGE_PATH} /usr/bin/cmake /home/point001/autoware.ai/src/vendor/lanelet2/lanelet2_python -DCMAKE_BUILD_TYPE=Release -DCATKIN_INSTALL_INTO_PREFIX_ROOT=0 -DCMAKE_INSTALL_PREFIX=/home/point001/autoware.ai/install/lanelet2_python
[0.055s] -- The C compiler identification is GNU 7.5.0
[0.096s] -- The CXX compiler identification is GNU 7.5.0
[0.100s] -- Check for working C compiler: /usr/bin/cc
[0.143s] -- Check for working C compiler: /usr/bin/cc -- works
[0.144s] -- Detecting C compiler ABI info
[0.187s] -- Detecting C compiler ABI info - done
[0.194s] -- Detecting C compile features
[0.324s] -- Detecting C compile features - done
[0.327s] -- Check for working CXX compiler: /usr/bin/c++
[0.376s] -- Check for working CXX compiler: /usr/bin/c++ -- works
[0.376s] -- Detecting CXX compiler ABI info
[0.427s] -- Detecting CXX compiler ABI info - done
[0.434s] -- Detecting CXX compile features
[0.664s] -- Detecting CXX compile features - done
[0.666s] -- MRT_ARCH not set and X86 target detected (x86_64)
[0.666s] -- Setting -march to sandybridge
[0.841s] -- Found OpenMP_C: -fopenmp (found version "4.5") 
[0.897s] -- Found OpenMP_CXX: -fopenmp (found version "4.5") 
[0.898s] -- Found OpenMP: TRUE (found version "4.5")  
[0.902s] -- Performing Test FLAG_AVAILABLE
[0.954s] -- Performing Test FLAG_AVAILABLE - Success
[0.956s] -- Using CATKIN_DEVEL_PREFIX: /home/point001/autoware.ai/build/lanelet2_python/devel
[0.956s] -- Using CMAKE_PREFIX_PATH: /home/point001/autoware.ai/install/lanelet2_routing;/home/point001/autoware.ai/install/lanelet2_projection;/home/point001/autoware.ai/install/lanelet2_traffic_rules;/home/point001/autoware.ai/install/lanelet2_io;/home/point001/autoware.ai/install/lanelet2_core;/home/point001/autoware.ai/install/mrt_cmake_modules;/opt/ros/melodic
[0.956s] -- This workspace overlays: /home/point001/autoware.ai/install/lanelet2_routing;/home/point001/autoware.ai/install/lanelet2_projection;/home/point001/autoware.ai/install/lanelet2_traffic_rules;/home/point001/autoware.ai/install/lanelet2_io;/home/point001/autoware.ai/install/lanelet2_core;/home/point001/autoware.ai/install/mrt_cmake_modules;/opt/ros/melodic
[0.966s] -- Found PythonInterp: /usr/bin/python2 (found suitable version "2.7.17", minimum required is "2") 
[0.966s] -- Using PYTHON_EXECUTABLE: /usr/bin/python2
[0.966s] -- Using Debian Python package layout
[0.966s] -- Using empy: /usr/bin/empy
[1.067s] -- Using CATKIN_ENABLE_TESTING: ON
[1.067s] -- Call enable_testing()
[1.068s] -- Using CATKIN_TEST_RESULTS_DIR: /home/point001/autoware.ai/build/lanelet2_python/test_results
[1.081s] -- Found gtest sources under '/usr/src/googletest': gtests will be built
[1.081s] -- Found gmock sources under '/usr/src/googletest': gmock will be built
[1.090s] -- Found PythonInterp: /usr/bin/python2 (found version "2.7.17") 
[1.091s] -- Looking for pthread.h
[1.138s] -- Looking for pthread.h - found
[1.138s] -- Looking for pthread_create
[1.186s] -- Looking for pthread_create - found
[1.187s] -- Found Threads: TRUE  
[1.190s] -- Using Python nosetests: /usr/bin/nosetests-2.7
[1.217s] -- catkin 0.7.29
[1.217s] -- BUILD_SHARED_LIBS is on
[1.564s] -- Boost version: 1.65.1
[1.564s] -- Found the following Boost libraries:
[1.564s] --   python
[1.586s] -- Found PythonLibs: /usr/lib/x86_64-linux-gnu/libpython2.7.so (found version "2.7.17") 
[1.586s] -- Found BoostPython: /usr/lib/x86_64-linux-gnu/libboost_python.so;/usr/lib/x86_64-linux-gnu/libboost_numpy.so;/usr/lib/x86_64-linux-gnu/libpython2.7.so  
[1.587s] -- Adding python api library "core" to python module "lanelet2"
[1.587s] -- Adding python api library "geometry" to python module "lanelet2"
[1.587s] -- Adding python api library "io" to python module "lanelet2"
[1.588s] -- Adding python api library "projection" to python module "lanelet2"
[1.588s] -- Adding python api library "routing" to python module "lanelet2"
[1.588s] -- Adding python api library "traffic_rules" to python module "lanelet2"
[1.672s] -- Marking PYTHON PROGRAM "create_debug_routing_graph.py" of package "lanelet2_python" for installation
[1.673s] -- Marking PYTHON PROGRAM "make_ids_positive.py" of package "lanelet2_python" for installation
[1.673s] -- Marking PYTHON PROGRAM "print_ids.py" of package "lanelet2_python" for installation
[1.674s] -- Adding nosetests in folder test
[1.677s] -- Configuring done
[1.708s] -- Generating done
[1.711s] -- Build files have been written to: /home/point001/autoware.ai/build/lanelet2_python
[1.714s] Invoked command in '/home/point001/autoware.ai/build/lanelet2_python' returned '0': CMAKE_PREFIX_PATH=/home/point001/autoware.ai/install/lanelet2_routing:/home/point001/autoware.ai/install/lanelet2_projection:/home/point001/autoware.ai/install/lanelet2_traffic_rules:/home/point001/autoware.ai/install/lanelet2_io:/home/point001/autoware.ai/install/lanelet2_core:/home/point001/autoware.ai/install/mrt_cmake_modules:${CMAKE_PREFIX_PATH} LD_LIBRARY_PATH=/home/point001/autoware.ai/install/lanelet2_routing/lib:/home/point001/autoware.ai/install/lanelet2_projection/lib:/home/point001/autoware.ai/install/lanelet2_traffic_rules/lib:/home/point001/autoware.ai/install/lanelet2_io/lib:/home/point001/autoware.ai/install/lanelet2_core/lib:/opt/ros/melodic/lib:/usr/local/cuda-10.0/lib64 PKG_CONFIG_PATH=/home/point001/autoware.ai/install/lanelet2_routing/lib/x86_64-linux-gnu/pkgconfig:/home/point001/autoware.ai/install/lanelet2_routing/lib/pkgconfig:/home/point001/autoware.ai/install/lanelet2_projection/lib/x86_64-linux-gnu/pkgconfig:/home/point001/autoware.ai/install/lanelet2_projection/lib/pkgconfig:/home/point001/autoware.ai/install/lanelet2_traffic_rules/lib/x86_64-linux-gnu/pkgconfig:/home/point001/autoware.ai/install/lanelet2_traffic_rules/lib/pkgconfig:/home/point001/autoware.ai/install/lanelet2_io/lib/x86_64-linux-gnu/pkgconfig:/home/point001/autoware.ai/install/lanelet2_io/lib/pkgconfig:/home/point001/autoware.ai/install/lanelet2_core/lib/x86_64-linux-gnu/pkgconfig:/home/point001/autoware.ai/install/lanelet2_core/lib/pkgconfig:/home/point001/autoware.ai/install/mrt_cmake_modules/lib/x86_64-linux-gnu/pkgconfig:/home/point001/autoware.ai/install/mrt_cmake_modules/lib/pkgconfig:${PKG_CONFIG_PATH} PYTHONPATH=/home/point001/autoware.ai/install/mrt_cmake_modules/lib/python2.7/dist-packages:${PYTHONPATH} ROS_PACKAGE_PATH=/home/point001/autoware.ai/install/lanelet2_routing/share:/home/point001/autoware.ai/install/lanelet2_projection/share:/home/point001/autoware.ai/install/lanelet2_traffic_rules/share:/home/point001/autoware.ai/install/lanelet2_io/share:/home/point001/autoware.ai/install/lanelet2_core/share:/home/point001/autoware.ai/install/mrt_cmake_modules/share:${ROS_PACKAGE_PATH} /usr/bin/cmake /home/point001/autoware.ai/src/vendor/lanelet2/lanelet2_python -DCMAKE_BUILD_TYPE=Release -DCATKIN_INSTALL_INTO_PREFIX_ROOT=0 -DCMAKE_INSTALL_PREFIX=/home/point001/autoware.ai/install/lanelet2_python
[1.717s] Invoking command in '/home/point001/autoware.ai/build/lanelet2_python': CMAKE_PREFIX_PATH=/home/point001/autoware.ai/install/lanelet2_routing:/home/point001/autoware.ai/install/lanelet2_projection:/home/point001/autoware.ai/install/lanelet2_traffic_rules:/home/point001/autoware.ai/install/lanelet2_io:/home/point001/autoware.ai/install/lanelet2_core:/home/point001/autoware.ai/install/mrt_cmake_modules:${CMAKE_PREFIX_PATH} LD_LIBRARY_PATH=/home/point001/autoware.ai/install/lanelet2_routing/lib:/home/point001/autoware.ai/install/lanelet2_projection/lib:/home/point001/autoware.ai/install/lanelet2_traffic_rules/lib:/home/point001/autoware.ai/install/lanelet2_io/lib:/home/point001/autoware.ai/install/lanelet2_core/lib:/opt/ros/melodic/lib:/usr/local/cuda-10.0/lib64 PKG_CONFIG_PATH=/home/point001/autoware.ai/install/lanelet2_routing/lib/x86_64-linux-gnu/pkgconfig:/home/point001/autoware.ai/install/lanelet2_routing/lib/pkgconfig:/home/point001/autoware.ai/install/lanelet2_projection/lib/x86_64-linux-gnu/pkgconfig:/home/point001/autoware.ai/install/lanelet2_projection/lib/pkgconfig:/home/point001/autoware.ai/install/lanelet2_traffic_rules/lib/x86_64-linux-gnu/pkgconfig:/home/point001/autoware.ai/install/lanelet2_traffic_rules/lib/pkgconfig:/home/point001/autoware.ai/install/lanelet2_io/lib/x86_64-linux-gnu/pkgconfig:/home/point001/autoware.ai/install/lanelet2_io/lib/pkgconfig:/home/point001/autoware.ai/install/lanelet2_core/lib/x86_64-linux-gnu/pkgconfig:/home/point001/autoware.ai/install/lanelet2_core/lib/pkgconfig:/home/point001/autoware.ai/install/mrt_cmake_modules/lib/x86_64-linux-gnu/pkgconfig:/home/point001/autoware.ai/install/mrt_cmake_modules/lib/pkgconfig:${PKG_CONFIG_PATH} PYTHONPATH=/home/point001/autoware.ai/install/mrt_cmake_modules/lib/python2.7/dist-packages:${PYTHONPATH} ROS_PACKAGE_PATH=/home/point001/autoware.ai/install/lanelet2_routing/share:/home/point001/autoware.ai/install/lanelet2_projection/share:/home/point001/autoware.ai/install/lanelet2_traffic_rules/share:/home/point001/autoware.ai/install/lanelet2_io/share:/home/point001/autoware.ai/install/lanelet2_core/share:/home/point001/autoware.ai/install/mrt_cmake_modules/share:${ROS_PACKAGE_PATH} /usr/bin/cmake --build /home/point001/autoware.ai/build/lanelet2_python -- -j24 -l24
[1.745s] [35m[1mScanning dependencies of target _catkin_empty_exported_target[0m
[1.753s] [  0%] Built target _catkin_empty_exported_target
[1.761s] [35m[1mScanning dependencies of target lanelet2_python-lanelet2-projection-pyapi[0m
[1.761s] [35m[1mScanning dependencies of target lanelet2_python-lanelet2-io-pyapi[0m
[1.761s] [35m[1mScanning dependencies of target lanelet2_python-lanelet2-traffic_rules-pyapi[0m
[1.761s] [35m[1mScanning dependencies of target lanelet2_python-lanelet2-core-pyapi[0m
[1.761s] [35m[1mScanning dependencies of target lanelet2_python-lanelet2-geometry-pyapi[0m
[1.763s] [35m[1mScanning dependencies of target lanelet2_python-lanelet2-routing-pyapi[0m
[1.784s] [  8%] [32mBuilding CXX object CMakeFiles/lanelet2_python-lanelet2-projection-pyapi.dir/python_api/projection.cpp.o[0m
[1.794s] [ 16%] [32mBuilding CXX object CMakeFiles/lanelet2_python-lanelet2-geometry-pyapi.dir/python_api/geometry.cpp.o[0m
[1.795s] [ 25%] [32mBuilding CXX object CMakeFiles/lanelet2_python-lanelet2-traffic_rules-pyapi.dir/python_api/traffic_rules.cpp.o[0m
[1.796s] [ 41%] [32mBuilding CXX object CMakeFiles/lanelet2_python-lanelet2-core-pyapi.dir/python_api/core.cpp.o[0m
[1.796s] [ 41%] [32mBuilding CXX object CMakeFiles/lanelet2_python-lanelet2-io-pyapi.dir/python_api/io.cpp.o[0m
[1.807s] [ 50%] [32mBuilding CXX object CMakeFiles/lanelet2_python-lanelet2-routing-pyapi.dir/python_api/routing.cpp.o[0m
[4.971s] [ 58%] [32m[1mLinking CXX shared library devel/lib/python2.7/dist-packages/lanelet2/projection.so[0m
[5.022s] [ 58%] Built target lanelet2_python-lanelet2-projection-pyapi
[6.188s] [ 66%] [32m[1mLinking CXX shared library devel/lib/python2.7/dist-packages/lanelet2/traffic_rules.so[0m
[6.234s] [ 66%] Built target lanelet2_python-lanelet2-traffic_rules-pyapi
[6.664s] [ 75%] [32m[1mLinking CXX shared library devel/lib/python2.7/dist-packages/lanelet2/io.so[0m
[6.706s] [ 75%] Built target lanelet2_python-lanelet2-io-pyapi
[9.223s] [ 83%] [32m[1mLinking CXX shared library devel/lib/python2.7/dist-packages/lanelet2/routing.so[0m
[9.274s] [ 83%] Built target lanelet2_python-lanelet2-routing-pyapi
[17.827s] [ 91%] [32m[1mLinking CXX shared library devel/lib/python2.7/dist-packages/lanelet2/geometry.so[0m
[17.885s] [ 91%] Built target lanelet2_python-lanelet2-geometry-pyapi
[30.534s] [100%] [32m[1mLinking CXX shared library devel/lib/python2.7/dist-packages/lanelet2/core.so[0m
[30.631s] [100%] Built target lanelet2_python-lanelet2-core-pyapi
[30.640s] Invoked command in '/home/point001/autoware.ai/build/lanelet2_python' returned '0': CMAKE_PREFIX_PATH=/home/point001/autoware.ai/install/lanelet2_routing:/home/point001/autoware.ai/install/lanelet2_projection:/home/point001/autoware.ai/install/lanelet2_traffic_rules:/home/point001/autoware.ai/install/lanelet2_io:/home/point001/autoware.ai/install/lanelet2_core:/home/point001/autoware.ai/install/mrt_cmake_modules:${CMAKE_PREFIX_PATH} LD_LIBRARY_PATH=/home/point001/autoware.ai/install/lanelet2_routing/lib:/home/point001/autoware.ai/install/lanelet2_projection/lib:/home/point001/autoware.ai/install/lanelet2_traffic_rules/lib:/home/point001/autoware.ai/install/lanelet2_io/lib:/home/point001/autoware.ai/install/lanelet2_core/lib:/opt/ros/melodic/lib:/usr/local/cuda-10.0/lib64 PKG_CONFIG_PATH=/home/point001/autoware.ai/install/lanelet2_routing/lib/x86_64-linux-gnu/pkgconfig:/home/point001/autoware.ai/install/lanelet2_routing/lib/pkgconfig:/home/point001/autoware.ai/install/lanelet2_projection/lib/x86_64-linux-gnu/pkgconfig:/home/point001/autoware.ai/install/lanelet2_projection/lib/pkgconfig:/home/point001/autoware.ai/install/lanelet2_traffic_rules/lib/x86_64-linux-gnu/pkgconfig:/home/point001/autoware.ai/install/lanelet2_traffic_rules/lib/pkgconfig:/home/point001/autoware.ai/install/lanelet2_io/lib/x86_64-linux-gnu/pkgconfig:/home/point001/autoware.ai/install/lanelet2_io/lib/pkgconfig:/home/point001/autoware.ai/install/lanelet2_core/lib/x86_64-linux-gnu/pkgconfig:/home/point001/autoware.ai/install/lanelet2_core/lib/pkgconfig:/home/point001/autoware.ai/install/mrt_cmake_modules/lib/x86_64-linux-gnu/pkgconfig:/home/point001/autoware.ai/install/mrt_cmake_modules/lib/pkgconfig:${PKG_CONFIG_PATH} PYTHONPATH=/home/point001/autoware.ai/install/mrt_cmake_modules/lib/python2.7/dist-packages:${PYTHONPATH} ROS_PACKAGE_PATH=/home/point001/autoware.ai/install/lanelet2_routing/share:/home/point001/autoware.ai/install/lanelet2_projection/share:/home/point001/autoware.ai/install/lanelet2_traffic_rules/share:/home/point001/autoware.ai/install/lanelet2_io/share:/home/point001/autoware.ai/install/lanelet2_core/share:/home/point001/autoware.ai/install/mrt_cmake_modules/share:${ROS_PACKAGE_PATH} /usr/bin/cmake --build /home/point001/autoware.ai/build/lanelet2_python -- -j24 -l24
[30.668s] Invoking command in '/home/point001/autoware.ai/build/lanelet2_python': CMAKE_PREFIX_PATH=/home/point001/autoware.ai/install/lanelet2_routing:/home/point001/autoware.ai/install/lanelet2_projection:/home/point001/autoware.ai/install/lanelet2_traffic_rules:/home/point001/autoware.ai/install/lanelet2_io:/home/point001/autoware.ai/install/lanelet2_core:/home/point001/autoware.ai/install/mrt_cmake_modules:${CMAKE_PREFIX_PATH} LD_LIBRARY_PATH=/home/point001/autoware.ai/install/lanelet2_routing/lib:/home/point001/autoware.ai/install/lanelet2_projection/lib:/home/point001/autoware.ai/install/lanelet2_traffic_rules/lib:/home/point001/autoware.ai/install/lanelet2_io/lib:/home/point001/autoware.ai/install/lanelet2_core/lib:/opt/ros/melodic/lib:/usr/local/cuda-10.0/lib64 PKG_CONFIG_PATH=/home/point001/autoware.ai/install/lanelet2_routing/lib/x86_64-linux-gnu/pkgconfig:/home/point001/autoware.ai/install/lanelet2_routing/lib/pkgconfig:/home/point001/autoware.ai/install/lanelet2_projection/lib/x86_64-linux-gnu/pkgconfig:/home/point001/autoware.ai/install/lanelet2_projection/lib/pkgconfig:/home/point001/autoware.ai/install/lanelet2_traffic_rules/lib/x86_64-linux-gnu/pkgconfig:/home/point001/autoware.ai/install/lanelet2_traffic_rules/lib/pkgconfig:/home/point001/autoware.ai/install/lanelet2_io/lib/x86_64-linux-gnu/pkgconfig:/home/point001/autoware.ai/install/lanelet2_io/lib/pkgconfig:/home/point001/autoware.ai/install/lanelet2_core/lib/x86_64-linux-gnu/pkgconfig:/home/point001/autoware.ai/install/lanelet2_core/lib/pkgconfig:/home/point001/autoware.ai/install/mrt_cmake_modules/lib/x86_64-linux-gnu/pkgconfig:/home/point001/autoware.ai/install/mrt_cmake_modules/lib/pkgconfig:${PKG_CONFIG_PATH} PYTHONPATH=/home/point001/autoware.ai/install/mrt_cmake_modules/lib/python2.7/dist-packages:${PYTHONPATH} ROS_PACKAGE_PATH=/home/point001/autoware.ai/install/lanelet2_routing/share:/home/point001/autoware.ai/install/lanelet2_projection/share:/home/point001/autoware.ai/install/lanelet2_traffic_rules/share:/home/point001/autoware.ai/install/lanelet2_io/share:/home/point001/autoware.ai/install/lanelet2_core/share:/home/point001/autoware.ai/install/mrt_cmake_modules/share:${ROS_PACKAGE_PATH} /usr/bin/cmake --build /home/point001/autoware.ai/build/lanelet2_python --target tests -- -j24 -l24
[30.703s] [35m[1mScanning dependencies of target tests[0m
[30.710s] Built target tests
[30.717s] Invoked command in '/home/point001/autoware.ai/build/lanelet2_python' returned '0': CMAKE_PREFIX_PATH=/home/point001/autoware.ai/install/lanelet2_routing:/home/point001/autoware.ai/install/lanelet2_projection:/home/point001/autoware.ai/install/lanelet2_traffic_rules:/home/point001/autoware.ai/install/lanelet2_io:/home/point001/autoware.ai/install/lanelet2_core:/home/point001/autoware.ai/install/mrt_cmake_modules:${CMAKE_PREFIX_PATH} LD_LIBRARY_PATH=/home/point001/autoware.ai/install/lanelet2_routing/lib:/home/point001/autoware.ai/install/lanelet2_projection/lib:/home/point001/autoware.ai/install/lanelet2_traffic_rules/lib:/home/point001/autoware.ai/install/lanelet2_io/lib:/home/point001/autoware.ai/install/lanelet2_core/lib:/opt/ros/melodic/lib:/usr/local/cuda-10.0/lib64 PKG_CONFIG_PATH=/home/point001/autoware.ai/install/lanelet2_routing/lib/x86_64-linux-gnu/pkgconfig:/home/point001/autoware.ai/install/lanelet2_routing/lib/pkgconfig:/home/point001/autoware.ai/install/lanelet2_projection/lib/x86_64-linux-gnu/pkgconfig:/home/point001/autoware.ai/install/lanelet2_projection/lib/pkgconfig:/home/point001/autoware.ai/install/lanelet2_traffic_rules/lib/x86_64-linux-gnu/pkgconfig:/home/point001/autoware.ai/install/lanelet2_traffic_rules/lib/pkgconfig:/home/point001/autoware.ai/install/lanelet2_io/lib/x86_64-linux-gnu/pkgconfig:/home/point001/autoware.ai/install/lanelet2_io/lib/pkgconfig:/home/point001/autoware.ai/install/lanelet2_core/lib/x86_64-linux-gnu/pkgconfig:/home/point001/autoware.ai/install/lanelet2_core/lib/pkgconfig:/home/point001/autoware.ai/install/mrt_cmake_modules/lib/x86_64-linux-gnu/pkgconfig:/home/point001/autoware.ai/install/mrt_cmake_modules/lib/pkgconfig:${PKG_CONFIG_PATH} PYTHONPATH=/home/point001/autoware.ai/install/mrt_cmake_modules/lib/python2.7/dist-packages:${PYTHONPATH} ROS_PACKAGE_PATH=/home/point001/autoware.ai/install/lanelet2_routing/share:/home/point001/autoware.ai/install/lanelet2_projection/share:/home/point001/autoware.ai/install/lanelet2_traffic_rules/share:/home/point001/autoware.ai/install/lanelet2_io/share:/home/point001/autoware.ai/install/lanelet2_core/share:/home/point001/autoware.ai/install/mrt_cmake_modules/share:${ROS_PACKAGE_PATH} /usr/bin/cmake --build /home/point001/autoware.ai/build/lanelet2_python --target tests -- -j24 -l24
[30.746s] Invoking command in '/home/point001/autoware.ai/build/lanelet2_python': CMAKE_PREFIX_PATH=/home/point001/autoware.ai/install/lanelet2_routing:/home/point001/autoware.ai/install/lanelet2_projection:/home/point001/autoware.ai/install/lanelet2_traffic_rules:/home/point001/autoware.ai/install/lanelet2_io:/home/point001/autoware.ai/install/lanelet2_core:/home/point001/autoware.ai/install/mrt_cmake_modules:${CMAKE_PREFIX_PATH} LD_LIBRARY_PATH=/home/point001/autoware.ai/install/lanelet2_routing/lib:/home/point001/autoware.ai/install/lanelet2_projection/lib:/home/point001/autoware.ai/install/lanelet2_traffic_rules/lib:/home/point001/autoware.ai/install/lanelet2_io/lib:/home/point001/autoware.ai/install/lanelet2_core/lib:/opt/ros/melodic/lib:/usr/local/cuda-10.0/lib64 PKG_CONFIG_PATH=/home/point001/autoware.ai/install/lanelet2_routing/lib/x86_64-linux-gnu/pkgconfig:/home/point001/autoware.ai/install/lanelet2_routing/lib/pkgconfig:/home/point001/autoware.ai/install/lanelet2_projection/lib/x86_64-linux-gnu/pkgconfig:/home/point001/autoware.ai/install/lanelet2_projection/lib/pkgconfig:/home/point001/autoware.ai/install/lanelet2_traffic_rules/lib/x86_64-linux-gnu/pkgconfig:/home/point001/autoware.ai/install/lanelet2_traffic_rules/lib/pkgconfig:/home/point001/autoware.ai/install/lanelet2_io/lib/x86_64-linux-gnu/pkgconfig:/home/point001/autoware.ai/install/lanelet2_io/lib/pkgconfig:/home/point001/autoware.ai/install/lanelet2_core/lib/x86_64-linux-gnu/pkgconfig:/home/point001/autoware.ai/install/lanelet2_core/lib/pkgconfig:/home/point001/autoware.ai/install/mrt_cmake_modules/lib/x86_64-linux-gnu/pkgconfig:/home/point001/autoware.ai/install/mrt_cmake_modules/lib/pkgconfig:${PKG_CONFIG_PATH} PYTHONPATH=/home/point001/autoware.ai/install/mrt_cmake_modules/lib/python2.7/dist-packages:${PYTHONPATH} ROS_PACKAGE_PATH=/home/point001/autoware.ai/install/lanelet2_routing/share:/home/point001/autoware.ai/install/lanelet2_projection/share:/home/point001/autoware.ai/install/lanelet2_traffic_rules/share:/home/point001/autoware.ai/install/lanelet2_io/share:/home/point001/autoware.ai/install/lanelet2_core/share:/home/point001/autoware.ai/install/mrt_cmake_modules/share:${ROS_PACKAGE_PATH} /usr/bin/cmake --build /home/point001/autoware.ai/build/lanelet2_python --target install -- -j24 -l24
[30.779s] [  0%] Built target _catkin_empty_exported_target
[30.798s] [ 16%] Built target lanelet2_python-lanelet2-projection-pyapi
[30.801s] [ 33%] Built target lanelet2_python-lanelet2-traffic_rules-pyapi
[30.801s] [ 50%] Built target lanelet2_python-lanelet2-core-pyapi
[30.803s] [ 66%] Built target lanelet2_python-lanelet2-io-pyapi
[30.804s] [ 83%] Built target lanelet2_python-lanelet2-routing-pyapi
[30.804s] [100%] Built target lanelet2_python-lanelet2-geometry-pyapi
[30.816s] [36mInstall the project...[0m
[30.822s] -- Install configuration: "Release"
[30.852s] running build
[30.852s] running build_py
[30.853s] creating /home/point001/autoware.ai/build/lanelet2_python/lib.linux-x86_64-2.7
[30.853s] creating /home/point001/autoware.ai/build/lanelet2_python/lib.linux-x86_64-2.7/lanelet2
[30.853s] copying /home/point001/autoware.ai/build/lanelet2_python/devel/lib/python2.7/dist-packages/lanelet2/__init__.py -> /home/point001/autoware.ai/build/lanelet2_python/lib.linux-x86_64-2.7/lanelet2
[30.853s] copying /home/point001/autoware.ai/build/lanelet2_python/devel/lib/python2.7/dist-packages/lanelet2/core.so -> /home/point001/autoware.ai/build/lanelet2_python/lib.linux-x86_64-2.7/lanelet2
[30.856s] copying /home/point001/autoware.ai/build/lanelet2_python/devel/lib/python2.7/dist-packages/lanelet2/geometry.so -> /home/point001/autoware.ai/build/lanelet2_python/lib.linux-x86_64-2.7/lanelet2
[30.857s] copying /home/point001/autoware.ai/build/lanelet2_python/devel/lib/python2.7/dist-packages/lanelet2/routing.so -> /home/point001/autoware.ai/build/lanelet2_python/lib.linux-x86_64-2.7/lanelet2
[30.858s] copying /home/point001/autoware.ai/build/lanelet2_python/devel/lib/python2.7/dist-packages/lanelet2/projection.so -> /home/point001/autoware.ai/build/lanelet2_python/lib.linux-x86_64-2.7/lanelet2
[30.858s] copying /home/point001/autoware.ai/build/lanelet2_python/devel/lib/python2.7/dist-packages/lanelet2/traffic_rules.so -> /home/point001/autoware.ai/build/lanelet2_python/lib.linux-x86_64-2.7/lanelet2
[30.858s] copying /home/point001/autoware.ai/build/lanelet2_python/devel/lib/python2.7/dist-packages/lanelet2/io.so -> /home/point001/autoware.ai/build/lanelet2_python/lib.linux-x86_64-2.7/lanelet2
[30.858s] running install
[30.858s] running install_lib
[30.859s] creating /home/point001/autoware.ai/install/lanelet2_python
[30.859s] creating /home/point001/autoware.ai/install/lanelet2_python/lib
[30.859s] creating /home/point001/autoware.ai/install/lanelet2_python/lib/python2.7
[30.859s] creating /home/point001/autoware.ai/install/lanelet2_python/lib/python2.7/dist-packages
[30.859s] creating /home/point001/autoware.ai/install/lanelet2_python/lib/python2.7/dist-packages/lanelet2
[30.859s] copying /home/point001/autoware.ai/build/lanelet2_python/lib.linux-x86_64-2.7/lanelet2/core.so -> /home/point001/autoware.ai/install/lanelet2_python/lib/python2.7/dist-packages/lanelet2
[30.862s] copying /home/point001/autoware.ai/build/lanelet2_python/lib.linux-x86_64-2.7/lanelet2/geometry.so -> /home/point001/autoware.ai/install/lanelet2_python/lib/python2.7/dist-packages/lanelet2
[30.863s] copying /home/point001/autoware.ai/build/lanelet2_python/lib.linux-x86_64-2.7/lanelet2/__init__.py -> /home/point001/autoware.ai/install/lanelet2_python/lib/python2.7/dist-packages/lanelet2
[30.863s] copying /home/point001/autoware.ai/build/lanelet2_python/lib.linux-x86_64-2.7/lanelet2/routing.so -> /home/point001/autoware.ai/install/lanelet2_python/lib/python2.7/dist-packages/lanelet2
[30.863s] copying /home/point001/autoware.ai/build/lanelet2_python/lib.linux-x86_64-2.7/lanelet2/projection.so -> /home/point001/autoware.ai/install/lanelet2_python/lib/python2.7/dist-packages/lanelet2
[30.864s] copying /home/point001/autoware.ai/build/lanelet2_python/lib.linux-x86_64-2.7/lanelet2/traffic_rules.so -> /home/point001/autoware.ai/install/lanelet2_python/lib/python2.7/dist-packages/lanelet2
[30.864s] copying /home/point001/autoware.ai/build/lanelet2_python/lib.linux-x86_64-2.7/lanelet2/io.so -> /home/point001/autoware.ai/install/lanelet2_python/lib/python2.7/dist-packages/lanelet2
[30.864s] byte-compiling /home/point001/autoware.ai/install/lanelet2_python/lib/python2.7/dist-packages/lanelet2/__init__.py to __init__.pyc
[30.865s] running install_egg_info
[30.866s] Writing /home/point001/autoware.ai/install/lanelet2_python/lib/python2.7/dist-packages/lanelet2_python-0.8.0.egg-info
[30.869s] Creating $DESTDIR/home/point001/autoware.ai/install/lanelet2_python/lib/python2.7/dist-packages
[30.869s] /usr/bin/python2 /home/point001/autoware.ai/build/lanelet2_python/setup.py build --build-base /home/point001/autoware.ai/build/lanelet2_python install --install-layout=deb --prefix=/home/point001/autoware.ai/install/lanelet2_python --install-scripts=/home/point001/autoware.ai/install/lanelet2_python/bin
[30.870s] -- Installing: /home/point001/autoware.ai/install/lanelet2_python/lib/pkgconfig/lanelet2_python.pc
[30.870s] -- Installing: /home/point001/autoware.ai/install/lanelet2_python/share/lanelet2_python/cmake/lanelet2_pythonConfig.cmake
[30.870s] -- Installing: /home/point001/autoware.ai/install/lanelet2_python/share/lanelet2_python/cmake/lanelet2_pythonConfig-version.cmake
[30.870s] -- Installing: /home/point001/autoware.ai/install/lanelet2_python/share/lanelet2_python/package.xml
[30.870s] -- Installing: /home/point001/autoware.ai/install/lanelet2_python/lib/lanelet2_python/create_debug_routing_graph.py
[30.870s] -- Installing: /home/point001/autoware.ai/install/lanelet2_python/lib/lanelet2_python/make_ids_positive.py
[30.870s] -- Installing: /home/point001/autoware.ai/install/lanelet2_python/lib/lanelet2_python/print_ids.py
[30.873s] Invoked command in '/home/point001/autoware.ai/build/lanelet2_python' returned '0': CMAKE_PREFIX_PATH=/home/point001/autoware.ai/install/lanelet2_routing:/home/point001/autoware.ai/install/lanelet2_projection:/home/point001/autoware.ai/install/lanelet2_traffic_rules:/home/point001/autoware.ai/install/lanelet2_io:/home/point001/autoware.ai/install/lanelet2_core:/home/point001/autoware.ai/install/mrt_cmake_modules:${CMAKE_PREFIX_PATH} LD_LIBRARY_PATH=/home/point001/autoware.ai/install/lanelet2_routing/lib:/home/point001/autoware.ai/install/lanelet2_projection/lib:/home/point001/autoware.ai/install/lanelet2_traffic_rules/lib:/home/point001/autoware.ai/install/lanelet2_io/lib:/home/point001/autoware.ai/install/lanelet2_core/lib:/opt/ros/melodic/lib:/usr/local/cuda-10.0/lib64 PKG_CONFIG_PATH=/home/point001/autoware.ai/install/lanelet2_routing/lib/x86_64-linux-gnu/pkgconfig:/home/point001/autoware.ai/install/lanelet2_routing/lib/pkgconfig:/home/point001/autoware.ai/install/lanelet2_projection/lib/x86_64-linux-gnu/pkgconfig:/home/point001/autoware.ai/install/lanelet2_projection/lib/pkgconfig:/home/point001/autoware.ai/install/lanelet2_traffic_rules/lib/x86_64-linux-gnu/pkgconfig:/home/point001/autoware.ai/install/lanelet2_traffic_rules/lib/pkgconfig:/home/point001/autoware.ai/install/lanelet2_io/lib/x86_64-linux-gnu/pkgconfig:/home/point001/autoware.ai/install/lanelet2_io/lib/pkgconfig:/home/point001/autoware.ai/install/lanelet2_core/lib/x86_64-linux-gnu/pkgconfig:/home/point001/autoware.ai/install/lanelet2_core/lib/pkgconfig:/home/point001/autoware.ai/install/mrt_cmake_modules/lib/x86_64-linux-gnu/pkgconfig:/home/point001/autoware.ai/install/mrt_cmake_modules/lib/pkgconfig:${PKG_CONFIG_PATH} PYTHONPATH=/home/point001/autoware.ai/install/mrt_cmake_modules/lib/python2.7/dist-packages:${PYTHONPATH} ROS_PACKAGE_PATH=/home/point001/autoware.ai/install/lanelet2_routing/share:/home/point001/autoware.ai/install/lanelet2_projection/share:/home/point001/autoware.ai/install/lanelet2_traffic_rules/share:/home/point001/autoware.ai/install/lanelet2_io/share:/home/point001/autoware.ai/install/lanelet2_core/share:/home/point001/autoware.ai/install/mrt_cmake_modules/share:${ROS_PACKAGE_PATH} /usr/bin/cmake --build /home/point001/autoware.ai/build/lanelet2_python --target install -- -j24 -l24
