[0.171s] Invoking command in '/home/point001/autoware.ai/build/amathutils_lib': CMAKE_PREFIX_PATH=/home/point001/autoware.ai/install/autoware_msgs:/home/point001/autoware.ai/install/autoware_build_flags:${CMAKE_PREFIX_PATH} PKG_CONFIG_PATH=/home/point001/autoware.ai/install/autoware_msgs/lib/x86_64-linux-gnu/pkgconfig:/home/point001/autoware.ai/install/autoware_msgs/lib/pkgconfig:/home/point001/autoware.ai/install/autoware_build_flags/lib/x86_64-linux-gnu/pkgconfig:/home/point001/autoware.ai/install/autoware_build_flags/lib/pkgconfig:${PKG_CONFIG_PATH} PYTHONPATH=/home/point001/autoware.ai/install/autoware_msgs/lib/python2.7/dist-packages:${PYTHONPATH} ROS_PACKAGE_PATH=/home/point001/autoware.ai/install/autoware_msgs/share:/home/point001/autoware.ai/install/autoware_build_flags/share:${ROS_PACKAGE_PATH} /usr/bin/cmake --build /home/point001/autoware.ai/build/amathutils_lib -- -j24 -l24
[0.353s] [  0%] Built target pcl_msgs_generate_messages_nodejs
[0.353s] [  0%] Built target jsk_recognition_msgs_generate_messages_py
[0.353s] [  0%] Built target actionlib_generate_messages_cpp
[0.353s] [  0%] Built target tf2_msgs_generate_messages_nodejs
[0.353s] [  0%] Built target _catkin_empty_exported_target
[0.353s] [  0%] Built target pcl_msgs_generate_messages_eus
[0.354s] [  0%] Built target roscpp_generate_messages_cpp
[0.354s] [  0%] Built target sensor_msgs_generate_messages_py
[0.354s] [  0%] Built target sensor_msgs_generate_messages_nodejs
[0.354s] [  0%] Built target std_msgs_generate_messages_cpp
[0.354s] [  0%] Built target std_msgs_generate_messages_py
[0.354s] [  0%] Built target rosgraph_msgs_generate_messages_cpp
[0.354s] [  0%] Built target jsk_recognition_msgs_generate_messages_eus
[0.354s] [  0%] Built target geometry_msgs_generate_messages_py
[0.354s] [  0%] Built target actionlib_msgs_generate_messages_nodejs
[0.354s] [  0%] Built target rosgraph_msgs_generate_messages_eus
[0.354s] [  0%] Built target autoware_msgs_generate_messages_cpp
[0.355s] [  0%] Built target sensor_msgs_generate_messages_cpp
[0.355s] [  0%] Built target sensor_msgs_generate_messages_eus
[0.355s] [  0%] Built target tf_generate_messages_py
[0.355s] [  0%] Built target autoware_msgs_generate_messages_py
[0.355s] [  0%] Built target autoware_msgs_generate_messages_lisp
[0.358s] [  0%] Built target tf2_msgs_generate_messages_cpp
[0.360s] [  0%] Built target std_msgs_generate_messages_nodejs
[0.360s] [  0%] Built target std_msgs_generate_messages_lisp
[0.360s] [  0%] Built target actionlib_msgs_generate_messages_py
[0.360s] [  0%] Built target pcl_msgs_generate_messages_cpp
[0.360s] [  0%] Built target geometry_msgs_generate_messages_eus
[0.364s] [  0%] Built target actionlib_msgs_generate_messages_lisp
[0.364s] [  0%] Built target jsk_footstep_msgs_generate_messages_py
[0.366s] [  0%] Built target roscpp_generate_messages_nodejs
[0.366s] [  0%] Built target autoware_msgs_generate_messages_nodejs
[0.366s] [  0%] Built target jsk_footstep_msgs_generate_messages_lisp
[0.366s] [  0%] Built target jsk_footstep_msgs_generate_messages_eus
[0.367s] [  0%] Built target jsk_recognition_msgs_generate_messages_lisp
[0.371s] [  0%] Built target jsk_recognition_msgs_generate_messages_nodejs
[0.401s] [  0%] Built target jsk_recognition_msgs_generate_messages_cpp
[0.401s] [  0%] Built target jsk_footstep_msgs_generate_messages_nodejs
[0.401s] [  0%] Built target roscpp_generate_messages_eus
[0.401s] [  0%] Built target std_msgs_generate_messages_eus
[0.401s] [  0%] Built target geometry_msgs_generate_messages_nodejs
[0.401s] [  0%] Built target tf_generate_messages_eus
[0.402s] [  0%] Built target rosgraph_msgs_generate_messages_lisp
[0.405s] [  0%] Built target actionlib_generate_messages_eus
[0.411s] [  0%] Built target actionlib_msgs_generate_messages_cpp
[0.411s] [  0%] Built target geometry_msgs_generate_messages_lisp
[0.411s] [  0%] Built target sensor_msgs_generate_messages_lisp
[0.412s] [  0%] Built target roscpp_generate_messages_lisp
[0.418s] [  0%] Built target roscpp_generate_messages_py
[0.427s] [  0%] Built target autoware_msgs_generate_messages_eus
[0.430s] [  0%] Built target actionlib_generate_messages_lisp
[0.438s] [  0%] Built target tf_generate_messages_lisp
[0.440s] [  0%] Built target rosgraph_msgs_generate_messages_nodejs
[0.448s] [  0%] Built target jsk_footstep_msgs_generate_messages_cpp
[0.449s] [  0%] Built target tf_generate_messages_nodejs
[0.452s] [  0%] Built target actionlib_msgs_generate_messages_eus
[0.453s] [  0%] Built target pcl_msgs_generate_messages_lisp
[0.456s] [  0%] Built target geometry_msgs_generate_messages_cpp
[0.480s] [  0%] Built target rosgraph_msgs_generate_messages_py
[0.487s] [  0%] Built target actionlib_generate_messages_py
[0.488s] [  0%] Built target tf2_msgs_generate_messages_py
[0.498s] [  0%] Built target tf2_msgs_generate_messages_lisp
[0.501s] [  0%] Built target tf2_msgs_generate_messages_eus
[0.502s] [  0%] Built target tf_generate_messages_cpp
[0.502s] [  0%] Built target actionlib_generate_messages_nodejs
[0.520s] [  0%] Built target pcl_msgs_generate_messages_py
[0.569s] [100%] Built target amathutils_lib
[0.633s] Invoked command in '/home/point001/autoware.ai/build/amathutils_lib' returned '0': CMAKE_PREFIX_PATH=/home/point001/autoware.ai/install/autoware_msgs:/home/point001/autoware.ai/install/autoware_build_flags:${CMAKE_PREFIX_PATH} PKG_CONFIG_PATH=/home/point001/autoware.ai/install/autoware_msgs/lib/x86_64-linux-gnu/pkgconfig:/home/point001/autoware.ai/install/autoware_msgs/lib/pkgconfig:/home/point001/autoware.ai/install/autoware_build_flags/lib/x86_64-linux-gnu/pkgconfig:/home/point001/autoware.ai/install/autoware_build_flags/lib/pkgconfig:${PKG_CONFIG_PATH} PYTHONPATH=/home/point001/autoware.ai/install/autoware_msgs/lib/python2.7/dist-packages:${PYTHONPATH} ROS_PACKAGE_PATH=/home/point001/autoware.ai/install/autoware_msgs/share:/home/point001/autoware.ai/install/autoware_build_flags/share:${ROS_PACKAGE_PATH} /usr/bin/cmake --build /home/point001/autoware.ai/build/amathutils_lib -- -j24 -l24
[0.821s] Invoking command in '/home/point001/autoware.ai/build/amathutils_lib': CMAKE_PREFIX_PATH=/home/point001/autoware.ai/install/autoware_msgs:/home/point001/autoware.ai/install/autoware_build_flags:${CMAKE_PREFIX_PATH} PKG_CONFIG_PATH=/home/point001/autoware.ai/install/autoware_msgs/lib/x86_64-linux-gnu/pkgconfig:/home/point001/autoware.ai/install/autoware_msgs/lib/pkgconfig:/home/point001/autoware.ai/install/autoware_build_flags/lib/x86_64-linux-gnu/pkgconfig:/home/point001/autoware.ai/install/autoware_build_flags/lib/pkgconfig:${PKG_CONFIG_PATH} PYTHONPATH=/home/point001/autoware.ai/install/autoware_msgs/lib/python2.7/dist-packages:${PYTHONPATH} ROS_PACKAGE_PATH=/home/point001/autoware.ai/install/autoware_msgs/share:/home/point001/autoware.ai/install/autoware_build_flags/share:${ROS_PACKAGE_PATH} /usr/bin/cmake --build /home/point001/autoware.ai/build/amathutils_lib --target tests -- -j24 -l24
[0.901s] [  0%] Built target jsk_recognition_msgs_generate_messages_lisp
[0.904s] [  0%] Built target rosgraph_msgs_generate_messages_eus
[0.905s] [  0%] Built target sensor_msgs_generate_messages_eus
[0.905s] [  0%] Built target _catkin_empty_exported_target
[0.905s] [  0%] Built target std_msgs_generate_messages_py
[0.906s] [  0%] Built target geometry_msgs_generate_messages_py
[0.908s] [  0%] Built target roscpp_generate_messages_cpp
[0.917s] [  0%] Built target autoware_msgs_generate_messages_py
[0.923s] [  0%] Built target sensor_msgs_generate_messages_cpp
[0.924s] [  0%] Built target std_msgs_generate_messages_nodejs
[0.924s] [  0%] Built target sensor_msgs_generate_messages_nodejs
[0.930s] [  0%] Built target sensor_msgs_generate_messages_py
[0.930s] [  0%] Built target tf2_msgs_generate_messages_cpp
[0.930s] [  0%] Built target autoware_msgs_generate_messages_cpp
[0.931s] [  0%] Built target pcl_msgs_generate_messages_eus
[0.931s] [ 12%] Built target gtest
[0.950s] [ 12%] Built target jsk_recognition_msgs_generate_messages_eus
[0.950s] [ 12%] Built target std_msgs_generate_messages_lisp
[0.951s] [ 12%] Built target geometry_msgs_generate_messages_eus
[0.951s] [ 12%] Built target actionlib_generate_messages_cpp
[0.951s] [ 12%] Built target rosgraph_msgs_generate_messages_cpp
[0.951s] [ 12%] Built target roscpp_generate_messages_nodejs
[0.956s] [ 12%] Built target tf2_msgs_generate_messages_nodejs
[0.957s] [ 12%] Built target actionlib_msgs_generate_messages_nodejs
[0.960s] [ 12%] Built target geometry_msgs_generate_messages_nodejs
[0.961s] [ 12%] Built target geometry_msgs_generate_messages_lisp
[0.961s] [ 12%] Built target std_msgs_generate_messages_cpp
[0.962s] [ 12%] Built target jsk_recognition_msgs_generate_messages_py
[0.966s] [ 12%] Built target autoware_msgs_generate_messages_lisp
[0.966s] [ 12%] Built target jsk_footstep_msgs_generate_messages_lisp
[0.969s] [ 12%] Built target tf_generate_messages_py
[0.969s] [ 12%] Built target pcl_msgs_generate_messages_nodejs
[0.974s] [ 12%] Built target sensor_msgs_generate_messages_lisp
[0.982s] [ 12%] Built target jsk_footstep_msgs_generate_messages_nodejs
[0.984s] [ 12%] Built target autoware_msgs_generate_messages_eus
[0.988s] [ 12%] Built target actionlib_msgs_generate_messages_py
[0.989s] [ 12%] Built target pcl_msgs_generate_messages_cpp
[0.998s] [ 12%] Built target jsk_recognition_msgs_generate_messages_cpp
[1.009s] [ 12%] Built target autoware_msgs_generate_messages_nodejs
[1.014s] [ 12%] Built target roscpp_generate_messages_lisp
[1.015s] [ 12%] Built target jsk_recognition_msgs_generate_messages_nodejs
[1.017s] [ 12%] Built target rosgraph_msgs_generate_messages_lisp
[1.019s] [ 12%] Built target actionlib_msgs_generate_messages_lisp
[1.019s] [ 12%] Built target actionlib_msgs_generate_messages_cpp
[1.027s] [ 12%] Built target rosgraph_msgs_generate_messages_nodejs
[1.028s] [ 12%] Built target tf_generate_messages_eus
[1.032s] [ 12%] Built target jsk_footstep_msgs_generate_messages_py
[1.032s] [ 12%] Built target roscpp_generate_messages_eus
[1.039s] [ 12%] Built target pcl_msgs_generate_messages_py
[1.040s] [ 12%] Built target std_msgs_generate_messages_eus
[1.048s] [ 12%] Built target actionlib_generate_messages_eus
[1.049s] [ 12%] Built target jsk_footstep_msgs_generate_messages_cpp
[1.049s] [ 12%] Built target roscpp_generate_messages_py
[1.050s] [ 12%] Built target actionlib_msgs_generate_messages_eus
[1.050s] [ 12%] Built target jsk_footstep_msgs_generate_messages_eus
[1.063s] [ 12%] Built target tf2_msgs_generate_messages_py
[1.064s] [ 12%] Built target actionlib_generate_messages_nodejs
[1.071s] [ 12%] Built target tf_generate_messages_nodejs
[1.072s] [ 12%] Built target tf_generate_messages_cpp
[1.073s] [ 12%] Built target tf_generate_messages_lisp
[1.073s] [ 12%] Built target rosgraph_msgs_generate_messages_py
[1.078s] [ 12%] Built target pcl_msgs_generate_messages_lisp
[1.080s] [ 12%] Built target actionlib_generate_messages_py
[1.085s] [ 12%] Built target tf2_msgs_generate_messages_lisp
[1.086s] [ 31%] Built target test-butterworth_filter
[1.093s] [ 31%] Built target tf2_msgs_generate_messages_eus
[1.104s] [ 31%] Built target actionlib_generate_messages_lisp
[1.131s] [ 56%] Built target test-kalman_filter
[1.144s] [ 56%] Built target geometry_msgs_generate_messages_cpp
[1.197s] [ 87%] Built target amathutils_lib
[1.233s] [100%] Built target amathutils-test
[1.253s] [100%] Built target tests
[1.351s] Invoked command in '/home/point001/autoware.ai/build/amathutils_lib' returned '0': CMAKE_PREFIX_PATH=/home/point001/autoware.ai/install/autoware_msgs:/home/point001/autoware.ai/install/autoware_build_flags:${CMAKE_PREFIX_PATH} PKG_CONFIG_PATH=/home/point001/autoware.ai/install/autoware_msgs/lib/x86_64-linux-gnu/pkgconfig:/home/point001/autoware.ai/install/autoware_msgs/lib/pkgconfig:/home/point001/autoware.ai/install/autoware_build_flags/lib/x86_64-linux-gnu/pkgconfig:/home/point001/autoware.ai/install/autoware_build_flags/lib/pkgconfig:${PKG_CONFIG_PATH} PYTHONPATH=/home/point001/autoware.ai/install/autoware_msgs/lib/python2.7/dist-packages:${PYTHONPATH} ROS_PACKAGE_PATH=/home/point001/autoware.ai/install/autoware_msgs/share:/home/point001/autoware.ai/install/autoware_build_flags/share:${ROS_PACKAGE_PATH} /usr/bin/cmake --build /home/point001/autoware.ai/build/amathutils_lib --target tests -- -j24 -l24
[1.791s] Invoking command in '/home/point001/autoware.ai/build/amathutils_lib': CMAKE_PREFIX_PATH=/home/point001/autoware.ai/install/autoware_msgs:/home/point001/autoware.ai/install/autoware_build_flags:${CMAKE_PREFIX_PATH} PKG_CONFIG_PATH=/home/point001/autoware.ai/install/autoware_msgs/lib/x86_64-linux-gnu/pkgconfig:/home/point001/autoware.ai/install/autoware_msgs/lib/pkgconfig:/home/point001/autoware.ai/install/autoware_build_flags/lib/x86_64-linux-gnu/pkgconfig:/home/point001/autoware.ai/install/autoware_build_flags/lib/pkgconfig:${PKG_CONFIG_PATH} PYTHONPATH=/home/point001/autoware.ai/install/autoware_msgs/lib/python2.7/dist-packages:${PYTHONPATH} ROS_PACKAGE_PATH=/home/point001/autoware.ai/install/autoware_msgs/share:/home/point001/autoware.ai/install/autoware_build_flags/share:${ROS_PACKAGE_PATH} /usr/bin/cmake --build /home/point001/autoware.ai/build/amathutils_lib --target install -- -j24 -l24
[1.914s] [  0%] Built target std_msgs_generate_messages_nodejs
[1.915s] [  0%] Built target jsk_footstep_msgs_generate_messages_py
[1.915s] [  0%] Built target jsk_recognition_msgs_generate_messages_eus
[1.915s] [  0%] Built target std_msgs_generate_messages_py
[1.915s] [  0%] Built target roscpp_generate_messages_cpp
[1.916s] [  0%] Built target sensor_msgs_generate_messages_py
[1.916s] [  0%] Built target jsk_recognition_msgs_generate_messages_py
[1.916s] [  0%] Built target sensor_msgs_generate_messages_eus
[1.916s] [  0%] Built target actionlib_generate_messages_cpp
[1.916s] [  0%] Built target autoware_msgs_generate_messages_cpp
[1.916s] [  0%] Built target std_msgs_generate_messages_cpp
[1.916s] [  0%] Built target pcl_msgs_generate_messages_nodejs
[1.916s] [  0%] Built target jsk_recognition_msgs_generate_messages_lisp
[1.916s] [  0%] Built target tf2_msgs_generate_messages_nodejs
[1.916s] [  0%] Built target autoware_msgs_generate_messages_py
[1.916s] [  0%] Built target sensor_msgs_generate_messages_nodejs
[1.916s] [  0%] Built target sensor_msgs_generate_messages_cpp
[1.917s] [  0%] Built target tf_generate_messages_py
[1.917s] [  0%] Built target rosgraph_msgs_generate_messages_cpp
[1.917s] [  0%] Built target rosgraph_msgs_generate_messages_eus
[1.917s] [  0%] Built target pcl_msgs_generate_messages_eus
[1.917s] [  0%] Built target tf2_msgs_generate_messages_cpp
[1.917s] [  0%] Built target geometry_msgs_generate_messages_py
[1.917s] [  0%] Built target std_msgs_generate_messages_lisp
[1.917s] [  0%] Built target _catkin_empty_exported_target
[1.917s] [  0%] Built target geometry_msgs_generate_messages_nodejs
[1.917s] [  0%] Built target geometry_msgs_generate_messages_eus
[1.917s] [  0%] Built target autoware_msgs_generate_messages_eus
[1.917s] [  0%] Built target actionlib_msgs_generate_messages_nodejs
[1.917s] [  0%] Built target pcl_msgs_generate_messages_cpp
[1.917s] [  0%] Built target autoware_msgs_generate_messages_lisp
[1.918s] [  0%] Built target autoware_msgs_generate_messages_nodejs
[1.918s] [  0%] Built target roscpp_generate_messages_lisp
[1.918s] [  0%] Built target jsk_recognition_msgs_generate_messages_nodejs
[1.918s] [  0%] Built target jsk_footstep_msgs_generate_messages_nodejs
[1.918s] [  0%] Built target roscpp_generate_messages_nodejs
[1.918s] [  0%] Built target jsk_recognition_msgs_generate_messages_cpp
[1.918s] [  0%] Built target geometry_msgs_generate_messages_lisp
[1.918s] [  0%] Built target sensor_msgs_generate_messages_lisp
[1.918s] [  0%] Built target actionlib_msgs_generate_messages_py
[1.918s] [  0%] Built target roscpp_generate_messages_py
[1.918s] [  0%] Built target jsk_footstep_msgs_generate_messages_lisp
[1.919s] [  0%] Built target actionlib_msgs_generate_messages_lisp
[1.920s] [  0%] Built target jsk_footstep_msgs_generate_messages_eus
[1.923s] [  0%] Built target actionlib_msgs_generate_messages_eus
[1.923s] [  0%] Built target std_msgs_generate_messages_eus
[1.925s] [  0%] Built target rosgraph_msgs_generate_messages_nodejs
[1.925s] [  0%] Built target roscpp_generate_messages_eus
[1.925s] [  0%] Built target jsk_footstep_msgs_generate_messages_cpp
[1.936s] [  0%] Built target actionlib_generate_messages_eus
[1.936s] [  0%] Built target pcl_msgs_generate_messages_py
[1.936s] [  0%] Built target tf_generate_messages_nodejs
[1.938s] [  0%] Built target tf_generate_messages_eus
[1.938s] [  0%] Built target actionlib_msgs_generate_messages_cpp
[1.939s] [  0%] Built target rosgraph_msgs_generate_messages_lisp
[1.941s] [  0%] Built target actionlib_generate_messages_lisp
[1.942s] [  0%] Built target geometry_msgs_generate_messages_cpp
[1.948s] [  0%] Built target tf_generate_messages_lisp
[1.948s] [  0%] Built target pcl_msgs_generate_messages_lisp
[1.949s] [  0%] Built target tf2_msgs_generate_messages_lisp
[1.950s] [  0%] Built target tf2_msgs_generate_messages_py
[1.950s] [  0%] Built target rosgraph_msgs_generate_messages_py
[1.954s] [  0%] Built target actionlib_generate_messages_py
[1.954s] [  0%] Built target tf_generate_messages_cpp
[1.955s] [  0%] Built target actionlib_generate_messages_nodejs
[1.955s] [  0%] Built target tf2_msgs_generate_messages_eus
[1.991s] [100%] Built target amathutils_lib
[2.007s] [36mInstall the project...[0m
[2.015s] -- Install configuration: "Release"
[2.015s] -- Up-to-date: /home/point001/autoware.ai/install/amathutils_lib/lib/pkgconfig/amathutils_lib.pc
[2.015s] -- Up-to-date: /home/point001/autoware.ai/install/amathutils_lib/share/amathutils_lib/cmake/amathutils_libConfig.cmake
[2.015s] -- Up-to-date: /home/point001/autoware.ai/install/amathutils_lib/share/amathutils_lib/cmake/amathutils_libConfig-version.cmake
[2.016s] -- Up-to-date: /home/point001/autoware.ai/install/amathutils_lib/share/amathutils_lib/package.xml
[2.016s] -- Up-to-date: /home/point001/autoware.ai/install/amathutils_lib/include/amathutils_lib
[2.016s] -- Up-to-date: /home/point001/autoware.ai/install/amathutils_lib/include/amathutils_lib/time_delay_kalman_filter.hpp
[2.016s] -- Up-to-date: /home/point001/autoware.ai/install/amathutils_lib/include/amathutils_lib/amathutils.hpp
[2.016s] -- Up-to-date: /home/point001/autoware.ai/install/amathutils_lib/include/amathutils_lib/butterworth_filter.hpp
[2.016s] -- Up-to-date: /home/point001/autoware.ai/install/amathutils_lib/include/amathutils_lib/kalman_filter.hpp
[2.016s] -- Up-to-date: /home/point001/autoware.ai/install/amathutils_lib/lib/libamathutils_lib.so
[2.170s] Invoked command in '/home/point001/autoware.ai/build/amathutils_lib' returned '0': CMAKE_PREFIX_PATH=/home/point001/autoware.ai/install/autoware_msgs:/home/point001/autoware.ai/install/autoware_build_flags:${CMAKE_PREFIX_PATH} PKG_CONFIG_PATH=/home/point001/autoware.ai/install/autoware_msgs/lib/x86_64-linux-gnu/pkgconfig:/home/point001/autoware.ai/install/autoware_msgs/lib/pkgconfig:/home/point001/autoware.ai/install/autoware_build_flags/lib/x86_64-linux-gnu/pkgconfig:/home/point001/autoware.ai/install/autoware_build_flags/lib/pkgconfig:${PKG_CONFIG_PATH} PYTHONPATH=/home/point001/autoware.ai/install/autoware_msgs/lib/python2.7/dist-packages:${PYTHONPATH} ROS_PACKAGE_PATH=/home/point001/autoware.ai/install/autoware_msgs/share:/home/point001/autoware.ai/install/autoware_build_flags/share:${ROS_PACKAGE_PATH} /usr/bin/cmake --build /home/point001/autoware.ai/build/amathutils_lib --target install -- -j24 -l24
