[0.239s] Invoking command in '/home/point001/autoware.ai/build/ros_observer': /usr/bin/cmake --build /home/point001/autoware.ai/build/ros_observer -- -j24 -l24
[0.701s] [  0%] Built target std_msgs_generate_messages_cpp
[0.701s] [  0%] Built target roscpp_generate_messages_nodejs
[0.701s] [  0%] Built target roscpp_generate_messages_lisp
[0.702s] [  0%] Built target rosgraph_msgs_generate_messages_py
[0.702s] [  0%] Built target roscpp_generate_messages_py
[0.702s] [  0%] Built target std_msgs_generate_messages_eus
[0.702s] [  0%] Built target rosgraph_msgs_generate_messages_lisp
[0.702s] [  0%] Built target roscpp_generate_messages_eus
[0.702s] [  0%] Built target rosgraph_msgs_generate_messages_cpp
[0.702s] [  0%] Built target std_msgs_generate_messages_lisp
[0.702s] [  0%] Built target rosgraph_msgs_generate_messages_eus
[0.702s] [  0%] Built target roscpp_generate_messages_cpp
[0.702s] [  0%] Built target rosgraph_msgs_generate_messages_nodejs
[0.702s] [  0%] Built target std_msgs_generate_messages_nodejs
[0.702s] [  0%] Built target std_msgs_generate_messages_py
[0.839s] [ 50%] Built target ros_observer
[0.907s] [100%] Built target lib_ros_observer
[1.167s] Invoked command in '/home/point001/autoware.ai/build/ros_observer' returned '0': /usr/bin/cmake --build /home/point001/autoware.ai/build/ros_observer -- -j24 -l24
[1.355s] Invoking command in '/home/point001/autoware.ai/build/ros_observer': /usr/bin/cmake --build /home/point001/autoware.ai/build/ros_observer --target tests -- -j24 -l24
[1.473s] [  0%] Built target std_msgs_generate_messages_nodejs
[1.474s] [  0%] Built target roscpp_generate_messages_py
[1.476s] [  0%] Built target std_msgs_generate_messages_py
[1.477s] [  0%] Built target roscpp_generate_messages_eus
[1.479s] [  0%] Built target std_msgs_generate_messages_lisp
[1.479s] [  0%] Built target rosgraph_msgs_generate_messages_eus
[1.481s] [  0%] Built target std_msgs_generate_messages_eus
[1.483s] [  0%] Built target std_msgs_generate_messages_cpp
[1.484s] [  0%] Built target roscpp_generate_messages_nodejs
[1.493s] [ 33%] Built target gtest
[1.501s] [ 33%] Built target rosgraph_msgs_generate_messages_lisp
[1.501s] [ 33%] Built target roscpp_generate_messages_lisp
[1.502s] [ 33%] Built target roscpp_generate_messages_cpp
[1.502s] [ 33%] Built target rosgraph_msgs_generate_messages_cpp
[1.502s] [ 33%] Built target rosgraph_msgs_generate_messages_nodejs
[1.504s] [ 33%] Built target rosgraph_msgs_generate_messages_py
[1.547s] [ 66%] Built target lib_ros_observer
[1.588s] [100%] Built target test_ros_observer
[1.617s] [100%] Built target tests
[1.683s] Invoked command in '/home/point001/autoware.ai/build/ros_observer' returned '0': /usr/bin/cmake --build /home/point001/autoware.ai/build/ros_observer --target tests -- -j24 -l24
[2.189s] Invoking command in '/home/point001/autoware.ai/build/ros_observer': /usr/bin/cmake --build /home/point001/autoware.ai/build/ros_observer --target install -- -j24 -l24
[2.313s] [  0%] Built target std_msgs_generate_messages_lisp
[2.313s] [  0%] Built target std_msgs_generate_messages_py
[2.313s] [  0%] Built target rosgraph_msgs_generate_messages_lisp
[2.314s] [  0%] Built target roscpp_generate_messages_nodejs
[2.314s] [  0%] Built target roscpp_generate_messages_lisp
[2.314s] [  0%] Built target rosgraph_msgs_generate_messages_py
[2.314s] [  0%] Built target roscpp_generate_messages_eus
[2.314s] [  0%] Built target rosgraph_msgs_generate_messages_nodejs
[2.314s] [  0%] Built target roscpp_generate_messages_py
[2.314s] [  0%] Built target std_msgs_generate_messages_nodejs
[2.315s] [  0%] Built target std_msgs_generate_messages_eus
[2.315s] [  0%] Built target rosgraph_msgs_generate_messages_cpp
[2.318s] [  0%] Built target std_msgs_generate_messages_cpp
[2.318s] [  0%] Built target rosgraph_msgs_generate_messages_eus
[2.319s] [  0%] Built target roscpp_generate_messages_cpp
[2.353s] [ 50%] Built target lib_ros_observer
[2.355s] [100%] Built target ros_observer
[2.380s] [36mInstall the project...[0m
[2.389s] -- Install configuration: "Release"
[2.389s] -- Up-to-date: /home/point001/autoware.ai/install/ros_observer/lib/pkgconfig/ros_observer.pc
[2.390s] -- Up-to-date: /home/point001/autoware.ai/install/ros_observer/share/ros_observer/cmake/ros_observerConfig.cmake
[2.390s] -- Up-to-date: /home/point001/autoware.ai/install/ros_observer/share/ros_observer/cmake/ros_observerConfig-version.cmake
[2.390s] -- Up-to-date: /home/point001/autoware.ai/install/ros_observer/share/ros_observer/package.xml
[2.390s] -- Up-to-date: /home/point001/autoware.ai/install/ros_observer/include/ros_observer
[2.390s] -- Up-to-date: /home/point001/autoware.ai/install/ros_observer/include/ros_observer/lib_ros_observer.h
[2.390s] -- Up-to-date: /home/point001/autoware.ai/install/ros_observer/include/ros_observer/ros_observer.h
[2.390s] -- Up-to-date: /home/point001/autoware.ai/install/ros_observer/lib/ros_observer/ros_observer
[2.390s] -- Up-to-date: /home/point001/autoware.ai/install/ros_observer/lib/liblib_ros_observer.so
[2.390s] -- Up-to-date: /home/point001/autoware.ai/install/ros_observer/share/ros_observer/launch
[2.390s] -- Up-to-date: /home/point001/autoware.ai/install/ros_observer/share/ros_observer/launch/test.launch
[2.390s] -- Up-to-date: /home/point001/autoware.ai/install/ros_observer/share/ros_observer/launch/ros_observer.launch
[2.671s] Invoked command in '/home/point001/autoware.ai/build/ros_observer' returned '0': /usr/bin/cmake --build /home/point001/autoware.ai/build/ros_observer --target install -- -j24 -l24
