[0.314s] Invoking command in '/home/point001/autoware.ai/build/tablet_socket': CMAKE_PREFIX_PATH=/home/point001/autoware.ai/install/tablet_socket_msgs:/home/point001/autoware.ai/install/gnss:/home/point001/autoware.ai/install/autoware_msgs:/home/point001/autoware.ai/install/autoware_can_msgs:/home/point001/autoware.ai/install/autoware_build_flags:${CMAKE_PREFIX_PATH} LD_LIBRARY_PATH=/home/point001/autoware.ai/install/gnss/lib:${LD_LIBRARY_PATH} PKG_CONFIG_PATH=/home/point001/autoware.ai/install/tablet_socket_msgs/lib/x86_64-linux-gnu/pkgconfig:/home/point001/autoware.ai/install/tablet_socket_msgs/lib/pkgconfig:/home/point001/autoware.ai/install/gnss/lib/x86_64-linux-gnu/pkgconfig:/home/point001/autoware.ai/install/gnss/lib/pkgconfig:/home/point001/autoware.ai/install/autoware_msgs/lib/x86_64-linux-gnu/pkgconfig:/home/point001/autoware.ai/install/autoware_msgs/lib/pkgconfig:/home/point001/autoware.ai/install/autoware_can_msgs/lib/x86_64-linux-gnu/pkgconfig:/home/point001/autoware.ai/install/autoware_can_msgs/lib/pkgconfig:/home/point001/autoware.ai/install/autoware_build_flags/lib/x86_64-linux-gnu/pkgconfig:/home/point001/autoware.ai/install/autoware_build_flags/lib/pkgconfig:${PKG_CONFIG_PATH} PYTHONPATH=/home/point001/autoware.ai/install/tablet_socket_msgs/lib/python2.7/dist-packages:/home/point001/autoware.ai/install/autoware_msgs/lib/python2.7/dist-packages:/home/point001/autoware.ai/install/autoware_can_msgs/lib/python2.7/dist-packages:${PYTHONPATH} ROS_PACKAGE_PATH=/home/point001/autoware.ai/install/tablet_socket_msgs/share:/home/point001/autoware.ai/install/gnss/share:/home/point001/autoware.ai/install/autoware_msgs/share:/home/point001/autoware.ai/install/autoware_can_msgs/share:/home/point001/autoware.ai/install/autoware_build_flags/share:${ROS_PACKAGE_PATH} /usr/bin/cmake --build /home/point001/autoware.ai/build/tablet_socket -- -j24 -l24
[0.550s] [  0%] Built target sensor_msgs_generate_messages_nodejs
[0.562s] [  0%] Built target roscpp_generate_messages_cpp
[0.583s] [  0%] Built target autoware_can_msgs_generate_messages_cpp
[0.590s] [  0%] Built target jsk_recognition_msgs_generate_messages_cpp
[0.590s] [  0%] Built target autoware_msgs_generate_messages_py
[0.590s] [  0%] Built target tf2_msgs_generate_messages_nodejs
[0.590s] [  0%] Built target autoware_can_msgs_generate_messages_nodejs
[0.602s] [  0%] Built target autoware_msgs_generate_messages_lisp
[0.603s] [  0%] Built target sensor_msgs_generate_messages_py
[0.604s] [  0%] Built target sensor_msgs_generate_messages_lisp
[0.610s] [  0%] Built target autoware_can_msgs_generate_messages_lisp
[0.625s] [  0%] Built target autoware_msgs_generate_messages_eus
[0.651s] [  0%] Built target tf2_msgs_generate_messages_lisp
[0.651s] [  0%] Built target geometry_msgs_generate_messages_lisp
[0.651s] [  0%] Built target jsk_recognition_msgs_generate_messages_lisp
[0.652s] [  0%] Built target rosgraph_msgs_generate_messages_eus
[0.652s] [  0%] Built target geometry_msgs_generate_messages_py
[0.652s] [  0%] Built target actionlib_generate_messages_cpp
[0.661s] [  0%] Built target pcl_msgs_generate_messages_cpp
[0.661s] [  0%] Built target geometry_msgs_generate_messages_eus
[0.664s] [  0%] Built target actionlib_msgs_generate_messages_nodejs
[0.676s] [  0%] Built target jsk_recognition_msgs_generate_messages_py
[0.686s] [  0%] Built target tf2_msgs_generate_messages_cpp
[0.688s] [  0%] Built target autoware_msgs_generate_messages_nodejs
[0.692s] [  0%] Built target std_msgs_generate_messages_py
[0.694s] [  0%] Built target roscpp_generate_messages_nodejs
[0.696s] [  0%] Built target tablet_socket_msgs_generate_messages_cpp
[0.700s] [  0%] Built target jsk_recognition_msgs_generate_messages_eus
[0.708s] [  0%] Built target geometry_msgs_generate_messages_nodejs
[0.717s] [  0%] Built target autoware_can_msgs_generate_messages_py
[0.719s] [  0%] Built target pcl_msgs_generate_messages_eus
[0.722s] [  0%] Built target jsk_footstep_msgs_generate_messages_lisp
[0.731s] [  0%] Built target sensor_msgs_generate_messages_eus
[0.732s] [  0%] Built target std_msgs_generate_messages_lisp
[0.732s] [  0%] Built target jsk_footstep_msgs_generate_messages_nodejs
[0.735s] [  0%] Built target std_msgs_generate_messages_cpp
[0.744s] [  0%] Built target pcl_msgs_generate_messages_nodejs
[0.745s] [  0%] Built target jsk_footstep_msgs_generate_messages_eus
[0.754s] [  0%] Built target std_msgs_generate_messages_eus
[0.759s] [  0%] Built target actionlib_msgs_generate_messages_py
[0.762s] [  0%] Built target autoware_msgs_generate_messages_cpp
[0.764s] [  0%] Built target rosgraph_msgs_generate_messages_nodejs
[0.776s] [  0%] Built target rosgraph_msgs_generate_messages_lisp
[0.780s] [  0%] Built target roscpp_generate_messages_lisp
[0.791s] [  0%] Built target actionlib_msgs_generate_messages_eus
[0.791s] [  0%] Built target tf_generate_messages_py
[0.792s] [  0%] Built target actionlib_msgs_generate_messages_lisp
[0.793s] [  0%] Built target tablet_socket_msgs_generate_messages_lisp
[0.794s] [  0%] Built target rosgraph_msgs_generate_messages_py
[0.799s] [  0%] Built target std_msgs_generate_messages_nodejs
[0.803s] [  0%] Built target sensor_msgs_generate_messages_cpp
[0.809s] [  0%] Built target roscpp_generate_messages_eus
[0.810s] [  0%] Built target autoware_can_msgs_generate_messages_eus
[0.816s] [  0%] Built target rosgraph_msgs_generate_messages_cpp
[0.816s] [  0%] Built target jsk_recognition_msgs_generate_messages_nodejs
[0.831s] [  0%] Built target tablet_socket_msgs_generate_messages_py
[0.831s] [  0%] Built target tf_generate_messages_nodejs
[0.831s] [  0%] Built target roscpp_generate_messages_py
[0.831s] [  0%] Built target jsk_footstep_msgs_generate_messages_py
[0.831s] [  0%] Built target tablet_socket_msgs_generate_messages_nodejs
[0.831s] [  0%] Built target pcl_msgs_generate_messages_lisp
[0.840s] [  0%] Built target actionlib_generate_messages_nodejs
[0.840s] [  0%] Built target actionlib_msgs_generate_messages_cpp
[0.843s] [  0%] Built target tf_generate_messages_cpp
[0.845s] [  0%] Built target tf_generate_messages_lisp
[0.845s] [  0%] Built target tf_generate_messages_eus
[0.858s] [  0%] Built target tf2_msgs_generate_messages_eus
[0.858s] [  0%] Built target pcl_msgs_generate_messages_py
[0.858s] [  0%] Built target actionlib_generate_messages_py
[0.860s] [  0%] Built target tablet_socket_msgs_generate_messages_eus
[0.863s] [  0%] Built target geometry_msgs_generate_messages_cpp
[0.867s] [  0%] Built target jsk_footstep_msgs_generate_messages_cpp
[0.867s] [  0%] Built target actionlib_generate_messages_eus
[0.867s] [  0%] Built target actionlib_generate_messages_lisp
[0.880s] [  0%] Built target tf2_msgs_generate_messages_py
[0.935s] [ 50%] Built target tablet_sender
[0.953s] [100%] Built target tablet_receiver
[1.013s] Invoked command in '/home/point001/autoware.ai/build/tablet_socket' returned '0': CMAKE_PREFIX_PATH=/home/point001/autoware.ai/install/tablet_socket_msgs:/home/point001/autoware.ai/install/gnss:/home/point001/autoware.ai/install/autoware_msgs:/home/point001/autoware.ai/install/autoware_can_msgs:/home/point001/autoware.ai/install/autoware_build_flags:${CMAKE_PREFIX_PATH} LD_LIBRARY_PATH=/home/point001/autoware.ai/install/gnss/lib:${LD_LIBRARY_PATH} PKG_CONFIG_PATH=/home/point001/autoware.ai/install/tablet_socket_msgs/lib/x86_64-linux-gnu/pkgconfig:/home/point001/autoware.ai/install/tablet_socket_msgs/lib/pkgconfig:/home/point001/autoware.ai/install/gnss/lib/x86_64-linux-gnu/pkgconfig:/home/point001/autoware.ai/install/gnss/lib/pkgconfig:/home/point001/autoware.ai/install/autoware_msgs/lib/x86_64-linux-gnu/pkgconfig:/home/point001/autoware.ai/install/autoware_msgs/lib/pkgconfig:/home/point001/autoware.ai/install/autoware_can_msgs/lib/x86_64-linux-gnu/pkgconfig:/home/point001/autoware.ai/install/autoware_can_msgs/lib/pkgconfig:/home/point001/autoware.ai/install/autoware_build_flags/lib/x86_64-linux-gnu/pkgconfig:/home/point001/autoware.ai/install/autoware_build_flags/lib/pkgconfig:${PKG_CONFIG_PATH} PYTHONPATH=/home/point001/autoware.ai/install/tablet_socket_msgs/lib/python2.7/dist-packages:/home/point001/autoware.ai/install/autoware_msgs/lib/python2.7/dist-packages:/home/point001/autoware.ai/install/autoware_can_msgs/lib/python2.7/dist-packages:${PYTHONPATH} ROS_PACKAGE_PATH=/home/point001/autoware.ai/install/tablet_socket_msgs/share:/home/point001/autoware.ai/install/gnss/share:/home/point001/autoware.ai/install/autoware_msgs/share:/home/point001/autoware.ai/install/autoware_can_msgs/share:/home/point001/autoware.ai/install/autoware_build_flags/share:${ROS_PACKAGE_PATH} /usr/bin/cmake --build /home/point001/autoware.ai/build/tablet_socket -- -j24 -l24
[1.298s] Invoking command in '/home/point001/autoware.ai/build/tablet_socket': CMAKE_PREFIX_PATH=/home/point001/autoware.ai/install/tablet_socket_msgs:/home/point001/autoware.ai/install/gnss:/home/point001/autoware.ai/install/autoware_msgs:/home/point001/autoware.ai/install/autoware_can_msgs:/home/point001/autoware.ai/install/autoware_build_flags:${CMAKE_PREFIX_PATH} LD_LIBRARY_PATH=/home/point001/autoware.ai/install/gnss/lib:${LD_LIBRARY_PATH} PKG_CONFIG_PATH=/home/point001/autoware.ai/install/tablet_socket_msgs/lib/x86_64-linux-gnu/pkgconfig:/home/point001/autoware.ai/install/tablet_socket_msgs/lib/pkgconfig:/home/point001/autoware.ai/install/gnss/lib/x86_64-linux-gnu/pkgconfig:/home/point001/autoware.ai/install/gnss/lib/pkgconfig:/home/point001/autoware.ai/install/autoware_msgs/lib/x86_64-linux-gnu/pkgconfig:/home/point001/autoware.ai/install/autoware_msgs/lib/pkgconfig:/home/point001/autoware.ai/install/autoware_can_msgs/lib/x86_64-linux-gnu/pkgconfig:/home/point001/autoware.ai/install/autoware_can_msgs/lib/pkgconfig:/home/point001/autoware.ai/install/autoware_build_flags/lib/x86_64-linux-gnu/pkgconfig:/home/point001/autoware.ai/install/autoware_build_flags/lib/pkgconfig:${PKG_CONFIG_PATH} PYTHONPATH=/home/point001/autoware.ai/install/tablet_socket_msgs/lib/python2.7/dist-packages:/home/point001/autoware.ai/install/autoware_msgs/lib/python2.7/dist-packages:/home/point001/autoware.ai/install/autoware_can_msgs/lib/python2.7/dist-packages:${PYTHONPATH} ROS_PACKAGE_PATH=/home/point001/autoware.ai/install/tablet_socket_msgs/share:/home/point001/autoware.ai/install/gnss/share:/home/point001/autoware.ai/install/autoware_msgs/share:/home/point001/autoware.ai/install/autoware_can_msgs/share:/home/point001/autoware.ai/install/autoware_build_flags/share:${ROS_PACKAGE_PATH} /usr/bin/cmake --build /home/point001/autoware.ai/build/tablet_socket --target tests -- -j24 -l24
[1.360s] Built target tests
[1.584s] Invoked command in '/home/point001/autoware.ai/build/tablet_socket' returned '0': CMAKE_PREFIX_PATH=/home/point001/autoware.ai/install/tablet_socket_msgs:/home/point001/autoware.ai/install/gnss:/home/point001/autoware.ai/install/autoware_msgs:/home/point001/autoware.ai/install/autoware_can_msgs:/home/point001/autoware.ai/install/autoware_build_flags:${CMAKE_PREFIX_PATH} LD_LIBRARY_PATH=/home/point001/autoware.ai/install/gnss/lib:${LD_LIBRARY_PATH} PKG_CONFIG_PATH=/home/point001/autoware.ai/install/tablet_socket_msgs/lib/x86_64-linux-gnu/pkgconfig:/home/point001/autoware.ai/install/tablet_socket_msgs/lib/pkgconfig:/home/point001/autoware.ai/install/gnss/lib/x86_64-linux-gnu/pkgconfig:/home/point001/autoware.ai/install/gnss/lib/pkgconfig:/home/point001/autoware.ai/install/autoware_msgs/lib/x86_64-linux-gnu/pkgconfig:/home/point001/autoware.ai/install/autoware_msgs/lib/pkgconfig:/home/point001/autoware.ai/install/autoware_can_msgs/lib/x86_64-linux-gnu/pkgconfig:/home/point001/autoware.ai/install/autoware_can_msgs/lib/pkgconfig:/home/point001/autoware.ai/install/autoware_build_flags/lib/x86_64-linux-gnu/pkgconfig:/home/point001/autoware.ai/install/autoware_build_flags/lib/pkgconfig:${PKG_CONFIG_PATH} PYTHONPATH=/home/point001/autoware.ai/install/tablet_socket_msgs/lib/python2.7/dist-packages:/home/point001/autoware.ai/install/autoware_msgs/lib/python2.7/dist-packages:/home/point001/autoware.ai/install/autoware_can_msgs/lib/python2.7/dist-packages:${PYTHONPATH} ROS_PACKAGE_PATH=/home/point001/autoware.ai/install/tablet_socket_msgs/share:/home/point001/autoware.ai/install/gnss/share:/home/point001/autoware.ai/install/autoware_msgs/share:/home/point001/autoware.ai/install/autoware_can_msgs/share:/home/point001/autoware.ai/install/autoware_build_flags/share:${ROS_PACKAGE_PATH} /usr/bin/cmake --build /home/point001/autoware.ai/build/tablet_socket --target tests -- -j24 -l24
[1.970s] Invoking command in '/home/point001/autoware.ai/build/tablet_socket': CMAKE_PREFIX_PATH=/home/point001/autoware.ai/install/tablet_socket_msgs:/home/point001/autoware.ai/install/gnss:/home/point001/autoware.ai/install/autoware_msgs:/home/point001/autoware.ai/install/autoware_can_msgs:/home/point001/autoware.ai/install/autoware_build_flags:${CMAKE_PREFIX_PATH} LD_LIBRARY_PATH=/home/point001/autoware.ai/install/gnss/lib:${LD_LIBRARY_PATH} PKG_CONFIG_PATH=/home/point001/autoware.ai/install/tablet_socket_msgs/lib/x86_64-linux-gnu/pkgconfig:/home/point001/autoware.ai/install/tablet_socket_msgs/lib/pkgconfig:/home/point001/autoware.ai/install/gnss/lib/x86_64-linux-gnu/pkgconfig:/home/point001/autoware.ai/install/gnss/lib/pkgconfig:/home/point001/autoware.ai/install/autoware_msgs/lib/x86_64-linux-gnu/pkgconfig:/home/point001/autoware.ai/install/autoware_msgs/lib/pkgconfig:/home/point001/autoware.ai/install/autoware_can_msgs/lib/x86_64-linux-gnu/pkgconfig:/home/point001/autoware.ai/install/autoware_can_msgs/lib/pkgconfig:/home/point001/autoware.ai/install/autoware_build_flags/lib/x86_64-linux-gnu/pkgconfig:/home/point001/autoware.ai/install/autoware_build_flags/lib/pkgconfig:${PKG_CONFIG_PATH} PYTHONPATH=/home/point001/autoware.ai/install/tablet_socket_msgs/lib/python2.7/dist-packages:/home/point001/autoware.ai/install/autoware_msgs/lib/python2.7/dist-packages:/home/point001/autoware.ai/install/autoware_can_msgs/lib/python2.7/dist-packages:${PYTHONPATH} ROS_PACKAGE_PATH=/home/point001/autoware.ai/install/tablet_socket_msgs/share:/home/point001/autoware.ai/install/gnss/share:/home/point001/autoware.ai/install/autoware_msgs/share:/home/point001/autoware.ai/install/autoware_can_msgs/share:/home/point001/autoware.ai/install/autoware_build_flags/share:${ROS_PACKAGE_PATH} /usr/bin/cmake --build /home/point001/autoware.ai/build/tablet_socket --target install -- -j24 -l24
[2.066s] [  0%] Built target rosgraph_msgs_generate_messages_eus
[2.069s] [  0%] Built target geometry_msgs_generate_messages_eus
[2.070s] [  0%] Built target autoware_can_msgs_generate_messages_lisp
[2.071s] [  0%] Built target autoware_msgs_generate_messages_py
[2.072s] [  0%] Built target jsk_recognition_msgs_generate_messages_cpp
[2.072s] [  0%] Built target autoware_can_msgs_generate_messages_nodejs
[2.072s] [  0%] Built target tf2_msgs_generate_messages_lisp
[2.075s] [  0%] Built target sensor_msgs_generate_messages_nodejs
[2.075s] [  0%] Built target std_msgs_generate_messages_py
[2.076s] [  0%] Built target sensor_msgs_generate_messages_py
[2.076s] [  0%] Built target actionlib_msgs_generate_messages_nodejs
[2.081s] [  0%] Built target autoware_msgs_generate_messages_lisp
[2.081s] [  0%] Built target sensor_msgs_generate_messages_lisp
[2.081s] [  0%] Built target tf2_msgs_generate_messages_nodejs
[2.081s] [  0%] Built target roscpp_generate_messages_cpp
[2.081s] [  0%] Built target jsk_recognition_msgs_generate_messages_eus
[2.087s] [  0%] Built target autoware_msgs_generate_messages_eus
[2.087s] [  0%] Built target autoware_can_msgs_generate_messages_cpp
[2.097s] [  0%] Built target jsk_recognition_msgs_generate_messages_py
[2.098s] [  0%] Built target geometry_msgs_generate_messages_lisp
[2.098s] [  0%] Built target pcl_msgs_generate_messages_cpp
[2.106s] [  0%] Built target tf2_msgs_generate_messages_cpp
[2.106s] [  0%] Built target jsk_recognition_msgs_generate_messages_lisp
[2.106s] [  0%] Built target std_msgs_generate_messages_cpp
[2.106s] [  0%] Built target actionlib_generate_messages_cpp
[2.123s] [  0%] Built target sensor_msgs_generate_messages_cpp
[2.130s] [  0%] Built target pcl_msgs_generate_messages_eus
[2.135s] [  0%] Built target std_msgs_generate_messages_nodejs
[2.142s] [  0%] Built target geometry_msgs_generate_messages_py
[2.143s] [  0%] Built target std_msgs_generate_messages_eus
[2.144s] [  0%] Built target roscpp_generate_messages_nodejs
[2.145s] [  0%] Built target std_msgs_generate_messages_lisp
[2.146s] [  0%] Built target geometry_msgs_generate_messages_nodejs
[2.146s] [  0%] Built target autoware_can_msgs_generate_messages_py
[2.148s] [  0%] Built target rosgraph_msgs_generate_messages_cpp
[2.160s] [  0%] Built target autoware_msgs_generate_messages_nodejs
[2.160s] [  0%] Built target pcl_msgs_generate_messages_nodejs
[2.161s] [  0%] Built target jsk_footstep_msgs_generate_messages_eus
[2.163s] [  0%] Built target sensor_msgs_generate_messages_eus
[2.168s] [  0%] Built target jsk_footstep_msgs_generate_messages_lisp
[2.169s] [  0%] Built target roscpp_generate_messages_lisp
[2.169s] [  0%] Built target actionlib_msgs_generate_messages_lisp
[2.174s] [  0%] Built target tablet_socket_msgs_generate_messages_cpp
[2.175s] [  0%] Built target roscpp_generate_messages_eus
[2.185s] [  0%] Built target jsk_footstep_msgs_generate_messages_nodejs
[2.185s] [  0%] Built target autoware_msgs_generate_messages_cpp
[2.186s] [  0%] Built target actionlib_msgs_generate_messages_py
[2.188s] [  0%] Built target jsk_recognition_msgs_generate_messages_nodejs
[2.188s] [  0%] Built target rosgraph_msgs_generate_messages_lisp
[2.190s] [  0%] Built target rosgraph_msgs_generate_messages_py
[2.199s] [  0%] Built target rosgraph_msgs_generate_messages_nodejs
[2.207s] [  0%] Built target tablet_socket_msgs_generate_messages_lisp
[2.220s] [  0%] Built target actionlib_generate_messages_nodejs
[2.221s] [  0%] Built target tablet_socket_msgs_generate_messages_py
[2.221s] [  0%] Built target tf_generate_messages_py
[2.223s] [  0%] Built target pcl_msgs_generate_messages_lisp
[2.226s] [  0%] Built target roscpp_generate_messages_py
[2.227s] [  0%] Built target tf_generate_messages_nodejs
[2.240s] [  0%] Built target geometry_msgs_generate_messages_cpp
[2.240s] [  0%] Built target tf_generate_messages_cpp
[2.240s] [  0%] Built target autoware_can_msgs_generate_messages_eus
[2.241s] [  0%] Built target tablet_socket_msgs_generate_messages_nodejs
[2.241s] [  0%] Built target pcl_msgs_generate_messages_py
[2.241s] [  0%] Built target actionlib_msgs_generate_messages_eus
[2.242s] [  0%] Built target tf2_msgs_generate_messages_py
[2.243s] [  0%] Built target tf_generate_messages_lisp
[2.243s] [  0%] Built target actionlib_generate_messages_eus
[2.245s] [  0%] Built target actionlib_msgs_generate_messages_cpp
[2.248s] [  0%] Built target jsk_footstep_msgs_generate_messages_py
[2.248s] [  0%] Built target tf_generate_messages_eus
[2.248s] [  0%] Built target jsk_footstep_msgs_generate_messages_cpp
[2.255s] [  0%] Built target actionlib_generate_messages_lisp
[2.255s] [  0%] Built target tf2_msgs_generate_messages_eus
[2.256s] [  0%] Built target actionlib_generate_messages_py
[2.262s] [  0%] Built target tablet_socket_msgs_generate_messages_eus
[2.306s] [ 50%] Built target tablet_sender
[2.324s] [100%] Built target tablet_receiver
[2.402s] [36mInstall the project...[0m
[2.413s] -- Install configuration: "Release"
[2.414s] -- Up-to-date: /home/point001/autoware.ai/install/tablet_socket/lib/pkgconfig/tablet_socket.pc
[2.414s] -- Up-to-date: /home/point001/autoware.ai/install/tablet_socket/share/tablet_socket/cmake/tablet_socketConfig.cmake
[2.414s] -- Up-to-date: /home/point001/autoware.ai/install/tablet_socket/share/tablet_socket/cmake/tablet_socketConfig-version.cmake
[2.418s] -- Up-to-date: /home/point001/autoware.ai/install/tablet_socket/share/tablet_socket/package.xml
[2.421s] -- Up-to-date: /home/point001/autoware.ai/install/tablet_socket/lib/tablet_socket/tablet_receiver
[2.421s] -- Up-to-date: /home/point001/autoware.ai/install/tablet_socket/lib/tablet_socket/tablet_sender
[2.496s] Invoked command in '/home/point001/autoware.ai/build/tablet_socket' returned '0': CMAKE_PREFIX_PATH=/home/point001/autoware.ai/install/tablet_socket_msgs:/home/point001/autoware.ai/install/gnss:/home/point001/autoware.ai/install/autoware_msgs:/home/point001/autoware.ai/install/autoware_can_msgs:/home/point001/autoware.ai/install/autoware_build_flags:${CMAKE_PREFIX_PATH} LD_LIBRARY_PATH=/home/point001/autoware.ai/install/gnss/lib:${LD_LIBRARY_PATH} PKG_CONFIG_PATH=/home/point001/autoware.ai/install/tablet_socket_msgs/lib/x86_64-linux-gnu/pkgconfig:/home/point001/autoware.ai/install/tablet_socket_msgs/lib/pkgconfig:/home/point001/autoware.ai/install/gnss/lib/x86_64-linux-gnu/pkgconfig:/home/point001/autoware.ai/install/gnss/lib/pkgconfig:/home/point001/autoware.ai/install/autoware_msgs/lib/x86_64-linux-gnu/pkgconfig:/home/point001/autoware.ai/install/autoware_msgs/lib/pkgconfig:/home/point001/autoware.ai/install/autoware_can_msgs/lib/x86_64-linux-gnu/pkgconfig:/home/point001/autoware.ai/install/autoware_can_msgs/lib/pkgconfig:/home/point001/autoware.ai/install/autoware_build_flags/lib/x86_64-linux-gnu/pkgconfig:/home/point001/autoware.ai/install/autoware_build_flags/lib/pkgconfig:${PKG_CONFIG_PATH} PYTHONPATH=/home/point001/autoware.ai/install/tablet_socket_msgs/lib/python2.7/dist-packages:/home/point001/autoware.ai/install/autoware_msgs/lib/python2.7/dist-packages:/home/point001/autoware.ai/install/autoware_can_msgs/lib/python2.7/dist-packages:${PYTHONPATH} ROS_PACKAGE_PATH=/home/point001/autoware.ai/install/tablet_socket_msgs/share:/home/point001/autoware.ai/install/gnss/share:/home/point001/autoware.ai/install/autoware_msgs/share:/home/point001/autoware.ai/install/autoware_can_msgs/share:/home/point001/autoware.ai/install/autoware_build_flags/share:${ROS_PACKAGE_PATH} /usr/bin/cmake --build /home/point001/autoware.ai/build/tablet_socket --target install -- -j24 -l24
