[0.164s] Invoking command in '/home/point001/autoware.ai/build/lidar_euclidean_cluster_detect': CMAKE_PREFIX_PATH=/home/point001/autoware.ai/install/vector_map_server:/home/point001/autoware.ai/install/vector_map:/home/point001/autoware.ai/install/vector_map_msgs:/home/point001/autoware.ai/install/autoware_msgs:/home/point001/autoware.ai/install/autoware_build_flags:${CMAKE_PREFIX_PATH} LD_LIBRARY_PATH=/home/point001/autoware.ai/install/vector_map/lib:/opt/ros/melodic/lib:/usr/local/cuda-10.0/lib64 PKG_CONFIG_PATH=/home/point001/autoware.ai/install/vector_map_server/lib/x86_64-linux-gnu/pkgconfig:/home/point001/autoware.ai/install/vector_map_server/lib/pkgconfig:/home/point001/autoware.ai/install/vector_map/lib/x86_64-linux-gnu/pkgconfig:/home/point001/autoware.ai/install/vector_map/lib/pkgconfig:/home/point001/autoware.ai/install/vector_map_msgs/lib/x86_64-linux-gnu/pkgconfig:/home/point001/autoware.ai/install/vector_map_msgs/lib/pkgconfig:/home/point001/autoware.ai/install/autoware_msgs/lib/x86_64-linux-gnu/pkgconfig:/home/point001/autoware.ai/install/autoware_msgs/lib/pkgconfig:/home/point001/autoware.ai/install/autoware_build_flags/lib/x86_64-linux-gnu/pkgconfig:/home/point001/autoware.ai/install/autoware_build_flags/lib/pkgconfig:${PKG_CONFIG_PATH} PYTHONPATH=/home/point001/autoware.ai/install/vector_map_server/lib/python2.7/dist-packages:/home/point001/autoware.ai/install/vector_map_msgs/lib/python2.7/dist-packages:/home/point001/autoware.ai/install/autoware_msgs/lib/python2.7/dist-packages:${PYTHONPATH} ROS_PACKAGE_PATH=/home/point001/autoware.ai/install/vector_map_server/share:/home/point001/autoware.ai/install/vector_map/share:/home/point001/autoware.ai/install/vector_map_msgs/share:/home/point001/autoware.ai/install/autoware_msgs/share:/home/point001/autoware.ai/install/autoware_build_flags/share:${ROS_PACKAGE_PATH} /usr/bin/cmake --build /home/point001/autoware.ai/build/lidar_euclidean_cluster_detect -- -j24 -l24
[0.271s] [  0%] Built target nodelet_generate_messages_nodejs
[0.274s] [  0%] Built target map_msgs_generate_messages_eus
[0.274s] [  0%] Built target people_msgs_generate_messages_cpp
[0.274s] [  0%] Built target vector_map_msgs_generate_messages_lisp
[0.279s] [  0%] Built target bond_generate_messages_nodejs
[0.280s] [  0%] Built target rviz_generate_messages_py
[0.280s] [  0%] Built target people_msgs_generate_messages_lisp
[0.282s] [  0%] Built target bond_generate_messages_lisp
[0.282s] [  0%] Built target bond_generate_messages_py
[0.289s] [  0%] Built target rviz_generate_messages_cpp
[0.289s] [  0%] Built target vector_map_server_generate_messages_nodejs
[0.289s] [  0%] Built target vector_map_msgs_generate_messages_py
[0.293s] [  0%] Built target nodelet_generate_messages_eus
[0.295s] [  0%] Built target rviz_generate_messages_eus
[0.295s] [  0%] Built target map_msgs_generate_messages_lisp
[0.296s] [  0%] Built target vector_map_msgs_generate_messages_eus
[0.297s] [  0%] Built target tf_generate_messages_eus
[0.300s] [  0%] Built target vector_map_msgs_generate_messages_nodejs
[0.301s] [  0%] Built target bond_generate_messages_cpp
[0.301s] [  0%] Built target people_msgs_generate_messages_eus
[0.306s] [  0%] Built target dynamic_reconfigure_generate_messages_nodejs
[0.306s] [  0%] Built target dynamic_reconfigure_generate_messages_py
[0.306s] [  0%] Built target bond_generate_messages_eus
[0.307s] [  0%] Built target people_msgs_generate_messages_py
[0.312s] [  0%] Built target dynamic_reconfigure_generate_messages_lisp
[0.312s] [  0%] Built target vector_map_msgs_generate_messages_cpp
[0.318s] [  0%] Built target dynamic_reconfigure_generate_messages_eus
[0.318s] [ 20%] Built target nodelet_generate_messages_cpp
[0.318s] [ 40%] Built target gpu_euclidean_clustering
[0.324s] [ 40%] Built target pcl_ros_gencfg
[0.324s] [ 40%] Built target jsk_hark_msgs_generate_messages_nodejs
[0.324s] [ 40%] Built target map_msgs_generate_messages_py
[0.324s] [ 40%] Built target jsk_rviz_plugins_generate_messages_py
[0.325s] [ 40%] Built target jsk_rviz_plugins_gencfg
[0.326s] [ 40%] Built target jsk_hark_msgs_generate_messages_eus
[0.330s] [ 40%] Built target people_msgs_generate_messages_nodejs
[0.332s] [ 40%] Built target jsk_rviz_plugins_generate_messages_lisp
[0.332s] [ 40%] Built target jsk_hark_msgs_generate_messages_py
[0.335s] [ 40%] Built target rviz_generate_messages_nodejs
[0.338s] [ 40%] Built target jsk_recognition_utils_gencfg
[0.348s] [ 40%] Built target rviz_generate_messages_lisp
[0.348s] [ 40%] Built target jsk_rviz_plugins_generate_messages_nodejs
[0.348s] [ 40%] Built target visualization_msgs_generate_messages_nodejs
[0.348s] [ 40%] Built target visualization_msgs_generate_messages_py
[0.352s] [ 40%] Built target visualization_msgs_generate_messages_eus
[0.352s] [ 40%] Built target map_msgs_generate_messages_cpp
[0.355s] [ 40%] Built target tf2_msgs_generate_messages_cpp
[0.361s] [ 40%] Built target vector_map_server_generate_messages_cpp
[0.365s] [ 40%] Built target geometry_msgs_generate_messages_py
[0.368s] [ 40%] Built target roscpp_generate_messages_cpp
[0.377s] [ 40%] Built target tf_generate_messages_py
[0.377s] [ 40%] Built target tf2_msgs_generate_messages_py
[0.377s] [ 40%] Built target rosgraph_msgs_generate_messages_eus
[0.378s] [ 40%] Built target dynamic_reconfigure_generate_messages_cpp
[0.381s] [ 40%] Built target sensor_msgs_generate_messages_nodejs
[0.382s] [ 40%] Built target tf_generate_messages_nodejs
[0.384s] [ 40%] Built target actionlib_generate_messages_cpp
[0.384s] [ 40%] Built target tf2_msgs_generate_messages_nodejs
[0.385s] [ 40%] Built target tf_generate_messages_lisp
[0.386s] [ 40%] Built target vector_map_server_generate_messages_eus
[0.389s] [ 40%] Built target pcl_msgs_generate_messages_eus
[0.391s] [ 40%] Built target autoware_msgs_generate_messages_py
[0.400s] [ 40%] Built target sensor_msgs_generate_messages_cpp
[0.400s] [ 40%] Built target jsk_recognition_msgs_generate_messages_lisp
[0.401s] [ 40%] Built target actionlib_generate_messages_py
[0.402s] [ 40%] Built target jsk_hark_msgs_generate_messages_lisp
[0.406s] [ 40%] Built target std_msgs_generate_messages_cpp
[0.408s] [ 40%] Built target jsk_recognition_msgs_generate_messages_eus
[0.412s] [ 40%] Built target std_msgs_generate_messages_nodejs
[0.418s] [ 40%] Built target sensor_msgs_generate_messages_eus
[0.418s] [ 40%] Built target topic_tools_generate_messages_cpp
[0.418s] [ 40%] Built target jsk_footstep_msgs_generate_messages_py
[0.419s] [ 40%] Built target rosgraph_msgs_generate_messages_cpp
[0.420s] [ 40%] Built target std_msgs_generate_messages_py
[0.420s] [ 40%] Built target nodelet_generate_messages_lisp
[0.421s] [ 40%] Built target autoware_msgs_generate_messages_cpp
[0.427s] [ 40%] Built target jsk_recognition_msgs_generate_messages_py
[0.427s] [ 40%] Built target std_msgs_generate_messages_lisp
[0.430s] [ 40%] Built target nodelet_generate_messages_py
[0.430s] [ 40%] Built target jsk_rviz_plugins_generate_messages_cpp
[0.437s] [ 40%] Built target geometry_msgs_generate_messages_eus
[0.437s] [ 40%] Built target nav_msgs_generate_messages_nodejs
[0.437s] [ 40%] Built target sensor_msgs_generate_messages_py
[0.453s] [ 40%] Built target jsk_rviz_plugins_generate_messages_eus
[0.453s] [ 40%] Built target roscpp_generate_messages_nodejs
[0.453s] [ 40%] Built target pcl_msgs_generate_messages_py
[0.453s] [ 40%] Built target geometry_msgs_generate_messages_lisp
[0.454s] [ 40%] Built target geometry_msgs_generate_messages_cpp
[0.455s] [ 40%] Built target autoware_msgs_generate_messages_eus
[0.456s] [ 40%] Built target pcl_msgs_generate_messages_cpp
[0.456s] [ 40%] Built target actionlib_generate_messages_eus
[0.457s] [ 40%] Built target topic_tools_generate_messages_eus
[0.457s] [ 40%] Built target visualization_msgs_generate_messages_lisp
[0.463s] [ 40%] Built target autoware_msgs_generate_messages_nodejs
[0.463s] [ 40%] Built target actionlib_generate_messages_lisp
[0.463s] [ 40%] Built target geometry_msgs_generate_messages_nodejs
[0.465s] [ 40%] Built target std_msgs_generate_messages_eus
[0.465s] [ 40%] Built target jsk_footstep_msgs_generate_messages_eus
[0.465s] [ 40%] Built target autoware_msgs_generate_messages_lisp
[0.467s] [ 40%] Built target actionlib_msgs_generate_messages_py
[0.470s] [ 40%] Built target visualization_msgs_generate_messages_cpp
[0.470s] [ 40%] Built target jsk_footstep_msgs_generate_messages_nodejs
[0.474s] [ 40%] Built target nav_msgs_generate_messages_eus
[0.474s] [ 40%] Built target jsk_footstep_msgs_generate_messages_lisp
[0.474s] [ 40%] Built target grid_map_msgs_generate_messages_nodejs
[0.474s] [ 40%] Built target roscpp_generate_messages_lisp
[0.475s] [ 40%] Built target tf2_msgs_generate_messages_eus
[0.475s] [ 40%] Built target jsk_recognition_msgs_generate_messages_nodejs
[0.480s] [ 40%] Built target vector_map_server_generate_messages_lisp
[0.480s] [ 40%] Built target std_srvs_generate_messages_cpp
[0.480s] [ 40%] Built target grid_map_msgs_generate_messages_eus
[0.483s] [ 40%] Built target vector_map_server_generate_messages_py
[0.486s] [ 40%] Built target rosgraph_msgs_generate_messages_lisp
[0.486s] [ 40%] Built target grid_map_msgs_generate_messages_lisp
[0.486s] [ 40%] Built target actionlib_msgs_generate_messages_lisp
[0.486s] [ 40%] Built target rosgraph_msgs_generate_messages_nodejs
[0.486s] [ 40%] Built target roscpp_generate_messages_eus
[0.494s] [ 40%] Built target std_srvs_generate_messages_eus
[0.496s] [ 40%] Built target roscpp_generate_messages_py
[0.498s] [ 40%] Built target grid_map_msgs_generate_messages_py
[0.499s] [ 40%] Built target grid_map_msgs_generate_messages_cpp
[0.502s] [ 40%] Built target rosgraph_msgs_generate_messages_py
[0.502s] [ 40%] Built target actionlib_msgs_generate_messages_eus
[0.502s] [ 40%] Built target tf2_msgs_generate_messages_lisp
[0.502s] [ 40%] Built target nav_msgs_generate_messages_py
[0.509s] [ 40%] Built target pcl_msgs_generate_messages_nodejs
[0.509s] [ 40%] Built target nav_msgs_generate_messages_lisp
[0.511s] [ 40%] Built target _catkin_empty_exported_target
[0.511s] [ 40%] Built target jsk_hark_msgs_generate_messages_cpp
[0.511s] [ 40%] Built target dynamic_reconfigure_gencfg
[0.511s] [ 40%] Built target nav_msgs_generate_messages_cpp
[0.511s] [ 40%] Built target jsk_recognition_msgs_generate_messages_cpp
[0.511s] [ 40%] Built target sensor_msgs_generate_messages_lisp
[0.511s] [ 40%] Built target topic_tools_generate_messages_nodejs
[0.512s] [ 40%] Built target topic_tools_generate_messages_lisp
[0.516s] [ 40%] Built target std_srvs_generate_messages_py
[0.518s] [ 40%] Built target map_msgs_generate_messages_nodejs
[0.518s] [ 40%] Built target topic_tools_generate_messages_py
[0.521s] [ 40%] Built target std_srvs_generate_messages_nodejs
[0.522s] [ 40%] Built target pcl_msgs_generate_messages_lisp
[0.529s] [ 40%] Built target std_srvs_generate_messages_lisp
[0.530s] [ 40%] Built target nodelet_topic_tools_gencfg
[0.530s] [ 40%] Built target actionlib_msgs_generate_messages_nodejs
[0.541s] [ 40%] Built target actionlib_generate_messages_nodejs
[0.547s] [ 40%] Built target jsk_footstep_msgs_generate_messages_cpp
[0.560s] [ 40%] Built target actionlib_msgs_generate_messages_cpp
[0.579s] [ 40%] Built target tf_generate_messages_cpp
[0.667s] [100%] Built target lidar_euclidean_cluster_detect
[0.704s] Invoked command in '/home/point001/autoware.ai/build/lidar_euclidean_cluster_detect' returned '0': CMAKE_PREFIX_PATH=/home/point001/autoware.ai/install/vector_map_server:/home/point001/autoware.ai/install/vector_map:/home/point001/autoware.ai/install/vector_map_msgs:/home/point001/autoware.ai/install/autoware_msgs:/home/point001/autoware.ai/install/autoware_build_flags:${CMAKE_PREFIX_PATH} LD_LIBRARY_PATH=/home/point001/autoware.ai/install/vector_map/lib:/opt/ros/melodic/lib:/usr/local/cuda-10.0/lib64 PKG_CONFIG_PATH=/home/point001/autoware.ai/install/vector_map_server/lib/x86_64-linux-gnu/pkgconfig:/home/point001/autoware.ai/install/vector_map_server/lib/pkgconfig:/home/point001/autoware.ai/install/vector_map/lib/x86_64-linux-gnu/pkgconfig:/home/point001/autoware.ai/install/vector_map/lib/pkgconfig:/home/point001/autoware.ai/install/vector_map_msgs/lib/x86_64-linux-gnu/pkgconfig:/home/point001/autoware.ai/install/vector_map_msgs/lib/pkgconfig:/home/point001/autoware.ai/install/autoware_msgs/lib/x86_64-linux-gnu/pkgconfig:/home/point001/autoware.ai/install/autoware_msgs/lib/pkgconfig:/home/point001/autoware.ai/install/autoware_build_flags/lib/x86_64-linux-gnu/pkgconfig:/home/point001/autoware.ai/install/autoware_build_flags/lib/pkgconfig:${PKG_CONFIG_PATH} PYTHONPATH=/home/point001/autoware.ai/install/vector_map_server/lib/python2.7/dist-packages:/home/point001/autoware.ai/install/vector_map_msgs/lib/python2.7/dist-packages:/home/point001/autoware.ai/install/autoware_msgs/lib/python2.7/dist-packages:${PYTHONPATH} ROS_PACKAGE_PATH=/home/point001/autoware.ai/install/vector_map_server/share:/home/point001/autoware.ai/install/vector_map/share:/home/point001/autoware.ai/install/vector_map_msgs/share:/home/point001/autoware.ai/install/autoware_msgs/share:/home/point001/autoware.ai/install/autoware_build_flags/share:${ROS_PACKAGE_PATH} /usr/bin/cmake --build /home/point001/autoware.ai/build/lidar_euclidean_cluster_detect -- -j24 -l24
[1.433s] Invoking command in '/home/point001/autoware.ai/build/lidar_euclidean_cluster_detect': CMAKE_PREFIX_PATH=/home/point001/autoware.ai/install/vector_map_server:/home/point001/autoware.ai/install/vector_map:/home/point001/autoware.ai/install/vector_map_msgs:/home/point001/autoware.ai/install/autoware_msgs:/home/point001/autoware.ai/install/autoware_build_flags:${CMAKE_PREFIX_PATH} LD_LIBRARY_PATH=/home/point001/autoware.ai/install/vector_map/lib:/opt/ros/melodic/lib:/usr/local/cuda-10.0/lib64 PKG_CONFIG_PATH=/home/point001/autoware.ai/install/vector_map_server/lib/x86_64-linux-gnu/pkgconfig:/home/point001/autoware.ai/install/vector_map_server/lib/pkgconfig:/home/point001/autoware.ai/install/vector_map/lib/x86_64-linux-gnu/pkgconfig:/home/point001/autoware.ai/install/vector_map/lib/pkgconfig:/home/point001/autoware.ai/install/vector_map_msgs/lib/x86_64-linux-gnu/pkgconfig:/home/point001/autoware.ai/install/vector_map_msgs/lib/pkgconfig:/home/point001/autoware.ai/install/autoware_msgs/lib/x86_64-linux-gnu/pkgconfig:/home/point001/autoware.ai/install/autoware_msgs/lib/pkgconfig:/home/point001/autoware.ai/install/autoware_build_flags/lib/x86_64-linux-gnu/pkgconfig:/home/point001/autoware.ai/install/autoware_build_flags/lib/pkgconfig:${PKG_CONFIG_PATH} PYTHONPATH=/home/point001/autoware.ai/install/vector_map_server/lib/python2.7/dist-packages:/home/point001/autoware.ai/install/vector_map_msgs/lib/python2.7/dist-packages:/home/point001/autoware.ai/install/autoware_msgs/lib/python2.7/dist-packages:${PYTHONPATH} ROS_PACKAGE_PATH=/home/point001/autoware.ai/install/vector_map_server/share:/home/point001/autoware.ai/install/vector_map/share:/home/point001/autoware.ai/install/vector_map_msgs/share:/home/point001/autoware.ai/install/autoware_msgs/share:/home/point001/autoware.ai/install/autoware_build_flags/share:${ROS_PACKAGE_PATH} /usr/bin/cmake --build /home/point001/autoware.ai/build/lidar_euclidean_cluster_detect --target tests -- -j24 -l24
[1.576s] Built target tests
[1.768s] Invoked command in '/home/point001/autoware.ai/build/lidar_euclidean_cluster_detect' returned '0': CMAKE_PREFIX_PATH=/home/point001/autoware.ai/install/vector_map_server:/home/point001/autoware.ai/install/vector_map:/home/point001/autoware.ai/install/vector_map_msgs:/home/point001/autoware.ai/install/autoware_msgs:/home/point001/autoware.ai/install/autoware_build_flags:${CMAKE_PREFIX_PATH} LD_LIBRARY_PATH=/home/point001/autoware.ai/install/vector_map/lib:/opt/ros/melodic/lib:/usr/local/cuda-10.0/lib64 PKG_CONFIG_PATH=/home/point001/autoware.ai/install/vector_map_server/lib/x86_64-linux-gnu/pkgconfig:/home/point001/autoware.ai/install/vector_map_server/lib/pkgconfig:/home/point001/autoware.ai/install/vector_map/lib/x86_64-linux-gnu/pkgconfig:/home/point001/autoware.ai/install/vector_map/lib/pkgconfig:/home/point001/autoware.ai/install/vector_map_msgs/lib/x86_64-linux-gnu/pkgconfig:/home/point001/autoware.ai/install/vector_map_msgs/lib/pkgconfig:/home/point001/autoware.ai/install/autoware_msgs/lib/x86_64-linux-gnu/pkgconfig:/home/point001/autoware.ai/install/autoware_msgs/lib/pkgconfig:/home/point001/autoware.ai/install/autoware_build_flags/lib/x86_64-linux-gnu/pkgconfig:/home/point001/autoware.ai/install/autoware_build_flags/lib/pkgconfig:${PKG_CONFIG_PATH} PYTHONPATH=/home/point001/autoware.ai/install/vector_map_server/lib/python2.7/dist-packages:/home/point001/autoware.ai/install/vector_map_msgs/lib/python2.7/dist-packages:/home/point001/autoware.ai/install/autoware_msgs/lib/python2.7/dist-packages:${PYTHONPATH} ROS_PACKAGE_PATH=/home/point001/autoware.ai/install/vector_map_server/share:/home/point001/autoware.ai/install/vector_map/share:/home/point001/autoware.ai/install/vector_map_msgs/share:/home/point001/autoware.ai/install/autoware_msgs/share:/home/point001/autoware.ai/install/autoware_build_flags/share:${ROS_PACKAGE_PATH} /usr/bin/cmake --build /home/point001/autoware.ai/build/lidar_euclidean_cluster_detect --target tests -- -j24 -l24
[2.560s] Invoking command in '/home/point001/autoware.ai/build/lidar_euclidean_cluster_detect': CMAKE_PREFIX_PATH=/home/point001/autoware.ai/install/vector_map_server:/home/point001/autoware.ai/install/vector_map:/home/point001/autoware.ai/install/vector_map_msgs:/home/point001/autoware.ai/install/autoware_msgs:/home/point001/autoware.ai/install/autoware_build_flags:${CMAKE_PREFIX_PATH} LD_LIBRARY_PATH=/home/point001/autoware.ai/install/vector_map/lib:/opt/ros/melodic/lib:/usr/local/cuda-10.0/lib64 PKG_CONFIG_PATH=/home/point001/autoware.ai/install/vector_map_server/lib/x86_64-linux-gnu/pkgconfig:/home/point001/autoware.ai/install/vector_map_server/lib/pkgconfig:/home/point001/autoware.ai/install/vector_map/lib/x86_64-linux-gnu/pkgconfig:/home/point001/autoware.ai/install/vector_map/lib/pkgconfig:/home/point001/autoware.ai/install/vector_map_msgs/lib/x86_64-linux-gnu/pkgconfig:/home/point001/autoware.ai/install/vector_map_msgs/lib/pkgconfig:/home/point001/autoware.ai/install/autoware_msgs/lib/x86_64-linux-gnu/pkgconfig:/home/point001/autoware.ai/install/autoware_msgs/lib/pkgconfig:/home/point001/autoware.ai/install/autoware_build_flags/lib/x86_64-linux-gnu/pkgconfig:/home/point001/autoware.ai/install/autoware_build_flags/lib/pkgconfig:${PKG_CONFIG_PATH} PYTHONPATH=/home/point001/autoware.ai/install/vector_map_server/lib/python2.7/dist-packages:/home/point001/autoware.ai/install/vector_map_msgs/lib/python2.7/dist-packages:/home/point001/autoware.ai/install/autoware_msgs/lib/python2.7/dist-packages:${PYTHONPATH} ROS_PACKAGE_PATH=/home/point001/autoware.ai/install/vector_map_server/share:/home/point001/autoware.ai/install/vector_map/share:/home/point001/autoware.ai/install/vector_map_msgs/share:/home/point001/autoware.ai/install/autoware_msgs/share:/home/point001/autoware.ai/install/autoware_build_flags/share:${ROS_PACKAGE_PATH} /usr/bin/cmake --build /home/point001/autoware.ai/build/lidar_euclidean_cluster_detect --target install -- -j24 -l24
[2.661s] [  0%] Built target people_msgs_generate_messages_cpp
[2.661s] [  0%] Built target rviz_generate_messages_cpp
[2.662s] [  0%] Built target bond_generate_messages_nodejs
[2.662s] [  0%] Built target bond_generate_messages_cpp
[2.662s] [  0%] Built target vector_map_msgs_generate_messages_nodejs
[2.662s] [  0%] Built target tf_generate_messages_eus
[2.662s] [  0%] Built target vector_map_msgs_generate_messages_lisp
[2.663s] [  0%] Built target people_msgs_generate_messages_py
[2.666s] [  0%] Built target rviz_generate_messages_py
[2.666s] [  0%] Built target vector_map_msgs_generate_messages_cpp
[2.667s] [  0%] Built target people_msgs_generate_messages_lisp
[2.670s] [  0%] Built target bond_generate_messages_eus
[2.670s] [  0%] Built target rviz_generate_messages_eus
[2.670s] [  0%] Built target people_msgs_generate_messages_eus
[2.670s] [  0%] Built target map_msgs_generate_messages_lisp
[2.670s] [  0%] Built target vector_map_server_generate_messages_nodejs
[2.671s] [  0%] Built target map_msgs_generate_messages_eus
[2.676s] [  0%] Built target vector_map_msgs_generate_messages_py
[2.677s] [  0%] Built target nodelet_generate_messages_nodejs
[2.677s] [  0%] Built target bond_generate_messages_py
[2.677s] [  0%] Built target bond_generate_messages_lisp
[2.680s] [  0%] Built target vector_map_msgs_generate_messages_eus
[2.680s] [  0%] Built target nodelet_generate_messages_eus
[2.688s] [  0%] Built target dynamic_reconfigure_generate_messages_py
[2.688s] [  0%] Built target dynamic_reconfigure_generate_messages_lisp
[2.688s] [  0%] Built target dynamic_reconfigure_generate_messages_nodejs
[2.688s] [  0%] Built target nodelet_generate_messages_cpp
[2.690s] [  0%] Built target dynamic_reconfigure_generate_messages_eus
[2.690s] [  0%] Built target pcl_ros_gencfg
[2.691s] [  0%] Built target map_msgs_generate_messages_py
[2.691s] [  0%] Built target jsk_hark_msgs_generate_messages_py
[2.698s] [  0%] Built target jsk_hark_msgs_generate_messages_nodejs
[2.698s] [  0%] Built target people_msgs_generate_messages_nodejs
[2.698s] [  0%] Built target rviz_generate_messages_lisp
[2.699s] [  0%] Built target rviz_generate_messages_nodejs
[2.699s] [  0%] Built target jsk_rviz_plugins_generate_messages_nodejs
[2.699s] [  0%] Built target jsk_rviz_plugins_generate_messages_py
[2.699s] [  0%] Built target jsk_rviz_plugins_generate_messages_lisp
[2.699s] [  0%] Built target jsk_hark_msgs_generate_messages_eus
[2.699s] [ 40%] Built target gpu_euclidean_clustering
[2.700s] [ 40%] Built target jsk_rviz_plugins_gencfg
[2.704s] [ 40%] Built target jsk_recognition_utils_gencfg
[2.704s] [ 40%] Built target vector_map_server_generate_messages_cpp
[2.704s] [ 40%] Built target visualization_msgs_generate_messages_py
[2.704s] [ 40%] Built target tf2_msgs_generate_messages_nodejs
[2.705s] [ 40%] Built target visualization_msgs_generate_messages_eus
[2.708s] [ 40%] Built target visualization_msgs_generate_messages_nodejs
[2.712s] [ 40%] Built target tf2_msgs_generate_messages_cpp
[2.714s] [ 40%] Built target map_msgs_generate_messages_cpp
[2.717s] [ 40%] Built target tf2_msgs_generate_messages_py
[2.717s] [ 40%] Built target dynamic_reconfigure_generate_messages_cpp
[2.717s] [ 40%] Built target vector_map_server_generate_messages_eus
[2.718s] [ 40%] Built target sensor_msgs_generate_messages_nodejs
[2.720s] [ 40%] Built target actionlib_generate_messages_py
[2.720s] [ 40%] Built target roscpp_generate_messages_cpp
[2.720s] [ 40%] Built target actionlib_generate_messages_cpp
[2.723s] [ 40%] Built target tf_generate_messages_lisp
[2.724s] [ 40%] Built target rosgraph_msgs_generate_messages_eus
[2.724s] [ 40%] Built target pcl_msgs_generate_messages_eus
[2.724s] [ 40%] Built target geometry_msgs_generate_messages_py
[2.724s] [ 40%] Built target tf_generate_messages_py
[2.724s] [ 40%] Built target jsk_recognition_msgs_generate_messages_eus
[2.725s] [ 40%] Built target autoware_msgs_generate_messages_py
[2.728s] [ 40%] Built target std_msgs_generate_messages_py
[2.728s] [ 40%] Built target tf_generate_messages_nodejs
[2.732s] [ 40%] Built target jsk_recognition_msgs_generate_messages_lisp
[2.732s] [ 40%] Built target jsk_hark_msgs_generate_messages_lisp
[2.732s] [ 40%] Built target sensor_msgs_generate_messages_eus
[2.732s] [ 40%] Built target nodelet_generate_messages_lisp
[2.734s] [ 40%] Built target std_msgs_generate_messages_nodejs
[2.741s] [ 40%] Built target sensor_msgs_generate_messages_cpp
[2.742s] [ 40%] Built target topic_tools_generate_messages_cpp
[2.742s] [ 40%] Built target rosgraph_msgs_generate_messages_cpp
[2.742s] [ 40%] Built target autoware_msgs_generate_messages_cpp
[2.745s] [ 40%] Built target nodelet_generate_messages_py
[2.747s] [ 40%] Built target jsk_recognition_msgs_generate_messages_py
[2.747s] [ 40%] Built target sensor_msgs_generate_messages_py
[2.751s] [ 40%] Built target pcl_msgs_generate_messages_py
[2.751s] [ 40%] Built target std_msgs_generate_messages_cpp
[2.751s] [ 40%] Built target nav_msgs_generate_messages_nodejs
[2.751s] [ 40%] Built target geometry_msgs_generate_messages_eus
[2.751s] [ 40%] Built target jsk_footstep_msgs_generate_messages_py
[2.751s] [ 40%] Built target jsk_rviz_plugins_generate_messages_cpp
[2.751s] [ 40%] Built target actionlib_generate_messages_eus
[2.751s] [ 40%] Built target geometry_msgs_generate_messages_nodejs
[2.751s] [ 40%] Built target geometry_msgs_generate_messages_lisp
[2.752s] [ 40%] Built target roscpp_generate_messages_nodejs
[2.752s] [ 40%] Built target jsk_rviz_plugins_generate_messages_eus
[2.756s] [ 40%] Built target pcl_msgs_generate_messages_cpp
[2.756s] [ 40%] Built target geometry_msgs_generate_messages_cpp
[2.757s] [ 40%] Built target std_msgs_generate_messages_lisp
[2.758s] [ 40%] Built target autoware_msgs_generate_messages_eus
[2.759s] [ 40%] Built target actionlib_generate_messages_lisp
[2.760s] [ 40%] Built target autoware_msgs_generate_messages_lisp
[2.762s] [ 40%] Built target visualization_msgs_generate_messages_lisp
[2.766s] [ 40%] Built target std_msgs_generate_messages_eus
[2.767s] [ 40%] Built target topic_tools_generate_messages_eus
[2.768s] [ 40%] Built target autoware_msgs_generate_messages_nodejs
[2.772s] [ 40%] Built target actionlib_msgs_generate_messages_py
[2.773s] [ 40%] Built target nav_msgs_generate_messages_eus
[2.773s] [ 40%] Built target vector_map_server_generate_messages_lisp
[2.774s] [ 40%] Built target jsk_footstep_msgs_generate_messages_eus
[2.775s] [ 40%] Built target grid_map_msgs_generate_messages_nodejs
[2.775s] [ 40%] Built target actionlib_msgs_generate_messages_lisp
[2.775s] [ 40%] Built target visualization_msgs_generate_messages_cpp
[2.776s] [ 40%] Built target grid_map_msgs_generate_messages_lisp
[2.778s] [ 40%] Built target tf2_msgs_generate_messages_eus
[2.778s] [ 40%] Built target jsk_footstep_msgs_generate_messages_lisp
[2.778s] [ 40%] Built target roscpp_generate_messages_lisp
[2.778s] [ 40%] Built target grid_map_msgs_generate_messages_eus
[2.779s] [ 40%] Built target std_srvs_generate_messages_cpp
[2.782s] [ 40%] Built target jsk_recognition_msgs_generate_messages_nodejs
[2.782s] [ 40%] Built target jsk_footstep_msgs_generate_messages_nodejs
[2.783s] [ 40%] Built target std_srvs_generate_messages_eus
[2.783s] [ 40%] Built target rosgraph_msgs_generate_messages_lisp
[2.784s] [ 40%] Built target vector_map_server_generate_messages_py
[2.784s] [ 40%] Built target rosgraph_msgs_generate_messages_nodejs
[2.787s] [ 40%] Built target roscpp_generate_messages_eus
[2.788s] [ 40%] Built target actionlib_msgs_generate_messages_eus
[2.791s] [ 40%] Built target rosgraph_msgs_generate_messages_py
[2.791s] [ 40%] Built target roscpp_generate_messages_py
[2.797s] [ 40%] Built target grid_map_msgs_generate_messages_cpp
[2.797s] [ 40%] Built target jsk_hark_msgs_generate_messages_cpp
[2.800s] [ 40%] Built target nav_msgs_generate_messages_cpp
[2.800s] [ 40%] Built target nav_msgs_generate_messages_lisp
[2.801s] [ 40%] Built target grid_map_msgs_generate_messages_py
[2.801s] [ 40%] Built target dynamic_reconfigure_gencfg
[2.802s] [ 40%] Built target nav_msgs_generate_messages_py
[2.802s] [ 40%] Built target pcl_msgs_generate_messages_nodejs
[2.802s] [ 40%] Built target sensor_msgs_generate_messages_lisp
[2.803s] [ 40%] Built target tf2_msgs_generate_messages_lisp
[2.804s] [ 40%] Built target _catkin_empty_exported_target
[2.807s] [ 40%] Built target map_msgs_generate_messages_nodejs
[2.807s] [ 40%] Built target jsk_recognition_msgs_generate_messages_cpp
[2.807s] [ 40%] Built target topic_tools_generate_messages_nodejs
[2.808s] [ 40%] Built target topic_tools_generate_messages_lisp
[2.808s] [ 40%] Built target actionlib_msgs_generate_messages_nodejs
[2.808s] [ 40%] Built target std_srvs_generate_messages_lisp
[2.809s] [ 40%] Built target actionlib_generate_messages_nodejs
[2.809s] [ 40%] Built target topic_tools_generate_messages_py
[2.809s] [ 40%] Built target std_srvs_generate_messages_py
[2.811s] [ 40%] Built target std_srvs_generate_messages_nodejs
[2.813s] [ 40%] Built target tf_generate_messages_cpp
[2.814s] [ 40%] Built target nodelet_topic_tools_gencfg
[2.814s] [ 40%] Built target actionlib_msgs_generate_messages_cpp
[2.815s] [ 40%] Built target jsk_footstep_msgs_generate_messages_cpp
[2.817s] [ 40%] Built target pcl_msgs_generate_messages_lisp
[2.857s] [100%] Built target lidar_euclidean_cluster_detect
[2.875s] [36mInstall the project...[0m
[2.881s] -- Install configuration: "Release"
[2.881s] -- Up-to-date: /home/point001/autoware.ai/install/lidar_euclidean_cluster_detect/lib/pkgconfig/lidar_euclidean_cluster_detect.pc
[2.881s] -- Up-to-date: /home/point001/autoware.ai/install/lidar_euclidean_cluster_detect/share/lidar_euclidean_cluster_detect/cmake/lidar_euclidean_cluster_detectConfig.cmake
[2.881s] -- Up-to-date: /home/point001/autoware.ai/install/lidar_euclidean_cluster_detect/share/lidar_euclidean_cluster_detect/cmake/lidar_euclidean_cluster_detectConfig-version.cmake
[2.882s] -- Up-to-date: /home/point001/autoware.ai/install/lidar_euclidean_cluster_detect/share/lidar_euclidean_cluster_detect/package.xml
[2.882s] -- Up-to-date: /home/point001/autoware.ai/install/lidar_euclidean_cluster_detect/lib/libgpu_euclidean_clustering.so
[2.883s] -- Up-to-date: /home/point001/autoware.ai/install/lidar_euclidean_cluster_detect/include/lidar_euclidean_cluster_detect
[2.883s] -- Up-to-date: /home/point001/autoware.ai/install/lidar_euclidean_cluster_detect/include/lidar_euclidean_cluster_detect/cluster.h
[2.884s] -- Up-to-date: /home/point001/autoware.ai/install/lidar_euclidean_cluster_detect/include/lidar_euclidean_cluster_detect/gencolors.cpp
[2.884s] -- Up-to-date: /home/point001/autoware.ai/install/lidar_euclidean_cluster_detect/include/lidar_euclidean_cluster_detect/gpu_euclidean_clustering.h
[2.884s] -- Up-to-date: /home/point001/autoware.ai/install/lidar_euclidean_cluster_detect/lib/lidar_euclidean_cluster_detect/lidar_euclidean_cluster_detect
[2.884s] -- Up-to-date: /home/point001/autoware.ai/install/lidar_euclidean_cluster_detect/share/lidar_euclidean_cluster_detect/launch
[2.884s] -- Up-to-date: /home/point001/autoware.ai/install/lidar_euclidean_cluster_detect/share/lidar_euclidean_cluster_detect/launch/lidar_euclidean_cluster_detect.launch
[2.884s] -- Up-to-date: /home/point001/autoware.ai/install/lidar_euclidean_cluster_detect/share/lidar_euclidean_cluster_detect/launch/euclidean_clustering_Exp.launch
[2.884s] -- Up-to-date: /home/point001/autoware.ai/install/lidar_euclidean_cluster_detect/share/lidar_euclidean_cluster_detect/launch/lidar_euclidean_cluster_detect_param.launch
[2.885s] -- Up-to-date: /home/point001/autoware.ai/install/lidar_euclidean_cluster_detect/share/lidar_euclidean_cluster_detect/config
[2.885s] -- Up-to-date: /home/point001/autoware.ai/install/lidar_euclidean_cluster_detect/share/lidar_euclidean_cluster_detect/config/params.yaml
[2.900s] Invoked command in '/home/point001/autoware.ai/build/lidar_euclidean_cluster_detect' returned '0': CMAKE_PREFIX_PATH=/home/point001/autoware.ai/install/vector_map_server:/home/point001/autoware.ai/install/vector_map:/home/point001/autoware.ai/install/vector_map_msgs:/home/point001/autoware.ai/install/autoware_msgs:/home/point001/autoware.ai/install/autoware_build_flags:${CMAKE_PREFIX_PATH} LD_LIBRARY_PATH=/home/point001/autoware.ai/install/vector_map/lib:/opt/ros/melodic/lib:/usr/local/cuda-10.0/lib64 PKG_CONFIG_PATH=/home/point001/autoware.ai/install/vector_map_server/lib/x86_64-linux-gnu/pkgconfig:/home/point001/autoware.ai/install/vector_map_server/lib/pkgconfig:/home/point001/autoware.ai/install/vector_map/lib/x86_64-linux-gnu/pkgconfig:/home/point001/autoware.ai/install/vector_map/lib/pkgconfig:/home/point001/autoware.ai/install/vector_map_msgs/lib/x86_64-linux-gnu/pkgconfig:/home/point001/autoware.ai/install/vector_map_msgs/lib/pkgconfig:/home/point001/autoware.ai/install/autoware_msgs/lib/x86_64-linux-gnu/pkgconfig:/home/point001/autoware.ai/install/autoware_msgs/lib/pkgconfig:/home/point001/autoware.ai/install/autoware_build_flags/lib/x86_64-linux-gnu/pkgconfig:/home/point001/autoware.ai/install/autoware_build_flags/lib/pkgconfig:${PKG_CONFIG_PATH} PYTHONPATH=/home/point001/autoware.ai/install/vector_map_server/lib/python2.7/dist-packages:/home/point001/autoware.ai/install/vector_map_msgs/lib/python2.7/dist-packages:/home/point001/autoware.ai/install/autoware_msgs/lib/python2.7/dist-packages:${PYTHONPATH} ROS_PACKAGE_PATH=/home/point001/autoware.ai/install/vector_map_server/share:/home/point001/autoware.ai/install/vector_map/share:/home/point001/autoware.ai/install/vector_map_msgs/share:/home/point001/autoware.ai/install/autoware_msgs/share:/home/point001/autoware.ai/install/autoware_build_flags/share:${ROS_PACKAGE_PATH} /usr/bin/cmake --build /home/point001/autoware.ai/build/lidar_euclidean_cluster_detect --target install -- -j24 -l24
