[0.072s] Invoking command in '/home/point001/autoware.ai/build/lane_planner': CMAKE_PREFIX_PATH=/home/point001/autoware.ai/install/lanelet2_extension:/home/point001/autoware.ai/install/lanelet2_validation:/home/point001/autoware.ai/install/lanelet2_routing:/home/point001/autoware.ai/install/lanelet2_projection:/home/point001/autoware.ai/install/libwaypoint_follower:/home/point001/autoware.ai/install/lanelet2_traffic_rules:/home/point001/autoware.ai/install/lanelet2_maps:/home/point001/autoware.ai/install/lanelet2_io:/home/point001/autoware.ai/install/vector_map:/home/point001/autoware.ai/install/lanelet2_core:/home/point001/autoware.ai/install/amathutils_lib:/home/point001/autoware.ai/install/vector_map_msgs:/home/point001/autoware.ai/install/tablet_socket_msgs:/home/point001/autoware.ai/install/gnss:/home/point001/autoware.ai/install/autoware_msgs:/home/point001/autoware.ai/install/autoware_lanelet2_msgs:/home/point001/autoware.ai/install/autoware_config_msgs:/home/point001/autoware.ai/install/autoware_build_flags:${CMAKE_PREFIX_PATH} LD_LIBRARY_PATH=/home/point001/autoware.ai/install/lanelet2_extension/lib:/home/point001/autoware.ai/install/lanelet2_validation/lib:/home/point001/autoware.ai/install/lanelet2_routing/lib:/home/point001/autoware.ai/install/lanelet2_projection/lib:/home/point001/autoware.ai/install/libwaypoint_follower/lib:/home/point001/autoware.ai/install/lanelet2_traffic_rules/lib:/home/point001/autoware.ai/install/lanelet2_io/lib:/home/point001/autoware.ai/install/vector_map/lib:/home/point001/autoware.ai/install/lanelet2_core/lib:/home/point001/autoware.ai/install/amathutils_lib/lib:/home/point001/autoware.ai/install/gnss/lib:/opt/ros/melodic/lib:/usr/local/cuda-10.0/lib64 PKG_CONFIG_PATH=/home/point001/autoware.ai/install/lanelet2_extension/lib/x86_64-linux-gnu/pkgconfig:/home/point001/autoware.ai/install/lanelet2_extension/lib/pkgconfig:/home/point001/autoware.ai/install/lanelet2_validation/lib/x86_64-linux-gnu/pkgconfig:/home/point001/autoware.ai/install/lanelet2_validation/lib/pkgconfig:/home/point001/autoware.ai/install/lanelet2_routing/lib/x86_64-linux-gnu/pkgconfig:/home/point001/autoware.ai/install/lanelet2_routing/lib/pkgconfig:/home/point001/autoware.ai/install/lanelet2_projection/lib/x86_64-linux-gnu/pkgconfig:/home/point001/autoware.ai/install/lanelet2_projection/lib/pkgconfig:/home/point001/autoware.ai/install/libwaypoint_follower/lib/x86_64-linux-gnu/pkgconfig:/home/point001/autoware.ai/install/libwaypoint_follower/lib/pkgconfig:/home/point001/autoware.ai/install/lanelet2_traffic_rules/lib/x86_64-linux-gnu/pkgconfig:/home/point001/autoware.ai/install/lanelet2_traffic_rules/lib/pkgconfig:/home/point001/autoware.ai/install/lanelet2_maps/lib/x86_64-linux-gnu/pkgconfig:/home/point001/autoware.ai/install/lanelet2_maps/lib/pkgconfig:/home/point001/autoware.ai/install/lanelet2_io/lib/x86_64-linux-gnu/pkgconfig:/home/point001/autoware.ai/install/lanelet2_io/lib/pkgconfig:/home/point001/autoware.ai/install/vector_map/lib/x86_64-linux-gnu/pkgconfig:/home/point001/autoware.ai/install/vector_map/lib/pkgconfig:/home/point001/autoware.ai/install/lanelet2_core/lib/x86_64-linux-gnu/pkgconfig:/home/point001/autoware.ai/install/lanelet2_core/lib/pkgconfig:/home/point001/autoware.ai/install/amathutils_lib/lib/x86_64-linux-gnu/pkgconfig:/home/point001/autoware.ai/install/amathutils_lib/lib/pkgconfig:/home/point001/autoware.ai/install/vector_map_msgs/lib/x86_64-linux-gnu/pkgconfig:/home/point001/autoware.ai/install/vector_map_msgs/lib/pkgconfig:/home/point001/autoware.ai/install/tablet_socket_msgs/lib/x86_64-linux-gnu/pkgconfig:/home/point001/autoware.ai/install/tablet_socket_msgs/lib/pkgconfig:/home/point001/autoware.ai/install/gnss/lib/x86_64-linux-gnu/pkgconfig:/home/point001/autoware.ai/install/gnss/lib/pkgconfig:/home/point001/autoware.ai/install/autoware_msgs/lib/x86_64-linux-gnu/pkgconfig:/home/point001/autoware.ai/install/autoware_msgs/lib/pkgconfig:/home/point001/autoware.ai/install/autoware_lanelet2_msgs/lib/x86_64-linux-gnu/pkgconfig:/home/point001/autoware.ai/install/autoware_lanelet2_msgs/lib/pkgconfig:/home/point001/autoware.ai/install/autoware_config_msgs/lib/x86_64-linux-gnu/pkgconfig:/home/point001/autoware.ai/install/autoware_config_msgs/lib/pkgconfig:/home/point001/autoware.ai/install/autoware_build_flags/lib/x86_64-linux-gnu/pkgconfig:/home/point001/autoware.ai/install/autoware_build_flags/lib/pkgconfig:${PKG_CONFIG_PATH} PYTHONPATH=/home/point001/autoware.ai/install/vector_map_msgs/lib/python2.7/dist-packages:/home/point001/autoware.ai/install/tablet_socket_msgs/lib/python2.7/dist-packages:/home/point001/autoware.ai/install/autoware_msgs/lib/python2.7/dist-packages:/home/point001/autoware.ai/install/autoware_lanelet2_msgs/lib/python2.7/dist-packages:/home/point001/autoware.ai/install/autoware_config_msgs/lib/python2.7/dist-packages:${PYTHONPATH} ROS_PACKAGE_PATH=/home/point001/autoware.ai/install/lanelet2_extension/share:/home/point001/autoware.ai/install/lanelet2_validation/share:/home/point001/autoware.ai/install/lanelet2_routing/share:/home/point001/autoware.ai/install/lanelet2_projection/share:/home/point001/autoware.ai/install/libwaypoint_follower/share:/home/point001/autoware.ai/install/lanelet2_traffic_rules/share:/home/point001/autoware.ai/install/lanelet2_maps/share:/home/point001/autoware.ai/install/lanelet2_io/share:/home/point001/autoware.ai/install/vector_map/share:/home/point001/autoware.ai/install/lanelet2_core/share:/home/point001/autoware.ai/install/amathutils_lib/share:/home/point001/autoware.ai/install/vector_map_msgs/share:/home/point001/autoware.ai/install/tablet_socket_msgs/share:/home/point001/autoware.ai/install/gnss/share:/home/point001/autoware.ai/install/autoware_msgs/share:/home/point001/autoware.ai/install/autoware_lanelet2_msgs/share:/home/point001/autoware.ai/install/autoware_config_msgs/share:/home/point001/autoware.ai/install/autoware_build_flags/share:${ROS_PACKAGE_PATH} /usr/bin/cmake --build /home/point001/autoware.ai/build/lane_planner -- -j24 -l24
[0.191s] [  0%] Built target geometry_msgs_generate_messages_eus
[0.215s] [  0%] Built target visualization_msgs_generate_messages_py
[0.236s] [  0%] Built target jsk_recognition_msgs_generate_messages_eus
[0.246s] [  0%] Built target tablet_socket_msgs_generate_messages_lisp
[0.246s] [  0%] Built target actionlib_generate_messages_cpp
[0.255s] [  0%] Built target autoware_msgs_generate_messages_eus
[0.258s] [  0%] Built target pcl_msgs_generate_messages_cpp
[0.259s] [  0%] Built target tf2_msgs_generate_messages_cpp
[0.273s] [  0%] Built target jsk_recognition_msgs_generate_messages_lisp
[0.278s] [  0%] Built target vector_map_msgs_generate_messages_py
[0.278s] [  0%] Built target vector_map_msgs_generate_messages_lisp
[0.280s] [  0%] Built target sensor_msgs_generate_messages_nodejs
[0.280s] [  0%] Built target geometry_msgs_generate_messages_py
[0.290s] [  0%] Built target visualization_msgs_generate_messages_eus
[0.297s] [  0%] Built target autoware_msgs_generate_messages_lisp
[0.302s] [  0%] Built target vector_map_msgs_generate_messages_nodejs
[0.311s] [  0%] Built target roscpp_generate_messages_cpp
[0.312s] [  0%] Built target vector_map_msgs_generate_messages_cpp
[0.317s] [  0%] Built target jsk_recognition_msgs_generate_messages_cpp
[0.317s] [  0%] Built target autoware_lanelet2_msgs_generate_messages_lisp
[0.325s] [  0%] Built target visualization_msgs_generate_messages_nodejs
[0.325s] [  0%] Built target geometry_msgs_generate_messages_lisp
[0.330s] [  0%] Built target vector_map_msgs_generate_messages_eus
[0.357s] [  0%] Built target std_msgs_generate_messages_py
[0.363s] [  0%] Built target sensor_msgs_generate_messages_lisp
[0.376s] [  0%] Built target autoware_msgs_generate_messages_py
[0.380s] [  0%] Built target rosgraph_msgs_generate_messages_eus
[0.423s] [  0%] Built target tablet_socket_msgs_generate_messages_nodejs
[0.423s] [  0%] Built target tf_generate_messages_py
[0.424s] [  0%] Built target std_msgs_generate_messages_cpp
[0.424s] [  0%] Built target geometry_msgs_generate_messages_nodejs
[0.426s] [  0%] Built target sensor_msgs_generate_messages_py
[0.426s] [  0%] Built target tablet_socket_msgs_generate_messages_py
[0.426s] [  0%] Built target jsk_footstep_msgs_generate_messages_py
[0.426s] [  0%] Built target autoware_config_msgs_generate_messages_py
[0.430s] [  0%] Built target actionlib_msgs_generate_messages_nodejs
[0.450s] [  0%] Built target autoware_msgs_generate_messages_nodejs
[0.457s] [  0%] Built target sensor_msgs_generate_messages_eus
[0.483s] [  0%] Built target visualization_msgs_generate_messages_lisp
[0.483s] [  0%] Built target std_msgs_generate_messages_eus
[0.483s] [  0%] Built target jsk_recognition_msgs_generate_messages_py
[0.491s] [  0%] Built target autoware_config_msgs_generate_messages_lisp
[0.494s] [  0%] Built target rosgraph_msgs_generate_messages_py
[0.502s] [  0%] Built target roscpp_generate_messages_nodejs
[0.503s] [  0%] Built target roscpp_generate_messages_eus
[0.510s] [  0%] Built target sensor_msgs_generate_messages_cpp
[0.521s] [  0%] Built target std_msgs_generate_messages_nodejs
[0.528s] [  0%] Built target actionlib_msgs_generate_messages_lisp
[0.532s] [  0%] Built target actionlib_msgs_generate_messages_eus
[0.547s] [  0%] Built target autoware_msgs_generate_messages_cpp
[0.548s] [  0%] Built target jsk_footstep_msgs_generate_messages_eus
[0.549s] [  0%] Built target pcl_msgs_generate_messages_nodejs
[0.552s] [  0%] Built target jsk_footstep_msgs_generate_messages_nodejs
[0.552s] [  0%] Built target autoware_config_msgs_generate_messages_eus
[0.562s] [  0%] Built target actionlib_msgs_generate_messages_py
[0.569s] [  0%] Built target autoware_config_msgs_generate_messages_nodejs
[0.580s] [  0%] Built target tablet_socket_msgs_generate_messages_cpp
[0.580s] [  0%] Built target pcl_msgs_generate_messages_eus
[0.582s] [  0%] Built target tf_generate_messages_lisp
[0.616s] [  0%] Built target std_msgs_generate_messages_lisp
[0.624s] [  0%] Built target autoware_lanelet2_msgs_generate_messages_py
[0.624s] [  0%] Built target jsk_footstep_msgs_generate_messages_lisp
[0.635s] [  0%] Built target tf_generate_messages_eus
[0.643s] [  0%] Built target actionlib_msgs_generate_messages_cpp
[0.646s] [  0%] Built target jsk_footstep_msgs_generate_messages_cpp
[0.652s] [  0%] Built target rosgraph_msgs_generate_messages_cpp
[0.664s] [  0%] Built target rosgraph_msgs_generate_messages_lisp
[0.664s] [  0%] Built target autoware_lanelet2_msgs_generate_messages_nodejs
[0.668s] [  0%] Built target jsk_recognition_msgs_generate_messages_nodejs
[0.675s] [  0%] Built target actionlib_generate_messages_lisp
[0.686s] [  0%] Built target autoware_lanelet2_msgs_generate_messages_cpp
[0.689s] [  0%] Built target actionlib_generate_messages_nodejs
[0.697s] [  0%] Built target autoware_config_msgs_generate_messages_cpp
[0.701s] [  0%] Built target pcl_msgs_generate_messages_py
[0.703s] [  0%] Built target tf_generate_messages_nodejs
[0.707s] [  0%] Built target tf2_msgs_generate_messages_eus
[0.714s] [  0%] Built target roscpp_generate_messages_py
[0.717s] [  0%] Built target actionlib_generate_messages_eus
[0.737s] [  0%] Built target tf_generate_messages_cpp
[0.753s] [  0%] Built target geometry_msgs_generate_messages_cpp
[0.764s] [  0%] Built target actionlib_generate_messages_py
[0.768s] [  0%] Built target rosgraph_msgs_generate_messages_nodejs
[0.771s] [  0%] Built target pcl_msgs_generate_messages_lisp
[0.775s] [  0%] Built target tf2_msgs_generate_messages_lisp
[0.801s] [  0%] Built target tf2_msgs_generate_messages_nodejs
[0.809s] [  0%] Built target autoware_lanelet2_msgs_generate_messages_eus
[0.813s] [  0%] Built target visualization_msgs_generate_messages_cpp
[0.818s] [  0%] Built target roscpp_generate_messages_lisp
[0.819s] [  0%] Built target tablet_socket_msgs_generate_messages_eus
[0.829s] [  0%] Built target tf2_msgs_generate_messages_py
[0.908s] [ 14%] Built target lane_planner
[0.918s] [ 42%] Built target lane_select
[0.968s] [ 57%] Built target lane_rule
[0.983s] [ 71%] Built target lane_stop
[0.984s] [ 85%] Built target lane_navi
[0.984s] [100%] Built target lane_rule_lanelet2
[1.013s] Invoked command in '/home/point001/autoware.ai/build/lane_planner' returned '0': CMAKE_PREFIX_PATH=/home/point001/autoware.ai/install/lanelet2_extension:/home/point001/autoware.ai/install/lanelet2_validation:/home/point001/autoware.ai/install/lanelet2_routing:/home/point001/autoware.ai/install/lanelet2_projection:/home/point001/autoware.ai/install/libwaypoint_follower:/home/point001/autoware.ai/install/lanelet2_traffic_rules:/home/point001/autoware.ai/install/lanelet2_maps:/home/point001/autoware.ai/install/lanelet2_io:/home/point001/autoware.ai/install/vector_map:/home/point001/autoware.ai/install/lanelet2_core:/home/point001/autoware.ai/install/amathutils_lib:/home/point001/autoware.ai/install/vector_map_msgs:/home/point001/autoware.ai/install/tablet_socket_msgs:/home/point001/autoware.ai/install/gnss:/home/point001/autoware.ai/install/autoware_msgs:/home/point001/autoware.ai/install/autoware_lanelet2_msgs:/home/point001/autoware.ai/install/autoware_config_msgs:/home/point001/autoware.ai/install/autoware_build_flags:${CMAKE_PREFIX_PATH} LD_LIBRARY_PATH=/home/point001/autoware.ai/install/lanelet2_extension/lib:/home/point001/autoware.ai/install/lanelet2_validation/lib:/home/point001/autoware.ai/install/lanelet2_routing/lib:/home/point001/autoware.ai/install/lanelet2_projection/lib:/home/point001/autoware.ai/install/libwaypoint_follower/lib:/home/point001/autoware.ai/install/lanelet2_traffic_rules/lib:/home/point001/autoware.ai/install/lanelet2_io/lib:/home/point001/autoware.ai/install/vector_map/lib:/home/point001/autoware.ai/install/lanelet2_core/lib:/home/point001/autoware.ai/install/amathutils_lib/lib:/home/point001/autoware.ai/install/gnss/lib:/opt/ros/melodic/lib:/usr/local/cuda-10.0/lib64 PKG_CONFIG_PATH=/home/point001/autoware.ai/install/lanelet2_extension/lib/x86_64-linux-gnu/pkgconfig:/home/point001/autoware.ai/install/lanelet2_extension/lib/pkgconfig:/home/point001/autoware.ai/install/lanelet2_validation/lib/x86_64-linux-gnu/pkgconfig:/home/point001/autoware.ai/install/lanelet2_validation/lib/pkgconfig:/home/point001/autoware.ai/install/lanelet2_routing/lib/x86_64-linux-gnu/pkgconfig:/home/point001/autoware.ai/install/lanelet2_routing/lib/pkgconfig:/home/point001/autoware.ai/install/lanelet2_projection/lib/x86_64-linux-gnu/pkgconfig:/home/point001/autoware.ai/install/lanelet2_projection/lib/pkgconfig:/home/point001/autoware.ai/install/libwaypoint_follower/lib/x86_64-linux-gnu/pkgconfig:/home/point001/autoware.ai/install/libwaypoint_follower/lib/pkgconfig:/home/point001/autoware.ai/install/lanelet2_traffic_rules/lib/x86_64-linux-gnu/pkgconfig:/home/point001/autoware.ai/install/lanelet2_traffic_rules/lib/pkgconfig:/home/point001/autoware.ai/install/lanelet2_maps/lib/x86_64-linux-gnu/pkgconfig:/home/point001/autoware.ai/install/lanelet2_maps/lib/pkgconfig:/home/point001/autoware.ai/install/lanelet2_io/lib/x86_64-linux-gnu/pkgconfig:/home/point001/autoware.ai/install/lanelet2_io/lib/pkgconfig:/home/point001/autoware.ai/install/vector_map/lib/x86_64-linux-gnu/pkgconfig:/home/point001/autoware.ai/install/vector_map/lib/pkgconfig:/home/point001/autoware.ai/install/lanelet2_core/lib/x86_64-linux-gnu/pkgconfig:/home/point001/autoware.ai/install/lanelet2_core/lib/pkgconfig:/home/point001/autoware.ai/install/amathutils_lib/lib/x86_64-linux-gnu/pkgconfig:/home/point001/autoware.ai/install/amathutils_lib/lib/pkgconfig:/home/point001/autoware.ai/install/vector_map_msgs/lib/x86_64-linux-gnu/pkgconfig:/home/point001/autoware.ai/install/vector_map_msgs/lib/pkgconfig:/home/point001/autoware.ai/install/tablet_socket_msgs/lib/x86_64-linux-gnu/pkgconfig:/home/point001/autoware.ai/install/tablet_socket_msgs/lib/pkgconfig:/home/point001/autoware.ai/install/gnss/lib/x86_64-linux-gnu/pkgconfig:/home/point001/autoware.ai/install/gnss/lib/pkgconfig:/home/point001/autoware.ai/install/autoware_msgs/lib/x86_64-linux-gnu/pkgconfig:/home/point001/autoware.ai/install/autoware_msgs/lib/pkgconfig:/home/point001/autoware.ai/install/autoware_lanelet2_msgs/lib/x86_64-linux-gnu/pkgconfig:/home/point001/autoware.ai/install/autoware_lanelet2_msgs/lib/pkgconfig:/home/point001/autoware.ai/install/autoware_config_msgs/lib/x86_64-linux-gnu/pkgconfig:/home/point001/autoware.ai/install/autoware_config_msgs/lib/pkgconfig:/home/point001/autoware.ai/install/autoware_build_flags/lib/x86_64-linux-gnu/pkgconfig:/home/point001/autoware.ai/install/autoware_build_flags/lib/pkgconfig:${PKG_CONFIG_PATH} PYTHONPATH=/home/point001/autoware.ai/install/vector_map_msgs/lib/python2.7/dist-packages:/home/point001/autoware.ai/install/tablet_socket_msgs/lib/python2.7/dist-packages:/home/point001/autoware.ai/install/autoware_msgs/lib/python2.7/dist-packages:/home/point001/autoware.ai/install/autoware_lanelet2_msgs/lib/python2.7/dist-packages:/home/point001/autoware.ai/install/autoware_config_msgs/lib/python2.7/dist-packages:${PYTHONPATH} ROS_PACKAGE_PATH=/home/point001/autoware.ai/install/lanelet2_extension/share:/home/point001/autoware.ai/install/lanelet2_validation/share:/home/point001/autoware.ai/install/lanelet2_routing/share:/home/point001/autoware.ai/install/lanelet2_projection/share:/home/point001/autoware.ai/install/libwaypoint_follower/share:/home/point001/autoware.ai/install/lanelet2_traffic_rules/share:/home/point001/autoware.ai/install/lanelet2_maps/share:/home/point001/autoware.ai/install/lanelet2_io/share:/home/point001/autoware.ai/install/vector_map/share:/home/point001/autoware.ai/install/lanelet2_core/share:/home/point001/autoware.ai/install/amathutils_lib/share:/home/point001/autoware.ai/install/vector_map_msgs/share:/home/point001/autoware.ai/install/tablet_socket_msgs/share:/home/point001/autoware.ai/install/gnss/share:/home/point001/autoware.ai/install/autoware_msgs/share:/home/point001/autoware.ai/install/autoware_lanelet2_msgs/share:/home/point001/autoware.ai/install/autoware_config_msgs/share:/home/point001/autoware.ai/install/autoware_build_flags/share:${ROS_PACKAGE_PATH} /usr/bin/cmake --build /home/point001/autoware.ai/build/lane_planner -- -j24 -l24
[1.103s] Invoking command in '/home/point001/autoware.ai/build/lane_planner': CMAKE_PREFIX_PATH=/home/point001/autoware.ai/install/lanelet2_extension:/home/point001/autoware.ai/install/lanelet2_validation:/home/point001/autoware.ai/install/lanelet2_routing:/home/point001/autoware.ai/install/lanelet2_projection:/home/point001/autoware.ai/install/libwaypoint_follower:/home/point001/autoware.ai/install/lanelet2_traffic_rules:/home/point001/autoware.ai/install/lanelet2_maps:/home/point001/autoware.ai/install/lanelet2_io:/home/point001/autoware.ai/install/vector_map:/home/point001/autoware.ai/install/lanelet2_core:/home/point001/autoware.ai/install/amathutils_lib:/home/point001/autoware.ai/install/vector_map_msgs:/home/point001/autoware.ai/install/tablet_socket_msgs:/home/point001/autoware.ai/install/gnss:/home/point001/autoware.ai/install/autoware_msgs:/home/point001/autoware.ai/install/autoware_lanelet2_msgs:/home/point001/autoware.ai/install/autoware_config_msgs:/home/point001/autoware.ai/install/autoware_build_flags:${CMAKE_PREFIX_PATH} LD_LIBRARY_PATH=/home/point001/autoware.ai/install/lanelet2_extension/lib:/home/point001/autoware.ai/install/lanelet2_validation/lib:/home/point001/autoware.ai/install/lanelet2_routing/lib:/home/point001/autoware.ai/install/lanelet2_projection/lib:/home/point001/autoware.ai/install/libwaypoint_follower/lib:/home/point001/autoware.ai/install/lanelet2_traffic_rules/lib:/home/point001/autoware.ai/install/lanelet2_io/lib:/home/point001/autoware.ai/install/vector_map/lib:/home/point001/autoware.ai/install/lanelet2_core/lib:/home/point001/autoware.ai/install/amathutils_lib/lib:/home/point001/autoware.ai/install/gnss/lib:/opt/ros/melodic/lib:/usr/local/cuda-10.0/lib64 PKG_CONFIG_PATH=/home/point001/autoware.ai/install/lanelet2_extension/lib/x86_64-linux-gnu/pkgconfig:/home/point001/autoware.ai/install/lanelet2_extension/lib/pkgconfig:/home/point001/autoware.ai/install/lanelet2_validation/lib/x86_64-linux-gnu/pkgconfig:/home/point001/autoware.ai/install/lanelet2_validation/lib/pkgconfig:/home/point001/autoware.ai/install/lanelet2_routing/lib/x86_64-linux-gnu/pkgconfig:/home/point001/autoware.ai/install/lanelet2_routing/lib/pkgconfig:/home/point001/autoware.ai/install/lanelet2_projection/lib/x86_64-linux-gnu/pkgconfig:/home/point001/autoware.ai/install/lanelet2_projection/lib/pkgconfig:/home/point001/autoware.ai/install/libwaypoint_follower/lib/x86_64-linux-gnu/pkgconfig:/home/point001/autoware.ai/install/libwaypoint_follower/lib/pkgconfig:/home/point001/autoware.ai/install/lanelet2_traffic_rules/lib/x86_64-linux-gnu/pkgconfig:/home/point001/autoware.ai/install/lanelet2_traffic_rules/lib/pkgconfig:/home/point001/autoware.ai/install/lanelet2_maps/lib/x86_64-linux-gnu/pkgconfig:/home/point001/autoware.ai/install/lanelet2_maps/lib/pkgconfig:/home/point001/autoware.ai/install/lanelet2_io/lib/x86_64-linux-gnu/pkgconfig:/home/point001/autoware.ai/install/lanelet2_io/lib/pkgconfig:/home/point001/autoware.ai/install/vector_map/lib/x86_64-linux-gnu/pkgconfig:/home/point001/autoware.ai/install/vector_map/lib/pkgconfig:/home/point001/autoware.ai/install/lanelet2_core/lib/x86_64-linux-gnu/pkgconfig:/home/point001/autoware.ai/install/lanelet2_core/lib/pkgconfig:/home/point001/autoware.ai/install/amathutils_lib/lib/x86_64-linux-gnu/pkgconfig:/home/point001/autoware.ai/install/amathutils_lib/lib/pkgconfig:/home/point001/autoware.ai/install/vector_map_msgs/lib/x86_64-linux-gnu/pkgconfig:/home/point001/autoware.ai/install/vector_map_msgs/lib/pkgconfig:/home/point001/autoware.ai/install/tablet_socket_msgs/lib/x86_64-linux-gnu/pkgconfig:/home/point001/autoware.ai/install/tablet_socket_msgs/lib/pkgconfig:/home/point001/autoware.ai/install/gnss/lib/x86_64-linux-gnu/pkgconfig:/home/point001/autoware.ai/install/gnss/lib/pkgconfig:/home/point001/autoware.ai/install/autoware_msgs/lib/x86_64-linux-gnu/pkgconfig:/home/point001/autoware.ai/install/autoware_msgs/lib/pkgconfig:/home/point001/autoware.ai/install/autoware_lanelet2_msgs/lib/x86_64-linux-gnu/pkgconfig:/home/point001/autoware.ai/install/autoware_lanelet2_msgs/lib/pkgconfig:/home/point001/autoware.ai/install/autoware_config_msgs/lib/x86_64-linux-gnu/pkgconfig:/home/point001/autoware.ai/install/autoware_config_msgs/lib/pkgconfig:/home/point001/autoware.ai/install/autoware_build_flags/lib/x86_64-linux-gnu/pkgconfig:/home/point001/autoware.ai/install/autoware_build_flags/lib/pkgconfig:${PKG_CONFIG_PATH} PYTHONPATH=/home/point001/autoware.ai/install/vector_map_msgs/lib/python2.7/dist-packages:/home/point001/autoware.ai/install/tablet_socket_msgs/lib/python2.7/dist-packages:/home/point001/autoware.ai/install/autoware_msgs/lib/python2.7/dist-packages:/home/point001/autoware.ai/install/autoware_lanelet2_msgs/lib/python2.7/dist-packages:/home/point001/autoware.ai/install/autoware_config_msgs/lib/python2.7/dist-packages:${PYTHONPATH} ROS_PACKAGE_PATH=/home/point001/autoware.ai/install/lanelet2_extension/share:/home/point001/autoware.ai/install/lanelet2_validation/share:/home/point001/autoware.ai/install/lanelet2_routing/share:/home/point001/autoware.ai/install/lanelet2_projection/share:/home/point001/autoware.ai/install/libwaypoint_follower/share:/home/point001/autoware.ai/install/lanelet2_traffic_rules/share:/home/point001/autoware.ai/install/lanelet2_maps/share:/home/point001/autoware.ai/install/lanelet2_io/share:/home/point001/autoware.ai/install/vector_map/share:/home/point001/autoware.ai/install/lanelet2_core/share:/home/point001/autoware.ai/install/amathutils_lib/share:/home/point001/autoware.ai/install/vector_map_msgs/share:/home/point001/autoware.ai/install/tablet_socket_msgs/share:/home/point001/autoware.ai/install/gnss/share:/home/point001/autoware.ai/install/autoware_msgs/share:/home/point001/autoware.ai/install/autoware_lanelet2_msgs/share:/home/point001/autoware.ai/install/autoware_config_msgs/share:/home/point001/autoware.ai/install/autoware_build_flags/share:${ROS_PACKAGE_PATH} /usr/bin/cmake --build /home/point001/autoware.ai/build/lane_planner --target tests -- -j24 -l24
[1.175s] [  0%] Built target vector_map_msgs_generate_messages_py
[1.177s] [  0%] Built target roscpp_generate_messages_cpp
[1.177s] [  0%] Built target vector_map_msgs_generate_messages_lisp
[1.177s] [  0%] Built target vector_map_msgs_generate_messages_nodejs
[1.177s] [  0%] Built target vector_map_msgs_generate_messages_eus
[1.179s] [  0%] Built target visualization_msgs_generate_messages_py
[1.179s] [ 33%] Built target gtest
[1.179s] [ 33%] Built target geometry_msgs_generate_messages_lisp
[1.179s] [ 33%] Built target geometry_msgs_generate_messages_eus
[1.179s] [ 33%] Built target tablet_socket_msgs_generate_messages_lisp
[1.180s] [ 33%] Built target visualization_msgs_generate_messages_nodejs
[1.181s] [ 33%] Built target actionlib_generate_messages_cpp
[1.182s] [ 33%] Built target sensor_msgs_generate_messages_nodejs
[1.182s] [ 33%] Built target geometry_msgs_generate_messages_py
[1.183s] [ 33%] Built target jsk_recognition_msgs_generate_messages_eus
[1.183s] [ 33%] Built target tf2_msgs_generate_messages_cpp
[1.184s] [ 33%] Built target pcl_msgs_generate_messages_cpp
[1.184s] [ 33%] Built target rosgraph_msgs_generate_messages_eus
[1.184s] [ 33%] Built target jsk_recognition_msgs_generate_messages_cpp
[1.187s] [ 33%] Built target jsk_recognition_msgs_generate_messages_lisp
[1.188s] [ 33%] Built target autoware_msgs_generate_messages_lisp
[1.188s] [ 33%] Built target sensor_msgs_generate_messages_lisp
[1.188s] [ 33%] Built target vector_map_msgs_generate_messages_cpp
[1.189s] [ 33%] Built target visualization_msgs_generate_messages_eus
[1.205s] [ 33%] Built target tablet_socket_msgs_generate_messages_nodejs
[1.205s] [ 33%] Built target autoware_msgs_generate_messages_eus
[1.205s] [ 33%] Built target tf_generate_messages_py
[1.206s] [ 33%] Built target actionlib_msgs_generate_messages_eus
[1.206s] [ 33%] Built target std_msgs_generate_messages_cpp
[1.207s] [ 33%] Built target autoware_config_msgs_generate_messages_py
[1.207s] [ 33%] Built target std_msgs_generate_messages_py
[1.207s] [ 33%] Built target jsk_recognition_msgs_generate_messages_py
[1.208s] [ 33%] Built target jsk_footstep_msgs_generate_messages_py
[1.208s] [ 33%] Built target autoware_msgs_generate_messages_py
[1.209s] [ 33%] Built target autoware_msgs_generate_messages_nodejs
[1.211s] [ 33%] Built target roscpp_generate_messages_eus
[1.211s] [ 33%] Built target actionlib_msgs_generate_messages_nodejs
[1.211s] [ 33%] Built target tablet_socket_msgs_generate_messages_py
[1.212s] [ 33%] Built target sensor_msgs_generate_messages_py
[1.219s] [ 33%] Built target geometry_msgs_generate_messages_nodejs
[1.219s] [ 33%] Built target rosgraph_msgs_generate_messages_py
[1.219s] [ 33%] Built target tablet_socket_msgs_generate_messages_cpp
[1.219s] [ 33%] Built target autoware_config_msgs_generate_messages_lisp
[1.219s] [ 33%] Built target std_msgs_generate_messages_eus
[1.219s] [ 33%] Built target sensor_msgs_generate_messages_eus
[1.220s] [ 33%] Built target visualization_msgs_generate_messages_lisp
[1.220s] [ 33%] Built target autoware_config_msgs_generate_messages_eus
[1.223s] [ 33%] Built target sensor_msgs_generate_messages_cpp
[1.236s] [ 33%] Built target roscpp_generate_messages_nodejs
[1.236s] [ 33%] Built target std_msgs_generate_messages_nodejs
[1.236s] [ 33%] Built target jsk_footstep_msgs_generate_messages_eus
[1.236s] [ 33%] Built target std_msgs_generate_messages_lisp
[1.236s] [ 33%] Built target pcl_msgs_generate_messages_eus
[1.236s] [ 33%] Built target jsk_footstep_msgs_generate_messages_nodejs
[1.237s] [ 33%] Built target rosgraph_msgs_generate_messages_cpp
[1.239s] [ 33%] Built target actionlib_msgs_generate_messages_py
[1.239s] [ 33%] Built target pcl_msgs_generate_messages_nodejs
[1.239s] [ 33%] Built target jsk_footstep_msgs_generate_messages_cpp
[1.241s] [ 33%] Built target autoware_msgs_generate_messages_cpp
[1.242s] [ 33%] Built target tf_generate_messages_lisp
[1.242s] [ 33%] Built target jsk_footstep_msgs_generate_messages_lisp
[1.243s] [ 33%] Built target actionlib_msgs_generate_messages_cpp
[1.246s] [ 33%] Built target autoware_config_msgs_generate_messages_nodejs
[1.246s] [ 33%] Built target actionlib_msgs_generate_messages_lisp
[1.246s] [ 33%] Built target jsk_recognition_msgs_generate_messages_nodejs
[1.246s] [ 33%] Built target autoware_lanelet2_msgs_generate_messages_cpp
[1.248s] [ 33%] Built target autoware_lanelet2_msgs_generate_messages_nodejs
[1.248s] [ 33%] Built target roscpp_generate_messages_lisp
[1.249s] [ 33%] Built target tf_generate_messages_eus
[1.251s] [ 33%] Built target autoware_lanelet2_msgs_generate_messages_py
[1.255s] [ 33%] Built target roscpp_generate_messages_py
[1.255s] [ 33%] Built target tf_generate_messages_nodejs
[1.262s] [ 33%] Built target pcl_msgs_generate_messages_py
[1.262s] [ 33%] Built target rosgraph_msgs_generate_messages_lisp
[1.262s] [ 33%] Built target rosgraph_msgs_generate_messages_nodejs
[1.263s] [ 33%] Built target geometry_msgs_generate_messages_cpp
[1.264s] [ 33%] Built target actionlib_generate_messages_eus
[1.264s] [ 33%] Built target autoware_config_msgs_generate_messages_cpp
[1.264s] [ 33%] Built target tf_generate_messages_cpp
[1.270s] [ 33%] Built target actionlib_generate_messages_lisp
[1.270s] [ 33%] Built target visualization_msgs_generate_messages_cpp
[1.270s] [ 33%] Built target tablet_socket_msgs_generate_messages_eus
[1.270s] [ 33%] Built target pcl_msgs_generate_messages_lisp
[1.270s] [ 33%] Built target actionlib_generate_messages_nodejs
[1.271s] [ 33%] Built target tf2_msgs_generate_messages_lisp
[1.271s] [ 33%] Built target tf2_msgs_generate_messages_py
[1.271s] [ 33%] Built target autoware_lanelet2_msgs_generate_messages_eus
[1.272s] [ 33%] Built target tf2_msgs_generate_messages_eus
[1.272s] [ 33%] Built target actionlib_generate_messages_py
[1.274s] [ 33%] Built target autoware_lanelet2_msgs_generate_messages_lisp
[1.274s] [ 33%] Built target tf2_msgs_generate_messages_nodejs
[1.322s] [100%] Built target test-lane_select
[1.360s] [100%] Built target tests
[1.394s] Invoked command in '/home/point001/autoware.ai/build/lane_planner' returned '0': CMAKE_PREFIX_PATH=/home/point001/autoware.ai/install/lanelet2_extension:/home/point001/autoware.ai/install/lanelet2_validation:/home/point001/autoware.ai/install/lanelet2_routing:/home/point001/autoware.ai/install/lanelet2_projection:/home/point001/autoware.ai/install/libwaypoint_follower:/home/point001/autoware.ai/install/lanelet2_traffic_rules:/home/point001/autoware.ai/install/lanelet2_maps:/home/point001/autoware.ai/install/lanelet2_io:/home/point001/autoware.ai/install/vector_map:/home/point001/autoware.ai/install/lanelet2_core:/home/point001/autoware.ai/install/amathutils_lib:/home/point001/autoware.ai/install/vector_map_msgs:/home/point001/autoware.ai/install/tablet_socket_msgs:/home/point001/autoware.ai/install/gnss:/home/point001/autoware.ai/install/autoware_msgs:/home/point001/autoware.ai/install/autoware_lanelet2_msgs:/home/point001/autoware.ai/install/autoware_config_msgs:/home/point001/autoware.ai/install/autoware_build_flags:${CMAKE_PREFIX_PATH} LD_LIBRARY_PATH=/home/point001/autoware.ai/install/lanelet2_extension/lib:/home/point001/autoware.ai/install/lanelet2_validation/lib:/home/point001/autoware.ai/install/lanelet2_routing/lib:/home/point001/autoware.ai/install/lanelet2_projection/lib:/home/point001/autoware.ai/install/libwaypoint_follower/lib:/home/point001/autoware.ai/install/lanelet2_traffic_rules/lib:/home/point001/autoware.ai/install/lanelet2_io/lib:/home/point001/autoware.ai/install/vector_map/lib:/home/point001/autoware.ai/install/lanelet2_core/lib:/home/point001/autoware.ai/install/amathutils_lib/lib:/home/point001/autoware.ai/install/gnss/lib:/opt/ros/melodic/lib:/usr/local/cuda-10.0/lib64 PKG_CONFIG_PATH=/home/point001/autoware.ai/install/lanelet2_extension/lib/x86_64-linux-gnu/pkgconfig:/home/point001/autoware.ai/install/lanelet2_extension/lib/pkgconfig:/home/point001/autoware.ai/install/lanelet2_validation/lib/x86_64-linux-gnu/pkgconfig:/home/point001/autoware.ai/install/lanelet2_validation/lib/pkgconfig:/home/point001/autoware.ai/install/lanelet2_routing/lib/x86_64-linux-gnu/pkgconfig:/home/point001/autoware.ai/install/lanelet2_routing/lib/pkgconfig:/home/point001/autoware.ai/install/lanelet2_projection/lib/x86_64-linux-gnu/pkgconfig:/home/point001/autoware.ai/install/lanelet2_projection/lib/pkgconfig:/home/point001/autoware.ai/install/libwaypoint_follower/lib/x86_64-linux-gnu/pkgconfig:/home/point001/autoware.ai/install/libwaypoint_follower/lib/pkgconfig:/home/point001/autoware.ai/install/lanelet2_traffic_rules/lib/x86_64-linux-gnu/pkgconfig:/home/point001/autoware.ai/install/lanelet2_traffic_rules/lib/pkgconfig:/home/point001/autoware.ai/install/lanelet2_maps/lib/x86_64-linux-gnu/pkgconfig:/home/point001/autoware.ai/install/lanelet2_maps/lib/pkgconfig:/home/point001/autoware.ai/install/lanelet2_io/lib/x86_64-linux-gnu/pkgconfig:/home/point001/autoware.ai/install/lanelet2_io/lib/pkgconfig:/home/point001/autoware.ai/install/vector_map/lib/x86_64-linux-gnu/pkgconfig:/home/point001/autoware.ai/install/vector_map/lib/pkgconfig:/home/point001/autoware.ai/install/lanelet2_core/lib/x86_64-linux-gnu/pkgconfig:/home/point001/autoware.ai/install/lanelet2_core/lib/pkgconfig:/home/point001/autoware.ai/install/amathutils_lib/lib/x86_64-linux-gnu/pkgconfig:/home/point001/autoware.ai/install/amathutils_lib/lib/pkgconfig:/home/point001/autoware.ai/install/vector_map_msgs/lib/x86_64-linux-gnu/pkgconfig:/home/point001/autoware.ai/install/vector_map_msgs/lib/pkgconfig:/home/point001/autoware.ai/install/tablet_socket_msgs/lib/x86_64-linux-gnu/pkgconfig:/home/point001/autoware.ai/install/tablet_socket_msgs/lib/pkgconfig:/home/point001/autoware.ai/install/gnss/lib/x86_64-linux-gnu/pkgconfig:/home/point001/autoware.ai/install/gnss/lib/pkgconfig:/home/point001/autoware.ai/install/autoware_msgs/lib/x86_64-linux-gnu/pkgconfig:/home/point001/autoware.ai/install/autoware_msgs/lib/pkgconfig:/home/point001/autoware.ai/install/autoware_lanelet2_msgs/lib/x86_64-linux-gnu/pkgconfig:/home/point001/autoware.ai/install/autoware_lanelet2_msgs/lib/pkgconfig:/home/point001/autoware.ai/install/autoware_config_msgs/lib/x86_64-linux-gnu/pkgconfig:/home/point001/autoware.ai/install/autoware_config_msgs/lib/pkgconfig:/home/point001/autoware.ai/install/autoware_build_flags/lib/x86_64-linux-gnu/pkgconfig:/home/point001/autoware.ai/install/autoware_build_flags/lib/pkgconfig:${PKG_CONFIG_PATH} PYTHONPATH=/home/point001/autoware.ai/install/vector_map_msgs/lib/python2.7/dist-packages:/home/point001/autoware.ai/install/tablet_socket_msgs/lib/python2.7/dist-packages:/home/point001/autoware.ai/install/autoware_msgs/lib/python2.7/dist-packages:/home/point001/autoware.ai/install/autoware_lanelet2_msgs/lib/python2.7/dist-packages:/home/point001/autoware.ai/install/autoware_config_msgs/lib/python2.7/dist-packages:${PYTHONPATH} ROS_PACKAGE_PATH=/home/point001/autoware.ai/install/lanelet2_extension/share:/home/point001/autoware.ai/install/lanelet2_validation/share:/home/point001/autoware.ai/install/lanelet2_routing/share:/home/point001/autoware.ai/install/lanelet2_projection/share:/home/point001/autoware.ai/install/libwaypoint_follower/share:/home/point001/autoware.ai/install/lanelet2_traffic_rules/share:/home/point001/autoware.ai/install/lanelet2_maps/share:/home/point001/autoware.ai/install/lanelet2_io/share:/home/point001/autoware.ai/install/vector_map/share:/home/point001/autoware.ai/install/lanelet2_core/share:/home/point001/autoware.ai/install/amathutils_lib/share:/home/point001/autoware.ai/install/vector_map_msgs/share:/home/point001/autoware.ai/install/tablet_socket_msgs/share:/home/point001/autoware.ai/install/gnss/share:/home/point001/autoware.ai/install/autoware_msgs/share:/home/point001/autoware.ai/install/autoware_lanelet2_msgs/share:/home/point001/autoware.ai/install/autoware_config_msgs/share:/home/point001/autoware.ai/install/autoware_build_flags/share:${ROS_PACKAGE_PATH} /usr/bin/cmake --build /home/point001/autoware.ai/build/lane_planner --target tests -- -j24 -l24
[1.889s] Invoking command in '/home/point001/autoware.ai/build/lane_planner': CMAKE_PREFIX_PATH=/home/point001/autoware.ai/install/lanelet2_extension:/home/point001/autoware.ai/install/lanelet2_validation:/home/point001/autoware.ai/install/lanelet2_routing:/home/point001/autoware.ai/install/lanelet2_projection:/home/point001/autoware.ai/install/libwaypoint_follower:/home/point001/autoware.ai/install/lanelet2_traffic_rules:/home/point001/autoware.ai/install/lanelet2_maps:/home/point001/autoware.ai/install/lanelet2_io:/home/point001/autoware.ai/install/vector_map:/home/point001/autoware.ai/install/lanelet2_core:/home/point001/autoware.ai/install/amathutils_lib:/home/point001/autoware.ai/install/vector_map_msgs:/home/point001/autoware.ai/install/tablet_socket_msgs:/home/point001/autoware.ai/install/gnss:/home/point001/autoware.ai/install/autoware_msgs:/home/point001/autoware.ai/install/autoware_lanelet2_msgs:/home/point001/autoware.ai/install/autoware_config_msgs:/home/point001/autoware.ai/install/autoware_build_flags:${CMAKE_PREFIX_PATH} LD_LIBRARY_PATH=/home/point001/autoware.ai/install/lanelet2_extension/lib:/home/point001/autoware.ai/install/lanelet2_validation/lib:/home/point001/autoware.ai/install/lanelet2_routing/lib:/home/point001/autoware.ai/install/lanelet2_projection/lib:/home/point001/autoware.ai/install/libwaypoint_follower/lib:/home/point001/autoware.ai/install/lanelet2_traffic_rules/lib:/home/point001/autoware.ai/install/lanelet2_io/lib:/home/point001/autoware.ai/install/vector_map/lib:/home/point001/autoware.ai/install/lanelet2_core/lib:/home/point001/autoware.ai/install/amathutils_lib/lib:/home/point001/autoware.ai/install/gnss/lib:/opt/ros/melodic/lib:/usr/local/cuda-10.0/lib64 PKG_CONFIG_PATH=/home/point001/autoware.ai/install/lanelet2_extension/lib/x86_64-linux-gnu/pkgconfig:/home/point001/autoware.ai/install/lanelet2_extension/lib/pkgconfig:/home/point001/autoware.ai/install/lanelet2_validation/lib/x86_64-linux-gnu/pkgconfig:/home/point001/autoware.ai/install/lanelet2_validation/lib/pkgconfig:/home/point001/autoware.ai/install/lanelet2_routing/lib/x86_64-linux-gnu/pkgconfig:/home/point001/autoware.ai/install/lanelet2_routing/lib/pkgconfig:/home/point001/autoware.ai/install/lanelet2_projection/lib/x86_64-linux-gnu/pkgconfig:/home/point001/autoware.ai/install/lanelet2_projection/lib/pkgconfig:/home/point001/autoware.ai/install/libwaypoint_follower/lib/x86_64-linux-gnu/pkgconfig:/home/point001/autoware.ai/install/libwaypoint_follower/lib/pkgconfig:/home/point001/autoware.ai/install/lanelet2_traffic_rules/lib/x86_64-linux-gnu/pkgconfig:/home/point001/autoware.ai/install/lanelet2_traffic_rules/lib/pkgconfig:/home/point001/autoware.ai/install/lanelet2_maps/lib/x86_64-linux-gnu/pkgconfig:/home/point001/autoware.ai/install/lanelet2_maps/lib/pkgconfig:/home/point001/autoware.ai/install/lanelet2_io/lib/x86_64-linux-gnu/pkgconfig:/home/point001/autoware.ai/install/lanelet2_io/lib/pkgconfig:/home/point001/autoware.ai/install/vector_map/lib/x86_64-linux-gnu/pkgconfig:/home/point001/autoware.ai/install/vector_map/lib/pkgconfig:/home/point001/autoware.ai/install/lanelet2_core/lib/x86_64-linux-gnu/pkgconfig:/home/point001/autoware.ai/install/lanelet2_core/lib/pkgconfig:/home/point001/autoware.ai/install/amathutils_lib/lib/x86_64-linux-gnu/pkgconfig:/home/point001/autoware.ai/install/amathutils_lib/lib/pkgconfig:/home/point001/autoware.ai/install/vector_map_msgs/lib/x86_64-linux-gnu/pkgconfig:/home/point001/autoware.ai/install/vector_map_msgs/lib/pkgconfig:/home/point001/autoware.ai/install/tablet_socket_msgs/lib/x86_64-linux-gnu/pkgconfig:/home/point001/autoware.ai/install/tablet_socket_msgs/lib/pkgconfig:/home/point001/autoware.ai/install/gnss/lib/x86_64-linux-gnu/pkgconfig:/home/point001/autoware.ai/install/gnss/lib/pkgconfig:/home/point001/autoware.ai/install/autoware_msgs/lib/x86_64-linux-gnu/pkgconfig:/home/point001/autoware.ai/install/autoware_msgs/lib/pkgconfig:/home/point001/autoware.ai/install/autoware_lanelet2_msgs/lib/x86_64-linux-gnu/pkgconfig:/home/point001/autoware.ai/install/autoware_lanelet2_msgs/lib/pkgconfig:/home/point001/autoware.ai/install/autoware_config_msgs/lib/x86_64-linux-gnu/pkgconfig:/home/point001/autoware.ai/install/autoware_config_msgs/lib/pkgconfig:/home/point001/autoware.ai/install/autoware_build_flags/lib/x86_64-linux-gnu/pkgconfig:/home/point001/autoware.ai/install/autoware_build_flags/lib/pkgconfig:${PKG_CONFIG_PATH} PYTHONPATH=/home/point001/autoware.ai/install/vector_map_msgs/lib/python2.7/dist-packages:/home/point001/autoware.ai/install/tablet_socket_msgs/lib/python2.7/dist-packages:/home/point001/autoware.ai/install/autoware_msgs/lib/python2.7/dist-packages:/home/point001/autoware.ai/install/autoware_lanelet2_msgs/lib/python2.7/dist-packages:/home/point001/autoware.ai/install/autoware_config_msgs/lib/python2.7/dist-packages:${PYTHONPATH} ROS_PACKAGE_PATH=/home/point001/autoware.ai/install/lanelet2_extension/share:/home/point001/autoware.ai/install/lanelet2_validation/share:/home/point001/autoware.ai/install/lanelet2_routing/share:/home/point001/autoware.ai/install/lanelet2_projection/share:/home/point001/autoware.ai/install/libwaypoint_follower/share:/home/point001/autoware.ai/install/lanelet2_traffic_rules/share:/home/point001/autoware.ai/install/lanelet2_maps/share:/home/point001/autoware.ai/install/lanelet2_io/share:/home/point001/autoware.ai/install/vector_map/share:/home/point001/autoware.ai/install/lanelet2_core/share:/home/point001/autoware.ai/install/amathutils_lib/share:/home/point001/autoware.ai/install/vector_map_msgs/share:/home/point001/autoware.ai/install/tablet_socket_msgs/share:/home/point001/autoware.ai/install/gnss/share:/home/point001/autoware.ai/install/autoware_msgs/share:/home/point001/autoware.ai/install/autoware_lanelet2_msgs/share:/home/point001/autoware.ai/install/autoware_config_msgs/share:/home/point001/autoware.ai/install/autoware_build_flags/share:${ROS_PACKAGE_PATH} /usr/bin/cmake --build /home/point001/autoware.ai/build/lane_planner --target install -- -j24 -l24
[1.985s] [  0%] Built target vector_map_msgs_generate_messages_lisp
[1.988s] [  0%] Built target vector_map_msgs_generate_messages_cpp
[1.989s] [  0%] Built target autoware_lanelet2_msgs_generate_messages_lisp
[1.989s] [  0%] Built target sensor_msgs_generate_messages_nodejs
[1.991s] [  0%] Built target vector_map_msgs_generate_messages_py
[1.992s] [  0%] Built target tablet_socket_msgs_generate_messages_lisp
[1.992s] [  0%] Built target visualization_msgs_generate_messages_py
[1.994s] [  0%] Built target vector_map_msgs_generate_messages_nodejs
[1.999s] [  0%] Built target visualization_msgs_generate_messages_nodejs
[2.002s] [  0%] Built target vector_map_msgs_generate_messages_eus
[2.007s] [  0%] Built target visualization_msgs_generate_messages_eus
[2.016s] [  0%] Built target jsk_recognition_msgs_generate_messages_py
[2.018s] [  0%] Built target roscpp_generate_messages_cpp
[2.020s] [  0%] Built target autoware_msgs_generate_messages_eus
[2.026s] [  0%] Built target tablet_socket_msgs_generate_messages_nodejs
[2.029s] [  0%] Built target jsk_recognition_msgs_generate_messages_cpp
[2.031s] [  0%] Built target std_msgs_generate_messages_py
[2.034s] [  0%] Built target sensor_msgs_generate_messages_py
[2.035s] [  0%] Built target sensor_msgs_generate_messages_lisp
[2.037s] [  0%] Built target tablet_socket_msgs_generate_messages_py
[2.044s] [  0%] Built target tf_generate_messages_py
[2.044s] [  0%] Built target std_msgs_generate_messages_cpp
[2.046s] [  0%] Built target jsk_footstep_msgs_generate_messages_py
[2.056s] [  0%] Built target roscpp_generate_messages_eus
[2.057s] [  0%] Built target actionlib_msgs_generate_messages_eus
[2.058s] [  0%] Built target autoware_config_msgs_generate_messages_py
[2.058s] [  0%] Built target actionlib_msgs_generate_messages_nodejs
[2.064s] [  0%] Built target rosgraph_msgs_generate_messages_py
[2.069s] [  0%] Built target std_msgs_generate_messages_eus
[2.069s] [  0%] Built target geometry_msgs_generate_messages_nodejs
[2.077s] [  0%] Built target autoware_config_msgs_generate_messages_lisp
[2.080s] [  0%] Built target autoware_config_msgs_generate_messages_eus
[2.081s] [  0%] Built target visualization_msgs_generate_messages_lisp
[2.089s] [  0%] Built target sensor_msgs_generate_messages_cpp
[2.090s] [  0%] Built target autoware_msgs_generate_messages_nodejs
[2.090s] [  0%] Built target roscpp_generate_messages_nodejs
[2.092s] [  0%] Built target tablet_socket_msgs_generate_messages_cpp
[2.095s] [  0%] Built target sensor_msgs_generate_messages_eus
[2.106s] [  0%] Built target rosgraph_msgs_generate_messages_cpp
[2.107s] [  0%] Built target autoware_msgs_generate_messages_py
[2.112s] [  0%] Built target autoware_msgs_generate_messages_cpp
[2.115s] [  0%] Built target pcl_msgs_generate_messages_eus
[2.117s] [  0%] Built target pcl_msgs_generate_messages_nodejs
[2.129s] [  0%] Built target jsk_footstep_msgs_generate_messages_nodejs
[2.131s] [  0%] Built target std_msgs_generate_messages_nodejs
[2.132s] [  0%] Built target pcl_msgs_generate_messages_cpp
[2.134s] [  0%] Built target autoware_msgs_generate_messages_lisp
[2.134s] [  0%] Built target jsk_footstep_msgs_generate_messages_cpp
[2.137s] [  0%] Built target actionlib_msgs_generate_messages_cpp
[2.139s] [  0%] Built target actionlib_msgs_generate_messages_lisp
[2.139s] [  0%] Built target jsk_footstep_msgs_generate_messages_lisp
[2.145s] [  0%] Built target std_msgs_generate_messages_lisp
[2.148s] [  0%] Built target tf_generate_messages_eus
[2.152s] [  0%] Built target tf_generate_messages_lisp
[2.153s] [  0%] Built target geometry_msgs_generate_messages_eus
[2.158s] [  0%] Built target actionlib_msgs_generate_messages_py
[2.158s] [  0%] Built target tf_generate_messages_nodejs
[2.158s] [  0%] Built target geometry_msgs_generate_messages_lisp
[2.161s] [  0%] Built target geometry_msgs_generate_messages_py
[2.162s] [  0%] Built target jsk_recognition_msgs_generate_messages_eus
[2.163s] [  0%] Built target jsk_recognition_msgs_generate_messages_nodejs
[2.165s] [  0%] Built target jsk_footstep_msgs_generate_messages_eus
[2.166s] [  0%] Built target autoware_lanelet2_msgs_generate_messages_nodejs
[2.169s] [  0%] Built target tf2_msgs_generate_messages_cpp
[2.169s] [  0%] Built target autoware_config_msgs_generate_messages_nodejs
[2.170s] [  0%] Built target roscpp_generate_messages_lisp
[2.171s] [  0%] Built target autoware_lanelet2_msgs_generate_messages_py
[2.174s] [  0%] Built target rosgraph_msgs_generate_messages_lisp
[2.175s] [  0%] Built target autoware_lanelet2_msgs_generate_messages_cpp
[2.176s] [  0%] Built target roscpp_generate_messages_py
[2.177s] [  0%] Built target rosgraph_msgs_generate_messages_nodejs
[2.178s] [  0%] Built target jsk_recognition_msgs_generate_messages_lisp
[2.179s] [  0%] Built target pcl_msgs_generate_messages_py
[2.186s] [  0%] Built target geometry_msgs_generate_messages_cpp
[2.187s] [  0%] Built target actionlib_generate_messages_eus
[2.187s] [  0%] Built target actionlib_generate_messages_lisp
[2.188s] [  0%] Built target autoware_config_msgs_generate_messages_cpp
[2.189s] [  0%] Built target actionlib_generate_messages_nodejs
[2.190s] [  0%] Built target visualization_msgs_generate_messages_cpp
[2.192s] [  0%] Built target tablet_socket_msgs_generate_messages_eus
[2.193s] [  0%] Built target rosgraph_msgs_generate_messages_eus
[2.194s] [  0%] Built target tf2_msgs_generate_messages_lisp
[2.194s] [  0%] Built target tf2_msgs_generate_messages_eus
[2.195s] [  0%] Built target autoware_lanelet2_msgs_generate_messages_eus
[2.197s] [  0%] Built target tf2_msgs_generate_messages_nodejs
[2.201s] [  0%] Built target tf2_msgs_generate_messages_py
[2.201s] [  0%] Built target actionlib_generate_messages_py
[2.201s] [  0%] Built target tf_generate_messages_cpp
[2.201s] [  0%] Built target pcl_msgs_generate_messages_lisp
[2.201s] [  0%] Built target actionlib_generate_messages_cpp
[2.226s] [ 28%] Built target lane_select
[2.226s] [ 42%] Built target lane_planner
[2.254s] [ 57%] Built target lane_navi
[2.255s] [ 71%] Built target lane_stop
[2.255s] [ 85%] Built target lane_rule
[2.261s] [100%] Built target lane_rule_lanelet2
[2.283s] [36mInstall the project...[0m
[2.289s] -- Install configuration: "Release"
[2.290s] -- Up-to-date: /home/point001/autoware.ai/install/lane_planner/lib/pkgconfig/lane_planner.pc
[2.290s] -- Up-to-date: /home/point001/autoware.ai/install/lane_planner/share/lane_planner/cmake/lane_plannerConfig.cmake
[2.290s] -- Up-to-date: /home/point001/autoware.ai/install/lane_planner/share/lane_planner/cmake/lane_plannerConfig-version.cmake
[2.291s] -- Up-to-date: /home/point001/autoware.ai/install/lane_planner/share/lane_planner/package.xml
[2.291s] -- Up-to-date: /home/point001/autoware.ai/install/lane_planner/include/lane_planner
[2.292s] -- Up-to-date: /home/point001/autoware.ai/install/lane_planner/include/lane_planner/lane_planner_vmap.hpp
[2.292s] -- Up-to-date: /home/point001/autoware.ai/install/lane_planner/lib/lane_planner/lane_navi
[2.293s] -- Up-to-date: /home/point001/autoware.ai/install/lane_planner/lib/liblane_planner.so
[2.293s] -- Up-to-date: /home/point001/autoware.ai/install/lane_planner/lib/lane_planner/lane_rule
[2.293s] -- Up-to-date: /home/point001/autoware.ai/install/lane_planner/lib/lane_planner/lane_rule_lanelet2
[2.296s] -- Up-to-date: /home/point001/autoware.ai/install/lane_planner/lib/lane_planner/lane_select
[2.296s] -- Up-to-date: /home/point001/autoware.ai/install/lane_planner/lib/lane_planner/lane_stop
[2.296s] -- Up-to-date: /home/point001/autoware.ai/install/lane_planner/share/lane_planner/launch
[2.296s] -- Up-to-date: /home/point001/autoware.ai/install/lane_planner/share/lane_planner/launch/lane_rule_option.launch
[2.296s] -- Up-to-date: /home/point001/autoware.ai/install/lane_planner/share/lane_planner/launch/lane_navi.launch
[2.296s] -- Up-to-date: /home/point001/autoware.ai/install/lane_planner/share/lane_planner/launch/lane_select.launch
[2.331s] Invoked command in '/home/point001/autoware.ai/build/lane_planner' returned '0': CMAKE_PREFIX_PATH=/home/point001/autoware.ai/install/lanelet2_extension:/home/point001/autoware.ai/install/lanelet2_validation:/home/point001/autoware.ai/install/lanelet2_routing:/home/point001/autoware.ai/install/lanelet2_projection:/home/point001/autoware.ai/install/libwaypoint_follower:/home/point001/autoware.ai/install/lanelet2_traffic_rules:/home/point001/autoware.ai/install/lanelet2_maps:/home/point001/autoware.ai/install/lanelet2_io:/home/point001/autoware.ai/install/vector_map:/home/point001/autoware.ai/install/lanelet2_core:/home/point001/autoware.ai/install/amathutils_lib:/home/point001/autoware.ai/install/vector_map_msgs:/home/point001/autoware.ai/install/tablet_socket_msgs:/home/point001/autoware.ai/install/gnss:/home/point001/autoware.ai/install/autoware_msgs:/home/point001/autoware.ai/install/autoware_lanelet2_msgs:/home/point001/autoware.ai/install/autoware_config_msgs:/home/point001/autoware.ai/install/autoware_build_flags:${CMAKE_PREFIX_PATH} LD_LIBRARY_PATH=/home/point001/autoware.ai/install/lanelet2_extension/lib:/home/point001/autoware.ai/install/lanelet2_validation/lib:/home/point001/autoware.ai/install/lanelet2_routing/lib:/home/point001/autoware.ai/install/lanelet2_projection/lib:/home/point001/autoware.ai/install/libwaypoint_follower/lib:/home/point001/autoware.ai/install/lanelet2_traffic_rules/lib:/home/point001/autoware.ai/install/lanelet2_io/lib:/home/point001/autoware.ai/install/vector_map/lib:/home/point001/autoware.ai/install/lanelet2_core/lib:/home/point001/autoware.ai/install/amathutils_lib/lib:/home/point001/autoware.ai/install/gnss/lib:/opt/ros/melodic/lib:/usr/local/cuda-10.0/lib64 PKG_CONFIG_PATH=/home/point001/autoware.ai/install/lanelet2_extension/lib/x86_64-linux-gnu/pkgconfig:/home/point001/autoware.ai/install/lanelet2_extension/lib/pkgconfig:/home/point001/autoware.ai/install/lanelet2_validation/lib/x86_64-linux-gnu/pkgconfig:/home/point001/autoware.ai/install/lanelet2_validation/lib/pkgconfig:/home/point001/autoware.ai/install/lanelet2_routing/lib/x86_64-linux-gnu/pkgconfig:/home/point001/autoware.ai/install/lanelet2_routing/lib/pkgconfig:/home/point001/autoware.ai/install/lanelet2_projection/lib/x86_64-linux-gnu/pkgconfig:/home/point001/autoware.ai/install/lanelet2_projection/lib/pkgconfig:/home/point001/autoware.ai/install/libwaypoint_follower/lib/x86_64-linux-gnu/pkgconfig:/home/point001/autoware.ai/install/libwaypoint_follower/lib/pkgconfig:/home/point001/autoware.ai/install/lanelet2_traffic_rules/lib/x86_64-linux-gnu/pkgconfig:/home/point001/autoware.ai/install/lanelet2_traffic_rules/lib/pkgconfig:/home/point001/autoware.ai/install/lanelet2_maps/lib/x86_64-linux-gnu/pkgconfig:/home/point001/autoware.ai/install/lanelet2_maps/lib/pkgconfig:/home/point001/autoware.ai/install/lanelet2_io/lib/x86_64-linux-gnu/pkgconfig:/home/point001/autoware.ai/install/lanelet2_io/lib/pkgconfig:/home/point001/autoware.ai/install/vector_map/lib/x86_64-linux-gnu/pkgconfig:/home/point001/autoware.ai/install/vector_map/lib/pkgconfig:/home/point001/autoware.ai/install/lanelet2_core/lib/x86_64-linux-gnu/pkgconfig:/home/point001/autoware.ai/install/lanelet2_core/lib/pkgconfig:/home/point001/autoware.ai/install/amathutils_lib/lib/x86_64-linux-gnu/pkgconfig:/home/point001/autoware.ai/install/amathutils_lib/lib/pkgconfig:/home/point001/autoware.ai/install/vector_map_msgs/lib/x86_64-linux-gnu/pkgconfig:/home/point001/autoware.ai/install/vector_map_msgs/lib/pkgconfig:/home/point001/autoware.ai/install/tablet_socket_msgs/lib/x86_64-linux-gnu/pkgconfig:/home/point001/autoware.ai/install/tablet_socket_msgs/lib/pkgconfig:/home/point001/autoware.ai/install/gnss/lib/x86_64-linux-gnu/pkgconfig:/home/point001/autoware.ai/install/gnss/lib/pkgconfig:/home/point001/autoware.ai/install/autoware_msgs/lib/x86_64-linux-gnu/pkgconfig:/home/point001/autoware.ai/install/autoware_msgs/lib/pkgconfig:/home/point001/autoware.ai/install/autoware_lanelet2_msgs/lib/x86_64-linux-gnu/pkgconfig:/home/point001/autoware.ai/install/autoware_lanelet2_msgs/lib/pkgconfig:/home/point001/autoware.ai/install/autoware_config_msgs/lib/x86_64-linux-gnu/pkgconfig:/home/point001/autoware.ai/install/autoware_config_msgs/lib/pkgconfig:/home/point001/autoware.ai/install/autoware_build_flags/lib/x86_64-linux-gnu/pkgconfig:/home/point001/autoware.ai/install/autoware_build_flags/lib/pkgconfig:${PKG_CONFIG_PATH} PYTHONPATH=/home/point001/autoware.ai/install/vector_map_msgs/lib/python2.7/dist-packages:/home/point001/autoware.ai/install/tablet_socket_msgs/lib/python2.7/dist-packages:/home/point001/autoware.ai/install/autoware_msgs/lib/python2.7/dist-packages:/home/point001/autoware.ai/install/autoware_lanelet2_msgs/lib/python2.7/dist-packages:/home/point001/autoware.ai/install/autoware_config_msgs/lib/python2.7/dist-packages:${PYTHONPATH} ROS_PACKAGE_PATH=/home/point001/autoware.ai/install/lanelet2_extension/share:/home/point001/autoware.ai/install/lanelet2_validation/share:/home/point001/autoware.ai/install/lanelet2_routing/share:/home/point001/autoware.ai/install/lanelet2_projection/share:/home/point001/autoware.ai/install/libwaypoint_follower/share:/home/point001/autoware.ai/install/lanelet2_traffic_rules/share:/home/point001/autoware.ai/install/lanelet2_maps/share:/home/point001/autoware.ai/install/lanelet2_io/share:/home/point001/autoware.ai/install/vector_map/share:/home/point001/autoware.ai/install/lanelet2_core/share:/home/point001/autoware.ai/install/amathutils_lib/share:/home/point001/autoware.ai/install/vector_map_msgs/share:/home/point001/autoware.ai/install/tablet_socket_msgs/share:/home/point001/autoware.ai/install/gnss/share:/home/point001/autoware.ai/install/autoware_msgs/share:/home/point001/autoware.ai/install/autoware_lanelet2_msgs/share:/home/point001/autoware.ai/install/autoware_config_msgs/share:/home/point001/autoware.ai/install/autoware_build_flags/share:${ROS_PACKAGE_PATH} /usr/bin/cmake --build /home/point001/autoware.ai/build/lane_planner --target install -- -j24 -l24
