[0.419s] Invoking command in '/home/point001/autoware.ai/build/vehicle_description': /usr/bin/cmake --build /home/point001/autoware.ai/build/vehicle_description -- -j24 -l24
[0.535s] Built target vehicle_description_xacro_generated_to_devel_space_
[0.643s] Invoked command in '/home/point001/autoware.ai/build/vehicle_description' returned '0': /usr/bin/cmake --build /home/point001/autoware.ai/build/vehicle_description -- -j24 -l24
[1.309s] Invoking command in '/home/point001/autoware.ai/build/vehicle_description': /usr/bin/cmake --build /home/point001/autoware.ai/build/vehicle_description --target tests -- -j24 -l24
[1.539s] Built target tests
[1.648s] Invoked command in '/home/point001/autoware.ai/build/vehicle_description' returned '0': /usr/bin/cmake --build /home/point001/autoware.ai/build/vehicle_description --target tests -- -j24 -l24
[1.892s] Invoking command in '/home/point001/autoware.ai/build/vehicle_description': /usr/bin/cmake --build /home/point001/autoware.ai/build/vehicle_description --target install -- -j24 -l24
[1.978s] Built target vehicle_description_xacro_generated_to_devel_space_
[2.033s] [36mInstall the project...[0m
[2.055s] -- Install configuration: "Release"
[2.055s] -- Up-to-date: /home/point001/autoware.ai/install/vehicle_description/lib/pkgconfig/vehicle_description.pc
[2.055s] -- Up-to-date: /home/point001/autoware.ai/install/vehicle_description/share/vehicle_description/cmake/vehicle_descriptionConfig.cmake
[2.055s] -- Up-to-date: /home/point001/autoware.ai/install/vehicle_description/share/vehicle_description/cmake/vehicle_descriptionConfig-version.cmake
[2.056s] -- Up-to-date: /home/point001/autoware.ai/install/vehicle_description/share/vehicle_description/package.xml
[2.056s] -- Up-to-date: /home/point001/autoware.ai/install/vehicle_description/share/vehicle_description/launch
[2.056s] -- Up-to-date: /home/point001/autoware.ai/install/vehicle_description/share/vehicle_description/launch/estima_white.launch
[2.056s] -- Up-to-date: /home/point001/autoware.ai/install/vehicle_description/share/vehicle_description/launch/vehicle_model.launch
[2.056s] -- Up-to-date: /home/point001/autoware.ai/install/vehicle_description/share/vehicle_description/launch/estima_gray.launch
[2.056s] -- Up-to-date: /home/point001/autoware.ai/install/vehicle_description/share/vehicle_description/launch/milee.launch
[2.057s] -- Up-to-date: /home/point001/autoware.ai/install/vehicle_description/share/vehicle_description/launch/lexus.launch
[2.057s] -- Up-to-date: /home/point001/autoware.ai/install/vehicle_description/share/vehicle_description/launch/estima_black.launch
[2.057s] -- Up-to-date: /home/point001/autoware.ai/install/vehicle_description/share/vehicle_description/mesh
[2.057s] -- Up-to-date: /home/point001/autoware.ai/install/vehicle_description/share/vehicle_description/mesh/CAR_original.stl
[2.057s] -- Up-to-date: /home/point001/autoware.ai/install/vehicle_description/share/vehicle_description/mesh/estima_black.dae
[2.058s] -- Up-to-date: /home/point001/autoware.ai/install/vehicle_description/share/vehicle_description/mesh/estima_left_black.jpg
[2.058s] -- Up-to-date: /home/point001/autoware.ai/install/vehicle_description/share/vehicle_description/mesh/default.dae
[2.058s] -- Up-to-date: /home/point001/autoware.ai/install/vehicle_description/share/vehicle_description/mesh/estima_right_black.jpg
[2.058s] -- Up-to-date: /home/point001/autoware.ai/install/vehicle_description/share/vehicle_description/mesh/_51225ex2diffuse.jpeg
[2.059s] -- Up-to-date: /home/point001/autoware.ai/install/vehicle_description/share/vehicle_description/mesh/CAR_original.dae
[2.059s] -- Up-to-date: /home/point001/autoware.ai/install/vehicle_description/share/vehicle_description/mesh/estima_left_white.jpg
[2.059s] -- Up-to-date: /home/point001/autoware.ai/install/vehicle_description/share/vehicle_description/mesh/xe.dae
[2.059s] -- Up-to-date: /home/point001/autoware.ai/install/vehicle_description/share/vehicle_description/mesh/milee.dae
[2.059s] -- Up-to-date: /home/point001/autoware.ai/install/vehicle_description/share/vehicle_description/mesh/_51225ex1diffuse.jpeg
[2.059s] -- Up-to-date: /home/point001/autoware.ai/install/vehicle_description/share/vehicle_description/mesh/prius.dae
[2.059s] -- Up-to-date: /home/point001/autoware.ai/install/vehicle_description/share/vehicle_description/mesh/estima_bg_gray.jpg
[2.059s] -- Up-to-date: /home/point001/autoware.ai/install/vehicle_description/share/vehicle_description/mesh/estima_left_gray.jpg
[2.059s] -- Up-to-date: /home/point001/autoware.ai/install/vehicle_description/share/vehicle_description/mesh/estima_gray.dae
[2.059s] -- Up-to-date: /home/point001/autoware.ai/install/vehicle_description/share/vehicle_description/mesh/estima_white.dae
[2.060s] -- Up-to-date: /home/point001/autoware.ai/install/vehicle_description/share/vehicle_description/mesh/estima_right_white.jpg
[2.060s] -- Up-to-date: /home/point001/autoware.ai/install/vehicle_description/share/vehicle_description/mesh/estima_right_gray.jpg
[2.060s] -- Up-to-date: /home/point001/autoware.ai/install/vehicle_description/share/vehicle_description/mesh/lexus.jpg
[2.060s] -- Up-to-date: /home/point001/autoware.ai/install/vehicle_description/share/vehicle_description/mesh/estima_bg_white.jpg
[2.060s] -- Up-to-date: /home/point001/autoware.ai/install/vehicle_description/share/vehicle_description/mesh/lexus.dae
[2.060s] -- Up-to-date: /home/point001/autoware.ai/install/vehicle_description/share/vehicle_description/mesh/estima_bg_black.jpg
[2.060s] -- Up-to-date: /home/point001/autoware.ai/install/vehicle_description/share/vehicle_description/urdf
[2.060s] -- Up-to-date: /home/point001/autoware.ai/install/vehicle_description/share/vehicle_description/urdf/estima_white.urdf
[2.061s] -- Up-to-date: /home/point001/autoware.ai/install/vehicle_description/share/vehicle_description/urdf/estima_gray.urdf
[2.061s] -- Up-to-date: /home/point001/autoware.ai/install/vehicle_description/share/vehicle_description/urdf/default.urdf
[2.061s] -- Up-to-date: /home/point001/autoware.ai/install/vehicle_description/share/vehicle_description/urdf/estima_black.urdf
[2.061s] -- Up-to-date: /home/point001/autoware.ai/install/vehicle_description/share/vehicle_description/urdf/lexus.urdf
[2.061s] -- Up-to-date: /home/point001/autoware.ai/install/vehicle_description/share/vehicle_description/urdf/sim_default.urdf
[2.061s] -- Up-to-date: /home/point001/autoware.ai/install/vehicle_description/share/vehicle_description/urdf/prius.urdf
[2.061s] -- Up-to-date: /home/point001/autoware.ai/install/vehicle_description/share/vehicle_description/urdf/xe.urdf
[2.061s] -- Up-to-date: /home/point001/autoware.ai/install/vehicle_description/share/vehicle_description/urdf/milee.urdf
[2.308s] Invoked command in '/home/point001/autoware.ai/build/vehicle_description' returned '0': /usr/bin/cmake --build /home/point001/autoware.ai/build/vehicle_description --target install -- -j24 -l24
