[0.131s] Invoking command in '/home/point001/autoware.ai/build/waypoint_maker': CMAKE_PREFIX_PATH=/home/point001/autoware.ai/install/lane_planner:/home/point001/autoware.ai/install/lanelet2_extension:/home/point001/autoware.ai/install/lanelet2_validation:/home/point001/autoware.ai/install/lanelet2_routing:/home/point001/autoware.ai/install/lanelet2_projection:/home/point001/autoware.ai/install/libwaypoint_follower:/home/point001/autoware.ai/install/lanelet2_traffic_rules:/home/point001/autoware.ai/install/lanelet2_maps:/home/point001/autoware.ai/install/lanelet2_io:/home/point001/autoware.ai/install/vector_map:/home/point001/autoware.ai/install/lanelet2_core:/home/point001/autoware.ai/install/amathutils_lib:/home/point001/autoware.ai/install/vector_map_msgs:/home/point001/autoware.ai/install/tablet_socket_msgs:/home/point001/autoware.ai/install/gnss:/home/point001/autoware.ai/install/autoware_msgs:/home/point001/autoware.ai/install/autoware_lanelet2_msgs:/home/point001/autoware.ai/install/autoware_config_msgs:/home/point001/autoware.ai/install/autoware_build_flags:${CMAKE_PREFIX_PATH} LD_LIBRARY_PATH=/home/point001/autoware.ai/install/lane_planner/lib:/home/point001/autoware.ai/install/lanelet2_extension/lib:/home/point001/autoware.ai/install/lanelet2_validation/lib:/home/point001/autoware.ai/install/lanelet2_routing/lib:/home/point001/autoware.ai/install/lanelet2_projection/lib:/home/point001/autoware.ai/install/libwaypoint_follower/lib:/home/point001/autoware.ai/install/lanelet2_traffic_rules/lib:/home/point001/autoware.ai/install/lanelet2_io/lib:/home/point001/autoware.ai/install/vector_map/lib:/home/point001/autoware.ai/install/lanelet2_core/lib:/home/point001/autoware.ai/install/amathutils_lib/lib:/home/point001/autoware.ai/install/gnss/lib:${LD_LIBRARY_PATH} PKG_CONFIG_PATH=/home/point001/autoware.ai/install/lane_planner/lib/x86_64-linux-gnu/pkgconfig:/home/point001/autoware.ai/install/lane_planner/lib/pkgconfig:/home/point001/autoware.ai/install/lanelet2_extension/lib/x86_64-linux-gnu/pkgconfig:/home/point001/autoware.ai/install/lanelet2_extension/lib/pkgconfig:/home/point001/autoware.ai/install/lanelet2_validation/lib/x86_64-linux-gnu/pkgconfig:/home/point001/autoware.ai/install/lanelet2_validation/lib/pkgconfig:/home/point001/autoware.ai/install/lanelet2_routing/lib/x86_64-linux-gnu/pkgconfig:/home/point001/autoware.ai/install/lanelet2_routing/lib/pkgconfig:/home/point001/autoware.ai/install/lanelet2_projection/lib/x86_64-linux-gnu/pkgconfig:/home/point001/autoware.ai/install/lanelet2_projection/lib/pkgconfig:/home/point001/autoware.ai/install/libwaypoint_follower/lib/x86_64-linux-gnu/pkgconfig:/home/point001/autoware.ai/install/libwaypoint_follower/lib/pkgconfig:/home/point001/autoware.ai/install/lanelet2_traffic_rules/lib/x86_64-linux-gnu/pkgconfig:/home/point001/autoware.ai/install/lanelet2_traffic_rules/lib/pkgconfig:/home/point001/autoware.ai/install/lanelet2_maps/lib/x86_64-linux-gnu/pkgconfig:/home/point001/autoware.ai/install/lanelet2_maps/lib/pkgconfig:/home/point001/autoware.ai/install/lanelet2_io/lib/x86_64-linux-gnu/pkgconfig:/home/point001/autoware.ai/install/lanelet2_io/lib/pkgconfig:/home/point001/autoware.ai/install/vector_map/lib/x86_64-linux-gnu/pkgconfig:/home/point001/autoware.ai/install/vector_map/lib/pkgconfig:/home/point001/autoware.ai/install/lanelet2_core/lib/x86_64-linux-gnu/pkgconfig:/home/point001/autoware.ai/install/lanelet2_core/lib/pkgconfig:/home/point001/autoware.ai/install/amathutils_lib/lib/x86_64-linux-gnu/pkgconfig:/home/point001/autoware.ai/install/amathutils_lib/lib/pkgconfig:/home/point001/autoware.ai/install/vector_map_msgs/lib/x86_64-linux-gnu/pkgconfig:/home/point001/autoware.ai/install/vector_map_msgs/lib/pkgconfig:/home/point001/autoware.ai/install/tablet_socket_msgs/lib/x86_64-linux-gnu/pkgconfig:/home/point001/autoware.ai/install/tablet_socket_msgs/lib/pkgconfig:/home/point001/autoware.ai/install/gnss/lib/x86_64-linux-gnu/pkgconfig:/home/point001/autoware.ai/install/gnss/lib/pkgconfig:/home/point001/autoware.ai/install/autoware_msgs/lib/x86_64-linux-gnu/pkgconfig:/home/point001/autoware.ai/install/autoware_msgs/lib/pkgconfig:/home/point001/autoware.ai/install/autoware_lanelet2_msgs/lib/x86_64-linux-gnu/pkgconfig:/home/point001/autoware.ai/install/autoware_lanelet2_msgs/lib/pkgconfig:/home/point001/autoware.ai/install/autoware_config_msgs/lib/x86_64-linux-gnu/pkgconfig:/home/point001/autoware.ai/install/autoware_config_msgs/lib/pkgconfig:/home/point001/autoware.ai/install/autoware_build_flags/lib/x86_64-linux-gnu/pkgconfig:/home/point001/autoware.ai/install/autoware_build_flags/lib/pkgconfig:${PKG_CONFIG_PATH} PYTHONPATH=/home/point001/autoware.ai/install/vector_map_msgs/lib/python2.7/dist-packages:/home/point001/autoware.ai/install/tablet_socket_msgs/lib/python2.7/dist-packages:/home/point001/autoware.ai/install/autoware_msgs/lib/python2.7/dist-packages:/home/point001/autoware.ai/install/autoware_lanelet2_msgs/lib/python2.7/dist-packages:/home/point001/autoware.ai/install/autoware_config_msgs/lib/python2.7/dist-packages:${PYTHONPATH} ROS_PACKAGE_PATH=/home/point001/autoware.ai/install/lane_planner/share:/home/point001/autoware.ai/install/lanelet2_extension/share:/home/point001/autoware.ai/install/lanelet2_validation/share:/home/point001/autoware.ai/install/lanelet2_routing/share:/home/point001/autoware.ai/install/lanelet2_projection/share:/home/point001/autoware.ai/install/libwaypoint_follower/share:/home/point001/autoware.ai/install/lanelet2_traffic_rules/share:/home/point001/autoware.ai/install/lanelet2_maps/share:/home/point001/autoware.ai/install/lanelet2_io/share:/home/point001/autoware.ai/install/vector_map/share:/home/point001/autoware.ai/install/lanelet2_core/share:/home/point001/autoware.ai/install/amathutils_lib/share:/home/point001/autoware.ai/install/vector_map_msgs/share:/home/point001/autoware.ai/install/tablet_socket_msgs/share:/home/point001/autoware.ai/install/gnss/share:/home/point001/autoware.ai/install/autoware_msgs/share:/home/point001/autoware.ai/install/autoware_lanelet2_msgs/share:/home/point001/autoware.ai/install/autoware_config_msgs/share:/home/point001/autoware.ai/install/autoware_build_flags/share:${ROS_PACKAGE_PATH} /usr/bin/cmake --build /home/point001/autoware.ai/build/waypoint_maker -- -j24 -l24
[0.328s] [  0%] Built target vector_map_msgs_generate_messages_py
[0.350s] [  0%] Built target tf_generate_messages_cpp
[0.351s] [  0%] Built target tf2_msgs_generate_messages_nodejs
[0.354s] [  0%] Built target tablet_socket_msgs_generate_messages_cpp
[0.359s] [  0%] Built target vector_map_msgs_generate_messages_eus
[0.361s] [  0%] Built target vector_map_msgs_generate_messages_lisp
[0.369s] [  0%] Built target nav_msgs_generate_messages_eus
[0.369s] [  0%] Built target tf2_msgs_generate_messages_eus
[0.385s] [  0%] Built target tf2_msgs_generate_messages_py
[0.389s] [  0%] Built target vector_map_msgs_generate_messages_cpp
[0.393s] [  0%] Built target actionlib_generate_messages_nodejs
[0.403s] [  0%] Built target visualization_msgs_generate_messages_eus
[0.403s] [  0%] Built target nav_msgs_generate_messages_py
[0.403s] [  0%] Built target autoware_config_msgs_generate_messages_lisp
[0.404s] [  0%] Built target tablet_socket_msgs_generate_messages_eus
[0.411s] [  0%] Built target visualization_msgs_generate_messages_cpp
[0.411s] [  0%] Built target visualization_msgs_generate_messages_nodejs
[0.411s] [  0%] Built target nav_msgs_generate_messages_cpp
[0.411s] [  0%] Built target actionlib_generate_messages_py
[0.415s] [  0%] Built target visualization_msgs_generate_messages_py
[0.435s] [  0%] Built target tf2_msgs_generate_messages_lisp
[0.435s] [  0%] Built target sensor_msgs_generate_messages_lisp
[0.436s] [  0%] Built target nav_msgs_generate_messages_nodejs
[0.447s] [  0%] Built target roscpp_generate_messages_cpp
[0.468s] [  0%] Built target jsk_recognition_msgs_generate_messages_eus
[0.468s] [  0%] Built target tablet_socket_msgs_generate_messages_lisp
[0.479s] [  0%] Built target geometry_msgs_generate_messages_py
[0.479s] [  0%] Built target pcl_msgs_generate_messages_eus
[0.494s] [  0%] Built target actionlib_generate_messages_cpp
[0.494s] [  0%] Built target vector_map_msgs_generate_messages_nodejs
[0.519s] [  0%] Built target std_msgs_generate_messages_py
[0.519s] [  0%] Built target rosgraph_msgs_generate_messages_eus
[0.525s] [  0%] Built target _catkin_empty_exported_target
[0.534s] [  0%] Built target rosgraph_msgs_generate_messages_cpp
[0.538s] [  0%] Built target sensor_msgs_generate_messages_cpp
[0.542s] [  0%] Built target sensor_msgs_generate_messages_eus
[0.557s] [  0%] Built target sensor_msgs_generate_messages_nodejs
[0.559s] [  0%] Built target autoware_msgs_generate_messages_py
[0.560s] [  0%] Built target tf2_msgs_generate_messages_cpp
[0.561s] [  0%] Built target pcl_msgs_generate_messages_nodejs
[0.562s] [  0%] Built target jsk_recognition_msgs_generate_messages_py
[0.571s] [  0%] Built target std_msgs_generate_messages_nodejs
[0.590s] [  0%] Built target jsk_footstep_msgs_generate_messages_py
[0.601s] [  0%] Built target actionlib_msgs_generate_messages_nodejs
[0.604s] [  0%] Built target tf_generate_messages_py
[0.614s] [  0%] Built target geometry_msgs_generate_messages_nodejs
[0.619s] [  0%] Built target std_msgs_generate_messages_cpp
[0.621s] [  0%] Built target nav_msgs_generate_messages_lisp
[0.625s] [  0%] Built target autoware_msgs_generate_messages_cpp
[0.625s] [  0%] Built target tablet_socket_msgs_generate_messages_py
[0.629s] [  0%] Built target std_msgs_generate_messages_lisp
[0.631s] [  0%] Built target sensor_msgs_generate_messages_py
[0.641s] [  0%] Built target tablet_socket_msgs_generate_messages_nodejs
[0.645s] [  0%] Built target jsk_recognition_msgs_generate_messages_lisp
[0.672s] [  0%] Built target autoware_msgs_generate_messages_eus
[0.672s] [  0%] Built target roscpp_generate_messages_nodejs
[0.672s] [  0%] Built target jsk_recognition_msgs_generate_messages_cpp
[0.674s] [  0%] Built target std_msgs_generate_messages_eus
[0.674s] [  0%] Built target visualization_msgs_generate_messages_lisp
[0.683s] [  0%] Built target autoware_config_msgs_generate_messages_eus
[0.694s] [  0%] Built target jsk_footstep_msgs_generate_messages_nodejs
[0.699s] [  0%] Built target geometry_msgs_generate_messages_eus
[0.704s] [  0%] Built target autoware_msgs_generate_messages_nodejs
[0.713s] [  0%] Built target tf_generate_messages_lisp
[0.714s] [  0%] Built target pcl_msgs_generate_messages_cpp
[0.729s] [  0%] Built target autoware_msgs_generate_messages_lisp
[0.748s] [  0%] Built target actionlib_msgs_generate_messages_lisp
[0.755s] [  0%] Built target jsk_footstep_msgs_generate_messages_lisp
[0.767s] [  0%] Built target geometry_msgs_generate_messages_lisp
[0.767s] [  0%] Built target jsk_footstep_msgs_generate_messages_eus
[0.770s] [  0%] Built target actionlib_msgs_generate_messages_py
[0.773s] [  0%] Built target rosgraph_msgs_generate_messages_nodejs
[0.796s] [  0%] Built target tf_generate_messages_eus
[0.796s] [  0%] Built target roscpp_generate_messages_lisp
[0.799s] [  0%] Built target actionlib_msgs_generate_messages_eus
[0.802s] [  0%] Built target roscpp_generate_messages_py
[0.806s] [  0%] Built target jsk_recognition_msgs_generate_messages_nodejs
[0.808s] [  0%] Built target roscpp_generate_messages_eus
[0.809s] [  0%] Built target autoware_config_msgs_generate_messages_nodejs
[0.818s] [  0%] Built target tf_generate_messages_nodejs
[0.820s] [  0%] Built target rosgraph_msgs_generate_messages_lisp
[0.835s] [  0%] Built target jsk_footstep_msgs_generate_messages_cpp
[0.850s] [  0%] Built target rosgraph_msgs_generate_messages_py
[0.851s] [  0%] Built target actionlib_generate_messages_eus
[0.867s] [  0%] Built target actionlib_msgs_generate_messages_cpp
[0.882s] [  0%] Built target autoware_config_msgs_generate_messages_cpp
[0.892s] [  0%] Built target pcl_msgs_generate_messages_py
[0.895s] [  0%] Built target autoware_config_msgs_generate_messages_py
[0.904s] [  0%] Built target geometry_msgs_generate_messages_cpp
[0.912s] [  0%] Built target actionlib_generate_messages_lisp
[0.931s] [  5%] [32m[1mLinking CXX executable devel/lib/waypoint_maker/waypoint_clicker[0m
[0.937s] [  5%] Built target pcl_msgs_generate_messages_lisp
[1.030s] [ 10%] [32m[1mLinking CXX executable devel/lib/waypoint_maker/waypoint_extractor[0m
[1.052s] [ 15%] [32m[1mLinking CXX executable devel/lib/waypoint_maker/waypoint_loader[0m
[1.062s] [ 20%] [32m[1mLinking CXX executable devel/lib/waypoint_maker/waypoint_saver[0m
[1.071s] [ 25%] [32m[1mLinking CXX executable devel/lib/waypoint_maker/waypoint_creator[0m
[1.075s] [ 30%] [32m[1mLinking CXX executable devel/lib/waypoint_maker/waypoint_replanner[0m
[1.085s] [ 35%] [32m[1mLinking CXX executable devel/lib/waypoint_maker/waypoint_velocity_visualizer[0m
[1.088s] [ 40%] [32m[1mLinking CXX executable devel/lib/waypoint_maker/waypoint_marker_publisher[0m
[1.320s] [ 45%] Built target waypoint_clicker
[1.382s] [ 55%] Built target waypoint_loader
[1.384s] [ 60%] Built target waypoint_extractor
[1.391s] [ 65%] Built target waypoint_marker_publisher
[1.403s] [ 75%] Built target waypoint_replanner
[1.412s] [ 80%] Built target waypoint_velocity_visualizer
[1.413s] [ 95%] Built target waypoint_creator
[1.416s] [100%] Built target waypoint_saver
[1.443s] Invoked command in '/home/point001/autoware.ai/build/waypoint_maker' returned '0': CMAKE_PREFIX_PATH=/home/point001/autoware.ai/install/lane_planner:/home/point001/autoware.ai/install/lanelet2_extension:/home/point001/autoware.ai/install/lanelet2_validation:/home/point001/autoware.ai/install/lanelet2_routing:/home/point001/autoware.ai/install/lanelet2_projection:/home/point001/autoware.ai/install/libwaypoint_follower:/home/point001/autoware.ai/install/lanelet2_traffic_rules:/home/point001/autoware.ai/install/lanelet2_maps:/home/point001/autoware.ai/install/lanelet2_io:/home/point001/autoware.ai/install/vector_map:/home/point001/autoware.ai/install/lanelet2_core:/home/point001/autoware.ai/install/amathutils_lib:/home/point001/autoware.ai/install/vector_map_msgs:/home/point001/autoware.ai/install/tablet_socket_msgs:/home/point001/autoware.ai/install/gnss:/home/point001/autoware.ai/install/autoware_msgs:/home/point001/autoware.ai/install/autoware_lanelet2_msgs:/home/point001/autoware.ai/install/autoware_config_msgs:/home/point001/autoware.ai/install/autoware_build_flags:${CMAKE_PREFIX_PATH} LD_LIBRARY_PATH=/home/point001/autoware.ai/install/lane_planner/lib:/home/point001/autoware.ai/install/lanelet2_extension/lib:/home/point001/autoware.ai/install/lanelet2_validation/lib:/home/point001/autoware.ai/install/lanelet2_routing/lib:/home/point001/autoware.ai/install/lanelet2_projection/lib:/home/point001/autoware.ai/install/libwaypoint_follower/lib:/home/point001/autoware.ai/install/lanelet2_traffic_rules/lib:/home/point001/autoware.ai/install/lanelet2_io/lib:/home/point001/autoware.ai/install/vector_map/lib:/home/point001/autoware.ai/install/lanelet2_core/lib:/home/point001/autoware.ai/install/amathutils_lib/lib:/home/point001/autoware.ai/install/gnss/lib:${LD_LIBRARY_PATH} PKG_CONFIG_PATH=/home/point001/autoware.ai/install/lane_planner/lib/x86_64-linux-gnu/pkgconfig:/home/point001/autoware.ai/install/lane_planner/lib/pkgconfig:/home/point001/autoware.ai/install/lanelet2_extension/lib/x86_64-linux-gnu/pkgconfig:/home/point001/autoware.ai/install/lanelet2_extension/lib/pkgconfig:/home/point001/autoware.ai/install/lanelet2_validation/lib/x86_64-linux-gnu/pkgconfig:/home/point001/autoware.ai/install/lanelet2_validation/lib/pkgconfig:/home/point001/autoware.ai/install/lanelet2_routing/lib/x86_64-linux-gnu/pkgconfig:/home/point001/autoware.ai/install/lanelet2_routing/lib/pkgconfig:/home/point001/autoware.ai/install/lanelet2_projection/lib/x86_64-linux-gnu/pkgconfig:/home/point001/autoware.ai/install/lanelet2_projection/lib/pkgconfig:/home/point001/autoware.ai/install/libwaypoint_follower/lib/x86_64-linux-gnu/pkgconfig:/home/point001/autoware.ai/install/libwaypoint_follower/lib/pkgconfig:/home/point001/autoware.ai/install/lanelet2_traffic_rules/lib/x86_64-linux-gnu/pkgconfig:/home/point001/autoware.ai/install/lanelet2_traffic_rules/lib/pkgconfig:/home/point001/autoware.ai/install/lanelet2_maps/lib/x86_64-linux-gnu/pkgconfig:/home/point001/autoware.ai/install/lanelet2_maps/lib/pkgconfig:/home/point001/autoware.ai/install/lanelet2_io/lib/x86_64-linux-gnu/pkgconfig:/home/point001/autoware.ai/install/lanelet2_io/lib/pkgconfig:/home/point001/autoware.ai/install/vector_map/lib/x86_64-linux-gnu/pkgconfig:/home/point001/autoware.ai/install/vector_map/lib/pkgconfig:/home/point001/autoware.ai/install/lanelet2_core/lib/x86_64-linux-gnu/pkgconfig:/home/point001/autoware.ai/install/lanelet2_core/lib/pkgconfig:/home/point001/autoware.ai/install/amathutils_lib/lib/x86_64-linux-gnu/pkgconfig:/home/point001/autoware.ai/install/amathutils_lib/lib/pkgconfig:/home/point001/autoware.ai/install/vector_map_msgs/lib/x86_64-linux-gnu/pkgconfig:/home/point001/autoware.ai/install/vector_map_msgs/lib/pkgconfig:/home/point001/autoware.ai/install/tablet_socket_msgs/lib/x86_64-linux-gnu/pkgconfig:/home/point001/autoware.ai/install/tablet_socket_msgs/lib/pkgconfig:/home/point001/autoware.ai/install/gnss/lib/x86_64-linux-gnu/pkgconfig:/home/point001/autoware.ai/install/gnss/lib/pkgconfig:/home/point001/autoware.ai/install/autoware_msgs/lib/x86_64-linux-gnu/pkgconfig:/home/point001/autoware.ai/install/autoware_msgs/lib/pkgconfig:/home/point001/autoware.ai/install/autoware_lanelet2_msgs/lib/x86_64-linux-gnu/pkgconfig:/home/point001/autoware.ai/install/autoware_lanelet2_msgs/lib/pkgconfig:/home/point001/autoware.ai/install/autoware_config_msgs/lib/x86_64-linux-gnu/pkgconfig:/home/point001/autoware.ai/install/autoware_config_msgs/lib/pkgconfig:/home/point001/autoware.ai/install/autoware_build_flags/lib/x86_64-linux-gnu/pkgconfig:/home/point001/autoware.ai/install/autoware_build_flags/lib/pkgconfig:${PKG_CONFIG_PATH} PYTHONPATH=/home/point001/autoware.ai/install/vector_map_msgs/lib/python2.7/dist-packages:/home/point001/autoware.ai/install/tablet_socket_msgs/lib/python2.7/dist-packages:/home/point001/autoware.ai/install/autoware_msgs/lib/python2.7/dist-packages:/home/point001/autoware.ai/install/autoware_lanelet2_msgs/lib/python2.7/dist-packages:/home/point001/autoware.ai/install/autoware_config_msgs/lib/python2.7/dist-packages:${PYTHONPATH} ROS_PACKAGE_PATH=/home/point001/autoware.ai/install/lane_planner/share:/home/point001/autoware.ai/install/lanelet2_extension/share:/home/point001/autoware.ai/install/lanelet2_validation/share:/home/point001/autoware.ai/install/lanelet2_routing/share:/home/point001/autoware.ai/install/lanelet2_projection/share:/home/point001/autoware.ai/install/libwaypoint_follower/share:/home/point001/autoware.ai/install/lanelet2_traffic_rules/share:/home/point001/autoware.ai/install/lanelet2_maps/share:/home/point001/autoware.ai/install/lanelet2_io/share:/home/point001/autoware.ai/install/vector_map/share:/home/point001/autoware.ai/install/lanelet2_core/share:/home/point001/autoware.ai/install/amathutils_lib/share:/home/point001/autoware.ai/install/vector_map_msgs/share:/home/point001/autoware.ai/install/tablet_socket_msgs/share:/home/point001/autoware.ai/install/gnss/share:/home/point001/autoware.ai/install/autoware_msgs/share:/home/point001/autoware.ai/install/autoware_lanelet2_msgs/share:/home/point001/autoware.ai/install/autoware_config_msgs/share:/home/point001/autoware.ai/install/autoware_build_flags/share:${ROS_PACKAGE_PATH} /usr/bin/cmake --build /home/point001/autoware.ai/build/waypoint_maker -- -j24 -l24
[1.724s] Invoking command in '/home/point001/autoware.ai/build/waypoint_maker': CMAKE_PREFIX_PATH=/home/point001/autoware.ai/install/lane_planner:/home/point001/autoware.ai/install/lanelet2_extension:/home/point001/autoware.ai/install/lanelet2_validation:/home/point001/autoware.ai/install/lanelet2_routing:/home/point001/autoware.ai/install/lanelet2_projection:/home/point001/autoware.ai/install/libwaypoint_follower:/home/point001/autoware.ai/install/lanelet2_traffic_rules:/home/point001/autoware.ai/install/lanelet2_maps:/home/point001/autoware.ai/install/lanelet2_io:/home/point001/autoware.ai/install/vector_map:/home/point001/autoware.ai/install/lanelet2_core:/home/point001/autoware.ai/install/amathutils_lib:/home/point001/autoware.ai/install/vector_map_msgs:/home/point001/autoware.ai/install/tablet_socket_msgs:/home/point001/autoware.ai/install/gnss:/home/point001/autoware.ai/install/autoware_msgs:/home/point001/autoware.ai/install/autoware_lanelet2_msgs:/home/point001/autoware.ai/install/autoware_config_msgs:/home/point001/autoware.ai/install/autoware_build_flags:${CMAKE_PREFIX_PATH} LD_LIBRARY_PATH=/home/point001/autoware.ai/install/lane_planner/lib:/home/point001/autoware.ai/install/lanelet2_extension/lib:/home/point001/autoware.ai/install/lanelet2_validation/lib:/home/point001/autoware.ai/install/lanelet2_routing/lib:/home/point001/autoware.ai/install/lanelet2_projection/lib:/home/point001/autoware.ai/install/libwaypoint_follower/lib:/home/point001/autoware.ai/install/lanelet2_traffic_rules/lib:/home/point001/autoware.ai/install/lanelet2_io/lib:/home/point001/autoware.ai/install/vector_map/lib:/home/point001/autoware.ai/install/lanelet2_core/lib:/home/point001/autoware.ai/install/amathutils_lib/lib:/home/point001/autoware.ai/install/gnss/lib:${LD_LIBRARY_PATH} PKG_CONFIG_PATH=/home/point001/autoware.ai/install/lane_planner/lib/x86_64-linux-gnu/pkgconfig:/home/point001/autoware.ai/install/lane_planner/lib/pkgconfig:/home/point001/autoware.ai/install/lanelet2_extension/lib/x86_64-linux-gnu/pkgconfig:/home/point001/autoware.ai/install/lanelet2_extension/lib/pkgconfig:/home/point001/autoware.ai/install/lanelet2_validation/lib/x86_64-linux-gnu/pkgconfig:/home/point001/autoware.ai/install/lanelet2_validation/lib/pkgconfig:/home/point001/autoware.ai/install/lanelet2_routing/lib/x86_64-linux-gnu/pkgconfig:/home/point001/autoware.ai/install/lanelet2_routing/lib/pkgconfig:/home/point001/autoware.ai/install/lanelet2_projection/lib/x86_64-linux-gnu/pkgconfig:/home/point001/autoware.ai/install/lanelet2_projection/lib/pkgconfig:/home/point001/autoware.ai/install/libwaypoint_follower/lib/x86_64-linux-gnu/pkgconfig:/home/point001/autoware.ai/install/libwaypoint_follower/lib/pkgconfig:/home/point001/autoware.ai/install/lanelet2_traffic_rules/lib/x86_64-linux-gnu/pkgconfig:/home/point001/autoware.ai/install/lanelet2_traffic_rules/lib/pkgconfig:/home/point001/autoware.ai/install/lanelet2_maps/lib/x86_64-linux-gnu/pkgconfig:/home/point001/autoware.ai/install/lanelet2_maps/lib/pkgconfig:/home/point001/autoware.ai/install/lanelet2_io/lib/x86_64-linux-gnu/pkgconfig:/home/point001/autoware.ai/install/lanelet2_io/lib/pkgconfig:/home/point001/autoware.ai/install/vector_map/lib/x86_64-linux-gnu/pkgconfig:/home/point001/autoware.ai/install/vector_map/lib/pkgconfig:/home/point001/autoware.ai/install/lanelet2_core/lib/x86_64-linux-gnu/pkgconfig:/home/point001/autoware.ai/install/lanelet2_core/lib/pkgconfig:/home/point001/autoware.ai/install/amathutils_lib/lib/x86_64-linux-gnu/pkgconfig:/home/point001/autoware.ai/install/amathutils_lib/lib/pkgconfig:/home/point001/autoware.ai/install/vector_map_msgs/lib/x86_64-linux-gnu/pkgconfig:/home/point001/autoware.ai/install/vector_map_msgs/lib/pkgconfig:/home/point001/autoware.ai/install/tablet_socket_msgs/lib/x86_64-linux-gnu/pkgconfig:/home/point001/autoware.ai/install/tablet_socket_msgs/lib/pkgconfig:/home/point001/autoware.ai/install/gnss/lib/x86_64-linux-gnu/pkgconfig:/home/point001/autoware.ai/install/gnss/lib/pkgconfig:/home/point001/autoware.ai/install/autoware_msgs/lib/x86_64-linux-gnu/pkgconfig:/home/point001/autoware.ai/install/autoware_msgs/lib/pkgconfig:/home/point001/autoware.ai/install/autoware_lanelet2_msgs/lib/x86_64-linux-gnu/pkgconfig:/home/point001/autoware.ai/install/autoware_lanelet2_msgs/lib/pkgconfig:/home/point001/autoware.ai/install/autoware_config_msgs/lib/x86_64-linux-gnu/pkgconfig:/home/point001/autoware.ai/install/autoware_config_msgs/lib/pkgconfig:/home/point001/autoware.ai/install/autoware_build_flags/lib/x86_64-linux-gnu/pkgconfig:/home/point001/autoware.ai/install/autoware_build_flags/lib/pkgconfig:${PKG_CONFIG_PATH} PYTHONPATH=/home/point001/autoware.ai/install/vector_map_msgs/lib/python2.7/dist-packages:/home/point001/autoware.ai/install/tablet_socket_msgs/lib/python2.7/dist-packages:/home/point001/autoware.ai/install/autoware_msgs/lib/python2.7/dist-packages:/home/point001/autoware.ai/install/autoware_lanelet2_msgs/lib/python2.7/dist-packages:/home/point001/autoware.ai/install/autoware_config_msgs/lib/python2.7/dist-packages:${PYTHONPATH} ROS_PACKAGE_PATH=/home/point001/autoware.ai/install/lane_planner/share:/home/point001/autoware.ai/install/lanelet2_extension/share:/home/point001/autoware.ai/install/lanelet2_validation/share:/home/point001/autoware.ai/install/lanelet2_routing/share:/home/point001/autoware.ai/install/lanelet2_projection/share:/home/point001/autoware.ai/install/libwaypoint_follower/share:/home/point001/autoware.ai/install/lanelet2_traffic_rules/share:/home/point001/autoware.ai/install/lanelet2_maps/share:/home/point001/autoware.ai/install/lanelet2_io/share:/home/point001/autoware.ai/install/vector_map/share:/home/point001/autoware.ai/install/lanelet2_core/share:/home/point001/autoware.ai/install/amathutils_lib/share:/home/point001/autoware.ai/install/vector_map_msgs/share:/home/point001/autoware.ai/install/tablet_socket_msgs/share:/home/point001/autoware.ai/install/gnss/share:/home/point001/autoware.ai/install/autoware_msgs/share:/home/point001/autoware.ai/install/autoware_lanelet2_msgs/share:/home/point001/autoware.ai/install/autoware_config_msgs/share:/home/point001/autoware.ai/install/autoware_build_flags/share:${ROS_PACKAGE_PATH} /usr/bin/cmake --build /home/point001/autoware.ai/build/waypoint_maker --target tests -- -j24 -l24
[1.822s] Built target tests
[1.835s] Invoked command in '/home/point001/autoware.ai/build/waypoint_maker' returned '0': CMAKE_PREFIX_PATH=/home/point001/autoware.ai/install/lane_planner:/home/point001/autoware.ai/install/lanelet2_extension:/home/point001/autoware.ai/install/lanelet2_validation:/home/point001/autoware.ai/install/lanelet2_routing:/home/point001/autoware.ai/install/lanelet2_projection:/home/point001/autoware.ai/install/libwaypoint_follower:/home/point001/autoware.ai/install/lanelet2_traffic_rules:/home/point001/autoware.ai/install/lanelet2_maps:/home/point001/autoware.ai/install/lanelet2_io:/home/point001/autoware.ai/install/vector_map:/home/point001/autoware.ai/install/lanelet2_core:/home/point001/autoware.ai/install/amathutils_lib:/home/point001/autoware.ai/install/vector_map_msgs:/home/point001/autoware.ai/install/tablet_socket_msgs:/home/point001/autoware.ai/install/gnss:/home/point001/autoware.ai/install/autoware_msgs:/home/point001/autoware.ai/install/autoware_lanelet2_msgs:/home/point001/autoware.ai/install/autoware_config_msgs:/home/point001/autoware.ai/install/autoware_build_flags:${CMAKE_PREFIX_PATH} LD_LIBRARY_PATH=/home/point001/autoware.ai/install/lane_planner/lib:/home/point001/autoware.ai/install/lanelet2_extension/lib:/home/point001/autoware.ai/install/lanelet2_validation/lib:/home/point001/autoware.ai/install/lanelet2_routing/lib:/home/point001/autoware.ai/install/lanelet2_projection/lib:/home/point001/autoware.ai/install/libwaypoint_follower/lib:/home/point001/autoware.ai/install/lanelet2_traffic_rules/lib:/home/point001/autoware.ai/install/lanelet2_io/lib:/home/point001/autoware.ai/install/vector_map/lib:/home/point001/autoware.ai/install/lanelet2_core/lib:/home/point001/autoware.ai/install/amathutils_lib/lib:/home/point001/autoware.ai/install/gnss/lib:${LD_LIBRARY_PATH} PKG_CONFIG_PATH=/home/point001/autoware.ai/install/lane_planner/lib/x86_64-linux-gnu/pkgconfig:/home/point001/autoware.ai/install/lane_planner/lib/pkgconfig:/home/point001/autoware.ai/install/lanelet2_extension/lib/x86_64-linux-gnu/pkgconfig:/home/point001/autoware.ai/install/lanelet2_extension/lib/pkgconfig:/home/point001/autoware.ai/install/lanelet2_validation/lib/x86_64-linux-gnu/pkgconfig:/home/point001/autoware.ai/install/lanelet2_validation/lib/pkgconfig:/home/point001/autoware.ai/install/lanelet2_routing/lib/x86_64-linux-gnu/pkgconfig:/home/point001/autoware.ai/install/lanelet2_routing/lib/pkgconfig:/home/point001/autoware.ai/install/lanelet2_projection/lib/x86_64-linux-gnu/pkgconfig:/home/point001/autoware.ai/install/lanelet2_projection/lib/pkgconfig:/home/point001/autoware.ai/install/libwaypoint_follower/lib/x86_64-linux-gnu/pkgconfig:/home/point001/autoware.ai/install/libwaypoint_follower/lib/pkgconfig:/home/point001/autoware.ai/install/lanelet2_traffic_rules/lib/x86_64-linux-gnu/pkgconfig:/home/point001/autoware.ai/install/lanelet2_traffic_rules/lib/pkgconfig:/home/point001/autoware.ai/install/lanelet2_maps/lib/x86_64-linux-gnu/pkgconfig:/home/point001/autoware.ai/install/lanelet2_maps/lib/pkgconfig:/home/point001/autoware.ai/install/lanelet2_io/lib/x86_64-linux-gnu/pkgconfig:/home/point001/autoware.ai/install/lanelet2_io/lib/pkgconfig:/home/point001/autoware.ai/install/vector_map/lib/x86_64-linux-gnu/pkgconfig:/home/point001/autoware.ai/install/vector_map/lib/pkgconfig:/home/point001/autoware.ai/install/lanelet2_core/lib/x86_64-linux-gnu/pkgconfig:/home/point001/autoware.ai/install/lanelet2_core/lib/pkgconfig:/home/point001/autoware.ai/install/amathutils_lib/lib/x86_64-linux-gnu/pkgconfig:/home/point001/autoware.ai/install/amathutils_lib/lib/pkgconfig:/home/point001/autoware.ai/install/vector_map_msgs/lib/x86_64-linux-gnu/pkgconfig:/home/point001/autoware.ai/install/vector_map_msgs/lib/pkgconfig:/home/point001/autoware.ai/install/tablet_socket_msgs/lib/x86_64-linux-gnu/pkgconfig:/home/point001/autoware.ai/install/tablet_socket_msgs/lib/pkgconfig:/home/point001/autoware.ai/install/gnss/lib/x86_64-linux-gnu/pkgconfig:/home/point001/autoware.ai/install/gnss/lib/pkgconfig:/home/point001/autoware.ai/install/autoware_msgs/lib/x86_64-linux-gnu/pkgconfig:/home/point001/autoware.ai/install/autoware_msgs/lib/pkgconfig:/home/point001/autoware.ai/install/autoware_lanelet2_msgs/lib/x86_64-linux-gnu/pkgconfig:/home/point001/autoware.ai/install/autoware_lanelet2_msgs/lib/pkgconfig:/home/point001/autoware.ai/install/autoware_config_msgs/lib/x86_64-linux-gnu/pkgconfig:/home/point001/autoware.ai/install/autoware_config_msgs/lib/pkgconfig:/home/point001/autoware.ai/install/autoware_build_flags/lib/x86_64-linux-gnu/pkgconfig:/home/point001/autoware.ai/install/autoware_build_flags/lib/pkgconfig:${PKG_CONFIG_PATH} PYTHONPATH=/home/point001/autoware.ai/install/vector_map_msgs/lib/python2.7/dist-packages:/home/point001/autoware.ai/install/tablet_socket_msgs/lib/python2.7/dist-packages:/home/point001/autoware.ai/install/autoware_msgs/lib/python2.7/dist-packages:/home/point001/autoware.ai/install/autoware_lanelet2_msgs/lib/python2.7/dist-packages:/home/point001/autoware.ai/install/autoware_config_msgs/lib/python2.7/dist-packages:${PYTHONPATH} ROS_PACKAGE_PATH=/home/point001/autoware.ai/install/lane_planner/share:/home/point001/autoware.ai/install/lanelet2_extension/share:/home/point001/autoware.ai/install/lanelet2_validation/share:/home/point001/autoware.ai/install/lanelet2_routing/share:/home/point001/autoware.ai/install/lanelet2_projection/share:/home/point001/autoware.ai/install/libwaypoint_follower/share:/home/point001/autoware.ai/install/lanelet2_traffic_rules/share:/home/point001/autoware.ai/install/lanelet2_maps/share:/home/point001/autoware.ai/install/lanelet2_io/share:/home/point001/autoware.ai/install/vector_map/share:/home/point001/autoware.ai/install/lanelet2_core/share:/home/point001/autoware.ai/install/amathutils_lib/share:/home/point001/autoware.ai/install/vector_map_msgs/share:/home/point001/autoware.ai/install/tablet_socket_msgs/share:/home/point001/autoware.ai/install/gnss/share:/home/point001/autoware.ai/install/autoware_msgs/share:/home/point001/autoware.ai/install/autoware_lanelet2_msgs/share:/home/point001/autoware.ai/install/autoware_config_msgs/share:/home/point001/autoware.ai/install/autoware_build_flags/share:${ROS_PACKAGE_PATH} /usr/bin/cmake --build /home/point001/autoware.ai/build/waypoint_maker --target tests -- -j24 -l24
[2.465s] Invoking command in '/home/point001/autoware.ai/build/waypoint_maker': CMAKE_PREFIX_PATH=/home/point001/autoware.ai/install/lane_planner:/home/point001/autoware.ai/install/lanelet2_extension:/home/point001/autoware.ai/install/lanelet2_validation:/home/point001/autoware.ai/install/lanelet2_routing:/home/point001/autoware.ai/install/lanelet2_projection:/home/point001/autoware.ai/install/libwaypoint_follower:/home/point001/autoware.ai/install/lanelet2_traffic_rules:/home/point001/autoware.ai/install/lanelet2_maps:/home/point001/autoware.ai/install/lanelet2_io:/home/point001/autoware.ai/install/vector_map:/home/point001/autoware.ai/install/lanelet2_core:/home/point001/autoware.ai/install/amathutils_lib:/home/point001/autoware.ai/install/vector_map_msgs:/home/point001/autoware.ai/install/tablet_socket_msgs:/home/point001/autoware.ai/install/gnss:/home/point001/autoware.ai/install/autoware_msgs:/home/point001/autoware.ai/install/autoware_lanelet2_msgs:/home/point001/autoware.ai/install/autoware_config_msgs:/home/point001/autoware.ai/install/autoware_build_flags:${CMAKE_PREFIX_PATH} LD_LIBRARY_PATH=/home/point001/autoware.ai/install/lane_planner/lib:/home/point001/autoware.ai/install/lanelet2_extension/lib:/home/point001/autoware.ai/install/lanelet2_validation/lib:/home/point001/autoware.ai/install/lanelet2_routing/lib:/home/point001/autoware.ai/install/lanelet2_projection/lib:/home/point001/autoware.ai/install/libwaypoint_follower/lib:/home/point001/autoware.ai/install/lanelet2_traffic_rules/lib:/home/point001/autoware.ai/install/lanelet2_io/lib:/home/point001/autoware.ai/install/vector_map/lib:/home/point001/autoware.ai/install/lanelet2_core/lib:/home/point001/autoware.ai/install/amathutils_lib/lib:/home/point001/autoware.ai/install/gnss/lib:${LD_LIBRARY_PATH} PKG_CONFIG_PATH=/home/point001/autoware.ai/install/lane_planner/lib/x86_64-linux-gnu/pkgconfig:/home/point001/autoware.ai/install/lane_planner/lib/pkgconfig:/home/point001/autoware.ai/install/lanelet2_extension/lib/x86_64-linux-gnu/pkgconfig:/home/point001/autoware.ai/install/lanelet2_extension/lib/pkgconfig:/home/point001/autoware.ai/install/lanelet2_validation/lib/x86_64-linux-gnu/pkgconfig:/home/point001/autoware.ai/install/lanelet2_validation/lib/pkgconfig:/home/point001/autoware.ai/install/lanelet2_routing/lib/x86_64-linux-gnu/pkgconfig:/home/point001/autoware.ai/install/lanelet2_routing/lib/pkgconfig:/home/point001/autoware.ai/install/lanelet2_projection/lib/x86_64-linux-gnu/pkgconfig:/home/point001/autoware.ai/install/lanelet2_projection/lib/pkgconfig:/home/point001/autoware.ai/install/libwaypoint_follower/lib/x86_64-linux-gnu/pkgconfig:/home/point001/autoware.ai/install/libwaypoint_follower/lib/pkgconfig:/home/point001/autoware.ai/install/lanelet2_traffic_rules/lib/x86_64-linux-gnu/pkgconfig:/home/point001/autoware.ai/install/lanelet2_traffic_rules/lib/pkgconfig:/home/point001/autoware.ai/install/lanelet2_maps/lib/x86_64-linux-gnu/pkgconfig:/home/point001/autoware.ai/install/lanelet2_maps/lib/pkgconfig:/home/point001/autoware.ai/install/lanelet2_io/lib/x86_64-linux-gnu/pkgconfig:/home/point001/autoware.ai/install/lanelet2_io/lib/pkgconfig:/home/point001/autoware.ai/install/vector_map/lib/x86_64-linux-gnu/pkgconfig:/home/point001/autoware.ai/install/vector_map/lib/pkgconfig:/home/point001/autoware.ai/install/lanelet2_core/lib/x86_64-linux-gnu/pkgconfig:/home/point001/autoware.ai/install/lanelet2_core/lib/pkgconfig:/home/point001/autoware.ai/install/amathutils_lib/lib/x86_64-linux-gnu/pkgconfig:/home/point001/autoware.ai/install/amathutils_lib/lib/pkgconfig:/home/point001/autoware.ai/install/vector_map_msgs/lib/x86_64-linux-gnu/pkgconfig:/home/point001/autoware.ai/install/vector_map_msgs/lib/pkgconfig:/home/point001/autoware.ai/install/tablet_socket_msgs/lib/x86_64-linux-gnu/pkgconfig:/home/point001/autoware.ai/install/tablet_socket_msgs/lib/pkgconfig:/home/point001/autoware.ai/install/gnss/lib/x86_64-linux-gnu/pkgconfig:/home/point001/autoware.ai/install/gnss/lib/pkgconfig:/home/point001/autoware.ai/install/autoware_msgs/lib/x86_64-linux-gnu/pkgconfig:/home/point001/autoware.ai/install/autoware_msgs/lib/pkgconfig:/home/point001/autoware.ai/install/autoware_lanelet2_msgs/lib/x86_64-linux-gnu/pkgconfig:/home/point001/autoware.ai/install/autoware_lanelet2_msgs/lib/pkgconfig:/home/point001/autoware.ai/install/autoware_config_msgs/lib/x86_64-linux-gnu/pkgconfig:/home/point001/autoware.ai/install/autoware_config_msgs/lib/pkgconfig:/home/point001/autoware.ai/install/autoware_build_flags/lib/x86_64-linux-gnu/pkgconfig:/home/point001/autoware.ai/install/autoware_build_flags/lib/pkgconfig:${PKG_CONFIG_PATH} PYTHONPATH=/home/point001/autoware.ai/install/vector_map_msgs/lib/python2.7/dist-packages:/home/point001/autoware.ai/install/tablet_socket_msgs/lib/python2.7/dist-packages:/home/point001/autoware.ai/install/autoware_msgs/lib/python2.7/dist-packages:/home/point001/autoware.ai/install/autoware_lanelet2_msgs/lib/python2.7/dist-packages:/home/point001/autoware.ai/install/autoware_config_msgs/lib/python2.7/dist-packages:${PYTHONPATH} ROS_PACKAGE_PATH=/home/point001/autoware.ai/install/lane_planner/share:/home/point001/autoware.ai/install/lanelet2_extension/share:/home/point001/autoware.ai/install/lanelet2_validation/share:/home/point001/autoware.ai/install/lanelet2_routing/share:/home/point001/autoware.ai/install/lanelet2_projection/share:/home/point001/autoware.ai/install/libwaypoint_follower/share:/home/point001/autoware.ai/install/lanelet2_traffic_rules/share:/home/point001/autoware.ai/install/lanelet2_maps/share:/home/point001/autoware.ai/install/lanelet2_io/share:/home/point001/autoware.ai/install/vector_map/share:/home/point001/autoware.ai/install/lanelet2_core/share:/home/point001/autoware.ai/install/amathutils_lib/share:/home/point001/autoware.ai/install/vector_map_msgs/share:/home/point001/autoware.ai/install/tablet_socket_msgs/share:/home/point001/autoware.ai/install/gnss/share:/home/point001/autoware.ai/install/autoware_msgs/share:/home/point001/autoware.ai/install/autoware_lanelet2_msgs/share:/home/point001/autoware.ai/install/autoware_config_msgs/share:/home/point001/autoware.ai/install/autoware_build_flags/share:${ROS_PACKAGE_PATH} /usr/bin/cmake --build /home/point001/autoware.ai/build/waypoint_maker --target install -- -j24 -l24
[2.523s] [  0%] Built target nav_msgs_generate_messages_py
[2.523s] [  0%] Built target tf2_msgs_generate_messages_nodejs
[2.523s] [  0%] Built target visualization_msgs_generate_messages_cpp
[2.523s] [  0%] Built target vector_map_msgs_generate_messages_eus
[2.523s] [  0%] Built target tf_generate_messages_cpp
[2.523s] [  0%] Built target tf2_msgs_generate_messages_eus
[2.523s] [  0%] Built target tablet_socket_msgs_generate_messages_eus
[2.523s] [  0%] Built target nav_msgs_generate_messages_eus
[2.523s] [  0%] Built target nav_msgs_generate_messages_cpp
[2.525s] [  0%] Built target sensor_msgs_generate_messages_lisp
[2.525s] [  0%] Built target vector_map_msgs_generate_messages_lisp
[2.525s] [  0%] Built target vector_map_msgs_generate_messages_py
[2.525s] [  0%] Built target tf2_msgs_generate_messages_py
[2.525s] [  0%] Built target tablet_socket_msgs_generate_messages_cpp
[2.526s] [  0%] Built target actionlib_generate_messages_nodejs
[2.527s] [  0%] Built target autoware_config_msgs_generate_messages_lisp
[2.528s] [  0%] Built target tf2_msgs_generate_messages_lisp
[2.528s] [  0%] Built target visualization_msgs_generate_messages_nodejs
[2.528s] [  0%] Built target actionlib_generate_messages_py
[2.534s] [  0%] Built target vector_map_msgs_generate_messages_nodejs
[2.534s] [  0%] Built target tablet_socket_msgs_generate_messages_lisp
[2.535s] [  0%] Built target vector_map_msgs_generate_messages_cpp
[2.535s] [  0%] Built target visualization_msgs_generate_messages_eus
[2.539s] [  0%] Built target visualization_msgs_generate_messages_py
[2.548s] [  0%] Built target geometry_msgs_generate_messages_py
[2.549s] [  0%] Built target tf2_msgs_generate_messages_cpp
[2.549s] [  0%] Built target nav_msgs_generate_messages_nodejs
[2.549s] [  0%] Built target actionlib_generate_messages_cpp
[2.550s] [  0%] Built target roscpp_generate_messages_cpp
[2.551s] [  0%] Built target sensor_msgs_generate_messages_nodejs
[2.551s] [  0%] Built target jsk_recognition_msgs_generate_messages_eus
[2.552s] [  0%] Built target std_msgs_generate_messages_py
[2.552s] [  0%] Built target rosgraph_msgs_generate_messages_eus
[2.552s] [  0%] Built target pcl_msgs_generate_messages_eus
[2.553s] [  0%] Built target autoware_msgs_generate_messages_py
[2.553s] [  0%] Built target std_msgs_generate_messages_nodejs
[2.555s] [  0%] Built target nav_msgs_generate_messages_lisp
[2.555s] [  0%] Built target jsk_recognition_msgs_generate_messages_lisp
[2.556s] [  0%] Built target autoware_msgs_generate_messages_cpp
[2.557s] [  0%] Built target sensor_msgs_generate_messages_cpp
[2.561s] [  0%] Built target _catkin_empty_exported_target
[2.562s] [  0%] Built target rosgraph_msgs_generate_messages_cpp
[2.563s] [  0%] Built target sensor_msgs_generate_messages_eus
[2.563s] [  0%] Built target pcl_msgs_generate_messages_nodejs
[2.564s] [  0%] Built target tablet_socket_msgs_generate_messages_nodejs
[2.564s] [  0%] Built target sensor_msgs_generate_messages_py
[2.568s] [  0%] Built target jsk_recognition_msgs_generate_messages_py
[2.576s] [  0%] Built target tf_generate_messages_py
[2.576s] [  0%] Built target std_msgs_generate_messages_cpp
[2.577s] [  0%] Built target std_msgs_generate_messages_lisp
[2.579s] [  0%] Built target tablet_socket_msgs_generate_messages_py
[2.579s] [  0%] Built target actionlib_msgs_generate_messages_nodejs
[2.581s] [  0%] Built target roscpp_generate_messages_nodejs
[2.582s] [  0%] Built target geometry_msgs_generate_messages_nodejs
[2.582s] [  0%] Built target jsk_footstep_msgs_generate_messages_py
[2.582s] [  0%] Built target geometry_msgs_generate_messages_eus
[2.582s] [  0%] Built target autoware_msgs_generate_messages_lisp
[2.583s] [  0%] Built target geometry_msgs_generate_messages_lisp
[2.583s] [  0%] Built target autoware_msgs_generate_messages_eus
[2.585s] [  0%] Built target autoware_msgs_generate_messages_nodejs
[2.585s] [  0%] Built target jsk_recognition_msgs_generate_messages_cpp
[2.587s] [  0%] Built target jsk_footstep_msgs_generate_messages_eus
[2.587s] [  0%] Built target actionlib_msgs_generate_messages_py
[2.589s] [  0%] Built target std_msgs_generate_messages_eus
[2.591s] [  0%] Built target autoware_config_msgs_generate_messages_eus
[2.593s] [  0%] Built target pcl_msgs_generate_messages_cpp
[2.594s] [  0%] Built target jsk_footstep_msgs_generate_messages_nodejs
[2.595s] [  0%] Built target visualization_msgs_generate_messages_lisp
[2.597s] [  0%] Built target jsk_footstep_msgs_generate_messages_lisp
[2.597s] [  0%] Built target jsk_footstep_msgs_generate_messages_cpp
[2.599s] [  0%] Built target actionlib_msgs_generate_messages_lisp
[2.602s] [  0%] Built target autoware_config_msgs_generate_messages_nodejs
[2.605s] [  0%] Built target tf_generate_messages_lisp
[2.606s] [  0%] Built target actionlib_msgs_generate_messages_cpp
[2.608s] [  0%] Built target roscpp_generate_messages_py
[2.608s] [  0%] Built target tf_generate_messages_eus
[2.608s] [  0%] Built target roscpp_generate_messages_lisp
[2.608s] [  0%] Built target tf_generate_messages_nodejs
[2.609s] [  0%] Built target rosgraph_msgs_generate_messages_lisp
[2.609s] [  0%] Built target rosgraph_msgs_generate_messages_nodejs
[2.612s] [  0%] Built target jsk_recognition_msgs_generate_messages_nodejs
[2.612s] [  0%] Built target roscpp_generate_messages_eus
[2.613s] [  0%] Built target actionlib_msgs_generate_messages_eus
[2.614s] [  0%] Built target pcl_msgs_generate_messages_py
[2.614s] [  0%] Built target autoware_config_msgs_generate_messages_cpp
[2.615s] [  0%] Built target autoware_config_msgs_generate_messages_py
[2.615s] [  0%] Built target actionlib_generate_messages_eus
[2.617s] [  0%] Built target rosgraph_msgs_generate_messages_py
[2.617s] [  0%] Built target geometry_msgs_generate_messages_cpp
[2.621s] [  0%] Built target pcl_msgs_generate_messages_lisp
[2.621s] [  0%] Built target actionlib_generate_messages_lisp
[2.627s] [ 10%] Built target waypoint_clicker
[2.644s] [ 20%] Built target waypoint_saver
[2.644s] [ 30%] Built target waypoint_velocity_visualizer
[2.645s] [ 40%] Built target waypoint_extractor
[2.645s] [ 50%] Built target waypoint_marker_publisher
[2.646s] [ 80%] Built target waypoint_loader
[2.646s] [ 80%] Built target waypoint_replanner
[2.647s] [100%] Built target waypoint_creator
[2.666s] [36mInstall the project...[0m
[2.673s] -- Install configuration: "Release"
[2.673s] -- Up-to-date: /home/point001/autoware.ai/install/waypoint_maker/lib/pkgconfig/waypoint_maker.pc
[2.673s] -- Up-to-date: /home/point001/autoware.ai/install/waypoint_maker/share/waypoint_maker/cmake/waypoint_makerConfig.cmake
[2.673s] -- Up-to-date: /home/point001/autoware.ai/install/waypoint_maker/share/waypoint_maker/cmake/waypoint_makerConfig-version.cmake
[2.673s] -- Up-to-date: /home/point001/autoware.ai/install/waypoint_maker/share/waypoint_maker/package.xml
[2.673s] -- Installing: /home/point001/autoware.ai/install/waypoint_maker/lib/waypoint_maker/waypoint_loader
[2.674s] -- Set runtime path of "/home/point001/autoware.ai/install/waypoint_maker/lib/waypoint_maker/waypoint_loader" to ""
[2.674s] -- Installing: /home/point001/autoware.ai/install/waypoint_maker/lib/waypoint_maker/waypoint_replanner
[2.677s] -- Set runtime path of "/home/point001/autoware.ai/install/waypoint_maker/lib/waypoint_maker/waypoint_replanner" to ""
[2.677s] -- Installing: /home/point001/autoware.ai/install/waypoint_maker/lib/waypoint_maker/waypoint_saver
[2.680s] -- Set runtime path of "/home/point001/autoware.ai/install/waypoint_maker/lib/waypoint_maker/waypoint_saver" to ""
[2.680s] -- Installing: /home/point001/autoware.ai/install/waypoint_maker/lib/waypoint_maker/waypoint_clicker
[2.682s] -- Set runtime path of "/home/point001/autoware.ai/install/waypoint_maker/lib/waypoint_maker/waypoint_clicker" to ""
[2.682s] -- Installing: /home/point001/autoware.ai/install/waypoint_maker/lib/waypoint_maker/waypoint_marker_publisher
[2.683s] -- Set runtime path of "/home/point001/autoware.ai/install/waypoint_maker/lib/waypoint_maker/waypoint_marker_publisher" to ""
[2.683s] -- Installing: /home/point001/autoware.ai/install/waypoint_maker/lib/waypoint_maker/waypoint_velocity_visualizer
[2.687s] -- Set runtime path of "/home/point001/autoware.ai/install/waypoint_maker/lib/waypoint_maker/waypoint_velocity_visualizer" to ""
[2.687s] -- Installing: /home/point001/autoware.ai/install/waypoint_maker/lib/waypoint_maker/waypoint_extractor
[2.688s] -- Set runtime path of "/home/point001/autoware.ai/install/waypoint_maker/lib/waypoint_maker/waypoint_extractor" to ""
[2.688s] -- Installing: /home/point001/autoware.ai/install/waypoint_maker/lib/waypoint_maker/waypoint_creator
[2.691s] -- Set runtime path of "/home/point001/autoware.ai/install/waypoint_maker/lib/waypoint_maker/waypoint_creator" to ""
[2.691s] -- Up-to-date: /home/point001/autoware.ai/install/waypoint_maker/share/waypoint_maker/launch
[2.691s] -- Up-to-date: /home/point001/autoware.ai/install/waypoint_maker/share/waypoint_maker/launch/waypoint_creator.launch
[2.691s] -- Up-to-date: /home/point001/autoware.ai/install/waypoint_maker/share/waypoint_maker/launch/waypoint_saver.launch
[2.691s] -- Up-to-date: /home/point001/autoware.ai/install/waypoint_maker/share/waypoint_maker/launch/waypoint_loader.launch
[2.691s] -- Up-to-date: /home/point001/autoware.ai/install/waypoint_maker/share/waypoint_maker/launch/waypoint_velocity_visualizer.launch
[2.693s] Invoked command in '/home/point001/autoware.ai/build/waypoint_maker' returned '0': CMAKE_PREFIX_PATH=/home/point001/autoware.ai/install/lane_planner:/home/point001/autoware.ai/install/lanelet2_extension:/home/point001/autoware.ai/install/lanelet2_validation:/home/point001/autoware.ai/install/lanelet2_routing:/home/point001/autoware.ai/install/lanelet2_projection:/home/point001/autoware.ai/install/libwaypoint_follower:/home/point001/autoware.ai/install/lanelet2_traffic_rules:/home/point001/autoware.ai/install/lanelet2_maps:/home/point001/autoware.ai/install/lanelet2_io:/home/point001/autoware.ai/install/vector_map:/home/point001/autoware.ai/install/lanelet2_core:/home/point001/autoware.ai/install/amathutils_lib:/home/point001/autoware.ai/install/vector_map_msgs:/home/point001/autoware.ai/install/tablet_socket_msgs:/home/point001/autoware.ai/install/gnss:/home/point001/autoware.ai/install/autoware_msgs:/home/point001/autoware.ai/install/autoware_lanelet2_msgs:/home/point001/autoware.ai/install/autoware_config_msgs:/home/point001/autoware.ai/install/autoware_build_flags:${CMAKE_PREFIX_PATH} LD_LIBRARY_PATH=/home/point001/autoware.ai/install/lane_planner/lib:/home/point001/autoware.ai/install/lanelet2_extension/lib:/home/point001/autoware.ai/install/lanelet2_validation/lib:/home/point001/autoware.ai/install/lanelet2_routing/lib:/home/point001/autoware.ai/install/lanelet2_projection/lib:/home/point001/autoware.ai/install/libwaypoint_follower/lib:/home/point001/autoware.ai/install/lanelet2_traffic_rules/lib:/home/point001/autoware.ai/install/lanelet2_io/lib:/home/point001/autoware.ai/install/vector_map/lib:/home/point001/autoware.ai/install/lanelet2_core/lib:/home/point001/autoware.ai/install/amathutils_lib/lib:/home/point001/autoware.ai/install/gnss/lib:${LD_LIBRARY_PATH} PKG_CONFIG_PATH=/home/point001/autoware.ai/install/lane_planner/lib/x86_64-linux-gnu/pkgconfig:/home/point001/autoware.ai/install/lane_planner/lib/pkgconfig:/home/point001/autoware.ai/install/lanelet2_extension/lib/x86_64-linux-gnu/pkgconfig:/home/point001/autoware.ai/install/lanelet2_extension/lib/pkgconfig:/home/point001/autoware.ai/install/lanelet2_validation/lib/x86_64-linux-gnu/pkgconfig:/home/point001/autoware.ai/install/lanelet2_validation/lib/pkgconfig:/home/point001/autoware.ai/install/lanelet2_routing/lib/x86_64-linux-gnu/pkgconfig:/home/point001/autoware.ai/install/lanelet2_routing/lib/pkgconfig:/home/point001/autoware.ai/install/lanelet2_projection/lib/x86_64-linux-gnu/pkgconfig:/home/point001/autoware.ai/install/lanelet2_projection/lib/pkgconfig:/home/point001/autoware.ai/install/libwaypoint_follower/lib/x86_64-linux-gnu/pkgconfig:/home/point001/autoware.ai/install/libwaypoint_follower/lib/pkgconfig:/home/point001/autoware.ai/install/lanelet2_traffic_rules/lib/x86_64-linux-gnu/pkgconfig:/home/point001/autoware.ai/install/lanelet2_traffic_rules/lib/pkgconfig:/home/point001/autoware.ai/install/lanelet2_maps/lib/x86_64-linux-gnu/pkgconfig:/home/point001/autoware.ai/install/lanelet2_maps/lib/pkgconfig:/home/point001/autoware.ai/install/lanelet2_io/lib/x86_64-linux-gnu/pkgconfig:/home/point001/autoware.ai/install/lanelet2_io/lib/pkgconfig:/home/point001/autoware.ai/install/vector_map/lib/x86_64-linux-gnu/pkgconfig:/home/point001/autoware.ai/install/vector_map/lib/pkgconfig:/home/point001/autoware.ai/install/lanelet2_core/lib/x86_64-linux-gnu/pkgconfig:/home/point001/autoware.ai/install/lanelet2_core/lib/pkgconfig:/home/point001/autoware.ai/install/amathutils_lib/lib/x86_64-linux-gnu/pkgconfig:/home/point001/autoware.ai/install/amathutils_lib/lib/pkgconfig:/home/point001/autoware.ai/install/vector_map_msgs/lib/x86_64-linux-gnu/pkgconfig:/home/point001/autoware.ai/install/vector_map_msgs/lib/pkgconfig:/home/point001/autoware.ai/install/tablet_socket_msgs/lib/x86_64-linux-gnu/pkgconfig:/home/point001/autoware.ai/install/tablet_socket_msgs/lib/pkgconfig:/home/point001/autoware.ai/install/gnss/lib/x86_64-linux-gnu/pkgconfig:/home/point001/autoware.ai/install/gnss/lib/pkgconfig:/home/point001/autoware.ai/install/autoware_msgs/lib/x86_64-linux-gnu/pkgconfig:/home/point001/autoware.ai/install/autoware_msgs/lib/pkgconfig:/home/point001/autoware.ai/install/autoware_lanelet2_msgs/lib/x86_64-linux-gnu/pkgconfig:/home/point001/autoware.ai/install/autoware_lanelet2_msgs/lib/pkgconfig:/home/point001/autoware.ai/install/autoware_config_msgs/lib/x86_64-linux-gnu/pkgconfig:/home/point001/autoware.ai/install/autoware_config_msgs/lib/pkgconfig:/home/point001/autoware.ai/install/autoware_build_flags/lib/x86_64-linux-gnu/pkgconfig:/home/point001/autoware.ai/install/autoware_build_flags/lib/pkgconfig:${PKG_CONFIG_PATH} PYTHONPATH=/home/point001/autoware.ai/install/vector_map_msgs/lib/python2.7/dist-packages:/home/point001/autoware.ai/install/tablet_socket_msgs/lib/python2.7/dist-packages:/home/point001/autoware.ai/install/autoware_msgs/lib/python2.7/dist-packages:/home/point001/autoware.ai/install/autoware_lanelet2_msgs/lib/python2.7/dist-packages:/home/point001/autoware.ai/install/autoware_config_msgs/lib/python2.7/dist-packages:${PYTHONPATH} ROS_PACKAGE_PATH=/home/point001/autoware.ai/install/lane_planner/share:/home/point001/autoware.ai/install/lanelet2_extension/share:/home/point001/autoware.ai/install/lanelet2_validation/share:/home/point001/autoware.ai/install/lanelet2_routing/share:/home/point001/autoware.ai/install/lanelet2_projection/share:/home/point001/autoware.ai/install/libwaypoint_follower/share:/home/point001/autoware.ai/install/lanelet2_traffic_rules/share:/home/point001/autoware.ai/install/lanelet2_maps/share:/home/point001/autoware.ai/install/lanelet2_io/share:/home/point001/autoware.ai/install/vector_map/share:/home/point001/autoware.ai/install/lanelet2_core/share:/home/point001/autoware.ai/install/amathutils_lib/share:/home/point001/autoware.ai/install/vector_map_msgs/share:/home/point001/autoware.ai/install/tablet_socket_msgs/share:/home/point001/autoware.ai/install/gnss/share:/home/point001/autoware.ai/install/autoware_msgs/share:/home/point001/autoware.ai/install/autoware_lanelet2_msgs/share:/home/point001/autoware.ai/install/autoware_config_msgs/share:/home/point001/autoware.ai/install/autoware_build_flags/share:${ROS_PACKAGE_PATH} /usr/bin/cmake --build /home/point001/autoware.ai/build/waypoint_maker --target install -- -j24 -l24
