[0.071s] Invoking command in '/home/point001/autoware.ai/build/decision_maker': CMAKE_PREFIX_PATH=/home/point001/autoware.ai/install/lanelet2_extension:/home/point001/autoware.ai/install/lanelet2_validation:/home/point001/autoware.ai/install/lanelet2_routing:/home/point001/autoware.ai/install/lanelet2_projection:/home/point001/autoware.ai/install/lanelet2_traffic_rules:/home/point001/autoware.ai/install/lanelet2_maps:/home/point001/autoware.ai/install/lanelet2_io:/home/point001/autoware.ai/install/vector_map:/home/point001/autoware.ai/install/state_machine_lib:/home/point001/autoware.ai/install/lanelet2_core:/home/point001/autoware.ai/install/amathutils_lib:/home/point001/autoware.ai/install/vector_map_msgs:/home/point001/autoware.ai/install/autoware_msgs:/home/point001/autoware.ai/install/autoware_lanelet2_msgs:/home/point001/autoware.ai/install/autoware_config_msgs:/home/point001/autoware.ai/install/autoware_build_flags:${CMAKE_PREFIX_PATH} LD_LIBRARY_PATH=/home/point001/autoware.ai/install/lanelet2_extension/lib:/home/point001/autoware.ai/install/lanelet2_validation/lib:/home/point001/autoware.ai/install/lanelet2_routing/lib:/home/point001/autoware.ai/install/lanelet2_projection/lib:/home/point001/autoware.ai/install/lanelet2_traffic_rules/lib:/home/point001/autoware.ai/install/lanelet2_io/lib:/home/point001/autoware.ai/install/vector_map/lib:/home/point001/autoware.ai/install/state_machine_lib/lib:/home/point001/autoware.ai/install/lanelet2_core/lib:/home/point001/autoware.ai/install/amathutils_lib/lib:${LD_LIBRARY_PATH} PKG_CONFIG_PATH=/home/point001/autoware.ai/install/lanelet2_extension/lib/x86_64-linux-gnu/pkgconfig:/home/point001/autoware.ai/install/lanelet2_extension/lib/pkgconfig:/home/point001/autoware.ai/install/lanelet2_validation/lib/x86_64-linux-gnu/pkgconfig:/home/point001/autoware.ai/install/lanelet2_validation/lib/pkgconfig:/home/point001/autoware.ai/install/lanelet2_routing/lib/x86_64-linux-gnu/pkgconfig:/home/point001/autoware.ai/install/lanelet2_routing/lib/pkgconfig:/home/point001/autoware.ai/install/lanelet2_projection/lib/x86_64-linux-gnu/pkgconfig:/home/point001/autoware.ai/install/lanelet2_projection/lib/pkgconfig:/home/point001/autoware.ai/install/lanelet2_traffic_rules/lib/x86_64-linux-gnu/pkgconfig:/home/point001/autoware.ai/install/lanelet2_traffic_rules/lib/pkgconfig:/home/point001/autoware.ai/install/lanelet2_maps/lib/x86_64-linux-gnu/pkgconfig:/home/point001/autoware.ai/install/lanelet2_maps/lib/pkgconfig:/home/point001/autoware.ai/install/lanelet2_io/lib/x86_64-linux-gnu/pkgconfig:/home/point001/autoware.ai/install/lanelet2_io/lib/pkgconfig:/home/point001/autoware.ai/install/vector_map/lib/x86_64-linux-gnu/pkgconfig:/home/point001/autoware.ai/install/vector_map/lib/pkgconfig:/home/point001/autoware.ai/install/state_machine_lib/lib/x86_64-linux-gnu/pkgconfig:/home/point001/autoware.ai/install/state_machine_lib/lib/pkgconfig:/home/point001/autoware.ai/install/lanelet2_core/lib/x86_64-linux-gnu/pkgconfig:/home/point001/autoware.ai/install/lanelet2_core/lib/pkgconfig:/home/point001/autoware.ai/install/amathutils_lib/lib/x86_64-linux-gnu/pkgconfig:/home/point001/autoware.ai/install/amathutils_lib/lib/pkgconfig:/home/point001/autoware.ai/install/vector_map_msgs/lib/x86_64-linux-gnu/pkgconfig:/home/point001/autoware.ai/install/vector_map_msgs/lib/pkgconfig:/home/point001/autoware.ai/install/autoware_msgs/lib/x86_64-linux-gnu/pkgconfig:/home/point001/autoware.ai/install/autoware_msgs/lib/pkgconfig:/home/point001/autoware.ai/install/autoware_lanelet2_msgs/lib/x86_64-linux-gnu/pkgconfig:/home/point001/autoware.ai/install/autoware_lanelet2_msgs/lib/pkgconfig:/home/point001/autoware.ai/install/autoware_config_msgs/lib/x86_64-linux-gnu/pkgconfig:/home/point001/autoware.ai/install/autoware_config_msgs/lib/pkgconfig:/home/point001/autoware.ai/install/autoware_build_flags/lib/x86_64-linux-gnu/pkgconfig:/home/point001/autoware.ai/install/autoware_build_flags/lib/pkgconfig:${PKG_CONFIG_PATH} PYTHONPATH=/home/point001/autoware.ai/install/vector_map_msgs/lib/python2.7/dist-packages:/home/point001/autoware.ai/install/autoware_msgs/lib/python2.7/dist-packages:/home/point001/autoware.ai/install/autoware_lanelet2_msgs/lib/python2.7/dist-packages:/home/point001/autoware.ai/install/autoware_config_msgs/lib/python2.7/dist-packages:${PYTHONPATH} ROS_PACKAGE_PATH=/home/point001/autoware.ai/install/lanelet2_extension/share:/home/point001/autoware.ai/install/lanelet2_validation/share:/home/point001/autoware.ai/install/lanelet2_routing/share:/home/point001/autoware.ai/install/lanelet2_projection/share:/home/point001/autoware.ai/install/lanelet2_traffic_rules/share:/home/point001/autoware.ai/install/lanelet2_maps/share:/home/point001/autoware.ai/install/lanelet2_io/share:/home/point001/autoware.ai/install/vector_map/share:/home/point001/autoware.ai/install/state_machine_lib/share:/home/point001/autoware.ai/install/lanelet2_core/share:/home/point001/autoware.ai/install/amathutils_lib/share:/home/point001/autoware.ai/install/vector_map_msgs/share:/home/point001/autoware.ai/install/autoware_msgs/share:/home/point001/autoware.ai/install/autoware_lanelet2_msgs/share:/home/point001/autoware.ai/install/autoware_config_msgs/share:/home/point001/autoware.ai/install/autoware_build_flags/share:${ROS_PACKAGE_PATH} /usr/bin/cmake --build /home/point001/autoware.ai/build/decision_maker -- -j24 -l24
[0.307s] [  0%] Built target actionlib_generate_messages_nodejs
[0.309s] [  0%] Built target visualization_msgs_generate_messages_cpp
[0.316s] [  0%] Built target roscpp_generate_messages_eus
[0.319s] [  0%] Built target actionlib_generate_messages_lisp
[0.320s] [  0%] Built target jsk_rviz_plugins_generate_messages_eus
[0.322s] [  0%] Built target tf2_msgs_generate_messages_py
[0.323s] [  0%] Built target map_msgs_generate_messages_cpp
[0.333s] [  0%] Built target pcl_msgs_generate_messages_py
[0.334s] [  0%] Built target rosgraph_msgs_generate_messages_nodejs
[0.341s] [  0%] Built target rosgraph_msgs_generate_messages_py
[0.356s] [  0%] Built target actionlib_msgs_generate_messages_cpp
[0.357s] [  0%] Built target actionlib_msgs_generate_messages_eus
[0.363s] [  0%] Built target jsk_recognition_msgs_generate_messages_nodejs
[0.363s] [  0%] Built target pcl_msgs_generate_messages_lisp
[0.367s] [  0%] Built target tf_generate_messages_cpp
[0.367s] [  0%] Built target tf2_msgs_generate_messages_nodejs
[0.375s] [  0%] Built target autoware_config_msgs_generate_messages_py
[0.378s] [  0%] Built target nav_msgs_generate_messages_eus
[0.414s] [  0%] Built target autoware_config_msgs_generate_messages_nodejs
[0.423s] [  0%] Built target dynamic_reconfigure_generate_messages_eus
[0.427s] [  0%] Built target autoware_config_msgs_generate_messages_lisp
[0.442s] [  0%] Built target roscpp_generate_messages_py
[0.448s] [  0%] Built target actionlib_generate_messages_py
[0.462s] [  0%] Built target tf_generate_messages_nodejs
[0.468s] [  0%] Built target roscpp_generate_messages_lisp
[0.469s] [  0%] Built target jsk_footstep_msgs_generate_messages_cpp
[0.482s] [  0%] Built target actionlib_msgs_generate_messages_lisp
[0.486s] [  0%] Built target autoware_config_msgs_generate_messages_eus
[0.489s] [  0%] Built target std_srvs_generate_messages_eus
[0.498s] [  0%] Built target autoware_config_msgs_generate_messages_cpp
[0.516s] [  0%] Built target autoware_lanelet2_msgs_generate_messages_py
[0.520s] [  0%] Built target jsk_recognition_msgs_generate_messages_cpp
[0.530s] [  0%] Built target jsk_footstep_msgs_generate_messages_lisp
[0.551s] [  0%] Built target tf_generate_messages_eus
[0.557s] [  0%] Built target autoware_msgs_generate_messages_nodejs
[0.560s] [  0%] Built target autoware_msgs_generate_messages_eus
[0.561s] [  0%] Built target autoware_msgs_generate_messages_lisp
[0.562s] [  0%] Built target actionlib_msgs_generate_messages_py
[0.563s] [  0%] Built target actionlib_generate_messages_eus
[0.584s] [  0%] Built target pcl_msgs_generate_messages_cpp
[0.586s] [  0%] Built target autoware_lanelet2_msgs_generate_messages_nodejs
[0.591s] [  0%] Built target roscpp_generate_messages_nodejs
[0.603s] [  0%] Built target visualization_msgs_generate_messages_lisp
[0.603s] [  0%] Built target tf_generate_messages_lisp
[0.606s] [  0%] Built target std_msgs_generate_messages_lisp
[0.620s] [  0%] Built target jsk_recognition_msgs_generate_messages_py
[0.622s] [  0%] Built target sensor_msgs_generate_messages_lisp
[0.633s] [  0%] Built target tf2_msgs_generate_messages_eus
[0.651s] [  0%] Built target geometry_msgs_generate_messages_eus
[0.661s] [  0%] Built target nodelet_topic_tools_gencfg
[0.665s] [  0%] Built target actionlib_msgs_generate_messages_nodejs
[0.674s] [  0%] Built target jsk_footstep_msgs_generate_messages_py
[0.685s] [  0%] Built target sensor_msgs_generate_messages_py
[0.696s] [  0%] Built target topic_tools_generate_messages_py
[0.712s] [  0%] Built target std_srvs_generate_messages_lisp
[0.712s] [  0%] Built target std_srvs_generate_messages_cpp
[0.713s] [  0%] Built target _catkin_empty_exported_target
[0.713s] [  0%] Built target autoware_msgs_generate_messages_cpp
[0.720s] [  0%] Built target dynamic_reconfigure_generate_messages_cpp
[0.721s] [  0%] Built target sensor_msgs_generate_messages_eus
[0.722s] [  0%] Built target dynamic_reconfigure_gencfg
[0.738s] [  0%] Built target sensor_msgs_generate_messages_cpp
[0.746s] [  0%] Built target bond_generate_messages_nodejs
[0.748s] [  0%] Built target nav_msgs_generate_messages_cpp
[0.751s] [  0%] Built target std_msgs_generate_messages_eus
[0.752s] [  0%] Built target std_msgs_generate_messages_nodejs
[0.757s] [  0%] Built target geometry_msgs_generate_messages_cpp
[0.758s] [  0%] Built target nav_msgs_generate_messages_lisp
[0.768s] [  0%] Built target autoware_msgs_generate_messages_py
[0.776s] [  0%] Built target pcl_msgs_generate_messages_nodejs
[0.793s] [  0%] Built target nodelet_generate_messages_lisp
[0.796s] [  0%] Built target jsk_hark_msgs_generate_messages_lisp
[0.805s] [  0%] Built target nav_msgs_generate_messages_py
[0.810s] [  0%] Built target pcl_msgs_generate_messages_eus
[0.815s] [  0%] Built target geometry_msgs_generate_messages_nodejs
[0.817s] [  0%] Built target jsk_recognition_msgs_generate_messages_lisp
[0.830s] [  0%] Built target sensor_msgs_generate_messages_nodejs
[0.830s] [  0%] Built target std_msgs_generate_messages_py
[0.832s] [  0%] Built target jsk_rviz_plugins_generate_messages_nodejs
[0.833s] [  0%] Built target rosgraph_msgs_generate_messages_eus
[0.835s] [  0%] Built target std_msgs_generate_messages_cpp
[0.836s] [  0%] Built target dynamic_reconfigure_generate_messages_py
[0.839s] [  0%] Built target geometry_msgs_generate_messages_py
[0.844s] [  0%] Built target jsk_recognition_utils_gencfg
[0.846s] [  0%] Built target jsk_rviz_plugins_generate_messages_cpp
[0.856s] [  0%] Built target jsk_rviz_plugins_gencfg
[0.862s] [  0%] Built target jsk_recognition_msgs_generate_messages_eus
[0.864s] [  0%] Built target rviz_generate_messages_lisp
[0.870s] [  0%] Built target actionlib_generate_messages_cpp
[0.873s] [  0%] Built target dynamic_reconfigure_generate_messages_nodejs
[0.874s] [  0%] Built target rviz_generate_messages_nodejs
[0.879s] [  0%] Built target jsk_hark_msgs_generate_messages_cpp
[0.884s] [  0%] Built target tf2_msgs_generate_messages_cpp
[0.884s] [  0%] Built target jsk_rviz_plugins_generate_messages_py
[0.884s] [  0%] Built target people_msgs_generate_messages_nodejs
[0.885s] [  0%] Built target jsk_hark_msgs_generate_messages_eus
[0.896s] [  0%] Built target jsk_rviz_plugins_generate_messages_lisp
[0.896s] [  0%] Built target jsk_hark_msgs_generate_messages_nodejs
[0.899s] [  0%] Built target jsk_footstep_msgs_generate_messages_nodejs
[0.899s] [  0%] Built target pcl_ros_gencfg
[0.903s] [  0%] Built target map_msgs_generate_messages_eus
[0.907s] [  0%] Built target jsk_footstep_msgs_generate_messages_eus
[0.907s] [  0%] Built target jsk_hark_msgs_generate_messages_py
[0.908s] [  0%] Built target nodelet_generate_messages_nodejs
[0.909s] [  0%] Built target geometry_msgs_generate_messages_lisp
[0.912s] [  0%] Built target nodelet_generate_messages_eus
[0.914s] [  0%] Built target rosgraph_msgs_generate_messages_lisp
[0.918s] [  0%] Built target map_msgs_generate_messages_py
[0.922s] [  0%] Built target nodelet_generate_messages_cpp
[0.927s] [  0%] Built target roscpp_generate_messages_cpp
[0.928s] [  0%] Built target bond_generate_messages_lisp
[0.929s] [  0%] Built target topic_tools_generate_messages_cpp
[0.930s] [  0%] Built target vector_map_msgs_generate_messages_nodejs
[0.935s] [  0%] Built target bond_generate_messages_eus
[0.942s] [  0%] Built target bond_generate_messages_py
[0.942s] [  0%] Built target std_srvs_generate_messages_py
[0.943s] [  0%] Built target nodelet_generate_messages_py
[0.945s] [  0%] Built target tf_generate_messages_py
[0.947s] [  0%] Built target bond_generate_messages_cpp
[0.952s] [  0%] Built target visualization_msgs_generate_messages_nodejs
[0.953s] [  0%] Built target topic_tools_generate_messages_nodejs
[0.955s] [  0%] Built target std_srvs_generate_messages_nodejs
[0.958s] [  0%] Built target people_msgs_generate_messages_py
[0.961s] [  0%] Built target dynamic_reconfigure_generate_messages_lisp
[0.961s] [  0%] Built target topic_tools_generate_messages_eus
[0.964s] [  0%] Built target rviz_generate_messages_py
[0.964s] [  0%] Built target visualization_msgs_generate_messages_py
[0.967s] [  0%] Built target rviz_generate_messages_cpp
[0.968s] [  0%] Built target visualization_msgs_generate_messages_eus
[0.968s] [  0%] Built target people_msgs_generate_messages_lisp
[0.975s] [  0%] Built target tf2_msgs_generate_messages_lisp
[0.975s] [  0%] Built target map_msgs_generate_messages_lisp
[0.976s] [  0%] Built target people_msgs_generate_messages_eus
[0.976s] [  0%] Built target nav_msgs_generate_messages_nodejs
[0.976s] [  0%] Built target rviz_generate_messages_eus
[0.978s] [  0%] Built target people_msgs_generate_messages_cpp
[0.980s] [  0%] Built target autoware_lanelet2_msgs_generate_messages_cpp
[0.985s] [  0%] Built target autoware_lanelet2_msgs_generate_messages_lisp
[0.985s] [  0%] Built target rosgraph_msgs_generate_messages_cpp
[0.987s] [  0%] Built target autoware_lanelet2_msgs_generate_messages_eus
[0.987s] [  0%] Built target vector_map_msgs_generate_messages_py
[0.988s] [  0%] Built target vector_map_msgs_generate_messages_lisp
[0.989s] [  0%] Built target vector_map_msgs_generate_messages_cpp
[0.989s] [  0%] Built target topic_tools_generate_messages_lisp
[0.990s] [  0%] Built target vector_map_msgs_generate_messages_eus
[0.993s] [  0%] Built target map_msgs_generate_messages_nodejs
[1.077s] [100%] Built target decision_maker_node
[1.089s] Invoked command in '/home/point001/autoware.ai/build/decision_maker' returned '0': CMAKE_PREFIX_PATH=/home/point001/autoware.ai/install/lanelet2_extension:/home/point001/autoware.ai/install/lanelet2_validation:/home/point001/autoware.ai/install/lanelet2_routing:/home/point001/autoware.ai/install/lanelet2_projection:/home/point001/autoware.ai/install/lanelet2_traffic_rules:/home/point001/autoware.ai/install/lanelet2_maps:/home/point001/autoware.ai/install/lanelet2_io:/home/point001/autoware.ai/install/vector_map:/home/point001/autoware.ai/install/state_machine_lib:/home/point001/autoware.ai/install/lanelet2_core:/home/point001/autoware.ai/install/amathutils_lib:/home/point001/autoware.ai/install/vector_map_msgs:/home/point001/autoware.ai/install/autoware_msgs:/home/point001/autoware.ai/install/autoware_lanelet2_msgs:/home/point001/autoware.ai/install/autoware_config_msgs:/home/point001/autoware.ai/install/autoware_build_flags:${CMAKE_PREFIX_PATH} LD_LIBRARY_PATH=/home/point001/autoware.ai/install/lanelet2_extension/lib:/home/point001/autoware.ai/install/lanelet2_validation/lib:/home/point001/autoware.ai/install/lanelet2_routing/lib:/home/point001/autoware.ai/install/lanelet2_projection/lib:/home/point001/autoware.ai/install/lanelet2_traffic_rules/lib:/home/point001/autoware.ai/install/lanelet2_io/lib:/home/point001/autoware.ai/install/vector_map/lib:/home/point001/autoware.ai/install/state_machine_lib/lib:/home/point001/autoware.ai/install/lanelet2_core/lib:/home/point001/autoware.ai/install/amathutils_lib/lib:${LD_LIBRARY_PATH} PKG_CONFIG_PATH=/home/point001/autoware.ai/install/lanelet2_extension/lib/x86_64-linux-gnu/pkgconfig:/home/point001/autoware.ai/install/lanelet2_extension/lib/pkgconfig:/home/point001/autoware.ai/install/lanelet2_validation/lib/x86_64-linux-gnu/pkgconfig:/home/point001/autoware.ai/install/lanelet2_validation/lib/pkgconfig:/home/point001/autoware.ai/install/lanelet2_routing/lib/x86_64-linux-gnu/pkgconfig:/home/point001/autoware.ai/install/lanelet2_routing/lib/pkgconfig:/home/point001/autoware.ai/install/lanelet2_projection/lib/x86_64-linux-gnu/pkgconfig:/home/point001/autoware.ai/install/lanelet2_projection/lib/pkgconfig:/home/point001/autoware.ai/install/lanelet2_traffic_rules/lib/x86_64-linux-gnu/pkgconfig:/home/point001/autoware.ai/install/lanelet2_traffic_rules/lib/pkgconfig:/home/point001/autoware.ai/install/lanelet2_maps/lib/x86_64-linux-gnu/pkgconfig:/home/point001/autoware.ai/install/lanelet2_maps/lib/pkgconfig:/home/point001/autoware.ai/install/lanelet2_io/lib/x86_64-linux-gnu/pkgconfig:/home/point001/autoware.ai/install/lanelet2_io/lib/pkgconfig:/home/point001/autoware.ai/install/vector_map/lib/x86_64-linux-gnu/pkgconfig:/home/point001/autoware.ai/install/vector_map/lib/pkgconfig:/home/point001/autoware.ai/install/state_machine_lib/lib/x86_64-linux-gnu/pkgconfig:/home/point001/autoware.ai/install/state_machine_lib/lib/pkgconfig:/home/point001/autoware.ai/install/lanelet2_core/lib/x86_64-linux-gnu/pkgconfig:/home/point001/autoware.ai/install/lanelet2_core/lib/pkgconfig:/home/point001/autoware.ai/install/amathutils_lib/lib/x86_64-linux-gnu/pkgconfig:/home/point001/autoware.ai/install/amathutils_lib/lib/pkgconfig:/home/point001/autoware.ai/install/vector_map_msgs/lib/x86_64-linux-gnu/pkgconfig:/home/point001/autoware.ai/install/vector_map_msgs/lib/pkgconfig:/home/point001/autoware.ai/install/autoware_msgs/lib/x86_64-linux-gnu/pkgconfig:/home/point001/autoware.ai/install/autoware_msgs/lib/pkgconfig:/home/point001/autoware.ai/install/autoware_lanelet2_msgs/lib/x86_64-linux-gnu/pkgconfig:/home/point001/autoware.ai/install/autoware_lanelet2_msgs/lib/pkgconfig:/home/point001/autoware.ai/install/autoware_config_msgs/lib/x86_64-linux-gnu/pkgconfig:/home/point001/autoware.ai/install/autoware_config_msgs/lib/pkgconfig:/home/point001/autoware.ai/install/autoware_build_flags/lib/x86_64-linux-gnu/pkgconfig:/home/point001/autoware.ai/install/autoware_build_flags/lib/pkgconfig:${PKG_CONFIG_PATH} PYTHONPATH=/home/point001/autoware.ai/install/vector_map_msgs/lib/python2.7/dist-packages:/home/point001/autoware.ai/install/autoware_msgs/lib/python2.7/dist-packages:/home/point001/autoware.ai/install/autoware_lanelet2_msgs/lib/python2.7/dist-packages:/home/point001/autoware.ai/install/autoware_config_msgs/lib/python2.7/dist-packages:${PYTHONPATH} ROS_PACKAGE_PATH=/home/point001/autoware.ai/install/lanelet2_extension/share:/home/point001/autoware.ai/install/lanelet2_validation/share:/home/point001/autoware.ai/install/lanelet2_routing/share:/home/point001/autoware.ai/install/lanelet2_projection/share:/home/point001/autoware.ai/install/lanelet2_traffic_rules/share:/home/point001/autoware.ai/install/lanelet2_maps/share:/home/point001/autoware.ai/install/lanelet2_io/share:/home/point001/autoware.ai/install/vector_map/share:/home/point001/autoware.ai/install/state_machine_lib/share:/home/point001/autoware.ai/install/lanelet2_core/share:/home/point001/autoware.ai/install/amathutils_lib/share:/home/point001/autoware.ai/install/vector_map_msgs/share:/home/point001/autoware.ai/install/autoware_msgs/share:/home/point001/autoware.ai/install/autoware_lanelet2_msgs/share:/home/point001/autoware.ai/install/autoware_config_msgs/share:/home/point001/autoware.ai/install/autoware_build_flags/share:${ROS_PACKAGE_PATH} /usr/bin/cmake --build /home/point001/autoware.ai/build/decision_maker -- -j24 -l24
[1.231s] Invoking command in '/home/point001/autoware.ai/build/decision_maker': CMAKE_PREFIX_PATH=/home/point001/autoware.ai/install/lanelet2_extension:/home/point001/autoware.ai/install/lanelet2_validation:/home/point001/autoware.ai/install/lanelet2_routing:/home/point001/autoware.ai/install/lanelet2_projection:/home/point001/autoware.ai/install/lanelet2_traffic_rules:/home/point001/autoware.ai/install/lanelet2_maps:/home/point001/autoware.ai/install/lanelet2_io:/home/point001/autoware.ai/install/vector_map:/home/point001/autoware.ai/install/state_machine_lib:/home/point001/autoware.ai/install/lanelet2_core:/home/point001/autoware.ai/install/amathutils_lib:/home/point001/autoware.ai/install/vector_map_msgs:/home/point001/autoware.ai/install/autoware_msgs:/home/point001/autoware.ai/install/autoware_lanelet2_msgs:/home/point001/autoware.ai/install/autoware_config_msgs:/home/point001/autoware.ai/install/autoware_build_flags:${CMAKE_PREFIX_PATH} LD_LIBRARY_PATH=/home/point001/autoware.ai/install/lanelet2_extension/lib:/home/point001/autoware.ai/install/lanelet2_validation/lib:/home/point001/autoware.ai/install/lanelet2_routing/lib:/home/point001/autoware.ai/install/lanelet2_projection/lib:/home/point001/autoware.ai/install/lanelet2_traffic_rules/lib:/home/point001/autoware.ai/install/lanelet2_io/lib:/home/point001/autoware.ai/install/vector_map/lib:/home/point001/autoware.ai/install/state_machine_lib/lib:/home/point001/autoware.ai/install/lanelet2_core/lib:/home/point001/autoware.ai/install/amathutils_lib/lib:${LD_LIBRARY_PATH} PKG_CONFIG_PATH=/home/point001/autoware.ai/install/lanelet2_extension/lib/x86_64-linux-gnu/pkgconfig:/home/point001/autoware.ai/install/lanelet2_extension/lib/pkgconfig:/home/point001/autoware.ai/install/lanelet2_validation/lib/x86_64-linux-gnu/pkgconfig:/home/point001/autoware.ai/install/lanelet2_validation/lib/pkgconfig:/home/point001/autoware.ai/install/lanelet2_routing/lib/x86_64-linux-gnu/pkgconfig:/home/point001/autoware.ai/install/lanelet2_routing/lib/pkgconfig:/home/point001/autoware.ai/install/lanelet2_projection/lib/x86_64-linux-gnu/pkgconfig:/home/point001/autoware.ai/install/lanelet2_projection/lib/pkgconfig:/home/point001/autoware.ai/install/lanelet2_traffic_rules/lib/x86_64-linux-gnu/pkgconfig:/home/point001/autoware.ai/install/lanelet2_traffic_rules/lib/pkgconfig:/home/point001/autoware.ai/install/lanelet2_maps/lib/x86_64-linux-gnu/pkgconfig:/home/point001/autoware.ai/install/lanelet2_maps/lib/pkgconfig:/home/point001/autoware.ai/install/lanelet2_io/lib/x86_64-linux-gnu/pkgconfig:/home/point001/autoware.ai/install/lanelet2_io/lib/pkgconfig:/home/point001/autoware.ai/install/vector_map/lib/x86_64-linux-gnu/pkgconfig:/home/point001/autoware.ai/install/vector_map/lib/pkgconfig:/home/point001/autoware.ai/install/state_machine_lib/lib/x86_64-linux-gnu/pkgconfig:/home/point001/autoware.ai/install/state_machine_lib/lib/pkgconfig:/home/point001/autoware.ai/install/lanelet2_core/lib/x86_64-linux-gnu/pkgconfig:/home/point001/autoware.ai/install/lanelet2_core/lib/pkgconfig:/home/point001/autoware.ai/install/amathutils_lib/lib/x86_64-linux-gnu/pkgconfig:/home/point001/autoware.ai/install/amathutils_lib/lib/pkgconfig:/home/point001/autoware.ai/install/vector_map_msgs/lib/x86_64-linux-gnu/pkgconfig:/home/point001/autoware.ai/install/vector_map_msgs/lib/pkgconfig:/home/point001/autoware.ai/install/autoware_msgs/lib/x86_64-linux-gnu/pkgconfig:/home/point001/autoware.ai/install/autoware_msgs/lib/pkgconfig:/home/point001/autoware.ai/install/autoware_lanelet2_msgs/lib/x86_64-linux-gnu/pkgconfig:/home/point001/autoware.ai/install/autoware_lanelet2_msgs/lib/pkgconfig:/home/point001/autoware.ai/install/autoware_config_msgs/lib/x86_64-linux-gnu/pkgconfig:/home/point001/autoware.ai/install/autoware_config_msgs/lib/pkgconfig:/home/point001/autoware.ai/install/autoware_build_flags/lib/x86_64-linux-gnu/pkgconfig:/home/point001/autoware.ai/install/autoware_build_flags/lib/pkgconfig:${PKG_CONFIG_PATH} PYTHONPATH=/home/point001/autoware.ai/install/vector_map_msgs/lib/python2.7/dist-packages:/home/point001/autoware.ai/install/autoware_msgs/lib/python2.7/dist-packages:/home/point001/autoware.ai/install/autoware_lanelet2_msgs/lib/python2.7/dist-packages:/home/point001/autoware.ai/install/autoware_config_msgs/lib/python2.7/dist-packages:${PYTHONPATH} ROS_PACKAGE_PATH=/home/point001/autoware.ai/install/lanelet2_extension/share:/home/point001/autoware.ai/install/lanelet2_validation/share:/home/point001/autoware.ai/install/lanelet2_routing/share:/home/point001/autoware.ai/install/lanelet2_projection/share:/home/point001/autoware.ai/install/lanelet2_traffic_rules/share:/home/point001/autoware.ai/install/lanelet2_maps/share:/home/point001/autoware.ai/install/lanelet2_io/share:/home/point001/autoware.ai/install/vector_map/share:/home/point001/autoware.ai/install/state_machine_lib/share:/home/point001/autoware.ai/install/lanelet2_core/share:/home/point001/autoware.ai/install/amathutils_lib/share:/home/point001/autoware.ai/install/vector_map_msgs/share:/home/point001/autoware.ai/install/autoware_msgs/share:/home/point001/autoware.ai/install/autoware_lanelet2_msgs/share:/home/point001/autoware.ai/install/autoware_config_msgs/share:/home/point001/autoware.ai/install/autoware_build_flags/share:${ROS_PACKAGE_PATH} /usr/bin/cmake --build /home/point001/autoware.ai/build/decision_maker --target tests -- -j24 -l24
[1.341s] [  0%] Built target nav_msgs_generate_messages_eus
[1.349s] [  0%] Built target rosgraph_msgs_generate_messages_py
[1.349s] [  0%] Built target autoware_config_msgs_generate_messages_py
[1.353s] [  0%] Built target jsk_rviz_plugins_generate_messages_eus
[1.353s] [  0%] Built target actionlib_generate_messages_nodejs
[1.365s] [  0%] Built target autoware_config_msgs_generate_messages_lisp
[1.366s] [  0%] Built target visualization_msgs_generate_messages_cpp
[1.367s] [  0%] Built target autoware_config_msgs_generate_messages_cpp
[1.367s] [  0%] Built target pcl_msgs_generate_messages_lisp
[1.368s] [  0%] Built target tf2_msgs_generate_messages_py
[1.371s] [ 11%] Built target gtest
[1.374s] [ 11%] Built target tf2_msgs_generate_messages_nodejs
[1.385s] [ 11%] Built target pcl_msgs_generate_messages_py
[1.387s] [ 11%] Built target map_msgs_generate_messages_cpp
[1.387s] [ 11%] Built target actionlib_msgs_generate_messages_eus
[1.390s] [ 11%] Built target roscpp_generate_messages_eus
[1.395s] [ 11%] Built target rosgraph_msgs_generate_messages_nodejs
[1.396s] [ 11%] Built target actionlib_generate_messages_lisp
[1.398s] [ 11%] Built target jsk_recognition_msgs_generate_messages_nodejs
[1.398s] [ 11%] Built target roscpp_generate_messages_lisp
[1.406s] [ 11%] Built target actionlib_generate_messages_py
[1.407s] [ 11%] Built target tf_generate_messages_cpp
[1.408s] [ 11%] Built target roscpp_generate_messages_py
[1.412s] [ 11%] Built target dynamic_reconfigure_generate_messages_eus
[1.414s] [ 11%] Built target autoware_config_msgs_generate_messages_nodejs
[1.429s] [ 11%] Built target tf_generate_messages_nodejs
[1.431s] [ 11%] Built target tf_generate_messages_lisp
[1.433s] [ 11%] Built target autoware_lanelet2_msgs_generate_messages_py
[1.435s] [ 11%] Built target tf_generate_messages_eus
[1.446s] [ 11%] Built target autoware_config_msgs_generate_messages_eus
[1.446s] [ 11%] Built target jsk_footstep_msgs_generate_messages_cpp
[1.461s] [ 11%] Built target autoware_msgs_generate_messages_nodejs
[1.468s] [ 11%] Built target actionlib_msgs_generate_messages_py
[1.471s] [ 11%] Built target jsk_footstep_msgs_generate_messages_lisp
[1.472s] [ 11%] Built target std_srvs_generate_messages_eus
[1.478s] [ 11%] Built target visualization_msgs_generate_messages_lisp
[1.478s] [ 11%] Built target autoware_msgs_generate_messages_eus
[1.479s] [ 11%] Built target actionlib_msgs_generate_messages_lisp
[1.479s] [ 11%] Built target tf2_msgs_generate_messages_eus
[1.481s] [ 11%] Built target roscpp_generate_messages_nodejs
[1.485s] [ 11%] Built target autoware_msgs_generate_messages_lisp
[1.491s] [ 11%] Built target jsk_footstep_msgs_generate_messages_py
[1.498s] [ 11%] Built target std_msgs_generate_messages_lisp
[1.503s] [ 11%] Built target actionlib_generate_messages_eus
[1.523s] [ 11%] Built target pcl_msgs_generate_messages_cpp
[1.527s] [ 11%] Built target nodelet_topic_tools_gencfg
[1.527s] [ 11%] Built target geometry_msgs_generate_messages_eus
[1.528s] [ 11%] Built target nav_msgs_generate_messages_lisp
[1.532s] [ 11%] Built target dynamic_reconfigure_generate_messages_cpp
[1.535s] [ 11%] Built target jsk_recognition_msgs_generate_messages_cpp
[1.537s] [ 11%] Built target autoware_lanelet2_msgs_generate_messages_nodejs
[1.538s] [ 11%] Built target actionlib_msgs_generate_messages_nodejs
[1.542s] [ 11%] Built target jsk_recognition_msgs_generate_messages_py
[1.543s] [ 11%] Built target sensor_msgs_generate_messages_cpp
[1.552s] [ 11%] Built target sensor_msgs_generate_messages_lisp
[1.552s] [ 11%] Built target sensor_msgs_generate_messages_py
[1.559s] [ 11%] Built target std_srvs_generate_messages_cpp
[1.561s] [ 11%] Built target geometry_msgs_generate_messages_cpp
[1.561s] [ 11%] Built target std_srvs_generate_messages_lisp
[1.561s] [ 11%] Built target pcl_msgs_generate_messages_nodejs
[1.562s] [ 11%] Built target topic_tools_generate_messages_py
[1.570s] [ 11%] Built target sensor_msgs_generate_messages_eus
[1.572s] [ 11%] Built target bond_generate_messages_nodejs
[1.578s] [ 11%] Built target autoware_msgs_generate_messages_cpp
[1.585s] [ 11%] Built target std_msgs_generate_messages_nodejs
[1.591s] [ 11%] Built target nav_msgs_generate_messages_cpp
[1.596s] [ 11%] Built target std_msgs_generate_messages_cpp
[1.597s] [ 11%] Built target autoware_msgs_generate_messages_py
[1.602s] [ 11%] Built target nav_msgs_generate_messages_py
[1.603s] [ 11%] Built target tf2_msgs_generate_messages_cpp
[1.606s] [ 11%] Built target dynamic_reconfigure_gencfg
[1.616s] [ 11%] Built target rosgraph_msgs_generate_messages_eus
[1.620s] [ 11%] Built target geometry_msgs_generate_messages_nodejs
[1.620s] [ 11%] Built target _catkin_empty_exported_target
[1.621s] [ 11%] Built target jsk_hark_msgs_generate_messages_lisp
[1.623s] [ 11%] Built target std_msgs_generate_messages_eus
[1.626s] [ 11%] Built target pcl_msgs_generate_messages_eus
[1.626s] [ 11%] Built target nodelet_generate_messages_lisp
[1.628s] [ 11%] Built target jsk_rviz_plugins_generate_messages_cpp
[1.628s] [ 11%] Built target std_msgs_generate_messages_py
[1.630s] [ 11%] Built target sensor_msgs_generate_messages_nodejs
[1.639s] [ 11%] Built target dynamic_reconfigure_generate_messages_py
[1.640s] [ 11%] Built target jsk_recognition_msgs_generate_messages_eus
[1.647s] [ 11%] Built target geometry_msgs_generate_messages_py
[1.656s] [ 11%] Built target people_msgs_generate_messages_nodejs
[1.656s] [ 11%] Built target rviz_generate_messages_lisp
[1.663s] [ 11%] Built target actionlib_generate_messages_cpp
[1.670s] [ 11%] Built target jsk_hark_msgs_generate_messages_cpp
[1.674s] [ 11%] Built target jsk_recognition_utils_gencfg
[1.674s] [ 11%] Built target rosgraph_msgs_generate_messages_lisp
[1.676s] [ 11%] Built target jsk_rviz_plugins_generate_messages_lisp
[1.677s] [ 11%] Built target jsk_hark_msgs_generate_messages_eus
[1.679s] [ 11%] Built target dynamic_reconfigure_generate_messages_nodejs
[1.689s] [ 11%] Built target jsk_recognition_msgs_generate_messages_lisp
[1.689s] [ 11%] Built target jsk_rviz_plugins_gencfg
[1.689s] [ 11%] Built target jsk_rviz_plugins_generate_messages_nodejs
[1.694s] [ 11%] Built target jsk_hark_msgs_generate_messages_nodejs
[1.698s] [ 11%] Built target jsk_rviz_plugins_generate_messages_py
[1.708s] [ 11%] Built target nodelet_generate_messages_eus
[1.713s] [ 11%] Built target roscpp_generate_messages_cpp
[1.714s] [ 11%] Built target rviz_generate_messages_nodejs
[1.714s] [ 11%] Built target jsk_footstep_msgs_generate_messages_eus
[1.718s] [ 11%] Built target jsk_hark_msgs_generate_messages_py
[1.725s] [ 11%] Built target map_msgs_generate_messages_py
[1.725s] [ 11%] Built target jsk_footstep_msgs_generate_messages_nodejs
[1.730s] [ 11%] Built target geometry_msgs_generate_messages_lisp
[1.731s] [ 11%] Built target pcl_ros_gencfg
[1.733s] [ 11%] Built target bond_generate_messages_cpp
[1.734s] [ 11%] Built target map_msgs_generate_messages_eus
[1.739s] [ 11%] Built target topic_tools_generate_messages_nodejs
[1.740s] [ 11%] Built target vector_map_msgs_generate_messages_nodejs
[1.741s] [ 11%] Built target bond_generate_messages_lisp
[1.743s] [ 11%] Built target std_srvs_generate_messages_nodejs
[1.745s] [ 11%] Built target bond_generate_messages_eus
[1.745s] [ 11%] Built target tf_generate_messages_py
[1.746s] [ 11%] Built target bond_generate_messages_py
[1.746s] [ 11%] Built target nodelet_generate_messages_nodejs
[1.746s] [ 11%] Built target nodelet_generate_messages_cpp
[1.753s] [ 11%] Built target topic_tools_generate_messages_eus
[1.753s] [ 11%] Built target visualization_msgs_generate_messages_eus
[1.755s] [ 11%] Built target std_srvs_generate_messages_py
[1.758s] [ 11%] Built target topic_tools_generate_messages_cpp
[1.761s] [ 11%] Built target nodelet_generate_messages_py
[1.766s] [ 11%] Built target dynamic_reconfigure_generate_messages_lisp
[1.766s] [ 11%] Built target people_msgs_generate_messages_eus
[1.767s] [ 11%] Built target people_msgs_generate_messages_py
[1.769s] [ 11%] Built target people_msgs_generate_messages_cpp
[1.775s] [ 11%] Built target visualization_msgs_generate_messages_py
[1.776s] [ 11%] Built target rviz_generate_messages_eus
[1.777s] [ 11%] Built target map_msgs_generate_messages_lisp
[1.778s] [ 11%] Built target autoware_lanelet2_msgs_generate_messages_cpp
[1.780s] [ 11%] Built target autoware_lanelet2_msgs_generate_messages_lisp
[1.781s] [ 11%] Built target rviz_generate_messages_cpp
[1.781s] [ 11%] Built target vector_map_msgs_generate_messages_cpp
[1.781s] [ 11%] Built target autoware_lanelet2_msgs_generate_messages_eus
[1.782s] [ 11%] Built target visualization_msgs_generate_messages_nodejs
[1.783s] [ 11%] Built target people_msgs_generate_messages_lisp
[1.783s] [ 11%] Built target map_msgs_generate_messages_nodejs
[1.785s] [ 11%] Built target vector_map_msgs_generate_messages_lisp
[1.785s] [ 11%] Built target nav_msgs_generate_messages_nodejs
[1.786s] [ 11%] Built target tf2_msgs_generate_messages_lisp
[1.786s] [ 11%] Built target rosgraph_msgs_generate_messages_cpp
[1.787s] [ 11%] Built target topic_tools_generate_messages_lisp
[1.788s] [ 11%] Built target vector_map_msgs_generate_messages_eus
[1.793s] [ 11%] Built target rviz_generate_messages_py
[1.794s] [ 11%] Built target vector_map_msgs_generate_messages_py
[1.794s] [ 11%] Built target actionlib_msgs_generate_messages_cpp
[1.903s] [100%] Built target test-decision_maker
[1.968s] [100%] Built target tests
[2.003s] Invoked command in '/home/point001/autoware.ai/build/decision_maker' returned '0': CMAKE_PREFIX_PATH=/home/point001/autoware.ai/install/lanelet2_extension:/home/point001/autoware.ai/install/lanelet2_validation:/home/point001/autoware.ai/install/lanelet2_routing:/home/point001/autoware.ai/install/lanelet2_projection:/home/point001/autoware.ai/install/lanelet2_traffic_rules:/home/point001/autoware.ai/install/lanelet2_maps:/home/point001/autoware.ai/install/lanelet2_io:/home/point001/autoware.ai/install/vector_map:/home/point001/autoware.ai/install/state_machine_lib:/home/point001/autoware.ai/install/lanelet2_core:/home/point001/autoware.ai/install/amathutils_lib:/home/point001/autoware.ai/install/vector_map_msgs:/home/point001/autoware.ai/install/autoware_msgs:/home/point001/autoware.ai/install/autoware_lanelet2_msgs:/home/point001/autoware.ai/install/autoware_config_msgs:/home/point001/autoware.ai/install/autoware_build_flags:${CMAKE_PREFIX_PATH} LD_LIBRARY_PATH=/home/point001/autoware.ai/install/lanelet2_extension/lib:/home/point001/autoware.ai/install/lanelet2_validation/lib:/home/point001/autoware.ai/install/lanelet2_routing/lib:/home/point001/autoware.ai/install/lanelet2_projection/lib:/home/point001/autoware.ai/install/lanelet2_traffic_rules/lib:/home/point001/autoware.ai/install/lanelet2_io/lib:/home/point001/autoware.ai/install/vector_map/lib:/home/point001/autoware.ai/install/state_machine_lib/lib:/home/point001/autoware.ai/install/lanelet2_core/lib:/home/point001/autoware.ai/install/amathutils_lib/lib:${LD_LIBRARY_PATH} PKG_CONFIG_PATH=/home/point001/autoware.ai/install/lanelet2_extension/lib/x86_64-linux-gnu/pkgconfig:/home/point001/autoware.ai/install/lanelet2_extension/lib/pkgconfig:/home/point001/autoware.ai/install/lanelet2_validation/lib/x86_64-linux-gnu/pkgconfig:/home/point001/autoware.ai/install/lanelet2_validation/lib/pkgconfig:/home/point001/autoware.ai/install/lanelet2_routing/lib/x86_64-linux-gnu/pkgconfig:/home/point001/autoware.ai/install/lanelet2_routing/lib/pkgconfig:/home/point001/autoware.ai/install/lanelet2_projection/lib/x86_64-linux-gnu/pkgconfig:/home/point001/autoware.ai/install/lanelet2_projection/lib/pkgconfig:/home/point001/autoware.ai/install/lanelet2_traffic_rules/lib/x86_64-linux-gnu/pkgconfig:/home/point001/autoware.ai/install/lanelet2_traffic_rules/lib/pkgconfig:/home/point001/autoware.ai/install/lanelet2_maps/lib/x86_64-linux-gnu/pkgconfig:/home/point001/autoware.ai/install/lanelet2_maps/lib/pkgconfig:/home/point001/autoware.ai/install/lanelet2_io/lib/x86_64-linux-gnu/pkgconfig:/home/point001/autoware.ai/install/lanelet2_io/lib/pkgconfig:/home/point001/autoware.ai/install/vector_map/lib/x86_64-linux-gnu/pkgconfig:/home/point001/autoware.ai/install/vector_map/lib/pkgconfig:/home/point001/autoware.ai/install/state_machine_lib/lib/x86_64-linux-gnu/pkgconfig:/home/point001/autoware.ai/install/state_machine_lib/lib/pkgconfig:/home/point001/autoware.ai/install/lanelet2_core/lib/x86_64-linux-gnu/pkgconfig:/home/point001/autoware.ai/install/lanelet2_core/lib/pkgconfig:/home/point001/autoware.ai/install/amathutils_lib/lib/x86_64-linux-gnu/pkgconfig:/home/point001/autoware.ai/install/amathutils_lib/lib/pkgconfig:/home/point001/autoware.ai/install/vector_map_msgs/lib/x86_64-linux-gnu/pkgconfig:/home/point001/autoware.ai/install/vector_map_msgs/lib/pkgconfig:/home/point001/autoware.ai/install/autoware_msgs/lib/x86_64-linux-gnu/pkgconfig:/home/point001/autoware.ai/install/autoware_msgs/lib/pkgconfig:/home/point001/autoware.ai/install/autoware_lanelet2_msgs/lib/x86_64-linux-gnu/pkgconfig:/home/point001/autoware.ai/install/autoware_lanelet2_msgs/lib/pkgconfig:/home/point001/autoware.ai/install/autoware_config_msgs/lib/x86_64-linux-gnu/pkgconfig:/home/point001/autoware.ai/install/autoware_config_msgs/lib/pkgconfig:/home/point001/autoware.ai/install/autoware_build_flags/lib/x86_64-linux-gnu/pkgconfig:/home/point001/autoware.ai/install/autoware_build_flags/lib/pkgconfig:${PKG_CONFIG_PATH} PYTHONPATH=/home/point001/autoware.ai/install/vector_map_msgs/lib/python2.7/dist-packages:/home/point001/autoware.ai/install/autoware_msgs/lib/python2.7/dist-packages:/home/point001/autoware.ai/install/autoware_lanelet2_msgs/lib/python2.7/dist-packages:/home/point001/autoware.ai/install/autoware_config_msgs/lib/python2.7/dist-packages:${PYTHONPATH} ROS_PACKAGE_PATH=/home/point001/autoware.ai/install/lanelet2_extension/share:/home/point001/autoware.ai/install/lanelet2_validation/share:/home/point001/autoware.ai/install/lanelet2_routing/share:/home/point001/autoware.ai/install/lanelet2_projection/share:/home/point001/autoware.ai/install/lanelet2_traffic_rules/share:/home/point001/autoware.ai/install/lanelet2_maps/share:/home/point001/autoware.ai/install/lanelet2_io/share:/home/point001/autoware.ai/install/vector_map/share:/home/point001/autoware.ai/install/state_machine_lib/share:/home/point001/autoware.ai/install/lanelet2_core/share:/home/point001/autoware.ai/install/amathutils_lib/share:/home/point001/autoware.ai/install/vector_map_msgs/share:/home/point001/autoware.ai/install/autoware_msgs/share:/home/point001/autoware.ai/install/autoware_lanelet2_msgs/share:/home/point001/autoware.ai/install/autoware_config_msgs/share:/home/point001/autoware.ai/install/autoware_build_flags/share:${ROS_PACKAGE_PATH} /usr/bin/cmake --build /home/point001/autoware.ai/build/decision_maker --target tests -- -j24 -l24
[2.348s] Invoking command in '/home/point001/autoware.ai/build/decision_maker': CMAKE_PREFIX_PATH=/home/point001/autoware.ai/install/lanelet2_extension:/home/point001/autoware.ai/install/lanelet2_validation:/home/point001/autoware.ai/install/lanelet2_routing:/home/point001/autoware.ai/install/lanelet2_projection:/home/point001/autoware.ai/install/lanelet2_traffic_rules:/home/point001/autoware.ai/install/lanelet2_maps:/home/point001/autoware.ai/install/lanelet2_io:/home/point001/autoware.ai/install/vector_map:/home/point001/autoware.ai/install/state_machine_lib:/home/point001/autoware.ai/install/lanelet2_core:/home/point001/autoware.ai/install/amathutils_lib:/home/point001/autoware.ai/install/vector_map_msgs:/home/point001/autoware.ai/install/autoware_msgs:/home/point001/autoware.ai/install/autoware_lanelet2_msgs:/home/point001/autoware.ai/install/autoware_config_msgs:/home/point001/autoware.ai/install/autoware_build_flags:${CMAKE_PREFIX_PATH} LD_LIBRARY_PATH=/home/point001/autoware.ai/install/lanelet2_extension/lib:/home/point001/autoware.ai/install/lanelet2_validation/lib:/home/point001/autoware.ai/install/lanelet2_routing/lib:/home/point001/autoware.ai/install/lanelet2_projection/lib:/home/point001/autoware.ai/install/lanelet2_traffic_rules/lib:/home/point001/autoware.ai/install/lanelet2_io/lib:/home/point001/autoware.ai/install/vector_map/lib:/home/point001/autoware.ai/install/state_machine_lib/lib:/home/point001/autoware.ai/install/lanelet2_core/lib:/home/point001/autoware.ai/install/amathutils_lib/lib:${LD_LIBRARY_PATH} PKG_CONFIG_PATH=/home/point001/autoware.ai/install/lanelet2_extension/lib/x86_64-linux-gnu/pkgconfig:/home/point001/autoware.ai/install/lanelet2_extension/lib/pkgconfig:/home/point001/autoware.ai/install/lanelet2_validation/lib/x86_64-linux-gnu/pkgconfig:/home/point001/autoware.ai/install/lanelet2_validation/lib/pkgconfig:/home/point001/autoware.ai/install/lanelet2_routing/lib/x86_64-linux-gnu/pkgconfig:/home/point001/autoware.ai/install/lanelet2_routing/lib/pkgconfig:/home/point001/autoware.ai/install/lanelet2_projection/lib/x86_64-linux-gnu/pkgconfig:/home/point001/autoware.ai/install/lanelet2_projection/lib/pkgconfig:/home/point001/autoware.ai/install/lanelet2_traffic_rules/lib/x86_64-linux-gnu/pkgconfig:/home/point001/autoware.ai/install/lanelet2_traffic_rules/lib/pkgconfig:/home/point001/autoware.ai/install/lanelet2_maps/lib/x86_64-linux-gnu/pkgconfig:/home/point001/autoware.ai/install/lanelet2_maps/lib/pkgconfig:/home/point001/autoware.ai/install/lanelet2_io/lib/x86_64-linux-gnu/pkgconfig:/home/point001/autoware.ai/install/lanelet2_io/lib/pkgconfig:/home/point001/autoware.ai/install/vector_map/lib/x86_64-linux-gnu/pkgconfig:/home/point001/autoware.ai/install/vector_map/lib/pkgconfig:/home/point001/autoware.ai/install/state_machine_lib/lib/x86_64-linux-gnu/pkgconfig:/home/point001/autoware.ai/install/state_machine_lib/lib/pkgconfig:/home/point001/autoware.ai/install/lanelet2_core/lib/x86_64-linux-gnu/pkgconfig:/home/point001/autoware.ai/install/lanelet2_core/lib/pkgconfig:/home/point001/autoware.ai/install/amathutils_lib/lib/x86_64-linux-gnu/pkgconfig:/home/point001/autoware.ai/install/amathutils_lib/lib/pkgconfig:/home/point001/autoware.ai/install/vector_map_msgs/lib/x86_64-linux-gnu/pkgconfig:/home/point001/autoware.ai/install/vector_map_msgs/lib/pkgconfig:/home/point001/autoware.ai/install/autoware_msgs/lib/x86_64-linux-gnu/pkgconfig:/home/point001/autoware.ai/install/autoware_msgs/lib/pkgconfig:/home/point001/autoware.ai/install/autoware_lanelet2_msgs/lib/x86_64-linux-gnu/pkgconfig:/home/point001/autoware.ai/install/autoware_lanelet2_msgs/lib/pkgconfig:/home/point001/autoware.ai/install/autoware_config_msgs/lib/x86_64-linux-gnu/pkgconfig:/home/point001/autoware.ai/install/autoware_config_msgs/lib/pkgconfig:/home/point001/autoware.ai/install/autoware_build_flags/lib/x86_64-linux-gnu/pkgconfig:/home/point001/autoware.ai/install/autoware_build_flags/lib/pkgconfig:${PKG_CONFIG_PATH} PYTHONPATH=/home/point001/autoware.ai/install/vector_map_msgs/lib/python2.7/dist-packages:/home/point001/autoware.ai/install/autoware_msgs/lib/python2.7/dist-packages:/home/point001/autoware.ai/install/autoware_lanelet2_msgs/lib/python2.7/dist-packages:/home/point001/autoware.ai/install/autoware_config_msgs/lib/python2.7/dist-packages:${PYTHONPATH} ROS_PACKAGE_PATH=/home/point001/autoware.ai/install/lanelet2_extension/share:/home/point001/autoware.ai/install/lanelet2_validation/share:/home/point001/autoware.ai/install/lanelet2_routing/share:/home/point001/autoware.ai/install/lanelet2_projection/share:/home/point001/autoware.ai/install/lanelet2_traffic_rules/share:/home/point001/autoware.ai/install/lanelet2_maps/share:/home/point001/autoware.ai/install/lanelet2_io/share:/home/point001/autoware.ai/install/vector_map/share:/home/point001/autoware.ai/install/state_machine_lib/share:/home/point001/autoware.ai/install/lanelet2_core/share:/home/point001/autoware.ai/install/amathutils_lib/share:/home/point001/autoware.ai/install/vector_map_msgs/share:/home/point001/autoware.ai/install/autoware_msgs/share:/home/point001/autoware.ai/install/autoware_lanelet2_msgs/share:/home/point001/autoware.ai/install/autoware_config_msgs/share:/home/point001/autoware.ai/install/autoware_build_flags/share:${ROS_PACKAGE_PATH} /usr/bin/cmake --build /home/point001/autoware.ai/build/decision_maker --target install -- -j24 -l24
[2.439s] [  0%] Built target tf_generate_messages_cpp
[2.443s] [  0%] Built target map_msgs_generate_messages_cpp
[2.446s] [  0%] Built target tf2_msgs_generate_messages_nodejs
[2.447s] [  0%] Built target jsk_recognition_msgs_generate_messages_nodejs
[2.447s] [  0%] Built target autoware_config_msgs_generate_messages_cpp
[2.449s] [  0%] Built target tf2_msgs_generate_messages_py
[2.451s] [  0%] Built target roscpp_generate_messages_py
[2.453s] [  0%] Built target actionlib_msgs_generate_messages_cpp
[2.453s] [  0%] Built target roscpp_generate_messages_eus
[2.455s] [  0%] Built target nav_msgs_generate_messages_eus
[2.457s] [  0%] Built target actionlib_generate_messages_nodejs
[2.457s] [  0%] Built target autoware_config_msgs_generate_messages_lisp
[2.459s] [  0%] Built target dynamic_reconfigure_generate_messages_eus
[2.460s] [  0%] Built target actionlib_msgs_generate_messages_eus
[2.469s] [  0%] Built target pcl_msgs_generate_messages_lisp
[2.471s] [  0%] Built target actionlib_generate_messages_py
[2.481s] [  0%] Built target autoware_config_msgs_generate_messages_py
[2.482s] [  0%] Built target actionlib_generate_messages_lisp
[2.488s] [  0%] Built target rosgraph_msgs_generate_messages_py
[2.489s] [  0%] Built target rosgraph_msgs_generate_messages_nodejs
[2.490s] [  0%] Built target roscpp_generate_messages_lisp
[2.500s] [  0%] Built target visualization_msgs_generate_messages_cpp
[2.512s] [  0%] Built target pcl_msgs_generate_messages_py
[2.530s] [  0%] Built target jsk_rviz_plugins_generate_messages_eus
[2.548s] [  0%] Built target autoware_msgs_generate_messages_eus
[2.549s] [  0%] Built target visualization_msgs_generate_messages_lisp
[2.554s] [  0%] Built target tf_generate_messages_eus
[2.559s] [  0%] Built target autoware_lanelet2_msgs_generate_messages_py
[2.564s] [  0%] Built target roscpp_generate_messages_nodejs
[2.573s] [  0%] Built target actionlib_msgs_generate_messages_py
[2.573s] [  0%] Built target actionlib_generate_messages_eus
[2.578s] [  0%] Built target actionlib_msgs_generate_messages_lisp
[2.585s] [  0%] Built target tf_generate_messages_nodejs
[2.591s] [  0%] Built target tf_generate_messages_lisp
[2.600s] [  0%] Built target std_srvs_generate_messages_eus
[2.606s] [  0%] Built target autoware_config_msgs_generate_messages_nodejs
[2.607s] [  0%] Built target jsk_footstep_msgs_generate_messages_lisp
[2.608s] [  0%] Built target geometry_msgs_generate_messages_cpp
[2.618s] [  0%] Built target actionlib_msgs_generate_messages_nodejs
[2.618s] [  0%] Built target autoware_config_msgs_generate_messages_eus
[2.621s] [  0%] Built target geometry_msgs_generate_messages_eus
[2.632s] [  0%] Built target topic_tools_generate_messages_py
[2.633s] [  0%] Built target pcl_msgs_generate_messages_cpp
[2.642s] [  0%] Built target autoware_msgs_generate_messages_lisp
[2.657s] [  0%] Built target nodelet_topic_tools_gencfg
[2.658s] [  0%] Built target tf2_msgs_generate_messages_eus
[2.662s] [  0%] Built target jsk_recognition_msgs_generate_messages_cpp
[2.664s] [  0%] Built target dynamic_reconfigure_generate_messages_cpp
[2.666s] [  0%] Built target nav_msgs_generate_messages_cpp
[2.673s] [  0%] Built target std_srvs_generate_messages_cpp
[2.675s] [  0%] Built target jsk_footstep_msgs_generate_messages_cpp
[2.675s] [  0%] Built target sensor_msgs_generate_messages_py
[2.678s] [  0%] Built target autoware_lanelet2_msgs_generate_messages_nodejs
[2.684s] [  0%] Built target std_msgs_generate_messages_lisp
[2.688s] [  0%] Built target _catkin_empty_exported_target
[2.688s] [  0%] Built target pcl_msgs_generate_messages_nodejs
[2.697s] [  0%] Built target autoware_msgs_generate_messages_nodejs
[2.698s] [  0%] Built target jsk_recognition_msgs_generate_messages_py
[2.716s] [  0%] Built target sensor_msgs_generate_messages_lisp
[2.725s] [  0%] Built target bond_generate_messages_nodejs
[2.735s] [  0%] Built target std_msgs_generate_messages_nodejs
[2.735s] [  0%] Built target nav_msgs_generate_messages_lisp
[2.736s] [  0%] Built target jsk_footstep_msgs_generate_messages_py
[2.750s] [  0%] Built target std_srvs_generate_messages_lisp
[2.751s] [  0%] Built target autoware_msgs_generate_messages_py
[2.755s] [  0%] Built target dynamic_reconfigure_gencfg
[2.756s] [  0%] Built target sensor_msgs_generate_messages_cpp
[2.756s] [  0%] Built target geometry_msgs_generate_messages_nodejs
[2.769s] [  0%] Built target nodelet_generate_messages_lisp
[2.774s] [  0%] Built target std_msgs_generate_messages_cpp
[2.779s] [  0%] Built target jsk_hark_msgs_generate_messages_lisp
[2.783s] [  0%] Built target nav_msgs_generate_messages_py
[2.793s] [  0%] Built target jsk_rviz_plugins_generate_messages_cpp
[2.804s] [  0%] Built target sensor_msgs_generate_messages_eus
[2.804s] [  0%] Built target rosgraph_msgs_generate_messages_eus
[2.806s] [  0%] Built target autoware_msgs_generate_messages_cpp
[2.807s] [  0%] Built target jsk_recognition_msgs_generate_messages_eus
[2.811s] [  0%] Built target std_msgs_generate_messages_eus
[2.821s] [  0%] Built target std_msgs_generate_messages_py
[2.828s] [  0%] Built target jsk_recognition_msgs_generate_messages_lisp
[2.828s] [  0%] Built target actionlib_generate_messages_cpp
[2.828s] [  0%] Built target tf2_msgs_generate_messages_cpp
[2.845s] [  0%] Built target geometry_msgs_generate_messages_py
[2.854s] [  0%] Built target people_msgs_generate_messages_nodejs
[2.854s] [  0%] Built target pcl_msgs_generate_messages_eus
[2.875s] [  0%] Built target sensor_msgs_generate_messages_nodejs
[2.889s] [  0%] Built target jsk_rviz_plugins_gencfg
[2.895s] [  0%] Built target jsk_recognition_utils_gencfg
[2.898s] [  0%] Built target jsk_hark_msgs_generate_messages_nodejs
[2.905s] [  0%] Built target rosgraph_msgs_generate_messages_lisp
[2.916s] [  0%] Built target rviz_generate_messages_lisp
[2.917s] [  0%] Built target jsk_rviz_plugins_generate_messages_py
[2.919s] [  0%] Built target jsk_hark_msgs_generate_messages_eus
[2.919s] [  0%] Built target jsk_footstep_msgs_generate_messages_eus
[2.920s] [  0%] Built target pcl_ros_gencfg
[2.925s] [  0%] Built target jsk_rviz_plugins_generate_messages_lisp
[2.931s] [  0%] Built target jsk_rviz_plugins_generate_messages_nodejs
[2.931s] [  0%] Built target rviz_generate_messages_nodejs
[2.932s] [  0%] Built target dynamic_reconfigure_generate_messages_py
[2.940s] [  0%] Built target nodelet_generate_messages_cpp
[2.941s] [  0%] Built target dynamic_reconfigure_generate_messages_nodejs
[2.947s] [  0%] Built target jsk_hark_msgs_generate_messages_cpp
[2.961s] [  0%] Built target jsk_footstep_msgs_generate_messages_nodejs
[2.964s] [  0%] Built target jsk_hark_msgs_generate_messages_py
[2.965s] [  0%] Built target map_msgs_generate_messages_py
[2.969s] [  0%] Built target nodelet_generate_messages_eus
[2.969s] [  0%] Built target vector_map_msgs_generate_messages_nodejs
[2.970s] [  0%] Built target map_msgs_generate_messages_eus
[2.970s] [  0%] Built target nodelet_generate_messages_nodejs
[2.970s] [  0%] Built target nodelet_generate_messages_py
[2.974s] [  0%] Built target bond_generate_messages_lisp
[2.998s] [  0%] Built target bond_generate_messages_cpp
[2.999s] [  0%] Built target geometry_msgs_generate_messages_lisp
[3.007s] [  0%] Built target std_srvs_generate_messages_nodejs
[3.008s] [  0%] Built target topic_tools_generate_messages_cpp
[3.011s] [  0%] Built target bond_generate_messages_py
[3.011s] [  0%] Built target rviz_generate_messages_cpp
[3.011s] [  0%] Built target rviz_generate_messages_eus
[3.012s] [  0%] Built target tf2_msgs_generate_messages_lisp
[3.013s] [  0%] Built target roscpp_generate_messages_cpp
[3.016s] [  0%] Built target visualization_msgs_generate_messages_nodejs
[3.016s] [  0%] Built target bond_generate_messages_eus
[3.018s] [  0%] Built target visualization_msgs_generate_messages_eus
[3.019s] [  0%] Built target std_srvs_generate_messages_py
[3.026s] [  0%] Built target people_msgs_generate_messages_cpp
[3.026s] [  0%] Built target tf_generate_messages_py
[3.026s] [  0%] Built target visualization_msgs_generate_messages_py
[3.028s] [  0%] Built target rviz_generate_messages_py
[3.040s] [  0%] Built target topic_tools_generate_messages_nodejs
[3.041s] [  0%] Built target people_msgs_generate_messages_eus
[3.041s] [  0%] Built target people_msgs_generate_messages_py
[3.045s] [  0%] Built target rosgraph_msgs_generate_messages_cpp
[3.045s] [  0%] Built target people_msgs_generate_messages_lisp
[3.046s] [  0%] Built target map_msgs_generate_messages_nodejs
[3.046s] [  0%] Built target map_msgs_generate_messages_lisp
[3.050s] [  0%] Built target dynamic_reconfigure_generate_messages_lisp
[3.050s] [  0%] Built target nav_msgs_generate_messages_nodejs
[3.050s] [  0%] Built target topic_tools_generate_messages_eus
[3.051s] [  0%] Built target vector_map_msgs_generate_messages_lisp
[3.053s] [  0%] Built target vector_map_msgs_generate_messages_cpp
[3.054s] [  0%] Built target autoware_lanelet2_msgs_generate_messages_lisp
[3.059s] [  0%] Built target topic_tools_generate_messages_lisp
[3.059s] [  0%] Built target vector_map_msgs_generate_messages_eus
[3.059s] [  0%] Built target autoware_lanelet2_msgs_generate_messages_cpp
[3.059s] [  0%] Built target vector_map_msgs_generate_messages_py
[3.062s] [  0%] Built target autoware_lanelet2_msgs_generate_messages_eus
[3.137s] [100%] Built target decision_maker_node
[3.167s] [36mInstall the project...[0m
[3.177s] -- Install configuration: "Release"
[3.178s] -- Up-to-date: /home/point001/autoware.ai/install/decision_maker/lib/pkgconfig/decision_maker.pc
[3.178s] -- Up-to-date: /home/point001/autoware.ai/install/decision_maker/share/decision_maker/cmake/decision_makerConfig.cmake
[3.178s] -- Up-to-date: /home/point001/autoware.ai/install/decision_maker/share/decision_maker/cmake/decision_makerConfig-version.cmake
[3.178s] -- Up-to-date: /home/point001/autoware.ai/install/decision_maker/share/decision_maker/package.xml
[3.178s] -- Up-to-date: /home/point001/autoware.ai/install/decision_maker/lib/decision_maker/decision_maker_node
[3.179s] -- Up-to-date: /home/point001/autoware.ai/install/decision_maker/share/decision_maker/launch
[3.179s] -- Up-to-date: /home/point001/autoware.ai/install/decision_maker/share/decision_maker/launch/decision_maker.launch
[3.179s] -- Up-to-date: /home/point001/autoware.ai/install/decision_maker/share/decision_maker/autoware_state_behavior.yaml
[3.179s] -- Up-to-date: /home/point001/autoware.ai/install/decision_maker/share/decision_maker/autoware_state_motion.yaml
[3.179s] -- Up-to-date: /home/point001/autoware.ai/install/decision_maker/share/decision_maker/autoware_state_mission.yaml
[3.179s] -- Up-to-date: /home/point001/autoware.ai/install/decision_maker/share/decision_maker/autoware_state_vehicle.yaml
[3.184s] Invoked command in '/home/point001/autoware.ai/build/decision_maker' returned '0': CMAKE_PREFIX_PATH=/home/point001/autoware.ai/install/lanelet2_extension:/home/point001/autoware.ai/install/lanelet2_validation:/home/point001/autoware.ai/install/lanelet2_routing:/home/point001/autoware.ai/install/lanelet2_projection:/home/point001/autoware.ai/install/lanelet2_traffic_rules:/home/point001/autoware.ai/install/lanelet2_maps:/home/point001/autoware.ai/install/lanelet2_io:/home/point001/autoware.ai/install/vector_map:/home/point001/autoware.ai/install/state_machine_lib:/home/point001/autoware.ai/install/lanelet2_core:/home/point001/autoware.ai/install/amathutils_lib:/home/point001/autoware.ai/install/vector_map_msgs:/home/point001/autoware.ai/install/autoware_msgs:/home/point001/autoware.ai/install/autoware_lanelet2_msgs:/home/point001/autoware.ai/install/autoware_config_msgs:/home/point001/autoware.ai/install/autoware_build_flags:${CMAKE_PREFIX_PATH} LD_LIBRARY_PATH=/home/point001/autoware.ai/install/lanelet2_extension/lib:/home/point001/autoware.ai/install/lanelet2_validation/lib:/home/point001/autoware.ai/install/lanelet2_routing/lib:/home/point001/autoware.ai/install/lanelet2_projection/lib:/home/point001/autoware.ai/install/lanelet2_traffic_rules/lib:/home/point001/autoware.ai/install/lanelet2_io/lib:/home/point001/autoware.ai/install/vector_map/lib:/home/point001/autoware.ai/install/state_machine_lib/lib:/home/point001/autoware.ai/install/lanelet2_core/lib:/home/point001/autoware.ai/install/amathutils_lib/lib:${LD_LIBRARY_PATH} PKG_CONFIG_PATH=/home/point001/autoware.ai/install/lanelet2_extension/lib/x86_64-linux-gnu/pkgconfig:/home/point001/autoware.ai/install/lanelet2_extension/lib/pkgconfig:/home/point001/autoware.ai/install/lanelet2_validation/lib/x86_64-linux-gnu/pkgconfig:/home/point001/autoware.ai/install/lanelet2_validation/lib/pkgconfig:/home/point001/autoware.ai/install/lanelet2_routing/lib/x86_64-linux-gnu/pkgconfig:/home/point001/autoware.ai/install/lanelet2_routing/lib/pkgconfig:/home/point001/autoware.ai/install/lanelet2_projection/lib/x86_64-linux-gnu/pkgconfig:/home/point001/autoware.ai/install/lanelet2_projection/lib/pkgconfig:/home/point001/autoware.ai/install/lanelet2_traffic_rules/lib/x86_64-linux-gnu/pkgconfig:/home/point001/autoware.ai/install/lanelet2_traffic_rules/lib/pkgconfig:/home/point001/autoware.ai/install/lanelet2_maps/lib/x86_64-linux-gnu/pkgconfig:/home/point001/autoware.ai/install/lanelet2_maps/lib/pkgconfig:/home/point001/autoware.ai/install/lanelet2_io/lib/x86_64-linux-gnu/pkgconfig:/home/point001/autoware.ai/install/lanelet2_io/lib/pkgconfig:/home/point001/autoware.ai/install/vector_map/lib/x86_64-linux-gnu/pkgconfig:/home/point001/autoware.ai/install/vector_map/lib/pkgconfig:/home/point001/autoware.ai/install/state_machine_lib/lib/x86_64-linux-gnu/pkgconfig:/home/point001/autoware.ai/install/state_machine_lib/lib/pkgconfig:/home/point001/autoware.ai/install/lanelet2_core/lib/x86_64-linux-gnu/pkgconfig:/home/point001/autoware.ai/install/lanelet2_core/lib/pkgconfig:/home/point001/autoware.ai/install/amathutils_lib/lib/x86_64-linux-gnu/pkgconfig:/home/point001/autoware.ai/install/amathutils_lib/lib/pkgconfig:/home/point001/autoware.ai/install/vector_map_msgs/lib/x86_64-linux-gnu/pkgconfig:/home/point001/autoware.ai/install/vector_map_msgs/lib/pkgconfig:/home/point001/autoware.ai/install/autoware_msgs/lib/x86_64-linux-gnu/pkgconfig:/home/point001/autoware.ai/install/autoware_msgs/lib/pkgconfig:/home/point001/autoware.ai/install/autoware_lanelet2_msgs/lib/x86_64-linux-gnu/pkgconfig:/home/point001/autoware.ai/install/autoware_lanelet2_msgs/lib/pkgconfig:/home/point001/autoware.ai/install/autoware_config_msgs/lib/x86_64-linux-gnu/pkgconfig:/home/point001/autoware.ai/install/autoware_config_msgs/lib/pkgconfig:/home/point001/autoware.ai/install/autoware_build_flags/lib/x86_64-linux-gnu/pkgconfig:/home/point001/autoware.ai/install/autoware_build_flags/lib/pkgconfig:${PKG_CONFIG_PATH} PYTHONPATH=/home/point001/autoware.ai/install/vector_map_msgs/lib/python2.7/dist-packages:/home/point001/autoware.ai/install/autoware_msgs/lib/python2.7/dist-packages:/home/point001/autoware.ai/install/autoware_lanelet2_msgs/lib/python2.7/dist-packages:/home/point001/autoware.ai/install/autoware_config_msgs/lib/python2.7/dist-packages:${PYTHONPATH} ROS_PACKAGE_PATH=/home/point001/autoware.ai/install/lanelet2_extension/share:/home/point001/autoware.ai/install/lanelet2_validation/share:/home/point001/autoware.ai/install/lanelet2_routing/share:/home/point001/autoware.ai/install/lanelet2_projection/share:/home/point001/autoware.ai/install/lanelet2_traffic_rules/share:/home/point001/autoware.ai/install/lanelet2_maps/share:/home/point001/autoware.ai/install/lanelet2_io/share:/home/point001/autoware.ai/install/vector_map/share:/home/point001/autoware.ai/install/state_machine_lib/share:/home/point001/autoware.ai/install/lanelet2_core/share:/home/point001/autoware.ai/install/amathutils_lib/share:/home/point001/autoware.ai/install/vector_map_msgs/share:/home/point001/autoware.ai/install/autoware_msgs/share:/home/point001/autoware.ai/install/autoware_lanelet2_msgs/share:/home/point001/autoware.ai/install/autoware_config_msgs/share:/home/point001/autoware.ai/install/autoware_build_flags/share:${ROS_PACKAGE_PATH} /usr/bin/cmake --build /home/point001/autoware.ai/build/decision_maker --target install -- -j24 -l24
