[0.247s] Invoking command in '/home/point001/autoware.ai/build/op_utility': CMAKE_PREFIX_PATH=/home/point001/autoware.ai/install/vector_map_server:/home/point001/autoware.ai/install/vector_map:/home/point001/autoware.ai/install/vector_map_msgs:/home/point001/autoware.ai/install/autoware_msgs:/home/point001/autoware.ai/install/autoware_build_flags:${CMAKE_PREFIX_PATH} LD_LIBRARY_PATH=/home/point001/autoware.ai/install/vector_map/lib:/opt/ros/melodic/lib:/usr/local/cuda-10.0/lib64 PKG_CONFIG_PATH=/home/point001/autoware.ai/install/vector_map_server/lib/x86_64-linux-gnu/pkgconfig:/home/point001/autoware.ai/install/vector_map_server/lib/pkgconfig:/home/point001/autoware.ai/install/vector_map/lib/x86_64-linux-gnu/pkgconfig:/home/point001/autoware.ai/install/vector_map/lib/pkgconfig:/home/point001/autoware.ai/install/vector_map_msgs/lib/x86_64-linux-gnu/pkgconfig:/home/point001/autoware.ai/install/vector_map_msgs/lib/pkgconfig:/home/point001/autoware.ai/install/autoware_msgs/lib/x86_64-linux-gnu/pkgconfig:/home/point001/autoware.ai/install/autoware_msgs/lib/pkgconfig:/home/point001/autoware.ai/install/autoware_build_flags/lib/x86_64-linux-gnu/pkgconfig:/home/point001/autoware.ai/install/autoware_build_flags/lib/pkgconfig:${PKG_CONFIG_PATH} PYTHONPATH=/home/point001/autoware.ai/install/vector_map_server/lib/python2.7/dist-packages:/home/point001/autoware.ai/install/vector_map_msgs/lib/python2.7/dist-packages:/home/point001/autoware.ai/install/autoware_msgs/lib/python2.7/dist-packages:${PYTHONPATH} ROS_PACKAGE_PATH=/home/point001/autoware.ai/install/vector_map_server/share:/home/point001/autoware.ai/install/vector_map/share:/home/point001/autoware.ai/install/vector_map_msgs/share:/home/point001/autoware.ai/install/autoware_msgs/share:/home/point001/autoware.ai/install/autoware_build_flags/share:${ROS_PACKAGE_PATH} /usr/bin/cmake --build /home/point001/autoware.ai/build/op_utility -- -j24 -l24
[0.349s] [100%] Built target op_utility
[0.555s] Invoked command in '/home/point001/autoware.ai/build/op_utility' returned '0': CMAKE_PREFIX_PATH=/home/point001/autoware.ai/install/vector_map_server:/home/point001/autoware.ai/install/vector_map:/home/point001/autoware.ai/install/vector_map_msgs:/home/point001/autoware.ai/install/autoware_msgs:/home/point001/autoware.ai/install/autoware_build_flags:${CMAKE_PREFIX_PATH} LD_LIBRARY_PATH=/home/point001/autoware.ai/install/vector_map/lib:/opt/ros/melodic/lib:/usr/local/cuda-10.0/lib64 PKG_CONFIG_PATH=/home/point001/autoware.ai/install/vector_map_server/lib/x86_64-linux-gnu/pkgconfig:/home/point001/autoware.ai/install/vector_map_server/lib/pkgconfig:/home/point001/autoware.ai/install/vector_map/lib/x86_64-linux-gnu/pkgconfig:/home/point001/autoware.ai/install/vector_map/lib/pkgconfig:/home/point001/autoware.ai/install/vector_map_msgs/lib/x86_64-linux-gnu/pkgconfig:/home/point001/autoware.ai/install/vector_map_msgs/lib/pkgconfig:/home/point001/autoware.ai/install/autoware_msgs/lib/x86_64-linux-gnu/pkgconfig:/home/point001/autoware.ai/install/autoware_msgs/lib/pkgconfig:/home/point001/autoware.ai/install/autoware_build_flags/lib/x86_64-linux-gnu/pkgconfig:/home/point001/autoware.ai/install/autoware_build_flags/lib/pkgconfig:${PKG_CONFIG_PATH} PYTHONPATH=/home/point001/autoware.ai/install/vector_map_server/lib/python2.7/dist-packages:/home/point001/autoware.ai/install/vector_map_msgs/lib/python2.7/dist-packages:/home/point001/autoware.ai/install/autoware_msgs/lib/python2.7/dist-packages:${PYTHONPATH} ROS_PACKAGE_PATH=/home/point001/autoware.ai/install/vector_map_server/share:/home/point001/autoware.ai/install/vector_map/share:/home/point001/autoware.ai/install/vector_map_msgs/share:/home/point001/autoware.ai/install/autoware_msgs/share:/home/point001/autoware.ai/install/autoware_build_flags/share:${ROS_PACKAGE_PATH} /usr/bin/cmake --build /home/point001/autoware.ai/build/op_utility -- -j24 -l24
[1.375s] Invoking command in '/home/point001/autoware.ai/build/op_utility': CMAKE_PREFIX_PATH=/home/point001/autoware.ai/install/vector_map_server:/home/point001/autoware.ai/install/vector_map:/home/point001/autoware.ai/install/vector_map_msgs:/home/point001/autoware.ai/install/autoware_msgs:/home/point001/autoware.ai/install/autoware_build_flags:${CMAKE_PREFIX_PATH} LD_LIBRARY_PATH=/home/point001/autoware.ai/install/vector_map/lib:/opt/ros/melodic/lib:/usr/local/cuda-10.0/lib64 PKG_CONFIG_PATH=/home/point001/autoware.ai/install/vector_map_server/lib/x86_64-linux-gnu/pkgconfig:/home/point001/autoware.ai/install/vector_map_server/lib/pkgconfig:/home/point001/autoware.ai/install/vector_map/lib/x86_64-linux-gnu/pkgconfig:/home/point001/autoware.ai/install/vector_map/lib/pkgconfig:/home/point001/autoware.ai/install/vector_map_msgs/lib/x86_64-linux-gnu/pkgconfig:/home/point001/autoware.ai/install/vector_map_msgs/lib/pkgconfig:/home/point001/autoware.ai/install/autoware_msgs/lib/x86_64-linux-gnu/pkgconfig:/home/point001/autoware.ai/install/autoware_msgs/lib/pkgconfig:/home/point001/autoware.ai/install/autoware_build_flags/lib/x86_64-linux-gnu/pkgconfig:/home/point001/autoware.ai/install/autoware_build_flags/lib/pkgconfig:${PKG_CONFIG_PATH} PYTHONPATH=/home/point001/autoware.ai/install/vector_map_server/lib/python2.7/dist-packages:/home/point001/autoware.ai/install/vector_map_msgs/lib/python2.7/dist-packages:/home/point001/autoware.ai/install/autoware_msgs/lib/python2.7/dist-packages:${PYTHONPATH} ROS_PACKAGE_PATH=/home/point001/autoware.ai/install/vector_map_server/share:/home/point001/autoware.ai/install/vector_map/share:/home/point001/autoware.ai/install/vector_map_msgs/share:/home/point001/autoware.ai/install/autoware_msgs/share:/home/point001/autoware.ai/install/autoware_build_flags/share:${ROS_PACKAGE_PATH} /usr/bin/cmake --build /home/point001/autoware.ai/build/op_utility --target tests -- -j24 -l24
[1.549s] [  0%] Built target vector_map_msgs_generate_messages_nodejs
[1.549s] [  0%] Built target visualization_msgs_generate_messages_py
[1.560s] [  0%] Built target rosgraph_msgs_generate_messages_cpp
[1.560s] [  0%] Built target autoware_msgs_generate_messages_eus
[1.560s] [  0%] Built target tf2_msgs_generate_messages_nodejs
[1.560s] [  0%] Built target jsk_recognition_msgs_generate_messages_eus
[1.562s] [  0%] Built target tf2_msgs_generate_messages_cpp
[1.565s] [  0%] Built target jsk_recognition_msgs_generate_messages_py
[1.568s] [  0%] Built target autoware_msgs_generate_messages_py
[1.573s] [  0%] Built target jsk_footstep_msgs_generate_messages_py
[1.581s] [  0%] Built target tf_generate_messages_nodejs
[1.581s] [  0%] Built target geometry_msgs_generate_messages_eus
[1.582s] [  0%] Built target jsk_recognition_msgs_generate_messages_lisp
[1.583s] [  0%] Built target sensor_msgs_generate_messages_lisp
[1.585s] [  0%] Built target geometry_msgs_generate_messages_py
[1.592s] [  0%] Built target geometry_msgs_generate_messages_lisp
[1.593s] [  0%] Built target autoware_msgs_generate_messages_nodejs
[1.593s] [  0%] Built target visualization_msgs_generate_messages_nodejs
[1.593s] [  0%] Built target std_msgs_generate_messages_py
[1.593s] [  0%] Built target std_msgs_generate_messages_cpp
[1.593s] [  0%] Built target autoware_msgs_generate_messages_lisp
[1.598s] [ 28%] Built target gtest
[1.599s] [ 28%] Built target autoware_msgs_generate_messages_cpp
[1.610s] [ 28%] Built target vector_map_msgs_generate_messages_cpp
[1.612s] [ 28%] Built target actionlib_msgs_generate_messages_nodejs
[1.620s] [ 28%] Built target rosgraph_msgs_generate_messages_eus
[1.620s] [ 28%] Built target jsk_recognition_msgs_generate_messages_cpp
[1.624s] [ 28%] Built target std_msgs_generate_messages_eus
[1.630s] [ 28%] Built target visualization_msgs_generate_messages_eus
[1.633s] [ 28%] Built target vector_map_msgs_generate_messages_lisp
[1.634s] [ 28%] Built target vector_map_server_generate_messages_cpp
[1.639s] [ 28%] Built target visualization_msgs_generate_messages_lisp
[1.651s] [ 28%] Built target std_msgs_generate_messages_nodejs
[1.653s] [ 28%] Built target std_msgs_generate_messages_lisp
[1.662s] [ 28%] Built target sensor_msgs_generate_messages_py
[1.670s] [ 28%] Built target roscpp_generate_messages_cpp
[1.670s] [ 28%] Built target vector_map_server_generate_messages_eus
[1.674s] [ 28%] Built target sensor_msgs_generate_messages_nodejs
[1.675s] [ 28%] Built target sensor_msgs_generate_messages_cpp
[1.675s] [ 28%] Built target vector_map_msgs_generate_messages_py
[1.675s] [ 28%] Built target sensor_msgs_generate_messages_eus
[1.681s] [ 28%] Built target geometry_msgs_generate_messages_nodejs
[1.681s] [ 28%] Built target actionlib_generate_messages_cpp
[1.681s] [ 28%] Built target roscpp_generate_messages_nodejs
[1.683s] [ 28%] Built target jsk_footstep_msgs_generate_messages_eus
[1.684s] [ 28%] Built target vector_map_msgs_generate_messages_eus
[1.687s] [ 28%] Built target pcl_msgs_generate_messages_eus
[1.688s] [ 71%] Built target op_utility
[1.699s] [ 71%] Built target jsk_footstep_msgs_generate_messages_nodejs
[1.702s] [ 71%] Built target vector_map_server_generate_messages_nodejs
[1.702s] [ 71%] Built target tf_generate_messages_py
[1.704s] [ 71%] Built target pcl_msgs_generate_messages_nodejs
[1.707s] [ 71%] Built target actionlib_msgs_generate_messages_py
[1.717s] [ 71%] Built target tf_generate_messages_eus
[1.725s] [ 71%] Built target vector_map_server_generate_messages_lisp
[1.729s] [ 71%] Built target actionlib_msgs_generate_messages_cpp
[1.731s] [ 71%] Built target roscpp_generate_messages_py
[1.734s] [ 71%] Built target jsk_footstep_msgs_generate_messages_lisp
[1.745s] [ 71%] Built target rosgraph_msgs_generate_messages_nodejs
[1.753s] [ 71%] Built target actionlib_msgs_generate_messages_lisp
[1.757s] [ 71%] Built target jsk_footstep_msgs_generate_messages_cpp
[1.764s] [ 71%] Built target pcl_msgs_generate_messages_cpp
[1.764s] [ 71%] Built target pcl_msgs_generate_messages_py
[1.764s] [ 71%] Built target actionlib_msgs_generate_messages_eus
[1.764s] [ 71%] Built target geometry_msgs_generate_messages_cpp
[1.773s] [ 71%] Built target actionlib_generate_messages_lisp
[1.784s] [ 71%] Built target visualization_msgs_generate_messages_cpp
[1.784s] [ 71%] Built target vector_map_server_generate_messages_py
[1.785s] [ 71%] Built target pcl_msgs_generate_messages_lisp
[1.787s] [ 71%] Built target actionlib_generate_messages_eus
[1.787s] [ 71%] Built target roscpp_generate_messages_eus
[1.791s] [ 71%] Built target roscpp_generate_messages_lisp
[1.791s] [ 71%] Built target jsk_recognition_msgs_generate_messages_nodejs
[1.801s] [ 71%] Built target rosgraph_msgs_generate_messages_lisp
[1.810s] [ 71%] Built target tf_generate_messages_lisp
[1.813s] [ 71%] Built target tf2_msgs_generate_messages_lisp
[1.813s] [ 71%] Built target actionlib_generate_messages_nodejs
[1.813s] [ 71%] Built target tf2_msgs_generate_messages_eus
[1.813s] [ 71%] Built target tf2_msgs_generate_messages_py
[1.818s] [ 71%] Built target tf_generate_messages_cpp
[1.820s] [ 71%] Built target rosgraph_msgs_generate_messages_py
[1.820s] [ 71%] Built target actionlib_generate_messages_py
[1.876s] [100%] Built target test-op_utility
[1.901s] [100%] Built target tests
[2.022s] Invoked command in '/home/point001/autoware.ai/build/op_utility' returned '0': CMAKE_PREFIX_PATH=/home/point001/autoware.ai/install/vector_map_server:/home/point001/autoware.ai/install/vector_map:/home/point001/autoware.ai/install/vector_map_msgs:/home/point001/autoware.ai/install/autoware_msgs:/home/point001/autoware.ai/install/autoware_build_flags:${CMAKE_PREFIX_PATH} LD_LIBRARY_PATH=/home/point001/autoware.ai/install/vector_map/lib:/opt/ros/melodic/lib:/usr/local/cuda-10.0/lib64 PKG_CONFIG_PATH=/home/point001/autoware.ai/install/vector_map_server/lib/x86_64-linux-gnu/pkgconfig:/home/point001/autoware.ai/install/vector_map_server/lib/pkgconfig:/home/point001/autoware.ai/install/vector_map/lib/x86_64-linux-gnu/pkgconfig:/home/point001/autoware.ai/install/vector_map/lib/pkgconfig:/home/point001/autoware.ai/install/vector_map_msgs/lib/x86_64-linux-gnu/pkgconfig:/home/point001/autoware.ai/install/vector_map_msgs/lib/pkgconfig:/home/point001/autoware.ai/install/autoware_msgs/lib/x86_64-linux-gnu/pkgconfig:/home/point001/autoware.ai/install/autoware_msgs/lib/pkgconfig:/home/point001/autoware.ai/install/autoware_build_flags/lib/x86_64-linux-gnu/pkgconfig:/home/point001/autoware.ai/install/autoware_build_flags/lib/pkgconfig:${PKG_CONFIG_PATH} PYTHONPATH=/home/point001/autoware.ai/install/vector_map_server/lib/python2.7/dist-packages:/home/point001/autoware.ai/install/vector_map_msgs/lib/python2.7/dist-packages:/home/point001/autoware.ai/install/autoware_msgs/lib/python2.7/dist-packages:${PYTHONPATH} ROS_PACKAGE_PATH=/home/point001/autoware.ai/install/vector_map_server/share:/home/point001/autoware.ai/install/vector_map/share:/home/point001/autoware.ai/install/vector_map_msgs/share:/home/point001/autoware.ai/install/autoware_msgs/share:/home/point001/autoware.ai/install/autoware_build_flags/share:${ROS_PACKAGE_PATH} /usr/bin/cmake --build /home/point001/autoware.ai/build/op_utility --target tests -- -j24 -l24
[2.361s] Invoking command in '/home/point001/autoware.ai/build/op_utility': CMAKE_PREFIX_PATH=/home/point001/autoware.ai/install/vector_map_server:/home/point001/autoware.ai/install/vector_map:/home/point001/autoware.ai/install/vector_map_msgs:/home/point001/autoware.ai/install/autoware_msgs:/home/point001/autoware.ai/install/autoware_build_flags:${CMAKE_PREFIX_PATH} LD_LIBRARY_PATH=/home/point001/autoware.ai/install/vector_map/lib:/opt/ros/melodic/lib:/usr/local/cuda-10.0/lib64 PKG_CONFIG_PATH=/home/point001/autoware.ai/install/vector_map_server/lib/x86_64-linux-gnu/pkgconfig:/home/point001/autoware.ai/install/vector_map_server/lib/pkgconfig:/home/point001/autoware.ai/install/vector_map/lib/x86_64-linux-gnu/pkgconfig:/home/point001/autoware.ai/install/vector_map/lib/pkgconfig:/home/point001/autoware.ai/install/vector_map_msgs/lib/x86_64-linux-gnu/pkgconfig:/home/point001/autoware.ai/install/vector_map_msgs/lib/pkgconfig:/home/point001/autoware.ai/install/autoware_msgs/lib/x86_64-linux-gnu/pkgconfig:/home/point001/autoware.ai/install/autoware_msgs/lib/pkgconfig:/home/point001/autoware.ai/install/autoware_build_flags/lib/x86_64-linux-gnu/pkgconfig:/home/point001/autoware.ai/install/autoware_build_flags/lib/pkgconfig:${PKG_CONFIG_PATH} PYTHONPATH=/home/point001/autoware.ai/install/vector_map_server/lib/python2.7/dist-packages:/home/point001/autoware.ai/install/vector_map_msgs/lib/python2.7/dist-packages:/home/point001/autoware.ai/install/autoware_msgs/lib/python2.7/dist-packages:${PYTHONPATH} ROS_PACKAGE_PATH=/home/point001/autoware.ai/install/vector_map_server/share:/home/point001/autoware.ai/install/vector_map/share:/home/point001/autoware.ai/install/vector_map_msgs/share:/home/point001/autoware.ai/install/autoware_msgs/share:/home/point001/autoware.ai/install/autoware_build_flags/share:${ROS_PACKAGE_PATH} /usr/bin/cmake --build /home/point001/autoware.ai/build/op_utility --target install -- -j24 -l24
[2.505s] [100%] Built target op_utility
[2.548s] [36mInstall the project...[0m
[2.558s] -- Install configuration: "Release"
[2.559s] -- Up-to-date: /home/point001/autoware.ai/install/op_utility/lib/pkgconfig/op_utility.pc
[2.559s] -- Up-to-date: /home/point001/autoware.ai/install/op_utility/share/op_utility/cmake/op_utilityConfig.cmake
[2.560s] -- Up-to-date: /home/point001/autoware.ai/install/op_utility/share/op_utility/cmake/op_utilityConfig-version.cmake
[2.560s] -- Up-to-date: /home/point001/autoware.ai/install/op_utility/share/op_utility/package.xml
[2.560s] -- Up-to-date: /home/point001/autoware.ai/install/op_utility/include/op_utility
[2.560s] -- Up-to-date: /home/point001/autoware.ai/install/op_utility/include/op_utility/UtilityH.h
[2.560s] -- Up-to-date: /home/point001/autoware.ai/install/op_utility/include/op_utility/DataRW.h
[2.560s] -- Up-to-date: /home/point001/autoware.ai/install/op_utility/lib/libop_utility.so
[2.624s] Invoked command in '/home/point001/autoware.ai/build/op_utility' returned '0': CMAKE_PREFIX_PATH=/home/point001/autoware.ai/install/vector_map_server:/home/point001/autoware.ai/install/vector_map:/home/point001/autoware.ai/install/vector_map_msgs:/home/point001/autoware.ai/install/autoware_msgs:/home/point001/autoware.ai/install/autoware_build_flags:${CMAKE_PREFIX_PATH} LD_LIBRARY_PATH=/home/point001/autoware.ai/install/vector_map/lib:/opt/ros/melodic/lib:/usr/local/cuda-10.0/lib64 PKG_CONFIG_PATH=/home/point001/autoware.ai/install/vector_map_server/lib/x86_64-linux-gnu/pkgconfig:/home/point001/autoware.ai/install/vector_map_server/lib/pkgconfig:/home/point001/autoware.ai/install/vector_map/lib/x86_64-linux-gnu/pkgconfig:/home/point001/autoware.ai/install/vector_map/lib/pkgconfig:/home/point001/autoware.ai/install/vector_map_msgs/lib/x86_64-linux-gnu/pkgconfig:/home/point001/autoware.ai/install/vector_map_msgs/lib/pkgconfig:/home/point001/autoware.ai/install/autoware_msgs/lib/x86_64-linux-gnu/pkgconfig:/home/point001/autoware.ai/install/autoware_msgs/lib/pkgconfig:/home/point001/autoware.ai/install/autoware_build_flags/lib/x86_64-linux-gnu/pkgconfig:/home/point001/autoware.ai/install/autoware_build_flags/lib/pkgconfig:${PKG_CONFIG_PATH} PYTHONPATH=/home/point001/autoware.ai/install/vector_map_server/lib/python2.7/dist-packages:/home/point001/autoware.ai/install/vector_map_msgs/lib/python2.7/dist-packages:/home/point001/autoware.ai/install/autoware_msgs/lib/python2.7/dist-packages:${PYTHONPATH} ROS_PACKAGE_PATH=/home/point001/autoware.ai/install/vector_map_server/share:/home/point001/autoware.ai/install/vector_map/share:/home/point001/autoware.ai/install/vector_map_msgs/share:/home/point001/autoware.ai/install/autoware_msgs/share:/home/point001/autoware.ai/install/autoware_build_flags/share:${ROS_PACKAGE_PATH} /usr/bin/cmake --build /home/point001/autoware.ai/build/op_utility --target install -- -j24 -l24
