[0.037s] Invoking command in '/home/point001/autoware.ai/build/vision_beyond_track': CMAKE_PREFIX_PATH=/home/point001/autoware.ai/install/autoware_msgs:/home/point001/autoware.ai/install/autoware_build_flags:${CMAKE_PREFIX_PATH} PKG_CONFIG_PATH=/home/point001/autoware.ai/install/autoware_msgs/lib/x86_64-linux-gnu/pkgconfig:/home/point001/autoware.ai/install/autoware_msgs/lib/pkgconfig:/home/point001/autoware.ai/install/autoware_build_flags/lib/x86_64-linux-gnu/pkgconfig:/home/point001/autoware.ai/install/autoware_build_flags/lib/pkgconfig:${PKG_CONFIG_PATH} PYTHONPATH=/home/point001/autoware.ai/install/autoware_msgs/lib/python2.7/dist-packages:${PYTHONPATH} ROS_PACKAGE_PATH=/home/point001/autoware.ai/install/autoware_msgs/share:/home/point001/autoware.ai/install/autoware_build_flags/share:${ROS_PACKAGE_PATH} /usr/bin/cmake /home/point001/autoware.ai/src/autoware/core_perception/vision_beyond_track -DCMAKE_BUILD_TYPE=Release -DCATKIN_INSTALL_INTO_PREFIX_ROOT=0 -DCMAKE_INSTALL_PREFIX=/home/point001/autoware.ai/install/vision_beyond_track
[0.143s] -- The C compiler identification is GNU 7.5.0
[0.201s] -- The CXX compiler identification is GNU 7.5.0
[0.206s] -- Check for working C compiler: /usr/bin/cc
[0.345s] -- Check for working C compiler: /usr/bin/cc -- works
[0.345s] -- Detecting C compiler ABI info
[0.423s] -- Detecting C compiler ABI info - done
[0.433s] -- Detecting C compile features
[0.782s] -- Detecting C compile features - done
[0.785s] -- Check for working CXX compiler: /usr/bin/c++
[0.885s] -- Check for working CXX compiler: /usr/bin/c++ -- works
[0.886s] -- Detecting CXX compiler ABI info
[1.034s] -- Detecting CXX compiler ABI info - done
[1.044s] -- Detecting CXX compile features
[1.622s] -- Detecting CXX compile features - done
[1.642s] -- Found OpenCV: /usr (found version "3.2.0") 
[1.644s] -- CUDA compilation status: 1.
[1.646s] -- Using CATKIN_DEVEL_PREFIX: /home/point001/autoware.ai/build/vision_beyond_track/devel
[1.646s] -- Using CMAKE_PREFIX_PATH: /home/point001/autoware.ai/install/autoware_msgs;/home/point001/autoware.ai/install/autoware_build_flags;/opt/ros/melodic
[1.647s] -- This workspace overlays: /home/point001/autoware.ai/install/autoware_msgs;/home/point001/autoware.ai/install/autoware_build_flags;/opt/ros/melodic
[1.668s] -- Found PythonInterp: /usr/bin/python2 (found suitable version "2.7.17", minimum required is "2") 
[1.668s] -- Using PYTHON_EXECUTABLE: /usr/bin/python2
[1.668s] -- Using Debian Python package layout
[1.668s] -- Using empy: /usr/bin/empy
[1.869s] -- Using CATKIN_ENABLE_TESTING: ON
[1.870s] -- Call enable_testing()
[1.871s] -- Using CATKIN_TEST_RESULTS_DIR: /home/point001/autoware.ai/build/vision_beyond_track/test_results
[1.893s] -- Found gtest sources under '/usr/src/googletest': gtests will be built
[1.893s] -- Found gmock sources under '/usr/src/googletest': gmock will be built
[1.908s] -- Found PythonInterp: /usr/bin/python2 (found version "2.7.17") 
[1.909s] -- Looking for pthread.h
[2.038s] -- Looking for pthread.h - found
[2.038s] -- Looking for pthread_create
[2.119s] -- Looking for pthread_create - not found
[2.119s] -- Looking for pthread_create in pthreads
[2.217s] -- Looking for pthread_create in pthreads - not found
[2.218s] -- Looking for pthread_create in pthread
[2.301s] -- Looking for pthread_create in pthread - found
[2.305s] -- Found Threads: TRUE  
[2.308s] -- Using Python nosetests: /usr/bin/nosetests-2.7
[2.357s] -- catkin 0.7.29
[2.357s] -- BUILD_SHARED_LIBS is on
[2.528s] -- Using these message generators: gencpp;geneus;genlisp;gennodejs;genpy
[2.891s] -- Configuring done
[2.943s] -- Generating done
[2.954s] -- Build files have been written to: /home/point001/autoware.ai/build/vision_beyond_track
[2.964s] Invoked command in '/home/point001/autoware.ai/build/vision_beyond_track' returned '0': CMAKE_PREFIX_PATH=/home/point001/autoware.ai/install/autoware_msgs:/home/point001/autoware.ai/install/autoware_build_flags:${CMAKE_PREFIX_PATH} PKG_CONFIG_PATH=/home/point001/autoware.ai/install/autoware_msgs/lib/x86_64-linux-gnu/pkgconfig:/home/point001/autoware.ai/install/autoware_msgs/lib/pkgconfig:/home/point001/autoware.ai/install/autoware_build_flags/lib/x86_64-linux-gnu/pkgconfig:/home/point001/autoware.ai/install/autoware_build_flags/lib/pkgconfig:${PKG_CONFIG_PATH} PYTHONPATH=/home/point001/autoware.ai/install/autoware_msgs/lib/python2.7/dist-packages:${PYTHONPATH} ROS_PACKAGE_PATH=/home/point001/autoware.ai/install/autoware_msgs/share:/home/point001/autoware.ai/install/autoware_build_flags/share:${ROS_PACKAGE_PATH} /usr/bin/cmake /home/point001/autoware.ai/src/autoware/core_perception/vision_beyond_track -DCMAKE_BUILD_TYPE=Release -DCATKIN_INSTALL_INTO_PREFIX_ROOT=0 -DCMAKE_INSTALL_PREFIX=/home/point001/autoware.ai/install/vision_beyond_track
[2.965s] Invoking command in '/home/point001/autoware.ai/build/vision_beyond_track': CMAKE_PREFIX_PATH=/home/point001/autoware.ai/install/autoware_msgs:/home/point001/autoware.ai/install/autoware_build_flags:${CMAKE_PREFIX_PATH} PKG_CONFIG_PATH=/home/point001/autoware.ai/install/autoware_msgs/lib/x86_64-linux-gnu/pkgconfig:/home/point001/autoware.ai/install/autoware_msgs/lib/pkgconfig:/home/point001/autoware.ai/install/autoware_build_flags/lib/x86_64-linux-gnu/pkgconfig:/home/point001/autoware.ai/install/autoware_build_flags/lib/pkgconfig:${PKG_CONFIG_PATH} PYTHONPATH=/home/point001/autoware.ai/install/autoware_msgs/lib/python2.7/dist-packages:${PYTHONPATH} ROS_PACKAGE_PATH=/home/point001/autoware.ai/install/autoware_msgs/share:/home/point001/autoware.ai/install/autoware_build_flags/share:${ROS_PACKAGE_PATH} /usr/bin/cmake --build /home/point001/autoware.ai/build/vision_beyond_track -- -j24 -l24
[3.014s] [35m[1mScanning dependencies of target autoware_msgs_generate_messages_cpp[0m
[3.026s] [  0%] Built target autoware_msgs_generate_messages_cpp
[3.039s] [35m[1mScanning dependencies of target jsk_footstep_msgs_generate_messages_py[0m
[3.055s] [  0%] Built target jsk_footstep_msgs_generate_messages_py
[3.073s] [35m[1mScanning dependencies of target geometry_msgs_generate_messages_eus[0m
[3.093s] [  0%] Built target geometry_msgs_generate_messages_eus
[3.107s] [35m[1mScanning dependencies of target std_msgs_generate_messages_lisp[0m
[3.120s] [  0%] Built target std_msgs_generate_messages_lisp
[3.135s] [35m[1mScanning dependencies of target roscpp_generate_messages_nodejs[0m
[3.147s] [  0%] Built target roscpp_generate_messages_nodejs
[3.159s] [35m[1mScanning dependencies of target geometry_msgs_generate_messages_nodejs[0m
[3.175s] [  0%] Built target geometry_msgs_generate_messages_nodejs
[3.186s] [35m[1mScanning dependencies of target geometry_msgs_generate_messages_lisp[0m
[3.201s] [  0%] Built target geometry_msgs_generate_messages_lisp
[3.215s] [35m[1mScanning dependencies of target pcl_msgs_generate_messages_cpp[0m
[3.231s] [  0%] Built target pcl_msgs_generate_messages_cpp
[3.245s] [35m[1mScanning dependencies of target jsk_recognition_msgs_generate_messages_cpp[0m
[3.258s] [  0%] Built target jsk_recognition_msgs_generate_messages_cpp
[3.273s] [35m[1mScanning dependencies of target autoware_msgs_generate_messages_eus[0m
[3.285s] [  0%] Built target autoware_msgs_generate_messages_eus
[3.297s] [35m[1mScanning dependencies of target autoware_msgs_generate_messages_lisp[0m
[3.311s] [  0%] Built target autoware_msgs_generate_messages_lisp
[3.327s] [35m[1mScanning dependencies of target autoware_msgs_generate_messages_nodejs[0m
[3.343s] [  0%] Built target autoware_msgs_generate_messages_nodejs
[3.354s] [35m[1mScanning dependencies of target jsk_footstep_msgs_generate_messages_eus[0m
[3.368s] [  0%] Built target jsk_footstep_msgs_generate_messages_eus
[3.379s] [35m[1mScanning dependencies of target actionlib_msgs_generate_messages_py[0m
[3.392s] [  0%] Built target actionlib_msgs_generate_messages_py
[3.407s] [35m[1mScanning dependencies of target jsk_footstep_msgs_generate_messages_lisp[0m
[3.420s] [  0%] Built target jsk_footstep_msgs_generate_messages_lisp
[3.433s] [35m[1mScanning dependencies of target jsk_footstep_msgs_generate_messages_nodejs[0m
[3.451s] [  0%] Built target jsk_footstep_msgs_generate_messages_nodejs
[3.468s] [35m[1mScanning dependencies of target actionlib_msgs_generate_messages_lisp[0m
[3.480s] [  0%] Built target actionlib_msgs_generate_messages_lisp
[3.493s] [35m[1mScanning dependencies of target jsk_recognition_msgs_generate_messages_nodejs[0m
[3.504s] [  0%] Built target jsk_recognition_msgs_generate_messages_nodejs
[3.517s] [35m[1mScanning dependencies of target roscpp_generate_messages_lisp[0m
[3.528s] [  0%] Built target roscpp_generate_messages_lisp
[3.540s] [35m[1mScanning dependencies of target roscpp_generate_messages_py[0m
[3.552s] [  0%] Built target roscpp_generate_messages_py
[3.569s] [35m[1mScanning dependencies of target rosgraph_msgs_generate_messages_lisp[0m
[3.584s] [  0%] Built target rosgraph_msgs_generate_messages_lisp
[3.596s] [35m[1mScanning dependencies of target rosgraph_msgs_generate_messages_nodejs[0m
[3.610s] [  0%] Built target rosgraph_msgs_generate_messages_nodejs
[3.623s] [35m[1mScanning dependencies of target roscpp_generate_messages_eus[0m
[3.636s] [  0%] Built target roscpp_generate_messages_eus
[3.651s] [35m[1mScanning dependencies of target actionlib_msgs_generate_messages_eus[0m
[3.663s] [  0%] Built target actionlib_msgs_generate_messages_eus
[3.683s] [35m[1mScanning dependencies of target rosgraph_msgs_generate_messages_py[0m
[3.698s] [  0%] Built target rosgraph_msgs_generate_messages_py
[3.710s] [35m[1mScanning dependencies of target jsk_footstep_msgs_generate_messages_cpp[0m
[3.723s] [  0%] Built target jsk_footstep_msgs_generate_messages_cpp
[3.736s] [35m[1mScanning dependencies of target actionlib_msgs_generate_messages_cpp[0m
[3.750s] [  0%] Built target actionlib_msgs_generate_messages_cpp
[3.763s] [35m[1mScanning dependencies of target tf_generate_messages_eus[0m
[3.775s] [  0%] Built target tf_generate_messages_eus
[3.789s] [35m[1mScanning dependencies of target tf_generate_messages_lisp[0m
[3.805s] [  0%] Built target tf_generate_messages_lisp
[3.816s] [35m[1mScanning dependencies of target tf_generate_messages_nodejs[0m
[3.831s] [  0%] Built target tf_generate_messages_nodejs
[3.846s] [35m[1mScanning dependencies of target pcl_msgs_generate_messages_py[0m
[3.858s] [  0%] Built target pcl_msgs_generate_messages_py
[3.870s] [35m[1mScanning dependencies of target actionlib_generate_messages_eus[0m
[3.882s] [  0%] Built target actionlib_generate_messages_eus
[3.894s] [35m[1mScanning dependencies of target geometry_msgs_generate_messages_cpp[0m
[3.913s] [  0%] Built target geometry_msgs_generate_messages_cpp
[3.924s] [35m[1mScanning dependencies of target actionlib_generate_messages_lisp[0m
[3.936s] [  0%] Built target actionlib_generate_messages_lisp
[3.949s] [35m[1mScanning dependencies of target pcl_msgs_generate_messages_lisp[0m
[3.961s] [  0%] Built target pcl_msgs_generate_messages_lisp
[3.976s] [35m[1mScanning dependencies of target tf_generate_messages_cpp[0m
[3.991s] [  0%] Built target tf_generate_messages_cpp
[4.002s] [35m[1mScanning dependencies of target actionlib_generate_messages_nodejs[0m
[4.022s] [  0%] Built target actionlib_generate_messages_nodejs
[4.035s] [35m[1mScanning dependencies of target tf2_msgs_generate_messages_eus[0m
[4.047s] [  0%] Built target tf2_msgs_generate_messages_eus
[4.060s] [35m[1mScanning dependencies of target tf2_msgs_generate_messages_lisp[0m
[4.078s] [  0%] Built target tf2_msgs_generate_messages_lisp
[4.090s] [35m[1mScanning dependencies of target actionlib_generate_messages_py[0m
[4.103s] [  0%] Built target actionlib_generate_messages_py
[4.116s] [35m[1mScanning dependencies of target tf2_msgs_generate_messages_py[0m
[4.129s] [  0%] Built target tf2_msgs_generate_messages_py
[4.142s] [35m[1mScanning dependencies of target tf2_msgs_generate_messages_nodejs[0m
[4.155s] [  0%] Built target tf2_msgs_generate_messages_nodejs
[4.168s] [35m[1mScanning dependencies of target actionlib_msgs_generate_messages_nodejs[0m
[4.185s] [  0%] Built target actionlib_msgs_generate_messages_nodejs
[4.231s] [35m[1mScanning dependencies of target beyond_track_lib[0m
[4.278s] [ 16%] [32mBuilding CXX object CMakeFiles/beyond_track_lib.dir/lib/hungarian.cpp.o[0m
[4.762s] [ 33%] [32mBuilding CXX object CMakeFiles/beyond_track_lib.dir/lib/clipper.cpp.o[0m
[7.508s] [ 50%] [32m[1mLinking CXX static library devel/lib/libbeyond_track_lib.a[0m
[7.544s] [ 50%] Built target beyond_track_lib
[7.554s] [35m[1mScanning dependencies of target std_msgs_generate_messages_eus[0m
[7.568s] [ 50%] Built target std_msgs_generate_messages_eus
[7.580s] [35m[1mScanning dependencies of target std_msgs_generate_messages_cpp[0m
[7.591s] [ 50%] Built target std_msgs_generate_messages_cpp
[7.609s] [35m[1mScanning dependencies of target tf_generate_messages_py[0m
[7.621s] [ 50%] Built target tf_generate_messages_py
[7.633s] [35m[1mScanning dependencies of target sensor_msgs_generate_messages_py[0m
[7.645s] [ 50%] Built target sensor_msgs_generate_messages_py
[7.664s] [35m[1mScanning dependencies of target sensor_msgs_generate_messages_lisp[0m
[7.680s] [ 50%] Built target sensor_msgs_generate_messages_lisp
[7.694s] [35m[1mScanning dependencies of target jsk_recognition_msgs_generate_messages_py[0m
[7.709s] [ 50%] Built target jsk_recognition_msgs_generate_messages_py
[7.722s] [35m[1mScanning dependencies of target pcl_msgs_generate_messages_nodejs[0m
[7.736s] [ 50%] Built target pcl_msgs_generate_messages_nodejs
[7.748s] [35m[1mScanning dependencies of target rosgraph_msgs_generate_messages_cpp[0m
[7.762s] [ 50%] Built target rosgraph_msgs_generate_messages_cpp
[7.777s] [35m[1mScanning dependencies of target sensor_msgs_generate_messages_cpp[0m
[7.790s] [ 50%] Built target sensor_msgs_generate_messages_cpp
[7.803s] [35m[1mScanning dependencies of target _catkin_empty_exported_target[0m
[7.817s] [ 50%] Built target _catkin_empty_exported_target
[7.836s] [35m[1mScanning dependencies of target sensor_msgs_generate_messages_eus[0m
[7.847s] [ 50%] Built target sensor_msgs_generate_messages_eus
[7.861s] [35m[1mScanning dependencies of target std_msgs_generate_messages_nodejs[0m
[7.875s] [ 50%] Built target std_msgs_generate_messages_nodejs
[7.888s] [35m[1mScanning dependencies of target autoware_msgs_generate_messages_py[0m
[7.900s] [ 50%] Built target autoware_msgs_generate_messages_py
[7.917s] [35m[1mScanning dependencies of target std_msgs_generate_messages_py[0m
[7.932s] [ 50%] Built target std_msgs_generate_messages_py
[7.944s] [35m[1mScanning dependencies of target tf2_msgs_generate_messages_cpp[0m
[7.958s] [ 50%] Built target tf2_msgs_generate_messages_cpp
[7.974s] [35m[1mScanning dependencies of target jsk_recognition_msgs_generate_messages_eus[0m
[7.993s] [ 50%] Built target jsk_recognition_msgs_generate_messages_eus
[8.007s] [35m[1mScanning dependencies of target jsk_recognition_msgs_generate_messages_lisp[0m
[8.024s] [ 50%] Built target jsk_recognition_msgs_generate_messages_lisp
[8.038s] [35m[1mScanning dependencies of target rosgraph_msgs_generate_messages_eus[0m
[8.051s] [ 50%] Built target rosgraph_msgs_generate_messages_eus
[8.066s] [35m[1mScanning dependencies of target pcl_msgs_generate_messages_eus[0m
[8.082s] [ 50%] Built target pcl_msgs_generate_messages_eus
[8.092s] [35m[1mScanning dependencies of target actionlib_generate_messages_cpp[0m
[8.106s] [ 50%] Built target actionlib_generate_messages_cpp
[8.119s] [35m[1mScanning dependencies of target roscpp_generate_messages_cpp[0m
[8.131s] [ 50%] Built target roscpp_generate_messages_cpp
[8.144s] [35m[1mScanning dependencies of target sensor_msgs_generate_messages_nodejs[0m
[8.156s] [ 50%] Built target sensor_msgs_generate_messages_nodejs
[8.169s] [35m[1mScanning dependencies of target geometry_msgs_generate_messages_py[0m
[8.183s] [ 50%] Built target geometry_msgs_generate_messages_py
[8.196s] [35m[1mScanning dependencies of target vision_beyond_track[0m
[8.228s] [ 66%] [32mBuilding CXX object CMakeFiles/vision_beyond_track.dir/src/vision_beyond_track_node.cpp.o[0m
[12.382s] [ 83%] [32mBuilding CXX object CMakeFiles/vision_beyond_track.dir/src/vision_beyond_track.cpp.o[0m
[19.508s] [100%] [32m[1mLinking CXX executable devel/lib/vision_beyond_track/vision_beyond_track[0m
[19.816s] [100%] Built target vision_beyond_track
[19.834s] Invoked command in '/home/point001/autoware.ai/build/vision_beyond_track' returned '0': CMAKE_PREFIX_PATH=/home/point001/autoware.ai/install/autoware_msgs:/home/point001/autoware.ai/install/autoware_build_flags:${CMAKE_PREFIX_PATH} PKG_CONFIG_PATH=/home/point001/autoware.ai/install/autoware_msgs/lib/x86_64-linux-gnu/pkgconfig:/home/point001/autoware.ai/install/autoware_msgs/lib/pkgconfig:/home/point001/autoware.ai/install/autoware_build_flags/lib/x86_64-linux-gnu/pkgconfig:/home/point001/autoware.ai/install/autoware_build_flags/lib/pkgconfig:${PKG_CONFIG_PATH} PYTHONPATH=/home/point001/autoware.ai/install/autoware_msgs/lib/python2.7/dist-packages:${PYTHONPATH} ROS_PACKAGE_PATH=/home/point001/autoware.ai/install/autoware_msgs/share:/home/point001/autoware.ai/install/autoware_build_flags/share:${ROS_PACKAGE_PATH} /usr/bin/cmake --build /home/point001/autoware.ai/build/vision_beyond_track -- -j24 -l24
[19.925s] Invoking command in '/home/point001/autoware.ai/build/vision_beyond_track': CMAKE_PREFIX_PATH=/home/point001/autoware.ai/install/autoware_msgs:/home/point001/autoware.ai/install/autoware_build_flags:${CMAKE_PREFIX_PATH} PKG_CONFIG_PATH=/home/point001/autoware.ai/install/autoware_msgs/lib/x86_64-linux-gnu/pkgconfig:/home/point001/autoware.ai/install/autoware_msgs/lib/pkgconfig:/home/point001/autoware.ai/install/autoware_build_flags/lib/x86_64-linux-gnu/pkgconfig:/home/point001/autoware.ai/install/autoware_build_flags/lib/pkgconfig:${PKG_CONFIG_PATH} PYTHONPATH=/home/point001/autoware.ai/install/autoware_msgs/lib/python2.7/dist-packages:${PYTHONPATH} ROS_PACKAGE_PATH=/home/point001/autoware.ai/install/autoware_msgs/share:/home/point001/autoware.ai/install/autoware_build_flags/share:${ROS_PACKAGE_PATH} /usr/bin/cmake --build /home/point001/autoware.ai/build/vision_beyond_track --target tests -- -j24 -l24
[19.992s] [35m[1mScanning dependencies of target tests[0m
[20.009s] Built target tests
[20.023s] Invoked command in '/home/point001/autoware.ai/build/vision_beyond_track' returned '0': CMAKE_PREFIX_PATH=/home/point001/autoware.ai/install/autoware_msgs:/home/point001/autoware.ai/install/autoware_build_flags:${CMAKE_PREFIX_PATH} PKG_CONFIG_PATH=/home/point001/autoware.ai/install/autoware_msgs/lib/x86_64-linux-gnu/pkgconfig:/home/point001/autoware.ai/install/autoware_msgs/lib/pkgconfig:/home/point001/autoware.ai/install/autoware_build_flags/lib/x86_64-linux-gnu/pkgconfig:/home/point001/autoware.ai/install/autoware_build_flags/lib/pkgconfig:${PKG_CONFIG_PATH} PYTHONPATH=/home/point001/autoware.ai/install/autoware_msgs/lib/python2.7/dist-packages:${PYTHONPATH} ROS_PACKAGE_PATH=/home/point001/autoware.ai/install/autoware_msgs/share:/home/point001/autoware.ai/install/autoware_build_flags/share:${ROS_PACKAGE_PATH} /usr/bin/cmake --build /home/point001/autoware.ai/build/vision_beyond_track --target tests -- -j24 -l24
[20.112s] Invoking command in '/home/point001/autoware.ai/build/vision_beyond_track': CMAKE_PREFIX_PATH=/home/point001/autoware.ai/install/autoware_msgs:/home/point001/autoware.ai/install/autoware_build_flags:${CMAKE_PREFIX_PATH} PKG_CONFIG_PATH=/home/point001/autoware.ai/install/autoware_msgs/lib/x86_64-linux-gnu/pkgconfig:/home/point001/autoware.ai/install/autoware_msgs/lib/pkgconfig:/home/point001/autoware.ai/install/autoware_build_flags/lib/x86_64-linux-gnu/pkgconfig:/home/point001/autoware.ai/install/autoware_build_flags/lib/pkgconfig:${PKG_CONFIG_PATH} PYTHONPATH=/home/point001/autoware.ai/install/autoware_msgs/lib/python2.7/dist-packages:${PYTHONPATH} ROS_PACKAGE_PATH=/home/point001/autoware.ai/install/autoware_msgs/share:/home/point001/autoware.ai/install/autoware_build_flags/share:${ROS_PACKAGE_PATH} /usr/bin/cmake --build /home/point001/autoware.ai/build/vision_beyond_track --target install -- -j24 -l24
[20.171s] [  0%] Built target autoware_msgs_generate_messages_cpp
[20.171s] [  0%] Built target geometry_msgs_generate_messages_py
[20.195s] [  0%] Built target jsk_footstep_msgs_generate_messages_py
[20.199s] [  0%] Built target geometry_msgs_generate_messages_eus
[20.219s] [  0%] Built target std_msgs_generate_messages_lisp
[20.224s] [  0%] Built target roscpp_generate_messages_nodejs
[20.242s] [  0%] Built target geometry_msgs_generate_messages_nodejs
[20.253s] [  0%] Built target geometry_msgs_generate_messages_lisp
[20.267s] [  0%] Built target pcl_msgs_generate_messages_cpp
[20.280s] [  0%] Built target jsk_recognition_msgs_generate_messages_cpp
[20.293s] [  0%] Built target autoware_msgs_generate_messages_eus
[20.306s] [  0%] Built target autoware_msgs_generate_messages_lisp
[20.318s] [  0%] Built target autoware_msgs_generate_messages_nodejs
[20.337s] [  0%] Built target jsk_footstep_msgs_generate_messages_eus
[20.342s] [  0%] Built target actionlib_msgs_generate_messages_py
[20.366s] [  0%] Built target jsk_footstep_msgs_generate_messages_lisp
[20.372s] [  0%] Built target jsk_footstep_msgs_generate_messages_nodejs
[20.391s] [  0%] Built target actionlib_msgs_generate_messages_lisp
[20.396s] [  0%] Built target jsk_recognition_msgs_generate_messages_nodejs
[20.417s] [  0%] Built target roscpp_generate_messages_lisp
[20.421s] [  0%] Built target roscpp_generate_messages_py
[20.440s] [  0%] Built target rosgraph_msgs_generate_messages_lisp
[20.443s] [  0%] Built target std_msgs_generate_messages_cpp
[20.456s] [  0%] Built target rosgraph_msgs_generate_messages_nodejs
[20.468s] [  0%] Built target roscpp_generate_messages_eus
[20.489s] [  0%] Built target actionlib_msgs_generate_messages_eus
[20.494s] [  0%] Built target rosgraph_msgs_generate_messages_py
[20.517s] [  0%] Built target jsk_footstep_msgs_generate_messages_cpp
[20.529s] [  0%] Built target tf_generate_messages_eus
[20.540s] [  0%] Built target actionlib_msgs_generate_messages_cpp
[20.555s] [  0%] Built target tf_generate_messages_lisp
[20.568s] [  0%] Built target tf_generate_messages_nodejs
[20.582s] [  0%] Built target pcl_msgs_generate_messages_py
[20.600s] [  0%] Built target geometry_msgs_generate_messages_cpp
[20.600s] [  0%] Built target actionlib_generate_messages_eus
[20.610s] [  0%] Built target actionlib_generate_messages_lisp
[20.634s] [  0%] Built target actionlib_generate_messages_nodejs
[20.637s] [  0%] Built target pcl_msgs_generate_messages_lisp
[20.663s] [  0%] Built target tf2_msgs_generate_messages_eus
[20.675s] [  0%] Built target tf2_msgs_generate_messages_lisp
[20.690s] [  0%] Built target actionlib_generate_messages_py
[20.713s] [  0%] Built target tf2_msgs_generate_messages_py
[20.720s] [  0%] Built target tf2_msgs_generate_messages_nodejs
[20.742s] [  0%] Built target actionlib_msgs_generate_messages_nodejs
[20.753s] [ 50%] Built target beyond_track_lib
[20.772s] [ 50%] Built target std_msgs_generate_messages_eus
[20.787s] [ 50%] Built target tf_generate_messages_cpp
[20.798s] [ 50%] Built target tf_generate_messages_py
[20.826s] [ 50%] Built target sensor_msgs_generate_messages_lisp
[20.832s] [ 50%] Built target sensor_msgs_generate_messages_py
[20.860s] [ 50%] Built target pcl_msgs_generate_messages_nodejs
[20.862s] [ 50%] Built target jsk_recognition_msgs_generate_messages_py
[20.885s] [ 50%] Built target rosgraph_msgs_generate_messages_cpp
[20.885s] [ 50%] Built target sensor_msgs_generate_messages_cpp
[20.910s] [ 50%] Built target _catkin_empty_exported_target
[20.911s] [ 50%] Built target sensor_msgs_generate_messages_eus
[20.938s] [ 50%] Built target autoware_msgs_generate_messages_py
[20.944s] [ 50%] Built target std_msgs_generate_messages_nodejs
[20.961s] [ 50%] Built target std_msgs_generate_messages_py
[20.971s] [ 50%] Built target tf2_msgs_generate_messages_cpp
[20.982s] [ 50%] Built target jsk_recognition_msgs_generate_messages_eus
[20.992s] [ 50%] Built target jsk_recognition_msgs_generate_messages_lisp
[21.012s] [ 50%] Built target pcl_msgs_generate_messages_eus
[21.013s] [ 50%] Built target rosgraph_msgs_generate_messages_eus
[21.036s] [ 50%] Built target actionlib_generate_messages_cpp
[21.040s] [ 50%] Built target roscpp_generate_messages_cpp
[21.058s] [ 50%] Built target sensor_msgs_generate_messages_nodejs
[21.091s] [100%] Built target vision_beyond_track
[21.116s] [36mInstall the project...[0m
[21.126s] -- Install configuration: "Release"
[21.126s] -- Installing: /home/point001/autoware.ai/install/vision_beyond_track/lib/pkgconfig/vision_beyond_track.pc
[21.126s] -- Installing: /home/point001/autoware.ai/install/vision_beyond_track/share/vision_beyond_track/cmake/vision_beyond_trackConfig.cmake
[21.127s] -- Installing: /home/point001/autoware.ai/install/vision_beyond_track/share/vision_beyond_track/cmake/vision_beyond_trackConfig-version.cmake
[21.127s] -- Installing: /home/point001/autoware.ai/install/vision_beyond_track/share/vision_beyond_track/package.xml
[21.127s] -- Installing: /home/point001/autoware.ai/install/vision_beyond_track/lib/libbeyond_track_lib.a
[21.127s] -- Installing: /home/point001/autoware.ai/install/vision_beyond_track/lib/vision_beyond_track/vision_beyond_track
[21.128s] -- Set runtime path of "/home/point001/autoware.ai/install/vision_beyond_track/lib/vision_beyond_track/vision_beyond_track" to ""
[21.128s] -- Installing: /home/point001/autoware.ai/install/vision_beyond_track/share/vision_beyond_track/launch
[21.128s] -- Installing: /home/point001/autoware.ai/install/vision_beyond_track/share/vision_beyond_track/launch/vision_beyond_track.launch
[21.132s] Invoked command in '/home/point001/autoware.ai/build/vision_beyond_track' returned '0': CMAKE_PREFIX_PATH=/home/point001/autoware.ai/install/autoware_msgs:/home/point001/autoware.ai/install/autoware_build_flags:${CMAKE_PREFIX_PATH} PKG_CONFIG_PATH=/home/point001/autoware.ai/install/autoware_msgs/lib/x86_64-linux-gnu/pkgconfig:/home/point001/autoware.ai/install/autoware_msgs/lib/pkgconfig:/home/point001/autoware.ai/install/autoware_build_flags/lib/x86_64-linux-gnu/pkgconfig:/home/point001/autoware.ai/install/autoware_build_flags/lib/pkgconfig:${PKG_CONFIG_PATH} PYTHONPATH=/home/point001/autoware.ai/install/autoware_msgs/lib/python2.7/dist-packages:${PYTHONPATH} ROS_PACKAGE_PATH=/home/point001/autoware.ai/install/autoware_msgs/share:/home/point001/autoware.ai/install/autoware_build_flags/share:${ROS_PACKAGE_PATH} /usr/bin/cmake --build /home/point001/autoware.ai/build/vision_beyond_track --target install -- -j24 -l24
