[0.217s] Invoking command in '/home/point001/autoware.ai/build/gnss': CONDA_PROMPT_MODIFIER=(base) /usr/bin/cmake --build /home/point001/autoware.ai/build/gnss -- -j24 -l24
[0.687s] [100%] Built target gnss
[1.047s] Invoked command in '/home/point001/autoware.ai/build/gnss' returned '0': CONDA_PROMPT_MODIFIER=(base) /usr/bin/cmake --build /home/point001/autoware.ai/build/gnss -- -j24 -l24
[1.298s] Invoking command in '/home/point001/autoware.ai/build/gnss': CONDA_PROMPT_MODIFIER=(base) /usr/bin/cmake --build /home/point001/autoware.ai/build/gnss --target tests -- -j24 -l24
[1.438s] [  0%] Built target rosgraph_msgs_generate_messages_lisp
[1.439s] [  0%] Built target roscpp_generate_messages_cpp
[1.442s] [  0%] Built target rosgraph_msgs_generate_messages_nodejs
[1.446s] [  0%] Built target std_msgs_generate_messages_py
[1.447s] [  0%] Built target std_msgs_generate_messages_lisp
[1.452s] [  0%] Built target roscpp_generate_messages_lisp
[1.453s] [  0%] Built target std_msgs_generate_messages_nodejs
[1.454s] [  0%] Built target std_msgs_generate_messages_cpp
[1.454s] [  0%] Built target roscpp_generate_messages_eus
[1.457s] [  0%] Built target roscpp_generate_messages_py
[1.459s] [  0%] Built target std_msgs_generate_messages_eus
[1.460s] [  0%] Built target rosgraph_msgs_generate_messages_eus
[1.461s] [  0%] Built target rosgraph_msgs_generate_messages_py
[1.461s] [  0%] Built target roscpp_generate_messages_nodejs
[1.464s] [ 40%] Built target gtest
[1.477s] [ 40%] Built target rosgraph_msgs_generate_messages_cpp
[1.520s] [100%] Built target test_gnss
[1.551s] [100%] Built target tests
[1.611s] Invoked command in '/home/point001/autoware.ai/build/gnss' returned '0': CONDA_PROMPT_MODIFIER=(base) /usr/bin/cmake --build /home/point001/autoware.ai/build/gnss --target tests -- -j24 -l24
[1.914s] Invoking command in '/home/point001/autoware.ai/build/gnss': CONDA_PROMPT_MODIFIER=(base) /usr/bin/cmake --build /home/point001/autoware.ai/build/gnss --target install -- -j24 -l24
[2.046s] [100%] Built target gnss
[2.103s] [36mInstall the project...[0m
[2.122s] -- Install configuration: "Release"
[2.122s] -- Up-to-date: /home/point001/autoware.ai/install/gnss/lib/pkgconfig/gnss.pc
[2.122s] -- Up-to-date: /home/point001/autoware.ai/install/gnss/share/gnss/cmake/gnssConfig.cmake
[2.122s] -- Up-to-date: /home/point001/autoware.ai/install/gnss/share/gnss/cmake/gnssConfig-version.cmake
[2.122s] -- Up-to-date: /home/point001/autoware.ai/install/gnss/share/gnss/package.xml
[2.122s] -- Up-to-date: /home/point001/autoware.ai/install/gnss/include/gnss
[2.122s] -- Up-to-date: /home/point001/autoware.ai/install/gnss/include/gnss/geo_pos_conv.hpp
[2.122s] -- Up-to-date: /home/point001/autoware.ai/install/gnss/lib/libgnss.so
[2.322s] Invoked command in '/home/point001/autoware.ai/build/gnss' returned '0': CONDA_PROMPT_MODIFIER=(base) /usr/bin/cmake --build /home/point001/autoware.ai/build/gnss --target install -- -j24 -l24
