[0.392s] Invoking command in '/home/point001/autoware.ai/build/trafficlight_recognizer': CMAKE_PREFIX_PATH=/home/point001/autoware.ai/install/lanelet2_extension:/home/point001/autoware.ai/install/lanelet2_validation:/home/point001/autoware.ai/install/lanelet2_routing:/home/point001/autoware.ai/install/lanelet2_projection:/home/point001/autoware.ai/install/vector_map_server:/home/point001/autoware.ai/install/libvectormap:/home/point001/autoware.ai/install/lanelet2_traffic_rules:/home/point001/autoware.ai/install/lanelet2_maps:/home/point001/autoware.ai/install/lanelet2_io:/home/point001/autoware.ai/install/vector_map:/home/point001/autoware.ai/install/lanelet2_core:/home/point001/autoware.ai/install/amathutils_lib:/home/point001/autoware.ai/install/vector_map_msgs:/home/point001/autoware.ai/install/autoware_msgs:/home/point001/autoware.ai/install/autoware_lanelet2_msgs:/home/point001/autoware.ai/install/autoware_build_flags:${CMAKE_PREFIX_PATH} LD_LIBRARY_PATH=/home/point001/autoware.ai/install/lanelet2_extension/lib:/home/point001/autoware.ai/install/lanelet2_validation/lib:/home/point001/autoware.ai/install/lanelet2_routing/lib:/home/point001/autoware.ai/install/lanelet2_projection/lib:/home/point001/autoware.ai/install/lanelet2_traffic_rules/lib:/home/point001/autoware.ai/install/lanelet2_io/lib:/home/point001/autoware.ai/install/vector_map/lib:/home/point001/autoware.ai/install/lanelet2_core/lib:/home/point001/autoware.ai/install/amathutils_lib/lib:${LD_LIBRARY_PATH} PKG_CONFIG_PATH=/home/point001/autoware.ai/install/lanelet2_extension/lib/x86_64-linux-gnu/pkgconfig:/home/point001/autoware.ai/install/lanelet2_extension/lib/pkgconfig:/home/point001/autoware.ai/install/lanelet2_validation/lib/x86_64-linux-gnu/pkgconfig:/home/point001/autoware.ai/install/lanelet2_validation/lib/pkgconfig:/home/point001/autoware.ai/install/lanelet2_routing/lib/x86_64-linux-gnu/pkgconfig:/home/point001/autoware.ai/install/lanelet2_routing/lib/pkgconfig:/home/point001/autoware.ai/install/lanelet2_projection/lib/x86_64-linux-gnu/pkgconfig:/home/point001/autoware.ai/install/lanelet2_projection/lib/pkgconfig:/home/point001/autoware.ai/install/vector_map_server/lib/x86_64-linux-gnu/pkgconfig:/home/point001/autoware.ai/install/vector_map_server/lib/pkgconfig:/home/point001/autoware.ai/install/libvectormap/lib/x86_64-linux-gnu/pkgconfig:/home/point001/autoware.ai/install/libvectormap/lib/pkgconfig:/home/point001/autoware.ai/install/lanelet2_traffic_rules/lib/x86_64-linux-gnu/pkgconfig:/home/point001/autoware.ai/install/lanelet2_traffic_rules/lib/pkgconfig:/home/point001/autoware.ai/install/lanelet2_maps/lib/x86_64-linux-gnu/pkgconfig:/home/point001/autoware.ai/install/lanelet2_maps/lib/pkgconfig:/home/point001/autoware.ai/install/lanelet2_io/lib/x86_64-linux-gnu/pkgconfig:/home/point001/autoware.ai/install/lanelet2_io/lib/pkgconfig:/home/point001/autoware.ai/install/vector_map/lib/x86_64-linux-gnu/pkgconfig:/home/point001/autoware.ai/install/vector_map/lib/pkgconfig:/home/point001/autoware.ai/install/lanelet2_core/lib/x86_64-linux-gnu/pkgconfig:/home/point001/autoware.ai/install/lanelet2_core/lib/pkgconfig:/home/point001/autoware.ai/install/amathutils_lib/lib/x86_64-linux-gnu/pkgconfig:/home/point001/autoware.ai/install/amathutils_lib/lib/pkgconfig:/home/point001/autoware.ai/install/vector_map_msgs/lib/x86_64-linux-gnu/pkgconfig:/home/point001/autoware.ai/install/vector_map_msgs/lib/pkgconfig:/home/point001/autoware.ai/install/autoware_msgs/lib/x86_64-linux-gnu/pkgconfig:/home/point001/autoware.ai/install/autoware_msgs/lib/pkgconfig:/home/point001/autoware.ai/install/autoware_lanelet2_msgs/lib/x86_64-linux-gnu/pkgconfig:/home/point001/autoware.ai/install/autoware_lanelet2_msgs/lib/pkgconfig:/home/point001/autoware.ai/install/autoware_build_flags/lib/x86_64-linux-gnu/pkgconfig:/home/point001/autoware.ai/install/autoware_build_flags/lib/pkgconfig:${PKG_CONFIG_PATH} PYTHONPATH=/home/point001/autoware.ai/install/vector_map_server/lib/python2.7/dist-packages:/home/point001/autoware.ai/install/vector_map_msgs/lib/python2.7/dist-packages:/home/point001/autoware.ai/install/autoware_msgs/lib/python2.7/dist-packages:/home/point001/autoware.ai/install/autoware_lanelet2_msgs/lib/python2.7/dist-packages:${PYTHONPATH} ROS_PACKAGE_PATH=/home/point001/autoware.ai/install/lanelet2_extension/share:/home/point001/autoware.ai/install/lanelet2_validation/share:/home/point001/autoware.ai/install/lanelet2_routing/share:/home/point001/autoware.ai/install/lanelet2_projection/share:/home/point001/autoware.ai/install/vector_map_server/share:/home/point001/autoware.ai/install/libvectormap/share:/home/point001/autoware.ai/install/lanelet2_traffic_rules/share:/home/point001/autoware.ai/install/lanelet2_maps/share:/home/point001/autoware.ai/install/lanelet2_io/share:/home/point001/autoware.ai/install/vector_map/share:/home/point001/autoware.ai/install/lanelet2_core/share:/home/point001/autoware.ai/install/amathutils_lib/share:/home/point001/autoware.ai/install/vector_map_msgs/share:/home/point001/autoware.ai/install/autoware_msgs/share:/home/point001/autoware.ai/install/autoware_lanelet2_msgs/share:/home/point001/autoware.ai/install/autoware_build_flags/share:${ROS_PACKAGE_PATH} /usr/bin/cmake --build /home/point001/autoware.ai/build/trafficlight_recognizer -- -j24 -l24
[0.762s] [  0%] Built target vector_map_msgs_generate_messages_lisp
[0.766s] [  0%] Built target vector_map_msgs_generate_messages_eus
[0.770s] [  0%] Built target std_msgs_generate_messages_nodejs
[0.774s] [  0%] Built target geometry_msgs_generate_messages_py
[0.775s] [  0%] Built target actionlib_generate_messages_cpp
[0.776s] [  0%] Built target vector_map_server_generate_messages_nodejs
[0.789s] [  0%] Built target vector_map_msgs_generate_messages_cpp
[0.790s] [  2%] [34m[1mAutomatic MOC, UIC and RCC for target label_maker[0m
[0.793s] [  2%] Built target sensor_msgs_generate_messages_nodejs
[0.801s] [  2%] Built target pcl_msgs_generate_messages_eus
[0.809s] [  2%] Built target vector_map_server_generate_messages_eus
[0.818s] [  2%] Built target vector_map_msgs_generate_messages_nodejs
[0.818s] [  2%] Built target tf2_msgs_generate_messages_cpp
[0.818s] [  2%] Built target jsk_recognition_msgs_generate_messages_lisp
[0.822s] [  2%] Built target autoware_msgs_generate_messages_py
[0.829s] [  2%] Built target visualization_msgs_generate_messages_py
[0.840s] [  2%] Built target jsk_recognition_msgs_generate_messages_eus
[0.851s] [  2%] Built target vector_map_msgs_generate_messages_py
[0.851s] [  2%] Built target visualization_msgs_generate_messages_cpp
[0.851s] [  2%] Built target visualization_msgs_generate_messages_nodejs
[0.851s] [  2%] Built target std_msgs_generate_messages_py
[0.854s] [  2%] Built target label_maker_autogen
[0.859s] [  2%] Built target roscpp_generate_messages_cpp
[0.868s] [  2%] Built target rosgraph_msgs_generate_messages_eus
[0.914s] [  2%] Built target std_msgs_generate_messages_cpp
[0.930s] [  2%] Built target geometry_msgs_generate_messages_lisp
[0.931s] [  2%] Built target pcl_msgs_generate_messages_nodejs
[0.942s] [  2%] Built target sensor_msgs_generate_messages_eus
[0.955s] [  2%] Built target jsk_footstep_msgs_generate_messages_py
[0.956s] [  2%] Built target rosgraph_msgs_generate_messages_cpp
[0.961s] [  2%] Built target sensor_msgs_generate_messages_cpp
[0.965s] [  2%] Built target actionlib_msgs_generate_messages_nodejs
[0.966s] [  2%] Built target _catkin_empty_exported_target
[0.966s] [  2%] Built target autoware_msgs_generate_messages_cpp
[0.969s] [  2%] Built target tf_generate_messages_py
[0.976s] [  2%] Built target roscpp_generate_messages_nodejs
[0.977s] [  2%] Built target sensor_msgs_generate_messages_lisp
[0.981s] [  2%] Built target geometry_msgs_generate_messages_eus
[0.981s] [  2%] Built target autoware_msgs_generate_messages_lisp
[0.999s] [  2%] Built target jsk_recognition_msgs_generate_messages_cpp
[1.001s] [  2%] Built target std_msgs_generate_messages_eus
[1.002s] [  2%] Built target std_msgs_generate_messages_lisp
[1.002s] [  2%] Built target pcl_msgs_generate_messages_cpp
[1.004s] [  2%] Built target visualization_msgs_generate_messages_lisp
[1.023s] [  2%] Built target geometry_msgs_generate_messages_nodejs
[1.023s] [  2%] Built target sensor_msgs_generate_messages_py
[1.033s] [  2%] Built target jsk_footstep_msgs_generate_messages_eus
[1.033s] [  2%] Built target jsk_recognition_msgs_generate_messages_py
[1.033s] [  2%] Built target actionlib_msgs_generate_messages_py
[1.033s] [  2%] Built target autoware_msgs_generate_messages_eus
[1.042s] [  2%] Built target autoware_msgs_generate_messages_nodejs
[1.045s] [  2%] Built target jsk_footstep_msgs_generate_messages_nodejs
[1.053s] [  2%] Built target autoware_lanelet2_msgs_generate_messages_py
[1.053s] [  2%] Built target tf_generate_messages_eus
[1.061s] [  2%] Built target jsk_footstep_msgs_generate_messages_lisp
[1.081s] [  2%] Built target autoware_lanelet2_msgs_generate_messages_cpp
[1.088s] [  2%] Built target vector_map_server_generate_messages_lisp
[1.093s] [  2%] Built target tf_generate_messages_lisp
[1.117s] [  2%] Built target jsk_recognition_msgs_generate_messages_nodejs
[1.126s] [  2%] Built target rosgraph_msgs_generate_messages_lisp
[1.136s] [  2%] Built target roscpp_generate_messages_lisp
[1.136s] [  2%] Built target actionlib_msgs_generate_messages_lisp
[1.136s] [  2%] Built target rosgraph_msgs_generate_messages_nodejs
[1.136s] [  2%] Built target tf_generate_messages_nodejs
[1.136s] [  2%] Built target actionlib_msgs_generate_messages_cpp
[1.143s] [  2%] Built target jsk_footstep_msgs_generate_messages_cpp
[1.144s] [  2%] Built target pcl_msgs_generate_messages_py
[1.146s] [  2%] Built target actionlib_generate_messages_lisp
[1.148s] [  2%] Built target vector_map_server_generate_messages_py
[1.151s] [  2%] Built target actionlib_msgs_generate_messages_eus
[1.156s] [  2%] Built target geometry_msgs_generate_messages_cpp
[1.161s] [  2%] Built target tf_generate_messages_cpp
[1.174s] [  2%] Built target pcl_msgs_generate_messages_lisp
[1.182s] [  2%] Built target rosgraph_msgs_generate_messages_py
[1.183s] [  2%] Built target actionlib_generate_messages_py
[1.188s] [  2%] Built target actionlib_generate_messages_nodejs
[1.189s] [  2%] Built target roscpp_generate_messages_eus
[1.200s] [  2%] Built target tf2_msgs_generate_messages_lisp
[1.209s] [  2%] Built target autoware_lanelet2_msgs_generate_messages_eus
[1.212s] [  2%] Built target actionlib_generate_messages_eus
[1.225s] [  2%] Built target tf2_msgs_generate_messages_py
[1.236s] [  2%] Built target vector_map_server_generate_messages_cpp
[1.239s] [  2%] Built target roscpp_generate_messages_py
[1.249s] [  2%] Built target tf2_msgs_generate_messages_eus
[1.249s] [  2%] Built target autoware_lanelet2_msgs_generate_messages_lisp
[1.257s] [  2%] Built target autoware_lanelet2_msgs_generate_messages_nodejs
[1.259s] [  2%] Built target visualization_msgs_generate_messages_eus
[1.262s] [  2%] Built target tf2_msgs_generate_messages_nodejs
[1.299s] [ 19%] Built target label_maker
[1.352s] [ 21%] [34m[1mAutomatic MOC, UIC and RCC for target libcontext[0m
[1.357s] [ 24%] [34m[1mAutomatic MOC, UIC and RCC for target tl_switch[0m
[1.362s] [ 26%] [34m[1mAutomatic MOC, UIC and RCC for target feat_proj[0m
[1.377s] [ 29%] [34m[1mAutomatic MOC, UIC and RCC for target feat_proj_lanelet2[0m
[1.405s] [ 31%] [34m[1mAutomatic MOC, UIC and RCC for target tlr_tuner[0m
[1.425s] [ 31%] Built target libcontext_autogen
[1.445s] [ 31%] Built target feat_proj_autogen
[1.455s] [ 31%] Built target feat_proj_lanelet2_autogen
[1.463s] [ 31%] Built target tl_switch_autogen
[1.479s] [ 31%] Built target tlr_tuner_autogen
[1.541s] [ 39%] Built target libcontext
[1.560s] [ 46%] Built target tl_switch
[1.565s] [ 53%] Built target feat_proj
[1.577s] [ 78%] Built target feat_proj_lanelet2
[1.577s] [ 78%] Built target tlr_tuner
[1.580s] [ 80%] [34m[1mAutomatic MOC, UIC and RCC for target roi_extractor[0m
[1.588s] [ 82%] [34m[1mAutomatic MOC, UIC and RCC for target region_tlr[0m
[1.605s] [ 82%] Built target roi_extractor_autogen
[1.614s] [ 82%] Built target region_tlr_autogen
[1.653s] [ 90%] Built target roi_extractor
[1.677s] [100%] Built target region_tlr
[1.702s] Invoked command in '/home/point001/autoware.ai/build/trafficlight_recognizer' returned '0': CMAKE_PREFIX_PATH=/home/point001/autoware.ai/install/lanelet2_extension:/home/point001/autoware.ai/install/lanelet2_validation:/home/point001/autoware.ai/install/lanelet2_routing:/home/point001/autoware.ai/install/lanelet2_projection:/home/point001/autoware.ai/install/vector_map_server:/home/point001/autoware.ai/install/libvectormap:/home/point001/autoware.ai/install/lanelet2_traffic_rules:/home/point001/autoware.ai/install/lanelet2_maps:/home/point001/autoware.ai/install/lanelet2_io:/home/point001/autoware.ai/install/vector_map:/home/point001/autoware.ai/install/lanelet2_core:/home/point001/autoware.ai/install/amathutils_lib:/home/point001/autoware.ai/install/vector_map_msgs:/home/point001/autoware.ai/install/autoware_msgs:/home/point001/autoware.ai/install/autoware_lanelet2_msgs:/home/point001/autoware.ai/install/autoware_build_flags:${CMAKE_PREFIX_PATH} LD_LIBRARY_PATH=/home/point001/autoware.ai/install/lanelet2_extension/lib:/home/point001/autoware.ai/install/lanelet2_validation/lib:/home/point001/autoware.ai/install/lanelet2_routing/lib:/home/point001/autoware.ai/install/lanelet2_projection/lib:/home/point001/autoware.ai/install/lanelet2_traffic_rules/lib:/home/point001/autoware.ai/install/lanelet2_io/lib:/home/point001/autoware.ai/install/vector_map/lib:/home/point001/autoware.ai/install/lanelet2_core/lib:/home/point001/autoware.ai/install/amathutils_lib/lib:${LD_LIBRARY_PATH} PKG_CONFIG_PATH=/home/point001/autoware.ai/install/lanelet2_extension/lib/x86_64-linux-gnu/pkgconfig:/home/point001/autoware.ai/install/lanelet2_extension/lib/pkgconfig:/home/point001/autoware.ai/install/lanelet2_validation/lib/x86_64-linux-gnu/pkgconfig:/home/point001/autoware.ai/install/lanelet2_validation/lib/pkgconfig:/home/point001/autoware.ai/install/lanelet2_routing/lib/x86_64-linux-gnu/pkgconfig:/home/point001/autoware.ai/install/lanelet2_routing/lib/pkgconfig:/home/point001/autoware.ai/install/lanelet2_projection/lib/x86_64-linux-gnu/pkgconfig:/home/point001/autoware.ai/install/lanelet2_projection/lib/pkgconfig:/home/point001/autoware.ai/install/vector_map_server/lib/x86_64-linux-gnu/pkgconfig:/home/point001/autoware.ai/install/vector_map_server/lib/pkgconfig:/home/point001/autoware.ai/install/libvectormap/lib/x86_64-linux-gnu/pkgconfig:/home/point001/autoware.ai/install/libvectormap/lib/pkgconfig:/home/point001/autoware.ai/install/lanelet2_traffic_rules/lib/x86_64-linux-gnu/pkgconfig:/home/point001/autoware.ai/install/lanelet2_traffic_rules/lib/pkgconfig:/home/point001/autoware.ai/install/lanelet2_maps/lib/x86_64-linux-gnu/pkgconfig:/home/point001/autoware.ai/install/lanelet2_maps/lib/pkgconfig:/home/point001/autoware.ai/install/lanelet2_io/lib/x86_64-linux-gnu/pkgconfig:/home/point001/autoware.ai/install/lanelet2_io/lib/pkgconfig:/home/point001/autoware.ai/install/vector_map/lib/x86_64-linux-gnu/pkgconfig:/home/point001/autoware.ai/install/vector_map/lib/pkgconfig:/home/point001/autoware.ai/install/lanelet2_core/lib/x86_64-linux-gnu/pkgconfig:/home/point001/autoware.ai/install/lanelet2_core/lib/pkgconfig:/home/point001/autoware.ai/install/amathutils_lib/lib/x86_64-linux-gnu/pkgconfig:/home/point001/autoware.ai/install/amathutils_lib/lib/pkgconfig:/home/point001/autoware.ai/install/vector_map_msgs/lib/x86_64-linux-gnu/pkgconfig:/home/point001/autoware.ai/install/vector_map_msgs/lib/pkgconfig:/home/point001/autoware.ai/install/autoware_msgs/lib/x86_64-linux-gnu/pkgconfig:/home/point001/autoware.ai/install/autoware_msgs/lib/pkgconfig:/home/point001/autoware.ai/install/autoware_lanelet2_msgs/lib/x86_64-linux-gnu/pkgconfig:/home/point001/autoware.ai/install/autoware_lanelet2_msgs/lib/pkgconfig:/home/point001/autoware.ai/install/autoware_build_flags/lib/x86_64-linux-gnu/pkgconfig:/home/point001/autoware.ai/install/autoware_build_flags/lib/pkgconfig:${PKG_CONFIG_PATH} PYTHONPATH=/home/point001/autoware.ai/install/vector_map_server/lib/python2.7/dist-packages:/home/point001/autoware.ai/install/vector_map_msgs/lib/python2.7/dist-packages:/home/point001/autoware.ai/install/autoware_msgs/lib/python2.7/dist-packages:/home/point001/autoware.ai/install/autoware_lanelet2_msgs/lib/python2.7/dist-packages:${PYTHONPATH} ROS_PACKAGE_PATH=/home/point001/autoware.ai/install/lanelet2_extension/share:/home/point001/autoware.ai/install/lanelet2_validation/share:/home/point001/autoware.ai/install/lanelet2_routing/share:/home/point001/autoware.ai/install/lanelet2_projection/share:/home/point001/autoware.ai/install/vector_map_server/share:/home/point001/autoware.ai/install/libvectormap/share:/home/point001/autoware.ai/install/lanelet2_traffic_rules/share:/home/point001/autoware.ai/install/lanelet2_maps/share:/home/point001/autoware.ai/install/lanelet2_io/share:/home/point001/autoware.ai/install/vector_map/share:/home/point001/autoware.ai/install/lanelet2_core/share:/home/point001/autoware.ai/install/amathutils_lib/share:/home/point001/autoware.ai/install/vector_map_msgs/share:/home/point001/autoware.ai/install/autoware_msgs/share:/home/point001/autoware.ai/install/autoware_lanelet2_msgs/share:/home/point001/autoware.ai/install/autoware_build_flags/share:${ROS_PACKAGE_PATH} /usr/bin/cmake --build /home/point001/autoware.ai/build/trafficlight_recognizer -- -j24 -l24
[2.662s] Invoking command in '/home/point001/autoware.ai/build/trafficlight_recognizer': CMAKE_PREFIX_PATH=/home/point001/autoware.ai/install/lanelet2_extension:/home/point001/autoware.ai/install/lanelet2_validation:/home/point001/autoware.ai/install/lanelet2_routing:/home/point001/autoware.ai/install/lanelet2_projection:/home/point001/autoware.ai/install/vector_map_server:/home/point001/autoware.ai/install/libvectormap:/home/point001/autoware.ai/install/lanelet2_traffic_rules:/home/point001/autoware.ai/install/lanelet2_maps:/home/point001/autoware.ai/install/lanelet2_io:/home/point001/autoware.ai/install/vector_map:/home/point001/autoware.ai/install/lanelet2_core:/home/point001/autoware.ai/install/amathutils_lib:/home/point001/autoware.ai/install/vector_map_msgs:/home/point001/autoware.ai/install/autoware_msgs:/home/point001/autoware.ai/install/autoware_lanelet2_msgs:/home/point001/autoware.ai/install/autoware_build_flags:${CMAKE_PREFIX_PATH} LD_LIBRARY_PATH=/home/point001/autoware.ai/install/lanelet2_extension/lib:/home/point001/autoware.ai/install/lanelet2_validation/lib:/home/point001/autoware.ai/install/lanelet2_routing/lib:/home/point001/autoware.ai/install/lanelet2_projection/lib:/home/point001/autoware.ai/install/lanelet2_traffic_rules/lib:/home/point001/autoware.ai/install/lanelet2_io/lib:/home/point001/autoware.ai/install/vector_map/lib:/home/point001/autoware.ai/install/lanelet2_core/lib:/home/point001/autoware.ai/install/amathutils_lib/lib:${LD_LIBRARY_PATH} PKG_CONFIG_PATH=/home/point001/autoware.ai/install/lanelet2_extension/lib/x86_64-linux-gnu/pkgconfig:/home/point001/autoware.ai/install/lanelet2_extension/lib/pkgconfig:/home/point001/autoware.ai/install/lanelet2_validation/lib/x86_64-linux-gnu/pkgconfig:/home/point001/autoware.ai/install/lanelet2_validation/lib/pkgconfig:/home/point001/autoware.ai/install/lanelet2_routing/lib/x86_64-linux-gnu/pkgconfig:/home/point001/autoware.ai/install/lanelet2_routing/lib/pkgconfig:/home/point001/autoware.ai/install/lanelet2_projection/lib/x86_64-linux-gnu/pkgconfig:/home/point001/autoware.ai/install/lanelet2_projection/lib/pkgconfig:/home/point001/autoware.ai/install/vector_map_server/lib/x86_64-linux-gnu/pkgconfig:/home/point001/autoware.ai/install/vector_map_server/lib/pkgconfig:/home/point001/autoware.ai/install/libvectormap/lib/x86_64-linux-gnu/pkgconfig:/home/point001/autoware.ai/install/libvectormap/lib/pkgconfig:/home/point001/autoware.ai/install/lanelet2_traffic_rules/lib/x86_64-linux-gnu/pkgconfig:/home/point001/autoware.ai/install/lanelet2_traffic_rules/lib/pkgconfig:/home/point001/autoware.ai/install/lanelet2_maps/lib/x86_64-linux-gnu/pkgconfig:/home/point001/autoware.ai/install/lanelet2_maps/lib/pkgconfig:/home/point001/autoware.ai/install/lanelet2_io/lib/x86_64-linux-gnu/pkgconfig:/home/point001/autoware.ai/install/lanelet2_io/lib/pkgconfig:/home/point001/autoware.ai/install/vector_map/lib/x86_64-linux-gnu/pkgconfig:/home/point001/autoware.ai/install/vector_map/lib/pkgconfig:/home/point001/autoware.ai/install/lanelet2_core/lib/x86_64-linux-gnu/pkgconfig:/home/point001/autoware.ai/install/lanelet2_core/lib/pkgconfig:/home/point001/autoware.ai/install/amathutils_lib/lib/x86_64-linux-gnu/pkgconfig:/home/point001/autoware.ai/install/amathutils_lib/lib/pkgconfig:/home/point001/autoware.ai/install/vector_map_msgs/lib/x86_64-linux-gnu/pkgconfig:/home/point001/autoware.ai/install/vector_map_msgs/lib/pkgconfig:/home/point001/autoware.ai/install/autoware_msgs/lib/x86_64-linux-gnu/pkgconfig:/home/point001/autoware.ai/install/autoware_msgs/lib/pkgconfig:/home/point001/autoware.ai/install/autoware_lanelet2_msgs/lib/x86_64-linux-gnu/pkgconfig:/home/point001/autoware.ai/install/autoware_lanelet2_msgs/lib/pkgconfig:/home/point001/autoware.ai/install/autoware_build_flags/lib/x86_64-linux-gnu/pkgconfig:/home/point001/autoware.ai/install/autoware_build_flags/lib/pkgconfig:${PKG_CONFIG_PATH} PYTHONPATH=/home/point001/autoware.ai/install/vector_map_server/lib/python2.7/dist-packages:/home/point001/autoware.ai/install/vector_map_msgs/lib/python2.7/dist-packages:/home/point001/autoware.ai/install/autoware_msgs/lib/python2.7/dist-packages:/home/point001/autoware.ai/install/autoware_lanelet2_msgs/lib/python2.7/dist-packages:${PYTHONPATH} ROS_PACKAGE_PATH=/home/point001/autoware.ai/install/lanelet2_extension/share:/home/point001/autoware.ai/install/lanelet2_validation/share:/home/point001/autoware.ai/install/lanelet2_routing/share:/home/point001/autoware.ai/install/lanelet2_projection/share:/home/point001/autoware.ai/install/vector_map_server/share:/home/point001/autoware.ai/install/libvectormap/share:/home/point001/autoware.ai/install/lanelet2_traffic_rules/share:/home/point001/autoware.ai/install/lanelet2_maps/share:/home/point001/autoware.ai/install/lanelet2_io/share:/home/point001/autoware.ai/install/vector_map/share:/home/point001/autoware.ai/install/lanelet2_core/share:/home/point001/autoware.ai/install/amathutils_lib/share:/home/point001/autoware.ai/install/vector_map_msgs/share:/home/point001/autoware.ai/install/autoware_msgs/share:/home/point001/autoware.ai/install/autoware_lanelet2_msgs/share:/home/point001/autoware.ai/install/autoware_build_flags/share:${ROS_PACKAGE_PATH} /usr/bin/cmake --build /home/point001/autoware.ai/build/trafficlight_recognizer --target tests -- -j24 -l24
[2.874s] [  0%] Built target vector_map_msgs_generate_messages_cpp
[2.884s] [  0%] Built target roscpp_generate_messages_cpp
[2.921s] [  0%] Built target std_msgs_generate_messages_nodejs
[2.935s] [  0%] Built target vector_map_msgs_generate_messages_nodejs
[2.955s] [  0%] Built target sensor_msgs_generate_messages_nodejs
[2.965s] [  0%] Built target vector_map_server_generate_messages_nodejs
[2.968s] [  0%] Built target pcl_msgs_generate_messages_eus
[2.972s] [  0%] Built target sensor_msgs_generate_messages_eus
[2.972s] [  0%] Built target vector_map_server_generate_messages_eus
[2.973s] [  0%] Built target actionlib_generate_messages_cpp
[2.974s] [  0%] Built target sensor_msgs_generate_messages_cpp
[2.977s] [  0%] Built target vector_map_msgs_generate_messages_py
[3.003s] [  0%] Built target jsk_recognition_msgs_generate_messages_lisp
[3.011s] [  0%] Built target _catkin_empty_exported_target
[3.011s] [  0%] Built target jsk_recognition_msgs_generate_messages_eus
[3.011s] [  0%] Built target visualization_msgs_generate_messages_nodejs
[3.011s] [  0%] Built target geometry_msgs_generate_messages_py
[3.011s] [  0%] Built target vector_map_msgs_generate_messages_eus
[3.024s] [ 28%] Built target gtest
[3.027s] [ 28%] Built target visualization_msgs_generate_messages_py
[3.035s] [ 28%] Built target autoware_msgs_generate_messages_py
[3.038s] [ 28%] Built target sensor_msgs_generate_messages_py
[3.043s] [ 28%] Built target rosgraph_msgs_generate_messages_cpp
[3.045s] [ 28%] Built target std_msgs_generate_messages_py
[3.054s] [ 28%] Built target tf2_msgs_generate_messages_cpp
[3.056s] [ 28%] Built target rosgraph_msgs_generate_messages_eus
[3.060s] [ 28%] Built target pcl_msgs_generate_messages_nodejs
[3.073s] [ 28%] Built target vector_map_msgs_generate_messages_lisp
[3.082s] [ 28%] Built target autoware_msgs_generate_messages_cpp
[3.110s] [ 28%] Built target jsk_recognition_msgs_generate_messages_py
[3.110s] [ 28%] Built target std_msgs_generate_messages_cpp
[3.113s] [ 28%] Built target sensor_msgs_generate_messages_lisp
[3.128s] [ 28%] Built target jsk_footstep_msgs_generate_messages_py
[3.130s] [ 28%] Built target autoware_msgs_generate_messages_nodejs
[3.136s] [ 28%] Built target std_msgs_generate_messages_lisp
[3.139s] [ 28%] Built target tf_generate_messages_py
[3.141s] [ 28%] Built target roscpp_generate_messages_nodejs
[3.148s] [ 28%] Built target geometry_msgs_generate_messages_nodejs
[3.165s] [ 28%] Built target actionlib_msgs_generate_messages_nodejs
[3.167s] [ 28%] Built target autoware_msgs_generate_messages_lisp
[3.185s] [ 28%] Built target geometry_msgs_generate_messages_lisp
[3.193s] [ 28%] Built target jsk_footstep_msgs_generate_messages_nodejs
[3.193s] [ 28%] Built target jsk_footstep_msgs_generate_messages_eus
[3.193s] [ 28%] Built target autoware_msgs_generate_messages_eus
[3.206s] [ 28%] Built target pcl_msgs_generate_messages_cpp
[3.216s] [ 28%] Built target jsk_recognition_msgs_generate_messages_cpp
[3.216s] [ 28%] Built target geometry_msgs_generate_messages_eus
[3.244s] [ 28%] Built target actionlib_msgs_generate_messages_py
[3.246s] [ 28%] Built target roscpp_generate_messages_lisp
[3.249s] [ 28%] Built target std_msgs_generate_messages_eus
[3.256s] [ 28%] Built target tf_generate_messages_nodejs
[3.279s] [ 28%] Built target jsk_footstep_msgs_generate_messages_lisp
[3.279s] [ 28%] Built target vector_map_server_generate_messages_lisp
[3.279s] [ 28%] Built target actionlib_msgs_generate_messages_lisp
[3.289s] [ 28%] Built target rosgraph_msgs_generate_messages_lisp
[3.301s] [ 28%] Built target actionlib_msgs_generate_messages_cpp
[3.304s] [ 28%] Built target visualization_msgs_generate_messages_lisp
[3.313s] [ 28%] Built target tf_generate_messages_eus
[3.314s] [ 28%] Built target autoware_lanelet2_msgs_generate_messages_py
[3.317s] [ 28%] Built target roscpp_generate_messages_eus
[3.330s] [ 28%] Built target actionlib_generate_messages_eus
[3.330s] [ 28%] Built target autoware_lanelet2_msgs_generate_messages_cpp
[3.335s] [ 28%] Built target geometry_msgs_generate_messages_cpp
[3.341s] [ 28%] Built target pcl_msgs_generate_messages_py
[3.342s] [ 28%] Built target rosgraph_msgs_generate_messages_nodejs
[3.350s] [ 28%] Built target vector_map_server_generate_messages_py
[3.351s] [ 28%] Built target tf_generate_messages_lisp
[3.361s] [ 28%] Built target jsk_recognition_msgs_generate_messages_nodejs
[3.363s] [ 28%] Built target actionlib_msgs_generate_messages_eus
[3.364s] [ 28%] Built target rosgraph_msgs_generate_messages_py
[3.367s] [ 28%] Built target jsk_footstep_msgs_generate_messages_cpp
[3.368s] [ 28%] Built target actionlib_generate_messages_nodejs
[3.374s] [ 28%] Built target tf_generate_messages_cpp
[3.381s] [ 28%] Built target tf2_msgs_generate_messages_lisp
[3.389s] [ 28%] Built target tf2_msgs_generate_messages_py
[3.391s] [ 28%] Built target pcl_msgs_generate_messages_lisp
[3.392s] [ 28%] Built target actionlib_generate_messages_lisp
[3.392s] [ 28%] Built target actionlib_generate_messages_py
[3.420s] [ 28%] Built target visualization_msgs_generate_messages_cpp
[3.440s] [ 28%] Built target tf2_msgs_generate_messages_eus
[3.464s] [ 28%] Built target visualization_msgs_generate_messages_eus
[3.489s] [ 28%] Built target vector_map_server_generate_messages_cpp
[3.513s] [ 28%] Built target autoware_lanelet2_msgs_generate_messages_nodejs
[3.533s] [ 28%] Built target roscpp_generate_messages_py
[3.558s] [ 28%] Built target autoware_lanelet2_msgs_generate_messages_lisp
[3.585s] [ 28%] Built target tf2_msgs_generate_messages_nodejs
[3.607s] [ 28%] Built target autoware_lanelet2_msgs_generate_messages_eus
[3.630s] [ 42%] [34m[1mAutomatic MOC, UIC and RCC for target test-feat_proj_lanelet2[0m
[3.654s] [ 42%] Built target test-feat_proj_lanelet2_autogen
[3.698s] [100%] Built target test-feat_proj_lanelet2
[3.730s] [100%] Built target tests
[3.755s] Invoked command in '/home/point001/autoware.ai/build/trafficlight_recognizer' returned '0': CMAKE_PREFIX_PATH=/home/point001/autoware.ai/install/lanelet2_extension:/home/point001/autoware.ai/install/lanelet2_validation:/home/point001/autoware.ai/install/lanelet2_routing:/home/point001/autoware.ai/install/lanelet2_projection:/home/point001/autoware.ai/install/vector_map_server:/home/point001/autoware.ai/install/libvectormap:/home/point001/autoware.ai/install/lanelet2_traffic_rules:/home/point001/autoware.ai/install/lanelet2_maps:/home/point001/autoware.ai/install/lanelet2_io:/home/point001/autoware.ai/install/vector_map:/home/point001/autoware.ai/install/lanelet2_core:/home/point001/autoware.ai/install/amathutils_lib:/home/point001/autoware.ai/install/vector_map_msgs:/home/point001/autoware.ai/install/autoware_msgs:/home/point001/autoware.ai/install/autoware_lanelet2_msgs:/home/point001/autoware.ai/install/autoware_build_flags:${CMAKE_PREFIX_PATH} LD_LIBRARY_PATH=/home/point001/autoware.ai/install/lanelet2_extension/lib:/home/point001/autoware.ai/install/lanelet2_validation/lib:/home/point001/autoware.ai/install/lanelet2_routing/lib:/home/point001/autoware.ai/install/lanelet2_projection/lib:/home/point001/autoware.ai/install/lanelet2_traffic_rules/lib:/home/point001/autoware.ai/install/lanelet2_io/lib:/home/point001/autoware.ai/install/vector_map/lib:/home/point001/autoware.ai/install/lanelet2_core/lib:/home/point001/autoware.ai/install/amathutils_lib/lib:${LD_LIBRARY_PATH} PKG_CONFIG_PATH=/home/point001/autoware.ai/install/lanelet2_extension/lib/x86_64-linux-gnu/pkgconfig:/home/point001/autoware.ai/install/lanelet2_extension/lib/pkgconfig:/home/point001/autoware.ai/install/lanelet2_validation/lib/x86_64-linux-gnu/pkgconfig:/home/point001/autoware.ai/install/lanelet2_validation/lib/pkgconfig:/home/point001/autoware.ai/install/lanelet2_routing/lib/x86_64-linux-gnu/pkgconfig:/home/point001/autoware.ai/install/lanelet2_routing/lib/pkgconfig:/home/point001/autoware.ai/install/lanelet2_projection/lib/x86_64-linux-gnu/pkgconfig:/home/point001/autoware.ai/install/lanelet2_projection/lib/pkgconfig:/home/point001/autoware.ai/install/vector_map_server/lib/x86_64-linux-gnu/pkgconfig:/home/point001/autoware.ai/install/vector_map_server/lib/pkgconfig:/home/point001/autoware.ai/install/libvectormap/lib/x86_64-linux-gnu/pkgconfig:/home/point001/autoware.ai/install/libvectormap/lib/pkgconfig:/home/point001/autoware.ai/install/lanelet2_traffic_rules/lib/x86_64-linux-gnu/pkgconfig:/home/point001/autoware.ai/install/lanelet2_traffic_rules/lib/pkgconfig:/home/point001/autoware.ai/install/lanelet2_maps/lib/x86_64-linux-gnu/pkgconfig:/home/point001/autoware.ai/install/lanelet2_maps/lib/pkgconfig:/home/point001/autoware.ai/install/lanelet2_io/lib/x86_64-linux-gnu/pkgconfig:/home/point001/autoware.ai/install/lanelet2_io/lib/pkgconfig:/home/point001/autoware.ai/install/vector_map/lib/x86_64-linux-gnu/pkgconfig:/home/point001/autoware.ai/install/vector_map/lib/pkgconfig:/home/point001/autoware.ai/install/lanelet2_core/lib/x86_64-linux-gnu/pkgconfig:/home/point001/autoware.ai/install/lanelet2_core/lib/pkgconfig:/home/point001/autoware.ai/install/amathutils_lib/lib/x86_64-linux-gnu/pkgconfig:/home/point001/autoware.ai/install/amathutils_lib/lib/pkgconfig:/home/point001/autoware.ai/install/vector_map_msgs/lib/x86_64-linux-gnu/pkgconfig:/home/point001/autoware.ai/install/vector_map_msgs/lib/pkgconfig:/home/point001/autoware.ai/install/autoware_msgs/lib/x86_64-linux-gnu/pkgconfig:/home/point001/autoware.ai/install/autoware_msgs/lib/pkgconfig:/home/point001/autoware.ai/install/autoware_lanelet2_msgs/lib/x86_64-linux-gnu/pkgconfig:/home/point001/autoware.ai/install/autoware_lanelet2_msgs/lib/pkgconfig:/home/point001/autoware.ai/install/autoware_build_flags/lib/x86_64-linux-gnu/pkgconfig:/home/point001/autoware.ai/install/autoware_build_flags/lib/pkgconfig:${PKG_CONFIG_PATH} PYTHONPATH=/home/point001/autoware.ai/install/vector_map_server/lib/python2.7/dist-packages:/home/point001/autoware.ai/install/vector_map_msgs/lib/python2.7/dist-packages:/home/point001/autoware.ai/install/autoware_msgs/lib/python2.7/dist-packages:/home/point001/autoware.ai/install/autoware_lanelet2_msgs/lib/python2.7/dist-packages:${PYTHONPATH} ROS_PACKAGE_PATH=/home/point001/autoware.ai/install/lanelet2_extension/share:/home/point001/autoware.ai/install/lanelet2_validation/share:/home/point001/autoware.ai/install/lanelet2_routing/share:/home/point001/autoware.ai/install/lanelet2_projection/share:/home/point001/autoware.ai/install/vector_map_server/share:/home/point001/autoware.ai/install/libvectormap/share:/home/point001/autoware.ai/install/lanelet2_traffic_rules/share:/home/point001/autoware.ai/install/lanelet2_maps/share:/home/point001/autoware.ai/install/lanelet2_io/share:/home/point001/autoware.ai/install/vector_map/share:/home/point001/autoware.ai/install/lanelet2_core/share:/home/point001/autoware.ai/install/amathutils_lib/share:/home/point001/autoware.ai/install/vector_map_msgs/share:/home/point001/autoware.ai/install/autoware_msgs/share:/home/point001/autoware.ai/install/autoware_lanelet2_msgs/share:/home/point001/autoware.ai/install/autoware_build_flags/share:${ROS_PACKAGE_PATH} /usr/bin/cmake --build /home/point001/autoware.ai/build/trafficlight_recognizer --target tests -- -j24 -l24
[3.918s] Invoking command in '/home/point001/autoware.ai/build/trafficlight_recognizer': CMAKE_PREFIX_PATH=/home/point001/autoware.ai/install/lanelet2_extension:/home/point001/autoware.ai/install/lanelet2_validation:/home/point001/autoware.ai/install/lanelet2_routing:/home/point001/autoware.ai/install/lanelet2_projection:/home/point001/autoware.ai/install/vector_map_server:/home/point001/autoware.ai/install/libvectormap:/home/point001/autoware.ai/install/lanelet2_traffic_rules:/home/point001/autoware.ai/install/lanelet2_maps:/home/point001/autoware.ai/install/lanelet2_io:/home/point001/autoware.ai/install/vector_map:/home/point001/autoware.ai/install/lanelet2_core:/home/point001/autoware.ai/install/amathutils_lib:/home/point001/autoware.ai/install/vector_map_msgs:/home/point001/autoware.ai/install/autoware_msgs:/home/point001/autoware.ai/install/autoware_lanelet2_msgs:/home/point001/autoware.ai/install/autoware_build_flags:${CMAKE_PREFIX_PATH} LD_LIBRARY_PATH=/home/point001/autoware.ai/install/lanelet2_extension/lib:/home/point001/autoware.ai/install/lanelet2_validation/lib:/home/point001/autoware.ai/install/lanelet2_routing/lib:/home/point001/autoware.ai/install/lanelet2_projection/lib:/home/point001/autoware.ai/install/lanelet2_traffic_rules/lib:/home/point001/autoware.ai/install/lanelet2_io/lib:/home/point001/autoware.ai/install/vector_map/lib:/home/point001/autoware.ai/install/lanelet2_core/lib:/home/point001/autoware.ai/install/amathutils_lib/lib:${LD_LIBRARY_PATH} PKG_CONFIG_PATH=/home/point001/autoware.ai/install/lanelet2_extension/lib/x86_64-linux-gnu/pkgconfig:/home/point001/autoware.ai/install/lanelet2_extension/lib/pkgconfig:/home/point001/autoware.ai/install/lanelet2_validation/lib/x86_64-linux-gnu/pkgconfig:/home/point001/autoware.ai/install/lanelet2_validation/lib/pkgconfig:/home/point001/autoware.ai/install/lanelet2_routing/lib/x86_64-linux-gnu/pkgconfig:/home/point001/autoware.ai/install/lanelet2_routing/lib/pkgconfig:/home/point001/autoware.ai/install/lanelet2_projection/lib/x86_64-linux-gnu/pkgconfig:/home/point001/autoware.ai/install/lanelet2_projection/lib/pkgconfig:/home/point001/autoware.ai/install/vector_map_server/lib/x86_64-linux-gnu/pkgconfig:/home/point001/autoware.ai/install/vector_map_server/lib/pkgconfig:/home/point001/autoware.ai/install/libvectormap/lib/x86_64-linux-gnu/pkgconfig:/home/point001/autoware.ai/install/libvectormap/lib/pkgconfig:/home/point001/autoware.ai/install/lanelet2_traffic_rules/lib/x86_64-linux-gnu/pkgconfig:/home/point001/autoware.ai/install/lanelet2_traffic_rules/lib/pkgconfig:/home/point001/autoware.ai/install/lanelet2_maps/lib/x86_64-linux-gnu/pkgconfig:/home/point001/autoware.ai/install/lanelet2_maps/lib/pkgconfig:/home/point001/autoware.ai/install/lanelet2_io/lib/x86_64-linux-gnu/pkgconfig:/home/point001/autoware.ai/install/lanelet2_io/lib/pkgconfig:/home/point001/autoware.ai/install/vector_map/lib/x86_64-linux-gnu/pkgconfig:/home/point001/autoware.ai/install/vector_map/lib/pkgconfig:/home/point001/autoware.ai/install/lanelet2_core/lib/x86_64-linux-gnu/pkgconfig:/home/point001/autoware.ai/install/lanelet2_core/lib/pkgconfig:/home/point001/autoware.ai/install/amathutils_lib/lib/x86_64-linux-gnu/pkgconfig:/home/point001/autoware.ai/install/amathutils_lib/lib/pkgconfig:/home/point001/autoware.ai/install/vector_map_msgs/lib/x86_64-linux-gnu/pkgconfig:/home/point001/autoware.ai/install/vector_map_msgs/lib/pkgconfig:/home/point001/autoware.ai/install/autoware_msgs/lib/x86_64-linux-gnu/pkgconfig:/home/point001/autoware.ai/install/autoware_msgs/lib/pkgconfig:/home/point001/autoware.ai/install/autoware_lanelet2_msgs/lib/x86_64-linux-gnu/pkgconfig:/home/point001/autoware.ai/install/autoware_lanelet2_msgs/lib/pkgconfig:/home/point001/autoware.ai/install/autoware_build_flags/lib/x86_64-linux-gnu/pkgconfig:/home/point001/autoware.ai/install/autoware_build_flags/lib/pkgconfig:${PKG_CONFIG_PATH} PYTHONPATH=/home/point001/autoware.ai/install/vector_map_server/lib/python2.7/dist-packages:/home/point001/autoware.ai/install/vector_map_msgs/lib/python2.7/dist-packages:/home/point001/autoware.ai/install/autoware_msgs/lib/python2.7/dist-packages:/home/point001/autoware.ai/install/autoware_lanelet2_msgs/lib/python2.7/dist-packages:${PYTHONPATH} ROS_PACKAGE_PATH=/home/point001/autoware.ai/install/lanelet2_extension/share:/home/point001/autoware.ai/install/lanelet2_validation/share:/home/point001/autoware.ai/install/lanelet2_routing/share:/home/point001/autoware.ai/install/lanelet2_projection/share:/home/point001/autoware.ai/install/vector_map_server/share:/home/point001/autoware.ai/install/libvectormap/share:/home/point001/autoware.ai/install/lanelet2_traffic_rules/share:/home/point001/autoware.ai/install/lanelet2_maps/share:/home/point001/autoware.ai/install/lanelet2_io/share:/home/point001/autoware.ai/install/vector_map/share:/home/point001/autoware.ai/install/lanelet2_core/share:/home/point001/autoware.ai/install/amathutils_lib/share:/home/point001/autoware.ai/install/vector_map_msgs/share:/home/point001/autoware.ai/install/autoware_msgs/share:/home/point001/autoware.ai/install/autoware_lanelet2_msgs/share:/home/point001/autoware.ai/install/autoware_build_flags/share:${ROS_PACKAGE_PATH} /usr/bin/cmake --build /home/point001/autoware.ai/build/trafficlight_recognizer --target install -- -j24 -l24
[3.990s] [  2%] [34m[1mAutomatic MOC, UIC and RCC for target label_maker[0m
[4.011s] [  2%] Built target label_maker_autogen
[4.035s] [  2%] Built target sensor_msgs_generate_messages_eus
[4.054s] [  2%] Built target _catkin_empty_exported_target
[4.077s] [  2%] Built target sensor_msgs_generate_messages_cpp
[4.097s] [  2%] Built target autoware_msgs_generate_messages_cpp
[4.122s] [  2%] Built target rosgraph_msgs_generate_messages_cpp
[4.148s] [  2%] Built target pcl_msgs_generate_messages_nodejs
[4.172s] [  2%] Built target jsk_recognition_msgs_generate_messages_py
[4.196s] [  2%] Built target sensor_msgs_generate_messages_lisp
[4.218s] [  2%] Built target sensor_msgs_generate_messages_py
[4.245s] [  2%] Built target tf_generate_messages_py
[4.266s] [  2%] Built target std_msgs_generate_messages_cpp
[4.289s] [  2%] Built target jsk_footstep_msgs_generate_messages_py
[4.312s] [  2%] Built target actionlib_msgs_generate_messages_nodejs
[4.334s] [  2%] Built target geometry_msgs_generate_messages_eus
[4.355s] [  2%] Built target std_msgs_generate_messages_lisp
[4.381s] [  2%] Built target roscpp_generate_messages_nodejs
[4.400s] [  2%] Built target geometry_msgs_generate_messages_nodejs
[4.421s] [  2%] Built target geometry_msgs_generate_messages_lisp
[4.445s] [  2%] Built target pcl_msgs_generate_messages_cpp
[4.469s] [  2%] Built target jsk_recognition_msgs_generate_messages_cpp
[4.496s] [  2%] Built target autoware_msgs_generate_messages_eus
[4.523s] [  2%] Built target autoware_msgs_generate_messages_lisp
[4.551s] [  2%] Built target visualization_msgs_generate_messages_lisp
[4.572s] [  2%] Built target std_msgs_generate_messages_eus
[4.593s] [  2%] Built target autoware_msgs_generate_messages_nodejs
[4.616s] [  2%] Built target jsk_footstep_msgs_generate_messages_eus
[4.640s] [  2%] Built target actionlib_msgs_generate_messages_py
[4.662s] [  2%] Built target vector_map_server_generate_messages_lisp
[4.684s] [  2%] Built target jsk_footstep_msgs_generate_messages_lisp
[4.704s] [  2%] Built target jsk_footstep_msgs_generate_messages_nodejs
[4.725s] [  2%] Built target actionlib_msgs_generate_messages_lisp
[4.748s] [  2%] Built target jsk_footstep_msgs_generate_messages_cpp
[4.777s] [  2%] Built target actionlib_msgs_generate_messages_cpp
[4.799s] [  2%] Built target tf_generate_messages_eus
[4.820s] [  2%] Built target tf_generate_messages_lisp
[4.839s] [  2%] Built target tf_generate_messages_nodejs
[4.864s] [  2%] Built target autoware_lanelet2_msgs_generate_messages_cpp
[4.886s] [  2%] Built target jsk_recognition_msgs_generate_messages_nodejs
[4.909s] [  2%] Built target autoware_lanelet2_msgs_generate_messages_py
[4.933s] [  2%] Built target roscpp_generate_messages_lisp
[4.957s] [  2%] Built target rosgraph_msgs_generate_messages_lisp
[4.980s] [  2%] Built target rosgraph_msgs_generate_messages_nodejs
[5.003s] [  2%] Built target vector_map_server_generate_messages_py
[5.023s] [  2%] Built target roscpp_generate_messages_eus
[5.042s] [  2%] Built target actionlib_msgs_generate_messages_eus
[5.067s] [  2%] Built target rosgraph_msgs_generate_messages_py
[5.086s] [  2%] Built target pcl_msgs_generate_messages_py
[5.112s] [  2%] Built target actionlib_generate_messages_eus
[5.128s] [  2%] Built target geometry_msgs_generate_messages_cpp
[5.149s] [  2%] Built target actionlib_generate_messages_lisp
[5.174s] [  2%] Built target pcl_msgs_generate_messages_lisp
[5.193s] [  2%] Built target tf_generate_messages_cpp
[5.218s] [  2%] Built target actionlib_generate_messages_nodejs
[5.246s] [  2%] Built target tf2_msgs_generate_messages_lisp
[5.269s] [  2%] Built target actionlib_generate_messages_py
[5.295s] [  2%] Built target tf2_msgs_generate_messages_py
[5.318s] [  2%] Built target autoware_lanelet2_msgs_generate_messages_eus
[5.342s] [  2%] Built target tf2_msgs_generate_messages_nodejs
[5.365s] [  2%] Built target autoware_lanelet2_msgs_generate_messages_lisp
[5.392s] [  2%] Built target roscpp_generate_messages_py
[5.415s] [  2%] Built target autoware_lanelet2_msgs_generate_messages_nodejs
[5.437s] [  2%] Built target vector_map_server_generate_messages_cpp
[5.458s] [  2%] Built target visualization_msgs_generate_messages_eus
[5.474s] [  2%] Built target tf2_msgs_generate_messages_eus
[5.504s] [ 19%] Built target label_maker
[5.526s] [ 19%] Built target std_msgs_generate_messages_nodejs
[5.550s] [ 19%] Built target autoware_msgs_generate_messages_py
[5.569s] [ 19%] Built target std_msgs_generate_messages_py
[5.597s] [ 19%] Built target tf2_msgs_generate_messages_cpp
[5.619s] [ 19%] Built target jsk_recognition_msgs_generate_messages_eus
[5.641s] [ 19%] Built target jsk_recognition_msgs_generate_messages_lisp
[5.663s] [ 19%] Built target rosgraph_msgs_generate_messages_eus
[5.685s] [ 19%] Built target pcl_msgs_generate_messages_eus
[5.708s] [ 19%] Built target actionlib_generate_messages_cpp
[5.733s] [ 19%] Built target roscpp_generate_messages_cpp
[5.759s] [ 19%] Built target vector_map_server_generate_messages_eus
[5.779s] [ 19%] Built target sensor_msgs_generate_messages_nodejs
[5.799s] [ 19%] Built target geometry_msgs_generate_messages_py
[5.824s] [ 19%] Built target visualization_msgs_generate_messages_nodejs
[5.846s] [ 19%] Built target visualization_msgs_generate_messages_py
[5.867s] [ 19%] Built target vector_map_msgs_generate_messages_cpp
[5.889s] [ 19%] Built target vector_map_msgs_generate_messages_eus
[5.912s] [ 19%] Built target vector_map_msgs_generate_messages_lisp
[5.937s] [ 19%] Built target vector_map_msgs_generate_messages_nodejs
[5.958s] [ 19%] Built target vector_map_msgs_generate_messages_py
[5.982s] [ 19%] Built target vector_map_server_generate_messages_nodejs
[6.003s] [ 19%] Built target visualization_msgs_generate_messages_cpp
[6.026s] [ 21%] [34m[1mAutomatic MOC, UIC and RCC for target tlr_tuner[0m
[6.044s] [ 21%] Built target tlr_tuner_autogen
[6.065s] [ 24%] [34m[1mAutomatic MOC, UIC and RCC for target feat_proj[0m
[6.085s] [ 24%] Built target feat_proj_autogen
[6.124s] [ 39%] Built target tlr_tuner
[6.163s] [ 46%] Built target feat_proj
[6.182s] [ 48%] [34m[1mAutomatic MOC, UIC and RCC for target feat_proj_lanelet2[0m
[6.201s] [ 48%] Built target feat_proj_lanelet2_autogen
[6.225s] [ 51%] [34m[1mAutomatic MOC, UIC and RCC for target tl_switch[0m
[6.240s] [ 51%] Built target tl_switch_autogen
[6.280s] [ 60%] Built target feat_proj_lanelet2
[6.306s] [ 68%] Built target tl_switch
[6.327s] [ 70%] [34m[1mAutomatic MOC, UIC and RCC for target libcontext[0m
[6.351s] [ 70%] Built target libcontext_autogen
[6.371s] [ 78%] Built target libcontext
[6.390s] [ 80%] [34m[1mAutomatic MOC, UIC and RCC for target region_tlr[0m
[6.409s] [ 80%] Built target region_tlr_autogen
[6.431s] [ 82%] [34m[1mAutomatic MOC, UIC and RCC for target roi_extractor[0m
[6.452s] [ 82%] Built target roi_extractor_autogen
[6.481s] [ 92%] Built target region_tlr
[6.509s] [100%] Built target roi_extractor
[6.535s] [36mInstall the project...[0m
[6.546s] -- Install configuration: "Release"
[6.546s] -- Up-to-date: /home/point001/autoware.ai/install/trafficlight_recognizer/lib/pkgconfig/trafficlight_recognizer.pc
[6.546s] -- Up-to-date: /home/point001/autoware.ai/install/trafficlight_recognizer/share/trafficlight_recognizer/cmake/trafficlight_recognizerConfig.cmake
[6.546s] -- Up-to-date: /home/point001/autoware.ai/install/trafficlight_recognizer/share/trafficlight_recognizer/cmake/trafficlight_recognizerConfig-version.cmake
[6.546s] -- Up-to-date: /home/point001/autoware.ai/install/trafficlight_recognizer/share/trafficlight_recognizer/package.xml
[6.546s] -- Up-to-date: /home/point001/autoware.ai/install/trafficlight_recognizer/lib/trafficlight_recognizer/region_tlr
[6.547s] -- Up-to-date: /home/point001/autoware.ai/install/trafficlight_recognizer/lib/trafficlight_recognizer/feat_proj
[6.548s] -- Up-to-date: /home/point001/autoware.ai/install/trafficlight_recognizer/lib/trafficlight_recognizer/tlr_tuner
[6.548s] -- Up-to-date: /home/point001/autoware.ai/install/trafficlight_recognizer/lib/trafficlight_recognizer/feat_proj_lanelet2
[6.549s] -- Up-to-date: /home/point001/autoware.ai/install/trafficlight_recognizer/lib/trafficlight_recognizer/roi_extractor
[6.549s] -- Up-to-date: /home/point001/autoware.ai/install/trafficlight_recognizer/lib/trafficlight_recognizer/label_maker
[6.550s] -- Up-to-date: /home/point001/autoware.ai/install/trafficlight_recognizer/lib/liblibcontext.so
[6.550s] -- Up-to-date: /home/point001/autoware.ai/install/trafficlight_recognizer/lib/trafficlight_recognizer/tl_switch
[6.551s] -- Up-to-date: /home/point001/autoware.ai/install/trafficlight_recognizer/include/trafficlight_recognizer/include
[6.551s] -- Up-to-date: /home/point001/autoware.ai/install/trafficlight_recognizer/include/trafficlight_recognizer/include/trafficlight_recognizer
[6.551s] -- Up-to-date: /home/point001/autoware.ai/install/trafficlight_recognizer/include/trafficlight_recognizer/include/trafficlight_recognizer/region_tlr_ssd
[6.551s] -- Up-to-date: /home/point001/autoware.ai/install/trafficlight_recognizer/include/trafficlight_recognizer/include/trafficlight_recognizer/region_tlr_ssd/traffic_light_recognizer.h
[6.551s] -- Up-to-date: /home/point001/autoware.ai/install/trafficlight_recognizer/include/trafficlight_recognizer/include/trafficlight_recognizer/region_tlr_ssd/region_tlr_ssd.h
[6.551s] -- Up-to-date: /home/point001/autoware.ai/install/trafficlight_recognizer/include/trafficlight_recognizer/include/trafficlight_recognizer/label_maker
[6.551s] -- Up-to-date: /home/point001/autoware.ai/install/trafficlight_recognizer/include/trafficlight_recognizer/include/trafficlight_recognizer/label_maker/label_maker_gui.h
[6.551s] -- Up-to-date: /home/point001/autoware.ai/install/trafficlight_recognizer/include/trafficlight_recognizer/include/trafficlight_recognizer/label_maker/file_system_operator.h
[6.551s] -- Up-to-date: /home/point001/autoware.ai/install/trafficlight_recognizer/include/trafficlight_recognizer/include/trafficlight_recognizer/label_maker/custom_graphics_view.h
[6.551s] -- Up-to-date: /home/point001/autoware.ai/install/trafficlight_recognizer/include/trafficlight_recognizer/include/trafficlight_recognizer/roi_extractor
[6.552s] -- Up-to-date: /home/point001/autoware.ai/install/trafficlight_recognizer/include/trafficlight_recognizer/include/trafficlight_recognizer/roi_extractor/roi_extractor.h
[6.552s] -- Up-to-date: /home/point001/autoware.ai/install/trafficlight_recognizer/include/trafficlight_recognizer/include/trafficlight_recognizer/context.h
[6.552s] -- Up-to-date: /home/point001/autoware.ai/install/trafficlight_recognizer/include/trafficlight_recognizer/include/trafficlight_recognizer/region_tlr_mxnet
[6.552s] -- Up-to-date: /home/point001/autoware.ai/install/trafficlight_recognizer/include/trafficlight_recognizer/include/trafficlight_recognizer/region_tlr_mxnet/region_tlr_mxnet.h
[6.552s] -- Up-to-date: /home/point001/autoware.ai/install/trafficlight_recognizer/include/trafficlight_recognizer/include/trafficlight_recognizer/region_tlr_mxnet/mxnet_traffic_light_recognizer.h
[6.552s] -- Up-to-date: /home/point001/autoware.ai/install/trafficlight_recognizer/include/trafficlight_recognizer/include/trafficlight_recognizer/feat_proj_lanelet2
[6.552s] -- Up-to-date: /home/point001/autoware.ai/install/trafficlight_recognizer/include/trafficlight_recognizer/include/trafficlight_recognizer/feat_proj_lanelet2/feat_proj_lanelet2_core.h
[6.552s] -- Up-to-date: /home/point001/autoware.ai/install/trafficlight_recognizer/include/trafficlight_recognizer/include/trafficlight_recognizer/rate.h
[6.552s] -- Up-to-date: /home/point001/autoware.ai/install/trafficlight_recognizer/include/trafficlight_recognizer/include/trafficlight_recognizer/traffic_light.h
[6.552s] -- Up-to-date: /home/point001/autoware.ai/install/trafficlight_recognizer/include/trafficlight_recognizer/include/trafficlight_recognizer/tlr_tuner
[6.552s] -- Up-to-date: /home/point001/autoware.ai/install/trafficlight_recognizer/include/trafficlight_recognizer/include/trafficlight_recognizer/tlr_tuner/tuner_body.h
[6.552s] -- Up-to-date: /home/point001/autoware.ai/install/trafficlight_recognizer/include/trafficlight_recognizer/include/trafficlight_recognizer/tlr_tuner/mainwindow.h
[6.552s] -- Up-to-date: /home/point001/autoware.ai/install/trafficlight_recognizer/include/trafficlight_recognizer/include/trafficlight_recognizer/region_tlr
[6.552s] -- Up-to-date: /home/point001/autoware.ai/install/trafficlight_recognizer/include/trafficlight_recognizer/include/trafficlight_recognizer/region_tlr/traffic_light_detector.h
[6.552s] -- Up-to-date: /home/point001/autoware.ai/install/trafficlight_recognizer/include/trafficlight_recognizer/include/trafficlight_recognizer/region_tlr/region_tlr.h
[6.552s] -- Up-to-date: /home/point001/autoware.ai/install/trafficlight_recognizer/share/trafficlight_recognizer/launch
[6.552s] -- Up-to-date: /home/point001/autoware.ai/install/trafficlight_recognizer/share/trafficlight_recognizer/launch/feat_proj_lanelet2.launch
[6.552s] -- Up-to-date: /home/point001/autoware.ai/install/trafficlight_recognizer/share/trafficlight_recognizer/launch/feat_proj.launch
[6.552s] -- Up-to-date: /home/point001/autoware.ai/install/trafficlight_recognizer/share/trafficlight_recognizer/launch/traffic_light_recognition_ssd.launch
[6.553s] -- Up-to-date: /home/point001/autoware.ai/install/trafficlight_recognizer/share/trafficlight_recognizer/launch/roi_extractor.launch
[6.553s] -- Up-to-date: /home/point001/autoware.ai/install/trafficlight_recognizer/share/trafficlight_recognizer/launch/feat_proj_option.launch
[6.553s] -- Up-to-date: /home/point001/autoware.ai/install/trafficlight_recognizer/share/trafficlight_recognizer/launch/traffic_light_recognition_mxnet.launch
[6.553s] -- Up-to-date: /home/point001/autoware.ai/install/trafficlight_recognizer/share/trafficlight_recognizer/launch/traffic_light_recognition.launch
[6.556s] Invoked command in '/home/point001/autoware.ai/build/trafficlight_recognizer' returned '0': CMAKE_PREFIX_PATH=/home/point001/autoware.ai/install/lanelet2_extension:/home/point001/autoware.ai/install/lanelet2_validation:/home/point001/autoware.ai/install/lanelet2_routing:/home/point001/autoware.ai/install/lanelet2_projection:/home/point001/autoware.ai/install/vector_map_server:/home/point001/autoware.ai/install/libvectormap:/home/point001/autoware.ai/install/lanelet2_traffic_rules:/home/point001/autoware.ai/install/lanelet2_maps:/home/point001/autoware.ai/install/lanelet2_io:/home/point001/autoware.ai/install/vector_map:/home/point001/autoware.ai/install/lanelet2_core:/home/point001/autoware.ai/install/amathutils_lib:/home/point001/autoware.ai/install/vector_map_msgs:/home/point001/autoware.ai/install/autoware_msgs:/home/point001/autoware.ai/install/autoware_lanelet2_msgs:/home/point001/autoware.ai/install/autoware_build_flags:${CMAKE_PREFIX_PATH} LD_LIBRARY_PATH=/home/point001/autoware.ai/install/lanelet2_extension/lib:/home/point001/autoware.ai/install/lanelet2_validation/lib:/home/point001/autoware.ai/install/lanelet2_routing/lib:/home/point001/autoware.ai/install/lanelet2_projection/lib:/home/point001/autoware.ai/install/lanelet2_traffic_rules/lib:/home/point001/autoware.ai/install/lanelet2_io/lib:/home/point001/autoware.ai/install/vector_map/lib:/home/point001/autoware.ai/install/lanelet2_core/lib:/home/point001/autoware.ai/install/amathutils_lib/lib:${LD_LIBRARY_PATH} PKG_CONFIG_PATH=/home/point001/autoware.ai/install/lanelet2_extension/lib/x86_64-linux-gnu/pkgconfig:/home/point001/autoware.ai/install/lanelet2_extension/lib/pkgconfig:/home/point001/autoware.ai/install/lanelet2_validation/lib/x86_64-linux-gnu/pkgconfig:/home/point001/autoware.ai/install/lanelet2_validation/lib/pkgconfig:/home/point001/autoware.ai/install/lanelet2_routing/lib/x86_64-linux-gnu/pkgconfig:/home/point001/autoware.ai/install/lanelet2_routing/lib/pkgconfig:/home/point001/autoware.ai/install/lanelet2_projection/lib/x86_64-linux-gnu/pkgconfig:/home/point001/autoware.ai/install/lanelet2_projection/lib/pkgconfig:/home/point001/autoware.ai/install/vector_map_server/lib/x86_64-linux-gnu/pkgconfig:/home/point001/autoware.ai/install/vector_map_server/lib/pkgconfig:/home/point001/autoware.ai/install/libvectormap/lib/x86_64-linux-gnu/pkgconfig:/home/point001/autoware.ai/install/libvectormap/lib/pkgconfig:/home/point001/autoware.ai/install/lanelet2_traffic_rules/lib/x86_64-linux-gnu/pkgconfig:/home/point001/autoware.ai/install/lanelet2_traffic_rules/lib/pkgconfig:/home/point001/autoware.ai/install/lanelet2_maps/lib/x86_64-linux-gnu/pkgconfig:/home/point001/autoware.ai/install/lanelet2_maps/lib/pkgconfig:/home/point001/autoware.ai/install/lanelet2_io/lib/x86_64-linux-gnu/pkgconfig:/home/point001/autoware.ai/install/lanelet2_io/lib/pkgconfig:/home/point001/autoware.ai/install/vector_map/lib/x86_64-linux-gnu/pkgconfig:/home/point001/autoware.ai/install/vector_map/lib/pkgconfig:/home/point001/autoware.ai/install/lanelet2_core/lib/x86_64-linux-gnu/pkgconfig:/home/point001/autoware.ai/install/lanelet2_core/lib/pkgconfig:/home/point001/autoware.ai/install/amathutils_lib/lib/x86_64-linux-gnu/pkgconfig:/home/point001/autoware.ai/install/amathutils_lib/lib/pkgconfig:/home/point001/autoware.ai/install/vector_map_msgs/lib/x86_64-linux-gnu/pkgconfig:/home/point001/autoware.ai/install/vector_map_msgs/lib/pkgconfig:/home/point001/autoware.ai/install/autoware_msgs/lib/x86_64-linux-gnu/pkgconfig:/home/point001/autoware.ai/install/autoware_msgs/lib/pkgconfig:/home/point001/autoware.ai/install/autoware_lanelet2_msgs/lib/x86_64-linux-gnu/pkgconfig:/home/point001/autoware.ai/install/autoware_lanelet2_msgs/lib/pkgconfig:/home/point001/autoware.ai/install/autoware_build_flags/lib/x86_64-linux-gnu/pkgconfig:/home/point001/autoware.ai/install/autoware_build_flags/lib/pkgconfig:${PKG_CONFIG_PATH} PYTHONPATH=/home/point001/autoware.ai/install/vector_map_server/lib/python2.7/dist-packages:/home/point001/autoware.ai/install/vector_map_msgs/lib/python2.7/dist-packages:/home/point001/autoware.ai/install/autoware_msgs/lib/python2.7/dist-packages:/home/point001/autoware.ai/install/autoware_lanelet2_msgs/lib/python2.7/dist-packages:${PYTHONPATH} ROS_PACKAGE_PATH=/home/point001/autoware.ai/install/lanelet2_extension/share:/home/point001/autoware.ai/install/lanelet2_validation/share:/home/point001/autoware.ai/install/lanelet2_routing/share:/home/point001/autoware.ai/install/lanelet2_projection/share:/home/point001/autoware.ai/install/vector_map_server/share:/home/point001/autoware.ai/install/libvectormap/share:/home/point001/autoware.ai/install/lanelet2_traffic_rules/share:/home/point001/autoware.ai/install/lanelet2_maps/share:/home/point001/autoware.ai/install/lanelet2_io/share:/home/point001/autoware.ai/install/vector_map/share:/home/point001/autoware.ai/install/lanelet2_core/share:/home/point001/autoware.ai/install/amathutils_lib/share:/home/point001/autoware.ai/install/vector_map_msgs/share:/home/point001/autoware.ai/install/autoware_msgs/share:/home/point001/autoware.ai/install/autoware_lanelet2_msgs/share:/home/point001/autoware.ai/install/autoware_build_flags/share:${ROS_PACKAGE_PATH} /usr/bin/cmake --build /home/point001/autoware.ai/build/trafficlight_recognizer --target install -- -j24 -l24
