[0.094s] Invoking command in '/home/point001/autoware.ai/build/autoware_can_msgs': /usr/bin/cmake --build /home/point001/autoware.ai/build/autoware_can_msgs -- -j24 -l24
[0.476s] [  0%] Built target std_msgs_generate_messages_cpp
[0.476s] [  0%] Built target std_msgs_generate_messages_lisp
[0.476s] [  0%] Built target std_msgs_generate_messages_eus
[0.476s] [  0%] Built target std_msgs_generate_messages_py
[0.477s] [  0%] Built target _autoware_can_msgs_generate_messages_check_deps_CANPacket
[0.477s] [  0%] Built target std_msgs_generate_messages_nodejs
[0.477s] [  0%] Built target _autoware_can_msgs_generate_messages_check_deps_CANData
[0.477s] [  0%] Built target _autoware_can_msgs_generate_messages_check_deps_CANInfo
[0.477s] [ 17%] Built target autoware_can_msgs_generate_messages_lisp
[0.477s] [ 35%] Built target autoware_can_msgs_generate_messages_cpp
[0.520s] [ 58%] Built target autoware_can_msgs_generate_messages_eus
[0.531s] [ 76%] Built target autoware_can_msgs_generate_messages_nodejs
[0.585s] [100%] Built target autoware_can_msgs_generate_messages_py
[0.656s] [100%] Built target autoware_can_msgs_generate_messages
[0.729s] Invoked command in '/home/point001/autoware.ai/build/autoware_can_msgs' returned '0': /usr/bin/cmake --build /home/point001/autoware.ai/build/autoware_can_msgs -- -j24 -l24
[0.818s] Invoking command in '/home/point001/autoware.ai/build/autoware_can_msgs': /usr/bin/cmake --build /home/point001/autoware.ai/build/autoware_can_msgs --target tests -- -j24 -l24
[0.893s] Built target tests
[0.959s] Invoked command in '/home/point001/autoware.ai/build/autoware_can_msgs' returned '0': /usr/bin/cmake --build /home/point001/autoware.ai/build/autoware_can_msgs --target tests -- -j24 -l24
[1.091s] Invoking command in '/home/point001/autoware.ai/build/autoware_can_msgs': /usr/bin/cmake --build /home/point001/autoware.ai/build/autoware_can_msgs --target install -- -j24 -l24
[1.151s] [  0%] Built target std_msgs_generate_messages_eus
[1.151s] [  0%] Built target std_msgs_generate_messages_lisp
[1.156s] [  0%] Built target std_msgs_generate_messages_cpp
[1.156s] [  0%] Built target std_msgs_generate_messages_py
[1.159s] [  0%] Built target std_msgs_generate_messages_nodejs
[1.174s] [  0%] Built target _autoware_can_msgs_generate_messages_check_deps_CANPacket
[1.201s] [  0%] Built target _autoware_can_msgs_generate_messages_check_deps_CANData
[1.202s] [  0%] Built target _autoware_can_msgs_generate_messages_check_deps_CANInfo
[1.264s] [ 17%] Built target autoware_can_msgs_generate_messages_nodejs
[1.282s] [ 41%] Built target autoware_can_msgs_generate_messages_eus
[1.283s] [ 58%] Built target autoware_can_msgs_generate_messages_cpp
[1.283s] [ 82%] Built target autoware_can_msgs_generate_messages_py
[1.303s] [100%] Built target autoware_can_msgs_generate_messages_lisp
[1.349s] [100%] Built target autoware_can_msgs_generate_messages
[1.412s] [36mInstall the project...[0m
[1.421s] -- Install configuration: "Release"
[1.421s] -- Up-to-date: /home/point001/autoware.ai/install/autoware_can_msgs/share/autoware_can_msgs/msg/CANData.msg
[1.421s] -- Up-to-date: /home/point001/autoware.ai/install/autoware_can_msgs/share/autoware_can_msgs/msg/CANInfo.msg
[1.421s] -- Up-to-date: /home/point001/autoware.ai/install/autoware_can_msgs/share/autoware_can_msgs/msg/CANPacket.msg
[1.421s] -- Up-to-date: /home/point001/autoware.ai/install/autoware_can_msgs/share/autoware_can_msgs/cmake/autoware_can_msgs-msg-paths.cmake
[1.421s] -- Up-to-date: /home/point001/autoware.ai/install/autoware_can_msgs/include/autoware_can_msgs
[1.421s] -- Up-to-date: /home/point001/autoware.ai/install/autoware_can_msgs/include/autoware_can_msgs/CANInfo.h
[1.421s] -- Up-to-date: /home/point001/autoware.ai/install/autoware_can_msgs/include/autoware_can_msgs/CANData.h
[1.421s] -- Up-to-date: /home/point001/autoware.ai/install/autoware_can_msgs/include/autoware_can_msgs/CANPacket.h
[1.421s] -- Up-to-date: /home/point001/autoware.ai/install/autoware_can_msgs/share/roseus/ros/autoware_can_msgs
[1.421s] -- Up-to-date: /home/point001/autoware.ai/install/autoware_can_msgs/share/roseus/ros/autoware_can_msgs/manifest.l
[1.422s] -- Up-to-date: /home/point001/autoware.ai/install/autoware_can_msgs/share/roseus/ros/autoware_can_msgs/msg
[1.422s] -- Up-to-date: /home/point001/autoware.ai/install/autoware_can_msgs/share/roseus/ros/autoware_can_msgs/msg/CANData.l
[1.422s] -- Up-to-date: /home/point001/autoware.ai/install/autoware_can_msgs/share/roseus/ros/autoware_can_msgs/msg/CANInfo.l
[1.422s] -- Up-to-date: /home/point001/autoware.ai/install/autoware_can_msgs/share/roseus/ros/autoware_can_msgs/msg/CANPacket.l
[1.422s] -- Up-to-date: /home/point001/autoware.ai/install/autoware_can_msgs/share/common-lisp/ros/autoware_can_msgs
[1.422s] -- Up-to-date: /home/point001/autoware.ai/install/autoware_can_msgs/share/common-lisp/ros/autoware_can_msgs/msg
[1.422s] -- Up-to-date: /home/point001/autoware.ai/install/autoware_can_msgs/share/common-lisp/ros/autoware_can_msgs/msg/autoware_can_msgs-msg.asd
[1.422s] -- Up-to-date: /home/point001/autoware.ai/install/autoware_can_msgs/share/common-lisp/ros/autoware_can_msgs/msg/CANData.lisp
[1.422s] -- Up-to-date: /home/point001/autoware.ai/install/autoware_can_msgs/share/common-lisp/ros/autoware_can_msgs/msg/CANInfo.lisp
[1.422s] -- Up-to-date: /home/point001/autoware.ai/install/autoware_can_msgs/share/common-lisp/ros/autoware_can_msgs/msg/_package.lisp
[1.422s] -- Up-to-date: /home/point001/autoware.ai/install/autoware_can_msgs/share/common-lisp/ros/autoware_can_msgs/msg/_package_CANData.lisp
[1.422s] -- Up-to-date: /home/point001/autoware.ai/install/autoware_can_msgs/share/common-lisp/ros/autoware_can_msgs/msg/_package_CANPacket.lisp
[1.422s] -- Up-to-date: /home/point001/autoware.ai/install/autoware_can_msgs/share/common-lisp/ros/autoware_can_msgs/msg/_package_CANInfo.lisp
[1.422s] -- Up-to-date: /home/point001/autoware.ai/install/autoware_can_msgs/share/common-lisp/ros/autoware_can_msgs/msg/CANPacket.lisp
[1.422s] -- Up-to-date: /home/point001/autoware.ai/install/autoware_can_msgs/share/gennodejs/ros/autoware_can_msgs
[1.422s] -- Up-to-date: /home/point001/autoware.ai/install/autoware_can_msgs/share/gennodejs/ros/autoware_can_msgs/_index.js
[1.423s] -- Up-to-date: /home/point001/autoware.ai/install/autoware_can_msgs/share/gennodejs/ros/autoware_can_msgs/msg
[1.423s] -- Up-to-date: /home/point001/autoware.ai/install/autoware_can_msgs/share/gennodejs/ros/autoware_can_msgs/msg/CANData.js
[1.423s] -- Up-to-date: /home/point001/autoware.ai/install/autoware_can_msgs/share/gennodejs/ros/autoware_can_msgs/msg/_index.js
[1.423s] -- Up-to-date: /home/point001/autoware.ai/install/autoware_can_msgs/share/gennodejs/ros/autoware_can_msgs/msg/CANPacket.js
[1.423s] -- Up-to-date: /home/point001/autoware.ai/install/autoware_can_msgs/share/gennodejs/ros/autoware_can_msgs/msg/CANInfo.js
[1.433s] Listing /home/point001/autoware.ai/build/autoware_can_msgs/devel/lib/python2.7/dist-packages/autoware_can_msgs ...
[1.434s] Listing /home/point001/autoware.ai/build/autoware_can_msgs/devel/lib/python2.7/dist-packages/autoware_can_msgs/msg ...
[1.434s] -- Up-to-date: /home/point001/autoware.ai/install/autoware_can_msgs/lib/python2.7/dist-packages/autoware_can_msgs
[1.434s] -- Up-to-date: /home/point001/autoware.ai/install/autoware_can_msgs/lib/python2.7/dist-packages/autoware_can_msgs/msg
[1.434s] -- Up-to-date: /home/point001/autoware.ai/install/autoware_can_msgs/lib/python2.7/dist-packages/autoware_can_msgs/msg/_CANInfo.py
[1.434s] -- Up-to-date: /home/point001/autoware.ai/install/autoware_can_msgs/lib/python2.7/dist-packages/autoware_can_msgs/msg/_CANData.pyc
[1.434s] -- Up-to-date: /home/point001/autoware.ai/install/autoware_can_msgs/lib/python2.7/dist-packages/autoware_can_msgs/msg/_CANData.py
[1.434s] -- Up-to-date: /home/point001/autoware.ai/install/autoware_can_msgs/lib/python2.7/dist-packages/autoware_can_msgs/msg/__init__.py
[1.434s] -- Up-to-date: /home/point001/autoware.ai/install/autoware_can_msgs/lib/python2.7/dist-packages/autoware_can_msgs/msg/_CANInfo.pyc
[1.434s] -- Up-to-date: /home/point001/autoware.ai/install/autoware_can_msgs/lib/python2.7/dist-packages/autoware_can_msgs/msg/_CANPacket.py
[1.434s] -- Up-to-date: /home/point001/autoware.ai/install/autoware_can_msgs/lib/python2.7/dist-packages/autoware_can_msgs/msg/_CANPacket.pyc
[1.434s] -- Up-to-date: /home/point001/autoware.ai/install/autoware_can_msgs/lib/python2.7/dist-packages/autoware_can_msgs/msg/__init__.pyc
[1.435s] -- Up-to-date: /home/point001/autoware.ai/install/autoware_can_msgs/lib/python2.7/dist-packages/autoware_can_msgs/__init__.py
[1.435s] -- Up-to-date: /home/point001/autoware.ai/install/autoware_can_msgs/lib/python2.7/dist-packages/autoware_can_msgs/__init__.pyc
[1.435s] -- Up-to-date: /home/point001/autoware.ai/install/autoware_can_msgs/lib/pkgconfig/autoware_can_msgs.pc
[1.435s] -- Up-to-date: /home/point001/autoware.ai/install/autoware_can_msgs/share/autoware_can_msgs/cmake/autoware_can_msgs-msg-extras.cmake
[1.435s] -- Up-to-date: /home/point001/autoware.ai/install/autoware_can_msgs/share/autoware_can_msgs/cmake/autoware_can_msgsConfig.cmake
[1.435s] -- Up-to-date: /home/point001/autoware.ai/install/autoware_can_msgs/share/autoware_can_msgs/cmake/autoware_can_msgsConfig-version.cmake
[1.435s] -- Up-to-date: /home/point001/autoware.ai/install/autoware_can_msgs/share/autoware_can_msgs/package.xml
[1.479s] Invoked command in '/home/point001/autoware.ai/build/autoware_can_msgs' returned '0': /usr/bin/cmake --build /home/point001/autoware.ai/build/autoware_can_msgs --target install -- -j24 -l24
