[0.267s] Invoking command in '/home/point001/autoware.ai/build/ymc': CMAKE_PREFIX_PATH=/home/point001/autoware.ai/install/ros_observer:/home/point001/autoware.ai/install/ds4_msgs:/home/point001/autoware.ai/install/autoware_msgs:/home/point001/autoware.ai/install/autoware_build_flags:${CMAKE_PREFIX_PATH} LD_LIBRARY_PATH=/home/point001/autoware.ai/install/ros_observer/lib:${LD_LIBRARY_PATH} PKG_CONFIG_PATH=/home/point001/autoware.ai/install/ros_observer/lib/x86_64-linux-gnu/pkgconfig:/home/point001/autoware.ai/install/ros_observer/lib/pkgconfig:/home/point001/autoware.ai/install/ds4_msgs/lib/x86_64-linux-gnu/pkgconfig:/home/point001/autoware.ai/install/ds4_msgs/lib/pkgconfig:/home/point001/autoware.ai/install/autoware_msgs/lib/x86_64-linux-gnu/pkgconfig:/home/point001/autoware.ai/install/autoware_msgs/lib/pkgconfig:/home/point001/autoware.ai/install/autoware_build_flags/lib/x86_64-linux-gnu/pkgconfig:/home/point001/autoware.ai/install/autoware_build_flags/lib/pkgconfig:${PKG_CONFIG_PATH} PYTHONPATH=/home/point001/autoware.ai/install/ds4_msgs/lib/python2.7/dist-packages:/home/point001/autoware.ai/install/autoware_msgs/lib/python2.7/dist-packages:${PYTHONPATH} ROS_PACKAGE_PATH=/home/point001/autoware.ai/install/ros_observer/share:/home/point001/autoware.ai/install/ds4_msgs/share:/home/point001/autoware.ai/install/autoware_msgs/share:/home/point001/autoware.ai/install/autoware_build_flags/share:${ROS_PACKAGE_PATH} /usr/bin/cmake --build /home/point001/autoware.ai/build/ymc -- -j24 -l24
[0.422s] [  0%] Built target autoware_msgs_generate_messages_nodejs
[0.422s] [  0%] Built target rosgraph_msgs_generate_messages_nodejs
[0.422s] [  0%] Built target ds4_msgs_generate_messages_eus
[0.422s] [  0%] Built target ds4_msgs_generate_messages_cpp
[0.422s] [  0%] Built target rosgraph_msgs_generate_messages_py
[0.422s] [  0%] Built target actionlib_msgs_generate_messages_cpp
[0.422s] [  0%] Built target std_msgs_generate_messages_eus
[0.423s] [  0%] Built target jsk_footstep_msgs_generate_messages_cpp
[0.423s] [  0%] Built target pcl_msgs_generate_messages_lisp
[0.423s] [  0%] Built target roscpp_generate_messages_lisp
[0.423s] [  0%] Built target autoware_msgs_generate_messages_lisp
[0.423s] [  0%] Built target ds4_msgs_generate_messages_py
[0.423s] [  0%] Built target ds4_msgs_generate_messages_nodejs
[0.423s] [  0%] Built target autoware_msgs_generate_messages_eus
[0.423s] [  0%] Built target pcl_msgs_generate_messages_cpp
[0.423s] [  0%] Built target jsk_footstep_msgs_generate_messages_nodejs
[0.423s] [  0%] Built target jsk_recognition_msgs_generate_messages_cpp
[0.423s] [  0%] Built target ds4_msgs_generate_messages_lisp
[0.423s] [  0%] Built target actionlib_msgs_generate_messages_py
[0.424s] [  0%] Built target jsk_footstep_msgs_generate_messages_lisp
[0.432s] [  0%] Built target actionlib_msgs_generate_messages_lisp
[0.434s] [  0%] Built target jsk_footstep_msgs_generate_messages_eus
[0.435s] [  0%] Built target roscpp_generate_messages_py
[0.435s] [  0%] Built target actionlib_msgs_generate_messages_nodejs
[0.435s] [  0%] Built target pcl_msgs_generate_messages_py
[0.435s] [  0%] Built target actionlib_msgs_generate_messages_eus
[0.435s] [  0%] Built target roscpp_generate_messages_eus
[0.435s] [  0%] Built target geometry_msgs_generate_messages_eus
[0.440s] [  0%] Built target rosgraph_msgs_generate_messages_lisp
[0.444s] [  0%] Built target geometry_msgs_generate_messages_cpp
[0.444s] [  0%] Built target jsk_recognition_msgs_generate_messages_py
[0.446s] [  0%] Built target pcl_msgs_generate_messages_nodejs
[0.452s] [  0%] Built target rosgraph_msgs_generate_messages_cpp
[0.452s] [  0%] Built target sensor_msgs_generate_messages_lisp
[0.452s] [  0%] Built target geometry_msgs_generate_messages_lisp
[0.452s] [  0%] Built target sensor_msgs_generate_messages_cpp
[0.458s] [  0%] Built target sensor_msgs_generate_messages_py
[0.471s] [  0%] Built target std_msgs_generate_messages_cpp
[0.471s] [  0%] Built target jsk_footstep_msgs_generate_messages_py
[0.478s] [  0%] Built target roscpp_generate_messages_nodejs
[0.478s] [  0%] Built target std_msgs_generate_messages_nodejs
[0.478s] [  0%] Built target std_msgs_generate_messages_py
[0.478s] [  0%] Built target sensor_msgs_generate_messages_eus
[0.489s] [  0%] Built target jsk_recognition_msgs_generate_messages_lisp
[0.490s] [  0%] Built target geometry_msgs_generate_messages_nodejs
[0.492s] [  0%] Built target autoware_msgs_generate_messages_cpp
[0.496s] [  0%] Built target jsk_recognition_msgs_generate_messages_nodejs
[0.496s] [  0%] Built target autoware_msgs_generate_messages_py
[0.500s] [  0%] Built target pcl_msgs_generate_messages_eus
[0.502s] [  0%] Built target rosgraph_msgs_generate_messages_eus
[0.502s] [  0%] Built target jsk_recognition_msgs_generate_messages_eus
[0.506s] [  0%] Built target geometry_msgs_generate_messages_py
[0.507s] [  0%] Built target std_msgs_generate_messages_lisp
[0.523s] [  0%] Built target roscpp_generate_messages_cpp
[0.542s] [  0%] Built target sensor_msgs_generate_messages_nodejs
[0.543s] [  0%] Built target _catkin_empty_exported_target
[0.658s] [100%] Built target g30esli_interface
[0.776s] Invoked command in '/home/point001/autoware.ai/build/ymc' returned '0': CMAKE_PREFIX_PATH=/home/point001/autoware.ai/install/ros_observer:/home/point001/autoware.ai/install/ds4_msgs:/home/point001/autoware.ai/install/autoware_msgs:/home/point001/autoware.ai/install/autoware_build_flags:${CMAKE_PREFIX_PATH} LD_LIBRARY_PATH=/home/point001/autoware.ai/install/ros_observer/lib:${LD_LIBRARY_PATH} PKG_CONFIG_PATH=/home/point001/autoware.ai/install/ros_observer/lib/x86_64-linux-gnu/pkgconfig:/home/point001/autoware.ai/install/ros_observer/lib/pkgconfig:/home/point001/autoware.ai/install/ds4_msgs/lib/x86_64-linux-gnu/pkgconfig:/home/point001/autoware.ai/install/ds4_msgs/lib/pkgconfig:/home/point001/autoware.ai/install/autoware_msgs/lib/x86_64-linux-gnu/pkgconfig:/home/point001/autoware.ai/install/autoware_msgs/lib/pkgconfig:/home/point001/autoware.ai/install/autoware_build_flags/lib/x86_64-linux-gnu/pkgconfig:/home/point001/autoware.ai/install/autoware_build_flags/lib/pkgconfig:${PKG_CONFIG_PATH} PYTHONPATH=/home/point001/autoware.ai/install/ds4_msgs/lib/python2.7/dist-packages:/home/point001/autoware.ai/install/autoware_msgs/lib/python2.7/dist-packages:${PYTHONPATH} ROS_PACKAGE_PATH=/home/point001/autoware.ai/install/ros_observer/share:/home/point001/autoware.ai/install/ds4_msgs/share:/home/point001/autoware.ai/install/autoware_msgs/share:/home/point001/autoware.ai/install/autoware_build_flags/share:${ROS_PACKAGE_PATH} /usr/bin/cmake --build /home/point001/autoware.ai/build/ymc -- -j24 -l24
[1.392s] Invoking command in '/home/point001/autoware.ai/build/ymc': CMAKE_PREFIX_PATH=/home/point001/autoware.ai/install/ros_observer:/home/point001/autoware.ai/install/ds4_msgs:/home/point001/autoware.ai/install/autoware_msgs:/home/point001/autoware.ai/install/autoware_build_flags:${CMAKE_PREFIX_PATH} LD_LIBRARY_PATH=/home/point001/autoware.ai/install/ros_observer/lib:${LD_LIBRARY_PATH} PKG_CONFIG_PATH=/home/point001/autoware.ai/install/ros_observer/lib/x86_64-linux-gnu/pkgconfig:/home/point001/autoware.ai/install/ros_observer/lib/pkgconfig:/home/point001/autoware.ai/install/ds4_msgs/lib/x86_64-linux-gnu/pkgconfig:/home/point001/autoware.ai/install/ds4_msgs/lib/pkgconfig:/home/point001/autoware.ai/install/autoware_msgs/lib/x86_64-linux-gnu/pkgconfig:/home/point001/autoware.ai/install/autoware_msgs/lib/pkgconfig:/home/point001/autoware.ai/install/autoware_build_flags/lib/x86_64-linux-gnu/pkgconfig:/home/point001/autoware.ai/install/autoware_build_flags/lib/pkgconfig:${PKG_CONFIG_PATH} PYTHONPATH=/home/point001/autoware.ai/install/ds4_msgs/lib/python2.7/dist-packages:/home/point001/autoware.ai/install/autoware_msgs/lib/python2.7/dist-packages:${PYTHONPATH} ROS_PACKAGE_PATH=/home/point001/autoware.ai/install/ros_observer/share:/home/point001/autoware.ai/install/ds4_msgs/share:/home/point001/autoware.ai/install/autoware_msgs/share:/home/point001/autoware.ai/install/autoware_build_flags/share:${ROS_PACKAGE_PATH} /usr/bin/cmake --build /home/point001/autoware.ai/build/ymc --target tests -- -j24 -l24
[1.569s] Built target tests
[1.692s] Invoked command in '/home/point001/autoware.ai/build/ymc' returned '0': CMAKE_PREFIX_PATH=/home/point001/autoware.ai/install/ros_observer:/home/point001/autoware.ai/install/ds4_msgs:/home/point001/autoware.ai/install/autoware_msgs:/home/point001/autoware.ai/install/autoware_build_flags:${CMAKE_PREFIX_PATH} LD_LIBRARY_PATH=/home/point001/autoware.ai/install/ros_observer/lib:${LD_LIBRARY_PATH} PKG_CONFIG_PATH=/home/point001/autoware.ai/install/ros_observer/lib/x86_64-linux-gnu/pkgconfig:/home/point001/autoware.ai/install/ros_observer/lib/pkgconfig:/home/point001/autoware.ai/install/ds4_msgs/lib/x86_64-linux-gnu/pkgconfig:/home/point001/autoware.ai/install/ds4_msgs/lib/pkgconfig:/home/point001/autoware.ai/install/autoware_msgs/lib/x86_64-linux-gnu/pkgconfig:/home/point001/autoware.ai/install/autoware_msgs/lib/pkgconfig:/home/point001/autoware.ai/install/autoware_build_flags/lib/x86_64-linux-gnu/pkgconfig:/home/point001/autoware.ai/install/autoware_build_flags/lib/pkgconfig:${PKG_CONFIG_PATH} PYTHONPATH=/home/point001/autoware.ai/install/ds4_msgs/lib/python2.7/dist-packages:/home/point001/autoware.ai/install/autoware_msgs/lib/python2.7/dist-packages:${PYTHONPATH} ROS_PACKAGE_PATH=/home/point001/autoware.ai/install/ros_observer/share:/home/point001/autoware.ai/install/ds4_msgs/share:/home/point001/autoware.ai/install/autoware_msgs/share:/home/point001/autoware.ai/install/autoware_build_flags/share:${ROS_PACKAGE_PATH} /usr/bin/cmake --build /home/point001/autoware.ai/build/ymc --target tests -- -j24 -l24
[2.353s] Invoking command in '/home/point001/autoware.ai/build/ymc': CMAKE_PREFIX_PATH=/home/point001/autoware.ai/install/ros_observer:/home/point001/autoware.ai/install/ds4_msgs:/home/point001/autoware.ai/install/autoware_msgs:/home/point001/autoware.ai/install/autoware_build_flags:${CMAKE_PREFIX_PATH} LD_LIBRARY_PATH=/home/point001/autoware.ai/install/ros_observer/lib:${LD_LIBRARY_PATH} PKG_CONFIG_PATH=/home/point001/autoware.ai/install/ros_observer/lib/x86_64-linux-gnu/pkgconfig:/home/point001/autoware.ai/install/ros_observer/lib/pkgconfig:/home/point001/autoware.ai/install/ds4_msgs/lib/x86_64-linux-gnu/pkgconfig:/home/point001/autoware.ai/install/ds4_msgs/lib/pkgconfig:/home/point001/autoware.ai/install/autoware_msgs/lib/x86_64-linux-gnu/pkgconfig:/home/point001/autoware.ai/install/autoware_msgs/lib/pkgconfig:/home/point001/autoware.ai/install/autoware_build_flags/lib/x86_64-linux-gnu/pkgconfig:/home/point001/autoware.ai/install/autoware_build_flags/lib/pkgconfig:${PKG_CONFIG_PATH} PYTHONPATH=/home/point001/autoware.ai/install/ds4_msgs/lib/python2.7/dist-packages:/home/point001/autoware.ai/install/autoware_msgs/lib/python2.7/dist-packages:${PYTHONPATH} ROS_PACKAGE_PATH=/home/point001/autoware.ai/install/ros_observer/share:/home/point001/autoware.ai/install/ds4_msgs/share:/home/point001/autoware.ai/install/autoware_msgs/share:/home/point001/autoware.ai/install/autoware_build_flags/share:${ROS_PACKAGE_PATH} /usr/bin/cmake --build /home/point001/autoware.ai/build/ymc --target install -- -j24 -l24
[2.444s] [  0%] Built target actionlib_msgs_generate_messages_cpp
[2.444s] [  0%] Built target rosgraph_msgs_generate_messages_nodejs
[2.444s] [  0%] Built target jsk_footstep_msgs_generate_messages_lisp
[2.448s] [  0%] Built target jsk_footstep_msgs_generate_messages_eus
[2.454s] [  0%] Built target rosgraph_msgs_generate_messages_lisp
[2.455s] [  0%] Built target ds4_msgs_generate_messages_cpp
[2.455s] [  0%] Built target roscpp_generate_messages_lisp
[2.461s] [  0%] Built target autoware_msgs_generate_messages_eus
[2.461s] [  0%] Built target jsk_footstep_msgs_generate_messages_cpp
[2.462s] [  0%] Built target autoware_msgs_generate_messages_lisp
[2.462s] [  0%] Built target autoware_msgs_generate_messages_nodejs
[2.462s] [  0%] Built target ds4_msgs_generate_messages_nodejs
[2.463s] [  0%] Built target rosgraph_msgs_generate_messages_py
[2.465s] [  0%] Built target actionlib_msgs_generate_messages_eus
[2.476s] [  0%] Built target jsk_recognition_msgs_generate_messages_cpp
[2.477s] [  0%] Built target ds4_msgs_generate_messages_lisp
[2.478s] [  0%] Built target std_msgs_generate_messages_eus
[2.487s] [  0%] Built target pcl_msgs_generate_messages_lisp
[2.487s] [  0%] Built target roscpp_generate_messages_py
[2.487s] [  0%] Built target jsk_footstep_msgs_generate_messages_nodejs
[2.487s] [  0%] Built target ds4_msgs_generate_messages_py
[2.487s] [  0%] Built target ds4_msgs_generate_messages_eus
[2.489s] [  0%] Built target pcl_msgs_generate_messages_cpp
[2.494s] [  0%] Built target actionlib_msgs_generate_messages_lisp
[2.500s] [  0%] Built target actionlib_msgs_generate_messages_py
[2.505s] [  0%] Built target jsk_footstep_msgs_generate_messages_py
[2.505s] [  0%] Built target pcl_msgs_generate_messages_py
[2.509s] [  0%] Built target roscpp_generate_messages_eus
[2.522s] [  0%] Built target jsk_recognition_msgs_generate_messages_py
[2.522s] [  0%] Built target roscpp_generate_messages_nodejs
[2.525s] [  0%] Built target geometry_msgs_generate_messages_cpp
[2.536s] [  0%] Built target geometry_msgs_generate_messages_nodejs
[2.539s] [  0%] Built target sensor_msgs_generate_messages_cpp
[2.543s] [  0%] Built target geometry_msgs_generate_messages_eus
[2.552s] [  0%] Built target std_msgs_generate_messages_nodejs
[2.554s] [  0%] Built target geometry_msgs_generate_messages_lisp
[2.554s] [  0%] Built target sensor_msgs_generate_messages_lisp
[2.554s] [  0%] Built target actionlib_msgs_generate_messages_nodejs
[2.554s] [  0%] Built target autoware_msgs_generate_messages_py
[2.555s] [  0%] Built target _catkin_empty_exported_target
[2.555s] [  0%] Built target sensor_msgs_generate_messages_py
[2.561s] [  0%] Built target pcl_msgs_generate_messages_nodejs
[2.562s] [  0%] Built target autoware_msgs_generate_messages_cpp
[2.566s] [  0%] Built target std_msgs_generate_messages_lisp
[2.573s] [  0%] Built target rosgraph_msgs_generate_messages_cpp
[2.577s] [  0%] Built target std_msgs_generate_messages_py
[2.590s] [  0%] Built target jsk_recognition_msgs_generate_messages_nodejs
[2.590s] [  0%] Built target std_msgs_generate_messages_cpp
[2.594s] [  0%] Built target sensor_msgs_generate_messages_eus
[2.594s] [  0%] Built target jsk_recognition_msgs_generate_messages_eus
[2.595s] [  0%] Built target pcl_msgs_generate_messages_eus
[2.596s] [  0%] Built target roscpp_generate_messages_cpp
[2.645s] [  0%] Built target sensor_msgs_generate_messages_nodejs
[2.645s] [  0%] Built target rosgraph_msgs_generate_messages_eus
[2.645s] [  0%] Built target geometry_msgs_generate_messages_py
[2.648s] [  0%] Built target jsk_recognition_msgs_generate_messages_lisp
[2.741s] [100%] Built target g30esli_interface
[2.774s] [36mInstall the project...[0m
[2.793s] -- Install configuration: "Release"
[2.794s] -- Up-to-date: /home/point001/autoware.ai/install/ymc/lib/pkgconfig/ymc.pc
[2.794s] -- Up-to-date: /home/point001/autoware.ai/install/ymc/share/ymc/cmake/ymcConfig.cmake
[2.794s] -- Up-to-date: /home/point001/autoware.ai/install/ymc/share/ymc/cmake/ymcConfig-version.cmake
[2.794s] -- Up-to-date: /home/point001/autoware.ai/install/ymc/share/ymc/package.xml
[2.794s] -- Up-to-date: /home/point001/autoware.ai/install/ymc/lib/ymc/g30esli_interface
[2.794s] -- Up-to-date: /home/point001/autoware.ai/install/ymc/share/ymc/launch
[2.794s] -- Up-to-date: /home/point001/autoware.ai/install/ymc/share/ymc/launch/g30esli_interface.launch
[2.794s] -- Up-to-date: /home/point001/autoware.ai/install/ymc/share/ymc/scripts
[2.794s] -- Up-to-date: /home/point001/autoware.ai/install/ymc/share/ymc/scripts/canset
[2.804s] Invoked command in '/home/point001/autoware.ai/build/ymc' returned '0': CMAKE_PREFIX_PATH=/home/point001/autoware.ai/install/ros_observer:/home/point001/autoware.ai/install/ds4_msgs:/home/point001/autoware.ai/install/autoware_msgs:/home/point001/autoware.ai/install/autoware_build_flags:${CMAKE_PREFIX_PATH} LD_LIBRARY_PATH=/home/point001/autoware.ai/install/ros_observer/lib:${LD_LIBRARY_PATH} PKG_CONFIG_PATH=/home/point001/autoware.ai/install/ros_observer/lib/x86_64-linux-gnu/pkgconfig:/home/point001/autoware.ai/install/ros_observer/lib/pkgconfig:/home/point001/autoware.ai/install/ds4_msgs/lib/x86_64-linux-gnu/pkgconfig:/home/point001/autoware.ai/install/ds4_msgs/lib/pkgconfig:/home/point001/autoware.ai/install/autoware_msgs/lib/x86_64-linux-gnu/pkgconfig:/home/point001/autoware.ai/install/autoware_msgs/lib/pkgconfig:/home/point001/autoware.ai/install/autoware_build_flags/lib/x86_64-linux-gnu/pkgconfig:/home/point001/autoware.ai/install/autoware_build_flags/lib/pkgconfig:${PKG_CONFIG_PATH} PYTHONPATH=/home/point001/autoware.ai/install/ds4_msgs/lib/python2.7/dist-packages:/home/point001/autoware.ai/install/autoware_msgs/lib/python2.7/dist-packages:${PYTHONPATH} ROS_PACKAGE_PATH=/home/point001/autoware.ai/install/ros_observer/share:/home/point001/autoware.ai/install/ds4_msgs/share:/home/point001/autoware.ai/install/autoware_msgs/share:/home/point001/autoware.ai/install/autoware_build_flags/share:${ROS_PACKAGE_PATH} /usr/bin/cmake --build /home/point001/autoware.ai/build/ymc --target install -- -j24 -l24
