[0.391s] Invoking command in '/home/point001/autoware.ai/build/microstrain_driver': /usr/bin/cmake --build /home/point001/autoware.ai/build/microstrain_driver -- -j24 -l24
[0.519s] [ 76%] Built target microstrain_driver
[0.519s] [ 88%] Built target 3dm_gx5_45_node
[0.521s] [100%] Built target 3dm_gx5_15_node
[0.631s] Invoked command in '/home/point001/autoware.ai/build/microstrain_driver' returned '0': /usr/bin/cmake --build /home/point001/autoware.ai/build/microstrain_driver -- -j24 -l24
[1.297s] Invoking command in '/home/point001/autoware.ai/build/microstrain_driver': /usr/bin/cmake --build /home/point001/autoware.ai/build/microstrain_driver --target tests -- -j24 -l24
[1.551s] Built target tests
[1.678s] Invoked command in '/home/point001/autoware.ai/build/microstrain_driver' returned '0': /usr/bin/cmake --build /home/point001/autoware.ai/build/microstrain_driver --target tests -- -j24 -l24
[2.350s] Invoking command in '/home/point001/autoware.ai/build/microstrain_driver': /usr/bin/cmake --build /home/point001/autoware.ai/build/microstrain_driver --target install -- -j24 -l24
[2.448s] [ 76%] Built target microstrain_driver
[2.499s] [ 88%] Built target 3dm_gx5_15_node
[2.512s] [100%] Built target 3dm_gx5_45_node
[2.566s] [36mInstall the project...[0m
[2.590s] -- Install configuration: "Release"
[2.590s] -- Up-to-date: /home/point001/autoware.ai/install/microstrain_driver/lib/pkgconfig/microstrain_driver.pc
[2.590s] -- Up-to-date: /home/point001/autoware.ai/install/microstrain_driver/share/microstrain_driver/cmake/microstrain_driverConfig.cmake
[2.590s] -- Up-to-date: /home/point001/autoware.ai/install/microstrain_driver/share/microstrain_driver/cmake/microstrain_driverConfig-version.cmake
[2.590s] -- Up-to-date: /home/point001/autoware.ai/install/microstrain_driver/share/microstrain_driver/package.xml
[2.591s] -- Up-to-date: /home/point001/autoware.ai/install/microstrain_driver/lib/libmicrostrain_driver.so
[2.591s] -- Up-to-date: /home/point001/autoware.ai/install/microstrain_driver/lib/microstrain_driver/3dm_gx5_15_node
[2.591s] -- Up-to-date: /home/point001/autoware.ai/install/microstrain_driver/lib/microstrain_driver/3dm_gx5_45_node
[2.591s] -- Up-to-date: /home/point001/autoware.ai/install/microstrain_driver/share/microstrain_driver/launch
[2.592s] -- Up-to-date: /home/point001/autoware.ai/install/microstrain_driver/share/microstrain_driver/launch/3dm_gx5_15.launch
[2.592s] -- Up-to-date: /home/point001/autoware.ai/install/microstrain_driver/share/microstrain_driver/launch/microstrain.launch
[2.872s] Invoked command in '/home/point001/autoware.ai/build/microstrain_driver' returned '0': /usr/bin/cmake --build /home/point001/autoware.ai/build/microstrain_driver --target install -- -j24 -l24
