[0.187s] Invoking command in '/home/point001/autoware.ai/build/udon_socket': CMAKE_PREFIX_PATH=/home/point001/autoware.ai/install/tablet_socket_msgs:/home/point001/autoware.ai/install/autoware_build_flags:${CMAKE_PREFIX_PATH} PKG_CONFIG_PATH=/home/point001/autoware.ai/install/tablet_socket_msgs/lib/x86_64-linux-gnu/pkgconfig:/home/point001/autoware.ai/install/tablet_socket_msgs/lib/pkgconfig:/home/point001/autoware.ai/install/autoware_build_flags/lib/x86_64-linux-gnu/pkgconfig:/home/point001/autoware.ai/install/autoware_build_flags/lib/pkgconfig:${PKG_CONFIG_PATH} PYTHONPATH=/home/point001/autoware.ai/install/tablet_socket_msgs/lib/python2.7/dist-packages:${PYTHONPATH} ROS_PACKAGE_PATH=/home/point001/autoware.ai/install/tablet_socket_msgs/share:/home/point001/autoware.ai/install/autoware_build_flags/share:${ROS_PACKAGE_PATH} /usr/bin/cmake --build /home/point001/autoware.ai/build/udon_socket -- -j24 -l24
[0.508s] [  0%] Built target roscpp_generate_messages_eus
[0.512s] [  0%] Built target rosgraph_msgs_generate_messages_cpp
[0.515s] [  0%] Built target rosgraph_msgs_generate_messages_nodejs
[0.516s] [  0%] Built target roscpp_generate_messages_py
[0.517s] [  0%] Built target roscpp_generate_messages_nodejs
[0.518s] [  0%] Built target tablet_socket_msgs_generate_messages_eus
[0.519s] [  0%] Built target std_msgs_generate_messages_py
[0.519s] [  0%] Built target tablet_socket_msgs_generate_messages_nodejs
[0.523s] [ 33%] Built target udon
[0.525s] [ 33%] Built target std_msgs_generate_messages_cpp
[0.528s] [ 33%] Built target tablet_socket_msgs_generate_messages_py
[0.529s] [ 33%] Built target rosgraph_msgs_generate_messages_py
[0.532s] [ 33%] Built target std_msgs_generate_messages_lisp
[0.540s] [ 33%] Built target tablet_socket_msgs_generate_messages_cpp
[0.542s] [ 33%] Built target tablet_socket_msgs_generate_messages_lisp
[0.555s] [ 33%] Built target std_msgs_generate_messages_nodejs
[0.556s] [ 33%] Built target std_msgs_generate_messages_eus
[0.556s] [ 33%] Built target roscpp_generate_messages_lisp
[0.572s] [ 33%] Built target roscpp_generate_messages_cpp
[0.575s] [ 33%] Built target rosgraph_msgs_generate_messages_lisp
[0.584s] [ 33%] Built target rosgraph_msgs_generate_messages_eus
[0.584s] [ 66%] Built target udon_receiver
[0.637s] [100%] Built target udon_sender
[0.722s] Invoked command in '/home/point001/autoware.ai/build/udon_socket' returned '0': CMAKE_PREFIX_PATH=/home/point001/autoware.ai/install/tablet_socket_msgs:/home/point001/autoware.ai/install/autoware_build_flags:${CMAKE_PREFIX_PATH} PKG_CONFIG_PATH=/home/point001/autoware.ai/install/tablet_socket_msgs/lib/x86_64-linux-gnu/pkgconfig:/home/point001/autoware.ai/install/tablet_socket_msgs/lib/pkgconfig:/home/point001/autoware.ai/install/autoware_build_flags/lib/x86_64-linux-gnu/pkgconfig:/home/point001/autoware.ai/install/autoware_build_flags/lib/pkgconfig:${PKG_CONFIG_PATH} PYTHONPATH=/home/point001/autoware.ai/install/tablet_socket_msgs/lib/python2.7/dist-packages:${PYTHONPATH} ROS_PACKAGE_PATH=/home/point001/autoware.ai/install/tablet_socket_msgs/share:/home/point001/autoware.ai/install/autoware_build_flags/share:${ROS_PACKAGE_PATH} /usr/bin/cmake --build /home/point001/autoware.ai/build/udon_socket -- -j24 -l24
[1.023s] Invoking command in '/home/point001/autoware.ai/build/udon_socket': CMAKE_PREFIX_PATH=/home/point001/autoware.ai/install/tablet_socket_msgs:/home/point001/autoware.ai/install/autoware_build_flags:${CMAKE_PREFIX_PATH} PKG_CONFIG_PATH=/home/point001/autoware.ai/install/tablet_socket_msgs/lib/x86_64-linux-gnu/pkgconfig:/home/point001/autoware.ai/install/tablet_socket_msgs/lib/pkgconfig:/home/point001/autoware.ai/install/autoware_build_flags/lib/x86_64-linux-gnu/pkgconfig:/home/point001/autoware.ai/install/autoware_build_flags/lib/pkgconfig:${PKG_CONFIG_PATH} PYTHONPATH=/home/point001/autoware.ai/install/tablet_socket_msgs/lib/python2.7/dist-packages:${PYTHONPATH} ROS_PACKAGE_PATH=/home/point001/autoware.ai/install/tablet_socket_msgs/share:/home/point001/autoware.ai/install/autoware_build_flags/share:${ROS_PACKAGE_PATH} /usr/bin/cmake --build /home/point001/autoware.ai/build/udon_socket --target tests -- -j24 -l24
[1.112s] Built target tests
[1.244s] Invoked command in '/home/point001/autoware.ai/build/udon_socket' returned '0': CMAKE_PREFIX_PATH=/home/point001/autoware.ai/install/tablet_socket_msgs:/home/point001/autoware.ai/install/autoware_build_flags:${CMAKE_PREFIX_PATH} PKG_CONFIG_PATH=/home/point001/autoware.ai/install/tablet_socket_msgs/lib/x86_64-linux-gnu/pkgconfig:/home/point001/autoware.ai/install/tablet_socket_msgs/lib/pkgconfig:/home/point001/autoware.ai/install/autoware_build_flags/lib/x86_64-linux-gnu/pkgconfig:/home/point001/autoware.ai/install/autoware_build_flags/lib/pkgconfig:${PKG_CONFIG_PATH} PYTHONPATH=/home/point001/autoware.ai/install/tablet_socket_msgs/lib/python2.7/dist-packages:${PYTHONPATH} ROS_PACKAGE_PATH=/home/point001/autoware.ai/install/tablet_socket_msgs/share:/home/point001/autoware.ai/install/autoware_build_flags/share:${ROS_PACKAGE_PATH} /usr/bin/cmake --build /home/point001/autoware.ai/build/udon_socket --target tests -- -j24 -l24
[1.487s] Invoking command in '/home/point001/autoware.ai/build/udon_socket': CMAKE_PREFIX_PATH=/home/point001/autoware.ai/install/tablet_socket_msgs:/home/point001/autoware.ai/install/autoware_build_flags:${CMAKE_PREFIX_PATH} PKG_CONFIG_PATH=/home/point001/autoware.ai/install/tablet_socket_msgs/lib/x86_64-linux-gnu/pkgconfig:/home/point001/autoware.ai/install/tablet_socket_msgs/lib/pkgconfig:/home/point001/autoware.ai/install/autoware_build_flags/lib/x86_64-linux-gnu/pkgconfig:/home/point001/autoware.ai/install/autoware_build_flags/lib/pkgconfig:${PKG_CONFIG_PATH} PYTHONPATH=/home/point001/autoware.ai/install/tablet_socket_msgs/lib/python2.7/dist-packages:${PYTHONPATH} ROS_PACKAGE_PATH=/home/point001/autoware.ai/install/tablet_socket_msgs/share:/home/point001/autoware.ai/install/autoware_build_flags/share:${ROS_PACKAGE_PATH} /usr/bin/cmake --build /home/point001/autoware.ai/build/udon_socket --target install -- -j24 -l24
[1.624s] [  0%] Built target roscpp_generate_messages_py
[1.624s] [  0%] Built target std_msgs_generate_messages_py
[1.632s] [  0%] Built target roscpp_generate_messages_eus
[1.632s] [  0%] Built target std_msgs_generate_messages_cpp
[1.633s] [  0%] Built target rosgraph_msgs_generate_messages_lisp
[1.633s] [  0%] Built target tablet_socket_msgs_generate_messages_cpp
[1.633s] [  0%] Built target tablet_socket_msgs_generate_messages_nodejs
[1.635s] [  0%] Built target rosgraph_msgs_generate_messages_cpp
[1.642s] [  0%] Built target tablet_socket_msgs_generate_messages_lisp
[1.643s] [  0%] Built target roscpp_generate_messages_lisp
[1.643s] [ 33%] Built target udon
[1.643s] [ 33%] Built target std_msgs_generate_messages_eus
[1.645s] [ 33%] Built target roscpp_generate_messages_nodejs
[1.645s] [ 33%] Built target tablet_socket_msgs_generate_messages_py
[1.654s] [ 33%] Built target std_msgs_generate_messages_nodejs
[1.655s] [ 33%] Built target tablet_socket_msgs_generate_messages_eus
[1.655s] [ 33%] Built target std_msgs_generate_messages_lisp
[1.655s] [ 33%] Built target rosgraph_msgs_generate_messages_eus
[1.663s] [ 33%] Built target rosgraph_msgs_generate_messages_py
[1.672s] [ 33%] Built target roscpp_generate_messages_cpp
[1.692s] [ 33%] Built target rosgraph_msgs_generate_messages_nodejs
[1.699s] [ 66%] Built target udon_receiver
[1.758s] [100%] Built target udon_sender
[1.837s] [36mInstall the project...[0m
[1.861s] -- Install configuration: "Release"
[1.861s] -- Up-to-date: /home/point001/autoware.ai/install/udon_socket/lib/pkgconfig/udon_socket.pc
[1.861s] -- Up-to-date: /home/point001/autoware.ai/install/udon_socket/share/udon_socket/cmake/udon_socketConfig.cmake
[1.861s] -- Up-to-date: /home/point001/autoware.ai/install/udon_socket/share/udon_socket/cmake/udon_socketConfig-version.cmake
[1.861s] -- Up-to-date: /home/point001/autoware.ai/install/udon_socket/share/udon_socket/package.xml
[1.861s] -- Up-to-date: /home/point001/autoware.ai/install/udon_socket/lib/libudon.so
[1.861s] -- Up-to-date: /home/point001/autoware.ai/install/udon_socket/lib/udon_socket/udon_receiver
[1.861s] -- Up-to-date: /home/point001/autoware.ai/install/udon_socket/lib/udon_socket/udon_sender
[1.885s] Invoked command in '/home/point001/autoware.ai/build/udon_socket' returned '0': CMAKE_PREFIX_PATH=/home/point001/autoware.ai/install/tablet_socket_msgs:/home/point001/autoware.ai/install/autoware_build_flags:${CMAKE_PREFIX_PATH} PKG_CONFIG_PATH=/home/point001/autoware.ai/install/tablet_socket_msgs/lib/x86_64-linux-gnu/pkgconfig:/home/point001/autoware.ai/install/tablet_socket_msgs/lib/pkgconfig:/home/point001/autoware.ai/install/autoware_build_flags/lib/x86_64-linux-gnu/pkgconfig:/home/point001/autoware.ai/install/autoware_build_flags/lib/pkgconfig:${PKG_CONFIG_PATH} PYTHONPATH=/home/point001/autoware.ai/install/tablet_socket_msgs/lib/python2.7/dist-packages:${PYTHONPATH} ROS_PACKAGE_PATH=/home/point001/autoware.ai/install/tablet_socket_msgs/share:/home/point001/autoware.ai/install/autoware_build_flags/share:${ROS_PACKAGE_PATH} /usr/bin/cmake --build /home/point001/autoware.ai/build/udon_socket --target install -- -j24 -l24
