[0.267s] Invoking command in '/home/point001/autoware.ai/build/as': CMAKE_PREFIX_PATH=/home/point001/autoware.ai/install/ros_observer:/home/point001/autoware.ai/install/autoware_msgs:/home/point001/autoware.ai/install/autoware_build_flags:${CMAKE_PREFIX_PATH} LD_LIBRARY_PATH=/home/point001/autoware.ai/install/ros_observer/lib:${LD_LIBRARY_PATH} PKG_CONFIG_PATH=/home/point001/autoware.ai/install/ros_observer/lib/x86_64-linux-gnu/pkgconfig:/home/point001/autoware.ai/install/ros_observer/lib/pkgconfig:/home/point001/autoware.ai/install/autoware_msgs/lib/x86_64-linux-gnu/pkgconfig:/home/point001/autoware.ai/install/autoware_msgs/lib/pkgconfig:/home/point001/autoware.ai/install/autoware_build_flags/lib/x86_64-linux-gnu/pkgconfig:/home/point001/autoware.ai/install/autoware_build_flags/lib/pkgconfig:${PKG_CONFIG_PATH} PYTHONPATH=/home/point001/autoware.ai/install/autoware_msgs/lib/python2.7/dist-packages:${PYTHONPATH} ROS_PACKAGE_PATH=/home/point001/autoware.ai/install/ros_observer/share:/home/point001/autoware.ai/install/autoware_msgs/share:/home/point001/autoware.ai/install/autoware_build_flags/share:${ROS_PACKAGE_PATH} /usr/bin/cmake --build /home/point001/autoware.ai/build/as -- -j24 -l24
[0.322s] [  0%] Built target automotive_navigation_msgs_generate_messages_nodejs
[0.324s] [  0%] Built target jsk_recognition_msgs_generate_messages_eus
[0.324s] [  0%] Built target autoware_msgs_generate_messages_cpp
[0.326s] [  0%] Built target jsk_recognition_msgs_generate_messages_cpp
[0.326s] [  0%] Built target roscpp_generate_messages_py
[0.327s] [  0%] Built target std_msgs_generate_messages_cpp
[0.327s] [  0%] Built target autoware_msgs_generate_messages_eus
[0.330s] [  0%] Built target geometry_msgs_generate_messages_py
[0.330s] [  0%] Built target automotive_platform_msgs_generate_messages_eus
[0.333s] [  0%] Built target automotive_platform_msgs_generate_messages_py
[0.333s] [  0%] Built target autoware_msgs_generate_messages_lisp
[0.334s] [  0%] Built target std_msgs_generate_messages_eus
[0.341s] [  0%] Built target jsk_recognition_msgs_generate_messages_py
[0.342s] [  0%] Built target rosgraph_msgs_generate_messages_eus
[0.342s] [  0%] Built target geometry_msgs_generate_messages_eus
[0.345s] [  0%] Built target sensor_msgs_generate_messages_lisp
[0.346s] [  0%] Built target automotive_navigation_msgs_generate_messages_eus
[0.349s] [  0%] Built target automotive_navigation_msgs_generate_messages_lisp
[0.361s] [  0%] Built target geometry_msgs_generate_messages_lisp
[0.361s] [  0%] Built target std_msgs_generate_messages_py
[0.361s] [  0%] Built target geometry_msgs_generate_messages_cpp
[0.362s] [  0%] Built target automotive_platform_msgs_generate_messages_cpp
[0.391s] [  0%] Built target pcl_msgs_generate_messages_lisp
[0.405s] [  0%] Built target jsk_footstep_msgs_generate_messages_py
[0.405s] [  0%] Built target roscpp_generate_messages_cpp
[0.406s] [  0%] Built target autoware_msgs_generate_messages_py
[0.412s] [  0%] Built target jsk_recognition_msgs_generate_messages_lisp
[0.413s] [  0%] Built target autoware_msgs_generate_messages_nodejs
[0.414s] [  0%] Built target pcl_msgs_generate_messages_eus
[0.414s] [  0%] Built target roscpp_generate_messages_nodejs
[0.415s] [  0%] Built target actionlib_msgs_generate_messages_py
[0.420s] [  0%] Built target sensor_msgs_generate_messages_nodejs
[0.427s] [  0%] Built target sensor_msgs_generate_messages_cpp
[0.428s] [  0%] Built target automotive_navigation_msgs_generate_messages_cpp
[0.432s] [  0%] Built target rosgraph_msgs_generate_messages_cpp
[0.435s] [  0%] Built target geometry_msgs_generate_messages_nodejs
[0.435s] [  0%] Built target jsk_footstep_msgs_generate_messages_eus
[0.437s] [  0%] Built target pcl_msgs_generate_messages_py
[0.441s] [  0%] Built target std_msgs_generate_messages_nodejs
[0.441s] [  0%] Built target automotive_platform_msgs_generate_messages_nodejs
[0.446s] [  0%] Built target std_msgs_generate_messages_lisp
[0.447s] [  0%] Built target jsk_footstep_msgs_generate_messages_lisp
[0.448s] [  0%] Built target jsk_footstep_msgs_generate_messages_nodejs
[0.457s] [  0%] Built target pcl_msgs_generate_messages_cpp
[0.458s] [  0%] Built target pcl_msgs_generate_messages_nodejs
[0.458s] [  0%] Built target automotive_navigation_msgs_generate_messages_py
[0.475s] [  0%] Built target actionlib_msgs_generate_messages_eus
[0.478s] [  0%] Built target roscpp_generate_messages_lisp
[0.488s] [  0%] Built target sensor_msgs_generate_messages_py
[0.496s] [  0%] Built target actionlib_msgs_generate_messages_nodejs
[0.497s] [  0%] Built target actionlib_msgs_generate_messages_lisp
[0.498s] [  0%] Built target jsk_recognition_msgs_generate_messages_nodejs
[0.507s] [  0%] Built target jsk_footstep_msgs_generate_messages_cpp
[0.507s] [  0%] Built target automotive_platform_msgs_generate_messages_lisp
[0.508s] [  0%] Built target actionlib_msgs_generate_messages_cpp
[0.518s] [  0%] Built target roscpp_generate_messages_eus
[0.528s] [  0%] Built target rosgraph_msgs_generate_messages_py
[0.535s] [  0%] Built target sensor_msgs_generate_messages_eus
[0.573s] [  0%] Built target rosgraph_msgs_generate_messages_nodejs
[0.593s] [  0%] Built target rosgraph_msgs_generate_messages_lisp
[0.627s] [100%] Built target ssc_interface
[0.830s] Invoked command in '/home/point001/autoware.ai/build/as' returned '0': CMAKE_PREFIX_PATH=/home/point001/autoware.ai/install/ros_observer:/home/point001/autoware.ai/install/autoware_msgs:/home/point001/autoware.ai/install/autoware_build_flags:${CMAKE_PREFIX_PATH} LD_LIBRARY_PATH=/home/point001/autoware.ai/install/ros_observer/lib:${LD_LIBRARY_PATH} PKG_CONFIG_PATH=/home/point001/autoware.ai/install/ros_observer/lib/x86_64-linux-gnu/pkgconfig:/home/point001/autoware.ai/install/ros_observer/lib/pkgconfig:/home/point001/autoware.ai/install/autoware_msgs/lib/x86_64-linux-gnu/pkgconfig:/home/point001/autoware.ai/install/autoware_msgs/lib/pkgconfig:/home/point001/autoware.ai/install/autoware_build_flags/lib/x86_64-linux-gnu/pkgconfig:/home/point001/autoware.ai/install/autoware_build_flags/lib/pkgconfig:${PKG_CONFIG_PATH} PYTHONPATH=/home/point001/autoware.ai/install/autoware_msgs/lib/python2.7/dist-packages:${PYTHONPATH} ROS_PACKAGE_PATH=/home/point001/autoware.ai/install/ros_observer/share:/home/point001/autoware.ai/install/autoware_msgs/share:/home/point001/autoware.ai/install/autoware_build_flags/share:${ROS_PACKAGE_PATH} /usr/bin/cmake --build /home/point001/autoware.ai/build/as -- -j24 -l24
[1.043s] Invoking command in '/home/point001/autoware.ai/build/as': CMAKE_PREFIX_PATH=/home/point001/autoware.ai/install/ros_observer:/home/point001/autoware.ai/install/autoware_msgs:/home/point001/autoware.ai/install/autoware_build_flags:${CMAKE_PREFIX_PATH} LD_LIBRARY_PATH=/home/point001/autoware.ai/install/ros_observer/lib:${LD_LIBRARY_PATH} PKG_CONFIG_PATH=/home/point001/autoware.ai/install/ros_observer/lib/x86_64-linux-gnu/pkgconfig:/home/point001/autoware.ai/install/ros_observer/lib/pkgconfig:/home/point001/autoware.ai/install/autoware_msgs/lib/x86_64-linux-gnu/pkgconfig:/home/point001/autoware.ai/install/autoware_msgs/lib/pkgconfig:/home/point001/autoware.ai/install/autoware_build_flags/lib/x86_64-linux-gnu/pkgconfig:/home/point001/autoware.ai/install/autoware_build_flags/lib/pkgconfig:${PKG_CONFIG_PATH} PYTHONPATH=/home/point001/autoware.ai/install/autoware_msgs/lib/python2.7/dist-packages:${PYTHONPATH} ROS_PACKAGE_PATH=/home/point001/autoware.ai/install/ros_observer/share:/home/point001/autoware.ai/install/autoware_msgs/share:/home/point001/autoware.ai/install/autoware_build_flags/share:${ROS_PACKAGE_PATH} /usr/bin/cmake --build /home/point001/autoware.ai/build/as --target tests -- -j24 -l24
[1.249s] Built target tests
[1.318s] Invoked command in '/home/point001/autoware.ai/build/as' returned '0': CMAKE_PREFIX_PATH=/home/point001/autoware.ai/install/ros_observer:/home/point001/autoware.ai/install/autoware_msgs:/home/point001/autoware.ai/install/autoware_build_flags:${CMAKE_PREFIX_PATH} LD_LIBRARY_PATH=/home/point001/autoware.ai/install/ros_observer/lib:${LD_LIBRARY_PATH} PKG_CONFIG_PATH=/home/point001/autoware.ai/install/ros_observer/lib/x86_64-linux-gnu/pkgconfig:/home/point001/autoware.ai/install/ros_observer/lib/pkgconfig:/home/point001/autoware.ai/install/autoware_msgs/lib/x86_64-linux-gnu/pkgconfig:/home/point001/autoware.ai/install/autoware_msgs/lib/pkgconfig:/home/point001/autoware.ai/install/autoware_build_flags/lib/x86_64-linux-gnu/pkgconfig:/home/point001/autoware.ai/install/autoware_build_flags/lib/pkgconfig:${PKG_CONFIG_PATH} PYTHONPATH=/home/point001/autoware.ai/install/autoware_msgs/lib/python2.7/dist-packages:${PYTHONPATH} ROS_PACKAGE_PATH=/home/point001/autoware.ai/install/ros_observer/share:/home/point001/autoware.ai/install/autoware_msgs/share:/home/point001/autoware.ai/install/autoware_build_flags/share:${ROS_PACKAGE_PATH} /usr/bin/cmake --build /home/point001/autoware.ai/build/as --target tests -- -j24 -l24
[1.738s] Invoking command in '/home/point001/autoware.ai/build/as': CMAKE_PREFIX_PATH=/home/point001/autoware.ai/install/ros_observer:/home/point001/autoware.ai/install/autoware_msgs:/home/point001/autoware.ai/install/autoware_build_flags:${CMAKE_PREFIX_PATH} LD_LIBRARY_PATH=/home/point001/autoware.ai/install/ros_observer/lib:${LD_LIBRARY_PATH} PKG_CONFIG_PATH=/home/point001/autoware.ai/install/ros_observer/lib/x86_64-linux-gnu/pkgconfig:/home/point001/autoware.ai/install/ros_observer/lib/pkgconfig:/home/point001/autoware.ai/install/autoware_msgs/lib/x86_64-linux-gnu/pkgconfig:/home/point001/autoware.ai/install/autoware_msgs/lib/pkgconfig:/home/point001/autoware.ai/install/autoware_build_flags/lib/x86_64-linux-gnu/pkgconfig:/home/point001/autoware.ai/install/autoware_build_flags/lib/pkgconfig:${PKG_CONFIG_PATH} PYTHONPATH=/home/point001/autoware.ai/install/autoware_msgs/lib/python2.7/dist-packages:${PYTHONPATH} ROS_PACKAGE_PATH=/home/point001/autoware.ai/install/ros_observer/share:/home/point001/autoware.ai/install/autoware_msgs/share:/home/point001/autoware.ai/install/autoware_build_flags/share:${ROS_PACKAGE_PATH} /usr/bin/cmake --build /home/point001/autoware.ai/build/as --target install -- -j24 -l24
[1.865s] [  0%] Built target std_msgs_generate_messages_eus
[1.866s] [  0%] Built target autoware_msgs_generate_messages_eus
[1.866s] [  0%] Built target automotive_navigation_msgs_generate_messages_nodejs
[1.866s] [  0%] Built target jsk_recognition_msgs_generate_messages_eus
[1.866s] [  0%] Built target autoware_msgs_generate_messages_lisp
[1.866s] [  0%] Built target rosgraph_msgs_generate_messages_eus
[1.866s] [  0%] Built target autoware_msgs_generate_messages_cpp
[1.866s] [  0%] Built target geometry_msgs_generate_messages_py
[1.866s] [  0%] Built target sensor_msgs_generate_messages_lisp
[1.867s] [  0%] Built target automotive_platform_msgs_generate_messages_cpp
[1.867s] [  0%] Built target geometry_msgs_generate_messages_eus
[1.867s] [  0%] Built target automotive_platform_msgs_generate_messages_py
[1.867s] [  0%] Built target jsk_recognition_msgs_generate_messages_py
[1.867s] [  0%] Built target std_msgs_generate_messages_py
[1.867s] [  0%] Built target std_msgs_generate_messages_cpp
[1.867s] [  0%] Built target jsk_recognition_msgs_generate_messages_cpp
[1.867s] [  0%] Built target geometry_msgs_generate_messages_cpp
[1.867s] [  0%] Built target automotive_navigation_msgs_generate_messages_lisp
[1.867s] [  0%] Built target geometry_msgs_generate_messages_lisp
[1.867s] [  0%] Built target automotive_navigation_msgs_generate_messages_eus
[1.867s] [  0%] Built target automotive_platform_msgs_generate_messages_eus
[1.868s] [  0%] Built target autoware_msgs_generate_messages_py
[1.868s] [  0%] Built target roscpp_generate_messages_py
[1.868s] [  0%] Built target jsk_footstep_msgs_generate_messages_py
[1.870s] [  0%] Built target actionlib_msgs_generate_messages_nodejs
[1.871s] [  0%] Built target autoware_msgs_generate_messages_nodejs
[1.871s] [  0%] Built target automotive_platform_msgs_generate_messages_nodejs
[1.871s] [  0%] Built target geometry_msgs_generate_messages_nodejs
[1.871s] [  0%] Built target jsk_recognition_msgs_generate_messages_lisp
[1.871s] [  0%] Built target std_msgs_generate_messages_nodejs
[1.871s] [  0%] Built target roscpp_generate_messages_nodejs
[1.872s] [  0%] Built target sensor_msgs_generate_messages_py
[1.872s] [  0%] Built target rosgraph_msgs_generate_messages_cpp
[1.872s] [  0%] Built target pcl_msgs_generate_messages_lisp
[1.872s] [  0%] Built target automotive_navigation_msgs_generate_messages_py
[1.873s] [  0%] Built target pcl_msgs_generate_messages_py
[1.873s] [  0%] Built target roscpp_generate_messages_cpp
[1.873s] [  0%] Built target sensor_msgs_generate_messages_nodejs
[1.873s] [  0%] Built target jsk_footstep_msgs_generate_messages_eus
[1.873s] [  0%] Built target sensor_msgs_generate_messages_cpp
[1.873s] [  0%] Built target std_msgs_generate_messages_lisp
[1.873s] [  0%] Built target pcl_msgs_generate_messages_eus
[1.873s] [  0%] Built target automotive_navigation_msgs_generate_messages_cpp
[1.874s] [  0%] Built target jsk_footstep_msgs_generate_messages_nodejs
[1.874s] [  0%] Built target pcl_msgs_generate_messages_nodejs
[1.874s] [  0%] Built target jsk_footstep_msgs_generate_messages_lisp
[1.874s] [  0%] Built target actionlib_msgs_generate_messages_py
[1.874s] [  0%] Built target pcl_msgs_generate_messages_cpp
[1.874s] [  0%] Built target actionlib_msgs_generate_messages_cpp
[1.874s] [  0%] Built target actionlib_msgs_generate_messages_lisp
[1.874s] [  0%] Built target jsk_footstep_msgs_generate_messages_cpp
[1.874s] [  0%] Built target rosgraph_msgs_generate_messages_nodejs
[1.874s] [  0%] Built target roscpp_generate_messages_eus
[1.874s] [  0%] Built target rosgraph_msgs_generate_messages_py
[1.874s] [  0%] Built target jsk_recognition_msgs_generate_messages_nodejs
[1.874s] [  0%] Built target rosgraph_msgs_generate_messages_lisp
[1.875s] [  0%] Built target actionlib_msgs_generate_messages_eus
[1.875s] [  0%] Built target roscpp_generate_messages_lisp
[1.875s] [  0%] Built target sensor_msgs_generate_messages_eus
[1.875s] [  0%] Built target automotive_platform_msgs_generate_messages_lisp
[1.928s] [100%] Built target ssc_interface
[1.973s] [36mInstall the project...[0m
[1.992s] -- Install configuration: "Release"
[1.993s] -- Up-to-date: /home/point001/autoware.ai/install/as/lib/pkgconfig/as.pc
[1.993s] -- Up-to-date: /home/point001/autoware.ai/install/as/share/as/cmake/asConfig.cmake
[1.993s] -- Up-to-date: /home/point001/autoware.ai/install/as/share/as/cmake/asConfig-version.cmake
[1.993s] -- Up-to-date: /home/point001/autoware.ai/install/as/share/as/package.xml
[1.996s] -- Up-to-date: /home/point001/autoware.ai/install/as/lib/as/ssc_interface
[1.996s] -- Up-to-date: /home/point001/autoware.ai/install/as/share/as/launch
[1.996s] -- Up-to-date: /home/point001/autoware.ai/install/as/share/as/launch/ssc_interface.launch
[2.225s] Invoked command in '/home/point001/autoware.ai/build/as' returned '0': CMAKE_PREFIX_PATH=/home/point001/autoware.ai/install/ros_observer:/home/point001/autoware.ai/install/autoware_msgs:/home/point001/autoware.ai/install/autoware_build_flags:${CMAKE_PREFIX_PATH} LD_LIBRARY_PATH=/home/point001/autoware.ai/install/ros_observer/lib:${LD_LIBRARY_PATH} PKG_CONFIG_PATH=/home/point001/autoware.ai/install/ros_observer/lib/x86_64-linux-gnu/pkgconfig:/home/point001/autoware.ai/install/ros_observer/lib/pkgconfig:/home/point001/autoware.ai/install/autoware_msgs/lib/x86_64-linux-gnu/pkgconfig:/home/point001/autoware.ai/install/autoware_msgs/lib/pkgconfig:/home/point001/autoware.ai/install/autoware_build_flags/lib/x86_64-linux-gnu/pkgconfig:/home/point001/autoware.ai/install/autoware_build_flags/lib/pkgconfig:${PKG_CONFIG_PATH} PYTHONPATH=/home/point001/autoware.ai/install/autoware_msgs/lib/python2.7/dist-packages:${PYTHONPATH} ROS_PACKAGE_PATH=/home/point001/autoware.ai/install/ros_observer/share:/home/point001/autoware.ai/install/autoware_msgs/share:/home/point001/autoware.ai/install/autoware_build_flags/share:${ROS_PACKAGE_PATH} /usr/bin/cmake --build /home/point001/autoware.ai/build/as --target install -- -j24 -l24
