[0.075s] Invoking command in '/home/point001/autoware.ai/build/imm_ukf_pda_track': CMAKE_PREFIX_PATH=/home/point001/autoware.ai/install/lanelet2_extension:/home/point001/autoware.ai/install/lanelet2_validation:/home/point001/autoware.ai/install/lanelet2_routing:/home/point001/autoware.ai/install/lanelet2_projection:/home/point001/autoware.ai/install/lanelet2_traffic_rules:/home/point001/autoware.ai/install/lanelet2_maps:/home/point001/autoware.ai/install/lanelet2_io:/home/point001/autoware.ai/install/vector_map:/home/point001/autoware.ai/install/lanelet2_core:/home/point001/autoware.ai/install/amathutils_lib:/home/point001/autoware.ai/install/vector_map_msgs:/home/point001/autoware.ai/install/autoware_msgs:/home/point001/autoware.ai/install/autoware_lanelet2_msgs:/home/point001/autoware.ai/install/autoware_build_flags:${CMAKE_PREFIX_PATH} LD_LIBRARY_PATH=/home/point001/autoware.ai/install/lanelet2_extension/lib:/home/point001/autoware.ai/install/lanelet2_validation/lib:/home/point001/autoware.ai/install/lanelet2_routing/lib:/home/point001/autoware.ai/install/lanelet2_projection/lib:/home/point001/autoware.ai/install/lanelet2_traffic_rules/lib:/home/point001/autoware.ai/install/lanelet2_io/lib:/home/point001/autoware.ai/install/vector_map/lib:/home/point001/autoware.ai/install/lanelet2_core/lib:/home/point001/autoware.ai/install/amathutils_lib/lib:/opt/ros/melodic/lib:/usr/local/cuda-10.0/lib64 PKG_CONFIG_PATH=/home/point001/autoware.ai/install/lanelet2_extension/lib/x86_64-linux-gnu/pkgconfig:/home/point001/autoware.ai/install/lanelet2_extension/lib/pkgconfig:/home/point001/autoware.ai/install/lanelet2_validation/lib/x86_64-linux-gnu/pkgconfig:/home/point001/autoware.ai/install/lanelet2_validation/lib/pkgconfig:/home/point001/autoware.ai/install/lanelet2_routing/lib/x86_64-linux-gnu/pkgconfig:/home/point001/autoware.ai/install/lanelet2_routing/lib/pkgconfig:/home/point001/autoware.ai/install/lanelet2_projection/lib/x86_64-linux-gnu/pkgconfig:/home/point001/autoware.ai/install/lanelet2_projection/lib/pkgconfig:/home/point001/autoware.ai/install/lanelet2_traffic_rules/lib/x86_64-linux-gnu/pkgconfig:/home/point001/autoware.ai/install/lanelet2_traffic_rules/lib/pkgconfig:/home/point001/autoware.ai/install/lanelet2_maps/lib/x86_64-linux-gnu/pkgconfig:/home/point001/autoware.ai/install/lanelet2_maps/lib/pkgconfig:/home/point001/autoware.ai/install/lanelet2_io/lib/x86_64-linux-gnu/pkgconfig:/home/point001/autoware.ai/install/lanelet2_io/lib/pkgconfig:/home/point001/autoware.ai/install/vector_map/lib/x86_64-linux-gnu/pkgconfig:/home/point001/autoware.ai/install/vector_map/lib/pkgconfig:/home/point001/autoware.ai/install/lanelet2_core/lib/x86_64-linux-gnu/pkgconfig:/home/point001/autoware.ai/install/lanelet2_core/lib/pkgconfig:/home/point001/autoware.ai/install/amathutils_lib/lib/x86_64-linux-gnu/pkgconfig:/home/point001/autoware.ai/install/amathutils_lib/lib/pkgconfig:/home/point001/autoware.ai/install/vector_map_msgs/lib/x86_64-linux-gnu/pkgconfig:/home/point001/autoware.ai/install/vector_map_msgs/lib/pkgconfig:/home/point001/autoware.ai/install/autoware_msgs/lib/x86_64-linux-gnu/pkgconfig:/home/point001/autoware.ai/install/autoware_msgs/lib/pkgconfig:/home/point001/autoware.ai/install/autoware_lanelet2_msgs/lib/x86_64-linux-gnu/pkgconfig:/home/point001/autoware.ai/install/autoware_lanelet2_msgs/lib/pkgconfig:/home/point001/autoware.ai/install/autoware_build_flags/lib/x86_64-linux-gnu/pkgconfig:/home/point001/autoware.ai/install/autoware_build_flags/lib/pkgconfig:${PKG_CONFIG_PATH} PYTHONPATH=/home/point001/autoware.ai/install/vector_map_msgs/lib/python2.7/dist-packages:/home/point001/autoware.ai/install/autoware_msgs/lib/python2.7/dist-packages:/home/point001/autoware.ai/install/autoware_lanelet2_msgs/lib/python2.7/dist-packages:${PYTHONPATH} ROS_PACKAGE_PATH=/home/point001/autoware.ai/install/lanelet2_extension/share:/home/point001/autoware.ai/install/lanelet2_validation/share:/home/point001/autoware.ai/install/lanelet2_routing/share:/home/point001/autoware.ai/install/lanelet2_projection/share:/home/point001/autoware.ai/install/lanelet2_traffic_rules/share:/home/point001/autoware.ai/install/lanelet2_maps/share:/home/point001/autoware.ai/install/lanelet2_io/share:/home/point001/autoware.ai/install/vector_map/share:/home/point001/autoware.ai/install/lanelet2_core/share:/home/point001/autoware.ai/install/amathutils_lib/share:/home/point001/autoware.ai/install/vector_map_msgs/share:/home/point001/autoware.ai/install/autoware_msgs/share:/home/point001/autoware.ai/install/autoware_lanelet2_msgs/share:/home/point001/autoware.ai/install/autoware_build_flags/share:${ROS_PACKAGE_PATH} /usr/bin/cmake --build /home/point001/autoware.ai/build/imm_ukf_pda_track -- -j24 -l24
[0.150s] [  0%] Built target vector_map_msgs_generate_messages_eus
[0.151s] [  0%] Built target vector_map_msgs_generate_messages_nodejs
[0.153s] [  0%] Built target vector_map_msgs_generate_messages_cpp
[0.154s] [  0%] Built target bond_generate_messages_nodejs
[0.155s] [  0%] Built target bond_generate_messages_lisp
[0.157s] [  0%] Built target vector_map_msgs_generate_messages_py
[0.157s] [  0%] Built target nodelet_generate_messages_cpp
[0.160s] [  0%] Built target std_srvs_generate_messages_py
[0.164s] [  0%] Built target vector_map_msgs_generate_messages_lisp
[0.170s] [  0%] Built target dynamic_reconfigure_generate_messages_eus
[0.170s] [  0%] Built target bond_generate_messages_eus
[0.171s] [  0%] Built target pcl_ros_gencfg
[0.175s] [  0%] Built target visualization_msgs_generate_messages_cpp
[0.176s] [  0%] Built target bond_generate_messages_py
[0.179s] [  0%] Built target topic_tools_generate_messages_cpp
[0.186s] [  0%] Built target dynamic_reconfigure_generate_messages_lisp
[0.189s] [  0%] Built target std_srvs_generate_messages_nodejs
[0.189s] [  0%] Built target nodelet_generate_messages_eus
[0.190s] [  0%] Built target bond_generate_messages_cpp
[0.195s] [  0%] Built target nodelet_generate_messages_nodejs
[0.223s] [  0%] Built target jsk_recognition_msgs_generate_messages_lisp
[0.230s] [  0%] Built target actionlib_generate_messages_cpp
[0.255s] [  0%] Built target jsk_recognition_msgs_generate_messages_eus
[0.260s] [  0%] Built target topic_tools_generate_messages_nodejs
[0.267s] [  0%] Built target topic_tools_generate_messages_eus
[0.268s] [  0%] Built target std_msgs_generate_messages_nodejs
[0.278s] [  0%] Built target std_msgs_generate_messages_py
[0.282s] [  0%] Built target visualization_msgs_generate_messages_py
[0.295s] [  0%] Built target nodelet_generate_messages_lisp
[0.298s] [  0%] Built target sensor_msgs_generate_messages_eus
[0.300s] [  0%] Built target dynamic_reconfigure_generate_messages_py
[0.301s] [  0%] Built target autoware_msgs_generate_messages_py
[0.314s] [  0%] Built target rosgraph_msgs_generate_messages_eus
[0.319s] [  0%] Built target dynamic_reconfigure_generate_messages_nodejs
[0.319s] [  0%] Built target pcl_msgs_generate_messages_nodejs
[0.321s] [  0%] Built target visualization_msgs_generate_messages_nodejs
[0.333s] [  0%] Built target rosgraph_msgs_generate_messages_cpp
[0.340s] [  0%] Built target geometry_msgs_generate_messages_py
[0.343s] [  0%] Built target std_srvs_generate_messages_cpp
[0.380s] [  0%] Built target _catkin_empty_exported_target
[0.395s] [  0%] Built target tf2_msgs_generate_messages_cpp
[0.395s] [  0%] Built target nodelet_generate_messages_py
[0.395s] [  0%] Built target sensor_msgs_generate_messages_py
[0.404s] [  0%] Built target roscpp_generate_messages_cpp
[0.434s] [  0%] Built target jsk_footstep_msgs_generate_messages_py
[0.435s] [  0%] Built target geometry_msgs_generate_messages_eus
[0.435s] [  0%] Built target std_srvs_generate_messages_lisp
[0.458s] [  0%] Built target std_msgs_generate_messages_cpp
[0.458s] [  0%] Built target geometry_msgs_generate_messages_nodejs
[0.458s] [  0%] Built target autoware_msgs_generate_messages_cpp
[0.464s] [  0%] Built target pcl_msgs_generate_messages_eus
[0.466s] [  0%] Built target tf_generate_messages_py
[0.468s] [  0%] Built target sensor_msgs_generate_messages_lisp
[0.490s] [  0%] Built target sensor_msgs_generate_messages_cpp
[0.491s] [  0%] Built target dynamic_reconfigure_generate_messages_cpp
[0.492s] [  0%] Built target sensor_msgs_generate_messages_nodejs
[0.496s] [  0%] Built target jsk_recognition_msgs_generate_messages_py
[0.513s] [  0%] Built target geometry_msgs_generate_messages_lisp
[0.516s] [  0%] Built target topic_tools_generate_messages_py
[0.526s] [  0%] Built target nodelet_topic_tools_gencfg
[0.540s] [  0%] Built target roscpp_generate_messages_nodejs
[0.548s] [  0%] Built target jsk_footstep_msgs_generate_messages_lisp
[0.552s] [  0%] Built target visualization_msgs_generate_messages_lisp
[0.552s] [  0%] Built target autoware_msgs_generate_messages_eus
[0.552s] [  0%] Built target jsk_recognition_msgs_generate_messages_cpp
[0.575s] [  0%] Built target pcl_msgs_generate_messages_cpp
[0.575s] [  0%] Built target autoware_msgs_generate_messages_nodejs
[0.590s] [  0%] Built target std_msgs_generate_messages_eus
[0.593s] [  0%] Built target autoware_msgs_generate_messages_lisp
[0.594s] [  0%] Built target std_msgs_generate_messages_lisp
[0.609s] [  0%] Built target actionlib_msgs_generate_messages_py
[0.620s] [  0%] Built target autoware_lanelet2_msgs_generate_messages_cpp
[0.623s] [  0%] Built target tf_generate_messages_lisp
[0.623s] [  0%] Built target topic_tools_generate_messages_lisp
[0.629s] [  0%] Built target jsk_footstep_msgs_generate_messages_eus
[0.638s] [  0%] Built target tf_generate_messages_eus
[0.650s] [  0%] Built target tf_generate_messages_nodejs
[0.650s] [  0%] Built target actionlib_msgs_generate_messages_nodejs
[0.659s] [  0%] Built target jsk_footstep_msgs_generate_messages_nodejs
[0.660s] [  0%] Built target jsk_footstep_msgs_generate_messages_cpp
[0.660s] [  0%] Built target std_srvs_generate_messages_eus
[0.676s] [  0%] Built target actionlib_msgs_generate_messages_cpp
[0.679s] [  0%] Built target actionlib_generate_messages_eus
[0.681s] [  0%] Built target jsk_recognition_msgs_generate_messages_nodejs
[0.694s] [  0%] Built target pcl_msgs_generate_messages_lisp
[0.710s] [  0%] Built target roscpp_generate_messages_lisp
[0.721s] [  0%] Built target rosgraph_msgs_generate_messages_nodejs
[0.728s] [  0%] Built target pcl_msgs_generate_messages_py
[0.739s] [  0%] Built target actionlib_generate_messages_lisp
[0.749s] [  0%] Built target rosgraph_msgs_generate_messages_py
[0.758s] [  0%] Built target rosgraph_msgs_generate_messages_lisp
[0.759s] [  0%] Built target actionlib_msgs_generate_messages_eus
[0.763s] [  0%] Built target actionlib_msgs_generate_messages_lisp
[0.770s] [  0%] Built target geometry_msgs_generate_messages_cpp
[0.776s] [  0%] Built target tf2_msgs_generate_messages_lisp
[0.782s] [  0%] Built target dynamic_reconfigure_gencfg
[0.793s] [  0%] Built target autoware_lanelet2_msgs_generate_messages_py
[0.796s] [  0%] Built target visualization_msgs_generate_messages_eus
[0.801s] [  0%] Built target roscpp_generate_messages_py
[0.801s] [  0%] Built target autoware_lanelet2_msgs_generate_messages_eus
[0.809s] [  0%] Built target actionlib_generate_messages_py
[0.822s] [  0%] Built target tf2_msgs_generate_messages_eus
[0.822s] [  0%] Built target roscpp_generate_messages_eus
[0.827s] [  0%] Built target autoware_lanelet2_msgs_generate_messages_nodejs
[0.831s] [  0%] Built target actionlib_generate_messages_nodejs
[0.840s] [  0%] Built target tf2_msgs_generate_messages_py
[0.847s] [  0%] Built target tf2_msgs_generate_messages_nodejs
[0.870s] [  0%] Built target tf_generate_messages_cpp
[0.871s] [  0%] Built target autoware_lanelet2_msgs_generate_messages_lisp
[0.942s] [ 50%] Built target imm_ukf_pda_lanelet2
[0.955s] [100%] Built target imm_ukf_pda
[0.982s] Invoked command in '/home/point001/autoware.ai/build/imm_ukf_pda_track' returned '0': CMAKE_PREFIX_PATH=/home/point001/autoware.ai/install/lanelet2_extension:/home/point001/autoware.ai/install/lanelet2_validation:/home/point001/autoware.ai/install/lanelet2_routing:/home/point001/autoware.ai/install/lanelet2_projection:/home/point001/autoware.ai/install/lanelet2_traffic_rules:/home/point001/autoware.ai/install/lanelet2_maps:/home/point001/autoware.ai/install/lanelet2_io:/home/point001/autoware.ai/install/vector_map:/home/point001/autoware.ai/install/lanelet2_core:/home/point001/autoware.ai/install/amathutils_lib:/home/point001/autoware.ai/install/vector_map_msgs:/home/point001/autoware.ai/install/autoware_msgs:/home/point001/autoware.ai/install/autoware_lanelet2_msgs:/home/point001/autoware.ai/install/autoware_build_flags:${CMAKE_PREFIX_PATH} LD_LIBRARY_PATH=/home/point001/autoware.ai/install/lanelet2_extension/lib:/home/point001/autoware.ai/install/lanelet2_validation/lib:/home/point001/autoware.ai/install/lanelet2_routing/lib:/home/point001/autoware.ai/install/lanelet2_projection/lib:/home/point001/autoware.ai/install/lanelet2_traffic_rules/lib:/home/point001/autoware.ai/install/lanelet2_io/lib:/home/point001/autoware.ai/install/vector_map/lib:/home/point001/autoware.ai/install/lanelet2_core/lib:/home/point001/autoware.ai/install/amathutils_lib/lib:/opt/ros/melodic/lib:/usr/local/cuda-10.0/lib64 PKG_CONFIG_PATH=/home/point001/autoware.ai/install/lanelet2_extension/lib/x86_64-linux-gnu/pkgconfig:/home/point001/autoware.ai/install/lanelet2_extension/lib/pkgconfig:/home/point001/autoware.ai/install/lanelet2_validation/lib/x86_64-linux-gnu/pkgconfig:/home/point001/autoware.ai/install/lanelet2_validation/lib/pkgconfig:/home/point001/autoware.ai/install/lanelet2_routing/lib/x86_64-linux-gnu/pkgconfig:/home/point001/autoware.ai/install/lanelet2_routing/lib/pkgconfig:/home/point001/autoware.ai/install/lanelet2_projection/lib/x86_64-linux-gnu/pkgconfig:/home/point001/autoware.ai/install/lanelet2_projection/lib/pkgconfig:/home/point001/autoware.ai/install/lanelet2_traffic_rules/lib/x86_64-linux-gnu/pkgconfig:/home/point001/autoware.ai/install/lanelet2_traffic_rules/lib/pkgconfig:/home/point001/autoware.ai/install/lanelet2_maps/lib/x86_64-linux-gnu/pkgconfig:/home/point001/autoware.ai/install/lanelet2_maps/lib/pkgconfig:/home/point001/autoware.ai/install/lanelet2_io/lib/x86_64-linux-gnu/pkgconfig:/home/point001/autoware.ai/install/lanelet2_io/lib/pkgconfig:/home/point001/autoware.ai/install/vector_map/lib/x86_64-linux-gnu/pkgconfig:/home/point001/autoware.ai/install/vector_map/lib/pkgconfig:/home/point001/autoware.ai/install/lanelet2_core/lib/x86_64-linux-gnu/pkgconfig:/home/point001/autoware.ai/install/lanelet2_core/lib/pkgconfig:/home/point001/autoware.ai/install/amathutils_lib/lib/x86_64-linux-gnu/pkgconfig:/home/point001/autoware.ai/install/amathutils_lib/lib/pkgconfig:/home/point001/autoware.ai/install/vector_map_msgs/lib/x86_64-linux-gnu/pkgconfig:/home/point001/autoware.ai/install/vector_map_msgs/lib/pkgconfig:/home/point001/autoware.ai/install/autoware_msgs/lib/x86_64-linux-gnu/pkgconfig:/home/point001/autoware.ai/install/autoware_msgs/lib/pkgconfig:/home/point001/autoware.ai/install/autoware_lanelet2_msgs/lib/x86_64-linux-gnu/pkgconfig:/home/point001/autoware.ai/install/autoware_lanelet2_msgs/lib/pkgconfig:/home/point001/autoware.ai/install/autoware_build_flags/lib/x86_64-linux-gnu/pkgconfig:/home/point001/autoware.ai/install/autoware_build_flags/lib/pkgconfig:${PKG_CONFIG_PATH} PYTHONPATH=/home/point001/autoware.ai/install/vector_map_msgs/lib/python2.7/dist-packages:/home/point001/autoware.ai/install/autoware_msgs/lib/python2.7/dist-packages:/home/point001/autoware.ai/install/autoware_lanelet2_msgs/lib/python2.7/dist-packages:${PYTHONPATH} ROS_PACKAGE_PATH=/home/point001/autoware.ai/install/lanelet2_extension/share:/home/point001/autoware.ai/install/lanelet2_validation/share:/home/point001/autoware.ai/install/lanelet2_routing/share:/home/point001/autoware.ai/install/lanelet2_projection/share:/home/point001/autoware.ai/install/lanelet2_traffic_rules/share:/home/point001/autoware.ai/install/lanelet2_maps/share:/home/point001/autoware.ai/install/lanelet2_io/share:/home/point001/autoware.ai/install/vector_map/share:/home/point001/autoware.ai/install/lanelet2_core/share:/home/point001/autoware.ai/install/amathutils_lib/share:/home/point001/autoware.ai/install/vector_map_msgs/share:/home/point001/autoware.ai/install/autoware_msgs/share:/home/point001/autoware.ai/install/autoware_lanelet2_msgs/share:/home/point001/autoware.ai/install/autoware_build_flags/share:${ROS_PACKAGE_PATH} /usr/bin/cmake --build /home/point001/autoware.ai/build/imm_ukf_pda_track -- -j24 -l24
[1.074s] Invoking command in '/home/point001/autoware.ai/build/imm_ukf_pda_track': CMAKE_PREFIX_PATH=/home/point001/autoware.ai/install/lanelet2_extension:/home/point001/autoware.ai/install/lanelet2_validation:/home/point001/autoware.ai/install/lanelet2_routing:/home/point001/autoware.ai/install/lanelet2_projection:/home/point001/autoware.ai/install/lanelet2_traffic_rules:/home/point001/autoware.ai/install/lanelet2_maps:/home/point001/autoware.ai/install/lanelet2_io:/home/point001/autoware.ai/install/vector_map:/home/point001/autoware.ai/install/lanelet2_core:/home/point001/autoware.ai/install/amathutils_lib:/home/point001/autoware.ai/install/vector_map_msgs:/home/point001/autoware.ai/install/autoware_msgs:/home/point001/autoware.ai/install/autoware_lanelet2_msgs:/home/point001/autoware.ai/install/autoware_build_flags:${CMAKE_PREFIX_PATH} LD_LIBRARY_PATH=/home/point001/autoware.ai/install/lanelet2_extension/lib:/home/point001/autoware.ai/install/lanelet2_validation/lib:/home/point001/autoware.ai/install/lanelet2_routing/lib:/home/point001/autoware.ai/install/lanelet2_projection/lib:/home/point001/autoware.ai/install/lanelet2_traffic_rules/lib:/home/point001/autoware.ai/install/lanelet2_io/lib:/home/point001/autoware.ai/install/vector_map/lib:/home/point001/autoware.ai/install/lanelet2_core/lib:/home/point001/autoware.ai/install/amathutils_lib/lib:/opt/ros/melodic/lib:/usr/local/cuda-10.0/lib64 PKG_CONFIG_PATH=/home/point001/autoware.ai/install/lanelet2_extension/lib/x86_64-linux-gnu/pkgconfig:/home/point001/autoware.ai/install/lanelet2_extension/lib/pkgconfig:/home/point001/autoware.ai/install/lanelet2_validation/lib/x86_64-linux-gnu/pkgconfig:/home/point001/autoware.ai/install/lanelet2_validation/lib/pkgconfig:/home/point001/autoware.ai/install/lanelet2_routing/lib/x86_64-linux-gnu/pkgconfig:/home/point001/autoware.ai/install/lanelet2_routing/lib/pkgconfig:/home/point001/autoware.ai/install/lanelet2_projection/lib/x86_64-linux-gnu/pkgconfig:/home/point001/autoware.ai/install/lanelet2_projection/lib/pkgconfig:/home/point001/autoware.ai/install/lanelet2_traffic_rules/lib/x86_64-linux-gnu/pkgconfig:/home/point001/autoware.ai/install/lanelet2_traffic_rules/lib/pkgconfig:/home/point001/autoware.ai/install/lanelet2_maps/lib/x86_64-linux-gnu/pkgconfig:/home/point001/autoware.ai/install/lanelet2_maps/lib/pkgconfig:/home/point001/autoware.ai/install/lanelet2_io/lib/x86_64-linux-gnu/pkgconfig:/home/point001/autoware.ai/install/lanelet2_io/lib/pkgconfig:/home/point001/autoware.ai/install/vector_map/lib/x86_64-linux-gnu/pkgconfig:/home/point001/autoware.ai/install/vector_map/lib/pkgconfig:/home/point001/autoware.ai/install/lanelet2_core/lib/x86_64-linux-gnu/pkgconfig:/home/point001/autoware.ai/install/lanelet2_core/lib/pkgconfig:/home/point001/autoware.ai/install/amathutils_lib/lib/x86_64-linux-gnu/pkgconfig:/home/point001/autoware.ai/install/amathutils_lib/lib/pkgconfig:/home/point001/autoware.ai/install/vector_map_msgs/lib/x86_64-linux-gnu/pkgconfig:/home/point001/autoware.ai/install/vector_map_msgs/lib/pkgconfig:/home/point001/autoware.ai/install/autoware_msgs/lib/x86_64-linux-gnu/pkgconfig:/home/point001/autoware.ai/install/autoware_msgs/lib/pkgconfig:/home/point001/autoware.ai/install/autoware_lanelet2_msgs/lib/x86_64-linux-gnu/pkgconfig:/home/point001/autoware.ai/install/autoware_lanelet2_msgs/lib/pkgconfig:/home/point001/autoware.ai/install/autoware_build_flags/lib/x86_64-linux-gnu/pkgconfig:/home/point001/autoware.ai/install/autoware_build_flags/lib/pkgconfig:${PKG_CONFIG_PATH} PYTHONPATH=/home/point001/autoware.ai/install/vector_map_msgs/lib/python2.7/dist-packages:/home/point001/autoware.ai/install/autoware_msgs/lib/python2.7/dist-packages:/home/point001/autoware.ai/install/autoware_lanelet2_msgs/lib/python2.7/dist-packages:${PYTHONPATH} ROS_PACKAGE_PATH=/home/point001/autoware.ai/install/lanelet2_extension/share:/home/point001/autoware.ai/install/lanelet2_validation/share:/home/point001/autoware.ai/install/lanelet2_routing/share:/home/point001/autoware.ai/install/lanelet2_projection/share:/home/point001/autoware.ai/install/lanelet2_traffic_rules/share:/home/point001/autoware.ai/install/lanelet2_maps/share:/home/point001/autoware.ai/install/lanelet2_io/share:/home/point001/autoware.ai/install/vector_map/share:/home/point001/autoware.ai/install/lanelet2_core/share:/home/point001/autoware.ai/install/amathutils_lib/share:/home/point001/autoware.ai/install/vector_map_msgs/share:/home/point001/autoware.ai/install/autoware_msgs/share:/home/point001/autoware.ai/install/autoware_lanelet2_msgs/share:/home/point001/autoware.ai/install/autoware_build_flags/share:${ROS_PACKAGE_PATH} /usr/bin/cmake --build /home/point001/autoware.ai/build/imm_ukf_pda_track --target tests -- -j24 -l24
[1.139s] Built target tests
[1.146s] Invoked command in '/home/point001/autoware.ai/build/imm_ukf_pda_track' returned '0': CMAKE_PREFIX_PATH=/home/point001/autoware.ai/install/lanelet2_extension:/home/point001/autoware.ai/install/lanelet2_validation:/home/point001/autoware.ai/install/lanelet2_routing:/home/point001/autoware.ai/install/lanelet2_projection:/home/point001/autoware.ai/install/lanelet2_traffic_rules:/home/point001/autoware.ai/install/lanelet2_maps:/home/point001/autoware.ai/install/lanelet2_io:/home/point001/autoware.ai/install/vector_map:/home/point001/autoware.ai/install/lanelet2_core:/home/point001/autoware.ai/install/amathutils_lib:/home/point001/autoware.ai/install/vector_map_msgs:/home/point001/autoware.ai/install/autoware_msgs:/home/point001/autoware.ai/install/autoware_lanelet2_msgs:/home/point001/autoware.ai/install/autoware_build_flags:${CMAKE_PREFIX_PATH} LD_LIBRARY_PATH=/home/point001/autoware.ai/install/lanelet2_extension/lib:/home/point001/autoware.ai/install/lanelet2_validation/lib:/home/point001/autoware.ai/install/lanelet2_routing/lib:/home/point001/autoware.ai/install/lanelet2_projection/lib:/home/point001/autoware.ai/install/lanelet2_traffic_rules/lib:/home/point001/autoware.ai/install/lanelet2_io/lib:/home/point001/autoware.ai/install/vector_map/lib:/home/point001/autoware.ai/install/lanelet2_core/lib:/home/point001/autoware.ai/install/amathutils_lib/lib:/opt/ros/melodic/lib:/usr/local/cuda-10.0/lib64 PKG_CONFIG_PATH=/home/point001/autoware.ai/install/lanelet2_extension/lib/x86_64-linux-gnu/pkgconfig:/home/point001/autoware.ai/install/lanelet2_extension/lib/pkgconfig:/home/point001/autoware.ai/install/lanelet2_validation/lib/x86_64-linux-gnu/pkgconfig:/home/point001/autoware.ai/install/lanelet2_validation/lib/pkgconfig:/home/point001/autoware.ai/install/lanelet2_routing/lib/x86_64-linux-gnu/pkgconfig:/home/point001/autoware.ai/install/lanelet2_routing/lib/pkgconfig:/home/point001/autoware.ai/install/lanelet2_projection/lib/x86_64-linux-gnu/pkgconfig:/home/point001/autoware.ai/install/lanelet2_projection/lib/pkgconfig:/home/point001/autoware.ai/install/lanelet2_traffic_rules/lib/x86_64-linux-gnu/pkgconfig:/home/point001/autoware.ai/install/lanelet2_traffic_rules/lib/pkgconfig:/home/point001/autoware.ai/install/lanelet2_maps/lib/x86_64-linux-gnu/pkgconfig:/home/point001/autoware.ai/install/lanelet2_maps/lib/pkgconfig:/home/point001/autoware.ai/install/lanelet2_io/lib/x86_64-linux-gnu/pkgconfig:/home/point001/autoware.ai/install/lanelet2_io/lib/pkgconfig:/home/point001/autoware.ai/install/vector_map/lib/x86_64-linux-gnu/pkgconfig:/home/point001/autoware.ai/install/vector_map/lib/pkgconfig:/home/point001/autoware.ai/install/lanelet2_core/lib/x86_64-linux-gnu/pkgconfig:/home/point001/autoware.ai/install/lanelet2_core/lib/pkgconfig:/home/point001/autoware.ai/install/amathutils_lib/lib/x86_64-linux-gnu/pkgconfig:/home/point001/autoware.ai/install/amathutils_lib/lib/pkgconfig:/home/point001/autoware.ai/install/vector_map_msgs/lib/x86_64-linux-gnu/pkgconfig:/home/point001/autoware.ai/install/vector_map_msgs/lib/pkgconfig:/home/point001/autoware.ai/install/autoware_msgs/lib/x86_64-linux-gnu/pkgconfig:/home/point001/autoware.ai/install/autoware_msgs/lib/pkgconfig:/home/point001/autoware.ai/install/autoware_lanelet2_msgs/lib/x86_64-linux-gnu/pkgconfig:/home/point001/autoware.ai/install/autoware_lanelet2_msgs/lib/pkgconfig:/home/point001/autoware.ai/install/autoware_build_flags/lib/x86_64-linux-gnu/pkgconfig:/home/point001/autoware.ai/install/autoware_build_flags/lib/pkgconfig:${PKG_CONFIG_PATH} PYTHONPATH=/home/point001/autoware.ai/install/vector_map_msgs/lib/python2.7/dist-packages:/home/point001/autoware.ai/install/autoware_msgs/lib/python2.7/dist-packages:/home/point001/autoware.ai/install/autoware_lanelet2_msgs/lib/python2.7/dist-packages:${PYTHONPATH} ROS_PACKAGE_PATH=/home/point001/autoware.ai/install/lanelet2_extension/share:/home/point001/autoware.ai/install/lanelet2_validation/share:/home/point001/autoware.ai/install/lanelet2_routing/share:/home/point001/autoware.ai/install/lanelet2_projection/share:/home/point001/autoware.ai/install/lanelet2_traffic_rules/share:/home/point001/autoware.ai/install/lanelet2_maps/share:/home/point001/autoware.ai/install/lanelet2_io/share:/home/point001/autoware.ai/install/vector_map/share:/home/point001/autoware.ai/install/lanelet2_core/share:/home/point001/autoware.ai/install/amathutils_lib/share:/home/point001/autoware.ai/install/vector_map_msgs/share:/home/point001/autoware.ai/install/autoware_msgs/share:/home/point001/autoware.ai/install/autoware_lanelet2_msgs/share:/home/point001/autoware.ai/install/autoware_build_flags/share:${ROS_PACKAGE_PATH} /usr/bin/cmake --build /home/point001/autoware.ai/build/imm_ukf_pda_track --target tests -- -j24 -l24
[1.351s] Invoking command in '/home/point001/autoware.ai/build/imm_ukf_pda_track': CMAKE_PREFIX_PATH=/home/point001/autoware.ai/install/lanelet2_extension:/home/point001/autoware.ai/install/lanelet2_validation:/home/point001/autoware.ai/install/lanelet2_routing:/home/point001/autoware.ai/install/lanelet2_projection:/home/point001/autoware.ai/install/lanelet2_traffic_rules:/home/point001/autoware.ai/install/lanelet2_maps:/home/point001/autoware.ai/install/lanelet2_io:/home/point001/autoware.ai/install/vector_map:/home/point001/autoware.ai/install/lanelet2_core:/home/point001/autoware.ai/install/amathutils_lib:/home/point001/autoware.ai/install/vector_map_msgs:/home/point001/autoware.ai/install/autoware_msgs:/home/point001/autoware.ai/install/autoware_lanelet2_msgs:/home/point001/autoware.ai/install/autoware_build_flags:${CMAKE_PREFIX_PATH} LD_LIBRARY_PATH=/home/point001/autoware.ai/install/lanelet2_extension/lib:/home/point001/autoware.ai/install/lanelet2_validation/lib:/home/point001/autoware.ai/install/lanelet2_routing/lib:/home/point001/autoware.ai/install/lanelet2_projection/lib:/home/point001/autoware.ai/install/lanelet2_traffic_rules/lib:/home/point001/autoware.ai/install/lanelet2_io/lib:/home/point001/autoware.ai/install/vector_map/lib:/home/point001/autoware.ai/install/lanelet2_core/lib:/home/point001/autoware.ai/install/amathutils_lib/lib:/opt/ros/melodic/lib:/usr/local/cuda-10.0/lib64 PKG_CONFIG_PATH=/home/point001/autoware.ai/install/lanelet2_extension/lib/x86_64-linux-gnu/pkgconfig:/home/point001/autoware.ai/install/lanelet2_extension/lib/pkgconfig:/home/point001/autoware.ai/install/lanelet2_validation/lib/x86_64-linux-gnu/pkgconfig:/home/point001/autoware.ai/install/lanelet2_validation/lib/pkgconfig:/home/point001/autoware.ai/install/lanelet2_routing/lib/x86_64-linux-gnu/pkgconfig:/home/point001/autoware.ai/install/lanelet2_routing/lib/pkgconfig:/home/point001/autoware.ai/install/lanelet2_projection/lib/x86_64-linux-gnu/pkgconfig:/home/point001/autoware.ai/install/lanelet2_projection/lib/pkgconfig:/home/point001/autoware.ai/install/lanelet2_traffic_rules/lib/x86_64-linux-gnu/pkgconfig:/home/point001/autoware.ai/install/lanelet2_traffic_rules/lib/pkgconfig:/home/point001/autoware.ai/install/lanelet2_maps/lib/x86_64-linux-gnu/pkgconfig:/home/point001/autoware.ai/install/lanelet2_maps/lib/pkgconfig:/home/point001/autoware.ai/install/lanelet2_io/lib/x86_64-linux-gnu/pkgconfig:/home/point001/autoware.ai/install/lanelet2_io/lib/pkgconfig:/home/point001/autoware.ai/install/vector_map/lib/x86_64-linux-gnu/pkgconfig:/home/point001/autoware.ai/install/vector_map/lib/pkgconfig:/home/point001/autoware.ai/install/lanelet2_core/lib/x86_64-linux-gnu/pkgconfig:/home/point001/autoware.ai/install/lanelet2_core/lib/pkgconfig:/home/point001/autoware.ai/install/amathutils_lib/lib/x86_64-linux-gnu/pkgconfig:/home/point001/autoware.ai/install/amathutils_lib/lib/pkgconfig:/home/point001/autoware.ai/install/vector_map_msgs/lib/x86_64-linux-gnu/pkgconfig:/home/point001/autoware.ai/install/vector_map_msgs/lib/pkgconfig:/home/point001/autoware.ai/install/autoware_msgs/lib/x86_64-linux-gnu/pkgconfig:/home/point001/autoware.ai/install/autoware_msgs/lib/pkgconfig:/home/point001/autoware.ai/install/autoware_lanelet2_msgs/lib/x86_64-linux-gnu/pkgconfig:/home/point001/autoware.ai/install/autoware_lanelet2_msgs/lib/pkgconfig:/home/point001/autoware.ai/install/autoware_build_flags/lib/x86_64-linux-gnu/pkgconfig:/home/point001/autoware.ai/install/autoware_build_flags/lib/pkgconfig:${PKG_CONFIG_PATH} PYTHONPATH=/home/point001/autoware.ai/install/vector_map_msgs/lib/python2.7/dist-packages:/home/point001/autoware.ai/install/autoware_msgs/lib/python2.7/dist-packages:/home/point001/autoware.ai/install/autoware_lanelet2_msgs/lib/python2.7/dist-packages:${PYTHONPATH} ROS_PACKAGE_PATH=/home/point001/autoware.ai/install/lanelet2_extension/share:/home/point001/autoware.ai/install/lanelet2_validation/share:/home/point001/autoware.ai/install/lanelet2_routing/share:/home/point001/autoware.ai/install/lanelet2_projection/share:/home/point001/autoware.ai/install/lanelet2_traffic_rules/share:/home/point001/autoware.ai/install/lanelet2_maps/share:/home/point001/autoware.ai/install/lanelet2_io/share:/home/point001/autoware.ai/install/vector_map/share:/home/point001/autoware.ai/install/lanelet2_core/share:/home/point001/autoware.ai/install/amathutils_lib/share:/home/point001/autoware.ai/install/vector_map_msgs/share:/home/point001/autoware.ai/install/autoware_msgs/share:/home/point001/autoware.ai/install/autoware_lanelet2_msgs/share:/home/point001/autoware.ai/install/autoware_build_flags/share:${ROS_PACKAGE_PATH} /usr/bin/cmake --build /home/point001/autoware.ai/build/imm_ukf_pda_track --target install -- -j24 -l24
[1.433s] [  0%] Built target topic_tools_generate_messages_nodejs
[1.435s] [  0%] Built target visualization_msgs_generate_messages_cpp
[1.437s] [  0%] Built target nodelet_generate_messages_nodejs
[1.439s] [  0%] Built target dynamic_reconfigure_generate_messages_nodejs
[1.439s] [  0%] Built target topic_tools_generate_messages_cpp
[1.441s] [  0%] Built target nodelet_generate_messages_eus
[1.446s] [  0%] Built target bond_generate_messages_cpp
[1.446s] [  0%] Built target vector_map_msgs_generate_messages_lisp
[1.446s] [  0%] Built target bond_generate_messages_lisp
[1.446s] [  0%] Built target vector_map_msgs_generate_messages_cpp
[1.448s] [  0%] Built target vector_map_msgs_generate_messages_eus
[1.454s] [  0%] Built target vector_map_msgs_generate_messages_py
[1.454s] [  0%] Built target dynamic_reconfigure_generate_messages_eus
[1.455s] [  0%] Built target bond_generate_messages_nodejs
[1.457s] [  0%] Built target pcl_ros_gencfg
[1.458s] [  0%] Built target dynamic_reconfigure_generate_messages_py
[1.459s] [  0%] Built target bond_generate_messages_py
[1.460s] [  0%] Built target dynamic_reconfigure_generate_messages_lisp
[1.468s] [  0%] Built target nodelet_generate_messages_cpp
[1.468s] [  0%] Built target bond_generate_messages_eus
[1.468s] [  0%] Built target topic_tools_generate_messages_eus
[1.480s] [  0%] Built target std_srvs_generate_messages_nodejs
[1.481s] [  0%] Built target std_srvs_generate_messages_py
[1.481s] [  0%] Built target vector_map_msgs_generate_messages_nodejs
[1.481s] [  0%] Built target sensor_msgs_generate_messages_nodejs
[1.481s] [  0%] Built target visualization_msgs_generate_messages_py
[1.484s] [  0%] Built target jsk_recognition_msgs_generate_messages_lisp
[1.485s] [  0%] Built target std_msgs_generate_messages_py
[1.488s] [  0%] Built target actionlib_generate_messages_cpp
[1.496s] [  0%] Built target std_srvs_generate_messages_lisp
[1.497s] [  0%] Built target sensor_msgs_generate_messages_eus
[1.498s] [  0%] Built target geometry_msgs_generate_messages_py
[1.499s] [  0%] Built target _catkin_empty_exported_target
[1.500s] [  0%] Built target autoware_msgs_generate_messages_cpp
[1.503s] [  0%] Built target pcl_msgs_generate_messages_eus
[1.503s] [  0%] Built target rosgraph_msgs_generate_messages_eus
[1.505s] [  0%] Built target autoware_msgs_generate_messages_py
[1.505s] [  0%] Built target visualization_msgs_generate_messages_nodejs
[1.509s] [  0%] Built target tf2_msgs_generate_messages_cpp
[1.509s] [  0%] Built target jsk_recognition_msgs_generate_messages_eus
[1.523s] [  0%] Built target nodelet_generate_messages_lisp
[1.524s] [  0%] Built target nodelet_generate_messages_py
[1.526s] [  0%] Built target std_msgs_generate_messages_nodejs
[1.526s] [  0%] Built target sensor_msgs_generate_messages_cpp
[1.528s] [  0%] Built target pcl_msgs_generate_messages_nodejs
[1.530s] [  0%] Built target sensor_msgs_generate_messages_py
[1.532s] [  0%] Built target std_msgs_generate_messages_cpp
[1.534s] [  0%] Built target std_srvs_generate_messages_cpp
[1.535s] [  0%] Built target rosgraph_msgs_generate_messages_cpp
[1.536s] [  0%] Built target sensor_msgs_generate_messages_lisp
[1.538s] [  0%] Built target jsk_recognition_msgs_generate_messages_py
[1.539s] [  0%] Built target tf_generate_messages_py
[1.547s] [  0%] Built target dynamic_reconfigure_generate_messages_cpp
[1.547s] [  0%] Built target roscpp_generate_messages_cpp
[1.548s] [  0%] Built target roscpp_generate_messages_nodejs
[1.551s] [  0%] Built target jsk_footstep_msgs_generate_messages_py
[1.553s] [  0%] Built target geometry_msgs_generate_messages_lisp
[1.556s] [  0%] Built target actionlib_msgs_generate_messages_nodejs
[1.566s] [  0%] Built target topic_tools_generate_messages_py
[1.568s] [  0%] Built target topic_tools_generate_messages_lisp
[1.576s] [  0%] Built target pcl_msgs_generate_messages_cpp
[1.578s] [  0%] Built target nodelet_topic_tools_gencfg
[1.580s] [  0%] Built target std_msgs_generate_messages_lisp
[1.583s] [  0%] Built target geometry_msgs_generate_messages_nodejs
[1.584s] [  0%] Built target autoware_msgs_generate_messages_lisp
[1.585s] [  0%] Built target jsk_footstep_msgs_generate_messages_eus
[1.586s] [  0%] Built target geometry_msgs_generate_messages_eus
[1.597s] [  0%] Built target actionlib_msgs_generate_messages_py
[1.599s] [  0%] Built target jsk_footstep_msgs_generate_messages_nodejs
[1.602s] [  0%] Built target autoware_msgs_generate_messages_eus
[1.607s] [  0%] Built target jsk_footstep_msgs_generate_messages_lisp
[1.610s] [  0%] Built target jsk_footstep_msgs_generate_messages_cpp
[1.610s] [  0%] Built target visualization_msgs_generate_messages_lisp
[1.612s] [  0%] Built target actionlib_msgs_generate_messages_cpp
[1.615s] [  0%] Built target tf_generate_messages_eus
[1.618s] [  0%] Built target jsk_recognition_msgs_generate_messages_nodejs
[1.620s] [  0%] Built target std_msgs_generate_messages_eus
[1.622s] [  0%] Built target actionlib_msgs_generate_messages_lisp
[1.622s] [  0%] Built target tf_generate_messages_lisp
[1.624s] [  0%] Built target jsk_recognition_msgs_generate_messages_cpp
[1.625s] [  0%] Built target std_srvs_generate_messages_eus
[1.626s] [  0%] Built target roscpp_generate_messages_lisp
[1.629s] [  0%] Built target autoware_msgs_generate_messages_nodejs
[1.630s] [  0%] Built target autoware_lanelet2_msgs_generate_messages_cpp
[1.651s] [  0%] Built target roscpp_generate_messages_eus
[1.651s] [  0%] Built target actionlib_msgs_generate_messages_eus
[1.652s] [  0%] Built target tf_generate_messages_nodejs
[1.654s] [  0%] Built target autoware_lanelet2_msgs_generate_messages_py
[1.658s] [  0%] Built target rosgraph_msgs_generate_messages_lisp
[1.660s] [  0%] Built target rosgraph_msgs_generate_messages_nodejs
[1.662s] [  0%] Built target geometry_msgs_generate_messages_cpp
[1.665s] [  0%] Built target pcl_msgs_generate_messages_py
[1.666s] [  0%] Built target dynamic_reconfigure_gencfg
[1.675s] [  0%] Built target rosgraph_msgs_generate_messages_py
[1.679s] [  0%] Built target tf2_msgs_generate_messages_lisp
[1.679s] [  0%] Built target pcl_msgs_generate_messages_lisp
[1.679s] [  0%] Built target tf2_msgs_generate_messages_py
[1.683s] [  0%] Built target roscpp_generate_messages_py
[1.686s] [  0%] Built target tf_generate_messages_cpp
[1.686s] [  0%] Built target actionlib_generate_messages_py
[1.687s] [  0%] Built target actionlib_generate_messages_eus
[1.694s] [  0%] Built target visualization_msgs_generate_messages_eus
[1.695s] [  0%] Built target actionlib_generate_messages_lisp
[1.697s] [  0%] Built target autoware_lanelet2_msgs_generate_messages_nodejs
[1.698s] [  0%] Built target autoware_lanelet2_msgs_generate_messages_eus
[1.698s] [  0%] Built target tf2_msgs_generate_messages_nodejs
[1.707s] [  0%] Built target tf2_msgs_generate_messages_eus
[1.708s] [  0%] Built target autoware_lanelet2_msgs_generate_messages_lisp
[1.710s] [  0%] Built target actionlib_generate_messages_nodejs
[1.767s] [ 50%] Built target imm_ukf_pda
[1.777s] [100%] Built target imm_ukf_pda_lanelet2
[1.803s] [36mInstall the project...[0m
[1.813s] -- Install configuration: "Release"
[1.813s] -- Up-to-date: /home/point001/autoware.ai/install/imm_ukf_pda_track/lib/pkgconfig/imm_ukf_pda_track.pc
[1.813s] -- Up-to-date: /home/point001/autoware.ai/install/imm_ukf_pda_track/share/imm_ukf_pda_track/cmake/imm_ukf_pda_trackConfig.cmake
[1.813s] -- Up-to-date: /home/point001/autoware.ai/install/imm_ukf_pda_track/share/imm_ukf_pda_track/cmake/imm_ukf_pda_trackConfig-version.cmake
[1.813s] -- Up-to-date: /home/point001/autoware.ai/install/imm_ukf_pda_track/share/imm_ukf_pda_track/package.xml
[1.814s] -- Up-to-date: /home/point001/autoware.ai/install/imm_ukf_pda_track/lib/imm_ukf_pda_track/imm_ukf_pda
[1.814s] -- Up-to-date: /home/point001/autoware.ai/install/imm_ukf_pda_track/lib/imm_ukf_pda_track/imm_ukf_pda_lanelet2
[1.814s] -- Up-to-date: /home/point001/autoware.ai/install/imm_ukf_pda_track/share/imm_ukf_pda_track/launch
[1.814s] -- Up-to-date: /home/point001/autoware.ai/install/imm_ukf_pda_track/share/imm_ukf_pda_track/launch/imm_ukf_pda_track.launch
[1.814s] -- Up-to-date: /home/point001/autoware.ai/install/imm_ukf_pda_track/share/imm_ukf_pda_track/launch/imm_ukf_pda_track_lanelet2.launch
[1.814s] -- Up-to-date: /home/point001/autoware.ai/install/imm_ukf_pda_track/share/imm_ukf_pda_track/launch/imm_ukf_pda_track_option.launch
[1.818s] Invoked command in '/home/point001/autoware.ai/build/imm_ukf_pda_track' returned '0': CMAKE_PREFIX_PATH=/home/point001/autoware.ai/install/lanelet2_extension:/home/point001/autoware.ai/install/lanelet2_validation:/home/point001/autoware.ai/install/lanelet2_routing:/home/point001/autoware.ai/install/lanelet2_projection:/home/point001/autoware.ai/install/lanelet2_traffic_rules:/home/point001/autoware.ai/install/lanelet2_maps:/home/point001/autoware.ai/install/lanelet2_io:/home/point001/autoware.ai/install/vector_map:/home/point001/autoware.ai/install/lanelet2_core:/home/point001/autoware.ai/install/amathutils_lib:/home/point001/autoware.ai/install/vector_map_msgs:/home/point001/autoware.ai/install/autoware_msgs:/home/point001/autoware.ai/install/autoware_lanelet2_msgs:/home/point001/autoware.ai/install/autoware_build_flags:${CMAKE_PREFIX_PATH} LD_LIBRARY_PATH=/home/point001/autoware.ai/install/lanelet2_extension/lib:/home/point001/autoware.ai/install/lanelet2_validation/lib:/home/point001/autoware.ai/install/lanelet2_routing/lib:/home/point001/autoware.ai/install/lanelet2_projection/lib:/home/point001/autoware.ai/install/lanelet2_traffic_rules/lib:/home/point001/autoware.ai/install/lanelet2_io/lib:/home/point001/autoware.ai/install/vector_map/lib:/home/point001/autoware.ai/install/lanelet2_core/lib:/home/point001/autoware.ai/install/amathutils_lib/lib:/opt/ros/melodic/lib:/usr/local/cuda-10.0/lib64 PKG_CONFIG_PATH=/home/point001/autoware.ai/install/lanelet2_extension/lib/x86_64-linux-gnu/pkgconfig:/home/point001/autoware.ai/install/lanelet2_extension/lib/pkgconfig:/home/point001/autoware.ai/install/lanelet2_validation/lib/x86_64-linux-gnu/pkgconfig:/home/point001/autoware.ai/install/lanelet2_validation/lib/pkgconfig:/home/point001/autoware.ai/install/lanelet2_routing/lib/x86_64-linux-gnu/pkgconfig:/home/point001/autoware.ai/install/lanelet2_routing/lib/pkgconfig:/home/point001/autoware.ai/install/lanelet2_projection/lib/x86_64-linux-gnu/pkgconfig:/home/point001/autoware.ai/install/lanelet2_projection/lib/pkgconfig:/home/point001/autoware.ai/install/lanelet2_traffic_rules/lib/x86_64-linux-gnu/pkgconfig:/home/point001/autoware.ai/install/lanelet2_traffic_rules/lib/pkgconfig:/home/point001/autoware.ai/install/lanelet2_maps/lib/x86_64-linux-gnu/pkgconfig:/home/point001/autoware.ai/install/lanelet2_maps/lib/pkgconfig:/home/point001/autoware.ai/install/lanelet2_io/lib/x86_64-linux-gnu/pkgconfig:/home/point001/autoware.ai/install/lanelet2_io/lib/pkgconfig:/home/point001/autoware.ai/install/vector_map/lib/x86_64-linux-gnu/pkgconfig:/home/point001/autoware.ai/install/vector_map/lib/pkgconfig:/home/point001/autoware.ai/install/lanelet2_core/lib/x86_64-linux-gnu/pkgconfig:/home/point001/autoware.ai/install/lanelet2_core/lib/pkgconfig:/home/point001/autoware.ai/install/amathutils_lib/lib/x86_64-linux-gnu/pkgconfig:/home/point001/autoware.ai/install/amathutils_lib/lib/pkgconfig:/home/point001/autoware.ai/install/vector_map_msgs/lib/x86_64-linux-gnu/pkgconfig:/home/point001/autoware.ai/install/vector_map_msgs/lib/pkgconfig:/home/point001/autoware.ai/install/autoware_msgs/lib/x86_64-linux-gnu/pkgconfig:/home/point001/autoware.ai/install/autoware_msgs/lib/pkgconfig:/home/point001/autoware.ai/install/autoware_lanelet2_msgs/lib/x86_64-linux-gnu/pkgconfig:/home/point001/autoware.ai/install/autoware_lanelet2_msgs/lib/pkgconfig:/home/point001/autoware.ai/install/autoware_build_flags/lib/x86_64-linux-gnu/pkgconfig:/home/point001/autoware.ai/install/autoware_build_flags/lib/pkgconfig:${PKG_CONFIG_PATH} PYTHONPATH=/home/point001/autoware.ai/install/vector_map_msgs/lib/python2.7/dist-packages:/home/point001/autoware.ai/install/autoware_msgs/lib/python2.7/dist-packages:/home/point001/autoware.ai/install/autoware_lanelet2_msgs/lib/python2.7/dist-packages:${PYTHONPATH} ROS_PACKAGE_PATH=/home/point001/autoware.ai/install/lanelet2_extension/share:/home/point001/autoware.ai/install/lanelet2_validation/share:/home/point001/autoware.ai/install/lanelet2_routing/share:/home/point001/autoware.ai/install/lanelet2_projection/share:/home/point001/autoware.ai/install/lanelet2_traffic_rules/share:/home/point001/autoware.ai/install/lanelet2_maps/share:/home/point001/autoware.ai/install/lanelet2_io/share:/home/point001/autoware.ai/install/vector_map/share:/home/point001/autoware.ai/install/lanelet2_core/share:/home/point001/autoware.ai/install/amathutils_lib/share:/home/point001/autoware.ai/install/vector_map_msgs/share:/home/point001/autoware.ai/install/autoware_msgs/share:/home/point001/autoware.ai/install/autoware_lanelet2_msgs/share:/home/point001/autoware.ai/install/autoware_build_flags/share:${ROS_PACKAGE_PATH} /usr/bin/cmake --build /home/point001/autoware.ai/build/imm_ukf_pda_track --target install -- -j24 -l24
