[0.438s] Invoking command in '/home/point001/autoware.ai/build/points_preprocessor': CMAKE_PREFIX_PATH=/home/point001/autoware.ai/install/autoware_health_checker:/home/point001/autoware.ai/install/ros_observer:/home/point001/autoware.ai/install/autoware_system_msgs:/home/point001/autoware.ai/install/autoware_config_msgs:/home/point001/autoware.ai/install/autoware_build_flags:${CMAKE_PREFIX_PATH} LD_LIBRARY_PATH=/home/point001/autoware.ai/install/autoware_health_checker/lib:/home/point001/autoware.ai/install/ros_observer/lib:${LD_LIBRARY_PATH} PKG_CONFIG_PATH=/home/point001/autoware.ai/install/autoware_health_checker/lib/x86_64-linux-gnu/pkgconfig:/home/point001/autoware.ai/install/autoware_health_checker/lib/pkgconfig:/home/point001/autoware.ai/install/ros_observer/lib/x86_64-linux-gnu/pkgconfig:/home/point001/autoware.ai/install/ros_observer/lib/pkgconfig:/home/point001/autoware.ai/install/autoware_system_msgs/lib/x86_64-linux-gnu/pkgconfig:/home/point001/autoware.ai/install/autoware_system_msgs/lib/pkgconfig:/home/point001/autoware.ai/install/autoware_config_msgs/lib/x86_64-linux-gnu/pkgconfig:/home/point001/autoware.ai/install/autoware_config_msgs/lib/pkgconfig:/home/point001/autoware.ai/install/autoware_build_flags/lib/x86_64-linux-gnu/pkgconfig:/home/point001/autoware.ai/install/autoware_build_flags/lib/pkgconfig:${PKG_CONFIG_PATH} PYTHONPATH=/home/point001/autoware.ai/install/autoware_system_msgs/lib/python2.7/dist-packages:/home/point001/autoware.ai/install/autoware_config_msgs/lib/python2.7/dist-packages:${PYTHONPATH} ROS_PACKAGE_PATH=/home/point001/autoware.ai/install/autoware_health_checker/share:/home/point001/autoware.ai/install/ros_observer/share:/home/point001/autoware.ai/install/autoware_system_msgs/share:/home/point001/autoware.ai/install/autoware_config_msgs/share:/home/point001/autoware.ai/install/autoware_build_flags/share:${ROS_PACKAGE_PATH} /usr/bin/cmake --build /home/point001/autoware.ai/build/points_preprocessor -- -j24 -l24
[0.526s] [  0%] Built target diagnostic_msgs_generate_messages_eus
[0.526s] [  0%] Built target tf2_msgs_generate_messages_cpp
[0.526s] [  0%] Built target velodyne_driver_gencfg
[0.528s] [  0%] Built target velodyne_msgs_generate_messages_cpp
[0.532s] [  0%] Built target actionlib_generate_messages_lisp
[0.532s] [  0%] Built target velodyne_msgs_generate_messages_eus
[0.534s] [  0%] Built target tf2_msgs_generate_messages_eus
[0.534s] [  0%] Built target geometry_msgs_generate_messages_cpp
[0.535s] [  0%] Built target actionlib_generate_messages_py
[0.535s] [  0%] Built target tf_generate_messages_nodejs
[0.536s] [  0%] Built target velodyne_msgs_generate_messages_py
[0.537s] [  0%] Built target velodyne_msgs_generate_messages_nodejs
[0.537s] [  0%] Built target velodyne_msgs_generate_messages_lisp
[0.544s] [  0%] Built target geometry_msgs_generate_messages_lisp
[0.544s] [  0%] Built target tf2_msgs_generate_messages_nodejs
[0.544s] [  0%] Built target diagnostic_msgs_generate_messages_lisp
[0.548s] [  0%] Built target velodyne_pointcloud_gencfg
[0.549s] [  0%] Built target geometry_msgs_generate_messages_eus
[0.559s] [  0%] Built target autoware_system_msgs_generate_messages_cpp
[0.560s] [  0%] Built target actionlib_generate_messages_cpp
[0.564s] [  0%] Built target geometry_msgs_generate_messages_py
[0.567s] [  0%] Built target dynamic_reconfigure_generate_messages_lisp
[0.570s] [  0%] Built target roscpp_generate_messages_cpp
[0.570s] [  0%] Built target tf2_msgs_generate_messages_py
[0.571s] [  0%] Built target sensor_msgs_generate_messages_lisp
[0.577s] [  0%] Built target actionlib_msgs_generate_messages_py
[0.587s] [  0%] Built target autoware_system_msgs_generate_messages_eus
[0.588s] [  0%] Built target diagnostic_msgs_generate_messages_nodejs
[0.593s] [  0%] Built target dynamic_reconfigure_generate_messages_cpp
[0.604s] [  0%] Built target sensor_msgs_generate_messages_py
[0.618s] [  0%] Built target rosgraph_msgs_generate_messages_lisp
[0.618s] [  0%] Built target rosgraph_msgs_generate_messages_cpp
[0.618s] [  0%] Built target diagnostic_msgs_generate_messages_py
[0.630s] [  0%] Built target topic_tools_generate_messages_cpp
[0.632s] [  0%] Built target autoware_system_msgs_generate_messages_nodejs
[0.635s] [  0%] Built target nodelet_generate_messages_py
[0.645s] [  0%] Built target rosgraph_msgs_generate_messages_eus
[0.648s] [  0%] Built target actionlib_msgs_generate_messages_lisp
[0.648s] [  0%] Built target std_msgs_generate_messages_cpp
[0.654s] [  0%] Built target tf_generate_messages_py
[0.673s] [  0%] Built target roscpp_generate_messages_eus
[0.674s] [  0%] Built target autoware_config_msgs_generate_messages_lisp
[0.674s] [  0%] Built target rosgraph_msgs_generate_messages_py
[0.677s] [  0%] Built target pcl_msgs_generate_messages_cpp
[0.687s] [  0%] Built target std_msgs_generate_messages_eus
[0.688s] [  0%] Built target actionlib_msgs_generate_messages_eus
[0.699s] [  0%] Built target autoware_config_msgs_generate_messages_eus
[0.699s] [  0%] Built target autoware_system_msgs_generate_messages_lisp
[0.719s] [  0%] Built target autoware_config_msgs_generate_messages_cpp
[0.724s] [  0%] Built target sensor_msgs_generate_messages_nodejs
[0.730s] [  0%] Built target pcl_msgs_generate_messages_eus
[0.745s] [  0%] Built target rosgraph_msgs_generate_messages_nodejs
[0.758s] [  0%] Built target pcl_msgs_generate_messages_nodejs
[0.759s] [  0%] Built target autoware_system_msgs_generate_messages_py
[0.759s] [  0%] Built target std_msgs_generate_messages_lisp
[0.768s] [  0%] Built target sensor_msgs_generate_messages_eus
[0.783s] [  0%] Built target bond_generate_messages_eus
[0.783s] [  0%] Built target bond_generate_messages_lisp
[0.783s] [  0%] Built target geometry_msgs_generate_messages_nodejs
[0.786s] [  0%] Built target dynamic_reconfigure_generate_messages_eus
[0.787s] [  0%] Built target std_msgs_generate_messages_nodejs
[0.788s] [  0%] Built target pcl_msgs_generate_messages_py
[0.791s] [  0%] Built target std_msgs_generate_messages_py
[0.798s] [  0%] Built target roscpp_generate_messages_nodejs
[0.827s] [  0%] Built target topic_tools_generate_messages_nodejs
[0.830s] [  0%] Built target roscpp_generate_messages_lisp
[0.832s] [  0%] Built target topic_tools_generate_messages_eus
[0.833s] [  0%] Built target sensor_msgs_generate_messages_cpp
[0.838s] [  0%] Built target actionlib_generate_messages_eus
[0.853s] [  0%] Built target nodelet_generate_messages_nodejs
[0.875s] [  0%] Built target roscpp_generate_messages_py
[0.875s] [  0%] Built target nodelet_generate_messages_cpp
[0.875s] [  0%] Built target pcl_ros_gencfg
[0.876s] [  0%] Built target diagnostic_msgs_generate_messages_cpp
[0.886s] [  0%] Built target bond_generate_messages_py
[0.890s] [  0%] Built target std_srvs_generate_messages_eus
[0.897s] [  0%] Built target tf2_msgs_generate_messages_lisp
[0.902s] [  0%] Built target actionlib_msgs_generate_messages_cpp
[0.916s] [  0%] Built target std_srvs_generate_messages_lisp
[0.923s] [  0%] Built target std_srvs_generate_messages_nodejs
[0.941s] [  0%] Built target actionlib_msgs_generate_messages_nodejs
[0.941s] [  0%] Built target bond_generate_messages_nodejs
[0.941s] [  0%] Built target bond_generate_messages_cpp
[0.941s] [  0%] Built target dynamic_reconfigure_gencfg
[0.941s] [  0%] Built target std_srvs_generate_messages_py
[0.941s] [  0%] Built target nodelet_generate_messages_eus
[0.942s] [  0%] Built target nodelet_generate_messages_lisp
[0.942s] [  0%] Built target autoware_config_msgs_generate_messages_py
[0.953s] [  0%] Built target tf_generate_messages_eus
[0.953s] [  0%] Built target actionlib_generate_messages_nodejs
[0.959s] [  0%] Built target tf_generate_messages_cpp
[0.961s] [  0%] Built target topic_tools_generate_messages_lisp
[0.964s] [  0%] Built target pcl_msgs_generate_messages_lisp
[0.964s] [  0%] Built target dynamic_reconfigure_generate_messages_py
[0.972s] [  0%] Built target dynamic_reconfigure_generate_messages_nodejs
[0.986s] [  0%] Built target nodelet_topic_tools_gencfg
[0.988s] [  0%] Built target tf_generate_messages_lisp
[0.990s] [  0%] Built target topic_tools_generate_messages_py
[0.997s] [  0%] Built target std_srvs_generate_messages_cpp
[1.011s] [  0%] Built target autoware_config_msgs_generate_messages_nodejs
[1.073s] [ 14%] Built target ray_ground_filter_lib
[1.073s] [ 28%] Built target ring_ground_filter
[1.074s] [ 42%] Built target compare_map_filter
[1.077s] [ 57%] Built target space_filter
[1.080s] [ 71%] Built target points_concat_filter
[1.089s] [ 85%] Built target cloud_transformer
[1.141s] [100%] Built target ray_ground_filter
[1.298s] Invoked command in '/home/point001/autoware.ai/build/points_preprocessor' returned '0': CMAKE_PREFIX_PATH=/home/point001/autoware.ai/install/autoware_health_checker:/home/point001/autoware.ai/install/ros_observer:/home/point001/autoware.ai/install/autoware_system_msgs:/home/point001/autoware.ai/install/autoware_config_msgs:/home/point001/autoware.ai/install/autoware_build_flags:${CMAKE_PREFIX_PATH} LD_LIBRARY_PATH=/home/point001/autoware.ai/install/autoware_health_checker/lib:/home/point001/autoware.ai/install/ros_observer/lib:${LD_LIBRARY_PATH} PKG_CONFIG_PATH=/home/point001/autoware.ai/install/autoware_health_checker/lib/x86_64-linux-gnu/pkgconfig:/home/point001/autoware.ai/install/autoware_health_checker/lib/pkgconfig:/home/point001/autoware.ai/install/ros_observer/lib/x86_64-linux-gnu/pkgconfig:/home/point001/autoware.ai/install/ros_observer/lib/pkgconfig:/home/point001/autoware.ai/install/autoware_system_msgs/lib/x86_64-linux-gnu/pkgconfig:/home/point001/autoware.ai/install/autoware_system_msgs/lib/pkgconfig:/home/point001/autoware.ai/install/autoware_config_msgs/lib/x86_64-linux-gnu/pkgconfig:/home/point001/autoware.ai/install/autoware_config_msgs/lib/pkgconfig:/home/point001/autoware.ai/install/autoware_build_flags/lib/x86_64-linux-gnu/pkgconfig:/home/point001/autoware.ai/install/autoware_build_flags/lib/pkgconfig:${PKG_CONFIG_PATH} PYTHONPATH=/home/point001/autoware.ai/install/autoware_system_msgs/lib/python2.7/dist-packages:/home/point001/autoware.ai/install/autoware_config_msgs/lib/python2.7/dist-packages:${PYTHONPATH} ROS_PACKAGE_PATH=/home/point001/autoware.ai/install/autoware_health_checker/share:/home/point001/autoware.ai/install/ros_observer/share:/home/point001/autoware.ai/install/autoware_system_msgs/share:/home/point001/autoware.ai/install/autoware_config_msgs/share:/home/point001/autoware.ai/install/autoware_build_flags/share:${ROS_PACKAGE_PATH} /usr/bin/cmake --build /home/point001/autoware.ai/build/points_preprocessor -- -j24 -l24
[1.800s] Invoking command in '/home/point001/autoware.ai/build/points_preprocessor': CMAKE_PREFIX_PATH=/home/point001/autoware.ai/install/autoware_health_checker:/home/point001/autoware.ai/install/ros_observer:/home/point001/autoware.ai/install/autoware_system_msgs:/home/point001/autoware.ai/install/autoware_config_msgs:/home/point001/autoware.ai/install/autoware_build_flags:${CMAKE_PREFIX_PATH} LD_LIBRARY_PATH=/home/point001/autoware.ai/install/autoware_health_checker/lib:/home/point001/autoware.ai/install/ros_observer/lib:${LD_LIBRARY_PATH} PKG_CONFIG_PATH=/home/point001/autoware.ai/install/autoware_health_checker/lib/x86_64-linux-gnu/pkgconfig:/home/point001/autoware.ai/install/autoware_health_checker/lib/pkgconfig:/home/point001/autoware.ai/install/ros_observer/lib/x86_64-linux-gnu/pkgconfig:/home/point001/autoware.ai/install/ros_observer/lib/pkgconfig:/home/point001/autoware.ai/install/autoware_system_msgs/lib/x86_64-linux-gnu/pkgconfig:/home/point001/autoware.ai/install/autoware_system_msgs/lib/pkgconfig:/home/point001/autoware.ai/install/autoware_config_msgs/lib/x86_64-linux-gnu/pkgconfig:/home/point001/autoware.ai/install/autoware_config_msgs/lib/pkgconfig:/home/point001/autoware.ai/install/autoware_build_flags/lib/x86_64-linux-gnu/pkgconfig:/home/point001/autoware.ai/install/autoware_build_flags/lib/pkgconfig:${PKG_CONFIG_PATH} PYTHONPATH=/home/point001/autoware.ai/install/autoware_system_msgs/lib/python2.7/dist-packages:/home/point001/autoware.ai/install/autoware_config_msgs/lib/python2.7/dist-packages:${PYTHONPATH} ROS_PACKAGE_PATH=/home/point001/autoware.ai/install/autoware_health_checker/share:/home/point001/autoware.ai/install/ros_observer/share:/home/point001/autoware.ai/install/autoware_system_msgs/share:/home/point001/autoware.ai/install/autoware_config_msgs/share:/home/point001/autoware.ai/install/autoware_build_flags/share:${ROS_PACKAGE_PATH} /usr/bin/cmake --build /home/point001/autoware.ai/build/points_preprocessor --target tests -- -j24 -l24
[2.066s] Built target tests
[2.104s] Invoked command in '/home/point001/autoware.ai/build/points_preprocessor' returned '0': CMAKE_PREFIX_PATH=/home/point001/autoware.ai/install/autoware_health_checker:/home/point001/autoware.ai/install/ros_observer:/home/point001/autoware.ai/install/autoware_system_msgs:/home/point001/autoware.ai/install/autoware_config_msgs:/home/point001/autoware.ai/install/autoware_build_flags:${CMAKE_PREFIX_PATH} LD_LIBRARY_PATH=/home/point001/autoware.ai/install/autoware_health_checker/lib:/home/point001/autoware.ai/install/ros_observer/lib:${LD_LIBRARY_PATH} PKG_CONFIG_PATH=/home/point001/autoware.ai/install/autoware_health_checker/lib/x86_64-linux-gnu/pkgconfig:/home/point001/autoware.ai/install/autoware_health_checker/lib/pkgconfig:/home/point001/autoware.ai/install/ros_observer/lib/x86_64-linux-gnu/pkgconfig:/home/point001/autoware.ai/install/ros_observer/lib/pkgconfig:/home/point001/autoware.ai/install/autoware_system_msgs/lib/x86_64-linux-gnu/pkgconfig:/home/point001/autoware.ai/install/autoware_system_msgs/lib/pkgconfig:/home/point001/autoware.ai/install/autoware_config_msgs/lib/x86_64-linux-gnu/pkgconfig:/home/point001/autoware.ai/install/autoware_config_msgs/lib/pkgconfig:/home/point001/autoware.ai/install/autoware_build_flags/lib/x86_64-linux-gnu/pkgconfig:/home/point001/autoware.ai/install/autoware_build_flags/lib/pkgconfig:${PKG_CONFIG_PATH} PYTHONPATH=/home/point001/autoware.ai/install/autoware_system_msgs/lib/python2.7/dist-packages:/home/point001/autoware.ai/install/autoware_config_msgs/lib/python2.7/dist-packages:${PYTHONPATH} ROS_PACKAGE_PATH=/home/point001/autoware.ai/install/autoware_health_checker/share:/home/point001/autoware.ai/install/ros_observer/share:/home/point001/autoware.ai/install/autoware_system_msgs/share:/home/point001/autoware.ai/install/autoware_config_msgs/share:/home/point001/autoware.ai/install/autoware_build_flags/share:${ROS_PACKAGE_PATH} /usr/bin/cmake --build /home/point001/autoware.ai/build/points_preprocessor --target tests -- -j24 -l24
[2.523s] Invoking command in '/home/point001/autoware.ai/build/points_preprocessor': CMAKE_PREFIX_PATH=/home/point001/autoware.ai/install/autoware_health_checker:/home/point001/autoware.ai/install/ros_observer:/home/point001/autoware.ai/install/autoware_system_msgs:/home/point001/autoware.ai/install/autoware_config_msgs:/home/point001/autoware.ai/install/autoware_build_flags:${CMAKE_PREFIX_PATH} LD_LIBRARY_PATH=/home/point001/autoware.ai/install/autoware_health_checker/lib:/home/point001/autoware.ai/install/ros_observer/lib:${LD_LIBRARY_PATH} PKG_CONFIG_PATH=/home/point001/autoware.ai/install/autoware_health_checker/lib/x86_64-linux-gnu/pkgconfig:/home/point001/autoware.ai/install/autoware_health_checker/lib/pkgconfig:/home/point001/autoware.ai/install/ros_observer/lib/x86_64-linux-gnu/pkgconfig:/home/point001/autoware.ai/install/ros_observer/lib/pkgconfig:/home/point001/autoware.ai/install/autoware_system_msgs/lib/x86_64-linux-gnu/pkgconfig:/home/point001/autoware.ai/install/autoware_system_msgs/lib/pkgconfig:/home/point001/autoware.ai/install/autoware_config_msgs/lib/x86_64-linux-gnu/pkgconfig:/home/point001/autoware.ai/install/autoware_config_msgs/lib/pkgconfig:/home/point001/autoware.ai/install/autoware_build_flags/lib/x86_64-linux-gnu/pkgconfig:/home/point001/autoware.ai/install/autoware_build_flags/lib/pkgconfig:${PKG_CONFIG_PATH} PYTHONPATH=/home/point001/autoware.ai/install/autoware_system_msgs/lib/python2.7/dist-packages:/home/point001/autoware.ai/install/autoware_config_msgs/lib/python2.7/dist-packages:${PYTHONPATH} ROS_PACKAGE_PATH=/home/point001/autoware.ai/install/autoware_health_checker/share:/home/point001/autoware.ai/install/ros_observer/share:/home/point001/autoware.ai/install/autoware_system_msgs/share:/home/point001/autoware.ai/install/autoware_config_msgs/share:/home/point001/autoware.ai/install/autoware_build_flags/share:${ROS_PACKAGE_PATH} /usr/bin/cmake --build /home/point001/autoware.ai/build/points_preprocessor --target install -- -j24 -l24
[2.618s] [  0%] Built target tf2_msgs_generate_messages_eus
[2.628s] [  0%] Built target geometry_msgs_generate_messages_lisp
[2.636s] [  0%] Built target velodyne_driver_gencfg
[2.636s] [  0%] Built target geometry_msgs_generate_messages_py
[2.636s] [  0%] Built target autoware_system_msgs_generate_messages_cpp
[2.636s] [  0%] Built target tf2_msgs_generate_messages_nodejs
[2.645s] [  0%] Built target velodyne_msgs_generate_messages_nodejs
[2.645s] [  0%] Built target diagnostic_msgs_generate_messages_nodejs
[2.650s] [  0%] Built target velodyne_msgs_generate_messages_cpp
[2.651s] [  0%] Built target velodyne_msgs_generate_messages_py
[2.651s] [  0%] Built target actionlib_generate_messages_py
[2.654s] [  0%] Built target diagnostic_msgs_generate_messages_eus
[2.654s] [  0%] Built target actionlib_msgs_generate_messages_py
[2.657s] [  0%] Built target velodyne_msgs_generate_messages_lisp
[2.658s] [  0%] Built target actionlib_generate_messages_cpp
[2.662s] [  0%] Built target velodyne_msgs_generate_messages_eus
[2.662s] [  0%] Built target tf_generate_messages_nodejs
[2.677s] [  0%] Built target tf2_msgs_generate_messages_py
[2.677s] [  0%] Built target velodyne_pointcloud_gencfg
[2.678s] [  0%] Built target actionlib_generate_messages_lisp
[2.678s] [  0%] Built target diagnostic_msgs_generate_messages_lisp
[2.678s] [  0%] Built target geometry_msgs_generate_messages_eus
[2.678s] [  0%] Built target geometry_msgs_generate_messages_cpp
[2.678s] [  0%] Built target dynamic_reconfigure_generate_messages_lisp
[2.686s] [  0%] Built target rosgraph_msgs_generate_messages_cpp
[2.688s] [  0%] Built target roscpp_generate_messages_cpp
[2.688s] [  0%] Built target sensor_msgs_generate_messages_lisp
[2.688s] [  0%] Built target rosgraph_msgs_generate_messages_lisp
[2.700s] [  0%] Built target tf2_msgs_generate_messages_cpp
[2.706s] [  0%] Built target roscpp_generate_messages_eus
[2.714s] [  0%] Built target pcl_msgs_generate_messages_cpp
[2.715s] [  0%] Built target diagnostic_msgs_generate_messages_py
[2.716s] [  0%] Built target topic_tools_generate_messages_cpp
[2.718s] [  0%] Built target autoware_system_msgs_generate_messages_eus
[2.721s] [  0%] Built target autoware_system_msgs_generate_messages_nodejs
[2.731s] [  0%] Built target actionlib_msgs_generate_messages_lisp
[2.738s] [  0%] Built target autoware_config_msgs_generate_messages_eus
[2.741s] [  0%] Built target std_msgs_generate_messages_cpp
[2.742s] [  0%] Built target tf_generate_messages_py
[2.743s] [  0%] Built target autoware_config_msgs_generate_messages_cpp
[2.747s] [  0%] Built target dynamic_reconfigure_generate_messages_cpp
[2.755s] [  0%] Built target autoware_system_msgs_generate_messages_lisp
[2.755s] [  0%] Built target geometry_msgs_generate_messages_nodejs
[2.755s] [  0%] Built target rosgraph_msgs_generate_messages_eus
[2.756s] [  0%] Built target nodelet_generate_messages_py
[2.761s] [  0%] Built target actionlib_msgs_generate_messages_eus
[2.763s] [  0%] Built target sensor_msgs_generate_messages_py
[2.770s] [  0%] Built target autoware_config_msgs_generate_messages_lisp
[2.803s] [  0%] Built target rosgraph_msgs_generate_messages_py
[2.803s] [  0%] Built target rosgraph_msgs_generate_messages_nodejs
[2.803s] [  0%] Built target dynamic_reconfigure_generate_messages_eus
[2.804s] [  0%] Built target sensor_msgs_generate_messages_cpp
[2.805s] [  0%] Built target sensor_msgs_generate_messages_eus
[2.810s] [  0%] Built target autoware_system_msgs_generate_messages_py
[2.810s] [  0%] Built target std_msgs_generate_messages_eus
[2.815s] [  0%] Built target sensor_msgs_generate_messages_nodejs
[2.819s] [  0%] Built target std_msgs_generate_messages_nodejs
[2.827s] [  0%] Built target roscpp_generate_messages_nodejs
[2.831s] [  0%] Built target topic_tools_generate_messages_eus
[2.832s] [  0%] Built target std_msgs_generate_messages_lisp
[2.833s] [  0%] Built target pcl_msgs_generate_messages_eus
[2.861s] [  0%] Built target roscpp_generate_messages_lisp
[2.861s] [  0%] Built target pcl_msgs_generate_messages_nodejs
[2.861s] [  0%] Built target nodelet_generate_messages_nodejs
[2.861s] [  0%] Built target std_srvs_generate_messages_eus
[2.861s] [  0%] Built target bond_generate_messages_eus
[2.862s] [  0%] Built target pcl_msgs_generate_messages_py
[2.862s] [  0%] Built target roscpp_generate_messages_py
[2.863s] [  0%] Built target actionlib_generate_messages_eus
[2.873s] [  0%] Built target bond_generate_messages_lisp
[2.887s] [  0%] Built target nodelet_generate_messages_cpp
[2.887s] [  0%] Built target dynamic_reconfigure_generate_messages_nodejs
[2.890s] [  0%] Built target tf_generate_messages_eus
[2.892s] [  0%] Built target bond_generate_messages_cpp
[2.897s] [  0%] Built target diagnostic_msgs_generate_messages_cpp
[2.908s] [  0%] Built target std_msgs_generate_messages_py
[2.908s] [  0%] Built target pcl_ros_gencfg
[2.908s] [  0%] Built target topic_tools_generate_messages_nodejs
[2.912s] [  0%] Built target dynamic_reconfigure_gencfg
[2.915s] [  0%] Built target dynamic_reconfigure_generate_messages_py
[2.919s] [  0%] Built target nodelet_generate_messages_lisp
[2.919s] [  0%] Built target std_srvs_generate_messages_nodejs
[2.926s] [  0%] Built target topic_tools_generate_messages_py
[2.929s] [  0%] Built target tf2_msgs_generate_messages_lisp
[2.933s] [  0%] Built target actionlib_msgs_generate_messages_nodejs
[2.942s] [  0%] Built target bond_generate_messages_py
[2.943s] [  0%] Built target autoware_config_msgs_generate_messages_nodejs
[2.943s] [  0%] Built target bond_generate_messages_nodejs
[2.943s] [  0%] Built target nodelet_generate_messages_eus
[2.943s] [  0%] Built target std_srvs_generate_messages_lisp
[2.944s] [  0%] Built target autoware_config_msgs_generate_messages_py
[2.944s] [  0%] Built target actionlib_msgs_generate_messages_cpp
[2.945s] [  0%] Built target tf_generate_messages_lisp
[2.954s] [  0%] Built target nodelet_topic_tools_gencfg
[2.960s] [  0%] Built target pcl_msgs_generate_messages_lisp
[2.964s] [  0%] Built target std_srvs_generate_messages_py
[2.968s] [  0%] Built target std_srvs_generate_messages_cpp
[2.982s] [  0%] Built target actionlib_generate_messages_nodejs
[2.985s] [  0%] Built target tf_generate_messages_cpp
[2.985s] [  0%] Built target topic_tools_generate_messages_lisp
[3.065s] [ 14%] Built target points_concat_filter
[3.075s] [ 28%] Built target ray_ground_filter_lib
[3.098s] [ 42%] Built target space_filter
[3.120s] [ 57%] Built target ring_ground_filter
[3.125s] [ 71%] Built target compare_map_filter
[3.134s] [ 85%] Built target cloud_transformer
[3.170s] [100%] Built target ray_ground_filter
[3.223s] [36mInstall the project...[0m
[3.242s] -- Install configuration: "Release"
[3.242s] -- Up-to-date: /home/point001/autoware.ai/install/points_preprocessor/lib/pkgconfig/points_preprocessor.pc
[3.243s] -- Up-to-date: /home/point001/autoware.ai/install/points_preprocessor/share/points_preprocessor/cmake/points_preprocessorConfig.cmake
[3.243s] -- Up-to-date: /home/point001/autoware.ai/install/points_preprocessor/share/points_preprocessor/cmake/points_preprocessorConfig-version.cmake
[3.243s] -- Up-to-date: /home/point001/autoware.ai/install/points_preprocessor/share/points_preprocessor/package.xml
[3.243s] -- Up-to-date: /home/point001/autoware.ai/install/points_preprocessor/lib/points_preprocessor/cloud_transformer
[3.244s] -- Up-to-date: /home/point001/autoware.ai/install/points_preprocessor/lib/points_preprocessor/points_concat_filter
[3.244s] -- Up-to-date: /home/point001/autoware.ai/install/points_preprocessor/lib/libray_ground_filter_lib.so
[3.245s] -- Up-to-date: /home/point001/autoware.ai/install/points_preprocessor/lib/points_preprocessor/ray_ground_filter
[3.246s] -- Up-to-date: /home/point001/autoware.ai/install/points_preprocessor/lib/points_preprocessor/ring_ground_filter
[3.246s] -- Up-to-date: /home/point001/autoware.ai/install/points_preprocessor/lib/points_preprocessor/space_filter
[3.246s] -- Up-to-date: /home/point001/autoware.ai/install/points_preprocessor/lib/points_preprocessor/compare_map_filter
[3.247s] -- Up-to-date: /home/point001/autoware.ai/install/points_preprocessor/include
[3.247s] -- Up-to-date: /home/point001/autoware.ai/install/points_preprocessor/include/gencolors.cpp
[3.247s] -- Up-to-date: /home/point001/autoware.ai/install/points_preprocessor/include/points_preprocessor
[3.247s] -- Up-to-date: /home/point001/autoware.ai/install/points_preprocessor/include/points_preprocessor/ray_ground_filter
[3.247s] -- Up-to-date: /home/point001/autoware.ai/install/points_preprocessor/include/points_preprocessor/ray_ground_filter/ray_ground_filter.h
[3.247s] -- Up-to-date: /home/point001/autoware.ai/install/points_preprocessor/share/points_preprocessor/launch
[3.247s] -- Up-to-date: /home/point001/autoware.ai/install/points_preprocessor/share/points_preprocessor/launch/ring_ground_filter.launch
[3.248s] -- Up-to-date: /home/point001/autoware.ai/install/points_preprocessor/share/points_preprocessor/launch/ray_ground_filter.launch
[3.248s] -- Up-to-date: /home/point001/autoware.ai/install/points_preprocessor/share/points_preprocessor/launch/compare_map_filter.launch
[3.248s] -- Up-to-date: /home/point001/autoware.ai/install/points_preprocessor/share/points_preprocessor/launch/cloud_transformer.launch
[3.248s] -- Up-to-date: /home/point001/autoware.ai/install/points_preprocessor/share/points_preprocessor/launch/space_filter.launch
[3.248s] -- Up-to-date: /home/point001/autoware.ai/install/points_preprocessor/share/points_preprocessor/launch/points_concat_filter.launch
[3.256s] Invoked command in '/home/point001/autoware.ai/build/points_preprocessor' returned '0': CMAKE_PREFIX_PATH=/home/point001/autoware.ai/install/autoware_health_checker:/home/point001/autoware.ai/install/ros_observer:/home/point001/autoware.ai/install/autoware_system_msgs:/home/point001/autoware.ai/install/autoware_config_msgs:/home/point001/autoware.ai/install/autoware_build_flags:${CMAKE_PREFIX_PATH} LD_LIBRARY_PATH=/home/point001/autoware.ai/install/autoware_health_checker/lib:/home/point001/autoware.ai/install/ros_observer/lib:${LD_LIBRARY_PATH} PKG_CONFIG_PATH=/home/point001/autoware.ai/install/autoware_health_checker/lib/x86_64-linux-gnu/pkgconfig:/home/point001/autoware.ai/install/autoware_health_checker/lib/pkgconfig:/home/point001/autoware.ai/install/ros_observer/lib/x86_64-linux-gnu/pkgconfig:/home/point001/autoware.ai/install/ros_observer/lib/pkgconfig:/home/point001/autoware.ai/install/autoware_system_msgs/lib/x86_64-linux-gnu/pkgconfig:/home/point001/autoware.ai/install/autoware_system_msgs/lib/pkgconfig:/home/point001/autoware.ai/install/autoware_config_msgs/lib/x86_64-linux-gnu/pkgconfig:/home/point001/autoware.ai/install/autoware_config_msgs/lib/pkgconfig:/home/point001/autoware.ai/install/autoware_build_flags/lib/x86_64-linux-gnu/pkgconfig:/home/point001/autoware.ai/install/autoware_build_flags/lib/pkgconfig:${PKG_CONFIG_PATH} PYTHONPATH=/home/point001/autoware.ai/install/autoware_system_msgs/lib/python2.7/dist-packages:/home/point001/autoware.ai/install/autoware_config_msgs/lib/python2.7/dist-packages:${PYTHONPATH} ROS_PACKAGE_PATH=/home/point001/autoware.ai/install/autoware_health_checker/share:/home/point001/autoware.ai/install/ros_observer/share:/home/point001/autoware.ai/install/autoware_system_msgs/share:/home/point001/autoware.ai/install/autoware_config_msgs/share:/home/point001/autoware.ai/install/autoware_build_flags/share:${ROS_PACKAGE_PATH} /usr/bin/cmake --build /home/point001/autoware.ai/build/points_preprocessor --target install -- -j24 -l24
