[0.027s] Invoking command in '/home/point001/autoware.ai/build/sick_ldmrs_tools': CMAKE_PREFIX_PATH=/home/point001/autoware.ai/install/sick_ldmrs_driver:/home/point001/autoware.ai/install/sick_ldmrs_msgs:/home/point001/autoware.ai/install/sick_ldmrs_description:${CMAKE_PREFIX_PATH} LD_LIBRARY_PATH=/home/point001/autoware.ai/install/sick_ldmrs_driver/lib:/opt/ros/melodic/lib:/usr/local/cuda-10.0/lib64 PATH=/home/point001/autoware.ai/install/sick_ldmrs_driver/bin:${PATH} PKG_CONFIG_PATH=/home/point001/autoware.ai/install/sick_ldmrs_driver/lib/x86_64-linux-gnu/pkgconfig:/home/point001/autoware.ai/install/sick_ldmrs_driver/lib/pkgconfig:/home/point001/autoware.ai/install/sick_ldmrs_msgs/lib/x86_64-linux-gnu/pkgconfig:/home/point001/autoware.ai/install/sick_ldmrs_msgs/lib/pkgconfig:/home/point001/autoware.ai/install/sick_ldmrs_description/lib/x86_64-linux-gnu/pkgconfig:/home/point001/autoware.ai/install/sick_ldmrs_description/lib/pkgconfig:${PKG_CONFIG_PATH} PYTHONPATH=/home/point001/autoware.ai/install/sick_ldmrs_driver/lib/python2.7/dist-packages:/home/point001/autoware.ai/install/sick_ldmrs_msgs/lib/python2.7/dist-packages:${PYTHONPATH} ROS_PACKAGE_PATH=/home/point001/autoware.ai/install/sick_ldmrs_driver/share:/home/point001/autoware.ai/install/sick_ldmrs_msgs/share:/home/point001/autoware.ai/install/sick_ldmrs_description/share:${ROS_PACKAGE_PATH} /usr/bin/cmake /home/point001/autoware.ai/src/drivers/awf_drivers/sick_ldmrs_tools -DCMAKE_BUILD_TYPE=Release -DCATKIN_INSTALL_INTO_PREFIX_ROOT=0 -DCMAKE_INSTALL_PREFIX=/home/point001/autoware.ai/install/sick_ldmrs_tools
[0.104s] -- The C compiler identification is GNU 7.5.0
[0.170s] -- The CXX compiler identification is GNU 7.5.0
[0.176s] -- Check for working C compiler: /usr/bin/cc
[0.249s] -- Check for working C compiler: /usr/bin/cc -- works
[0.250s] -- Detecting C compiler ABI info
[0.323s] -- Detecting C compiler ABI info - done
[0.334s] -- Detecting C compile features
[0.608s] -- Detecting C compile features - done
[0.612s] -- Check for working CXX compiler: /usr/bin/c++
[0.696s] -- Check for working CXX compiler: /usr/bin/c++ -- works
[0.696s] -- Detecting CXX compiler ABI info
[0.808s] -- Detecting CXX compiler ABI info - done
[0.816s] -- Detecting CXX compile features
[1.334s] -- Detecting CXX compile features - done
[1.334s] -- Using CATKIN_DEVEL_PREFIX: /home/point001/autoware.ai/build/sick_ldmrs_tools/devel
[1.334s] -- Using CMAKE_PREFIX_PATH: /home/point001/autoware.ai/install/sick_ldmrs_driver;/home/point001/autoware.ai/install/sick_ldmrs_msgs;/home/point001/autoware.ai/install/sick_ldmrs_description;/opt/ros/melodic
[1.335s] -- This workspace overlays: /home/point001/autoware.ai/install/sick_ldmrs_driver;/home/point001/autoware.ai/install/sick_ldmrs_msgs;/home/point001/autoware.ai/install/sick_ldmrs_description;/opt/ros/melodic
[1.354s] -- Found PythonInterp: /usr/bin/python2 (found suitable version "2.7.17", minimum required is "2") 
[1.354s] -- Using PYTHON_EXECUTABLE: /usr/bin/python2
[1.354s] -- Using Debian Python package layout
[1.355s] -- Using empy: /usr/bin/empy
[1.534s] -- Using CATKIN_ENABLE_TESTING: ON
[1.534s] -- Call enable_testing()
[1.537s] -- Using CATKIN_TEST_RESULTS_DIR: /home/point001/autoware.ai/build/sick_ldmrs_tools/test_results
[1.561s] -- Found gtest sources under '/usr/src/googletest': gtests will be built
[1.561s] -- Found gmock sources under '/usr/src/googletest': gmock will be built
[1.578s] -- Found PythonInterp: /usr/bin/python2 (found version "2.7.17") 
[1.579s] -- Looking for pthread.h
[1.699s] -- Looking for pthread.h - found
[1.700s] -- Looking for pthread_create
[1.775s] -- Looking for pthread_create - not found
[1.776s] -- Looking for pthread_create in pthreads
[1.914s] -- Looking for pthread_create in pthreads - not found
[1.914s] -- Looking for pthread_create in pthread
[1.997s] -- Looking for pthread_create in pthread - found
[1.997s] -- Found Threads: TRUE  
[1.998s] -- Using Python nosetests: /usr/bin/nosetests-2.7
[2.105s] -- catkin 0.7.29
[2.106s] -- BUILD_SHARED_LIBS is on
[3.075s] -- Using these message generators: gencpp;geneus;genlisp;gennodejs;genpy
[3.605s] -- Checking for module 'eigen3'
[3.684s] --   Found eigen3, version 3.3.7
[3.745s] -- Found eigen: /usr/local/include/eigen3  
[3.825s] -- Boost version: 1.65.1
[3.825s] -- Found the following Boost libraries:
[3.825s] --   system
[3.825s] --   filesystem
[3.825s] --   thread
[3.826s] --   date_time
[3.826s] --   iostreams
[3.826s] --   serialization
[3.826s] --   chrono
[3.826s] --   atomic
[3.826s] --   regex
[3.828s] -- Checking for module 'libopenni'
[3.876s] --   Found libopenni, version 1.5.4.0
[3.931s] -- Found openni: /usr/lib/libOpenNI.so  
[3.932s] -- Checking for module 'libopenni2'
[3.951s] --   Found libopenni2, version 2.2.0.3
[4.068s] -- Found OpenNI2: /usr/lib/libOpenNI2.so  
[4.074s] -- Could NOT find ensenso (missing: ENSENSO_LIBRARY ENSENSO_INCLUDE_DIR) 
[4.074s] ** WARNING ** io features related to ensenso will be disabled
[4.081s] -- Could NOT find DAVIDSDK (missing: DAVIDSDK_LIBRARY DAVIDSDK_INCLUDE_DIR) 
[4.081s] ** WARNING ** io features related to davidSDK will be disabled
[4.081s] -- Could NOT find DSSDK (missing: _DSSDK_LIBRARIES) 
[4.081s] ** WARNING ** io features related to dssdk will be disabled
[4.081s] ** WARNING ** io features related to pcap will be disabled
[4.082s] ** WARNING ** io features related to png will be disabled
[4.167s] -- The imported target "vtkRenderingPythonTkWidgets" references the file
[4.167s]    "/usr/lib/x86_64-linux-gnu/libvtkRenderingPythonTkWidgets.so"
[4.167s] but this file does not exist.  Possible reasons include:
[4.167s] * The file was deleted, renamed, or moved to another location.
[4.167s] * An install or uninstall procedure did not complete successfully.
[4.167s] * The installation package was faulty and contained
[4.167s]    "/usr/lib/cmake/vtk-6.3/VTKTargets.cmake"
[4.167s] but not all the files it references.
[4.168s] 
[4.168s] -- The imported target "vtk" references the file
[4.168s]    "/usr/bin/vtk"
[4.168s] but this file does not exist.  Possible reasons include:
[4.168s] * The file was deleted, renamed, or moved to another location.
[4.168s] * An install or uninstall procedure did not complete successfully.
[4.168s] * The installation package was faulty and contained
[4.168s]    "/usr/lib/cmake/vtk-6.3/VTKTargets.cmake"
[4.168s] but not all the files it references.
[4.168s] 
[4.276s] -- Found libusb-1.0: /usr/include  
[4.277s] ** WARNING ** io features related to libusb-1.0 will be disabled
[4.278s] -- Checking for module 'flann'
[4.296s] --   Found flann, version 1.9.1
[4.349s] -- Found Flann: /usr/lib/x86_64-linux-gnu/libflann_cpp_s.a  
[4.413s] -- Could NOT find ensenso (missing: ENSENSO_LIBRARY ENSENSO_INCLUDE_DIR) 
[4.413s] ** WARNING ** visualization features related to ensenso will be disabled
[4.418s] -- Could NOT find DAVIDSDK (missing: DAVIDSDK_LIBRARY DAVIDSDK_INCLUDE_DIR) 
[4.419s] ** WARNING ** visualization features related to davidSDK will be disabled
[4.419s] -- Could NOT find DSSDK (missing: _DSSDK_LIBRARIES) 
[4.419s] ** WARNING ** visualization features related to dssdk will be disabled
[4.420s] -- Could NOT find RSSDK (missing: _RSSDK_LIBRARIES) 
[4.420s] ** WARNING ** visualization features related to rssdk will be disabled
[4.495s] -- Found qhull: /usr/lib/x86_64-linux-gnu/libqhull.so  
[4.535s] -- looking for PCL_COMMON
[4.537s] -- Found PCL_COMMON: /usr/lib/x86_64-linux-gnu/libpcl_common.so  
[4.537s] -- looking for PCL_OCTREE
[4.538s] -- Found PCL_OCTREE: /usr/lib/x86_64-linux-gnu/libpcl_octree.so  
[4.539s] -- looking for PCL_IO
[4.540s] -- Found PCL_IO: /usr/lib/x86_64-linux-gnu/libpcl_io.so  
[4.540s] -- looking for PCL_KDTREE
[4.542s] -- Found PCL_KDTREE: /usr/lib/x86_64-linux-gnu/libpcl_kdtree.so  
[4.542s] -- looking for PCL_SEARCH
[4.544s] -- Found PCL_SEARCH: /usr/lib/x86_64-linux-gnu/libpcl_search.so  
[4.544s] -- looking for PCL_SAMPLE_CONSENSUS
[4.546s] -- Found PCL_SAMPLE_CONSENSUS: /usr/lib/x86_64-linux-gnu/libpcl_sample_consensus.so  
[4.546s] -- looking for PCL_FILTERS
[4.547s] -- Found PCL_FILTERS: /usr/lib/x86_64-linux-gnu/libpcl_filters.so  
[4.548s] -- looking for PCL_2D
[4.549s] -- Found PCL_2D: /usr/include/pcl-1.8  
[4.549s] -- looking for PCL_GEOMETRY
[4.550s] -- Found PCL_GEOMETRY: /usr/include/pcl-1.8  
[4.550s] -- looking for PCL_FEATURES
[4.552s] -- Found PCL_FEATURES: /usr/lib/x86_64-linux-gnu/libpcl_features.so  
[4.553s] -- looking for PCL_ML
[4.554s] -- Found PCL_ML: /usr/lib/x86_64-linux-gnu/libpcl_ml.so  
[4.554s] -- looking for PCL_SEGMENTATION
[4.556s] -- Found PCL_SEGMENTATION: /usr/lib/x86_64-linux-gnu/libpcl_segmentation.so  
[4.557s] -- looking for PCL_VISUALIZATION
[4.559s] -- Found PCL_VISUALIZATION: /usr/lib/x86_64-linux-gnu/libpcl_visualization.so  
[4.559s] -- looking for PCL_SURFACE
[4.561s] -- Found PCL_SURFACE: /usr/lib/x86_64-linux-gnu/libpcl_surface.so  
[4.561s] -- looking for PCL_REGISTRATION
[4.563s] -- Found PCL_REGISTRATION: /usr/lib/x86_64-linux-gnu/libpcl_registration.so  
[4.563s] -- looking for PCL_KEYPOINTS
[4.565s] -- Found PCL_KEYPOINTS: /usr/lib/x86_64-linux-gnu/libpcl_keypoints.so  
[4.566s] -- looking for PCL_TRACKING
[4.567s] -- Found PCL_TRACKING: /usr/lib/x86_64-linux-gnu/libpcl_tracking.so  
[4.568s] -- looking for PCL_RECOGNITION
[4.569s] -- Found PCL_RECOGNITION: /usr/lib/x86_64-linux-gnu/libpcl_recognition.so  
[4.570s] -- looking for PCL_STEREO
[4.572s] -- Found PCL_STEREO: /usr/lib/x86_64-linux-gnu/libpcl_stereo.so  
[4.572s] -- looking for PCL_APPS
[4.574s] -- Found PCL_APPS: /usr/lib/x86_64-linux-gnu/libpcl_apps.so  
[4.576s] -- looking for PCL_IN_HAND_SCANNER
[4.577s] -- Found PCL_IN_HAND_SCANNER: /usr/include/pcl-1.8  
[4.577s] -- looking for PCL_MODELER
[4.578s] -- Found PCL_MODELER: /usr/include/pcl-1.8  
[4.578s] -- looking for PCL_POINT_CLOUD_EDITOR
[4.579s] -- Found PCL_POINT_CLOUD_EDITOR: /usr/include/pcl-1.8  
[4.579s] -- looking for PCL_OUTOFCORE
[4.581s] -- Found PCL_OUTOFCORE: /usr/lib/x86_64-linux-gnu/libpcl_outofcore.so  
[4.581s] -- looking for PCL_PEOPLE
[4.583s] -- Found PCL_PEOPLE: /usr/lib/x86_64-linux-gnu/libpcl_people.so  
[4.610s] -- Found PCL: /usr/lib/x86_64-linux-gnu/libboost_system.so;/usr/lib/x86_64-linux-gnu/libboost_filesystem.so;/usr/lib/x86_64-linux-gnu/libboost_thread.so;/usr/lib/x86_64-linux-gnu/libboost_date_time.so;/usr/lib/x86_64-linux-gnu/libboost_iostreams.so;/usr/lib/x86_64-linux-gnu/libboost_serialization.so;/usr/lib/x86_64-linux-gnu/libboost_chrono.so;/usr/lib/x86_64-linux-gnu/libboost_atomic.so;/usr/lib/x86_64-linux-gnu/libboost_regex.so;/usr/lib/x86_64-linux-gnu/libpthread.so;optimized;/usr/lib/x86_64-linux-gnu/libpcl_common.so;debug;/usr/lib/x86_64-linux-gnu/libpcl_common.so;optimized;/usr/lib/x86_64-linux-gnu/libpcl_octree.so;debug;/usr/lib/x86_64-linux-gnu/libpcl_octree.so;/usr/lib/libOpenNI.so;/usr/lib/libOpenNI2.so;vtkChartsCore;vtkCommonColor;vtkCommonDataModel;vtkCommonMath;vtkCommonCore;vtksys;vtkCommonMisc;vtkCommonSystem;vtkCommonTransforms;vtkInfovisCore;vtkFiltersExtraction;vtkCommonExecutionModel;vtkFiltersCore;vtkFiltersGeneral;vtkCommonComputationalGeometry;vtkFiltersStatistics;vtkImagingFourier;vtkImagingCore;vtkalglib;vtkRenderingContext2D;vtkRenderingCore;vtkFiltersGeometry;vtkFiltersSources;vtkRenderingFreeType;/usr/lib/x86_64-linux-gnu/libfreetype.so;/usr/lib/x86_64-linux-gnu/libz.so;vtkftgl;vtkDICOMParser;vtkDomainsChemistry;vtkIOXML;vtkIOGeometry;vtkIOCore;vtkIOXMLParser;/usr/lib/x86_64-linux-gnu/libexpat.so;vtkFiltersAMR;vtkParallelCore;vtkIOLegacy;vtkFiltersFlowPaths;vtkFiltersGeneric;vtkFiltersHybrid;vtkImagingSources;vtkFiltersHyperTree;vtkFiltersImaging;vtkImagingGeneral;vtkFiltersModeling;vtkFiltersParallel;vtkFiltersParallelFlowPaths;vtkParallelMPI;vtkFiltersParallelGeometry;vtkFiltersParallelImaging;vtkFiltersParallelMPI;vtkFiltersParallelStatistics;vtkFiltersProgrammable;vtkFiltersPython;/usr/lib/x86_64-linux-gnu/libpython2.7.so;vtkWrappingPythonCore;vtkWrappingTools;vtkFiltersReebGraph;vtkFiltersSMP;vtkFiltersSelection;vtkFiltersTexture;vtkFiltersVerdict;verdict;vtkGUISupportQt;vtkInteractionStyle;vtkRenderingOpenGL;vtkImagingHybrid;vtkIOImage;vtkmetaio;/usr/lib/x86_64-linux-gnu/libjpeg.so;/usr/lib/x86_64-linux-gnu/libpng.so;/usr/lib/x86_64-linux-gnu/libtiff.so;vtkGUISupportQtOpenGL;vtkGUISupportQtSQL;vtkIOSQL;sqlite3;vtkGUISupportQtWebkit;vtkViewsQt;vtkViewsInfovis;vtkInfovisLayout;vtkInfovisBoostGraphAlgorithms;vtkRenderingLabel;vtkViewsCore;vtkInteractionWidgets;vtkRenderingAnnotation;vtkImagingColor;vtkRenderingVolume;vtkGeovisCore;/usr/lib/x86_64-linux-gnu/libproj.so;vtkIOAMR;/usr/lib/x86_64-linux-gnu/hdf5/openmpi/libhdf5.so;/usr/lib/x86_64-linux-gnu/libsz.so;/usr/lib/x86_64-linux-gnu/libdl.so;/usr/lib/x86_64-linux-gnu/libm.so;/usr/lib/x86_64-linux-gnu/openmpi/lib/libmpi.so;vtkIOEnSight;vtkIOExodus;vtkexoIIc;/usr/lib/x86_64-linux-gnu/libnetcdf_c++.so;/usr/lib/x86_64-linux-gnu/libnetcdf.so;vtkIOExport;vtkRenderingGL2PS;vtkRenderingContextOpenGL;/usr/lib/x86_64-linux-gnu/libgl2ps.so;vtkIOFFMPEG;vtkIOMovie;/usr/lib/x86_64-linux-gnu/libtheoraenc.so;/usr/lib/x86_64-linux-gnu/libtheoradec.so;/usr/lib/x86_64-linux-gnu/libogg.so;vtkIOGDAL;vtkIOGeoJSON;vtkIOImport;vtkIOInfovis;/usr/lib/x86_64-linux-gnu/libxml2.so;vtkIOLSDyna;vtkIOMINC;vtkIOMPIImage;vtkIOMPIParallel;vtkIOParallel;vtkIONetCDF;/usr/lib/x86_64-linux-gnu/libjsoncpp.so;vtkIOMySQL;vtkIOODBC;vtkIOPLY;vtkIOParallelExodus;vtkIOParallelLSDyna;vtkIOParallelNetCDF;vtkIOParallelXML;vtkIOPostgreSQL;vtkIOVPIC;VPIC;vtkIOVideo;vtkIOXdmf2;vtkxdmf2;vtkImagingMath;vtkImagingMorphological;vtkImagingStatistics;vtkImagingStencil;vtkInteractionImage;vtkLocalExample;vtkParallelMPI4Py;vtkPythonInterpreter;vtkRenderingExternal;vtkRenderingFreeTypeFontConfig;vtkRenderingImage;vtkRenderingLIC;vtkRenderingLOD;vtkRenderingMatplotlib;vtkRenderingParallel;vtkRenderingParallelLIC;vtkRenderingQt;vtkRenderingVolumeAMR;vtkRenderingVolumeOpenGL;vtkTestingGenericBridge;vtkTestingIOSQL;vtkTestingRendering;vtkViewsContext2D;vtkViewsGeovis;vtkWrappingJava;optimized;/usr/lib/x86_64-linux-gnu/libpcl_io.so;debug;/usr/lib/x86_64-linux-gnu/libpcl_io.so;optimized;/usr/lib/x86_64-linux-gnu/libflann_cpp_s.a;debug;/usr/lib/x86_64-linux-gnu/libflann_cpp_s.a;optimized;/usr/lib/x86_64-linux-gnu/libpcl_kdtree.so;debug;/usr/lib/x86_64-linux-gnu/libpcl_kdtree.so;optimized;/usr/lib/x86_64-linux-gnu/libpcl_search.so;debug;/usr/lib/x86_64-linux-gnu/libpcl_search.so;optimized;/usr/lib/x86_64-linux-gnu/libpcl_sample_consensus.so;debug;/usr/lib/x86_64-linux-gnu/libpcl_sample_consensus.so;optimized;/usr/lib/x86_64-linux-gnu/libpcl_filters.so;debug;/usr/lib/x86_64-linux-gnu/libpcl_filters.so;optimized;/usr/lib/x86_64-linux-gnu/libpcl_features.so;debug;/usr/lib/x86_64-linux-gnu/libpcl_features.so;optimized;/usr/lib/x86_64-linux-gnu/libpcl_ml.so;debug;/usr/lib/x86_64-linux-gnu/libpcl_ml.so;optimized;/usr/lib/x86_64-linux-gnu/libpcl_segmentation.so;debug;/usr/lib/x86_64-linux-gnu/libpcl_segmentation.so;optimized;/usr/lib/x86_64-linux-gnu/libpcl_visualization.so;debug;/usr/lib/x86_64-linux-gnu/libpcl_visualization.so;optimized;/usr/lib/x86_64-linux-gnu/libqhull.so;debug;/usr/lib/x86_64-linux-gnu/libqhull.so;optimized;/usr/lib/x86_64-linux-gnu/libpcl_surface.so;debug;/usr/lib/x86_64-linux-gnu/libpcl_surface.so;optimized;/usr/lib/x86_64-linux-gnu/libpcl_registration.so;debug;/usr/lib/x86_64-linux-gnu/libpcl_registration.so;optimized;/usr/lib/x86_64-linux-gnu/libpcl_keypoints.so;debug;/usr/lib/x86_64-linux-gnu/libpcl_keypoints.so;optimized;/usr/lib/x86_64-linux-gnu/libpcl_tracking.so;debug;/usr/lib/x86_64-linux-gnu/libpcl_tracking.so;optimized;/usr/lib/x86_64-linux-gnu/libpcl_recognition.so;debug;/usr/lib/x86_64-linux-gnu/libpcl_recognition.so;optimized;/usr/lib/x86_64-linux-gnu/libpcl_stereo.so;debug;/usr/lib/x86_64-linux-gnu/libpcl_stereo.so;optimized;/usr/lib/x86_64-linux-gnu/libpcl_apps.so;debug;/usr/lib/x86_64-linux-gnu/libpcl_apps.so;optimized;/usr/lib/x86_64-linux-gnu/libpcl_outofcore.so;debug;/usr/lib/x86_64-linux-gnu/libpcl_outofcore.so;optimized;/usr/lib/x86_64-linux-gnu/libpcl_people.so;debug;/usr/lib/x86_64-linux-gnu/libpcl_people.so;/usr/lib/x86_64-linux-gnu/libboost_system.so;/usr/lib/x86_64-linux-gnu/libboost_filesystem.so;/usr/lib/x86_64-linux-gnu/libboost_thread.so;/usr/lib/x86_64-linux-gnu/libboost_date_time.so;/usr/lib/x86_64-linux-gnu/libboost_iostreams.so;/usr/lib/x86_64-linux-gnu/libboost_serialization.so;/usr/lib/x86_64-linux-gnu/libboost_chrono.so;/usr/lib/x86_64-linux-gnu/libboost_atomic.so;/usr/lib/x86_64-linux-gnu/libboost_regex.so;/usr/lib/x86_64-linux-gnu/libpthread.so;optimized;/usr/lib/x86_64-linux-gnu/libqhull.so;debug;/usr/lib/x86_64-linux-gnu/libqhull.so;/usr/lib/libOpenNI.so;/usr/lib/libOpenNI2.so;optimized;/usr/lib/x86_64-linux-gnu/libflann_cpp_s.a;debug;/usr/lib/x86_64-linux-gnu/libflann_cpp_s.a;vtkChartsCore;vtkCommonColor;vtkCommonDataModel;vtkCommonMath;vtkCommonCore;vtksys;vtkCommonMisc;vtkCommonSystem;vtkCommonTransforms;vtkInfovisCore;vtkFiltersExtraction;vtkCommonExecutionModel;vtkFiltersCore;vtkFiltersGeneral;vtkCommonComputationalGeometry;vtkFiltersStatistics;vtkImagingFourier;vtkImagingCore;vtkalglib;vtkRenderingContext2D;vtkRenderingCore;vtkFiltersGeometry;vtkFiltersSources;vtkRenderingFreeType;/usr/lib/x86_64-linux-gnu/libfreetype.so;/usr/lib/x86_64-linux-gnu/libz.so;vtkftgl;vtkDICOMParser;vtkDomainsChemistry;vtkIOXML;vtkIOGeometry;vtkIOCore;vtkIOXMLParser;/usr/lib/x86_64-linux-gnu/libexpat.so;vtkFiltersAMR;vtkParallelCore;vtkIOLegacy;vtkFiltersFlowPaths;vtkFiltersGeneric;vtkFiltersHybrid;vtkImagingSources;vtkFiltersHyperTree;vtkFiltersImaging;vtkImagingGeneral;vtkFiltersModeling;vtkFiltersParallel;vtkFiltersParallelFlowPaths;vtkParallelMPI;vtkFiltersParallelGeometry;vtkFiltersParallelImaging;vtkFiltersParallelMPI;vtkFiltersParallelStatistics;vtkFiltersProgrammable;vtkFiltersPython;/usr/lib/x86_64-linux-gnu/libpython2.7.so;vtkWrappingPythonCore;vtkWrappingTools;vtkFiltersReebGraph;vtkFiltersSMP;vtkFiltersSelection;vtkFiltersTexture;vtkFiltersVerdict;verdict;vtkGUISupportQt;vtkInteractionStyle;vtkRenderingOpenGL;vtkImagingHybrid;vtkIOImage;vtkmetaio;/usr/lib/x86_64-linux-gnu/libjpeg.so;/usr/lib/x86_64-linux-gnu/libpng.so;/usr/lib/x86_64-linux-gnu/libtiff.so;vtkGUISupportQtOpenGL;vtkGUISupportQtSQL;vtkIOSQL;sqlite3;vtkGUISupportQtWebkit;vtkViewsQt;vtkViewsInfovis;vtkInfovisLayout;vtkInfovisBoostGraphAlgorithms;vtkRenderingLabel;vtkViewsCore;vtkInteractionWidgets;vtkRenderingAnnotation;vtkImagingColor;vtkRenderingVolume;vtkGeovisCore;/usr/lib/x86_64-linux-gnu/libproj.so;vtkIOAMR;/usr/lib/x86_64-linux-gnu/hdf5/openmpi/libhdf5.so;/usr/lib/x86_64-linux-gnu/libsz.so;/usr/lib/x86_64-linux-gnu/libdl.so;/usr/lib/x86_64-linux-gnu/libm.so;/usr/lib/x86_64-linux-gnu/openmpi/lib/libmpi.so;vtkIOEnSight;vtkIOExodus;vtkexoIIc;/usr/lib/x86_64-linux-gnu/libnetcdf_c++.so;/usr/lib/x86_64-linux-gnu/libnetcdf.so;vtkIOExport;vtkRenderingGL2PS;vtkRenderingContextOpenGL;/usr/lib/x86_64-linux-gnu/libgl2ps.so;vtkIOFFMPEG;vtkIOMovie;/usr/lib/x86_64-linux-gnu/libtheoraenc.so;/usr/lib/x86_64-linux-gnu/libtheoradec.so;/usr/lib/x86_64-linux-gnu/libogg.so;vtkIOGDAL;vtkIOGeoJSON;vtkIOImport;vtkIOInfovis;/usr/lib/x86_64-linux-gnu/libxml2.so;vtkIOLSDyna;vtkIOMINC;vtkIOMPIImage;vtkIOMPIParallel;vtkIOParallel;vtkIONetCDF;/usr/lib/x86_64-linux-gnu/libjsoncpp.so;vtkIOMySQL;vtkIOODBC;vtkIOPLY;vtkIOParallelExodus;vtkIOParallelLSDyna;vtkIOParallelNetCDF;vtkIOParallelXML;vtkIOPostgreSQL;vtkIOVPIC;VPIC;vtkIOVideo;vtkIOXdmf2;vtkxdmf2;vtkImagingMath;vtkImagingMorphological;vtkImagingStatistics;vtkImagingStencil;vtkInteractionImage;vtkLocalExample;vtkParallelMPI4Py;vtkPythonInterpreter;vtkRenderingExternal;vtkRenderingFreeTypeFontConfig;vtkRenderingImage;vtkRenderingLIC;vtkRenderingLOD;vtkRenderingMatplotlib;vtkRenderingParallel;vtkRenderingParallelLIC;vtkRenderingQt;vtkRenderingVolumeAMR;vtkRenderingVolumeOpenGL;vtkTestingGenericBridge;vtkTestingIOSQL;vtkTestingRendering;vtkViewsContext2D;vtkViewsGeovis;vtkWrappingJava (Required is at least version "1.7") 
[4.811s] -- Configuring done
[5.417s] -- Generating done
[5.434s] -- Build files have been written to: /home/point001/autoware.ai/build/sick_ldmrs_tools
[5.452s] Invoked command in '/home/point001/autoware.ai/build/sick_ldmrs_tools' returned '0': CMAKE_PREFIX_PATH=/home/point001/autoware.ai/install/sick_ldmrs_driver:/home/point001/autoware.ai/install/sick_ldmrs_msgs:/home/point001/autoware.ai/install/sick_ldmrs_description:${CMAKE_PREFIX_PATH} LD_LIBRARY_PATH=/home/point001/autoware.ai/install/sick_ldmrs_driver/lib:/opt/ros/melodic/lib:/usr/local/cuda-10.0/lib64 PATH=/home/point001/autoware.ai/install/sick_ldmrs_driver/bin:${PATH} PKG_CONFIG_PATH=/home/point001/autoware.ai/install/sick_ldmrs_driver/lib/x86_64-linux-gnu/pkgconfig:/home/point001/autoware.ai/install/sick_ldmrs_driver/lib/pkgconfig:/home/point001/autoware.ai/install/sick_ldmrs_msgs/lib/x86_64-linux-gnu/pkgconfig:/home/point001/autoware.ai/install/sick_ldmrs_msgs/lib/pkgconfig:/home/point001/autoware.ai/install/sick_ldmrs_description/lib/x86_64-linux-gnu/pkgconfig:/home/point001/autoware.ai/install/sick_ldmrs_description/lib/pkgconfig:${PKG_CONFIG_PATH} PYTHONPATH=/home/point001/autoware.ai/install/sick_ldmrs_driver/lib/python2.7/dist-packages:/home/point001/autoware.ai/install/sick_ldmrs_msgs/lib/python2.7/dist-packages:${PYTHONPATH} ROS_PACKAGE_PATH=/home/point001/autoware.ai/install/sick_ldmrs_driver/share:/home/point001/autoware.ai/install/sick_ldmrs_msgs/share:/home/point001/autoware.ai/install/sick_ldmrs_description/share:${ROS_PACKAGE_PATH} /usr/bin/cmake /home/point001/autoware.ai/src/drivers/awf_drivers/sick_ldmrs_tools -DCMAKE_BUILD_TYPE=Release -DCATKIN_INSTALL_INTO_PREFIX_ROOT=0 -DCMAKE_INSTALL_PREFIX=/home/point001/autoware.ai/install/sick_ldmrs_tools
[5.453s] Invoking command in '/home/point001/autoware.ai/build/sick_ldmrs_tools': CMAKE_PREFIX_PATH=/home/point001/autoware.ai/install/sick_ldmrs_driver:/home/point001/autoware.ai/install/sick_ldmrs_msgs:/home/point001/autoware.ai/install/sick_ldmrs_description:${CMAKE_PREFIX_PATH} LD_LIBRARY_PATH=/home/point001/autoware.ai/install/sick_ldmrs_driver/lib:/opt/ros/melodic/lib:/usr/local/cuda-10.0/lib64 PATH=/home/point001/autoware.ai/install/sick_ldmrs_driver/bin:${PATH} PKG_CONFIG_PATH=/home/point001/autoware.ai/install/sick_ldmrs_driver/lib/x86_64-linux-gnu/pkgconfig:/home/point001/autoware.ai/install/sick_ldmrs_driver/lib/pkgconfig:/home/point001/autoware.ai/install/sick_ldmrs_msgs/lib/x86_64-linux-gnu/pkgconfig:/home/point001/autoware.ai/install/sick_ldmrs_msgs/lib/pkgconfig:/home/point001/autoware.ai/install/sick_ldmrs_description/lib/x86_64-linux-gnu/pkgconfig:/home/point001/autoware.ai/install/sick_ldmrs_description/lib/pkgconfig:${PKG_CONFIG_PATH} PYTHONPATH=/home/point001/autoware.ai/install/sick_ldmrs_driver/lib/python2.7/dist-packages:/home/point001/autoware.ai/install/sick_ldmrs_msgs/lib/python2.7/dist-packages:${PYTHONPATH} ROS_PACKAGE_PATH=/home/point001/autoware.ai/install/sick_ldmrs_driver/share:/home/point001/autoware.ai/install/sick_ldmrs_msgs/share:/home/point001/autoware.ai/install/sick_ldmrs_description/share:${ROS_PACKAGE_PATH} /usr/bin/cmake --build /home/point001/autoware.ai/build/sick_ldmrs_tools -- -j24 -l24
[5.562s] [35m[1mScanning dependencies of target actionlib_msgs_generate_messages_py[0m
[5.586s] [  0%] Built target actionlib_msgs_generate_messages_py
[5.597s] [35m[1mScanning dependencies of target pcl_msgs_generate_messages_cpp[0m
[5.611s] [  0%] Built target pcl_msgs_generate_messages_cpp
[5.621s] [35m[1mScanning dependencies of target dynamic_reconfigure_generate_messages_lisp[0m
[5.633s] [  0%] Built target dynamic_reconfigure_generate_messages_lisp
[5.646s] [35m[1mScanning dependencies of target std_msgs_generate_messages_nodejs[0m
[5.658s] [  0%] Built target std_msgs_generate_messages_nodejs
[5.670s] [35m[1mScanning dependencies of target bond_generate_messages_lisp[0m
[5.682s] [  0%] Built target bond_generate_messages_lisp
[5.695s] [35m[1mScanning dependencies of target sensor_msgs_generate_messages_eus[0m
[5.715s] [  0%] Built target sensor_msgs_generate_messages_eus
[5.767s] [35m[1mScanning dependencies of target sensor_msgs_generate_messages_cpp[0m
[5.786s] [  0%] Built target sensor_msgs_generate_messages_cpp
[5.797s] [35m[1mScanning dependencies of target pcl_msgs_generate_messages_nodejs[0m
[5.811s] [  0%] Built target pcl_msgs_generate_messages_nodejs
[5.822s] [35m[1mScanning dependencies of target nodelet_generate_messages_nodejs[0m
[5.831s] [  0%] Built target nodelet_generate_messages_nodejs
[5.842s] [35m[1mScanning dependencies of target std_msgs_generate_messages_cpp[0m
[5.852s] [  0%] Built target std_msgs_generate_messages_cpp
[5.864s] [35m[1mScanning dependencies of target sensor_msgs_generate_messages_py[0m
[5.882s] [  0%] Built target sensor_msgs_generate_messages_py
[5.893s] [35m[1mScanning dependencies of target nodelet_generate_messages_py[0m
[5.930s] [  0%] Built target nodelet_generate_messages_py
[5.949s] [35m[1mScanning dependencies of target geometry_msgs_generate_messages_nodejs[0m
[5.965s] [  0%] Built target geometry_msgs_generate_messages_nodejs
[5.981s] [35m[1mScanning dependencies of target std_srvs_generate_messages_eus[0m
[5.993s] [  0%] Built target std_srvs_generate_messages_eus
[6.004s] [35m[1mScanning dependencies of target roscpp_generate_messages_lisp[0m
[6.016s] [  0%] Built target roscpp_generate_messages_lisp
[6.031s] [35m[1mScanning dependencies of target bond_generate_messages_eus[0m
[6.043s] [  0%] Built target bond_generate_messages_eus
[6.055s] [35m[1mScanning dependencies of target std_msgs_generate_messages_lisp[0m
[6.066s] [  0%] Built target std_msgs_generate_messages_lisp
[6.078s] [35m[1mScanning dependencies of target roscpp_generate_messages_nodejs[0m
[6.090s] [  0%] Built target roscpp_generate_messages_nodejs
[6.101s] [35m[1mScanning dependencies of target geometry_msgs_generate_messages_eus[0m
[6.114s] [  0%] Built target geometry_msgs_generate_messages_eus
[6.128s] [35m[1mScanning dependencies of target sick_ldmrs_msgs_generate_messages_eus[0m
[6.139s] [  0%] Built target sick_ldmrs_msgs_generate_messages_eus
[6.149s] [35m[1mScanning dependencies of target std_msgs_generate_messages_py[0m
[6.162s] [  0%] Built target std_msgs_generate_messages_py
[6.175s] [35m[1mScanning dependencies of target roscpp_generate_messages_py[0m
[6.189s] [  0%] Built target roscpp_generate_messages_py
[6.199s] [35m[1mScanning dependencies of target rosgraph_msgs_generate_messages_cpp[0m
[6.211s] [  0%] Built target rosgraph_msgs_generate_messages_cpp
[6.226s] [35m[1mScanning dependencies of target tf_generate_messages_py[0m
[6.239s] [  0%] Built target tf_generate_messages_py
[6.252s] [35m[1mScanning dependencies of target dynamic_reconfigure_generate_messages_cpp[0m
[6.264s] [  0%] Built target dynamic_reconfigure_generate_messages_cpp
[6.276s] [35m[1mScanning dependencies of target topic_tools_generate_messages_cpp[0m
[6.291s] [  0%] Built target topic_tools_generate_messages_cpp
[6.303s] [35m[1mScanning dependencies of target rosgraph_msgs_generate_messages_eus[0m
[6.315s] [  0%] Built target rosgraph_msgs_generate_messages_eus
[6.330s] [35m[1mScanning dependencies of target rosgraph_msgs_generate_messages_lisp[0m
[6.341s] [  0%] Built target rosgraph_msgs_generate_messages_lisp
[6.352s] [35m[1mScanning dependencies of target topic_tools_generate_messages_eus[0m
[6.363s] [  0%] Built target topic_tools_generate_messages_eus
[6.374s] [35m[1mScanning dependencies of target visualization_msgs_generate_messages_lisp[0m
[6.386s] [  0%] Built target visualization_msgs_generate_messages_lisp
[6.399s] [35m[1mScanning dependencies of target std_msgs_generate_messages_eus[0m
[6.414s] [  0%] Built target std_msgs_generate_messages_eus
[6.425s] [35m[1mScanning dependencies of target rosgraph_msgs_generate_messages_nodejs[0m
[6.437s] [  0%] Built target rosgraph_msgs_generate_messages_nodejs
[6.452s] [35m[1mScanning dependencies of target dynamic_reconfigure_generate_messages_eus[0m
[6.472s] [  0%] Built target dynamic_reconfigure_generate_messages_eus
[6.483s] [35m[1mScanning dependencies of target dynamic_reconfigure_generate_messages_nodejs[0m
[6.496s] [  0%] Built target dynamic_reconfigure_generate_messages_nodejs
[6.509s] [35m[1mScanning dependencies of target dynamic_reconfigure_generate_messages_py[0m
[6.521s] [  0%] Built target dynamic_reconfigure_generate_messages_py
[6.533s] [35m[1mScanning dependencies of target tf2_msgs_generate_messages_lisp[0m
[6.545s] [  0%] Built target tf2_msgs_generate_messages_lisp
[6.559s] [35m[1mScanning dependencies of target dynamic_reconfigure_gencfg[0m
[6.570s] [  0%] Built target dynamic_reconfigure_gencfg
[6.585s] [35m[1mScanning dependencies of target nodelet_generate_messages_cpp[0m
[6.601s] [  0%] Built target nodelet_generate_messages_cpp
[6.612s] [35m[1mScanning dependencies of target bond_generate_messages_py[0m
[6.624s] [  0%] Built target bond_generate_messages_py
[6.637s] [35m[1mScanning dependencies of target std_srvs_generate_messages_nodejs[0m
[6.649s] [  0%] Built target std_srvs_generate_messages_nodejs
[6.663s] [35m[1mScanning dependencies of target geometry_msgs_generate_messages_cpp[0m
[6.677s] [  0%] Built target geometry_msgs_generate_messages_cpp
[6.689s] [35m[1mScanning dependencies of target actionlib_generate_messages_lisp[0m
[6.701s] [  0%] Built target actionlib_generate_messages_lisp
[6.715s] [35m[1mScanning dependencies of target nodelet_generate_messages_eus[0m
[6.734s] [  0%] Built target nodelet_generate_messages_eus
[6.748s] [35m[1mScanning dependencies of target nodelet_generate_messages_lisp[0m
[6.760s] [  0%] Built target nodelet_generate_messages_lisp
[6.773s] [35m[1mScanning dependencies of target roscpp_generate_messages_eus[0m
[6.787s] [  0%] Built target roscpp_generate_messages_eus
[6.803s] [35m[1mScanning dependencies of target rosgraph_msgs_generate_messages_py[0m
[6.816s] [  0%] Built target rosgraph_msgs_generate_messages_py
[6.830s] [35m[1mScanning dependencies of target actionlib_msgs_generate_messages_eus[0m
[6.844s] [  0%] Built target actionlib_msgs_generate_messages_eus
[6.855s] [35m[1mScanning dependencies of target bond_generate_messages_cpp[0m
[6.867s] [  0%] Built target bond_generate_messages_cpp
[6.880s] [35m[1mScanning dependencies of target bond_generate_messages_nodejs[0m
[6.894s] [  0%] Built target bond_generate_messages_nodejs
[6.906s] [35m[1mScanning dependencies of target actionlib_msgs_generate_messages_nodejs[0m
[6.917s] [  0%] Built target actionlib_msgs_generate_messages_nodejs
[6.929s] [35m[1mScanning dependencies of target topic_tools_generate_messages_py[0m
[6.943s] [  0%] Built target topic_tools_generate_messages_py
[6.959s] [35m[1mScanning dependencies of target nodelet_topic_tools_gencfg[0m
[6.971s] [  0%] Built target nodelet_topic_tools_gencfg
[6.983s] [35m[1mScanning dependencies of target std_srvs_generate_messages_lisp[0m
[6.997s] [  0%] Built target std_srvs_generate_messages_lisp
[7.011s] [35m[1mScanning dependencies of target topic_tools_generate_messages_lisp[0m
[7.027s] [  0%] Built target topic_tools_generate_messages_lisp
[7.045s] [35m[1mScanning dependencies of target std_srvs_generate_messages_cpp[0m
[7.058s] [  0%] Built target std_srvs_generate_messages_cpp
[7.071s] [35m[1mScanning dependencies of target tf_generate_messages_eus[0m
[7.083s] [  0%] Built target tf_generate_messages_eus
[7.095s] [35m[1mScanning dependencies of target actionlib_msgs_generate_messages_cpp[0m
[7.106s] [  0%] Built target actionlib_msgs_generate_messages_cpp
[7.118s] [35m[1mScanning dependencies of target std_srvs_generate_messages_py[0m
[7.131s] [  0%] Built target std_srvs_generate_messages_py
[7.145s] [35m[1mScanning dependencies of target tf_generate_messages_lisp[0m
[7.156s] [  0%] Built target tf_generate_messages_lisp
[7.171s] [35m[1mScanning dependencies of target tf_generate_messages_nodejs[0m
[7.184s] [  0%] Built target tf_generate_messages_nodejs
[7.197s] [35m[1mScanning dependencies of target pcl_msgs_generate_messages_py[0m
[7.211s] [  0%] Built target pcl_msgs_generate_messages_py
[7.222s] [35m[1mScanning dependencies of target actionlib_generate_messages_eus[0m
[7.235s] [  0%] Built target actionlib_generate_messages_eus
[7.248s] [35m[1mScanning dependencies of target pcl_msgs_generate_messages_lisp[0m
[7.260s] [  0%] Built target pcl_msgs_generate_messages_lisp
[7.276s] [35m[1mScanning dependencies of target tf_generate_messages_cpp[0m
[7.289s] [  0%] Built target tf_generate_messages_cpp
[7.300s] [35m[1mScanning dependencies of target actionlib_generate_messages_nodejs[0m
[7.314s] [  0%] Built target actionlib_generate_messages_nodejs
[7.327s] [35m[1mScanning dependencies of target actionlib_msgs_generate_messages_lisp[0m
[7.338s] [  0%] Built target actionlib_msgs_generate_messages_lisp
[7.349s] [35m[1mScanning dependencies of target sensor_msgs_generate_messages_lisp[0m
[7.362s] [  0%] Built target sensor_msgs_generate_messages_lisp
[7.374s] [35m[1mScanning dependencies of target pcl_msgs_generate_messages_eus[0m
[7.390s] [  0%] Built target pcl_msgs_generate_messages_eus
[7.407s] [35m[1mScanning dependencies of target actionlib_generate_messages_cpp[0m
[7.423s] [  0%] Built target actionlib_generate_messages_cpp
[7.434s] [35m[1mScanning dependencies of target roscpp_generate_messages_cpp[0m
[7.452s] [  0%] Built target roscpp_generate_messages_cpp
[7.470s] [35m[1mScanning dependencies of target sensor_msgs_generate_messages_nodejs[0m
[7.484s] [  0%] Built target sensor_msgs_generate_messages_nodejs
[7.492s] [35m[1mScanning dependencies of target geometry_msgs_generate_messages_lisp[0m
[7.505s] [  0%] Built target geometry_msgs_generate_messages_lisp
[7.515s] [35m[1mScanning dependencies of target actionlib_generate_messages_py[0m
[7.527s] [  0%] Built target actionlib_generate_messages_py
[7.542s] [35m[1mScanning dependencies of target tf2_msgs_generate_messages_py[0m
[7.555s] [  0%] Built target tf2_msgs_generate_messages_py
[7.569s] [35m[1mScanning dependencies of target sick_ldmrs_msgs_generate_messages_py[0m
[7.581s] [  0%] Built target sick_ldmrs_msgs_generate_messages_py
[7.595s] [35m[1mScanning dependencies of target topic_tools_generate_messages_nodejs[0m
[7.606s] [  0%] Built target topic_tools_generate_messages_nodejs
[7.618s] [35m[1mScanning dependencies of target pcl_ros_gencfg[0m
[7.633s] [  0%] Built target pcl_ros_gencfg
[7.650s] [35m[1mScanning dependencies of target geometry_msgs_generate_messages_py[0m
[7.664s] [  0%] Built target geometry_msgs_generate_messages_py
[7.676s] [35m[1mScanning dependencies of target tf2_msgs_generate_messages_cpp[0m
[7.690s] [  0%] Built target tf2_msgs_generate_messages_cpp
[7.703s] [35m[1mScanning dependencies of target tf2_msgs_generate_messages_eus[0m
[7.717s] [  0%] Built target tf2_msgs_generate_messages_eus
[7.729s] [35m[1mScanning dependencies of target visualization_msgs_generate_messages_cpp[0m
[7.749s] [  0%] Built target visualization_msgs_generate_messages_cpp
[7.759s] [35m[1mScanning dependencies of target tf2_msgs_generate_messages_nodejs[0m
[7.777s] [  0%] Built target tf2_msgs_generate_messages_nodejs
[7.793s] [35m[1mScanning dependencies of target sick_ldmrs_msgs_generate_messages_cpp[0m
[7.816s] [  0%] Built target sick_ldmrs_msgs_generate_messages_cpp
[7.829s] [35m[1mScanning dependencies of target sick_ldmrs_msgs_generate_messages_lisp[0m
[7.843s] [  0%] Built target sick_ldmrs_msgs_generate_messages_lisp
[7.857s] [35m[1mScanning dependencies of target sick_ldmrs_msgs_generate_messages_nodejs[0m
[7.868s] [  0%] Built target sick_ldmrs_msgs_generate_messages_nodejs
[7.879s] [35m[1mScanning dependencies of target visualization_msgs_generate_messages_eus[0m
[7.891s] [  0%] Built target visualization_msgs_generate_messages_eus
[7.904s] [35m[1mScanning dependencies of target visualization_msgs_generate_messages_nodejs[0m
[7.916s] [  0%] Built target visualization_msgs_generate_messages_nodejs
[7.929s] [35m[1mScanning dependencies of target visualization_msgs_generate_messages_py[0m
[7.943s] [  0%] Built target visualization_msgs_generate_messages_py
[7.990s] [35m[1mScanning dependencies of target sick_ldmrs_print_resolution[0m
[8.085s] [  6%] [32mBuilding CXX object CMakeFiles/sick_ldmrs_print_resolution.dir/src/sick_ldmrs_print_resolution.cpp.o[0m
[15.547s] [ 12%] [32m[1mLinking CXX executable devel/lib/sick_ldmrs_tools/sick_ldmrs_print_resolution[0m
[16.888s] [ 12%] Built target sick_ldmrs_print_resolution
[16.902s] [35m[1mScanning dependencies of target sick_ldmrs_filter_layer[0m
[16.973s] [ 18%] [32mBuilding CXX object CMakeFiles/sick_ldmrs_filter_layer.dir/src/sick_ldmrs_filter_layer.cpp.o[0m
[20.927s] In file included from [01m[K/home/point001/autoware.ai/src/drivers/awf_drivers/sick_ldmrs_tools/src/sick_ldmrs_filter_layer.cpp:41:0[m[K:
[20.927s] [01m[K/opt/ros/melodic/include/pcl_ros/point_cloud.h:303:27:[m[K [01;35m[Kwarning: [m[Kvariable templates only available with -std=c++14 or -std=gnu++14
[20.927s]      constexpr static bool [01;35m[Kpcl_uses_boost[m[K = true;
[20.927s]                            [01;35m[K^~~~~~~~~~~~~~[m[K
[23.643s] [ 25%] [32m[1mLinking CXX executable devel/lib/sick_ldmrs_tools/sick_ldmrs_filter_layer[0m
[24.932s] [ 25%] Built target sick_ldmrs_filter_layer
[24.946s] [35m[1mScanning dependencies of target sick_ldmrs_make_organized[0m
[24.947s] [35m[1mScanning dependencies of target sick_ldmrs_object_marker[0m
[24.972s] [ 31%] [32mBuilding CXX object CMakeFiles/sick_ldmrs_object_marker.dir/src/sick_ldmrs_object_marker.cpp.o[0m
[25.016s] [ 37%] [32mBuilding CXX object CMakeFiles/sick_ldmrs_make_organized.dir/src/sick_ldmrs_make_organized.cpp.o[0m
[27.406s] [ 43%] [32m[1mLinking CXX executable devel/lib/sick_ldmrs_tools/sick_ldmrs_object_marker[0m
[27.963s] [ 43%] Built target sick_ldmrs_object_marker
[27.976s] [35m[1mScanning dependencies of target sick_ldmrs_remove_background[0m
[28.026s] [ 50%] [32mBuilding CXX object CMakeFiles/sick_ldmrs_remove_background.dir/src/sick_ldmrs_remove_background.cpp.o[0m
[31.662s] [ 56%] [32m[1mLinking CXX executable devel/lib/sick_ldmrs_tools/sick_ldmrs_make_organized[0m
[33.109s] [ 56%] Built target sick_ldmrs_make_organized
[33.204s] [35m[1mScanning dependencies of target sick_ldmrs_filter_first[0m
[33.205s] [35m[1mScanning dependencies of target sick_ldmrs_filter_last[0m
[33.494s] [ 62%] [32mBuilding CXX object CMakeFiles/sick_ldmrs_filter_first.dir/src/sick_ldmrs_filter_first.cpp.o[0m
[33.510s] [ 68%] [32mBuilding CXX object CMakeFiles/sick_ldmrs_filter_last.dir/src/sick_ldmrs_filter_last.cpp.o[0m
[35.525s] [ 75%] [32m[1mLinking CXX executable devel/lib/sick_ldmrs_tools/sick_ldmrs_remove_background[0m
[36.855s] [ 75%] Built target sick_ldmrs_remove_background
[38.314s] In file included from [01m[K/home/point001/autoware.ai/src/drivers/awf_drivers/sick_ldmrs_tools/src/sick_ldmrs_filter_first.cpp:41:0[m[K:
[38.314s] [01m[K/opt/ros/melodic/include/pcl_ros/point_cloud.h:303:27:[m[K [01;35m[Kwarning: [m[Kvariable templates only available with -std=c++14 or -std=gnu++14
[38.314s]      constexpr static bool [01;35m[Kpcl_uses_boost[m[K = true;
[38.314s]                            [01;35m[K^~~~~~~~~~~~~~[m[K
[38.359s] In file included from [01m[K/home/point001/autoware.ai/src/drivers/awf_drivers/sick_ldmrs_tools/src/sick_ldmrs_filter_last.cpp:41:0[m[K:
[38.359s] [01m[K/opt/ros/melodic/include/pcl_ros/point_cloud.h:303:27:[m[K [01;35m[Kwarning: [m[Kvariable templates only available with -std=c++14 or -std=gnu++14
[38.359s]      constexpr static bool [01;35m[Kpcl_uses_boost[m[K = true;
[38.359s]                            [01;35m[K^~~~~~~~~~~~~~[m[K
[41.289s] [ 81%] [32m[1mLinking CXX executable devel/lib/sick_ldmrs_tools/sick_ldmrs_filter_first[0m
[41.372s] [ 87%] [32m[1mLinking CXX executable devel/lib/sick_ldmrs_tools/sick_ldmrs_filter_last[0m
[42.588s] [ 87%] Built target sick_ldmrs_filter_first
[42.628s] [ 87%] Built target sick_ldmrs_filter_last
[42.640s] [35m[1mScanning dependencies of target sick_ldmrs_all_layer_assembler[0m
[42.715s] [ 93%] [32mBuilding CXX object CMakeFiles/sick_ldmrs_all_layer_assembler.dir/src/sick_ldmrs_all_layer_assembler.cpp.o[0m
[55.760s] [100%] [32m[1mLinking CXX executable devel/lib/sick_ldmrs_tools/sick_ldmrs_all_layer_assembler[0m
[57.295s] [100%] Built target sick_ldmrs_all_layer_assembler
[57.311s] Invoked command in '/home/point001/autoware.ai/build/sick_ldmrs_tools' returned '0': CMAKE_PREFIX_PATH=/home/point001/autoware.ai/install/sick_ldmrs_driver:/home/point001/autoware.ai/install/sick_ldmrs_msgs:/home/point001/autoware.ai/install/sick_ldmrs_description:${CMAKE_PREFIX_PATH} LD_LIBRARY_PATH=/home/point001/autoware.ai/install/sick_ldmrs_driver/lib:/opt/ros/melodic/lib:/usr/local/cuda-10.0/lib64 PATH=/home/point001/autoware.ai/install/sick_ldmrs_driver/bin:${PATH} PKG_CONFIG_PATH=/home/point001/autoware.ai/install/sick_ldmrs_driver/lib/x86_64-linux-gnu/pkgconfig:/home/point001/autoware.ai/install/sick_ldmrs_driver/lib/pkgconfig:/home/point001/autoware.ai/install/sick_ldmrs_msgs/lib/x86_64-linux-gnu/pkgconfig:/home/point001/autoware.ai/install/sick_ldmrs_msgs/lib/pkgconfig:/home/point001/autoware.ai/install/sick_ldmrs_description/lib/x86_64-linux-gnu/pkgconfig:/home/point001/autoware.ai/install/sick_ldmrs_description/lib/pkgconfig:${PKG_CONFIG_PATH} PYTHONPATH=/home/point001/autoware.ai/install/sick_ldmrs_driver/lib/python2.7/dist-packages:/home/point001/autoware.ai/install/sick_ldmrs_msgs/lib/python2.7/dist-packages:${PYTHONPATH} ROS_PACKAGE_PATH=/home/point001/autoware.ai/install/sick_ldmrs_driver/share:/home/point001/autoware.ai/install/sick_ldmrs_msgs/share:/home/point001/autoware.ai/install/sick_ldmrs_description/share:${ROS_PACKAGE_PATH} /usr/bin/cmake --build /home/point001/autoware.ai/build/sick_ldmrs_tools -- -j24 -l24
[57.937s] Invoking command in '/home/point001/autoware.ai/build/sick_ldmrs_tools': CMAKE_PREFIX_PATH=/home/point001/autoware.ai/install/sick_ldmrs_driver:/home/point001/autoware.ai/install/sick_ldmrs_msgs:/home/point001/autoware.ai/install/sick_ldmrs_description:${CMAKE_PREFIX_PATH} LD_LIBRARY_PATH=/home/point001/autoware.ai/install/sick_ldmrs_driver/lib:/opt/ros/melodic/lib:/usr/local/cuda-10.0/lib64 PATH=/home/point001/autoware.ai/install/sick_ldmrs_driver/bin:${PATH} PKG_CONFIG_PATH=/home/point001/autoware.ai/install/sick_ldmrs_driver/lib/x86_64-linux-gnu/pkgconfig:/home/point001/autoware.ai/install/sick_ldmrs_driver/lib/pkgconfig:/home/point001/autoware.ai/install/sick_ldmrs_msgs/lib/x86_64-linux-gnu/pkgconfig:/home/point001/autoware.ai/install/sick_ldmrs_msgs/lib/pkgconfig:/home/point001/autoware.ai/install/sick_ldmrs_description/lib/x86_64-linux-gnu/pkgconfig:/home/point001/autoware.ai/install/sick_ldmrs_description/lib/pkgconfig:${PKG_CONFIG_PATH} PYTHONPATH=/home/point001/autoware.ai/install/sick_ldmrs_driver/lib/python2.7/dist-packages:/home/point001/autoware.ai/install/sick_ldmrs_msgs/lib/python2.7/dist-packages:${PYTHONPATH} ROS_PACKAGE_PATH=/home/point001/autoware.ai/install/sick_ldmrs_driver/share:/home/point001/autoware.ai/install/sick_ldmrs_msgs/share:/home/point001/autoware.ai/install/sick_ldmrs_description/share:${ROS_PACKAGE_PATH} /usr/bin/cmake --build /home/point001/autoware.ai/build/sick_ldmrs_tools --target tests -- -j24 -l24
[58.033s] [35m[1mScanning dependencies of target tests[0m
[58.049s] Built target tests
[58.064s] Invoked command in '/home/point001/autoware.ai/build/sick_ldmrs_tools' returned '0': CMAKE_PREFIX_PATH=/home/point001/autoware.ai/install/sick_ldmrs_driver:/home/point001/autoware.ai/install/sick_ldmrs_msgs:/home/point001/autoware.ai/install/sick_ldmrs_description:${CMAKE_PREFIX_PATH} LD_LIBRARY_PATH=/home/point001/autoware.ai/install/sick_ldmrs_driver/lib:/opt/ros/melodic/lib:/usr/local/cuda-10.0/lib64 PATH=/home/point001/autoware.ai/install/sick_ldmrs_driver/bin:${PATH} PKG_CONFIG_PATH=/home/point001/autoware.ai/install/sick_ldmrs_driver/lib/x86_64-linux-gnu/pkgconfig:/home/point001/autoware.ai/install/sick_ldmrs_driver/lib/pkgconfig:/home/point001/autoware.ai/install/sick_ldmrs_msgs/lib/x86_64-linux-gnu/pkgconfig:/home/point001/autoware.ai/install/sick_ldmrs_msgs/lib/pkgconfig:/home/point001/autoware.ai/install/sick_ldmrs_description/lib/x86_64-linux-gnu/pkgconfig:/home/point001/autoware.ai/install/sick_ldmrs_description/lib/pkgconfig:${PKG_CONFIG_PATH} PYTHONPATH=/home/point001/autoware.ai/install/sick_ldmrs_driver/lib/python2.7/dist-packages:/home/point001/autoware.ai/install/sick_ldmrs_msgs/lib/python2.7/dist-packages:${PYTHONPATH} ROS_PACKAGE_PATH=/home/point001/autoware.ai/install/sick_ldmrs_driver/share:/home/point001/autoware.ai/install/sick_ldmrs_msgs/share:/home/point001/autoware.ai/install/sick_ldmrs_description/share:${ROS_PACKAGE_PATH} /usr/bin/cmake --build /home/point001/autoware.ai/build/sick_ldmrs_tools --target tests -- -j24 -l24
[58.259s] Invoking command in '/home/point001/autoware.ai/build/sick_ldmrs_tools': CMAKE_PREFIX_PATH=/home/point001/autoware.ai/install/sick_ldmrs_driver:/home/point001/autoware.ai/install/sick_ldmrs_msgs:/home/point001/autoware.ai/install/sick_ldmrs_description:${CMAKE_PREFIX_PATH} LD_LIBRARY_PATH=/home/point001/autoware.ai/install/sick_ldmrs_driver/lib:/opt/ros/melodic/lib:/usr/local/cuda-10.0/lib64 PATH=/home/point001/autoware.ai/install/sick_ldmrs_driver/bin:${PATH} PKG_CONFIG_PATH=/home/point001/autoware.ai/install/sick_ldmrs_driver/lib/x86_64-linux-gnu/pkgconfig:/home/point001/autoware.ai/install/sick_ldmrs_driver/lib/pkgconfig:/home/point001/autoware.ai/install/sick_ldmrs_msgs/lib/x86_64-linux-gnu/pkgconfig:/home/point001/autoware.ai/install/sick_ldmrs_msgs/lib/pkgconfig:/home/point001/autoware.ai/install/sick_ldmrs_description/lib/x86_64-linux-gnu/pkgconfig:/home/point001/autoware.ai/install/sick_ldmrs_description/lib/pkgconfig:${PKG_CONFIG_PATH} PYTHONPATH=/home/point001/autoware.ai/install/sick_ldmrs_driver/lib/python2.7/dist-packages:/home/point001/autoware.ai/install/sick_ldmrs_msgs/lib/python2.7/dist-packages:${PYTHONPATH} ROS_PACKAGE_PATH=/home/point001/autoware.ai/install/sick_ldmrs_driver/share:/home/point001/autoware.ai/install/sick_ldmrs_msgs/share:/home/point001/autoware.ai/install/sick_ldmrs_description/share:${ROS_PACKAGE_PATH} /usr/bin/cmake --build /home/point001/autoware.ai/build/sick_ldmrs_tools --target install -- -j24 -l24
[58.328s] [  0%] Built target visualization_msgs_generate_messages_py
[58.328s] [  0%] Built target actionlib_msgs_generate_messages_py
[58.328s] [  0%] Built target visualization_msgs_generate_messages_nodejs
[58.353s] [  0%] Built target pcl_msgs_generate_messages_eus
[58.357s] [  0%] Built target sensor_msgs_generate_messages_lisp
[58.364s] [  0%] Built target pcl_msgs_generate_messages_cpp
[58.382s] [  0%] Built target sensor_msgs_generate_messages_eus
[58.387s] [  0%] Built target bond_generate_messages_lisp
[58.407s] [  0%] Built target sensor_msgs_generate_messages_cpp
[58.422s] [  0%] Built target nodelet_generate_messages_nodejs
[58.432s] [  0%] Built target pcl_msgs_generate_messages_nodejs
[58.446s] [  0%] Built target sensor_msgs_generate_messages_py
[58.459s] [  0%] Built target nodelet_generate_messages_py
[58.460s] [  0%] Built target std_msgs_generate_messages_cpp
[58.481s] [  0%] Built target geometry_msgs_generate_messages_nodejs
[58.494s] [  0%] Built target roscpp_generate_messages_lisp
[58.507s] [  0%] Built target std_srvs_generate_messages_eus
[58.520s] [  0%] Built target bond_generate_messages_eus
[58.544s] [  0%] Built target std_msgs_generate_messages_lisp
[58.545s] [  0%] Built target geometry_msgs_generate_messages_eus
[58.553s] [  0%] Built target roscpp_generate_messages_nodejs
[58.570s] [  0%] Built target sick_ldmrs_msgs_generate_messages_eus
[58.585s] [  0%] Built target roscpp_generate_messages_py
[58.591s] [  0%] Built target std_msgs_generate_messages_py
[58.613s] [  0%] Built target tf_generate_messages_py
[58.621s] [  0%] Built target rosgraph_msgs_generate_messages_cpp
[58.624s] [  0%] Built target dynamic_reconfigure_generate_messages_cpp
[58.647s] [  0%] Built target topic_tools_generate_messages_cpp
[58.656s] [  0%] Built target rosgraph_msgs_generate_messages_lisp
[58.658s] [  0%] Built target rosgraph_msgs_generate_messages_eus
[58.683s] [  0%] Built target topic_tools_generate_messages_eus
[58.689s] [  0%] Built target visualization_msgs_generate_messages_lisp
[58.695s] [  0%] Built target std_msgs_generate_messages_eus
[58.713s] [  0%] Built target rosgraph_msgs_generate_messages_nodejs
[58.719s] [  0%] Built target dynamic_reconfigure_generate_messages_eus
[58.738s] [  0%] Built target dynamic_reconfigure_generate_messages_nodejs
[58.750s] [  0%] Built target dynamic_reconfigure_generate_messages_py
[58.760s] [  0%] Built target tf2_msgs_generate_messages_lisp
[58.768s] [  0%] Built target dynamic_reconfigure_gencfg
[58.784s] [  0%] Built target bond_generate_messages_py
[58.794s] [  0%] Built target nodelet_generate_messages_cpp
[58.798s] [  0%] Built target std_srvs_generate_messages_nodejs
[58.808s] [  0%] Built target geometry_msgs_generate_messages_cpp
[58.822s] [  0%] Built target nodelet_generate_messages_eus
[58.829s] [  0%] Built target actionlib_generate_messages_lisp
[58.839s] [  0%] Built target nodelet_generate_messages_lisp
[58.846s] [  0%] Built target roscpp_generate_messages_eus
[58.855s] [  0%] Built target rosgraph_msgs_generate_messages_py
[58.864s] [  0%] Built target actionlib_msgs_generate_messages_eus
[58.871s] [  0%] Built target bond_generate_messages_cpp
[58.881s] [  0%] Built target bond_generate_messages_nodejs
[58.889s] [  0%] Built target actionlib_msgs_generate_messages_nodejs
[58.897s] [  0%] Built target topic_tools_generate_messages_py
[58.907s] [  0%] Built target nodelet_topic_tools_gencfg
[58.910s] [  0%] Built target std_srvs_generate_messages_lisp
[58.930s] [  0%] Built target topic_tools_generate_messages_lisp
[58.930s] [  0%] Built target std_srvs_generate_messages_cpp
[58.931s] [  0%] Built target tf_generate_messages_eus
[58.954s] [  0%] Built target tf_generate_messages_lisp
[58.955s] [  0%] Built target actionlib_msgs_generate_messages_cpp
[58.955s] [  0%] Built target std_msgs_generate_messages_nodejs
[58.980s] [  0%] Built target tf_generate_messages_nodejs
[58.984s] [  0%] Built target actionlib_generate_messages_eus
[58.986s] [  0%] Built target std_srvs_generate_messages_py
[59.004s] [  0%] Built target pcl_msgs_generate_messages_lisp
[59.008s] [  0%] Built target tf_generate_messages_cpp
[59.015s] [  0%] Built target actionlib_generate_messages_nodejs
[59.029s] [  0%] Built target actionlib_msgs_generate_messages_lisp
[59.030s] [  0%] Built target pcl_msgs_generate_messages_py
[59.040s] [  0%] Built target dynamic_reconfigure_generate_messages_lisp
[59.053s] [  0%] Built target actionlib_generate_messages_cpp
[59.054s] [  0%] Built target roscpp_generate_messages_cpp
[59.063s] [  0%] Built target sensor_msgs_generate_messages_nodejs
[59.076s] [  0%] Built target actionlib_generate_messages_py
[59.077s] [  0%] Built target geometry_msgs_generate_messages_lisp
[59.089s] [  0%] Built target tf2_msgs_generate_messages_py
[59.101s] [  0%] Built target sick_ldmrs_msgs_generate_messages_py
[59.101s] [  0%] Built target topic_tools_generate_messages_nodejs
[59.112s] [  0%] Built target pcl_ros_gencfg
[59.124s] [  0%] Built target tf2_msgs_generate_messages_cpp
[59.125s] [  0%] Built target geometry_msgs_generate_messages_py
[59.143s] [  0%] Built target tf2_msgs_generate_messages_eus
[59.147s] [  0%] Built target visualization_msgs_generate_messages_cpp
[59.147s] [  0%] Built target tf2_msgs_generate_messages_nodejs
[59.166s] [  0%] Built target sick_ldmrs_msgs_generate_messages_cpp
[59.168s] [  0%] Built target sick_ldmrs_msgs_generate_messages_lisp
[59.171s] [  0%] Built target sick_ldmrs_msgs_generate_messages_nodejs
[59.189s] [  0%] Built target visualization_msgs_generate_messages_eus
[59.232s] [ 12%] Built target sick_ldmrs_print_resolution
[59.236s] [ 25%] Built target sick_ldmrs_all_layer_assembler
[59.276s] [ 37%] Built target sick_ldmrs_filter_layer
[59.278s] [ 50%] Built target sick_ldmrs_make_organized
[59.314s] [ 62%] Built target sick_ldmrs_object_marker
[59.330s] [ 75%] Built target sick_ldmrs_remove_background
[59.360s] [ 87%] Built target sick_ldmrs_filter_first
[59.374s] [100%] Built target sick_ldmrs_filter_last
[59.402s] [36mInstall the project...[0m
[59.414s] -- Install configuration: "Release"
[59.414s] -- Installing: /home/point001/autoware.ai/install/sick_ldmrs_tools/lib/pkgconfig/sick_ldmrs_tools.pc
[59.414s] -- Installing: /home/point001/autoware.ai/install/sick_ldmrs_tools/share/sick_ldmrs_tools/cmake/sick_ldmrs_toolsConfig.cmake
[59.414s] -- Installing: /home/point001/autoware.ai/install/sick_ldmrs_tools/share/sick_ldmrs_tools/cmake/sick_ldmrs_toolsConfig-version.cmake
[59.414s] -- Installing: /home/point001/autoware.ai/install/sick_ldmrs_tools/share/sick_ldmrs_tools/package.xml
[59.414s] -- Installing: /home/point001/autoware.ai/install/sick_ldmrs_tools/lib/sick_ldmrs_tools/sick_ldmrs_object_marker
[59.415s] -- Set runtime path of "/home/point001/autoware.ai/install/sick_ldmrs_tools/lib/sick_ldmrs_tools/sick_ldmrs_object_marker" to ""
[59.415s] -- Installing: /home/point001/autoware.ai/install/sick_ldmrs_tools/lib/sick_ldmrs_tools/sick_ldmrs_filter_layer
[59.415s] -- Set runtime path of "/home/point001/autoware.ai/install/sick_ldmrs_tools/lib/sick_ldmrs_tools/sick_ldmrs_filter_layer" to ""
[59.416s] -- Installing: /home/point001/autoware.ai/install/sick_ldmrs_tools/lib/sick_ldmrs_tools/sick_ldmrs_filter_first
[59.416s] -- Set runtime path of "/home/point001/autoware.ai/install/sick_ldmrs_tools/lib/sick_ldmrs_tools/sick_ldmrs_filter_first" to ""
[59.416s] -- Installing: /home/point001/autoware.ai/install/sick_ldmrs_tools/lib/sick_ldmrs_tools/sick_ldmrs_filter_last
[59.417s] -- Set runtime path of "/home/point001/autoware.ai/install/sick_ldmrs_tools/lib/sick_ldmrs_tools/sick_ldmrs_filter_last" to ""
[59.417s] -- Installing: /home/point001/autoware.ai/install/sick_ldmrs_tools/lib/sick_ldmrs_tools/sick_ldmrs_all_layer_assembler
[59.418s] -- Set runtime path of "/home/point001/autoware.ai/install/sick_ldmrs_tools/lib/sick_ldmrs_tools/sick_ldmrs_all_layer_assembler" to ""
[59.418s] -- Installing: /home/point001/autoware.ai/install/sick_ldmrs_tools/lib/sick_ldmrs_tools/sick_ldmrs_make_organized
[59.418s] -- Set runtime path of "/home/point001/autoware.ai/install/sick_ldmrs_tools/lib/sick_ldmrs_tools/sick_ldmrs_make_organized" to ""
[59.418s] -- Installing: /home/point001/autoware.ai/install/sick_ldmrs_tools/lib/sick_ldmrs_tools/sick_ldmrs_remove_background
[59.419s] -- Set runtime path of "/home/point001/autoware.ai/install/sick_ldmrs_tools/lib/sick_ldmrs_tools/sick_ldmrs_remove_background" to ""
[59.419s] -- Installing: /home/point001/autoware.ai/install/sick_ldmrs_tools/lib/sick_ldmrs_tools/sick_ldmrs_print_resolution
[59.419s] -- Set runtime path of "/home/point001/autoware.ai/install/sick_ldmrs_tools/lib/sick_ldmrs_tools/sick_ldmrs_print_resolution" to ""
[59.420s] -- Installing: /home/point001/autoware.ai/install/sick_ldmrs_tools/share/sick_ldmrs_tools/config
[59.420s] -- Installing: /home/point001/autoware.ai/install/sick_ldmrs_tools/share/sick_ldmrs_tools/config/sick_ldmrs.rviz
[59.420s] -- Installing: /home/point001/autoware.ai/install/sick_ldmrs_tools/share/sick_ldmrs_tools/launch
[59.420s] -- Installing: /home/point001/autoware.ai/install/sick_ldmrs_tools/share/sick_ldmrs_tools/launch/sick_ldmrs_demo.launch
[59.428s] Invoked command in '/home/point001/autoware.ai/build/sick_ldmrs_tools' returned '0': CMAKE_PREFIX_PATH=/home/point001/autoware.ai/install/sick_ldmrs_driver:/home/point001/autoware.ai/install/sick_ldmrs_msgs:/home/point001/autoware.ai/install/sick_ldmrs_description:${CMAKE_PREFIX_PATH} LD_LIBRARY_PATH=/home/point001/autoware.ai/install/sick_ldmrs_driver/lib:/opt/ros/melodic/lib:/usr/local/cuda-10.0/lib64 PATH=/home/point001/autoware.ai/install/sick_ldmrs_driver/bin:${PATH} PKG_CONFIG_PATH=/home/point001/autoware.ai/install/sick_ldmrs_driver/lib/x86_64-linux-gnu/pkgconfig:/home/point001/autoware.ai/install/sick_ldmrs_driver/lib/pkgconfig:/home/point001/autoware.ai/install/sick_ldmrs_msgs/lib/x86_64-linux-gnu/pkgconfig:/home/point001/autoware.ai/install/sick_ldmrs_msgs/lib/pkgconfig:/home/point001/autoware.ai/install/sick_ldmrs_description/lib/x86_64-linux-gnu/pkgconfig:/home/point001/autoware.ai/install/sick_ldmrs_description/lib/pkgconfig:${PKG_CONFIG_PATH} PYTHONPATH=/home/point001/autoware.ai/install/sick_ldmrs_driver/lib/python2.7/dist-packages:/home/point001/autoware.ai/install/sick_ldmrs_msgs/lib/python2.7/dist-packages:${PYTHONPATH} ROS_PACKAGE_PATH=/home/point001/autoware.ai/install/sick_ldmrs_driver/share:/home/point001/autoware.ai/install/sick_ldmrs_msgs/share:/home/point001/autoware.ai/install/sick_ldmrs_description/share:${ROS_PACKAGE_PATH} /usr/bin/cmake --build /home/point001/autoware.ai/build/sick_ldmrs_tools --target install -- -j24 -l24
