[0.282s] Invoking command in '/home/point001/autoware.ai/build/vehicle_gazebo_simulation_interface': CMAKE_PREFIX_PATH=/home/point001/autoware.ai/install/autoware_msgs:/home/point001/autoware.ai/install/autoware_build_flags:${CMAKE_PREFIX_PATH} PKG_CONFIG_PATH=/home/point001/autoware.ai/install/autoware_msgs/lib/x86_64-linux-gnu/pkgconfig:/home/point001/autoware.ai/install/autoware_msgs/lib/pkgconfig:/home/point001/autoware.ai/install/autoware_build_flags/lib/x86_64-linux-gnu/pkgconfig:/home/point001/autoware.ai/install/autoware_build_flags/lib/pkgconfig:${PKG_CONFIG_PATH} PYTHONPATH=/home/point001/autoware.ai/install/autoware_msgs/lib/python2.7/dist-packages:${PYTHONPATH} ROS_PACKAGE_PATH=/home/point001/autoware.ai/install/autoware_msgs/share:/home/point001/autoware.ai/install/autoware_build_flags/share:${ROS_PACKAGE_PATH} /usr/bin/cmake --build /home/point001/autoware.ai/build/vehicle_gazebo_simulation_interface -- -j24 -l24
[0.374s] [  0%] Built target geometry_msgs_generate_messages_py
[0.374s] [  0%] Built target actionlib_generate_messages_cpp
[0.379s] [  0%] Built target actionlib_generate_messages_eus
[0.379s] [  0%] Built target sensor_msgs_generate_messages_eus
[0.379s] [  0%] Built target autoware_msgs_generate_messages_cpp
[0.383s] [  0%] Built target pcl_msgs_generate_messages_eus
[0.383s] [  0%] Built target roscpp_generate_messages_cpp
[0.384s] [  0%] Built target jsk_recognition_msgs_generate_messages_py
[0.384s] [  0%] Built target sensor_msgs_generate_messages_cpp
[0.389s] [  0%] Built target std_msgs_generate_messages_cpp
[0.389s] [  0%] Built target sensor_msgs_generate_messages_lisp
[0.395s] [  0%] Built target rosgraph_msgs_generate_messages_cpp
[0.396s] [  0%] Built target actionlib_msgs_generate_messages_nodejs
[0.396s] [  0%] Built target pcl_msgs_generate_messages_nodejs
[0.396s] [  0%] Built target jsk_footstep_msgs_generate_messages_py
[0.396s] [  0%] Built target jsk_recognition_msgs_generate_messages_eus
[0.397s] [  0%] Built target gazebo_msgs_generate_messages_cpp
[0.397s] [  0%] Built target std_msgs_generate_messages_nodejs
[0.398s] [  0%] Built target sensor_msgs_generate_messages_nodejs
[0.399s] [  0%] Built target sensor_msgs_generate_messages_py
[0.404s] [  0%] Built target tf2_msgs_generate_messages_cpp
[0.413s] [  0%] Built target jsk_recognition_msgs_generate_messages_lisp
[0.413s] [  0%] Built target std_msgs_generate_messages_py
[0.413s] [  0%] Built target autoware_msgs_generate_messages_py
[0.433s] [  0%] Built target std_msgs_generate_messages_lisp
[0.447s] [  0%] Built target geometry_msgs_generate_messages_eus
[0.447s] [  0%] Built target geometry_msgs_generate_messages_nodejs
[0.447s] [  0%] Built target geometry_msgs_generate_messages_cpp
[0.447s] [  0%] Built target geometry_msgs_generate_messages_lisp
[0.447s] [  0%] Built target std_msgs_generate_messages_eus
[0.447s] [  0%] Built target autoware_msgs_generate_messages_lisp
[0.451s] [  0%] Built target roscpp_generate_messages_nodejs
[0.451s] [  0%] Built target actionlib_generate_messages_nodejs
[0.452s] [  0%] Built target trajectory_msgs_generate_messages_nodejs
[0.453s] [  0%] Built target autoware_msgs_generate_messages_eus
[0.461s] [  0%] Built target jsk_footstep_msgs_generate_messages_lisp
[0.463s] [  0%] Built target jsk_footstep_msgs_generate_messages_nodejs
[0.463s] [  0%] Built target pcl_msgs_generate_messages_cpp
[0.464s] [  0%] Built target jsk_recognition_msgs_generate_messages_cpp
[0.465s] [  0%] Built target jsk_footstep_msgs_generate_messages_eus
[0.468s] [  0%] Built target autoware_msgs_generate_messages_nodejs
[0.473s] [  0%] Built target trajectory_msgs_generate_messages_py
[0.474s] [  0%] Built target actionlib_msgs_generate_messages_py
[0.474s] [  0%] Built target actionlib_generate_messages_lisp
[0.474s] [  0%] Built target pcl_msgs_generate_messages_lisp
[0.477s] [  0%] Built target jsk_footstep_msgs_generate_messages_cpp
[0.479s] [  0%] Built target gazebo_msgs_generate_messages_py
[0.488s] [  0%] Built target std_srvs_generate_messages_cpp
[0.494s] [  0%] Built target actionlib_msgs_generate_messages_cpp
[0.494s] [  0%] Built target gazebo_msgs_generate_messages_nodejs
[0.494s] [  0%] Built target jsk_recognition_msgs_generate_messages_nodejs
[0.496s] [  0%] Built target gazebo_msgs_generate_messages_eus
[0.510s] [  0%] Built target actionlib_msgs_generate_messages_lisp
[0.519s] [  0%] Built target roscpp_generate_messages_lisp
[0.520s] [  0%] Built target gazebo_msgs_generate_messages_lisp
[0.529s] [  0%] Built target rosgraph_msgs_generate_messages_lisp
[0.530s] [  0%] Built target trajectory_msgs_generate_messages_eus
[0.537s] [  0%] Built target trajectory_msgs_generate_messages_lisp
[0.537s] [  0%] Built target rosgraph_msgs_generate_messages_nodejs
[0.538s] [  0%] Built target roscpp_generate_messages_eus
[0.539s] [  0%] Built target roscpp_generate_messages_py
[0.540s] [  0%] Built target trajectory_msgs_generate_messages_cpp
[0.540s] [  0%] Built target std_srvs_generate_messages_eus
[0.540s] [  0%] Built target std_srvs_generate_messages_py
[0.540s] [  0%] Built target std_srvs_generate_messages_lisp
[0.548s] [  0%] Built target tf2_msgs_generate_messages_eus
[0.548s] [  0%] Built target tf2_msgs_generate_messages_lisp
[0.555s] [  0%] Built target rosgraph_msgs_generate_messages_py
[0.567s] [  0%] Built target actionlib_msgs_generate_messages_eus
[0.572s] [  0%] Built target tf2_msgs_generate_messages_py
[0.583s] [  0%] Built target _catkin_empty_exported_target
[0.588s] [  0%] Built target rosgraph_msgs_generate_messages_eus
[0.601s] [  0%] Built target std_srvs_generate_messages_nodejs
[0.603s] [  0%] Built target pcl_msgs_generate_messages_py
[0.619s] [  0%] Built target tf2_msgs_generate_messages_nodejs
[0.635s] [  0%] Built target actionlib_generate_messages_py
[0.896s] [ 50%] Built target vehicle_gazebo_info_publisher
[0.960s] [100%] Built target vehicle_gazebo_input_subscriber
[1.121s] Invoked command in '/home/point001/autoware.ai/build/vehicle_gazebo_simulation_interface' returned '0': CMAKE_PREFIX_PATH=/home/point001/autoware.ai/install/autoware_msgs:/home/point001/autoware.ai/install/autoware_build_flags:${CMAKE_PREFIX_PATH} PKG_CONFIG_PATH=/home/point001/autoware.ai/install/autoware_msgs/lib/x86_64-linux-gnu/pkgconfig:/home/point001/autoware.ai/install/autoware_msgs/lib/pkgconfig:/home/point001/autoware.ai/install/autoware_build_flags/lib/x86_64-linux-gnu/pkgconfig:/home/point001/autoware.ai/install/autoware_build_flags/lib/pkgconfig:${PKG_CONFIG_PATH} PYTHONPATH=/home/point001/autoware.ai/install/autoware_msgs/lib/python2.7/dist-packages:${PYTHONPATH} ROS_PACKAGE_PATH=/home/point001/autoware.ai/install/autoware_msgs/share:/home/point001/autoware.ai/install/autoware_build_flags/share:${ROS_PACKAGE_PATH} /usr/bin/cmake --build /home/point001/autoware.ai/build/vehicle_gazebo_simulation_interface -- -j24 -l24
[2.166s] Invoking command in '/home/point001/autoware.ai/build/vehicle_gazebo_simulation_interface': CMAKE_PREFIX_PATH=/home/point001/autoware.ai/install/autoware_msgs:/home/point001/autoware.ai/install/autoware_build_flags:${CMAKE_PREFIX_PATH} PKG_CONFIG_PATH=/home/point001/autoware.ai/install/autoware_msgs/lib/x86_64-linux-gnu/pkgconfig:/home/point001/autoware.ai/install/autoware_msgs/lib/pkgconfig:/home/point001/autoware.ai/install/autoware_build_flags/lib/x86_64-linux-gnu/pkgconfig:/home/point001/autoware.ai/install/autoware_build_flags/lib/pkgconfig:${PKG_CONFIG_PATH} PYTHONPATH=/home/point001/autoware.ai/install/autoware_msgs/lib/python2.7/dist-packages:${PYTHONPATH} ROS_PACKAGE_PATH=/home/point001/autoware.ai/install/autoware_msgs/share:/home/point001/autoware.ai/install/autoware_build_flags/share:${ROS_PACKAGE_PATH} /usr/bin/cmake --build /home/point001/autoware.ai/build/vehicle_gazebo_simulation_interface --target tests -- -j24 -l24
[2.418s] Built target tests
[2.508s] Invoked command in '/home/point001/autoware.ai/build/vehicle_gazebo_simulation_interface' returned '0': CMAKE_PREFIX_PATH=/home/point001/autoware.ai/install/autoware_msgs:/home/point001/autoware.ai/install/autoware_build_flags:${CMAKE_PREFIX_PATH} PKG_CONFIG_PATH=/home/point001/autoware.ai/install/autoware_msgs/lib/x86_64-linux-gnu/pkgconfig:/home/point001/autoware.ai/install/autoware_msgs/lib/pkgconfig:/home/point001/autoware.ai/install/autoware_build_flags/lib/x86_64-linux-gnu/pkgconfig:/home/point001/autoware.ai/install/autoware_build_flags/lib/pkgconfig:${PKG_CONFIG_PATH} PYTHONPATH=/home/point001/autoware.ai/install/autoware_msgs/lib/python2.7/dist-packages:${PYTHONPATH} ROS_PACKAGE_PATH=/home/point001/autoware.ai/install/autoware_msgs/share:/home/point001/autoware.ai/install/autoware_build_flags/share:${ROS_PACKAGE_PATH} /usr/bin/cmake --build /home/point001/autoware.ai/build/vehicle_gazebo_simulation_interface --target tests -- -j24 -l24
[2.903s] Invoking command in '/home/point001/autoware.ai/build/vehicle_gazebo_simulation_interface': CMAKE_PREFIX_PATH=/home/point001/autoware.ai/install/autoware_msgs:/home/point001/autoware.ai/install/autoware_build_flags:${CMAKE_PREFIX_PATH} PKG_CONFIG_PATH=/home/point001/autoware.ai/install/autoware_msgs/lib/x86_64-linux-gnu/pkgconfig:/home/point001/autoware.ai/install/autoware_msgs/lib/pkgconfig:/home/point001/autoware.ai/install/autoware_build_flags/lib/x86_64-linux-gnu/pkgconfig:/home/point001/autoware.ai/install/autoware_build_flags/lib/pkgconfig:${PKG_CONFIG_PATH} PYTHONPATH=/home/point001/autoware.ai/install/autoware_msgs/lib/python2.7/dist-packages:${PYTHONPATH} ROS_PACKAGE_PATH=/home/point001/autoware.ai/install/autoware_msgs/share:/home/point001/autoware.ai/install/autoware_build_flags/share:${ROS_PACKAGE_PATH} /usr/bin/cmake --build /home/point001/autoware.ai/build/vehicle_gazebo_simulation_interface --target install -- -j24 -l24
[3.009s] [  0%] Built target jsk_recognition_msgs_generate_messages_eus
[3.009s] [  0%] Built target std_msgs_generate_messages_py
[3.010s] [  0%] Built target sensor_msgs_generate_messages_lisp
[3.010s] [  0%] Built target geometry_msgs_generate_messages_py
[3.010s] [  0%] Built target sensor_msgs_generate_messages_nodejs
[3.011s] [  0%] Built target sensor_msgs_generate_messages_py
[3.012s] [  0%] Built target rosgraph_msgs_generate_messages_cpp
[3.013s] [  0%] Built target actionlib_generate_messages_cpp
[3.013s] [  0%] Built target actionlib_generate_messages_eus
[3.013s] [  0%] Built target sensor_msgs_generate_messages_eus
[3.016s] [  0%] Built target roscpp_generate_messages_cpp
[3.017s] [  0%] Built target pcl_msgs_generate_messages_eus
[3.022s] [  0%] Built target jsk_footstep_msgs_generate_messages_py
[3.022s] [  0%] Built target sensor_msgs_generate_messages_cpp
[3.023s] [  0%] Built target tf2_msgs_generate_messages_cpp
[3.023s] [  0%] Built target jsk_recognition_msgs_generate_messages_py
[3.023s] [  0%] Built target std_msgs_generate_messages_cpp
[3.023s] [  0%] Built target autoware_msgs_generate_messages_py
[3.023s] [  0%] Built target jsk_recognition_msgs_generate_messages_lisp
[3.024s] [  0%] Built target std_msgs_generate_messages_nodejs
[3.025s] [  0%] Built target autoware_msgs_generate_messages_cpp
[3.027s] [  0%] Built target pcl_msgs_generate_messages_nodejs
[3.045s] [  0%] Built target actionlib_msgs_generate_messages_nodejs
[3.046s] [  0%] Built target gazebo_msgs_generate_messages_cpp
[3.059s] [  0%] Built target geometry_msgs_generate_messages_eus
[3.068s] [  0%] Built target geometry_msgs_generate_messages_nodejs
[3.080s] [  0%] Built target std_msgs_generate_messages_lisp
[3.099s] [  0%] Built target trajectory_msgs_generate_messages_nodejs
[3.099s] [  0%] Built target pcl_msgs_generate_messages_lisp
[3.102s] [  0%] Built target actionlib_generate_messages_lisp
[3.107s] [  0%] Built target roscpp_generate_messages_nodejs
[3.116s] [  0%] Built target actionlib_generate_messages_nodejs
[3.124s] [  0%] Built target jsk_recognition_msgs_generate_messages_cpp
[3.124s] [  0%] Built target autoware_msgs_generate_messages_nodejs
[3.124s] [  0%] Built target std_msgs_generate_messages_eus
[3.125s] [  0%] Built target geometry_msgs_generate_messages_lisp
[3.128s] [  0%] Built target autoware_msgs_generate_messages_eus
[3.128s] [  0%] Built target pcl_msgs_generate_messages_cpp
[3.129s] [  0%] Built target jsk_footstep_msgs_generate_messages_lisp
[3.133s] [  0%] Built target jsk_footstep_msgs_generate_messages_nodejs
[3.135s] [  0%] Built target geometry_msgs_generate_messages_cpp
[3.135s] [  0%] Built target autoware_msgs_generate_messages_lisp
[3.152s] [  0%] Built target gazebo_msgs_generate_messages_py
[3.174s] [  0%] Built target actionlib_msgs_generate_messages_py
[3.174s] [  0%] Built target jsk_footstep_msgs_generate_messages_cpp
[3.174s] [  0%] Built target trajectory_msgs_generate_messages_py
[3.174s] [  0%] Built target gazebo_msgs_generate_messages_eus
[3.186s] [  0%] Built target std_srvs_generate_messages_cpp
[3.186s] [  0%] Built target trajectory_msgs_generate_messages_lisp
[3.204s] [  0%] Built target actionlib_msgs_generate_messages_cpp
[3.204s] [  0%] Built target gazebo_msgs_generate_messages_lisp
[3.206s] [  0%] Built target jsk_footstep_msgs_generate_messages_eus
[3.225s] [  0%] Built target actionlib_msgs_generate_messages_lisp
[3.226s] [  0%] Built target std_srvs_generate_messages_py
[3.231s] [  0%] Built target rosgraph_msgs_generate_messages_eus
[3.246s] [  0%] Built target gazebo_msgs_generate_messages_nodejs
[3.247s] [  0%] Built target jsk_recognition_msgs_generate_messages_nodejs
[3.247s] [  0%] Built target rosgraph_msgs_generate_messages_lisp
[3.256s] [  0%] Built target trajectory_msgs_generate_messages_eus
[3.258s] [  0%] Built target roscpp_generate_messages_lisp
[3.272s] [  0%] Built target actionlib_msgs_generate_messages_eus
[3.272s] [  0%] Built target roscpp_generate_messages_py
[3.275s] [  0%] Built target std_srvs_generate_messages_eus
[3.278s] [  0%] Built target std_srvs_generate_messages_nodejs
[3.280s] [  0%] Built target _catkin_empty_exported_target
[3.283s] [  0%] Built target tf2_msgs_generate_messages_lisp
[3.283s] [  0%] Built target trajectory_msgs_generate_messages_cpp
[3.288s] [  0%] Built target std_srvs_generate_messages_lisp
[3.303s] [  0%] Built target rosgraph_msgs_generate_messages_nodejs
[3.310s] [  0%] Built target rosgraph_msgs_generate_messages_py
[3.312s] [  0%] Built target roscpp_generate_messages_eus
[3.324s] [  0%] Built target actionlib_generate_messages_py
[3.333s] [  0%] Built target tf2_msgs_generate_messages_nodejs
[3.360s] [  0%] Built target tf2_msgs_generate_messages_py
[3.361s] [  0%] Built target tf2_msgs_generate_messages_eus
[3.377s] [  0%] Built target pcl_msgs_generate_messages_py
[3.459s] [ 50%] Built target vehicle_gazebo_input_subscriber
[3.508s] [100%] Built target vehicle_gazebo_info_publisher
[3.591s] [36mInstall the project...[0m
[3.648s] -- Install configuration: "Release"
[3.649s] -- Up-to-date: /home/point001/autoware.ai/install/vehicle_gazebo_simulation_interface/lib/pkgconfig/vehicle_gazebo_simulation_interface.pc
[3.649s] -- Up-to-date: /home/point001/autoware.ai/install/vehicle_gazebo_simulation_interface/share/vehicle_gazebo_simulation_interface/cmake/vehicle_gazebo_simulation_interfaceConfig.cmake
[3.649s] -- Up-to-date: /home/point001/autoware.ai/install/vehicle_gazebo_simulation_interface/share/vehicle_gazebo_simulation_interface/cmake/vehicle_gazebo_simulation_interfaceConfig-version.cmake
[3.650s] -- Up-to-date: /home/point001/autoware.ai/install/vehicle_gazebo_simulation_interface/share/vehicle_gazebo_simulation_interface/package.xml
[3.651s] -- Up-to-date: /home/point001/autoware.ai/install/vehicle_gazebo_simulation_interface/lib/vehicle_gazebo_simulation_interface/vehicle_gazebo_input_subscriber
[3.653s] -- Up-to-date: /home/point001/autoware.ai/install/vehicle_gazebo_simulation_interface/lib/vehicle_gazebo_simulation_interface/vehicle_gazebo_info_publisher
[3.656s] Invoked command in '/home/point001/autoware.ai/build/vehicle_gazebo_simulation_interface' returned '0': CMAKE_PREFIX_PATH=/home/point001/autoware.ai/install/autoware_msgs:/home/point001/autoware.ai/install/autoware_build_flags:${CMAKE_PREFIX_PATH} PKG_CONFIG_PATH=/home/point001/autoware.ai/install/autoware_msgs/lib/x86_64-linux-gnu/pkgconfig:/home/point001/autoware.ai/install/autoware_msgs/lib/pkgconfig:/home/point001/autoware.ai/install/autoware_build_flags/lib/x86_64-linux-gnu/pkgconfig:/home/point001/autoware.ai/install/autoware_build_flags/lib/pkgconfig:${PKG_CONFIG_PATH} PYTHONPATH=/home/point001/autoware.ai/install/autoware_msgs/lib/python2.7/dist-packages:${PYTHONPATH} ROS_PACKAGE_PATH=/home/point001/autoware.ai/install/autoware_msgs/share:/home/point001/autoware.ai/install/autoware_build_flags/share:${ROS_PACKAGE_PATH} /usr/bin/cmake --build /home/point001/autoware.ai/build/vehicle_gazebo_simulation_interface --target install -- -j24 -l24
