[0.053s] Invoking command in '/home/point001/autoware.ai/build/lane_planner': CMAKE_PREFIX_PATH=/home/point001/autoware.ai/install/lanelet2_extension:/home/point001/autoware.ai/install/lanelet2_validation:/home/point001/autoware.ai/install/lanelet2_routing:/home/point001/autoware.ai/install/lanelet2_projection:/home/point001/autoware.ai/install/libwaypoint_follower:/home/point001/autoware.ai/install/lanelet2_traffic_rules:/home/point001/autoware.ai/install/lanelet2_maps:/home/point001/autoware.ai/install/lanelet2_io:/home/point001/autoware.ai/install/vector_map:/home/point001/autoware.ai/install/lanelet2_core:/home/point001/autoware.ai/install/amathutils_lib:/home/point001/autoware.ai/install/vector_map_msgs:/home/point001/autoware.ai/install/tablet_socket_msgs:/home/point001/autoware.ai/install/gnss:/home/point001/autoware.ai/install/autoware_msgs:/home/point001/autoware.ai/install/autoware_lanelet2_msgs:/home/point001/autoware.ai/install/autoware_config_msgs:/home/point001/autoware.ai/install/autoware_build_flags:${CMAKE_PREFIX_PATH} LD_LIBRARY_PATH=/home/point001/autoware.ai/install/lanelet2_extension/lib:/home/point001/autoware.ai/install/lanelet2_validation/lib:/home/point001/autoware.ai/install/lanelet2_routing/lib:/home/point001/autoware.ai/install/lanelet2_projection/lib:/home/point001/autoware.ai/install/libwaypoint_follower/lib:/home/point001/autoware.ai/install/lanelet2_traffic_rules/lib:/home/point001/autoware.ai/install/lanelet2_io/lib:/home/point001/autoware.ai/install/vector_map/lib:/home/point001/autoware.ai/install/lanelet2_core/lib:/home/point001/autoware.ai/install/amathutils_lib/lib:/home/point001/autoware.ai/install/gnss/lib:/opt/ros/melodic/lib:/usr/local/cuda-10.0/lib64 PKG_CONFIG_PATH=/home/point001/autoware.ai/install/lanelet2_extension/lib/x86_64-linux-gnu/pkgconfig:/home/point001/autoware.ai/install/lanelet2_extension/lib/pkgconfig:/home/point001/autoware.ai/install/lanelet2_validation/lib/x86_64-linux-gnu/pkgconfig:/home/point001/autoware.ai/install/lanelet2_validation/lib/pkgconfig:/home/point001/autoware.ai/install/lanelet2_routing/lib/x86_64-linux-gnu/pkgconfig:/home/point001/autoware.ai/install/lanelet2_routing/lib/pkgconfig:/home/point001/autoware.ai/install/lanelet2_projection/lib/x86_64-linux-gnu/pkgconfig:/home/point001/autoware.ai/install/lanelet2_projection/lib/pkgconfig:/home/point001/autoware.ai/install/libwaypoint_follower/lib/x86_64-linux-gnu/pkgconfig:/home/point001/autoware.ai/install/libwaypoint_follower/lib/pkgconfig:/home/point001/autoware.ai/install/lanelet2_traffic_rules/lib/x86_64-linux-gnu/pkgconfig:/home/point001/autoware.ai/install/lanelet2_traffic_rules/lib/pkgconfig:/home/point001/autoware.ai/install/lanelet2_maps/lib/x86_64-linux-gnu/pkgconfig:/home/point001/autoware.ai/install/lanelet2_maps/lib/pkgconfig:/home/point001/autoware.ai/install/lanelet2_io/lib/x86_64-linux-gnu/pkgconfig:/home/point001/autoware.ai/install/lanelet2_io/lib/pkgconfig:/home/point001/autoware.ai/install/vector_map/lib/x86_64-linux-gnu/pkgconfig:/home/point001/autoware.ai/install/vector_map/lib/pkgconfig:/home/point001/autoware.ai/install/lanelet2_core/lib/x86_64-linux-gnu/pkgconfig:/home/point001/autoware.ai/install/lanelet2_core/lib/pkgconfig:/home/point001/autoware.ai/install/amathutils_lib/lib/x86_64-linux-gnu/pkgconfig:/home/point001/autoware.ai/install/amathutils_lib/lib/pkgconfig:/home/point001/autoware.ai/install/vector_map_msgs/lib/x86_64-linux-gnu/pkgconfig:/home/point001/autoware.ai/install/vector_map_msgs/lib/pkgconfig:/home/point001/autoware.ai/install/tablet_socket_msgs/lib/x86_64-linux-gnu/pkgconfig:/home/point001/autoware.ai/install/tablet_socket_msgs/lib/pkgconfig:/home/point001/autoware.ai/install/gnss/lib/x86_64-linux-gnu/pkgconfig:/home/point001/autoware.ai/install/gnss/lib/pkgconfig:/home/point001/autoware.ai/install/autoware_msgs/lib/x86_64-linux-gnu/pkgconfig:/home/point001/autoware.ai/install/autoware_msgs/lib/pkgconfig:/home/point001/autoware.ai/install/autoware_lanelet2_msgs/lib/x86_64-linux-gnu/pkgconfig:/home/point001/autoware.ai/install/autoware_lanelet2_msgs/lib/pkgconfig:/home/point001/autoware.ai/install/autoware_config_msgs/lib/x86_64-linux-gnu/pkgconfig:/home/point001/autoware.ai/install/autoware_config_msgs/lib/pkgconfig:/home/point001/autoware.ai/install/autoware_build_flags/lib/x86_64-linux-gnu/pkgconfig:/home/point001/autoware.ai/install/autoware_build_flags/lib/pkgconfig:${PKG_CONFIG_PATH} PYTHONPATH=/home/point001/autoware.ai/install/vector_map_msgs/lib/python2.7/dist-packages:/home/point001/autoware.ai/install/tablet_socket_msgs/lib/python2.7/dist-packages:/home/point001/autoware.ai/install/autoware_msgs/lib/python2.7/dist-packages:/home/point001/autoware.ai/install/autoware_lanelet2_msgs/lib/python2.7/dist-packages:/home/point001/autoware.ai/install/autoware_config_msgs/lib/python2.7/dist-packages:${PYTHONPATH} ROS_PACKAGE_PATH=/home/point001/autoware.ai/install/lanelet2_extension/share:/home/point001/autoware.ai/install/lanelet2_validation/share:/home/point001/autoware.ai/install/lanelet2_routing/share:/home/point001/autoware.ai/install/lanelet2_projection/share:/home/point001/autoware.ai/install/libwaypoint_follower/share:/home/point001/autoware.ai/install/lanelet2_traffic_rules/share:/home/point001/autoware.ai/install/lanelet2_maps/share:/home/point001/autoware.ai/install/lanelet2_io/share:/home/point001/autoware.ai/install/vector_map/share:/home/point001/autoware.ai/install/lanelet2_core/share:/home/point001/autoware.ai/install/amathutils_lib/share:/home/point001/autoware.ai/install/vector_map_msgs/share:/home/point001/autoware.ai/install/tablet_socket_msgs/share:/home/point001/autoware.ai/install/gnss/share:/home/point001/autoware.ai/install/autoware_msgs/share:/home/point001/autoware.ai/install/autoware_lanelet2_msgs/share:/home/point001/autoware.ai/install/autoware_config_msgs/share:/home/point001/autoware.ai/install/autoware_build_flags/share:${ROS_PACKAGE_PATH} /usr/bin/cmake --build /home/point001/autoware.ai/build/lane_planner -- -j24 -l24
[0.143s] [  0%] Built target actionlib_generate_messages_cpp
[0.143s] [  0%] Built target autoware_lanelet2_msgs_generate_messages_lisp
[0.155s] [  0%] Built target geometry_msgs_generate_messages_lisp
[0.158s] [  0%] Built target rosgraph_msgs_generate_messages_eus
[0.159s] [  0%] Built target vector_map_msgs_generate_messages_nodejs
[0.175s] [  0%] Built target vector_map_msgs_generate_messages_py
[0.175s] [  0%] Built target visualization_msgs_generate_messages_py
[0.176s] [  0%] Built target pcl_msgs_generate_messages_cpp
[0.176s] [  0%] Built target visualization_msgs_generate_messages_nodejs
[0.177s] [  0%] Built target jsk_recognition_msgs_generate_messages_eus
[0.184s] [  0%] Built target jsk_recognition_msgs_generate_messages_lisp
[0.186s] [  0%] Built target tablet_socket_msgs_generate_messages_lisp
[0.186s] [  0%] Built target visualization_msgs_generate_messages_eus
[0.199s] [  0%] Built target vector_map_msgs_generate_messages_eus
[0.199s] [  0%] Built target autoware_msgs_generate_messages_lisp
[0.211s] [  0%] Built target vector_map_msgs_generate_messages_lisp
[0.217s] [  0%] Built target roscpp_generate_messages_cpp
[0.217s] [  0%] Built target vector_map_msgs_generate_messages_cpp
[0.227s] [  0%] Built target sensor_msgs_generate_messages_nodejs
[0.229s] [  0%] Built target geometry_msgs_generate_messages_eus
[0.233s] [  0%] Built target jsk_recognition_msgs_generate_messages_cpp
[0.264s] [  0%] Built target sensor_msgs_generate_messages_py
[0.264s] [  0%] Built target sensor_msgs_generate_messages_lisp
[0.268s] [  0%] Built target jsk_recognition_msgs_generate_messages_py
[0.272s] [  0%] Built target geometry_msgs_generate_messages_py
[0.272s] [  0%] Built target autoware_msgs_generate_messages_py
[0.280s] [  0%] Built target tablet_socket_msgs_generate_messages_nodejs
[0.280s] [  0%] Built target tf2_msgs_generate_messages_cpp
[0.281s] [  0%] Built target jsk_footstep_msgs_generate_messages_py
[0.301s] [  0%] Built target actionlib_msgs_generate_messages_eus
[0.310s] [  0%] Built target autoware_msgs_generate_messages_nodejs
[0.335s] [  0%] Built target tablet_socket_msgs_generate_messages_py
[0.340s] [  0%] Built target sensor_msgs_generate_messages_eus
[0.345s] [  0%] Built target std_msgs_generate_messages_cpp
[0.351s] [  0%] Built target autoware_config_msgs_generate_messages_py
[0.353s] [  0%] Built target tablet_socket_msgs_generate_messages_cpp
[0.367s] [  0%] Built target autoware_msgs_generate_messages_eus
[0.374s] [  0%] Built target autoware_config_msgs_generate_messages_eus
[0.378s] [  0%] Built target std_msgs_generate_messages_lisp
[0.382s] [  0%] Built target actionlib_msgs_generate_messages_nodejs
[0.399s] [  0%] Built target roscpp_generate_messages_eus
[0.402s] [  0%] Built target rosgraph_msgs_generate_messages_py
[0.402s] [  0%] Built target sensor_msgs_generate_messages_cpp
[0.409s] [  0%] Built target std_msgs_generate_messages_eus
[0.409s] [  0%] Built target tf_generate_messages_py
[0.414s] [  0%] Built target std_msgs_generate_messages_nodejs
[0.416s] [  0%] Built target pcl_msgs_generate_messages_eus
[0.419s] [  0%] Built target rosgraph_msgs_generate_messages_cpp
[0.434s] [  0%] Built target pcl_msgs_generate_messages_nodejs
[0.440s] [  0%] Built target std_msgs_generate_messages_py
[0.453s] [  0%] Built target jsk_footstep_msgs_generate_messages_lisp
[0.475s] [  0%] Built target autoware_msgs_generate_messages_cpp
[0.483s] [  0%] Built target geometry_msgs_generate_messages_nodejs
[0.499s] [  0%] Built target jsk_footstep_msgs_generate_messages_nodejs
[0.509s] [  0%] Built target actionlib_msgs_generate_messages_lisp
[0.510s] [  0%] Built target jsk_footstep_msgs_generate_messages_eus
[0.516s] [  0%] Built target tf_generate_messages_nodejs
[0.523s] [  0%] Built target autoware_config_msgs_generate_messages_lisp
[0.529s] [  0%] Built target jsk_footstep_msgs_generate_messages_cpp
[0.533s] [  0%] Built target roscpp_generate_messages_nodejs
[0.545s] [  0%] Built target actionlib_msgs_generate_messages_py
[0.545s] [  0%] Built target autoware_config_msgs_generate_messages_nodejs
[0.547s] [  0%] Built target jsk_recognition_msgs_generate_messages_nodejs
[0.563s] [  0%] Built target actionlib_msgs_generate_messages_cpp
[0.563s] [  0%] Built target autoware_lanelet2_msgs_generate_messages_nodejs
[0.563s] [  0%] Built target visualization_msgs_generate_messages_lisp
[0.574s] [  0%] Built target autoware_lanelet2_msgs_generate_messages_py
[0.578s] [  0%] Built target geometry_msgs_generate_messages_cpp
[0.590s] [  0%] Built target autoware_lanelet2_msgs_generate_messages_cpp
[0.618s] [  0%] Built target roscpp_generate_messages_lisp
[0.621s] [  0%] Built target tf_generate_messages_lisp
[0.627s] [  0%] Built target actionlib_generate_messages_eus
[0.635s] [  0%] Built target autoware_config_msgs_generate_messages_cpp
[0.635s] [  0%] Built target tablet_socket_msgs_generate_messages_eus
[0.636s] [  0%] Built target tf_generate_messages_eus
[0.648s] [  0%] Built target tf2_msgs_generate_messages_lisp
[0.648s] [  0%] Built target roscpp_generate_messages_py
[0.662s] [  0%] Built target visualization_msgs_generate_messages_cpp
[0.662s] [  0%] Built target actionlib_generate_messages_nodejs
[0.666s] [  0%] Built target rosgraph_msgs_generate_messages_nodejs
[0.674s] [  0%] Built target rosgraph_msgs_generate_messages_lisp
[0.686s] [  0%] Built target tf2_msgs_generate_messages_nodejs
[0.689s] [  0%] Built target tf2_msgs_generate_messages_py
[0.697s] [  0%] Built target pcl_msgs_generate_messages_py
[0.703s] [  0%] Built target tf2_msgs_generate_messages_eus
[0.704s] [  0%] Built target tf_generate_messages_cpp
[0.709s] [  0%] Built target actionlib_generate_messages_py
[0.728s] [  0%] Built target pcl_msgs_generate_messages_lisp
[0.753s] [  0%] Built target actionlib_generate_messages_lisp
[0.760s] [  0%] Built target autoware_lanelet2_msgs_generate_messages_eus
[0.869s] [ 14%] [32m[1mLinking CXX shared library devel/lib/liblane_planner.so[0m
[0.878s] [  7%] [32m[1mLinking CXX executable devel/lib/lane_planner/lane_select[0m
[1.017s] [ 21%] Built target lane_planner
[1.043s] [ 28%] [32m[1mLinking CXX executable devel/lib/lane_planner/lane_rule[0m
[1.045s] [ 35%] [32m[1mLinking CXX executable devel/lib/lane_planner/lane_navi[0m
[1.045s] [ 42%] [32m[1mLinking CXX executable devel/lib/lane_planner/lane_stop[0m
[1.048s] [ 50%] [32m[1mLinking CXX executable devel/lib/lane_planner/lane_rule_lanelet2[0m
[1.146s] [ 71%] Built target lane_select
[1.227s] [ 78%] Built target lane_rule
[1.235s] [ 85%] Built target lane_stop
[1.244s] [ 92%] Built target lane_navi
[1.275s] [100%] Built target lane_rule_lanelet2
[1.294s] Invoked command in '/home/point001/autoware.ai/build/lane_planner' returned '0': CMAKE_PREFIX_PATH=/home/point001/autoware.ai/install/lanelet2_extension:/home/point001/autoware.ai/install/lanelet2_validation:/home/point001/autoware.ai/install/lanelet2_routing:/home/point001/autoware.ai/install/lanelet2_projection:/home/point001/autoware.ai/install/libwaypoint_follower:/home/point001/autoware.ai/install/lanelet2_traffic_rules:/home/point001/autoware.ai/install/lanelet2_maps:/home/point001/autoware.ai/install/lanelet2_io:/home/point001/autoware.ai/install/vector_map:/home/point001/autoware.ai/install/lanelet2_core:/home/point001/autoware.ai/install/amathutils_lib:/home/point001/autoware.ai/install/vector_map_msgs:/home/point001/autoware.ai/install/tablet_socket_msgs:/home/point001/autoware.ai/install/gnss:/home/point001/autoware.ai/install/autoware_msgs:/home/point001/autoware.ai/install/autoware_lanelet2_msgs:/home/point001/autoware.ai/install/autoware_config_msgs:/home/point001/autoware.ai/install/autoware_build_flags:${CMAKE_PREFIX_PATH} LD_LIBRARY_PATH=/home/point001/autoware.ai/install/lanelet2_extension/lib:/home/point001/autoware.ai/install/lanelet2_validation/lib:/home/point001/autoware.ai/install/lanelet2_routing/lib:/home/point001/autoware.ai/install/lanelet2_projection/lib:/home/point001/autoware.ai/install/libwaypoint_follower/lib:/home/point001/autoware.ai/install/lanelet2_traffic_rules/lib:/home/point001/autoware.ai/install/lanelet2_io/lib:/home/point001/autoware.ai/install/vector_map/lib:/home/point001/autoware.ai/install/lanelet2_core/lib:/home/point001/autoware.ai/install/amathutils_lib/lib:/home/point001/autoware.ai/install/gnss/lib:/opt/ros/melodic/lib:/usr/local/cuda-10.0/lib64 PKG_CONFIG_PATH=/home/point001/autoware.ai/install/lanelet2_extension/lib/x86_64-linux-gnu/pkgconfig:/home/point001/autoware.ai/install/lanelet2_extension/lib/pkgconfig:/home/point001/autoware.ai/install/lanelet2_validation/lib/x86_64-linux-gnu/pkgconfig:/home/point001/autoware.ai/install/lanelet2_validation/lib/pkgconfig:/home/point001/autoware.ai/install/lanelet2_routing/lib/x86_64-linux-gnu/pkgconfig:/home/point001/autoware.ai/install/lanelet2_routing/lib/pkgconfig:/home/point001/autoware.ai/install/lanelet2_projection/lib/x86_64-linux-gnu/pkgconfig:/home/point001/autoware.ai/install/lanelet2_projection/lib/pkgconfig:/home/point001/autoware.ai/install/libwaypoint_follower/lib/x86_64-linux-gnu/pkgconfig:/home/point001/autoware.ai/install/libwaypoint_follower/lib/pkgconfig:/home/point001/autoware.ai/install/lanelet2_traffic_rules/lib/x86_64-linux-gnu/pkgconfig:/home/point001/autoware.ai/install/lanelet2_traffic_rules/lib/pkgconfig:/home/point001/autoware.ai/install/lanelet2_maps/lib/x86_64-linux-gnu/pkgconfig:/home/point001/autoware.ai/install/lanelet2_maps/lib/pkgconfig:/home/point001/autoware.ai/install/lanelet2_io/lib/x86_64-linux-gnu/pkgconfig:/home/point001/autoware.ai/install/lanelet2_io/lib/pkgconfig:/home/point001/autoware.ai/install/vector_map/lib/x86_64-linux-gnu/pkgconfig:/home/point001/autoware.ai/install/vector_map/lib/pkgconfig:/home/point001/autoware.ai/install/lanelet2_core/lib/x86_64-linux-gnu/pkgconfig:/home/point001/autoware.ai/install/lanelet2_core/lib/pkgconfig:/home/point001/autoware.ai/install/amathutils_lib/lib/x86_64-linux-gnu/pkgconfig:/home/point001/autoware.ai/install/amathutils_lib/lib/pkgconfig:/home/point001/autoware.ai/install/vector_map_msgs/lib/x86_64-linux-gnu/pkgconfig:/home/point001/autoware.ai/install/vector_map_msgs/lib/pkgconfig:/home/point001/autoware.ai/install/tablet_socket_msgs/lib/x86_64-linux-gnu/pkgconfig:/home/point001/autoware.ai/install/tablet_socket_msgs/lib/pkgconfig:/home/point001/autoware.ai/install/gnss/lib/x86_64-linux-gnu/pkgconfig:/home/point001/autoware.ai/install/gnss/lib/pkgconfig:/home/point001/autoware.ai/install/autoware_msgs/lib/x86_64-linux-gnu/pkgconfig:/home/point001/autoware.ai/install/autoware_msgs/lib/pkgconfig:/home/point001/autoware.ai/install/autoware_lanelet2_msgs/lib/x86_64-linux-gnu/pkgconfig:/home/point001/autoware.ai/install/autoware_lanelet2_msgs/lib/pkgconfig:/home/point001/autoware.ai/install/autoware_config_msgs/lib/x86_64-linux-gnu/pkgconfig:/home/point001/autoware.ai/install/autoware_config_msgs/lib/pkgconfig:/home/point001/autoware.ai/install/autoware_build_flags/lib/x86_64-linux-gnu/pkgconfig:/home/point001/autoware.ai/install/autoware_build_flags/lib/pkgconfig:${PKG_CONFIG_PATH} PYTHONPATH=/home/point001/autoware.ai/install/vector_map_msgs/lib/python2.7/dist-packages:/home/point001/autoware.ai/install/tablet_socket_msgs/lib/python2.7/dist-packages:/home/point001/autoware.ai/install/autoware_msgs/lib/python2.7/dist-packages:/home/point001/autoware.ai/install/autoware_lanelet2_msgs/lib/python2.7/dist-packages:/home/point001/autoware.ai/install/autoware_config_msgs/lib/python2.7/dist-packages:${PYTHONPATH} ROS_PACKAGE_PATH=/home/point001/autoware.ai/install/lanelet2_extension/share:/home/point001/autoware.ai/install/lanelet2_validation/share:/home/point001/autoware.ai/install/lanelet2_routing/share:/home/point001/autoware.ai/install/lanelet2_projection/share:/home/point001/autoware.ai/install/libwaypoint_follower/share:/home/point001/autoware.ai/install/lanelet2_traffic_rules/share:/home/point001/autoware.ai/install/lanelet2_maps/share:/home/point001/autoware.ai/install/lanelet2_io/share:/home/point001/autoware.ai/install/vector_map/share:/home/point001/autoware.ai/install/lanelet2_core/share:/home/point001/autoware.ai/install/amathutils_lib/share:/home/point001/autoware.ai/install/vector_map_msgs/share:/home/point001/autoware.ai/install/tablet_socket_msgs/share:/home/point001/autoware.ai/install/gnss/share:/home/point001/autoware.ai/install/autoware_msgs/share:/home/point001/autoware.ai/install/autoware_lanelet2_msgs/share:/home/point001/autoware.ai/install/autoware_config_msgs/share:/home/point001/autoware.ai/install/autoware_build_flags/share:${ROS_PACKAGE_PATH} /usr/bin/cmake --build /home/point001/autoware.ai/build/lane_planner -- -j24 -l24
[1.760s] Invoking command in '/home/point001/autoware.ai/build/lane_planner': CMAKE_PREFIX_PATH=/home/point001/autoware.ai/install/lanelet2_extension:/home/point001/autoware.ai/install/lanelet2_validation:/home/point001/autoware.ai/install/lanelet2_routing:/home/point001/autoware.ai/install/lanelet2_projection:/home/point001/autoware.ai/install/libwaypoint_follower:/home/point001/autoware.ai/install/lanelet2_traffic_rules:/home/point001/autoware.ai/install/lanelet2_maps:/home/point001/autoware.ai/install/lanelet2_io:/home/point001/autoware.ai/install/vector_map:/home/point001/autoware.ai/install/lanelet2_core:/home/point001/autoware.ai/install/amathutils_lib:/home/point001/autoware.ai/install/vector_map_msgs:/home/point001/autoware.ai/install/tablet_socket_msgs:/home/point001/autoware.ai/install/gnss:/home/point001/autoware.ai/install/autoware_msgs:/home/point001/autoware.ai/install/autoware_lanelet2_msgs:/home/point001/autoware.ai/install/autoware_config_msgs:/home/point001/autoware.ai/install/autoware_build_flags:${CMAKE_PREFIX_PATH} LD_LIBRARY_PATH=/home/point001/autoware.ai/install/lanelet2_extension/lib:/home/point001/autoware.ai/install/lanelet2_validation/lib:/home/point001/autoware.ai/install/lanelet2_routing/lib:/home/point001/autoware.ai/install/lanelet2_projection/lib:/home/point001/autoware.ai/install/libwaypoint_follower/lib:/home/point001/autoware.ai/install/lanelet2_traffic_rules/lib:/home/point001/autoware.ai/install/lanelet2_io/lib:/home/point001/autoware.ai/install/vector_map/lib:/home/point001/autoware.ai/install/lanelet2_core/lib:/home/point001/autoware.ai/install/amathutils_lib/lib:/home/point001/autoware.ai/install/gnss/lib:/opt/ros/melodic/lib:/usr/local/cuda-10.0/lib64 PKG_CONFIG_PATH=/home/point001/autoware.ai/install/lanelet2_extension/lib/x86_64-linux-gnu/pkgconfig:/home/point001/autoware.ai/install/lanelet2_extension/lib/pkgconfig:/home/point001/autoware.ai/install/lanelet2_validation/lib/x86_64-linux-gnu/pkgconfig:/home/point001/autoware.ai/install/lanelet2_validation/lib/pkgconfig:/home/point001/autoware.ai/install/lanelet2_routing/lib/x86_64-linux-gnu/pkgconfig:/home/point001/autoware.ai/install/lanelet2_routing/lib/pkgconfig:/home/point001/autoware.ai/install/lanelet2_projection/lib/x86_64-linux-gnu/pkgconfig:/home/point001/autoware.ai/install/lanelet2_projection/lib/pkgconfig:/home/point001/autoware.ai/install/libwaypoint_follower/lib/x86_64-linux-gnu/pkgconfig:/home/point001/autoware.ai/install/libwaypoint_follower/lib/pkgconfig:/home/point001/autoware.ai/install/lanelet2_traffic_rules/lib/x86_64-linux-gnu/pkgconfig:/home/point001/autoware.ai/install/lanelet2_traffic_rules/lib/pkgconfig:/home/point001/autoware.ai/install/lanelet2_maps/lib/x86_64-linux-gnu/pkgconfig:/home/point001/autoware.ai/install/lanelet2_maps/lib/pkgconfig:/home/point001/autoware.ai/install/lanelet2_io/lib/x86_64-linux-gnu/pkgconfig:/home/point001/autoware.ai/install/lanelet2_io/lib/pkgconfig:/home/point001/autoware.ai/install/vector_map/lib/x86_64-linux-gnu/pkgconfig:/home/point001/autoware.ai/install/vector_map/lib/pkgconfig:/home/point001/autoware.ai/install/lanelet2_core/lib/x86_64-linux-gnu/pkgconfig:/home/point001/autoware.ai/install/lanelet2_core/lib/pkgconfig:/home/point001/autoware.ai/install/amathutils_lib/lib/x86_64-linux-gnu/pkgconfig:/home/point001/autoware.ai/install/amathutils_lib/lib/pkgconfig:/home/point001/autoware.ai/install/vector_map_msgs/lib/x86_64-linux-gnu/pkgconfig:/home/point001/autoware.ai/install/vector_map_msgs/lib/pkgconfig:/home/point001/autoware.ai/install/tablet_socket_msgs/lib/x86_64-linux-gnu/pkgconfig:/home/point001/autoware.ai/install/tablet_socket_msgs/lib/pkgconfig:/home/point001/autoware.ai/install/gnss/lib/x86_64-linux-gnu/pkgconfig:/home/point001/autoware.ai/install/gnss/lib/pkgconfig:/home/point001/autoware.ai/install/autoware_msgs/lib/x86_64-linux-gnu/pkgconfig:/home/point001/autoware.ai/install/autoware_msgs/lib/pkgconfig:/home/point001/autoware.ai/install/autoware_lanelet2_msgs/lib/x86_64-linux-gnu/pkgconfig:/home/point001/autoware.ai/install/autoware_lanelet2_msgs/lib/pkgconfig:/home/point001/autoware.ai/install/autoware_config_msgs/lib/x86_64-linux-gnu/pkgconfig:/home/point001/autoware.ai/install/autoware_config_msgs/lib/pkgconfig:/home/point001/autoware.ai/install/autoware_build_flags/lib/x86_64-linux-gnu/pkgconfig:/home/point001/autoware.ai/install/autoware_build_flags/lib/pkgconfig:${PKG_CONFIG_PATH} PYTHONPATH=/home/point001/autoware.ai/install/vector_map_msgs/lib/python2.7/dist-packages:/home/point001/autoware.ai/install/tablet_socket_msgs/lib/python2.7/dist-packages:/home/point001/autoware.ai/install/autoware_msgs/lib/python2.7/dist-packages:/home/point001/autoware.ai/install/autoware_lanelet2_msgs/lib/python2.7/dist-packages:/home/point001/autoware.ai/install/autoware_config_msgs/lib/python2.7/dist-packages:${PYTHONPATH} ROS_PACKAGE_PATH=/home/point001/autoware.ai/install/lanelet2_extension/share:/home/point001/autoware.ai/install/lanelet2_validation/share:/home/point001/autoware.ai/install/lanelet2_routing/share:/home/point001/autoware.ai/install/lanelet2_projection/share:/home/point001/autoware.ai/install/libwaypoint_follower/share:/home/point001/autoware.ai/install/lanelet2_traffic_rules/share:/home/point001/autoware.ai/install/lanelet2_maps/share:/home/point001/autoware.ai/install/lanelet2_io/share:/home/point001/autoware.ai/install/vector_map/share:/home/point001/autoware.ai/install/lanelet2_core/share:/home/point001/autoware.ai/install/amathutils_lib/share:/home/point001/autoware.ai/install/vector_map_msgs/share:/home/point001/autoware.ai/install/tablet_socket_msgs/share:/home/point001/autoware.ai/install/gnss/share:/home/point001/autoware.ai/install/autoware_msgs/share:/home/point001/autoware.ai/install/autoware_lanelet2_msgs/share:/home/point001/autoware.ai/install/autoware_config_msgs/share:/home/point001/autoware.ai/install/autoware_build_flags/share:${ROS_PACKAGE_PATH} /usr/bin/cmake --build /home/point001/autoware.ai/build/lane_planner --target tests -- -j24 -l24
[1.888s] [  0%] Built target vector_map_msgs_generate_messages_eus
[1.891s] [  0%] Built target vector_map_msgs_generate_messages_lisp
[1.895s] [  0%] Built target visualization_msgs_generate_messages_nodejs
[1.899s] [  0%] Built target rosgraph_msgs_generate_messages_eus
[1.899s] [  0%] Built target geometry_msgs_generate_messages_eus
[1.911s] [ 33%] Built target gtest
[1.911s] [ 33%] Built target vector_map_msgs_generate_messages_cpp
[1.911s] [ 33%] Built target tf2_msgs_generate_messages_cpp
[1.911s] [ 33%] Built target visualization_msgs_generate_messages_py
[1.912s] [ 33%] Built target tablet_socket_msgs_generate_messages_lisp
[1.915s] [ 33%] Built target roscpp_generate_messages_cpp
[1.916s] [ 33%] Built target actionlib_generate_messages_cpp
[1.916s] [ 33%] Built target sensor_msgs_generate_messages_nodejs
[1.916s] [ 33%] Built target visualization_msgs_generate_messages_eus
[1.917s] [ 33%] Built target vector_map_msgs_generate_messages_nodejs
[1.921s] [ 33%] Built target autoware_msgs_generate_messages_lisp
[1.921s] [ 33%] Built target jsk_recognition_msgs_generate_messages_lisp
[1.932s] [ 33%] Built target jsk_recognition_msgs_generate_messages_cpp
[1.932s] [ 33%] Built target geometry_msgs_generate_messages_py
[1.932s] [ 33%] Built target geometry_msgs_generate_messages_lisp
[1.942s] [ 33%] Built target jsk_recognition_msgs_generate_messages_eus
[1.942s] [ 33%] Built target pcl_msgs_generate_messages_cpp
[1.943s] [ 33%] Built target sensor_msgs_generate_messages_lisp
[1.945s] [ 33%] Built target tf_generate_messages_py
[1.947s] [ 33%] Built target jsk_recognition_msgs_generate_messages_py
[1.954s] [ 33%] Built target tablet_socket_msgs_generate_messages_py
[1.964s] [ 33%] Built target autoware_msgs_generate_messages_eus
[1.964s] [ 33%] Built target vector_map_msgs_generate_messages_py
[1.973s] [ 33%] Built target geometry_msgs_generate_messages_nodejs
[1.974s] [ 33%] Built target actionlib_msgs_generate_messages_nodejs
[1.975s] [ 33%] Built target std_msgs_generate_messages_eus
[1.977s] [ 33%] Built target tablet_socket_msgs_generate_messages_nodejs
[1.978s] [ 33%] Built target autoware_msgs_generate_messages_py
[1.985s] [ 33%] Built target std_msgs_generate_messages_cpp
[1.989s] [ 33%] Built target actionlib_msgs_generate_messages_eus
[1.992s] [ 33%] Built target roscpp_generate_messages_eus
[1.994s] [ 33%] Built target sensor_msgs_generate_messages_py
[2.001s] [ 33%] Built target roscpp_generate_messages_nodejs
[2.010s] [ 33%] Built target visualization_msgs_generate_messages_lisp
[2.011s] [ 33%] Built target jsk_footstep_msgs_generate_messages_py
[2.012s] [ 33%] Built target autoware_msgs_generate_messages_nodejs
[2.012s] [ 33%] Built target std_msgs_generate_messages_nodejs
[2.013s] [ 33%] Built target autoware_config_msgs_generate_messages_eus
[2.013s] [ 33%] Built target autoware_config_msgs_generate_messages_py
[2.017s] [ 33%] Built target std_msgs_generate_messages_lisp
[2.018s] [ 33%] Built target autoware_config_msgs_generate_messages_lisp
[2.021s] [ 33%] Built target rosgraph_msgs_generate_messages_py
[2.023s] [ 33%] Built target sensor_msgs_generate_messages_cpp
[2.024s] [ 33%] Built target tablet_socket_msgs_generate_messages_cpp
[2.026s] [ 33%] Built target std_msgs_generate_messages_py
[2.031s] [ 33%] Built target rosgraph_msgs_generate_messages_cpp
[2.035s] [ 33%] Built target autoware_msgs_generate_messages_cpp
[2.049s] [ 33%] Built target sensor_msgs_generate_messages_eus
[2.051s] [ 33%] Built target actionlib_msgs_generate_messages_lisp
[2.051s] [ 33%] Built target pcl_msgs_generate_messages_eus
[2.052s] [ 33%] Built target pcl_msgs_generate_messages_nodejs
[2.053s] [ 33%] Built target tf_generate_messages_nodejs
[2.064s] [ 33%] Built target jsk_footstep_msgs_generate_messages_eus
[2.064s] [ 33%] Built target tf_generate_messages_eus
[2.065s] [ 33%] Built target actionlib_msgs_generate_messages_py
[2.067s] [ 33%] Built target roscpp_generate_messages_lisp
[2.070s] [ 33%] Built target jsk_footstep_msgs_generate_messages_lisp
[2.076s] [ 33%] Built target jsk_footstep_msgs_generate_messages_nodejs
[2.077s] [ 33%] Built target jsk_footstep_msgs_generate_messages_cpp
[2.078s] [ 33%] Built target autoware_config_msgs_generate_messages_nodejs
[2.079s] [ 33%] Built target autoware_lanelet2_msgs_generate_messages_cpp
[2.080s] [ 33%] Built target tf_generate_messages_lisp
[2.083s] [ 33%] Built target roscpp_generate_messages_py
[2.088s] [ 33%] Built target autoware_lanelet2_msgs_generate_messages_py
[2.089s] [ 33%] Built target autoware_config_msgs_generate_messages_cpp
[2.095s] [ 33%] Built target autoware_lanelet2_msgs_generate_messages_nodejs
[2.095s] [ 33%] Built target actionlib_msgs_generate_messages_cpp
[2.100s] [ 33%] Built target jsk_recognition_msgs_generate_messages_nodejs
[2.103s] [ 33%] Built target rosgraph_msgs_generate_messages_nodejs
[2.103s] [ 33%] Built target actionlib_generate_messages_eus
[2.107s] [ 33%] Built target actionlib_generate_messages_lisp
[2.108s] [ 33%] Built target geometry_msgs_generate_messages_cpp
[2.112s] [ 33%] Built target actionlib_generate_messages_nodejs
[2.112s] [ 33%] Built target tf2_msgs_generate_messages_eus
[2.113s] [ 33%] Built target tf_generate_messages_cpp
[2.114s] [ 33%] Built target tf2_msgs_generate_messages_lisp
[2.115s] [ 33%] Built target pcl_msgs_generate_messages_lisp
[2.115s] [ 33%] Built target rosgraph_msgs_generate_messages_lisp
[2.120s] [ 33%] Built target tablet_socket_msgs_generate_messages_eus
[2.120s] [ 33%] Built target tf2_msgs_generate_messages_nodejs
[2.122s] [ 33%] Built target visualization_msgs_generate_messages_cpp
[2.123s] [ 33%] Built target autoware_lanelet2_msgs_generate_messages_lisp
[2.124s] [ 33%] Built target pcl_msgs_generate_messages_py
[2.127s] [ 33%] Built target tf2_msgs_generate_messages_py
[2.131s] [ 33%] Built target autoware_lanelet2_msgs_generate_messages_eus
[2.132s] [ 33%] Built target actionlib_generate_messages_py
[2.163s] [ 50%] [32m[1mLinking CXX executable devel/lib/lane_planner/test-lane_select[0m
[2.432s] [100%] Built target test-lane_select
[2.565s] [100%] Built target tests
[2.593s] Invoked command in '/home/point001/autoware.ai/build/lane_planner' returned '0': CMAKE_PREFIX_PATH=/home/point001/autoware.ai/install/lanelet2_extension:/home/point001/autoware.ai/install/lanelet2_validation:/home/point001/autoware.ai/install/lanelet2_routing:/home/point001/autoware.ai/install/lanelet2_projection:/home/point001/autoware.ai/install/libwaypoint_follower:/home/point001/autoware.ai/install/lanelet2_traffic_rules:/home/point001/autoware.ai/install/lanelet2_maps:/home/point001/autoware.ai/install/lanelet2_io:/home/point001/autoware.ai/install/vector_map:/home/point001/autoware.ai/install/lanelet2_core:/home/point001/autoware.ai/install/amathutils_lib:/home/point001/autoware.ai/install/vector_map_msgs:/home/point001/autoware.ai/install/tablet_socket_msgs:/home/point001/autoware.ai/install/gnss:/home/point001/autoware.ai/install/autoware_msgs:/home/point001/autoware.ai/install/autoware_lanelet2_msgs:/home/point001/autoware.ai/install/autoware_config_msgs:/home/point001/autoware.ai/install/autoware_build_flags:${CMAKE_PREFIX_PATH} LD_LIBRARY_PATH=/home/point001/autoware.ai/install/lanelet2_extension/lib:/home/point001/autoware.ai/install/lanelet2_validation/lib:/home/point001/autoware.ai/install/lanelet2_routing/lib:/home/point001/autoware.ai/install/lanelet2_projection/lib:/home/point001/autoware.ai/install/libwaypoint_follower/lib:/home/point001/autoware.ai/install/lanelet2_traffic_rules/lib:/home/point001/autoware.ai/install/lanelet2_io/lib:/home/point001/autoware.ai/install/vector_map/lib:/home/point001/autoware.ai/install/lanelet2_core/lib:/home/point001/autoware.ai/install/amathutils_lib/lib:/home/point001/autoware.ai/install/gnss/lib:/opt/ros/melodic/lib:/usr/local/cuda-10.0/lib64 PKG_CONFIG_PATH=/home/point001/autoware.ai/install/lanelet2_extension/lib/x86_64-linux-gnu/pkgconfig:/home/point001/autoware.ai/install/lanelet2_extension/lib/pkgconfig:/home/point001/autoware.ai/install/lanelet2_validation/lib/x86_64-linux-gnu/pkgconfig:/home/point001/autoware.ai/install/lanelet2_validation/lib/pkgconfig:/home/point001/autoware.ai/install/lanelet2_routing/lib/x86_64-linux-gnu/pkgconfig:/home/point001/autoware.ai/install/lanelet2_routing/lib/pkgconfig:/home/point001/autoware.ai/install/lanelet2_projection/lib/x86_64-linux-gnu/pkgconfig:/home/point001/autoware.ai/install/lanelet2_projection/lib/pkgconfig:/home/point001/autoware.ai/install/libwaypoint_follower/lib/x86_64-linux-gnu/pkgconfig:/home/point001/autoware.ai/install/libwaypoint_follower/lib/pkgconfig:/home/point001/autoware.ai/install/lanelet2_traffic_rules/lib/x86_64-linux-gnu/pkgconfig:/home/point001/autoware.ai/install/lanelet2_traffic_rules/lib/pkgconfig:/home/point001/autoware.ai/install/lanelet2_maps/lib/x86_64-linux-gnu/pkgconfig:/home/point001/autoware.ai/install/lanelet2_maps/lib/pkgconfig:/home/point001/autoware.ai/install/lanelet2_io/lib/x86_64-linux-gnu/pkgconfig:/home/point001/autoware.ai/install/lanelet2_io/lib/pkgconfig:/home/point001/autoware.ai/install/vector_map/lib/x86_64-linux-gnu/pkgconfig:/home/point001/autoware.ai/install/vector_map/lib/pkgconfig:/home/point001/autoware.ai/install/lanelet2_core/lib/x86_64-linux-gnu/pkgconfig:/home/point001/autoware.ai/install/lanelet2_core/lib/pkgconfig:/home/point001/autoware.ai/install/amathutils_lib/lib/x86_64-linux-gnu/pkgconfig:/home/point001/autoware.ai/install/amathutils_lib/lib/pkgconfig:/home/point001/autoware.ai/install/vector_map_msgs/lib/x86_64-linux-gnu/pkgconfig:/home/point001/autoware.ai/install/vector_map_msgs/lib/pkgconfig:/home/point001/autoware.ai/install/tablet_socket_msgs/lib/x86_64-linux-gnu/pkgconfig:/home/point001/autoware.ai/install/tablet_socket_msgs/lib/pkgconfig:/home/point001/autoware.ai/install/gnss/lib/x86_64-linux-gnu/pkgconfig:/home/point001/autoware.ai/install/gnss/lib/pkgconfig:/home/point001/autoware.ai/install/autoware_msgs/lib/x86_64-linux-gnu/pkgconfig:/home/point001/autoware.ai/install/autoware_msgs/lib/pkgconfig:/home/point001/autoware.ai/install/autoware_lanelet2_msgs/lib/x86_64-linux-gnu/pkgconfig:/home/point001/autoware.ai/install/autoware_lanelet2_msgs/lib/pkgconfig:/home/point001/autoware.ai/install/autoware_config_msgs/lib/x86_64-linux-gnu/pkgconfig:/home/point001/autoware.ai/install/autoware_config_msgs/lib/pkgconfig:/home/point001/autoware.ai/install/autoware_build_flags/lib/x86_64-linux-gnu/pkgconfig:/home/point001/autoware.ai/install/autoware_build_flags/lib/pkgconfig:${PKG_CONFIG_PATH} PYTHONPATH=/home/point001/autoware.ai/install/vector_map_msgs/lib/python2.7/dist-packages:/home/point001/autoware.ai/install/tablet_socket_msgs/lib/python2.7/dist-packages:/home/point001/autoware.ai/install/autoware_msgs/lib/python2.7/dist-packages:/home/point001/autoware.ai/install/autoware_lanelet2_msgs/lib/python2.7/dist-packages:/home/point001/autoware.ai/install/autoware_config_msgs/lib/python2.7/dist-packages:${PYTHONPATH} ROS_PACKAGE_PATH=/home/point001/autoware.ai/install/lanelet2_extension/share:/home/point001/autoware.ai/install/lanelet2_validation/share:/home/point001/autoware.ai/install/lanelet2_routing/share:/home/point001/autoware.ai/install/lanelet2_projection/share:/home/point001/autoware.ai/install/libwaypoint_follower/share:/home/point001/autoware.ai/install/lanelet2_traffic_rules/share:/home/point001/autoware.ai/install/lanelet2_maps/share:/home/point001/autoware.ai/install/lanelet2_io/share:/home/point001/autoware.ai/install/vector_map/share:/home/point001/autoware.ai/install/lanelet2_core/share:/home/point001/autoware.ai/install/amathutils_lib/share:/home/point001/autoware.ai/install/vector_map_msgs/share:/home/point001/autoware.ai/install/tablet_socket_msgs/share:/home/point001/autoware.ai/install/gnss/share:/home/point001/autoware.ai/install/autoware_msgs/share:/home/point001/autoware.ai/install/autoware_lanelet2_msgs/share:/home/point001/autoware.ai/install/autoware_config_msgs/share:/home/point001/autoware.ai/install/autoware_build_flags/share:${ROS_PACKAGE_PATH} /usr/bin/cmake --build /home/point001/autoware.ai/build/lane_planner --target tests -- -j24 -l24
[3.073s] Invoking command in '/home/point001/autoware.ai/build/lane_planner': CMAKE_PREFIX_PATH=/home/point001/autoware.ai/install/lanelet2_extension:/home/point001/autoware.ai/install/lanelet2_validation:/home/point001/autoware.ai/install/lanelet2_routing:/home/point001/autoware.ai/install/lanelet2_projection:/home/point001/autoware.ai/install/libwaypoint_follower:/home/point001/autoware.ai/install/lanelet2_traffic_rules:/home/point001/autoware.ai/install/lanelet2_maps:/home/point001/autoware.ai/install/lanelet2_io:/home/point001/autoware.ai/install/vector_map:/home/point001/autoware.ai/install/lanelet2_core:/home/point001/autoware.ai/install/amathutils_lib:/home/point001/autoware.ai/install/vector_map_msgs:/home/point001/autoware.ai/install/tablet_socket_msgs:/home/point001/autoware.ai/install/gnss:/home/point001/autoware.ai/install/autoware_msgs:/home/point001/autoware.ai/install/autoware_lanelet2_msgs:/home/point001/autoware.ai/install/autoware_config_msgs:/home/point001/autoware.ai/install/autoware_build_flags:${CMAKE_PREFIX_PATH} LD_LIBRARY_PATH=/home/point001/autoware.ai/install/lanelet2_extension/lib:/home/point001/autoware.ai/install/lanelet2_validation/lib:/home/point001/autoware.ai/install/lanelet2_routing/lib:/home/point001/autoware.ai/install/lanelet2_projection/lib:/home/point001/autoware.ai/install/libwaypoint_follower/lib:/home/point001/autoware.ai/install/lanelet2_traffic_rules/lib:/home/point001/autoware.ai/install/lanelet2_io/lib:/home/point001/autoware.ai/install/vector_map/lib:/home/point001/autoware.ai/install/lanelet2_core/lib:/home/point001/autoware.ai/install/amathutils_lib/lib:/home/point001/autoware.ai/install/gnss/lib:/opt/ros/melodic/lib:/usr/local/cuda-10.0/lib64 PKG_CONFIG_PATH=/home/point001/autoware.ai/install/lanelet2_extension/lib/x86_64-linux-gnu/pkgconfig:/home/point001/autoware.ai/install/lanelet2_extension/lib/pkgconfig:/home/point001/autoware.ai/install/lanelet2_validation/lib/x86_64-linux-gnu/pkgconfig:/home/point001/autoware.ai/install/lanelet2_validation/lib/pkgconfig:/home/point001/autoware.ai/install/lanelet2_routing/lib/x86_64-linux-gnu/pkgconfig:/home/point001/autoware.ai/install/lanelet2_routing/lib/pkgconfig:/home/point001/autoware.ai/install/lanelet2_projection/lib/x86_64-linux-gnu/pkgconfig:/home/point001/autoware.ai/install/lanelet2_projection/lib/pkgconfig:/home/point001/autoware.ai/install/libwaypoint_follower/lib/x86_64-linux-gnu/pkgconfig:/home/point001/autoware.ai/install/libwaypoint_follower/lib/pkgconfig:/home/point001/autoware.ai/install/lanelet2_traffic_rules/lib/x86_64-linux-gnu/pkgconfig:/home/point001/autoware.ai/install/lanelet2_traffic_rules/lib/pkgconfig:/home/point001/autoware.ai/install/lanelet2_maps/lib/x86_64-linux-gnu/pkgconfig:/home/point001/autoware.ai/install/lanelet2_maps/lib/pkgconfig:/home/point001/autoware.ai/install/lanelet2_io/lib/x86_64-linux-gnu/pkgconfig:/home/point001/autoware.ai/install/lanelet2_io/lib/pkgconfig:/home/point001/autoware.ai/install/vector_map/lib/x86_64-linux-gnu/pkgconfig:/home/point001/autoware.ai/install/vector_map/lib/pkgconfig:/home/point001/autoware.ai/install/lanelet2_core/lib/x86_64-linux-gnu/pkgconfig:/home/point001/autoware.ai/install/lanelet2_core/lib/pkgconfig:/home/point001/autoware.ai/install/amathutils_lib/lib/x86_64-linux-gnu/pkgconfig:/home/point001/autoware.ai/install/amathutils_lib/lib/pkgconfig:/home/point001/autoware.ai/install/vector_map_msgs/lib/x86_64-linux-gnu/pkgconfig:/home/point001/autoware.ai/install/vector_map_msgs/lib/pkgconfig:/home/point001/autoware.ai/install/tablet_socket_msgs/lib/x86_64-linux-gnu/pkgconfig:/home/point001/autoware.ai/install/tablet_socket_msgs/lib/pkgconfig:/home/point001/autoware.ai/install/gnss/lib/x86_64-linux-gnu/pkgconfig:/home/point001/autoware.ai/install/gnss/lib/pkgconfig:/home/point001/autoware.ai/install/autoware_msgs/lib/x86_64-linux-gnu/pkgconfig:/home/point001/autoware.ai/install/autoware_msgs/lib/pkgconfig:/home/point001/autoware.ai/install/autoware_lanelet2_msgs/lib/x86_64-linux-gnu/pkgconfig:/home/point001/autoware.ai/install/autoware_lanelet2_msgs/lib/pkgconfig:/home/point001/autoware.ai/install/autoware_config_msgs/lib/x86_64-linux-gnu/pkgconfig:/home/point001/autoware.ai/install/autoware_config_msgs/lib/pkgconfig:/home/point001/autoware.ai/install/autoware_build_flags/lib/x86_64-linux-gnu/pkgconfig:/home/point001/autoware.ai/install/autoware_build_flags/lib/pkgconfig:${PKG_CONFIG_PATH} PYTHONPATH=/home/point001/autoware.ai/install/vector_map_msgs/lib/python2.7/dist-packages:/home/point001/autoware.ai/install/tablet_socket_msgs/lib/python2.7/dist-packages:/home/point001/autoware.ai/install/autoware_msgs/lib/python2.7/dist-packages:/home/point001/autoware.ai/install/autoware_lanelet2_msgs/lib/python2.7/dist-packages:/home/point001/autoware.ai/install/autoware_config_msgs/lib/python2.7/dist-packages:${PYTHONPATH} ROS_PACKAGE_PATH=/home/point001/autoware.ai/install/lanelet2_extension/share:/home/point001/autoware.ai/install/lanelet2_validation/share:/home/point001/autoware.ai/install/lanelet2_routing/share:/home/point001/autoware.ai/install/lanelet2_projection/share:/home/point001/autoware.ai/install/libwaypoint_follower/share:/home/point001/autoware.ai/install/lanelet2_traffic_rules/share:/home/point001/autoware.ai/install/lanelet2_maps/share:/home/point001/autoware.ai/install/lanelet2_io/share:/home/point001/autoware.ai/install/vector_map/share:/home/point001/autoware.ai/install/lanelet2_core/share:/home/point001/autoware.ai/install/amathutils_lib/share:/home/point001/autoware.ai/install/vector_map_msgs/share:/home/point001/autoware.ai/install/tablet_socket_msgs/share:/home/point001/autoware.ai/install/gnss/share:/home/point001/autoware.ai/install/autoware_msgs/share:/home/point001/autoware.ai/install/autoware_lanelet2_msgs/share:/home/point001/autoware.ai/install/autoware_config_msgs/share:/home/point001/autoware.ai/install/autoware_build_flags/share:${ROS_PACKAGE_PATH} /usr/bin/cmake --build /home/point001/autoware.ai/build/lane_planner --target install -- -j24 -l24
[3.157s] [  0%] Built target autoware_msgs_generate_messages_lisp
[3.158s] [  0%] Built target roscpp_generate_messages_cpp
[3.158s] [  0%] Built target geometry_msgs_generate_messages_py
[3.165s] [  0%] Built target visualization_msgs_generate_messages_eus
[3.165s] [  0%] Built target vector_map_msgs_generate_messages_py
[3.166s] [  0%] Built target tablet_socket_msgs_generate_messages_lisp
[3.167s] [  0%] Built target vector_map_msgs_generate_messages_lisp
[3.167s] [  0%] Built target sensor_msgs_generate_messages_lisp
[3.167s] [  0%] Built target actionlib_generate_messages_cpp
[3.170s] [  0%] Built target visualization_msgs_generate_messages_py
[3.172s] [  0%] Built target rosgraph_msgs_generate_messages_eus
[3.172s] [  0%] Built target vector_map_msgs_generate_messages_eus
[3.174s] [  0%] Built target jsk_recognition_msgs_generate_messages_lisp
[3.175s] [  0%] Built target tf2_msgs_generate_messages_cpp
[3.177s] [  0%] Built target geometry_msgs_generate_messages_lisp
[3.181s] [  0%] Built target autoware_lanelet2_msgs_generate_messages_lisp
[3.183s] [  0%] Built target jsk_recognition_msgs_generate_messages_cpp
[3.185s] [  0%] Built target vector_map_msgs_generate_messages_nodejs
[3.185s] [  0%] Built target jsk_recognition_msgs_generate_messages_eus
[3.192s] [  0%] Built target vector_map_msgs_generate_messages_cpp
[3.194s] [  0%] Built target geometry_msgs_generate_messages_eus
[3.196s] [  0%] Built target pcl_msgs_generate_messages_cpp
[3.197s] [  0%] Built target visualization_msgs_generate_messages_nodejs
[3.199s] [  0%] Built target sensor_msgs_generate_messages_nodejs
[3.202s] [  0%] Built target jsk_recognition_msgs_generate_messages_py
[3.202s] [  0%] Built target tf_generate_messages_py
[3.209s] [  0%] Built target tablet_socket_msgs_generate_messages_py
[3.213s] [  0%] Built target std_msgs_generate_messages_py
[3.213s] [  0%] Built target autoware_msgs_generate_messages_eus
[3.216s] [  0%] Built target rosgraph_msgs_generate_messages_py
[3.217s] [  0%] Built target autoware_msgs_generate_messages_py
[3.219s] [  0%] Built target std_msgs_generate_messages_cpp
[3.222s] [  0%] Built target visualization_msgs_generate_messages_lisp
[3.223s] [  0%] Built target jsk_footstep_msgs_generate_messages_py
[3.224s] [  0%] Built target autoware_config_msgs_generate_messages_py
[3.231s] [  0%] Built target actionlib_msgs_generate_messages_eus
[3.234s] [  0%] Built target geometry_msgs_generate_messages_nodejs
[3.236s] [  0%] Built target tablet_socket_msgs_generate_messages_nodejs
[3.236s] [  0%] Built target roscpp_generate_messages_eus
[3.243s] [  0%] Built target autoware_config_msgs_generate_messages_lisp
[3.243s] [  0%] Built target actionlib_msgs_generate_messages_nodejs
[3.244s] [  0%] Built target sensor_msgs_generate_messages_cpp
[3.253s] [  0%] Built target std_msgs_generate_messages_lisp
[3.253s] [  0%] Built target std_msgs_generate_messages_eus
[3.253s] [  0%] Built target sensor_msgs_generate_messages_py
[3.254s] [  0%] Built target autoware_msgs_generate_messages_nodejs
[3.255s] [  0%] Built target autoware_msgs_generate_messages_cpp
[3.255s] [  0%] Built target roscpp_generate_messages_nodejs
[3.257s] [  0%] Built target rosgraph_msgs_generate_messages_cpp
[3.262s] [  0%] Built target sensor_msgs_generate_messages_eus
[3.262s] [  0%] Built target std_msgs_generate_messages_nodejs
[3.263s] [  0%] Built target autoware_config_msgs_generate_messages_eus
[3.268s] [  0%] Built target jsk_footstep_msgs_generate_messages_nodejs
[3.269s] [  0%] Built target pcl_msgs_generate_messages_nodejs
[3.271s] [  0%] Built target jsk_footstep_msgs_generate_messages_lisp
[3.271s] [  0%] Built target jsk_footstep_msgs_generate_messages_eus
[3.271s] [  0%] Built target tf_generate_messages_eus
[3.271s] [  0%] Built target actionlib_msgs_generate_messages_py
[3.271s] [  0%] Built target pcl_msgs_generate_messages_eus
[3.273s] [  0%] Built target tf_generate_messages_lisp
[3.273s] [  0%] Built target actionlib_msgs_generate_messages_cpp
[3.274s] [  0%] Built target jsk_footstep_msgs_generate_messages_cpp
[3.277s] [  0%] Built target actionlib_msgs_generate_messages_lisp
[3.277s] [  0%] Built target tablet_socket_msgs_generate_messages_cpp
[3.278s] [  0%] Built target autoware_lanelet2_msgs_generate_messages_py
[3.281s] [  0%] Built target tf_generate_messages_nodejs
[3.283s] [  0%] Built target jsk_recognition_msgs_generate_messages_nodejs
[3.283s] [  0%] Built target autoware_lanelet2_msgs_generate_messages_cpp
[3.284s] [  0%] Built target roscpp_generate_messages_lisp
[3.288s] [  0%] Built target roscpp_generate_messages_py
[3.288s] [  0%] Built target autoware_config_msgs_generate_messages_nodejs
[3.290s] [  0%] Built target autoware_config_msgs_generate_messages_cpp
[3.291s] [  0%] Built target rosgraph_msgs_generate_messages_lisp
[3.293s] [  0%] Built target autoware_lanelet2_msgs_generate_messages_nodejs
[3.294s] [  0%] Built target rosgraph_msgs_generate_messages_nodejs
[3.296s] [  0%] Built target geometry_msgs_generate_messages_cpp
[3.296s] [  0%] Built target pcl_msgs_generate_messages_py
[3.297s] [  0%] Built target actionlib_generate_messages_lisp
[3.298s] [  0%] Built target tf_generate_messages_cpp
[3.298s] [  0%] Built target actionlib_generate_messages_nodejs
[3.299s] [  0%] Built target pcl_msgs_generate_messages_lisp
[3.300s] [  0%] Built target actionlib_generate_messages_eus
[3.302s] [  0%] Built target tf2_msgs_generate_messages_eus
[3.303s] [  0%] Built target visualization_msgs_generate_messages_cpp
[3.307s] [  0%] Built target tf2_msgs_generate_messages_lisp
[3.307s] [  0%] Built target actionlib_generate_messages_py
[3.308s] [  0%] Built target tablet_socket_msgs_generate_messages_eus
[3.308s] [  0%] Built target autoware_lanelet2_msgs_generate_messages_eus
[3.310s] [  0%] Built target tf2_msgs_generate_messages_py
[3.312s] [  0%] Built target tf2_msgs_generate_messages_nodejs
[3.351s] [ 14%] Built target lane_planner
[3.359s] [ 42%] Built target lane_select
[3.391s] [ 57%] Built target lane_stop
[3.393s] [ 71%] Built target lane_navi
[3.399s] [ 85%] Built target lane_rule
[3.405s] [100%] Built target lane_rule_lanelet2
[3.437s] [36mInstall the project...[0m
[3.448s] -- Install configuration: "Release"
[3.448s] -- Up-to-date: /home/point001/autoware.ai/install/lane_planner/lib/pkgconfig/lane_planner.pc
[3.448s] -- Up-to-date: /home/point001/autoware.ai/install/lane_planner/share/lane_planner/cmake/lane_plannerConfig.cmake
[3.448s] -- Up-to-date: /home/point001/autoware.ai/install/lane_planner/share/lane_planner/cmake/lane_plannerConfig-version.cmake
[3.448s] -- Up-to-date: /home/point001/autoware.ai/install/lane_planner/share/lane_planner/package.xml
[3.449s] -- Up-to-date: /home/point001/autoware.ai/install/lane_planner/include/lane_planner
[3.449s] -- Up-to-date: /home/point001/autoware.ai/install/lane_planner/include/lane_planner/lane_planner_vmap.hpp
[3.449s] -- Installing: /home/point001/autoware.ai/install/lane_planner/lib/lane_planner/lane_navi
[3.449s] -- Set runtime path of "/home/point001/autoware.ai/install/lane_planner/lib/lane_planner/lane_navi" to ""
[3.449s] -- Installing: /home/point001/autoware.ai/install/lane_planner/lib/liblane_planner.so
[3.449s] -- Set runtime path of "/home/point001/autoware.ai/install/lane_planner/lib/liblane_planner.so" to ""
[3.450s] -- Installing: /home/point001/autoware.ai/install/lane_planner/lib/lane_planner/lane_rule
[3.450s] -- Set runtime path of "/home/point001/autoware.ai/install/lane_planner/lib/lane_planner/lane_rule" to ""
[3.450s] -- Installing: /home/point001/autoware.ai/install/lane_planner/lib/lane_planner/lane_rule_lanelet2
[3.451s] -- Set runtime path of "/home/point001/autoware.ai/install/lane_planner/lib/lane_planner/lane_rule_lanelet2" to ""
[3.451s] -- Installing: /home/point001/autoware.ai/install/lane_planner/lib/lane_planner/lane_select
[3.452s] -- Set runtime path of "/home/point001/autoware.ai/install/lane_planner/lib/lane_planner/lane_select" to ""
[3.452s] -- Installing: /home/point001/autoware.ai/install/lane_planner/lib/lane_planner/lane_stop
[3.453s] -- Set runtime path of "/home/point001/autoware.ai/install/lane_planner/lib/lane_planner/lane_stop" to ""
[3.453s] -- Up-to-date: /home/point001/autoware.ai/install/lane_planner/share/lane_planner/launch
[3.453s] -- Up-to-date: /home/point001/autoware.ai/install/lane_planner/share/lane_planner/launch/lane_rule_option.launch
[3.453s] -- Up-to-date: /home/point001/autoware.ai/install/lane_planner/share/lane_planner/launch/lane_navi.launch
[3.453s] -- Up-to-date: /home/point001/autoware.ai/install/lane_planner/share/lane_planner/launch/lane_select.launch
[3.457s] Invoked command in '/home/point001/autoware.ai/build/lane_planner' returned '0': CMAKE_PREFIX_PATH=/home/point001/autoware.ai/install/lanelet2_extension:/home/point001/autoware.ai/install/lanelet2_validation:/home/point001/autoware.ai/install/lanelet2_routing:/home/point001/autoware.ai/install/lanelet2_projection:/home/point001/autoware.ai/install/libwaypoint_follower:/home/point001/autoware.ai/install/lanelet2_traffic_rules:/home/point001/autoware.ai/install/lanelet2_maps:/home/point001/autoware.ai/install/lanelet2_io:/home/point001/autoware.ai/install/vector_map:/home/point001/autoware.ai/install/lanelet2_core:/home/point001/autoware.ai/install/amathutils_lib:/home/point001/autoware.ai/install/vector_map_msgs:/home/point001/autoware.ai/install/tablet_socket_msgs:/home/point001/autoware.ai/install/gnss:/home/point001/autoware.ai/install/autoware_msgs:/home/point001/autoware.ai/install/autoware_lanelet2_msgs:/home/point001/autoware.ai/install/autoware_config_msgs:/home/point001/autoware.ai/install/autoware_build_flags:${CMAKE_PREFIX_PATH} LD_LIBRARY_PATH=/home/point001/autoware.ai/install/lanelet2_extension/lib:/home/point001/autoware.ai/install/lanelet2_validation/lib:/home/point001/autoware.ai/install/lanelet2_routing/lib:/home/point001/autoware.ai/install/lanelet2_projection/lib:/home/point001/autoware.ai/install/libwaypoint_follower/lib:/home/point001/autoware.ai/install/lanelet2_traffic_rules/lib:/home/point001/autoware.ai/install/lanelet2_io/lib:/home/point001/autoware.ai/install/vector_map/lib:/home/point001/autoware.ai/install/lanelet2_core/lib:/home/point001/autoware.ai/install/amathutils_lib/lib:/home/point001/autoware.ai/install/gnss/lib:/opt/ros/melodic/lib:/usr/local/cuda-10.0/lib64 PKG_CONFIG_PATH=/home/point001/autoware.ai/install/lanelet2_extension/lib/x86_64-linux-gnu/pkgconfig:/home/point001/autoware.ai/install/lanelet2_extension/lib/pkgconfig:/home/point001/autoware.ai/install/lanelet2_validation/lib/x86_64-linux-gnu/pkgconfig:/home/point001/autoware.ai/install/lanelet2_validation/lib/pkgconfig:/home/point001/autoware.ai/install/lanelet2_routing/lib/x86_64-linux-gnu/pkgconfig:/home/point001/autoware.ai/install/lanelet2_routing/lib/pkgconfig:/home/point001/autoware.ai/install/lanelet2_projection/lib/x86_64-linux-gnu/pkgconfig:/home/point001/autoware.ai/install/lanelet2_projection/lib/pkgconfig:/home/point001/autoware.ai/install/libwaypoint_follower/lib/x86_64-linux-gnu/pkgconfig:/home/point001/autoware.ai/install/libwaypoint_follower/lib/pkgconfig:/home/point001/autoware.ai/install/lanelet2_traffic_rules/lib/x86_64-linux-gnu/pkgconfig:/home/point001/autoware.ai/install/lanelet2_traffic_rules/lib/pkgconfig:/home/point001/autoware.ai/install/lanelet2_maps/lib/x86_64-linux-gnu/pkgconfig:/home/point001/autoware.ai/install/lanelet2_maps/lib/pkgconfig:/home/point001/autoware.ai/install/lanelet2_io/lib/x86_64-linux-gnu/pkgconfig:/home/point001/autoware.ai/install/lanelet2_io/lib/pkgconfig:/home/point001/autoware.ai/install/vector_map/lib/x86_64-linux-gnu/pkgconfig:/home/point001/autoware.ai/install/vector_map/lib/pkgconfig:/home/point001/autoware.ai/install/lanelet2_core/lib/x86_64-linux-gnu/pkgconfig:/home/point001/autoware.ai/install/lanelet2_core/lib/pkgconfig:/home/point001/autoware.ai/install/amathutils_lib/lib/x86_64-linux-gnu/pkgconfig:/home/point001/autoware.ai/install/amathutils_lib/lib/pkgconfig:/home/point001/autoware.ai/install/vector_map_msgs/lib/x86_64-linux-gnu/pkgconfig:/home/point001/autoware.ai/install/vector_map_msgs/lib/pkgconfig:/home/point001/autoware.ai/install/tablet_socket_msgs/lib/x86_64-linux-gnu/pkgconfig:/home/point001/autoware.ai/install/tablet_socket_msgs/lib/pkgconfig:/home/point001/autoware.ai/install/gnss/lib/x86_64-linux-gnu/pkgconfig:/home/point001/autoware.ai/install/gnss/lib/pkgconfig:/home/point001/autoware.ai/install/autoware_msgs/lib/x86_64-linux-gnu/pkgconfig:/home/point001/autoware.ai/install/autoware_msgs/lib/pkgconfig:/home/point001/autoware.ai/install/autoware_lanelet2_msgs/lib/x86_64-linux-gnu/pkgconfig:/home/point001/autoware.ai/install/autoware_lanelet2_msgs/lib/pkgconfig:/home/point001/autoware.ai/install/autoware_config_msgs/lib/x86_64-linux-gnu/pkgconfig:/home/point001/autoware.ai/install/autoware_config_msgs/lib/pkgconfig:/home/point001/autoware.ai/install/autoware_build_flags/lib/x86_64-linux-gnu/pkgconfig:/home/point001/autoware.ai/install/autoware_build_flags/lib/pkgconfig:${PKG_CONFIG_PATH} PYTHONPATH=/home/point001/autoware.ai/install/vector_map_msgs/lib/python2.7/dist-packages:/home/point001/autoware.ai/install/tablet_socket_msgs/lib/python2.7/dist-packages:/home/point001/autoware.ai/install/autoware_msgs/lib/python2.7/dist-packages:/home/point001/autoware.ai/install/autoware_lanelet2_msgs/lib/python2.7/dist-packages:/home/point001/autoware.ai/install/autoware_config_msgs/lib/python2.7/dist-packages:${PYTHONPATH} ROS_PACKAGE_PATH=/home/point001/autoware.ai/install/lanelet2_extension/share:/home/point001/autoware.ai/install/lanelet2_validation/share:/home/point001/autoware.ai/install/lanelet2_routing/share:/home/point001/autoware.ai/install/lanelet2_projection/share:/home/point001/autoware.ai/install/libwaypoint_follower/share:/home/point001/autoware.ai/install/lanelet2_traffic_rules/share:/home/point001/autoware.ai/install/lanelet2_maps/share:/home/point001/autoware.ai/install/lanelet2_io/share:/home/point001/autoware.ai/install/vector_map/share:/home/point001/autoware.ai/install/lanelet2_core/share:/home/point001/autoware.ai/install/amathutils_lib/share:/home/point001/autoware.ai/install/vector_map_msgs/share:/home/point001/autoware.ai/install/tablet_socket_msgs/share:/home/point001/autoware.ai/install/gnss/share:/home/point001/autoware.ai/install/autoware_msgs/share:/home/point001/autoware.ai/install/autoware_lanelet2_msgs/share:/home/point001/autoware.ai/install/autoware_config_msgs/share:/home/point001/autoware.ai/install/autoware_build_flags/share:${ROS_PACKAGE_PATH} /usr/bin/cmake --build /home/point001/autoware.ai/build/lane_planner --target install -- -j24 -l24
