[0.026s] Invoking command in '/home/point001/autoware.ai/build/glviewer': CMAKE_PREFIX_PATH=/home/point001/autoware.ai/install/autoware_build_flags:${CMAKE_PREFIX_PATH} PKG_CONFIG_PATH=/home/point001/autoware.ai/install/autoware_build_flags/lib/x86_64-linux-gnu/pkgconfig:/home/point001/autoware.ai/install/autoware_build_flags/lib/pkgconfig:${PKG_CONFIG_PATH} ROS_PACKAGE_PATH=/home/point001/autoware.ai/install/autoware_build_flags/share:${ROS_PACKAGE_PATH} /usr/bin/cmake /home/point001/autoware.ai/src/autoware/visualization/glviewer -DCMAKE_BUILD_TYPE=Release -DCATKIN_INSTALL_INTO_PREFIX_ROOT=0 -DCMAKE_INSTALL_PREFIX=/home/point001/autoware.ai/install/glviewer
[0.097s] -- The C compiler identification is GNU 7.5.0
[0.160s] -- The CXX compiler identification is GNU 7.5.0
[0.163s] -- Check for working C compiler: /usr/bin/cc
[0.238s] -- Check for working C compiler: /usr/bin/cc -- works
[0.238s] -- Detecting C compiler ABI info
[0.330s] -- Detecting C compiler ABI info - done
[0.342s] -- Detecting C compile features
[0.586s] -- Detecting C compile features - done
[0.589s] -- Check for working CXX compiler: /usr/bin/c++
[0.680s] -- Check for working CXX compiler: /usr/bin/c++ -- works
[0.680s] -- Detecting CXX compiler ABI info
[0.764s] -- Detecting CXX compiler ABI info - done
[0.782s] -- Detecting CXX compile features
[1.153s] -- Detecting CXX compile features - done
[1.162s] -- Found PkgConfig: /usr/bin/pkg-config (found version "0.29.1") 
[1.162s] -- CUDA compilation status: 1.
[1.162s] -- Using CATKIN_DEVEL_PREFIX: /home/point001/autoware.ai/build/glviewer/devel
[1.162s] -- Using CMAKE_PREFIX_PATH: /home/point001/autoware.ai/install/autoware_build_flags;/opt/ros/melodic
[1.162s] -- This workspace overlays: /home/point001/autoware.ai/install/autoware_build_flags;/opt/ros/melodic
[1.175s] -- Found PythonInterp: /usr/bin/python2 (found suitable version "2.7.17", minimum required is "2") 
[1.175s] -- Using PYTHON_EXECUTABLE: /usr/bin/python2
[1.175s] -- Using Debian Python package layout
[1.175s] -- Using empy: /usr/bin/empy
[1.324s] -- Using CATKIN_ENABLE_TESTING: ON
[1.324s] -- Call enable_testing()
[1.327s] -- Using CATKIN_TEST_RESULTS_DIR: /home/point001/autoware.ai/build/glviewer/test_results
[1.347s] -- Found gtest sources under '/usr/src/googletest': gtests will be built
[1.347s] -- Found gmock sources under '/usr/src/googletest': gmock will be built
[1.361s] -- Found PythonInterp: /usr/bin/python2 (found version "2.7.17") 
[1.362s] -- Looking for pthread.h
[1.432s] -- Looking for pthread.h - found
[1.433s] -- Looking for pthread_create
[1.515s] -- Looking for pthread_create - not found
[1.515s] -- Looking for pthread_create in pthreads
[1.577s] -- Looking for pthread_create in pthreads - not found
[1.577s] -- Looking for pthread_create in pthread
[1.657s] -- Looking for pthread_create in pthread - found
[1.657s] -- Found Threads: TRUE  
[1.661s] -- Using Python nosetests: /usr/bin/nosetests-2.7
[1.704s] -- catkin 0.7.29
[1.705s] -- BUILD_SHARED_LIBS is on
[1.935s] -- Found OpenGL: /usr/lib/x86_64-linux-gnu/libOpenGL.so   
[2.084s] -- Configuring done
[2.107s] -- Generating done
[2.112s] -- Build files have been written to: /home/point001/autoware.ai/build/glviewer
[2.117s] Invoked command in '/home/point001/autoware.ai/build/glviewer' returned '0': CMAKE_PREFIX_PATH=/home/point001/autoware.ai/install/autoware_build_flags:${CMAKE_PREFIX_PATH} PKG_CONFIG_PATH=/home/point001/autoware.ai/install/autoware_build_flags/lib/x86_64-linux-gnu/pkgconfig:/home/point001/autoware.ai/install/autoware_build_flags/lib/pkgconfig:${PKG_CONFIG_PATH} ROS_PACKAGE_PATH=/home/point001/autoware.ai/install/autoware_build_flags/share:${ROS_PACKAGE_PATH} /usr/bin/cmake /home/point001/autoware.ai/src/autoware/visualization/glviewer -DCMAKE_BUILD_TYPE=Release -DCATKIN_INSTALL_INTO_PREFIX_ROOT=0 -DCMAKE_INSTALL_PREFIX=/home/point001/autoware.ai/install/glviewer
[2.121s] Invoking command in '/home/point001/autoware.ai/build/glviewer': CMAKE_PREFIX_PATH=/home/point001/autoware.ai/install/autoware_build_flags:${CMAKE_PREFIX_PATH} PKG_CONFIG_PATH=/home/point001/autoware.ai/install/autoware_build_flags/lib/x86_64-linux-gnu/pkgconfig:/home/point001/autoware.ai/install/autoware_build_flags/lib/pkgconfig:${PKG_CONFIG_PATH} ROS_PACKAGE_PATH=/home/point001/autoware.ai/install/autoware_build_flags/share:${ROS_PACKAGE_PATH} /usr/bin/cmake --build /home/point001/autoware.ai/build/glviewer -- -j24 -l24
[2.174s] [35m[1mScanning dependencies of target glviewer_autogen[0m
[2.187s] [ 16%] [34m[1mAutomatic MOC for target glviewer[0m
[2.219s] [ 16%] Built target glviewer_autogen
[2.231s] [ 33%] [34m[1mGenerating include/glviewer/moc_glviewer.cpp[0m
[2.344s] [35m[1mScanning dependencies of target glviewer[0m
[2.425s] [ 50%] [32mBuilding CXX object CMakeFiles/glviewer.dir/GLViewer/glviewer.cpp.o[0m
[6.081s] In file included from [01m[K/usr/local/include/eigen3/Eigen/Core:450:0[m[K,
[6.081s]                  from [01m[K/usr/local/include/eigen3/Eigen/Dense:1[m[K,
[6.081s]                  from [01m[K/home/point001/autoware.ai/src/autoware/visualization/glviewer/include/glviewer/glviewer.h:22[m[K,
[6.081s]                  from [01m[K/home/point001/autoware.ai/src/autoware/visualization/glviewer/GLViewer/glviewer.cpp:17[m[K:
[6.081s] [01m[K/usr/local/include/eigen3/Eigen/src/Core/DenseStorage.h:[m[K In member function ‘[01m[Kvoid GLViewer::addDisplayLists(GLuint, GLuint)[m[K’:
[6.081s] [01m[K/usr/local/include/eigen3/Eigen/src/Core/DenseStorage.h:194:66:[m[K [01;35m[Kwarning: [m[K‘[01m[K*((void*)(& list)+16).Eigen::DenseStorage<double, 16, 4, 4, 0>::m_data[m[K’ may be used uninitialized in this function [[01;35m[K-Wmaybe-uninitialized[m[K]
[6.081s]      DenseStorage(const DenseStorage& other) : m_data(other.m_data[01;35m[K)[m[K {
[6.081s]                                                                   [01;35m[K^[m[K
[6.500s] [ 66%] [32mBuilding CXX object CMakeFiles/glviewer.dir/glviewer_autogen/mocs_compilation.cpp.o[0m
[6.521s] [ 83%] [32mBuilding CXX object CMakeFiles/glviewer.dir/include/glviewer/moc_glviewer.cpp.o[0m
[8.231s] [100%] [32m[1mLinking CXX shared library devel/lib/libglviewer.so[0m
[8.797s] [100%] Built target glviewer
[8.814s] Invoked command in '/home/point001/autoware.ai/build/glviewer' returned '0': CMAKE_PREFIX_PATH=/home/point001/autoware.ai/install/autoware_build_flags:${CMAKE_PREFIX_PATH} PKG_CONFIG_PATH=/home/point001/autoware.ai/install/autoware_build_flags/lib/x86_64-linux-gnu/pkgconfig:/home/point001/autoware.ai/install/autoware_build_flags/lib/pkgconfig:${PKG_CONFIG_PATH} ROS_PACKAGE_PATH=/home/point001/autoware.ai/install/autoware_build_flags/share:${ROS_PACKAGE_PATH} /usr/bin/cmake --build /home/point001/autoware.ai/build/glviewer -- -j24 -l24
[8.862s] Invoking command in '/home/point001/autoware.ai/build/glviewer': CMAKE_PREFIX_PATH=/home/point001/autoware.ai/install/autoware_build_flags:${CMAKE_PREFIX_PATH} PKG_CONFIG_PATH=/home/point001/autoware.ai/install/autoware_build_flags/lib/x86_64-linux-gnu/pkgconfig:/home/point001/autoware.ai/install/autoware_build_flags/lib/pkgconfig:${PKG_CONFIG_PATH} ROS_PACKAGE_PATH=/home/point001/autoware.ai/install/autoware_build_flags/share:${ROS_PACKAGE_PATH} /usr/bin/cmake --build /home/point001/autoware.ai/build/glviewer --target tests -- -j24 -l24
[8.930s] [35m[1mScanning dependencies of target tests[0m
[8.942s] Built target tests
[8.960s] Invoked command in '/home/point001/autoware.ai/build/glviewer' returned '0': CMAKE_PREFIX_PATH=/home/point001/autoware.ai/install/autoware_build_flags:${CMAKE_PREFIX_PATH} PKG_CONFIG_PATH=/home/point001/autoware.ai/install/autoware_build_flags/lib/x86_64-linux-gnu/pkgconfig:/home/point001/autoware.ai/install/autoware_build_flags/lib/pkgconfig:${PKG_CONFIG_PATH} ROS_PACKAGE_PATH=/home/point001/autoware.ai/install/autoware_build_flags/share:${ROS_PACKAGE_PATH} /usr/bin/cmake --build /home/point001/autoware.ai/build/glviewer --target tests -- -j24 -l24
[9.026s] Invoking command in '/home/point001/autoware.ai/build/glviewer': CMAKE_PREFIX_PATH=/home/point001/autoware.ai/install/autoware_build_flags:${CMAKE_PREFIX_PATH} PKG_CONFIG_PATH=/home/point001/autoware.ai/install/autoware_build_flags/lib/x86_64-linux-gnu/pkgconfig:/home/point001/autoware.ai/install/autoware_build_flags/lib/pkgconfig:${PKG_CONFIG_PATH} ROS_PACKAGE_PATH=/home/point001/autoware.ai/install/autoware_build_flags/share:${ROS_PACKAGE_PATH} /usr/bin/cmake --build /home/point001/autoware.ai/build/glviewer --target install -- -j24 -l24
[9.095s] [ 16%] [34m[1mAutomatic MOC for target glviewer[0m
[9.117s] [ 16%] Built target glviewer_autogen
[9.160s] [100%] Built target glviewer
[9.189s] [36mInstall the project...[0m
[9.200s] -- Install configuration: "Release"
[9.201s] -- Installing: /home/point001/autoware.ai/install/glviewer/lib/pkgconfig/glviewer.pc
[9.201s] -- Installing: /home/point001/autoware.ai/install/glviewer/share/glviewer/cmake/glviewerConfig.cmake
[9.201s] -- Installing: /home/point001/autoware.ai/install/glviewer/share/glviewer/cmake/glviewerConfig-version.cmake
[9.202s] -- Installing: /home/point001/autoware.ai/install/glviewer/share/glviewer/package.xml
[9.202s] -- Installing: /home/point001/autoware.ai/install/glviewer/include/glviewer
[9.202s] -- Installing: /home/point001/autoware.ai/install/glviewer/include/glviewer/glviewer.h
[9.203s] -- Installing: /home/point001/autoware.ai/install/glviewer/lib/libglviewer.so
[9.207s] -- Set runtime path of "/home/point001/autoware.ai/install/glviewer/lib/libglviewer.so" to ""
[9.215s] Invoked command in '/home/point001/autoware.ai/build/glviewer' returned '0': CMAKE_PREFIX_PATH=/home/point001/autoware.ai/install/autoware_build_flags:${CMAKE_PREFIX_PATH} PKG_CONFIG_PATH=/home/point001/autoware.ai/install/autoware_build_flags/lib/x86_64-linux-gnu/pkgconfig:/home/point001/autoware.ai/install/autoware_build_flags/lib/pkgconfig:${PKG_CONFIG_PATH} ROS_PACKAGE_PATH=/home/point001/autoware.ai/install/autoware_build_flags/share:${ROS_PACKAGE_PATH} /usr/bin/cmake --build /home/point001/autoware.ai/build/glviewer --target install -- -j24 -l24
