[0.265s] Invoking command in '/home/point001/autoware.ai/build/autoware_config_msgs': /usr/bin/cmake --build /home/point001/autoware.ai/build/autoware_config_msgs -- -j24 -l24
[0.606s] [  0%] Built target _autoware_config_msgs_generate_messages_check_deps_ConfigSSD
[0.606s] [  0%] Built target std_msgs_generate_messages_py
[0.606s] [  0%] Built target _autoware_config_msgs_generate_messages_check_deps_ConfigVoxelGridFilter
[0.606s] [  0%] Built target _autoware_config_msgs_generate_messages_check_deps_ConfigPedestrianDPM
[0.620s] [  0%] Built target _autoware_config_msgs_generate_messages_check_deps_ConfigPlannerSelector
[0.640s] [  0%] Built target _autoware_config_msgs_generate_messages_check_deps_ConfigRingGroundFilter
[0.659s] [  0%] Built target _autoware_config_msgs_generate_messages_check_deps_ConfigTwistFilter
[0.660s] [  0%] Built target _autoware_config_msgs_generate_messages_check_deps_ConfigNDTMapping
[0.670s] [  0%] Built target _autoware_config_msgs_generate_messages_check_deps_ConfigWaypointFollower
[0.678s] [  0%] Built target _autoware_config_msgs_generate_messages_check_deps_ConfigRayGroundFilter
[0.746s] [  0%] Built target _autoware_config_msgs_generate_messages_check_deps_ConfigCarFusion
[0.802s] [  0%] Built target _autoware_config_msgs_generate_messages_check_deps_ConfigDecisionMaker
[0.803s] [  0%] Built target _autoware_config_msgs_generate_messages_check_deps_ConfigDistanceFilter
[0.811s] [  0%] Built target _autoware_config_msgs_generate_messages_check_deps_ConfigCompareMapFilter
[0.812s] [  0%] Built target _autoware_config_msgs_generate_messages_check_deps_ConfigLaneSelect
[0.812s] [  0%] Built target _autoware_config_msgs_generate_messages_check_deps_ConfigRandomFilter
[0.815s] [  0%] Built target _autoware_config_msgs_generate_messages_check_deps_ConfigCarDPM
[0.843s] [  0%] Built target _autoware_config_msgs_generate_messages_check_deps_ConfigLatticeVelocitySet
[0.860s] [  0%] Built target _autoware_config_msgs_generate_messages_check_deps_ConfigApproximateNDTMapping
[0.862s] [  0%] Built target _autoware_config_msgs_generate_messages_check_deps_ConfigCarKF
[0.868s] [  0%] Built target _autoware_config_msgs_generate_messages_check_deps_ConfigLaneStop
[0.910s] [  0%] Built target _autoware_config_msgs_generate_messages_check_deps_ConfigNDT
[0.935s] [  0%] Built target _autoware_config_msgs_generate_messages_check_deps_ConfigRcnn
[0.939s] [  0%] Built target _autoware_config_msgs_generate_messages_check_deps_ConfigWaypointReplanner
[0.976s] [  0%] Built target std_msgs_generate_messages_nodejs
[0.981s] [  0%] Built target std_msgs_generate_messages_cpp
[0.986s] [  0%] Built target _autoware_config_msgs_generate_messages_check_deps_ConfigPedestrianFusion
[0.991s] [  0%] Built target std_msgs_generate_messages_eus
[0.992s] [  0%] Built target _autoware_config_msgs_generate_messages_check_deps_ConfigPedestrianKF
[1.021s] [  0%] Built target _autoware_config_msgs_generate_messages_check_deps_ConfigVelocitySet
[1.076s] [  0%] Built target _autoware_config_msgs_generate_messages_check_deps_ConfigLaneRule
[1.102s] [  0%] Built target _autoware_config_msgs_generate_messages_check_deps_ConfigPoints2Polygon
[1.103s] [  0%] Built target _autoware_config_msgs_generate_messages_check_deps_ConfigNDTMappingOutput
[1.134s] [  0%] Built target _autoware_config_msgs_generate_messages_check_deps_ConfigICP
[1.143s] [  0%] Built target std_msgs_generate_messages_lisp
[1.173s] [  0%] Built target _autoware_config_msgs_generate_messages_check_deps_ConfigRingFilter
[1.264s] [ 19%] Built target autoware_config_msgs_generate_messages_lisp
[1.292s] [ 39%] Built target autoware_config_msgs_generate_messages_py
[1.309s] [ 60%] Built target autoware_config_msgs_generate_messages_eus
[1.321s] [ 80%] Built target autoware_config_msgs_generate_messages_nodejs
[1.321s] [100%] Built target autoware_config_msgs_generate_messages_cpp
[1.364s] [100%] Built target autoware_config_msgs_generate_messages
[1.399s] Invoked command in '/home/point001/autoware.ai/build/autoware_config_msgs' returned '0': /usr/bin/cmake --build /home/point001/autoware.ai/build/autoware_config_msgs -- -j24 -l24
[1.680s] Invoking command in '/home/point001/autoware.ai/build/autoware_config_msgs': /usr/bin/cmake --build /home/point001/autoware.ai/build/autoware_config_msgs --target tests -- -j24 -l24
[1.790s] Built target tests
[1.863s] Invoked command in '/home/point001/autoware.ai/build/autoware_config_msgs' returned '0': /usr/bin/cmake --build /home/point001/autoware.ai/build/autoware_config_msgs --target tests -- -j24 -l24
[2.437s] Invoking command in '/home/point001/autoware.ai/build/autoware_config_msgs': /usr/bin/cmake --build /home/point001/autoware.ai/build/autoware_config_msgs --target install -- -j24 -l24
[2.665s] [  0%] Built target std_msgs_generate_messages_py
[2.665s] [  0%] Built target _autoware_config_msgs_generate_messages_check_deps_ConfigRandomFilter
[2.665s] [  0%] Built target _autoware_config_msgs_generate_messages_check_deps_ConfigLatticeVelocitySet
[2.665s] [  0%] Built target _autoware_config_msgs_generate_messages_check_deps_ConfigDistanceFilter
[2.665s] [  0%] Built target _autoware_config_msgs_generate_messages_check_deps_ConfigTwistFilter
[2.665s] [  0%] Built target _autoware_config_msgs_generate_messages_check_deps_ConfigDecisionMaker
[2.666s] [  0%] Built target _autoware_config_msgs_generate_messages_check_deps_ConfigCarKF
[2.666s] [  0%] Built target _autoware_config_msgs_generate_messages_check_deps_ConfigLaneStop
[2.666s] [  0%] Built target _autoware_config_msgs_generate_messages_check_deps_ConfigRingGroundFilter
[2.666s] [  0%] Built target _autoware_config_msgs_generate_messages_check_deps_ConfigApproximateNDTMapping
[2.666s] [  0%] Built target _autoware_config_msgs_generate_messages_check_deps_ConfigVoxelGridFilter
[2.666s] [  0%] Built target _autoware_config_msgs_generate_messages_check_deps_ConfigRcnn
[2.666s] [  0%] Built target _autoware_config_msgs_generate_messages_check_deps_ConfigPedestrianDPM
[2.666s] [  0%] Built target _autoware_config_msgs_generate_messages_check_deps_ConfigCarFusion
[2.666s] [  0%] Built target _autoware_config_msgs_generate_messages_check_deps_ConfigCarDPM
[2.666s] [  0%] Built target _autoware_config_msgs_generate_messages_check_deps_ConfigWaypointReplanner
[2.666s] [  0%] Built target _autoware_config_msgs_generate_messages_check_deps_ConfigNDTMapping
[2.667s] [  0%] Built target _autoware_config_msgs_generate_messages_check_deps_ConfigLaneSelect
[2.667s] [  0%] Built target _autoware_config_msgs_generate_messages_check_deps_ConfigNDT
[2.667s] [  0%] Built target _autoware_config_msgs_generate_messages_check_deps_ConfigCompareMapFilter
[2.667s] [  0%] Built target _autoware_config_msgs_generate_messages_check_deps_ConfigRayGroundFilter
[2.667s] [  0%] Built target _autoware_config_msgs_generate_messages_check_deps_ConfigSSD
[2.667s] [  0%] Built target _autoware_config_msgs_generate_messages_check_deps_ConfigPlannerSelector
[2.667s] [  0%] Built target _autoware_config_msgs_generate_messages_check_deps_ConfigWaypointFollower
[2.669s] [  0%] Built target std_msgs_generate_messages_cpp
[2.674s] [  0%] Built target std_msgs_generate_messages_nodejs
[2.682s] [  0%] Built target std_msgs_generate_messages_lisp
[2.696s] [  0%] Built target std_msgs_generate_messages_eus
[2.704s] [  0%] Built target _autoware_config_msgs_generate_messages_check_deps_ConfigVelocitySet
[2.714s] [  0%] Built target _autoware_config_msgs_generate_messages_check_deps_ConfigPedestrianFusion
[2.729s] [  0%] Built target _autoware_config_msgs_generate_messages_check_deps_ConfigLaneRule
[2.732s] [  0%] Built target _autoware_config_msgs_generate_messages_check_deps_ConfigNDTMappingOutput
[2.738s] [  0%] Built target _autoware_config_msgs_generate_messages_check_deps_ConfigPedestrianKF
[2.758s] [  0%] Built target _autoware_config_msgs_generate_messages_check_deps_ConfigICP
[2.774s] [  0%] Built target _autoware_config_msgs_generate_messages_check_deps_ConfigPoints2Polygon
[2.778s] [  0%] Built target _autoware_config_msgs_generate_messages_check_deps_ConfigRingFilter
[2.878s] [ 19%] Built target autoware_config_msgs_generate_messages_lisp
[2.924s] [ 39%] Built target autoware_config_msgs_generate_messages_eus
[2.927s] [ 60%] Built target autoware_config_msgs_generate_messages_py
[2.947s] [ 79%] Built target autoware_config_msgs_generate_messages_cpp
[2.950s] [100%] Built target autoware_config_msgs_generate_messages_nodejs
[3.033s] [100%] Built target autoware_config_msgs_generate_messages
[3.150s] [36mInstall the project...[0m
[3.194s] -- Install configuration: "Release"
[3.194s] -- Up-to-date: /home/point001/autoware.ai/install/autoware_config_msgs/share/autoware_config_msgs/msg/ConfigApproximateNDTMapping.msg
[3.195s] -- Up-to-date: /home/point001/autoware.ai/install/autoware_config_msgs/share/autoware_config_msgs/msg/ConfigCarDPM.msg
[3.195s] -- Up-to-date: /home/point001/autoware.ai/install/autoware_config_msgs/share/autoware_config_msgs/msg/ConfigCarFusion.msg
[3.195s] -- Up-to-date: /home/point001/autoware.ai/install/autoware_config_msgs/share/autoware_config_msgs/msg/ConfigCarKF.msg
[3.195s] -- Up-to-date: /home/point001/autoware.ai/install/autoware_config_msgs/share/autoware_config_msgs/msg/ConfigCompareMapFilter.msg
[3.195s] -- Up-to-date: /home/point001/autoware.ai/install/autoware_config_msgs/share/autoware_config_msgs/msg/ConfigDecisionMaker.msg
[3.195s] -- Up-to-date: /home/point001/autoware.ai/install/autoware_config_msgs/share/autoware_config_msgs/msg/ConfigDistanceFilter.msg
[3.195s] -- Up-to-date: /home/point001/autoware.ai/install/autoware_config_msgs/share/autoware_config_msgs/msg/ConfigICP.msg
[3.195s] -- Up-to-date: /home/point001/autoware.ai/install/autoware_config_msgs/share/autoware_config_msgs/msg/ConfigLaneRule.msg
[3.195s] -- Up-to-date: /home/point001/autoware.ai/install/autoware_config_msgs/share/autoware_config_msgs/msg/ConfigLaneSelect.msg
[3.195s] -- Up-to-date: /home/point001/autoware.ai/install/autoware_config_msgs/share/autoware_config_msgs/msg/ConfigLaneStop.msg
[3.195s] -- Up-to-date: /home/point001/autoware.ai/install/autoware_config_msgs/share/autoware_config_msgs/msg/ConfigLatticeVelocitySet.msg
[3.195s] -- Up-to-date: /home/point001/autoware.ai/install/autoware_config_msgs/share/autoware_config_msgs/msg/ConfigNDT.msg
[3.195s] -- Up-to-date: /home/point001/autoware.ai/install/autoware_config_msgs/share/autoware_config_msgs/msg/ConfigNDTMapping.msg
[3.195s] -- Up-to-date: /home/point001/autoware.ai/install/autoware_config_msgs/share/autoware_config_msgs/msg/ConfigNDTMappingOutput.msg
[3.196s] -- Up-to-date: /home/point001/autoware.ai/install/autoware_config_msgs/share/autoware_config_msgs/msg/ConfigPedestrianDPM.msg
[3.196s] -- Up-to-date: /home/point001/autoware.ai/install/autoware_config_msgs/share/autoware_config_msgs/msg/ConfigPedestrianFusion.msg
[3.196s] -- Up-to-date: /home/point001/autoware.ai/install/autoware_config_msgs/share/autoware_config_msgs/msg/ConfigPedestrianKF.msg
[3.196s] -- Up-to-date: /home/point001/autoware.ai/install/autoware_config_msgs/share/autoware_config_msgs/msg/ConfigPlannerSelector.msg
[3.196s] -- Up-to-date: /home/point001/autoware.ai/install/autoware_config_msgs/share/autoware_config_msgs/msg/ConfigPoints2Polygon.msg
[3.196s] -- Up-to-date: /home/point001/autoware.ai/install/autoware_config_msgs/share/autoware_config_msgs/msg/ConfigRandomFilter.msg
[3.196s] -- Up-to-date: /home/point001/autoware.ai/install/autoware_config_msgs/share/autoware_config_msgs/msg/ConfigRayGroundFilter.msg
[3.196s] -- Up-to-date: /home/point001/autoware.ai/install/autoware_config_msgs/share/autoware_config_msgs/msg/ConfigRcnn.msg
[3.196s] -- Up-to-date: /home/point001/autoware.ai/install/autoware_config_msgs/share/autoware_config_msgs/msg/ConfigRingFilter.msg
[3.196s] -- Up-to-date: /home/point001/autoware.ai/install/autoware_config_msgs/share/autoware_config_msgs/msg/ConfigRingGroundFilter.msg
[3.200s] -- Up-to-date: /home/point001/autoware.ai/install/autoware_config_msgs/share/autoware_config_msgs/msg/ConfigSSD.msg
[3.200s] -- Up-to-date: /home/point001/autoware.ai/install/autoware_config_msgs/share/autoware_config_msgs/msg/ConfigTwistFilter.msg
[3.200s] -- Up-to-date: /home/point001/autoware.ai/install/autoware_config_msgs/share/autoware_config_msgs/msg/ConfigVelocitySet.msg
[3.200s] -- Up-to-date: /home/point001/autoware.ai/install/autoware_config_msgs/share/autoware_config_msgs/msg/ConfigVoxelGridFilter.msg
[3.200s] -- Up-to-date: /home/point001/autoware.ai/install/autoware_config_msgs/share/autoware_config_msgs/msg/ConfigWaypointFollower.msg
[3.200s] -- Up-to-date: /home/point001/autoware.ai/install/autoware_config_msgs/share/autoware_config_msgs/msg/ConfigWaypointReplanner.msg
[3.201s] -- Up-to-date: /home/point001/autoware.ai/install/autoware_config_msgs/share/autoware_config_msgs/cmake/autoware_config_msgs-msg-paths.cmake
[3.201s] -- Up-to-date: /home/point001/autoware.ai/install/autoware_config_msgs/include/autoware_config_msgs
[3.201s] -- Up-to-date: /home/point001/autoware.ai/install/autoware_config_msgs/include/autoware_config_msgs/ConfigDecisionMaker.h
[3.201s] -- Up-to-date: /home/point001/autoware.ai/install/autoware_config_msgs/include/autoware_config_msgs/ConfigICP.h
[3.201s] -- Up-to-date: /home/point001/autoware.ai/install/autoware_config_msgs/include/autoware_config_msgs/ConfigCarFusion.h
[3.201s] -- Up-to-date: /home/point001/autoware.ai/install/autoware_config_msgs/include/autoware_config_msgs/ConfigVoxelGridFilter.h
[3.201s] -- Up-to-date: /home/point001/autoware.ai/install/autoware_config_msgs/include/autoware_config_msgs/ConfigRandomFilter.h
[3.201s] -- Up-to-date: /home/point001/autoware.ai/install/autoware_config_msgs/include/autoware_config_msgs/ConfigTwistFilter.h
[3.201s] -- Up-to-date: /home/point001/autoware.ai/install/autoware_config_msgs/include/autoware_config_msgs/ConfigRayGroundFilter.h
[3.201s] -- Up-to-date: /home/point001/autoware.ai/install/autoware_config_msgs/include/autoware_config_msgs/ConfigPedestrianDPM.h
[3.201s] -- Up-to-date: /home/point001/autoware.ai/install/autoware_config_msgs/include/autoware_config_msgs/ConfigWaypointFollower.h
[3.201s] -- Up-to-date: /home/point001/autoware.ai/install/autoware_config_msgs/include/autoware_config_msgs/ConfigNDTMapping.h
[3.201s] -- Up-to-date: /home/point001/autoware.ai/install/autoware_config_msgs/include/autoware_config_msgs/ConfigLaneStop.h
[3.202s] -- Up-to-date: /home/point001/autoware.ai/install/autoware_config_msgs/include/autoware_config_msgs/ConfigRingGroundFilter.h
[3.202s] -- Up-to-date: /home/point001/autoware.ai/install/autoware_config_msgs/include/autoware_config_msgs/ConfigPoints2Polygon.h
[3.202s] -- Up-to-date: /home/point001/autoware.ai/install/autoware_config_msgs/include/autoware_config_msgs/ConfigNDTMappingOutput.h
[3.202s] -- Up-to-date: /home/point001/autoware.ai/install/autoware_config_msgs/include/autoware_config_msgs/ConfigCompareMapFilter.h
[3.202s] -- Up-to-date: /home/point001/autoware.ai/install/autoware_config_msgs/include/autoware_config_msgs/ConfigPlannerSelector.h
[3.202s] -- Up-to-date: /home/point001/autoware.ai/install/autoware_config_msgs/include/autoware_config_msgs/ConfigNDT.h
[3.202s] -- Up-to-date: /home/point001/autoware.ai/install/autoware_config_msgs/include/autoware_config_msgs/ConfigPedestrianFusion.h
[3.202s] -- Up-to-date: /home/point001/autoware.ai/install/autoware_config_msgs/include/autoware_config_msgs/ConfigLaneSelect.h
[3.202s] -- Up-to-date: /home/point001/autoware.ai/install/autoware_config_msgs/include/autoware_config_msgs/ConfigSSD.h
[3.202s] -- Up-to-date: /home/point001/autoware.ai/install/autoware_config_msgs/include/autoware_config_msgs/ConfigPedestrianKF.h
[3.202s] -- Up-to-date: /home/point001/autoware.ai/install/autoware_config_msgs/include/autoware_config_msgs/ConfigRingFilter.h
[3.202s] -- Up-to-date: /home/point001/autoware.ai/install/autoware_config_msgs/include/autoware_config_msgs/ConfigRcnn.h
[3.202s] -- Up-to-date: /home/point001/autoware.ai/install/autoware_config_msgs/include/autoware_config_msgs/ConfigCarDPM.h
[3.203s] -- Up-to-date: /home/point001/autoware.ai/install/autoware_config_msgs/include/autoware_config_msgs/ConfigLaneRule.h
[3.203s] -- Up-to-date: /home/point001/autoware.ai/install/autoware_config_msgs/include/autoware_config_msgs/ConfigApproximateNDTMapping.h
[3.207s] -- Up-to-date: /home/point001/autoware.ai/install/autoware_config_msgs/include/autoware_config_msgs/ConfigCarKF.h
[3.207s] -- Up-to-date: /home/point001/autoware.ai/install/autoware_config_msgs/include/autoware_config_msgs/ConfigWaypointReplanner.h
[3.207s] -- Up-to-date: /home/point001/autoware.ai/install/autoware_config_msgs/include/autoware_config_msgs/ConfigVelocitySet.h
[3.207s] -- Up-to-date: /home/point001/autoware.ai/install/autoware_config_msgs/include/autoware_config_msgs/ConfigLatticeVelocitySet.h
[3.207s] -- Up-to-date: /home/point001/autoware.ai/install/autoware_config_msgs/include/autoware_config_msgs/ConfigDistanceFilter.h
[3.207s] -- Up-to-date: /home/point001/autoware.ai/install/autoware_config_msgs/share/roseus/ros/autoware_config_msgs
[3.207s] -- Up-to-date: /home/point001/autoware.ai/install/autoware_config_msgs/share/roseus/ros/autoware_config_msgs/manifest.l
[3.207s] -- Up-to-date: /home/point001/autoware.ai/install/autoware_config_msgs/share/roseus/ros/autoware_config_msgs/msg
[3.207s] -- Up-to-date: /home/point001/autoware.ai/install/autoware_config_msgs/share/roseus/ros/autoware_config_msgs/msg/ConfigLaneRule.l
[3.207s] -- Up-to-date: /home/point001/autoware.ai/install/autoware_config_msgs/share/roseus/ros/autoware_config_msgs/msg/ConfigApproximateNDTMapping.l
[3.208s] -- Up-to-date: /home/point001/autoware.ai/install/autoware_config_msgs/share/roseus/ros/autoware_config_msgs/msg/ConfigCarKF.l
[3.208s] -- Up-to-date: /home/point001/autoware.ai/install/autoware_config_msgs/share/roseus/ros/autoware_config_msgs/msg/ConfigCarFusion.l
[3.208s] -- Up-to-date: /home/point001/autoware.ai/install/autoware_config_msgs/share/roseus/ros/autoware_config_msgs/msg/ConfigNDTMapping.l
[3.208s] -- Up-to-date: /home/point001/autoware.ai/install/autoware_config_msgs/share/roseus/ros/autoware_config_msgs/msg/ConfigCarDPM.l
[3.208s] -- Up-to-date: /home/point001/autoware.ai/install/autoware_config_msgs/share/roseus/ros/autoware_config_msgs/msg/ConfigLaneStop.l
[3.208s] -- Up-to-date: /home/point001/autoware.ai/install/autoware_config_msgs/share/roseus/ros/autoware_config_msgs/msg/ConfigICP.l
[3.208s] -- Up-to-date: /home/point001/autoware.ai/install/autoware_config_msgs/share/roseus/ros/autoware_config_msgs/msg/ConfigDecisionMaker.l
[3.209s] -- Up-to-date: /home/point001/autoware.ai/install/autoware_config_msgs/share/roseus/ros/autoware_config_msgs/msg/ConfigWaypointFollower.l
[3.209s] -- Up-to-date: /home/point001/autoware.ai/install/autoware_config_msgs/share/roseus/ros/autoware_config_msgs/msg/ConfigRingFilter.l
[3.209s] -- Up-to-date: /home/point001/autoware.ai/install/autoware_config_msgs/share/roseus/ros/autoware_config_msgs/msg/ConfigPlannerSelector.l
[3.209s] -- Up-to-date: /home/point001/autoware.ai/install/autoware_config_msgs/share/roseus/ros/autoware_config_msgs/msg/ConfigRayGroundFilter.l
[3.209s] -- Up-to-date: /home/point001/autoware.ai/install/autoware_config_msgs/share/roseus/ros/autoware_config_msgs/msg/ConfigRandomFilter.l
[3.209s] -- Up-to-date: /home/point001/autoware.ai/install/autoware_config_msgs/share/roseus/ros/autoware_config_msgs/msg/ConfigVelocitySet.l
[3.209s] -- Up-to-date: /home/point001/autoware.ai/install/autoware_config_msgs/share/roseus/ros/autoware_config_msgs/msg/ConfigLatticeVelocitySet.l
[3.209s] -- Up-to-date: /home/point001/autoware.ai/install/autoware_config_msgs/share/roseus/ros/autoware_config_msgs/msg/ConfigVoxelGridFilter.l
[3.210s] -- Up-to-date: /home/point001/autoware.ai/install/autoware_config_msgs/share/roseus/ros/autoware_config_msgs/msg/ConfigCompareMapFilter.l
[3.210s] -- Up-to-date: /home/point001/autoware.ai/install/autoware_config_msgs/share/roseus/ros/autoware_config_msgs/msg/ConfigSSD.l
[3.210s] -- Up-to-date: /home/point001/autoware.ai/install/autoware_config_msgs/share/roseus/ros/autoware_config_msgs/msg/ConfigPedestrianFusion.l
[3.210s] -- Up-to-date: /home/point001/autoware.ai/install/autoware_config_msgs/share/roseus/ros/autoware_config_msgs/msg/ConfigRcnn.l
[3.210s] -- Up-to-date: /home/point001/autoware.ai/install/autoware_config_msgs/share/roseus/ros/autoware_config_msgs/msg/ConfigNDTMappingOutput.l
[3.210s] -- Up-to-date: /home/point001/autoware.ai/install/autoware_config_msgs/share/roseus/ros/autoware_config_msgs/msg/ConfigLaneSelect.l
[3.210s] -- Up-to-date: /home/point001/autoware.ai/install/autoware_config_msgs/share/roseus/ros/autoware_config_msgs/msg/ConfigPoints2Polygon.l
[3.210s] -- Up-to-date: /home/point001/autoware.ai/install/autoware_config_msgs/share/roseus/ros/autoware_config_msgs/msg/ConfigRingGroundFilter.l
[3.210s] -- Up-to-date: /home/point001/autoware.ai/install/autoware_config_msgs/share/roseus/ros/autoware_config_msgs/msg/ConfigPedestrianDPM.l
[3.210s] -- Up-to-date: /home/point001/autoware.ai/install/autoware_config_msgs/share/roseus/ros/autoware_config_msgs/msg/ConfigPedestrianKF.l
[3.210s] -- Up-to-date: /home/point001/autoware.ai/install/autoware_config_msgs/share/roseus/ros/autoware_config_msgs/msg/ConfigDistanceFilter.l
[3.211s] -- Up-to-date: /home/point001/autoware.ai/install/autoware_config_msgs/share/roseus/ros/autoware_config_msgs/msg/ConfigNDT.l
[3.211s] -- Up-to-date: /home/point001/autoware.ai/install/autoware_config_msgs/share/roseus/ros/autoware_config_msgs/msg/ConfigWaypointReplanner.l
[3.211s] -- Up-to-date: /home/point001/autoware.ai/install/autoware_config_msgs/share/roseus/ros/autoware_config_msgs/msg/ConfigTwistFilter.l
[3.211s] -- Up-to-date: /home/point001/autoware.ai/install/autoware_config_msgs/share/common-lisp/ros/autoware_config_msgs
[3.211s] -- Up-to-date: /home/point001/autoware.ai/install/autoware_config_msgs/share/common-lisp/ros/autoware_config_msgs/msg
[3.211s] -- Up-to-date: /home/point001/autoware.ai/install/autoware_config_msgs/share/common-lisp/ros/autoware_config_msgs/msg/_package_ConfigWaypointFollower.lisp
[3.211s] -- Up-to-date: /home/point001/autoware.ai/install/autoware_config_msgs/share/common-lisp/ros/autoware_config_msgs/msg/_package_ConfigRayGroundFilter.lisp
[3.211s] -- Up-to-date: /home/point001/autoware.ai/install/autoware_config_msgs/share/common-lisp/ros/autoware_config_msgs/msg/ConfigApproximateNDTMapping.lisp
[3.211s] -- Up-to-date: /home/point001/autoware.ai/install/autoware_config_msgs/share/common-lisp/ros/autoware_config_msgs/msg/ConfigPlannerSelector.lisp
[3.211s] -- Up-to-date: /home/point001/autoware.ai/install/autoware_config_msgs/share/common-lisp/ros/autoware_config_msgs/msg/ConfigNDTMappingOutput.lisp
[3.212s] -- Up-to-date: /home/point001/autoware.ai/install/autoware_config_msgs/share/common-lisp/ros/autoware_config_msgs/msg/_package_ConfigRingGroundFilter.lisp
[3.212s] -- Up-to-date: /home/point001/autoware.ai/install/autoware_config_msgs/share/common-lisp/ros/autoware_config_msgs/msg/_package_ConfigPoints2Polygon.lisp
[3.212s] -- Up-to-date: /home/point001/autoware.ai/install/autoware_config_msgs/share/common-lisp/ros/autoware_config_msgs/msg/_package_ConfigLatticeVelocitySet.lisp
[3.212s] -- Up-to-date: /home/point001/autoware.ai/install/autoware_config_msgs/share/common-lisp/ros/autoware_config_msgs/msg/ConfigRcnn.lisp
[3.212s] -- Up-to-date: /home/point001/autoware.ai/install/autoware_config_msgs/share/common-lisp/ros/autoware_config_msgs/msg/ConfigLaneStop.lisp
[3.212s] -- Up-to-date: /home/point001/autoware.ai/install/autoware_config_msgs/share/common-lisp/ros/autoware_config_msgs/msg/ConfigVelocitySet.lisp
[3.212s] -- Up-to-date: /home/point001/autoware.ai/install/autoware_config_msgs/share/common-lisp/ros/autoware_config_msgs/msg/ConfigLaneRule.lisp
[3.212s] -- Up-to-date: /home/point001/autoware.ai/install/autoware_config_msgs/share/common-lisp/ros/autoware_config_msgs/msg/ConfigRingGroundFilter.lisp
[3.212s] -- Up-to-date: /home/point001/autoware.ai/install/autoware_config_msgs/share/common-lisp/ros/autoware_config_msgs/msg/ConfigDecisionMaker.lisp
[3.212s] -- Up-to-date: /home/point001/autoware.ai/install/autoware_config_msgs/share/common-lisp/ros/autoware_config_msgs/msg/ConfigNDTMapping.lisp
[3.212s] -- Up-to-date: /home/point001/autoware.ai/install/autoware_config_msgs/share/common-lisp/ros/autoware_config_msgs/msg/_package_ConfigRcnn.lisp
[3.212s] -- Up-to-date: /home/point001/autoware.ai/install/autoware_config_msgs/share/common-lisp/ros/autoware_config_msgs/msg/ConfigWaypointReplanner.lisp
[3.212s] -- Up-to-date: /home/point001/autoware.ai/install/autoware_config_msgs/share/common-lisp/ros/autoware_config_msgs/msg/_package_ConfigDecisionMaker.lisp
[3.212s] -- Up-to-date: /home/point001/autoware.ai/install/autoware_config_msgs/share/common-lisp/ros/autoware_config_msgs/msg/ConfigTwistFilter.lisp
[3.212s] -- Up-to-date: /home/point001/autoware.ai/install/autoware_config_msgs/share/common-lisp/ros/autoware_config_msgs/msg/ConfigPedestrianKF.lisp
[3.213s] -- Up-to-date: /home/point001/autoware.ai/install/autoware_config_msgs/share/common-lisp/ros/autoware_config_msgs/msg/ConfigLatticeVelocitySet.lisp
[3.213s] -- Up-to-date: /home/point001/autoware.ai/install/autoware_config_msgs/share/common-lisp/ros/autoware_config_msgs/msg/ConfigRingFilter.lisp
[3.213s] -- Up-to-date: /home/point001/autoware.ai/install/autoware_config_msgs/share/common-lisp/ros/autoware_config_msgs/msg/_package_ConfigCarKF.lisp
[3.213s] -- Up-to-date: /home/point001/autoware.ai/install/autoware_config_msgs/share/common-lisp/ros/autoware_config_msgs/msg/_package_ConfigPedestrianKF.lisp
[3.213s] -- Up-to-date: /home/point001/autoware.ai/install/autoware_config_msgs/share/common-lisp/ros/autoware_config_msgs/msg/_package_ConfigPlannerSelector.lisp
[3.213s] -- Up-to-date: /home/point001/autoware.ai/install/autoware_config_msgs/share/common-lisp/ros/autoware_config_msgs/msg/autoware_config_msgs-msg.asd
[3.213s] -- Up-to-date: /home/point001/autoware.ai/install/autoware_config_msgs/share/common-lisp/ros/autoware_config_msgs/msg/ConfigCarDPM.lisp
[3.213s] -- Up-to-date: /home/point001/autoware.ai/install/autoware_config_msgs/share/common-lisp/ros/autoware_config_msgs/msg/_package.lisp
[3.213s] -- Up-to-date: /home/point001/autoware.ai/install/autoware_config_msgs/share/common-lisp/ros/autoware_config_msgs/msg/ConfigCompareMapFilter.lisp
[3.213s] -- Up-to-date: /home/point001/autoware.ai/install/autoware_config_msgs/share/common-lisp/ros/autoware_config_msgs/msg/_package_ConfigLaneStop.lisp
[3.213s] -- Up-to-date: /home/point001/autoware.ai/install/autoware_config_msgs/share/common-lisp/ros/autoware_config_msgs/msg/ConfigDistanceFilter.lisp
[3.213s] -- Up-to-date: /home/point001/autoware.ai/install/autoware_config_msgs/share/common-lisp/ros/autoware_config_msgs/msg/_package_ConfigCarDPM.lisp
[3.213s] -- Up-to-date: /home/point001/autoware.ai/install/autoware_config_msgs/share/common-lisp/ros/autoware_config_msgs/msg/_package_ConfigLaneSelect.lisp
[3.214s] -- Up-to-date: /home/point001/autoware.ai/install/autoware_config_msgs/share/common-lisp/ros/autoware_config_msgs/msg/ConfigSSD.lisp
[3.214s] -- Up-to-date: /home/point001/autoware.ai/install/autoware_config_msgs/share/common-lisp/ros/autoware_config_msgs/msg/ConfigNDT.lisp
[3.214s] -- Up-to-date: /home/point001/autoware.ai/install/autoware_config_msgs/share/common-lisp/ros/autoware_config_msgs/msg/_package_ConfigSSD.lisp
[3.214s] -- Up-to-date: /home/point001/autoware.ai/install/autoware_config_msgs/share/common-lisp/ros/autoware_config_msgs/msg/_package_ConfigNDTMapping.lisp
[3.214s] -- Up-to-date: /home/point001/autoware.ai/install/autoware_config_msgs/share/common-lisp/ros/autoware_config_msgs/msg/_package_ConfigDistanceFilter.lisp
[3.214s] -- Up-to-date: /home/point001/autoware.ai/install/autoware_config_msgs/share/common-lisp/ros/autoware_config_msgs/msg/ConfigRandomFilter.lisp
[3.214s] -- Up-to-date: /home/point001/autoware.ai/install/autoware_config_msgs/share/common-lisp/ros/autoware_config_msgs/msg/_package_ConfigCarFusion.lisp
[3.214s] -- Up-to-date: /home/point001/autoware.ai/install/autoware_config_msgs/share/common-lisp/ros/autoware_config_msgs/msg/_package_ConfigRingFilter.lisp
[3.214s] -- Up-to-date: /home/point001/autoware.ai/install/autoware_config_msgs/share/common-lisp/ros/autoware_config_msgs/msg/ConfigRayGroundFilter.lisp
[3.214s] -- Up-to-date: /home/point001/autoware.ai/install/autoware_config_msgs/share/common-lisp/ros/autoware_config_msgs/msg/_package_ConfigNDTMappingOutput.lisp
[3.214s] -- Up-to-date: /home/point001/autoware.ai/install/autoware_config_msgs/share/common-lisp/ros/autoware_config_msgs/msg/_package_ConfigTwistFilter.lisp
[3.215s] -- Up-to-date: /home/point001/autoware.ai/install/autoware_config_msgs/share/common-lisp/ros/autoware_config_msgs/msg/ConfigLaneSelect.lisp
[3.215s] -- Up-to-date: /home/point001/autoware.ai/install/autoware_config_msgs/share/common-lisp/ros/autoware_config_msgs/msg/_package_ConfigApproximateNDTMapping.lisp
[3.215s] -- Up-to-date: /home/point001/autoware.ai/install/autoware_config_msgs/share/common-lisp/ros/autoware_config_msgs/msg/_package_ConfigVoxelGridFilter.lisp
[3.215s] -- Up-to-date: /home/point001/autoware.ai/install/autoware_config_msgs/share/common-lisp/ros/autoware_config_msgs/msg/ConfigCarKF.lisp
[3.215s] -- Up-to-date: /home/point001/autoware.ai/install/autoware_config_msgs/share/common-lisp/ros/autoware_config_msgs/msg/ConfigPoints2Polygon.lisp
[3.215s] -- Up-to-date: /home/point001/autoware.ai/install/autoware_config_msgs/share/common-lisp/ros/autoware_config_msgs/msg/_package_ConfigPedestrianFusion.lisp
[3.215s] -- Up-to-date: /home/point001/autoware.ai/install/autoware_config_msgs/share/common-lisp/ros/autoware_config_msgs/msg/_package_ConfigVelocitySet.lisp
[3.215s] -- Up-to-date: /home/point001/autoware.ai/install/autoware_config_msgs/share/common-lisp/ros/autoware_config_msgs/msg/_package_ConfigCompareMapFilter.lisp
[3.215s] -- Up-to-date: /home/point001/autoware.ai/install/autoware_config_msgs/share/common-lisp/ros/autoware_config_msgs/msg/ConfigPedestrianFusion.lisp
[3.215s] -- Up-to-date: /home/point001/autoware.ai/install/autoware_config_msgs/share/common-lisp/ros/autoware_config_msgs/msg/ConfigWaypointFollower.lisp
[3.216s] -- Up-to-date: /home/point001/autoware.ai/install/autoware_config_msgs/share/common-lisp/ros/autoware_config_msgs/msg/_package_ConfigNDT.lisp
[3.216s] -- Up-to-date: /home/point001/autoware.ai/install/autoware_config_msgs/share/common-lisp/ros/autoware_config_msgs/msg/_package_ConfigWaypointReplanner.lisp
[3.216s] -- Up-to-date: /home/point001/autoware.ai/install/autoware_config_msgs/share/common-lisp/ros/autoware_config_msgs/msg/_package_ConfigRandomFilter.lisp
[3.216s] -- Up-to-date: /home/point001/autoware.ai/install/autoware_config_msgs/share/common-lisp/ros/autoware_config_msgs/msg/ConfigCarFusion.lisp
[3.216s] -- Up-to-date: /home/point001/autoware.ai/install/autoware_config_msgs/share/common-lisp/ros/autoware_config_msgs/msg/ConfigICP.lisp
[3.216s] -- Up-to-date: /home/point001/autoware.ai/install/autoware_config_msgs/share/common-lisp/ros/autoware_config_msgs/msg/_package_ConfigPedestrianDPM.lisp
[3.216s] -- Up-to-date: /home/point001/autoware.ai/install/autoware_config_msgs/share/common-lisp/ros/autoware_config_msgs/msg/ConfigVoxelGridFilter.lisp
[3.216s] -- Up-to-date: /home/point001/autoware.ai/install/autoware_config_msgs/share/common-lisp/ros/autoware_config_msgs/msg/ConfigPedestrianDPM.lisp
[3.216s] -- Up-to-date: /home/point001/autoware.ai/install/autoware_config_msgs/share/common-lisp/ros/autoware_config_msgs/msg/_package_ConfigICP.lisp
[3.216s] -- Up-to-date: /home/point001/autoware.ai/install/autoware_config_msgs/share/common-lisp/ros/autoware_config_msgs/msg/_package_ConfigLaneRule.lisp
[3.218s] -- Up-to-date: /home/point001/autoware.ai/install/autoware_config_msgs/share/gennodejs/ros/autoware_config_msgs
[3.218s] -- Up-to-date: /home/point001/autoware.ai/install/autoware_config_msgs/share/gennodejs/ros/autoware_config_msgs/_index.js
[3.218s] -- Up-to-date: /home/point001/autoware.ai/install/autoware_config_msgs/share/gennodejs/ros/autoware_config_msgs/msg
[3.218s] -- Up-to-date: /home/point001/autoware.ai/install/autoware_config_msgs/share/gennodejs/ros/autoware_config_msgs/msg/ConfigRingFilter.js
[3.218s] -- Up-to-date: /home/point001/autoware.ai/install/autoware_config_msgs/share/gennodejs/ros/autoware_config_msgs/msg/ConfigRandomFilter.js
[3.218s] -- Up-to-date: /home/point001/autoware.ai/install/autoware_config_msgs/share/gennodejs/ros/autoware_config_msgs/msg/ConfigPoints2Polygon.js
[3.218s] -- Up-to-date: /home/point001/autoware.ai/install/autoware_config_msgs/share/gennodejs/ros/autoware_config_msgs/msg/ConfigDecisionMaker.js
[3.219s] -- Up-to-date: /home/point001/autoware.ai/install/autoware_config_msgs/share/gennodejs/ros/autoware_config_msgs/msg/ConfigSSD.js
[3.219s] -- Up-to-date: /home/point001/autoware.ai/install/autoware_config_msgs/share/gennodejs/ros/autoware_config_msgs/msg/ConfigPedestrianKF.js
[3.219s] -- Up-to-date: /home/point001/autoware.ai/install/autoware_config_msgs/share/gennodejs/ros/autoware_config_msgs/msg/ConfigNDTMappingOutput.js
[3.219s] -- Up-to-date: /home/point001/autoware.ai/install/autoware_config_msgs/share/gennodejs/ros/autoware_config_msgs/msg/ConfigLaneRule.js
[3.219s] -- Up-to-date: /home/point001/autoware.ai/install/autoware_config_msgs/share/gennodejs/ros/autoware_config_msgs/msg/_index.js
[3.219s] -- Up-to-date: /home/point001/autoware.ai/install/autoware_config_msgs/share/gennodejs/ros/autoware_config_msgs/msg/ConfigWaypointReplanner.js
[3.219s] -- Up-to-date: /home/point001/autoware.ai/install/autoware_config_msgs/share/gennodejs/ros/autoware_config_msgs/msg/ConfigCarFusion.js
[3.219s] -- Up-to-date: /home/point001/autoware.ai/install/autoware_config_msgs/share/gennodejs/ros/autoware_config_msgs/msg/ConfigLaneSelect.js
[3.219s] -- Up-to-date: /home/point001/autoware.ai/install/autoware_config_msgs/share/gennodejs/ros/autoware_config_msgs/msg/ConfigPedestrianDPM.js
[3.220s] -- Up-to-date: /home/point001/autoware.ai/install/autoware_config_msgs/share/gennodejs/ros/autoware_config_msgs/msg/ConfigWaypointFollower.js
[3.220s] -- Up-to-date: /home/point001/autoware.ai/install/autoware_config_msgs/share/gennodejs/ros/autoware_config_msgs/msg/ConfigDistanceFilter.js
[3.220s] -- Up-to-date: /home/point001/autoware.ai/install/autoware_config_msgs/share/gennodejs/ros/autoware_config_msgs/msg/ConfigNDT.js
[3.220s] -- Up-to-date: /home/point001/autoware.ai/install/autoware_config_msgs/share/gennodejs/ros/autoware_config_msgs/msg/ConfigRcnn.js
[3.220s] -- Up-to-date: /home/point001/autoware.ai/install/autoware_config_msgs/share/gennodejs/ros/autoware_config_msgs/msg/ConfigCompareMapFilter.js
[3.220s] -- Up-to-date: /home/point001/autoware.ai/install/autoware_config_msgs/share/gennodejs/ros/autoware_config_msgs/msg/ConfigLaneStop.js
[3.220s] -- Up-to-date: /home/point001/autoware.ai/install/autoware_config_msgs/share/gennodejs/ros/autoware_config_msgs/msg/ConfigCarDPM.js
[3.220s] -- Up-to-date: /home/point001/autoware.ai/install/autoware_config_msgs/share/gennodejs/ros/autoware_config_msgs/msg/ConfigCarKF.js
[3.220s] -- Up-to-date: /home/point001/autoware.ai/install/autoware_config_msgs/share/gennodejs/ros/autoware_config_msgs/msg/ConfigTwistFilter.js
[3.221s] -- Up-to-date: /home/point001/autoware.ai/install/autoware_config_msgs/share/gennodejs/ros/autoware_config_msgs/msg/ConfigApproximateNDTMapping.js
[3.221s] -- Up-to-date: /home/point001/autoware.ai/install/autoware_config_msgs/share/gennodejs/ros/autoware_config_msgs/msg/ConfigRingGroundFilter.js
[3.221s] -- Up-to-date: /home/point001/autoware.ai/install/autoware_config_msgs/share/gennodejs/ros/autoware_config_msgs/msg/ConfigPedestrianFusion.js
[3.221s] -- Up-to-date: /home/point001/autoware.ai/install/autoware_config_msgs/share/gennodejs/ros/autoware_config_msgs/msg/ConfigVoxelGridFilter.js
[3.221s] -- Up-to-date: /home/point001/autoware.ai/install/autoware_config_msgs/share/gennodejs/ros/autoware_config_msgs/msg/ConfigRayGroundFilter.js
[3.221s] -- Up-to-date: /home/point001/autoware.ai/install/autoware_config_msgs/share/gennodejs/ros/autoware_config_msgs/msg/ConfigVelocitySet.js
[3.221s] -- Up-to-date: /home/point001/autoware.ai/install/autoware_config_msgs/share/gennodejs/ros/autoware_config_msgs/msg/ConfigLatticeVelocitySet.js
[3.221s] -- Up-to-date: /home/point001/autoware.ai/install/autoware_config_msgs/share/gennodejs/ros/autoware_config_msgs/msg/ConfigNDTMapping.js
[3.221s] -- Up-to-date: /home/point001/autoware.ai/install/autoware_config_msgs/share/gennodejs/ros/autoware_config_msgs/msg/ConfigPlannerSelector.js
[3.222s] -- Up-to-date: /home/point001/autoware.ai/install/autoware_config_msgs/share/gennodejs/ros/autoware_config_msgs/msg/ConfigICP.js
[3.253s] Listing /home/point001/autoware.ai/build/autoware_config_msgs/devel/lib/python2.7/dist-packages/autoware_config_msgs ...
[3.253s] Listing /home/point001/autoware.ai/build/autoware_config_msgs/devel/lib/python2.7/dist-packages/autoware_config_msgs/msg ...
[3.268s] -- Up-to-date: /home/point001/autoware.ai/install/autoware_config_msgs/lib/python2.7/dist-packages/autoware_config_msgs
[3.269s] -- Up-to-date: /home/point001/autoware.ai/install/autoware_config_msgs/lib/python2.7/dist-packages/autoware_config_msgs/msg
[3.270s] -- Up-to-date: /home/point001/autoware.ai/install/autoware_config_msgs/lib/python2.7/dist-packages/autoware_config_msgs/msg/_ConfigRayGroundFilter.pyc
[3.270s] -- Up-to-date: /home/point001/autoware.ai/install/autoware_config_msgs/lib/python2.7/dist-packages/autoware_config_msgs/msg/_ConfigPoints2Polygon.pyc
[3.270s] -- Up-to-date: /home/point001/autoware.ai/install/autoware_config_msgs/lib/python2.7/dist-packages/autoware_config_msgs/msg/_ConfigCarFusion.py
[3.270s] -- Up-to-date: /home/point001/autoware.ai/install/autoware_config_msgs/lib/python2.7/dist-packages/autoware_config_msgs/msg/_ConfigNDTMapping.py
[3.270s] -- Up-to-date: /home/point001/autoware.ai/install/autoware_config_msgs/lib/python2.7/dist-packages/autoware_config_msgs/msg/_ConfigCarFusion.pyc
[3.270s] -- Up-to-date: /home/point001/autoware.ai/install/autoware_config_msgs/lib/python2.7/dist-packages/autoware_config_msgs/msg/_ConfigVoxelGridFilter.py
[3.270s] -- Up-to-date: /home/point001/autoware.ai/install/autoware_config_msgs/lib/python2.7/dist-packages/autoware_config_msgs/msg/_ConfigCarDPM.pyc
[3.270s] -- Up-to-date: /home/point001/autoware.ai/install/autoware_config_msgs/lib/python2.7/dist-packages/autoware_config_msgs/msg/_ConfigPedestrianFusion.pyc
[3.270s] -- Up-to-date: /home/point001/autoware.ai/install/autoware_config_msgs/lib/python2.7/dist-packages/autoware_config_msgs/msg/_ConfigNDT.pyc
[3.270s] -- Up-to-date: /home/point001/autoware.ai/install/autoware_config_msgs/lib/python2.7/dist-packages/autoware_config_msgs/msg/_ConfigLatticeVelocitySet.pyc
[3.270s] -- Up-to-date: /home/point001/autoware.ai/install/autoware_config_msgs/lib/python2.7/dist-packages/autoware_config_msgs/msg/_ConfigLaneSelect.pyc
[3.270s] -- Up-to-date: /home/point001/autoware.ai/install/autoware_config_msgs/lib/python2.7/dist-packages/autoware_config_msgs/msg/_ConfigPedestrianKF.pyc
[3.271s] -- Up-to-date: /home/point001/autoware.ai/install/autoware_config_msgs/lib/python2.7/dist-packages/autoware_config_msgs/msg/_ConfigDecisionMaker.pyc
[3.271s] -- Up-to-date: /home/point001/autoware.ai/install/autoware_config_msgs/lib/python2.7/dist-packages/autoware_config_msgs/msg/_ConfigCarKF.pyc
[3.271s] -- Up-to-date: /home/point001/autoware.ai/install/autoware_config_msgs/lib/python2.7/dist-packages/autoware_config_msgs/msg/_ConfigSSD.py
[3.271s] -- Up-to-date: /home/point001/autoware.ai/install/autoware_config_msgs/lib/python2.7/dist-packages/autoware_config_msgs/msg/_ConfigLaneRule.py
[3.271s] -- Up-to-date: /home/point001/autoware.ai/install/autoware_config_msgs/lib/python2.7/dist-packages/autoware_config_msgs/msg/_ConfigPoints2Polygon.py
[3.271s] -- Up-to-date: /home/point001/autoware.ai/install/autoware_config_msgs/lib/python2.7/dist-packages/autoware_config_msgs/msg/_ConfigDistanceFilter.py
[3.271s] -- Up-to-date: /home/point001/autoware.ai/install/autoware_config_msgs/lib/python2.7/dist-packages/autoware_config_msgs/msg/_ConfigPlannerSelector.pyc
[3.271s] -- Up-to-date: /home/point001/autoware.ai/install/autoware_config_msgs/lib/python2.7/dist-packages/autoware_config_msgs/msg/_ConfigPedestrianKF.py
[3.271s] -- Up-to-date: /home/point001/autoware.ai/install/autoware_config_msgs/lib/python2.7/dist-packages/autoware_config_msgs/msg/_ConfigICP.pyc
[3.271s] -- Up-to-date: /home/point001/autoware.ai/install/autoware_config_msgs/lib/python2.7/dist-packages/autoware_config_msgs/msg/_ConfigLaneStop.pyc
[3.271s] -- Up-to-date: /home/point001/autoware.ai/install/autoware_config_msgs/lib/python2.7/dist-packages/autoware_config_msgs/msg/_ConfigRingFilter.py
[3.271s] -- Up-to-date: /home/point001/autoware.ai/install/autoware_config_msgs/lib/python2.7/dist-packages/autoware_config_msgs/msg/_ConfigCompareMapFilter.pyc
[3.272s] -- Up-to-date: /home/point001/autoware.ai/install/autoware_config_msgs/lib/python2.7/dist-packages/autoware_config_msgs/msg/_ConfigWaypointReplanner.pyc
[3.272s] -- Up-to-date: /home/point001/autoware.ai/install/autoware_config_msgs/lib/python2.7/dist-packages/autoware_config_msgs/msg/_ConfigNDTMappingOutput.py
[3.272s] -- Up-to-date: /home/point001/autoware.ai/install/autoware_config_msgs/lib/python2.7/dist-packages/autoware_config_msgs/msg/_ConfigLatticeVelocitySet.py
[3.272s] -- Up-to-date: /home/point001/autoware.ai/install/autoware_config_msgs/lib/python2.7/dist-packages/autoware_config_msgs/msg/_ConfigCompareMapFilter.py
[3.272s] -- Up-to-date: /home/point001/autoware.ai/install/autoware_config_msgs/lib/python2.7/dist-packages/autoware_config_msgs/msg/_ConfigWaypointFollower.pyc
[3.272s] -- Up-to-date: /home/point001/autoware.ai/install/autoware_config_msgs/lib/python2.7/dist-packages/autoware_config_msgs/msg/__init__.py
[3.272s] -- Up-to-date: /home/point001/autoware.ai/install/autoware_config_msgs/lib/python2.7/dist-packages/autoware_config_msgs/msg/_ConfigRandomFilter.py
[3.272s] -- Up-to-date: /home/point001/autoware.ai/install/autoware_config_msgs/lib/python2.7/dist-packages/autoware_config_msgs/msg/_ConfigLaneRule.pyc
[3.272s] -- Up-to-date: /home/point001/autoware.ai/install/autoware_config_msgs/lib/python2.7/dist-packages/autoware_config_msgs/msg/_ConfigPedestrianDPM.pyc
[3.272s] -- Up-to-date: /home/point001/autoware.ai/install/autoware_config_msgs/lib/python2.7/dist-packages/autoware_config_msgs/msg/_ConfigTwistFilter.py
[3.272s] -- Up-to-date: /home/point001/autoware.ai/install/autoware_config_msgs/lib/python2.7/dist-packages/autoware_config_msgs/msg/_ConfigLaneSelect.py
[3.272s] -- Up-to-date: /home/point001/autoware.ai/install/autoware_config_msgs/lib/python2.7/dist-packages/autoware_config_msgs/msg/_ConfigVelocitySet.pyc
[3.272s] -- Up-to-date: /home/point001/autoware.ai/install/autoware_config_msgs/lib/python2.7/dist-packages/autoware_config_msgs/msg/_ConfigPedestrianDPM.py
[3.273s] -- Up-to-date: /home/point001/autoware.ai/install/autoware_config_msgs/lib/python2.7/dist-packages/autoware_config_msgs/msg/_ConfigWaypointFollower.py
[3.273s] -- Up-to-date: /home/point001/autoware.ai/install/autoware_config_msgs/lib/python2.7/dist-packages/autoware_config_msgs/msg/_ConfigRcnn.pyc
[3.273s] -- Up-to-date: /home/point001/autoware.ai/install/autoware_config_msgs/lib/python2.7/dist-packages/autoware_config_msgs/msg/_ConfigICP.py
[3.273s] -- Up-to-date: /home/point001/autoware.ai/install/autoware_config_msgs/lib/python2.7/dist-packages/autoware_config_msgs/msg/_ConfigSSD.pyc
[3.273s] -- Up-to-date: /home/point001/autoware.ai/install/autoware_config_msgs/lib/python2.7/dist-packages/autoware_config_msgs/msg/_ConfigRandomFilter.pyc
[3.273s] -- Up-to-date: /home/point001/autoware.ai/install/autoware_config_msgs/lib/python2.7/dist-packages/autoware_config_msgs/msg/_ConfigDecisionMaker.py
[3.273s] -- Up-to-date: /home/point001/autoware.ai/install/autoware_config_msgs/lib/python2.7/dist-packages/autoware_config_msgs/msg/_ConfigApproximateNDTMapping.pyc
[3.273s] -- Up-to-date: /home/point001/autoware.ai/install/autoware_config_msgs/lib/python2.7/dist-packages/autoware_config_msgs/msg/_ConfigNDTMappingOutput.pyc
[3.273s] -- Up-to-date: /home/point001/autoware.ai/install/autoware_config_msgs/lib/python2.7/dist-packages/autoware_config_msgs/msg/_ConfigNDT.py
[3.273s] -- Up-to-date: /home/point001/autoware.ai/install/autoware_config_msgs/lib/python2.7/dist-packages/autoware_config_msgs/msg/_ConfigRingGroundFilter.py
[3.273s] -- Up-to-date: /home/point001/autoware.ai/install/autoware_config_msgs/lib/python2.7/dist-packages/autoware_config_msgs/msg/_ConfigCarKF.py
[3.273s] -- Up-to-date: /home/point001/autoware.ai/install/autoware_config_msgs/lib/python2.7/dist-packages/autoware_config_msgs/msg/_ConfigPlannerSelector.py
[3.273s] -- Up-to-date: /home/point001/autoware.ai/install/autoware_config_msgs/lib/python2.7/dist-packages/autoware_config_msgs/msg/_ConfigRayGroundFilter.py
[3.274s] -- Up-to-date: /home/point001/autoware.ai/install/autoware_config_msgs/lib/python2.7/dist-packages/autoware_config_msgs/msg/_ConfigCarDPM.py
[3.274s] -- Up-to-date: /home/point001/autoware.ai/install/autoware_config_msgs/lib/python2.7/dist-packages/autoware_config_msgs/msg/_ConfigPedestrianFusion.py
[3.274s] -- Up-to-date: /home/point001/autoware.ai/install/autoware_config_msgs/lib/python2.7/dist-packages/autoware_config_msgs/msg/_ConfigVoxelGridFilter.pyc
[3.274s] -- Up-to-date: /home/point001/autoware.ai/install/autoware_config_msgs/lib/python2.7/dist-packages/autoware_config_msgs/msg/_ConfigApproximateNDTMapping.py
[3.274s] -- Up-to-date: /home/point001/autoware.ai/install/autoware_config_msgs/lib/python2.7/dist-packages/autoware_config_msgs/msg/_ConfigLaneStop.py
[3.274s] -- Up-to-date: /home/point001/autoware.ai/install/autoware_config_msgs/lib/python2.7/dist-packages/autoware_config_msgs/msg/__init__.pyc
[3.274s] -- Up-to-date: /home/point001/autoware.ai/install/autoware_config_msgs/lib/python2.7/dist-packages/autoware_config_msgs/msg/_ConfigWaypointReplanner.py
[3.275s] -- Up-to-date: /home/point001/autoware.ai/install/autoware_config_msgs/lib/python2.7/dist-packages/autoware_config_msgs/msg/_ConfigRcnn.py
[3.275s] -- Up-to-date: /home/point001/autoware.ai/install/autoware_config_msgs/lib/python2.7/dist-packages/autoware_config_msgs/msg/_ConfigDistanceFilter.pyc
[3.275s] -- Up-to-date: /home/point001/autoware.ai/install/autoware_config_msgs/lib/python2.7/dist-packages/autoware_config_msgs/msg/_ConfigNDTMapping.pyc
[3.275s] -- Up-to-date: /home/point001/autoware.ai/install/autoware_config_msgs/lib/python2.7/dist-packages/autoware_config_msgs/msg/_ConfigVelocitySet.py
[3.275s] -- Up-to-date: /home/point001/autoware.ai/install/autoware_config_msgs/lib/python2.7/dist-packages/autoware_config_msgs/msg/_ConfigRingGroundFilter.pyc
[3.275s] -- Up-to-date: /home/point001/autoware.ai/install/autoware_config_msgs/lib/python2.7/dist-packages/autoware_config_msgs/msg/_ConfigRingFilter.pyc
[3.275s] -- Up-to-date: /home/point001/autoware.ai/install/autoware_config_msgs/lib/python2.7/dist-packages/autoware_config_msgs/msg/_ConfigTwistFilter.pyc
[3.275s] -- Up-to-date: /home/point001/autoware.ai/install/autoware_config_msgs/lib/python2.7/dist-packages/autoware_config_msgs/__init__.py
[3.275s] -- Up-to-date: /home/point001/autoware.ai/install/autoware_config_msgs/lib/python2.7/dist-packages/autoware_config_msgs/__init__.pyc
[3.282s] -- Up-to-date: /home/point001/autoware.ai/install/autoware_config_msgs/lib/pkgconfig/autoware_config_msgs.pc
[3.283s] -- Up-to-date: /home/point001/autoware.ai/install/autoware_config_msgs/share/autoware_config_msgs/cmake/autoware_config_msgs-msg-extras.cmake
[3.283s] -- Up-to-date: /home/point001/autoware.ai/install/autoware_config_msgs/share/autoware_config_msgs/cmake/autoware_config_msgsConfig.cmake
[3.283s] -- Up-to-date: /home/point001/autoware.ai/install/autoware_config_msgs/share/autoware_config_msgs/cmake/autoware_config_msgsConfig-version.cmake
[3.283s] -- Up-to-date: /home/point001/autoware.ai/install/autoware_config_msgs/share/autoware_config_msgs/package.xml
[3.633s] Invoked command in '/home/point001/autoware.ai/build/autoware_config_msgs' returned '0': /usr/bin/cmake --build /home/point001/autoware.ai/build/autoware_config_msgs --target install -- -j24 -l24
