[0.128s] Invoking command in '/home/point001/autoware.ai/build/sick_lms5xx': /usr/bin/cmake --build /home/point001/autoware.ai/build/sick_lms5xx -- -j24 -l24
[0.284s] [  0%] Built target actionlib_msgs_generate_messages_cpp
[0.289s] [  0%] Built target actionlib_msgs_generate_messages_lisp
[0.294s] [  0%] Built target rosgraph_msgs_generate_messages_eus
[0.296s] [  0%] Built target rosgraph_msgs_generate_messages_py
[0.307s] [  0%] Built target actionlib_msgs_generate_messages_eus
[0.308s] [  0%] Built target tf2_msgs_generate_messages_py
[0.310s] [  0%] Built target tf_generate_messages_eus
[0.314s] [  0%] Built target rosgraph_msgs_generate_messages_cpp
[0.319s] [  0%] Built target rosgraph_msgs_generate_messages_lisp
[0.319s] [  0%] Built target tf2_msgs_generate_messages_eus
[0.325s] [  0%] Built target roscpp_generate_messages_py
[0.327s] [  0%] Built target actionlib_msgs_generate_messages_py
[0.332s] [  0%] Built target actionlib_generate_messages_nodejs
[0.334s] [  0%] Built target actionlib_generate_messages_py
[0.334s] [  0%] Built target tf2_msgs_generate_messages_lisp
[0.334s] [  0%] Built target rosgraph_msgs_generate_messages_nodejs
[0.339s] [  0%] Built target geometry_msgs_generate_messages_py
[0.346s] [  0%] Built target actionlib_generate_messages_lisp
[0.347s] [  0%] Built target std_msgs_generate_messages_py
[0.353s] [  0%] Built target geometry_msgs_generate_messages_eus
[0.356s] [  0%] Built target tf2_msgs_generate_messages_nodejs
[0.367s] [  0%] Built target tf2_msgs_generate_messages_cpp
[0.367s] [  0%] Built target actionlib_generate_messages_eus
[0.390s] [  0%] Built target std_msgs_generate_messages_eus
[0.406s] [  0%] Built target roscpp_generate_messages_lisp
[0.408s] [  0%] Built target std_msgs_generate_messages_lisp
[0.416s] [  0%] Built target sensor_msgs_generate_messages_lisp
[0.416s] [  0%] Built target roscpp_generate_messages_nodejs
[0.418s] [  0%] Built target sensor_msgs_generate_messages_py
[0.421s] [  0%] Built target std_msgs_generate_messages_cpp
[0.421s] [  0%] Built target actionlib_msgs_generate_messages_nodejs
[0.422s] [  0%] Built target actionlib_generate_messages_cpp
[0.429s] [  0%] Built target roscpp_generate_messages_eus
[0.430s] [  0%] Built target tf_generate_messages_py
[0.439s] [  0%] Built target tf_generate_messages_lisp
[0.442s] [  0%] Built target std_msgs_generate_messages_nodejs
[0.454s] [  0%] Built target sensor_msgs_generate_messages_cpp
[0.455s] [  0%] Built target tf_generate_messages_cpp
[0.455s] [  0%] Built target tf_generate_messages_nodejs
[0.455s] [  0%] Built target geometry_msgs_generate_messages_cpp
[0.458s] [  0%] Built target sensor_msgs_generate_messages_nodejs
[0.466s] [  0%] Built target geometry_msgs_generate_messages_nodejs
[0.469s] [  0%] Built target sensor_msgs_generate_messages_eus
[0.469s] [  0%] Built target roscpp_generate_messages_cpp
[0.478s] [  0%] Built target geometry_msgs_generate_messages_lisp
[0.540s] [100%] Built target lms511_node
[0.610s] Invoked command in '/home/point001/autoware.ai/build/sick_lms5xx' returned '0': /usr/bin/cmake --build /home/point001/autoware.ai/build/sick_lms5xx -- -j24 -l24
[1.042s] Invoking command in '/home/point001/autoware.ai/build/sick_lms5xx': /usr/bin/cmake --build /home/point001/autoware.ai/build/sick_lms5xx --target tests -- -j24 -l24
[1.273s] Built target tests
[1.563s] Invoked command in '/home/point001/autoware.ai/build/sick_lms5xx' returned '0': /usr/bin/cmake --build /home/point001/autoware.ai/build/sick_lms5xx --target tests -- -j24 -l24
[1.947s] Invoking command in '/home/point001/autoware.ai/build/sick_lms5xx': /usr/bin/cmake --build /home/point001/autoware.ai/build/sick_lms5xx --target install -- -j24 -l24
[2.096s] [  0%] Built target geometry_msgs_generate_messages_eus
[2.105s] [  0%] Built target actionlib_msgs_generate_messages_lisp
[2.120s] [  0%] Built target rosgraph_msgs_generate_messages_nodejs
[2.122s] [  0%] Built target rosgraph_msgs_generate_messages_eus
[2.122s] [  0%] Built target actionlib_generate_messages_eus
[2.133s] [  0%] Built target actionlib_generate_messages_lisp
[2.136s] [  0%] Built target actionlib_msgs_generate_messages_py
[2.141s] [  0%] Built target tf2_msgs_generate_messages_nodejs
[2.143s] [  0%] Built target rosgraph_msgs_generate_messages_py
[2.146s] [  0%] Built target tf2_msgs_generate_messages_cpp
[2.146s] [  0%] Built target std_msgs_generate_messages_py
[2.148s] [  0%] Built target tf_generate_messages_eus
[2.155s] [  0%] Built target actionlib_msgs_generate_messages_cpp
[2.155s] [  0%] Built target actionlib_msgs_generate_messages_eus
[2.156s] [  0%] Built target rosgraph_msgs_generate_messages_cpp
[2.172s] [  0%] Built target tf2_msgs_generate_messages_lisp
[2.172s] [  0%] Built target std_msgs_generate_messages_eus
[2.172s] [  0%] Built target tf2_msgs_generate_messages_eus
[2.189s] [  0%] Built target tf2_msgs_generate_messages_py
[2.189s] [  0%] Built target actionlib_generate_messages_nodejs
[2.189s] [  0%] Built target rosgraph_msgs_generate_messages_lisp
[2.195s] [  0%] Built target roscpp_generate_messages_py
[2.195s] [  0%] Built target geometry_msgs_generate_messages_py
[2.209s] [  0%] Built target actionlib_msgs_generate_messages_nodejs
[2.210s] [  0%] Built target roscpp_generate_messages_lisp
[2.212s] [  0%] Built target actionlib_generate_messages_py
[2.217s] [  0%] Built target std_msgs_generate_messages_cpp
[2.223s] [  0%] Built target roscpp_generate_messages_nodejs
[2.238s] [  0%] Built target sensor_msgs_generate_messages_cpp
[2.239s] [  0%] Built target roscpp_generate_messages_eus
[2.247s] [  0%] Built target tf_generate_messages_lisp
[2.256s] [  0%] Built target sensor_msgs_generate_messages_eus
[2.278s] [  0%] Built target tf_generate_messages_py
[2.278s] [  0%] Built target std_msgs_generate_messages_lisp
[2.278s] [  0%] Built target actionlib_generate_messages_cpp
[2.279s] [  0%] Built target std_msgs_generate_messages_nodejs
[2.279s] [  0%] Built target sensor_msgs_generate_messages_py
[2.279s] [  0%] Built target roscpp_generate_messages_cpp
[2.279s] [  0%] Built target geometry_msgs_generate_messages_nodejs
[2.279s] [  0%] Built target geometry_msgs_generate_messages_lisp
[2.282s] [  0%] Built target tf_generate_messages_nodejs
[2.282s] [  0%] Built target tf_generate_messages_cpp
[2.300s] [  0%] Built target geometry_msgs_generate_messages_cpp
[2.344s] [  0%] Built target sensor_msgs_generate_messages_lisp
[2.354s] [  0%] Built target sensor_msgs_generate_messages_nodejs
[2.460s] [100%] Built target lms511_node
[2.554s] [36mInstall the project...[0m
[2.624s] -- Install configuration: "Release"
[2.625s] -- Up-to-date: /home/point001/autoware.ai/install/sick_lms5xx/lib/pkgconfig/sick_lms5xx.pc
[2.625s] -- Up-to-date: /home/point001/autoware.ai/install/sick_lms5xx/share/sick_lms5xx/cmake/sick_lms5xxConfig.cmake
[2.625s] -- Up-to-date: /home/point001/autoware.ai/install/sick_lms5xx/share/sick_lms5xx/cmake/sick_lms5xxConfig-version.cmake
[2.625s] -- Up-to-date: /home/point001/autoware.ai/install/sick_lms5xx/share/sick_lms5xx/package.xml
[2.625s] -- Up-to-date: /home/point001/autoware.ai/install/sick_lms5xx/lib/sick_lms5xx/lms511_node
[2.741s] Invoked command in '/home/point001/autoware.ai/build/sick_lms5xx' returned '0': /usr/bin/cmake --build /home/point001/autoware.ai/build/sick_lms5xx --target install -- -j24 -l24
