[0.251s] Invoking command in '/home/point001/autoware.ai/build/pixel_cloud_fusion': CMAKE_PREFIX_PATH=/home/point001/autoware.ai/install/autoware_build_flags:${CMAKE_PREFIX_PATH} PKG_CONFIG_PATH=/home/point001/autoware.ai/install/autoware_build_flags/lib/x86_64-linux-gnu/pkgconfig:/home/point001/autoware.ai/install/autoware_build_flags/lib/pkgconfig:${PKG_CONFIG_PATH} ROS_PACKAGE_PATH=/home/point001/autoware.ai/install/autoware_build_flags/share:${ROS_PACKAGE_PATH} /usr/bin/cmake --build /home/point001/autoware.ai/build/pixel_cloud_fusion -- -j24 -l24
[0.322s] [  0%] Built target tf2_msgs_generate_messages_eus
[0.328s] [  0%] Built target sensor_msgs_generate_messages_lisp
[0.328s] [  0%] Built target topic_tools_generate_messages_eus
[0.339s] [  0%] Built target rosgraph_msgs_generate_messages_eus
[0.339s] [  0%] Built target std_msgs_generate_messages_eus
[0.339s] [  0%] Built target pcl_msgs_generate_messages_cpp
[0.339s] [  0%] Built target topic_tools_generate_messages_cpp
[0.339s] [  0%] Built target roscpp_generate_messages_lisp
[0.339s] [  0%] Built target tf2_msgs_generate_messages_nodejs
[0.340s] [  0%] Built target bond_generate_messages_lisp
[0.342s] [  0%] Built target dynamic_reconfigure_generate_messages_lisp
[0.343s] [  0%] Built target actionlib_msgs_generate_messages_py
[0.343s] [  0%] Built target std_srvs_generate_messages_eus
[0.343s] [  0%] Built target rosgraph_msgs_generate_messages_lisp
[0.343s] [  0%] Built target tf2_msgs_generate_messages_cpp
[0.344s] [  0%] Built target rosgraph_msgs_generate_messages_nodejs
[0.344s] [  0%] Built target nodelet_generate_messages_nodejs
[0.355s] [  0%] Built target pcl_msgs_generate_messages_eus
[0.357s] [  0%] Built target std_msgs_generate_messages_cpp
[0.357s] [  0%] Built target bond_generate_messages_eus
[0.357s] [  0%] Built target pcl_msgs_generate_messages_nodejs
[0.357s] [  0%] Built target rosgraph_msgs_generate_messages_cpp
[0.357s] [  0%] Built target geometry_msgs_generate_messages_eus
[0.374s] [  0%] Built target std_msgs_generate_messages_nodejs
[0.380s] [  0%] Built target roscpp_generate_messages_py
[0.389s] [  0%] Built target roscpp_generate_messages_cpp
[0.389s] [  0%] Built target geometry_msgs_generate_messages_nodejs
[0.389s] [  0%] Built target tf_generate_messages_py
[0.389s] [  0%] Built target nodelet_generate_messages_py
[0.396s] [  0%] Built target sensor_msgs_generate_messages_nodejs
[0.403s] [  0%] Built target geometry_msgs_generate_messages_lisp
[0.404s] [  0%] Built target dynamic_reconfigure_generate_messages_cpp
[0.408s] [  0%] Built target std_msgs_generate_messages_py
[0.411s] [  0%] Built target actionlib_generate_messages_py
[0.411s] [  0%] Built target actionlib_generate_messages_cpp
[0.434s] [  0%] Built target std_msgs_generate_messages_lisp
[0.443s] [  0%] Built target dynamic_reconfigure_generate_messages_py
[0.443s] [  0%] Built target geometry_msgs_generate_messages_py
[0.457s] [  0%] Built target topic_tools_generate_messages_nodejs
[0.457s] [  0%] Built target sensor_msgs_generate_messages_py
[0.457s] [  0%] Built target sensor_msgs_generate_messages_cpp
[0.464s] [  0%] Built target tf2_msgs_generate_messages_lisp
[0.474s] [  0%] Built target dynamic_reconfigure_generate_messages_eus
[0.474s] [  0%] Built target roscpp_generate_messages_nodejs
[0.475s] [  0%] Built target dynamic_reconfigure_gencfg
[0.475s] [  0%] Built target sensor_msgs_generate_messages_eus
[0.479s] [  0%] Built target bond_generate_messages_py
[0.479s] [  0%] Built target tf2_msgs_generate_messages_py
[0.488s] [  0%] Built target actionlib_generate_messages_lisp
[0.490s] [  0%] Built target nodelet_generate_messages_lisp
[0.497s] [  0%] Built target roscpp_generate_messages_eus
[0.500s] [  0%] Built target std_srvs_generate_messages_nodejs
[0.506s] [  0%] Built target pcl_ros_gencfg
[0.531s] [  0%] Built target nodelet_generate_messages_cpp
[0.535s] [  0%] Built target nodelet_generate_messages_eus
[0.566s] [  0%] Built target geometry_msgs_generate_messages_cpp
[0.570s] [  0%] Built target std_srvs_generate_messages_lisp
[0.573s] [  0%] Built target dynamic_reconfigure_generate_messages_nodejs
[0.586s] [  0%] Built target actionlib_msgs_generate_messages_eus
[0.586s] [  0%] Built target tf_generate_messages_lisp
[0.586s] [  0%] Built target tf_generate_messages_nodejs
[0.605s] [  0%] Built target tf_generate_messages_cpp
[0.608s] [  0%] Built target rosgraph_msgs_generate_messages_py
[0.617s] [  0%] Built target actionlib_generate_messages_nodejs
[0.618s] [  0%] Built target std_srvs_generate_messages_cpp
[0.621s] [  0%] Built target topic_tools_generate_messages_lisp
[0.626s] [  0%] Built target pcl_msgs_generate_messages_py
[0.647s] [  0%] Built target actionlib_msgs_generate_messages_cpp
[0.652s] [  0%] Built target actionlib_msgs_generate_messages_nodejs
[0.654s] [  0%] Built target tf_generate_messages_eus
[0.655s] [  0%] Built target nodelet_topic_tools_gencfg
[0.681s] [  0%] Built target bond_generate_messages_nodejs
[0.681s] [  0%] Built target bond_generate_messages_cpp
[0.732s] [  0%] Built target actionlib_generate_messages_eus
[0.742s] [  0%] Built target actionlib_msgs_generate_messages_lisp
[0.742s] [  0%] Built target std_srvs_generate_messages_py
[0.752s] [  0%] Built target topic_tools_generate_messages_py
[0.797s] [  0%] Built target pcl_msgs_generate_messages_lisp
[1.041s] [ 50%] Built target pixel_cloud_fusion_lib
[1.203s] [100%] Built target pixel_cloud_fusion
[1.321s] Invoked command in '/home/point001/autoware.ai/build/pixel_cloud_fusion' returned '0': CMAKE_PREFIX_PATH=/home/point001/autoware.ai/install/autoware_build_flags:${CMAKE_PREFIX_PATH} PKG_CONFIG_PATH=/home/point001/autoware.ai/install/autoware_build_flags/lib/x86_64-linux-gnu/pkgconfig:/home/point001/autoware.ai/install/autoware_build_flags/lib/pkgconfig:${PKG_CONFIG_PATH} ROS_PACKAGE_PATH=/home/point001/autoware.ai/install/autoware_build_flags/share:${ROS_PACKAGE_PATH} /usr/bin/cmake --build /home/point001/autoware.ai/build/pixel_cloud_fusion -- -j24 -l24
[1.582s] Invoking command in '/home/point001/autoware.ai/build/pixel_cloud_fusion': CMAKE_PREFIX_PATH=/home/point001/autoware.ai/install/autoware_build_flags:${CMAKE_PREFIX_PATH} PKG_CONFIG_PATH=/home/point001/autoware.ai/install/autoware_build_flags/lib/x86_64-linux-gnu/pkgconfig:/home/point001/autoware.ai/install/autoware_build_flags/lib/pkgconfig:${PKG_CONFIG_PATH} ROS_PACKAGE_PATH=/home/point001/autoware.ai/install/autoware_build_flags/share:${ROS_PACKAGE_PATH} /usr/bin/cmake --build /home/point001/autoware.ai/build/pixel_cloud_fusion --target tests -- -j24 -l24
[1.809s] Built target tests
[1.940s] Invoked command in '/home/point001/autoware.ai/build/pixel_cloud_fusion' returned '0': CMAKE_PREFIX_PATH=/home/point001/autoware.ai/install/autoware_build_flags:${CMAKE_PREFIX_PATH} PKG_CONFIG_PATH=/home/point001/autoware.ai/install/autoware_build_flags/lib/x86_64-linux-gnu/pkgconfig:/home/point001/autoware.ai/install/autoware_build_flags/lib/pkgconfig:${PKG_CONFIG_PATH} ROS_PACKAGE_PATH=/home/point001/autoware.ai/install/autoware_build_flags/share:${ROS_PACKAGE_PATH} /usr/bin/cmake --build /home/point001/autoware.ai/build/pixel_cloud_fusion --target tests -- -j24 -l24
[2.237s] Invoking command in '/home/point001/autoware.ai/build/pixel_cloud_fusion': CMAKE_PREFIX_PATH=/home/point001/autoware.ai/install/autoware_build_flags:${CMAKE_PREFIX_PATH} PKG_CONFIG_PATH=/home/point001/autoware.ai/install/autoware_build_flags/lib/x86_64-linux-gnu/pkgconfig:/home/point001/autoware.ai/install/autoware_build_flags/lib/pkgconfig:${PKG_CONFIG_PATH} ROS_PACKAGE_PATH=/home/point001/autoware.ai/install/autoware_build_flags/share:${ROS_PACKAGE_PATH} /usr/bin/cmake --build /home/point001/autoware.ai/build/pixel_cloud_fusion --target install -- -j24 -l24
[2.300s] [  0%] Built target std_msgs_generate_messages_eus
[2.308s] [  0%] Built target topic_tools_generate_messages_cpp
[2.310s] [  0%] Built target pcl_msgs_generate_messages_eus
[2.310s] [  0%] Built target tf2_msgs_generate_messages_eus
[2.311s] [  0%] Built target rosgraph_msgs_generate_messages_cpp
[2.311s] [  0%] Built target bond_generate_messages_eus
[2.313s] [  0%] Built target tf2_msgs_generate_messages_cpp
[2.317s] [  0%] Built target pcl_msgs_generate_messages_nodejs
[2.318s] [  0%] Built target roscpp_generate_messages_lisp
[2.318s] [  0%] Built target nodelet_generate_messages_nodejs
[2.320s] [  0%] Built target pcl_msgs_generate_messages_cpp
[2.320s] [  0%] Built target actionlib_msgs_generate_messages_py
[2.320s] [  0%] Built target rosgraph_msgs_generate_messages_nodejs
[2.320s] [  0%] Built target tf2_msgs_generate_messages_nodejs
[2.321s] [  0%] Built target std_srvs_generate_messages_eus
[2.321s] [  0%] Built target bond_generate_messages_lisp
[2.323s] [  0%] Built target sensor_msgs_generate_messages_lisp
[2.324s] [  0%] Built target geometry_msgs_generate_messages_eus
[2.329s] [  0%] Built target rosgraph_msgs_generate_messages_eus
[2.335s] [  0%] Built target std_msgs_generate_messages_py
[2.337s] [  0%] Built target topic_tools_generate_messages_eus
[2.343s] [  0%] Built target rosgraph_msgs_generate_messages_lisp
[2.346s] [  0%] Built target roscpp_generate_messages_py
[2.347s] [  0%] Built target dynamic_reconfigure_generate_messages_lisp
[2.347s] [  0%] Built target std_msgs_generate_messages_nodejs
[2.347s] [  0%] Built target sensor_msgs_generate_messages_py
[2.351s] [  0%] Built target std_msgs_generate_messages_cpp
[2.356s] [  0%] Built target actionlib_generate_messages_cpp
[2.356s] [  0%] Built target geometry_msgs_generate_messages_nodejs
[2.358s] [  0%] Built target std_msgs_generate_messages_lisp
[2.359s] [  0%] Built target pcl_ros_gencfg
[2.362s] [  0%] Built target dynamic_reconfigure_generate_messages_cpp
[2.362s] [  0%] Built target sensor_msgs_generate_messages_nodejs
[2.362s] [  0%] Built target roscpp_generate_messages_cpp
[2.363s] [  0%] Built target nodelet_generate_messages_py
[2.366s] [  0%] Built target sensor_msgs_generate_messages_eus
[2.371s] [  0%] Built target roscpp_generate_messages_nodejs
[2.371s] [  0%] Built target dynamic_reconfigure_generate_messages_eus
[2.371s] [  0%] Built target geometry_msgs_generate_messages_lisp
[2.371s] [  0%] Built target topic_tools_generate_messages_nodejs
[2.374s] [  0%] Built target tf_generate_messages_py
[2.375s] [  0%] Built target dynamic_reconfigure_generate_messages_nodejs
[2.377s] [  0%] Built target std_srvs_generate_messages_nodejs
[2.377s] [  0%] Built target sensor_msgs_generate_messages_cpp
[2.382s] [  0%] Built target dynamic_reconfigure_gencfg
[2.382s] [  0%] Built target nodelet_generate_messages_cpp
[2.383s] [  0%] Built target tf2_msgs_generate_messages_lisp
[2.383s] [  0%] Built target geometry_msgs_generate_messages_py
[2.387s] [  0%] Built target actionlib_generate_messages_py
[2.388s] [  0%] Built target tf2_msgs_generate_messages_py
[2.388s] [  0%] Built target actionlib_generate_messages_lisp
[2.388s] [  0%] Built target dynamic_reconfigure_generate_messages_py
[2.388s] [  0%] Built target bond_generate_messages_py
[2.391s] [  0%] Built target geometry_msgs_generate_messages_cpp
[2.392s] [  0%] Built target nodelet_generate_messages_eus
[2.392s] [  0%] Built target rosgraph_msgs_generate_messages_py
[2.400s] [  0%] Built target actionlib_msgs_generate_messages_eus
[2.403s] [  0%] Built target nodelet_generate_messages_lisp
[2.403s] [  0%] Built target roscpp_generate_messages_eus
[2.404s] [  0%] Built target topic_tools_generate_messages_py
[2.404s] [  0%] Built target nodelet_topic_tools_gencfg
[2.404s] [  0%] Built target actionlib_msgs_generate_messages_nodejs
[2.404s] [  0%] Built target bond_generate_messages_nodejs
[2.404s] [  0%] Built target std_srvs_generate_messages_lisp
[2.408s] [  0%] Built target bond_generate_messages_cpp
[2.410s] [  0%] Built target tf_generate_messages_eus
[2.410s] [  0%] Built target std_srvs_generate_messages_cpp
[2.410s] [  0%] Built target pcl_msgs_generate_messages_py
[2.410s] [  0%] Built target topic_tools_generate_messages_lisp
[2.413s] [  0%] Built target actionlib_msgs_generate_messages_cpp
[2.413s] [  0%] Built target tf_generate_messages_lisp
[2.413s] [  0%] Built target actionlib_generate_messages_nodejs
[2.414s] [  0%] Built target actionlib_generate_messages_eus
[2.414s] [  0%] Built target tf_generate_messages_cpp
[2.414s] [  0%] Built target std_srvs_generate_messages_py
[2.421s] [  0%] Built target tf_generate_messages_nodejs
[2.422s] [  0%] Built target pcl_msgs_generate_messages_lisp
[2.422s] [  0%] Built target actionlib_msgs_generate_messages_lisp
[2.465s] [ 50%] Built target pixel_cloud_fusion_lib
[2.529s] [100%] Built target pixel_cloud_fusion
[2.571s] [36mInstall the project...[0m
[2.597s] -- Install configuration: "Release"
[2.598s] -- Up-to-date: /home/point001/autoware.ai/install/pixel_cloud_fusion/lib/pkgconfig/pixel_cloud_fusion.pc
[2.598s] -- Up-to-date: /home/point001/autoware.ai/install/pixel_cloud_fusion/share/pixel_cloud_fusion/cmake/pixel_cloud_fusionConfig.cmake
[2.598s] -- Up-to-date: /home/point001/autoware.ai/install/pixel_cloud_fusion/share/pixel_cloud_fusion/cmake/pixel_cloud_fusionConfig-version.cmake
[2.598s] -- Up-to-date: /home/point001/autoware.ai/install/pixel_cloud_fusion/share/pixel_cloud_fusion/package.xml
[2.598s] -- Up-to-date: /home/point001/autoware.ai/install/pixel_cloud_fusion/lib/pixel_cloud_fusion/pixel_cloud_fusion
[2.598s] -- Up-to-date: /home/point001/autoware.ai/install/pixel_cloud_fusion/lib/libpixel_cloud_fusion_lib.so
[2.598s] -- Up-to-date: /home/point001/autoware.ai/install/pixel_cloud_fusion/include/pixel_cloud_fusion
[2.598s] -- Up-to-date: /home/point001/autoware.ai/install/pixel_cloud_fusion/include/pixel_cloud_fusion/pixel_cloud_fusion.h
[2.598s] -- Up-to-date: /home/point001/autoware.ai/install/pixel_cloud_fusion/share/pixel_cloud_fusion/launch
[2.598s] -- Up-to-date: /home/point001/autoware.ai/install/pixel_cloud_fusion/share/pixel_cloud_fusion/launch/pixel_cloud_fusion.launch
[2.977s] Invoked command in '/home/point001/autoware.ai/build/pixel_cloud_fusion' returned '0': CMAKE_PREFIX_PATH=/home/point001/autoware.ai/install/autoware_build_flags:${CMAKE_PREFIX_PATH} PKG_CONFIG_PATH=/home/point001/autoware.ai/install/autoware_build_flags/lib/x86_64-linux-gnu/pkgconfig:/home/point001/autoware.ai/install/autoware_build_flags/lib/pkgconfig:${PKG_CONFIG_PATH} ROS_PACKAGE_PATH=/home/point001/autoware.ai/install/autoware_build_flags/share:${ROS_PACKAGE_PATH} /usr/bin/cmake --build /home/point001/autoware.ai/build/pixel_cloud_fusion --target install -- -j24 -l24
