[0.241s] Invoking command in '/home/point001/autoware.ai/build/sick_lms5xx': /usr/bin/cmake --build /home/point001/autoware.ai/build/sick_lms5xx -- -j24 -l24
[0.340s] [  0%] Built target actionlib_generate_messages_py
[0.340s] [  0%] Built target tf2_msgs_generate_messages_lisp
[0.341s] [  0%] Built target tf2_msgs_generate_messages_nodejs
[0.341s] [  0%] Built target actionlib_msgs_generate_messages_eus
[0.341s] [  0%] Built target actionlib_generate_messages_lisp
[0.341s] [  0%] Built target geometry_msgs_generate_messages_py
[0.341s] [  0%] Built target actionlib_generate_messages_eus
[0.341s] [  0%] Built target tf2_msgs_generate_messages_py
[0.342s] [  0%] Built target actionlib_msgs_generate_messages_py
[0.342s] [  0%] Built target tf2_msgs_generate_messages_eus
[0.342s] [  0%] Built target actionlib_msgs_generate_messages_lisp
[0.344s] [  0%] Built target tf2_msgs_generate_messages_cpp
[0.344s] [  0%] Built target rosgraph_msgs_generate_messages_nodejs
[0.344s] [  0%] Built target rosgraph_msgs_generate_messages_eus
[0.344s] [  0%] Built target geometry_msgs_generate_messages_eus
[0.344s] [  0%] Built target roscpp_generate_messages_py
[0.344s] [  0%] Built target rosgraph_msgs_generate_messages_cpp
[0.345s] [  0%] Built target actionlib_generate_messages_nodejs
[0.345s] [  0%] Built target actionlib_msgs_generate_messages_cpp
[0.345s] [  0%] Built target std_msgs_generate_messages_py
[0.345s] [  0%] Built target rosgraph_msgs_generate_messages_lisp
[0.345s] [  0%] Built target rosgraph_msgs_generate_messages_py
[0.345s] [  0%] Built target std_msgs_generate_messages_eus
[0.345s] [  0%] Built target tf_generate_messages_eus
[0.345s] [  0%] Built target roscpp_generate_messages_nodejs
[0.345s] [  0%] Built target roscpp_generate_messages_eus
[0.346s] [  0%] Built target std_msgs_generate_messages_cpp
[0.347s] [  0%] Built target roscpp_generate_messages_lisp
[0.347s] [  0%] Built target actionlib_msgs_generate_messages_nodejs
[0.347s] [  0%] Built target tf_generate_messages_py
[0.347s] [  0%] Built target tf_generate_messages_nodejs
[0.347s] [  0%] Built target roscpp_generate_messages_cpp
[0.347s] [  0%] Built target sensor_msgs_generate_messages_cpp
[0.347s] [  0%] Built target std_msgs_generate_messages_lisp
[0.347s] [  0%] Built target geometry_msgs_generate_messages_cpp
[0.347s] [  0%] Built target tf_generate_messages_lisp
[0.347s] [  0%] Built target std_msgs_generate_messages_nodejs
[0.348s] [  0%] Built target sensor_msgs_generate_messages_lisp
[0.348s] [  0%] Built target sensor_msgs_generate_messages_py
[0.348s] [  0%] Built target tf_generate_messages_cpp
[0.348s] [  0%] Built target sensor_msgs_generate_messages_eus
[0.348s] [  0%] Built target geometry_msgs_generate_messages_nodejs
[0.348s] [  0%] Built target actionlib_generate_messages_cpp
[0.348s] [  0%] Built target geometry_msgs_generate_messages_lisp
[0.348s] [  0%] Built target sensor_msgs_generate_messages_nodejs
[0.348s] [100%] Built target lms511_node
[0.632s] Invoked command in '/home/point001/autoware.ai/build/sick_lms5xx' returned '0': /usr/bin/cmake --build /home/point001/autoware.ai/build/sick_lms5xx -- -j24 -l24
[0.910s] Invoking command in '/home/point001/autoware.ai/build/sick_lms5xx': /usr/bin/cmake --build /home/point001/autoware.ai/build/sick_lms5xx --target tests -- -j24 -l24
[1.152s] Built target tests
[1.379s] Invoked command in '/home/point001/autoware.ai/build/sick_lms5xx' returned '0': /usr/bin/cmake --build /home/point001/autoware.ai/build/sick_lms5xx --target tests -- -j24 -l24
[1.600s] Invoking command in '/home/point001/autoware.ai/build/sick_lms5xx': /usr/bin/cmake --build /home/point001/autoware.ai/build/sick_lms5xx --target install -- -j24 -l24
[1.779s] [  0%] Built target actionlib_msgs_generate_messages_cpp
[1.779s] [  0%] Built target tf_generate_messages_eus
[1.779s] [  0%] Built target actionlib_generate_messages_eus
[1.779s] [  0%] Built target rosgraph_msgs_generate_messages_eus
[1.779s] [  0%] Built target actionlib_generate_messages_py
[1.779s] [  0%] Built target std_msgs_generate_messages_eus
[1.779s] [  0%] Built target rosgraph_msgs_generate_messages_nodejs
[1.779s] [  0%] Built target actionlib_msgs_generate_messages_lisp
[1.779s] [  0%] Built target roscpp_generate_messages_py
[1.780s] [  0%] Built target std_msgs_generate_messages_py
[1.780s] [  0%] Built target tf2_msgs_generate_messages_py
[1.780s] [  0%] Built target geometry_msgs_generate_messages_eus
[1.780s] [  0%] Built target tf2_msgs_generate_messages_lisp
[1.780s] [  0%] Built target rosgraph_msgs_generate_messages_cpp
[1.780s] [  0%] Built target tf2_msgs_generate_messages_cpp
[1.780s] [  0%] Built target tf2_msgs_generate_messages_eus
[1.780s] [  0%] Built target rosgraph_msgs_generate_messages_lisp
[1.781s] [  0%] Built target tf2_msgs_generate_messages_nodejs
[1.781s] [  0%] Built target actionlib_generate_messages_lisp
[1.781s] [  0%] Built target actionlib_msgs_generate_messages_eus
[1.781s] [  0%] Built target rosgraph_msgs_generate_messages_py
[1.781s] [  0%] Built target geometry_msgs_generate_messages_py
[1.781s] [  0%] Built target actionlib_generate_messages_nodejs
[1.781s] [  0%] Built target actionlib_msgs_generate_messages_py
[1.781s] [  0%] Built target tf_generate_messages_lisp
[1.782s] [  0%] Built target roscpp_generate_messages_eus
[1.782s] [  0%] Built target roscpp_generate_messages_lisp
[1.782s] [  0%] Built target sensor_msgs_generate_messages_py
[1.782s] [  0%] Built target tf_generate_messages_py
[1.782s] [  0%] Built target tf_generate_messages_nodejs
[1.782s] [  0%] Built target roscpp_generate_messages_nodejs
[1.782s] [  0%] Built target geometry_msgs_generate_messages_nodejs
[1.782s] [  0%] Built target actionlib_msgs_generate_messages_nodejs
[1.782s] [  0%] Built target sensor_msgs_generate_messages_eus
[1.783s] [  0%] Built target tf_generate_messages_cpp
[1.783s] [  0%] Built target sensor_msgs_generate_messages_nodejs
[1.783s] [  0%] Built target std_msgs_generate_messages_lisp
[1.783s] [  0%] Built target std_msgs_generate_messages_cpp
[1.784s] [  0%] Built target sensor_msgs_generate_messages_cpp
[1.784s] [  0%] Built target roscpp_generate_messages_cpp
[1.784s] [  0%] Built target std_msgs_generate_messages_nodejs
[1.784s] [  0%] Built target actionlib_generate_messages_cpp
[1.784s] [  0%] Built target sensor_msgs_generate_messages_lisp
[1.784s] [  0%] Built target geometry_msgs_generate_messages_cpp
[1.792s] [  0%] Built target geometry_msgs_generate_messages_lisp
[1.814s] [100%] Built target lms511_node
[1.838s] [36mInstall the project...[0m
[1.846s] -- Install configuration: "Release"
[1.846s] -- Up-to-date: /home/point001/autoware.ai/install/sick_lms5xx/lib/pkgconfig/sick_lms5xx.pc
[1.846s] -- Up-to-date: /home/point001/autoware.ai/install/sick_lms5xx/share/sick_lms5xx/cmake/sick_lms5xxConfig.cmake
[1.847s] -- Up-to-date: /home/point001/autoware.ai/install/sick_lms5xx/share/sick_lms5xx/cmake/sick_lms5xxConfig-version.cmake
[1.847s] -- Up-to-date: /home/point001/autoware.ai/install/sick_lms5xx/share/sick_lms5xx/package.xml
[1.847s] -- Up-to-date: /home/point001/autoware.ai/install/sick_lms5xx/lib/sick_lms5xx/lms511_node
[1.973s] Invoked command in '/home/point001/autoware.ai/build/sick_lms5xx' returned '0': /usr/bin/cmake --build /home/point001/autoware.ai/build/sick_lms5xx --target install -- -j24 -l24
