[0.261s] Invoking command in '/home/point001/autoware.ai/build/autoware_lanelet2_msgs': /usr/bin/cmake --build /home/point001/autoware.ai/build/autoware_lanelet2_msgs -- -j24 -l24
[0.671s] [  0%] Built target std_msgs_generate_messages_nodejs
[0.671s] [  0%] Built target std_msgs_generate_messages_py
[0.671s] [  0%] Built target _autoware_lanelet2_msgs_generate_messages_check_deps_MapBin
[0.672s] [  0%] Built target std_msgs_generate_messages_eus
[0.672s] [  0%] Built target std_msgs_generate_messages_lisp
[0.672s] [  0%] Built target std_msgs_generate_messages_cpp
[0.775s] [ 14%] Built target autoware_lanelet2_msgs_generate_messages_nodejs
[0.797s] [ 42%] Built target autoware_lanelet2_msgs_generate_messages_py
[0.825s] [ 57%] Built target autoware_lanelet2_msgs_generate_messages_lisp
[0.837s] [ 71%] Built target autoware_lanelet2_msgs_generate_messages_cpp
[0.942s] [100%] Built target autoware_lanelet2_msgs_generate_messages_eus
[1.136s] [100%] Built target autoware_lanelet2_msgs_generate_messages
[1.268s] Invoked command in '/home/point001/autoware.ai/build/autoware_lanelet2_msgs' returned '0': /usr/bin/cmake --build /home/point001/autoware.ai/build/autoware_lanelet2_msgs -- -j24 -l24
[1.386s] Invoking command in '/home/point001/autoware.ai/build/autoware_lanelet2_msgs': /usr/bin/cmake --build /home/point001/autoware.ai/build/autoware_lanelet2_msgs --target tests -- -j24 -l24
[1.504s] Built target tests
[1.547s] Invoked command in '/home/point001/autoware.ai/build/autoware_lanelet2_msgs' returned '0': /usr/bin/cmake --build /home/point001/autoware.ai/build/autoware_lanelet2_msgs --target tests -- -j24 -l24
[1.713s] Invoking command in '/home/point001/autoware.ai/build/autoware_lanelet2_msgs': /usr/bin/cmake --build /home/point001/autoware.ai/build/autoware_lanelet2_msgs --target install -- -j24 -l24
[1.803s] [  0%] Built target std_msgs_generate_messages_cpp
[1.803s] [  0%] Built target std_msgs_generate_messages_lisp
[1.803s] [  0%] Built target std_msgs_generate_messages_py
[1.803s] [  0%] Built target std_msgs_generate_messages_nodejs
[1.803s] [  0%] Built target std_msgs_generate_messages_eus
[1.857s] [  0%] Built target _autoware_lanelet2_msgs_generate_messages_check_deps_MapBin
[1.922s] [ 14%] Built target autoware_lanelet2_msgs_generate_messages_cpp
[1.925s] [ 42%] Built target autoware_lanelet2_msgs_generate_messages_py
[1.937s] [ 57%] Built target autoware_lanelet2_msgs_generate_messages_lisp
[1.949s] [ 71%] Built target autoware_lanelet2_msgs_generate_messages_nodejs
[1.969s] [100%] Built target autoware_lanelet2_msgs_generate_messages_eus
[2.118s] [100%] Built target autoware_lanelet2_msgs_generate_messages
[2.161s] [36mInstall the project...[0m
[2.178s] -- Install configuration: "Release"
[2.178s] -- Up-to-date: /home/point001/autoware.ai/install/autoware_lanelet2_msgs/share/autoware_lanelet2_msgs/msg/MapBin.msg
[2.178s] -- Up-to-date: /home/point001/autoware.ai/install/autoware_lanelet2_msgs/share/autoware_lanelet2_msgs/cmake/autoware_lanelet2_msgs-msg-paths.cmake
[2.178s] -- Up-to-date: /home/point001/autoware.ai/install/autoware_lanelet2_msgs/include/autoware_lanelet2_msgs
[2.178s] -- Up-to-date: /home/point001/autoware.ai/install/autoware_lanelet2_msgs/include/autoware_lanelet2_msgs/MapBin.h
[2.178s] -- Up-to-date: /home/point001/autoware.ai/install/autoware_lanelet2_msgs/share/roseus/ros/autoware_lanelet2_msgs
[2.178s] -- Up-to-date: /home/point001/autoware.ai/install/autoware_lanelet2_msgs/share/roseus/ros/autoware_lanelet2_msgs/manifest.l
[2.179s] -- Up-to-date: /home/point001/autoware.ai/install/autoware_lanelet2_msgs/share/roseus/ros/autoware_lanelet2_msgs/msg
[2.179s] -- Up-to-date: /home/point001/autoware.ai/install/autoware_lanelet2_msgs/share/roseus/ros/autoware_lanelet2_msgs/msg/MapBin.l
[2.179s] -- Up-to-date: /home/point001/autoware.ai/install/autoware_lanelet2_msgs/share/common-lisp/ros/autoware_lanelet2_msgs
[2.179s] -- Up-to-date: /home/point001/autoware.ai/install/autoware_lanelet2_msgs/share/common-lisp/ros/autoware_lanelet2_msgs/msg
[2.179s] -- Up-to-date: /home/point001/autoware.ai/install/autoware_lanelet2_msgs/share/common-lisp/ros/autoware_lanelet2_msgs/msg/MapBin.lisp
[2.179s] -- Up-to-date: /home/point001/autoware.ai/install/autoware_lanelet2_msgs/share/common-lisp/ros/autoware_lanelet2_msgs/msg/autoware_lanelet2_msgs-msg.asd
[2.179s] -- Up-to-date: /home/point001/autoware.ai/install/autoware_lanelet2_msgs/share/common-lisp/ros/autoware_lanelet2_msgs/msg/_package.lisp
[2.179s] -- Up-to-date: /home/point001/autoware.ai/install/autoware_lanelet2_msgs/share/common-lisp/ros/autoware_lanelet2_msgs/msg/_package_MapBin.lisp
[2.179s] -- Up-to-date: /home/point001/autoware.ai/install/autoware_lanelet2_msgs/share/gennodejs/ros/autoware_lanelet2_msgs
[2.179s] -- Up-to-date: /home/point001/autoware.ai/install/autoware_lanelet2_msgs/share/gennodejs/ros/autoware_lanelet2_msgs/_index.js
[2.180s] -- Up-to-date: /home/point001/autoware.ai/install/autoware_lanelet2_msgs/share/gennodejs/ros/autoware_lanelet2_msgs/msg
[2.181s] -- Up-to-date: /home/point001/autoware.ai/install/autoware_lanelet2_msgs/share/gennodejs/ros/autoware_lanelet2_msgs/msg/MapBin.js
[2.181s] -- Up-to-date: /home/point001/autoware.ai/install/autoware_lanelet2_msgs/share/gennodejs/ros/autoware_lanelet2_msgs/msg/_index.js
[2.198s] Listing /home/point001/autoware.ai/build/autoware_lanelet2_msgs/devel/lib/python2.7/dist-packages/autoware_lanelet2_msgs ...
[2.199s] Listing /home/point001/autoware.ai/build/autoware_lanelet2_msgs/devel/lib/python2.7/dist-packages/autoware_lanelet2_msgs/msg ...
[2.199s] -- Up-to-date: /home/point001/autoware.ai/install/autoware_lanelet2_msgs/lib/python2.7/dist-packages/autoware_lanelet2_msgs
[2.199s] -- Up-to-date: /home/point001/autoware.ai/install/autoware_lanelet2_msgs/lib/python2.7/dist-packages/autoware_lanelet2_msgs/msg
[2.199s] -- Up-to-date: /home/point001/autoware.ai/install/autoware_lanelet2_msgs/lib/python2.7/dist-packages/autoware_lanelet2_msgs/msg/_MapBin.pyc
[2.199s] -- Up-to-date: /home/point001/autoware.ai/install/autoware_lanelet2_msgs/lib/python2.7/dist-packages/autoware_lanelet2_msgs/msg/__init__.py
[2.199s] -- Up-to-date: /home/point001/autoware.ai/install/autoware_lanelet2_msgs/lib/python2.7/dist-packages/autoware_lanelet2_msgs/msg/__init__.pyc
[2.199s] -- Up-to-date: /home/point001/autoware.ai/install/autoware_lanelet2_msgs/lib/python2.7/dist-packages/autoware_lanelet2_msgs/msg/_MapBin.py
[2.199s] -- Up-to-date: /home/point001/autoware.ai/install/autoware_lanelet2_msgs/lib/python2.7/dist-packages/autoware_lanelet2_msgs/__init__.py
[2.200s] -- Up-to-date: /home/point001/autoware.ai/install/autoware_lanelet2_msgs/lib/python2.7/dist-packages/autoware_lanelet2_msgs/__init__.pyc
[2.200s] -- Up-to-date: /home/point001/autoware.ai/install/autoware_lanelet2_msgs/lib/pkgconfig/autoware_lanelet2_msgs.pc
[2.200s] -- Up-to-date: /home/point001/autoware.ai/install/autoware_lanelet2_msgs/share/autoware_lanelet2_msgs/cmake/autoware_lanelet2_msgs-msg-extras.cmake
[2.200s] -- Up-to-date: /home/point001/autoware.ai/install/autoware_lanelet2_msgs/share/autoware_lanelet2_msgs/cmake/autoware_lanelet2_msgsConfig.cmake
[2.200s] -- Up-to-date: /home/point001/autoware.ai/install/autoware_lanelet2_msgs/share/autoware_lanelet2_msgs/cmake/autoware_lanelet2_msgsConfig-version.cmake
[2.200s] -- Up-to-date: /home/point001/autoware.ai/install/autoware_lanelet2_msgs/share/autoware_lanelet2_msgs/package.xml
[2.485s] Invoked command in '/home/point001/autoware.ai/build/autoware_lanelet2_msgs' returned '0': /usr/bin/cmake --build /home/point001/autoware.ai/build/autoware_lanelet2_msgs --target install -- -j24 -l24
