[0.171s] Invoking command in '/home/point001/autoware.ai/build/autoware_health_checker': CMAKE_PREFIX_PATH=/home/point001/autoware.ai/install/ros_observer:/home/point001/autoware.ai/install/autoware_system_msgs:${CMAKE_PREFIX_PATH} LD_LIBRARY_PATH=/home/point001/autoware.ai/install/ros_observer/lib:/opt/ros/melodic/lib:/usr/local/cuda-10.0/lib64 PKG_CONFIG_PATH=/home/point001/autoware.ai/install/ros_observer/lib/x86_64-linux-gnu/pkgconfig:/home/point001/autoware.ai/install/ros_observer/lib/pkgconfig:/home/point001/autoware.ai/install/autoware_system_msgs/lib/x86_64-linux-gnu/pkgconfig:/home/point001/autoware.ai/install/autoware_system_msgs/lib/pkgconfig:${PKG_CONFIG_PATH} PYTHONPATH=/home/point001/autoware.ai/install/autoware_system_msgs/lib/python2.7/dist-packages:${PYTHONPATH} ROS_PACKAGE_PATH=/home/point001/autoware.ai/install/ros_observer/share:/home/point001/autoware.ai/install/autoware_system_msgs/share:${ROS_PACKAGE_PATH} /usr/bin/cmake --build /home/point001/autoware.ai/build/autoware_health_checker -- -j24 -l24
[0.251s] [  0%] Built target tf_generate_messages_lisp
[0.253s] [  0%] Built target map_msgs_generate_messages_lisp
[0.253s] [  0%] Built target rviz_generate_messages_eus
[0.256s] [  0%] Built target visualization_msgs_generate_messages_py
[0.256s] [  0%] Built target map_msgs_generate_messages_cpp
[0.256s] [  0%] Built target tf2_msgs_generate_messages_eus
[0.259s] [  0%] Built target people_msgs_generate_messages_lisp
[0.261s] [  0%] Built target nav_msgs_generate_messages_nodejs
[0.262s] [  0%] Built target tf2_msgs_generate_messages_cpp
[0.262s] [  0%] Built target rviz_generate_messages_cpp
[0.262s] [  0%] Built target rviz_generate_messages_py
[0.263s] [  0%] Built target visualization_msgs_generate_messages_nodejs
[0.273s] [  0%] Built target dynamic_reconfigure_generate_messages_nodejs
[0.273s] [  0%] Built target visualization_msgs_generate_messages_eus
[0.273s] [  0%] Built target actionlib_generate_messages_py
[0.274s] [  0%] Built target visualization_msgs_generate_messages_cpp
[0.276s] [  0%] Built target people_msgs_generate_messages_cpp
[0.276s] [  0%] Built target tf2_msgs_generate_messages_py
[0.279s] [  0%] Built target tf_generate_messages_nodejs
[0.279s] [  0%] Built target people_msgs_generate_messages_eus
[0.286s] [  0%] Built target actionlib_generate_messages_cpp
[0.287s] [  0%] Built target topic_tools_generate_messages_nodejs
[0.292s] [  0%] Built target bond_generate_messages_nodejs
[0.293s] [  0%] Built target topic_tools_generate_messages_eus
[0.294s] [  0%] Built target tf2_msgs_generate_messages_nodejs
[0.303s] [  0%] Built target nav_msgs_generate_messages_eus
[0.305s] [  0%] Built target dynamic_reconfigure_gencfg
[0.305s] [  0%] Built target std_srvs_generate_messages_py
[0.306s] [  0%] Built target std_srvs_generate_messages_nodejs
[0.310s] [  0%] Built target bond_generate_messages_eus
[0.318s] [  0%] Built target topic_tools_generate_messages_cpp
[0.318s] [  0%] Built target nodelet_generate_messages_eus
[0.318s] [  0%] Built target bond_generate_messages_py
[0.319s] [  0%] Built target nodelet_generate_messages_cpp
[0.322s] [  0%] Built target nodelet_generate_messages_nodejs
[0.323s] [  0%] Built target tf2_msgs_generate_messages_lisp
[0.331s] [  0%] Built target bond_generate_messages_lisp
[0.331s] [  0%] Built target map_msgs_generate_messages_eus
[0.334s] [  0%] Built target jsk_hark_msgs_generate_messages_eus
[0.335s] [  0%] Built target jsk_rviz_plugins_gencfg
[0.336s] [  0%] Built target std_srvs_generate_messages_lisp
[0.346s] [  0%] Built target diagnostic_msgs_generate_messages_lisp
[0.349s] [  0%] Built target jsk_hark_msgs_generate_messages_nodejs
[0.350s] [  0%] Built target nodelet_generate_messages_lisp
[0.355s] [  0%] Built target jsk_rviz_plugins_generate_messages_py
[0.361s] [  0%] Built target rviz_generate_messages_nodejs
[0.361s] [  0%] Built target nav_msgs_generate_messages_py
[0.361s] [  0%] Built target diagnostic_msgs_generate_messages_nodejs
[0.362s] [  0%] Built target rviz_generate_messages_lisp
[0.369s] [  0%] Built target nav_msgs_generate_messages_cpp
[0.369s] [  0%] Built target jsk_rviz_plugins_generate_messages_nodejs
[0.369s] [  0%] Built target visualization_msgs_generate_messages_lisp
[0.369s] [  0%] Built target dynamic_reconfigure_generate_messages_py
[0.369s] [  0%] Built target bond_generate_messages_cpp
[0.372s] [  0%] Built target geometry_msgs_generate_messages_eus
[0.373s] [  0%] Built target dynamic_reconfigure_generate_messages_eus
[0.374s] [  0%] Built target roscpp_generate_messages_py
[0.379s] [  0%] Built target std_msgs_generate_messages_eus
[0.380s] [  0%] Built target sensor_msgs_generate_messages_lisp
[0.380s] [  0%] Built target people_msgs_generate_messages_py
[0.384s] [  0%] Built target autoware_system_msgs_generate_messages_cpp
[0.385s] [  0%] Built target std_msgs_generate_messages_py
[0.395s] [  0%] Built target actionlib_msgs_generate_messages_nodejs
[0.396s] [  0%] Built target topic_tools_generate_messages_py
[0.396s] [  0%] Built target autoware_system_msgs_generate_messages_nodejs
[0.397s] [  0%] Built target sensor_msgs_generate_messages_eus
[0.399s] [  0%] Built target autoware_system_msgs_generate_messages_lisp
[0.401s] [  0%] Built target std_srvs_generate_messages_cpp
[0.404s] [  0%] Built target autoware_system_msgs_generate_messages_eus
[0.405s] [  0%] Built target nodelet_topic_tools_gencfg
[0.405s] [  0%] Built target autoware_system_msgs_generate_messages_py
[0.405s] [  0%] Built target map_msgs_generate_messages_nodejs
[0.406s] [  0%] Built target diagnostic_msgs_generate_messages_eus
[0.406s] [  0%] Built target actionlib_msgs_generate_messages_lisp
[0.407s] [  0%] Built target sensor_msgs_generate_messages_nodejs
[0.407s] [  0%] Built target std_msgs_generate_messages_cpp
[0.410s] [  0%] Built target jsk_footstep_msgs_generate_messages_py
[0.410s] [  0%] Built target geometry_msgs_generate_messages_nodejs
[0.411s] [  0%] Built target jsk_rviz_plugins_generate_messages_cpp
[0.418s] [  0%] Built target actionlib_generate_messages_lisp
[0.418s] [  0%] Built target roscpp_generate_messages_nodejs
[0.418s] [  0%] Built target rosgraph_msgs_generate_messages_lisp
[0.422s] [  0%] Built target tf_generate_messages_py
[0.423s] [  0%] Built target diagnostic_msgs_generate_messages_py
[0.423s] [  0%] Built target rosgraph_msgs_generate_messages_cpp
[0.425s] [  0%] Built target std_msgs_generate_messages_lisp
[0.426s] [  0%] Built target geometry_msgs_generate_messages_cpp
[0.426s] [  0%] Built target roscpp_generate_messages_cpp
[0.427s] [  0%] Built target std_srvs_generate_messages_eus
[0.431s] [  0%] Built target geometry_msgs_generate_messages_lisp
[0.432s] [  0%] Built target jsk_rviz_plugins_generate_messages_lisp
[0.432s] [  0%] Built target std_msgs_generate_messages_nodejs
[0.432s] [  0%] Built target roscpp_generate_messages_lisp
[0.432s] [  0%] Built target jsk_recognition_utils_gencfg
[0.434s] [  0%] Built target jsk_recognition_msgs_generate_messages_nodejs
[0.439s] [  0%] Built target rosgraph_msgs_generate_messages_nodejs
[0.439s] [  0%] Built target dynamic_reconfigure_generate_messages_cpp
[0.439s] [  0%] Built target jsk_hark_msgs_generate_messages_lisp
[0.439s] [  0%] Built target jsk_hark_msgs_generate_messages_py
[0.439s] [  0%] Built target jsk_hark_msgs_generate_messages_cpp
[0.439s] [  0%] Built target rosgraph_msgs_generate_messages_eus
[0.449s] [  0%] Built target jsk_footstep_msgs_generate_messages_eus
[0.449s] [  0%] Built target actionlib_msgs_generate_messages_py
[0.452s] [  0%] Built target pcl_msgs_generate_messages_nodejs
[0.453s] [  0%] Built target jsk_footstep_msgs_generate_messages_nodejs
[0.453s] [  0%] Built target actionlib_msgs_generate_messages_cpp
[0.454s] [  0%] Built target actionlib_msgs_generate_messages_eus
[0.454s] [  0%] Built target jsk_recognition_msgs_generate_messages_cpp
[0.459s] [  0%] Built target nav_msgs_generate_messages_lisp
[0.459s] [  0%] Built target rosgraph_msgs_generate_messages_py
[0.459s] [  0%] Built target jsk_footstep_msgs_generate_messages_cpp
[0.459s] [  0%] Built target jsk_footstep_msgs_generate_messages_lisp
[0.459s] [  0%] Built target topic_tools_generate_messages_lisp
[0.459s] [  0%] Built target tf_generate_messages_eus
[0.461s] [  0%] Built target jsk_recognition_msgs_generate_messages_py
[0.461s] [  0%] Built target geometry_msgs_generate_messages_py
[0.464s] [  0%] Built target roscpp_generate_messages_eus
[0.464s] [  0%] Built target jsk_recognition_msgs_generate_messages_lisp
[0.464s] [  0%] Built target nodelet_generate_messages_py
[0.465s] [  0%] Built target jsk_recognition_msgs_generate_messages_eus
[0.468s] [  0%] Built target pcl_msgs_generate_messages_cpp
[0.469s] [  0%] Built target sensor_msgs_generate_messages_py
[0.469s] [  0%] Built target sensor_msgs_generate_messages_cpp
[0.469s] [  0%] Built target dynamic_reconfigure_generate_messages_lisp
[0.472s] [  0%] Built target pcl_msgs_generate_messages_eus
[0.474s] [  0%] Built target tf_generate_messages_cpp
[0.477s] [  0%] Built target people_msgs_generate_messages_nodejs
[0.478s] [  0%] Built target pcl_msgs_generate_messages_lisp
[0.478s] [  0%] Built target actionlib_generate_messages_nodejs
[0.478s] [  0%] Built target actionlib_generate_messages_eus
[0.478s] [  0%] Built target map_msgs_generate_messages_py
[0.479s] [  0%] Built target diagnostic_msgs_generate_messages_cpp
[0.482s] [  0%] Built target pcl_msgs_generate_messages_py
[0.482s] [  0%] Built target jsk_rviz_plugins_generate_messages_eus
[0.482s] [  0%] Built target pcl_ros_gencfg
[0.507s] [ 13%] Built target system_status_subscriber
[0.512s] [ 33%] Built target health_analyzer
[0.513s] [ 73%] Built target health_checker
[0.543s] [100%] Built target health_aggregator
[0.598s] Invoked command in '/home/point001/autoware.ai/build/autoware_health_checker' returned '0': CMAKE_PREFIX_PATH=/home/point001/autoware.ai/install/ros_observer:/home/point001/autoware.ai/install/autoware_system_msgs:${CMAKE_PREFIX_PATH} LD_LIBRARY_PATH=/home/point001/autoware.ai/install/ros_observer/lib:/opt/ros/melodic/lib:/usr/local/cuda-10.0/lib64 PKG_CONFIG_PATH=/home/point001/autoware.ai/install/ros_observer/lib/x86_64-linux-gnu/pkgconfig:/home/point001/autoware.ai/install/ros_observer/lib/pkgconfig:/home/point001/autoware.ai/install/autoware_system_msgs/lib/x86_64-linux-gnu/pkgconfig:/home/point001/autoware.ai/install/autoware_system_msgs/lib/pkgconfig:${PKG_CONFIG_PATH} PYTHONPATH=/home/point001/autoware.ai/install/autoware_system_msgs/lib/python2.7/dist-packages:${PYTHONPATH} ROS_PACKAGE_PATH=/home/point001/autoware.ai/install/ros_observer/share:/home/point001/autoware.ai/install/autoware_system_msgs/share:${ROS_PACKAGE_PATH} /usr/bin/cmake --build /home/point001/autoware.ai/build/autoware_health_checker -- -j24 -l24
[1.012s] Invoking command in '/home/point001/autoware.ai/build/autoware_health_checker': CMAKE_PREFIX_PATH=/home/point001/autoware.ai/install/ros_observer:/home/point001/autoware.ai/install/autoware_system_msgs:${CMAKE_PREFIX_PATH} LD_LIBRARY_PATH=/home/point001/autoware.ai/install/ros_observer/lib:/opt/ros/melodic/lib:/usr/local/cuda-10.0/lib64 PKG_CONFIG_PATH=/home/point001/autoware.ai/install/ros_observer/lib/x86_64-linux-gnu/pkgconfig:/home/point001/autoware.ai/install/ros_observer/lib/pkgconfig:/home/point001/autoware.ai/install/autoware_system_msgs/lib/x86_64-linux-gnu/pkgconfig:/home/point001/autoware.ai/install/autoware_system_msgs/lib/pkgconfig:${PKG_CONFIG_PATH} PYTHONPATH=/home/point001/autoware.ai/install/autoware_system_msgs/lib/python2.7/dist-packages:${PYTHONPATH} ROS_PACKAGE_PATH=/home/point001/autoware.ai/install/ros_observer/share:/home/point001/autoware.ai/install/autoware_system_msgs/share:${ROS_PACKAGE_PATH} /usr/bin/cmake --build /home/point001/autoware.ai/build/autoware_health_checker --target tests -- -j24 -l24
[1.179s] [ 22%] Built target gtest
[1.273s] [100%] Built target test-autoware_health_checker
[1.301s] [100%] Built target tests
[1.413s] Invoked command in '/home/point001/autoware.ai/build/autoware_health_checker' returned '0': CMAKE_PREFIX_PATH=/home/point001/autoware.ai/install/ros_observer:/home/point001/autoware.ai/install/autoware_system_msgs:${CMAKE_PREFIX_PATH} LD_LIBRARY_PATH=/home/point001/autoware.ai/install/ros_observer/lib:/opt/ros/melodic/lib:/usr/local/cuda-10.0/lib64 PKG_CONFIG_PATH=/home/point001/autoware.ai/install/ros_observer/lib/x86_64-linux-gnu/pkgconfig:/home/point001/autoware.ai/install/ros_observer/lib/pkgconfig:/home/point001/autoware.ai/install/autoware_system_msgs/lib/x86_64-linux-gnu/pkgconfig:/home/point001/autoware.ai/install/autoware_system_msgs/lib/pkgconfig:${PKG_CONFIG_PATH} PYTHONPATH=/home/point001/autoware.ai/install/autoware_system_msgs/lib/python2.7/dist-packages:${PYTHONPATH} ROS_PACKAGE_PATH=/home/point001/autoware.ai/install/ros_observer/share:/home/point001/autoware.ai/install/autoware_system_msgs/share:${ROS_PACKAGE_PATH} /usr/bin/cmake --build /home/point001/autoware.ai/build/autoware_health_checker --target tests -- -j24 -l24
[2.038s] Invoking command in '/home/point001/autoware.ai/build/autoware_health_checker': CMAKE_PREFIX_PATH=/home/point001/autoware.ai/install/ros_observer:/home/point001/autoware.ai/install/autoware_system_msgs:${CMAKE_PREFIX_PATH} LD_LIBRARY_PATH=/home/point001/autoware.ai/install/ros_observer/lib:/opt/ros/melodic/lib:/usr/local/cuda-10.0/lib64 PKG_CONFIG_PATH=/home/point001/autoware.ai/install/ros_observer/lib/x86_64-linux-gnu/pkgconfig:/home/point001/autoware.ai/install/ros_observer/lib/pkgconfig:/home/point001/autoware.ai/install/autoware_system_msgs/lib/x86_64-linux-gnu/pkgconfig:/home/point001/autoware.ai/install/autoware_system_msgs/lib/pkgconfig:${PKG_CONFIG_PATH} PYTHONPATH=/home/point001/autoware.ai/install/autoware_system_msgs/lib/python2.7/dist-packages:${PYTHONPATH} ROS_PACKAGE_PATH=/home/point001/autoware.ai/install/ros_observer/share:/home/point001/autoware.ai/install/autoware_system_msgs/share:${ROS_PACKAGE_PATH} /usr/bin/cmake --build /home/point001/autoware.ai/build/autoware_health_checker --target install -- -j24 -l24
[2.103s] [  0%] Built target visualization_msgs_generate_messages_py
[2.103s] [  0%] Built target visualization_msgs_generate_messages_eus
[2.103s] [  0%] Built target people_msgs_generate_messages_cpp
[2.103s] [  0%] Built target rviz_generate_messages_py
[2.103s] [  0%] Built target rviz_generate_messages_cpp
[2.110s] [  0%] Built target people_msgs_generate_messages_lisp
[2.110s] [  0%] Built target rviz_generate_messages_eus
[2.110s] [  0%] Built target visualization_msgs_generate_messages_nodejs
[2.111s] [  0%] Built target people_msgs_generate_messages_eus
[2.111s] [  0%] Built target dynamic_reconfigure_generate_messages_nodejs
[2.111s] [  0%] Built target tf_generate_messages_nodejs
[2.111s] [  0%] Built target nav_msgs_generate_messages_eus
[2.111s] [  0%] Built target actionlib_generate_messages_cpp
[2.113s] [  0%] Built target map_msgs_generate_messages_lisp
[2.116s] [  0%] Built target tf2_msgs_generate_messages_nodejs
[2.117s] [  0%] Built target map_msgs_generate_messages_cpp
[2.117s] [  0%] Built target tf2_msgs_generate_messages_py
[2.117s] [  0%] Built target tf2_msgs_generate_messages_cpp
[2.118s] [  0%] Built target topic_tools_generate_messages_nodejs
[2.120s] [  0%] Built target tf2_msgs_generate_messages_eus
[2.122s] [  0%] Built target actionlib_generate_messages_py
[2.122s] [  0%] Built target visualization_msgs_generate_messages_cpp
[2.132s] [  0%] Built target topic_tools_generate_messages_eus
[2.141s] [  0%] Built target topic_tools_generate_messages_cpp
[2.141s] [  0%] Built target nav_msgs_generate_messages_nodejs
[2.142s] [  0%] Built target std_srvs_generate_messages_nodejs
[2.142s] [  0%] Built target tf_generate_messages_lisp
[2.155s] [  0%] Built target bond_generate_messages_py
[2.156s] [  0%] Built target bond_generate_messages_cpp
[2.156s] [  0%] Built target std_srvs_generate_messages_py
[2.156s] [  0%] Built target bond_generate_messages_eus
[2.156s] [  0%] Built target nodelet_generate_messages_lisp
[2.159s] [  0%] Built target std_srvs_generate_messages_lisp
[2.170s] [  0%] Built target nodelet_generate_messages_cpp
[2.170s] [  0%] Built target nodelet_generate_messages_eus
[2.173s] [  0%] Built target jsk_rviz_plugins_generate_messages_py
[2.175s] [  0%] Built target map_msgs_generate_messages_eus
[2.180s] [  0%] Built target jsk_rviz_plugins_gencfg
[2.184s] [  0%] Built target jsk_rviz_plugins_generate_messages_nodejs
[2.185s] [  0%] Built target jsk_hark_msgs_generate_messages_eus
[2.189s] [  0%] Built target nav_msgs_generate_messages_py
[2.199s] [  0%] Built target diagnostic_msgs_generate_messages_nodejs
[2.204s] [  0%] Built target rviz_generate_messages_lisp
[2.204s] [  0%] Built target visualization_msgs_generate_messages_lisp
[2.211s] [  0%] Built target nodelet_generate_messages_nodejs
[2.218s] [  0%] Built target bond_generate_messages_lisp
[2.219s] [  0%] Built target tf2_msgs_generate_messages_lisp
[2.219s] [  0%] Built target bond_generate_messages_nodejs
[2.219s] [  0%] Built target dynamic_reconfigure_generate_messages_py
[2.240s] [  0%] Built target autoware_system_msgs_generate_messages_cpp
[2.241s] [  0%] Built target jsk_hark_msgs_generate_messages_nodejs
[2.251s] [  0%] Built target std_srvs_generate_messages_cpp
[2.252s] [  0%] Built target dynamic_reconfigure_gencfg
[2.262s] [  0%] Built target nav_msgs_generate_messages_cpp
[2.265s] [  0%] Built target diagnostic_msgs_generate_messages_lisp
[2.270s] [  0%] Built target geometry_msgs_generate_messages_eus
[2.271s] [  0%] Built target sensor_msgs_generate_messages_eus
[2.271s] [  0%] Built target people_msgs_generate_messages_py
[2.278s] [  0%] Built target roscpp_generate_messages_py
[2.279s] [  0%] Built target std_msgs_generate_messages_cpp
[2.282s] [  0%] Built target dynamic_reconfigure_generate_messages_eus
[2.289s] [  0%] Built target autoware_system_msgs_generate_messages_nodejs
[2.290s] [  0%] Built target topic_tools_generate_messages_py
[2.296s] [  0%] Built target rviz_generate_messages_nodejs
[2.299s] [  0%] Built target map_msgs_generate_messages_nodejs
[2.309s] [  0%] Built target autoware_system_msgs_generate_messages_lisp
[2.318s] [  0%] Built target diagnostic_msgs_generate_messages_eus
[2.319s] [  0%] Built target nodelet_topic_tools_gencfg
[2.321s] [  0%] Built target actionlib_msgs_generate_messages_nodejs
[2.329s] [  0%] Built target jsk_footstep_msgs_generate_messages_py
[2.345s] [  0%] Built target std_msgs_generate_messages_eus
[2.346s] [  0%] Built target roscpp_generate_messages_cpp
[2.376s] [  0%] Built target tf_generate_messages_py
[2.376s] [  0%] Built target std_msgs_generate_messages_py
[2.376s] [  0%] Built target autoware_system_msgs_generate_messages_py
[2.376s] [  0%] Built target sensor_msgs_generate_messages_lisp
[2.376s] [  0%] Built target roscpp_generate_messages_nodejs
[2.376s] [  0%] Built target geometry_msgs_generate_messages_nodejs
[2.376s] [  0%] Built target diagnostic_msgs_generate_messages_py
[2.377s] [  0%] Built target rosgraph_msgs_generate_messages_lisp
[2.383s] [  0%] Built target autoware_system_msgs_generate_messages_eus
[2.387s] [  0%] Built target dynamic_reconfigure_generate_messages_cpp
[2.388s] [  0%] Built target rosgraph_msgs_generate_messages_cpp
[2.401s] [  0%] Built target jsk_recognition_msgs_generate_messages_nodejs
[2.401s] [  0%] Built target actionlib_msgs_generate_messages_lisp
[2.410s] [  0%] Built target geometry_msgs_generate_messages_cpp
[2.416s] [  0%] Built target roscpp_generate_messages_lisp
[2.423s] [  0%] Built target sensor_msgs_generate_messages_nodejs
[2.424s] [  0%] Built target std_srvs_generate_messages_eus
[2.434s] [  0%] Built target actionlib_generate_messages_lisp
[2.434s] [  0%] Built target geometry_msgs_generate_messages_lisp
[2.436s] [  0%] Built target jsk_hark_msgs_generate_messages_lisp
[2.439s] [  0%] Built target jsk_rviz_plugins_generate_messages_cpp
[2.455s] [  0%] Built target jsk_recognition_utils_gencfg
[2.457s] [  0%] Built target rosgraph_msgs_generate_messages_nodejs
[2.457s] [  0%] Built target rosgraph_msgs_generate_messages_eus
[2.458s] [  0%] Built target nav_msgs_generate_messages_lisp
[2.461s] [  0%] Built target jsk_rviz_plugins_generate_messages_lisp
[2.461s] [  0%] Built target std_msgs_generate_messages_lisp
[2.474s] [  0%] Built target geometry_msgs_generate_messages_py
[2.474s] [  0%] Built target jsk_hark_msgs_generate_messages_cpp
[2.475s] [  0%] Built target std_msgs_generate_messages_nodejs
[2.478s] [  0%] Built target jsk_footstep_msgs_generate_messages_eus
[2.481s] [  0%] Built target jsk_hark_msgs_generate_messages_py
[2.488s] [  0%] Built target jsk_footstep_msgs_generate_messages_nodejs
[2.489s] [  0%] Built target roscpp_generate_messages_eus
[2.489s] [  0%] Built target actionlib_msgs_generate_messages_eus
[2.502s] [  0%] Built target pcl_msgs_generate_messages_nodejs
[2.511s] [  0%] Built target jsk_footstep_msgs_generate_messages_lisp
[2.511s] [  0%] Built target tf_generate_messages_eus
[2.513s] [  0%] Built target actionlib_msgs_generate_messages_cpp
[2.513s] [  0%] Built target actionlib_msgs_generate_messages_py
[2.514s] [  0%] Built target sensor_msgs_generate_messages_cpp
[2.515s] [  0%] Built target jsk_recognition_msgs_generate_messages_cpp
[2.515s] [  0%] Built target jsk_recognition_msgs_generate_messages_eus
[2.517s] [  0%] Built target jsk_footstep_msgs_generate_messages_cpp
[2.534s] [  0%] Built target topic_tools_generate_messages_lisp
[2.535s] [  0%] Built target pcl_msgs_generate_messages_cpp
[2.535s] [  0%] Built target nodelet_generate_messages_py
[2.540s] [  0%] Built target jsk_recognition_msgs_generate_messages_lisp
[2.541s] [  0%] Built target sensor_msgs_generate_messages_py
[2.542s] [  0%] Built target actionlib_generate_messages_eus
[2.559s] [  0%] Built target actionlib_generate_messages_nodejs
[2.560s] [  0%] Built target dynamic_reconfigure_generate_messages_lisp
[2.560s] [  0%] Built target pcl_msgs_generate_messages_eus
[2.560s] [  0%] Built target rosgraph_msgs_generate_messages_py
[2.561s] [  0%] Built target people_msgs_generate_messages_nodejs
[2.561s] [  0%] Built target jsk_recognition_msgs_generate_messages_py
[2.562s] [  0%] Built target map_msgs_generate_messages_py
[2.570s] [  0%] Built target tf_generate_messages_cpp
[2.571s] [  0%] Built target pcl_msgs_generate_messages_py
[2.574s] [  0%] Built target jsk_rviz_plugins_generate_messages_eus
[2.583s] [  0%] Built target pcl_msgs_generate_messages_lisp
[2.583s] [  0%] Built target diagnostic_msgs_generate_messages_cpp
[2.598s] [  0%] Built target pcl_ros_gencfg
[2.637s] [ 13%] Built target system_status_subscriber
[2.637s] [ 53%] Built target health_checker
[2.637s] [ 73%] Built target health_analyzer
[2.677s] [100%] Built target health_aggregator
[2.706s] [36mInstall the project...[0m
[2.721s] -- Install configuration: "Release"
[2.722s] -- Up-to-date: /home/point001/autoware.ai/install/autoware_health_checker/lib/pkgconfig/autoware_health_checker.pc
[2.722s] -- Up-to-date: /home/point001/autoware.ai/install/autoware_health_checker/share/autoware_health_checker/cmake/autoware_health_checkerConfig.cmake
[2.722s] -- Up-to-date: /home/point001/autoware.ai/install/autoware_health_checker/share/autoware_health_checker/cmake/autoware_health_checkerConfig-version.cmake
[2.722s] -- Up-to-date: /home/point001/autoware.ai/install/autoware_health_checker/share/autoware_health_checker/package.xml
[2.722s] -- Up-to-date: /home/point001/autoware.ai/install/autoware_health_checker/lib/autoware_health_checker/health_aggregator
[2.722s] -- Up-to-date: /home/point001/autoware.ai/install/autoware_health_checker/lib/autoware_health_checker/health_analyzer
[2.722s] -- Up-to-date: /home/point001/autoware.ai/install/autoware_health_checker/include/autoware_health_checker
[2.722s] -- Up-to-date: /home/point001/autoware.ai/install/autoware_health_checker/include/autoware_health_checker/constants.h
[2.722s] -- Up-to-date: /home/point001/autoware.ai/install/autoware_health_checker/include/autoware_health_checker/health_aggregator
[2.722s] -- Up-to-date: /home/point001/autoware.ai/install/autoware_health_checker/include/autoware_health_checker/health_aggregator/status_monitor.h
[2.722s] -- Up-to-date: /home/point001/autoware.ai/install/autoware_health_checker/include/autoware_health_checker/health_aggregator/health_aggregator.h
[2.722s] -- Up-to-date: /home/point001/autoware.ai/install/autoware_health_checker/include/autoware_health_checker/health_checker
[2.727s] -- Up-to-date: /home/point001/autoware.ai/install/autoware_health_checker/include/autoware_health_checker/health_checker/param_manager.h
[2.728s] -- Up-to-date: /home/point001/autoware.ai/install/autoware_health_checker/include/autoware_health_checker/health_checker/diag_buffer.h
[2.728s] -- Up-to-date: /home/point001/autoware.ai/install/autoware_health_checker/include/autoware_health_checker/health_checker/value_manager.h
[2.728s] -- Up-to-date: /home/point001/autoware.ai/install/autoware_health_checker/include/autoware_health_checker/health_checker/rate_checker.h
[2.728s] -- Up-to-date: /home/point001/autoware.ai/install/autoware_health_checker/include/autoware_health_checker/health_checker/health_checker.h
[2.728s] -- Up-to-date: /home/point001/autoware.ai/install/autoware_health_checker/include/autoware_health_checker/system_status_subscriber
[2.728s] -- Up-to-date: /home/point001/autoware.ai/install/autoware_health_checker/include/autoware_health_checker/system_status_subscriber/system_status_subscriber.h
[2.728s] -- Up-to-date: /home/point001/autoware.ai/install/autoware_health_checker/include/autoware_health_checker/health_analyzer
[2.728s] -- Up-to-date: /home/point001/autoware.ai/install/autoware_health_checker/include/autoware_health_checker/health_analyzer/health_analyzer.h
[2.728s] -- Up-to-date: /home/point001/autoware.ai/install/autoware_health_checker/lib/libhealth_checker.so
[2.729s] -- Up-to-date: /home/point001/autoware.ai/install/autoware_health_checker/lib/libsystem_status_subscriber.so
[2.729s] -- Up-to-date: /home/point001/autoware.ai/install/autoware_health_checker/share/autoware_health_checker/launch
[2.729s] -- Up-to-date: /home/point001/autoware.ai/install/autoware_health_checker/share/autoware_health_checker/launch/health_checker.launch
[2.729s] -- Up-to-date: /home/point001/autoware.ai/install/autoware_health_checker/share/autoware_health_checker/launch/health_analyzer.launch
[2.729s] -- Up-to-date: /home/point001/autoware.ai/install/autoware_health_checker/share/autoware_health_checker/config
[2.730s] -- Up-to-date: /home/point001/autoware.ai/install/autoware_health_checker/share/autoware_health_checker/config/README.md
[2.823s] Invoked command in '/home/point001/autoware.ai/build/autoware_health_checker' returned '0': CMAKE_PREFIX_PATH=/home/point001/autoware.ai/install/ros_observer:/home/point001/autoware.ai/install/autoware_system_msgs:${CMAKE_PREFIX_PATH} LD_LIBRARY_PATH=/home/point001/autoware.ai/install/ros_observer/lib:/opt/ros/melodic/lib:/usr/local/cuda-10.0/lib64 PKG_CONFIG_PATH=/home/point001/autoware.ai/install/ros_observer/lib/x86_64-linux-gnu/pkgconfig:/home/point001/autoware.ai/install/ros_observer/lib/pkgconfig:/home/point001/autoware.ai/install/autoware_system_msgs/lib/x86_64-linux-gnu/pkgconfig:/home/point001/autoware.ai/install/autoware_system_msgs/lib/pkgconfig:${PKG_CONFIG_PATH} PYTHONPATH=/home/point001/autoware.ai/install/autoware_system_msgs/lib/python2.7/dist-packages:${PYTHONPATH} ROS_PACKAGE_PATH=/home/point001/autoware.ai/install/ros_observer/share:/home/point001/autoware.ai/install/autoware_system_msgs/share:${ROS_PACKAGE_PATH} /usr/bin/cmake --build /home/point001/autoware.ai/build/autoware_health_checker --target install -- -j24 -l24
