[0.256s] Invoking command in '/home/point001/autoware.ai/build/vehicle_gazebo_simulation_launcher': CONDA_PROMPT_MODIFIER=(base) /usr/bin/cmake --build /home/point001/autoware.ai/build/vehicle_gazebo_simulation_launcher -- -j24 -l24
[0.446s] Invoked command in '/home/point001/autoware.ai/build/vehicle_gazebo_simulation_launcher' returned '0': CONDA_PROMPT_MODIFIER=(base) /usr/bin/cmake --build /home/point001/autoware.ai/build/vehicle_gazebo_simulation_launcher -- -j24 -l24
[1.339s] Invoking command in '/home/point001/autoware.ai/build/vehicle_gazebo_simulation_launcher': CONDA_PROMPT_MODIFIER=(base) /usr/bin/cmake --build /home/point001/autoware.ai/build/vehicle_gazebo_simulation_launcher --target tests -- -j24 -l24
[1.463s] Built target tests
[1.488s] Invoked command in '/home/point001/autoware.ai/build/vehicle_gazebo_simulation_launcher' returned '0': CONDA_PROMPT_MODIFIER=(base) /usr/bin/cmake --build /home/point001/autoware.ai/build/vehicle_gazebo_simulation_launcher --target tests -- -j24 -l24
[1.843s] Invoking command in '/home/point001/autoware.ai/build/vehicle_gazebo_simulation_launcher': CONDA_PROMPT_MODIFIER=(base) /usr/bin/cmake --build /home/point001/autoware.ai/build/vehicle_gazebo_simulation_launcher --target install -- -j24 -l24
[1.984s] [36mInstall the project...[0m
[1.984s] -- Install configuration: "Release"
[1.984s] -- Up-to-date: /home/point001/autoware.ai/install/vehicle_gazebo_simulation_launcher/lib/pkgconfig/vehicle_gazebo_simulation_launcher.pc
[1.984s] -- Up-to-date: /home/point001/autoware.ai/install/vehicle_gazebo_simulation_launcher/share/vehicle_gazebo_simulation_launcher/cmake/vehicle_gazebo_simulation_launcherConfig.cmake
[1.984s] -- Up-to-date: /home/point001/autoware.ai/install/vehicle_gazebo_simulation_launcher/share/vehicle_gazebo_simulation_launcher/cmake/vehicle_gazebo_simulation_launcherConfig-version.cmake
[1.984s] -- Up-to-date: /home/point001/autoware.ai/install/vehicle_gazebo_simulation_launcher/share/vehicle_gazebo_simulation_launcher/package.xml
[1.984s] -- Up-to-date: /home/point001/autoware.ai/install/vehicle_gazebo_simulation_launcher/share/vehicle_gazebo_simulation_launcher/launch
[1.984s] -- Up-to-date: /home/point001/autoware.ai/install/vehicle_gazebo_simulation_launcher/share/vehicle_gazebo_simulation_launcher/launch/gazebo_launcher.launch
[1.984s] -- Up-to-date: /home/point001/autoware.ai/install/vehicle_gazebo_simulation_launcher/share/vehicle_gazebo_simulation_launcher/launch/rviz_test.launch
[1.985s] -- Up-to-date: /home/point001/autoware.ai/install/vehicle_gazebo_simulation_launcher/share/vehicle_gazebo_simulation_launcher/launch/world_test.launch
[1.985s] -- Up-to-date: /home/point001/autoware.ai/install/vehicle_gazebo_simulation_launcher/share/vehicle_gazebo_simulation_launcher/scripts
[1.985s] -- Up-to-date: /home/point001/autoware.ai/install/vehicle_gazebo_simulation_launcher/share/vehicle_gazebo_simulation_launcher/scripts/download_model.sh
[1.985s] -- Up-to-date: /home/point001/autoware.ai/install/vehicle_gazebo_simulation_launcher/share/vehicle_gazebo_simulation_launcher/scripts/upgrade_gazebo_stable_version.sh
[1.985s] -- Up-to-date: /home/point001/autoware.ai/install/vehicle_gazebo_simulation_launcher/share/vehicle_gazebo_simulation_launcher/scripts/setup.sh
[2.091s] Invoked command in '/home/point001/autoware.ai/build/vehicle_gazebo_simulation_launcher' returned '0': CONDA_PROMPT_MODIFIER=(base) /usr/bin/cmake --build /home/point001/autoware.ai/build/vehicle_gazebo_simulation_launcher --target install -- -j24 -l24
