[0.286s] Invoking command in '/home/point001/autoware.ai/build/autoware_msgs': CONDA_PROMPT_MODIFIER=(base) /usr/bin/cmake --build /home/point001/autoware.ai/build/autoware_msgs -- -j24 -l24
[0.636s] [  0%] Built target std_msgs_generate_messages_py
[0.637s] [  0%] Built target jsk_recognition_msgs_generate_messages_py
[0.637s] [  0%] Built target geometry_msgs_generate_messages_py
[0.637s] [  0%] Built target _autoware_msgs_generate_messages_check_deps_ImageRectRanged
[0.637s] [  0%] Built target sensor_msgs_generate_messages_py
[0.637s] [  0%] Built target _autoware_msgs_generate_messages_check_deps_ColorSet
[0.637s] [  0%] Built target _autoware_msgs_generate_messages_check_deps_State
[0.637s] [  0%] Built target _autoware_msgs_generate_messages_check_deps_ICPStat
[0.637s] [  0%] Built target _autoware_msgs_generate_messages_check_deps_VscanTracked
[0.637s] [  0%] Built target _autoware_msgs_generate_messages_check_deps_IndicatorCmd
[0.637s] [  0%] Built target _autoware_msgs_generate_messages_check_deps_ObjLabel
[0.640s] [  0%] Built target _autoware_msgs_generate_messages_check_deps_ScanImage
[0.646s] [  0%] Built target _autoware_msgs_generate_messages_check_deps_RecognizeLightState
[0.649s] [  0%] Built target _autoware_msgs_generate_messages_check_deps_Waypoint
[0.665s] [  0%] Built target _autoware_msgs_generate_messages_check_deps_RemoteCmd
[0.668s] [  0%] Built target _autoware_msgs_generate_messages_check_deps_WaypointState
[0.686s] [  0%] Built target _autoware_msgs_generate_messages_check_deps_DetectedObject
[0.693s] [  0%] Built target _autoware_msgs_generate_messages_check_deps_Lane
[0.702s] [  0%] Built target _autoware_msgs_generate_messages_check_deps_SyncTimeDiff
[0.712s] [  0%] Built target _autoware_msgs_generate_messages_check_deps_CloudClusterArray
[0.721s] [  0%] Built target _autoware_msgs_generate_messages_check_deps_ProjectionMatrix
[0.722s] [  0%] Built target _autoware_msgs_generate_messages_check_deps_DetectedObjectArray
[0.748s] [  0%] Built target _autoware_msgs_generate_messages_check_deps_TrafficLight
[0.765s] [  0%] Built target _autoware_msgs_generate_messages_check_deps_VehicleCmd
[0.856s] [  0%] Built target _autoware_msgs_generate_messages_check_deps_NDTStat
[0.908s] [  0%] Built target _autoware_msgs_generate_messages_check_deps_Gear
[0.942s] [  0%] Built target _autoware_msgs_generate_messages_check_deps_LaneArray
[0.974s] [  0%] Built target _autoware_msgs_generate_messages_check_deps_ImageObjRanged
[0.980s] [  0%] Built target _autoware_msgs_generate_messages_check_deps_ControlCommandStamped
[0.993s] [  0%] Built target _autoware_msgs_generate_messages_check_deps_TunedResult
[0.998s] [  0%] Built target _autoware_msgs_generate_messages_check_deps_BrakeCmd
[1.022s] [  0%] Built target _autoware_msgs_generate_messages_check_deps_Signals
[1.028s] [  0%] Built target _autoware_msgs_generate_messages_check_deps_ControlCommand
[1.034s] [  0%] Built target _autoware_msgs_generate_messages_check_deps_TrafficLightResultArray
[1.035s] [  0%] Built target _autoware_msgs_generate_messages_check_deps_AccelCmd
[1.040s] [  0%] Built target _autoware_msgs_generate_messages_check_deps_VehicleStatus
[1.045s] [  0%] Built target _autoware_msgs_generate_messages_check_deps_ImageObjects
[1.049s] [  0%] Built target _autoware_msgs_generate_messages_check_deps_SteerCmd
[1.050s] [  0%] Built target _autoware_msgs_generate_messages_check_deps_TrafficLightResult
[1.059s] [  0%] Built target _autoware_msgs_generate_messages_check_deps_Centroids
[1.071s] [  0%] Built target _autoware_msgs_generate_messages_check_deps_StateCmd
[1.086s] [  0%] Built target _autoware_msgs_generate_messages_check_deps_SyncTimeMonitor
[1.092s] [  0%] Built target _autoware_msgs_generate_messages_check_deps_ImageObjTracked
[1.109s] [  0%] Built target _autoware_msgs_generate_messages_check_deps_ImageRect
[1.155s] [  0%] Built target _autoware_msgs_generate_messages_check_deps_ExtractedPosition
[1.157s] [  0%] Built target _autoware_msgs_generate_messages_check_deps_VscanTrackedArray
[1.157s] [  0%] Built target _autoware_msgs_generate_messages_check_deps_ImageObj
[1.160s] [  0%] Built target _autoware_msgs_generate_messages_check_deps_ValueSet
[1.185s] [  0%] Built target _autoware_msgs_generate_messages_check_deps_LampCmd
[1.186s] [  0%] Built target sensor_msgs_generate_messages_cpp
[1.187s] [  0%] Built target _autoware_msgs_generate_messages_check_deps_CloudCluster
[1.191s] [  0%] Built target _autoware_msgs_generate_messages_check_deps_ObjPose
[1.195s] [  0%] Built target sensor_msgs_generate_messages_eus
[1.195s] [  0%] Built target _autoware_msgs_generate_messages_check_deps_GeometricRectangle
[1.204s] [  0%] Built target jsk_recognition_msgs_generate_messages_cpp
[1.205s] [  0%] Built target _autoware_msgs_generate_messages_check_deps_VehicleLocation
[1.205s] [  0%] Built target geometry_msgs_generate_messages_eus
[1.205s] [  0%] Built target _autoware_msgs_generate_messages_check_deps_AdjustXY
[1.212s] [  0%] Built target jsk_recognition_msgs_generate_messages_eus
[1.213s] [  0%] Built target geometry_msgs_generate_messages_cpp
[1.219s] [  0%] Built target std_msgs_generate_messages_eus
[1.220s] [  0%] Built target std_msgs_generate_messages_cpp
[1.243s] [  0%] Built target sensor_msgs_generate_messages_lisp
[1.244s] [  0%] Built target std_msgs_generate_messages_lisp
[1.244s] [  0%] Built target geometry_msgs_generate_messages_lisp
[1.245s] [  0%] Built target _autoware_msgs_generate_messages_check_deps_PointsImage
[1.246s] [  0%] Built target _autoware_msgs_generate_messages_check_deps_DTLane
[1.253s] [  0%] Built target _autoware_msgs_generate_messages_check_deps_ImageLaneObjects
[1.258s] [  0%] Built target std_msgs_generate_messages_nodejs
[1.263s] [  0%] Built target jsk_recognition_msgs_generate_messages_lisp
[1.271s] [  0%] Built target sensor_msgs_generate_messages_nodejs
[1.279s] [  0%] Built target jsk_recognition_msgs_generate_messages_nodejs
[1.280s] [  0%] Built target geometry_msgs_generate_messages_nodejs
[1.310s] [ 20%] Built target autoware_msgs_generate_messages_eus
[1.313s] [ 41%] Built target autoware_msgs_generate_messages_py
[1.314s] [ 60%] Built target autoware_msgs_generate_messages_cpp
[1.318s] [ 80%] Built target autoware_msgs_generate_messages_lisp
[1.324s] [100%] Built target autoware_msgs_generate_messages_nodejs
[1.362s] [100%] Built target autoware_msgs_generate_messages
[1.404s] Invoked command in '/home/point001/autoware.ai/build/autoware_msgs' returned '0': CONDA_PROMPT_MODIFIER=(base) /usr/bin/cmake --build /home/point001/autoware.ai/build/autoware_msgs -- -j24 -l24
[1.737s] Invoking command in '/home/point001/autoware.ai/build/autoware_msgs': CONDA_PROMPT_MODIFIER=(base) /usr/bin/cmake --build /home/point001/autoware.ai/build/autoware_msgs --target tests -- -j24 -l24
[1.899s] Built target tests
[2.045s] Invoked command in '/home/point001/autoware.ai/build/autoware_msgs' returned '0': CONDA_PROMPT_MODIFIER=(base) /usr/bin/cmake --build /home/point001/autoware.ai/build/autoware_msgs --target tests -- -j24 -l24
[2.568s] Invoking command in '/home/point001/autoware.ai/build/autoware_msgs': CONDA_PROMPT_MODIFIER=(base) /usr/bin/cmake --build /home/point001/autoware.ai/build/autoware_msgs --target install -- -j24 -l24
[2.682s] [  0%] Built target geometry_msgs_generate_messages_py
[2.684s] [  0%] Built target jsk_recognition_msgs_generate_messages_py
[2.703s] [  0%] Built target sensor_msgs_generate_messages_py
[2.734s] [  0%] Built target _autoware_msgs_generate_messages_check_deps_DetectedObjectArray
[2.741s] [  0%] Built target _autoware_msgs_generate_messages_check_deps_VehicleCmd
[2.741s] [  0%] Built target _autoware_msgs_generate_messages_check_deps_NDTStat
[2.741s] [  0%] Built target _autoware_msgs_generate_messages_check_deps_Lane
[2.741s] [  0%] Built target _autoware_msgs_generate_messages_check_deps_ImageRectRanged
[2.756s] [  0%] Built target std_msgs_generate_messages_py
[2.765s] [  0%] Built target _autoware_msgs_generate_messages_check_deps_ICPStat
[2.772s] [  0%] Built target _autoware_msgs_generate_messages_check_deps_DetectedObject
[2.773s] [  0%] Built target _autoware_msgs_generate_messages_check_deps_ScanImage
[2.783s] [  0%] Built target _autoware_msgs_generate_messages_check_deps_ObjLabel
[2.783s] [  0%] Built target _autoware_msgs_generate_messages_check_deps_RemoteCmd
[2.791s] [  0%] Built target _autoware_msgs_generate_messages_check_deps_CloudClusterArray
[2.799s] [  0%] Built target _autoware_msgs_generate_messages_check_deps_WaypointState
[2.811s] [  0%] Built target _autoware_msgs_generate_messages_check_deps_State
[2.811s] [  0%] Built target _autoware_msgs_generate_messages_check_deps_Waypoint
[2.816s] [  0%] Built target _autoware_msgs_generate_messages_check_deps_ProjectionMatrix
[2.817s] [  0%] Built target _autoware_msgs_generate_messages_check_deps_IndicatorCmd
[2.818s] [  0%] Built target _autoware_msgs_generate_messages_check_deps_SyncTimeDiff
[2.818s] [  0%] Built target _autoware_msgs_generate_messages_check_deps_ColorSet
[2.821s] [  0%] Built target _autoware_msgs_generate_messages_check_deps_VscanTracked
[2.839s] [  0%] Built target _autoware_msgs_generate_messages_check_deps_RecognizeLightState
[2.849s] [  0%] Built target _autoware_msgs_generate_messages_check_deps_LaneArray
[2.925s] [  0%] Built target _autoware_msgs_generate_messages_check_deps_ImageObjRanged
[2.927s] [  0%] Built target _autoware_msgs_generate_messages_check_deps_VehicleStatus
[2.927s] [  0%] Built target _autoware_msgs_generate_messages_check_deps_TrafficLight
[2.941s] [  0%] Built target _autoware_msgs_generate_messages_check_deps_TunedResult
[2.941s] [  0%] Built target _autoware_msgs_generate_messages_check_deps_BrakeCmd
[2.962s] [  0%] Built target _autoware_msgs_generate_messages_check_deps_ValueSet
[2.969s] [  0%] Built target _autoware_msgs_generate_messages_check_deps_Gear
[2.996s] [  0%] Built target _autoware_msgs_generate_messages_check_deps_TrafficLightResult
[3.022s] [  0%] Built target _autoware_msgs_generate_messages_check_deps_ControlCommandStamped
[3.023s] [  0%] Built target _autoware_msgs_generate_messages_check_deps_AccelCmd
[3.039s] [  0%] Built target _autoware_msgs_generate_messages_check_deps_Signals
[3.039s] [  0%] Built target _autoware_msgs_generate_messages_check_deps_ImageObj
[3.047s] [  0%] Built target _autoware_msgs_generate_messages_check_deps_ControlCommand
[3.053s] [  0%] Built target _autoware_msgs_generate_messages_check_deps_Centroids
[3.061s] [  0%] Built target _autoware_msgs_generate_messages_check_deps_SteerCmd
[3.061s] [  0%] Built target _autoware_msgs_generate_messages_check_deps_CloudCluster
[3.068s] [  0%] Built target _autoware_msgs_generate_messages_check_deps_VscanTrackedArray
[3.070s] [  0%] Built target _autoware_msgs_generate_messages_check_deps_SyncTimeMonitor
[3.084s] [  0%] Built target _autoware_msgs_generate_messages_check_deps_ImageObjects
[3.132s] [  0%] Built target _autoware_msgs_generate_messages_check_deps_ImageRect
[3.135s] [  0%] Built target _autoware_msgs_generate_messages_check_deps_TrafficLightResultArray
[3.183s] [  0%] Built target _autoware_msgs_generate_messages_check_deps_ImageObjTracked
[3.184s] [  0%] Built target _autoware_msgs_generate_messages_check_deps_ObjPose
[3.185s] [  0%] Built target _autoware_msgs_generate_messages_check_deps_StateCmd
[3.185s] [  0%] Built target std_msgs_generate_messages_eus
[3.185s] [  0%] Built target std_msgs_generate_messages_cpp
[3.185s] [  0%] Built target _autoware_msgs_generate_messages_check_deps_ExtractedPosition
[3.185s] [  0%] Built target sensor_msgs_generate_messages_cpp
[3.190s] [  0%] Built target _autoware_msgs_generate_messages_check_deps_GeometricRectangle
[3.199s] [  0%] Built target jsk_recognition_msgs_generate_messages_cpp
[3.201s] [  0%] Built target _autoware_msgs_generate_messages_check_deps_ImageLaneObjects
[3.205s] [  0%] Built target _autoware_msgs_generate_messages_check_deps_VehicleLocation
[3.205s] [  0%] Built target _autoware_msgs_generate_messages_check_deps_LampCmd
[3.229s] [  0%] Built target jsk_recognition_msgs_generate_messages_lisp
[3.230s] [  0%] Built target _autoware_msgs_generate_messages_check_deps_DTLane
[3.230s] [  0%] Built target geometry_msgs_generate_messages_eus
[3.230s] [  0%] Built target geometry_msgs_generate_messages_cpp
[3.231s] [  0%] Built target jsk_recognition_msgs_generate_messages_eus
[3.231s] [  0%] Built target geometry_msgs_generate_messages_lisp
[3.263s] [  0%] Built target sensor_msgs_generate_messages_eus
[3.290s] [  0%] Built target jsk_recognition_msgs_generate_messages_nodejs
[3.291s] [  0%] Built target sensor_msgs_generate_messages_lisp
[3.291s] [  0%] Built target std_msgs_generate_messages_lisp
[3.291s] [  0%] Built target _autoware_msgs_generate_messages_check_deps_AdjustXY
[3.299s] [  0%] Built target geometry_msgs_generate_messages_nodejs
[3.312s] [  0%] Built target std_msgs_generate_messages_nodejs
[3.326s] [  0%] Built target sensor_msgs_generate_messages_nodejs
[3.333s] [  0%] Built target _autoware_msgs_generate_messages_check_deps_PointsImage
[3.376s] [ 20%] Built target autoware_msgs_generate_messages_eus
[3.378s] [ 51%] Built target autoware_msgs_generate_messages_lisp
[3.378s] [ 61%] Built target autoware_msgs_generate_messages_py
[3.380s] [ 80%] Built target autoware_msgs_generate_messages_cpp
[3.380s] [100%] Built target autoware_msgs_generate_messages_nodejs
[3.411s] [100%] Built target autoware_msgs_generate_messages
[3.437s] [36mInstall the project...[0m
[3.446s] -- Install configuration: "Release"
[3.446s] -- Up-to-date: /home/point001/autoware.ai/install/autoware_msgs/share/autoware_msgs/msg/AccelCmd.msg
[3.446s] -- Up-to-date: /home/point001/autoware.ai/install/autoware_msgs/share/autoware_msgs/msg/AdjustXY.msg
[3.446s] -- Up-to-date: /home/point001/autoware.ai/install/autoware_msgs/share/autoware_msgs/msg/BrakeCmd.msg
[3.446s] -- Up-to-date: /home/point001/autoware.ai/install/autoware_msgs/share/autoware_msgs/msg/Centroids.msg
[3.446s] -- Up-to-date: /home/point001/autoware.ai/install/autoware_msgs/share/autoware_msgs/msg/CloudCluster.msg
[3.447s] -- Up-to-date: /home/point001/autoware.ai/install/autoware_msgs/share/autoware_msgs/msg/CloudClusterArray.msg
[3.447s] -- Up-to-date: /home/point001/autoware.ai/install/autoware_msgs/share/autoware_msgs/msg/ColorSet.msg
[3.447s] -- Up-to-date: /home/point001/autoware.ai/install/autoware_msgs/share/autoware_msgs/msg/ControlCommand.msg
[3.448s] -- Up-to-date: /home/point001/autoware.ai/install/autoware_msgs/share/autoware_msgs/msg/ControlCommandStamped.msg
[3.448s] -- Up-to-date: /home/point001/autoware.ai/install/autoware_msgs/share/autoware_msgs/msg/DTLane.msg
[3.448s] -- Up-to-date: /home/point001/autoware.ai/install/autoware_msgs/share/autoware_msgs/msg/DetectedObject.msg
[3.449s] -- Up-to-date: /home/point001/autoware.ai/install/autoware_msgs/share/autoware_msgs/msg/DetectedObjectArray.msg
[3.449s] -- Up-to-date: /home/point001/autoware.ai/install/autoware_msgs/share/autoware_msgs/msg/ExtractedPosition.msg
[3.449s] -- Up-to-date: /home/point001/autoware.ai/install/autoware_msgs/share/autoware_msgs/msg/Gear.msg
[3.449s] -- Up-to-date: /home/point001/autoware.ai/install/autoware_msgs/share/autoware_msgs/msg/GeometricRectangle.msg
[3.449s] -- Up-to-date: /home/point001/autoware.ai/install/autoware_msgs/share/autoware_msgs/msg/ICPStat.msg
[3.449s] -- Up-to-date: /home/point001/autoware.ai/install/autoware_msgs/share/autoware_msgs/msg/ImageLaneObjects.msg
[3.449s] -- Up-to-date: /home/point001/autoware.ai/install/autoware_msgs/share/autoware_msgs/msg/ImageObj.msg
[3.449s] -- Up-to-date: /home/point001/autoware.ai/install/autoware_msgs/share/autoware_msgs/msg/ImageObjRanged.msg
[3.450s] -- Up-to-date: /home/point001/autoware.ai/install/autoware_msgs/share/autoware_msgs/msg/ImageObjTracked.msg
[3.450s] -- Up-to-date: /home/point001/autoware.ai/install/autoware_msgs/share/autoware_msgs/msg/ImageObjects.msg
[3.450s] -- Up-to-date: /home/point001/autoware.ai/install/autoware_msgs/share/autoware_msgs/msg/ImageRect.msg
[3.450s] -- Up-to-date: /home/point001/autoware.ai/install/autoware_msgs/share/autoware_msgs/msg/ImageRectRanged.msg
[3.450s] -- Up-to-date: /home/point001/autoware.ai/install/autoware_msgs/share/autoware_msgs/msg/IndicatorCmd.msg
[3.450s] -- Up-to-date: /home/point001/autoware.ai/install/autoware_msgs/share/autoware_msgs/msg/LampCmd.msg
[3.450s] -- Up-to-date: /home/point001/autoware.ai/install/autoware_msgs/share/autoware_msgs/msg/Lane.msg
[3.450s] -- Up-to-date: /home/point001/autoware.ai/install/autoware_msgs/share/autoware_msgs/msg/LaneArray.msg
[3.450s] -- Up-to-date: /home/point001/autoware.ai/install/autoware_msgs/share/autoware_msgs/msg/NDTStat.msg
[3.450s] -- Up-to-date: /home/point001/autoware.ai/install/autoware_msgs/share/autoware_msgs/msg/ObjLabel.msg
[3.451s] -- Up-to-date: /home/point001/autoware.ai/install/autoware_msgs/share/autoware_msgs/msg/ObjPose.msg
[3.451s] -- Up-to-date: /home/point001/autoware.ai/install/autoware_msgs/share/autoware_msgs/msg/PointsImage.msg
[3.451s] -- Up-to-date: /home/point001/autoware.ai/install/autoware_msgs/share/autoware_msgs/msg/ProjectionMatrix.msg
[3.451s] -- Up-to-date: /home/point001/autoware.ai/install/autoware_msgs/share/autoware_msgs/msg/RemoteCmd.msg
[3.451s] -- Up-to-date: /home/point001/autoware.ai/install/autoware_msgs/share/autoware_msgs/msg/ScanImage.msg
[3.451s] -- Up-to-date: /home/point001/autoware.ai/install/autoware_msgs/share/autoware_msgs/msg/Signals.msg
[3.451s] -- Up-to-date: /home/point001/autoware.ai/install/autoware_msgs/share/autoware_msgs/msg/State.msg
[3.451s] -- Up-to-date: /home/point001/autoware.ai/install/autoware_msgs/share/autoware_msgs/msg/StateCmd.msg
[3.451s] -- Up-to-date: /home/point001/autoware.ai/install/autoware_msgs/share/autoware_msgs/msg/SteerCmd.msg
[3.452s] -- Up-to-date: /home/point001/autoware.ai/install/autoware_msgs/share/autoware_msgs/msg/SyncTimeDiff.msg
[3.452s] -- Up-to-date: /home/point001/autoware.ai/install/autoware_msgs/share/autoware_msgs/msg/SyncTimeMonitor.msg
[3.452s] -- Up-to-date: /home/point001/autoware.ai/install/autoware_msgs/share/autoware_msgs/msg/TrafficLight.msg
[3.452s] -- Up-to-date: /home/point001/autoware.ai/install/autoware_msgs/share/autoware_msgs/msg/TrafficLightResult.msg
[3.452s] -- Up-to-date: /home/point001/autoware.ai/install/autoware_msgs/share/autoware_msgs/msg/TrafficLightResultArray.msg
[3.452s] -- Up-to-date: /home/point001/autoware.ai/install/autoware_msgs/share/autoware_msgs/msg/TunedResult.msg
[3.452s] -- Up-to-date: /home/point001/autoware.ai/install/autoware_msgs/share/autoware_msgs/msg/ValueSet.msg
[3.452s] -- Up-to-date: /home/point001/autoware.ai/install/autoware_msgs/share/autoware_msgs/msg/VehicleCmd.msg
[3.452s] -- Up-to-date: /home/point001/autoware.ai/install/autoware_msgs/share/autoware_msgs/msg/VehicleLocation.msg
[3.453s] -- Up-to-date: /home/point001/autoware.ai/install/autoware_msgs/share/autoware_msgs/msg/VehicleStatus.msg
[3.453s] -- Up-to-date: /home/point001/autoware.ai/install/autoware_msgs/share/autoware_msgs/msg/VscanTracked.msg
[3.453s] -- Up-to-date: /home/point001/autoware.ai/install/autoware_msgs/share/autoware_msgs/msg/VscanTrackedArray.msg
[3.453s] -- Up-to-date: /home/point001/autoware.ai/install/autoware_msgs/share/autoware_msgs/msg/Waypoint.msg
[3.453s] -- Up-to-date: /home/point001/autoware.ai/install/autoware_msgs/share/autoware_msgs/msg/WaypointState.msg
[3.453s] -- Up-to-date: /home/point001/autoware.ai/install/autoware_msgs/share/autoware_msgs/srv/RecognizeLightState.srv
[3.453s] -- Up-to-date: /home/point001/autoware.ai/install/autoware_msgs/share/autoware_msgs/cmake/autoware_msgs-msg-paths.cmake
[3.453s] -- Up-to-date: /home/point001/autoware.ai/install/autoware_msgs/include/autoware_msgs
[3.453s] -- Up-to-date: /home/point001/autoware.ai/install/autoware_msgs/include/autoware_msgs/Waypoint.h
[3.454s] -- Up-to-date: /home/point001/autoware.ai/install/autoware_msgs/include/autoware_msgs/CloudCluster.h
[3.454s] -- Up-to-date: /home/point001/autoware.ai/install/autoware_msgs/include/autoware_msgs/ObjLabel.h
[3.454s] -- Up-to-date: /home/point001/autoware.ai/install/autoware_msgs/include/autoware_msgs/RecognizeLightState.h
[3.454s] -- Up-to-date: /home/point001/autoware.ai/install/autoware_msgs/include/autoware_msgs/ScanImage.h
[3.454s] -- Up-to-date: /home/point001/autoware.ai/install/autoware_msgs/include/autoware_msgs/NDTStat.h
[3.454s] -- Up-to-date: /home/point001/autoware.ai/install/autoware_msgs/include/autoware_msgs/Gear.h
[3.454s] -- Up-to-date: /home/point001/autoware.ai/install/autoware_msgs/include/autoware_msgs/TunedResult.h
[3.454s] -- Up-to-date: /home/point001/autoware.ai/install/autoware_msgs/include/autoware_msgs/GeometricRectangle.h
[3.454s] -- Up-to-date: /home/point001/autoware.ai/install/autoware_msgs/include/autoware_msgs/ProjectionMatrix.h
[3.455s] -- Up-to-date: /home/point001/autoware.ai/install/autoware_msgs/include/autoware_msgs/AdjustXY.h
[3.455s] -- Up-to-date: /home/point001/autoware.ai/install/autoware_msgs/include/autoware_msgs/ImageRectRanged.h
[3.455s] -- Up-to-date: /home/point001/autoware.ai/install/autoware_msgs/include/autoware_msgs/StateCmd.h
[3.455s] -- Up-to-date: /home/point001/autoware.ai/install/autoware_msgs/include/autoware_msgs/DetectedObject.h
[3.455s] -- Up-to-date: /home/point001/autoware.ai/install/autoware_msgs/include/autoware_msgs/CloudClusterArray.h
[3.455s] -- Up-to-date: /home/point001/autoware.ai/install/autoware_msgs/include/autoware_msgs/LaneArray.h
[3.456s] -- Up-to-date: /home/point001/autoware.ai/install/autoware_msgs/include/autoware_msgs/RemoteCmd.h
[3.457s] -- Up-to-date: /home/point001/autoware.ai/install/autoware_msgs/include/autoware_msgs/SteerCmd.h
[3.457s] -- Up-to-date: /home/point001/autoware.ai/install/autoware_msgs/include/autoware_msgs/Lane.h
[3.460s] -- Up-to-date: /home/point001/autoware.ai/install/autoware_msgs/include/autoware_msgs/RecognizeLightStateRequest.h
[3.460s] -- Up-to-date: /home/point001/autoware.ai/install/autoware_msgs/include/autoware_msgs/ValueSet.h
[3.460s] -- Up-to-date: /home/point001/autoware.ai/install/autoware_msgs/include/autoware_msgs/VehicleCmd.h
[3.460s] -- Up-to-date: /home/point001/autoware.ai/install/autoware_msgs/include/autoware_msgs/DTLane.h
[3.460s] -- Up-to-date: /home/point001/autoware.ai/install/autoware_msgs/include/autoware_msgs/ControlCommand.h
[3.460s] -- Up-to-date: /home/point001/autoware.ai/install/autoware_msgs/include/autoware_msgs/SyncTimeDiff.h
[3.460s] -- Up-to-date: /home/point001/autoware.ai/install/autoware_msgs/include/autoware_msgs/WaypointState.h
[3.460s] -- Up-to-date: /home/point001/autoware.ai/install/autoware_msgs/include/autoware_msgs/Signals.h
[3.461s] -- Up-to-date: /home/point001/autoware.ai/install/autoware_msgs/include/autoware_msgs/VscanTracked.h
[3.461s] -- Up-to-date: /home/point001/autoware.ai/install/autoware_msgs/include/autoware_msgs/Centroids.h
[3.461s] -- Up-to-date: /home/point001/autoware.ai/install/autoware_msgs/include/autoware_msgs/ICPStat.h
[3.461s] -- Up-to-date: /home/point001/autoware.ai/install/autoware_msgs/include/autoware_msgs/TrafficLight.h
[3.461s] -- Up-to-date: /home/point001/autoware.ai/install/autoware_msgs/include/autoware_msgs/SyncTimeMonitor.h
[3.463s] -- Up-to-date: /home/point001/autoware.ai/install/autoware_msgs/include/autoware_msgs/VehicleLocation.h
[3.463s] -- Up-to-date: /home/point001/autoware.ai/install/autoware_msgs/include/autoware_msgs/ImageObjTracked.h
[3.463s] -- Up-to-date: /home/point001/autoware.ai/install/autoware_msgs/include/autoware_msgs/LampCmd.h
[3.464s] -- Up-to-date: /home/point001/autoware.ai/install/autoware_msgs/include/autoware_msgs/RecognizeLightStateResponse.h
[3.464s] -- Up-to-date: /home/point001/autoware.ai/install/autoware_msgs/include/autoware_msgs/ObjPose.h
[3.464s] -- Up-to-date: /home/point001/autoware.ai/install/autoware_msgs/include/autoware_msgs/State.h
[3.464s] -- Up-to-date: /home/point001/autoware.ai/install/autoware_msgs/include/autoware_msgs/VehicleStatus.h
[3.464s] -- Up-to-date: /home/point001/autoware.ai/install/autoware_msgs/include/autoware_msgs/VscanTrackedArray.h
[3.464s] -- Up-to-date: /home/point001/autoware.ai/install/autoware_msgs/include/autoware_msgs/PointsImage.h
[3.464s] -- Up-to-date: /home/point001/autoware.ai/install/autoware_msgs/include/autoware_msgs/TrafficLightResultArray.h
[3.464s] -- Up-to-date: /home/point001/autoware.ai/install/autoware_msgs/include/autoware_msgs/ImageObj.h
[3.464s] -- Up-to-date: /home/point001/autoware.ai/install/autoware_msgs/include/autoware_msgs/ControlCommandStamped.h
[3.465s] -- Up-to-date: /home/point001/autoware.ai/install/autoware_msgs/include/autoware_msgs/IndicatorCmd.h
[3.465s] -- Up-to-date: /home/point001/autoware.ai/install/autoware_msgs/include/autoware_msgs/AccelCmd.h
[3.465s] -- Up-to-date: /home/point001/autoware.ai/install/autoware_msgs/include/autoware_msgs/ColorSet.h
[3.465s] -- Up-to-date: /home/point001/autoware.ai/install/autoware_msgs/include/autoware_msgs/BrakeCmd.h
[3.465s] -- Up-to-date: /home/point001/autoware.ai/install/autoware_msgs/include/autoware_msgs/TrafficLightResult.h
[3.465s] -- Up-to-date: /home/point001/autoware.ai/install/autoware_msgs/include/autoware_msgs/ImageObjRanged.h
[3.465s] -- Up-to-date: /home/point001/autoware.ai/install/autoware_msgs/include/autoware_msgs/ImageLaneObjects.h
[3.465s] -- Up-to-date: /home/point001/autoware.ai/install/autoware_msgs/include/autoware_msgs/ImageRect.h
[3.465s] -- Up-to-date: /home/point001/autoware.ai/install/autoware_msgs/include/autoware_msgs/DetectedObjectArray.h
[3.466s] -- Up-to-date: /home/point001/autoware.ai/install/autoware_msgs/include/autoware_msgs/ImageObjects.h
[3.466s] -- Up-to-date: /home/point001/autoware.ai/install/autoware_msgs/include/autoware_msgs/ExtractedPosition.h
[3.466s] -- Up-to-date: /home/point001/autoware.ai/install/autoware_msgs/share/roseus/ros/autoware_msgs
[3.466s] -- Up-to-date: /home/point001/autoware.ai/install/autoware_msgs/share/roseus/ros/autoware_msgs/srv
[3.466s] -- Up-to-date: /home/point001/autoware.ai/install/autoware_msgs/share/roseus/ros/autoware_msgs/srv/RecognizeLightState.l
[3.466s] -- Up-to-date: /home/point001/autoware.ai/install/autoware_msgs/share/roseus/ros/autoware_msgs/manifest.l
[3.466s] -- Up-to-date: /home/point001/autoware.ai/install/autoware_msgs/share/roseus/ros/autoware_msgs/msg
[3.466s] -- Up-to-date: /home/point001/autoware.ai/install/autoware_msgs/share/roseus/ros/autoware_msgs/msg/ExtractedPosition.l
[3.466s] -- Up-to-date: /home/point001/autoware.ai/install/autoware_msgs/share/roseus/ros/autoware_msgs/msg/CloudClusterArray.l
[3.467s] -- Up-to-date: /home/point001/autoware.ai/install/autoware_msgs/share/roseus/ros/autoware_msgs/msg/ControlCommand.l
[3.467s] -- Up-to-date: /home/point001/autoware.ai/install/autoware_msgs/share/roseus/ros/autoware_msgs/msg/ICPStat.l
[3.467s] -- Up-to-date: /home/point001/autoware.ai/install/autoware_msgs/share/roseus/ros/autoware_msgs/msg/StateCmd.l
[3.467s] -- Up-to-date: /home/point001/autoware.ai/install/autoware_msgs/share/roseus/ros/autoware_msgs/msg/ImageObjects.l
[3.467s] -- Up-to-date: /home/point001/autoware.ai/install/autoware_msgs/share/roseus/ros/autoware_msgs/msg/ControlCommandStamped.l
[3.467s] -- Up-to-date: /home/point001/autoware.ai/install/autoware_msgs/share/roseus/ros/autoware_msgs/msg/SteerCmd.l
[3.467s] -- Up-to-date: /home/point001/autoware.ai/install/autoware_msgs/share/roseus/ros/autoware_msgs/msg/ImageObj.l
[3.467s] -- Up-to-date: /home/point001/autoware.ai/install/autoware_msgs/share/roseus/ros/autoware_msgs/msg/VscanTrackedArray.l
[3.467s] -- Up-to-date: /home/point001/autoware.ai/install/autoware_msgs/share/roseus/ros/autoware_msgs/msg/Lane.l
[3.467s] -- Up-to-date: /home/point001/autoware.ai/install/autoware_msgs/share/roseus/ros/autoware_msgs/msg/ObjLabel.l
[3.467s] -- Up-to-date: /home/point001/autoware.ai/install/autoware_msgs/share/roseus/ros/autoware_msgs/msg/ImageRect.l
[3.467s] -- Up-to-date: /home/point001/autoware.ai/install/autoware_msgs/share/roseus/ros/autoware_msgs/msg/GeometricRectangle.l
[3.467s] -- Up-to-date: /home/point001/autoware.ai/install/autoware_msgs/share/roseus/ros/autoware_msgs/msg/AccelCmd.l
[3.468s] -- Up-to-date: /home/point001/autoware.ai/install/autoware_msgs/share/roseus/ros/autoware_msgs/msg/BrakeCmd.l
[3.468s] -- Up-to-date: /home/point001/autoware.ai/install/autoware_msgs/share/roseus/ros/autoware_msgs/msg/ProjectionMatrix.l
[3.468s] -- Up-to-date: /home/point001/autoware.ai/install/autoware_msgs/share/roseus/ros/autoware_msgs/msg/VscanTracked.l
[3.468s] -- Up-to-date: /home/point001/autoware.ai/install/autoware_msgs/share/roseus/ros/autoware_msgs/msg/Gear.l
[3.468s] -- Up-to-date: /home/point001/autoware.ai/install/autoware_msgs/share/roseus/ros/autoware_msgs/msg/WaypointState.l
[3.468s] -- Up-to-date: /home/point001/autoware.ai/install/autoware_msgs/share/roseus/ros/autoware_msgs/msg/IndicatorCmd.l
[3.468s] -- Up-to-date: /home/point001/autoware.ai/install/autoware_msgs/share/roseus/ros/autoware_msgs/msg/ImageObjTracked.l
[3.468s] -- Up-to-date: /home/point001/autoware.ai/install/autoware_msgs/share/roseus/ros/autoware_msgs/msg/VehicleStatus.l
[3.468s] -- Up-to-date: /home/point001/autoware.ai/install/autoware_msgs/share/roseus/ros/autoware_msgs/msg/TrafficLight.l
[3.469s] -- Up-to-date: /home/point001/autoware.ai/install/autoware_msgs/share/roseus/ros/autoware_msgs/msg/SyncTimeMonitor.l
[3.469s] -- Up-to-date: /home/point001/autoware.ai/install/autoware_msgs/share/roseus/ros/autoware_msgs/msg/DetectedObject.l
[3.469s] -- Up-to-date: /home/point001/autoware.ai/install/autoware_msgs/share/roseus/ros/autoware_msgs/msg/SyncTimeDiff.l
[3.469s] -- Up-to-date: /home/point001/autoware.ai/install/autoware_msgs/share/roseus/ros/autoware_msgs/msg/VehicleLocation.l
[3.469s] -- Up-to-date: /home/point001/autoware.ai/install/autoware_msgs/share/roseus/ros/autoware_msgs/msg/Waypoint.l
[3.469s] -- Up-to-date: /home/point001/autoware.ai/install/autoware_msgs/share/roseus/ros/autoware_msgs/msg/LampCmd.l
[3.469s] -- Up-to-date: /home/point001/autoware.ai/install/autoware_msgs/share/roseus/ros/autoware_msgs/msg/ImageLaneObjects.l
[3.469s] -- Up-to-date: /home/point001/autoware.ai/install/autoware_msgs/share/roseus/ros/autoware_msgs/msg/Signals.l
[3.469s] -- Up-to-date: /home/point001/autoware.ai/install/autoware_msgs/share/roseus/ros/autoware_msgs/msg/TrafficLightResult.l
[3.469s] -- Up-to-date: /home/point001/autoware.ai/install/autoware_msgs/share/roseus/ros/autoware_msgs/msg/ScanImage.l
[3.469s] -- Up-to-date: /home/point001/autoware.ai/install/autoware_msgs/share/roseus/ros/autoware_msgs/msg/DTLane.l
[3.469s] -- Up-to-date: /home/point001/autoware.ai/install/autoware_msgs/share/roseus/ros/autoware_msgs/msg/DetectedObjectArray.l
[3.469s] -- Up-to-date: /home/point001/autoware.ai/install/autoware_msgs/share/roseus/ros/autoware_msgs/msg/ImageRectRanged.l
[3.469s] -- Up-to-date: /home/point001/autoware.ai/install/autoware_msgs/share/roseus/ros/autoware_msgs/msg/Centroids.l
[3.469s] -- Up-to-date: /home/point001/autoware.ai/install/autoware_msgs/share/roseus/ros/autoware_msgs/msg/PointsImage.l
[3.470s] -- Up-to-date: /home/point001/autoware.ai/install/autoware_msgs/share/roseus/ros/autoware_msgs/msg/RemoteCmd.l
[3.470s] -- Up-to-date: /home/point001/autoware.ai/install/autoware_msgs/share/roseus/ros/autoware_msgs/msg/CloudCluster.l
[3.470s] -- Up-to-date: /home/point001/autoware.ai/install/autoware_msgs/share/roseus/ros/autoware_msgs/msg/State.l
[3.470s] -- Up-to-date: /home/point001/autoware.ai/install/autoware_msgs/share/roseus/ros/autoware_msgs/msg/NDTStat.l
[3.470s] -- Up-to-date: /home/point001/autoware.ai/install/autoware_msgs/share/roseus/ros/autoware_msgs/msg/VehicleCmd.l
[3.470s] -- Up-to-date: /home/point001/autoware.ai/install/autoware_msgs/share/roseus/ros/autoware_msgs/msg/AdjustXY.l
[3.470s] -- Up-to-date: /home/point001/autoware.ai/install/autoware_msgs/share/roseus/ros/autoware_msgs/msg/ValueSet.l
[3.470s] -- Up-to-date: /home/point001/autoware.ai/install/autoware_msgs/share/roseus/ros/autoware_msgs/msg/ImageObjRanged.l
[3.470s] -- Up-to-date: /home/point001/autoware.ai/install/autoware_msgs/share/roseus/ros/autoware_msgs/msg/LaneArray.l
[3.470s] -- Up-to-date: /home/point001/autoware.ai/install/autoware_msgs/share/roseus/ros/autoware_msgs/msg/TunedResult.l
[3.470s] -- Up-to-date: /home/point001/autoware.ai/install/autoware_msgs/share/roseus/ros/autoware_msgs/msg/ColorSet.l
[3.470s] -- Up-to-date: /home/point001/autoware.ai/install/autoware_msgs/share/roseus/ros/autoware_msgs/msg/TrafficLightResultArray.l
[3.470s] -- Up-to-date: /home/point001/autoware.ai/install/autoware_msgs/share/roseus/ros/autoware_msgs/msg/ObjPose.l
[3.471s] -- Up-to-date: /home/point001/autoware.ai/install/autoware_msgs/share/common-lisp/ros/autoware_msgs
[3.471s] -- Up-to-date: /home/point001/autoware.ai/install/autoware_msgs/share/common-lisp/ros/autoware_msgs/srv
[3.471s] -- Up-to-date: /home/point001/autoware.ai/install/autoware_msgs/share/common-lisp/ros/autoware_msgs/srv/_package_RecognizeLightState.lisp
[3.471s] -- Up-to-date: /home/point001/autoware.ai/install/autoware_msgs/share/common-lisp/ros/autoware_msgs/srv/_package.lisp
[3.471s] -- Up-to-date: /home/point001/autoware.ai/install/autoware_msgs/share/common-lisp/ros/autoware_msgs/srv/RecognizeLightState.lisp
[3.471s] -- Up-to-date: /home/point001/autoware.ai/install/autoware_msgs/share/common-lisp/ros/autoware_msgs/srv/autoware_msgs-srv.asd
[3.471s] -- Up-to-date: /home/point001/autoware.ai/install/autoware_msgs/share/common-lisp/ros/autoware_msgs/msg
[3.471s] -- Up-to-date: /home/point001/autoware.ai/install/autoware_msgs/share/common-lisp/ros/autoware_msgs/msg/ICPStat.lisp
[3.471s] -- Up-to-date: /home/point001/autoware.ai/install/autoware_msgs/share/common-lisp/ros/autoware_msgs/msg/_package_VehicleStatus.lisp
[3.471s] -- Up-to-date: /home/point001/autoware.ai/install/autoware_msgs/share/common-lisp/ros/autoware_msgs/msg/RemoteCmd.lisp
[3.471s] -- Up-to-date: /home/point001/autoware.ai/install/autoware_msgs/share/common-lisp/ros/autoware_msgs/msg/ScanImage.lisp
[3.471s] -- Up-to-date: /home/point001/autoware.ai/install/autoware_msgs/share/common-lisp/ros/autoware_msgs/msg/_package_ImageObjRanged.lisp
[3.471s] -- Up-to-date: /home/point001/autoware.ai/install/autoware_msgs/share/common-lisp/ros/autoware_msgs/msg/_package_ProjectionMatrix.lisp
[3.471s] -- Up-to-date: /home/point001/autoware.ai/install/autoware_msgs/share/common-lisp/ros/autoware_msgs/msg/Signals.lisp
[3.472s] -- Up-to-date: /home/point001/autoware.ai/install/autoware_msgs/share/common-lisp/ros/autoware_msgs/msg/TunedResult.lisp
[3.472s] -- Up-to-date: /home/point001/autoware.ai/install/autoware_msgs/share/common-lisp/ros/autoware_msgs/msg/Centroids.lisp
[3.472s] -- Up-to-date: /home/point001/autoware.ai/install/autoware_msgs/share/common-lisp/ros/autoware_msgs/msg/_package_LaneArray.lisp
[3.472s] -- Up-to-date: /home/point001/autoware.ai/install/autoware_msgs/share/common-lisp/ros/autoware_msgs/msg/ValueSet.lisp
[3.472s] -- Up-to-date: /home/point001/autoware.ai/install/autoware_msgs/share/common-lisp/ros/autoware_msgs/msg/Lane.lisp
[3.472s] -- Up-to-date: /home/point001/autoware.ai/install/autoware_msgs/share/common-lisp/ros/autoware_msgs/msg/_package_ScanImage.lisp
[3.472s] -- Up-to-date: /home/point001/autoware.ai/install/autoware_msgs/share/common-lisp/ros/autoware_msgs/msg/ImageRect.lisp
[3.472s] -- Up-to-date: /home/point001/autoware.ai/install/autoware_msgs/share/common-lisp/ros/autoware_msgs/msg/_package_DTLane.lisp
[3.472s] -- Up-to-date: /home/point001/autoware.ai/install/autoware_msgs/share/common-lisp/ros/autoware_msgs/msg/_package_ImageLaneObjects.lisp
[3.472s] -- Up-to-date: /home/point001/autoware.ai/install/autoware_msgs/share/common-lisp/ros/autoware_msgs/msg/_package_StateCmd.lisp
[3.472s] -- Up-to-date: /home/point001/autoware.ai/install/autoware_msgs/share/common-lisp/ros/autoware_msgs/msg/VehicleLocation.lisp
[3.472s] -- Up-to-date: /home/point001/autoware.ai/install/autoware_msgs/share/common-lisp/ros/autoware_msgs/msg/_package_AccelCmd.lisp
[3.472s] -- Up-to-date: /home/point001/autoware.ai/install/autoware_msgs/share/common-lisp/ros/autoware_msgs/msg/_package_WaypointState.lisp
[3.472s] -- Up-to-date: /home/point001/autoware.ai/install/autoware_msgs/share/common-lisp/ros/autoware_msgs/msg/_package_ControlCommandStamped.lisp
[3.472s] -- Up-to-date: /home/point001/autoware.ai/install/autoware_msgs/share/common-lisp/ros/autoware_msgs/msg/GeometricRectangle.lisp
[3.472s] -- Up-to-date: /home/point001/autoware.ai/install/autoware_msgs/share/common-lisp/ros/autoware_msgs/msg/_package_ExtractedPosition.lisp
[3.472s] -- Up-to-date: /home/point001/autoware.ai/install/autoware_msgs/share/common-lisp/ros/autoware_msgs/msg/ImageObjects.lisp
[3.473s] -- Up-to-date: /home/point001/autoware.ai/install/autoware_msgs/share/common-lisp/ros/autoware_msgs/msg/TrafficLightResultArray.lisp
[3.473s] -- Up-to-date: /home/point001/autoware.ai/install/autoware_msgs/share/common-lisp/ros/autoware_msgs/msg/_package_ImageObj.lisp
[3.473s] -- Up-to-date: /home/point001/autoware.ai/install/autoware_msgs/share/common-lisp/ros/autoware_msgs/msg/ColorSet.lisp
[3.473s] -- Up-to-date: /home/point001/autoware.ai/install/autoware_msgs/share/common-lisp/ros/autoware_msgs/msg/TrafficLight.lisp
[3.473s] -- Up-to-date: /home/point001/autoware.ai/install/autoware_msgs/share/common-lisp/ros/autoware_msgs/msg/DetectedObject.lisp
[3.473s] -- Up-to-date: /home/point001/autoware.ai/install/autoware_msgs/share/common-lisp/ros/autoware_msgs/msg/_package_ImageObjects.lisp
[3.473s] -- Up-to-date: /home/point001/autoware.ai/install/autoware_msgs/share/common-lisp/ros/autoware_msgs/msg/CloudClusterArray.lisp
[3.473s] -- Up-to-date: /home/point001/autoware.ai/install/autoware_msgs/share/common-lisp/ros/autoware_msgs/msg/_package_GeometricRectangle.lisp
[3.473s] -- Up-to-date: /home/point001/autoware.ai/install/autoware_msgs/share/common-lisp/ros/autoware_msgs/msg/ImageObj.lisp
[3.473s] -- Up-to-date: /home/point001/autoware.ai/install/autoware_msgs/share/common-lisp/ros/autoware_msgs/msg/VehicleCmd.lisp
[3.473s] -- Up-to-date: /home/point001/autoware.ai/install/autoware_msgs/share/common-lisp/ros/autoware_msgs/msg/_package_Centroids.lisp
[3.473s] -- Up-to-date: /home/point001/autoware.ai/install/autoware_msgs/share/common-lisp/ros/autoware_msgs/msg/_package_TrafficLightResultArray.lisp
[3.473s] -- Up-to-date: /home/point001/autoware.ai/install/autoware_msgs/share/common-lisp/ros/autoware_msgs/msg/SyncTimeDiff.lisp
[3.473s] -- Up-to-date: /home/point001/autoware.ai/install/autoware_msgs/share/common-lisp/ros/autoware_msgs/msg/_package_ImageRectRanged.lisp
[3.473s] -- Up-to-date: /home/point001/autoware.ai/install/autoware_msgs/share/common-lisp/ros/autoware_msgs/msg/WaypointState.lisp
[3.473s] -- Up-to-date: /home/point001/autoware.ai/install/autoware_msgs/share/common-lisp/ros/autoware_msgs/msg/ImageObjTracked.lisp
[3.474s] -- Up-to-date: /home/point001/autoware.ai/install/autoware_msgs/share/common-lisp/ros/autoware_msgs/msg/ObjLabel.lisp
[3.474s] -- Up-to-date: /home/point001/autoware.ai/install/autoware_msgs/share/common-lisp/ros/autoware_msgs/msg/_package_DetectedObject.lisp
[3.474s] -- Up-to-date: /home/point001/autoware.ai/install/autoware_msgs/share/common-lisp/ros/autoware_msgs/msg/IndicatorCmd.lisp
[3.474s] -- Up-to-date: /home/point001/autoware.ai/install/autoware_msgs/share/common-lisp/ros/autoware_msgs/msg/VehicleStatus.lisp
[3.474s] -- Up-to-date: /home/point001/autoware.ai/install/autoware_msgs/share/common-lisp/ros/autoware_msgs/msg/ImageRectRanged.lisp
[3.474s] -- Up-to-date: /home/point001/autoware.ai/install/autoware_msgs/share/common-lisp/ros/autoware_msgs/msg/DetectedObjectArray.lisp
[3.474s] -- Up-to-date: /home/point001/autoware.ai/install/autoware_msgs/share/common-lisp/ros/autoware_msgs/msg/_package.lisp
[3.474s] -- Up-to-date: /home/point001/autoware.ai/install/autoware_msgs/share/common-lisp/ros/autoware_msgs/msg/ImageObjRanged.lisp
[3.474s] -- Up-to-date: /home/point001/autoware.ai/install/autoware_msgs/share/common-lisp/ros/autoware_msgs/msg/_package_DetectedObjectArray.lisp
[3.474s] -- Up-to-date: /home/point001/autoware.ai/install/autoware_msgs/share/common-lisp/ros/autoware_msgs/msg/_package_ColorSet.lisp
[3.474s] -- Up-to-date: /home/point001/autoware.ai/install/autoware_msgs/share/common-lisp/ros/autoware_msgs/msg/_package_ImageObjTracked.lisp
[3.474s] -- Up-to-date: /home/point001/autoware.ai/install/autoware_msgs/share/common-lisp/ros/autoware_msgs/msg/CloudCluster.lisp
[3.474s] -- Up-to-date: /home/point001/autoware.ai/install/autoware_msgs/share/common-lisp/ros/autoware_msgs/msg/LaneArray.lisp
[3.474s] -- Up-to-date: /home/point001/autoware.ai/install/autoware_msgs/share/common-lisp/ros/autoware_msgs/msg/ControlCommand.lisp
[3.474s] -- Up-to-date: /home/point001/autoware.ai/install/autoware_msgs/share/common-lisp/ros/autoware_msgs/msg/_package_Lane.lisp
[3.474s] -- Up-to-date: /home/point001/autoware.ai/install/autoware_msgs/share/common-lisp/ros/autoware_msgs/msg/_package_NDTStat.lisp
[3.475s] -- Up-to-date: /home/point001/autoware.ai/install/autoware_msgs/share/common-lisp/ros/autoware_msgs/msg/_package_IndicatorCmd.lisp
[3.475s] -- Up-to-date: /home/point001/autoware.ai/install/autoware_msgs/share/common-lisp/ros/autoware_msgs/msg/_package_Signals.lisp
[3.475s] -- Up-to-date: /home/point001/autoware.ai/install/autoware_msgs/share/common-lisp/ros/autoware_msgs/msg/SyncTimeMonitor.lisp
[3.475s] -- Up-to-date: /home/point001/autoware.ai/install/autoware_msgs/share/common-lisp/ros/autoware_msgs/msg/_package_ValueSet.lisp
[3.475s] -- Up-to-date: /home/point001/autoware.ai/install/autoware_msgs/share/common-lisp/ros/autoware_msgs/msg/Waypoint.lisp
[3.475s] -- Up-to-date: /home/point001/autoware.ai/install/autoware_msgs/share/common-lisp/ros/autoware_msgs/msg/_package_TrafficLightResult.lisp
[3.475s] -- Up-to-date: /home/point001/autoware.ai/install/autoware_msgs/share/common-lisp/ros/autoware_msgs/msg/_package_CloudCluster.lisp
[3.475s] -- Up-to-date: /home/point001/autoware.ai/install/autoware_msgs/share/common-lisp/ros/autoware_msgs/msg/autoware_msgs-msg.asd
[3.475s] -- Up-to-date: /home/point001/autoware.ai/install/autoware_msgs/share/common-lisp/ros/autoware_msgs/msg/ExtractedPosition.lisp
[3.475s] -- Up-to-date: /home/point001/autoware.ai/install/autoware_msgs/share/common-lisp/ros/autoware_msgs/msg/_package_SyncTimeDiff.lisp
[3.475s] -- Up-to-date: /home/point001/autoware.ai/install/autoware_msgs/share/common-lisp/ros/autoware_msgs/msg/SteerCmd.lisp
[3.475s] -- Up-to-date: /home/point001/autoware.ai/install/autoware_msgs/share/common-lisp/ros/autoware_msgs/msg/_package_PointsImage.lisp
[3.475s] -- Up-to-date: /home/point001/autoware.ai/install/autoware_msgs/share/common-lisp/ros/autoware_msgs/msg/TrafficLightResult.lisp
[3.475s] -- Up-to-date: /home/point001/autoware.ai/install/autoware_msgs/share/common-lisp/ros/autoware_msgs/msg/AdjustXY.lisp
[3.476s] -- Up-to-date: /home/point001/autoware.ai/install/autoware_msgs/share/common-lisp/ros/autoware_msgs/msg/DTLane.lisp
[3.476s] -- Up-to-date: /home/point001/autoware.ai/install/autoware_msgs/share/common-lisp/ros/autoware_msgs/msg/AccelCmd.lisp
[3.476s] -- Up-to-date: /home/point001/autoware.ai/install/autoware_msgs/share/common-lisp/ros/autoware_msgs/msg/_package_VehicleCmd.lisp
[3.476s] -- Up-to-date: /home/point001/autoware.ai/install/autoware_msgs/share/common-lisp/ros/autoware_msgs/msg/_package_LampCmd.lisp
[3.476s] -- Up-to-date: /home/point001/autoware.ai/install/autoware_msgs/share/common-lisp/ros/autoware_msgs/msg/_package_State.lisp
[3.476s] -- Up-to-date: /home/point001/autoware.ai/install/autoware_msgs/share/common-lisp/ros/autoware_msgs/msg/_package_TrafficLight.lisp
[3.476s] -- Up-to-date: /home/point001/autoware.ai/install/autoware_msgs/share/common-lisp/ros/autoware_msgs/msg/BrakeCmd.lisp
[3.476s] -- Up-to-date: /home/point001/autoware.ai/install/autoware_msgs/share/common-lisp/ros/autoware_msgs/msg/Gear.lisp
[3.476s] -- Up-to-date: /home/point001/autoware.ai/install/autoware_msgs/share/common-lisp/ros/autoware_msgs/msg/StateCmd.lisp
[3.476s] -- Up-to-date: /home/point001/autoware.ai/install/autoware_msgs/share/common-lisp/ros/autoware_msgs/msg/_package_ObjPose.lisp
[3.476s] -- Up-to-date: /home/point001/autoware.ai/install/autoware_msgs/share/common-lisp/ros/autoware_msgs/msg/ProjectionMatrix.lisp
[3.476s] -- Up-to-date: /home/point001/autoware.ai/install/autoware_msgs/share/common-lisp/ros/autoware_msgs/msg/_package_RemoteCmd.lisp
[3.476s] -- Up-to-date: /home/point001/autoware.ai/install/autoware_msgs/share/common-lisp/ros/autoware_msgs/msg/ImageLaneObjects.lisp
[3.476s] -- Up-to-date: /home/point001/autoware.ai/install/autoware_msgs/share/common-lisp/ros/autoware_msgs/msg/_package_SteerCmd.lisp
[3.476s] -- Up-to-date: /home/point001/autoware.ai/install/autoware_msgs/share/common-lisp/ros/autoware_msgs/msg/_package_ControlCommand.lisp
[3.476s] -- Up-to-date: /home/point001/autoware.ai/install/autoware_msgs/share/common-lisp/ros/autoware_msgs/msg/VscanTracked.lisp
[3.476s] -- Up-to-date: /home/point001/autoware.ai/install/autoware_msgs/share/common-lisp/ros/autoware_msgs/msg/ObjPose.lisp
[3.477s] -- Up-to-date: /home/point001/autoware.ai/install/autoware_msgs/share/common-lisp/ros/autoware_msgs/msg/_package_Gear.lisp
[3.477s] -- Up-to-date: /home/point001/autoware.ai/install/autoware_msgs/share/common-lisp/ros/autoware_msgs/msg/_package_Waypoint.lisp
[3.477s] -- Up-to-date: /home/point001/autoware.ai/install/autoware_msgs/share/common-lisp/ros/autoware_msgs/msg/_package_CloudClusterArray.lisp
[3.477s] -- Up-to-date: /home/point001/autoware.ai/install/autoware_msgs/share/common-lisp/ros/autoware_msgs/msg/_package_ObjLabel.lisp
[3.477s] -- Up-to-date: /home/point001/autoware.ai/install/autoware_msgs/share/common-lisp/ros/autoware_msgs/msg/_package_ImageRect.lisp
[3.477s] -- Up-to-date: /home/point001/autoware.ai/install/autoware_msgs/share/common-lisp/ros/autoware_msgs/msg/NDTStat.lisp
[3.477s] -- Up-to-date: /home/point001/autoware.ai/install/autoware_msgs/share/common-lisp/ros/autoware_msgs/msg/_package_VscanTracked.lisp
[3.477s] -- Up-to-date: /home/point001/autoware.ai/install/autoware_msgs/share/common-lisp/ros/autoware_msgs/msg/PointsImage.lisp
[3.477s] -- Up-to-date: /home/point001/autoware.ai/install/autoware_msgs/share/common-lisp/ros/autoware_msgs/msg/_package_VscanTrackedArray.lisp
[3.477s] -- Up-to-date: /home/point001/autoware.ai/install/autoware_msgs/share/common-lisp/ros/autoware_msgs/msg/_package_TunedResult.lisp
[3.477s] -- Up-to-date: /home/point001/autoware.ai/install/autoware_msgs/share/common-lisp/ros/autoware_msgs/msg/_package_ICPStat.lisp
[3.477s] -- Up-to-date: /home/point001/autoware.ai/install/autoware_msgs/share/common-lisp/ros/autoware_msgs/msg/ControlCommandStamped.lisp
[3.478s] -- Up-to-date: /home/point001/autoware.ai/install/autoware_msgs/share/common-lisp/ros/autoware_msgs/msg/_package_SyncTimeMonitor.lisp
[3.478s] -- Up-to-date: /home/point001/autoware.ai/install/autoware_msgs/share/common-lisp/ros/autoware_msgs/msg/VscanTrackedArray.lisp
[3.478s] -- Up-to-date: /home/point001/autoware.ai/install/autoware_msgs/share/common-lisp/ros/autoware_msgs/msg/_package_AdjustXY.lisp
[3.478s] -- Up-to-date: /home/point001/autoware.ai/install/autoware_msgs/share/common-lisp/ros/autoware_msgs/msg/LampCmd.lisp
[3.478s] -- Up-to-date: /home/point001/autoware.ai/install/autoware_msgs/share/common-lisp/ros/autoware_msgs/msg/State.lisp
[3.478s] -- Up-to-date: /home/point001/autoware.ai/install/autoware_msgs/share/common-lisp/ros/autoware_msgs/msg/_package_VehicleLocation.lisp
[3.478s] -- Up-to-date: /home/point001/autoware.ai/install/autoware_msgs/share/common-lisp/ros/autoware_msgs/msg/_package_BrakeCmd.lisp
[3.478s] -- Up-to-date: /home/point001/autoware.ai/install/autoware_msgs/share/gennodejs/ros/autoware_msgs
[3.478s] -- Up-to-date: /home/point001/autoware.ai/install/autoware_msgs/share/gennodejs/ros/autoware_msgs/srv
[3.478s] -- Up-to-date: /home/point001/autoware.ai/install/autoware_msgs/share/gennodejs/ros/autoware_msgs/srv/_index.js
[3.478s] -- Up-to-date: /home/point001/autoware.ai/install/autoware_msgs/share/gennodejs/ros/autoware_msgs/srv/RecognizeLightState.js
[3.478s] -- Up-to-date: /home/point001/autoware.ai/install/autoware_msgs/share/gennodejs/ros/autoware_msgs/_index.js
[3.478s] -- Up-to-date: /home/point001/autoware.ai/install/autoware_msgs/share/gennodejs/ros/autoware_msgs/msg
[3.478s] -- Up-to-date: /home/point001/autoware.ai/install/autoware_msgs/share/gennodejs/ros/autoware_msgs/msg/TrafficLightResult.js
[3.478s] -- Up-to-date: /home/point001/autoware.ai/install/autoware_msgs/share/gennodejs/ros/autoware_msgs/msg/PointsImage.js
[3.478s] -- Up-to-date: /home/point001/autoware.ai/install/autoware_msgs/share/gennodejs/ros/autoware_msgs/msg/ICPStat.js
[3.478s] -- Up-to-date: /home/point001/autoware.ai/install/autoware_msgs/share/gennodejs/ros/autoware_msgs/msg/Centroids.js
[3.479s] -- Up-to-date: /home/point001/autoware.ai/install/autoware_msgs/share/gennodejs/ros/autoware_msgs/msg/State.js
[3.479s] -- Up-to-date: /home/point001/autoware.ai/install/autoware_msgs/share/gennodejs/ros/autoware_msgs/msg/IndicatorCmd.js
[3.479s] -- Up-to-date: /home/point001/autoware.ai/install/autoware_msgs/share/gennodejs/ros/autoware_msgs/msg/VehicleStatus.js
[3.479s] -- Up-to-date: /home/point001/autoware.ai/install/autoware_msgs/share/gennodejs/ros/autoware_msgs/msg/TrafficLight.js
[3.479s] -- Up-to-date: /home/point001/autoware.ai/install/autoware_msgs/share/gennodejs/ros/autoware_msgs/msg/CloudCluster.js
[3.479s] -- Up-to-date: /home/point001/autoware.ai/install/autoware_msgs/share/gennodejs/ros/autoware_msgs/msg/_index.js
[3.479s] -- Up-to-date: /home/point001/autoware.ai/install/autoware_msgs/share/gennodejs/ros/autoware_msgs/msg/ExtractedPosition.js
[3.479s] -- Up-to-date: /home/point001/autoware.ai/install/autoware_msgs/share/gennodejs/ros/autoware_msgs/msg/LampCmd.js
[3.479s] -- Up-to-date: /home/point001/autoware.ai/install/autoware_msgs/share/gennodejs/ros/autoware_msgs/msg/ImageRect.js
[3.479s] -- Up-to-date: /home/point001/autoware.ai/install/autoware_msgs/share/gennodejs/ros/autoware_msgs/msg/CloudClusterArray.js
[3.479s] -- Up-to-date: /home/point001/autoware.ai/install/autoware_msgs/share/gennodejs/ros/autoware_msgs/msg/Signals.js
[3.479s] -- Up-to-date: /home/point001/autoware.ai/install/autoware_msgs/share/gennodejs/ros/autoware_msgs/msg/DTLane.js
[3.479s] -- Up-to-date: /home/point001/autoware.ai/install/autoware_msgs/share/gennodejs/ros/autoware_msgs/msg/DetectedObject.js
[3.479s] -- Up-to-date: /home/point001/autoware.ai/install/autoware_msgs/share/gennodejs/ros/autoware_msgs/msg/RemoteCmd.js
[3.479s] -- Up-to-date: /home/point001/autoware.ai/install/autoware_msgs/share/gennodejs/ros/autoware_msgs/msg/WaypointState.js
[3.479s] -- Up-to-date: /home/point001/autoware.ai/install/autoware_msgs/share/gennodejs/ros/autoware_msgs/msg/ImageRectRanged.js
[3.480s] -- Up-to-date: /home/point001/autoware.ai/install/autoware_msgs/share/gennodejs/ros/autoware_msgs/msg/VehicleCmd.js
[3.480s] -- Up-to-date: /home/point001/autoware.ai/install/autoware_msgs/share/gennodejs/ros/autoware_msgs/msg/ImageObjTracked.js
[3.480s] -- Up-to-date: /home/point001/autoware.ai/install/autoware_msgs/share/gennodejs/ros/autoware_msgs/msg/ObjLabel.js
[3.480s] -- Up-to-date: /home/point001/autoware.ai/install/autoware_msgs/share/gennodejs/ros/autoware_msgs/msg/AdjustXY.js
[3.480s] -- Up-to-date: /home/point001/autoware.ai/install/autoware_msgs/share/gennodejs/ros/autoware_msgs/msg/StateCmd.js
[3.480s] -- Up-to-date: /home/point001/autoware.ai/install/autoware_msgs/share/gennodejs/ros/autoware_msgs/msg/NDTStat.js
[3.480s] -- Up-to-date: /home/point001/autoware.ai/install/autoware_msgs/share/gennodejs/ros/autoware_msgs/msg/ControlCommand.js
[3.480s] -- Up-to-date: /home/point001/autoware.ai/install/autoware_msgs/share/gennodejs/ros/autoware_msgs/msg/Lane.js
[3.480s] -- Up-to-date: /home/point001/autoware.ai/install/autoware_msgs/share/gennodejs/ros/autoware_msgs/msg/ImageObjRanged.js
[3.480s] -- Up-to-date: /home/point001/autoware.ai/install/autoware_msgs/share/gennodejs/ros/autoware_msgs/msg/ScanImage.js
[3.480s] -- Up-to-date: /home/point001/autoware.ai/install/autoware_msgs/share/gennodejs/ros/autoware_msgs/msg/ValueSet.js
[3.480s] -- Up-to-date: /home/point001/autoware.ai/install/autoware_msgs/share/gennodejs/ros/autoware_msgs/msg/ControlCommandStamped.js
[3.480s] -- Up-to-date: /home/point001/autoware.ai/install/autoware_msgs/share/gennodejs/ros/autoware_msgs/msg/ColorSet.js
[3.480s] -- Up-to-date: /home/point001/autoware.ai/install/autoware_msgs/share/gennodejs/ros/autoware_msgs/msg/SteerCmd.js
[3.480s] -- Up-to-date: /home/point001/autoware.ai/install/autoware_msgs/share/gennodejs/ros/autoware_msgs/msg/TunedResult.js
[3.480s] -- Up-to-date: /home/point001/autoware.ai/install/autoware_msgs/share/gennodejs/ros/autoware_msgs/msg/ImageLaneObjects.js
[3.480s] -- Up-to-date: /home/point001/autoware.ai/install/autoware_msgs/share/gennodejs/ros/autoware_msgs/msg/VscanTrackedArray.js
[3.481s] -- Up-to-date: /home/point001/autoware.ai/install/autoware_msgs/share/gennodejs/ros/autoware_msgs/msg/DetectedObjectArray.js
[3.481s] -- Up-to-date: /home/point001/autoware.ai/install/autoware_msgs/share/gennodejs/ros/autoware_msgs/msg/ImageObj.js
[3.481s] -- Up-to-date: /home/point001/autoware.ai/install/autoware_msgs/share/gennodejs/ros/autoware_msgs/msg/BrakeCmd.js
[3.481s] -- Up-to-date: /home/point001/autoware.ai/install/autoware_msgs/share/gennodejs/ros/autoware_msgs/msg/LaneArray.js
[3.481s] -- Up-to-date: /home/point001/autoware.ai/install/autoware_msgs/share/gennodejs/ros/autoware_msgs/msg/ObjPose.js
[3.481s] -- Up-to-date: /home/point001/autoware.ai/install/autoware_msgs/share/gennodejs/ros/autoware_msgs/msg/Waypoint.js
[3.481s] -- Up-to-date: /home/point001/autoware.ai/install/autoware_msgs/share/gennodejs/ros/autoware_msgs/msg/SyncTimeMonitor.js
[3.481s] -- Up-to-date: /home/point001/autoware.ai/install/autoware_msgs/share/gennodejs/ros/autoware_msgs/msg/Gear.js
[3.481s] -- Up-to-date: /home/point001/autoware.ai/install/autoware_msgs/share/gennodejs/ros/autoware_msgs/msg/AccelCmd.js
[3.481s] -- Up-to-date: /home/point001/autoware.ai/install/autoware_msgs/share/gennodejs/ros/autoware_msgs/msg/ProjectionMatrix.js
[3.481s] -- Up-to-date: /home/point001/autoware.ai/install/autoware_msgs/share/gennodejs/ros/autoware_msgs/msg/TrafficLightResultArray.js
[3.481s] -- Up-to-date: /home/point001/autoware.ai/install/autoware_msgs/share/gennodejs/ros/autoware_msgs/msg/VscanTracked.js
[3.481s] -- Up-to-date: /home/point001/autoware.ai/install/autoware_msgs/share/gennodejs/ros/autoware_msgs/msg/VehicleLocation.js
[3.481s] -- Up-to-date: /home/point001/autoware.ai/install/autoware_msgs/share/gennodejs/ros/autoware_msgs/msg/SyncTimeDiff.js
[3.481s] -- Up-to-date: /home/point001/autoware.ai/install/autoware_msgs/share/gennodejs/ros/autoware_msgs/msg/ImageObjects.js
[3.481s] -- Up-to-date: /home/point001/autoware.ai/install/autoware_msgs/share/gennodejs/ros/autoware_msgs/msg/GeometricRectangle.js
[3.506s] Listing /home/point001/autoware.ai/build/autoware_msgs/devel/lib/python2.7/dist-packages/autoware_msgs ...
[3.506s] Listing /home/point001/autoware.ai/build/autoware_msgs/devel/lib/python2.7/dist-packages/autoware_msgs/msg ...
[3.506s] Listing /home/point001/autoware.ai/build/autoware_msgs/devel/lib/python2.7/dist-packages/autoware_msgs/srv ...
[3.506s] -- Up-to-date: /home/point001/autoware.ai/install/autoware_msgs/lib/python2.7/dist-packages/autoware_msgs
[3.506s] -- Up-to-date: /home/point001/autoware.ai/install/autoware_msgs/lib/python2.7/dist-packages/autoware_msgs/srv
[3.506s] -- Up-to-date: /home/point001/autoware.ai/install/autoware_msgs/lib/python2.7/dist-packages/autoware_msgs/srv/_RecognizeLightState.pyc
[3.506s] -- Up-to-date: /home/point001/autoware.ai/install/autoware_msgs/lib/python2.7/dist-packages/autoware_msgs/srv/_RecognizeLightState.py
[3.506s] -- Up-to-date: /home/point001/autoware.ai/install/autoware_msgs/lib/python2.7/dist-packages/autoware_msgs/srv/__init__.py
[3.506s] -- Up-to-date: /home/point001/autoware.ai/install/autoware_msgs/lib/python2.7/dist-packages/autoware_msgs/srv/__init__.pyc
[3.506s] -- Up-to-date: /home/point001/autoware.ai/install/autoware_msgs/lib/python2.7/dist-packages/autoware_msgs/msg
[3.506s] -- Up-to-date: /home/point001/autoware.ai/install/autoware_msgs/lib/python2.7/dist-packages/autoware_msgs/msg/_ScanImage.py
[3.506s] -- Up-to-date: /home/point001/autoware.ai/install/autoware_msgs/lib/python2.7/dist-packages/autoware_msgs/msg/_ImageObj.py
[3.507s] -- Up-to-date: /home/point001/autoware.ai/install/autoware_msgs/lib/python2.7/dist-packages/autoware_msgs/msg/_SteerCmd.py
[3.507s] -- Up-to-date: /home/point001/autoware.ai/install/autoware_msgs/lib/python2.7/dist-packages/autoware_msgs/msg/_ExtractedPosition.py
[3.507s] -- Up-to-date: /home/point001/autoware.ai/install/autoware_msgs/lib/python2.7/dist-packages/autoware_msgs/msg/_ControlCommand.pyc
[3.507s] -- Up-to-date: /home/point001/autoware.ai/install/autoware_msgs/lib/python2.7/dist-packages/autoware_msgs/msg/_CloudCluster.py
[3.507s] -- Up-to-date: /home/point001/autoware.ai/install/autoware_msgs/lib/python2.7/dist-packages/autoware_msgs/msg/_ImageRectRanged.py
[3.507s] -- Up-to-date: /home/point001/autoware.ai/install/autoware_msgs/lib/python2.7/dist-packages/autoware_msgs/msg/_CloudClusterArray.py
[3.507s] -- Up-to-date: /home/point001/autoware.ai/install/autoware_msgs/lib/python2.7/dist-packages/autoware_msgs/msg/_DTLane.pyc
[3.507s] -- Up-to-date: /home/point001/autoware.ai/install/autoware_msgs/lib/python2.7/dist-packages/autoware_msgs/msg/_VehicleLocation.pyc
[3.507s] -- Up-to-date: /home/point001/autoware.ai/install/autoware_msgs/lib/python2.7/dist-packages/autoware_msgs/msg/_StateCmd.py
[3.507s] -- Up-to-date: /home/point001/autoware.ai/install/autoware_msgs/lib/python2.7/dist-packages/autoware_msgs/msg/_ImageRect.py
[3.507s] -- Up-to-date: /home/point001/autoware.ai/install/autoware_msgs/lib/python2.7/dist-packages/autoware_msgs/msg/_ImageLaneObjects.py
[3.507s] -- Up-to-date: /home/point001/autoware.ai/install/autoware_msgs/lib/python2.7/dist-packages/autoware_msgs/msg/_VscanTrackedArray.py
[3.507s] -- Up-to-date: /home/point001/autoware.ai/install/autoware_msgs/lib/python2.7/dist-packages/autoware_msgs/msg/_ObjPose.pyc
[3.507s] -- Up-to-date: /home/point001/autoware.ai/install/autoware_msgs/lib/python2.7/dist-packages/autoware_msgs/msg/_ValueSet.pyc
[3.507s] -- Up-to-date: /home/point001/autoware.ai/install/autoware_msgs/lib/python2.7/dist-packages/autoware_msgs/msg/_TrafficLightResultArray.py
[3.507s] -- Up-to-date: /home/point001/autoware.ai/install/autoware_msgs/lib/python2.7/dist-packages/autoware_msgs/msg/_ControlCommandStamped.pyc
[3.507s] -- Up-to-date: /home/point001/autoware.ai/install/autoware_msgs/lib/python2.7/dist-packages/autoware_msgs/msg/_DetectedObjectArray.pyc
[3.508s] -- Up-to-date: /home/point001/autoware.ai/install/autoware_msgs/lib/python2.7/dist-packages/autoware_msgs/msg/_TrafficLightResult.py
[3.508s] -- Up-to-date: /home/point001/autoware.ai/install/autoware_msgs/lib/python2.7/dist-packages/autoware_msgs/msg/_LampCmd.pyc
[3.508s] -- Up-to-date: /home/point001/autoware.ai/install/autoware_msgs/lib/python2.7/dist-packages/autoware_msgs/msg/_ImageLaneObjects.pyc
[3.508s] -- Up-to-date: /home/point001/autoware.ai/install/autoware_msgs/lib/python2.7/dist-packages/autoware_msgs/msg/_AccelCmd.pyc
[3.508s] -- Up-to-date: /home/point001/autoware.ai/install/autoware_msgs/lib/python2.7/dist-packages/autoware_msgs/msg/_ImageObjects.py
[3.508s] -- Up-to-date: /home/point001/autoware.ai/install/autoware_msgs/lib/python2.7/dist-packages/autoware_msgs/msg/_SyncTimeMonitor.py
[3.508s] -- Up-to-date: /home/point001/autoware.ai/install/autoware_msgs/lib/python2.7/dist-packages/autoware_msgs/msg/_VscanTracked.pyc
[3.508s] -- Up-to-date: /home/point001/autoware.ai/install/autoware_msgs/lib/python2.7/dist-packages/autoware_msgs/msg/_GeometricRectangle.pyc
[3.508s] -- Up-to-date: /home/point001/autoware.ai/install/autoware_msgs/lib/python2.7/dist-packages/autoware_msgs/msg/_Gear.py
[3.508s] -- Up-to-date: /home/point001/autoware.ai/install/autoware_msgs/lib/python2.7/dist-packages/autoware_msgs/msg/_ColorSet.pyc
[3.508s] -- Up-to-date: /home/point001/autoware.ai/install/autoware_msgs/lib/python2.7/dist-packages/autoware_msgs/msg/_PointsImage.pyc
[3.508s] -- Up-to-date: /home/point001/autoware.ai/install/autoware_msgs/lib/python2.7/dist-packages/autoware_msgs/msg/_State.py
[3.508s] -- Up-to-date: /home/point001/autoware.ai/install/autoware_msgs/lib/python2.7/dist-packages/autoware_msgs/msg/_BrakeCmd.py
[3.508s] -- Up-to-date: /home/point001/autoware.ai/install/autoware_msgs/lib/python2.7/dist-packages/autoware_msgs/msg/_TrafficLightResult.pyc
[3.508s] -- Up-to-date: /home/point001/autoware.ai/install/autoware_msgs/lib/python2.7/dist-packages/autoware_msgs/msg/_SyncTimeDiff.py
[3.508s] -- Up-to-date: /home/point001/autoware.ai/install/autoware_msgs/lib/python2.7/dist-packages/autoware_msgs/msg/_LampCmd.py
[3.508s] -- Up-to-date: /home/point001/autoware.ai/install/autoware_msgs/lib/python2.7/dist-packages/autoware_msgs/msg/_Signals.pyc
[3.509s] -- Up-to-date: /home/point001/autoware.ai/install/autoware_msgs/lib/python2.7/dist-packages/autoware_msgs/msg/_TunedResult.pyc
[3.509s] -- Up-to-date: /home/point001/autoware.ai/install/autoware_msgs/lib/python2.7/dist-packages/autoware_msgs/msg/_DetectedObject.pyc
[3.509s] -- Up-to-date: /home/point001/autoware.ai/install/autoware_msgs/lib/python2.7/dist-packages/autoware_msgs/msg/_RemoteCmd.py
[3.509s] -- Up-to-date: /home/point001/autoware.ai/install/autoware_msgs/lib/python2.7/dist-packages/autoware_msgs/msg/_ImageObjects.pyc
[3.509s] -- Up-to-date: /home/point001/autoware.ai/install/autoware_msgs/lib/python2.7/dist-packages/autoware_msgs/msg/_ControlCommandStamped.py
[3.509s] -- Up-to-date: /home/point001/autoware.ai/install/autoware_msgs/lib/python2.7/dist-packages/autoware_msgs/msg/_State.pyc
[3.509s] -- Up-to-date: /home/point001/autoware.ai/install/autoware_msgs/lib/python2.7/dist-packages/autoware_msgs/msg/_ObjLabel.pyc
[3.509s] -- Up-to-date: /home/point001/autoware.ai/install/autoware_msgs/lib/python2.7/dist-packages/autoware_msgs/msg/_VehicleLocation.py
[3.509s] -- Up-to-date: /home/point001/autoware.ai/install/autoware_msgs/lib/python2.7/dist-packages/autoware_msgs/msg/_TunedResult.py
[3.509s] -- Up-to-date: /home/point001/autoware.ai/install/autoware_msgs/lib/python2.7/dist-packages/autoware_msgs/msg/_GeometricRectangle.py
[3.509s] -- Up-to-date: /home/point001/autoware.ai/install/autoware_msgs/lib/python2.7/dist-packages/autoware_msgs/msg/_ImageRect.pyc
[3.509s] -- Up-to-date: /home/point001/autoware.ai/install/autoware_msgs/lib/python2.7/dist-packages/autoware_msgs/msg/_ControlCommand.py
[3.509s] -- Up-to-date: /home/point001/autoware.ai/install/autoware_msgs/lib/python2.7/dist-packages/autoware_msgs/msg/__init__.py
[3.509s] -- Up-to-date: /home/point001/autoware.ai/install/autoware_msgs/lib/python2.7/dist-packages/autoware_msgs/msg/_CloudClusterArray.pyc
[3.509s] -- Up-to-date: /home/point001/autoware.ai/install/autoware_msgs/lib/python2.7/dist-packages/autoware_msgs/msg/_IndicatorCmd.pyc
[3.509s] -- Up-to-date: /home/point001/autoware.ai/install/autoware_msgs/lib/python2.7/dist-packages/autoware_msgs/msg/_DetectedObjectArray.py
[3.509s] -- Up-to-date: /home/point001/autoware.ai/install/autoware_msgs/lib/python2.7/dist-packages/autoware_msgs/msg/_DTLane.py
[3.509s] -- Up-to-date: /home/point001/autoware.ai/install/autoware_msgs/lib/python2.7/dist-packages/autoware_msgs/msg/_ImageObjTracked.pyc
[3.510s] -- Up-to-date: /home/point001/autoware.ai/install/autoware_msgs/lib/python2.7/dist-packages/autoware_msgs/msg/_ImageObjRanged.pyc
[3.510s] -- Up-to-date: /home/point001/autoware.ai/install/autoware_msgs/lib/python2.7/dist-packages/autoware_msgs/msg/_Signals.py
[3.510s] -- Up-to-date: /home/point001/autoware.ai/install/autoware_msgs/lib/python2.7/dist-packages/autoware_msgs/msg/_WaypointState.py
[3.510s] -- Up-to-date: /home/point001/autoware.ai/install/autoware_msgs/lib/python2.7/dist-packages/autoware_msgs/msg/_VehicleCmd.py
[3.510s] -- Up-to-date: /home/point001/autoware.ai/install/autoware_msgs/lib/python2.7/dist-packages/autoware_msgs/msg/_Waypoint.pyc
[3.510s] -- Up-to-date: /home/point001/autoware.ai/install/autoware_msgs/lib/python2.7/dist-packages/autoware_msgs/msg/_IndicatorCmd.py
[3.510s] -- Up-to-date: /home/point001/autoware.ai/install/autoware_msgs/lib/python2.7/dist-packages/autoware_msgs/msg/_ImageRectRanged.pyc
[3.510s] -- Up-to-date: /home/point001/autoware.ai/install/autoware_msgs/lib/python2.7/dist-packages/autoware_msgs/msg/_ProjectionMatrix.py
[3.510s] -- Up-to-date: /home/point001/autoware.ai/install/autoware_msgs/lib/python2.7/dist-packages/autoware_msgs/msg/_Waypoint.py
[3.510s] -- Up-to-date: /home/point001/autoware.ai/install/autoware_msgs/lib/python2.7/dist-packages/autoware_msgs/msg/_TrafficLight.py
[3.510s] -- Up-to-date: /home/point001/autoware.ai/install/autoware_msgs/lib/python2.7/dist-packages/autoware_msgs/msg/_ColorSet.py
[3.510s] -- Up-to-date: /home/point001/autoware.ai/install/autoware_msgs/lib/python2.7/dist-packages/autoware_msgs/msg/_SteerCmd.pyc
[3.510s] -- Up-to-date: /home/point001/autoware.ai/install/autoware_msgs/lib/python2.7/dist-packages/autoware_msgs/msg/_VscanTracked.py
[3.510s] -- Up-to-date: /home/point001/autoware.ai/install/autoware_msgs/lib/python2.7/dist-packages/autoware_msgs/msg/_Centroids.py
[3.510s] -- Up-to-date: /home/point001/autoware.ai/install/autoware_msgs/lib/python2.7/dist-packages/autoware_msgs/msg/_ICPStat.pyc
[3.510s] -- Up-to-date: /home/point001/autoware.ai/install/autoware_msgs/lib/python2.7/dist-packages/autoware_msgs/msg/_NDTStat.pyc
[3.510s] -- Up-to-date: /home/point001/autoware.ai/install/autoware_msgs/lib/python2.7/dist-packages/autoware_msgs/msg/_ObjLabel.py
[3.511s] -- Up-to-date: /home/point001/autoware.ai/install/autoware_msgs/lib/python2.7/dist-packages/autoware_msgs/msg/_PointsImage.py
[3.511s] -- Up-to-date: /home/point001/autoware.ai/install/autoware_msgs/lib/python2.7/dist-packages/autoware_msgs/msg/_LaneArray.py
[3.511s] -- Up-to-date: /home/point001/autoware.ai/install/autoware_msgs/lib/python2.7/dist-packages/autoware_msgs/msg/_LaneArray.pyc
[3.511s] -- Up-to-date: /home/point001/autoware.ai/install/autoware_msgs/lib/python2.7/dist-packages/autoware_msgs/msg/_VehicleStatus.py
[3.511s] -- Up-to-date: /home/point001/autoware.ai/install/autoware_msgs/lib/python2.7/dist-packages/autoware_msgs/msg/_DetectedObject.py
[3.511s] -- Up-to-date: /home/point001/autoware.ai/install/autoware_msgs/lib/python2.7/dist-packages/autoware_msgs/msg/_ObjPose.py
[3.511s] -- Up-to-date: /home/point001/autoware.ai/install/autoware_msgs/lib/python2.7/dist-packages/autoware_msgs/msg/_Centroids.pyc
[3.511s] -- Up-to-date: /home/point001/autoware.ai/install/autoware_msgs/lib/python2.7/dist-packages/autoware_msgs/msg/_ImageObj.pyc
[3.511s] -- Up-to-date: /home/point001/autoware.ai/install/autoware_msgs/lib/python2.7/dist-packages/autoware_msgs/msg/_ICPStat.py
[3.511s] -- Up-to-date: /home/point001/autoware.ai/install/autoware_msgs/lib/python2.7/dist-packages/autoware_msgs/msg/_SyncTimeMonitor.pyc
[3.511s] -- Up-to-date: /home/point001/autoware.ai/install/autoware_msgs/lib/python2.7/dist-packages/autoware_msgs/msg/_TrafficLightResultArray.pyc
[3.511s] -- Up-to-date: /home/point001/autoware.ai/install/autoware_msgs/lib/python2.7/dist-packages/autoware_msgs/msg/_ValueSet.py
[3.511s] -- Up-to-date: /home/point001/autoware.ai/install/autoware_msgs/lib/python2.7/dist-packages/autoware_msgs/msg/__init__.pyc
[3.511s] -- Up-to-date: /home/point001/autoware.ai/install/autoware_msgs/lib/python2.7/dist-packages/autoware_msgs/msg/_ExtractedPosition.pyc
[3.511s] -- Up-to-date: /home/point001/autoware.ai/install/autoware_msgs/lib/python2.7/dist-packages/autoware_msgs/msg/_Lane.py
[3.511s] -- Up-to-date: /home/point001/autoware.ai/install/autoware_msgs/lib/python2.7/dist-packages/autoware_msgs/msg/_AdjustXY.py
[3.512s] -- Up-to-date: /home/point001/autoware.ai/install/autoware_msgs/lib/python2.7/dist-packages/autoware_msgs/msg/_CloudCluster.pyc
[3.512s] -- Up-to-date: /home/point001/autoware.ai/install/autoware_msgs/lib/python2.7/dist-packages/autoware_msgs/msg/_ScanImage.pyc
[3.512s] -- Up-to-date: /home/point001/autoware.ai/install/autoware_msgs/lib/python2.7/dist-packages/autoware_msgs/msg/_VscanTrackedArray.pyc
[3.512s] -- Up-to-date: /home/point001/autoware.ai/install/autoware_msgs/lib/python2.7/dist-packages/autoware_msgs/msg/_NDTStat.py
[3.512s] -- Up-to-date: /home/point001/autoware.ai/install/autoware_msgs/lib/python2.7/dist-packages/autoware_msgs/msg/_RemoteCmd.pyc
[3.512s] -- Up-to-date: /home/point001/autoware.ai/install/autoware_msgs/lib/python2.7/dist-packages/autoware_msgs/msg/_ImageObjRanged.py
[3.512s] -- Up-to-date: /home/point001/autoware.ai/install/autoware_msgs/lib/python2.7/dist-packages/autoware_msgs/msg/_TrafficLight.pyc
[3.512s] -- Up-to-date: /home/point001/autoware.ai/install/autoware_msgs/lib/python2.7/dist-packages/autoware_msgs/msg/_AccelCmd.py
[3.512s] -- Up-to-date: /home/point001/autoware.ai/install/autoware_msgs/lib/python2.7/dist-packages/autoware_msgs/msg/_AdjustXY.pyc
[3.512s] -- Up-to-date: /home/point001/autoware.ai/install/autoware_msgs/lib/python2.7/dist-packages/autoware_msgs/msg/_StateCmd.pyc
[3.512s] -- Up-to-date: /home/point001/autoware.ai/install/autoware_msgs/lib/python2.7/dist-packages/autoware_msgs/msg/_Lane.pyc
[3.512s] -- Up-to-date: /home/point001/autoware.ai/install/autoware_msgs/lib/python2.7/dist-packages/autoware_msgs/msg/_SyncTimeDiff.pyc
[3.512s] -- Up-to-date: /home/point001/autoware.ai/install/autoware_msgs/lib/python2.7/dist-packages/autoware_msgs/msg/_VehicleStatus.pyc
[3.512s] -- Up-to-date: /home/point001/autoware.ai/install/autoware_msgs/lib/python2.7/dist-packages/autoware_msgs/msg/_VehicleCmd.pyc
[3.512s] -- Up-to-date: /home/point001/autoware.ai/install/autoware_msgs/lib/python2.7/dist-packages/autoware_msgs/msg/_ImageObjTracked.py
[3.512s] -- Up-to-date: /home/point001/autoware.ai/install/autoware_msgs/lib/python2.7/dist-packages/autoware_msgs/msg/_ProjectionMatrix.pyc
[3.512s] -- Up-to-date: /home/point001/autoware.ai/install/autoware_msgs/lib/python2.7/dist-packages/autoware_msgs/msg/_Gear.pyc
[3.512s] -- Up-to-date: /home/point001/autoware.ai/install/autoware_msgs/lib/python2.7/dist-packages/autoware_msgs/msg/_BrakeCmd.pyc
[3.513s] -- Up-to-date: /home/point001/autoware.ai/install/autoware_msgs/lib/python2.7/dist-packages/autoware_msgs/msg/_WaypointState.pyc
[3.513s] -- Up-to-date: /home/point001/autoware.ai/install/autoware_msgs/lib/python2.7/dist-packages/autoware_msgs/__init__.py
[3.513s] -- Up-to-date: /home/point001/autoware.ai/install/autoware_msgs/lib/python2.7/dist-packages/autoware_msgs/__init__.pyc
[3.513s] -- Up-to-date: /home/point001/autoware.ai/install/autoware_msgs/lib/pkgconfig/autoware_msgs.pc
[3.513s] -- Up-to-date: /home/point001/autoware.ai/install/autoware_msgs/share/autoware_msgs/cmake/autoware_msgs-msg-extras.cmake
[3.513s] -- Up-to-date: /home/point001/autoware.ai/install/autoware_msgs/share/autoware_msgs/cmake/autoware_msgsConfig.cmake
[3.513s] -- Up-to-date: /home/point001/autoware.ai/install/autoware_msgs/share/autoware_msgs/cmake/autoware_msgsConfig-version.cmake
[3.513s] -- Up-to-date: /home/point001/autoware.ai/install/autoware_msgs/share/autoware_msgs/package.xml
[3.668s] Invoked command in '/home/point001/autoware.ai/build/autoware_msgs' returned '0': CONDA_PROMPT_MODIFIER=(base) /usr/bin/cmake --build /home/point001/autoware.ai/build/autoware_msgs --target install -- -j24 -l24
