[0.281s] Invoking command in '/home/point001/autoware.ai/build/autoware_connector': CMAKE_PREFIX_PATH=/home/point001/autoware.ai/install/autoware_msgs:/home/point001/autoware.ai/install/autoware_can_msgs:/home/point001/autoware.ai/install/autoware_build_flags:${CMAKE_PREFIX_PATH} PKG_CONFIG_PATH=/home/point001/autoware.ai/install/autoware_msgs/lib/x86_64-linux-gnu/pkgconfig:/home/point001/autoware.ai/install/autoware_msgs/lib/pkgconfig:/home/point001/autoware.ai/install/autoware_can_msgs/lib/x86_64-linux-gnu/pkgconfig:/home/point001/autoware.ai/install/autoware_can_msgs/lib/pkgconfig:/home/point001/autoware.ai/install/autoware_build_flags/lib/x86_64-linux-gnu/pkgconfig:/home/point001/autoware.ai/install/autoware_build_flags/lib/pkgconfig:${PKG_CONFIG_PATH} PYTHONPATH=/home/point001/autoware.ai/install/autoware_msgs/lib/python2.7/dist-packages:/home/point001/autoware.ai/install/autoware_can_msgs/lib/python2.7/dist-packages:${PYTHONPATH} ROS_PACKAGE_PATH=/home/point001/autoware.ai/install/autoware_msgs/share:/home/point001/autoware.ai/install/autoware_can_msgs/share:/home/point001/autoware.ai/install/autoware_build_flags/share:${ROS_PACKAGE_PATH} /usr/bin/cmake --build /home/point001/autoware.ai/build/autoware_connector -- -j24 -l24
[0.515s] [  0%] Built target tf2_msgs_generate_messages_lisp
[0.515s] [  0%] Built target sensor_msgs_generate_messages_nodejs
[0.516s] [  0%] Built target roscpp_generate_messages_cpp
[0.516s] [  0%] Built target tf2_msgs_generate_messages_nodejs
[0.516s] [  0%] Built target jsk_recognition_msgs_generate_messages_cpp
[0.516s] [  0%] Built target tf_generate_messages_py
[0.516s] [  0%] Built target rosgraph_msgs_generate_messages_eus
[0.516s] [  0%] Built target nav_msgs_generate_messages_nodejs
[0.516s] [  0%] Built target jsk_recognition_msgs_generate_messages_lisp
[0.516s] [  0%] Built target autoware_can_msgs_generate_messages_cpp
[0.516s] [  0%] Built target pcl_msgs_generate_messages_cpp
[0.516s] [  0%] Built target autoware_msgs_generate_messages_eus
[0.516s] [  0%] Built target sensor_msgs_generate_messages_py
[0.517s] [  0%] Built target jsk_recognition_msgs_generate_messages_eus
[0.517s] [  0%] Built target geometry_msgs_generate_messages_eus
[0.517s] [  0%] Built target autoware_msgs_generate_messages_py
[0.517s] [  0%] Built target tf2_msgs_generate_messages_cpp
[0.517s] [  0%] Built target std_msgs_generate_messages_py
[0.518s] [  0%] Built target std_msgs_generate_messages_cpp
[0.518s] [  0%] Built target autoware_msgs_generate_messages_lisp
[0.518s] [  0%] Built target autoware_can_msgs_generate_messages_nodejs
[0.518s] [  0%] Built target autoware_can_msgs_generate_messages_lisp
[0.518s] [  0%] Built target geometry_msgs_generate_messages_lisp
[0.529s] [  0%] Built target autoware_msgs_generate_messages_nodejs
[0.529s] [  0%] Built target actionlib_msgs_generate_messages_nodejs
[0.540s] [  0%] Built target jsk_recognition_msgs_generate_messages_py
[0.540s] [  0%] Built target rosgraph_msgs_generate_messages_cpp
[0.548s] [  0%] Built target jsk_footstep_msgs_generate_messages_py
[0.552s] [  0%] Built target roscpp_generate_messages_nodejs
[0.554s] [  0%] Built target autoware_can_msgs_generate_messages_py
[0.554s] [  0%] Built target std_msgs_generate_messages_eus
[0.554s] [  0%] Built target geometry_msgs_generate_messages_nodejs
[0.611s] [  0%] Built target jsk_footstep_msgs_generate_messages_eus
[0.612s] [  0%] Built target actionlib_generate_messages_cpp
[0.612s] [  0%] Built target pcl_msgs_generate_messages_eus
[0.612s] [  0%] Built target std_msgs_generate_messages_lisp
[0.612s] [  0%] Built target geometry_msgs_generate_messages_py
[0.612s] [  0%] Built target sensor_msgs_generate_messages_eus
[0.612s] [  0%] Built target sensor_msgs_generate_messages_cpp
[0.612s] [  0%] Built target autoware_msgs_generate_messages_cpp
[0.612s] [  0%] Built target actionlib_msgs_generate_messages_py
[0.612s] [  0%] Built target roscpp_generate_messages_lisp
[0.612s] [  0%] Built target nav_msgs_generate_messages_lisp
[0.612s] [  0%] Built target jsk_footstep_msgs_generate_messages_nodejs
[0.616s] [  0%] Built target jsk_recognition_msgs_generate_messages_nodejs
[0.616s] [  0%] Built target jsk_footstep_msgs_generate_messages_lisp
[0.616s] [  0%] Built target nav_msgs_generate_messages_cpp
[0.617s] [  0%] Built target actionlib_msgs_generate_messages_lisp
[0.617s] [  0%] Built target std_msgs_generate_messages_nodejs
[0.618s] [  0%] Built target rosgraph_msgs_generate_messages_lisp
[0.619s] [  0%] Built target pcl_msgs_generate_messages_nodejs
[0.622s] [  0%] Built target actionlib_msgs_generate_messages_eus
[0.644s] [  0%] Built target roscpp_generate_messages_py
[0.645s] [  0%] Built target sensor_msgs_generate_messages_lisp
[0.649s] [  0%] Built target tf2_msgs_generate_messages_eus
[0.662s] [  0%] Built target roscpp_generate_messages_eus
[0.662s] [  0%] Built target nav_msgs_generate_messages_py
[0.662s] [  0%] Built target tf_generate_messages_eus
[0.662s] [  0%] Built target actionlib_generate_messages_lisp
[0.662s] [  0%] Built target pcl_msgs_generate_messages_py
[0.662s] [  0%] Built target autoware_can_msgs_generate_messages_eus
[0.672s] [  0%] Built target tf2_msgs_generate_messages_py
[0.673s] [  0%] Built target actionlib_generate_messages_nodejs
[0.677s] [  0%] Built target geometry_msgs_generate_messages_cpp
[0.677s] [  0%] Built target jsk_footstep_msgs_generate_messages_cpp
[0.678s] [  0%] Built target tf_generate_messages_lisp
[0.679s] [  0%] Built target rosgraph_msgs_generate_messages_py
[0.684s] [  0%] Built target rosgraph_msgs_generate_messages_nodejs
[0.685s] [  0%] Built target nav_msgs_generate_messages_eus
[0.685s] [  0%] Built target tf_generate_messages_nodejs
[0.685s] [  0%] Built target pcl_msgs_generate_messages_lisp
[0.685s] [  0%] Built target actionlib_generate_messages_py
[0.685s] [  0%] Built target actionlib_msgs_generate_messages_cpp
[0.686s] [  0%] Built target actionlib_generate_messages_eus
[0.686s] [  0%] Built target tf_generate_messages_cpp
[0.710s] [ 50%] Built target can_odometry
[0.710s] [100%] Built target can_status_translator
[0.771s] Invoked command in '/home/point001/autoware.ai/build/autoware_connector' returned '0': CMAKE_PREFIX_PATH=/home/point001/autoware.ai/install/autoware_msgs:/home/point001/autoware.ai/install/autoware_can_msgs:/home/point001/autoware.ai/install/autoware_build_flags:${CMAKE_PREFIX_PATH} PKG_CONFIG_PATH=/home/point001/autoware.ai/install/autoware_msgs/lib/x86_64-linux-gnu/pkgconfig:/home/point001/autoware.ai/install/autoware_msgs/lib/pkgconfig:/home/point001/autoware.ai/install/autoware_can_msgs/lib/x86_64-linux-gnu/pkgconfig:/home/point001/autoware.ai/install/autoware_can_msgs/lib/pkgconfig:/home/point001/autoware.ai/install/autoware_build_flags/lib/x86_64-linux-gnu/pkgconfig:/home/point001/autoware.ai/install/autoware_build_flags/lib/pkgconfig:${PKG_CONFIG_PATH} PYTHONPATH=/home/point001/autoware.ai/install/autoware_msgs/lib/python2.7/dist-packages:/home/point001/autoware.ai/install/autoware_can_msgs/lib/python2.7/dist-packages:${PYTHONPATH} ROS_PACKAGE_PATH=/home/point001/autoware.ai/install/autoware_msgs/share:/home/point001/autoware.ai/install/autoware_can_msgs/share:/home/point001/autoware.ai/install/autoware_build_flags/share:${ROS_PACKAGE_PATH} /usr/bin/cmake --build /home/point001/autoware.ai/build/autoware_connector -- -j24 -l24
[1.127s] Invoking command in '/home/point001/autoware.ai/build/autoware_connector': CMAKE_PREFIX_PATH=/home/point001/autoware.ai/install/autoware_msgs:/home/point001/autoware.ai/install/autoware_can_msgs:/home/point001/autoware.ai/install/autoware_build_flags:${CMAKE_PREFIX_PATH} PKG_CONFIG_PATH=/home/point001/autoware.ai/install/autoware_msgs/lib/x86_64-linux-gnu/pkgconfig:/home/point001/autoware.ai/install/autoware_msgs/lib/pkgconfig:/home/point001/autoware.ai/install/autoware_can_msgs/lib/x86_64-linux-gnu/pkgconfig:/home/point001/autoware.ai/install/autoware_can_msgs/lib/pkgconfig:/home/point001/autoware.ai/install/autoware_build_flags/lib/x86_64-linux-gnu/pkgconfig:/home/point001/autoware.ai/install/autoware_build_flags/lib/pkgconfig:${PKG_CONFIG_PATH} PYTHONPATH=/home/point001/autoware.ai/install/autoware_msgs/lib/python2.7/dist-packages:/home/point001/autoware.ai/install/autoware_can_msgs/lib/python2.7/dist-packages:${PYTHONPATH} ROS_PACKAGE_PATH=/home/point001/autoware.ai/install/autoware_msgs/share:/home/point001/autoware.ai/install/autoware_can_msgs/share:/home/point001/autoware.ai/install/autoware_build_flags/share:${ROS_PACKAGE_PATH} /usr/bin/cmake --build /home/point001/autoware.ai/build/autoware_connector --target tests -- -j24 -l24
[1.286s] Built target tests
[1.460s] Invoked command in '/home/point001/autoware.ai/build/autoware_connector' returned '0': CMAKE_PREFIX_PATH=/home/point001/autoware.ai/install/autoware_msgs:/home/point001/autoware.ai/install/autoware_can_msgs:/home/point001/autoware.ai/install/autoware_build_flags:${CMAKE_PREFIX_PATH} PKG_CONFIG_PATH=/home/point001/autoware.ai/install/autoware_msgs/lib/x86_64-linux-gnu/pkgconfig:/home/point001/autoware.ai/install/autoware_msgs/lib/pkgconfig:/home/point001/autoware.ai/install/autoware_can_msgs/lib/x86_64-linux-gnu/pkgconfig:/home/point001/autoware.ai/install/autoware_can_msgs/lib/pkgconfig:/home/point001/autoware.ai/install/autoware_build_flags/lib/x86_64-linux-gnu/pkgconfig:/home/point001/autoware.ai/install/autoware_build_flags/lib/pkgconfig:${PKG_CONFIG_PATH} PYTHONPATH=/home/point001/autoware.ai/install/autoware_msgs/lib/python2.7/dist-packages:/home/point001/autoware.ai/install/autoware_can_msgs/lib/python2.7/dist-packages:${PYTHONPATH} ROS_PACKAGE_PATH=/home/point001/autoware.ai/install/autoware_msgs/share:/home/point001/autoware.ai/install/autoware_can_msgs/share:/home/point001/autoware.ai/install/autoware_build_flags/share:${ROS_PACKAGE_PATH} /usr/bin/cmake --build /home/point001/autoware.ai/build/autoware_connector --target tests -- -j24 -l24
[1.797s] Invoking command in '/home/point001/autoware.ai/build/autoware_connector': CMAKE_PREFIX_PATH=/home/point001/autoware.ai/install/autoware_msgs:/home/point001/autoware.ai/install/autoware_can_msgs:/home/point001/autoware.ai/install/autoware_build_flags:${CMAKE_PREFIX_PATH} PKG_CONFIG_PATH=/home/point001/autoware.ai/install/autoware_msgs/lib/x86_64-linux-gnu/pkgconfig:/home/point001/autoware.ai/install/autoware_msgs/lib/pkgconfig:/home/point001/autoware.ai/install/autoware_can_msgs/lib/x86_64-linux-gnu/pkgconfig:/home/point001/autoware.ai/install/autoware_can_msgs/lib/pkgconfig:/home/point001/autoware.ai/install/autoware_build_flags/lib/x86_64-linux-gnu/pkgconfig:/home/point001/autoware.ai/install/autoware_build_flags/lib/pkgconfig:${PKG_CONFIG_PATH} PYTHONPATH=/home/point001/autoware.ai/install/autoware_msgs/lib/python2.7/dist-packages:/home/point001/autoware.ai/install/autoware_can_msgs/lib/python2.7/dist-packages:${PYTHONPATH} ROS_PACKAGE_PATH=/home/point001/autoware.ai/install/autoware_msgs/share:/home/point001/autoware.ai/install/autoware_can_msgs/share:/home/point001/autoware.ai/install/autoware_build_flags/share:${ROS_PACKAGE_PATH} /usr/bin/cmake --build /home/point001/autoware.ai/build/autoware_connector --target install -- -j24 -l24
[1.969s] [  0%] Built target sensor_msgs_generate_messages_py
[1.969s] [  0%] Built target jsk_recognition_msgs_generate_messages_lisp
[1.970s] [  0%] Built target sensor_msgs_generate_messages_nodejs
[1.970s] [  0%] Built target geometry_msgs_generate_messages_lisp
[1.970s] [  0%] Built target autoware_can_msgs_generate_messages_lisp
[1.970s] [  0%] Built target jsk_recognition_msgs_generate_messages_cpp
[1.970s] [  0%] Built target rosgraph_msgs_generate_messages_eus
[1.970s] [  0%] Built target roscpp_generate_messages_cpp
[1.970s] [  0%] Built target tf2_msgs_generate_messages_cpp
[1.970s] [  0%] Built target actionlib_generate_messages_cpp
[1.970s] [  0%] Built target tf2_msgs_generate_messages_nodejs
[1.970s] [  0%] Built target autoware_msgs_generate_messages_eus
[1.970s] [  0%] Built target jsk_recognition_msgs_generate_messages_eus
[1.970s] [  0%] Built target geometry_msgs_generate_messages_eus
[1.970s] [  0%] Built target autoware_msgs_generate_messages_py
[1.971s] [  0%] Built target autoware_can_msgs_generate_messages_cpp
[1.971s] [  0%] Built target autoware_msgs_generate_messages_lisp
[1.977s] [  0%] Built target jsk_recognition_msgs_generate_messages_py
[1.977s] [  0%] Built target nav_msgs_generate_messages_nodejs
[1.977s] [  0%] Built target std_msgs_generate_messages_py
[1.977s] [  0%] Built target tf_generate_messages_py
[1.977s] [  0%] Built target autoware_can_msgs_generate_messages_nodejs
[1.978s] [  0%] Built target tf2_msgs_generate_messages_lisp
[1.978s] [  0%] Built target jsk_footstep_msgs_generate_messages_py
[1.978s] [  0%] Built target std_msgs_generate_messages_cpp
[1.991s] [  0%] Built target std_msgs_generate_messages_lisp
[1.991s] [  0%] Built target pcl_msgs_generate_messages_cpp
[1.991s] [  0%] Built target autoware_msgs_generate_messages_nodejs
[1.991s] [  0%] Built target std_msgs_generate_messages_eus
[1.992s] [  0%] Built target geometry_msgs_generate_messages_nodejs
[1.992s] [  0%] Built target actionlib_msgs_generate_messages_nodejs
[1.992s] [  0%] Built target geometry_msgs_generate_messages_py
[2.002s] [  0%] Built target pcl_msgs_generate_messages_nodejs
[2.002s] [  0%] Built target autoware_can_msgs_generate_messages_py
[2.002s] [  0%] Built target sensor_msgs_generate_messages_cpp
[2.003s] [  0%] Built target sensor_msgs_generate_messages_lisp
[2.003s] [  0%] Built target roscpp_generate_messages_nodejs
[2.003s] [  0%] Built target nav_msgs_generate_messages_cpp
[2.003s] [  0%] Built target sensor_msgs_generate_messages_eus
[2.004s] [  0%] Built target actionlib_msgs_generate_messages_lisp
[2.005s] [  0%] Built target jsk_footstep_msgs_generate_messages_lisp
[2.005s] [  0%] Built target pcl_msgs_generate_messages_eus
[2.005s] [  0%] Built target rosgraph_msgs_generate_messages_cpp
[2.005s] [  0%] Built target rosgraph_msgs_generate_messages_nodejs
[2.006s] [  0%] Built target jsk_footstep_msgs_generate_messages_nodejs
[2.011s] [  0%] Built target std_msgs_generate_messages_nodejs
[2.011s] [  0%] Built target nav_msgs_generate_messages_lisp
[2.011s] [  0%] Built target jsk_footstep_msgs_generate_messages_eus
[2.011s] [  0%] Built target roscpp_generate_messages_py
[2.014s] [  0%] Built target roscpp_generate_messages_eus
[2.014s] [  0%] Built target actionlib_msgs_generate_messages_py
[2.018s] [  0%] Built target rosgraph_msgs_generate_messages_lisp
[2.023s] [  0%] Built target jsk_recognition_msgs_generate_messages_nodejs
[2.023s] [  0%] Built target autoware_msgs_generate_messages_cpp
[2.031s] [  0%] Built target pcl_msgs_generate_messages_lisp
[2.031s] [  0%] Built target actionlib_generate_messages_nodejs
[2.035s] [  0%] Built target tf_generate_messages_cpp
[2.035s] [  0%] Built target autoware_can_msgs_generate_messages_eus
[2.035s] [  0%] Built target rosgraph_msgs_generate_messages_py
[2.036s] [  0%] Built target actionlib_msgs_generate_messages_eus
[2.044s] [  0%] Built target tf_generate_messages_lisp
[2.048s] [  0%] Built target roscpp_generate_messages_lisp
[2.048s] [  0%] Built target actionlib_generate_messages_py
[2.048s] [  0%] Built target actionlib_msgs_generate_messages_cpp
[2.049s] [  0%] Built target geometry_msgs_generate_messages_cpp
[2.049s] [  0%] Built target nav_msgs_generate_messages_eus
[2.054s] [  0%] Built target tf_generate_messages_eus
[2.054s] [  0%] Built target actionlib_generate_messages_eus
[2.055s] [  0%] Built target nav_msgs_generate_messages_py
[2.055s] [  0%] Built target jsk_footstep_msgs_generate_messages_cpp
[2.055s] [  0%] Built target tf2_msgs_generate_messages_eus
[2.057s] [  0%] Built target pcl_msgs_generate_messages_py
[2.058s] [  0%] Built target actionlib_generate_messages_lisp
[2.058s] [  0%] Built target tf2_msgs_generate_messages_py
[2.060s] [  0%] Built target tf_generate_messages_nodejs
[2.084s] [ 50%] Built target can_odometry
[2.084s] [100%] Built target can_status_translator
[2.101s] [36mInstall the project...[0m
[2.109s] -- Install configuration: "Release"
[2.109s] -- Up-to-date: /home/point001/autoware.ai/install/autoware_connector/lib/pkgconfig/autoware_connector.pc
[2.109s] -- Up-to-date: /home/point001/autoware.ai/install/autoware_connector/share/autoware_connector/cmake/autoware_connectorConfig.cmake
[2.109s] -- Up-to-date: /home/point001/autoware.ai/install/autoware_connector/share/autoware_connector/cmake/autoware_connectorConfig-version.cmake
[2.109s] -- Up-to-date: /home/point001/autoware.ai/install/autoware_connector/share/autoware_connector/package.xml
[2.109s] -- Up-to-date: /home/point001/autoware.ai/install/autoware_connector/lib/autoware_connector/can_status_translator
[2.109s] -- Up-to-date: /home/point001/autoware.ai/install/autoware_connector/lib/autoware_connector/can_odometry
[2.109s] -- Up-to-date: /home/point001/autoware.ai/install/autoware_connector/share/autoware_connector/launch
[2.110s] -- Up-to-date: /home/point001/autoware.ai/install/autoware_connector/share/autoware_connector/launch/can2odom.launch
[2.110s] -- Up-to-date: /home/point001/autoware.ai/install/autoware_connector/share/autoware_connector/launch/vel_pose_connect.launch
[2.336s] Invoked command in '/home/point001/autoware.ai/build/autoware_connector' returned '0': CMAKE_PREFIX_PATH=/home/point001/autoware.ai/install/autoware_msgs:/home/point001/autoware.ai/install/autoware_can_msgs:/home/point001/autoware.ai/install/autoware_build_flags:${CMAKE_PREFIX_PATH} PKG_CONFIG_PATH=/home/point001/autoware.ai/install/autoware_msgs/lib/x86_64-linux-gnu/pkgconfig:/home/point001/autoware.ai/install/autoware_msgs/lib/pkgconfig:/home/point001/autoware.ai/install/autoware_can_msgs/lib/x86_64-linux-gnu/pkgconfig:/home/point001/autoware.ai/install/autoware_can_msgs/lib/pkgconfig:/home/point001/autoware.ai/install/autoware_build_flags/lib/x86_64-linux-gnu/pkgconfig:/home/point001/autoware.ai/install/autoware_build_flags/lib/pkgconfig:${PKG_CONFIG_PATH} PYTHONPATH=/home/point001/autoware.ai/install/autoware_msgs/lib/python2.7/dist-packages:/home/point001/autoware.ai/install/autoware_can_msgs/lib/python2.7/dist-packages:${PYTHONPATH} ROS_PACKAGE_PATH=/home/point001/autoware.ai/install/autoware_msgs/share:/home/point001/autoware.ai/install/autoware_can_msgs/share:/home/point001/autoware.ai/install/autoware_build_flags/share:${ROS_PACKAGE_PATH} /usr/bin/cmake --build /home/point001/autoware.ai/build/autoware_connector --target install -- -j24 -l24
