[0.322s] Invoking command in '/home/point001/autoware.ai/build/road_occupancy_processor': CMAKE_PREFIX_PATH=/home/point001/autoware.ai/install/vector_map:/home/point001/autoware.ai/install/vector_map_msgs:/home/point001/autoware.ai/install/autoware_build_flags:${CMAKE_PREFIX_PATH} LD_LIBRARY_PATH=/home/point001/autoware.ai/install/vector_map/lib:/opt/ros/melodic/lib:/usr/local/cuda-10.0/lib64 PKG_CONFIG_PATH=/home/point001/autoware.ai/install/vector_map/lib/x86_64-linux-gnu/pkgconfig:/home/point001/autoware.ai/install/vector_map/lib/pkgconfig:/home/point001/autoware.ai/install/vector_map_msgs/lib/x86_64-linux-gnu/pkgconfig:/home/point001/autoware.ai/install/vector_map_msgs/lib/pkgconfig:/home/point001/autoware.ai/install/autoware_build_flags/lib/x86_64-linux-gnu/pkgconfig:/home/point001/autoware.ai/install/autoware_build_flags/lib/pkgconfig:${PKG_CONFIG_PATH} PYTHONPATH=/home/point001/autoware.ai/install/vector_map_msgs/lib/python2.7/dist-packages:${PYTHONPATH} ROS_PACKAGE_PATH=/home/point001/autoware.ai/install/vector_map/share:/home/point001/autoware.ai/install/vector_map_msgs/share:/home/point001/autoware.ai/install/autoware_build_flags/share:${ROS_PACKAGE_PATH} /usr/bin/cmake --build /home/point001/autoware.ai/build/road_occupancy_processor -- -j24 -l24
[0.562s] [  0%] Built target dynamic_reconfigure_generate_messages_eus
[0.571s] [  0%] Built target grid_map_msgs_generate_messages_cpp
[0.571s] [  0%] Built target grid_map_msgs_generate_messages_eus
[0.575s] [  0%] Built target bond_generate_messages_eus
[0.577s] [  0%] Built target vector_map_msgs_generate_messages_cpp
[0.582s] [  0%] Built target nodelet_generate_messages_cpp
[0.592s] [  0%] Built target pcl_ros_gencfg
[0.596s] [  0%] Built target pcl_msgs_generate_messages_eus
[0.598s] [  0%] Built target bond_generate_messages_cpp
[0.605s] [  0%] Built target grid_map_msgs_generate_messages_nodejs
[0.607s] [  0%] Built target vector_map_msgs_generate_messages_eus
[0.608s] [  0%] Built target nodelet_generate_messages_nodejs
[0.617s] [  0%] Built target nodelet_generate_messages_eus
[0.617s] [  0%] Built target dynamic_reconfigure_generate_messages_nodejs
[0.617s] [  0%] Built target roscpp_generate_messages_py
[0.617s] [  0%] Built target dynamic_reconfigure_generate_messages_py
[0.619s] [  0%] Built target bond_generate_messages_nodejs
[0.620s] [  0%] Built target dynamic_reconfigure_generate_messages_lisp
[0.620s] [  0%] Built target nodelet_generate_messages_lisp
[0.628s] [  0%] Built target vector_map_msgs_generate_messages_lisp
[0.630s] [  0%] Built target std_msgs_generate_messages_py
[0.633s] [  0%] Built target bond_generate_messages_lisp
[0.639s] [  0%] Built target vector_map_msgs_generate_messages_nodejs
[0.640s] [  0%] Built target vector_map_msgs_generate_messages_py
[0.645s] [  0%] Built target bond_generate_messages_py
[0.647s] [  0%] Built target geometry_msgs_generate_messages_eus
[0.652s] [  0%] Built target rosgraph_msgs_generate_messages_lisp
[0.669s] [  0%] Built target actionlib_msgs_generate_messages_lisp
[0.673s] [  0%] Built target rosgraph_msgs_generate_messages_eus
[0.676s] [  0%] Built target rosgraph_msgs_generate_messages_cpp
[0.685s] [  0%] Built target std_srvs_generate_messages_cpp
[0.689s] [  0%] Built target grid_map_msgs_generate_messages_lisp
[0.690s] [  0%] Built target topic_tools_generate_messages_cpp
[0.705s] [  0%] Built target sensor_msgs_generate_messages_lisp
[0.706s] [  0%] Built target nav_msgs_generate_messages_cpp
[0.720s] [  0%] Built target std_msgs_generate_messages_nodejs
[0.745s] [  0%] Built target std_msgs_generate_messages_cpp
[0.745s] [  0%] Built target roscpp_generate_messages_cpp
[0.745s] [  0%] Built target geometry_msgs_generate_messages_lisp
[0.746s] [  0%] Built target sensor_msgs_generate_messages_py
[0.746s] [  0%] Built target visualization_msgs_generate_messages_lisp
[0.747s] [  0%] Built target rosgraph_msgs_generate_messages_nodejs
[0.750s] [  0%] Built target sensor_msgs_generate_messages_nodejs
[0.751s] [  0%] Built target actionlib_generate_messages_cpp
[0.754s] [  0%] Built target roscpp_generate_messages_lisp
[0.756s] [  0%] Built target std_msgs_generate_messages_eus
[0.762s] [  0%] Built target visualization_msgs_generate_messages_nodejs
[0.775s] [  0%] Built target nodelet_generate_messages_py
[0.781s] [  0%] Built target geometry_msgs_generate_messages_nodejs
[0.793s] [  0%] Built target roscpp_generate_messages_nodejs
[0.803s] [  0%] Built target std_srvs_generate_messages_eus
[0.815s] [  0%] Built target std_msgs_generate_messages_lisp
[0.824s] [  0%] Built target tf_generate_messages_py
[0.826s] [  0%] Built target geometry_msgs_generate_messages_py
[0.835s] [  0%] Built target nav_msgs_generate_messages_nodejs
[0.836s] [  0%] Built target dynamic_reconfigure_generate_messages_cpp
[0.839s] [  0%] Built target grid_map_msgs_generate_messages_py
[0.848s] [  0%] Built target sensor_msgs_generate_messages_eus
[0.857s] [  0%] Built target sensor_msgs_generate_messages_cpp
[0.859s] [  0%] Built target nav_msgs_generate_messages_lisp
[0.862s] [  0%] Built target pcl_msgs_generate_messages_nodejs
[0.865s] [  0%] Built target actionlib_msgs_generate_messages_eus
[0.885s] [  0%] Built target geometry_msgs_generate_messages_cpp
[0.886s] [  0%] Built target actionlib_generate_messages_lisp
[0.886s] [  0%] Built target std_srvs_generate_messages_lisp
[0.886s] [  0%] Built target topic_tools_generate_messages_py
[0.887s] [  0%] Built target topic_tools_generate_messages_nodejs
[0.887s] [  0%] Built target roscpp_generate_messages_eus
[0.896s] [  0%] Built target tf_generate_messages_eus
[0.898s] [  0%] Built target std_srvs_generate_messages_nodejs
[0.899s] [  0%] Built target actionlib_msgs_generate_messages_nodejs
[0.899s] [  0%] Built target nodelet_topic_tools_gencfg
[0.900s] [  0%] Built target tf_generate_messages_lisp
[0.907s] [  0%] Built target std_srvs_generate_messages_py
[0.908s] [  0%] Built target rosgraph_msgs_generate_messages_py
[0.915s] [  0%] Built target tf_generate_messages_cpp
[0.915s] [  0%] Built target actionlib_msgs_generate_messages_cpp
[0.921s] [  0%] Built target topic_tools_generate_messages_lisp
[0.930s] [  0%] Built target actionlib_msgs_generate_messages_py
[0.934s] [  0%] Built target tf_generate_messages_nodejs
[0.934s] [  0%] Built target topic_tools_generate_messages_eus
[0.938s] [  0%] Built target actionlib_generate_messages_eus
[0.947s] [  0%] Built target pcl_msgs_generate_messages_py
[0.958s] [  0%] Built target tf2_msgs_generate_messages_lisp
[0.958s] [  0%] Built target pcl_msgs_generate_messages_lisp
[0.962s] [  0%] Built target actionlib_generate_messages_py
[0.972s] [  0%] Built target nav_msgs_generate_messages_eus
[0.973s] [  0%] Built target tf2_msgs_generate_messages_py
[0.976s] [  0%] Built target actionlib_generate_messages_nodejs
[0.977s] [  0%] Built target nav_msgs_generate_messages_py
[0.979s] [  0%] Built target tf2_msgs_generate_messages_cpp
[0.987s] [  0%] Built target tf2_msgs_generate_messages_nodejs
[0.987s] [  0%] Built target tf2_msgs_generate_messages_eus
[0.993s] [  0%] Built target dynamic_reconfigure_gencfg
[0.998s] [  0%] Built target pcl_msgs_generate_messages_cpp
[0.999s] [  0%] Built target visualization_msgs_generate_messages_cpp
[1.000s] [  0%] Built target visualization_msgs_generate_messages_eus
[1.000s] [  0%] Built target visualization_msgs_generate_messages_py
[1.075s] [ 50%] Built target road_occupancy_processor_lib
[1.123s] [100%] Built target road_occupancy_processor
[1.255s] Invoked command in '/home/point001/autoware.ai/build/road_occupancy_processor' returned '0': CMAKE_PREFIX_PATH=/home/point001/autoware.ai/install/vector_map:/home/point001/autoware.ai/install/vector_map_msgs:/home/point001/autoware.ai/install/autoware_build_flags:${CMAKE_PREFIX_PATH} LD_LIBRARY_PATH=/home/point001/autoware.ai/install/vector_map/lib:/opt/ros/melodic/lib:/usr/local/cuda-10.0/lib64 PKG_CONFIG_PATH=/home/point001/autoware.ai/install/vector_map/lib/x86_64-linux-gnu/pkgconfig:/home/point001/autoware.ai/install/vector_map/lib/pkgconfig:/home/point001/autoware.ai/install/vector_map_msgs/lib/x86_64-linux-gnu/pkgconfig:/home/point001/autoware.ai/install/vector_map_msgs/lib/pkgconfig:/home/point001/autoware.ai/install/autoware_build_flags/lib/x86_64-linux-gnu/pkgconfig:/home/point001/autoware.ai/install/autoware_build_flags/lib/pkgconfig:${PKG_CONFIG_PATH} PYTHONPATH=/home/point001/autoware.ai/install/vector_map_msgs/lib/python2.7/dist-packages:${PYTHONPATH} ROS_PACKAGE_PATH=/home/point001/autoware.ai/install/vector_map/share:/home/point001/autoware.ai/install/vector_map_msgs/share:/home/point001/autoware.ai/install/autoware_build_flags/share:${ROS_PACKAGE_PATH} /usr/bin/cmake --build /home/point001/autoware.ai/build/road_occupancy_processor -- -j24 -l24
[1.908s] Invoking command in '/home/point001/autoware.ai/build/road_occupancy_processor': CMAKE_PREFIX_PATH=/home/point001/autoware.ai/install/vector_map:/home/point001/autoware.ai/install/vector_map_msgs:/home/point001/autoware.ai/install/autoware_build_flags:${CMAKE_PREFIX_PATH} LD_LIBRARY_PATH=/home/point001/autoware.ai/install/vector_map/lib:/opt/ros/melodic/lib:/usr/local/cuda-10.0/lib64 PKG_CONFIG_PATH=/home/point001/autoware.ai/install/vector_map/lib/x86_64-linux-gnu/pkgconfig:/home/point001/autoware.ai/install/vector_map/lib/pkgconfig:/home/point001/autoware.ai/install/vector_map_msgs/lib/x86_64-linux-gnu/pkgconfig:/home/point001/autoware.ai/install/vector_map_msgs/lib/pkgconfig:/home/point001/autoware.ai/install/autoware_build_flags/lib/x86_64-linux-gnu/pkgconfig:/home/point001/autoware.ai/install/autoware_build_flags/lib/pkgconfig:${PKG_CONFIG_PATH} PYTHONPATH=/home/point001/autoware.ai/install/vector_map_msgs/lib/python2.7/dist-packages:${PYTHONPATH} ROS_PACKAGE_PATH=/home/point001/autoware.ai/install/vector_map/share:/home/point001/autoware.ai/install/vector_map_msgs/share:/home/point001/autoware.ai/install/autoware_build_flags/share:${ROS_PACKAGE_PATH} /usr/bin/cmake --build /home/point001/autoware.ai/build/road_occupancy_processor --target tests -- -j24 -l24
[2.053s] Built target tests
[2.088s] Invoked command in '/home/point001/autoware.ai/build/road_occupancy_processor' returned '0': CMAKE_PREFIX_PATH=/home/point001/autoware.ai/install/vector_map:/home/point001/autoware.ai/install/vector_map_msgs:/home/point001/autoware.ai/install/autoware_build_flags:${CMAKE_PREFIX_PATH} LD_LIBRARY_PATH=/home/point001/autoware.ai/install/vector_map/lib:/opt/ros/melodic/lib:/usr/local/cuda-10.0/lib64 PKG_CONFIG_PATH=/home/point001/autoware.ai/install/vector_map/lib/x86_64-linux-gnu/pkgconfig:/home/point001/autoware.ai/install/vector_map/lib/pkgconfig:/home/point001/autoware.ai/install/vector_map_msgs/lib/x86_64-linux-gnu/pkgconfig:/home/point001/autoware.ai/install/vector_map_msgs/lib/pkgconfig:/home/point001/autoware.ai/install/autoware_build_flags/lib/x86_64-linux-gnu/pkgconfig:/home/point001/autoware.ai/install/autoware_build_flags/lib/pkgconfig:${PKG_CONFIG_PATH} PYTHONPATH=/home/point001/autoware.ai/install/vector_map_msgs/lib/python2.7/dist-packages:${PYTHONPATH} ROS_PACKAGE_PATH=/home/point001/autoware.ai/install/vector_map/share:/home/point001/autoware.ai/install/vector_map_msgs/share:/home/point001/autoware.ai/install/autoware_build_flags/share:${ROS_PACKAGE_PATH} /usr/bin/cmake --build /home/point001/autoware.ai/build/road_occupancy_processor --target tests -- -j24 -l24
[2.493s] Invoking command in '/home/point001/autoware.ai/build/road_occupancy_processor': CMAKE_PREFIX_PATH=/home/point001/autoware.ai/install/vector_map:/home/point001/autoware.ai/install/vector_map_msgs:/home/point001/autoware.ai/install/autoware_build_flags:${CMAKE_PREFIX_PATH} LD_LIBRARY_PATH=/home/point001/autoware.ai/install/vector_map/lib:/opt/ros/melodic/lib:/usr/local/cuda-10.0/lib64 PKG_CONFIG_PATH=/home/point001/autoware.ai/install/vector_map/lib/x86_64-linux-gnu/pkgconfig:/home/point001/autoware.ai/install/vector_map/lib/pkgconfig:/home/point001/autoware.ai/install/vector_map_msgs/lib/x86_64-linux-gnu/pkgconfig:/home/point001/autoware.ai/install/vector_map_msgs/lib/pkgconfig:/home/point001/autoware.ai/install/autoware_build_flags/lib/x86_64-linux-gnu/pkgconfig:/home/point001/autoware.ai/install/autoware_build_flags/lib/pkgconfig:${PKG_CONFIG_PATH} PYTHONPATH=/home/point001/autoware.ai/install/vector_map_msgs/lib/python2.7/dist-packages:${PYTHONPATH} ROS_PACKAGE_PATH=/home/point001/autoware.ai/install/vector_map/share:/home/point001/autoware.ai/install/vector_map_msgs/share:/home/point001/autoware.ai/install/autoware_build_flags/share:${ROS_PACKAGE_PATH} /usr/bin/cmake --build /home/point001/autoware.ai/build/road_occupancy_processor --target install -- -j24 -l24
[2.629s] [  0%] Built target dynamic_reconfigure_generate_messages_eus
[2.637s] [  0%] Built target grid_map_msgs_generate_messages_nodejs
[2.639s] [  0%] Built target nodelet_generate_messages_lisp
[2.639s] [  0%] Built target bond_generate_messages_py
[2.641s] [  0%] Built target pcl_msgs_generate_messages_eus
[2.656s] [  0%] Built target vector_map_msgs_generate_messages_nodejs
[2.658s] [  0%] Built target dynamic_reconfigure_generate_messages_lisp
[2.658s] [  0%] Built target vector_map_msgs_generate_messages_eus
[2.663s] [  0%] Built target bond_generate_messages_eus
[2.666s] [  0%] Built target vector_map_msgs_generate_messages_lisp
[2.666s] [  0%] Built target vector_map_msgs_generate_messages_cpp
[2.667s] [  0%] Built target nodelet_generate_messages_eus
[2.667s] [  0%] Built target nodelet_generate_messages_nodejs
[2.685s] [  0%] Built target vector_map_msgs_generate_messages_py
[2.686s] [  0%] Built target dynamic_reconfigure_generate_messages_py
[2.691s] [  0%] Built target bond_generate_messages_lisp
[2.691s] [  0%] Built target nodelet_generate_messages_cpp
[2.692s] [  0%] Built target rosgraph_msgs_generate_messages_eus
[2.698s] [  0%] Built target bond_generate_messages_cpp
[2.698s] [  0%] Built target pcl_ros_gencfg
[2.709s] [  0%] Built target geometry_msgs_generate_messages_eus
[2.709s] [  0%] Built target rosgraph_msgs_generate_messages_cpp
[2.718s] [  0%] Built target topic_tools_generate_messages_cpp
[2.718s] [  0%] Built target grid_map_msgs_generate_messages_cpp
[2.727s] [  0%] Built target rosgraph_msgs_generate_messages_nodejs
[2.743s] [  0%] Built target dynamic_reconfigure_generate_messages_nodejs
[2.743s] [  0%] Built target bond_generate_messages_nodejs
[2.748s] [  0%] Built target grid_map_msgs_generate_messages_eus
[2.748s] [  0%] Built target std_msgs_generate_messages_nodejs
[2.764s] [  0%] Built target roscpp_generate_messages_lisp
[2.766s] [  0%] Built target roscpp_generate_messages_cpp
[2.771s] [  0%] Built target std_msgs_generate_messages_py
[2.771s] [  0%] Built target grid_map_msgs_generate_messages_lisp
[2.774s] [  0%] Built target nav_msgs_generate_messages_nodejs
[2.775s] [  0%] Built target sensor_msgs_generate_messages_nodejs
[2.776s] [  0%] Built target rosgraph_msgs_generate_messages_lisp
[2.777s] [  0%] Built target roscpp_generate_messages_py
[2.779s] [  0%] Built target std_msgs_generate_messages_eus
[2.780s] [  0%] Built target actionlib_msgs_generate_messages_lisp
[2.784s] [  0%] Built target visualization_msgs_generate_messages_nodejs
[2.789s] [  0%] Built target std_srvs_generate_messages_cpp
[2.791s] [  0%] Built target geometry_msgs_generate_messages_nodejs
[2.797s] [  0%] Built target std_srvs_generate_messages_eus
[2.797s] [  0%] Built target nodelet_generate_messages_py
[2.801s] [  0%] Built target nav_msgs_generate_messages_cpp
[2.801s] [  0%] Built target sensor_msgs_generate_messages_lisp
[2.804s] [  0%] Built target std_msgs_generate_messages_cpp
[2.816s] [  0%] Built target actionlib_generate_messages_cpp
[2.818s] [  0%] Built target dynamic_reconfigure_generate_messages_cpp
[2.835s] [  0%] Built target tf_generate_messages_py
[2.837s] [  0%] Built target roscpp_generate_messages_eus
[2.841s] [  0%] Built target std_msgs_generate_messages_lisp
[2.846s] [  0%] Built target visualization_msgs_generate_messages_lisp
[2.852s] [  0%] Built target sensor_msgs_generate_messages_cpp
[2.855s] [  0%] Built target sensor_msgs_generate_messages_eus
[2.864s] [  0%] Built target actionlib_msgs_generate_messages_py
[2.870s] [  0%] Built target nav_msgs_generate_messages_lisp
[2.870s] [  0%] Built target geometry_msgs_generate_messages_lisp
[2.872s] [  0%] Built target std_srvs_generate_messages_nodejs
[2.873s] [  0%] Built target geometry_msgs_generate_messages_py
[2.875s] [  0%] Built target std_srvs_generate_messages_lisp
[2.877s] [  0%] Built target nodelet_topic_tools_gencfg
[2.879s] [  0%] Built target sensor_msgs_generate_messages_py
[2.880s] [  0%] Built target grid_map_msgs_generate_messages_py
[2.890s] [  0%] Built target topic_tools_generate_messages_nodejs
[2.890s] [  0%] Built target pcl_msgs_generate_messages_nodejs
[2.890s] [  0%] Built target roscpp_generate_messages_nodejs
[2.896s] [  0%] Built target actionlib_generate_messages_lisp
[2.897s] [  0%] Built target rosgraph_msgs_generate_messages_py
[2.897s] [  0%] Built target actionlib_msgs_generate_messages_cpp
[2.900s] [  0%] Built target topic_tools_generate_messages_lisp
[2.907s] [  0%] Built target actionlib_msgs_generate_messages_eus
[2.907s] [  0%] Built target actionlib_generate_messages_nodejs
[2.907s] [  0%] Built target tf_generate_messages_eus
[2.909s] [  0%] Built target tf_generate_messages_nodejs
[2.911s] [  0%] Built target topic_tools_generate_messages_py
[2.914s] [  0%] Built target tf_generate_messages_lisp
[2.915s] [  0%] Built target topic_tools_generate_messages_eus
[2.920s] [  0%] Built target geometry_msgs_generate_messages_cpp
[2.922s] [  0%] Built target actionlib_msgs_generate_messages_nodejs
[2.923s] [  0%] Built target std_srvs_generate_messages_py
[2.924s] [  0%] Built target pcl_msgs_generate_messages_lisp
[2.928s] [  0%] Built target actionlib_generate_messages_eus
[2.928s] [  0%] Built target actionlib_generate_messages_py
[2.929s] [  0%] Built target tf2_msgs_generate_messages_py
[2.930s] [  0%] Built target dynamic_reconfigure_gencfg
[2.931s] [  0%] Built target pcl_msgs_generate_messages_py
[2.938s] [  0%] Built target nav_msgs_generate_messages_py
[2.940s] [  0%] Built target tf2_msgs_generate_messages_lisp
[2.942s] [  0%] Built target tf_generate_messages_cpp
[2.943s] [  0%] Built target visualization_msgs_generate_messages_cpp
[2.949s] [  0%] Built target visualization_msgs_generate_messages_py
[2.950s] [  0%] Built target tf2_msgs_generate_messages_eus
[2.950s] [  0%] Built target visualization_msgs_generate_messages_eus
[2.950s] [  0%] Built target tf2_msgs_generate_messages_nodejs
[2.950s] [  0%] Built target nav_msgs_generate_messages_eus
[2.954s] [  0%] Built target tf2_msgs_generate_messages_cpp
[2.955s] [  0%] Built target pcl_msgs_generate_messages_cpp
[2.996s] [ 50%] Built target road_occupancy_processor_lib
[3.048s] [100%] Built target road_occupancy_processor
[3.091s] [36mInstall the project...[0m
[3.124s] -- Install configuration: "Release"
[3.124s] -- Up-to-date: /home/point001/autoware.ai/install/road_occupancy_processor/lib/pkgconfig/road_occupancy_processor.pc
[3.124s] -- Up-to-date: /home/point001/autoware.ai/install/road_occupancy_processor/share/road_occupancy_processor/cmake/road_occupancy_processorConfig.cmake
[3.124s] -- Up-to-date: /home/point001/autoware.ai/install/road_occupancy_processor/share/road_occupancy_processor/cmake/road_occupancy_processorConfig-version.cmake
[3.124s] -- Up-to-date: /home/point001/autoware.ai/install/road_occupancy_processor/share/road_occupancy_processor/package.xml
[3.124s] -- Up-to-date: /home/point001/autoware.ai/install/road_occupancy_processor/lib/road_occupancy_processor/road_occupancy_processor
[3.124s] -- Up-to-date: /home/point001/autoware.ai/install/road_occupancy_processor/lib/libroad_occupancy_processor_lib.so
[3.124s] -- Up-to-date: /home/point001/autoware.ai/install/road_occupancy_processor/include/road_occupancy_processor
[3.124s] -- Up-to-date: /home/point001/autoware.ai/install/road_occupancy_processor/include/road_occupancy_processor/road_occupancy_processor.h
[3.124s] -- Up-to-date: /home/point001/autoware.ai/install/road_occupancy_processor/share/road_occupancy_processor/launch
[3.124s] -- Up-to-date: /home/point001/autoware.ai/install/road_occupancy_processor/share/road_occupancy_processor/launch/road_occupancy_processor.launch
[3.169s] Invoked command in '/home/point001/autoware.ai/build/road_occupancy_processor' returned '0': CMAKE_PREFIX_PATH=/home/point001/autoware.ai/install/vector_map:/home/point001/autoware.ai/install/vector_map_msgs:/home/point001/autoware.ai/install/autoware_build_flags:${CMAKE_PREFIX_PATH} LD_LIBRARY_PATH=/home/point001/autoware.ai/install/vector_map/lib:/opt/ros/melodic/lib:/usr/local/cuda-10.0/lib64 PKG_CONFIG_PATH=/home/point001/autoware.ai/install/vector_map/lib/x86_64-linux-gnu/pkgconfig:/home/point001/autoware.ai/install/vector_map/lib/pkgconfig:/home/point001/autoware.ai/install/vector_map_msgs/lib/x86_64-linux-gnu/pkgconfig:/home/point001/autoware.ai/install/vector_map_msgs/lib/pkgconfig:/home/point001/autoware.ai/install/autoware_build_flags/lib/x86_64-linux-gnu/pkgconfig:/home/point001/autoware.ai/install/autoware_build_flags/lib/pkgconfig:${PKG_CONFIG_PATH} PYTHONPATH=/home/point001/autoware.ai/install/vector_map_msgs/lib/python2.7/dist-packages:${PYTHONPATH} ROS_PACKAGE_PATH=/home/point001/autoware.ai/install/vector_map/share:/home/point001/autoware.ai/install/vector_map_msgs/share:/home/point001/autoware.ai/install/autoware_build_flags/share:${ROS_PACKAGE_PATH} /usr/bin/cmake --build /home/point001/autoware.ai/build/road_occupancy_processor --target install -- -j24 -l24
