[0.367s] Invoking command in '/home/point001/autoware.ai/build/pos_db': CMAKE_PREFIX_PATH=/home/point001/autoware.ai/install/gnss:/home/point001/autoware.ai/install/autoware_msgs:/home/point001/autoware.ai/install/autoware_build_flags:${CMAKE_PREFIX_PATH} CONDA_PROMPT_MODIFIER=(base) LD_LIBRARY_PATH=/home/point001/autoware.ai/install/gnss/lib:/opt/ros/melodic/lib:/usr/local/cuda-10.0/lib64 PKG_CONFIG_PATH=/home/point001/autoware.ai/install/gnss/lib/x86_64-linux-gnu/pkgconfig:/home/point001/autoware.ai/install/gnss/lib/pkgconfig:/home/point001/autoware.ai/install/autoware_msgs/lib/x86_64-linux-gnu/pkgconfig:/home/point001/autoware.ai/install/autoware_msgs/lib/pkgconfig:/home/point001/autoware.ai/install/autoware_build_flags/lib/x86_64-linux-gnu/pkgconfig:/home/point001/autoware.ai/install/autoware_build_flags/lib/pkgconfig:${PKG_CONFIG_PATH} PYTHONPATH=/home/point001/autoware.ai/install/autoware_msgs/lib/python2.7/dist-packages:${PYTHONPATH} ROS_PACKAGE_PATH=/home/point001/autoware.ai/install/gnss/share:/home/point001/autoware.ai/install/autoware_msgs/share:/home/point001/autoware.ai/install/autoware_build_flags/share:${ROS_PACKAGE_PATH} /usr/bin/cmake --build /home/point001/autoware.ai/build/pos_db -- -j24 -l24
[0.589s] [  0%] Built target tf2_msgs_generate_messages_eus
[0.589s] [  0%] Built target map_msgs_generate_messages_lisp
[0.589s] [  0%] Built target rviz_generate_messages_py
[0.589s] [  0%] Built target people_msgs_generate_messages_eus
[0.589s] [  0%] Built target visualization_msgs_generate_messages_py
[0.589s] [  0%] Built target tf2_msgs_generate_messages_nodejs
[0.589s] [  0%] Built target nav_msgs_generate_messages_nodejs
[0.590s] [  0%] Built target actionlib_generate_messages_py
[0.590s] [ 42%] Built target pos_db
[0.590s] [ 42%] Built target rviz_generate_messages_eus
[0.590s] [ 42%] Built target nav_msgs_generate_messages_eus
[0.590s] [ 42%] Built target tf2_msgs_generate_messages_cpp
[0.590s] [ 42%] Built target visualization_msgs_generate_messages_cpp
[0.590s] [ 42%] Built target people_msgs_generate_messages_cpp
[0.590s] [ 42%] Built target tf_generate_messages_nodejs
[0.590s] [ 42%] Built target actionlib_generate_messages_cpp
[0.590s] [ 42%] Built target rviz_generate_messages_cpp
[0.590s] [ 42%] Built target visualization_msgs_generate_messages_nodejs
[0.590s] [ 42%] Built target visualization_msgs_generate_messages_eus
[0.591s] [ 42%] Built target tf2_msgs_generate_messages_py
[0.591s] [ 42%] Built target people_msgs_generate_messages_py
[0.591s] [ 42%] Built target std_srvs_generate_messages_py
[0.591s] [ 42%] Built target nodelet_generate_messages_eus
[0.593s] [ 42%] Built target map_msgs_generate_messages_cpp
[0.593s] [ 42%] Built target bond_generate_messages_py
[0.598s] [ 42%] Built target bond_generate_messages_nodejs
[0.598s] [ 42%] Built target bond_generate_messages_lisp
[0.601s] [ 42%] Built target people_msgs_generate_messages_lisp
[0.609s] [ 42%] Built target nodelet_generate_messages_nodejs
[0.622s] [ 42%] Built target topic_tools_generate_messages_nodejs
[0.624s] [ 42%] Built target tf_generate_messages_lisp
[0.630s] [ 42%] Built target geometry_msgs_generate_messages_py
[0.634s] [ 42%] Built target topic_tools_generate_messages_eus
[0.635s] [ 42%] Built target std_srvs_generate_messages_lisp
[0.635s] [ 42%] Built target bond_generate_messages_eus
[0.636s] [ 42%] Built target std_srvs_generate_messages_nodejs
[0.637s] [ 42%] Built target std_msgs_generate_messages_py
[0.645s] [ 42%] Built target topic_tools_generate_messages_cpp
[0.645s] [ 42%] Built target pcl_msgs_generate_messages_eus
[0.652s] [ 42%] Built target rosgraph_msgs_generate_messages_eus
[0.652s] [ 42%] Built target sensor_msgs_generate_messages_eus
[0.652s] [ 42%] Built target sensor_msgs_generate_messages_nodejs
[0.654s] [ 42%] Built target _catkin_empty_exported_target
[0.656s] [ 42%] Built target jsk_recognition_msgs_generate_messages_eus
[0.657s] [ 42%] Built target roscpp_generate_messages_cpp
[0.662s] [ 42%] Built target autoware_msgs_generate_messages_cpp
[0.670s] [ 42%] Built target bond_generate_messages_cpp
[0.676s] [ 42%] Built target tf_generate_messages_py
[0.676s] [ 42%] Built target rosgraph_msgs_generate_messages_cpp
[0.677s] [ 42%] Built target jsk_recognition_msgs_generate_messages_lisp
[0.678s] [ 42%] Built target jsk_hark_msgs_generate_messages_py
[0.679s] [ 42%] Built target sensor_msgs_generate_messages_cpp
[0.684s] [ 42%] Built target dynamic_reconfigure_generate_messages_cpp
[0.685s] [ 42%] Built target nav_msgs_generate_messages_lisp
[0.695s] [ 42%] Built target jsk_recognition_msgs_generate_messages_py
[0.715s] [ 42%] Built target pcl_msgs_generate_messages_nodejs
[0.715s] [ 42%] Built target std_srvs_generate_messages_cpp
[0.715s] [ 42%] Built target jsk_hark_msgs_generate_messages_eus
[0.715s] [ 42%] Built target sensor_msgs_generate_messages_py
[0.725s] [ 42%] Built target jsk_rviz_plugins_generate_messages_py
[0.725s] [ 42%] Built target sensor_msgs_generate_messages_lisp
[0.725s] [ 42%] Built target map_msgs_generate_messages_nodejs
[0.725s] [ 42%] Built target std_msgs_generate_messages_cpp
[0.726s] [ 42%] Built target nav_msgs_generate_messages_cpp
[0.728s] [ 42%] Built target jsk_rviz_plugins_generate_messages_eus
[0.728s] [ 42%] Built target geometry_msgs_generate_messages_eus
[0.729s] [ 42%] Built target nodelet_generate_messages_py
[0.735s] [ 42%] Built target geometry_msgs_generate_messages_nodejs
[0.739s] [ 42%] Built target topic_tools_generate_messages_py
[0.740s] [ 42%] Built target geometry_msgs_generate_messages_lisp
[0.744s] [ 42%] Built target actionlib_generate_messages_eus
[0.750s] [ 42%] Built target pcl_msgs_generate_messages_py
[0.751s] [ 42%] Built target nodelet_topic_tools_gencfg
[0.751s] [ 42%] Built target jsk_recognition_msgs_generate_messages_cpp
[0.751s] [ 42%] Built target jsk_footstep_msgs_generate_messages_py
[0.753s] [ 42%] Built target people_msgs_generate_messages_nodejs
[0.756s] [ 42%] Built target pcl_msgs_generate_messages_cpp
[0.760s] [ 42%] Built target actionlib_generate_messages_lisp
[0.760s] [ 42%] Built target autoware_msgs_generate_messages_eus
[0.766s] [ 42%] Built target dynamic_reconfigure_generate_messages_lisp
[0.769s] [ 42%] Built target topic_tools_generate_messages_lisp
[0.775s] [ 42%] Built target actionlib_msgs_generate_messages_nodejs
[0.777s] [ 42%] Built target geometry_msgs_generate_messages_cpp
[0.778s] [ 42%] Built target nodelet_generate_messages_lisp
[0.780s] [ 42%] Built target tf_generate_messages_cpp
[0.793s] [ 42%] Built target autoware_msgs_generate_messages_py
[0.793s] [ 42%] Built target std_msgs_generate_messages_nodejs
[0.794s] [ 42%] Built target rviz_generate_messages_lisp
[0.804s] [ 42%] Built target visualization_msgs_generate_messages_lisp
[0.804s] [ 42%] Built target jsk_footstep_msgs_generate_messages_lisp
[0.805s] [ 42%] Built target actionlib_msgs_generate_messages_py
[0.807s] [ 42%] Built target jsk_rviz_plugins_gencfg
[0.808s] [ 42%] Built target actionlib_msgs_generate_messages_lisp
[0.811s] [ 42%] Built target jsk_footstep_msgs_generate_messages_nodejs
[0.812s] [ 42%] Built target actionlib_generate_messages_nodejs
[0.814s] [ 42%] Built target pcl_msgs_generate_messages_lisp
[0.815s] [ 42%] Built target autoware_msgs_generate_messages_lisp
[0.816s] [ 42%] Built target jsk_footstep_msgs_generate_messages_eus
[0.817s] [ 42%] Built target autoware_msgs_generate_messages_nodejs
[0.819s] [ 42%] Built target tf_generate_messages_eus
[0.822s] [ 42%] Built target std_msgs_generate_messages_lisp
[0.827s] [ 42%] Built target actionlib_msgs_generate_messages_cpp
[0.828s] [ 42%] Built target jsk_footstep_msgs_generate_messages_cpp
[0.828s] [ 42%] Built target std_msgs_generate_messages_eus
[0.832s] [ 42%] Built target jsk_rviz_plugins_generate_messages_cpp
[0.832s] [ 42%] Built target jsk_hark_msgs_generate_messages_lisp
[0.848s] [ 42%] Built target jsk_hark_msgs_generate_messages_nodejs
[0.852s] [ 42%] Built target roscpp_generate_messages_nodejs
[0.875s] [ 42%] Built target rviz_generate_messages_nodejs
[0.876s] [ 42%] Built target map_msgs_generate_messages_py
[0.880s] [ 42%] Built target jsk_rviz_plugins_generate_messages_nodejs
[0.882s] [ 42%] Built target jsk_recognition_utils_gencfg
[0.885s] [ 42%] Built target roscpp_generate_messages_eus
[0.898s] [ 42%] Built target dynamic_reconfigure_gencfg
[0.898s] [ 42%] Built target rosgraph_msgs_generate_messages_py
[0.898s] [ 42%] Built target nav_msgs_generate_messages_py
[0.898s] [ 42%] Built target dynamic_reconfigure_generate_messages_py
[0.898s] [ 42%] Built target jsk_rviz_plugins_generate_messages_lisp
[0.899s] [ 42%] Built target roscpp_generate_messages_lisp
[0.900s] [ 42%] Built target std_srvs_generate_messages_eus
[0.902s] [ 42%] Built target actionlib_msgs_generate_messages_eus
[0.907s] [ 42%] Built target jsk_hark_msgs_generate_messages_cpp
[0.907s] [ 42%] Built target dynamic_reconfigure_generate_messages_nodejs
[0.908s] [ 42%] Built target pcl_ros_gencfg
[0.908s] [ 42%] Built target roscpp_generate_messages_py
[0.909s] [ 42%] Built target tf2_msgs_generate_messages_lisp
[0.915s] [ 42%] Built target rosgraph_msgs_generate_messages_lisp
[0.915s] [ 42%] Built target rosgraph_msgs_generate_messages_nodejs
[0.917s] [ 42%] Built target dynamic_reconfigure_generate_messages_eus
[0.920s] [ 42%] Built target jsk_recognition_msgs_generate_messages_nodejs
[0.925s] [ 42%] Built target nodelet_generate_messages_cpp
[0.953s] [ 42%] Built target map_msgs_generate_messages_eus
[0.957s] [ 71%] Built target pos_downloader
[1.010s] [100%] Built target pos_uploader
[1.096s] Invoked command in '/home/point001/autoware.ai/build/pos_db' returned '0': CMAKE_PREFIX_PATH=/home/point001/autoware.ai/install/gnss:/home/point001/autoware.ai/install/autoware_msgs:/home/point001/autoware.ai/install/autoware_build_flags:${CMAKE_PREFIX_PATH} CONDA_PROMPT_MODIFIER=(base) LD_LIBRARY_PATH=/home/point001/autoware.ai/install/gnss/lib:/opt/ros/melodic/lib:/usr/local/cuda-10.0/lib64 PKG_CONFIG_PATH=/home/point001/autoware.ai/install/gnss/lib/x86_64-linux-gnu/pkgconfig:/home/point001/autoware.ai/install/gnss/lib/pkgconfig:/home/point001/autoware.ai/install/autoware_msgs/lib/x86_64-linux-gnu/pkgconfig:/home/point001/autoware.ai/install/autoware_msgs/lib/pkgconfig:/home/point001/autoware.ai/install/autoware_build_flags/lib/x86_64-linux-gnu/pkgconfig:/home/point001/autoware.ai/install/autoware_build_flags/lib/pkgconfig:${PKG_CONFIG_PATH} PYTHONPATH=/home/point001/autoware.ai/install/autoware_msgs/lib/python2.7/dist-packages:${PYTHONPATH} ROS_PACKAGE_PATH=/home/point001/autoware.ai/install/gnss/share:/home/point001/autoware.ai/install/autoware_msgs/share:/home/point001/autoware.ai/install/autoware_build_flags/share:${ROS_PACKAGE_PATH} /usr/bin/cmake --build /home/point001/autoware.ai/build/pos_db -- -j24 -l24
[1.573s] Invoking command in '/home/point001/autoware.ai/build/pos_db': CMAKE_PREFIX_PATH=/home/point001/autoware.ai/install/gnss:/home/point001/autoware.ai/install/autoware_msgs:/home/point001/autoware.ai/install/autoware_build_flags:${CMAKE_PREFIX_PATH} CONDA_PROMPT_MODIFIER=(base) LD_LIBRARY_PATH=/home/point001/autoware.ai/install/gnss/lib:/opt/ros/melodic/lib:/usr/local/cuda-10.0/lib64 PKG_CONFIG_PATH=/home/point001/autoware.ai/install/gnss/lib/x86_64-linux-gnu/pkgconfig:/home/point001/autoware.ai/install/gnss/lib/pkgconfig:/home/point001/autoware.ai/install/autoware_msgs/lib/x86_64-linux-gnu/pkgconfig:/home/point001/autoware.ai/install/autoware_msgs/lib/pkgconfig:/home/point001/autoware.ai/install/autoware_build_flags/lib/x86_64-linux-gnu/pkgconfig:/home/point001/autoware.ai/install/autoware_build_flags/lib/pkgconfig:${PKG_CONFIG_PATH} PYTHONPATH=/home/point001/autoware.ai/install/autoware_msgs/lib/python2.7/dist-packages:${PYTHONPATH} ROS_PACKAGE_PATH=/home/point001/autoware.ai/install/gnss/share:/home/point001/autoware.ai/install/autoware_msgs/share:/home/point001/autoware.ai/install/autoware_build_flags/share:${ROS_PACKAGE_PATH} /usr/bin/cmake --build /home/point001/autoware.ai/build/pos_db --target tests -- -j24 -l24
[1.655s] Built target tests
[1.859s] Invoked command in '/home/point001/autoware.ai/build/pos_db' returned '0': CMAKE_PREFIX_PATH=/home/point001/autoware.ai/install/gnss:/home/point001/autoware.ai/install/autoware_msgs:/home/point001/autoware.ai/install/autoware_build_flags:${CMAKE_PREFIX_PATH} CONDA_PROMPT_MODIFIER=(base) LD_LIBRARY_PATH=/home/point001/autoware.ai/install/gnss/lib:/opt/ros/melodic/lib:/usr/local/cuda-10.0/lib64 PKG_CONFIG_PATH=/home/point001/autoware.ai/install/gnss/lib/x86_64-linux-gnu/pkgconfig:/home/point001/autoware.ai/install/gnss/lib/pkgconfig:/home/point001/autoware.ai/install/autoware_msgs/lib/x86_64-linux-gnu/pkgconfig:/home/point001/autoware.ai/install/autoware_msgs/lib/pkgconfig:/home/point001/autoware.ai/install/autoware_build_flags/lib/x86_64-linux-gnu/pkgconfig:/home/point001/autoware.ai/install/autoware_build_flags/lib/pkgconfig:${PKG_CONFIG_PATH} PYTHONPATH=/home/point001/autoware.ai/install/autoware_msgs/lib/python2.7/dist-packages:${PYTHONPATH} ROS_PACKAGE_PATH=/home/point001/autoware.ai/install/gnss/share:/home/point001/autoware.ai/install/autoware_msgs/share:/home/point001/autoware.ai/install/autoware_build_flags/share:${ROS_PACKAGE_PATH} /usr/bin/cmake --build /home/point001/autoware.ai/build/pos_db --target tests -- -j24 -l24
[2.445s] Invoking command in '/home/point001/autoware.ai/build/pos_db': CMAKE_PREFIX_PATH=/home/point001/autoware.ai/install/gnss:/home/point001/autoware.ai/install/autoware_msgs:/home/point001/autoware.ai/install/autoware_build_flags:${CMAKE_PREFIX_PATH} CONDA_PROMPT_MODIFIER=(base) LD_LIBRARY_PATH=/home/point001/autoware.ai/install/gnss/lib:/opt/ros/melodic/lib:/usr/local/cuda-10.0/lib64 PKG_CONFIG_PATH=/home/point001/autoware.ai/install/gnss/lib/x86_64-linux-gnu/pkgconfig:/home/point001/autoware.ai/install/gnss/lib/pkgconfig:/home/point001/autoware.ai/install/autoware_msgs/lib/x86_64-linux-gnu/pkgconfig:/home/point001/autoware.ai/install/autoware_msgs/lib/pkgconfig:/home/point001/autoware.ai/install/autoware_build_flags/lib/x86_64-linux-gnu/pkgconfig:/home/point001/autoware.ai/install/autoware_build_flags/lib/pkgconfig:${PKG_CONFIG_PATH} PYTHONPATH=/home/point001/autoware.ai/install/autoware_msgs/lib/python2.7/dist-packages:${PYTHONPATH} ROS_PACKAGE_PATH=/home/point001/autoware.ai/install/gnss/share:/home/point001/autoware.ai/install/autoware_msgs/share:/home/point001/autoware.ai/install/autoware_build_flags/share:${ROS_PACKAGE_PATH} /usr/bin/cmake --build /home/point001/autoware.ai/build/pos_db --target install -- -j24 -l24
[2.553s] [  0%] Built target nodelet_generate_messages_eus
[2.558s] [  0%] Built target people_msgs_generate_messages_lisp
[2.562s] [  0%] Built target visualization_msgs_generate_messages_cpp
[2.563s] [  0%] Built target visualization_msgs_generate_messages_py
[2.563s] [  0%] Built target rviz_generate_messages_cpp
[2.563s] [  0%] Built target map_msgs_generate_messages_lisp
[2.565s] [  0%] Built target visualization_msgs_generate_messages_nodejs
[2.565s] [  0%] Built target rviz_generate_messages_eus
[2.572s] [  0%] Built target tf2_msgs_generate_messages_eus
[2.572s] [  0%] Built target tf2_msgs_generate_messages_nodejs
[2.572s] [  0%] Built target people_msgs_generate_messages_py
[2.572s] [  0%] Built target visualization_msgs_generate_messages_eus
[2.572s] [  0%] Built target tf2_msgs_generate_messages_cpp
[2.572s] [  0%] Built target people_msgs_generate_messages_eus
[2.573s] [ 14%] Built target rviz_generate_messages_py
[2.573s] [ 42%] Built target pos_db
[2.574s] [ 42%] Built target nav_msgs_generate_messages_nodejs
[2.577s] [ 42%] Built target map_msgs_generate_messages_cpp
[2.577s] [ 42%] Built target nav_msgs_generate_messages_eus
[2.583s] [ 42%] Built target actionlib_generate_messages_cpp
[2.584s] [ 42%] Built target tf2_msgs_generate_messages_py
[2.586s] [ 42%] Built target people_msgs_generate_messages_cpp
[2.588s] [ 42%] Built target tf_generate_messages_nodejs
[2.589s] [ 42%] Built target actionlib_generate_messages_py
[2.605s] [ 42%] Built target geometry_msgs_generate_messages_py
[2.620s] [ 42%] Built target jsk_recognition_msgs_generate_messages_lisp
[2.621s] [ 42%] Built target bond_generate_messages_eus
[2.621s] [ 42%] Built target roscpp_generate_messages_cpp
[2.621s] [ 42%] Built target std_srvs_generate_messages_py
[2.621s] [ 42%] Built target nodelet_generate_messages_nodejs
[2.621s] [ 42%] Built target bond_generate_messages_py
[2.625s] [ 42%] Built target topic_tools_generate_messages_eus
[2.625s] [ 42%] Built target topic_tools_generate_messages_nodejs
[2.629s] [ 42%] Built target tf_generate_messages_lisp
[2.634s] [ 42%] Built target sensor_msgs_generate_messages_eus
[2.636s] [ 42%] Built target rosgraph_msgs_generate_messages_eus
[2.636s] [ 42%] Built target topic_tools_generate_messages_cpp
[2.636s] [ 42%] Built target jsk_recognition_msgs_generate_messages_eus
[2.636s] [ 42%] Built target sensor_msgs_generate_messages_cpp
[2.636s] [ 42%] Built target std_srvs_generate_messages_lisp
[2.644s] [ 42%] Built target bond_generate_messages_nodejs
[2.644s] [ 42%] Built target bond_generate_messages_cpp
[2.644s] [ 42%] Built target _catkin_empty_exported_target
[2.647s] [ 42%] Built target std_srvs_generate_messages_nodejs
[2.650s] [ 42%] Built target autoware_msgs_generate_messages_cpp
[2.652s] [ 42%] Built target sensor_msgs_generate_messages_nodejs
[2.652s] [ 42%] Built target bond_generate_messages_lisp
[2.655s] [ 42%] Built target pcl_msgs_generate_messages_eus
[2.656s] [ 42%] Built target std_msgs_generate_messages_py
[2.668s] [ 42%] Built target nav_msgs_generate_messages_lisp
[2.680s] [ 42%] Built target tf_generate_messages_py
[2.681s] [ 42%] Built target dynamic_reconfigure_generate_messages_cpp
[2.681s] [ 42%] Built target std_srvs_generate_messages_cpp
[2.681s] [ 42%] Built target jsk_hark_msgs_generate_messages_eus
[2.681s] [ 42%] Built target jsk_hark_msgs_generate_messages_py
[2.683s] [ 42%] Built target nav_msgs_generate_messages_cpp
[2.687s] [ 42%] Built target pcl_msgs_generate_messages_nodejs
[2.687s] [ 42%] Built target sensor_msgs_generate_messages_py
[2.693s] [ 42%] Built target topic_tools_generate_messages_py
[2.694s] [ 42%] Built target jsk_footstep_msgs_generate_messages_py
[2.695s] [ 42%] Built target jsk_recognition_msgs_generate_messages_py
[2.699s] [ 42%] Built target rosgraph_msgs_generate_messages_cpp
[2.699s] [ 42%] Built target map_msgs_generate_messages_nodejs
[2.700s] [ 42%] Built target jsk_rviz_plugins_generate_messages_py
[2.700s] [ 42%] Built target geometry_msgs_generate_messages_nodejs
[2.700s] [ 42%] Built target jsk_rviz_plugins_generate_messages_eus
[2.702s] [ 42%] Built target actionlib_msgs_generate_messages_nodejs
[2.702s] [ 42%] Built target actionlib_generate_messages_eus
[2.704s] [ 42%] Built target std_msgs_generate_messages_cpp
[2.739s] [ 42%] Built target geometry_msgs_generate_messages_eus
[2.741s] [ 42%] Built target pcl_msgs_generate_messages_cpp
[2.741s] [ 42%] Built target sensor_msgs_generate_messages_lisp
[2.746s] [ 42%] Built target pcl_msgs_generate_messages_py
[2.747s] [ 42%] Built target geometry_msgs_generate_messages_lisp
[2.747s] [ 42%] Built target nodelet_generate_messages_py
[2.754s] [ 42%] Built target nodelet_topic_tools_gencfg
[2.755s] [ 42%] Built target topic_tools_generate_messages_lisp
[2.755s] [ 42%] Built target actionlib_generate_messages_lisp
[2.755s] [ 42%] Built target autoware_msgs_generate_messages_lisp
[2.755s] [ 42%] Built target nodelet_generate_messages_lisp
[2.755s] [ 42%] Built target autoware_msgs_generate_messages_py
[2.756s] [ 42%] Built target rviz_generate_messages_lisp
[2.756s] [ 42%] Built target geometry_msgs_generate_messages_cpp
[2.757s] [ 42%] Built target jsk_recognition_msgs_generate_messages_cpp
[2.757s] [ 42%] Built target dynamic_reconfigure_generate_messages_lisp
[2.757s] [ 42%] Built target autoware_msgs_generate_messages_eus
[2.760s] [ 42%] Built target jsk_rviz_plugins_gencfg
[2.760s] [ 42%] Built target pcl_msgs_generate_messages_lisp
[2.761s] [ 42%] Built target tf_generate_messages_cpp
[2.761s] [ 42%] Built target jsk_footstep_msgs_generate_messages_eus
[2.765s] [ 42%] Built target people_msgs_generate_messages_nodejs
[2.765s] [ 42%] Built target jsk_footstep_msgs_generate_messages_lisp
[2.766s] [ 42%] Built target visualization_msgs_generate_messages_lisp
[2.766s] [ 42%] Built target autoware_msgs_generate_messages_nodejs
[2.766s] [ 42%] Built target jsk_hark_msgs_generate_messages_lisp
[2.766s] [ 42%] Built target jsk_footstep_msgs_generate_messages_nodejs
[2.766s] [ 42%] Built target actionlib_generate_messages_nodejs
[2.771s] [ 42%] Built target std_msgs_generate_messages_eus
[2.771s] [ 42%] Built target actionlib_msgs_generate_messages_py
[2.776s] [ 42%] Built target jsk_footstep_msgs_generate_messages_cpp
[2.776s] [ 42%] Built target actionlib_msgs_generate_messages_lisp
[2.783s] [ 42%] Built target std_msgs_generate_messages_nodejs
[2.783s] [ 42%] Built target tf_generate_messages_eus
[2.783s] [ 42%] Built target jsk_recognition_utils_gencfg
[2.786s] [ 42%] Built target actionlib_msgs_generate_messages_cpp
[2.794s] [ 42%] Built target roscpp_generate_messages_nodejs
[2.794s] [ 42%] Built target std_msgs_generate_messages_lisp
[2.795s] [ 42%] Built target rviz_generate_messages_nodejs
[2.798s] [ 42%] Built target jsk_hark_msgs_generate_messages_nodejs
[2.802s] [ 42%] Built target nav_msgs_generate_messages_py
[2.807s] [ 42%] Built target map_msgs_generate_messages_py
[2.807s] [ 42%] Built target roscpp_generate_messages_eus
[2.807s] [ 42%] Built target jsk_rviz_plugins_generate_messages_lisp
[2.807s] [ 42%] Built target dynamic_reconfigure_generate_messages_nodejs
[2.808s] [ 42%] Built target dynamic_reconfigure_generate_messages_eus
[2.808s] [ 42%] Built target jsk_hark_msgs_generate_messages_cpp
[2.809s] [ 42%] Built target pcl_ros_gencfg
[2.809s] [ 42%] Built target actionlib_msgs_generate_messages_eus
[2.809s] [ 42%] Built target jsk_rviz_plugins_generate_messages_cpp
[2.814s] [ 42%] Built target rosgraph_msgs_generate_messages_lisp
[2.815s] [ 42%] Built target tf2_msgs_generate_messages_lisp
[2.816s] [ 42%] Built target jsk_recognition_msgs_generate_messages_nodejs
[2.816s] [ 42%] Built target rosgraph_msgs_generate_messages_py
[2.817s] [ 42%] Built target std_srvs_generate_messages_eus
[2.817s] [ 42%] Built target dynamic_reconfigure_gencfg
[2.822s] [ 42%] Built target jsk_rviz_plugins_generate_messages_nodejs
[2.822s] [ 42%] Built target dynamic_reconfigure_generate_messages_py
[2.822s] [ 42%] Built target roscpp_generate_messages_lisp
[2.822s] [ 42%] Built target nodelet_generate_messages_cpp
[2.823s] [ 42%] Built target map_msgs_generate_messages_eus
[2.825s] [ 42%] Built target roscpp_generate_messages_py
[2.828s] [ 42%] Built target rosgraph_msgs_generate_messages_nodejs
[2.836s] [ 71%] Built target pos_downloader
[2.856s] [100%] Built target pos_uploader
[2.877s] [36mInstall the project...[0m
[2.884s] -- Install configuration: "Release"
[2.887s] -- Up-to-date: /home/point001/autoware.ai/install/pos_db/lib/pkgconfig/pos_db.pc
[2.887s] -- Up-to-date: /home/point001/autoware.ai/install/pos_db/share/pos_db/cmake/pos_dbConfig.cmake
[2.887s] -- Up-to-date: /home/point001/autoware.ai/install/pos_db/share/pos_db/cmake/pos_dbConfig-version.cmake
[2.887s] -- Up-to-date: /home/point001/autoware.ai/install/pos_db/share/pos_db/package.xml
[2.887s] -- Up-to-date: /home/point001/autoware.ai/install/pos_db/lib/pos_db/pos_downloader
[2.887s] -- Up-to-date: /home/point001/autoware.ai/install/pos_db/lib/libpos_db.so
[2.887s] -- Up-to-date: /home/point001/autoware.ai/install/pos_db/lib/pos_db/pos_uploader
[2.887s] -- Up-to-date: /home/point001/autoware.ai/install/pos_db/include/pos_db/include
[2.887s] -- Up-to-date: /home/point001/autoware.ai/install/pos_db/include/pos_db/include/pos_db.h
[2.887s] -- Up-to-date: /home/point001/autoware.ai/install/pos_db/share/pos_db/model/prius_model.dae
[3.105s] Invoked command in '/home/point001/autoware.ai/build/pos_db' returned '0': CMAKE_PREFIX_PATH=/home/point001/autoware.ai/install/gnss:/home/point001/autoware.ai/install/autoware_msgs:/home/point001/autoware.ai/install/autoware_build_flags:${CMAKE_PREFIX_PATH} CONDA_PROMPT_MODIFIER=(base) LD_LIBRARY_PATH=/home/point001/autoware.ai/install/gnss/lib:/opt/ros/melodic/lib:/usr/local/cuda-10.0/lib64 PKG_CONFIG_PATH=/home/point001/autoware.ai/install/gnss/lib/x86_64-linux-gnu/pkgconfig:/home/point001/autoware.ai/install/gnss/lib/pkgconfig:/home/point001/autoware.ai/install/autoware_msgs/lib/x86_64-linux-gnu/pkgconfig:/home/point001/autoware.ai/install/autoware_msgs/lib/pkgconfig:/home/point001/autoware.ai/install/autoware_build_flags/lib/x86_64-linux-gnu/pkgconfig:/home/point001/autoware.ai/install/autoware_build_flags/lib/pkgconfig:${PKG_CONFIG_PATH} PYTHONPATH=/home/point001/autoware.ai/install/autoware_msgs/lib/python2.7/dist-packages:${PYTHONPATH} ROS_PACKAGE_PATH=/home/point001/autoware.ai/install/gnss/share:/home/point001/autoware.ai/install/autoware_msgs/share:/home/point001/autoware.ai/install/autoware_build_flags/share:${ROS_PACKAGE_PATH} /usr/bin/cmake --build /home/point001/autoware.ai/build/pos_db --target install -- -j24 -l24
