[0.082s] Invoking command in '/home/point001/autoware.ai/build/map_file': CMAKE_PREFIX_PATH=/home/point001/autoware.ai/install/lanelet2_extension:/home/point001/autoware.ai/install/lanelet2_validation:/home/point001/autoware.ai/install/lanelet2_routing:/home/point001/autoware.ai/install/lanelet2_projection:/home/point001/autoware.ai/install/lanelet2_traffic_rules:/home/point001/autoware.ai/install/lanelet2_maps:/home/point001/autoware.ai/install/lanelet2_io:/home/point001/autoware.ai/install/vector_map:/home/point001/autoware.ai/install/lanelet2_core:/home/point001/autoware.ai/install/amathutils_lib:/home/point001/autoware.ai/install/vector_map_msgs:/home/point001/autoware.ai/install/autoware_msgs:/home/point001/autoware.ai/install/autoware_lanelet2_msgs:/home/point001/autoware.ai/install/autoware_build_flags:${CMAKE_PREFIX_PATH} CONDA_PROMPT_MODIFIER=(base) LD_LIBRARY_PATH=/home/point001/autoware.ai/install/lanelet2_extension/lib:/home/point001/autoware.ai/install/lanelet2_validation/lib:/home/point001/autoware.ai/install/lanelet2_routing/lib:/home/point001/autoware.ai/install/lanelet2_projection/lib:/home/point001/autoware.ai/install/lanelet2_traffic_rules/lib:/home/point001/autoware.ai/install/lanelet2_io/lib:/home/point001/autoware.ai/install/vector_map/lib:/home/point001/autoware.ai/install/lanelet2_core/lib:/home/point001/autoware.ai/install/amathutils_lib/lib:/opt/ros/melodic/lib:/usr/local/cuda-10.0/lib64 PKG_CONFIG_PATH=/home/point001/autoware.ai/install/lanelet2_extension/lib/x86_64-linux-gnu/pkgconfig:/home/point001/autoware.ai/install/lanelet2_extension/lib/pkgconfig:/home/point001/autoware.ai/install/lanelet2_validation/lib/x86_64-linux-gnu/pkgconfig:/home/point001/autoware.ai/install/lanelet2_validation/lib/pkgconfig:/home/point001/autoware.ai/install/lanelet2_routing/lib/x86_64-linux-gnu/pkgconfig:/home/point001/autoware.ai/install/lanelet2_routing/lib/pkgconfig:/home/point001/autoware.ai/install/lanelet2_projection/lib/x86_64-linux-gnu/pkgconfig:/home/point001/autoware.ai/install/lanelet2_projection/lib/pkgconfig:/home/point001/autoware.ai/install/lanelet2_traffic_rules/lib/x86_64-linux-gnu/pkgconfig:/home/point001/autoware.ai/install/lanelet2_traffic_rules/lib/pkgconfig:/home/point001/autoware.ai/install/lanelet2_maps/lib/x86_64-linux-gnu/pkgconfig:/home/point001/autoware.ai/install/lanelet2_maps/lib/pkgconfig:/home/point001/autoware.ai/install/lanelet2_io/lib/x86_64-linux-gnu/pkgconfig:/home/point001/autoware.ai/install/lanelet2_io/lib/pkgconfig:/home/point001/autoware.ai/install/vector_map/lib/x86_64-linux-gnu/pkgconfig:/home/point001/autoware.ai/install/vector_map/lib/pkgconfig:/home/point001/autoware.ai/install/lanelet2_core/lib/x86_64-linux-gnu/pkgconfig:/home/point001/autoware.ai/install/lanelet2_core/lib/pkgconfig:/home/point001/autoware.ai/install/amathutils_lib/lib/x86_64-linux-gnu/pkgconfig:/home/point001/autoware.ai/install/amathutils_lib/lib/pkgconfig:/home/point001/autoware.ai/install/vector_map_msgs/lib/x86_64-linux-gnu/pkgconfig:/home/point001/autoware.ai/install/vector_map_msgs/lib/pkgconfig:/home/point001/autoware.ai/install/autoware_msgs/lib/x86_64-linux-gnu/pkgconfig:/home/point001/autoware.ai/install/autoware_msgs/lib/pkgconfig:/home/point001/autoware.ai/install/autoware_lanelet2_msgs/lib/x86_64-linux-gnu/pkgconfig:/home/point001/autoware.ai/install/autoware_lanelet2_msgs/lib/pkgconfig:/home/point001/autoware.ai/install/autoware_build_flags/lib/x86_64-linux-gnu/pkgconfig:/home/point001/autoware.ai/install/autoware_build_flags/lib/pkgconfig:${PKG_CONFIG_PATH} PYTHONPATH=/home/point001/autoware.ai/install/vector_map_msgs/lib/python2.7/dist-packages:/home/point001/autoware.ai/install/autoware_msgs/lib/python2.7/dist-packages:/home/point001/autoware.ai/install/autoware_lanelet2_msgs/lib/python2.7/dist-packages:${PYTHONPATH} ROS_PACKAGE_PATH=/home/point001/autoware.ai/install/lanelet2_extension/share:/home/point001/autoware.ai/install/lanelet2_validation/share:/home/point001/autoware.ai/install/lanelet2_routing/share:/home/point001/autoware.ai/install/lanelet2_projection/share:/home/point001/autoware.ai/install/lanelet2_traffic_rules/share:/home/point001/autoware.ai/install/lanelet2_maps/share:/home/point001/autoware.ai/install/lanelet2_io/share:/home/point001/autoware.ai/install/vector_map/share:/home/point001/autoware.ai/install/lanelet2_core/share:/home/point001/autoware.ai/install/amathutils_lib/share:/home/point001/autoware.ai/install/vector_map_msgs/share:/home/point001/autoware.ai/install/autoware_msgs/share:/home/point001/autoware.ai/install/autoware_lanelet2_msgs/share:/home/point001/autoware.ai/install/autoware_build_flags/share:${ROS_PACKAGE_PATH} /usr/bin/cmake --build /home/point001/autoware.ai/build/map_file -- -j24 -l24
[0.142s] [  0%] Built target nodelet_generate_messages_nodejs
[0.143s] [  0%] Built target nodelet_generate_messages_eus
[0.149s] [  0%] Built target bond_generate_messages_nodejs
[0.150s] [  0%] Built target dynamic_reconfigure_generate_messages_lisp
[0.152s] [  0%] Built target pcl_ros_gencfg
[0.152s] [  0%] Built target bond_generate_messages_py
[0.153s] [  0%] Built target visualization_msgs_generate_messages_nodejs
[0.157s] [  0%] Built target jsk_recognition_msgs_generate_messages_lisp
[0.161s] [  0%] Built target geometry_msgs_generate_messages_py
[0.162s] [  0%] Built target roscpp_generate_messages_cpp
[0.163s] [  0%] Built target bond_generate_messages_eus
[0.163s] [  0%] Built target nodelet_generate_messages_cpp
[0.168s] [  0%] Built target pcl_msgs_generate_messages_eus
[0.168s] [  0%] Built target bond_generate_messages_cpp
[0.171s] [  0%] Built target bond_generate_messages_lisp
[0.173s] [  0%] Built target visualization_msgs_generate_messages_py
[0.173s] [  0%] Built target dynamic_reconfigure_generate_messages_py
[0.174s] [  0%] Built target vector_map_msgs_generate_messages_nodejs
[0.180s] [  0%] Built target rosgraph_msgs_generate_messages_eus
[0.182s] [  0%] Built target dynamic_reconfigure_generate_messages_nodejs
[0.192s] [  0%] Built target sensor_msgs_generate_messages_nodejs
[0.201s] [  0%] Built target dynamic_reconfigure_generate_messages_eus
[0.223s] [  0%] Built target actionlib_generate_messages_cpp
[0.224s] [  0%] Built target std_srvs_generate_messages_lisp
[0.235s] [  0%] Built target nodelet_generate_messages_py
[0.245s] [  0%] Built target tf2_msgs_generate_messages_cpp
[0.258s] [  0%] Built target _catkin_empty_exported_target
[0.260s] [  0%] Built target autoware_msgs_generate_messages_cpp
[0.265s] [  0%] Built target std_msgs_generate_messages_nodejs
[0.266s] [  0%] Built target pcl_msgs_generate_messages_nodejs
[0.269s] [  0%] Built target autoware_msgs_generate_messages_py
[0.275s] [  0%] Built target std_msgs_generate_messages_py
[0.275s] [  0%] Built target rosgraph_msgs_generate_messages_cpp
[0.294s] [  0%] Built target jsk_recognition_msgs_generate_messages_eus
[0.299s] [  0%] Built target sensor_msgs_generate_messages_eus
[0.312s] [  0%] Built target nodelet_generate_messages_lisp
[0.312s] [  0%] Built target jsk_recognition_msgs_generate_messages_py
[0.317s] [  0%] Built target jsk_footstep_msgs_generate_messages_py
[0.317s] [  0%] Built target sensor_msgs_generate_messages_cpp
[0.323s] [  0%] Built target std_srvs_generate_messages_cpp
[0.325s] [  0%] Built target tf_generate_messages_py
[0.340s] [  0%] Built target dynamic_reconfigure_generate_messages_cpp
[0.358s] [  0%] Built target topic_tools_generate_messages_py
[0.368s] [  0%] Built target std_msgs_generate_messages_cpp
[0.399s] [  0%] Built target sensor_msgs_generate_messages_py
[0.407s] [  0%] Built target autoware_msgs_generate_messages_eus
[0.407s] [  0%] Built target geometry_msgs_generate_messages_lisp
[0.408s] [  0%] Built target geometry_msgs_generate_messages_nodejs
[0.423s] [  0%] Built target geometry_msgs_generate_messages_eus
[0.423s] [  0%] Built target pcl_msgs_generate_messages_cpp
[0.428s] [  0%] Built target sensor_msgs_generate_messages_lisp
[0.435s] [  0%] Built target roscpp_generate_messages_nodejs
[0.435s] [  0%] Built target autoware_msgs_generate_messages_nodejs
[0.457s] [  0%] Built target visualization_msgs_generate_messages_lisp
[0.468s] [  0%] Built target std_msgs_generate_messages_eus
[0.468s] [  0%] Built target jsk_footstep_msgs_generate_messages_lisp
[0.477s] [  0%] Built target jsk_recognition_msgs_generate_messages_cpp
[0.478s] [  0%] Built target actionlib_msgs_generate_messages_py
[0.478s] [  0%] Built target jsk_footstep_msgs_generate_messages_eus
[0.512s] [  0%] Built target jsk_recognition_msgs_generate_messages_nodejs
[0.516s] [  0%] Built target std_srvs_generate_messages_eus
[0.517s] [  0%] Built target tf_generate_messages_lisp
[0.519s] [  0%] Built target jsk_footstep_msgs_generate_messages_nodejs
[0.523s] [  0%] Built target jsk_footstep_msgs_generate_messages_cpp
[0.527s] [  0%] Built target autoware_msgs_generate_messages_lisp
[0.531s] [  0%] Built target std_msgs_generate_messages_lisp
[0.551s] [  0%] Built target tf_generate_messages_eus
[0.552s] [  0%] Built target actionlib_msgs_generate_messages_lisp
[0.553s] [  0%] Built target actionlib_msgs_generate_messages_cpp
[0.567s] [  0%] Built target autoware_lanelet2_msgs_generate_messages_cpp
[0.569s] [  0%] Built target autoware_lanelet2_msgs_generate_messages_py
[0.593s] [  0%] Built target rosgraph_msgs_generate_messages_py
[0.596s] [  0%] Built target rosgraph_msgs_generate_messages_lisp
[0.609s] [  0%] Built target tf_generate_messages_nodejs
[0.615s] [  0%] Built target pcl_msgs_generate_messages_py
[0.624s] [  0%] Built target roscpp_generate_messages_lisp
[0.638s] [  0%] Built target actionlib_generate_messages_eus
[0.643s] [  0%] Built target nodelet_topic_tools_gencfg
[0.646s] [  0%] Built target dynamic_reconfigure_gencfg
[0.649s] [  0%] Built target tf_generate_messages_cpp
[0.652s] [  0%] Built target tf2_msgs_generate_messages_lisp
[0.663s] [  0%] Built target actionlib_generate_messages_lisp
[0.663s] [  0%] Built target topic_tools_generate_messages_lisp
[0.663s] [  0%] Built target actionlib_generate_messages_nodejs
[0.668s] [  0%] Built target actionlib_generate_messages_py
[0.672s] [  0%] Built target actionlib_msgs_generate_messages_nodejs
[0.676s] [  0%] Built target geometry_msgs_generate_messages_cpp
[0.703s] [  0%] Built target visualization_msgs_generate_messages_eus
[0.705s] [  0%] Built target pcl_msgs_generate_messages_lisp
[0.705s] [  0%] Built target autoware_lanelet2_msgs_generate_messages_lisp
[0.711s] [  0%] Built target tf2_msgs_generate_messages_eus
[0.738s] [  0%] Built target tf2_msgs_generate_messages_nodejs
[0.745s] [  0%] Built target visualization_msgs_generate_messages_cpp
[0.750s] [  0%] Built target actionlib_msgs_generate_messages_eus
[0.750s] [  0%] Built target roscpp_generate_messages_py
[0.751s] [  0%] Built target autoware_lanelet2_msgs_generate_messages_eus
[0.756s] [  0%] Built target autoware_lanelet2_msgs_generate_messages_nodejs
[0.763s] [  0%] Built target std_srvs_generate_messages_py
[0.765s] [  0%] Built target tf2_msgs_generate_messages_py
[0.777s] [  0%] Built target vector_map_msgs_generate_messages_py
[0.785s] [  0%] Built target topic_tools_generate_messages_cpp
[0.795s] [  0%] Built target topic_tools_generate_messages_nodejs
[0.801s] [  0%] Built target vector_map_msgs_generate_messages_eus
[0.809s] [  0%] Built target roscpp_generate_messages_eus
[0.812s] [  0%] Built target vector_map_msgs_generate_messages_cpp
[0.830s] [  0%] Built target vector_map_msgs_generate_messages_lisp
[0.832s] [  0%] Built target std_srvs_generate_messages_nodejs
[0.834s] [  0%] Built target rosgraph_msgs_generate_messages_nodejs
[0.847s] [ 15%] Built target get_file
[0.857s] [ 15%] Built target topic_tools_generate_messages_eus
[0.934s] [ 30%] Built target vector_map_loader
[0.943s] [ 46%] Built target lanelet2_map_loader
[0.951s] [ 61%] Built target lanelet2_map_visualization
[0.952s] [ 84%] Built target points_map_filter
[0.953s] [100%] Built target points_map_loader
[0.970s] Invoked command in '/home/point001/autoware.ai/build/map_file' returned '0': CMAKE_PREFIX_PATH=/home/point001/autoware.ai/install/lanelet2_extension:/home/point001/autoware.ai/install/lanelet2_validation:/home/point001/autoware.ai/install/lanelet2_routing:/home/point001/autoware.ai/install/lanelet2_projection:/home/point001/autoware.ai/install/lanelet2_traffic_rules:/home/point001/autoware.ai/install/lanelet2_maps:/home/point001/autoware.ai/install/lanelet2_io:/home/point001/autoware.ai/install/vector_map:/home/point001/autoware.ai/install/lanelet2_core:/home/point001/autoware.ai/install/amathutils_lib:/home/point001/autoware.ai/install/vector_map_msgs:/home/point001/autoware.ai/install/autoware_msgs:/home/point001/autoware.ai/install/autoware_lanelet2_msgs:/home/point001/autoware.ai/install/autoware_build_flags:${CMAKE_PREFIX_PATH} CONDA_PROMPT_MODIFIER=(base) LD_LIBRARY_PATH=/home/point001/autoware.ai/install/lanelet2_extension/lib:/home/point001/autoware.ai/install/lanelet2_validation/lib:/home/point001/autoware.ai/install/lanelet2_routing/lib:/home/point001/autoware.ai/install/lanelet2_projection/lib:/home/point001/autoware.ai/install/lanelet2_traffic_rules/lib:/home/point001/autoware.ai/install/lanelet2_io/lib:/home/point001/autoware.ai/install/vector_map/lib:/home/point001/autoware.ai/install/lanelet2_core/lib:/home/point001/autoware.ai/install/amathutils_lib/lib:/opt/ros/melodic/lib:/usr/local/cuda-10.0/lib64 PKG_CONFIG_PATH=/home/point001/autoware.ai/install/lanelet2_extension/lib/x86_64-linux-gnu/pkgconfig:/home/point001/autoware.ai/install/lanelet2_extension/lib/pkgconfig:/home/point001/autoware.ai/install/lanelet2_validation/lib/x86_64-linux-gnu/pkgconfig:/home/point001/autoware.ai/install/lanelet2_validation/lib/pkgconfig:/home/point001/autoware.ai/install/lanelet2_routing/lib/x86_64-linux-gnu/pkgconfig:/home/point001/autoware.ai/install/lanelet2_routing/lib/pkgconfig:/home/point001/autoware.ai/install/lanelet2_projection/lib/x86_64-linux-gnu/pkgconfig:/home/point001/autoware.ai/install/lanelet2_projection/lib/pkgconfig:/home/point001/autoware.ai/install/lanelet2_traffic_rules/lib/x86_64-linux-gnu/pkgconfig:/home/point001/autoware.ai/install/lanelet2_traffic_rules/lib/pkgconfig:/home/point001/autoware.ai/install/lanelet2_maps/lib/x86_64-linux-gnu/pkgconfig:/home/point001/autoware.ai/install/lanelet2_maps/lib/pkgconfig:/home/point001/autoware.ai/install/lanelet2_io/lib/x86_64-linux-gnu/pkgconfig:/home/point001/autoware.ai/install/lanelet2_io/lib/pkgconfig:/home/point001/autoware.ai/install/vector_map/lib/x86_64-linux-gnu/pkgconfig:/home/point001/autoware.ai/install/vector_map/lib/pkgconfig:/home/point001/autoware.ai/install/lanelet2_core/lib/x86_64-linux-gnu/pkgconfig:/home/point001/autoware.ai/install/lanelet2_core/lib/pkgconfig:/home/point001/autoware.ai/install/amathutils_lib/lib/x86_64-linux-gnu/pkgconfig:/home/point001/autoware.ai/install/amathutils_lib/lib/pkgconfig:/home/point001/autoware.ai/install/vector_map_msgs/lib/x86_64-linux-gnu/pkgconfig:/home/point001/autoware.ai/install/vector_map_msgs/lib/pkgconfig:/home/point001/autoware.ai/install/autoware_msgs/lib/x86_64-linux-gnu/pkgconfig:/home/point001/autoware.ai/install/autoware_msgs/lib/pkgconfig:/home/point001/autoware.ai/install/autoware_lanelet2_msgs/lib/x86_64-linux-gnu/pkgconfig:/home/point001/autoware.ai/install/autoware_lanelet2_msgs/lib/pkgconfig:/home/point001/autoware.ai/install/autoware_build_flags/lib/x86_64-linux-gnu/pkgconfig:/home/point001/autoware.ai/install/autoware_build_flags/lib/pkgconfig:${PKG_CONFIG_PATH} PYTHONPATH=/home/point001/autoware.ai/install/vector_map_msgs/lib/python2.7/dist-packages:/home/point001/autoware.ai/install/autoware_msgs/lib/python2.7/dist-packages:/home/point001/autoware.ai/install/autoware_lanelet2_msgs/lib/python2.7/dist-packages:${PYTHONPATH} ROS_PACKAGE_PATH=/home/point001/autoware.ai/install/lanelet2_extension/share:/home/point001/autoware.ai/install/lanelet2_validation/share:/home/point001/autoware.ai/install/lanelet2_routing/share:/home/point001/autoware.ai/install/lanelet2_projection/share:/home/point001/autoware.ai/install/lanelet2_traffic_rules/share:/home/point001/autoware.ai/install/lanelet2_maps/share:/home/point001/autoware.ai/install/lanelet2_io/share:/home/point001/autoware.ai/install/vector_map/share:/home/point001/autoware.ai/install/lanelet2_core/share:/home/point001/autoware.ai/install/amathutils_lib/share:/home/point001/autoware.ai/install/vector_map_msgs/share:/home/point001/autoware.ai/install/autoware_msgs/share:/home/point001/autoware.ai/install/autoware_lanelet2_msgs/share:/home/point001/autoware.ai/install/autoware_build_flags/share:${ROS_PACKAGE_PATH} /usr/bin/cmake --build /home/point001/autoware.ai/build/map_file -- -j24 -l24
[1.069s] Invoking command in '/home/point001/autoware.ai/build/map_file': CMAKE_PREFIX_PATH=/home/point001/autoware.ai/install/lanelet2_extension:/home/point001/autoware.ai/install/lanelet2_validation:/home/point001/autoware.ai/install/lanelet2_routing:/home/point001/autoware.ai/install/lanelet2_projection:/home/point001/autoware.ai/install/lanelet2_traffic_rules:/home/point001/autoware.ai/install/lanelet2_maps:/home/point001/autoware.ai/install/lanelet2_io:/home/point001/autoware.ai/install/vector_map:/home/point001/autoware.ai/install/lanelet2_core:/home/point001/autoware.ai/install/amathutils_lib:/home/point001/autoware.ai/install/vector_map_msgs:/home/point001/autoware.ai/install/autoware_msgs:/home/point001/autoware.ai/install/autoware_lanelet2_msgs:/home/point001/autoware.ai/install/autoware_build_flags:${CMAKE_PREFIX_PATH} CONDA_PROMPT_MODIFIER=(base) LD_LIBRARY_PATH=/home/point001/autoware.ai/install/lanelet2_extension/lib:/home/point001/autoware.ai/install/lanelet2_validation/lib:/home/point001/autoware.ai/install/lanelet2_routing/lib:/home/point001/autoware.ai/install/lanelet2_projection/lib:/home/point001/autoware.ai/install/lanelet2_traffic_rules/lib:/home/point001/autoware.ai/install/lanelet2_io/lib:/home/point001/autoware.ai/install/vector_map/lib:/home/point001/autoware.ai/install/lanelet2_core/lib:/home/point001/autoware.ai/install/amathutils_lib/lib:/opt/ros/melodic/lib:/usr/local/cuda-10.0/lib64 PKG_CONFIG_PATH=/home/point001/autoware.ai/install/lanelet2_extension/lib/x86_64-linux-gnu/pkgconfig:/home/point001/autoware.ai/install/lanelet2_extension/lib/pkgconfig:/home/point001/autoware.ai/install/lanelet2_validation/lib/x86_64-linux-gnu/pkgconfig:/home/point001/autoware.ai/install/lanelet2_validation/lib/pkgconfig:/home/point001/autoware.ai/install/lanelet2_routing/lib/x86_64-linux-gnu/pkgconfig:/home/point001/autoware.ai/install/lanelet2_routing/lib/pkgconfig:/home/point001/autoware.ai/install/lanelet2_projection/lib/x86_64-linux-gnu/pkgconfig:/home/point001/autoware.ai/install/lanelet2_projection/lib/pkgconfig:/home/point001/autoware.ai/install/lanelet2_traffic_rules/lib/x86_64-linux-gnu/pkgconfig:/home/point001/autoware.ai/install/lanelet2_traffic_rules/lib/pkgconfig:/home/point001/autoware.ai/install/lanelet2_maps/lib/x86_64-linux-gnu/pkgconfig:/home/point001/autoware.ai/install/lanelet2_maps/lib/pkgconfig:/home/point001/autoware.ai/install/lanelet2_io/lib/x86_64-linux-gnu/pkgconfig:/home/point001/autoware.ai/install/lanelet2_io/lib/pkgconfig:/home/point001/autoware.ai/install/vector_map/lib/x86_64-linux-gnu/pkgconfig:/home/point001/autoware.ai/install/vector_map/lib/pkgconfig:/home/point001/autoware.ai/install/lanelet2_core/lib/x86_64-linux-gnu/pkgconfig:/home/point001/autoware.ai/install/lanelet2_core/lib/pkgconfig:/home/point001/autoware.ai/install/amathutils_lib/lib/x86_64-linux-gnu/pkgconfig:/home/point001/autoware.ai/install/amathutils_lib/lib/pkgconfig:/home/point001/autoware.ai/install/vector_map_msgs/lib/x86_64-linux-gnu/pkgconfig:/home/point001/autoware.ai/install/vector_map_msgs/lib/pkgconfig:/home/point001/autoware.ai/install/autoware_msgs/lib/x86_64-linux-gnu/pkgconfig:/home/point001/autoware.ai/install/autoware_msgs/lib/pkgconfig:/home/point001/autoware.ai/install/autoware_lanelet2_msgs/lib/x86_64-linux-gnu/pkgconfig:/home/point001/autoware.ai/install/autoware_lanelet2_msgs/lib/pkgconfig:/home/point001/autoware.ai/install/autoware_build_flags/lib/x86_64-linux-gnu/pkgconfig:/home/point001/autoware.ai/install/autoware_build_flags/lib/pkgconfig:${PKG_CONFIG_PATH} PYTHONPATH=/home/point001/autoware.ai/install/vector_map_msgs/lib/python2.7/dist-packages:/home/point001/autoware.ai/install/autoware_msgs/lib/python2.7/dist-packages:/home/point001/autoware.ai/install/autoware_lanelet2_msgs/lib/python2.7/dist-packages:${PYTHONPATH} ROS_PACKAGE_PATH=/home/point001/autoware.ai/install/lanelet2_extension/share:/home/point001/autoware.ai/install/lanelet2_validation/share:/home/point001/autoware.ai/install/lanelet2_routing/share:/home/point001/autoware.ai/install/lanelet2_projection/share:/home/point001/autoware.ai/install/lanelet2_traffic_rules/share:/home/point001/autoware.ai/install/lanelet2_maps/share:/home/point001/autoware.ai/install/lanelet2_io/share:/home/point001/autoware.ai/install/vector_map/share:/home/point001/autoware.ai/install/lanelet2_core/share:/home/point001/autoware.ai/install/amathutils_lib/share:/home/point001/autoware.ai/install/vector_map_msgs/share:/home/point001/autoware.ai/install/autoware_msgs/share:/home/point001/autoware.ai/install/autoware_lanelet2_msgs/share:/home/point001/autoware.ai/install/autoware_build_flags/share:${ROS_PACKAGE_PATH} /usr/bin/cmake --build /home/point001/autoware.ai/build/map_file --target tests -- -j24 -l24
[1.136s] Built target tests
[1.146s] Invoked command in '/home/point001/autoware.ai/build/map_file' returned '0': CMAKE_PREFIX_PATH=/home/point001/autoware.ai/install/lanelet2_extension:/home/point001/autoware.ai/install/lanelet2_validation:/home/point001/autoware.ai/install/lanelet2_routing:/home/point001/autoware.ai/install/lanelet2_projection:/home/point001/autoware.ai/install/lanelet2_traffic_rules:/home/point001/autoware.ai/install/lanelet2_maps:/home/point001/autoware.ai/install/lanelet2_io:/home/point001/autoware.ai/install/vector_map:/home/point001/autoware.ai/install/lanelet2_core:/home/point001/autoware.ai/install/amathutils_lib:/home/point001/autoware.ai/install/vector_map_msgs:/home/point001/autoware.ai/install/autoware_msgs:/home/point001/autoware.ai/install/autoware_lanelet2_msgs:/home/point001/autoware.ai/install/autoware_build_flags:${CMAKE_PREFIX_PATH} CONDA_PROMPT_MODIFIER=(base) LD_LIBRARY_PATH=/home/point001/autoware.ai/install/lanelet2_extension/lib:/home/point001/autoware.ai/install/lanelet2_validation/lib:/home/point001/autoware.ai/install/lanelet2_routing/lib:/home/point001/autoware.ai/install/lanelet2_projection/lib:/home/point001/autoware.ai/install/lanelet2_traffic_rules/lib:/home/point001/autoware.ai/install/lanelet2_io/lib:/home/point001/autoware.ai/install/vector_map/lib:/home/point001/autoware.ai/install/lanelet2_core/lib:/home/point001/autoware.ai/install/amathutils_lib/lib:/opt/ros/melodic/lib:/usr/local/cuda-10.0/lib64 PKG_CONFIG_PATH=/home/point001/autoware.ai/install/lanelet2_extension/lib/x86_64-linux-gnu/pkgconfig:/home/point001/autoware.ai/install/lanelet2_extension/lib/pkgconfig:/home/point001/autoware.ai/install/lanelet2_validation/lib/x86_64-linux-gnu/pkgconfig:/home/point001/autoware.ai/install/lanelet2_validation/lib/pkgconfig:/home/point001/autoware.ai/install/lanelet2_routing/lib/x86_64-linux-gnu/pkgconfig:/home/point001/autoware.ai/install/lanelet2_routing/lib/pkgconfig:/home/point001/autoware.ai/install/lanelet2_projection/lib/x86_64-linux-gnu/pkgconfig:/home/point001/autoware.ai/install/lanelet2_projection/lib/pkgconfig:/home/point001/autoware.ai/install/lanelet2_traffic_rules/lib/x86_64-linux-gnu/pkgconfig:/home/point001/autoware.ai/install/lanelet2_traffic_rules/lib/pkgconfig:/home/point001/autoware.ai/install/lanelet2_maps/lib/x86_64-linux-gnu/pkgconfig:/home/point001/autoware.ai/install/lanelet2_maps/lib/pkgconfig:/home/point001/autoware.ai/install/lanelet2_io/lib/x86_64-linux-gnu/pkgconfig:/home/point001/autoware.ai/install/lanelet2_io/lib/pkgconfig:/home/point001/autoware.ai/install/vector_map/lib/x86_64-linux-gnu/pkgconfig:/home/point001/autoware.ai/install/vector_map/lib/pkgconfig:/home/point001/autoware.ai/install/lanelet2_core/lib/x86_64-linux-gnu/pkgconfig:/home/point001/autoware.ai/install/lanelet2_core/lib/pkgconfig:/home/point001/autoware.ai/install/amathutils_lib/lib/x86_64-linux-gnu/pkgconfig:/home/point001/autoware.ai/install/amathutils_lib/lib/pkgconfig:/home/point001/autoware.ai/install/vector_map_msgs/lib/x86_64-linux-gnu/pkgconfig:/home/point001/autoware.ai/install/vector_map_msgs/lib/pkgconfig:/home/point001/autoware.ai/install/autoware_msgs/lib/x86_64-linux-gnu/pkgconfig:/home/point001/autoware.ai/install/autoware_msgs/lib/pkgconfig:/home/point001/autoware.ai/install/autoware_lanelet2_msgs/lib/x86_64-linux-gnu/pkgconfig:/home/point001/autoware.ai/install/autoware_lanelet2_msgs/lib/pkgconfig:/home/point001/autoware.ai/install/autoware_build_flags/lib/x86_64-linux-gnu/pkgconfig:/home/point001/autoware.ai/install/autoware_build_flags/lib/pkgconfig:${PKG_CONFIG_PATH} PYTHONPATH=/home/point001/autoware.ai/install/vector_map_msgs/lib/python2.7/dist-packages:/home/point001/autoware.ai/install/autoware_msgs/lib/python2.7/dist-packages:/home/point001/autoware.ai/install/autoware_lanelet2_msgs/lib/python2.7/dist-packages:${PYTHONPATH} ROS_PACKAGE_PATH=/home/point001/autoware.ai/install/lanelet2_extension/share:/home/point001/autoware.ai/install/lanelet2_validation/share:/home/point001/autoware.ai/install/lanelet2_routing/share:/home/point001/autoware.ai/install/lanelet2_projection/share:/home/point001/autoware.ai/install/lanelet2_traffic_rules/share:/home/point001/autoware.ai/install/lanelet2_maps/share:/home/point001/autoware.ai/install/lanelet2_io/share:/home/point001/autoware.ai/install/vector_map/share:/home/point001/autoware.ai/install/lanelet2_core/share:/home/point001/autoware.ai/install/amathutils_lib/share:/home/point001/autoware.ai/install/vector_map_msgs/share:/home/point001/autoware.ai/install/autoware_msgs/share:/home/point001/autoware.ai/install/autoware_lanelet2_msgs/share:/home/point001/autoware.ai/install/autoware_build_flags/share:${ROS_PACKAGE_PATH} /usr/bin/cmake --build /home/point001/autoware.ai/build/map_file --target tests -- -j24 -l24
[1.303s] Invoking command in '/home/point001/autoware.ai/build/map_file': CMAKE_PREFIX_PATH=/home/point001/autoware.ai/install/lanelet2_extension:/home/point001/autoware.ai/install/lanelet2_validation:/home/point001/autoware.ai/install/lanelet2_routing:/home/point001/autoware.ai/install/lanelet2_projection:/home/point001/autoware.ai/install/lanelet2_traffic_rules:/home/point001/autoware.ai/install/lanelet2_maps:/home/point001/autoware.ai/install/lanelet2_io:/home/point001/autoware.ai/install/vector_map:/home/point001/autoware.ai/install/lanelet2_core:/home/point001/autoware.ai/install/amathutils_lib:/home/point001/autoware.ai/install/vector_map_msgs:/home/point001/autoware.ai/install/autoware_msgs:/home/point001/autoware.ai/install/autoware_lanelet2_msgs:/home/point001/autoware.ai/install/autoware_build_flags:${CMAKE_PREFIX_PATH} CONDA_PROMPT_MODIFIER=(base) LD_LIBRARY_PATH=/home/point001/autoware.ai/install/lanelet2_extension/lib:/home/point001/autoware.ai/install/lanelet2_validation/lib:/home/point001/autoware.ai/install/lanelet2_routing/lib:/home/point001/autoware.ai/install/lanelet2_projection/lib:/home/point001/autoware.ai/install/lanelet2_traffic_rules/lib:/home/point001/autoware.ai/install/lanelet2_io/lib:/home/point001/autoware.ai/install/vector_map/lib:/home/point001/autoware.ai/install/lanelet2_core/lib:/home/point001/autoware.ai/install/amathutils_lib/lib:/opt/ros/melodic/lib:/usr/local/cuda-10.0/lib64 PKG_CONFIG_PATH=/home/point001/autoware.ai/install/lanelet2_extension/lib/x86_64-linux-gnu/pkgconfig:/home/point001/autoware.ai/install/lanelet2_extension/lib/pkgconfig:/home/point001/autoware.ai/install/lanelet2_validation/lib/x86_64-linux-gnu/pkgconfig:/home/point001/autoware.ai/install/lanelet2_validation/lib/pkgconfig:/home/point001/autoware.ai/install/lanelet2_routing/lib/x86_64-linux-gnu/pkgconfig:/home/point001/autoware.ai/install/lanelet2_routing/lib/pkgconfig:/home/point001/autoware.ai/install/lanelet2_projection/lib/x86_64-linux-gnu/pkgconfig:/home/point001/autoware.ai/install/lanelet2_projection/lib/pkgconfig:/home/point001/autoware.ai/install/lanelet2_traffic_rules/lib/x86_64-linux-gnu/pkgconfig:/home/point001/autoware.ai/install/lanelet2_traffic_rules/lib/pkgconfig:/home/point001/autoware.ai/install/lanelet2_maps/lib/x86_64-linux-gnu/pkgconfig:/home/point001/autoware.ai/install/lanelet2_maps/lib/pkgconfig:/home/point001/autoware.ai/install/lanelet2_io/lib/x86_64-linux-gnu/pkgconfig:/home/point001/autoware.ai/install/lanelet2_io/lib/pkgconfig:/home/point001/autoware.ai/install/vector_map/lib/x86_64-linux-gnu/pkgconfig:/home/point001/autoware.ai/install/vector_map/lib/pkgconfig:/home/point001/autoware.ai/install/lanelet2_core/lib/x86_64-linux-gnu/pkgconfig:/home/point001/autoware.ai/install/lanelet2_core/lib/pkgconfig:/home/point001/autoware.ai/install/amathutils_lib/lib/x86_64-linux-gnu/pkgconfig:/home/point001/autoware.ai/install/amathutils_lib/lib/pkgconfig:/home/point001/autoware.ai/install/vector_map_msgs/lib/x86_64-linux-gnu/pkgconfig:/home/point001/autoware.ai/install/vector_map_msgs/lib/pkgconfig:/home/point001/autoware.ai/install/autoware_msgs/lib/x86_64-linux-gnu/pkgconfig:/home/point001/autoware.ai/install/autoware_msgs/lib/pkgconfig:/home/point001/autoware.ai/install/autoware_lanelet2_msgs/lib/x86_64-linux-gnu/pkgconfig:/home/point001/autoware.ai/install/autoware_lanelet2_msgs/lib/pkgconfig:/home/point001/autoware.ai/install/autoware_build_flags/lib/x86_64-linux-gnu/pkgconfig:/home/point001/autoware.ai/install/autoware_build_flags/lib/pkgconfig:${PKG_CONFIG_PATH} PYTHONPATH=/home/point001/autoware.ai/install/vector_map_msgs/lib/python2.7/dist-packages:/home/point001/autoware.ai/install/autoware_msgs/lib/python2.7/dist-packages:/home/point001/autoware.ai/install/autoware_lanelet2_msgs/lib/python2.7/dist-packages:${PYTHONPATH} ROS_PACKAGE_PATH=/home/point001/autoware.ai/install/lanelet2_extension/share:/home/point001/autoware.ai/install/lanelet2_validation/share:/home/point001/autoware.ai/install/lanelet2_routing/share:/home/point001/autoware.ai/install/lanelet2_projection/share:/home/point001/autoware.ai/install/lanelet2_traffic_rules/share:/home/point001/autoware.ai/install/lanelet2_maps/share:/home/point001/autoware.ai/install/lanelet2_io/share:/home/point001/autoware.ai/install/vector_map/share:/home/point001/autoware.ai/install/lanelet2_core/share:/home/point001/autoware.ai/install/amathutils_lib/share:/home/point001/autoware.ai/install/vector_map_msgs/share:/home/point001/autoware.ai/install/autoware_msgs/share:/home/point001/autoware.ai/install/autoware_lanelet2_msgs/share:/home/point001/autoware.ai/install/autoware_build_flags/share:${ROS_PACKAGE_PATH} /usr/bin/cmake --build /home/point001/autoware.ai/build/map_file --target install -- -j24 -l24
[1.379s] [  0%] Built target vector_map_msgs_generate_messages_nodejs
[1.389s] [  0%] Built target geometry_msgs_generate_messages_py
[1.389s] [  0%] Built target nodelet_generate_messages_nodejs
[1.390s] [  0%] Built target actionlib_generate_messages_cpp
[1.394s] [  0%] Built target pcl_ros_gencfg
[1.397s] [  0%] Built target dynamic_reconfigure_generate_messages_lisp
[1.406s] [  0%] Built target dynamic_reconfigure_generate_messages_eus
[1.408s] [  0%] Built target bond_generate_messages_cpp
[1.409s] [  0%] Built target visualization_msgs_generate_messages_nodejs
[1.410s] [  0%] Built target bond_generate_messages_lisp
[1.411s] [  0%] Built target dynamic_reconfigure_generate_messages_nodejs
[1.412s] [  0%] Built target roscpp_generate_messages_cpp
[1.419s] [  0%] Built target bond_generate_messages_nodejs
[1.420s] [  0%] Built target bond_generate_messages_eus
[1.424s] [  0%] Built target bond_generate_messages_py
[1.428s] [  0%] Built target sensor_msgs_generate_messages_nodejs
[1.439s] [  0%] Built target nodelet_generate_messages_cpp
[1.439s] [  0%] Built target nodelet_generate_messages_eus
[1.444s] [  0%] Built target dynamic_reconfigure_generate_messages_py
[1.446s] [  0%] Built target visualization_msgs_generate_messages_py
[1.454s] [  0%] Built target tf2_msgs_generate_messages_cpp
[1.462s] [  0%] Built target std_msgs_generate_messages_nodejs
[1.468s] [  0%] Built target autoware_msgs_generate_messages_py
[1.480s] [  0%] Built target nodelet_generate_messages_lisp
[1.481s] [  0%] Built target sensor_msgs_generate_messages_eus
[1.485s] [  0%] Built target std_msgs_generate_messages_py
[1.490s] [  0%] Built target std_srvs_generate_messages_lisp
[1.492s] [  0%] Built target std_srvs_generate_messages_cpp
[1.496s] [  0%] Built target autoware_msgs_generate_messages_cpp
[1.498s] [  0%] Built target sensor_msgs_generate_messages_py
[1.498s] [  0%] Built target rosgraph_msgs_generate_messages_cpp
[1.504s] [  0%] Built target jsk_recognition_msgs_generate_messages_eus
[1.505s] [  0%] Built target _catkin_empty_exported_target
[1.507s] [  0%] Built target sensor_msgs_generate_messages_lisp
[1.509s] [  0%] Built target sensor_msgs_generate_messages_cpp
[1.520s] [  0%] Built target jsk_recognition_msgs_generate_messages_py
[1.522s] [  0%] Built target nodelet_generate_messages_py
[1.533s] [  0%] Built target dynamic_reconfigure_generate_messages_cpp
[1.537s] [  0%] Built target topic_tools_generate_messages_py
[1.543s] [  0%] Built target pcl_msgs_generate_messages_nodejs
[1.544s] [  0%] Built target tf_generate_messages_py
[1.547s] [  0%] Built target jsk_footstep_msgs_generate_messages_py
[1.548s] [  0%] Built target geometry_msgs_generate_messages_nodejs
[1.560s] [  0%] Built target nodelet_topic_tools_gencfg
[1.566s] [  0%] Built target geometry_msgs_generate_messages_eus
[1.568s] [  0%] Built target std_msgs_generate_messages_cpp
[1.569s] [  0%] Built target autoware_msgs_generate_messages_lisp
[1.569s] [  0%] Built target geometry_msgs_generate_messages_lisp
[1.578s] [  0%] Built target std_msgs_generate_messages_lisp
[1.582s] [  0%] Built target autoware_msgs_generate_messages_eus
[1.586s] [  0%] Built target jsk_recognition_msgs_generate_messages_cpp
[1.590s] [  0%] Built target std_msgs_generate_messages_eus
[1.593s] [  0%] Built target jsk_recognition_msgs_generate_messages_lisp
[1.593s] [  0%] Built target autoware_msgs_generate_messages_nodejs
[1.608s] [  0%] Built target topic_tools_generate_messages_lisp
[1.610s] [  0%] Built target actionlib_msgs_generate_messages_nodejs
[1.620s] [  0%] Built target jsk_footstep_msgs_generate_messages_eus
[1.626s] [  0%] Built target visualization_msgs_generate_messages_lisp
[1.632s] [  0%] Built target actionlib_msgs_generate_messages_py
[1.640s] [  0%] Built target actionlib_msgs_generate_messages_lisp
[1.641s] [  0%] Built target actionlib_msgs_generate_messages_cpp
[1.656s] [  0%] Built target jsk_footstep_msgs_generate_messages_lisp
[1.656s] [  0%] Built target roscpp_generate_messages_nodejs
[1.659s] [  0%] Built target jsk_footstep_msgs_generate_messages_cpp
[1.659s] [  0%] Built target tf_generate_messages_eus
[1.662s] [  0%] Built target rosgraph_msgs_generate_messages_lisp
[1.663s] [  0%] Built target jsk_recognition_msgs_generate_messages_nodejs
[1.676s] [  0%] Built target roscpp_generate_messages_eus
[1.676s] [  0%] Built target autoware_lanelet2_msgs_generate_messages_py
[1.676s] [  0%] Built target tf_generate_messages_lisp
[1.692s] [  0%] Built target autoware_lanelet2_msgs_generate_messages_cpp
[1.693s] [  0%] Built target jsk_footstep_msgs_generate_messages_nodejs
[1.704s] [  0%] Built target rosgraph_msgs_generate_messages_py
[1.706s] [  0%] Built target actionlib_msgs_generate_messages_eus
[1.711s] [  0%] Built target pcl_msgs_generate_messages_cpp
[1.712s] [  0%] Built target pcl_msgs_generate_messages_py
[1.720s] [  0%] Built target actionlib_generate_messages_eus
[1.722s] [  0%] Built target roscpp_generate_messages_lisp
[1.724s] [  0%] Built target actionlib_generate_messages_py
[1.728s] [  0%] Built target pcl_msgs_generate_messages_lisp
[1.740s] [  0%] Built target dynamic_reconfigure_gencfg
[1.740s] [  0%] Built target std_srvs_generate_messages_eus
[1.740s] [  0%] Built target tf2_msgs_generate_messages_py
[1.740s] [  0%] Built target geometry_msgs_generate_messages_cpp
[1.752s] [  0%] Built target tf2_msgs_generate_messages_lisp
[1.752s] [  0%] Built target actionlib_generate_messages_lisp
[1.758s] [  0%] Built target autoware_lanelet2_msgs_generate_messages_lisp
[1.758s] [  0%] Built target tf_generate_messages_nodejs
[1.761s] [  0%] Built target tf_generate_messages_cpp
[1.761s] [  0%] Built target tf2_msgs_generate_messages_eus
[1.761s] [  0%] Built target tf2_msgs_generate_messages_nodejs
[1.763s] [  0%] Built target rosgraph_msgs_generate_messages_nodejs
[1.771s] [  0%] Built target actionlib_generate_messages_nodejs
[1.786s] [  0%] Built target visualization_msgs_generate_messages_eus
[1.787s] [  0%] Built target roscpp_generate_messages_py
[1.790s] [  0%] Built target autoware_lanelet2_msgs_generate_messages_eus
[1.791s] [  0%] Built target vector_map_msgs_generate_messages_eus
[1.794s] [  0%] Built target visualization_msgs_generate_messages_cpp
[1.797s] [  0%] Built target vector_map_msgs_generate_messages_lisp
[1.800s] [  0%] Built target std_srvs_generate_messages_nodejs
[1.800s] [  0%] Built target vector_map_msgs_generate_messages_py
[1.813s] [  0%] Built target topic_tools_generate_messages_cpp
[1.815s] [  0%] Built target topic_tools_generate_messages_eus
[1.822s] [  0%] Built target std_srvs_generate_messages_py
[1.823s] [  0%] Built target vector_map_msgs_generate_messages_cpp
[1.824s] [  0%] Built target pcl_msgs_generate_messages_eus
[1.825s] [  0%] Built target autoware_lanelet2_msgs_generate_messages_nodejs
[1.827s] [  0%] Built target topic_tools_generate_messages_nodejs
[1.841s] [  0%] Built target rosgraph_msgs_generate_messages_eus
[1.856s] [ 15%] Built target get_file
[1.907s] [ 30%] Built target vector_map_loader
[1.917s] [ 46%] Built target lanelet2_map_visualization
[1.924s] [ 61%] Built target lanelet2_map_loader
[1.925s] [ 76%] Built target points_map_loader
[1.926s] [100%] Built target points_map_filter
[1.949s] [36mInstall the project...[0m
[1.958s] -- Install configuration: "Release"
[1.958s] -- Up-to-date: /home/point001/autoware.ai/install/map_file/lib/pkgconfig/map_file.pc
[1.958s] -- Up-to-date: /home/point001/autoware.ai/install/map_file/share/map_file/cmake/map_fileConfig.cmake
[1.958s] -- Up-to-date: /home/point001/autoware.ai/install/map_file/share/map_file/cmake/map_fileConfig-version.cmake
[1.958s] -- Up-to-date: /home/point001/autoware.ai/install/map_file/share/map_file/package.xml
[1.958s] -- Up-to-date: /home/point001/autoware.ai/install/map_file/lib/libget_file.so
[1.958s] -- Up-to-date: /home/point001/autoware.ai/install/map_file/lib/map_file/points_map_loader
[1.959s] -- Up-to-date: /home/point001/autoware.ai/install/map_file/lib/map_file/vector_map_loader
[1.959s] -- Up-to-date: /home/point001/autoware.ai/install/map_file/lib/map_file/lanelet2_map_loader
[1.960s] -- Up-to-date: /home/point001/autoware.ai/install/map_file/lib/map_file/lanelet2_map_visualization
[1.961s] -- Up-to-date: /home/point001/autoware.ai/install/map_file/lib/map_file/points_map_filter
[1.961s] -- Up-to-date: /home/point001/autoware.ai/install/map_file/include/map_file
[1.961s] -- Up-to-date: /home/point001/autoware.ai/install/map_file/include/map_file/points_map_filter.h
[1.961s] -- Up-to-date: /home/point001/autoware.ai/install/map_file/include/map_file/get_file.h
[1.961s] -- Up-to-date: /home/point001/autoware.ai/install/map_file/share/map_file/launch
[1.961s] -- Up-to-date: /home/point001/autoware.ai/install/map_file/share/map_file/launch/lanelet2_map_loader.launch
[1.961s] -- Up-to-date: /home/point001/autoware.ai/install/map_file/share/map_file/launch/map_filter.launch
[1.962s] -- Up-to-date: /home/point001/autoware.ai/install/map_file/share/map_file/launch/vector_map_loader.launch
[1.962s] -- Up-to-date: /home/point001/autoware.ai/install/map_file/share/map_file/launch/points_map_loader.launch
[1.962s] -- Up-to-date: /home/point001/autoware.ai/install/map_file/share/map_file/launch/map_downloader.launch
[1.970s] Invoked command in '/home/point001/autoware.ai/build/map_file' returned '0': CMAKE_PREFIX_PATH=/home/point001/autoware.ai/install/lanelet2_extension:/home/point001/autoware.ai/install/lanelet2_validation:/home/point001/autoware.ai/install/lanelet2_routing:/home/point001/autoware.ai/install/lanelet2_projection:/home/point001/autoware.ai/install/lanelet2_traffic_rules:/home/point001/autoware.ai/install/lanelet2_maps:/home/point001/autoware.ai/install/lanelet2_io:/home/point001/autoware.ai/install/vector_map:/home/point001/autoware.ai/install/lanelet2_core:/home/point001/autoware.ai/install/amathutils_lib:/home/point001/autoware.ai/install/vector_map_msgs:/home/point001/autoware.ai/install/autoware_msgs:/home/point001/autoware.ai/install/autoware_lanelet2_msgs:/home/point001/autoware.ai/install/autoware_build_flags:${CMAKE_PREFIX_PATH} CONDA_PROMPT_MODIFIER=(base) LD_LIBRARY_PATH=/home/point001/autoware.ai/install/lanelet2_extension/lib:/home/point001/autoware.ai/install/lanelet2_validation/lib:/home/point001/autoware.ai/install/lanelet2_routing/lib:/home/point001/autoware.ai/install/lanelet2_projection/lib:/home/point001/autoware.ai/install/lanelet2_traffic_rules/lib:/home/point001/autoware.ai/install/lanelet2_io/lib:/home/point001/autoware.ai/install/vector_map/lib:/home/point001/autoware.ai/install/lanelet2_core/lib:/home/point001/autoware.ai/install/amathutils_lib/lib:/opt/ros/melodic/lib:/usr/local/cuda-10.0/lib64 PKG_CONFIG_PATH=/home/point001/autoware.ai/install/lanelet2_extension/lib/x86_64-linux-gnu/pkgconfig:/home/point001/autoware.ai/install/lanelet2_extension/lib/pkgconfig:/home/point001/autoware.ai/install/lanelet2_validation/lib/x86_64-linux-gnu/pkgconfig:/home/point001/autoware.ai/install/lanelet2_validation/lib/pkgconfig:/home/point001/autoware.ai/install/lanelet2_routing/lib/x86_64-linux-gnu/pkgconfig:/home/point001/autoware.ai/install/lanelet2_routing/lib/pkgconfig:/home/point001/autoware.ai/install/lanelet2_projection/lib/x86_64-linux-gnu/pkgconfig:/home/point001/autoware.ai/install/lanelet2_projection/lib/pkgconfig:/home/point001/autoware.ai/install/lanelet2_traffic_rules/lib/x86_64-linux-gnu/pkgconfig:/home/point001/autoware.ai/install/lanelet2_traffic_rules/lib/pkgconfig:/home/point001/autoware.ai/install/lanelet2_maps/lib/x86_64-linux-gnu/pkgconfig:/home/point001/autoware.ai/install/lanelet2_maps/lib/pkgconfig:/home/point001/autoware.ai/install/lanelet2_io/lib/x86_64-linux-gnu/pkgconfig:/home/point001/autoware.ai/install/lanelet2_io/lib/pkgconfig:/home/point001/autoware.ai/install/vector_map/lib/x86_64-linux-gnu/pkgconfig:/home/point001/autoware.ai/install/vector_map/lib/pkgconfig:/home/point001/autoware.ai/install/lanelet2_core/lib/x86_64-linux-gnu/pkgconfig:/home/point001/autoware.ai/install/lanelet2_core/lib/pkgconfig:/home/point001/autoware.ai/install/amathutils_lib/lib/x86_64-linux-gnu/pkgconfig:/home/point001/autoware.ai/install/amathutils_lib/lib/pkgconfig:/home/point001/autoware.ai/install/vector_map_msgs/lib/x86_64-linux-gnu/pkgconfig:/home/point001/autoware.ai/install/vector_map_msgs/lib/pkgconfig:/home/point001/autoware.ai/install/autoware_msgs/lib/x86_64-linux-gnu/pkgconfig:/home/point001/autoware.ai/install/autoware_msgs/lib/pkgconfig:/home/point001/autoware.ai/install/autoware_lanelet2_msgs/lib/x86_64-linux-gnu/pkgconfig:/home/point001/autoware.ai/install/autoware_lanelet2_msgs/lib/pkgconfig:/home/point001/autoware.ai/install/autoware_build_flags/lib/x86_64-linux-gnu/pkgconfig:/home/point001/autoware.ai/install/autoware_build_flags/lib/pkgconfig:${PKG_CONFIG_PATH} PYTHONPATH=/home/point001/autoware.ai/install/vector_map_msgs/lib/python2.7/dist-packages:/home/point001/autoware.ai/install/autoware_msgs/lib/python2.7/dist-packages:/home/point001/autoware.ai/install/autoware_lanelet2_msgs/lib/python2.7/dist-packages:${PYTHONPATH} ROS_PACKAGE_PATH=/home/point001/autoware.ai/install/lanelet2_extension/share:/home/point001/autoware.ai/install/lanelet2_validation/share:/home/point001/autoware.ai/install/lanelet2_routing/share:/home/point001/autoware.ai/install/lanelet2_projection/share:/home/point001/autoware.ai/install/lanelet2_traffic_rules/share:/home/point001/autoware.ai/install/lanelet2_maps/share:/home/point001/autoware.ai/install/lanelet2_io/share:/home/point001/autoware.ai/install/vector_map/share:/home/point001/autoware.ai/install/lanelet2_core/share:/home/point001/autoware.ai/install/amathutils_lib/share:/home/point001/autoware.ai/install/vector_map_msgs/share:/home/point001/autoware.ai/install/autoware_msgs/share:/home/point001/autoware.ai/install/autoware_lanelet2_msgs/share:/home/point001/autoware.ai/install/autoware_build_flags/share:${ROS_PACKAGE_PATH} /usr/bin/cmake --build /home/point001/autoware.ai/build/map_file --target install -- -j24 -l24
