[0.035s] Invoking command in '/home/point001/autoware.ai/build/points2image': CMAKE_PREFIX_PATH=/home/point001/autoware.ai/install/rosinterface:/home/point001/autoware.ai/install/fastvirtualscan:/home/point001/autoware.ai/install/autoware_msgs:/home/point001/autoware.ai/install/autoware_build_flags:${CMAKE_PREFIX_PATH} LD_LIBRARY_PATH=/home/point001/autoware.ai/install/rosinterface/lib:/home/point001/autoware.ai/install/fastvirtualscan/lib:/opt/ros/melodic/lib:/usr/local/cuda-10.0/lib64 PKG_CONFIG_PATH=/home/point001/autoware.ai/install/rosinterface/lib/x86_64-linux-gnu/pkgconfig:/home/point001/autoware.ai/install/rosinterface/lib/pkgconfig:/home/point001/autoware.ai/install/fastvirtualscan/lib/x86_64-linux-gnu/pkgconfig:/home/point001/autoware.ai/install/fastvirtualscan/lib/pkgconfig:/home/point001/autoware.ai/install/autoware_msgs/lib/x86_64-linux-gnu/pkgconfig:/home/point001/autoware.ai/install/autoware_msgs/lib/pkgconfig:/home/point001/autoware.ai/install/autoware_build_flags/lib/x86_64-linux-gnu/pkgconfig:/home/point001/autoware.ai/install/autoware_build_flags/lib/pkgconfig:${PKG_CONFIG_PATH} PYTHONPATH=/home/point001/autoware.ai/install/autoware_msgs/lib/python2.7/dist-packages:${PYTHONPATH} ROS_PACKAGE_PATH=/home/point001/autoware.ai/install/rosinterface/share:/home/point001/autoware.ai/install/fastvirtualscan/share:/home/point001/autoware.ai/install/autoware_msgs/share:/home/point001/autoware.ai/install/autoware_build_flags/share:${ROS_PACKAGE_PATH} /usr/bin/cmake /home/point001/autoware.ai/src/autoware/visualization/points2image -DCMAKE_BUILD_TYPE=Release -DCATKIN_INSTALL_INTO_PREFIX_ROOT=0 -DCMAKE_INSTALL_PREFIX=/home/point001/autoware.ai/install/points2image
[0.098s] -- The C compiler identification is GNU 7.5.0
[0.160s] -- The CXX compiler identification is GNU 7.5.0
[0.165s] -- Check for working C compiler: /usr/bin/cc
[0.253s] -- Check for working C compiler: /usr/bin/cc -- works
[0.253s] -- Detecting C compiler ABI info
[0.349s] -- Detecting C compiler ABI info - done
[0.359s] -- Detecting C compile features
[0.582s] -- Detecting C compile features - done
[0.585s] -- Check for working CXX compiler: /usr/bin/c++
[0.674s] -- Check for working CXX compiler: /usr/bin/c++ -- works
[0.675s] -- Detecting CXX compiler ABI info
[0.769s] -- Detecting CXX compiler ABI info - done
[0.780s] -- Detecting CXX compile features
[1.183s] -- Detecting CXX compile features - done
[1.188s] -- Found PkgConfig: /usr/bin/pkg-config (found version "0.29.1") 
[1.189s] -- CUDA compilation status: 1.
[1.190s] -- Using CATKIN_DEVEL_PREFIX: /home/point001/autoware.ai/build/points2image/devel
[1.190s] -- Using CMAKE_PREFIX_PATH: /home/point001/autoware.ai/install/rosinterface;/home/point001/autoware.ai/install/fastvirtualscan;/home/point001/autoware.ai/install/autoware_msgs;/home/point001/autoware.ai/install/autoware_build_flags;/opt/ros/melodic
[1.192s] -- This workspace overlays: /home/point001/autoware.ai/install/rosinterface;/home/point001/autoware.ai/install/fastvirtualscan;/home/point001/autoware.ai/install/autoware_msgs;/home/point001/autoware.ai/install/autoware_build_flags;/opt/ros/melodic
[1.212s] -- Found PythonInterp: /usr/bin/python2 (found suitable version "2.7.17", minimum required is "2") 
[1.212s] -- Using PYTHON_EXECUTABLE: /usr/bin/python2
[1.213s] -- Using Debian Python package layout
[1.213s] -- Using empy: /usr/bin/empy
[1.377s] -- Using CATKIN_ENABLE_TESTING: ON
[1.377s] -- Call enable_testing()
[1.381s] -- Using CATKIN_TEST_RESULTS_DIR: /home/point001/autoware.ai/build/points2image/test_results
[1.403s] -- Found gtest sources under '/usr/src/googletest': gtests will be built
[1.403s] -- Found gmock sources under '/usr/src/googletest': gmock will be built
[1.419s] -- Found PythonInterp: /usr/bin/python2 (found version "2.7.17") 
[1.420s] -- Looking for pthread.h
[1.505s] -- Looking for pthread.h - found
[1.506s] -- Looking for pthread_create
[1.588s] -- Looking for pthread_create - not found
[1.588s] -- Looking for pthread_create in pthreads
[1.668s] -- Looking for pthread_create in pthreads - not found
[1.668s] -- Looking for pthread_create in pthread
[1.758s] -- Looking for pthread_create in pthread - found
[1.759s] -- Found Threads: TRUE  
[1.765s] -- Using Python nosetests: /usr/bin/nosetests-2.7
[1.814s] -- catkin 0.7.29
[1.814s] -- BUILD_SHARED_LIBS is on
[1.987s] -- Using these message generators: gencpp;geneus;genlisp;gennodejs;genpy
[3.162s] -- Found OpenCV: /usr (found version "3.2.0") 
[3.176s] -- Found GLUT: /usr/lib/x86_64-linux-gnu/libglut.so  
[3.181s] -- Found OpenGL: /usr/lib/x86_64-linux-gnu/libOpenGL.so   
[3.323s] -- Configuring done
[3.560s] -- Generating done
[3.576s] -- Build files have been written to: /home/point001/autoware.ai/build/points2image
[3.584s] Invoked command in '/home/point001/autoware.ai/build/points2image' returned '0': CMAKE_PREFIX_PATH=/home/point001/autoware.ai/install/rosinterface:/home/point001/autoware.ai/install/fastvirtualscan:/home/point001/autoware.ai/install/autoware_msgs:/home/point001/autoware.ai/install/autoware_build_flags:${CMAKE_PREFIX_PATH} LD_LIBRARY_PATH=/home/point001/autoware.ai/install/rosinterface/lib:/home/point001/autoware.ai/install/fastvirtualscan/lib:/opt/ros/melodic/lib:/usr/local/cuda-10.0/lib64 PKG_CONFIG_PATH=/home/point001/autoware.ai/install/rosinterface/lib/x86_64-linux-gnu/pkgconfig:/home/point001/autoware.ai/install/rosinterface/lib/pkgconfig:/home/point001/autoware.ai/install/fastvirtualscan/lib/x86_64-linux-gnu/pkgconfig:/home/point001/autoware.ai/install/fastvirtualscan/lib/pkgconfig:/home/point001/autoware.ai/install/autoware_msgs/lib/x86_64-linux-gnu/pkgconfig:/home/point001/autoware.ai/install/autoware_msgs/lib/pkgconfig:/home/point001/autoware.ai/install/autoware_build_flags/lib/x86_64-linux-gnu/pkgconfig:/home/point001/autoware.ai/install/autoware_build_flags/lib/pkgconfig:${PKG_CONFIG_PATH} PYTHONPATH=/home/point001/autoware.ai/install/autoware_msgs/lib/python2.7/dist-packages:${PYTHONPATH} ROS_PACKAGE_PATH=/home/point001/autoware.ai/install/rosinterface/share:/home/point001/autoware.ai/install/fastvirtualscan/share:/home/point001/autoware.ai/install/autoware_msgs/share:/home/point001/autoware.ai/install/autoware_build_flags/share:${ROS_PACKAGE_PATH} /usr/bin/cmake /home/point001/autoware.ai/src/autoware/visualization/points2image -DCMAKE_BUILD_TYPE=Release -DCATKIN_INSTALL_INTO_PREFIX_ROOT=0 -DCMAKE_INSTALL_PREFIX=/home/point001/autoware.ai/install/points2image
[3.588s] Invoking command in '/home/point001/autoware.ai/build/points2image': CMAKE_PREFIX_PATH=/home/point001/autoware.ai/install/rosinterface:/home/point001/autoware.ai/install/fastvirtualscan:/home/point001/autoware.ai/install/autoware_msgs:/home/point001/autoware.ai/install/autoware_build_flags:${CMAKE_PREFIX_PATH} LD_LIBRARY_PATH=/home/point001/autoware.ai/install/rosinterface/lib:/home/point001/autoware.ai/install/fastvirtualscan/lib:/opt/ros/melodic/lib:/usr/local/cuda-10.0/lib64 PKG_CONFIG_PATH=/home/point001/autoware.ai/install/rosinterface/lib/x86_64-linux-gnu/pkgconfig:/home/point001/autoware.ai/install/rosinterface/lib/pkgconfig:/home/point001/autoware.ai/install/fastvirtualscan/lib/x86_64-linux-gnu/pkgconfig:/home/point001/autoware.ai/install/fastvirtualscan/lib/pkgconfig:/home/point001/autoware.ai/install/autoware_msgs/lib/x86_64-linux-gnu/pkgconfig:/home/point001/autoware.ai/install/autoware_msgs/lib/pkgconfig:/home/point001/autoware.ai/install/autoware_build_flags/lib/x86_64-linux-gnu/pkgconfig:/home/point001/autoware.ai/install/autoware_build_flags/lib/pkgconfig:${PKG_CONFIG_PATH} PYTHONPATH=/home/point001/autoware.ai/install/autoware_msgs/lib/python2.7/dist-packages:${PYTHONPATH} ROS_PACKAGE_PATH=/home/point001/autoware.ai/install/rosinterface/share:/home/point001/autoware.ai/install/fastvirtualscan/share:/home/point001/autoware.ai/install/autoware_msgs/share:/home/point001/autoware.ai/install/autoware_build_flags/share:${ROS_PACKAGE_PATH} /usr/bin/cmake --build /home/point001/autoware.ai/build/points2image -- -j24 -l24
[3.640s] [35m[1mScanning dependencies of target std_srvs_generate_messages_lisp[0m
[3.656s] [  0%] Built target std_srvs_generate_messages_lisp
[3.668s] [35m[1mScanning dependencies of target sensor_msgs_generate_messages_eus[0m
[3.678s] [  0%] Built target sensor_msgs_generate_messages_eus
[3.690s] [35m[1mScanning dependencies of target sensor_msgs_generate_messages_cpp[0m
[3.702s] [  0%] Built target sensor_msgs_generate_messages_cpp
[3.712s] [35m[1mScanning dependencies of target autoware_msgs_generate_messages_cpp[0m
[3.723s] [  0%] Built target autoware_msgs_generate_messages_cpp
[3.731s] [35m[1mScanning dependencies of target rosgraph_msgs_generate_messages_cpp[0m
[3.740s] [  0%] Built target rosgraph_msgs_generate_messages_cpp
[3.751s] [35m[1mScanning dependencies of target tf_generate_messages_py[0m
[3.760s] [  0%] Built target tf_generate_messages_py
[3.768s] [35m[1mScanning dependencies of target dynamic_reconfigure_generate_messages_cpp[0m
[3.776s] [  0%] Built target dynamic_reconfigure_generate_messages_cpp
[3.784s] [35m[1mScanning dependencies of target pcl_msgs_generate_messages_nodejs[0m
[3.796s] [  0%] Built target pcl_msgs_generate_messages_nodejs
[3.804s] [35m[1mScanning dependencies of target nodelet_generate_messages_nodejs[0m
[3.815s] [  0%] Built target nodelet_generate_messages_nodejs
[3.826s] [35m[1mScanning dependencies of target jsk_recognition_msgs_generate_messages_py[0m
[3.834s] [  0%] Built target jsk_recognition_msgs_generate_messages_py
[3.843s] [35m[1mScanning dependencies of target sensor_msgs_generate_messages_lisp[0m
[3.852s] [  0%] Built target sensor_msgs_generate_messages_lisp
[3.863s] [35m[1mScanning dependencies of target std_msgs_generate_messages_cpp[0m
[3.872s] [  0%] Built target std_msgs_generate_messages_cpp
[3.883s] [35m[1mScanning dependencies of target jsk_footstep_msgs_generate_messages_py[0m
[3.894s] [  0%] Built target jsk_footstep_msgs_generate_messages_py
[3.904s] [35m[1mScanning dependencies of target sensor_msgs_generate_messages_py[0m
[3.912s] [  0%] Built target sensor_msgs_generate_messages_py
[3.923s] [35m[1mScanning dependencies of target nodelet_generate_messages_py[0m
[3.935s] [  0%] Built target nodelet_generate_messages_py
[3.946s] [35m[1mScanning dependencies of target geometry_msgs_generate_messages_eus[0m
[3.958s] [  0%] Built target geometry_msgs_generate_messages_eus
[3.973s] [35m[1mScanning dependencies of target std_msgs_generate_messages_lisp[0m
[3.985s] [  0%] Built target std_msgs_generate_messages_lisp
[3.996s] [35m[1mScanning dependencies of target roscpp_generate_messages_nodejs[0m
[4.010s] [  0%] Built target roscpp_generate_messages_nodejs
[4.021s] [35m[1mScanning dependencies of target geometry_msgs_generate_messages_nodejs[0m
[4.034s] [  0%] Built target geometry_msgs_generate_messages_nodejs
[4.045s] [35m[1mScanning dependencies of target actionlib_generate_messages_eus[0m
[4.056s] [  0%] Built target actionlib_generate_messages_eus
[4.069s] [35m[1mScanning dependencies of target pcl_msgs_generate_messages_py[0m
[4.083s] [  0%] Built target pcl_msgs_generate_messages_py
[4.094s] [35m[1mScanning dependencies of target geometry_msgs_generate_messages_lisp[0m
[4.108s] [  0%] Built target geometry_msgs_generate_messages_lisp
[4.121s] [35m[1mScanning dependencies of target actionlib_generate_messages_lisp[0m
[4.131s] [  0%] Built target actionlib_generate_messages_lisp
[4.144s] [35m[1mScanning dependencies of target geometry_msgs_generate_messages_cpp[0m
[4.156s] [  0%] Built target geometry_msgs_generate_messages_cpp
[4.168s] [35m[1mScanning dependencies of target pcl_msgs_generate_messages_cpp[0m
[4.182s] [  0%] Built target pcl_msgs_generate_messages_cpp
[4.196s] [35m[1mScanning dependencies of target dynamic_reconfigure_generate_messages_lisp[0m
[4.210s] [  0%] Built target dynamic_reconfigure_generate_messages_lisp
[4.222s] [35m[1mScanning dependencies of target topic_tools_generate_messages_lisp[0m
[4.236s] [  0%] Built target topic_tools_generate_messages_lisp
[4.248s] [35m[1mScanning dependencies of target jsk_recognition_msgs_generate_messages_cpp[0m
[4.260s] [  0%] Built target jsk_recognition_msgs_generate_messages_cpp
[4.272s] [35m[1mScanning dependencies of target autoware_msgs_generate_messages_eus[0m
[4.285s] [  0%] Built target autoware_msgs_generate_messages_eus
[4.297s] [35m[1mScanning dependencies of target autoware_msgs_generate_messages_lisp[0m
[4.310s] [  0%] Built target autoware_msgs_generate_messages_lisp
[4.323s] [35m[1mScanning dependencies of target autoware_msgs_generate_messages_py[0m
[4.334s] [  0%] Built target autoware_msgs_generate_messages_py
[4.345s] [35m[1mScanning dependencies of target nodelet_generate_messages_lisp[0m
[4.357s] [  0%] Built target nodelet_generate_messages_lisp
[4.370s] [35m[1mScanning dependencies of target actionlib_generate_messages_nodejs[0m
[4.382s] [  0%] Built target actionlib_generate_messages_nodejs
[4.393s] [35m[1mScanning dependencies of target tf_generate_messages_cpp[0m
[4.403s] [  0%] Built target tf_generate_messages_cpp
[4.413s] [35m[1mScanning dependencies of target pcl_msgs_generate_messages_lisp[0m
[4.425s] [  0%] Built target pcl_msgs_generate_messages_lisp
[4.436s] [35m[1mScanning dependencies of target std_msgs_generate_messages_eus[0m
[4.447s] [  0%] Built target std_msgs_generate_messages_eus
[4.457s] [35m[1mScanning dependencies of target autoware_msgs_generate_messages_nodejs[0m
[4.468s] [  0%] Built target autoware_msgs_generate_messages_nodejs
[4.478s] [35m[1mScanning dependencies of target jsk_footstep_msgs_generate_messages_eus[0m
[4.488s] [  0%] Built target jsk_footstep_msgs_generate_messages_eus
[4.500s] [35m[1mScanning dependencies of target actionlib_msgs_generate_messages_py[0m
[4.512s] [  0%] Built target actionlib_msgs_generate_messages_py
[4.521s] [35m[1mScanning dependencies of target jsk_footstep_msgs_generate_messages_lisp[0m
[4.530s] [  0%] Built target jsk_footstep_msgs_generate_messages_lisp
[4.543s] [35m[1mScanning dependencies of target jsk_footstep_msgs_generate_messages_nodejs[0m
[4.555s] [  0%] Built target jsk_footstep_msgs_generate_messages_nodejs
[4.567s] [35m[1mScanning dependencies of target tf_generate_messages_eus[0m
[4.579s] [  0%] Built target tf_generate_messages_eus
[4.591s] [35m[1mScanning dependencies of target jsk_footstep_msgs_generate_messages_cpp[0m
[4.602s] [  0%] Built target jsk_footstep_msgs_generate_messages_cpp
[4.614s] [35m[1mScanning dependencies of target actionlib_msgs_generate_messages_cpp[0m
[4.626s] [  0%] Built target actionlib_msgs_generate_messages_cpp
[4.638s] [35m[1mScanning dependencies of target std_srvs_generate_messages_cpp[0m
[4.650s] [  0%] Built target std_srvs_generate_messages_cpp
[4.662s] [35m[1mScanning dependencies of target actionlib_msgs_generate_messages_lisp[0m
[4.674s] [  0%] Built target actionlib_msgs_generate_messages_lisp
[4.686s] [35m[1mScanning dependencies of target jsk_recognition_msgs_generate_messages_nodejs[0m
[4.697s] [  0%] Built target jsk_recognition_msgs_generate_messages_nodejs
[4.709s] [35m[1mScanning dependencies of target std_srvs_generate_messages_eus[0m
[4.722s] [  0%] Built target std_srvs_generate_messages_eus
[4.733s] [35m[1mScanning dependencies of target roscpp_generate_messages_lisp[0m
[4.746s] [  0%] Built target roscpp_generate_messages_lisp
[4.758s] [35m[1mScanning dependencies of target bond_generate_messages_eus[0m
[4.770s] [  0%] Built target bond_generate_messages_eus
[4.782s] [35m[1mScanning dependencies of target roscpp_generate_messages_py[0m
[4.794s] [  0%] Built target roscpp_generate_messages_py
[4.806s] [35m[1mScanning dependencies of target rosgraph_msgs_generate_messages_lisp[0m
[4.818s] [  0%] Built target rosgraph_msgs_generate_messages_lisp
[4.830s] [35m[1mScanning dependencies of target rosgraph_msgs_generate_messages_nodejs[0m
[4.843s] [  0%] Built target rosgraph_msgs_generate_messages_nodejs
[4.854s] [35m[1mScanning dependencies of target roscpp_generate_messages_eus[0m
[4.866s] [  0%] Built target roscpp_generate_messages_eus
[4.878s] [35m[1mScanning dependencies of target actionlib_msgs_generate_messages_eus[0m
[4.890s] [  0%] Built target actionlib_msgs_generate_messages_eus
[4.900s] [35m[1mScanning dependencies of target rosgraph_msgs_generate_messages_py[0m
[4.912s] [  0%] Built target rosgraph_msgs_generate_messages_py
[4.921s] [35m[1mScanning dependencies of target pcl_ros_gencfg[0m
[4.930s] [  0%] Built target pcl_ros_gencfg
[4.941s] [35m[1mScanning dependencies of target dynamic_reconfigure_generate_messages_eus[0m
[4.953s] [  0%] Built target dynamic_reconfigure_generate_messages_eus
[4.965s] [35m[1mScanning dependencies of target dynamic_reconfigure_generate_messages_nodejs[0m
[4.979s] [  0%] Built target dynamic_reconfigure_generate_messages_nodejs
[4.990s] [35m[1mScanning dependencies of target dynamic_reconfigure_generate_messages_py[0m
[5.002s] [  0%] Built target dynamic_reconfigure_generate_messages_py
[5.011s] [35m[1mScanning dependencies of target tf2_msgs_generate_messages_lisp[0m
[5.023s] [  0%] Built target tf2_msgs_generate_messages_lisp
[5.033s] [35m[1mScanning dependencies of target dynamic_reconfigure_gencfg[0m
[5.047s] [  0%] Built target dynamic_reconfigure_gencfg
[5.056s] [35m[1mScanning dependencies of target nodelet_generate_messages_cpp[0m
[5.065s] [  0%] Built target nodelet_generate_messages_cpp
[5.074s] [35m[1mScanning dependencies of target bond_generate_messages_py[0m
[5.087s] [  0%] Built target bond_generate_messages_py
[5.096s] [35m[1mScanning dependencies of target std_srvs_generate_messages_nodejs[0m
[5.108s] [  0%] Built target std_srvs_generate_messages_nodejs
[5.120s] [35m[1mScanning dependencies of target nodelet_generate_messages_eus[0m
[5.132s] [  0%] Built target nodelet_generate_messages_eus
[5.142s] [35m[1mScanning dependencies of target bond_generate_messages_cpp[0m
[5.154s] [  0%] Built target bond_generate_messages_cpp
[5.165s] [35m[1mScanning dependencies of target bond_generate_messages_nodejs[0m
[5.180s] [  0%] Built target bond_generate_messages_nodejs
[5.192s] [35m[1mScanning dependencies of target topic_tools_generate_messages_py[0m
[5.204s] [  0%] Built target topic_tools_generate_messages_py
[5.215s] [35m[1mScanning dependencies of target actionlib_msgs_generate_messages_nodejs[0m
[5.227s] [  0%] Built target actionlib_msgs_generate_messages_nodejs
[5.236s] [35m[1mScanning dependencies of target nodelet_topic_tools_gencfg[0m
[5.248s] [  0%] Built target nodelet_topic_tools_gencfg
[5.260s] [35m[1mScanning dependencies of target _catkin_empty_exported_target[0m
[5.272s] [  0%] Built target _catkin_empty_exported_target
[5.284s] [35m[1mScanning dependencies of target vscan2linelist_autogen[0m
[5.296s] [  4%] [34m[1mAutomatic MOC for target vscan2linelist[0m
[5.325s] [  4%] Built target vscan2linelist_autogen
[5.336s] [35m[1mScanning dependencies of target bond_generate_messages_lisp[0m
[5.348s] [  4%] Built target bond_generate_messages_lisp
[5.360s] [35m[1mScanning dependencies of target vscan2linelist[0m
[5.425s] [  9%] [32mBuilding CXX object CMakeFiles/vscan2linelist.dir/nodes/vscan2linelist/vscan2linelist.cpp.o[0m
[14.013s] [ 13%] [32mBuilding CXX object CMakeFiles/vscan2linelist.dir/vscan2linelist_autogen/mocs_compilation.cpp.o[0m
[14.035s] [ 18%] [32m[1mLinking CXX executable devel/lib/points2image/vscan2linelist[0m
[14.567s] [ 18%] Built target vscan2linelist
[14.578s] [35m[1mScanning dependencies of target std_msgs_generate_messages_nodejs[0m
[14.582s] [35m[1mScanning dependencies of target std_msgs_generate_messages_py[0m
[14.590s] [ 18%] Built target std_msgs_generate_messages_nodejs
[14.592s] [ 18%] Built target std_msgs_generate_messages_py
[14.600s] [35m[1mScanning dependencies of target jsk_recognition_msgs_generate_messages_eus[0m
[14.603s] [35m[1mScanning dependencies of target jsk_recognition_msgs_generate_messages_lisp[0m
[14.612s] [ 18%] Built target jsk_recognition_msgs_generate_messages_eus
[14.613s] [ 18%] Built target jsk_recognition_msgs_generate_messages_lisp
[14.622s] [35m[1mScanning dependencies of target pcl_msgs_generate_messages_eus[0m
[14.623s] [35m[1mScanning dependencies of target rosgraph_msgs_generate_messages_eus[0m
[14.633s] [ 18%] Built target pcl_msgs_generate_messages_eus
[14.633s] [ 18%] Built target rosgraph_msgs_generate_messages_eus
[14.645s] [35m[1mScanning dependencies of target roscpp_generate_messages_cpp[0m
[14.645s] [35m[1mScanning dependencies of target sensor_msgs_generate_messages_nodejs[0m
[14.657s] [ 18%] Built target sensor_msgs_generate_messages_nodejs
[14.657s] [ 18%] Built target roscpp_generate_messages_cpp
[14.671s] [35m[1mScanning dependencies of target geometry_msgs_generate_messages_py[0m
[14.671s] [35m[1mScanning dependencies of target std_srvs_generate_messages_py[0m
[14.683s] [ 18%] Built target geometry_msgs_generate_messages_py
[14.687s] [ 18%] Built target std_srvs_generate_messages_py
[14.695s] [35m[1mScanning dependencies of target topic_tools_generate_messages_cpp[0m
[14.704s] [35m[1mScanning dependencies of target topic_tools_generate_messages_eus[0m
[14.707s] [ 18%] Built target topic_tools_generate_messages_cpp
[14.716s] [ 18%] Built target topic_tools_generate_messages_eus
[14.718s] [35m[1mScanning dependencies of target topic_tools_generate_messages_nodejs[0m
[14.728s] [35m[1mScanning dependencies of target tf_generate_messages_lisp[0m
[14.732s] [ 18%] Built target topic_tools_generate_messages_nodejs
[14.739s] [ 18%] Built target tf_generate_messages_lisp
[14.747s] [35m[1mScanning dependencies of target tf_generate_messages_nodejs[0m
[14.750s] [35m[1mScanning dependencies of target actionlib_generate_messages_cpp[0m
[14.759s] [ 18%] Built target tf_generate_messages_nodejs
[14.760s] [ 18%] Built target actionlib_generate_messages_cpp
[14.771s] [35m[1mScanning dependencies of target tf2_msgs_generate_messages_py[0m
[14.771s] [35m[1mScanning dependencies of target actionlib_generate_messages_py[0m
[14.782s] [ 18%] Built target tf2_msgs_generate_messages_py
[14.784s] [ 18%] Built target actionlib_generate_messages_py
[14.792s] [35m[1mScanning dependencies of target tf2_msgs_generate_messages_cpp[0m
[14.795s] [35m[1mScanning dependencies of target tf2_msgs_generate_messages_eus[0m
[14.803s] [ 18%] Built target tf2_msgs_generate_messages_cpp
[14.808s] [ 18%] Built target tf2_msgs_generate_messages_eus
[14.817s] [35m[1mScanning dependencies of target tf2_msgs_generate_messages_nodejs[0m
[14.829s] [ 18%] Built target tf2_msgs_generate_messages_nodejs
[14.840s] [35m[1mScanning dependencies of target points_image_autogen[0m
[14.852s] [ 22%] [34m[1mAutomatic MOC for target points_image[0m
[14.879s] [ 22%] Built target points_image_autogen
[14.893s] [35m[1mScanning dependencies of target points_image[0m
[14.910s] [ 31%] [32mBuilding CXX object CMakeFiles/points_image.dir/lib/points_image/points_image.cpp.o[0m
[14.910s] [ 31%] [32mBuilding CXX object CMakeFiles/points_image.dir/points_image_autogen/mocs_compilation.cpp.o[0m
[17.059s] [ 36%] [32m[1mLinking CXX shared library devel/lib/libpoints_image.so[0m
[17.467s] [ 36%] Built target points_image
[17.479s] [35m[1mScanning dependencies of target points2image_autogen[0m
[17.480s] [35m[1mScanning dependencies of target points2vscan_autogen[0m
[17.486s] [35m[1mScanning dependencies of target vscan2image_autogen[0m
[17.494s] [ 40%] [34m[1mAutomatic MOC for target points2image[0m
[17.496s] [ 45%] [34m[1mAutomatic MOC for target points2vscan[0m
[17.499s] [ 50%] [34m[1mAutomatic MOC for target vscan2image[0m
[17.540s] [ 50%] Built target points2image_autogen
[17.548s] [ 50%] Built target vscan2image_autogen
[17.563s] [35m[1mScanning dependencies of target points2image[0m
[17.570s] [35m[1mScanning dependencies of target vscan2image[0m
[17.605s] [ 54%] [32mBuilding CXX object CMakeFiles/vscan2image.dir/vscan2image_autogen/mocs_compilation.cpp.o[0m
[17.615s] [ 59%] [32mBuilding CXX object CMakeFiles/points2image.dir/points2image_autogen/mocs_compilation.cpp.o[0m
[17.617s] [ 63%] [32mBuilding CXX object CMakeFiles/vscan2image.dir/nodes/vscan2image/vscan2image.cpp.o[0m
[17.623s] [ 68%] [32mBuilding CXX object CMakeFiles/points2image.dir/nodes/points2image/points2image.cpp.o[0m
[18.954s] [ 68%] Built target points2vscan_autogen
[18.980s] [ 72%] [34m[1mGenerating ui_mainwindow.h[0m
[19.011s] [35m[1mScanning dependencies of target points2vscan[0m
[19.128s] [ 77%] [32mBuilding CXX object CMakeFiles/points2vscan.dir/nodes/points2vscan/main.cpp.o[0m
[19.146s] [ 81%] [32mBuilding CXX object CMakeFiles/points2vscan.dir/points2vscan_autogen/mocs_compilation.cpp.o[0m
[19.148s] [ 86%] [32mBuilding CXX object CMakeFiles/points2vscan.dir/nodes/points2vscan/mainwindow.cpp.o[0m
[22.948s] [ 90%] [32m[1mLinking CXX executable devel/lib/points2image/vscan2image[0m
[23.197s] [ 95%] [32m[1mLinking CXX executable devel/lib/points2image/points2image[0m
[23.926s] [ 95%] Built target vscan2image
[24.121s] [ 95%] Built target points2image
[26.655s] [100%] [32m[1mLinking CXX executable devel/lib/points2image/points2vscan[0m
[33.456s] [100%] Built target points2vscan
[33.470s] Invoked command in '/home/point001/autoware.ai/build/points2image' returned '0': CMAKE_PREFIX_PATH=/home/point001/autoware.ai/install/rosinterface:/home/point001/autoware.ai/install/fastvirtualscan:/home/point001/autoware.ai/install/autoware_msgs:/home/point001/autoware.ai/install/autoware_build_flags:${CMAKE_PREFIX_PATH} LD_LIBRARY_PATH=/home/point001/autoware.ai/install/rosinterface/lib:/home/point001/autoware.ai/install/fastvirtualscan/lib:/opt/ros/melodic/lib:/usr/local/cuda-10.0/lib64 PKG_CONFIG_PATH=/home/point001/autoware.ai/install/rosinterface/lib/x86_64-linux-gnu/pkgconfig:/home/point001/autoware.ai/install/rosinterface/lib/pkgconfig:/home/point001/autoware.ai/install/fastvirtualscan/lib/x86_64-linux-gnu/pkgconfig:/home/point001/autoware.ai/install/fastvirtualscan/lib/pkgconfig:/home/point001/autoware.ai/install/autoware_msgs/lib/x86_64-linux-gnu/pkgconfig:/home/point001/autoware.ai/install/autoware_msgs/lib/pkgconfig:/home/point001/autoware.ai/install/autoware_build_flags/lib/x86_64-linux-gnu/pkgconfig:/home/point001/autoware.ai/install/autoware_build_flags/lib/pkgconfig:${PKG_CONFIG_PATH} PYTHONPATH=/home/point001/autoware.ai/install/autoware_msgs/lib/python2.7/dist-packages:${PYTHONPATH} ROS_PACKAGE_PATH=/home/point001/autoware.ai/install/rosinterface/share:/home/point001/autoware.ai/install/fastvirtualscan/share:/home/point001/autoware.ai/install/autoware_msgs/share:/home/point001/autoware.ai/install/autoware_build_flags/share:${ROS_PACKAGE_PATH} /usr/bin/cmake --build /home/point001/autoware.ai/build/points2image -- -j24 -l24
[33.581s] Invoking command in '/home/point001/autoware.ai/build/points2image': CMAKE_PREFIX_PATH=/home/point001/autoware.ai/install/rosinterface:/home/point001/autoware.ai/install/fastvirtualscan:/home/point001/autoware.ai/install/autoware_msgs:/home/point001/autoware.ai/install/autoware_build_flags:${CMAKE_PREFIX_PATH} LD_LIBRARY_PATH=/home/point001/autoware.ai/install/rosinterface/lib:/home/point001/autoware.ai/install/fastvirtualscan/lib:/opt/ros/melodic/lib:/usr/local/cuda-10.0/lib64 PKG_CONFIG_PATH=/home/point001/autoware.ai/install/rosinterface/lib/x86_64-linux-gnu/pkgconfig:/home/point001/autoware.ai/install/rosinterface/lib/pkgconfig:/home/point001/autoware.ai/install/fastvirtualscan/lib/x86_64-linux-gnu/pkgconfig:/home/point001/autoware.ai/install/fastvirtualscan/lib/pkgconfig:/home/point001/autoware.ai/install/autoware_msgs/lib/x86_64-linux-gnu/pkgconfig:/home/point001/autoware.ai/install/autoware_msgs/lib/pkgconfig:/home/point001/autoware.ai/install/autoware_build_flags/lib/x86_64-linux-gnu/pkgconfig:/home/point001/autoware.ai/install/autoware_build_flags/lib/pkgconfig:${PKG_CONFIG_PATH} PYTHONPATH=/home/point001/autoware.ai/install/autoware_msgs/lib/python2.7/dist-packages:${PYTHONPATH} ROS_PACKAGE_PATH=/home/point001/autoware.ai/install/rosinterface/share:/home/point001/autoware.ai/install/fastvirtualscan/share:/home/point001/autoware.ai/install/autoware_msgs/share:/home/point001/autoware.ai/install/autoware_build_flags/share:${ROS_PACKAGE_PATH} /usr/bin/cmake --build /home/point001/autoware.ai/build/points2image --target tests -- -j24 -l24
[33.648s] [35m[1mScanning dependencies of target tests[0m
[33.660s] Built target tests
[33.672s] Invoked command in '/home/point001/autoware.ai/build/points2image' returned '0': CMAKE_PREFIX_PATH=/home/point001/autoware.ai/install/rosinterface:/home/point001/autoware.ai/install/fastvirtualscan:/home/point001/autoware.ai/install/autoware_msgs:/home/point001/autoware.ai/install/autoware_build_flags:${CMAKE_PREFIX_PATH} LD_LIBRARY_PATH=/home/point001/autoware.ai/install/rosinterface/lib:/home/point001/autoware.ai/install/fastvirtualscan/lib:/opt/ros/melodic/lib:/usr/local/cuda-10.0/lib64 PKG_CONFIG_PATH=/home/point001/autoware.ai/install/rosinterface/lib/x86_64-linux-gnu/pkgconfig:/home/point001/autoware.ai/install/rosinterface/lib/pkgconfig:/home/point001/autoware.ai/install/fastvirtualscan/lib/x86_64-linux-gnu/pkgconfig:/home/point001/autoware.ai/install/fastvirtualscan/lib/pkgconfig:/home/point001/autoware.ai/install/autoware_msgs/lib/x86_64-linux-gnu/pkgconfig:/home/point001/autoware.ai/install/autoware_msgs/lib/pkgconfig:/home/point001/autoware.ai/install/autoware_build_flags/lib/x86_64-linux-gnu/pkgconfig:/home/point001/autoware.ai/install/autoware_build_flags/lib/pkgconfig:${PKG_CONFIG_PATH} PYTHONPATH=/home/point001/autoware.ai/install/autoware_msgs/lib/python2.7/dist-packages:${PYTHONPATH} ROS_PACKAGE_PATH=/home/point001/autoware.ai/install/rosinterface/share:/home/point001/autoware.ai/install/fastvirtualscan/share:/home/point001/autoware.ai/install/autoware_msgs/share:/home/point001/autoware.ai/install/autoware_build_flags/share:${ROS_PACKAGE_PATH} /usr/bin/cmake --build /home/point001/autoware.ai/build/points2image --target tests -- -j24 -l24
[33.785s] Invoking command in '/home/point001/autoware.ai/build/points2image': CMAKE_PREFIX_PATH=/home/point001/autoware.ai/install/rosinterface:/home/point001/autoware.ai/install/fastvirtualscan:/home/point001/autoware.ai/install/autoware_msgs:/home/point001/autoware.ai/install/autoware_build_flags:${CMAKE_PREFIX_PATH} LD_LIBRARY_PATH=/home/point001/autoware.ai/install/rosinterface/lib:/home/point001/autoware.ai/install/fastvirtualscan/lib:/opt/ros/melodic/lib:/usr/local/cuda-10.0/lib64 PKG_CONFIG_PATH=/home/point001/autoware.ai/install/rosinterface/lib/x86_64-linux-gnu/pkgconfig:/home/point001/autoware.ai/install/rosinterface/lib/pkgconfig:/home/point001/autoware.ai/install/fastvirtualscan/lib/x86_64-linux-gnu/pkgconfig:/home/point001/autoware.ai/install/fastvirtualscan/lib/pkgconfig:/home/point001/autoware.ai/install/autoware_msgs/lib/x86_64-linux-gnu/pkgconfig:/home/point001/autoware.ai/install/autoware_msgs/lib/pkgconfig:/home/point001/autoware.ai/install/autoware_build_flags/lib/x86_64-linux-gnu/pkgconfig:/home/point001/autoware.ai/install/autoware_build_flags/lib/pkgconfig:${PKG_CONFIG_PATH} PYTHONPATH=/home/point001/autoware.ai/install/autoware_msgs/lib/python2.7/dist-packages:${PYTHONPATH} ROS_PACKAGE_PATH=/home/point001/autoware.ai/install/rosinterface/share:/home/point001/autoware.ai/install/fastvirtualscan/share:/home/point001/autoware.ai/install/autoware_msgs/share:/home/point001/autoware.ai/install/autoware_build_flags/share:${ROS_PACKAGE_PATH} /usr/bin/cmake --build /home/point001/autoware.ai/build/points2image --target install -- -j24 -l24
[33.845s] [  0%] Built target std_srvs_generate_messages_lisp
[33.868s] [  0%] Built target sensor_msgs_generate_messages_eus
[33.892s] [  0%] Built target sensor_msgs_generate_messages_cpp
[33.916s] [  0%] Built target autoware_msgs_generate_messages_cpp
[33.939s] [  0%] Built target rosgraph_msgs_generate_messages_cpp
[33.961s] [  0%] Built target tf_generate_messages_py
[33.984s] [  0%] Built target dynamic_reconfigure_generate_messages_cpp
[34.003s] [  0%] Built target pcl_msgs_generate_messages_nodejs
[34.022s] [  0%] Built target nodelet_generate_messages_nodejs
[34.043s] [  0%] Built target jsk_recognition_msgs_generate_messages_py
[34.069s] [  0%] Built target sensor_msgs_generate_messages_lisp
[34.093s] [  0%] Built target std_msgs_generate_messages_cpp
[34.115s] [  0%] Built target jsk_footstep_msgs_generate_messages_py
[34.139s] [  0%] Built target sensor_msgs_generate_messages_py
[34.163s] [  0%] Built target nodelet_generate_messages_py
[34.183s] [  0%] Built target geometry_msgs_generate_messages_eus
[34.201s] [  0%] Built target std_msgs_generate_messages_lisp
[34.226s] [  0%] Built target roscpp_generate_messages_nodejs
[34.249s] [  0%] Built target geometry_msgs_generate_messages_nodejs
[34.269s] [  0%] Built target actionlib_generate_messages_eus
[34.283s] [  0%] Built target pcl_msgs_generate_messages_py
[34.301s] [  0%] Built target geometry_msgs_generate_messages_lisp
[34.322s] [  0%] Built target actionlib_generate_messages_lisp
[34.345s] [  0%] Built target geometry_msgs_generate_messages_cpp
[34.368s] [  0%] Built target pcl_msgs_generate_messages_cpp
[34.388s] [  0%] Built target dynamic_reconfigure_generate_messages_lisp
[34.404s] [  0%] Built target topic_tools_generate_messages_lisp
[34.427s] [  0%] Built target jsk_recognition_msgs_generate_messages_cpp
[34.448s] [  0%] Built target autoware_msgs_generate_messages_eus
[34.471s] [  0%] Built target autoware_msgs_generate_messages_lisp
[34.494s] [  0%] Built target autoware_msgs_generate_messages_py
[34.518s] [  0%] Built target nodelet_generate_messages_lisp
[34.541s] [  0%] Built target actionlib_generate_messages_nodejs
[34.565s] [  0%] Built target tf_generate_messages_cpp
[34.585s] [  0%] Built target pcl_msgs_generate_messages_lisp
[34.606s] [  0%] Built target std_msgs_generate_messages_eus
[34.629s] [  0%] Built target autoware_msgs_generate_messages_nodejs
[34.649s] [  0%] Built target jsk_footstep_msgs_generate_messages_eus
[34.672s] [  0%] Built target actionlib_msgs_generate_messages_py
[34.696s] [  0%] Built target jsk_footstep_msgs_generate_messages_lisp
[34.719s] [  0%] Built target jsk_footstep_msgs_generate_messages_nodejs
[34.739s] [  0%] Built target tf_generate_messages_eus
[34.763s] [  0%] Built target jsk_footstep_msgs_generate_messages_cpp
[34.786s] [  0%] Built target actionlib_msgs_generate_messages_cpp
[34.807s] [  0%] Built target std_srvs_generate_messages_cpp
[34.826s] [  0%] Built target actionlib_msgs_generate_messages_lisp
[34.846s] [  0%] Built target jsk_recognition_msgs_generate_messages_nodejs
[34.869s] [  0%] Built target std_srvs_generate_messages_eus
[34.890s] [  0%] Built target roscpp_generate_messages_lisp
[34.912s] [  0%] Built target bond_generate_messages_eus
[34.935s] [  0%] Built target roscpp_generate_messages_py
[34.958s] [  0%] Built target rosgraph_msgs_generate_messages_lisp
[34.978s] [  0%] Built target rosgraph_msgs_generate_messages_nodejs
[35.000s] [  0%] Built target roscpp_generate_messages_eus
[35.020s] [  0%] Built target actionlib_msgs_generate_messages_eus
[35.050s] [  0%] Built target rosgraph_msgs_generate_messages_py
[35.069s] [  0%] Built target pcl_ros_gencfg
[35.088s] [  0%] Built target dynamic_reconfigure_generate_messages_eus
[35.111s] [  0%] Built target dynamic_reconfigure_generate_messages_nodejs
[35.133s] [  0%] Built target dynamic_reconfigure_generate_messages_py
[35.150s] [  0%] Built target tf2_msgs_generate_messages_lisp
[35.171s] [  0%] Built target dynamic_reconfigure_gencfg
[35.191s] [  0%] Built target nodelet_generate_messages_cpp
[35.207s] [  0%] Built target bond_generate_messages_py
[35.225s] [  0%] Built target std_srvs_generate_messages_nodejs
[35.245s] [  0%] Built target nodelet_generate_messages_eus
[35.262s] [  0%] Built target bond_generate_messages_cpp
[35.283s] [  0%] Built target bond_generate_messages_nodejs
[35.305s] [  0%] Built target topic_tools_generate_messages_py
[35.323s] [  0%] Built target actionlib_msgs_generate_messages_nodejs
[35.340s] [  0%] Built target nodelet_topic_tools_gencfg
[35.362s] [  0%] Built target _catkin_empty_exported_target
[35.387s] [  4%] [34m[1mAutomatic MOC for target vscan2linelist[0m
[35.406s] [  4%] Built target vscan2linelist_autogen
[35.425s] [  4%] Built target bond_generate_messages_lisp
[35.458s] [ 18%] Built target vscan2linelist
[35.483s] [ 18%] Built target std_msgs_generate_messages_nodejs
[35.503s] [ 18%] Built target std_msgs_generate_messages_py
[35.524s] [ 18%] Built target jsk_recognition_msgs_generate_messages_eus
[35.546s] [ 18%] Built target jsk_recognition_msgs_generate_messages_lisp
[35.570s] [ 18%] Built target rosgraph_msgs_generate_messages_eus
[35.595s] [ 18%] Built target pcl_msgs_generate_messages_eus
[35.595s] [ 18%] Built target roscpp_generate_messages_cpp
[35.619s] [ 18%] Built target sensor_msgs_generate_messages_nodejs
[35.642s] [ 18%] Built target geometry_msgs_generate_messages_py
[35.665s] [ 18%] Built target std_srvs_generate_messages_py
[35.686s] [ 18%] Built target topic_tools_generate_messages_cpp
[35.709s] [ 18%] Built target topic_tools_generate_messages_eus
[35.732s] [ 18%] Built target topic_tools_generate_messages_nodejs
[35.755s] [ 18%] Built target tf_generate_messages_lisp
[35.775s] [ 18%] Built target tf_generate_messages_nodejs
[35.791s] [ 18%] Built target actionlib_generate_messages_cpp
[35.813s] [ 18%] Built target actionlib_generate_messages_py
[35.833s] [ 18%] Built target tf2_msgs_generate_messages_py
[35.854s] [ 18%] Built target tf2_msgs_generate_messages_cpp
[35.876s] [ 18%] Built target tf2_msgs_generate_messages_eus
[35.892s] [ 18%] Built target tf2_msgs_generate_messages_nodejs
[35.912s] [ 22%] [34m[1mAutomatic MOC for target points_image[0m
[35.935s] [ 22%] Built target points_image_autogen
[35.966s] [ 36%] Built target points_image
[35.990s] [ 40%] [34m[1mAutomatic MOC for target vscan2image[0m
[36.012s] [ 40%] Built target vscan2image_autogen
[36.037s] [ 45%] [34m[1mAutomatic MOC for target points2vscan[0m
[36.059s] [ 45%] Built target points2vscan_autogen
[36.095s] [ 59%] Built target vscan2image
[36.146s] [ 81%] Built target points2vscan
[36.169s] [ 86%] [34m[1mAutomatic MOC for target points2image[0m
[36.193s] [ 86%] Built target points2image_autogen
[36.230s] [100%] Built target points2image
[36.258s] [36mInstall the project...[0m
[36.268s] -- Install configuration: "Release"
[36.268s] -- Installing: /home/point001/autoware.ai/install/points2image/lib/pkgconfig/points2image.pc
[36.270s] -- Installing: /home/point001/autoware.ai/install/points2image/share/points2image/cmake/points2imageConfig.cmake
[36.270s] -- Installing: /home/point001/autoware.ai/install/points2image/share/points2image/cmake/points2imageConfig-version.cmake
[36.270s] -- Installing: /home/point001/autoware.ai/install/points2image/share/points2image/package.xml
[36.270s] -- Installing: /home/point001/autoware.ai/install/points2image/lib/libpoints_image.so
[36.270s] -- Set runtime path of "/home/point001/autoware.ai/install/points2image/lib/libpoints_image.so" to ""
[36.270s] -- Installing: /home/point001/autoware.ai/install/points2image/lib/points2image/vscan2linelist
[36.274s] -- Set runtime path of "/home/point001/autoware.ai/install/points2image/lib/points2image/vscan2linelist" to ""
[36.274s] -- Installing: /home/point001/autoware.ai/install/points2image/lib/points2image/vscan2image
[36.276s] -- Set runtime path of "/home/point001/autoware.ai/install/points2image/lib/points2image/vscan2image" to ""
[36.277s] -- Installing: /home/point001/autoware.ai/install/points2image/lib/points2image/points2image
[36.279s] -- Set runtime path of "/home/point001/autoware.ai/install/points2image/lib/points2image/points2image" to ""
[36.279s] -- Installing: /home/point001/autoware.ai/install/points2image/lib/points2image/points2vscan
[36.284s] -- Set runtime path of "/home/point001/autoware.ai/install/points2image/lib/points2image/points2vscan" to ""
[36.287s] Invoked command in '/home/point001/autoware.ai/build/points2image' returned '0': CMAKE_PREFIX_PATH=/home/point001/autoware.ai/install/rosinterface:/home/point001/autoware.ai/install/fastvirtualscan:/home/point001/autoware.ai/install/autoware_msgs:/home/point001/autoware.ai/install/autoware_build_flags:${CMAKE_PREFIX_PATH} LD_LIBRARY_PATH=/home/point001/autoware.ai/install/rosinterface/lib:/home/point001/autoware.ai/install/fastvirtualscan/lib:/opt/ros/melodic/lib:/usr/local/cuda-10.0/lib64 PKG_CONFIG_PATH=/home/point001/autoware.ai/install/rosinterface/lib/x86_64-linux-gnu/pkgconfig:/home/point001/autoware.ai/install/rosinterface/lib/pkgconfig:/home/point001/autoware.ai/install/fastvirtualscan/lib/x86_64-linux-gnu/pkgconfig:/home/point001/autoware.ai/install/fastvirtualscan/lib/pkgconfig:/home/point001/autoware.ai/install/autoware_msgs/lib/x86_64-linux-gnu/pkgconfig:/home/point001/autoware.ai/install/autoware_msgs/lib/pkgconfig:/home/point001/autoware.ai/install/autoware_build_flags/lib/x86_64-linux-gnu/pkgconfig:/home/point001/autoware.ai/install/autoware_build_flags/lib/pkgconfig:${PKG_CONFIG_PATH} PYTHONPATH=/home/point001/autoware.ai/install/autoware_msgs/lib/python2.7/dist-packages:${PYTHONPATH} ROS_PACKAGE_PATH=/home/point001/autoware.ai/install/rosinterface/share:/home/point001/autoware.ai/install/fastvirtualscan/share:/home/point001/autoware.ai/install/autoware_msgs/share:/home/point001/autoware.ai/install/autoware_build_flags/share:${ROS_PACKAGE_PATH} /usr/bin/cmake --build /home/point001/autoware.ai/build/points2image --target install -- -j24 -l24
