[  0%] Built target nodelet_generate_messages_cpp
[  0%] Built target pcl_msgs_generate_messages_lisp
[  0%] Built target tf_generate_messages_cpp
[  0%] Built target actionlib_generate_messages_nodejs
[  0%] Built target pcl_msgs_generate_messages_eus
[  0%] Built target people_msgs_generate_messages_nodejs
[  0%] Built target actionlib_generate_messages_eus
[  0%] Built target pcl_msgs_generate_messages_cpp
[  0%] Built target sensor_msgs_generate_messages_py
[  0%] Built target nodelet_generate_messages_py
[  0%] Built target sensor_msgs_generate_messages_nodejs
[  0%] Built target sensor_msgs_generate_messages_eus
[  0%] Built target sensor_msgs_generate_messages_cpp
[  0%] Built target jsk_recognition_msgs_generate_messages_py
[  0%] Built target dynamic_reconfigure_generate_messages_eus
[  0%] Built target autoware_config_msgs_generate_messages_eus
[  0%] Built target jsk_rviz_plugins_gencfg
[  0%] Built target rviz_generate_messages_lisp
[  0%] Built target visualization_msgs_generate_messages_lisp
[  0%] Built target rosgraph_msgs_generate_messages_nodejs
[  0%] Built target autoware_config_msgs_generate_messages_cpp
[  0%] Built target autoware_msgs_generate_messages_nodejs
[  0%] Built target jsk_recognition_utils_gencfg
[  0%] Built target jsk_rviz_plugins_generate_messages_lisp
[  0%] Built target rosgraph_msgs_generate_messages_py
[  0%] Built target actionlib_msgs_generate_messages_eus
[  0%] Built target roscpp_generate_messages_eus
[  0%] Built target autoware_config_msgs_generate_messages_py
[  0%] Built target pcl_msgs_generate_messages_nodejs
[  0%] Built target bond_generate_messages_nodejs
[  0%] Built target autoware_system_msgs_generate_messages_lisp
[  0%] Built target actionlib_msgs_generate_messages_nodejs
[  0%] Built target topic_tools_generate_messages_py
[  0%] Built target map_msgs_generate_messages_nodejs
[  0%] Built target jsk_footstep_msgs_generate_messages_py
[  0%] Built target jsk_rviz_plugins_generate_messages_cpp
[  0%] Built target geometry_msgs_generate_messages_nodejs
[  0%] Built target std_msgs_generate_messages_py
[  0%] Built target autoware_msgs_generate_messages_py
[  0%] Built target std_msgs_generate_messages_eus
[  0%] Built target nodelet_generate_messages_lisp
[  0%] Built target jsk_recognition_msgs_generate_messages_nodejs
[  0%] Built target roscpp_generate_messages_lisp
[  0%] Built target rosgraph_msgs_generate_messages_eus
[  0%] Built target sensor_msgs_generate_messages_lisp
[  0%] Built target nav_msgs_generate_messages_cpp
[  0%] Built target std_srvs_generate_messages_cpp
[  0%] Built target jsk_recognition_msgs_generate_messages_eus
[  0%] Built target autoware_system_msgs_generate_messages_eus
[  0%] Built target jsk_hark_msgs_generate_messages_cpp
[  0%] Built target rosgraph_msgs_generate_messages_lisp
[  0%] Built target dynamic_reconfigure_generate_messages_cpp
[  0%] Built target rosgraph_msgs_generate_messages_cpp
[  0%] Built target nav_msgs_generate_messages_lisp
[  0%] Built target autoware_msgs_generate_messages_cpp
[  0%] Built target diagnostic_msgs_generate_messages_lisp
[  0%] Built target autoware_msgs_generate_messages_eus
[  0%] Built target topic_tools_generate_messages_lisp
[  0%] Built target std_srvs_generate_messages_eus
[  0%] Built target autoware_msgs_generate_messages_lisp
[  0%] Built target autoware_config_msgs_generate_messages_nodejs
[  0%] Built target tf_generate_messages_nodejs
[  0%] Built target autoware_system_msgs_generate_messages_cpp
[  0%] Built target geometry_msgs_generate_messages_eus
[  0%] Built target nodelet_topic_tools_gencfg
[  0%] Built target geometry_msgs_generate_messages_cpp
[  0%] Built target actionlib_generate_messages_lisp
[  0%] Built target jsk_hark_msgs_generate_messages_eus
[  0%] Built target jsk_rviz_plugins_generate_messages_py
[  0%] Built target geometry_msgs_generate_messages_py
[  0%] Built target jsk_hark_msgs_generate_messages_lisp
[  0%] Built target std_msgs_generate_messages_cpp
[  0%] Built target dynamic_reconfigure_gencfg
[  0%] Built target jsk_recognition_msgs_generate_messages_lisp
[  0%] Built target nav_msgs_generate_messages_py
[  0%] Built target roscpp_generate_messages_py
[  0%] Built target jsk_footstep_msgs_generate_messages_nodejs
[  0%] Built target nodelet_generate_messages_eus
[  0%] Built target roscpp_generate_messages_cpp
[  0%] Built target map_msgs_generate_messages_eus
[  0%] Built target geometry_msgs_generate_messages_lisp
[  0%] Built target nodelet_generate_messages_nodejs
[  0%] Built target bond_generate_messages_cpp
[  0%] Built target bond_generate_messages_lisp
[  0%] Built target bond_generate_messages_py
[  0%] Built target std_srvs_generate_messages_lisp
[  0%] Built target autoware_system_msgs_generate_messages_py
[  0%] Built target std_srvs_generate_messages_nodejs
[  0%] Built target std_srvs_generate_messages_py
[  0%] Built target topic_tools_generate_messages_cpp
[  0%] Built target bond_generate_messages_eus
[  0%] Built target topic_tools_generate_messages_eus
[  0%] Built target tf_generate_messages_py
[  0%] Built target topic_tools_generate_messages_nodejs
[  0%] Built target tf_generate_messages_lisp
[  0%] Built target actionlib_generate_messages_py
[  0%] Built target tf2_msgs_generate_messages_py
[  0%] Built target map_msgs_generate_messages_cpp
[  0%] Built target tf2_msgs_generate_messages_cpp
[  0%] Built target jsk_recognition_msgs_generate_messages_cpp
[  0%] Built target tf2_msgs_generate_messages_eus
[  0%] Built target visualization_msgs_generate_messages_cpp
[  0%] Built target nav_msgs_generate_messages_eus
[  0%] Built target tf2_msgs_generate_messages_nodejs
[  0%] Built target dynamic_reconfigure_generate_messages_lisp
[  0%] Built target visualization_msgs_generate_messages_eus
[  0%] Built target visualization_msgs_generate_messages_nodejs
[  0%] Built target visualization_msgs_generate_messages_py
[  0%] Built target people_msgs_generate_messages_cpp
[  0%] Built target people_msgs_generate_messages_eus
[  0%] Built target rviz_generate_messages_eus
[  0%] Built target people_msgs_generate_messages_lisp
[  0%] Built target rviz_generate_messages_py
[  0%] Built target map_msgs_generate_messages_lisp
[  0%] Built target tf2_msgs_generate_messages_lisp
[  0%] Built target velodyne_msgs_generate_messages_py
[  0%] Built target nav_msgs_generate_messages_nodejs
[  0%] Built target rviz_generate_messages_cpp
[  0%] Built target velodyne_driver_gencfg
[  0%] Built target diagnostic_msgs_generate_messages_eus
[  0%] Built target diagnostic_msgs_generate_messages_nodejs
[  0%] Built target roscpp_generate_messages_nodejs
[  0%] Built target velodyne_msgs_generate_messages_eus
[  0%] Built target velodyne_msgs_generate_messages_lisp
[  0%] Built target diagnostic_msgs_generate_messages_py
[  0%] Built target velodyne_msgs_generate_messages_nodejs
[  0%] Built target people_msgs_generate_messages_py
[  0%] Built target map_msgs_generate_messages_py
[  0%] Built target jsk_hark_msgs_generate_messages_py
[  0%] Built target actionlib_generate_messages_cpp
[  0%] Built target autoware_config_msgs_generate_messages_lisp
[  0%] Built target diagnostic_msgs_generate_messages_cpp
[  0%] Built target jsk_rviz_plugins_generate_messages_eus
[  0%] Built target pcl_msgs_generate_messages_py
[  0%] Built target jsk_footstep_msgs_generate_messages_eus
[  0%] Built target jsk_hark_msgs_generate_messages_nodejs
[  0%] Built target actionlib_msgs_generate_messages_py
[  0%] Built target std_msgs_generate_messages_nodejs
[  0%] Built target jsk_footstep_msgs_generate_messages_lisp
[  0%] Built target tf_generate_messages_eus
[  0%] Built target jsk_footstep_msgs_generate_messages_cpp
[  0%] Built target actionlib_msgs_generate_messages_cpp
[  0%] Built target autoware_system_msgs_generate_messages_nodejs
[  0%] Built target actionlib_msgs_generate_messages_lisp
[  0%] Built target std_msgs_generate_messages_lisp
[  0%] Built target velodyne_pointcloud_gencfg
[  0%] Built target rviz_generate_messages_nodejs
[  0%] Built target jsk_rviz_plugins_generate_messages_nodejs
[  0%] Built target velodyne_msgs_generate_messages_cpp
[  0%] Built target pcl_ros_gencfg
[  0%] Built target dynamic_reconfigure_generate_messages_nodejs
[  0%] Built target dynamic_reconfigure_generate_messages_py
[  5%] [32m[1mLinking CXX executable devel/lib/lidar_localizer/icp_matching[0m
[ 10%] Built target icp_matching
[ 15%] [32m[1mLinking CXX executable devel/lib/lidar_localizer/ndt_mapping_tku[0m
[ 20%] Built target ndt_mapping_tku
[ 25%] [32m[1mLinking CXX executable devel/lib/lidar_localizer/queue_counter[0m
[ 30%] [32m[1mLinking CXX shared library devel/lib/libndt_matching_monitor_lib.so[0m
[ 35%] [32m[1mLinking CXX executable devel/lib/lidar_localizer/ndt_mapping[0m
[ 40%] [32m[1mLinking CXX executable devel/lib/lidar_localizer/approximate_ndt_mapping[0m
[ 45%] [32m[1mLinking CXX executable devel/lib/lidar_localizer/ndt_matching[0m
[ 50%] Built target ndt_matching_monitor_lib
[ 55%] Built target queue_counter
[ 65%] [32m[1mLinking CXX executable devel/lib/lidar_localizer/ndt_matching_tku[0m
[ 65%] [32m[1mLinking CXX executable devel/lib/lidar_localizer/mapping[0m
[ 70%] [32m[1mLinking CXX executable devel/lib/lidar_localizer/ndt_matching_monitor[0m
[ 75%] Built target ndt_matching_tku
[ 80%] Built target ndt_matching_monitor
[ 85%] Built target mapping
[ 90%] Built target ndt_matching
[ 95%] Built target approximate_ndt_mapping
[100%] Built target ndt_mapping
[35m[1mScanning dependencies of target gtest[0m
[ 25%] [32mBuilding CXX object gtest/googlemock/gtest/CMakeFiles/gtest.dir/src/gtest-all.cc.o[0m
[ 50%] [32m[1mLinking CXX shared library libgtest.so[0m
[ 50%] Built target gtest
[ 75%] [32m[1mLinking CXX executable devel/lib/lidar_localizer/test_launch_ndt_matching[0m
[100%] Built target test_launch_ndt_matching
[100%] Built target tests
[  0%] Built target velodyne_msgs_generate_messages_cpp
[  0%] Built target velodyne_pointcloud_gencfg
[  0%] Built target pcl_ros_gencfg
[  0%] Built target nodelet_generate_messages_cpp
[  0%] Built target rviz_generate_messages_nodejs
[  0%] Built target dynamic_reconfigure_generate_messages_nodejs
[  0%] Built target actionlib_msgs_generate_messages_lisp
[  0%] Built target dynamic_reconfigure_generate_messages_py
[  0%] Built target jsk_rviz_plugins_generate_messages_nodejs
[  0%] Built target autoware_system_msgs_generate_messages_nodejs
[  0%] Built target actionlib_msgs_generate_messages_cpp
[  0%] Built target std_msgs_generate_messages_lisp
[  0%] Built target pcl_msgs_generate_messages_eus
[  0%] Built target tf_generate_messages_cpp
[  0%] Built target pcl_msgs_generate_messages_lisp
[  0%] Built target actionlib_generate_messages_nodejs
[  0%] Built target people_msgs_generate_messages_nodejs
[  0%] Built target autoware_config_msgs_generate_messages_lisp
[  0%] Built target sensor_msgs_generate_messages_nodejs
[  0%] Built target nodelet_generate_messages_py
[  0%] Built target sensor_msgs_generate_messages_py
[  0%] Built target diagnostic_msgs_generate_messages_cpp
[  0%] Built target sensor_msgs_generate_messages_cpp
[  0%] Built target sensor_msgs_generate_messages_eus
[  0%] Built target actionlib_generate_messages_eus
[  0%] Built target jsk_recognition_msgs_generate_messages_py
[  0%] Built target dynamic_reconfigure_generate_messages_eus
[  0%] Built target visualization_msgs_generate_messages_lisp
[  0%] Built target pcl_msgs_generate_messages_cpp
[  0%] Built target autoware_config_msgs_generate_messages_eus
[  0%] Built target autoware_config_msgs_generate_messages_cpp
[  0%] Built target autoware_msgs_generate_messages_nodejs
[  0%] Built target rosgraph_msgs_generate_messages_nodejs
[  0%] Built target jsk_rviz_plugins_generate_messages_lisp
[  0%] Built target jsk_recognition_utils_gencfg
[  0%] Built target rviz_generate_messages_lisp
[  0%] Built target roscpp_generate_messages_eus
[  0%] Built target jsk_rviz_plugins_gencfg
[  0%] Built target bond_generate_messages_nodejs
[  0%] Built target actionlib_msgs_generate_messages_eus
[  0%] Built target autoware_config_msgs_generate_messages_py
[  0%] Built target rosgraph_msgs_generate_messages_py
[  0%] Built target topic_tools_generate_messages_py
[  0%] Built target autoware_system_msgs_generate_messages_lisp
[  0%] Built target jsk_rviz_plugins_generate_messages_cpp
[  0%] Built target jsk_footstep_msgs_generate_messages_py
[  0%] Built target map_msgs_generate_messages_nodejs
[  0%] Built target geometry_msgs_generate_messages_nodejs
[  0%] Built target std_msgs_generate_messages_eus
[  0%] Built target actionlib_msgs_generate_messages_nodejs
[  0%] Built target roscpp_generate_messages_lisp
[  0%] Built target rosgraph_msgs_generate_messages_eus
[  0%] Built target autoware_msgs_generate_messages_py
[  0%] Built target std_msgs_generate_messages_py
[  0%] Built target nodelet_generate_messages_lisp
[  0%] Built target jsk_recognition_msgs_generate_messages_nodejs
[  0%] Built target sensor_msgs_generate_messages_lisp
[  0%] Built target std_srvs_generate_messages_cpp
[  0%] Built target autoware_system_msgs_generate_messages_eus
[  0%] Built target jsk_recognition_msgs_generate_messages_eus
[  0%] Built target jsk_hark_msgs_generate_messages_cpp
[  0%] Built target nav_msgs_generate_messages_cpp
[  0%] Built target autoware_msgs_generate_messages_cpp
[  0%] Built target diagnostic_msgs_generate_messages_lisp
[  0%] Built target rosgraph_msgs_generate_messages_lisp
[  0%] Built target nav_msgs_generate_messages_lisp
[  0%] Built target rosgraph_msgs_generate_messages_cpp
[  0%] Built target topic_tools_generate_messages_lisp
[  0%] Built target autoware_msgs_generate_messages_lisp
[  0%] Built target std_srvs_generate_messages_eus
[  0%] Built target autoware_msgs_generate_messages_eus
[  0%] Built target autoware_config_msgs_generate_messages_nodejs
[  0%] Built target tf_generate_messages_nodejs
[  0%] Built target dynamic_reconfigure_generate_messages_cpp
[  0%] Built target geometry_msgs_generate_messages_eus
[  0%] Built target autoware_system_msgs_generate_messages_cpp
[  0%] Built target nodelet_topic_tools_gencfg
[  0%] Built target jsk_rviz_plugins_generate_messages_py
[  0%] Built target actionlib_generate_messages_lisp
[  0%] Built target jsk_hark_msgs_generate_messages_eus
[  0%] Built target geometry_msgs_generate_messages_py
[  0%] Built target geometry_msgs_generate_messages_cpp
[  0%] Built target jsk_hark_msgs_generate_messages_lisp
[  0%] Built target dynamic_reconfigure_gencfg
[  0%] Built target roscpp_generate_messages_cpp
[  0%] Built target jsk_footstep_msgs_generate_messages_nodejs
[  0%] Built target roscpp_generate_messages_py
[  0%] Built target nav_msgs_generate_messages_py
[  0%] Built target jsk_recognition_msgs_generate_messages_lisp
[  0%] Built target map_msgs_generate_messages_eus
[  0%] Built target geometry_msgs_generate_messages_lisp
[  0%] Built target nodelet_generate_messages_eus
[  0%] Built target nodelet_generate_messages_nodejs
[  0%] Built target bond_generate_messages_cpp
[  0%] Built target bond_generate_messages_lisp
[  0%] Built target std_msgs_generate_messages_cpp
[  0%] Built target std_srvs_generate_messages_lisp
[  0%] Built target bond_generate_messages_py
[  0%] Built target pcl_msgs_generate_messages_nodejs
[  0%] Built target autoware_system_msgs_generate_messages_py
[  0%] Built target bond_generate_messages_eus
[  0%] Built target std_srvs_generate_messages_nodejs
[  0%] Built target tf_generate_messages_py
[  0%] Built target topic_tools_generate_messages_eus
[  0%] Built target topic_tools_generate_messages_nodejs
[  0%] Built target tf_generate_messages_lisp
[  0%] Built target actionlib_generate_messages_py
[  0%] Built target tf2_msgs_generate_messages_py
[  0%] Built target tf2_msgs_generate_messages_eus
[  0%] Built target map_msgs_generate_messages_cpp
[  0%] Built target tf2_msgs_generate_messages_cpp
[  0%] Built target nav_msgs_generate_messages_eus
[  0%] Built target dynamic_reconfigure_generate_messages_lisp
[  0%] Built target jsk_recognition_msgs_generate_messages_cpp
[  0%] Built target tf2_msgs_generate_messages_nodejs
[  0%] Built target visualization_msgs_generate_messages_cpp
[  0%] Built target visualization_msgs_generate_messages_eus
[  0%] Built target visualization_msgs_generate_messages_nodejs
[  0%] Built target visualization_msgs_generate_messages_py
[  0%] Built target people_msgs_generate_messages_cpp
[  0%] Built target people_msgs_generate_messages_eus
[  0%] Built target rviz_generate_messages_eus
[  0%] Built target tf2_msgs_generate_messages_lisp
[  0%] Built target rviz_generate_messages_py
[  0%] Built target map_msgs_generate_messages_lisp
[  0%] Built target people_msgs_generate_messages_lisp
[  0%] Built target velodyne_msgs_generate_messages_py
[  0%] Built target nav_msgs_generate_messages_nodejs
[  0%] Built target diagnostic_msgs_generate_messages_eus
[  0%] Built target rviz_generate_messages_cpp
[  0%] Built target velodyne_driver_gencfg
[  0%] Built target diagnostic_msgs_generate_messages_nodejs
[  0%] Built target velodyne_msgs_generate_messages_eus
[  0%] Built target roscpp_generate_messages_nodejs
[  0%] Built target velodyne_msgs_generate_messages_lisp
[  0%] Built target diagnostic_msgs_generate_messages_py
[  0%] Built target people_msgs_generate_messages_py
[  0%] Built target topic_tools_generate_messages_cpp
[  0%] Built target map_msgs_generate_messages_py
[  0%] Built target velodyne_msgs_generate_messages_nodejs
[  0%] Built target std_srvs_generate_messages_py
[  0%] Built target jsk_hark_msgs_generate_messages_py
[  0%] Built target actionlib_generate_messages_cpp
[  0%] Built target jsk_rviz_plugins_generate_messages_eus
[  0%] Built target jsk_footstep_msgs_generate_messages_eus
[  0%] Built target jsk_hark_msgs_generate_messages_nodejs
[  0%] Built target pcl_msgs_generate_messages_py
[  0%] Built target jsk_footstep_msgs_generate_messages_lisp
[  0%] Built target std_msgs_generate_messages_nodejs
[  0%] Built target actionlib_msgs_generate_messages_py
[  0%] Built target jsk_footstep_msgs_generate_messages_cpp
[  0%] Built target tf_generate_messages_eus
[ 10%] Built target queue_counter
[ 20%] Built target mapping
[ 30%] Built target ndt_mapping_tku
[ 40%] Built target ndt_matching_tku
[ 50%] Built target icp_matching
[ 60%] Built target approximate_ndt_mapping
[ 70%] Built target ndt_matching_monitor_lib
[ 80%] Built target ndt_matching
[ 90%] Built target ndt_mapping
[100%] Built target ndt_matching_monitor
[36mInstall the project...[0m
-- Install configuration: "Release"
-- Up-to-date: /home/point001/autoware.ai/install/lidar_localizer/lib/pkgconfig/lidar_localizer.pc
-- Up-to-date: /home/point001/autoware.ai/install/lidar_localizer/share/lidar_localizer/cmake/lidar_localizerConfig.cmake
-- Up-to-date: /home/point001/autoware.ai/install/lidar_localizer/share/lidar_localizer/cmake/lidar_localizerConfig-version.cmake
-- Up-to-date: /home/point001/autoware.ai/install/lidar_localizer/share/lidar_localizer/package.xml
-- Installing: /home/point001/autoware.ai/install/lidar_localizer/lib/lidar_localizer/approximate_ndt_mapping
-- Set runtime path of "/home/point001/autoware.ai/install/lidar_localizer/lib/lidar_localizer/approximate_ndt_mapping" to ""
-- Installing: /home/point001/autoware.ai/install/lidar_localizer/lib/lidar_localizer/icp_matching
-- Set runtime path of "/home/point001/autoware.ai/install/lidar_localizer/lib/lidar_localizer/icp_matching" to ""
-- Installing: /home/point001/autoware.ai/install/lidar_localizer/lib/lidar_localizer/mapping
-- Set runtime path of "/home/point001/autoware.ai/install/lidar_localizer/lib/lidar_localizer/mapping" to ""
-- Installing: /home/point001/autoware.ai/install/lidar_localizer/lib/lidar_localizer/ndt_mapping
-- Set runtime path of "/home/point001/autoware.ai/install/lidar_localizer/lib/lidar_localizer/ndt_mapping" to ""
-- Installing: /home/point001/autoware.ai/install/lidar_localizer/lib/lidar_localizer/ndt_mapping_tku
-- Set runtime path of "/home/point001/autoware.ai/install/lidar_localizer/lib/lidar_localizer/ndt_mapping_tku" to ""
-- Installing: /home/point001/autoware.ai/install/lidar_localizer/lib/lidar_localizer/ndt_matching
-- Set runtime path of "/home/point001/autoware.ai/install/lidar_localizer/lib/lidar_localizer/ndt_matching" to ""
-- Installing: /home/point001/autoware.ai/install/lidar_localizer/lib/lidar_localizer/ndt_matching_monitor
-- Set runtime path of "/home/point001/autoware.ai/install/lidar_localizer/lib/lidar_localizer/ndt_matching_monitor" to ""
-- Installing: /home/point001/autoware.ai/install/lidar_localizer/lib/libndt_matching_monitor_lib.so
-- Set runtime path of "/home/point001/autoware.ai/install/lidar_localizer/lib/libndt_matching_monitor_lib.so" to ""
-- Installing: /home/point001/autoware.ai/install/lidar_localizer/lib/lidar_localizer/queue_counter
-- Set runtime path of "/home/point001/autoware.ai/install/lidar_localizer/lib/lidar_localizer/queue_counter" to ""
-- Up-to-date: /home/point001/autoware.ai/install/lidar_localizer/share/lidar_localizer/launch
-- Up-to-date: /home/point001/autoware.ai/install/lidar_localizer/share/lidar_localizer/launch/ndt_matching_monitor.launch
-- Up-to-date: /home/point001/autoware.ai/install/lidar_localizer/share/lidar_localizer/launch/ndt_mapping_tku.launch
-- Up-to-date: /home/point001/autoware.ai/install/lidar_localizer/share/lidar_localizer/launch/ndt_matching_tku.launch
-- Up-to-date: /home/point001/autoware.ai/install/lidar_localizer/share/lidar_localizer/launch/ndt_matching.launch
-- Up-to-date: /home/point001/autoware.ai/install/lidar_localizer/share/lidar_localizer/launch/ndt_matching_tku_org.launch
-- Up-to-date: /home/point001/autoware.ai/install/lidar_localizer/share/lidar_localizer/launch/approximate_ndt_mapping.launch
-- Up-to-date: /home/point001/autoware.ai/install/lidar_localizer/share/lidar_localizer/launch/ndt_mapping.launch
-- Up-to-date: /home/point001/autoware.ai/install/lidar_localizer/share/lidar_localizer/launch/icp_matching.launch
