[0.254s] Invoking command in '/home/point001/autoware.ai/build/autoware_lanelet2_msgs': /usr/bin/cmake --build /home/point001/autoware.ai/build/autoware_lanelet2_msgs -- -j24 -l24
[0.689s] [  0%] Built target std_msgs_generate_messages_py
[0.689s] [  0%] Built target std_msgs_generate_messages_lisp
[0.689s] [  0%] Built target std_msgs_generate_messages_eus
[0.689s] [  0%] Built target std_msgs_generate_messages_nodejs
[0.689s] [  0%] Built target std_msgs_generate_messages_cpp
[0.689s] [  0%] Built target _autoware_lanelet2_msgs_generate_messages_check_deps_MapBin
[0.801s] [ 28%] Built target autoware_lanelet2_msgs_generate_messages_py
[0.853s] [ 42%] Built target autoware_lanelet2_msgs_generate_messages_nodejs
[0.875s] [ 57%] Built target autoware_lanelet2_msgs_generate_messages_cpp
[0.899s] [ 71%] Built target autoware_lanelet2_msgs_generate_messages_lisp
[0.928s] [100%] Built target autoware_lanelet2_msgs_generate_messages_eus
[1.107s] [100%] Built target autoware_lanelet2_msgs_generate_messages
[1.248s] Invoked command in '/home/point001/autoware.ai/build/autoware_lanelet2_msgs' returned '0': /usr/bin/cmake --build /home/point001/autoware.ai/build/autoware_lanelet2_msgs -- -j24 -l24
[1.374s] Invoking command in '/home/point001/autoware.ai/build/autoware_lanelet2_msgs': /usr/bin/cmake --build /home/point001/autoware.ai/build/autoware_lanelet2_msgs --target tests -- -j24 -l24
[1.508s] Built target tests
[1.573s] Invoked command in '/home/point001/autoware.ai/build/autoware_lanelet2_msgs' returned '0': /usr/bin/cmake --build /home/point001/autoware.ai/build/autoware_lanelet2_msgs --target tests -- -j24 -l24
[1.720s] Invoking command in '/home/point001/autoware.ai/build/autoware_lanelet2_msgs': /usr/bin/cmake --build /home/point001/autoware.ai/build/autoware_lanelet2_msgs --target install -- -j24 -l24
[1.804s] [  0%] Built target std_msgs_generate_messages_lisp
[1.806s] [  0%] Built target std_msgs_generate_messages_cpp
[1.813s] [  0%] Built target std_msgs_generate_messages_py
[1.824s] [  0%] Built target std_msgs_generate_messages_nodejs
[1.825s] [  0%] Built target std_msgs_generate_messages_eus
[1.869s] [  0%] Built target _autoware_lanelet2_msgs_generate_messages_check_deps_MapBin
[1.929s] [ 14%] Built target autoware_lanelet2_msgs_generate_messages_nodejs
[1.942s] [ 42%] Built target autoware_lanelet2_msgs_generate_messages_py
[1.946s] [ 71%] Built target autoware_lanelet2_msgs_generate_messages_lisp
[1.946s] [ 71%] Built target autoware_lanelet2_msgs_generate_messages_cpp
[1.954s] [100%] Built target autoware_lanelet2_msgs_generate_messages_eus
[2.120s] [100%] Built target autoware_lanelet2_msgs_generate_messages
[2.191s] [36mInstall the project...[0m
[2.227s] -- Install configuration: "Release"
[2.227s] -- Up-to-date: /home/point001/autoware.ai/install/autoware_lanelet2_msgs/share/autoware_lanelet2_msgs/msg/MapBin.msg
[2.227s] -- Up-to-date: /home/point001/autoware.ai/install/autoware_lanelet2_msgs/share/autoware_lanelet2_msgs/cmake/autoware_lanelet2_msgs-msg-paths.cmake
[2.227s] -- Up-to-date: /home/point001/autoware.ai/install/autoware_lanelet2_msgs/include/autoware_lanelet2_msgs
[2.227s] -- Up-to-date: /home/point001/autoware.ai/install/autoware_lanelet2_msgs/include/autoware_lanelet2_msgs/MapBin.h
[2.227s] -- Up-to-date: /home/point001/autoware.ai/install/autoware_lanelet2_msgs/share/roseus/ros/autoware_lanelet2_msgs
[2.227s] -- Up-to-date: /home/point001/autoware.ai/install/autoware_lanelet2_msgs/share/roseus/ros/autoware_lanelet2_msgs/manifest.l
[2.228s] -- Up-to-date: /home/point001/autoware.ai/install/autoware_lanelet2_msgs/share/roseus/ros/autoware_lanelet2_msgs/msg
[2.228s] -- Up-to-date: /home/point001/autoware.ai/install/autoware_lanelet2_msgs/share/roseus/ros/autoware_lanelet2_msgs/msg/MapBin.l
[2.228s] -- Up-to-date: /home/point001/autoware.ai/install/autoware_lanelet2_msgs/share/common-lisp/ros/autoware_lanelet2_msgs
[2.228s] -- Up-to-date: /home/point001/autoware.ai/install/autoware_lanelet2_msgs/share/common-lisp/ros/autoware_lanelet2_msgs/msg
[2.228s] -- Up-to-date: /home/point001/autoware.ai/install/autoware_lanelet2_msgs/share/common-lisp/ros/autoware_lanelet2_msgs/msg/MapBin.lisp
[2.229s] -- Up-to-date: /home/point001/autoware.ai/install/autoware_lanelet2_msgs/share/common-lisp/ros/autoware_lanelet2_msgs/msg/autoware_lanelet2_msgs-msg.asd
[2.229s] -- Up-to-date: /home/point001/autoware.ai/install/autoware_lanelet2_msgs/share/common-lisp/ros/autoware_lanelet2_msgs/msg/_package.lisp
[2.229s] -- Up-to-date: /home/point001/autoware.ai/install/autoware_lanelet2_msgs/share/common-lisp/ros/autoware_lanelet2_msgs/msg/_package_MapBin.lisp
[2.229s] -- Up-to-date: /home/point001/autoware.ai/install/autoware_lanelet2_msgs/share/gennodejs/ros/autoware_lanelet2_msgs
[2.229s] -- Up-to-date: /home/point001/autoware.ai/install/autoware_lanelet2_msgs/share/gennodejs/ros/autoware_lanelet2_msgs/_index.js
[2.229s] -- Up-to-date: /home/point001/autoware.ai/install/autoware_lanelet2_msgs/share/gennodejs/ros/autoware_lanelet2_msgs/msg
[2.229s] -- Up-to-date: /home/point001/autoware.ai/install/autoware_lanelet2_msgs/share/gennodejs/ros/autoware_lanelet2_msgs/msg/MapBin.js
[2.229s] -- Up-to-date: /home/point001/autoware.ai/install/autoware_lanelet2_msgs/share/gennodejs/ros/autoware_lanelet2_msgs/msg/_index.js
[2.256s] Listing /home/point001/autoware.ai/build/autoware_lanelet2_msgs/devel/lib/python2.7/dist-packages/autoware_lanelet2_msgs ...
[2.256s] Listing /home/point001/autoware.ai/build/autoware_lanelet2_msgs/devel/lib/python2.7/dist-packages/autoware_lanelet2_msgs/msg ...
[2.261s] -- Up-to-date: /home/point001/autoware.ai/install/autoware_lanelet2_msgs/lib/python2.7/dist-packages/autoware_lanelet2_msgs
[2.261s] -- Up-to-date: /home/point001/autoware.ai/install/autoware_lanelet2_msgs/lib/python2.7/dist-packages/autoware_lanelet2_msgs/msg
[2.261s] -- Up-to-date: /home/point001/autoware.ai/install/autoware_lanelet2_msgs/lib/python2.7/dist-packages/autoware_lanelet2_msgs/msg/_MapBin.pyc
[2.261s] -- Up-to-date: /home/point001/autoware.ai/install/autoware_lanelet2_msgs/lib/python2.7/dist-packages/autoware_lanelet2_msgs/msg/__init__.py
[2.261s] -- Up-to-date: /home/point001/autoware.ai/install/autoware_lanelet2_msgs/lib/python2.7/dist-packages/autoware_lanelet2_msgs/msg/__init__.pyc
[2.261s] -- Up-to-date: /home/point001/autoware.ai/install/autoware_lanelet2_msgs/lib/python2.7/dist-packages/autoware_lanelet2_msgs/msg/_MapBin.py
[2.261s] -- Up-to-date: /home/point001/autoware.ai/install/autoware_lanelet2_msgs/lib/python2.7/dist-packages/autoware_lanelet2_msgs/__init__.py
[2.262s] -- Up-to-date: /home/point001/autoware.ai/install/autoware_lanelet2_msgs/lib/python2.7/dist-packages/autoware_lanelet2_msgs/__init__.pyc
[2.262s] -- Up-to-date: /home/point001/autoware.ai/install/autoware_lanelet2_msgs/lib/pkgconfig/autoware_lanelet2_msgs.pc
[2.262s] -- Up-to-date: /home/point001/autoware.ai/install/autoware_lanelet2_msgs/share/autoware_lanelet2_msgs/cmake/autoware_lanelet2_msgs-msg-extras.cmake
[2.262s] -- Up-to-date: /home/point001/autoware.ai/install/autoware_lanelet2_msgs/share/autoware_lanelet2_msgs/cmake/autoware_lanelet2_msgsConfig.cmake
[2.262s] -- Up-to-date: /home/point001/autoware.ai/install/autoware_lanelet2_msgs/share/autoware_lanelet2_msgs/cmake/autoware_lanelet2_msgsConfig-version.cmake
[2.262s] -- Up-to-date: /home/point001/autoware.ai/install/autoware_lanelet2_msgs/share/autoware_lanelet2_msgs/package.xml
[2.561s] Invoked command in '/home/point001/autoware.ai/build/autoware_lanelet2_msgs' returned '0': /usr/bin/cmake --build /home/point001/autoware.ai/build/autoware_lanelet2_msgs --target install -- -j24 -l24
