[0.199s] Invoking command in '/home/point001/autoware.ai/build/amathutils_lib': CMAKE_PREFIX_PATH=/home/point001/autoware.ai/install/autoware_msgs:/home/point001/autoware.ai/install/autoware_build_flags:${CMAKE_PREFIX_PATH} PKG_CONFIG_PATH=/home/point001/autoware.ai/install/autoware_msgs/lib/x86_64-linux-gnu/pkgconfig:/home/point001/autoware.ai/install/autoware_msgs/lib/pkgconfig:/home/point001/autoware.ai/install/autoware_build_flags/lib/x86_64-linux-gnu/pkgconfig:/home/point001/autoware.ai/install/autoware_build_flags/lib/pkgconfig:${PKG_CONFIG_PATH} PYTHONPATH=/home/point001/autoware.ai/install/autoware_msgs/lib/python2.7/dist-packages:${PYTHONPATH} ROS_PACKAGE_PATH=/home/point001/autoware.ai/install/autoware_msgs/share:/home/point001/autoware.ai/install/autoware_build_flags/share:${ROS_PACKAGE_PATH} /usr/bin/cmake --build /home/point001/autoware.ai/build/amathutils_lib -- -j24 -l24
[0.262s] [  0%] Built target sensor_msgs_generate_messages_cpp
[0.262s] [  0%] Built target roscpp_generate_messages_cpp
[0.264s] [  0%] Built target tf2_msgs_generate_messages_nodejs
[0.265s] [  0%] Built target tf2_msgs_generate_messages_cpp
[0.265s] [  0%] Built target _catkin_empty_exported_target
[0.265s] [  0%] Built target jsk_recognition_msgs_generate_messages_eus
[0.266s] [  0%] Built target std_msgs_generate_messages_py
[0.270s] [  0%] Built target rosgraph_msgs_generate_messages_cpp
[0.271s] [  0%] Built target jsk_recognition_msgs_generate_messages_lisp
[0.271s] [  0%] Built target pcl_msgs_generate_messages_eus
[0.272s] [  0%] Built target actionlib_generate_messages_cpp
[0.273s] [  0%] Built target sensor_msgs_generate_messages_nodejs
[0.273s] [  0%] Built target jsk_recognition_msgs_generate_messages_py
[0.276s] [  0%] Built target sensor_msgs_generate_messages_eus
[0.276s] [  0%] Built target autoware_msgs_generate_messages_py
[0.276s] [  0%] Built target rosgraph_msgs_generate_messages_eus
[0.278s] [  0%] Built target geometry_msgs_generate_messages_py
[0.285s] [  0%] Built target std_msgs_generate_messages_nodejs
[0.285s] [  0%] Built target pcl_msgs_generate_messages_nodejs
[0.285s] [  0%] Built target tf_generate_messages_py
[0.285s] [  0%] Built target sensor_msgs_generate_messages_py
[0.294s] [  0%] Built target std_msgs_generate_messages_cpp
[0.295s] [  0%] Built target autoware_msgs_generate_messages_cpp
[0.298s] [  0%] Built target jsk_recognition_msgs_generate_messages_cpp
[0.298s] [  0%] Built target roscpp_generate_messages_nodejs
[0.298s] [  0%] Built target geometry_msgs_generate_messages_lisp
[0.298s] [  0%] Built target geometry_msgs_generate_messages_eus
[0.305s] [  0%] Built target actionlib_msgs_generate_messages_py
[0.305s] [  0%] Built target std_msgs_generate_messages_eus
[0.305s] [  0%] Built target pcl_msgs_generate_messages_cpp
[0.311s] [  0%] Built target jsk_footstep_msgs_generate_messages_eus
[0.311s] [  0%] Built target actionlib_msgs_generate_messages_nodejs
[0.312s] [  0%] Built target geometry_msgs_generate_messages_nodejs
[0.312s] [  0%] Built target jsk_footstep_msgs_generate_messages_py
[0.312s] [  0%] Built target autoware_msgs_generate_messages_lisp
[0.313s] [  0%] Built target std_msgs_generate_messages_lisp
[0.321s] [  0%] Built target actionlib_msgs_generate_messages_lisp
[0.321s] [  0%] Built target autoware_msgs_generate_messages_eus
[0.321s] [  0%] Built target autoware_msgs_generate_messages_nodejs
[0.321s] [  0%] Built target roscpp_generate_messages_lisp
[0.321s] [  0%] Built target sensor_msgs_generate_messages_lisp
[0.324s] [  0%] Built target jsk_footstep_msgs_generate_messages_lisp
[0.329s] [  0%] Built target jsk_footstep_msgs_generate_messages_nodejs
[0.329s] [  0%] Built target jsk_recognition_msgs_generate_messages_nodejs
[0.329s] [  0%] Built target roscpp_generate_messages_eus
[0.329s] [  0%] Built target rosgraph_msgs_generate_messages_nodejs
[0.331s] [  0%] Built target rosgraph_msgs_generate_messages_lisp
[0.332s] [  0%] Built target roscpp_generate_messages_py
[0.332s] [  0%] Built target jsk_footstep_msgs_generate_messages_cpp
[0.333s] [  0%] Built target actionlib_msgs_generate_messages_eus
[0.334s] [  0%] Built target tf_generate_messages_lisp
[0.335s] [  0%] Built target pcl_msgs_generate_messages_py
[0.340s] [  0%] Built target actionlib_msgs_generate_messages_cpp
[0.340s] [  0%] Built target tf_generate_messages_nodejs
[0.340s] [  0%] Built target tf_generate_messages_eus
[0.341s] [  0%] Built target pcl_msgs_generate_messages_lisp
[0.342s] [  0%] Built target actionlib_generate_messages_eus
[0.343s] [  0%] Built target geometry_msgs_generate_messages_cpp
[0.346s] [  0%] Built target rosgraph_msgs_generate_messages_py
[0.347s] [  0%] Built target actionlib_generate_messages_lisp
[0.347s] [  0%] Built target tf2_msgs_generate_messages_eus
[0.347s] [  0%] Built target tf_generate_messages_cpp
[0.351s] [  0%] Built target tf2_msgs_generate_messages_lisp
[0.351s] [  0%] Built target tf2_msgs_generate_messages_py
[0.351s] [  0%] Built target actionlib_generate_messages_nodejs
[0.351s] [  0%] Built target actionlib_generate_messages_py
[0.379s] [100%] Built target amathutils_lib
[0.445s] Invoked command in '/home/point001/autoware.ai/build/amathutils_lib' returned '0': CMAKE_PREFIX_PATH=/home/point001/autoware.ai/install/autoware_msgs:/home/point001/autoware.ai/install/autoware_build_flags:${CMAKE_PREFIX_PATH} PKG_CONFIG_PATH=/home/point001/autoware.ai/install/autoware_msgs/lib/x86_64-linux-gnu/pkgconfig:/home/point001/autoware.ai/install/autoware_msgs/lib/pkgconfig:/home/point001/autoware.ai/install/autoware_build_flags/lib/x86_64-linux-gnu/pkgconfig:/home/point001/autoware.ai/install/autoware_build_flags/lib/pkgconfig:${PKG_CONFIG_PATH} PYTHONPATH=/home/point001/autoware.ai/install/autoware_msgs/lib/python2.7/dist-packages:${PYTHONPATH} ROS_PACKAGE_PATH=/home/point001/autoware.ai/install/autoware_msgs/share:/home/point001/autoware.ai/install/autoware_build_flags/share:${ROS_PACKAGE_PATH} /usr/bin/cmake --build /home/point001/autoware.ai/build/amathutils_lib -- -j24 -l24
[0.964s] Invoking command in '/home/point001/autoware.ai/build/amathutils_lib': CMAKE_PREFIX_PATH=/home/point001/autoware.ai/install/autoware_msgs:/home/point001/autoware.ai/install/autoware_build_flags:${CMAKE_PREFIX_PATH} PKG_CONFIG_PATH=/home/point001/autoware.ai/install/autoware_msgs/lib/x86_64-linux-gnu/pkgconfig:/home/point001/autoware.ai/install/autoware_msgs/lib/pkgconfig:/home/point001/autoware.ai/install/autoware_build_flags/lib/x86_64-linux-gnu/pkgconfig:/home/point001/autoware.ai/install/autoware_build_flags/lib/pkgconfig:${PKG_CONFIG_PATH} PYTHONPATH=/home/point001/autoware.ai/install/autoware_msgs/lib/python2.7/dist-packages:${PYTHONPATH} ROS_PACKAGE_PATH=/home/point001/autoware.ai/install/autoware_msgs/share:/home/point001/autoware.ai/install/autoware_build_flags/share:${ROS_PACKAGE_PATH} /usr/bin/cmake --build /home/point001/autoware.ai/build/amathutils_lib --target tests -- -j24 -l24
[1.037s] [ 12%] Built target gtest
[1.037s] [ 12%] Built target roscpp_generate_messages_cpp
[1.037s] [ 12%] Built target rosgraph_msgs_generate_messages_eus
[1.037s] [ 12%] Built target std_msgs_generate_messages_py
[1.043s] [ 12%] Built target actionlib_generate_messages_cpp
[1.043s] [ 12%] Built target pcl_msgs_generate_messages_eus
[1.043s] [ 12%] Built target geometry_msgs_generate_messages_py
[1.043s] [ 12%] Built target tf2_msgs_generate_messages_cpp
[1.043s] [ 12%] Built target sensor_msgs_generate_messages_cpp
[1.043s] [ 12%] Built target tf2_msgs_generate_messages_nodejs
[1.044s] [ 12%] Built target sensor_msgs_generate_messages_py
[1.049s] [ 12%] Built target sensor_msgs_generate_messages_eus
[1.050s] [ 12%] Built target jsk_recognition_msgs_generate_messages_eus
[1.050s] [ 12%] Built target std_msgs_generate_messages_nodejs
[1.060s] [ 12%] Built target tf_generate_messages_py
[1.060s] [ 12%] Built target autoware_msgs_generate_messages_py
[1.060s] [ 12%] Built target jsk_recognition_msgs_generate_messages_lisp
[1.060s] [ 12%] Built target pcl_msgs_generate_messages_nodejs
[1.060s] [ 12%] Built target rosgraph_msgs_generate_messages_cpp
[1.060s] [ 12%] Built target autoware_msgs_generate_messages_cpp
[1.061s] [ 12%] Built target jsk_recognition_msgs_generate_messages_py
[1.061s] [ 12%] Built target std_msgs_generate_messages_cpp
[1.061s] [ 12%] Built target _catkin_empty_exported_target
[1.069s] [ 12%] Built target sensor_msgs_generate_messages_nodejs
[1.072s] [ 12%] Built target geometry_msgs_generate_messages_eus
[1.076s] [ 12%] Built target std_msgs_generate_messages_eus
[1.078s] [ 12%] Built target autoware_msgs_generate_messages_lisp
[1.081s] [ 12%] Built target roscpp_generate_messages_nodejs
[1.086s] [ 12%] Built target geometry_msgs_generate_messages_lisp
[1.107s] [ 12%] Built target rosgraph_msgs_generate_messages_nodejs
[1.107s] [ 12%] Built target actionlib_msgs_generate_messages_nodejs
[1.107s] [ 12%] Built target autoware_msgs_generate_messages_nodejs
[1.110s] [ 12%] Built target roscpp_generate_messages_lisp
[1.110s] [ 12%] Built target actionlib_msgs_generate_messages_py
[1.110s] [ 12%] Built target jsk_footstep_msgs_generate_messages_eus
[1.111s] [ 12%] Built target std_msgs_generate_messages_lisp
[1.113s] [ 12%] Built target actionlib_msgs_generate_messages_lisp
[1.123s] [ 12%] Built target roscpp_generate_messages_eus
[1.123s] [ 12%] Built target autoware_msgs_generate_messages_eus
[1.124s] [ 12%] Built target geometry_msgs_generate_messages_nodejs
[1.124s] [ 12%] Built target jsk_footstep_msgs_generate_messages_py
[1.124s] [ 12%] Built target actionlib_msgs_generate_messages_cpp
[1.126s] [ 12%] Built target sensor_msgs_generate_messages_lisp
[1.127s] [ 12%] Built target pcl_msgs_generate_messages_cpp
[1.131s] [ 12%] Built target jsk_recognition_msgs_generate_messages_cpp
[1.135s] [ 12%] Built target rosgraph_msgs_generate_messages_lisp
[1.138s] [ 12%] Built target jsk_recognition_msgs_generate_messages_nodejs
[1.144s] [ 12%] Built target rosgraph_msgs_generate_messages_py
[1.144s] [ 12%] Built target jsk_footstep_msgs_generate_messages_lisp
[1.144s] [ 12%] Built target jsk_footstep_msgs_generate_messages_nodejs
[1.151s] [ 12%] Built target jsk_footstep_msgs_generate_messages_cpp
[1.151s] [ 12%] Built target pcl_msgs_generate_messages_lisp
[1.152s] [ 12%] Built target roscpp_generate_messages_py
[1.153s] [ 12%] Built target tf_generate_messages_lisp
[1.155s] [ 12%] Built target actionlib_generate_messages_nodejs
[1.159s] [ 12%] Built target pcl_msgs_generate_messages_py
[1.160s] [ 12%] Built target tf_generate_messages_eus
[1.165s] [ 12%] Built target tf2_msgs_generate_messages_lisp
[1.166s] [ 12%] Built target geometry_msgs_generate_messages_cpp
[1.167s] [ 31%] Built target test-butterworth_filter
[1.173s] [ 31%] Built target actionlib_generate_messages_eus
[1.173s] [ 31%] Built target actionlib_msgs_generate_messages_eus
[1.173s] [ 31%] Built target actionlib_generate_messages_py
[1.173s] [ 31%] Built target actionlib_generate_messages_lisp
[1.175s] [ 31%] Built target tf2_msgs_generate_messages_eus
[1.180s] [ 31%] Built target tf2_msgs_generate_messages_py
[1.180s] [ 56%] Built target test-kalman_filter
[1.180s] [ 56%] Built target tf_generate_messages_nodejs
[1.185s] [ 56%] Built target tf_generate_messages_cpp
[1.204s] [ 87%] Built target amathutils_lib
[1.225s] [100%] Built target amathutils-test
[1.240s] [100%] Built target tests
[1.497s] Invoked command in '/home/point001/autoware.ai/build/amathutils_lib' returned '0': CMAKE_PREFIX_PATH=/home/point001/autoware.ai/install/autoware_msgs:/home/point001/autoware.ai/install/autoware_build_flags:${CMAKE_PREFIX_PATH} PKG_CONFIG_PATH=/home/point001/autoware.ai/install/autoware_msgs/lib/x86_64-linux-gnu/pkgconfig:/home/point001/autoware.ai/install/autoware_msgs/lib/pkgconfig:/home/point001/autoware.ai/install/autoware_build_flags/lib/x86_64-linux-gnu/pkgconfig:/home/point001/autoware.ai/install/autoware_build_flags/lib/pkgconfig:${PKG_CONFIG_PATH} PYTHONPATH=/home/point001/autoware.ai/install/autoware_msgs/lib/python2.7/dist-packages:${PYTHONPATH} ROS_PACKAGE_PATH=/home/point001/autoware.ai/install/autoware_msgs/share:/home/point001/autoware.ai/install/autoware_build_flags/share:${ROS_PACKAGE_PATH} /usr/bin/cmake --build /home/point001/autoware.ai/build/amathutils_lib --target tests -- -j24 -l24
[2.217s] Invoking command in '/home/point001/autoware.ai/build/amathutils_lib': CMAKE_PREFIX_PATH=/home/point001/autoware.ai/install/autoware_msgs:/home/point001/autoware.ai/install/autoware_build_flags:${CMAKE_PREFIX_PATH} PKG_CONFIG_PATH=/home/point001/autoware.ai/install/autoware_msgs/lib/x86_64-linux-gnu/pkgconfig:/home/point001/autoware.ai/install/autoware_msgs/lib/pkgconfig:/home/point001/autoware.ai/install/autoware_build_flags/lib/x86_64-linux-gnu/pkgconfig:/home/point001/autoware.ai/install/autoware_build_flags/lib/pkgconfig:${PKG_CONFIG_PATH} PYTHONPATH=/home/point001/autoware.ai/install/autoware_msgs/lib/python2.7/dist-packages:${PYTHONPATH} ROS_PACKAGE_PATH=/home/point001/autoware.ai/install/autoware_msgs/share:/home/point001/autoware.ai/install/autoware_build_flags/share:${ROS_PACKAGE_PATH} /usr/bin/cmake --build /home/point001/autoware.ai/build/amathutils_lib --target install -- -j24 -l24
[2.279s] [  0%] Built target roscpp_generate_messages_cpp
[2.279s] [  0%] Built target jsk_recognition_msgs_generate_messages_lisp
[2.279s] [  0%] Built target sensor_msgs_generate_messages_eus
[2.281s] [  0%] Built target tf2_msgs_generate_messages_cpp
[2.285s] [  0%] Built target sensor_msgs_generate_messages_nodejs
[2.285s] [  0%] Built target pcl_msgs_generate_messages_eus
[2.285s] [  0%] Built target std_msgs_generate_messages_cpp
[2.285s] [  0%] Built target rosgraph_msgs_generate_messages_eus
[2.285s] [  0%] Built target tf2_msgs_generate_messages_nodejs
[2.286s] [  0%] Built target jsk_recognition_msgs_generate_messages_py
[2.287s] [  0%] Built target _catkin_empty_exported_target
[2.288s] [  0%] Built target autoware_msgs_generate_messages_py
[2.288s] [  0%] Built target tf_generate_messages_py
[2.293s] [  0%] Built target std_msgs_generate_messages_nodejs
[2.293s] [  0%] Built target geometry_msgs_generate_messages_py
[2.294s] [  0%] Built target sensor_msgs_generate_messages_cpp
[2.294s] [  0%] Built target std_msgs_generate_messages_py
[2.299s] [  0%] Built target autoware_msgs_generate_messages_cpp
[2.299s] [  0%] Built target jsk_recognition_msgs_generate_messages_eus
[2.299s] [  0%] Built target jsk_footstep_msgs_generate_messages_py
[2.303s] [  0%] Built target actionlib_generate_messages_cpp
[2.303s] [  0%] Built target pcl_msgs_generate_messages_nodejs
[2.305s] [  0%] Built target sensor_msgs_generate_messages_py
[2.310s] [  0%] Built target rosgraph_msgs_generate_messages_cpp
[2.312s] [  0%] Built target geometry_msgs_generate_messages_eus
[2.312s] [  0%] Built target autoware_msgs_generate_messages_eus
[2.312s] [  0%] Built target geometry_msgs_generate_messages_nodejs
[2.317s] [  0%] Built target roscpp_generate_messages_nodejs
[2.322s] [  0%] Built target geometry_msgs_generate_messages_lisp
[2.322s] [  0%] Built target pcl_msgs_generate_messages_cpp
[2.322s] [  0%] Built target autoware_msgs_generate_messages_lisp
[2.322s] [  0%] Built target actionlib_msgs_generate_messages_lisp
[2.323s] [  0%] Built target actionlib_msgs_generate_messages_py
[2.323s] [  0%] Built target jsk_recognition_msgs_generate_messages_cpp
[2.323s] [  0%] Built target actionlib_msgs_generate_messages_nodejs
[2.326s] [  0%] Built target jsk_footstep_msgs_generate_messages_nodejs
[2.327s] [  0%] Built target roscpp_generate_messages_py
[2.327s] [  0%] Built target std_msgs_generate_messages_lisp
[2.328s] [  0%] Built target rosgraph_msgs_generate_messages_lisp
[2.330s] [  0%] Built target sensor_msgs_generate_messages_lisp
[2.330s] [  0%] Built target roscpp_generate_messages_eus
[2.332s] [  0%] Built target jsk_recognition_msgs_generate_messages_nodejs
[2.337s] [  0%] Built target autoware_msgs_generate_messages_nodejs
[2.339s] [  0%] Built target jsk_footstep_msgs_generate_messages_lisp
[2.341s] [  0%] Built target actionlib_msgs_generate_messages_cpp
[2.341s] [  0%] Built target jsk_footstep_msgs_generate_messages_eus
[2.341s] [  0%] Built target rosgraph_msgs_generate_messages_nodejs
[2.342s] [  0%] Built target jsk_footstep_msgs_generate_messages_cpp
[2.342s] [  0%] Built target roscpp_generate_messages_lisp
[2.342s] [  0%] Built target actionlib_msgs_generate_messages_eus
[2.343s] [  0%] Built target std_msgs_generate_messages_eus
[2.344s] [  0%] Built target rosgraph_msgs_generate_messages_py
[2.350s] [  0%] Built target geometry_msgs_generate_messages_cpp
[2.351s] [  0%] Built target tf_generate_messages_lisp
[2.356s] [  0%] Built target pcl_msgs_generate_messages_py
[2.357s] [  0%] Built target actionlib_generate_messages_eus
[2.357s] [  0%] Built target actionlib_generate_messages_nodejs
[2.357s] [  0%] Built target tf_generate_messages_cpp
[2.357s] [  0%] Built target tf_generate_messages_nodejs
[2.357s] [  0%] Built target tf2_msgs_generate_messages_lisp
[2.358s] [  0%] Built target tf_generate_messages_eus
[2.360s] [  0%] Built target actionlib_generate_messages_lisp
[2.360s] [  0%] Built target tf2_msgs_generate_messages_py
[2.363s] [  0%] Built target tf2_msgs_generate_messages_eus
[2.367s] [  0%] Built target pcl_msgs_generate_messages_lisp
[2.387s] [  0%] Built target actionlib_generate_messages_py
[2.457s] [100%] Built target amathutils_lib
[2.530s] [36mInstall the project...[0m
[2.561s] -- Install configuration: "Release"
[2.561s] -- Up-to-date: /home/point001/autoware.ai/install/amathutils_lib/lib/pkgconfig/amathutils_lib.pc
[2.562s] -- Up-to-date: /home/point001/autoware.ai/install/amathutils_lib/share/amathutils_lib/cmake/amathutils_libConfig.cmake
[2.562s] -- Up-to-date: /home/point001/autoware.ai/install/amathutils_lib/share/amathutils_lib/cmake/amathutils_libConfig-version.cmake
[2.562s] -- Up-to-date: /home/point001/autoware.ai/install/amathutils_lib/share/amathutils_lib/package.xml
[2.562s] -- Up-to-date: /home/point001/autoware.ai/install/amathutils_lib/include/amathutils_lib
[2.562s] -- Up-to-date: /home/point001/autoware.ai/install/amathutils_lib/include/amathutils_lib/time_delay_kalman_filter.hpp
[2.562s] -- Up-to-date: /home/point001/autoware.ai/install/amathutils_lib/include/amathutils_lib/amathutils.hpp
[2.562s] -- Up-to-date: /home/point001/autoware.ai/install/amathutils_lib/include/amathutils_lib/butterworth_filter.hpp
[2.562s] -- Up-to-date: /home/point001/autoware.ai/install/amathutils_lib/include/amathutils_lib/kalman_filter.hpp
[2.562s] -- Up-to-date: /home/point001/autoware.ai/install/amathutils_lib/lib/libamathutils_lib.so
[2.607s] Invoked command in '/home/point001/autoware.ai/build/amathutils_lib' returned '0': CMAKE_PREFIX_PATH=/home/point001/autoware.ai/install/autoware_msgs:/home/point001/autoware.ai/install/autoware_build_flags:${CMAKE_PREFIX_PATH} PKG_CONFIG_PATH=/home/point001/autoware.ai/install/autoware_msgs/lib/x86_64-linux-gnu/pkgconfig:/home/point001/autoware.ai/install/autoware_msgs/lib/pkgconfig:/home/point001/autoware.ai/install/autoware_build_flags/lib/x86_64-linux-gnu/pkgconfig:/home/point001/autoware.ai/install/autoware_build_flags/lib/pkgconfig:${PKG_CONFIG_PATH} PYTHONPATH=/home/point001/autoware.ai/install/autoware_msgs/lib/python2.7/dist-packages:${PYTHONPATH} ROS_PACKAGE_PATH=/home/point001/autoware.ai/install/autoware_msgs/share:/home/point001/autoware.ai/install/autoware_build_flags/share:${ROS_PACKAGE_PATH} /usr/bin/cmake --build /home/point001/autoware.ai/build/amathutils_lib --target install -- -j24 -l24
