[0.101s] Invoking command in '/home/point001/autoware.ai/build/sick_ldmrs_msgs': /usr/bin/cmake --build /home/point001/autoware.ai/build/sick_ldmrs_msgs -- -j24 -l24
[0.508s] [  0%] Built target geometry_msgs_generate_messages_eus
[0.509s] [  0%] Built target std_msgs_generate_messages_cpp
[0.509s] [  0%] Built target geometry_msgs_generate_messages_lisp
[0.509s] [  0%] Built target std_msgs_generate_messages_nodejs
[0.509s] [  0%] Built target geometry_msgs_generate_messages_nodejs
[0.509s] [  0%] Built target std_msgs_generate_messages_lisp
[0.509s] [  0%] Built target std_msgs_generate_messages_py
[0.509s] [  0%] Built target geometry_msgs_generate_messages_py
[0.509s] [  0%] Built target std_msgs_generate_messages_eus
[0.509s] [  0%] Built target _sick_ldmrs_msgs_generate_messages_check_deps_Object
[0.519s] [  0%] Built target geometry_msgs_generate_messages_cpp
[0.597s] [  0%] Built target _sick_ldmrs_msgs_generate_messages_check_deps_ObjectArray
[0.668s] [ 25%] Built target sick_ldmrs_msgs_generate_messages_py
[0.678s] [ 41%] Built target sick_ldmrs_msgs_generate_messages_nodejs
[0.678s] [ 58%] Built target sick_ldmrs_msgs_generate_messages_cpp
[0.678s] [ 83%] Built target sick_ldmrs_msgs_generate_messages_eus
[0.697s] [100%] Built target sick_ldmrs_msgs_generate_messages_lisp
[0.717s] [100%] Built target sick_ldmrs_msgs_generate_messages
[0.754s] Invoked command in '/home/point001/autoware.ai/build/sick_ldmrs_msgs' returned '0': /usr/bin/cmake --build /home/point001/autoware.ai/build/sick_ldmrs_msgs -- -j24 -l24
[0.884s] Invoking command in '/home/point001/autoware.ai/build/sick_ldmrs_msgs': /usr/bin/cmake --build /home/point001/autoware.ai/build/sick_ldmrs_msgs --target tests -- -j24 -l24
[0.951s] Built target tests
[1.031s] Invoked command in '/home/point001/autoware.ai/build/sick_ldmrs_msgs' returned '0': /usr/bin/cmake --build /home/point001/autoware.ai/build/sick_ldmrs_msgs --target tests -- -j24 -l24
[1.190s] Invoking command in '/home/point001/autoware.ai/build/sick_ldmrs_msgs': /usr/bin/cmake --build /home/point001/autoware.ai/build/sick_ldmrs_msgs --target install -- -j24 -l24
[1.290s] [  0%] Built target std_msgs_generate_messages_cpp
[1.323s] [  0%] Built target std_msgs_generate_messages_lisp
[1.333s] [  0%] Built target geometry_msgs_generate_messages_py
[1.343s] [  0%] Built target geometry_msgs_generate_messages_lisp
[1.343s] [  0%] Built target geometry_msgs_generate_messages_eus
[1.347s] [  0%] Built target std_msgs_generate_messages_py
[1.349s] [  0%] Built target std_msgs_generate_messages_eus
[1.355s] [  0%] Built target std_msgs_generate_messages_nodejs
[1.366s] [  0%] Built target geometry_msgs_generate_messages_nodejs
[1.367s] [  0%] Built target _sick_ldmrs_msgs_generate_messages_check_deps_Object
[1.380s] [  0%] Built target geometry_msgs_generate_messages_cpp
[1.388s] [  0%] Built target _sick_ldmrs_msgs_generate_messages_check_deps_ObjectArray
[1.433s] [ 25%] Built target sick_ldmrs_msgs_generate_messages_eus
[1.443s] [ 41%] Built target sick_ldmrs_msgs_generate_messages_nodejs
[1.443s] [ 66%] Built target sick_ldmrs_msgs_generate_messages_py
[1.443s] [ 83%] Built target sick_ldmrs_msgs_generate_messages_lisp
[1.443s] [100%] Built target sick_ldmrs_msgs_generate_messages_cpp
[1.466s] [100%] Built target sick_ldmrs_msgs_generate_messages
[1.478s] [36mInstall the project...[0m
[1.486s] -- Install configuration: "Release"
[1.487s] -- Up-to-date: /home/point001/autoware.ai/install/sick_ldmrs_msgs/share/sick_ldmrs_msgs/msg/Object.msg
[1.487s] -- Up-to-date: /home/point001/autoware.ai/install/sick_ldmrs_msgs/share/sick_ldmrs_msgs/msg/ObjectArray.msg
[1.487s] -- Up-to-date: /home/point001/autoware.ai/install/sick_ldmrs_msgs/share/sick_ldmrs_msgs/cmake/sick_ldmrs_msgs-msg-paths.cmake
[1.487s] -- Up-to-date: /home/point001/autoware.ai/install/sick_ldmrs_msgs/include/sick_ldmrs_msgs
[1.488s] -- Up-to-date: /home/point001/autoware.ai/install/sick_ldmrs_msgs/include/sick_ldmrs_msgs/ObjectArray.h
[1.488s] -- Up-to-date: /home/point001/autoware.ai/install/sick_ldmrs_msgs/include/sick_ldmrs_msgs/Object.h
[1.488s] -- Up-to-date: /home/point001/autoware.ai/install/sick_ldmrs_msgs/share/roseus/ros/sick_ldmrs_msgs
[1.488s] -- Up-to-date: /home/point001/autoware.ai/install/sick_ldmrs_msgs/share/roseus/ros/sick_ldmrs_msgs/manifest.l
[1.488s] -- Up-to-date: /home/point001/autoware.ai/install/sick_ldmrs_msgs/share/roseus/ros/sick_ldmrs_msgs/msg
[1.488s] -- Up-to-date: /home/point001/autoware.ai/install/sick_ldmrs_msgs/share/roseus/ros/sick_ldmrs_msgs/msg/ObjectArray.l
[1.488s] -- Up-to-date: /home/point001/autoware.ai/install/sick_ldmrs_msgs/share/roseus/ros/sick_ldmrs_msgs/msg/Object.l
[1.488s] -- Up-to-date: /home/point001/autoware.ai/install/sick_ldmrs_msgs/share/common-lisp/ros/sick_ldmrs_msgs
[1.488s] -- Up-to-date: /home/point001/autoware.ai/install/sick_ldmrs_msgs/share/common-lisp/ros/sick_ldmrs_msgs/msg
[1.488s] -- Up-to-date: /home/point001/autoware.ai/install/sick_ldmrs_msgs/share/common-lisp/ros/sick_ldmrs_msgs/msg/Object.lisp
[1.488s] -- Up-to-date: /home/point001/autoware.ai/install/sick_ldmrs_msgs/share/common-lisp/ros/sick_ldmrs_msgs/msg/_package_Object.lisp
[1.488s] -- Up-to-date: /home/point001/autoware.ai/install/sick_ldmrs_msgs/share/common-lisp/ros/sick_ldmrs_msgs/msg/_package.lisp
[1.488s] -- Up-to-date: /home/point001/autoware.ai/install/sick_ldmrs_msgs/share/common-lisp/ros/sick_ldmrs_msgs/msg/sick_ldmrs_msgs-msg.asd
[1.489s] -- Up-to-date: /home/point001/autoware.ai/install/sick_ldmrs_msgs/share/common-lisp/ros/sick_ldmrs_msgs/msg/ObjectArray.lisp
[1.489s] -- Up-to-date: /home/point001/autoware.ai/install/sick_ldmrs_msgs/share/common-lisp/ros/sick_ldmrs_msgs/msg/_package_ObjectArray.lisp
[1.489s] -- Up-to-date: /home/point001/autoware.ai/install/sick_ldmrs_msgs/share/gennodejs/ros/sick_ldmrs_msgs
[1.489s] -- Up-to-date: /home/point001/autoware.ai/install/sick_ldmrs_msgs/share/gennodejs/ros/sick_ldmrs_msgs/_index.js
[1.489s] -- Up-to-date: /home/point001/autoware.ai/install/sick_ldmrs_msgs/share/gennodejs/ros/sick_ldmrs_msgs/msg
[1.489s] -- Up-to-date: /home/point001/autoware.ai/install/sick_ldmrs_msgs/share/gennodejs/ros/sick_ldmrs_msgs/msg/_index.js
[1.489s] -- Up-to-date: /home/point001/autoware.ai/install/sick_ldmrs_msgs/share/gennodejs/ros/sick_ldmrs_msgs/msg/ObjectArray.js
[1.489s] -- Up-to-date: /home/point001/autoware.ai/install/sick_ldmrs_msgs/share/gennodejs/ros/sick_ldmrs_msgs/msg/Object.js
[1.496s] Listing /home/point001/autoware.ai/build/sick_ldmrs_msgs/devel/lib/python2.7/dist-packages/sick_ldmrs_msgs ...
[1.496s] Listing /home/point001/autoware.ai/build/sick_ldmrs_msgs/devel/lib/python2.7/dist-packages/sick_ldmrs_msgs/msg ...
[1.496s] -- Up-to-date: /home/point001/autoware.ai/install/sick_ldmrs_msgs/lib/python2.7/dist-packages/sick_ldmrs_msgs
[1.496s] -- Up-to-date: /home/point001/autoware.ai/install/sick_ldmrs_msgs/lib/python2.7/dist-packages/sick_ldmrs_msgs/msg
[1.498s] -- Up-to-date: /home/point001/autoware.ai/install/sick_ldmrs_msgs/lib/python2.7/dist-packages/sick_ldmrs_msgs/msg/_Object.py
[1.498s] -- Up-to-date: /home/point001/autoware.ai/install/sick_ldmrs_msgs/lib/python2.7/dist-packages/sick_ldmrs_msgs/msg/__init__.py
[1.498s] -- Up-to-date: /home/point001/autoware.ai/install/sick_ldmrs_msgs/lib/python2.7/dist-packages/sick_ldmrs_msgs/msg/_ObjectArray.py
[1.498s] -- Up-to-date: /home/point001/autoware.ai/install/sick_ldmrs_msgs/lib/python2.7/dist-packages/sick_ldmrs_msgs/msg/__init__.pyc
[1.498s] -- Up-to-date: /home/point001/autoware.ai/install/sick_ldmrs_msgs/lib/python2.7/dist-packages/sick_ldmrs_msgs/msg/_Object.pyc
[1.499s] -- Up-to-date: /home/point001/autoware.ai/install/sick_ldmrs_msgs/lib/python2.7/dist-packages/sick_ldmrs_msgs/msg/_ObjectArray.pyc
[1.499s] -- Up-to-date: /home/point001/autoware.ai/install/sick_ldmrs_msgs/lib/python2.7/dist-packages/sick_ldmrs_msgs/__init__.py
[1.499s] -- Up-to-date: /home/point001/autoware.ai/install/sick_ldmrs_msgs/lib/python2.7/dist-packages/sick_ldmrs_msgs/__init__.pyc
[1.499s] -- Up-to-date: /home/point001/autoware.ai/install/sick_ldmrs_msgs/lib/pkgconfig/sick_ldmrs_msgs.pc
[1.499s] -- Up-to-date: /home/point001/autoware.ai/install/sick_ldmrs_msgs/share/sick_ldmrs_msgs/cmake/sick_ldmrs_msgs-msg-extras.cmake
[1.499s] -- Up-to-date: /home/point001/autoware.ai/install/sick_ldmrs_msgs/share/sick_ldmrs_msgs/cmake/sick_ldmrs_msgsConfig.cmake
[1.499s] -- Up-to-date: /home/point001/autoware.ai/install/sick_ldmrs_msgs/share/sick_ldmrs_msgs/cmake/sick_ldmrs_msgsConfig-version.cmake
[1.499s] -- Up-to-date: /home/point001/autoware.ai/install/sick_ldmrs_msgs/share/sick_ldmrs_msgs/package.xml
[1.499s] -- Up-to-date: /home/point001/autoware.ai/install/sick_ldmrs_msgs/include/sick_ldmrs_msgs
[1.501s] -- Up-to-date: /home/point001/autoware.ai/install/sick_ldmrs_msgs/include/sick_ldmrs_msgs/sick_ldmrs_point_type.h
[1.600s] Invoked command in '/home/point001/autoware.ai/build/sick_ldmrs_msgs' returned '0': /usr/bin/cmake --build /home/point001/autoware.ai/build/sick_ldmrs_msgs --target install -- -j24 -l24
