[0.206s] Invoking command in '/home/point001/autoware.ai/build/tablet_socket_msgs': CONDA_PROMPT_MODIFIER=(base) /usr/bin/cmake --build /home/point001/autoware.ai/build/tablet_socket_msgs -- -j24 -l24
[0.672s] [  0%] Built target std_msgs_generate_messages_py
[0.672s] [  0%] Built target std_msgs_generate_messages_lisp
[0.672s] [  0%] Built target std_msgs_generate_messages_eus
[0.672s] [  0%] Built target std_msgs_generate_messages_cpp
[0.672s] [  0%] Built target std_msgs_generate_messages_nodejs
[0.693s] [  0%] Built target _tablet_socket_msgs_generate_messages_check_deps_gear_cmd
[0.724s] [  0%] Built target _tablet_socket_msgs_generate_messages_check_deps_error_info
[0.787s] [  0%] Built target _tablet_socket_msgs_generate_messages_check_deps_mode_cmd
[0.821s] [  0%] Built target _tablet_socket_msgs_generate_messages_check_deps_mode_info
[0.823s] [  0%] Built target _tablet_socket_msgs_generate_messages_check_deps_Waypoint
[0.869s] [  0%] Built target _tablet_socket_msgs_generate_messages_check_deps_route_cmd
[1.049s] [ 21%] Built target tablet_socket_msgs_generate_messages_py
[1.056s] [ 40%] Built target tablet_socket_msgs_generate_messages_cpp
[1.057s] [ 59%] Built target tablet_socket_msgs_generate_messages_lisp
[1.104s] [ 78%] Built target tablet_socket_msgs_generate_messages_nodejs
[1.134s] [100%] Built target tablet_socket_msgs_generate_messages_eus
[1.211s] [100%] Built target tablet_socket_msgs_generate_messages
[1.257s] Invoked command in '/home/point001/autoware.ai/build/tablet_socket_msgs' returned '0': CONDA_PROMPT_MODIFIER=(base) /usr/bin/cmake --build /home/point001/autoware.ai/build/tablet_socket_msgs -- -j24 -l24
[1.372s] Invoking command in '/home/point001/autoware.ai/build/tablet_socket_msgs': CONDA_PROMPT_MODIFIER=(base) /usr/bin/cmake --build /home/point001/autoware.ai/build/tablet_socket_msgs --target tests -- -j24 -l24
[1.511s] Built target tests
[1.560s] Invoked command in '/home/point001/autoware.ai/build/tablet_socket_msgs' returned '0': CONDA_PROMPT_MODIFIER=(base) /usr/bin/cmake --build /home/point001/autoware.ai/build/tablet_socket_msgs --target tests -- -j24 -l24
[1.728s] Invoking command in '/home/point001/autoware.ai/build/tablet_socket_msgs': CONDA_PROMPT_MODIFIER=(base) /usr/bin/cmake --build /home/point001/autoware.ai/build/tablet_socket_msgs --target install -- -j24 -l24
[1.868s] [  0%] Built target std_msgs_generate_messages_nodejs
[1.876s] [  0%] Built target std_msgs_generate_messages_cpp
[1.876s] [  0%] Built target std_msgs_generate_messages_eus
[1.887s] [  0%] Built target std_msgs_generate_messages_lisp
[1.900s] [  0%] Built target std_msgs_generate_messages_py
[1.911s] [  0%] Built target _tablet_socket_msgs_generate_messages_check_deps_route_cmd
[1.917s] [  0%] Built target _tablet_socket_msgs_generate_messages_check_deps_error_info
[1.918s] [  0%] Built target _tablet_socket_msgs_generate_messages_check_deps_gear_cmd
[1.918s] [  0%] Built target _tablet_socket_msgs_generate_messages_check_deps_mode_info
[1.924s] [  0%] Built target _tablet_socket_msgs_generate_messages_check_deps_Waypoint
[1.924s] [  0%] Built target _tablet_socket_msgs_generate_messages_check_deps_mode_cmd
[1.968s] [ 18%] Built target tablet_socket_msgs_generate_messages_lisp
[1.976s] [ 37%] Built target tablet_socket_msgs_generate_messages_nodejs
[1.982s] [ 59%] Built target tablet_socket_msgs_generate_messages_py
[1.993s] [ 78%] Built target tablet_socket_msgs_generate_messages_cpp
[1.998s] [100%] Built target tablet_socket_msgs_generate_messages_eus
[2.038s] [100%] Built target tablet_socket_msgs_generate_messages
[2.064s] [36mInstall the project...[0m
[2.074s] -- Install configuration: "Release"
[2.074s] -- Up-to-date: /home/point001/autoware.ai/install/tablet_socket_msgs/share/tablet_socket_msgs/msg/Waypoint.msg
[2.074s] -- Up-to-date: /home/point001/autoware.ai/install/tablet_socket_msgs/share/tablet_socket_msgs/msg/error_info.msg
[2.074s] -- Up-to-date: /home/point001/autoware.ai/install/tablet_socket_msgs/share/tablet_socket_msgs/msg/gear_cmd.msg
[2.075s] -- Up-to-date: /home/point001/autoware.ai/install/tablet_socket_msgs/share/tablet_socket_msgs/msg/mode_cmd.msg
[2.075s] -- Up-to-date: /home/point001/autoware.ai/install/tablet_socket_msgs/share/tablet_socket_msgs/msg/mode_info.msg
[2.075s] -- Up-to-date: /home/point001/autoware.ai/install/tablet_socket_msgs/share/tablet_socket_msgs/msg/route_cmd.msg
[2.075s] -- Up-to-date: /home/point001/autoware.ai/install/tablet_socket_msgs/share/tablet_socket_msgs/cmake/tablet_socket_msgs-msg-paths.cmake
[2.075s] -- Up-to-date: /home/point001/autoware.ai/install/tablet_socket_msgs/include/tablet_socket_msgs
[2.075s] -- Up-to-date: /home/point001/autoware.ai/install/tablet_socket_msgs/include/tablet_socket_msgs/Waypoint.h
[2.075s] -- Up-to-date: /home/point001/autoware.ai/install/tablet_socket_msgs/include/tablet_socket_msgs/mode_cmd.h
[2.075s] -- Up-to-date: /home/point001/autoware.ai/install/tablet_socket_msgs/include/tablet_socket_msgs/route_cmd.h
[2.075s] -- Up-to-date: /home/point001/autoware.ai/install/tablet_socket_msgs/include/tablet_socket_msgs/gear_cmd.h
[2.075s] -- Up-to-date: /home/point001/autoware.ai/install/tablet_socket_msgs/include/tablet_socket_msgs/error_info.h
[2.075s] -- Up-to-date: /home/point001/autoware.ai/install/tablet_socket_msgs/include/tablet_socket_msgs/mode_info.h
[2.075s] -- Up-to-date: /home/point001/autoware.ai/install/tablet_socket_msgs/share/roseus/ros/tablet_socket_msgs
[2.075s] -- Up-to-date: /home/point001/autoware.ai/install/tablet_socket_msgs/share/roseus/ros/tablet_socket_msgs/manifest.l
[2.076s] -- Up-to-date: /home/point001/autoware.ai/install/tablet_socket_msgs/share/roseus/ros/tablet_socket_msgs/msg
[2.076s] -- Up-to-date: /home/point001/autoware.ai/install/tablet_socket_msgs/share/roseus/ros/tablet_socket_msgs/msg/route_cmd.l
[2.076s] -- Up-to-date: /home/point001/autoware.ai/install/tablet_socket_msgs/share/roseus/ros/tablet_socket_msgs/msg/gear_cmd.l
[2.076s] -- Up-to-date: /home/point001/autoware.ai/install/tablet_socket_msgs/share/roseus/ros/tablet_socket_msgs/msg/mode_info.l
[2.076s] -- Up-to-date: /home/point001/autoware.ai/install/tablet_socket_msgs/share/roseus/ros/tablet_socket_msgs/msg/Waypoint.l
[2.076s] -- Up-to-date: /home/point001/autoware.ai/install/tablet_socket_msgs/share/roseus/ros/tablet_socket_msgs/msg/mode_cmd.l
[2.076s] -- Up-to-date: /home/point001/autoware.ai/install/tablet_socket_msgs/share/roseus/ros/tablet_socket_msgs/msg/error_info.l
[2.076s] -- Up-to-date: /home/point001/autoware.ai/install/tablet_socket_msgs/share/common-lisp/ros/tablet_socket_msgs
[2.076s] -- Up-to-date: /home/point001/autoware.ai/install/tablet_socket_msgs/share/common-lisp/ros/tablet_socket_msgs/msg
[2.076s] -- Up-to-date: /home/point001/autoware.ai/install/tablet_socket_msgs/share/common-lisp/ros/tablet_socket_msgs/msg/_package_mode_info.lisp
[2.076s] -- Up-to-date: /home/point001/autoware.ai/install/tablet_socket_msgs/share/common-lisp/ros/tablet_socket_msgs/msg/error_info.lisp
[2.076s] -- Up-to-date: /home/point001/autoware.ai/install/tablet_socket_msgs/share/common-lisp/ros/tablet_socket_msgs/msg/_package_error_info.lisp
[2.076s] -- Up-to-date: /home/point001/autoware.ai/install/tablet_socket_msgs/share/common-lisp/ros/tablet_socket_msgs/msg/route_cmd.lisp
[2.076s] -- Up-to-date: /home/point001/autoware.ai/install/tablet_socket_msgs/share/common-lisp/ros/tablet_socket_msgs/msg/gear_cmd.lisp
[2.076s] -- Up-to-date: /home/point001/autoware.ai/install/tablet_socket_msgs/share/common-lisp/ros/tablet_socket_msgs/msg/_package.lisp
[2.076s] -- Up-to-date: /home/point001/autoware.ai/install/tablet_socket_msgs/share/common-lisp/ros/tablet_socket_msgs/msg/mode_cmd.lisp
[2.077s] -- Up-to-date: /home/point001/autoware.ai/install/tablet_socket_msgs/share/common-lisp/ros/tablet_socket_msgs/msg/Waypoint.lisp
[2.077s] -- Up-to-date: /home/point001/autoware.ai/install/tablet_socket_msgs/share/common-lisp/ros/tablet_socket_msgs/msg/mode_info.lisp
[2.077s] -- Up-to-date: /home/point001/autoware.ai/install/tablet_socket_msgs/share/common-lisp/ros/tablet_socket_msgs/msg/tablet_socket_msgs-msg.asd
[2.077s] -- Up-to-date: /home/point001/autoware.ai/install/tablet_socket_msgs/share/common-lisp/ros/tablet_socket_msgs/msg/_package_mode_cmd.lisp
[2.077s] -- Up-to-date: /home/point001/autoware.ai/install/tablet_socket_msgs/share/common-lisp/ros/tablet_socket_msgs/msg/_package_route_cmd.lisp
[2.077s] -- Up-to-date: /home/point001/autoware.ai/install/tablet_socket_msgs/share/common-lisp/ros/tablet_socket_msgs/msg/_package_Waypoint.lisp
[2.077s] -- Up-to-date: /home/point001/autoware.ai/install/tablet_socket_msgs/share/common-lisp/ros/tablet_socket_msgs/msg/_package_gear_cmd.lisp
[2.077s] -- Up-to-date: /home/point001/autoware.ai/install/tablet_socket_msgs/share/gennodejs/ros/tablet_socket_msgs
[2.077s] -- Up-to-date: /home/point001/autoware.ai/install/tablet_socket_msgs/share/gennodejs/ros/tablet_socket_msgs/_index.js
[2.077s] -- Up-to-date: /home/point001/autoware.ai/install/tablet_socket_msgs/share/gennodejs/ros/tablet_socket_msgs/msg
[2.077s] -- Up-to-date: /home/point001/autoware.ai/install/tablet_socket_msgs/share/gennodejs/ros/tablet_socket_msgs/msg/gear_cmd.js
[2.077s] -- Up-to-date: /home/point001/autoware.ai/install/tablet_socket_msgs/share/gennodejs/ros/tablet_socket_msgs/msg/route_cmd.js
[2.077s] -- Up-to-date: /home/point001/autoware.ai/install/tablet_socket_msgs/share/gennodejs/ros/tablet_socket_msgs/msg/mode_info.js
[2.077s] -- Up-to-date: /home/point001/autoware.ai/install/tablet_socket_msgs/share/gennodejs/ros/tablet_socket_msgs/msg/_index.js
[2.077s] -- Up-to-date: /home/point001/autoware.ai/install/tablet_socket_msgs/share/gennodejs/ros/tablet_socket_msgs/msg/mode_cmd.js
[2.077s] -- Up-to-date: /home/point001/autoware.ai/install/tablet_socket_msgs/share/gennodejs/ros/tablet_socket_msgs/msg/Waypoint.js
[2.077s] -- Up-to-date: /home/point001/autoware.ai/install/tablet_socket_msgs/share/gennodejs/ros/tablet_socket_msgs/msg/error_info.js
[2.090s] Listing /home/point001/autoware.ai/build/tablet_socket_msgs/devel/lib/python2.7/dist-packages/tablet_socket_msgs ...
[2.090s] Listing /home/point001/autoware.ai/build/tablet_socket_msgs/devel/lib/python2.7/dist-packages/tablet_socket_msgs/msg ...
[2.093s] -- Up-to-date: /home/point001/autoware.ai/install/tablet_socket_msgs/lib/python2.7/dist-packages/tablet_socket_msgs
[2.093s] -- Up-to-date: /home/point001/autoware.ai/install/tablet_socket_msgs/lib/python2.7/dist-packages/tablet_socket_msgs/msg
[2.094s] -- Up-to-date: /home/point001/autoware.ai/install/tablet_socket_msgs/lib/python2.7/dist-packages/tablet_socket_msgs/msg/_route_cmd.pyc
[2.094s] -- Up-to-date: /home/point001/autoware.ai/install/tablet_socket_msgs/lib/python2.7/dist-packages/tablet_socket_msgs/msg/_gear_cmd.py
[2.094s] -- Up-to-date: /home/point001/autoware.ai/install/tablet_socket_msgs/lib/python2.7/dist-packages/tablet_socket_msgs/msg/_route_cmd.py
[2.094s] -- Up-to-date: /home/point001/autoware.ai/install/tablet_socket_msgs/lib/python2.7/dist-packages/tablet_socket_msgs/msg/_mode_info.pyc
[2.094s] -- Up-to-date: /home/point001/autoware.ai/install/tablet_socket_msgs/lib/python2.7/dist-packages/tablet_socket_msgs/msg/_mode_cmd.pyc
[2.094s] -- Up-to-date: /home/point001/autoware.ai/install/tablet_socket_msgs/lib/python2.7/dist-packages/tablet_socket_msgs/msg/__init__.py
[2.095s] -- Up-to-date: /home/point001/autoware.ai/install/tablet_socket_msgs/lib/python2.7/dist-packages/tablet_socket_msgs/msg/_Waypoint.pyc
[2.095s] -- Up-to-date: /home/point001/autoware.ai/install/tablet_socket_msgs/lib/python2.7/dist-packages/tablet_socket_msgs/msg/_Waypoint.py
[2.096s] -- Up-to-date: /home/point001/autoware.ai/install/tablet_socket_msgs/lib/python2.7/dist-packages/tablet_socket_msgs/msg/_mode_cmd.py
[2.096s] -- Up-to-date: /home/point001/autoware.ai/install/tablet_socket_msgs/lib/python2.7/dist-packages/tablet_socket_msgs/msg/_error_info.pyc
[2.096s] -- Up-to-date: /home/point001/autoware.ai/install/tablet_socket_msgs/lib/python2.7/dist-packages/tablet_socket_msgs/msg/__init__.pyc
[2.096s] -- Up-to-date: /home/point001/autoware.ai/install/tablet_socket_msgs/lib/python2.7/dist-packages/tablet_socket_msgs/msg/_mode_info.py
[2.096s] -- Up-to-date: /home/point001/autoware.ai/install/tablet_socket_msgs/lib/python2.7/dist-packages/tablet_socket_msgs/msg/_gear_cmd.pyc
[2.097s] -- Up-to-date: /home/point001/autoware.ai/install/tablet_socket_msgs/lib/python2.7/dist-packages/tablet_socket_msgs/msg/_error_info.py
[2.097s] -- Up-to-date: /home/point001/autoware.ai/install/tablet_socket_msgs/lib/python2.7/dist-packages/tablet_socket_msgs/__init__.py
[2.097s] -- Up-to-date: /home/point001/autoware.ai/install/tablet_socket_msgs/lib/python2.7/dist-packages/tablet_socket_msgs/__init__.pyc
[2.097s] -- Up-to-date: /home/point001/autoware.ai/install/tablet_socket_msgs/lib/pkgconfig/tablet_socket_msgs.pc
[2.098s] -- Up-to-date: /home/point001/autoware.ai/install/tablet_socket_msgs/share/tablet_socket_msgs/cmake/tablet_socket_msgs-msg-extras.cmake
[2.098s] -- Up-to-date: /home/point001/autoware.ai/install/tablet_socket_msgs/share/tablet_socket_msgs/cmake/tablet_socket_msgsConfig.cmake
[2.098s] -- Up-to-date: /home/point001/autoware.ai/install/tablet_socket_msgs/share/tablet_socket_msgs/cmake/tablet_socket_msgsConfig-version.cmake
[2.098s] -- Up-to-date: /home/point001/autoware.ai/install/tablet_socket_msgs/share/tablet_socket_msgs/package.xml
[2.342s] Invoked command in '/home/point001/autoware.ai/build/tablet_socket_msgs' returned '0': CONDA_PROMPT_MODIFIER=(base) /usr/bin/cmake --build /home/point001/autoware.ai/build/tablet_socket_msgs --target install -- -j24 -l24
