[0.454s] Invoking command in '/home/point001/autoware.ai/build/autoware_connector': CMAKE_PREFIX_PATH=/home/point001/autoware.ai/install/autoware_msgs:/home/point001/autoware.ai/install/autoware_can_msgs:/home/point001/autoware.ai/install/autoware_build_flags:${CMAKE_PREFIX_PATH} PKG_CONFIG_PATH=/home/point001/autoware.ai/install/autoware_msgs/lib/x86_64-linux-gnu/pkgconfig:/home/point001/autoware.ai/install/autoware_msgs/lib/pkgconfig:/home/point001/autoware.ai/install/autoware_can_msgs/lib/x86_64-linux-gnu/pkgconfig:/home/point001/autoware.ai/install/autoware_can_msgs/lib/pkgconfig:/home/point001/autoware.ai/install/autoware_build_flags/lib/x86_64-linux-gnu/pkgconfig:/home/point001/autoware.ai/install/autoware_build_flags/lib/pkgconfig:${PKG_CONFIG_PATH} PYTHONPATH=/home/point001/autoware.ai/install/autoware_msgs/lib/python2.7/dist-packages:/home/point001/autoware.ai/install/autoware_can_msgs/lib/python2.7/dist-packages:${PYTHONPATH} ROS_PACKAGE_PATH=/home/point001/autoware.ai/install/autoware_msgs/share:/home/point001/autoware.ai/install/autoware_can_msgs/share:/home/point001/autoware.ai/install/autoware_build_flags/share:${ROS_PACKAGE_PATH} /usr/bin/cmake --build /home/point001/autoware.ai/build/autoware_connector -- -j24 -l24
[0.578s] [  0%] Built target jsk_recognition_msgs_generate_messages_eus
[0.580s] [  0%] Built target autoware_can_msgs_generate_messages_nodejs
[0.593s] [  0%] Built target tf2_msgs_generate_messages_cpp
[0.593s] [  0%] Built target autoware_msgs_generate_messages_py
[0.593s] [  0%] Built target nav_msgs_generate_messages_nodejs
[0.593s] [  0%] Built target autoware_can_msgs_generate_messages_lisp
[0.601s] [  0%] Built target autoware_msgs_generate_messages_eus
[0.601s] [  0%] Built target geometry_msgs_generate_messages_lisp
[0.603s] [  0%] Built target actionlib_generate_messages_cpp
[0.603s] [  0%] Built target jsk_recognition_msgs_generate_messages_lisp
[0.610s] [  0%] Built target autoware_msgs_generate_messages_lisp
[0.610s] [  0%] Built target geometry_msgs_generate_messages_eus
[0.610s] [  0%] Built target tf2_msgs_generate_messages_lisp
[0.610s] [  0%] Built target tf_generate_messages_py
[0.610s] [  0%] Built target pcl_msgs_generate_messages_cpp
[0.610s] [  0%] Built target sensor_msgs_generate_messages_py
[0.612s] [  0%] Built target std_msgs_generate_messages_py
[0.612s] [  0%] Built target tf2_msgs_generate_messages_nodejs
[0.612s] [  0%] Built target sensor_msgs_generate_messages_nodejs
[0.616s] [  0%] Built target jsk_recognition_msgs_generate_messages_cpp
[0.616s] [  0%] Built target rosgraph_msgs_generate_messages_eus
[0.619s] [  0%] Built target autoware_can_msgs_generate_messages_cpp
[0.624s] [  0%] Built target roscpp_generate_messages_cpp
[0.632s] [  0%] Built target jsk_recognition_msgs_generate_messages_py
[0.648s] [  0%] Built target std_msgs_generate_messages_eus
[0.650s] [  0%] Built target actionlib_msgs_generate_messages_nodejs
[0.654s] [  0%] Built target sensor_msgs_generate_messages_eus
[0.656s] [  0%] Built target autoware_msgs_generate_messages_nodejs
[0.657s] [  0%] Built target sensor_msgs_generate_messages_cpp
[0.660s] [  0%] Built target jsk_footstep_msgs_generate_messages_py
[0.662s] [  0%] Built target autoware_msgs_generate_messages_cpp
[0.670s] [  0%] Built target std_msgs_generate_messages_cpp
[0.671s] [  0%] Built target autoware_can_msgs_generate_messages_py
[0.672s] [  0%] Built target jsk_footstep_msgs_generate_messages_lisp
[0.672s] [  0%] Built target jsk_footstep_msgs_generate_messages_eus
[0.676s] [  0%] Built target jsk_footstep_msgs_generate_messages_nodejs
[0.676s] [  0%] Built target pcl_msgs_generate_messages_nodejs
[0.676s] [  0%] Built target roscpp_generate_messages_nodejs
[0.682s] [  0%] Built target std_msgs_generate_messages_lisp
[0.682s] [  0%] Built target actionlib_msgs_generate_messages_py
[0.682s] [  0%] Built target std_msgs_generate_messages_nodejs
[0.683s] [  0%] Built target actionlib_msgs_generate_messages_lisp
[0.685s] [  0%] Built target geometry_msgs_generate_messages_py
[0.688s] [  0%] Built target rosgraph_msgs_generate_messages_cpp
[0.690s] [  0%] Built target rosgraph_msgs_generate_messages_nodejs
[0.694s] [  0%] Built target geometry_msgs_generate_messages_nodejs
[0.695s] [  0%] Built target pcl_msgs_generate_messages_eus
[0.699s] [  0%] Built target sensor_msgs_generate_messages_lisp
[0.699s] [  0%] Built target actionlib_msgs_generate_messages_eus
[0.705s] [  0%] Built target roscpp_generate_messages_lisp
[0.712s] [  0%] Built target rosgraph_msgs_generate_messages_py
[0.718s] [  0%] Built target tf_generate_messages_cpp
[0.724s] [  0%] Built target autoware_can_msgs_generate_messages_eus
[0.725s] [  0%] Built target jsk_recognition_msgs_generate_messages_nodejs
[0.729s] [  0%] Built target rosgraph_msgs_generate_messages_lisp
[0.729s] [  0%] Built target pcl_msgs_generate_messages_lisp
[0.732s] [  0%] Built target tf_generate_messages_lisp
[0.733s] [  0%] Built target actionlib_msgs_generate_messages_cpp
[0.736s] [  0%] Built target nav_msgs_generate_messages_cpp
[0.737s] [  0%] Built target tf_generate_messages_nodejs
[0.744s] [  0%] Built target jsk_footstep_msgs_generate_messages_cpp
[0.745s] [  0%] Built target actionlib_generate_messages_nodejs
[0.745s] [  0%] Built target actionlib_generate_messages_eus
[0.747s] [  0%] Built target tf_generate_messages_eus
[0.751s] [  0%] Built target roscpp_generate_messages_eus
[0.766s] [  0%] Built target roscpp_generate_messages_py
[0.766s] [  0%] Built target nav_msgs_generate_messages_lisp
[0.768s] [  0%] Built target geometry_msgs_generate_messages_cpp
[0.768s] [  0%] Built target actionlib_generate_messages_py
[0.768s] [  0%] Built target pcl_msgs_generate_messages_py
[0.770s] [  0%] Built target nav_msgs_generate_messages_py
[0.775s] [  0%] Built target tf2_msgs_generate_messages_py
[0.780s] [  0%] Built target nav_msgs_generate_messages_eus
[0.780s] [  0%] Built target actionlib_generate_messages_lisp
[0.799s] [  0%] Built target tf2_msgs_generate_messages_eus
[0.838s] [ 50%] Built target can_odometry
[0.845s] [100%] Built target can_status_translator
[0.885s] Invoked command in '/home/point001/autoware.ai/build/autoware_connector' returned '0': CMAKE_PREFIX_PATH=/home/point001/autoware.ai/install/autoware_msgs:/home/point001/autoware.ai/install/autoware_can_msgs:/home/point001/autoware.ai/install/autoware_build_flags:${CMAKE_PREFIX_PATH} PKG_CONFIG_PATH=/home/point001/autoware.ai/install/autoware_msgs/lib/x86_64-linux-gnu/pkgconfig:/home/point001/autoware.ai/install/autoware_msgs/lib/pkgconfig:/home/point001/autoware.ai/install/autoware_can_msgs/lib/x86_64-linux-gnu/pkgconfig:/home/point001/autoware.ai/install/autoware_can_msgs/lib/pkgconfig:/home/point001/autoware.ai/install/autoware_build_flags/lib/x86_64-linux-gnu/pkgconfig:/home/point001/autoware.ai/install/autoware_build_flags/lib/pkgconfig:${PKG_CONFIG_PATH} PYTHONPATH=/home/point001/autoware.ai/install/autoware_msgs/lib/python2.7/dist-packages:/home/point001/autoware.ai/install/autoware_can_msgs/lib/python2.7/dist-packages:${PYTHONPATH} ROS_PACKAGE_PATH=/home/point001/autoware.ai/install/autoware_msgs/share:/home/point001/autoware.ai/install/autoware_can_msgs/share:/home/point001/autoware.ai/install/autoware_build_flags/share:${ROS_PACKAGE_PATH} /usr/bin/cmake --build /home/point001/autoware.ai/build/autoware_connector -- -j24 -l24
[1.096s] Invoking command in '/home/point001/autoware.ai/build/autoware_connector': CMAKE_PREFIX_PATH=/home/point001/autoware.ai/install/autoware_msgs:/home/point001/autoware.ai/install/autoware_can_msgs:/home/point001/autoware.ai/install/autoware_build_flags:${CMAKE_PREFIX_PATH} PKG_CONFIG_PATH=/home/point001/autoware.ai/install/autoware_msgs/lib/x86_64-linux-gnu/pkgconfig:/home/point001/autoware.ai/install/autoware_msgs/lib/pkgconfig:/home/point001/autoware.ai/install/autoware_can_msgs/lib/x86_64-linux-gnu/pkgconfig:/home/point001/autoware.ai/install/autoware_can_msgs/lib/pkgconfig:/home/point001/autoware.ai/install/autoware_build_flags/lib/x86_64-linux-gnu/pkgconfig:/home/point001/autoware.ai/install/autoware_build_flags/lib/pkgconfig:${PKG_CONFIG_PATH} PYTHONPATH=/home/point001/autoware.ai/install/autoware_msgs/lib/python2.7/dist-packages:/home/point001/autoware.ai/install/autoware_can_msgs/lib/python2.7/dist-packages:${PYTHONPATH} ROS_PACKAGE_PATH=/home/point001/autoware.ai/install/autoware_msgs/share:/home/point001/autoware.ai/install/autoware_can_msgs/share:/home/point001/autoware.ai/install/autoware_build_flags/share:${ROS_PACKAGE_PATH} /usr/bin/cmake --build /home/point001/autoware.ai/build/autoware_connector --target tests -- -j24 -l24
[1.185s] Built target tests
[1.402s] Invoked command in '/home/point001/autoware.ai/build/autoware_connector' returned '0': CMAKE_PREFIX_PATH=/home/point001/autoware.ai/install/autoware_msgs:/home/point001/autoware.ai/install/autoware_can_msgs:/home/point001/autoware.ai/install/autoware_build_flags:${CMAKE_PREFIX_PATH} PKG_CONFIG_PATH=/home/point001/autoware.ai/install/autoware_msgs/lib/x86_64-linux-gnu/pkgconfig:/home/point001/autoware.ai/install/autoware_msgs/lib/pkgconfig:/home/point001/autoware.ai/install/autoware_can_msgs/lib/x86_64-linux-gnu/pkgconfig:/home/point001/autoware.ai/install/autoware_can_msgs/lib/pkgconfig:/home/point001/autoware.ai/install/autoware_build_flags/lib/x86_64-linux-gnu/pkgconfig:/home/point001/autoware.ai/install/autoware_build_flags/lib/pkgconfig:${PKG_CONFIG_PATH} PYTHONPATH=/home/point001/autoware.ai/install/autoware_msgs/lib/python2.7/dist-packages:/home/point001/autoware.ai/install/autoware_can_msgs/lib/python2.7/dist-packages:${PYTHONPATH} ROS_PACKAGE_PATH=/home/point001/autoware.ai/install/autoware_msgs/share:/home/point001/autoware.ai/install/autoware_can_msgs/share:/home/point001/autoware.ai/install/autoware_build_flags/share:${ROS_PACKAGE_PATH} /usr/bin/cmake --build /home/point001/autoware.ai/build/autoware_connector --target tests -- -j24 -l24
[1.981s] Invoking command in '/home/point001/autoware.ai/build/autoware_connector': CMAKE_PREFIX_PATH=/home/point001/autoware.ai/install/autoware_msgs:/home/point001/autoware.ai/install/autoware_can_msgs:/home/point001/autoware.ai/install/autoware_build_flags:${CMAKE_PREFIX_PATH} PKG_CONFIG_PATH=/home/point001/autoware.ai/install/autoware_msgs/lib/x86_64-linux-gnu/pkgconfig:/home/point001/autoware.ai/install/autoware_msgs/lib/pkgconfig:/home/point001/autoware.ai/install/autoware_can_msgs/lib/x86_64-linux-gnu/pkgconfig:/home/point001/autoware.ai/install/autoware_can_msgs/lib/pkgconfig:/home/point001/autoware.ai/install/autoware_build_flags/lib/x86_64-linux-gnu/pkgconfig:/home/point001/autoware.ai/install/autoware_build_flags/lib/pkgconfig:${PKG_CONFIG_PATH} PYTHONPATH=/home/point001/autoware.ai/install/autoware_msgs/lib/python2.7/dist-packages:/home/point001/autoware.ai/install/autoware_can_msgs/lib/python2.7/dist-packages:${PYTHONPATH} ROS_PACKAGE_PATH=/home/point001/autoware.ai/install/autoware_msgs/share:/home/point001/autoware.ai/install/autoware_can_msgs/share:/home/point001/autoware.ai/install/autoware_build_flags/share:${ROS_PACKAGE_PATH} /usr/bin/cmake --build /home/point001/autoware.ai/build/autoware_connector --target install -- -j24 -l24
[2.049s] [  0%] Built target rosgraph_msgs_generate_messages_eus
[2.049s] [  0%] Built target autoware_msgs_generate_messages_lisp
[2.050s] [  0%] Built target roscpp_generate_messages_cpp
[2.050s] [  0%] Built target jsk_recognition_msgs_generate_messages_lisp
[2.050s] [  0%] Built target tf2_msgs_generate_messages_cpp
[2.050s] [  0%] Built target geometry_msgs_generate_messages_lisp
[2.052s] [  0%] Built target autoware_msgs_generate_messages_eus
[2.052s] [  0%] Built target tf_generate_messages_py
[2.052s] [  0%] Built target pcl_msgs_generate_messages_cpp
[2.059s] [  0%] Built target tf2_msgs_generate_messages_lisp
[2.059s] [  0%] Built target autoware_can_msgs_generate_messages_lisp
[2.059s] [  0%] Built target jsk_recognition_msgs_generate_messages_eus
[2.059s] [  0%] Built target nav_msgs_generate_messages_nodejs
[2.060s] [  0%] Built target geometry_msgs_generate_messages_eus
[2.063s] [  0%] Built target std_msgs_generate_messages_py
[2.063s] [  0%] Built target sensor_msgs_generate_messages_py
[2.063s] [  0%] Built target autoware_msgs_generate_messages_py
[2.064s] [  0%] Built target sensor_msgs_generate_messages_nodejs
[2.067s] [  0%] Built target autoware_can_msgs_generate_messages_nodejs
[2.067s] [  0%] Built target actionlib_generate_messages_cpp
[2.067s] [  0%] Built target jsk_recognition_msgs_generate_messages_py
[2.070s] [  0%] Built target tf2_msgs_generate_messages_nodejs
[2.070s] [  0%] Built target jsk_recognition_msgs_generate_messages_cpp
[2.088s] [  0%] Built target geometry_msgs_generate_messages_nodejs
[2.092s] [  0%] Built target std_msgs_generate_messages_cpp
[2.100s] [  0%] Built target autoware_msgs_generate_messages_nodejs
[2.101s] [  0%] Built target std_msgs_generate_messages_nodejs
[2.102s] [  0%] Built target std_msgs_generate_messages_lisp
[2.102s] [  0%] Built target actionlib_msgs_generate_messages_lisp
[2.102s] [  0%] Built target jsk_footstep_msgs_generate_messages_eus
[2.102s] [  0%] Built target pcl_msgs_generate_messages_eus
[2.106s] [  0%] Built target actionlib_msgs_generate_messages_nodejs
[2.107s] [  0%] Built target actionlib_msgs_generate_messages_py
[2.107s] [  0%] Built target jsk_footstep_msgs_generate_messages_py
[2.107s] [  0%] Built target autoware_can_msgs_generate_messages_cpp
[2.109s] [  0%] Built target autoware_msgs_generate_messages_cpp
[2.109s] [  0%] Built target geometry_msgs_generate_messages_py
[2.109s] [  0%] Built target std_msgs_generate_messages_eus
[2.120s] [  0%] Built target jsk_footstep_msgs_generate_messages_lisp
[2.120s] [  0%] Built target rosgraph_msgs_generate_messages_cpp
[2.125s] [  0%] Built target roscpp_generate_messages_nodejs
[2.125s] [  0%] Built target autoware_can_msgs_generate_messages_py
[2.126s] [  0%] Built target nav_msgs_generate_messages_cpp
[2.134s] [  0%] Built target pcl_msgs_generate_messages_nodejs
[2.135s] [  0%] Built target roscpp_generate_messages_lisp
[2.135s] [  0%] Built target jsk_footstep_msgs_generate_messages_nodejs
[2.136s] [  0%] Built target sensor_msgs_generate_messages_eus
[2.144s] [  0%] Built target nav_msgs_generate_messages_lisp
[2.144s] [  0%] Built target jsk_recognition_msgs_generate_messages_nodejs
[2.145s] [  0%] Built target actionlib_generate_messages_nodejs
[2.145s] [  0%] Built target sensor_msgs_generate_messages_lisp
[2.146s] [  0%] Built target sensor_msgs_generate_messages_cpp
[2.150s] [  0%] Built target roscpp_generate_messages_py
[2.150s] [  0%] Built target roscpp_generate_messages_eus
[2.159s] [  0%] Built target actionlib_msgs_generate_messages_eus
[2.160s] [  0%] Built target actionlib_msgs_generate_messages_cpp
[2.162s] [  0%] Built target rosgraph_msgs_generate_messages_nodejs
[2.162s] [  0%] Built target tf_generate_messages_eus
[2.165s] [  0%] Built target rosgraph_msgs_generate_messages_lisp
[2.168s] [  0%] Built target autoware_can_msgs_generate_messages_eus
[2.168s] [  0%] Built target geometry_msgs_generate_messages_cpp
[2.168s] [  0%] Built target tf_generate_messages_cpp
[2.173s] [  0%] Built target actionlib_generate_messages_lisp
[2.173s] [  0%] Built target rosgraph_msgs_generate_messages_py
[2.177s] [  0%] Built target pcl_msgs_generate_messages_lisp
[2.180s] [  0%] Built target pcl_msgs_generate_messages_py
[2.184s] [  0%] Built target nav_msgs_generate_messages_eus
[2.185s] [  0%] Built target tf_generate_messages_nodejs
[2.188s] [  0%] Built target jsk_footstep_msgs_generate_messages_cpp
[2.188s] [  0%] Built target tf_generate_messages_lisp
[2.189s] [  0%] Built target actionlib_generate_messages_py
[2.189s] [  0%] Built target actionlib_generate_messages_eus
[2.190s] [  0%] Built target tf2_msgs_generate_messages_eus
[2.193s] [  0%] Built target tf2_msgs_generate_messages_py
[2.193s] [  0%] Built target nav_msgs_generate_messages_py
[2.227s] [ 50%] Built target can_status_translator
[2.227s] [100%] Built target can_odometry
[2.244s] [36mInstall the project...[0m
[2.252s] -- Install configuration: "Release"
[2.252s] -- Up-to-date: /home/point001/autoware.ai/install/autoware_connector/lib/pkgconfig/autoware_connector.pc
[2.252s] -- Up-to-date: /home/point001/autoware.ai/install/autoware_connector/share/autoware_connector/cmake/autoware_connectorConfig.cmake
[2.253s] -- Up-to-date: /home/point001/autoware.ai/install/autoware_connector/share/autoware_connector/cmake/autoware_connectorConfig-version.cmake
[2.253s] -- Up-to-date: /home/point001/autoware.ai/install/autoware_connector/share/autoware_connector/package.xml
[2.253s] -- Up-to-date: /home/point001/autoware.ai/install/autoware_connector/lib/autoware_connector/can_status_translator
[2.253s] -- Up-to-date: /home/point001/autoware.ai/install/autoware_connector/lib/autoware_connector/can_odometry
[2.253s] -- Up-to-date: /home/point001/autoware.ai/install/autoware_connector/share/autoware_connector/launch
[2.253s] -- Up-to-date: /home/point001/autoware.ai/install/autoware_connector/share/autoware_connector/launch/can2odom.launch
[2.253s] -- Up-to-date: /home/point001/autoware.ai/install/autoware_connector/share/autoware_connector/launch/vel_pose_connect.launch
[2.396s] Invoked command in '/home/point001/autoware.ai/build/autoware_connector' returned '0': CMAKE_PREFIX_PATH=/home/point001/autoware.ai/install/autoware_msgs:/home/point001/autoware.ai/install/autoware_can_msgs:/home/point001/autoware.ai/install/autoware_build_flags:${CMAKE_PREFIX_PATH} PKG_CONFIG_PATH=/home/point001/autoware.ai/install/autoware_msgs/lib/x86_64-linux-gnu/pkgconfig:/home/point001/autoware.ai/install/autoware_msgs/lib/pkgconfig:/home/point001/autoware.ai/install/autoware_can_msgs/lib/x86_64-linux-gnu/pkgconfig:/home/point001/autoware.ai/install/autoware_can_msgs/lib/pkgconfig:/home/point001/autoware.ai/install/autoware_build_flags/lib/x86_64-linux-gnu/pkgconfig:/home/point001/autoware.ai/install/autoware_build_flags/lib/pkgconfig:${PKG_CONFIG_PATH} PYTHONPATH=/home/point001/autoware.ai/install/autoware_msgs/lib/python2.7/dist-packages:/home/point001/autoware.ai/install/autoware_can_msgs/lib/python2.7/dist-packages:${PYTHONPATH} ROS_PACKAGE_PATH=/home/point001/autoware.ai/install/autoware_msgs/share:/home/point001/autoware.ai/install/autoware_can_msgs/share:/home/point001/autoware.ai/install/autoware_build_flags/share:${ROS_PACKAGE_PATH} /usr/bin/cmake --build /home/point001/autoware.ai/build/autoware_connector --target install -- -j24 -l24
