[0.218s] Invoking command in '/home/point001/autoware.ai/build/twist_generator': CMAKE_PREFIX_PATH=/home/point001/autoware.ai/install/amathutils_lib:/home/point001/autoware.ai/install/autoware_msgs:/home/point001/autoware.ai/install/autoware_build_flags:${CMAKE_PREFIX_PATH} LD_LIBRARY_PATH=/home/point001/autoware.ai/install/amathutils_lib/lib:${LD_LIBRARY_PATH} PKG_CONFIG_PATH=/home/point001/autoware.ai/install/amathutils_lib/lib/x86_64-linux-gnu/pkgconfig:/home/point001/autoware.ai/install/amathutils_lib/lib/pkgconfig:/home/point001/autoware.ai/install/autoware_msgs/lib/x86_64-linux-gnu/pkgconfig:/home/point001/autoware.ai/install/autoware_msgs/lib/pkgconfig:/home/point001/autoware.ai/install/autoware_build_flags/lib/x86_64-linux-gnu/pkgconfig:/home/point001/autoware.ai/install/autoware_build_flags/lib/pkgconfig:${PKG_CONFIG_PATH} PYTHONPATH=/home/point001/autoware.ai/install/autoware_msgs/lib/python2.7/dist-packages:${PYTHONPATH} ROS_PACKAGE_PATH=/home/point001/autoware.ai/install/amathutils_lib/share:/home/point001/autoware.ai/install/autoware_msgs/share:/home/point001/autoware.ai/install/autoware_build_flags/share:${ROS_PACKAGE_PATH} /usr/bin/cmake --build /home/point001/autoware.ai/build/twist_generator -- -j24 -l24
[0.389s] [  0%] Built target pcl_msgs_generate_messages_nodejs
[0.405s] [  0%] Built target tf2_msgs_generate_messages_cpp
[0.405s] [  0%] Built target pcl_msgs_generate_messages_eus
[0.405s] [  0%] Built target autoware_msgs_generate_messages_py
[0.405s] [  0%] Built target tf_generate_messages_py
[0.412s] [  0%] Built target sensor_msgs_generate_messages_nodejs
[0.412s] [  0%] Built target autoware_msgs_generate_messages_cpp
[0.416s] [  0%] Built target jsk_recognition_msgs_generate_messages_py
[0.416s] [  0%] Built target std_msgs_generate_messages_py
[0.434s] [  0%] Built target geometry_msgs_generate_messages_py
[0.434s] [  0%] Built target rosgraph_msgs_generate_messages_cpp
[0.435s] [  0%] Built target sensor_msgs_generate_messages_py
[0.435s] [  0%] Built target std_msgs_generate_messages_cpp
[0.436s] [  0%] Built target sensor_msgs_generate_messages_eus
[0.445s] [  0%] Built target sensor_msgs_generate_messages_cpp
[0.445s] [  0%] Built target std_msgs_generate_messages_nodejs
[0.445s] [  0%] Built target roscpp_generate_messages_nodejs
[0.461s] [  0%] Built target jsk_recognition_msgs_generate_messages_lisp
[0.461s] [  0%] Built target jsk_footstep_msgs_generate_messages_py
[0.461s] [  0%] Built target roscpp_generate_messages_cpp
[0.461s] [  0%] Built target geometry_msgs_generate_messages_nodejs
[0.468s] [  0%] Built target rosgraph_msgs_generate_messages_eus
[0.468s] [  0%] Built target std_msgs_generate_messages_lisp
[0.475s] [  0%] Built target geometry_msgs_generate_messages_eus
[0.481s] [  0%] Built target autoware_msgs_generate_messages_nodejs
[0.481s] [  0%] Built target sensor_msgs_generate_messages_lisp
[0.481s] [  0%] Built target actionlib_generate_messages_cpp
[0.483s] [  0%] Built target _catkin_empty_exported_target
[0.484s] [  0%] Built target actionlib_msgs_generate_messages_nodejs
[0.486s] [  0%] Built target autoware_msgs_generate_messages_lisp
[0.493s] [  0%] Built target tf2_msgs_generate_messages_nodejs
[0.500s] [  0%] Built target actionlib_msgs_generate_messages_py
[0.503s] [  0%] Built target jsk_footstep_msgs_generate_messages_nodejs
[0.510s] [  0%] Built target jsk_recognition_msgs_generate_messages_eus
[0.510s] [  0%] Built target actionlib_msgs_generate_messages_cpp
[0.515s] [  0%] Built target jsk_footstep_msgs_generate_messages_cpp
[0.516s] [  0%] Built target jsk_footstep_msgs_generate_messages_lisp
[0.518s] [  0%] Built target pcl_msgs_generate_messages_cpp
[0.520s] [  0%] Built target jsk_recognition_msgs_generate_messages_cpp
[0.520s] [  0%] Built target actionlib_msgs_generate_messages_lisp
[0.523s] [  0%] Built target geometry_msgs_generate_messages_lisp
[0.527s] [  0%] Built target autoware_msgs_generate_messages_eus
[0.527s] [  0%] Built target roscpp_generate_messages_lisp
[0.534s] [  0%] Built target jsk_footstep_msgs_generate_messages_eus
[0.534s] [  0%] Built target roscpp_generate_messages_eus
[0.534s] [  0%] Built target std_msgs_generate_messages_eus
[0.545s] [  0%] Built target geometry_msgs_generate_messages_cpp
[0.545s] [  0%] Built target tf_generate_messages_nodejs
[0.549s] [  0%] Built target actionlib_generate_messages_eus
[0.550s] [  0%] Built target jsk_recognition_msgs_generate_messages_nodejs
[0.551s] [  0%] Built target actionlib_msgs_generate_messages_eus
[0.553s] [  0%] Built target pcl_msgs_generate_messages_py
[0.559s] [  0%] Built target tf_generate_messages_lisp
[0.561s] [  0%] Built target roscpp_generate_messages_py
[0.566s] [  0%] Built target rosgraph_msgs_generate_messages_lisp
[0.569s] [  0%] Built target rosgraph_msgs_generate_messages_nodejs
[0.569s] [  0%] Built target pcl_msgs_generate_messages_lisp
[0.570s] [  0%] Built target actionlib_generate_messages_py
[0.570s] [  0%] Built target tf_generate_messages_eus
[0.572s] [  0%] Built target tf2_msgs_generate_messages_lisp
[0.572s] [  0%] Built target tf2_msgs_generate_messages_eus
[0.582s] [  0%] Built target tf2_msgs_generate_messages_py
[0.585s] [  0%] Built target actionlib_generate_messages_nodejs
[0.590s] [  0%] Built target rosgraph_msgs_generate_messages_py
[0.606s] [  0%] Built target actionlib_generate_messages_lisp
[0.606s] [  0%] Built target tf_generate_messages_cpp
[0.656s] [100%] Built target vehicle_status_converter
[0.837s] Invoked command in '/home/point001/autoware.ai/build/twist_generator' returned '0': CMAKE_PREFIX_PATH=/home/point001/autoware.ai/install/amathutils_lib:/home/point001/autoware.ai/install/autoware_msgs:/home/point001/autoware.ai/install/autoware_build_flags:${CMAKE_PREFIX_PATH} LD_LIBRARY_PATH=/home/point001/autoware.ai/install/amathutils_lib/lib:${LD_LIBRARY_PATH} PKG_CONFIG_PATH=/home/point001/autoware.ai/install/amathutils_lib/lib/x86_64-linux-gnu/pkgconfig:/home/point001/autoware.ai/install/amathutils_lib/lib/pkgconfig:/home/point001/autoware.ai/install/autoware_msgs/lib/x86_64-linux-gnu/pkgconfig:/home/point001/autoware.ai/install/autoware_msgs/lib/pkgconfig:/home/point001/autoware.ai/install/autoware_build_flags/lib/x86_64-linux-gnu/pkgconfig:/home/point001/autoware.ai/install/autoware_build_flags/lib/pkgconfig:${PKG_CONFIG_PATH} PYTHONPATH=/home/point001/autoware.ai/install/autoware_msgs/lib/python2.7/dist-packages:${PYTHONPATH} ROS_PACKAGE_PATH=/home/point001/autoware.ai/install/amathutils_lib/share:/home/point001/autoware.ai/install/autoware_msgs/share:/home/point001/autoware.ai/install/autoware_build_flags/share:${ROS_PACKAGE_PATH} /usr/bin/cmake --build /home/point001/autoware.ai/build/twist_generator -- -j24 -l24
[1.350s] Invoking command in '/home/point001/autoware.ai/build/twist_generator': CMAKE_PREFIX_PATH=/home/point001/autoware.ai/install/amathutils_lib:/home/point001/autoware.ai/install/autoware_msgs:/home/point001/autoware.ai/install/autoware_build_flags:${CMAKE_PREFIX_PATH} LD_LIBRARY_PATH=/home/point001/autoware.ai/install/amathutils_lib/lib:${LD_LIBRARY_PATH} PKG_CONFIG_PATH=/home/point001/autoware.ai/install/amathutils_lib/lib/x86_64-linux-gnu/pkgconfig:/home/point001/autoware.ai/install/amathutils_lib/lib/pkgconfig:/home/point001/autoware.ai/install/autoware_msgs/lib/x86_64-linux-gnu/pkgconfig:/home/point001/autoware.ai/install/autoware_msgs/lib/pkgconfig:/home/point001/autoware.ai/install/autoware_build_flags/lib/x86_64-linux-gnu/pkgconfig:/home/point001/autoware.ai/install/autoware_build_flags/lib/pkgconfig:${PKG_CONFIG_PATH} PYTHONPATH=/home/point001/autoware.ai/install/autoware_msgs/lib/python2.7/dist-packages:${PYTHONPATH} ROS_PACKAGE_PATH=/home/point001/autoware.ai/install/amathutils_lib/share:/home/point001/autoware.ai/install/autoware_msgs/share:/home/point001/autoware.ai/install/autoware_build_flags/share:${ROS_PACKAGE_PATH} /usr/bin/cmake --build /home/point001/autoware.ai/build/twist_generator --target tests -- -j24 -l24
[1.480s] [ 40%] Built target gtest
[1.547s] [100%] Built target vehicle_status_converter-test
[1.599s] [100%] Built target tests
[1.630s] Invoked command in '/home/point001/autoware.ai/build/twist_generator' returned '0': CMAKE_PREFIX_PATH=/home/point001/autoware.ai/install/amathutils_lib:/home/point001/autoware.ai/install/autoware_msgs:/home/point001/autoware.ai/install/autoware_build_flags:${CMAKE_PREFIX_PATH} LD_LIBRARY_PATH=/home/point001/autoware.ai/install/amathutils_lib/lib:${LD_LIBRARY_PATH} PKG_CONFIG_PATH=/home/point001/autoware.ai/install/amathutils_lib/lib/x86_64-linux-gnu/pkgconfig:/home/point001/autoware.ai/install/amathutils_lib/lib/pkgconfig:/home/point001/autoware.ai/install/autoware_msgs/lib/x86_64-linux-gnu/pkgconfig:/home/point001/autoware.ai/install/autoware_msgs/lib/pkgconfig:/home/point001/autoware.ai/install/autoware_build_flags/lib/x86_64-linux-gnu/pkgconfig:/home/point001/autoware.ai/install/autoware_build_flags/lib/pkgconfig:${PKG_CONFIG_PATH} PYTHONPATH=/home/point001/autoware.ai/install/autoware_msgs/lib/python2.7/dist-packages:${PYTHONPATH} ROS_PACKAGE_PATH=/home/point001/autoware.ai/install/amathutils_lib/share:/home/point001/autoware.ai/install/autoware_msgs/share:/home/point001/autoware.ai/install/autoware_build_flags/share:${ROS_PACKAGE_PATH} /usr/bin/cmake --build /home/point001/autoware.ai/build/twist_generator --target tests -- -j24 -l24
[1.946s] Invoking command in '/home/point001/autoware.ai/build/twist_generator': CMAKE_PREFIX_PATH=/home/point001/autoware.ai/install/amathutils_lib:/home/point001/autoware.ai/install/autoware_msgs:/home/point001/autoware.ai/install/autoware_build_flags:${CMAKE_PREFIX_PATH} LD_LIBRARY_PATH=/home/point001/autoware.ai/install/amathutils_lib/lib:${LD_LIBRARY_PATH} PKG_CONFIG_PATH=/home/point001/autoware.ai/install/amathutils_lib/lib/x86_64-linux-gnu/pkgconfig:/home/point001/autoware.ai/install/amathutils_lib/lib/pkgconfig:/home/point001/autoware.ai/install/autoware_msgs/lib/x86_64-linux-gnu/pkgconfig:/home/point001/autoware.ai/install/autoware_msgs/lib/pkgconfig:/home/point001/autoware.ai/install/autoware_build_flags/lib/x86_64-linux-gnu/pkgconfig:/home/point001/autoware.ai/install/autoware_build_flags/lib/pkgconfig:${PKG_CONFIG_PATH} PYTHONPATH=/home/point001/autoware.ai/install/autoware_msgs/lib/python2.7/dist-packages:${PYTHONPATH} ROS_PACKAGE_PATH=/home/point001/autoware.ai/install/amathutils_lib/share:/home/point001/autoware.ai/install/autoware_msgs/share:/home/point001/autoware.ai/install/autoware_build_flags/share:${ROS_PACKAGE_PATH} /usr/bin/cmake --build /home/point001/autoware.ai/build/twist_generator --target install -- -j24 -l24
[2.186s] [  0%] Built target sensor_msgs_generate_messages_eus
[2.186s] [  0%] Built target autoware_msgs_generate_messages_cpp
[2.187s] [  0%] Built target sensor_msgs_generate_messages_nodejs
[2.188s] [  0%] Built target roscpp_generate_messages_cpp
[2.190s] [  0%] Built target pcl_msgs_generate_messages_eus
[2.206s] [  0%] Built target rosgraph_msgs_generate_messages_eus
[2.207s] [  0%] Built target tf_generate_messages_py
[2.210s] [  0%] Built target sensor_msgs_generate_messages_lisp
[2.214s] [  0%] Built target std_msgs_generate_messages_nodejs
[2.214s] [  0%] Built target jsk_recognition_msgs_generate_messages_py
[2.223s] [  0%] Built target _catkin_empty_exported_target
[2.237s] [  0%] Built target std_msgs_generate_messages_py
[2.248s] [  0%] Built target actionlib_generate_messages_cpp
[2.260s] [  0%] Built target tf2_msgs_generate_messages_cpp
[2.272s] [  0%] Built target autoware_msgs_generate_messages_py
[2.272s] [  0%] Built target jsk_footstep_msgs_generate_messages_py
[2.274s] [  0%] Built target pcl_msgs_generate_messages_nodejs
[2.282s] [  0%] Built target geometry_msgs_generate_messages_py
[2.288s] [  0%] Built target sensor_msgs_generate_messages_py
[2.289s] [  0%] Built target jsk_recognition_msgs_generate_messages_lisp
[2.290s] [  0%] Built target roscpp_generate_messages_nodejs
[2.299s] [  0%] Built target sensor_msgs_generate_messages_cpp
[2.306s] [  0%] Built target tf2_msgs_generate_messages_nodejs
[2.332s] [  0%] Built target geometry_msgs_generate_messages_eus
[2.337s] [  0%] Built target geometry_msgs_generate_messages_nodejs
[2.338s] [  0%] Built target std_msgs_generate_messages_cpp
[2.349s] [  0%] Built target geometry_msgs_generate_messages_lisp
[2.352s] [  0%] Built target pcl_msgs_generate_messages_cpp
[2.355s] [  0%] Built target autoware_msgs_generate_messages_eus
[2.361s] [  0%] Built target jsk_recognition_msgs_generate_messages_cpp
[2.363s] [  0%] Built target autoware_msgs_generate_messages_nodejs
[2.375s] [  0%] Built target std_msgs_generate_messages_eus
[2.380s] [  0%] Built target autoware_msgs_generate_messages_lisp
[2.382s] [  0%] Built target actionlib_msgs_generate_messages_nodejs
[2.388s] [  0%] Built target rosgraph_msgs_generate_messages_cpp
[2.398s] [  0%] Built target jsk_footstep_msgs_generate_messages_eus
[2.408s] [  0%] Built target tf_generate_messages_eus
[2.413s] [  0%] Built target jsk_recognition_msgs_generate_messages_eus
[2.416s] [  0%] Built target actionlib_msgs_generate_messages_lisp
[2.429s] [  0%] Built target tf_generate_messages_nodejs
[2.438s] [  0%] Built target actionlib_msgs_generate_messages_cpp
[2.438s] [  0%] Built target std_msgs_generate_messages_lisp
[2.444s] [  0%] Built target actionlib_generate_messages_eus
[2.453s] [  0%] Built target jsk_recognition_msgs_generate_messages_nodejs
[2.469s] [  0%] Built target jsk_footstep_msgs_generate_messages_nodejs
[2.470s] [  0%] Built target rosgraph_msgs_generate_messages_lisp
[2.482s] [  0%] Built target actionlib_generate_messages_lisp
[2.503s] [  0%] Built target jsk_footstep_msgs_generate_messages_lisp
[2.504s] [  0%] Built target jsk_footstep_msgs_generate_messages_cpp
[2.504s] [  0%] Built target tf_generate_messages_lisp
[2.514s] [  0%] Built target pcl_msgs_generate_messages_lisp
[2.528s] [  0%] Built target actionlib_msgs_generate_messages_py
[2.529s] [  0%] Built target actionlib_msgs_generate_messages_eus
[2.530s] [  0%] Built target actionlib_generate_messages_nodejs
[2.531s] [  0%] Built target rosgraph_msgs_generate_messages_nodejs
[2.542s] [  0%] Built target roscpp_generate_messages_py
[2.542s] [  0%] Built target roscpp_generate_messages_eus
[2.542s] [  0%] Built target rosgraph_msgs_generate_messages_py
[2.543s] [  0%] Built target tf2_msgs_generate_messages_lisp
[2.550s] [  0%] Built target tf2_msgs_generate_messages_eus
[2.553s] [  0%] Built target roscpp_generate_messages_lisp
[2.553s] [  0%] Built target geometry_msgs_generate_messages_cpp
[2.566s] [  0%] Built target tf_generate_messages_cpp
[2.566s] [  0%] Built target tf2_msgs_generate_messages_py
[2.581s] [  0%] Built target actionlib_generate_messages_py
[2.586s] [  0%] Built target pcl_msgs_generate_messages_py
[2.646s] [100%] Built target vehicle_status_converter
[2.691s] [36mInstall the project...[0m
[2.722s] -- Install configuration: "Release"
[2.722s] -- Up-to-date: /home/point001/autoware.ai/install/twist_generator/lib/pkgconfig/twist_generator.pc
[2.722s] -- Up-to-date: /home/point001/autoware.ai/install/twist_generator/share/twist_generator/cmake/twist_generatorConfig.cmake
[2.722s] -- Up-to-date: /home/point001/autoware.ai/install/twist_generator/share/twist_generator/cmake/twist_generatorConfig-version.cmake
[2.722s] -- Up-to-date: /home/point001/autoware.ai/install/twist_generator/share/twist_generator/package.xml
[2.722s] -- Up-to-date: /home/point001/autoware.ai/install/twist_generator/lib/twist_generator/vehicle_status_converter
[2.722s] -- Up-to-date: /home/point001/autoware.ai/install/twist_generator/share/twist_generator/launch
[2.723s] -- Up-to-date: /home/point001/autoware.ai/install/twist_generator/share/twist_generator/launch/vehicle_status_converter.launch
[2.723s] -- Up-to-date: /home/point001/autoware.ai/install/twist_generator/include/twist_generator
[2.723s] -- Up-to-date: /home/point001/autoware.ai/install/twist_generator/include/twist_generator/vehicle_status_converter.hpp
[2.758s] Invoked command in '/home/point001/autoware.ai/build/twist_generator' returned '0': CMAKE_PREFIX_PATH=/home/point001/autoware.ai/install/amathutils_lib:/home/point001/autoware.ai/install/autoware_msgs:/home/point001/autoware.ai/install/autoware_build_flags:${CMAKE_PREFIX_PATH} LD_LIBRARY_PATH=/home/point001/autoware.ai/install/amathutils_lib/lib:${LD_LIBRARY_PATH} PKG_CONFIG_PATH=/home/point001/autoware.ai/install/amathutils_lib/lib/x86_64-linux-gnu/pkgconfig:/home/point001/autoware.ai/install/amathutils_lib/lib/pkgconfig:/home/point001/autoware.ai/install/autoware_msgs/lib/x86_64-linux-gnu/pkgconfig:/home/point001/autoware.ai/install/autoware_msgs/lib/pkgconfig:/home/point001/autoware.ai/install/autoware_build_flags/lib/x86_64-linux-gnu/pkgconfig:/home/point001/autoware.ai/install/autoware_build_flags/lib/pkgconfig:${PKG_CONFIG_PATH} PYTHONPATH=/home/point001/autoware.ai/install/autoware_msgs/lib/python2.7/dist-packages:${PYTHONPATH} ROS_PACKAGE_PATH=/home/point001/autoware.ai/install/amathutils_lib/share:/home/point001/autoware.ai/install/autoware_msgs/share:/home/point001/autoware.ai/install/autoware_build_flags/share:${ROS_PACKAGE_PATH} /usr/bin/cmake --build /home/point001/autoware.ai/build/twist_generator --target install -- -j24 -l24
