[0.050s] Invoking command in '/home/point001/autoware.ai/build/decision_maker': CMAKE_PREFIX_PATH=/home/point001/autoware.ai/install/lanelet2_extension:/home/point001/autoware.ai/install/lanelet2_validation:/home/point001/autoware.ai/install/lanelet2_routing:/home/point001/autoware.ai/install/lanelet2_projection:/home/point001/autoware.ai/install/lanelet2_traffic_rules:/home/point001/autoware.ai/install/lanelet2_maps:/home/point001/autoware.ai/install/lanelet2_io:/home/point001/autoware.ai/install/vector_map:/home/point001/autoware.ai/install/state_machine_lib:/home/point001/autoware.ai/install/lanelet2_core:/home/point001/autoware.ai/install/amathutils_lib:/home/point001/autoware.ai/install/vector_map_msgs:/home/point001/autoware.ai/install/autoware_msgs:/home/point001/autoware.ai/install/autoware_lanelet2_msgs:/home/point001/autoware.ai/install/autoware_config_msgs:/home/point001/autoware.ai/install/autoware_build_flags:${CMAKE_PREFIX_PATH} LD_LIBRARY_PATH=/home/point001/autoware.ai/install/lanelet2_extension/lib:/home/point001/autoware.ai/install/lanelet2_validation/lib:/home/point001/autoware.ai/install/lanelet2_routing/lib:/home/point001/autoware.ai/install/lanelet2_projection/lib:/home/point001/autoware.ai/install/lanelet2_traffic_rules/lib:/home/point001/autoware.ai/install/lanelet2_io/lib:/home/point001/autoware.ai/install/vector_map/lib:/home/point001/autoware.ai/install/state_machine_lib/lib:/home/point001/autoware.ai/install/lanelet2_core/lib:/home/point001/autoware.ai/install/amathutils_lib/lib:/opt/ros/melodic/lib:/usr/local/cuda-10.0/lib64 PKG_CONFIG_PATH=/home/point001/autoware.ai/install/lanelet2_extension/lib/x86_64-linux-gnu/pkgconfig:/home/point001/autoware.ai/install/lanelet2_extension/lib/pkgconfig:/home/point001/autoware.ai/install/lanelet2_validation/lib/x86_64-linux-gnu/pkgconfig:/home/point001/autoware.ai/install/lanelet2_validation/lib/pkgconfig:/home/point001/autoware.ai/install/lanelet2_routing/lib/x86_64-linux-gnu/pkgconfig:/home/point001/autoware.ai/install/lanelet2_routing/lib/pkgconfig:/home/point001/autoware.ai/install/lanelet2_projection/lib/x86_64-linux-gnu/pkgconfig:/home/point001/autoware.ai/install/lanelet2_projection/lib/pkgconfig:/home/point001/autoware.ai/install/lanelet2_traffic_rules/lib/x86_64-linux-gnu/pkgconfig:/home/point001/autoware.ai/install/lanelet2_traffic_rules/lib/pkgconfig:/home/point001/autoware.ai/install/lanelet2_maps/lib/x86_64-linux-gnu/pkgconfig:/home/point001/autoware.ai/install/lanelet2_maps/lib/pkgconfig:/home/point001/autoware.ai/install/lanelet2_io/lib/x86_64-linux-gnu/pkgconfig:/home/point001/autoware.ai/install/lanelet2_io/lib/pkgconfig:/home/point001/autoware.ai/install/vector_map/lib/x86_64-linux-gnu/pkgconfig:/home/point001/autoware.ai/install/vector_map/lib/pkgconfig:/home/point001/autoware.ai/install/state_machine_lib/lib/x86_64-linux-gnu/pkgconfig:/home/point001/autoware.ai/install/state_machine_lib/lib/pkgconfig:/home/point001/autoware.ai/install/lanelet2_core/lib/x86_64-linux-gnu/pkgconfig:/home/point001/autoware.ai/install/lanelet2_core/lib/pkgconfig:/home/point001/autoware.ai/install/amathutils_lib/lib/x86_64-linux-gnu/pkgconfig:/home/point001/autoware.ai/install/amathutils_lib/lib/pkgconfig:/home/point001/autoware.ai/install/vector_map_msgs/lib/x86_64-linux-gnu/pkgconfig:/home/point001/autoware.ai/install/vector_map_msgs/lib/pkgconfig:/home/point001/autoware.ai/install/autoware_msgs/lib/x86_64-linux-gnu/pkgconfig:/home/point001/autoware.ai/install/autoware_msgs/lib/pkgconfig:/home/point001/autoware.ai/install/autoware_lanelet2_msgs/lib/x86_64-linux-gnu/pkgconfig:/home/point001/autoware.ai/install/autoware_lanelet2_msgs/lib/pkgconfig:/home/point001/autoware.ai/install/autoware_config_msgs/lib/x86_64-linux-gnu/pkgconfig:/home/point001/autoware.ai/install/autoware_config_msgs/lib/pkgconfig:/home/point001/autoware.ai/install/autoware_build_flags/lib/x86_64-linux-gnu/pkgconfig:/home/point001/autoware.ai/install/autoware_build_flags/lib/pkgconfig:${PKG_CONFIG_PATH} PYTHONPATH=/home/point001/autoware.ai/install/vector_map_msgs/lib/python2.7/dist-packages:/home/point001/autoware.ai/install/autoware_msgs/lib/python2.7/dist-packages:/home/point001/autoware.ai/install/autoware_lanelet2_msgs/lib/python2.7/dist-packages:/home/point001/autoware.ai/install/autoware_config_msgs/lib/python2.7/dist-packages:${PYTHONPATH} ROS_PACKAGE_PATH=/home/point001/autoware.ai/install/lanelet2_extension/share:/home/point001/autoware.ai/install/lanelet2_validation/share:/home/point001/autoware.ai/install/lanelet2_routing/share:/home/point001/autoware.ai/install/lanelet2_projection/share:/home/point001/autoware.ai/install/lanelet2_traffic_rules/share:/home/point001/autoware.ai/install/lanelet2_maps/share:/home/point001/autoware.ai/install/lanelet2_io/share:/home/point001/autoware.ai/install/vector_map/share:/home/point001/autoware.ai/install/state_machine_lib/share:/home/point001/autoware.ai/install/lanelet2_core/share:/home/point001/autoware.ai/install/amathutils_lib/share:/home/point001/autoware.ai/install/vector_map_msgs/share:/home/point001/autoware.ai/install/autoware_msgs/share:/home/point001/autoware.ai/install/autoware_lanelet2_msgs/share:/home/point001/autoware.ai/install/autoware_config_msgs/share:/home/point001/autoware.ai/install/autoware_build_flags/share:${ROS_PACKAGE_PATH} /usr/bin/cmake --build /home/point001/autoware.ai/build/decision_maker -- -j24 -l24
[0.217s] [  0%] Built target autoware_config_msgs_generate_messages_py
[0.220s] [  0%] Built target actionlib_generate_messages_nodejs
[0.263s] [  0%] Built target tf2_msgs_generate_messages_nodejs
[0.270s] [  0%] Built target jsk_recognition_msgs_generate_messages_nodejs
[0.290s] [  0%] Built target rosgraph_msgs_generate_messages_py
[0.291s] [  0%] Built target pcl_msgs_generate_messages_py
[0.303s] [  0%] Built target autoware_config_msgs_generate_messages_lisp
[0.304s] [  0%] Built target rosgraph_msgs_generate_messages_nodejs
[0.305s] [  0%] Built target actionlib_msgs_generate_messages_cpp
[0.309s] [  0%] Built target pcl_msgs_generate_messages_lisp
[0.321s] [  0%] Built target jsk_rviz_plugins_generate_messages_eus
[0.322s] [  0%] Built target roscpp_generate_messages_eus
[0.326s] [  0%] Built target nav_msgs_generate_messages_eus
[0.333s] [  0%] Built target roscpp_generate_messages_lisp
[0.350s] [  0%] Built target tf_generate_messages_lisp
[0.354s] [  0%] Built target dynamic_reconfigure_generate_messages_eus
[0.367s] [  0%] Built target tf_generate_messages_cpp
[0.367s] [  0%] Built target actionlib_msgs_generate_messages_eus
[0.367s] [  0%] Built target tf_generate_messages_nodejs
[0.367s] [  0%] Built target autoware_config_msgs_generate_messages_nodejs
[0.367s] [  0%] Built target autoware_config_msgs_generate_messages_cpp
[0.367s] [  0%] Built target jsk_footstep_msgs_generate_messages_cpp
[0.367s] [  0%] Built target actionlib_generate_messages_lisp
[0.367s] [  0%] Built target roscpp_generate_messages_py
[0.368s] [  0%] Built target actionlib_generate_messages_py
[0.384s] [  0%] Built target tf2_msgs_generate_messages_py
[0.397s] [  0%] Built target visualization_msgs_generate_messages_cpp
[0.412s] [  0%] Built target autoware_lanelet2_msgs_generate_messages_py
[0.445s] [  0%] Built target map_msgs_generate_messages_cpp
[0.476s] [  0%] Built target autoware_config_msgs_generate_messages_eus
[0.476s] [  0%] Built target actionlib_msgs_generate_messages_py
[0.480s] [  0%] Built target jsk_footstep_msgs_generate_messages_lisp
[0.482s] [  0%] Built target tf_generate_messages_eus
[0.482s] [  0%] Built target autoware_msgs_generate_messages_lisp
[0.485s] [  0%] Built target visualization_msgs_generate_messages_lisp
[0.487s] [  0%] Built target tf2_msgs_generate_messages_eus
[0.498s] [  0%] Built target actionlib_generate_messages_eus
[0.503s] [  0%] Built target actionlib_msgs_generate_messages_lisp
[0.504s] [  0%] Built target std_msgs_generate_messages_lisp
[0.511s] [  0%] Built target std_srvs_generate_messages_eus
[0.520s] [  0%] Built target geometry_msgs_generate_messages_eus
[0.520s] [  0%] Built target topic_tools_generate_messages_py
[0.527s] [  0%] Built target autoware_msgs_generate_messages_nodejs
[0.527s] [  0%] Built target pcl_msgs_generate_messages_cpp
[0.545s] [  0%] Built target nodelet_topic_tools_gencfg
[0.556s] [  0%] Built target jsk_recognition_msgs_generate_messages_cpp
[0.559s] [  0%] Built target actionlib_msgs_generate_messages_nodejs
[0.570s] [  0%] Built target sensor_msgs_generate_messages_py
[0.571s] [  0%] Built target roscpp_generate_messages_nodejs
[0.576s] [  0%] Built target _catkin_empty_exported_target
[0.582s] [  0%] Built target dynamic_reconfigure_generate_messages_cpp
[0.586s] [  0%] Built target nav_msgs_generate_messages_lisp
[0.588s] [  0%] Built target sensor_msgs_generate_messages_cpp
[0.591s] [  0%] Built target autoware_msgs_generate_messages_eus
[0.616s] [  0%] Built target jsk_footstep_msgs_generate_messages_py
[0.646s] [  0%] Built target autoware_lanelet2_msgs_generate_messages_nodejs
[0.652s] [  0%] Built target std_srvs_generate_messages_lisp
[0.660s] [  0%] Built target jsk_recognition_msgs_generate_messages_py
[0.661s] [  0%] Built target std_msgs_generate_messages_cpp
[0.665s] [  0%] Built target autoware_msgs_generate_messages_py
[0.671s] [  0%] Built target bond_generate_messages_nodejs
[0.683s] [  0%] Built target sensor_msgs_generate_messages_lisp
[0.691s] [  0%] Built target dynamic_reconfigure_gencfg
[0.691s] [  0%] Built target std_msgs_generate_messages_nodejs
[0.694s] [  0%] Built target sensor_msgs_generate_messages_eus
[0.703s] [  0%] Built target geometry_msgs_generate_messages_cpp
[0.704s] [  0%] Built target autoware_msgs_generate_messages_cpp
[0.707s] [  0%] Built target nav_msgs_generate_messages_cpp
[0.710s] [  0%] Built target jsk_hark_msgs_generate_messages_lisp
[0.728s] [  0%] Built target std_msgs_generate_messages_eus
[0.734s] [  0%] Built target pcl_msgs_generate_messages_nodejs
[0.740s] [  0%] Built target std_srvs_generate_messages_cpp
[0.744s] [  0%] Built target nodelet_generate_messages_lisp
[0.752s] [  0%] Built target geometry_msgs_generate_messages_nodejs
[0.753s] [  0%] Built target rosgraph_msgs_generate_messages_eus
[0.753s] [  0%] Built target actionlib_generate_messages_cpp
[0.761s] [  0%] Built target jsk_recognition_msgs_generate_messages_eus
[0.761s] [  0%] Built target sensor_msgs_generate_messages_nodejs
[0.761s] [  0%] Built target jsk_recognition_msgs_generate_messages_lisp
[0.763s] [  0%] Built target jsk_rviz_plugins_generate_messages_cpp
[0.768s] [  0%] Built target pcl_msgs_generate_messages_eus
[0.772s] [  0%] Built target nav_msgs_generate_messages_py
[0.791s] [  0%] Built target geometry_msgs_generate_messages_py
[0.805s] [  0%] Built target tf2_msgs_generate_messages_cpp
[0.807s] [  0%] Built target jsk_rviz_plugins_generate_messages_lisp
[0.809s] [  0%] Built target people_msgs_generate_messages_nodejs
[0.810s] [  0%] Built target jsk_rviz_plugins_generate_messages_nodejs
[0.816s] [  0%] Built target jsk_footstep_msgs_generate_messages_eus
[0.816s] [  0%] Built target std_msgs_generate_messages_py
[0.825s] [  0%] Built target rviz_generate_messages_nodejs
[0.826s] [  0%] Built target dynamic_reconfigure_generate_messages_nodejs
[0.827s] [  0%] Built target jsk_recognition_utils_gencfg
[0.828s] [  0%] Built target rviz_generate_messages_lisp
[0.830s] [  0%] Built target map_msgs_generate_messages_py
[0.831s] [  0%] Built target jsk_rviz_plugins_gencfg
[0.836s] [  0%] Built target jsk_hark_msgs_generate_messages_eus
[0.841s] [  0%] Built target dynamic_reconfigure_generate_messages_py
[0.842s] [  0%] Built target jsk_hark_msgs_generate_messages_cpp
[0.843s] [  0%] Built target jsk_rviz_plugins_generate_messages_py
[0.847s] [  0%] Built target jsk_hark_msgs_generate_messages_nodejs
[0.847s] [  0%] Built target rosgraph_msgs_generate_messages_lisp
[0.851s] [  0%] Built target map_msgs_generate_messages_eus
[0.855s] [  0%] Built target nodelet_generate_messages_eus
[0.855s] [  0%] Built target nodelet_generate_messages_cpp
[0.862s] [  0%] Built target jsk_footstep_msgs_generate_messages_nodejs
[0.863s] [  0%] Built target pcl_ros_gencfg
[0.870s] [  0%] Built target vector_map_msgs_generate_messages_nodejs
[0.871s] [  0%] Built target jsk_hark_msgs_generate_messages_py
[0.872s] [  0%] Built target nodelet_generate_messages_py
[0.873s] [  0%] Built target geometry_msgs_generate_messages_lisp
[0.877s] [  0%] Built target nodelet_generate_messages_nodejs
[0.883s] [  0%] Built target std_srvs_generate_messages_nodejs
[0.886s] [  0%] Built target roscpp_generate_messages_cpp
[0.890s] [  0%] Built target bond_generate_messages_py
[0.890s] [  0%] Built target visualization_msgs_generate_messages_eus
[0.890s] [  0%] Built target topic_tools_generate_messages_cpp
[0.893s] [  0%] Built target tf_generate_messages_py
[0.893s] [  0%] Built target topic_tools_generate_messages_nodejs
[0.896s] [  0%] Built target bond_generate_messages_eus
[0.899s] [  0%] Built target people_msgs_generate_messages_cpp
[0.900s] [  0%] Built target bond_generate_messages_lisp
[0.901s] [  0%] Built target people_msgs_generate_messages_eus
[0.901s] [  0%] Built target std_srvs_generate_messages_py
[0.903s] [  0%] Built target topic_tools_generate_messages_eus
[0.906s] [  0%] Built target dynamic_reconfigure_generate_messages_lisp
[0.907s] [  0%] Built target rviz_generate_messages_eus
[0.909s] [  0%] Built target rviz_generate_messages_cpp
[0.910s] [  0%] Built target visualization_msgs_generate_messages_py
[0.915s] [  0%] Built target visualization_msgs_generate_messages_nodejs
[0.915s] [  0%] Built target bond_generate_messages_cpp
[0.915s] [  0%] Built target rviz_generate_messages_py
[0.916s] [  0%] Built target people_msgs_generate_messages_py
[0.916s] [  0%] Built target people_msgs_generate_messages_lisp
[0.916s] [  0%] Built target map_msgs_generate_messages_lisp
[0.922s] [  0%] Built target tf2_msgs_generate_messages_lisp
[0.922s] [  0%] Built target autoware_lanelet2_msgs_generate_messages_eus
[0.925s] [  0%] Built target map_msgs_generate_messages_nodejs
[0.925s] [  0%] Built target rosgraph_msgs_generate_messages_cpp
[0.930s] [  0%] Built target nav_msgs_generate_messages_nodejs
[0.932s] [  0%] Built target autoware_lanelet2_msgs_generate_messages_cpp
[0.934s] [  0%] Built target autoware_lanelet2_msgs_generate_messages_lisp
[0.934s] [  0%] Built target vector_map_msgs_generate_messages_eus
[0.936s] [  0%] Built target topic_tools_generate_messages_lisp
[0.936s] [  0%] Built target vector_map_msgs_generate_messages_lisp
[0.936s] [  0%] Built target vector_map_msgs_generate_messages_py
[0.938s] [  0%] Built target vector_map_msgs_generate_messages_cpp
[1.007s] [100%] Built target decision_maker_node
[1.019s] Invoked command in '/home/point001/autoware.ai/build/decision_maker' returned '0': CMAKE_PREFIX_PATH=/home/point001/autoware.ai/install/lanelet2_extension:/home/point001/autoware.ai/install/lanelet2_validation:/home/point001/autoware.ai/install/lanelet2_routing:/home/point001/autoware.ai/install/lanelet2_projection:/home/point001/autoware.ai/install/lanelet2_traffic_rules:/home/point001/autoware.ai/install/lanelet2_maps:/home/point001/autoware.ai/install/lanelet2_io:/home/point001/autoware.ai/install/vector_map:/home/point001/autoware.ai/install/state_machine_lib:/home/point001/autoware.ai/install/lanelet2_core:/home/point001/autoware.ai/install/amathutils_lib:/home/point001/autoware.ai/install/vector_map_msgs:/home/point001/autoware.ai/install/autoware_msgs:/home/point001/autoware.ai/install/autoware_lanelet2_msgs:/home/point001/autoware.ai/install/autoware_config_msgs:/home/point001/autoware.ai/install/autoware_build_flags:${CMAKE_PREFIX_PATH} LD_LIBRARY_PATH=/home/point001/autoware.ai/install/lanelet2_extension/lib:/home/point001/autoware.ai/install/lanelet2_validation/lib:/home/point001/autoware.ai/install/lanelet2_routing/lib:/home/point001/autoware.ai/install/lanelet2_projection/lib:/home/point001/autoware.ai/install/lanelet2_traffic_rules/lib:/home/point001/autoware.ai/install/lanelet2_io/lib:/home/point001/autoware.ai/install/vector_map/lib:/home/point001/autoware.ai/install/state_machine_lib/lib:/home/point001/autoware.ai/install/lanelet2_core/lib:/home/point001/autoware.ai/install/amathutils_lib/lib:/opt/ros/melodic/lib:/usr/local/cuda-10.0/lib64 PKG_CONFIG_PATH=/home/point001/autoware.ai/install/lanelet2_extension/lib/x86_64-linux-gnu/pkgconfig:/home/point001/autoware.ai/install/lanelet2_extension/lib/pkgconfig:/home/point001/autoware.ai/install/lanelet2_validation/lib/x86_64-linux-gnu/pkgconfig:/home/point001/autoware.ai/install/lanelet2_validation/lib/pkgconfig:/home/point001/autoware.ai/install/lanelet2_routing/lib/x86_64-linux-gnu/pkgconfig:/home/point001/autoware.ai/install/lanelet2_routing/lib/pkgconfig:/home/point001/autoware.ai/install/lanelet2_projection/lib/x86_64-linux-gnu/pkgconfig:/home/point001/autoware.ai/install/lanelet2_projection/lib/pkgconfig:/home/point001/autoware.ai/install/lanelet2_traffic_rules/lib/x86_64-linux-gnu/pkgconfig:/home/point001/autoware.ai/install/lanelet2_traffic_rules/lib/pkgconfig:/home/point001/autoware.ai/install/lanelet2_maps/lib/x86_64-linux-gnu/pkgconfig:/home/point001/autoware.ai/install/lanelet2_maps/lib/pkgconfig:/home/point001/autoware.ai/install/lanelet2_io/lib/x86_64-linux-gnu/pkgconfig:/home/point001/autoware.ai/install/lanelet2_io/lib/pkgconfig:/home/point001/autoware.ai/install/vector_map/lib/x86_64-linux-gnu/pkgconfig:/home/point001/autoware.ai/install/vector_map/lib/pkgconfig:/home/point001/autoware.ai/install/state_machine_lib/lib/x86_64-linux-gnu/pkgconfig:/home/point001/autoware.ai/install/state_machine_lib/lib/pkgconfig:/home/point001/autoware.ai/install/lanelet2_core/lib/x86_64-linux-gnu/pkgconfig:/home/point001/autoware.ai/install/lanelet2_core/lib/pkgconfig:/home/point001/autoware.ai/install/amathutils_lib/lib/x86_64-linux-gnu/pkgconfig:/home/point001/autoware.ai/install/amathutils_lib/lib/pkgconfig:/home/point001/autoware.ai/install/vector_map_msgs/lib/x86_64-linux-gnu/pkgconfig:/home/point001/autoware.ai/install/vector_map_msgs/lib/pkgconfig:/home/point001/autoware.ai/install/autoware_msgs/lib/x86_64-linux-gnu/pkgconfig:/home/point001/autoware.ai/install/autoware_msgs/lib/pkgconfig:/home/point001/autoware.ai/install/autoware_lanelet2_msgs/lib/x86_64-linux-gnu/pkgconfig:/home/point001/autoware.ai/install/autoware_lanelet2_msgs/lib/pkgconfig:/home/point001/autoware.ai/install/autoware_config_msgs/lib/x86_64-linux-gnu/pkgconfig:/home/point001/autoware.ai/install/autoware_config_msgs/lib/pkgconfig:/home/point001/autoware.ai/install/autoware_build_flags/lib/x86_64-linux-gnu/pkgconfig:/home/point001/autoware.ai/install/autoware_build_flags/lib/pkgconfig:${PKG_CONFIG_PATH} PYTHONPATH=/home/point001/autoware.ai/install/vector_map_msgs/lib/python2.7/dist-packages:/home/point001/autoware.ai/install/autoware_msgs/lib/python2.7/dist-packages:/home/point001/autoware.ai/install/autoware_lanelet2_msgs/lib/python2.7/dist-packages:/home/point001/autoware.ai/install/autoware_config_msgs/lib/python2.7/dist-packages:${PYTHONPATH} ROS_PACKAGE_PATH=/home/point001/autoware.ai/install/lanelet2_extension/share:/home/point001/autoware.ai/install/lanelet2_validation/share:/home/point001/autoware.ai/install/lanelet2_routing/share:/home/point001/autoware.ai/install/lanelet2_projection/share:/home/point001/autoware.ai/install/lanelet2_traffic_rules/share:/home/point001/autoware.ai/install/lanelet2_maps/share:/home/point001/autoware.ai/install/lanelet2_io/share:/home/point001/autoware.ai/install/vector_map/share:/home/point001/autoware.ai/install/state_machine_lib/share:/home/point001/autoware.ai/install/lanelet2_core/share:/home/point001/autoware.ai/install/amathutils_lib/share:/home/point001/autoware.ai/install/vector_map_msgs/share:/home/point001/autoware.ai/install/autoware_msgs/share:/home/point001/autoware.ai/install/autoware_lanelet2_msgs/share:/home/point001/autoware.ai/install/autoware_config_msgs/share:/home/point001/autoware.ai/install/autoware_build_flags/share:${ROS_PACKAGE_PATH} /usr/bin/cmake --build /home/point001/autoware.ai/build/decision_maker -- -j24 -l24
[1.160s] Invoking command in '/home/point001/autoware.ai/build/decision_maker': CMAKE_PREFIX_PATH=/home/point001/autoware.ai/install/lanelet2_extension:/home/point001/autoware.ai/install/lanelet2_validation:/home/point001/autoware.ai/install/lanelet2_routing:/home/point001/autoware.ai/install/lanelet2_projection:/home/point001/autoware.ai/install/lanelet2_traffic_rules:/home/point001/autoware.ai/install/lanelet2_maps:/home/point001/autoware.ai/install/lanelet2_io:/home/point001/autoware.ai/install/vector_map:/home/point001/autoware.ai/install/state_machine_lib:/home/point001/autoware.ai/install/lanelet2_core:/home/point001/autoware.ai/install/amathutils_lib:/home/point001/autoware.ai/install/vector_map_msgs:/home/point001/autoware.ai/install/autoware_msgs:/home/point001/autoware.ai/install/autoware_lanelet2_msgs:/home/point001/autoware.ai/install/autoware_config_msgs:/home/point001/autoware.ai/install/autoware_build_flags:${CMAKE_PREFIX_PATH} LD_LIBRARY_PATH=/home/point001/autoware.ai/install/lanelet2_extension/lib:/home/point001/autoware.ai/install/lanelet2_validation/lib:/home/point001/autoware.ai/install/lanelet2_routing/lib:/home/point001/autoware.ai/install/lanelet2_projection/lib:/home/point001/autoware.ai/install/lanelet2_traffic_rules/lib:/home/point001/autoware.ai/install/lanelet2_io/lib:/home/point001/autoware.ai/install/vector_map/lib:/home/point001/autoware.ai/install/state_machine_lib/lib:/home/point001/autoware.ai/install/lanelet2_core/lib:/home/point001/autoware.ai/install/amathutils_lib/lib:/opt/ros/melodic/lib:/usr/local/cuda-10.0/lib64 PKG_CONFIG_PATH=/home/point001/autoware.ai/install/lanelet2_extension/lib/x86_64-linux-gnu/pkgconfig:/home/point001/autoware.ai/install/lanelet2_extension/lib/pkgconfig:/home/point001/autoware.ai/install/lanelet2_validation/lib/x86_64-linux-gnu/pkgconfig:/home/point001/autoware.ai/install/lanelet2_validation/lib/pkgconfig:/home/point001/autoware.ai/install/lanelet2_routing/lib/x86_64-linux-gnu/pkgconfig:/home/point001/autoware.ai/install/lanelet2_routing/lib/pkgconfig:/home/point001/autoware.ai/install/lanelet2_projection/lib/x86_64-linux-gnu/pkgconfig:/home/point001/autoware.ai/install/lanelet2_projection/lib/pkgconfig:/home/point001/autoware.ai/install/lanelet2_traffic_rules/lib/x86_64-linux-gnu/pkgconfig:/home/point001/autoware.ai/install/lanelet2_traffic_rules/lib/pkgconfig:/home/point001/autoware.ai/install/lanelet2_maps/lib/x86_64-linux-gnu/pkgconfig:/home/point001/autoware.ai/install/lanelet2_maps/lib/pkgconfig:/home/point001/autoware.ai/install/lanelet2_io/lib/x86_64-linux-gnu/pkgconfig:/home/point001/autoware.ai/install/lanelet2_io/lib/pkgconfig:/home/point001/autoware.ai/install/vector_map/lib/x86_64-linux-gnu/pkgconfig:/home/point001/autoware.ai/install/vector_map/lib/pkgconfig:/home/point001/autoware.ai/install/state_machine_lib/lib/x86_64-linux-gnu/pkgconfig:/home/point001/autoware.ai/install/state_machine_lib/lib/pkgconfig:/home/point001/autoware.ai/install/lanelet2_core/lib/x86_64-linux-gnu/pkgconfig:/home/point001/autoware.ai/install/lanelet2_core/lib/pkgconfig:/home/point001/autoware.ai/install/amathutils_lib/lib/x86_64-linux-gnu/pkgconfig:/home/point001/autoware.ai/install/amathutils_lib/lib/pkgconfig:/home/point001/autoware.ai/install/vector_map_msgs/lib/x86_64-linux-gnu/pkgconfig:/home/point001/autoware.ai/install/vector_map_msgs/lib/pkgconfig:/home/point001/autoware.ai/install/autoware_msgs/lib/x86_64-linux-gnu/pkgconfig:/home/point001/autoware.ai/install/autoware_msgs/lib/pkgconfig:/home/point001/autoware.ai/install/autoware_lanelet2_msgs/lib/x86_64-linux-gnu/pkgconfig:/home/point001/autoware.ai/install/autoware_lanelet2_msgs/lib/pkgconfig:/home/point001/autoware.ai/install/autoware_config_msgs/lib/x86_64-linux-gnu/pkgconfig:/home/point001/autoware.ai/install/autoware_config_msgs/lib/pkgconfig:/home/point001/autoware.ai/install/autoware_build_flags/lib/x86_64-linux-gnu/pkgconfig:/home/point001/autoware.ai/install/autoware_build_flags/lib/pkgconfig:${PKG_CONFIG_PATH} PYTHONPATH=/home/point001/autoware.ai/install/vector_map_msgs/lib/python2.7/dist-packages:/home/point001/autoware.ai/install/autoware_msgs/lib/python2.7/dist-packages:/home/point001/autoware.ai/install/autoware_lanelet2_msgs/lib/python2.7/dist-packages:/home/point001/autoware.ai/install/autoware_config_msgs/lib/python2.7/dist-packages:${PYTHONPATH} ROS_PACKAGE_PATH=/home/point001/autoware.ai/install/lanelet2_extension/share:/home/point001/autoware.ai/install/lanelet2_validation/share:/home/point001/autoware.ai/install/lanelet2_routing/share:/home/point001/autoware.ai/install/lanelet2_projection/share:/home/point001/autoware.ai/install/lanelet2_traffic_rules/share:/home/point001/autoware.ai/install/lanelet2_maps/share:/home/point001/autoware.ai/install/lanelet2_io/share:/home/point001/autoware.ai/install/vector_map/share:/home/point001/autoware.ai/install/state_machine_lib/share:/home/point001/autoware.ai/install/lanelet2_core/share:/home/point001/autoware.ai/install/amathutils_lib/share:/home/point001/autoware.ai/install/vector_map_msgs/share:/home/point001/autoware.ai/install/autoware_msgs/share:/home/point001/autoware.ai/install/autoware_lanelet2_msgs/share:/home/point001/autoware.ai/install/autoware_config_msgs/share:/home/point001/autoware.ai/install/autoware_build_flags/share:${ROS_PACKAGE_PATH} /usr/bin/cmake --build /home/point001/autoware.ai/build/decision_maker --target tests -- -j24 -l24
[1.243s] [ 11%] Built target gtest
[1.244s] [ 11%] Built target tf_generate_messages_cpp
[1.245s] [ 11%] Built target visualization_msgs_generate_messages_cpp
[1.247s] [ 11%] Built target tf2_msgs_generate_messages_py
[1.249s] [ 11%] Built target nav_msgs_generate_messages_eus
[1.252s] [ 11%] Built target actionlib_generate_messages_py
[1.253s] [ 11%] Built target actionlib_generate_messages_lisp
[1.254s] [ 11%] Built target pcl_msgs_generate_messages_lisp
[1.255s] [ 11%] Built target dynamic_reconfigure_generate_messages_eus
[1.255s] [ 11%] Built target actionlib_msgs_generate_messages_eus
[1.255s] [ 11%] Built target pcl_msgs_generate_messages_py
[1.257s] [ 11%] Built target rosgraph_msgs_generate_messages_nodejs
[1.257s] [ 11%] Built target tf2_msgs_generate_messages_nodejs
[1.261s] [ 11%] Built target map_msgs_generate_messages_cpp
[1.261s] [ 11%] Built target autoware_config_msgs_generate_messages_cpp
[1.263s] [ 11%] Built target roscpp_generate_messages_lisp
[1.264s] [ 11%] Built target roscpp_generate_messages_py
[1.264s] [ 11%] Built target jsk_recognition_msgs_generate_messages_nodejs
[1.264s] [ 11%] Built target jsk_rviz_plugins_generate_messages_eus
[1.269s] [ 11%] Built target autoware_config_msgs_generate_messages_lisp
[1.278s] [ 11%] Built target autoware_config_msgs_generate_messages_py
[1.279s] [ 11%] Built target roscpp_generate_messages_eus
[1.280s] [ 11%] Built target actionlib_generate_messages_nodejs
[1.288s] [ 11%] Built target tf_generate_messages_nodejs
[1.290s] [ 11%] Built target tf_generate_messages_lisp
[1.295s] [ 11%] Built target rosgraph_msgs_generate_messages_py
[1.297s] [ 11%] Built target autoware_config_msgs_generate_messages_nodejs
[1.300s] [ 11%] Built target tf_generate_messages_eus
[1.307s] [ 11%] Built target visualization_msgs_generate_messages_lisp
[1.309s] [ 11%] Built target pcl_msgs_generate_messages_cpp
[1.310s] [ 11%] Built target autoware_msgs_generate_messages_eus
[1.318s] [ 11%] Built target std_srvs_generate_messages_eus
[1.319s] [ 11%] Built target actionlib_generate_messages_eus
[1.322s] [ 11%] Built target actionlib_msgs_generate_messages_py
[1.323s] [ 11%] Built target jsk_footstep_msgs_generate_messages_cpp
[1.323s] [ 11%] Built target autoware_lanelet2_msgs_generate_messages_py
[1.340s] [ 11%] Built target jsk_recognition_msgs_generate_messages_cpp
[1.348s] [ 11%] Built target jsk_footstep_msgs_generate_messages_lisp
[1.348s] [ 11%] Built target dynamic_reconfigure_generate_messages_cpp
[1.348s] [ 11%] Built target autoware_config_msgs_generate_messages_eus
[1.354s] [ 11%] Built target roscpp_generate_messages_nodejs
[1.364s] [ 11%] Built target autoware_msgs_generate_messages_nodejs
[1.365s] [ 11%] Built target actionlib_msgs_generate_messages_lisp
[1.365s] [ 11%] Built target autoware_msgs_generate_messages_lisp
[1.366s] [ 11%] Built target tf2_msgs_generate_messages_eus
[1.369s] [ 11%] Built target geometry_msgs_generate_messages_eus
[1.371s] [ 11%] Built target geometry_msgs_generate_messages_cpp
[1.386s] [ 11%] Built target std_msgs_generate_messages_lisp
[1.393s] [ 11%] Built target autoware_lanelet2_msgs_generate_messages_nodejs
[1.399s] [ 11%] Built target topic_tools_generate_messages_py
[1.405s] [ 11%] Built target actionlib_msgs_generate_messages_nodejs
[1.408s] [ 11%] Built target std_srvs_generate_messages_cpp
[1.419s] [ 11%] Built target dynamic_reconfigure_gencfg
[1.422s] [ 11%] Built target jsk_recognition_msgs_generate_messages_py
[1.422s] [ 11%] Built target sensor_msgs_generate_messages_lisp
[1.425s] [ 11%] Built target jsk_footstep_msgs_generate_messages_py
[1.427s] [ 11%] Built target bond_generate_messages_nodejs
[1.429s] [ 11%] Built target std_srvs_generate_messages_lisp
[1.429s] [ 11%] Built target pcl_msgs_generate_messages_nodejs
[1.429s] [ 11%] Built target nodelet_topic_tools_gencfg
[1.432s] [ 11%] Built target std_msgs_generate_messages_cpp
[1.435s] [ 11%] Built target sensor_msgs_generate_messages_py
[1.435s] [ 11%] Built target nav_msgs_generate_messages_lisp
[1.440s] [ 11%] Built target sensor_msgs_generate_messages_cpp
[1.443s] [ 11%] Built target _catkin_empty_exported_target
[1.456s] [ 11%] Built target autoware_msgs_generate_messages_cpp
[1.456s] [ 11%] Built target nav_msgs_generate_messages_cpp
[1.459s] [ 11%] Built target std_msgs_generate_messages_eus
[1.463s] [ 11%] Built target jsk_hark_msgs_generate_messages_lisp
[1.467s] [ 11%] Built target autoware_msgs_generate_messages_py
[1.477s] [ 11%] Built target jsk_rviz_plugins_generate_messages_cpp
[1.484s] [ 11%] Built target std_msgs_generate_messages_nodejs
[1.485s] [ 11%] Built target actionlib_generate_messages_cpp
[1.491s] [ 11%] Built target jsk_recognition_msgs_generate_messages_lisp
[1.491s] [ 11%] Built target rosgraph_msgs_generate_messages_eus
[1.494s] [ 11%] Built target nodelet_generate_messages_lisp
[1.495s] [ 11%] Built target std_msgs_generate_messages_py
[1.499s] [ 11%] Built target geometry_msgs_generate_messages_nodejs
[1.500s] [ 11%] Built target sensor_msgs_generate_messages_nodejs
[1.501s] [ 11%] Built target sensor_msgs_generate_messages_eus
[1.511s] [ 11%] Built target pcl_msgs_generate_messages_eus
[1.512s] [ 11%] Built target people_msgs_generate_messages_nodejs
[1.516s] [ 11%] Built target jsk_recognition_utils_gencfg
[1.519s] [ 11%] Built target dynamic_reconfigure_generate_messages_nodejs
[1.520s] [ 11%] Built target jsk_rviz_plugins_generate_messages_lisp
[1.537s] [ 11%] Built target jsk_rviz_plugins_generate_messages_nodejs
[1.546s] [ 11%] Built target pcl_ros_gencfg
[1.547s] [ 11%] Built target geometry_msgs_generate_messages_py
[1.551s] [ 11%] Built target jsk_rviz_plugins_generate_messages_py
[1.552s] [ 11%] Built target jsk_recognition_msgs_generate_messages_eus
[1.553s] [ 11%] Built target rviz_generate_messages_lisp
[1.555s] [ 11%] Built target jsk_rviz_plugins_gencfg
[1.555s] [ 11%] Built target jsk_hark_msgs_generate_messages_nodejs
[1.558s] [ 11%] Built target jsk_hark_msgs_generate_messages_cpp
[1.560s] [ 11%] Built target rviz_generate_messages_nodejs
[1.561s] [ 11%] Built target nav_msgs_generate_messages_py
[1.563s] [ 11%] Built target tf2_msgs_generate_messages_cpp
[1.568s] [ 11%] Built target geometry_msgs_generate_messages_lisp
[1.568s] [ 11%] Built target map_msgs_generate_messages_py
[1.570s] [ 11%] Built target dynamic_reconfigure_generate_messages_py
[1.572s] [ 11%] Built target roscpp_generate_messages_cpp
[1.573s] [ 11%] Built target jsk_hark_msgs_generate_messages_py
[1.573s] [ 11%] Built target jsk_footstep_msgs_generate_messages_nodejs
[1.574s] [ 11%] Built target jsk_footstep_msgs_generate_messages_eus
[1.579s] [ 11%] Built target jsk_hark_msgs_generate_messages_eus
[1.591s] [ 11%] Built target map_msgs_generate_messages_eus
[1.592s] [ 11%] Built target nodelet_generate_messages_eus
[1.595s] [ 11%] Built target rosgraph_msgs_generate_messages_lisp
[1.597s] [ 11%] Built target bond_generate_messages_py
[1.611s] [ 11%] Built target std_srvs_generate_messages_py
[1.612s] [ 11%] Built target bond_generate_messages_eus
[1.614s] [ 11%] Built target bond_generate_messages_lisp
[1.620s] [ 11%] Built target nodelet_generate_messages_nodejs
[1.620s] [ 11%] Built target vector_map_msgs_generate_messages_nodejs
[1.620s] [ 11%] Built target std_srvs_generate_messages_nodejs
[1.626s] [ 11%] Built target nodelet_generate_messages_cpp
[1.629s] [ 11%] Built target visualization_msgs_generate_messages_py
[1.638s] [ 11%] Built target topic_tools_generate_messages_nodejs
[1.639s] [ 11%] Built target topic_tools_generate_messages_eus
[1.640s] [ 11%] Built target rviz_generate_messages_eus
[1.641s] [ 11%] Built target tf_generate_messages_py
[1.641s] [ 11%] Built target topic_tools_generate_messages_cpp
[1.643s] [ 11%] Built target bond_generate_messages_cpp
[1.646s] [ 11%] Built target people_msgs_generate_messages_cpp
[1.647s] [ 11%] Built target people_msgs_generate_messages_eus
[1.650s] [ 11%] Built target people_msgs_generate_messages_lisp
[1.650s] [ 11%] Built target dynamic_reconfigure_generate_messages_lisp
[1.652s] [ 11%] Built target visualization_msgs_generate_messages_nodejs
[1.656s] [ 11%] Built target nav_msgs_generate_messages_nodejs
[1.661s] [ 11%] Built target nodelet_generate_messages_py
[1.662s] [ 11%] Built target visualization_msgs_generate_messages_eus
[1.665s] [ 11%] Built target rviz_generate_messages_py
[1.679s] [ 11%] Built target tf2_msgs_generate_messages_lisp
[1.684s] [ 11%] Built target vector_map_msgs_generate_messages_cpp
[1.684s] [ 11%] Built target rviz_generate_messages_cpp
[1.685s] [ 11%] Built target rosgraph_msgs_generate_messages_cpp
[1.686s] [ 11%] Built target autoware_lanelet2_msgs_generate_messages_eus
[1.690s] [ 11%] Built target vector_map_msgs_generate_messages_lisp
[1.690s] [ 11%] Built target map_msgs_generate_messages_nodejs
[1.693s] [ 11%] Built target vector_map_msgs_generate_messages_py
[1.694s] [ 11%] Built target map_msgs_generate_messages_lisp
[1.695s] [ 11%] Built target autoware_lanelet2_msgs_generate_messages_lisp
[1.696s] [ 11%] Built target topic_tools_generate_messages_lisp
[1.696s] [ 11%] Built target people_msgs_generate_messages_py
[1.697s] [ 11%] Built target vector_map_msgs_generate_messages_eus
[1.698s] [ 11%] Built target autoware_lanelet2_msgs_generate_messages_cpp
[1.699s] [ 11%] Built target actionlib_msgs_generate_messages_cpp
[1.804s] [100%] Built target test-decision_maker
[1.897s] [100%] Built target tests
[1.941s] Invoked command in '/home/point001/autoware.ai/build/decision_maker' returned '0': CMAKE_PREFIX_PATH=/home/point001/autoware.ai/install/lanelet2_extension:/home/point001/autoware.ai/install/lanelet2_validation:/home/point001/autoware.ai/install/lanelet2_routing:/home/point001/autoware.ai/install/lanelet2_projection:/home/point001/autoware.ai/install/lanelet2_traffic_rules:/home/point001/autoware.ai/install/lanelet2_maps:/home/point001/autoware.ai/install/lanelet2_io:/home/point001/autoware.ai/install/vector_map:/home/point001/autoware.ai/install/state_machine_lib:/home/point001/autoware.ai/install/lanelet2_core:/home/point001/autoware.ai/install/amathutils_lib:/home/point001/autoware.ai/install/vector_map_msgs:/home/point001/autoware.ai/install/autoware_msgs:/home/point001/autoware.ai/install/autoware_lanelet2_msgs:/home/point001/autoware.ai/install/autoware_config_msgs:/home/point001/autoware.ai/install/autoware_build_flags:${CMAKE_PREFIX_PATH} LD_LIBRARY_PATH=/home/point001/autoware.ai/install/lanelet2_extension/lib:/home/point001/autoware.ai/install/lanelet2_validation/lib:/home/point001/autoware.ai/install/lanelet2_routing/lib:/home/point001/autoware.ai/install/lanelet2_projection/lib:/home/point001/autoware.ai/install/lanelet2_traffic_rules/lib:/home/point001/autoware.ai/install/lanelet2_io/lib:/home/point001/autoware.ai/install/vector_map/lib:/home/point001/autoware.ai/install/state_machine_lib/lib:/home/point001/autoware.ai/install/lanelet2_core/lib:/home/point001/autoware.ai/install/amathutils_lib/lib:/opt/ros/melodic/lib:/usr/local/cuda-10.0/lib64 PKG_CONFIG_PATH=/home/point001/autoware.ai/install/lanelet2_extension/lib/x86_64-linux-gnu/pkgconfig:/home/point001/autoware.ai/install/lanelet2_extension/lib/pkgconfig:/home/point001/autoware.ai/install/lanelet2_validation/lib/x86_64-linux-gnu/pkgconfig:/home/point001/autoware.ai/install/lanelet2_validation/lib/pkgconfig:/home/point001/autoware.ai/install/lanelet2_routing/lib/x86_64-linux-gnu/pkgconfig:/home/point001/autoware.ai/install/lanelet2_routing/lib/pkgconfig:/home/point001/autoware.ai/install/lanelet2_projection/lib/x86_64-linux-gnu/pkgconfig:/home/point001/autoware.ai/install/lanelet2_projection/lib/pkgconfig:/home/point001/autoware.ai/install/lanelet2_traffic_rules/lib/x86_64-linux-gnu/pkgconfig:/home/point001/autoware.ai/install/lanelet2_traffic_rules/lib/pkgconfig:/home/point001/autoware.ai/install/lanelet2_maps/lib/x86_64-linux-gnu/pkgconfig:/home/point001/autoware.ai/install/lanelet2_maps/lib/pkgconfig:/home/point001/autoware.ai/install/lanelet2_io/lib/x86_64-linux-gnu/pkgconfig:/home/point001/autoware.ai/install/lanelet2_io/lib/pkgconfig:/home/point001/autoware.ai/install/vector_map/lib/x86_64-linux-gnu/pkgconfig:/home/point001/autoware.ai/install/vector_map/lib/pkgconfig:/home/point001/autoware.ai/install/state_machine_lib/lib/x86_64-linux-gnu/pkgconfig:/home/point001/autoware.ai/install/state_machine_lib/lib/pkgconfig:/home/point001/autoware.ai/install/lanelet2_core/lib/x86_64-linux-gnu/pkgconfig:/home/point001/autoware.ai/install/lanelet2_core/lib/pkgconfig:/home/point001/autoware.ai/install/amathutils_lib/lib/x86_64-linux-gnu/pkgconfig:/home/point001/autoware.ai/install/amathutils_lib/lib/pkgconfig:/home/point001/autoware.ai/install/vector_map_msgs/lib/x86_64-linux-gnu/pkgconfig:/home/point001/autoware.ai/install/vector_map_msgs/lib/pkgconfig:/home/point001/autoware.ai/install/autoware_msgs/lib/x86_64-linux-gnu/pkgconfig:/home/point001/autoware.ai/install/autoware_msgs/lib/pkgconfig:/home/point001/autoware.ai/install/autoware_lanelet2_msgs/lib/x86_64-linux-gnu/pkgconfig:/home/point001/autoware.ai/install/autoware_lanelet2_msgs/lib/pkgconfig:/home/point001/autoware.ai/install/autoware_config_msgs/lib/x86_64-linux-gnu/pkgconfig:/home/point001/autoware.ai/install/autoware_config_msgs/lib/pkgconfig:/home/point001/autoware.ai/install/autoware_build_flags/lib/x86_64-linux-gnu/pkgconfig:/home/point001/autoware.ai/install/autoware_build_flags/lib/pkgconfig:${PKG_CONFIG_PATH} PYTHONPATH=/home/point001/autoware.ai/install/vector_map_msgs/lib/python2.7/dist-packages:/home/point001/autoware.ai/install/autoware_msgs/lib/python2.7/dist-packages:/home/point001/autoware.ai/install/autoware_lanelet2_msgs/lib/python2.7/dist-packages:/home/point001/autoware.ai/install/autoware_config_msgs/lib/python2.7/dist-packages:${PYTHONPATH} ROS_PACKAGE_PATH=/home/point001/autoware.ai/install/lanelet2_extension/share:/home/point001/autoware.ai/install/lanelet2_validation/share:/home/point001/autoware.ai/install/lanelet2_routing/share:/home/point001/autoware.ai/install/lanelet2_projection/share:/home/point001/autoware.ai/install/lanelet2_traffic_rules/share:/home/point001/autoware.ai/install/lanelet2_maps/share:/home/point001/autoware.ai/install/lanelet2_io/share:/home/point001/autoware.ai/install/vector_map/share:/home/point001/autoware.ai/install/state_machine_lib/share:/home/point001/autoware.ai/install/lanelet2_core/share:/home/point001/autoware.ai/install/amathutils_lib/share:/home/point001/autoware.ai/install/vector_map_msgs/share:/home/point001/autoware.ai/install/autoware_msgs/share:/home/point001/autoware.ai/install/autoware_lanelet2_msgs/share:/home/point001/autoware.ai/install/autoware_config_msgs/share:/home/point001/autoware.ai/install/autoware_build_flags/share:${ROS_PACKAGE_PATH} /usr/bin/cmake --build /home/point001/autoware.ai/build/decision_maker --target tests -- -j24 -l24
[2.247s] Invoking command in '/home/point001/autoware.ai/build/decision_maker': CMAKE_PREFIX_PATH=/home/point001/autoware.ai/install/lanelet2_extension:/home/point001/autoware.ai/install/lanelet2_validation:/home/point001/autoware.ai/install/lanelet2_routing:/home/point001/autoware.ai/install/lanelet2_projection:/home/point001/autoware.ai/install/lanelet2_traffic_rules:/home/point001/autoware.ai/install/lanelet2_maps:/home/point001/autoware.ai/install/lanelet2_io:/home/point001/autoware.ai/install/vector_map:/home/point001/autoware.ai/install/state_machine_lib:/home/point001/autoware.ai/install/lanelet2_core:/home/point001/autoware.ai/install/amathutils_lib:/home/point001/autoware.ai/install/vector_map_msgs:/home/point001/autoware.ai/install/autoware_msgs:/home/point001/autoware.ai/install/autoware_lanelet2_msgs:/home/point001/autoware.ai/install/autoware_config_msgs:/home/point001/autoware.ai/install/autoware_build_flags:${CMAKE_PREFIX_PATH} LD_LIBRARY_PATH=/home/point001/autoware.ai/install/lanelet2_extension/lib:/home/point001/autoware.ai/install/lanelet2_validation/lib:/home/point001/autoware.ai/install/lanelet2_routing/lib:/home/point001/autoware.ai/install/lanelet2_projection/lib:/home/point001/autoware.ai/install/lanelet2_traffic_rules/lib:/home/point001/autoware.ai/install/lanelet2_io/lib:/home/point001/autoware.ai/install/vector_map/lib:/home/point001/autoware.ai/install/state_machine_lib/lib:/home/point001/autoware.ai/install/lanelet2_core/lib:/home/point001/autoware.ai/install/amathutils_lib/lib:/opt/ros/melodic/lib:/usr/local/cuda-10.0/lib64 PKG_CONFIG_PATH=/home/point001/autoware.ai/install/lanelet2_extension/lib/x86_64-linux-gnu/pkgconfig:/home/point001/autoware.ai/install/lanelet2_extension/lib/pkgconfig:/home/point001/autoware.ai/install/lanelet2_validation/lib/x86_64-linux-gnu/pkgconfig:/home/point001/autoware.ai/install/lanelet2_validation/lib/pkgconfig:/home/point001/autoware.ai/install/lanelet2_routing/lib/x86_64-linux-gnu/pkgconfig:/home/point001/autoware.ai/install/lanelet2_routing/lib/pkgconfig:/home/point001/autoware.ai/install/lanelet2_projection/lib/x86_64-linux-gnu/pkgconfig:/home/point001/autoware.ai/install/lanelet2_projection/lib/pkgconfig:/home/point001/autoware.ai/install/lanelet2_traffic_rules/lib/x86_64-linux-gnu/pkgconfig:/home/point001/autoware.ai/install/lanelet2_traffic_rules/lib/pkgconfig:/home/point001/autoware.ai/install/lanelet2_maps/lib/x86_64-linux-gnu/pkgconfig:/home/point001/autoware.ai/install/lanelet2_maps/lib/pkgconfig:/home/point001/autoware.ai/install/lanelet2_io/lib/x86_64-linux-gnu/pkgconfig:/home/point001/autoware.ai/install/lanelet2_io/lib/pkgconfig:/home/point001/autoware.ai/install/vector_map/lib/x86_64-linux-gnu/pkgconfig:/home/point001/autoware.ai/install/vector_map/lib/pkgconfig:/home/point001/autoware.ai/install/state_machine_lib/lib/x86_64-linux-gnu/pkgconfig:/home/point001/autoware.ai/install/state_machine_lib/lib/pkgconfig:/home/point001/autoware.ai/install/lanelet2_core/lib/x86_64-linux-gnu/pkgconfig:/home/point001/autoware.ai/install/lanelet2_core/lib/pkgconfig:/home/point001/autoware.ai/install/amathutils_lib/lib/x86_64-linux-gnu/pkgconfig:/home/point001/autoware.ai/install/amathutils_lib/lib/pkgconfig:/home/point001/autoware.ai/install/vector_map_msgs/lib/x86_64-linux-gnu/pkgconfig:/home/point001/autoware.ai/install/vector_map_msgs/lib/pkgconfig:/home/point001/autoware.ai/install/autoware_msgs/lib/x86_64-linux-gnu/pkgconfig:/home/point001/autoware.ai/install/autoware_msgs/lib/pkgconfig:/home/point001/autoware.ai/install/autoware_lanelet2_msgs/lib/x86_64-linux-gnu/pkgconfig:/home/point001/autoware.ai/install/autoware_lanelet2_msgs/lib/pkgconfig:/home/point001/autoware.ai/install/autoware_config_msgs/lib/x86_64-linux-gnu/pkgconfig:/home/point001/autoware.ai/install/autoware_config_msgs/lib/pkgconfig:/home/point001/autoware.ai/install/autoware_build_flags/lib/x86_64-linux-gnu/pkgconfig:/home/point001/autoware.ai/install/autoware_build_flags/lib/pkgconfig:${PKG_CONFIG_PATH} PYTHONPATH=/home/point001/autoware.ai/install/vector_map_msgs/lib/python2.7/dist-packages:/home/point001/autoware.ai/install/autoware_msgs/lib/python2.7/dist-packages:/home/point001/autoware.ai/install/autoware_lanelet2_msgs/lib/python2.7/dist-packages:/home/point001/autoware.ai/install/autoware_config_msgs/lib/python2.7/dist-packages:${PYTHONPATH} ROS_PACKAGE_PATH=/home/point001/autoware.ai/install/lanelet2_extension/share:/home/point001/autoware.ai/install/lanelet2_validation/share:/home/point001/autoware.ai/install/lanelet2_routing/share:/home/point001/autoware.ai/install/lanelet2_projection/share:/home/point001/autoware.ai/install/lanelet2_traffic_rules/share:/home/point001/autoware.ai/install/lanelet2_maps/share:/home/point001/autoware.ai/install/lanelet2_io/share:/home/point001/autoware.ai/install/vector_map/share:/home/point001/autoware.ai/install/state_machine_lib/share:/home/point001/autoware.ai/install/lanelet2_core/share:/home/point001/autoware.ai/install/amathutils_lib/share:/home/point001/autoware.ai/install/vector_map_msgs/share:/home/point001/autoware.ai/install/autoware_msgs/share:/home/point001/autoware.ai/install/autoware_lanelet2_msgs/share:/home/point001/autoware.ai/install/autoware_config_msgs/share:/home/point001/autoware.ai/install/autoware_build_flags/share:${ROS_PACKAGE_PATH} /usr/bin/cmake --build /home/point001/autoware.ai/build/decision_maker --target install -- -j24 -l24
[2.328s] [  0%] Built target visualization_msgs_generate_messages_cpp
[2.328s] [  0%] Built target actionlib_msgs_generate_messages_cpp
[2.331s] [  0%] Built target pcl_msgs_generate_messages_lisp
[2.332s] [  0%] Built target roscpp_generate_messages_lisp
[2.335s] [  0%] Built target actionlib_msgs_generate_messages_eus
[2.336s] [  0%] Built target jsk_recognition_msgs_generate_messages_nodejs
[2.336s] [  0%] Built target pcl_msgs_generate_messages_py
[2.338s] [  0%] Built target autoware_config_msgs_generate_messages_lisp
[2.342s] [  0%] Built target autoware_config_msgs_generate_messages_cpp
[2.343s] [  0%] Built target nav_msgs_generate_messages_eus
[2.346s] [  0%] Built target actionlib_generate_messages_py
[2.347s] [  0%] Built target tf_generate_messages_cpp
[2.350s] [  0%] Built target roscpp_generate_messages_eus
[2.350s] [  0%] Built target tf2_msgs_generate_messages_nodejs
[2.351s] [  0%] Built target actionlib_generate_messages_nodejs
[2.359s] [  0%] Built target tf2_msgs_generate_messages_py
[2.360s] [  0%] Built target rosgraph_msgs_generate_messages_py
[2.360s] [  0%] Built target autoware_config_msgs_generate_messages_py
[2.369s] [  0%] Built target rosgraph_msgs_generate_messages_nodejs
[2.378s] [  0%] Built target actionlib_generate_messages_lisp
[2.383s] [  0%] Built target map_msgs_generate_messages_cpp
[2.399s] [  0%] Built target jsk_rviz_plugins_generate_messages_eus
[2.403s] [  0%] Built target tf_generate_messages_nodejs
[2.403s] [  0%] Built target roscpp_generate_messages_py
[2.421s] [  0%] Built target dynamic_reconfigure_generate_messages_eus
[2.421s] [  0%] Built target actionlib_msgs_generate_messages_py
[2.421s] [  0%] Built target jsk_footstep_msgs_generate_messages_cpp
[2.439s] [  0%] Built target jsk_footstep_msgs_generate_messages_lisp
[2.440s] [  0%] Built target tf_generate_messages_eus
[2.442s] [  0%] Built target tf2_msgs_generate_messages_eus
[2.449s] [  0%] Built target autoware_lanelet2_msgs_generate_messages_py
[2.452s] [  0%] Built target autoware_msgs_generate_messages_lisp
[2.455s] [  0%] Built target visualization_msgs_generate_messages_lisp
[2.462s] [  0%] Built target jsk_recognition_msgs_generate_messages_cpp
[2.466s] [  0%] Built target tf_generate_messages_lisp
[2.469s] [  0%] Built target autoware_config_msgs_generate_messages_nodejs
[2.478s] [  0%] Built target roscpp_generate_messages_nodejs
[2.485s] [  0%] Built target autoware_msgs_generate_messages_eus
[2.493s] [  0%] Built target actionlib_generate_messages_eus
[2.524s] [  0%] Built target nodelet_topic_tools_gencfg
[2.526s] [  0%] Built target geometry_msgs_generate_messages_eus
[2.532s] [  0%] Built target topic_tools_generate_messages_py
[2.537s] [  0%] Built target geometry_msgs_generate_messages_cpp
[2.549s] [  0%] Built target autoware_msgs_generate_messages_nodejs
[2.551s] [  0%] Built target pcl_msgs_generate_messages_cpp
[2.552s] [  0%] Built target actionlib_msgs_generate_messages_lisp
[2.577s] [  0%] Built target nav_msgs_generate_messages_cpp
[2.577s] [  0%] Built target autoware_config_msgs_generate_messages_eus
[2.577s] [  0%] Built target sensor_msgs_generate_messages_py
[2.577s] [  0%] Built target autoware_msgs_generate_messages_cpp
[2.578s] [  0%] Built target autoware_lanelet2_msgs_generate_messages_nodejs
[2.582s] [  0%] Built target jsk_footstep_msgs_generate_messages_py
[2.593s] [  0%] Built target dynamic_reconfigure_generate_messages_cpp
[2.593s] [  0%] Built target std_srvs_generate_messages_eus
[2.609s] [  0%] Built target jsk_recognition_msgs_generate_messages_py
[2.609s] [  0%] Built target actionlib_msgs_generate_messages_nodejs
[2.614s] [  0%] Built target dynamic_reconfigure_gencfg
[2.614s] [  0%] Built target sensor_msgs_generate_messages_lisp
[2.640s] [  0%] Built target pcl_msgs_generate_messages_nodejs
[2.640s] [  0%] Built target std_srvs_generate_messages_cpp
[2.641s] [  0%] Built target std_msgs_generate_messages_lisp
[2.644s] [  0%] Built target nav_msgs_generate_messages_lisp
[2.649s] [  0%] Built target std_msgs_generate_messages_nodejs
[2.671s] [  0%] Built target sensor_msgs_generate_messages_eus
[2.671s] [  0%] Built target geometry_msgs_generate_messages_nodejs
[2.671s] [  0%] Built target bond_generate_messages_nodejs
[2.677s] [  0%] Built target sensor_msgs_generate_messages_cpp
[2.688s] [  0%] Built target std_srvs_generate_messages_lisp
[2.695s] [  0%] Built target jsk_rviz_plugins_generate_messages_cpp
[2.704s] [  0%] Built target std_msgs_generate_messages_eus
[2.706s] [  0%] Built target _catkin_empty_exported_target
[2.708s] [  0%] Built target nodelet_generate_messages_lisp
[2.721s] [  0%] Built target actionlib_generate_messages_cpp
[2.725s] [  0%] Built target std_msgs_generate_messages_cpp
[2.726s] [  0%] Built target jsk_hark_msgs_generate_messages_lisp
[2.746s] [  0%] Built target std_msgs_generate_messages_py
[2.755s] [  0%] Built target nav_msgs_generate_messages_py
[2.760s] [  0%] Built target autoware_msgs_generate_messages_py
[2.762s] [  0%] Built target jsk_recognition_msgs_generate_messages_eus
[2.764s] [  0%] Built target rviz_generate_messages_lisp
[2.771s] [  0%] Built target tf2_msgs_generate_messages_cpp
[2.789s] [  0%] Built target sensor_msgs_generate_messages_nodejs
[2.791s] [  0%] Built target pcl_msgs_generate_messages_eus
[2.797s] [  0%] Built target jsk_hark_msgs_generate_messages_nodejs
[2.797s] [  0%] Built target dynamic_reconfigure_generate_messages_nodejs
[2.802s] [  0%] Built target jsk_recognition_msgs_generate_messages_lisp
[2.810s] [  0%] Built target rosgraph_msgs_generate_messages_eus
[2.815s] [  0%] Built target dynamic_reconfigure_generate_messages_py
[2.819s] [  0%] Built target jsk_hark_msgs_generate_messages_eus
[2.819s] [  0%] Built target jsk_footstep_msgs_generate_messages_eus
[2.822s] [  0%] Built target jsk_recognition_utils_gencfg
[2.823s] [  0%] Built target jsk_rviz_plugins_gencfg
[2.827s] [  0%] Built target jsk_rviz_plugins_generate_messages_lisp
[2.830s] [  0%] Built target rosgraph_msgs_generate_messages_lisp
[2.831s] [  0%] Built target people_msgs_generate_messages_nodejs
[2.834s] [  0%] Built target jsk_hark_msgs_generate_messages_cpp
[2.835s] [  0%] Built target geometry_msgs_generate_messages_py
[2.837s] [  0%] Built target jsk_rviz_plugins_generate_messages_nodejs
[2.846s] [  0%] Built target jsk_hark_msgs_generate_messages_py
[2.851s] [  0%] Built target jsk_rviz_plugins_generate_messages_py
[2.853s] [  0%] Built target rviz_generate_messages_nodejs
[2.860s] [  0%] Built target nodelet_generate_messages_nodejs
[2.865s] [  0%] Built target roscpp_generate_messages_cpp
[2.868s] [  0%] Built target pcl_ros_gencfg
[2.874s] [  0%] Built target map_msgs_generate_messages_py
[2.876s] [  0%] Built target topic_tools_generate_messages_nodejs
[2.881s] [  0%] Built target nodelet_generate_messages_eus
[2.882s] [  0%] Built target bond_generate_messages_py
[2.884s] [  0%] Built target vector_map_msgs_generate_messages_nodejs
[2.886s] [  0%] Built target map_msgs_generate_messages_eus
[2.886s] [  0%] Built target jsk_footstep_msgs_generate_messages_nodejs
[2.887s] [  0%] Built target std_srvs_generate_messages_py
[2.897s] [  0%] Built target bond_generate_messages_eus
[2.898s] [  0%] Built target geometry_msgs_generate_messages_lisp
[2.900s] [  0%] Built target topic_tools_generate_messages_eus
[2.901s] [  0%] Built target topic_tools_generate_messages_cpp
[2.902s] [  0%] Built target nodelet_generate_messages_py
[2.902s] [  0%] Built target bond_generate_messages_lisp
[2.904s] [  0%] Built target visualization_msgs_generate_messages_eus
[2.912s] [  0%] Built target std_srvs_generate_messages_nodejs
[2.913s] [  0%] Built target visualization_msgs_generate_messages_py
[2.915s] [  0%] Built target nodelet_generate_messages_cpp
[2.915s] [  0%] Built target tf_generate_messages_py
[2.918s] [  0%] Built target dynamic_reconfigure_generate_messages_lisp
[2.919s] [  0%] Built target bond_generate_messages_cpp
[2.921s] [  0%] Built target rviz_generate_messages_py
[2.923s] [  0%] Built target visualization_msgs_generate_messages_nodejs
[2.929s] [  0%] Built target people_msgs_generate_messages_eus
[2.930s] [  0%] Built target people_msgs_generate_messages_cpp
[2.934s] [  0%] Built target tf2_msgs_generate_messages_lisp
[2.937s] [  0%] Built target people_msgs_generate_messages_py
[2.938s] [  0%] Built target map_msgs_generate_messages_lisp
[2.939s] [  0%] Built target people_msgs_generate_messages_lisp
[2.940s] [  0%] Built target map_msgs_generate_messages_nodejs
[2.940s] [  0%] Built target rviz_generate_messages_eus
[2.943s] [  0%] Built target autoware_lanelet2_msgs_generate_messages_eus
[2.949s] [  0%] Built target autoware_lanelet2_msgs_generate_messages_lisp
[2.949s] [  0%] Built target rosgraph_msgs_generate_messages_cpp
[2.949s] [  0%] Built target autoware_lanelet2_msgs_generate_messages_cpp
[2.950s] [  0%] Built target nav_msgs_generate_messages_nodejs
[2.950s] [  0%] Built target vector_map_msgs_generate_messages_eus
[2.950s] [  0%] Built target rviz_generate_messages_cpp
[2.950s] [  0%] Built target vector_map_msgs_generate_messages_cpp
[2.951s] [  0%] Built target vector_map_msgs_generate_messages_py
[2.953s] [  0%] Built target vector_map_msgs_generate_messages_lisp
[2.954s] [  0%] Built target topic_tools_generate_messages_lisp
[3.027s] [100%] Built target decision_maker_node
[3.057s] [36mInstall the project...[0m
[3.069s] -- Install configuration: "Release"
[3.069s] -- Up-to-date: /home/point001/autoware.ai/install/decision_maker/lib/pkgconfig/decision_maker.pc
[3.069s] -- Up-to-date: /home/point001/autoware.ai/install/decision_maker/share/decision_maker/cmake/decision_makerConfig.cmake
[3.069s] -- Up-to-date: /home/point001/autoware.ai/install/decision_maker/share/decision_maker/cmake/decision_makerConfig-version.cmake
[3.069s] -- Up-to-date: /home/point001/autoware.ai/install/decision_maker/share/decision_maker/package.xml
[3.069s] -- Up-to-date: /home/point001/autoware.ai/install/decision_maker/lib/decision_maker/decision_maker_node
[3.069s] -- Up-to-date: /home/point001/autoware.ai/install/decision_maker/share/decision_maker/launch
[3.069s] -- Up-to-date: /home/point001/autoware.ai/install/decision_maker/share/decision_maker/launch/decision_maker.launch
[3.070s] -- Up-to-date: /home/point001/autoware.ai/install/decision_maker/share/decision_maker/autoware_state_behavior.yaml
[3.070s] -- Up-to-date: /home/point001/autoware.ai/install/decision_maker/share/decision_maker/autoware_state_motion.yaml
[3.070s] -- Up-to-date: /home/point001/autoware.ai/install/decision_maker/share/decision_maker/autoware_state_mission.yaml
[3.070s] -- Up-to-date: /home/point001/autoware.ai/install/decision_maker/share/decision_maker/autoware_state_vehicle.yaml
[3.102s] Invoked command in '/home/point001/autoware.ai/build/decision_maker' returned '0': CMAKE_PREFIX_PATH=/home/point001/autoware.ai/install/lanelet2_extension:/home/point001/autoware.ai/install/lanelet2_validation:/home/point001/autoware.ai/install/lanelet2_routing:/home/point001/autoware.ai/install/lanelet2_projection:/home/point001/autoware.ai/install/lanelet2_traffic_rules:/home/point001/autoware.ai/install/lanelet2_maps:/home/point001/autoware.ai/install/lanelet2_io:/home/point001/autoware.ai/install/vector_map:/home/point001/autoware.ai/install/state_machine_lib:/home/point001/autoware.ai/install/lanelet2_core:/home/point001/autoware.ai/install/amathutils_lib:/home/point001/autoware.ai/install/vector_map_msgs:/home/point001/autoware.ai/install/autoware_msgs:/home/point001/autoware.ai/install/autoware_lanelet2_msgs:/home/point001/autoware.ai/install/autoware_config_msgs:/home/point001/autoware.ai/install/autoware_build_flags:${CMAKE_PREFIX_PATH} LD_LIBRARY_PATH=/home/point001/autoware.ai/install/lanelet2_extension/lib:/home/point001/autoware.ai/install/lanelet2_validation/lib:/home/point001/autoware.ai/install/lanelet2_routing/lib:/home/point001/autoware.ai/install/lanelet2_projection/lib:/home/point001/autoware.ai/install/lanelet2_traffic_rules/lib:/home/point001/autoware.ai/install/lanelet2_io/lib:/home/point001/autoware.ai/install/vector_map/lib:/home/point001/autoware.ai/install/state_machine_lib/lib:/home/point001/autoware.ai/install/lanelet2_core/lib:/home/point001/autoware.ai/install/amathutils_lib/lib:/opt/ros/melodic/lib:/usr/local/cuda-10.0/lib64 PKG_CONFIG_PATH=/home/point001/autoware.ai/install/lanelet2_extension/lib/x86_64-linux-gnu/pkgconfig:/home/point001/autoware.ai/install/lanelet2_extension/lib/pkgconfig:/home/point001/autoware.ai/install/lanelet2_validation/lib/x86_64-linux-gnu/pkgconfig:/home/point001/autoware.ai/install/lanelet2_validation/lib/pkgconfig:/home/point001/autoware.ai/install/lanelet2_routing/lib/x86_64-linux-gnu/pkgconfig:/home/point001/autoware.ai/install/lanelet2_routing/lib/pkgconfig:/home/point001/autoware.ai/install/lanelet2_projection/lib/x86_64-linux-gnu/pkgconfig:/home/point001/autoware.ai/install/lanelet2_projection/lib/pkgconfig:/home/point001/autoware.ai/install/lanelet2_traffic_rules/lib/x86_64-linux-gnu/pkgconfig:/home/point001/autoware.ai/install/lanelet2_traffic_rules/lib/pkgconfig:/home/point001/autoware.ai/install/lanelet2_maps/lib/x86_64-linux-gnu/pkgconfig:/home/point001/autoware.ai/install/lanelet2_maps/lib/pkgconfig:/home/point001/autoware.ai/install/lanelet2_io/lib/x86_64-linux-gnu/pkgconfig:/home/point001/autoware.ai/install/lanelet2_io/lib/pkgconfig:/home/point001/autoware.ai/install/vector_map/lib/x86_64-linux-gnu/pkgconfig:/home/point001/autoware.ai/install/vector_map/lib/pkgconfig:/home/point001/autoware.ai/install/state_machine_lib/lib/x86_64-linux-gnu/pkgconfig:/home/point001/autoware.ai/install/state_machine_lib/lib/pkgconfig:/home/point001/autoware.ai/install/lanelet2_core/lib/x86_64-linux-gnu/pkgconfig:/home/point001/autoware.ai/install/lanelet2_core/lib/pkgconfig:/home/point001/autoware.ai/install/amathutils_lib/lib/x86_64-linux-gnu/pkgconfig:/home/point001/autoware.ai/install/amathutils_lib/lib/pkgconfig:/home/point001/autoware.ai/install/vector_map_msgs/lib/x86_64-linux-gnu/pkgconfig:/home/point001/autoware.ai/install/vector_map_msgs/lib/pkgconfig:/home/point001/autoware.ai/install/autoware_msgs/lib/x86_64-linux-gnu/pkgconfig:/home/point001/autoware.ai/install/autoware_msgs/lib/pkgconfig:/home/point001/autoware.ai/install/autoware_lanelet2_msgs/lib/x86_64-linux-gnu/pkgconfig:/home/point001/autoware.ai/install/autoware_lanelet2_msgs/lib/pkgconfig:/home/point001/autoware.ai/install/autoware_config_msgs/lib/x86_64-linux-gnu/pkgconfig:/home/point001/autoware.ai/install/autoware_config_msgs/lib/pkgconfig:/home/point001/autoware.ai/install/autoware_build_flags/lib/x86_64-linux-gnu/pkgconfig:/home/point001/autoware.ai/install/autoware_build_flags/lib/pkgconfig:${PKG_CONFIG_PATH} PYTHONPATH=/home/point001/autoware.ai/install/vector_map_msgs/lib/python2.7/dist-packages:/home/point001/autoware.ai/install/autoware_msgs/lib/python2.7/dist-packages:/home/point001/autoware.ai/install/autoware_lanelet2_msgs/lib/python2.7/dist-packages:/home/point001/autoware.ai/install/autoware_config_msgs/lib/python2.7/dist-packages:${PYTHONPATH} ROS_PACKAGE_PATH=/home/point001/autoware.ai/install/lanelet2_extension/share:/home/point001/autoware.ai/install/lanelet2_validation/share:/home/point001/autoware.ai/install/lanelet2_routing/share:/home/point001/autoware.ai/install/lanelet2_projection/share:/home/point001/autoware.ai/install/lanelet2_traffic_rules/share:/home/point001/autoware.ai/install/lanelet2_maps/share:/home/point001/autoware.ai/install/lanelet2_io/share:/home/point001/autoware.ai/install/vector_map/share:/home/point001/autoware.ai/install/state_machine_lib/share:/home/point001/autoware.ai/install/lanelet2_core/share:/home/point001/autoware.ai/install/amathutils_lib/share:/home/point001/autoware.ai/install/vector_map_msgs/share:/home/point001/autoware.ai/install/autoware_msgs/share:/home/point001/autoware.ai/install/autoware_lanelet2_msgs/share:/home/point001/autoware.ai/install/autoware_config_msgs/share:/home/point001/autoware.ai/install/autoware_build_flags/share:${ROS_PACKAGE_PATH} /usr/bin/cmake --build /home/point001/autoware.ai/build/decision_maker --target install -- -j24 -l24
