[0.096s] Invoking command in '/home/point001/autoware.ai/build/vector_map_msgs': /usr/bin/cmake --build /home/point001/autoware.ai/build/vector_map_msgs -- -j24 -l24
[0.412s] [  0%] Built target _vector_map_msgs_generate_messages_check_deps_StreetLight
[0.413s] [  0%] Built target _vector_map_msgs_generate_messages_check_deps_SideStrip
[0.413s] [  0%] Built target _vector_map_msgs_generate_messages_check_deps_WallArray
[0.413s] [  0%] Built target _vector_map_msgs_generate_messages_check_deps_CrossWalkArray
[0.413s] [  0%] Built target _vector_map_msgs_generate_messages_check_deps_GutterArray
[0.413s] [  0%] Built target _vector_map_msgs_generate_messages_check_deps_Signal
[0.413s] [  0%] Built target _vector_map_msgs_generate_messages_check_deps_RoadMark
[0.413s] [  0%] Built target _vector_map_msgs_generate_messages_check_deps_RoadPoleArray
[0.413s] [  0%] Built target _vector_map_msgs_generate_messages_check_deps_Gutter
[0.413s] [  0%] Built target std_msgs_generate_messages_cpp
[0.413s] [  0%] Built target _vector_map_msgs_generate_messages_check_deps_Line
[0.413s] [  0%] Built target _vector_map_msgs_generate_messages_check_deps_SideStripArray
[0.414s] [  0%] Built target _vector_map_msgs_generate_messages_check_deps_SideWalk
[0.414s] [  0%] Built target _vector_map_msgs_generate_messages_check_deps_WhiteLineArray
[0.414s] [  0%] Built target _vector_map_msgs_generate_messages_check_deps_PointArray
[0.414s] [  0%] Built target _vector_map_msgs_generate_messages_check_deps_RoadEdge
[0.414s] [  0%] Built target _vector_map_msgs_generate_messages_check_deps_RoadEdgeArray
[0.414s] [  0%] Built target _vector_map_msgs_generate_messages_check_deps_DriveOnPortionArray
[0.414s] [  0%] Built target _vector_map_msgs_generate_messages_check_deps_Area
[0.414s] [  0%] Built target _vector_map_msgs_generate_messages_check_deps_RoadSignArray
[0.414s] [  0%] Built target _vector_map_msgs_generate_messages_check_deps_RoadSign
[0.415s] [  0%] Built target _vector_map_msgs_generate_messages_check_deps_Wall
[0.415s] [  0%] Built target _vector_map_msgs_generate_messages_check_deps_Point
[0.423s] [  0%] Built target _vector_map_msgs_generate_messages_check_deps_StopLine
[0.428s] [  0%] Built target _vector_map_msgs_generate_messages_check_deps_SignalArray
[0.458s] [  0%] Built target _vector_map_msgs_generate_messages_check_deps_DTLane
[0.466s] [  0%] Built target _vector_map_msgs_generate_messages_check_deps_RailCrossing
[0.468s] [  0%] Built target _vector_map_msgs_generate_messages_check_deps_PoleArray
[0.478s] [  0%] Built target _vector_map_msgs_generate_messages_check_deps_Lane
[0.495s] [  0%] Built target _vector_map_msgs_generate_messages_check_deps_CurveMirrorArray
[0.496s] [  0%] Built target _vector_map_msgs_generate_messages_check_deps_GuardRailArray
[0.497s] [  0%] Built target _vector_map_msgs_generate_messages_check_deps_RailCrossingArray
[0.504s] [  0%] Built target _vector_map_msgs_generate_messages_check_deps_RoadPole
[0.512s] [  0%] Built target _vector_map_msgs_generate_messages_check_deps_WhiteLine
[0.515s] [  0%] Built target _vector_map_msgs_generate_messages_check_deps_LineArray
[0.516s] [  0%] Built target _vector_map_msgs_generate_messages_check_deps_RoadMarkArray
[0.522s] [  0%] Built target _vector_map_msgs_generate_messages_check_deps_GuardRail
[0.522s] [  0%] Built target _vector_map_msgs_generate_messages_check_deps_UtilityPoleArray
[0.530s] [  0%] Built target _vector_map_msgs_generate_messages_check_deps_Fence
[0.535s] [  0%] Built target _vector_map_msgs_generate_messages_check_deps_Box
[0.536s] [  0%] Built target _vector_map_msgs_generate_messages_check_deps_Curb
[0.542s] [  0%] Built target _vector_map_msgs_generate_messages_check_deps_StreetLightArray
[0.546s] [  0%] Built target _vector_map_msgs_generate_messages_check_deps_StopLineArray
[0.553s] [  0%] Built target _vector_map_msgs_generate_messages_check_deps_CrossRoadArray
[0.561s] [  0%] Built target _vector_map_msgs_generate_messages_check_deps_Pole
[0.572s] [  0%] Built target _vector_map_msgs_generate_messages_check_deps_FenceArray
[0.586s] [  0%] Built target _vector_map_msgs_generate_messages_check_deps_SideWalkArray
[0.603s] [  0%] Built target std_msgs_generate_messages_eus
[0.614s] [  0%] Built target std_msgs_generate_messages_nodejs
[0.616s] [  0%] Built target _vector_map_msgs_generate_messages_check_deps_Node
[0.618s] [  0%] Built target _vector_map_msgs_generate_messages_check_deps_WayAreaArray
[0.619s] [  0%] Built target _vector_map_msgs_generate_messages_check_deps_AreaArray
[0.623s] [  0%] Built target _vector_map_msgs_generate_messages_check_deps_DTLaneArray
[0.626s] [  0%] Built target _vector_map_msgs_generate_messages_check_deps_CurbArray
[0.631s] [  0%] Built target _vector_map_msgs_generate_messages_check_deps_CrossRoad
[0.634s] [  0%] Built target _vector_map_msgs_generate_messages_check_deps_WayArea
[0.635s] [  0%] Built target std_msgs_generate_messages_lisp
[0.636s] [  0%] Built target _vector_map_msgs_generate_messages_check_deps_LaneArray
[0.639s] [  0%] Built target std_msgs_generate_messages_py
[0.640s] [  0%] Built target _vector_map_msgs_generate_messages_check_deps_ZebraZoneArray
[0.645s] [  0%] Built target _vector_map_msgs_generate_messages_check_deps_ZebraZone
[0.658s] [  0%] Built target _vector_map_msgs_generate_messages_check_deps_VectorArray
[0.659s] [  0%] Built target _vector_map_msgs_generate_messages_check_deps_NodeArray
[0.659s] [  0%] Built target _vector_map_msgs_generate_messages_check_deps_Vector
[0.659s] [  0%] Built target _vector_map_msgs_generate_messages_check_deps_CrossWalk
[0.663s] [  0%] Built target _vector_map_msgs_generate_messages_check_deps_CurveMirror
[0.669s] [  0%] Built target _vector_map_msgs_generate_messages_check_deps_BoxArray
[0.682s] [  0%] Built target _vector_map_msgs_generate_messages_check_deps_DriveOnPortion
[0.687s] [  0%] Built target _vector_map_msgs_generate_messages_check_deps_UtilityPole
[0.710s] [ 19%] Built target vector_map_msgs_generate_messages_cpp
[0.711s] [ 39%] Built target vector_map_msgs_generate_messages_nodejs
[0.712s] [ 59%] Built target vector_map_msgs_generate_messages_eus
[0.714s] [ 79%] Built target vector_map_msgs_generate_messages_lisp
[0.714s] [100%] Built target vector_map_msgs_generate_messages_py
[0.731s] [100%] Built target vector_map_msgs_generate_messages
[0.772s] Invoked command in '/home/point001/autoware.ai/build/vector_map_msgs' returned '0': /usr/bin/cmake --build /home/point001/autoware.ai/build/vector_map_msgs -- -j24 -l24
[0.942s] Invoking command in '/home/point001/autoware.ai/build/vector_map_msgs': /usr/bin/cmake --build /home/point001/autoware.ai/build/vector_map_msgs --target tests -- -j24 -l24
[1.000s] Built target tests
[1.050s] Invoked command in '/home/point001/autoware.ai/build/vector_map_msgs' returned '0': /usr/bin/cmake --build /home/point001/autoware.ai/build/vector_map_msgs --target tests -- -j24 -l24
[1.307s] Invoking command in '/home/point001/autoware.ai/build/vector_map_msgs': /usr/bin/cmake --build /home/point001/autoware.ai/build/vector_map_msgs --target install -- -j24 -l24
[1.422s] [  0%] Built target std_msgs_generate_messages_cpp
[1.435s] [  0%] Built target _vector_map_msgs_generate_messages_check_deps_DriveOnPortionArray
[1.441s] [  0%] Built target _vector_map_msgs_generate_messages_check_deps_GutterArray
[1.453s] [  0%] Built target _vector_map_msgs_generate_messages_check_deps_RoadMark
[1.457s] [  0%] Built target _vector_map_msgs_generate_messages_check_deps_Gutter
[1.457s] [  0%] Built target _vector_map_msgs_generate_messages_check_deps_Line
[1.457s] [  0%] Built target _vector_map_msgs_generate_messages_check_deps_RoadSignArray
[1.457s] [  0%] Built target _vector_map_msgs_generate_messages_check_deps_RoadEdge
[1.458s] [  0%] Built target _vector_map_msgs_generate_messages_check_deps_PointArray
[1.458s] [  0%] Built target _vector_map_msgs_generate_messages_check_deps_WhiteLineArray
[1.459s] [  0%] Built target _vector_map_msgs_generate_messages_check_deps_RoadEdgeArray
[1.461s] [  0%] Built target _vector_map_msgs_generate_messages_check_deps_Area
[1.464s] [  0%] Built target _vector_map_msgs_generate_messages_check_deps_WallArray
[1.464s] [  0%] Built target _vector_map_msgs_generate_messages_check_deps_RoadPoleArray
[1.465s] [  0%] Built target _vector_map_msgs_generate_messages_check_deps_SideWalk
[1.466s] [  0%] Built target _vector_map_msgs_generate_messages_check_deps_CrossWalkArray
[1.470s] [  0%] Built target _vector_map_msgs_generate_messages_check_deps_Wall
[1.478s] [  0%] Built target _vector_map_msgs_generate_messages_check_deps_Signal
[1.478s] [  0%] Built target _vector_map_msgs_generate_messages_check_deps_StopLine
[1.481s] [  0%] Built target _vector_map_msgs_generate_messages_check_deps_RoadSign
[1.481s] [  0%] Built target _vector_map_msgs_generate_messages_check_deps_StreetLight
[1.482s] [  0%] Built target _vector_map_msgs_generate_messages_check_deps_Point
[1.487s] [  0%] Built target _vector_map_msgs_generate_messages_check_deps_SideStrip
[1.529s] [  0%] Built target _vector_map_msgs_generate_messages_check_deps_SideStripArray
[1.532s] [  0%] Built target _vector_map_msgs_generate_messages_check_deps_CurveMirrorArray
[1.533s] [  0%] Built target _vector_map_msgs_generate_messages_check_deps_PoleArray
[1.533s] [  0%] Built target _vector_map_msgs_generate_messages_check_deps_DTLane
[1.534s] [  0%] Built target _vector_map_msgs_generate_messages_check_deps_CrossRoadArray
[1.545s] [  0%] Built target _vector_map_msgs_generate_messages_check_deps_SignalArray
[1.545s] [  0%] Built target _vector_map_msgs_generate_messages_check_deps_RoadPole
[1.546s] [  0%] Built target _vector_map_msgs_generate_messages_check_deps_UtilityPoleArray
[1.550s] [  0%] Built target _vector_map_msgs_generate_messages_check_deps_Fence
[1.550s] [  0%] Built target _vector_map_msgs_generate_messages_check_deps_RailCrossing
[1.550s] [  0%] Built target _vector_map_msgs_generate_messages_check_deps_Lane
[1.551s] [  0%] Built target _vector_map_msgs_generate_messages_check_deps_RailCrossingArray
[1.551s] [  0%] Built target _vector_map_msgs_generate_messages_check_deps_FenceArray
[1.551s] [  0%] Built target _vector_map_msgs_generate_messages_check_deps_WhiteLine
[1.551s] [  0%] Built target _vector_map_msgs_generate_messages_check_deps_Curb
[1.551s] [  0%] Built target _vector_map_msgs_generate_messages_check_deps_SideWalkArray
[1.551s] [  0%] Built target _vector_map_msgs_generate_messages_check_deps_LineArray
[1.552s] [  0%] Built target _vector_map_msgs_generate_messages_check_deps_RoadMarkArray
[1.552s] [  0%] Built target _vector_map_msgs_generate_messages_check_deps_Pole
[1.552s] [  0%] Built target _vector_map_msgs_generate_messages_check_deps_GuardRailArray
[1.552s] [  0%] Built target _vector_map_msgs_generate_messages_check_deps_GuardRail
[1.552s] [  0%] Built target _vector_map_msgs_generate_messages_check_deps_StopLineArray
[1.552s] [  0%] Built target _vector_map_msgs_generate_messages_check_deps_StreetLightArray
[1.552s] [  0%] Built target _vector_map_msgs_generate_messages_check_deps_Box
[1.564s] [  0%] Built target _vector_map_msgs_generate_messages_check_deps_LaneArray
[1.564s] [  0%] Built target std_msgs_generate_messages_eus
[1.564s] [  0%] Built target std_msgs_generate_messages_py
[1.564s] [  0%] Built target _vector_map_msgs_generate_messages_check_deps_Node
[1.564s] [  0%] Built target _vector_map_msgs_generate_messages_check_deps_AreaArray
[1.565s] [  0%] Built target _vector_map_msgs_generate_messages_check_deps_DTLaneArray
[1.568s] [  0%] Built target _vector_map_msgs_generate_messages_check_deps_WayArea
[1.568s] [  0%] Built target std_msgs_generate_messages_lisp
[1.568s] [  0%] Built target _vector_map_msgs_generate_messages_check_deps_WayAreaArray
[1.572s] [  0%] Built target _vector_map_msgs_generate_messages_check_deps_NodeArray
[1.572s] [  0%] Built target std_msgs_generate_messages_nodejs
[1.578s] [  0%] Built target _vector_map_msgs_generate_messages_check_deps_CrossRoad
[1.578s] [  0%] Built target _vector_map_msgs_generate_messages_check_deps_ZebraZone
[1.578s] [  0%] Built target _vector_map_msgs_generate_messages_check_deps_BoxArray
[1.578s] [  0%] Built target _vector_map_msgs_generate_messages_check_deps_UtilityPole
[1.579s] [  0%] Built target _vector_map_msgs_generate_messages_check_deps_VectorArray
[1.580s] [  0%] Built target _vector_map_msgs_generate_messages_check_deps_CrossWalk
[1.580s] [  0%] Built target _vector_map_msgs_generate_messages_check_deps_ZebraZoneArray
[1.581s] [  0%] Built target _vector_map_msgs_generate_messages_check_deps_CurbArray
[1.585s] [  0%] Built target _vector_map_msgs_generate_messages_check_deps_DriveOnPortion
[1.586s] [  0%] Built target _vector_map_msgs_generate_messages_check_deps_CurveMirror
[1.587s] [  0%] Built target _vector_map_msgs_generate_messages_check_deps_Vector
[1.634s] [ 19%] Built target vector_map_msgs_generate_messages_lisp
[1.637s] [ 58%] Built target vector_map_msgs_generate_messages_cpp
[1.637s] [ 59%] Built target vector_map_msgs_generate_messages_py
[1.637s] [ 80%] Built target vector_map_msgs_generate_messages_eus
[1.638s] [100%] Built target vector_map_msgs_generate_messages_nodejs
[1.654s] [100%] Built target vector_map_msgs_generate_messages
[1.655s] [36mInstall the project...[0m
[1.658s] -- Install configuration: "Release"
[1.659s] -- Up-to-date: /home/point001/autoware.ai/install/vector_map_msgs/share/vector_map_msgs/msg/Area.msg
[1.660s] -- Up-to-date: /home/point001/autoware.ai/install/vector_map_msgs/share/vector_map_msgs/msg/AreaArray.msg
[1.660s] -- Up-to-date: /home/point001/autoware.ai/install/vector_map_msgs/share/vector_map_msgs/msg/Box.msg
[1.660s] -- Up-to-date: /home/point001/autoware.ai/install/vector_map_msgs/share/vector_map_msgs/msg/BoxArray.msg
[1.660s] -- Up-to-date: /home/point001/autoware.ai/install/vector_map_msgs/share/vector_map_msgs/msg/CrossRoad.msg
[1.660s] -- Up-to-date: /home/point001/autoware.ai/install/vector_map_msgs/share/vector_map_msgs/msg/CrossRoadArray.msg
[1.660s] -- Up-to-date: /home/point001/autoware.ai/install/vector_map_msgs/share/vector_map_msgs/msg/CrossWalk.msg
[1.660s] -- Up-to-date: /home/point001/autoware.ai/install/vector_map_msgs/share/vector_map_msgs/msg/CrossWalkArray.msg
[1.660s] -- Up-to-date: /home/point001/autoware.ai/install/vector_map_msgs/share/vector_map_msgs/msg/Curb.msg
[1.660s] -- Up-to-date: /home/point001/autoware.ai/install/vector_map_msgs/share/vector_map_msgs/msg/CurbArray.msg
[1.660s] -- Up-to-date: /home/point001/autoware.ai/install/vector_map_msgs/share/vector_map_msgs/msg/CurveMirror.msg
[1.660s] -- Up-to-date: /home/point001/autoware.ai/install/vector_map_msgs/share/vector_map_msgs/msg/CurveMirrorArray.msg
[1.661s] -- Up-to-date: /home/point001/autoware.ai/install/vector_map_msgs/share/vector_map_msgs/msg/DTLane.msg
[1.661s] -- Up-to-date: /home/point001/autoware.ai/install/vector_map_msgs/share/vector_map_msgs/msg/DTLaneArray.msg
[1.661s] -- Up-to-date: /home/point001/autoware.ai/install/vector_map_msgs/share/vector_map_msgs/msg/DriveOnPortion.msg
[1.661s] -- Up-to-date: /home/point001/autoware.ai/install/vector_map_msgs/share/vector_map_msgs/msg/DriveOnPortionArray.msg
[1.661s] -- Up-to-date: /home/point001/autoware.ai/install/vector_map_msgs/share/vector_map_msgs/msg/Fence.msg
[1.661s] -- Up-to-date: /home/point001/autoware.ai/install/vector_map_msgs/share/vector_map_msgs/msg/FenceArray.msg
[1.661s] -- Up-to-date: /home/point001/autoware.ai/install/vector_map_msgs/share/vector_map_msgs/msg/GuardRail.msg
[1.661s] -- Up-to-date: /home/point001/autoware.ai/install/vector_map_msgs/share/vector_map_msgs/msg/GuardRailArray.msg
[1.661s] -- Up-to-date: /home/point001/autoware.ai/install/vector_map_msgs/share/vector_map_msgs/msg/Gutter.msg
[1.662s] -- Up-to-date: /home/point001/autoware.ai/install/vector_map_msgs/share/vector_map_msgs/msg/GutterArray.msg
[1.663s] -- Up-to-date: /home/point001/autoware.ai/install/vector_map_msgs/share/vector_map_msgs/msg/Lane.msg
[1.663s] -- Up-to-date: /home/point001/autoware.ai/install/vector_map_msgs/share/vector_map_msgs/msg/LaneArray.msg
[1.663s] -- Up-to-date: /home/point001/autoware.ai/install/vector_map_msgs/share/vector_map_msgs/msg/Line.msg
[1.663s] -- Up-to-date: /home/point001/autoware.ai/install/vector_map_msgs/share/vector_map_msgs/msg/LineArray.msg
[1.663s] -- Up-to-date: /home/point001/autoware.ai/install/vector_map_msgs/share/vector_map_msgs/msg/Node.msg
[1.664s] -- Up-to-date: /home/point001/autoware.ai/install/vector_map_msgs/share/vector_map_msgs/msg/NodeArray.msg
[1.664s] -- Up-to-date: /home/point001/autoware.ai/install/vector_map_msgs/share/vector_map_msgs/msg/Point.msg
[1.664s] -- Up-to-date: /home/point001/autoware.ai/install/vector_map_msgs/share/vector_map_msgs/msg/PointArray.msg
[1.664s] -- Up-to-date: /home/point001/autoware.ai/install/vector_map_msgs/share/vector_map_msgs/msg/Pole.msg
[1.665s] -- Up-to-date: /home/point001/autoware.ai/install/vector_map_msgs/share/vector_map_msgs/msg/PoleArray.msg
[1.665s] -- Up-to-date: /home/point001/autoware.ai/install/vector_map_msgs/share/vector_map_msgs/msg/RailCrossing.msg
[1.666s] -- Up-to-date: /home/point001/autoware.ai/install/vector_map_msgs/share/vector_map_msgs/msg/RailCrossingArray.msg
[1.666s] -- Up-to-date: /home/point001/autoware.ai/install/vector_map_msgs/share/vector_map_msgs/msg/RoadEdge.msg
[1.667s] -- Up-to-date: /home/point001/autoware.ai/install/vector_map_msgs/share/vector_map_msgs/msg/RoadEdgeArray.msg
[1.667s] -- Up-to-date: /home/point001/autoware.ai/install/vector_map_msgs/share/vector_map_msgs/msg/RoadMark.msg
[1.667s] -- Up-to-date: /home/point001/autoware.ai/install/vector_map_msgs/share/vector_map_msgs/msg/RoadMarkArray.msg
[1.667s] -- Up-to-date: /home/point001/autoware.ai/install/vector_map_msgs/share/vector_map_msgs/msg/RoadPole.msg
[1.667s] -- Up-to-date: /home/point001/autoware.ai/install/vector_map_msgs/share/vector_map_msgs/msg/RoadPoleArray.msg
[1.667s] -- Up-to-date: /home/point001/autoware.ai/install/vector_map_msgs/share/vector_map_msgs/msg/RoadSign.msg
[1.668s] -- Up-to-date: /home/point001/autoware.ai/install/vector_map_msgs/share/vector_map_msgs/msg/RoadSignArray.msg
[1.669s] -- Up-to-date: /home/point001/autoware.ai/install/vector_map_msgs/share/vector_map_msgs/msg/SideStrip.msg
[1.670s] -- Up-to-date: /home/point001/autoware.ai/install/vector_map_msgs/share/vector_map_msgs/msg/SideStripArray.msg
[1.671s] -- Up-to-date: /home/point001/autoware.ai/install/vector_map_msgs/share/vector_map_msgs/msg/SideWalk.msg
[1.671s] -- Up-to-date: /home/point001/autoware.ai/install/vector_map_msgs/share/vector_map_msgs/msg/SideWalkArray.msg
[1.671s] -- Up-to-date: /home/point001/autoware.ai/install/vector_map_msgs/share/vector_map_msgs/msg/Signal.msg
[1.671s] -- Up-to-date: /home/point001/autoware.ai/install/vector_map_msgs/share/vector_map_msgs/msg/SignalArray.msg
[1.671s] -- Up-to-date: /home/point001/autoware.ai/install/vector_map_msgs/share/vector_map_msgs/msg/StopLine.msg
[1.671s] -- Up-to-date: /home/point001/autoware.ai/install/vector_map_msgs/share/vector_map_msgs/msg/StopLineArray.msg
[1.671s] -- Up-to-date: /home/point001/autoware.ai/install/vector_map_msgs/share/vector_map_msgs/msg/StreetLight.msg
[1.671s] -- Up-to-date: /home/point001/autoware.ai/install/vector_map_msgs/share/vector_map_msgs/msg/StreetLightArray.msg
[1.671s] -- Up-to-date: /home/point001/autoware.ai/install/vector_map_msgs/share/vector_map_msgs/msg/UtilityPole.msg
[1.671s] -- Up-to-date: /home/point001/autoware.ai/install/vector_map_msgs/share/vector_map_msgs/msg/UtilityPoleArray.msg
[1.671s] -- Up-to-date: /home/point001/autoware.ai/install/vector_map_msgs/share/vector_map_msgs/msg/Vector.msg
[1.671s] -- Up-to-date: /home/point001/autoware.ai/install/vector_map_msgs/share/vector_map_msgs/msg/VectorArray.msg
[1.672s] -- Up-to-date: /home/point001/autoware.ai/install/vector_map_msgs/share/vector_map_msgs/msg/Wall.msg
[1.672s] -- Up-to-date: /home/point001/autoware.ai/install/vector_map_msgs/share/vector_map_msgs/msg/WallArray.msg
[1.672s] -- Up-to-date: /home/point001/autoware.ai/install/vector_map_msgs/share/vector_map_msgs/msg/WayArea.msg
[1.672s] -- Up-to-date: /home/point001/autoware.ai/install/vector_map_msgs/share/vector_map_msgs/msg/WayAreaArray.msg
[1.673s] -- Up-to-date: /home/point001/autoware.ai/install/vector_map_msgs/share/vector_map_msgs/msg/WhiteLine.msg
[1.673s] -- Up-to-date: /home/point001/autoware.ai/install/vector_map_msgs/share/vector_map_msgs/msg/WhiteLineArray.msg
[1.673s] -- Up-to-date: /home/point001/autoware.ai/install/vector_map_msgs/share/vector_map_msgs/msg/ZebraZone.msg
[1.673s] -- Up-to-date: /home/point001/autoware.ai/install/vector_map_msgs/share/vector_map_msgs/msg/ZebraZoneArray.msg
[1.673s] -- Up-to-date: /home/point001/autoware.ai/install/vector_map_msgs/share/vector_map_msgs/cmake/vector_map_msgs-msg-paths.cmake
[1.673s] -- Up-to-date: /home/point001/autoware.ai/install/vector_map_msgs/include/vector_map_msgs
[1.673s] -- Up-to-date: /home/point001/autoware.ai/install/vector_map_msgs/include/vector_map_msgs/Box.h
[1.674s] -- Up-to-date: /home/point001/autoware.ai/install/vector_map_msgs/include/vector_map_msgs/RoadMark.h
[1.674s] -- Up-to-date: /home/point001/autoware.ai/install/vector_map_msgs/include/vector_map_msgs/Area.h
[1.674s] -- Up-to-date: /home/point001/autoware.ai/install/vector_map_msgs/include/vector_map_msgs/BoxArray.h
[1.674s] -- Up-to-date: /home/point001/autoware.ai/install/vector_map_msgs/include/vector_map_msgs/Gutter.h
[1.674s] -- Up-to-date: /home/point001/autoware.ai/install/vector_map_msgs/include/vector_map_msgs/DriveOnPortionArray.h
[1.674s] -- Up-to-date: /home/point001/autoware.ai/install/vector_map_msgs/include/vector_map_msgs/StreetLightArray.h
[1.674s] -- Up-to-date: /home/point001/autoware.ai/install/vector_map_msgs/include/vector_map_msgs/RoadEdge.h
[1.674s] -- Up-to-date: /home/point001/autoware.ai/install/vector_map_msgs/include/vector_map_msgs/Node.h
[1.674s] -- Up-to-date: /home/point001/autoware.ai/install/vector_map_msgs/include/vector_map_msgs/UtilityPole.h
[1.674s] -- Up-to-date: /home/point001/autoware.ai/install/vector_map_msgs/include/vector_map_msgs/VectorArray.h
[1.675s] -- Up-to-date: /home/point001/autoware.ai/install/vector_map_msgs/include/vector_map_msgs/PoleArray.h
[1.675s] -- Up-to-date: /home/point001/autoware.ai/install/vector_map_msgs/include/vector_map_msgs/WhiteLine.h
[1.675s] -- Up-to-date: /home/point001/autoware.ai/install/vector_map_msgs/include/vector_map_msgs/GuardRail.h
[1.677s] -- Up-to-date: /home/point001/autoware.ai/install/vector_map_msgs/include/vector_map_msgs/RailCrossing.h
[1.677s] -- Up-to-date: /home/point001/autoware.ai/install/vector_map_msgs/include/vector_map_msgs/GuardRailArray.h
[1.677s] -- Up-to-date: /home/point001/autoware.ai/install/vector_map_msgs/include/vector_map_msgs/SideStripArray.h
[1.677s] -- Up-to-date: /home/point001/autoware.ai/install/vector_map_msgs/include/vector_map_msgs/NodeArray.h
[1.677s] -- Up-to-date: /home/point001/autoware.ai/install/vector_map_msgs/include/vector_map_msgs/Pole.h
[1.678s] -- Up-to-date: /home/point001/autoware.ai/install/vector_map_msgs/include/vector_map_msgs/LaneArray.h
[1.678s] -- Up-to-date: /home/point001/autoware.ai/install/vector_map_msgs/include/vector_map_msgs/PointArray.h
[1.678s] -- Up-to-date: /home/point001/autoware.ai/install/vector_map_msgs/include/vector_map_msgs/FenceArray.h
[1.678s] -- Up-to-date: /home/point001/autoware.ai/install/vector_map_msgs/include/vector_map_msgs/Signal.h
[1.678s] -- Up-to-date: /home/point001/autoware.ai/install/vector_map_msgs/include/vector_map_msgs/Fence.h
[1.679s] -- Up-to-date: /home/point001/autoware.ai/install/vector_map_msgs/include/vector_map_msgs/CrossRoadArray.h
[1.679s] -- Up-to-date: /home/point001/autoware.ai/install/vector_map_msgs/include/vector_map_msgs/CurveMirrorArray.h
[1.681s] -- Up-to-date: /home/point001/autoware.ai/install/vector_map_msgs/include/vector_map_msgs/Lane.h
[1.681s] -- Up-to-date: /home/point001/autoware.ai/install/vector_map_msgs/include/vector_map_msgs/LineArray.h
[1.681s] -- Up-to-date: /home/point001/autoware.ai/install/vector_map_msgs/include/vector_map_msgs/DTLane.h
[1.681s] -- Up-to-date: /home/point001/autoware.ai/install/vector_map_msgs/include/vector_map_msgs/DTLaneArray.h
[1.682s] -- Up-to-date: /home/point001/autoware.ai/install/vector_map_msgs/include/vector_map_msgs/RoadPoleArray.h
[1.682s] -- Up-to-date: /home/point001/autoware.ai/install/vector_map_msgs/include/vector_map_msgs/CrossWalkArray.h
[1.682s] -- Up-to-date: /home/point001/autoware.ai/install/vector_map_msgs/include/vector_map_msgs/Point.h
[1.682s] -- Up-to-date: /home/point001/autoware.ai/install/vector_map_msgs/include/vector_map_msgs/CrossRoad.h
[1.683s] -- Up-to-date: /home/point001/autoware.ai/install/vector_map_msgs/include/vector_map_msgs/GutterArray.h
[1.683s] -- Up-to-date: /home/point001/autoware.ai/install/vector_map_msgs/include/vector_map_msgs/Wall.h
[1.685s] -- Up-to-date: /home/point001/autoware.ai/install/vector_map_msgs/include/vector_map_msgs/Vector.h
[1.686s] -- Up-to-date: /home/point001/autoware.ai/install/vector_map_msgs/include/vector_map_msgs/RoadSign.h
[1.686s] -- Up-to-date: /home/point001/autoware.ai/install/vector_map_msgs/include/vector_map_msgs/SideWalk.h
[1.686s] -- Up-to-date: /home/point001/autoware.ai/install/vector_map_msgs/include/vector_map_msgs/AreaArray.h
[1.686s] -- Up-to-date: /home/point001/autoware.ai/install/vector_map_msgs/include/vector_map_msgs/ZebraZoneArray.h
[1.687s] -- Up-to-date: /home/point001/autoware.ai/install/vector_map_msgs/include/vector_map_msgs/WayArea.h
[1.687s] -- Up-to-date: /home/point001/autoware.ai/install/vector_map_msgs/include/vector_map_msgs/RoadEdgeArray.h
[1.687s] -- Up-to-date: /home/point001/autoware.ai/install/vector_map_msgs/include/vector_map_msgs/WayAreaArray.h
[1.687s] -- Up-to-date: /home/point001/autoware.ai/install/vector_map_msgs/include/vector_map_msgs/DriveOnPortion.h
[1.688s] -- Up-to-date: /home/point001/autoware.ai/install/vector_map_msgs/include/vector_map_msgs/Curb.h
[1.688s] -- Up-to-date: /home/point001/autoware.ai/install/vector_map_msgs/include/vector_map_msgs/SideWalkArray.h
[1.688s] -- Up-to-date: /home/point001/autoware.ai/install/vector_map_msgs/include/vector_map_msgs/UtilityPoleArray.h
[1.688s] -- Up-to-date: /home/point001/autoware.ai/install/vector_map_msgs/include/vector_map_msgs/SignalArray.h
[1.689s] -- Up-to-date: /home/point001/autoware.ai/install/vector_map_msgs/include/vector_map_msgs/RoadSignArray.h
[1.689s] -- Up-to-date: /home/point001/autoware.ai/install/vector_map_msgs/include/vector_map_msgs/StopLineArray.h
[1.689s] -- Up-to-date: /home/point001/autoware.ai/install/vector_map_msgs/include/vector_map_msgs/CurbArray.h
[1.689s] -- Up-to-date: /home/point001/autoware.ai/install/vector_map_msgs/include/vector_map_msgs/WallArray.h
[1.692s] -- Up-to-date: /home/point001/autoware.ai/install/vector_map_msgs/include/vector_map_msgs/CurveMirror.h
[1.692s] -- Up-to-date: /home/point001/autoware.ai/install/vector_map_msgs/include/vector_map_msgs/StreetLight.h
[1.692s] -- Up-to-date: /home/point001/autoware.ai/install/vector_map_msgs/include/vector_map_msgs/StopLine.h
[1.692s] -- Up-to-date: /home/point001/autoware.ai/install/vector_map_msgs/include/vector_map_msgs/SideStrip.h
[1.692s] -- Up-to-date: /home/point001/autoware.ai/install/vector_map_msgs/include/vector_map_msgs/RoadMarkArray.h
[1.692s] -- Up-to-date: /home/point001/autoware.ai/install/vector_map_msgs/include/vector_map_msgs/WhiteLineArray.h
[1.693s] -- Up-to-date: /home/point001/autoware.ai/install/vector_map_msgs/include/vector_map_msgs/RailCrossingArray.h
[1.693s] -- Up-to-date: /home/point001/autoware.ai/install/vector_map_msgs/include/vector_map_msgs/RoadPole.h
[1.693s] -- Up-to-date: /home/point001/autoware.ai/install/vector_map_msgs/include/vector_map_msgs/Line.h
[1.693s] -- Up-to-date: /home/point001/autoware.ai/install/vector_map_msgs/include/vector_map_msgs/CrossWalk.h
[1.693s] -- Up-to-date: /home/point001/autoware.ai/install/vector_map_msgs/include/vector_map_msgs/ZebraZone.h
[1.694s] -- Up-to-date: /home/point001/autoware.ai/install/vector_map_msgs/share/roseus/ros/vector_map_msgs
[1.694s] -- Up-to-date: /home/point001/autoware.ai/install/vector_map_msgs/share/roseus/ros/vector_map_msgs/manifest.l
[1.696s] -- Up-to-date: /home/point001/autoware.ai/install/vector_map_msgs/share/roseus/ros/vector_map_msgs/msg
[1.696s] -- Up-to-date: /home/point001/autoware.ai/install/vector_map_msgs/share/roseus/ros/vector_map_msgs/msg/WhiteLine.l
[1.696s] -- Up-to-date: /home/point001/autoware.ai/install/vector_map_msgs/share/roseus/ros/vector_map_msgs/msg/Pole.l
[1.696s] -- Up-to-date: /home/point001/autoware.ai/install/vector_map_msgs/share/roseus/ros/vector_map_msgs/msg/RoadMarkArray.l
[1.697s] -- Up-to-date: /home/point001/autoware.ai/install/vector_map_msgs/share/roseus/ros/vector_map_msgs/msg/RoadSignArray.l
[1.697s] -- Up-to-date: /home/point001/autoware.ai/install/vector_map_msgs/share/roseus/ros/vector_map_msgs/msg/RoadPoleArray.l
[1.697s] -- Up-to-date: /home/point001/autoware.ai/install/vector_map_msgs/share/roseus/ros/vector_map_msgs/msg/WallArray.l
[1.697s] -- Up-to-date: /home/point001/autoware.ai/install/vector_map_msgs/share/roseus/ros/vector_map_msgs/msg/RailCrossingArray.l
[1.697s] -- Up-to-date: /home/point001/autoware.ai/install/vector_map_msgs/share/roseus/ros/vector_map_msgs/msg/DriveOnPortion.l
[1.697s] -- Up-to-date: /home/point001/autoware.ai/install/vector_map_msgs/share/roseus/ros/vector_map_msgs/msg/CurbArray.l
[1.697s] -- Up-to-date: /home/point001/autoware.ai/install/vector_map_msgs/share/roseus/ros/vector_map_msgs/msg/UtilityPoleArray.l
[1.698s] -- Up-to-date: /home/point001/autoware.ai/install/vector_map_msgs/share/roseus/ros/vector_map_msgs/msg/Box.l
[1.698s] -- Up-to-date: /home/point001/autoware.ai/install/vector_map_msgs/share/roseus/ros/vector_map_msgs/msg/SideWalk.l
[1.698s] -- Up-to-date: /home/point001/autoware.ai/install/vector_map_msgs/share/roseus/ros/vector_map_msgs/msg/RailCrossing.l
[1.698s] -- Up-to-date: /home/point001/autoware.ai/install/vector_map_msgs/share/roseus/ros/vector_map_msgs/msg/SideWalkArray.l
[1.698s] -- Up-to-date: /home/point001/autoware.ai/install/vector_map_msgs/share/roseus/ros/vector_map_msgs/msg/GuardRailArray.l
[1.698s] -- Up-to-date: /home/point001/autoware.ai/install/vector_map_msgs/share/roseus/ros/vector_map_msgs/msg/RoadPole.l
[1.698s] -- Up-to-date: /home/point001/autoware.ai/install/vector_map_msgs/share/roseus/ros/vector_map_msgs/msg/GuardRail.l
[1.698s] -- Up-to-date: /home/point001/autoware.ai/install/vector_map_msgs/share/roseus/ros/vector_map_msgs/msg/Lane.l
[1.698s] -- Up-to-date: /home/point001/autoware.ai/install/vector_map_msgs/share/roseus/ros/vector_map_msgs/msg/PointArray.l
[1.698s] -- Up-to-date: /home/point001/autoware.ai/install/vector_map_msgs/share/roseus/ros/vector_map_msgs/msg/BoxArray.l
[1.698s] -- Up-to-date: /home/point001/autoware.ai/install/vector_map_msgs/share/roseus/ros/vector_map_msgs/msg/DTLaneArray.l
[1.699s] -- Up-to-date: /home/point001/autoware.ai/install/vector_map_msgs/share/roseus/ros/vector_map_msgs/msg/RoadEdgeArray.l
[1.699s] -- Up-to-date: /home/point001/autoware.ai/install/vector_map_msgs/share/roseus/ros/vector_map_msgs/msg/Area.l
[1.699s] -- Up-to-date: /home/point001/autoware.ai/install/vector_map_msgs/share/roseus/ros/vector_map_msgs/msg/Vector.l
[1.699s] -- Up-to-date: /home/point001/autoware.ai/install/vector_map_msgs/share/roseus/ros/vector_map_msgs/msg/VectorArray.l
[1.699s] -- Up-to-date: /home/point001/autoware.ai/install/vector_map_msgs/share/roseus/ros/vector_map_msgs/msg/RoadEdge.l
[1.699s] -- Up-to-date: /home/point001/autoware.ai/install/vector_map_msgs/share/roseus/ros/vector_map_msgs/msg/SignalArray.l
[1.699s] -- Up-to-date: /home/point001/autoware.ai/install/vector_map_msgs/share/roseus/ros/vector_map_msgs/msg/SideStripArray.l
[1.699s] -- Up-to-date: /home/point001/autoware.ai/install/vector_map_msgs/share/roseus/ros/vector_map_msgs/msg/Point.l
[1.699s] -- Up-to-date: /home/point001/autoware.ai/install/vector_map_msgs/share/roseus/ros/vector_map_msgs/msg/WhiteLineArray.l
[1.699s] -- Up-to-date: /home/point001/autoware.ai/install/vector_map_msgs/share/roseus/ros/vector_map_msgs/msg/Gutter.l
[1.700s] -- Up-to-date: /home/point001/autoware.ai/install/vector_map_msgs/share/roseus/ros/vector_map_msgs/msg/Node.l
[1.700s] -- Up-to-date: /home/point001/autoware.ai/install/vector_map_msgs/share/roseus/ros/vector_map_msgs/msg/StreetLight.l
[1.700s] -- Up-to-date: /home/point001/autoware.ai/install/vector_map_msgs/share/roseus/ros/vector_map_msgs/msg/WayAreaArray.l
[1.700s] -- Up-to-date: /home/point001/autoware.ai/install/vector_map_msgs/share/roseus/ros/vector_map_msgs/msg/PoleArray.l
[1.700s] -- Up-to-date: /home/point001/autoware.ai/install/vector_map_msgs/share/roseus/ros/vector_map_msgs/msg/CrossWalk.l
[1.700s] -- Up-to-date: /home/point001/autoware.ai/install/vector_map_msgs/share/roseus/ros/vector_map_msgs/msg/Line.l
[1.700s] -- Up-to-date: /home/point001/autoware.ai/install/vector_map_msgs/share/roseus/ros/vector_map_msgs/msg/CurveMirror.l
[1.700s] -- Up-to-date: /home/point001/autoware.ai/install/vector_map_msgs/share/roseus/ros/vector_map_msgs/msg/CrossRoadArray.l
[1.701s] -- Up-to-date: /home/point001/autoware.ai/install/vector_map_msgs/share/roseus/ros/vector_map_msgs/msg/StopLineArray.l
[1.701s] -- Up-to-date: /home/point001/autoware.ai/install/vector_map_msgs/share/roseus/ros/vector_map_msgs/msg/CrossRoad.l
[1.701s] -- Up-to-date: /home/point001/autoware.ai/install/vector_map_msgs/share/roseus/ros/vector_map_msgs/msg/DTLane.l
[1.701s] -- Up-to-date: /home/point001/autoware.ai/install/vector_map_msgs/share/roseus/ros/vector_map_msgs/msg/DriveOnPortionArray.l
[1.701s] -- Up-to-date: /home/point001/autoware.ai/install/vector_map_msgs/share/roseus/ros/vector_map_msgs/msg/Wall.l
[1.701s] -- Up-to-date: /home/point001/autoware.ai/install/vector_map_msgs/share/roseus/ros/vector_map_msgs/msg/FenceArray.l
[1.701s] -- Up-to-date: /home/point001/autoware.ai/install/vector_map_msgs/share/roseus/ros/vector_map_msgs/msg/Fence.l
[1.701s] -- Up-to-date: /home/point001/autoware.ai/install/vector_map_msgs/share/roseus/ros/vector_map_msgs/msg/CrossWalkArray.l
[1.701s] -- Up-to-date: /home/point001/autoware.ai/install/vector_map_msgs/share/roseus/ros/vector_map_msgs/msg/StreetLightArray.l
[1.701s] -- Up-to-date: /home/point001/autoware.ai/install/vector_map_msgs/share/roseus/ros/vector_map_msgs/msg/StopLine.l
[1.702s] -- Up-to-date: /home/point001/autoware.ai/install/vector_map_msgs/share/roseus/ros/vector_map_msgs/msg/CurveMirrorArray.l
[1.702s] -- Up-to-date: /home/point001/autoware.ai/install/vector_map_msgs/share/roseus/ros/vector_map_msgs/msg/Signal.l
[1.702s] -- Up-to-date: /home/point001/autoware.ai/install/vector_map_msgs/share/roseus/ros/vector_map_msgs/msg/SideStrip.l
[1.702s] -- Up-to-date: /home/point001/autoware.ai/install/vector_map_msgs/share/roseus/ros/vector_map_msgs/msg/RoadMark.l
[1.702s] -- Up-to-date: /home/point001/autoware.ai/install/vector_map_msgs/share/roseus/ros/vector_map_msgs/msg/LaneArray.l
[1.702s] -- Up-to-date: /home/point001/autoware.ai/install/vector_map_msgs/share/roseus/ros/vector_map_msgs/msg/RoadSign.l
[1.702s] -- Up-to-date: /home/point001/autoware.ai/install/vector_map_msgs/share/roseus/ros/vector_map_msgs/msg/AreaArray.l
[1.702s] -- Up-to-date: /home/point001/autoware.ai/install/vector_map_msgs/share/roseus/ros/vector_map_msgs/msg/UtilityPole.l
[1.702s] -- Up-to-date: /home/point001/autoware.ai/install/vector_map_msgs/share/roseus/ros/vector_map_msgs/msg/LineArray.l
[1.703s] -- Up-to-date: /home/point001/autoware.ai/install/vector_map_msgs/share/roseus/ros/vector_map_msgs/msg/NodeArray.l
[1.703s] -- Up-to-date: /home/point001/autoware.ai/install/vector_map_msgs/share/roseus/ros/vector_map_msgs/msg/Curb.l
[1.703s] -- Up-to-date: /home/point001/autoware.ai/install/vector_map_msgs/share/roseus/ros/vector_map_msgs/msg/WayArea.l
[1.703s] -- Up-to-date: /home/point001/autoware.ai/install/vector_map_msgs/share/roseus/ros/vector_map_msgs/msg/ZebraZone.l
[1.703s] -- Up-to-date: /home/point001/autoware.ai/install/vector_map_msgs/share/roseus/ros/vector_map_msgs/msg/ZebraZoneArray.l
[1.703s] -- Up-to-date: /home/point001/autoware.ai/install/vector_map_msgs/share/roseus/ros/vector_map_msgs/msg/GutterArray.l
[1.703s] -- Up-to-date: /home/point001/autoware.ai/install/vector_map_msgs/share/common-lisp/ros/vector_map_msgs
[1.703s] -- Up-to-date: /home/point001/autoware.ai/install/vector_map_msgs/share/common-lisp/ros/vector_map_msgs/msg
[1.703s] -- Up-to-date: /home/point001/autoware.ai/install/vector_map_msgs/share/common-lisp/ros/vector_map_msgs/msg/StreetLight.lisp
[1.703s] -- Up-to-date: /home/point001/autoware.ai/install/vector_map_msgs/share/common-lisp/ros/vector_map_msgs/msg/_package_RailCrossingArray.lisp
[1.704s] -- Up-to-date: /home/point001/autoware.ai/install/vector_map_msgs/share/common-lisp/ros/vector_map_msgs/msg/UtilityPole.lisp
[1.704s] -- Up-to-date: /home/point001/autoware.ai/install/vector_map_msgs/share/common-lisp/ros/vector_map_msgs/msg/_package_StreetLight.lisp
[1.704s] -- Up-to-date: /home/point001/autoware.ai/install/vector_map_msgs/share/common-lisp/ros/vector_map_msgs/msg/_package_Curb.lisp
[1.704s] -- Up-to-date: /home/point001/autoware.ai/install/vector_map_msgs/share/common-lisp/ros/vector_map_msgs/msg/Vector.lisp
[1.704s] -- Up-to-date: /home/point001/autoware.ai/install/vector_map_msgs/share/common-lisp/ros/vector_map_msgs/msg/Fence.lisp
[1.704s] -- Up-to-date: /home/point001/autoware.ai/install/vector_map_msgs/share/common-lisp/ros/vector_map_msgs/msg/GuardRail.lisp
[1.704s] -- Up-to-date: /home/point001/autoware.ai/install/vector_map_msgs/share/common-lisp/ros/vector_map_msgs/msg/_package_StopLineArray.lisp
[1.704s] -- Up-to-date: /home/point001/autoware.ai/install/vector_map_msgs/share/common-lisp/ros/vector_map_msgs/msg/StopLineArray.lisp
[1.704s] -- Up-to-date: /home/point001/autoware.ai/install/vector_map_msgs/share/common-lisp/ros/vector_map_msgs/msg/Gutter.lisp
[1.704s] -- Up-to-date: /home/point001/autoware.ai/install/vector_map_msgs/share/common-lisp/ros/vector_map_msgs/msg/UtilityPoleArray.lisp
[1.704s] -- Up-to-date: /home/point001/autoware.ai/install/vector_map_msgs/share/common-lisp/ros/vector_map_msgs/msg/ZebraZoneArray.lisp
[1.705s] -- Up-to-date: /home/point001/autoware.ai/install/vector_map_msgs/share/common-lisp/ros/vector_map_msgs/msg/_package_StreetLightArray.lisp
[1.705s] -- Up-to-date: /home/point001/autoware.ai/install/vector_map_msgs/share/common-lisp/ros/vector_map_msgs/msg/_package_AreaArray.lisp
[1.705s] -- Up-to-date: /home/point001/autoware.ai/install/vector_map_msgs/share/common-lisp/ros/vector_map_msgs/msg/RoadEdge.lisp
[1.705s] -- Up-to-date: /home/point001/autoware.ai/install/vector_map_msgs/share/common-lisp/ros/vector_map_msgs/msg/_package_PointArray.lisp
[1.705s] -- Up-to-date: /home/point001/autoware.ai/install/vector_map_msgs/share/common-lisp/ros/vector_map_msgs/msg/_package_LaneArray.lisp
[1.705s] -- Up-to-date: /home/point001/autoware.ai/install/vector_map_msgs/share/common-lisp/ros/vector_map_msgs/msg/_package_PoleArray.lisp
[1.705s] -- Up-to-date: /home/point001/autoware.ai/install/vector_map_msgs/share/common-lisp/ros/vector_map_msgs/msg/Lane.lisp
[1.705s] -- Up-to-date: /home/point001/autoware.ai/install/vector_map_msgs/share/common-lisp/ros/vector_map_msgs/msg/_package_DriveOnPortion.lisp
[1.705s] -- Up-to-date: /home/point001/autoware.ai/install/vector_map_msgs/share/common-lisp/ros/vector_map_msgs/msg/_package_Signal.lisp
[1.705s] -- Up-to-date: /home/point001/autoware.ai/install/vector_map_msgs/share/common-lisp/ros/vector_map_msgs/msg/Area.lisp
[1.713s] -- Up-to-date: /home/point001/autoware.ai/install/vector_map_msgs/share/common-lisp/ros/vector_map_msgs/msg/RailCrossingArray.lisp
[1.713s] -- Up-to-date: /home/point001/autoware.ai/install/vector_map_msgs/share/common-lisp/ros/vector_map_msgs/msg/_package_LineArray.lisp
[1.713s] -- Up-to-date: /home/point001/autoware.ai/install/vector_map_msgs/share/common-lisp/ros/vector_map_msgs/msg/CurveMirrorArray.lisp
[1.713s] -- Up-to-date: /home/point001/autoware.ai/install/vector_map_msgs/share/common-lisp/ros/vector_map_msgs/msg/ZebraZone.lisp
[1.713s] -- Up-to-date: /home/point001/autoware.ai/install/vector_map_msgs/share/common-lisp/ros/vector_map_msgs/msg/CurveMirror.lisp
[1.714s] -- Up-to-date: /home/point001/autoware.ai/install/vector_map_msgs/share/common-lisp/ros/vector_map_msgs/msg/_package_DTLane.lisp
[1.714s] -- Up-to-date: /home/point001/autoware.ai/install/vector_map_msgs/share/common-lisp/ros/vector_map_msgs/msg/_package_Point.lisp
[1.714s] -- Up-to-date: /home/point001/autoware.ai/install/vector_map_msgs/share/common-lisp/ros/vector_map_msgs/msg/RoadMarkArray.lisp
[1.714s] -- Up-to-date: /home/point001/autoware.ai/install/vector_map_msgs/share/common-lisp/ros/vector_map_msgs/msg/_package_CrossWalk.lisp
[1.714s] -- Up-to-date: /home/point001/autoware.ai/install/vector_map_msgs/share/common-lisp/ros/vector_map_msgs/msg/_package_Area.lisp
[1.714s] -- Up-to-date: /home/point001/autoware.ai/install/vector_map_msgs/share/common-lisp/ros/vector_map_msgs/msg/CrossRoadArray.lisp
[1.714s] -- Up-to-date: /home/point001/autoware.ai/install/vector_map_msgs/share/common-lisp/ros/vector_map_msgs/msg/CurbArray.lisp
[1.715s] -- Up-to-date: /home/point001/autoware.ai/install/vector_map_msgs/share/common-lisp/ros/vector_map_msgs/msg/LineArray.lisp
[1.716s] -- Up-to-date: /home/point001/autoware.ai/install/vector_map_msgs/share/common-lisp/ros/vector_map_msgs/msg/_package_RoadEdge.lisp
[1.717s] -- Up-to-date: /home/point001/autoware.ai/install/vector_map_msgs/share/common-lisp/ros/vector_map_msgs/msg/_package_RoadEdgeArray.lisp
[1.717s] -- Up-to-date: /home/point001/autoware.ai/install/vector_map_msgs/share/common-lisp/ros/vector_map_msgs/msg/StopLine.lisp
[1.717s] -- Up-to-date: /home/point001/autoware.ai/install/vector_map_msgs/share/common-lisp/ros/vector_map_msgs/msg/WayArea.lisp
[1.717s] -- Up-to-date: /home/point001/autoware.ai/install/vector_map_msgs/share/common-lisp/ros/vector_map_msgs/msg/_package_WhiteLineArray.lisp
[1.717s] -- Up-to-date: /home/point001/autoware.ai/install/vector_map_msgs/share/common-lisp/ros/vector_map_msgs/msg/_package_Pole.lisp
[1.718s] -- Up-to-date: /home/point001/autoware.ai/install/vector_map_msgs/share/common-lisp/ros/vector_map_msgs/msg/_package_UtilityPole.lisp
[1.718s] -- Up-to-date: /home/point001/autoware.ai/install/vector_map_msgs/share/common-lisp/ros/vector_map_msgs/msg/RoadEdgeArray.lisp
[1.718s] -- Up-to-date: /home/point001/autoware.ai/install/vector_map_msgs/share/common-lisp/ros/vector_map_msgs/msg/_package_UtilityPoleArray.lisp
[1.718s] -- Up-to-date: /home/point001/autoware.ai/install/vector_map_msgs/share/common-lisp/ros/vector_map_msgs/msg/_package_SideWalk.lisp
[1.718s] -- Up-to-date: /home/point001/autoware.ai/install/vector_map_msgs/share/common-lisp/ros/vector_map_msgs/msg/_package_DTLaneArray.lisp
[1.718s] -- Up-to-date: /home/point001/autoware.ai/install/vector_map_msgs/share/common-lisp/ros/vector_map_msgs/msg/_package_Fence.lisp
[1.718s] -- Up-to-date: /home/point001/autoware.ai/install/vector_map_msgs/share/common-lisp/ros/vector_map_msgs/msg/_package_Box.lisp
[1.718s] -- Up-to-date: /home/point001/autoware.ai/install/vector_map_msgs/share/common-lisp/ros/vector_map_msgs/msg/Line.lisp
[1.718s] -- Up-to-date: /home/point001/autoware.ai/install/vector_map_msgs/share/common-lisp/ros/vector_map_msgs/msg/PoleArray.lisp
[1.718s] -- Up-to-date: /home/point001/autoware.ai/install/vector_map_msgs/share/common-lisp/ros/vector_map_msgs/msg/vector_map_msgs-msg.asd
[1.718s] -- Up-to-date: /home/point001/autoware.ai/install/vector_map_msgs/share/common-lisp/ros/vector_map_msgs/msg/Box.lisp
[1.718s] -- Up-to-date: /home/point001/autoware.ai/install/vector_map_msgs/share/common-lisp/ros/vector_map_msgs/msg/_package_RoadPole.lisp
[1.718s] -- Up-to-date: /home/point001/autoware.ai/install/vector_map_msgs/share/common-lisp/ros/vector_map_msgs/msg/_package_CrossRoad.lisp
[1.719s] -- Up-to-date: /home/point001/autoware.ai/install/vector_map_msgs/share/common-lisp/ros/vector_map_msgs/msg/_package_CrossWalkArray.lisp
[1.719s] -- Up-to-date: /home/point001/autoware.ai/install/vector_map_msgs/share/common-lisp/ros/vector_map_msgs/msg/CrossWalk.lisp
[1.719s] -- Up-to-date: /home/point001/autoware.ai/install/vector_map_msgs/share/common-lisp/ros/vector_map_msgs/msg/Curb.lisp
[1.719s] -- Up-to-date: /home/point001/autoware.ai/install/vector_map_msgs/share/common-lisp/ros/vector_map_msgs/msg/Point.lisp
[1.719s] -- Up-to-date: /home/point001/autoware.ai/install/vector_map_msgs/share/common-lisp/ros/vector_map_msgs/msg/_package.lisp
[1.719s] -- Up-to-date: /home/point001/autoware.ai/install/vector_map_msgs/share/common-lisp/ros/vector_map_msgs/msg/RoadSignArray.lisp
[1.719s] -- Up-to-date: /home/point001/autoware.ai/install/vector_map_msgs/share/common-lisp/ros/vector_map_msgs/msg/_package_RoadSign.lisp
[1.719s] -- Up-to-date: /home/point001/autoware.ai/install/vector_map_msgs/share/common-lisp/ros/vector_map_msgs/msg/SideStrip.lisp
[1.719s] -- Up-to-date: /home/point001/autoware.ai/install/vector_map_msgs/share/common-lisp/ros/vector_map_msgs/msg/_package_Vector.lisp
[1.719s] -- Up-to-date: /home/point001/autoware.ai/install/vector_map_msgs/share/common-lisp/ros/vector_map_msgs/msg/_package_RailCrossing.lisp
[1.719s] -- Up-to-date: /home/point001/autoware.ai/install/vector_map_msgs/share/common-lisp/ros/vector_map_msgs/msg/LaneArray.lisp
[1.719s] -- Up-to-date: /home/point001/autoware.ai/install/vector_map_msgs/share/common-lisp/ros/vector_map_msgs/msg/_package_CurveMirror.lisp
[1.719s] -- Up-to-date: /home/point001/autoware.ai/install/vector_map_msgs/share/common-lisp/ros/vector_map_msgs/msg/SideWalk.lisp
[1.720s] -- Up-to-date: /home/point001/autoware.ai/install/vector_map_msgs/share/common-lisp/ros/vector_map_msgs/msg/_package_CrossRoadArray.lisp
[1.720s] -- Up-to-date: /home/point001/autoware.ai/install/vector_map_msgs/share/common-lisp/ros/vector_map_msgs/msg/_package_Node.lisp
[1.720s] -- Up-to-date: /home/point001/autoware.ai/install/vector_map_msgs/share/common-lisp/ros/vector_map_msgs/msg/_package_Lane.lisp
[1.720s] -- Up-to-date: /home/point001/autoware.ai/install/vector_map_msgs/share/common-lisp/ros/vector_map_msgs/msg/_package_SideStrip.lisp
[1.720s] -- Up-to-date: /home/point001/autoware.ai/install/vector_map_msgs/share/common-lisp/ros/vector_map_msgs/msg/_package_WayArea.lisp
[1.720s] -- Up-to-date: /home/point001/autoware.ai/install/vector_map_msgs/share/common-lisp/ros/vector_map_msgs/msg/_package_StopLine.lisp
[1.720s] -- Up-to-date: /home/point001/autoware.ai/install/vector_map_msgs/share/common-lisp/ros/vector_map_msgs/msg/_package_GuardRail.lisp
[1.720s] -- Up-to-date: /home/point001/autoware.ai/install/vector_map_msgs/share/common-lisp/ros/vector_map_msgs/msg/WhiteLineArray.lisp
[1.720s] -- Up-to-date: /home/point001/autoware.ai/install/vector_map_msgs/share/common-lisp/ros/vector_map_msgs/msg/GutterArray.lisp
[1.720s] -- Up-to-date: /home/point001/autoware.ai/install/vector_map_msgs/share/common-lisp/ros/vector_map_msgs/msg/RoadMark.lisp
[1.720s] -- Up-to-date: /home/point001/autoware.ai/install/vector_map_msgs/share/common-lisp/ros/vector_map_msgs/msg/BoxArray.lisp
[1.720s] -- Up-to-date: /home/point001/autoware.ai/install/vector_map_msgs/share/common-lisp/ros/vector_map_msgs/msg/_package_GutterArray.lisp
[1.720s] -- Up-to-date: /home/point001/autoware.ai/install/vector_map_msgs/share/common-lisp/ros/vector_map_msgs/msg/_package_VectorArray.lisp
[1.720s] -- Up-to-date: /home/point001/autoware.ai/install/vector_map_msgs/share/common-lisp/ros/vector_map_msgs/msg/_package_RoadSignArray.lisp
[1.721s] -- Up-to-date: /home/point001/autoware.ai/install/vector_map_msgs/share/common-lisp/ros/vector_map_msgs/msg/_package_BoxArray.lisp
[1.721s] -- Up-to-date: /home/point001/autoware.ai/install/vector_map_msgs/share/common-lisp/ros/vector_map_msgs/msg/_package_CurbArray.lisp
[1.721s] -- Up-to-date: /home/point001/autoware.ai/install/vector_map_msgs/share/common-lisp/ros/vector_map_msgs/msg/WallArray.lisp
[1.721s] -- Up-to-date: /home/point001/autoware.ai/install/vector_map_msgs/share/common-lisp/ros/vector_map_msgs/msg/Pole.lisp
[1.721s] -- Up-to-date: /home/point001/autoware.ai/install/vector_map_msgs/share/common-lisp/ros/vector_map_msgs/msg/_package_SideWalkArray.lisp
[1.721s] -- Up-to-date: /home/point001/autoware.ai/install/vector_map_msgs/share/common-lisp/ros/vector_map_msgs/msg/DTLaneArray.lisp
[1.721s] -- Up-to-date: /home/point001/autoware.ai/install/vector_map_msgs/share/common-lisp/ros/vector_map_msgs/msg/_package_WallArray.lisp
[1.721s] -- Up-to-date: /home/point001/autoware.ai/install/vector_map_msgs/share/common-lisp/ros/vector_map_msgs/msg/AreaArray.lisp
[1.721s] -- Up-to-date: /home/point001/autoware.ai/install/vector_map_msgs/share/common-lisp/ros/vector_map_msgs/msg/_package_WayAreaArray.lisp
[1.721s] -- Up-to-date: /home/point001/autoware.ai/install/vector_map_msgs/share/common-lisp/ros/vector_map_msgs/msg/_package_ZebraZone.lisp
[1.722s] -- Up-to-date: /home/point001/autoware.ai/install/vector_map_msgs/share/common-lisp/ros/vector_map_msgs/msg/DTLane.lisp
[1.722s] -- Up-to-date: /home/point001/autoware.ai/install/vector_map_msgs/share/common-lisp/ros/vector_map_msgs/msg/_package_GuardRailArray.lisp
[1.722s] -- Up-to-date: /home/point001/autoware.ai/install/vector_map_msgs/share/common-lisp/ros/vector_map_msgs/msg/_package_RoadPoleArray.lisp
[1.722s] -- Up-to-date: /home/point001/autoware.ai/install/vector_map_msgs/share/common-lisp/ros/vector_map_msgs/msg/RailCrossing.lisp
[1.723s] -- Up-to-date: /home/point001/autoware.ai/install/vector_map_msgs/share/common-lisp/ros/vector_map_msgs/msg/VectorArray.lisp
[1.723s] -- Up-to-date: /home/point001/autoware.ai/install/vector_map_msgs/share/common-lisp/ros/vector_map_msgs/msg/StreetLightArray.lisp
[1.725s] -- Up-to-date: /home/point001/autoware.ai/install/vector_map_msgs/share/common-lisp/ros/vector_map_msgs/msg/Wall.lisp
[1.725s] -- Up-to-date: /home/point001/autoware.ai/install/vector_map_msgs/share/common-lisp/ros/vector_map_msgs/msg/DriveOnPortion.lisp
[1.726s] -- Up-to-date: /home/point001/autoware.ai/install/vector_map_msgs/share/common-lisp/ros/vector_map_msgs/msg/NodeArray.lisp
[1.726s] -- Up-to-date: /home/point001/autoware.ai/install/vector_map_msgs/share/common-lisp/ros/vector_map_msgs/msg/_package_RoadMarkArray.lisp
[1.726s] -- Up-to-date: /home/point001/autoware.ai/install/vector_map_msgs/share/common-lisp/ros/vector_map_msgs/msg/PointArray.lisp
[1.726s] -- Up-to-date: /home/point001/autoware.ai/install/vector_map_msgs/share/common-lisp/ros/vector_map_msgs/msg/CrossRoad.lisp
[1.726s] -- Up-to-date: /home/point001/autoware.ai/install/vector_map_msgs/share/common-lisp/ros/vector_map_msgs/msg/CrossWalkArray.lisp
[1.726s] -- Up-to-date: /home/point001/autoware.ai/install/vector_map_msgs/share/common-lisp/ros/vector_map_msgs/msg/_package_Line.lisp
[1.726s] -- Up-to-date: /home/point001/autoware.ai/install/vector_map_msgs/share/common-lisp/ros/vector_map_msgs/msg/_package_SignalArray.lisp
[1.726s] -- Up-to-date: /home/point001/autoware.ai/install/vector_map_msgs/share/common-lisp/ros/vector_map_msgs/msg/Signal.lisp
[1.726s] -- Up-to-date: /home/point001/autoware.ai/install/vector_map_msgs/share/common-lisp/ros/vector_map_msgs/msg/_package_ZebraZoneArray.lisp
[1.726s] -- Up-to-date: /home/point001/autoware.ai/install/vector_map_msgs/share/common-lisp/ros/vector_map_msgs/msg/_package_RoadMark.lisp
[1.727s] -- Up-to-date: /home/point001/autoware.ai/install/vector_map_msgs/share/common-lisp/ros/vector_map_msgs/msg/FenceArray.lisp
[1.727s] -- Up-to-date: /home/point001/autoware.ai/install/vector_map_msgs/share/common-lisp/ros/vector_map_msgs/msg/_package_DriveOnPortionArray.lisp
[1.727s] -- Up-to-date: /home/point001/autoware.ai/install/vector_map_msgs/share/common-lisp/ros/vector_map_msgs/msg/RoadPole.lisp
[1.727s] -- Up-to-date: /home/point001/autoware.ai/install/vector_map_msgs/share/common-lisp/ros/vector_map_msgs/msg/SideStripArray.lisp
[1.727s] -- Up-to-date: /home/point001/autoware.ai/install/vector_map_msgs/share/common-lisp/ros/vector_map_msgs/msg/_package_CurveMirrorArray.lisp
[1.727s] -- Up-to-date: /home/point001/autoware.ai/install/vector_map_msgs/share/common-lisp/ros/vector_map_msgs/msg/_package_SideStripArray.lisp
[1.727s] -- Up-to-date: /home/point001/autoware.ai/install/vector_map_msgs/share/common-lisp/ros/vector_map_msgs/msg/_package_NodeArray.lisp
[1.727s] -- Up-to-date: /home/point001/autoware.ai/install/vector_map_msgs/share/common-lisp/ros/vector_map_msgs/msg/WayAreaArray.lisp
[1.727s] -- Up-to-date: /home/point001/autoware.ai/install/vector_map_msgs/share/common-lisp/ros/vector_map_msgs/msg/SignalArray.lisp
[1.727s] -- Up-to-date: /home/point001/autoware.ai/install/vector_map_msgs/share/common-lisp/ros/vector_map_msgs/msg/_package_FenceArray.lisp
[1.727s] -- Up-to-date: /home/point001/autoware.ai/install/vector_map_msgs/share/common-lisp/ros/vector_map_msgs/msg/SideWalkArray.lisp
[1.728s] -- Up-to-date: /home/point001/autoware.ai/install/vector_map_msgs/share/common-lisp/ros/vector_map_msgs/msg/RoadSign.lisp
[1.728s] -- Up-to-date: /home/point001/autoware.ai/install/vector_map_msgs/share/common-lisp/ros/vector_map_msgs/msg/RoadPoleArray.lisp
[1.728s] -- Up-to-date: /home/point001/autoware.ai/install/vector_map_msgs/share/common-lisp/ros/vector_map_msgs/msg/GuardRailArray.lisp
[1.728s] -- Up-to-date: /home/point001/autoware.ai/install/vector_map_msgs/share/common-lisp/ros/vector_map_msgs/msg/_package_Wall.lisp
[1.728s] -- Up-to-date: /home/point001/autoware.ai/install/vector_map_msgs/share/common-lisp/ros/vector_map_msgs/msg/_package_WhiteLine.lisp
[1.728s] -- Up-to-date: /home/point001/autoware.ai/install/vector_map_msgs/share/common-lisp/ros/vector_map_msgs/msg/WhiteLine.lisp
[1.728s] -- Up-to-date: /home/point001/autoware.ai/install/vector_map_msgs/share/common-lisp/ros/vector_map_msgs/msg/DriveOnPortionArray.lisp
[1.728s] -- Up-to-date: /home/point001/autoware.ai/install/vector_map_msgs/share/common-lisp/ros/vector_map_msgs/msg/_package_Gutter.lisp
[1.728s] -- Up-to-date: /home/point001/autoware.ai/install/vector_map_msgs/share/common-lisp/ros/vector_map_msgs/msg/Node.lisp
[1.729s] -- Up-to-date: /home/point001/autoware.ai/install/vector_map_msgs/share/gennodejs/ros/vector_map_msgs
[1.729s] -- Up-to-date: /home/point001/autoware.ai/install/vector_map_msgs/share/gennodejs/ros/vector_map_msgs/_index.js
[1.729s] -- Up-to-date: /home/point001/autoware.ai/install/vector_map_msgs/share/gennodejs/ros/vector_map_msgs/msg
[1.729s] -- Up-to-date: /home/point001/autoware.ai/install/vector_map_msgs/share/gennodejs/ros/vector_map_msgs/msg/WayArea.js
[1.729s] -- Up-to-date: /home/point001/autoware.ai/install/vector_map_msgs/share/gennodejs/ros/vector_map_msgs/msg/PoleArray.js
[1.729s] -- Up-to-date: /home/point001/autoware.ai/install/vector_map_msgs/share/gennodejs/ros/vector_map_msgs/msg/UtilityPole.js
[1.729s] -- Up-to-date: /home/point001/autoware.ai/install/vector_map_msgs/share/gennodejs/ros/vector_map_msgs/msg/Curb.js
[1.729s] -- Up-to-date: /home/point001/autoware.ai/install/vector_map_msgs/share/gennodejs/ros/vector_map_msgs/msg/RoadPole.js
[1.729s] -- Up-to-date: /home/point001/autoware.ai/install/vector_map_msgs/share/gennodejs/ros/vector_map_msgs/msg/ZebraZone.js
[1.729s] -- Up-to-date: /home/point001/autoware.ai/install/vector_map_msgs/share/gennodejs/ros/vector_map_msgs/msg/Pole.js
[1.729s] -- Up-to-date: /home/point001/autoware.ai/install/vector_map_msgs/share/gennodejs/ros/vector_map_msgs/msg/StreetLight.js
[1.729s] -- Up-to-date: /home/point001/autoware.ai/install/vector_map_msgs/share/gennodejs/ros/vector_map_msgs/msg/CurveMirrorArray.js
[1.730s] -- Up-to-date: /home/point001/autoware.ai/install/vector_map_msgs/share/gennodejs/ros/vector_map_msgs/msg/SignalArray.js
[1.730s] -- Up-to-date: /home/point001/autoware.ai/install/vector_map_msgs/share/gennodejs/ros/vector_map_msgs/msg/Area.js
[1.730s] -- Up-to-date: /home/point001/autoware.ai/install/vector_map_msgs/share/gennodejs/ros/vector_map_msgs/msg/CrossWalkArray.js
[1.730s] -- Up-to-date: /home/point001/autoware.ai/install/vector_map_msgs/share/gennodejs/ros/vector_map_msgs/msg/DriveOnPortionArray.js
[1.730s] -- Up-to-date: /home/point001/autoware.ai/install/vector_map_msgs/share/gennodejs/ros/vector_map_msgs/msg/Wall.js
[1.730s] -- Up-to-date: /home/point001/autoware.ai/install/vector_map_msgs/share/gennodejs/ros/vector_map_msgs/msg/CrossWalk.js
[1.730s] -- Up-to-date: /home/point001/autoware.ai/install/vector_map_msgs/share/gennodejs/ros/vector_map_msgs/msg/_index.js
[1.730s] -- Up-to-date: /home/point001/autoware.ai/install/vector_map_msgs/share/gennodejs/ros/vector_map_msgs/msg/RoadSign.js
[1.730s] -- Up-to-date: /home/point001/autoware.ai/install/vector_map_msgs/share/gennodejs/ros/vector_map_msgs/msg/DTLane.js
[1.730s] -- Up-to-date: /home/point001/autoware.ai/install/vector_map_msgs/share/gennodejs/ros/vector_map_msgs/msg/StreetLightArray.js
[1.730s] -- Up-to-date: /home/point001/autoware.ai/install/vector_map_msgs/share/gennodejs/ros/vector_map_msgs/msg/PointArray.js
[1.731s] -- Up-to-date: /home/point001/autoware.ai/install/vector_map_msgs/share/gennodejs/ros/vector_map_msgs/msg/WhiteLine.js
[1.731s] -- Up-to-date: /home/point001/autoware.ai/install/vector_map_msgs/share/gennodejs/ros/vector_map_msgs/msg/RoadPoleArray.js
[1.731s] -- Up-to-date: /home/point001/autoware.ai/install/vector_map_msgs/share/gennodejs/ros/vector_map_msgs/msg/SideStrip.js
[1.731s] -- Up-to-date: /home/point001/autoware.ai/install/vector_map_msgs/share/gennodejs/ros/vector_map_msgs/msg/CrossRoad.js
[1.731s] -- Up-to-date: /home/point001/autoware.ai/install/vector_map_msgs/share/gennodejs/ros/vector_map_msgs/msg/WallArray.js
[1.731s] -- Up-to-date: /home/point001/autoware.ai/install/vector_map_msgs/share/gennodejs/ros/vector_map_msgs/msg/RoadMark.js
[1.731s] -- Up-to-date: /home/point001/autoware.ai/install/vector_map_msgs/share/gennodejs/ros/vector_map_msgs/msg/NodeArray.js
[1.732s] -- Up-to-date: /home/point001/autoware.ai/install/vector_map_msgs/share/gennodejs/ros/vector_map_msgs/msg/BoxArray.js
[1.732s] -- Up-to-date: /home/point001/autoware.ai/install/vector_map_msgs/share/gennodejs/ros/vector_map_msgs/msg/GuardRail.js
[1.732s] -- Up-to-date: /home/point001/autoware.ai/install/vector_map_msgs/share/gennodejs/ros/vector_map_msgs/msg/Box.js
[1.732s] -- Up-to-date: /home/point001/autoware.ai/install/vector_map_msgs/share/gennodejs/ros/vector_map_msgs/msg/DriveOnPortion.js
[1.734s] -- Up-to-date: /home/point001/autoware.ai/install/vector_map_msgs/share/gennodejs/ros/vector_map_msgs/msg/GuardRailArray.js
[1.734s] -- Up-to-date: /home/point001/autoware.ai/install/vector_map_msgs/share/gennodejs/ros/vector_map_msgs/msg/Lane.js
[1.735s] -- Up-to-date: /home/point001/autoware.ai/install/vector_map_msgs/share/gennodejs/ros/vector_map_msgs/msg/RailCrossing.js
[1.735s] -- Up-to-date: /home/point001/autoware.ai/install/vector_map_msgs/share/gennodejs/ros/vector_map_msgs/msg/Vector.js
[1.735s] -- Up-to-date: /home/point001/autoware.ai/install/vector_map_msgs/share/gennodejs/ros/vector_map_msgs/msg/WayAreaArray.js
[1.735s] -- Up-to-date: /home/point001/autoware.ai/install/vector_map_msgs/share/gennodejs/ros/vector_map_msgs/msg/SideStripArray.js
[1.735s] -- Up-to-date: /home/point001/autoware.ai/install/vector_map_msgs/share/gennodejs/ros/vector_map_msgs/msg/Node.js
[1.736s] -- Up-to-date: /home/point001/autoware.ai/install/vector_map_msgs/share/gennodejs/ros/vector_map_msgs/msg/RoadEdgeArray.js
[1.736s] -- Up-to-date: /home/point001/autoware.ai/install/vector_map_msgs/share/gennodejs/ros/vector_map_msgs/msg/StopLineArray.js
[1.736s] -- Up-to-date: /home/point001/autoware.ai/install/vector_map_msgs/share/gennodejs/ros/vector_map_msgs/msg/UtilityPoleArray.js
[1.736s] -- Up-to-date: /home/point001/autoware.ai/install/vector_map_msgs/share/gennodejs/ros/vector_map_msgs/msg/CrossRoadArray.js
[1.736s] -- Up-to-date: /home/point001/autoware.ai/install/vector_map_msgs/share/gennodejs/ros/vector_map_msgs/msg/DTLaneArray.js
[1.736s] -- Up-to-date: /home/point001/autoware.ai/install/vector_map_msgs/share/gennodejs/ros/vector_map_msgs/msg/WhiteLineArray.js
[1.736s] -- Up-to-date: /home/point001/autoware.ai/install/vector_map_msgs/share/gennodejs/ros/vector_map_msgs/msg/AreaArray.js
[1.736s] -- Up-to-date: /home/point001/autoware.ai/install/vector_map_msgs/share/gennodejs/ros/vector_map_msgs/msg/Fence.js
[1.736s] -- Up-to-date: /home/point001/autoware.ai/install/vector_map_msgs/share/gennodejs/ros/vector_map_msgs/msg/LaneArray.js
[1.736s] -- Up-to-date: /home/point001/autoware.ai/install/vector_map_msgs/share/gennodejs/ros/vector_map_msgs/msg/RoadEdge.js
[1.736s] -- Up-to-date: /home/point001/autoware.ai/install/vector_map_msgs/share/gennodejs/ros/vector_map_msgs/msg/LineArray.js
[1.736s] -- Up-to-date: /home/point001/autoware.ai/install/vector_map_msgs/share/gennodejs/ros/vector_map_msgs/msg/RoadSignArray.js
[1.736s] -- Up-to-date: /home/point001/autoware.ai/install/vector_map_msgs/share/gennodejs/ros/vector_map_msgs/msg/CurbArray.js
[1.737s] -- Up-to-date: /home/point001/autoware.ai/install/vector_map_msgs/share/gennodejs/ros/vector_map_msgs/msg/Signal.js
[1.737s] -- Up-to-date: /home/point001/autoware.ai/install/vector_map_msgs/share/gennodejs/ros/vector_map_msgs/msg/Line.js
[1.737s] -- Up-to-date: /home/point001/autoware.ai/install/vector_map_msgs/share/gennodejs/ros/vector_map_msgs/msg/SideWalkArray.js
[1.737s] -- Up-to-date: /home/point001/autoware.ai/install/vector_map_msgs/share/gennodejs/ros/vector_map_msgs/msg/RoadMarkArray.js
[1.737s] -- Up-to-date: /home/point001/autoware.ai/install/vector_map_msgs/share/gennodejs/ros/vector_map_msgs/msg/VectorArray.js
[1.737s] -- Up-to-date: /home/point001/autoware.ai/install/vector_map_msgs/share/gennodejs/ros/vector_map_msgs/msg/ZebraZoneArray.js
[1.739s] -- Up-to-date: /home/point001/autoware.ai/install/vector_map_msgs/share/gennodejs/ros/vector_map_msgs/msg/GutterArray.js
[1.740s] -- Up-to-date: /home/point001/autoware.ai/install/vector_map_msgs/share/gennodejs/ros/vector_map_msgs/msg/StopLine.js
[1.740s] -- Up-to-date: /home/point001/autoware.ai/install/vector_map_msgs/share/gennodejs/ros/vector_map_msgs/msg/SideWalk.js
[1.740s] -- Up-to-date: /home/point001/autoware.ai/install/vector_map_msgs/share/gennodejs/ros/vector_map_msgs/msg/RailCrossingArray.js
[1.740s] -- Up-to-date: /home/point001/autoware.ai/install/vector_map_msgs/share/gennodejs/ros/vector_map_msgs/msg/CurveMirror.js
[1.741s] -- Up-to-date: /home/point001/autoware.ai/install/vector_map_msgs/share/gennodejs/ros/vector_map_msgs/msg/Gutter.js
[1.741s] -- Up-to-date: /home/point001/autoware.ai/install/vector_map_msgs/share/gennodejs/ros/vector_map_msgs/msg/FenceArray.js
[1.741s] -- Up-to-date: /home/point001/autoware.ai/install/vector_map_msgs/share/gennodejs/ros/vector_map_msgs/msg/Point.js
[1.742s] Listing /home/point001/autoware.ai/build/vector_map_msgs/devel/lib/python2.7/dist-packages/vector_map_msgs ...
[1.742s] Listing /home/point001/autoware.ai/build/vector_map_msgs/devel/lib/python2.7/dist-packages/vector_map_msgs/msg ...
[1.742s] -- Up-to-date: /home/point001/autoware.ai/install/vector_map_msgs/lib/python2.7/dist-packages/vector_map_msgs
[1.742s] -- Up-to-date: /home/point001/autoware.ai/install/vector_map_msgs/lib/python2.7/dist-packages/vector_map_msgs/msg
[1.743s] -- Up-to-date: /home/point001/autoware.ai/install/vector_map_msgs/lib/python2.7/dist-packages/vector_map_msgs/msg/_StopLineArray.py
[1.743s] -- Up-to-date: /home/point001/autoware.ai/install/vector_map_msgs/lib/python2.7/dist-packages/vector_map_msgs/msg/_SideStrip.pyc
[1.743s] -- Up-to-date: /home/point001/autoware.ai/install/vector_map_msgs/lib/python2.7/dist-packages/vector_map_msgs/msg/_ZebraZoneArray.py
[1.743s] -- Up-to-date: /home/point001/autoware.ai/install/vector_map_msgs/lib/python2.7/dist-packages/vector_map_msgs/msg/_GutterArray.py
[1.743s] -- Up-to-date: /home/point001/autoware.ai/install/vector_map_msgs/lib/python2.7/dist-packages/vector_map_msgs/msg/_DriveOnPortionArray.py
[1.743s] -- Up-to-date: /home/point001/autoware.ai/install/vector_map_msgs/lib/python2.7/dist-packages/vector_map_msgs/msg/_Area.py
[1.743s] -- Up-to-date: /home/point001/autoware.ai/install/vector_map_msgs/lib/python2.7/dist-packages/vector_map_msgs/msg/_UtilityPoleArray.pyc
[1.744s] -- Up-to-date: /home/point001/autoware.ai/install/vector_map_msgs/lib/python2.7/dist-packages/vector_map_msgs/msg/_FenceArray.pyc
[1.744s] -- Up-to-date: /home/point001/autoware.ai/install/vector_map_msgs/lib/python2.7/dist-packages/vector_map_msgs/msg/_Fence.pyc
[1.744s] -- Up-to-date: /home/point001/autoware.ai/install/vector_map_msgs/lib/python2.7/dist-packages/vector_map_msgs/msg/_SideWalkArray.py
[1.744s] -- Up-to-date: /home/point001/autoware.ai/install/vector_map_msgs/lib/python2.7/dist-packages/vector_map_msgs/msg/_ZebraZone.pyc
[1.744s] -- Up-to-date: /home/point001/autoware.ai/install/vector_map_msgs/lib/python2.7/dist-packages/vector_map_msgs/msg/_BoxArray.pyc
[1.744s] -- Up-to-date: /home/point001/autoware.ai/install/vector_map_msgs/lib/python2.7/dist-packages/vector_map_msgs/msg/_WayArea.pyc
[1.745s] -- Up-to-date: /home/point001/autoware.ai/install/vector_map_msgs/lib/python2.7/dist-packages/vector_map_msgs/msg/_RoadMarkArray.pyc
[1.745s] -- Up-to-date: /home/point001/autoware.ai/install/vector_map_msgs/lib/python2.7/dist-packages/vector_map_msgs/msg/_Curb.py
[1.745s] -- Up-to-date: /home/point001/autoware.ai/install/vector_map_msgs/lib/python2.7/dist-packages/vector_map_msgs/msg/_DTLane.pyc
[1.745s] -- Up-to-date: /home/point001/autoware.ai/install/vector_map_msgs/lib/python2.7/dist-packages/vector_map_msgs/msg/_Point.py
[1.745s] -- Up-to-date: /home/point001/autoware.ai/install/vector_map_msgs/lib/python2.7/dist-packages/vector_map_msgs/msg/_DriveOnPortion.pyc
[1.745s] -- Up-to-date: /home/point001/autoware.ai/install/vector_map_msgs/lib/python2.7/dist-packages/vector_map_msgs/msg/_Pole.pyc
[1.745s] -- Up-to-date: /home/point001/autoware.ai/install/vector_map_msgs/lib/python2.7/dist-packages/vector_map_msgs/msg/_Vector.py
[1.745s] -- Up-to-date: /home/point001/autoware.ai/install/vector_map_msgs/lib/python2.7/dist-packages/vector_map_msgs/msg/_SideStrip.py
[1.746s] -- Up-to-date: /home/point001/autoware.ai/install/vector_map_msgs/lib/python2.7/dist-packages/vector_map_msgs/msg/_RoadEdge.py
[1.746s] -- Up-to-date: /home/point001/autoware.ai/install/vector_map_msgs/lib/python2.7/dist-packages/vector_map_msgs/msg/_DTLaneArray.pyc
[1.746s] -- Up-to-date: /home/point001/autoware.ai/install/vector_map_msgs/lib/python2.7/dist-packages/vector_map_msgs/msg/_DriveOnPortion.py
[1.746s] -- Up-to-date: /home/point001/autoware.ai/install/vector_map_msgs/lib/python2.7/dist-packages/vector_map_msgs/msg/_RoadMarkArray.py
[1.746s] -- Up-to-date: /home/point001/autoware.ai/install/vector_map_msgs/lib/python2.7/dist-packages/vector_map_msgs/msg/_CurbArray.py
[1.746s] -- Up-to-date: /home/point001/autoware.ai/install/vector_map_msgs/lib/python2.7/dist-packages/vector_map_msgs/msg/_GuardRail.py
[1.746s] -- Up-to-date: /home/point001/autoware.ai/install/vector_map_msgs/lib/python2.7/dist-packages/vector_map_msgs/msg/_RoadEdgeArray.py
[1.746s] -- Up-to-date: /home/point001/autoware.ai/install/vector_map_msgs/lib/python2.7/dist-packages/vector_map_msgs/msg/_CrossRoad.py
[1.746s] -- Up-to-date: /home/point001/autoware.ai/install/vector_map_msgs/lib/python2.7/dist-packages/vector_map_msgs/msg/_Area.pyc
[1.746s] -- Up-to-date: /home/point001/autoware.ai/install/vector_map_msgs/lib/python2.7/dist-packages/vector_map_msgs/msg/_RailCrossing.py
[1.746s] -- Up-to-date: /home/point001/autoware.ai/install/vector_map_msgs/lib/python2.7/dist-packages/vector_map_msgs/msg/_CrossRoadArray.py
[1.747s] -- Up-to-date: /home/point001/autoware.ai/install/vector_map_msgs/lib/python2.7/dist-packages/vector_map_msgs/msg/_SideStripArray.pyc
[1.747s] -- Up-to-date: /home/point001/autoware.ai/install/vector_map_msgs/lib/python2.7/dist-packages/vector_map_msgs/msg/_StreetLight.py
[1.747s] -- Up-to-date: /home/point001/autoware.ai/install/vector_map_msgs/lib/python2.7/dist-packages/vector_map_msgs/msg/_RailCrossing.pyc
[1.747s] -- Up-to-date: /home/point001/autoware.ai/install/vector_map_msgs/lib/python2.7/dist-packages/vector_map_msgs/msg/_Line.pyc
[1.747s] -- Up-to-date: /home/point001/autoware.ai/install/vector_map_msgs/lib/python2.7/dist-packages/vector_map_msgs/msg/_WhiteLineArray.py
[1.747s] -- Up-to-date: /home/point001/autoware.ai/install/vector_map_msgs/lib/python2.7/dist-packages/vector_map_msgs/msg/_Gutter.py
[1.747s] -- Up-to-date: /home/point001/autoware.ai/install/vector_map_msgs/lib/python2.7/dist-packages/vector_map_msgs/msg/_CurveMirror.pyc
[1.747s] -- Up-to-date: /home/point001/autoware.ai/install/vector_map_msgs/lib/python2.7/dist-packages/vector_map_msgs/msg/_RailCrossingArray.pyc
[1.747s] -- Up-to-date: /home/point001/autoware.ai/install/vector_map_msgs/lib/python2.7/dist-packages/vector_map_msgs/msg/_SideStripArray.py
[1.747s] -- Up-to-date: /home/point001/autoware.ai/install/vector_map_msgs/lib/python2.7/dist-packages/vector_map_msgs/msg/_RoadPole.py
[1.747s] -- Up-to-date: /home/point001/autoware.ai/install/vector_map_msgs/lib/python2.7/dist-packages/vector_map_msgs/msg/_RoadSign.py
[1.747s] -- Up-to-date: /home/point001/autoware.ai/install/vector_map_msgs/lib/python2.7/dist-packages/vector_map_msgs/msg/_ZebraZone.py
[1.748s] -- Up-to-date: /home/point001/autoware.ai/install/vector_map_msgs/lib/python2.7/dist-packages/vector_map_msgs/msg/_RoadPoleArray.py
[1.748s] -- Up-to-date: /home/point001/autoware.ai/install/vector_map_msgs/lib/python2.7/dist-packages/vector_map_msgs/msg/_Node.pyc
[1.748s] -- Up-to-date: /home/point001/autoware.ai/install/vector_map_msgs/lib/python2.7/dist-packages/vector_map_msgs/msg/_StreetLight.pyc
[1.748s] -- Up-to-date: /home/point001/autoware.ai/install/vector_map_msgs/lib/python2.7/dist-packages/vector_map_msgs/msg/_RoadMark.py
[1.748s] -- Up-to-date: /home/point001/autoware.ai/install/vector_map_msgs/lib/python2.7/dist-packages/vector_map_msgs/msg/_RoadEdgeArray.pyc
[1.748s] -- Up-to-date: /home/point001/autoware.ai/install/vector_map_msgs/lib/python2.7/dist-packages/vector_map_msgs/msg/_Box.pyc
[1.748s] -- Up-to-date: /home/point001/autoware.ai/install/vector_map_msgs/lib/python2.7/dist-packages/vector_map_msgs/msg/_Line.py
[1.748s] -- Up-to-date: /home/point001/autoware.ai/install/vector_map_msgs/lib/python2.7/dist-packages/vector_map_msgs/msg/_SignalArray.pyc
[1.748s] -- Up-to-date: /home/point001/autoware.ai/install/vector_map_msgs/lib/python2.7/dist-packages/vector_map_msgs/msg/_LineArray.py
[1.748s] -- Up-to-date: /home/point001/autoware.ai/install/vector_map_msgs/lib/python2.7/dist-packages/vector_map_msgs/msg/__init__.py
[1.748s] -- Up-to-date: /home/point001/autoware.ai/install/vector_map_msgs/lib/python2.7/dist-packages/vector_map_msgs/msg/_NodeArray.pyc
[1.748s] -- Up-to-date: /home/point001/autoware.ai/install/vector_map_msgs/lib/python2.7/dist-packages/vector_map_msgs/msg/_Point.pyc
[1.749s] -- Up-to-date: /home/point001/autoware.ai/install/vector_map_msgs/lib/python2.7/dist-packages/vector_map_msgs/msg/_CurveMirror.py
[1.749s] -- Up-to-date: /home/point001/autoware.ai/install/vector_map_msgs/lib/python2.7/dist-packages/vector_map_msgs/msg/_Box.py
[1.749s] -- Up-to-date: /home/point001/autoware.ai/install/vector_map_msgs/lib/python2.7/dist-packages/vector_map_msgs/msg/_WallArray.py
[1.749s] -- Up-to-date: /home/point001/autoware.ai/install/vector_map_msgs/lib/python2.7/dist-packages/vector_map_msgs/msg/_DTLane.py
[1.749s] -- Up-to-date: /home/point001/autoware.ai/install/vector_map_msgs/lib/python2.7/dist-packages/vector_map_msgs/msg/_Fence.py
[1.749s] -- Up-to-date: /home/point001/autoware.ai/install/vector_map_msgs/lib/python2.7/dist-packages/vector_map_msgs/msg/_AreaArray.py
[1.749s] -- Up-to-date: /home/point001/autoware.ai/install/vector_map_msgs/lib/python2.7/dist-packages/vector_map_msgs/msg/_VectorArray.pyc
[1.749s] -- Up-to-date: /home/point001/autoware.ai/install/vector_map_msgs/lib/python2.7/dist-packages/vector_map_msgs/msg/_StreetLightArray.py
[1.749s] -- Up-to-date: /home/point001/autoware.ai/install/vector_map_msgs/lib/python2.7/dist-packages/vector_map_msgs/msg/_LineArray.pyc
[1.749s] -- Up-to-date: /home/point001/autoware.ai/install/vector_map_msgs/lib/python2.7/dist-packages/vector_map_msgs/msg/_Vector.pyc
[1.750s] -- Up-to-date: /home/point001/autoware.ai/install/vector_map_msgs/lib/python2.7/dist-packages/vector_map_msgs/msg/_DriveOnPortionArray.pyc
[1.750s] -- Up-to-date: /home/point001/autoware.ai/install/vector_map_msgs/lib/python2.7/dist-packages/vector_map_msgs/msg/_ZebraZoneArray.pyc
[1.750s] -- Up-to-date: /home/point001/autoware.ai/install/vector_map_msgs/lib/python2.7/dist-packages/vector_map_msgs/msg/_PointArray.pyc
[1.750s] -- Up-to-date: /home/point001/autoware.ai/install/vector_map_msgs/lib/python2.7/dist-packages/vector_map_msgs/msg/_CrossWalk.pyc
[1.751s] -- Up-to-date: /home/point001/autoware.ai/install/vector_map_msgs/lib/python2.7/dist-packages/vector_map_msgs/msg/_CrossRoad.pyc
[1.754s] -- Up-to-date: /home/point001/autoware.ai/install/vector_map_msgs/lib/python2.7/dist-packages/vector_map_msgs/msg/_Pole.py
[1.755s] -- Up-to-date: /home/point001/autoware.ai/install/vector_map_msgs/lib/python2.7/dist-packages/vector_map_msgs/msg/_Gutter.pyc
[1.755s] -- Up-to-date: /home/point001/autoware.ai/install/vector_map_msgs/lib/python2.7/dist-packages/vector_map_msgs/msg/_VectorArray.py
[1.755s] -- Up-to-date: /home/point001/autoware.ai/install/vector_map_msgs/lib/python2.7/dist-packages/vector_map_msgs/msg/_LaneArray.py
[1.755s] -- Up-to-date: /home/point001/autoware.ai/install/vector_map_msgs/lib/python2.7/dist-packages/vector_map_msgs/msg/_CrossWalk.py
[1.755s] -- Up-to-date: /home/point001/autoware.ai/install/vector_map_msgs/lib/python2.7/dist-packages/vector_map_msgs/msg/_LaneArray.pyc
[1.755s] -- Up-to-date: /home/point001/autoware.ai/install/vector_map_msgs/lib/python2.7/dist-packages/vector_map_msgs/msg/_BoxArray.py
[1.755s] -- Up-to-date: /home/point001/autoware.ai/install/vector_map_msgs/lib/python2.7/dist-packages/vector_map_msgs/msg/_CrossWalkArray.pyc
[1.756s] -- Up-to-date: /home/point001/autoware.ai/install/vector_map_msgs/lib/python2.7/dist-packages/vector_map_msgs/msg/_StopLine.py
[1.756s] -- Up-to-date: /home/point001/autoware.ai/install/vector_map_msgs/lib/python2.7/dist-packages/vector_map_msgs/msg/_PointArray.py
[1.756s] -- Up-to-date: /home/point001/autoware.ai/install/vector_map_msgs/lib/python2.7/dist-packages/vector_map_msgs/msg/_SideWalk.pyc
[1.756s] -- Up-to-date: /home/point001/autoware.ai/install/vector_map_msgs/lib/python2.7/dist-packages/vector_map_msgs/msg/_CrossRoadArray.pyc
[1.756s] -- Up-to-date: /home/point001/autoware.ai/install/vector_map_msgs/lib/python2.7/dist-packages/vector_map_msgs/msg/_UtilityPole.pyc
[1.756s] -- Up-to-date: /home/point001/autoware.ai/install/vector_map_msgs/lib/python2.7/dist-packages/vector_map_msgs/msg/_RoadEdge.pyc
[1.756s] -- Up-to-date: /home/point001/autoware.ai/install/vector_map_msgs/lib/python2.7/dist-packages/vector_map_msgs/msg/_SignalArray.py
[1.756s] -- Up-to-date: /home/point001/autoware.ai/install/vector_map_msgs/lib/python2.7/dist-packages/vector_map_msgs/msg/_StopLine.pyc
[1.756s] -- Up-to-date: /home/point001/autoware.ai/install/vector_map_msgs/lib/python2.7/dist-packages/vector_map_msgs/msg/_PoleArray.pyc
[1.756s] -- Up-to-date: /home/point001/autoware.ai/install/vector_map_msgs/lib/python2.7/dist-packages/vector_map_msgs/msg/_RoadSignArray.py
[1.756s] -- Up-to-date: /home/point001/autoware.ai/install/vector_map_msgs/lib/python2.7/dist-packages/vector_map_msgs/msg/_GutterArray.pyc
[1.757s] -- Up-to-date: /home/point001/autoware.ai/install/vector_map_msgs/lib/python2.7/dist-packages/vector_map_msgs/msg/_RoadPole.pyc
[1.757s] -- Up-to-date: /home/point001/autoware.ai/install/vector_map_msgs/lib/python2.7/dist-packages/vector_map_msgs/msg/_CurveMirrorArray.pyc
[1.757s] -- Up-to-date: /home/point001/autoware.ai/install/vector_map_msgs/lib/python2.7/dist-packages/vector_map_msgs/msg/_Curb.pyc
[1.757s] -- Up-to-date: /home/point001/autoware.ai/install/vector_map_msgs/lib/python2.7/dist-packages/vector_map_msgs/msg/_UtilityPole.py
[1.757s] -- Up-to-date: /home/point001/autoware.ai/install/vector_map_msgs/lib/python2.7/dist-packages/vector_map_msgs/msg/_SideWalkArray.pyc
[1.757s] -- Up-to-date: /home/point001/autoware.ai/install/vector_map_msgs/lib/python2.7/dist-packages/vector_map_msgs/msg/_PoleArray.py
[1.757s] -- Up-to-date: /home/point001/autoware.ai/install/vector_map_msgs/lib/python2.7/dist-packages/vector_map_msgs/msg/_StreetLightArray.pyc
[1.757s] -- Up-to-date: /home/point001/autoware.ai/install/vector_map_msgs/lib/python2.7/dist-packages/vector_map_msgs/msg/_WayArea.py
[1.758s] -- Up-to-date: /home/point001/autoware.ai/install/vector_map_msgs/lib/python2.7/dist-packages/vector_map_msgs/msg/_DTLaneArray.py
[1.758s] -- Up-to-date: /home/point001/autoware.ai/install/vector_map_msgs/lib/python2.7/dist-packages/vector_map_msgs/msg/__init__.pyc
[1.758s] -- Up-to-date: /home/point001/autoware.ai/install/vector_map_msgs/lib/python2.7/dist-packages/vector_map_msgs/msg/_SideWalk.py
[1.758s] -- Up-to-date: /home/point001/autoware.ai/install/vector_map_msgs/lib/python2.7/dist-packages/vector_map_msgs/msg/_Wall.pyc
[1.758s] -- Up-to-date: /home/point001/autoware.ai/install/vector_map_msgs/lib/python2.7/dist-packages/vector_map_msgs/msg/_CurveMirrorArray.py
[1.758s] -- Up-to-date: /home/point001/autoware.ai/install/vector_map_msgs/lib/python2.7/dist-packages/vector_map_msgs/msg/_GuardRail.pyc
[1.758s] -- Up-to-date: /home/point001/autoware.ai/install/vector_map_msgs/lib/python2.7/dist-packages/vector_map_msgs/msg/_Signal.py
[1.758s] -- Up-to-date: /home/point001/autoware.ai/install/vector_map_msgs/lib/python2.7/dist-packages/vector_map_msgs/msg/_AreaArray.pyc
[1.758s] -- Up-to-date: /home/point001/autoware.ai/install/vector_map_msgs/lib/python2.7/dist-packages/vector_map_msgs/msg/_Lane.py
[1.759s] -- Up-to-date: /home/point001/autoware.ai/install/vector_map_msgs/lib/python2.7/dist-packages/vector_map_msgs/msg/_WhiteLine.pyc
[1.759s] -- Up-to-date: /home/point001/autoware.ai/install/vector_map_msgs/lib/python2.7/dist-packages/vector_map_msgs/msg/_CrossWalkArray.py
[1.759s] -- Up-to-date: /home/point001/autoware.ai/install/vector_map_msgs/lib/python2.7/dist-packages/vector_map_msgs/msg/_GuardRailArray.pyc
[1.759s] -- Up-to-date: /home/point001/autoware.ai/install/vector_map_msgs/lib/python2.7/dist-packages/vector_map_msgs/msg/_RoadSignArray.pyc
[1.759s] -- Up-to-date: /home/point001/autoware.ai/install/vector_map_msgs/lib/python2.7/dist-packages/vector_map_msgs/msg/_RoadMark.pyc
[1.759s] -- Up-to-date: /home/point001/autoware.ai/install/vector_map_msgs/lib/python2.7/dist-packages/vector_map_msgs/msg/_NodeArray.py
[1.759s] -- Up-to-date: /home/point001/autoware.ai/install/vector_map_msgs/lib/python2.7/dist-packages/vector_map_msgs/msg/_RailCrossingArray.py
[1.759s] -- Up-to-date: /home/point001/autoware.ai/install/vector_map_msgs/lib/python2.7/dist-packages/vector_map_msgs/msg/_WhiteLineArray.pyc
[1.759s] -- Up-to-date: /home/point001/autoware.ai/install/vector_map_msgs/lib/python2.7/dist-packages/vector_map_msgs/msg/_GuardRailArray.py
[1.759s] -- Up-to-date: /home/point001/autoware.ai/install/vector_map_msgs/lib/python2.7/dist-packages/vector_map_msgs/msg/_CurbArray.pyc
[1.760s] -- Up-to-date: /home/point001/autoware.ai/install/vector_map_msgs/lib/python2.7/dist-packages/vector_map_msgs/msg/_WayAreaArray.py
[1.760s] -- Up-to-date: /home/point001/autoware.ai/install/vector_map_msgs/lib/python2.7/dist-packages/vector_map_msgs/msg/_Node.py
[1.760s] -- Up-to-date: /home/point001/autoware.ai/install/vector_map_msgs/lib/python2.7/dist-packages/vector_map_msgs/msg/_UtilityPoleArray.py
[1.760s] -- Up-to-date: /home/point001/autoware.ai/install/vector_map_msgs/lib/python2.7/dist-packages/vector_map_msgs/msg/_FenceArray.py
[1.760s] -- Up-to-date: /home/point001/autoware.ai/install/vector_map_msgs/lib/python2.7/dist-packages/vector_map_msgs/msg/_StopLineArray.pyc
[1.760s] -- Up-to-date: /home/point001/autoware.ai/install/vector_map_msgs/lib/python2.7/dist-packages/vector_map_msgs/msg/_Lane.pyc
[1.760s] -- Up-to-date: /home/point001/autoware.ai/install/vector_map_msgs/lib/python2.7/dist-packages/vector_map_msgs/msg/_Wall.py
[1.761s] -- Up-to-date: /home/point001/autoware.ai/install/vector_map_msgs/lib/python2.7/dist-packages/vector_map_msgs/msg/_RoadSign.pyc
[1.761s] -- Up-to-date: /home/point001/autoware.ai/install/vector_map_msgs/lib/python2.7/dist-packages/vector_map_msgs/msg/_Signal.pyc
[1.761s] -- Up-to-date: /home/point001/autoware.ai/install/vector_map_msgs/lib/python2.7/dist-packages/vector_map_msgs/msg/_RoadPoleArray.pyc
[1.761s] -- Up-to-date: /home/point001/autoware.ai/install/vector_map_msgs/lib/python2.7/dist-packages/vector_map_msgs/msg/_WhiteLine.py
[1.761s] -- Up-to-date: /home/point001/autoware.ai/install/vector_map_msgs/lib/python2.7/dist-packages/vector_map_msgs/msg/_WayAreaArray.pyc
[1.761s] -- Up-to-date: /home/point001/autoware.ai/install/vector_map_msgs/lib/python2.7/dist-packages/vector_map_msgs/msg/_WallArray.pyc
[1.761s] -- Up-to-date: /home/point001/autoware.ai/install/vector_map_msgs/lib/python2.7/dist-packages/vector_map_msgs/__init__.py
[1.761s] -- Up-to-date: /home/point001/autoware.ai/install/vector_map_msgs/lib/python2.7/dist-packages/vector_map_msgs/__init__.pyc
[1.762s] -- Up-to-date: /home/point001/autoware.ai/install/vector_map_msgs/lib/pkgconfig/vector_map_msgs.pc
[1.762s] -- Up-to-date: /home/point001/autoware.ai/install/vector_map_msgs/share/vector_map_msgs/cmake/vector_map_msgs-msg-extras.cmake
[1.762s] -- Up-to-date: /home/point001/autoware.ai/install/vector_map_msgs/share/vector_map_msgs/cmake/vector_map_msgsConfig.cmake
[1.762s] -- Up-to-date: /home/point001/autoware.ai/install/vector_map_msgs/share/vector_map_msgs/cmake/vector_map_msgsConfig-version.cmake
[1.762s] -- Up-to-date: /home/point001/autoware.ai/install/vector_map_msgs/share/vector_map_msgs/package.xml
[1.950s] Invoked command in '/home/point001/autoware.ai/build/vector_map_msgs' returned '0': /usr/bin/cmake --build /home/point001/autoware.ai/build/vector_map_msgs --target install -- -j24 -l24
