Determining if the pthread_create exist failed with the following output:
Change Dir: /home/point001/autoware.ai/build/autoware_driveworks_interface/CMakeFiles/CMakeTmp

Run Build Command:"/usr/bin/make" "cmTC_70370/fast"
/usr/bin/make -f CMakeFiles/cmTC_70370.dir/build.make CMakeFiles/cmTC_70370.dir/build
make[1]: Entering directory '/home/point001/autoware.ai/build/autoware_driveworks_interface/CMakeFiles/CMakeTmp'
Building C object CMakeFiles/cmTC_70370.dir/CheckSymbolExists.c.o
/usr/bin/cc    -o CMakeFiles/cmTC_70370.dir/CheckSymbolExists.c.o   -c /home/point001/autoware.ai/build/autoware_driveworks_interface/CMakeFiles/CMakeTmp/CheckSymbolExists.c
Linking C executable cmTC_70370
/usr/bin/cmake -E cmake_link_script CMakeFiles/cmTC_70370.dir/link.txt --verbose=1
/usr/bin/cc      -rdynamic CMakeFiles/cmTC_70370.dir/CheckSymbolExists.c.o  -o cmTC_70370 
CMakeFiles/cmTC_70370.dir/CheckSymbolExists.c.o: In function `main':
CheckSymbolExists.c:(.text+0x1b): undefined reference to `pthread_create'
collect2: error: ld returned 1 exit status
CMakeFiles/cmTC_70370.dir/build.make:97: recipe for target 'cmTC_70370' failed
make[1]: *** [cmTC_70370] Error 1
make[1]: Leaving directory '/home/point001/autoware.ai/build/autoware_driveworks_interface/CMakeFiles/CMakeTmp'
Makefile:126: recipe for target 'cmTC_70370/fast' failed
make: *** [cmTC_70370/fast] Error 2

File /home/point001/autoware.ai/build/autoware_driveworks_interface/CMakeFiles/CMakeTmp/CheckSymbolExists.c:
/* */
#include <pthread.h>

int main(int argc, char** argv)
{
  (void)argv;
#ifndef pthread_create
  return ((int*)(&pthread_create))[argc];
#else
  (void)argc;
  return 0;
#endif
}

Determining if the function pthread_create exists in the pthreads failed with the following output:
Change Dir: /home/point001/autoware.ai/build/autoware_driveworks_interface/CMakeFiles/CMakeTmp

Run Build Command:"/usr/bin/make" "cmTC_360de/fast"
/usr/bin/make -f CMakeFiles/cmTC_360de.dir/build.make CMakeFiles/cmTC_360de.dir/build
make[1]: Entering directory '/home/point001/autoware.ai/build/autoware_driveworks_interface/CMakeFiles/CMakeTmp'
Building C object CMakeFiles/cmTC_360de.dir/CheckFunctionExists.c.o
/usr/bin/cc   -DCHECK_FUNCTION_EXISTS=pthread_create   -o CMakeFiles/cmTC_360de.dir/CheckFunctionExists.c.o   -c /usr/share/cmake-3.10/Modules/CheckFunctionExists.c
Linking C executable cmTC_360de
/usr/bin/cmake -E cmake_link_script CMakeFiles/cmTC_360de.dir/link.txt --verbose=1
/usr/bin/cc  -DCHECK_FUNCTION_EXISTS=pthread_create    -rdynamic CMakeFiles/cmTC_360de.dir/CheckFunctionExists.c.o  -o cmTC_360de -lpthreads 
/usr/bin/ld: cannot find -lpthreads
collect2: error: ld returned 1 exit status
CMakeFiles/cmTC_360de.dir/build.make:97: recipe for target 'cmTC_360de' failed
make[1]: *** [cmTC_360de] Error 1
make[1]: Leaving directory '/home/point001/autoware.ai/build/autoware_driveworks_interface/CMakeFiles/CMakeTmp'
Makefile:126: recipe for target 'cmTC_360de/fast' failed
make: *** [cmTC_360de/fast] Error 2


