[0.088s] Invoking command in '/home/point001/autoware.ai/build/autoware_can_msgs': /usr/bin/cmake /home/point001/autoware.ai/src/autoware/messages/autoware_can_msgs -DCMAKE_BUILD_TYPE=Release -DCATKIN_INSTALL_INTO_PREFIX_ROOT=0 -DCMAKE_INSTALL_PREFIX=/home/point001/autoware.ai/install/autoware_can_msgs
[0.159s] -- The C compiler identification is GNU 7.5.0
[0.199s] -- The CXX compiler identification is GNU 7.5.0
[0.205s] -- Check for working C compiler: /usr/bin/cc
[0.282s] -- Check for working C compiler: /usr/bin/cc -- works
[0.282s] -- Detecting C compiler ABI info
[0.356s] -- Detecting C compiler ABI info - done
[0.366s] -- Detecting C compile features
[0.594s] -- Detecting C compile features - done
[0.597s] -- Check for working CXX compiler: /usr/bin/c++
[0.685s] -- Check for working CXX compiler: /usr/bin/c++ -- works
[0.685s] -- Detecting CXX compiler ABI info
[0.764s] -- Detecting CXX compiler ABI info - done
[0.774s] -- Detecting CXX compile features
[1.153s] -- Detecting CXX compile features - done
[1.155s] -- Using CATKIN_DEVEL_PREFIX: /home/point001/autoware.ai/build/autoware_can_msgs/devel
[1.155s] -- Using CMAKE_PREFIX_PATH: /opt/ros/melodic
[1.155s] -- This workspace overlays: /opt/ros/melodic
[1.170s] -- Found PythonInterp: /usr/bin/python2 (found suitable version "2.7.17", minimum required is "2") 
[1.170s] -- Using PYTHON_EXECUTABLE: /usr/bin/python2
[1.170s] -- Using Debian Python package layout
[1.170s] -- Using empy: /usr/bin/empy
[1.321s] -- Using CATKIN_ENABLE_TESTING: ON
[1.321s] -- Call enable_testing()
[1.323s] -- Using CATKIN_TEST_RESULTS_DIR: /home/point001/autoware.ai/build/autoware_can_msgs/test_results
[1.344s] -- Found gtest sources under '/usr/src/googletest': gtests will be built
[1.344s] -- Found gmock sources under '/usr/src/googletest': gmock will be built
[1.359s] -- Found PythonInterp: /usr/bin/python2 (found version "2.7.17") 
[1.360s] -- Looking for pthread.h
[1.438s] -- Looking for pthread.h - found
[1.438s] -- Looking for pthread_create
[1.517s] -- Looking for pthread_create - not found
[1.518s] -- Looking for pthread_create in pthreads
[1.584s] -- Looking for pthread_create in pthreads - not found
[1.584s] -- Looking for pthread_create in pthread
[1.662s] -- Looking for pthread_create in pthread - found
[1.663s] -- Found Threads: TRUE  
[1.668s] -- Using Python nosetests: /usr/bin/nosetests-2.7
[1.712s] -- catkin 0.7.29
[1.712s] -- BUILD_SHARED_LIBS is on
[1.808s] -- Using these message generators: gencpp;geneus;genlisp;gennodejs;genpy
[2.058s] -- autoware_can_msgs: 3 messages, 0 services
[2.197s] -- Configuring done
[2.217s] -- Generating done
[2.222s] -- Build files have been written to: /home/point001/autoware.ai/build/autoware_can_msgs
[2.266s] Invoked command in '/home/point001/autoware.ai/build/autoware_can_msgs' returned '0': /usr/bin/cmake /home/point001/autoware.ai/src/autoware/messages/autoware_can_msgs -DCMAKE_BUILD_TYPE=Release -DCATKIN_INSTALL_INTO_PREFIX_ROOT=0 -DCMAKE_INSTALL_PREFIX=/home/point001/autoware.ai/install/autoware_can_msgs
[2.271s] Invoking command in '/home/point001/autoware.ai/build/autoware_can_msgs': /usr/bin/cmake --build /home/point001/autoware.ai/build/autoware_can_msgs -- -j24 -l24
[2.338s] [35m[1mScanning dependencies of target std_msgs_generate_messages_lisp[0m
[2.339s] [35m[1mScanning dependencies of target _autoware_can_msgs_generate_messages_check_deps_CANData[0m
[2.341s] [35m[1mScanning dependencies of target _autoware_can_msgs_generate_messages_check_deps_CANInfo[0m
[2.345s] [35m[1mScanning dependencies of target _autoware_can_msgs_generate_messages_check_deps_CANPacket[0m
[2.348s] [35m[1mScanning dependencies of target std_msgs_generate_messages_eus[0m
[2.348s] [35m[1mScanning dependencies of target std_msgs_generate_messages_py[0m
[2.351s] [35m[1mScanning dependencies of target std_msgs_generate_messages_nodejs[0m
[2.362s] [  0%] Built target std_msgs_generate_messages_lisp
[2.362s] [35m[1mScanning dependencies of target std_msgs_generate_messages_cpp[0m
[2.371s] [  0%] Built target std_msgs_generate_messages_py
[2.371s] [  0%] Built target std_msgs_generate_messages_eus
[2.381s] [  0%] Built target std_msgs_generate_messages_nodejs
[2.390s] [  0%] Built target _autoware_can_msgs_generate_messages_check_deps_CANPacket
[2.390s] [  0%] Built target std_msgs_generate_messages_cpp
[2.410s] [  0%] Built target _autoware_can_msgs_generate_messages_check_deps_CANData
[2.416s] [  0%] Built target _autoware_can_msgs_generate_messages_check_deps_CANInfo
[2.430s] [35m[1mScanning dependencies of target autoware_can_msgs_generate_messages_py[0m
[2.434s] [35m[1mScanning dependencies of target autoware_can_msgs_generate_messages_lisp[0m
[2.441s] [35m[1mScanning dependencies of target autoware_can_msgs_generate_messages_eus[0m
[2.457s] [35m[1mScanning dependencies of target autoware_can_msgs_generate_messages_nodejs[0m
[2.459s] [  5%] [34m[1mGenerating Lisp code from autoware_can_msgs/CANPacket.msg[0m
[2.460s] [35m[1mScanning dependencies of target autoware_can_msgs_generate_messages_cpp[0m
[2.467s] [ 11%] [34m[1mGenerating EusLisp manifest code for autoware_can_msgs[0m
[2.472s] [ 17%] [34m[1mGenerating Lisp code from autoware_can_msgs/CANData.msg[0m
[2.473s] [ 23%] [34m[1mGenerating Lisp code from autoware_can_msgs/CANInfo.msg[0m
[2.473s] [ 35%] [34m[1mGenerating EusLisp code from autoware_can_msgs/CANPacket.msg[0m
[2.473s] [ 29%] [34m[1mGenerating Python from MSG autoware_can_msgs/CANInfo[0m
[2.481s] [ 41%] [34m[1mGenerating Python from MSG autoware_can_msgs/CANPacket[0m
[2.485s] [ 47%] [34m[1mGenerating EusLisp code from autoware_can_msgs/CANInfo.msg[0m
[2.489s] [ 52%] [34m[1mGenerating C++ code from autoware_can_msgs/CANData.msg[0m
[2.497s] [ 58%] [34m[1mGenerating Python from MSG autoware_can_msgs/CANData[0m
[2.499s] [ 64%] [34m[1mGenerating C++ code from autoware_can_msgs/CANInfo.msg[0m
[2.504s] [ 70%] [34m[1mGenerating EusLisp code from autoware_can_msgs/CANData.msg[0m
[2.507s] [ 76%] [34m[1mGenerating C++ code from autoware_can_msgs/CANPacket.msg[0m
[2.512s] [ 82%] [34m[1mGenerating Javascript code from autoware_can_msgs/CANData.msg[0m
[2.516s] [ 88%] [34m[1mGenerating Javascript code from autoware_can_msgs/CANPacket.msg[0m
[2.538s] [ 94%] [34m[1mGenerating Javascript code from autoware_can_msgs/CANInfo.msg[0m
[2.647s] [ 94%] Built target autoware_can_msgs_generate_messages_lisp
[2.738s] [ 94%] Built target autoware_can_msgs_generate_messages_nodejs
[2.948s] [ 94%] Built target autoware_can_msgs_generate_messages_cpp
[3.249s] [100%] [34m[1mGenerating Python msg __init__.py for autoware_can_msgs[0m
[4.105s] [100%] Built target autoware_can_msgs_generate_messages_py
[4.281s] [100%] Built target autoware_can_msgs_generate_messages_eus
[4.357s] [35m[1mScanning dependencies of target autoware_can_msgs_generate_messages[0m
[4.403s] [100%] Built target autoware_can_msgs_generate_messages
[4.612s] Invoked command in '/home/point001/autoware.ai/build/autoware_can_msgs' returned '0': /usr/bin/cmake --build /home/point001/autoware.ai/build/autoware_can_msgs -- -j24 -l24
[5.653s] Invoking command in '/home/point001/autoware.ai/build/autoware_can_msgs': /usr/bin/cmake --build /home/point001/autoware.ai/build/autoware_can_msgs --target tests -- -j24 -l24
[6.082s] [35m[1mScanning dependencies of target tests[0m
[6.190s] Built target tests
[6.293s] Invoked command in '/home/point001/autoware.ai/build/autoware_can_msgs' returned '0': /usr/bin/cmake --build /home/point001/autoware.ai/build/autoware_can_msgs --target tests -- -j24 -l24
[7.434s] Invoking command in '/home/point001/autoware.ai/build/autoware_can_msgs': /usr/bin/cmake --build /home/point001/autoware.ai/build/autoware_can_msgs --target install -- -j24 -l24
[7.870s] [  0%] Built target std_msgs_generate_messages_py
[7.876s] [  0%] Built target std_msgs_generate_messages_eus
[7.890s] [  0%] Built target std_msgs_generate_messages_cpp
[7.901s] [  0%] Built target std_msgs_generate_messages_lisp
[7.905s] [  0%] Built target std_msgs_generate_messages_nodejs
[7.965s] [  0%] Built target _autoware_can_msgs_generate_messages_check_deps_CANData
[8.014s] [  0%] Built target _autoware_can_msgs_generate_messages_check_deps_CANPacket
[8.069s] [  0%] Built target _autoware_can_msgs_generate_messages_check_deps_CANInfo
[8.247s] [ 17%] Built target autoware_can_msgs_generate_messages_lisp
[8.253s] [ 35%] Built target autoware_can_msgs_generate_messages_nodejs
[8.256s] [ 58%] Built target autoware_can_msgs_generate_messages_py
[8.337s] [ 82%] Built target autoware_can_msgs_generate_messages_eus
[8.341s] [100%] Built target autoware_can_msgs_generate_messages_cpp
[8.510s] [100%] Built target autoware_can_msgs_generate_messages
[8.668s] [36mInstall the project...[0m
[8.725s] -- Install configuration: "Release"
[8.726s] -- Installing: /home/point001/autoware.ai/install/autoware_can_msgs/share/autoware_can_msgs/msg/CANData.msg
[8.727s] -- Installing: /home/point001/autoware.ai/install/autoware_can_msgs/share/autoware_can_msgs/msg/CANInfo.msg
[8.727s] -- Installing: /home/point001/autoware.ai/install/autoware_can_msgs/share/autoware_can_msgs/msg/CANPacket.msg
[8.727s] -- Installing: /home/point001/autoware.ai/install/autoware_can_msgs/share/autoware_can_msgs/cmake/autoware_can_msgs-msg-paths.cmake
[8.728s] -- Installing: /home/point001/autoware.ai/install/autoware_can_msgs/include/autoware_can_msgs
[8.728s] -- Installing: /home/point001/autoware.ai/install/autoware_can_msgs/include/autoware_can_msgs/CANInfo.h
[8.729s] -- Installing: /home/point001/autoware.ai/install/autoware_can_msgs/include/autoware_can_msgs/CANData.h
[8.729s] -- Installing: /home/point001/autoware.ai/install/autoware_can_msgs/include/autoware_can_msgs/CANPacket.h
[8.729s] -- Installing: /home/point001/autoware.ai/install/autoware_can_msgs/share/roseus/ros/autoware_can_msgs
[8.730s] -- Installing: /home/point001/autoware.ai/install/autoware_can_msgs/share/roseus/ros/autoware_can_msgs/manifest.l
[8.730s] -- Installing: /home/point001/autoware.ai/install/autoware_can_msgs/share/roseus/ros/autoware_can_msgs/msg
[8.730s] -- Installing: /home/point001/autoware.ai/install/autoware_can_msgs/share/roseus/ros/autoware_can_msgs/msg/CANData.l
[8.730s] -- Installing: /home/point001/autoware.ai/install/autoware_can_msgs/share/roseus/ros/autoware_can_msgs/msg/CANInfo.l
[8.730s] -- Installing: /home/point001/autoware.ai/install/autoware_can_msgs/share/roseus/ros/autoware_can_msgs/msg/CANPacket.l
[8.730s] -- Installing: /home/point001/autoware.ai/install/autoware_can_msgs/share/common-lisp/ros/autoware_can_msgs
[8.731s] -- Installing: /home/point001/autoware.ai/install/autoware_can_msgs/share/common-lisp/ros/autoware_can_msgs/msg
[8.731s] -- Installing: /home/point001/autoware.ai/install/autoware_can_msgs/share/common-lisp/ros/autoware_can_msgs/msg/autoware_can_msgs-msg.asd
[8.733s] -- Installing: /home/point001/autoware.ai/install/autoware_can_msgs/share/common-lisp/ros/autoware_can_msgs/msg/CANData.lisp
[8.734s] -- Installing: /home/point001/autoware.ai/install/autoware_can_msgs/share/common-lisp/ros/autoware_can_msgs/msg/CANInfo.lisp
[8.734s] -- Installing: /home/point001/autoware.ai/install/autoware_can_msgs/share/common-lisp/ros/autoware_can_msgs/msg/_package.lisp
[8.735s] -- Installing: /home/point001/autoware.ai/install/autoware_can_msgs/share/common-lisp/ros/autoware_can_msgs/msg/_package_CANData.lisp
[8.735s] -- Installing: /home/point001/autoware.ai/install/autoware_can_msgs/share/common-lisp/ros/autoware_can_msgs/msg/_package_CANPacket.lisp
[8.738s] -- Installing: /home/point001/autoware.ai/install/autoware_can_msgs/share/common-lisp/ros/autoware_can_msgs/msg/_package_CANInfo.lisp
[8.740s] -- Installing: /home/point001/autoware.ai/install/autoware_can_msgs/share/common-lisp/ros/autoware_can_msgs/msg/CANPacket.lisp
[8.741s] -- Installing: /home/point001/autoware.ai/install/autoware_can_msgs/share/gennodejs/ros/autoware_can_msgs
[8.741s] -- Installing: /home/point001/autoware.ai/install/autoware_can_msgs/share/gennodejs/ros/autoware_can_msgs/_index.js
[8.741s] -- Installing: /home/point001/autoware.ai/install/autoware_can_msgs/share/gennodejs/ros/autoware_can_msgs/msg
[8.741s] -- Installing: /home/point001/autoware.ai/install/autoware_can_msgs/share/gennodejs/ros/autoware_can_msgs/msg/CANData.js
[8.746s] -- Installing: /home/point001/autoware.ai/install/autoware_can_msgs/share/gennodejs/ros/autoware_can_msgs/msg/_index.js
[8.750s] -- Installing: /home/point001/autoware.ai/install/autoware_can_msgs/share/gennodejs/ros/autoware_can_msgs/msg/CANPacket.js
[8.758s] -- Installing: /home/point001/autoware.ai/install/autoware_can_msgs/share/gennodejs/ros/autoware_can_msgs/msg/CANInfo.js
[8.857s] Listing /home/point001/autoware.ai/build/autoware_can_msgs/devel/lib/python2.7/dist-packages/autoware_can_msgs ...
[8.857s] Compiling /home/point001/autoware.ai/build/autoware_can_msgs/devel/lib/python2.7/dist-packages/autoware_can_msgs/__init__.py ...
[8.857s] Listing /home/point001/autoware.ai/build/autoware_can_msgs/devel/lib/python2.7/dist-packages/autoware_can_msgs/msg ...
[8.858s] Compiling /home/point001/autoware.ai/build/autoware_can_msgs/devel/lib/python2.7/dist-packages/autoware_can_msgs/msg/_CANData.py ...
[8.858s] Compiling /home/point001/autoware.ai/build/autoware_can_msgs/devel/lib/python2.7/dist-packages/autoware_can_msgs/msg/_CANInfo.py ...
[8.858s] Compiling /home/point001/autoware.ai/build/autoware_can_msgs/devel/lib/python2.7/dist-packages/autoware_can_msgs/msg/_CANPacket.py ...
[8.858s] Compiling /home/point001/autoware.ai/build/autoware_can_msgs/devel/lib/python2.7/dist-packages/autoware_can_msgs/msg/__init__.py ...
[8.864s] -- Installing: /home/point001/autoware.ai/install/autoware_can_msgs/lib/python2.7/dist-packages/autoware_can_msgs
[8.865s] -- Installing: /home/point001/autoware.ai/install/autoware_can_msgs/lib/python2.7/dist-packages/autoware_can_msgs/msg
[8.865s] -- Installing: /home/point001/autoware.ai/install/autoware_can_msgs/lib/python2.7/dist-packages/autoware_can_msgs/msg/_CANInfo.py
[8.865s] -- Installing: /home/point001/autoware.ai/install/autoware_can_msgs/lib/python2.7/dist-packages/autoware_can_msgs/msg/_CANData.pyc
[8.865s] -- Installing: /home/point001/autoware.ai/install/autoware_can_msgs/lib/python2.7/dist-packages/autoware_can_msgs/msg/_CANData.py
[8.866s] -- Installing: /home/point001/autoware.ai/install/autoware_can_msgs/lib/python2.7/dist-packages/autoware_can_msgs/msg/__init__.py
[8.866s] -- Installing: /home/point001/autoware.ai/install/autoware_can_msgs/lib/python2.7/dist-packages/autoware_can_msgs/msg/_CANInfo.pyc
[8.866s] -- Installing: /home/point001/autoware.ai/install/autoware_can_msgs/lib/python2.7/dist-packages/autoware_can_msgs/msg/_CANPacket.py
[8.866s] -- Installing: /home/point001/autoware.ai/install/autoware_can_msgs/lib/python2.7/dist-packages/autoware_can_msgs/msg/_CANPacket.pyc
[8.867s] -- Installing: /home/point001/autoware.ai/install/autoware_can_msgs/lib/python2.7/dist-packages/autoware_can_msgs/msg/__init__.pyc
[8.867s] -- Installing: /home/point001/autoware.ai/install/autoware_can_msgs/lib/python2.7/dist-packages/autoware_can_msgs/__init__.py
[8.867s] -- Installing: /home/point001/autoware.ai/install/autoware_can_msgs/lib/python2.7/dist-packages/autoware_can_msgs/__init__.pyc
[8.867s] -- Installing: /home/point001/autoware.ai/install/autoware_can_msgs/lib/pkgconfig/autoware_can_msgs.pc
[8.867s] -- Installing: /home/point001/autoware.ai/install/autoware_can_msgs/share/autoware_can_msgs/cmake/autoware_can_msgs-msg-extras.cmake
[8.867s] -- Installing: /home/point001/autoware.ai/install/autoware_can_msgs/share/autoware_can_msgs/cmake/autoware_can_msgsConfig.cmake
[8.868s] -- Installing: /home/point001/autoware.ai/install/autoware_can_msgs/share/autoware_can_msgs/cmake/autoware_can_msgsConfig-version.cmake
[8.869s] -- Installing: /home/point001/autoware.ai/install/autoware_can_msgs/share/autoware_can_msgs/package.xml
[8.875s] Invoked command in '/home/point001/autoware.ai/build/autoware_can_msgs' returned '0': /usr/bin/cmake --build /home/point001/autoware.ai/build/autoware_can_msgs --target install -- -j24 -l24
