[0.050s] Invoking command in '/home/point001/autoware.ai/build/microstrain_driver': /usr/bin/cmake /home/point001/autoware.ai/src/drivers/awf_drivers/microstrain -DCMAKE_BUILD_TYPE=Release -DCATKIN_INSTALL_INTO_PREFIX_ROOT=0 -DCMAKE_INSTALL_PREFIX=/home/point001/autoware.ai/install/microstrain_driver
[0.128s] -- The C compiler identification is GNU 7.5.0
[0.194s] -- The CXX compiler identification is GNU 7.5.0
[0.204s] -- Check for working C compiler: /usr/bin/cc
[0.277s] -- Check for working C compiler: /usr/bin/cc -- works
[0.277s] -- Detecting C compiler ABI info
[0.378s] -- Detecting C compiler ABI info - done
[0.393s] -- Detecting C compile features
[0.638s] -- Detecting C compile features - done
[0.641s] -- Check for working CXX compiler: /usr/bin/c++
[0.744s] -- Check for working CXX compiler: /usr/bin/c++ -- works
[0.744s] -- Detecting CXX compiler ABI info
[0.932s] -- Detecting CXX compiler ABI info - done
[0.942s] -- Detecting CXX compile features
[1.900s] -- Detecting CXX compile features - done
[1.902s] -- Using CATKIN_DEVEL_PREFIX: /home/point001/autoware.ai/build/microstrain_driver/devel
[1.902s] -- Using CMAKE_PREFIX_PATH: /opt/ros/melodic
[1.902s] -- This workspace overlays: /opt/ros/melodic
[1.918s] -- Found PythonInterp: /usr/bin/python2 (found suitable version "2.7.17", minimum required is "2") 
[1.918s] -- Using PYTHON_EXECUTABLE: /usr/bin/python2
[1.918s] -- Using Debian Python package layout
[1.918s] -- Using empy: /usr/bin/empy
[2.107s] -- Using CATKIN_ENABLE_TESTING: ON
[2.107s] -- Call enable_testing()
[2.109s] -- Using CATKIN_TEST_RESULTS_DIR: /home/point001/autoware.ai/build/microstrain_driver/test_results
[2.140s] -- Found gtest sources under '/usr/src/googletest': gtests will be built
[2.140s] -- Found gmock sources under '/usr/src/googletest': gmock will be built
[2.163s] -- Found PythonInterp: /usr/bin/python2 (found version "2.7.17") 
[2.165s] -- Looking for pthread.h
[2.473s] -- Looking for pthread.h - found
[2.473s] -- Looking for pthread_create
[2.750s] -- Looking for pthread_create - not found
[2.750s] -- Looking for pthread_create in pthreads
[3.120s] -- Looking for pthread_create in pthreads - not found
[3.121s] -- Looking for pthread_create in pthread
[3.530s] -- Looking for pthread_create in pthread - found
[3.530s] -- Found Threads: TRUE  
[3.531s] -- Using Python nosetests: /usr/bin/nosetests-2.7
[3.713s] -- catkin 0.7.29
[3.714s] -- BUILD_SHARED_LIBS is on
[4.104s] -- Using these message generators: gencpp;geneus;genlisp;gennodejs;genpy
[4.721s] -- Configuring done
[4.809s] -- Generating done
[4.818s] -- Build files have been written to: /home/point001/autoware.ai/build/microstrain_driver
[4.822s] Invoked command in '/home/point001/autoware.ai/build/microstrain_driver' returned '0': /usr/bin/cmake /home/point001/autoware.ai/src/drivers/awf_drivers/microstrain -DCMAKE_BUILD_TYPE=Release -DCATKIN_INSTALL_INTO_PREFIX_ROOT=0 -DCMAKE_INSTALL_PREFIX=/home/point001/autoware.ai/install/microstrain_driver
[4.827s] Invoking command in '/home/point001/autoware.ai/build/microstrain_driver': /usr/bin/cmake --build /home/point001/autoware.ai/build/microstrain_driver -- -j24 -l24
[5.049s] [35m[1mScanning dependencies of target microstrain_driver[0m
[5.140s] [  5%] [32mBuilding C object CMakeFiles/microstrain_driver.dir/MIPSDK/C/Library/Source/mip_sdk_base.c.o[0m
[5.140s] [ 11%] [32mBuilding C object CMakeFiles/microstrain_driver.dir/MIPSDK/C/Library/Source/mip_sdk_filter.c.o[0m
[5.140s] [ 29%] [32mBuilding C object CMakeFiles/microstrain_driver.dir/MIPSDK/C/Library/Source/mip_sdk_ahrs.c.o[0m
[5.144s] [ 35%] [32mBuilding C object CMakeFiles/microstrain_driver.dir/MIPSDK/C/Library/Source/ring_buffer.c.o[0m
[5.148s] [ 41%] [32mBuilding C object CMakeFiles/microstrain_driver.dir/MIPSDK/C/Library/Source/mip_sdk_gps.c.o[0m
[5.158s] [ 47%] [32mBuilding CXX object CMakeFiles/microstrain_driver.dir/src/microstrain.cpp.o[0m
[5.158s] [ 17%] [32mBuilding C object CMakeFiles/microstrain_driver.dir/MIPSDK/C/Library/Source/mip.c.o[0m
[5.158s] [ 23%] [32mBuilding C object CMakeFiles/microstrain_driver.dir/src/mip_sdk_user_functions.c.o[0m
[5.158s] [ 52%] [32mBuilding C object CMakeFiles/microstrain_driver.dir/MIPSDK/C/Library/Source/mip_sdk_inteface.c.o[0m
[5.158s] [ 58%] [32mBuilding C object CMakeFiles/microstrain_driver.dir/MIPSDK/C/Library/Source/mip_sdk_3dm.c.o[0m
[5.173s] [ 64%] [32mBuilding C object CMakeFiles/microstrain_driver.dir/MIPSDK/C/Library/Source/mip_sdk_system.c.o[0m
[5.274s] [01m[K/home/point001/autoware.ai/src/drivers/awf_drivers/microstrain/MIPSDK/C/Library/Source/mip.c:[m[K In function ‘[01m[Kmip_add_field[m[K’:
[5.274s] [01m[K/home/point001/autoware.ai/src/drivers/awf_drivers/microstrain/MIPSDK/C/Library/Source/mip.c:189:3:[m[K [01;35m[Kwarning: [m[Kimplicit declaration of function ‘[01m[Kmemcpy[m[K’ [[01;35m[K-Wimplicit-function-declaration[m[K]
[5.274s]    [01;35m[Kmemcpy[m[K(field_data_ptr, field_data, data_size);
[5.274s] 
[5.274s]    [01;35m[K^~~~~~[m[K
[5.274s] [01m[K/home/point001/autoware.ai/src/drivers/awf_drivers/microstrain/MIPSDK/C/Library/Source/mip.c:189:3:[m[K [01;35m[Kwarning: [m[Kincompatible implicit declaration of built-in function ‘[01m[Kmemcpy[m[K’
[5.274s] [01m[K/home/point001/autoware.ai/src/drivers/awf_drivers/microstrain/MIPSDK/C/Library/Source/mip.c:189:3:[m[K [01;36m[Knote: [m[Kinclude ‘[01m[K<string.h>[m[K’ or provide a declaration of ‘[01m[Kmemcpy[m[K’
[5.274s] [01m[K/home/point001/autoware.ai/src/drivers/awf_drivers/microstrain/MIPSDK/C/Library/Source/mip.c:[m[K In function ‘[01m[Kmip_add_formatted_field[m[K’:
[5.274s] [01m[K/home/point001/autoware.ai/src/drivers/awf_drivers/microstrain/MIPSDK/C/Library/Source/mip.c:250:2:[m[K [01;35m[Kwarning: [m[Kincompatible implicit declaration of built-in function ‘[01m[Kmemcpy[m[K’
[5.274s]   [01;35m[Kmemcpy[m[K(field_location, field, field_header_ptr->size);
[5.275s] 
[5.275s]   [01;35m[K^~~~~~[m[K
[5.275s] [01m[K/home/point001/autoware.ai/src/drivers/awf_drivers/microstrain/MIPSDK/C/Library/Source/mip.c:250:2:[m[K [01;36m[Knote: [m[Kinclude ‘[01m[K<string.h>[m[K’ or provide a declaration of ‘[01m[Kmemcpy[m[K’
[5.379s] [01m[K/home/point001/autoware.ai/src/drivers/awf_drivers/microstrain/MIPSDK/C/Library/Source/mip_sdk_inteface.c:[m[K In function ‘[01m[K__mip_interface_command_response_handler[m[K’:
[5.379s] [01m[K/home/point001/autoware.ai/src/drivers/awf_drivers/microstrain/MIPSDK/C/Library/Source/mip_sdk_inteface.c:755:49:[m[K [01;35m[Kwarning: [m[Kassignment from incompatible pointer type [[01;35m[K-Wincompatible-pointer-types[m[K]
[5.379s]     device_interface->command_response_data      [01;35m[K=[m[K field_header_ptr;
[5.379s] 
[5.379s]                                                  [01;35m[K^[m[K
[5.415s] [ 70%] [32mBuilding C object CMakeFiles/microstrain_driver.dir/MIPSDK/C/Utilities/Source/byteswap_utilities.c.o[0m
[9.080s] [ 76%] [32m[1mLinking CXX shared library devel/lib/libmicrostrain_driver.so[0m
[9.261s] [ 76%] Built target microstrain_driver
[9.301s] [35m[1mScanning dependencies of target 3dm_gx5_15_node[0m
[9.351s] [ 82%] [32mBuilding CXX object CMakeFiles/3dm_gx5_15_node.dir/src/3dm_gx5_15_node.cpp.o[0m
[10.723s] [ 88%] [32m[1mLinking CXX executable devel/lib/microstrain_driver/3dm_gx5_15_node[0m
[11.004s] [ 88%] Built target 3dm_gx5_15_node
[11.027s] [35m[1mScanning dependencies of target 3dm_gx5_45_node[0m
[11.075s] [ 94%] [32mBuilding CXX object CMakeFiles/3dm_gx5_45_node.dir/src/3dm_gx5_45_node.cpp.o[0m
[12.381s] [100%] [32m[1mLinking CXX executable devel/lib/microstrain_driver/3dm_gx5_45_node[0m
[12.608s] [100%] Built target 3dm_gx5_45_node
[12.627s] Invoked command in '/home/point001/autoware.ai/build/microstrain_driver' returned '0': /usr/bin/cmake --build /home/point001/autoware.ai/build/microstrain_driver -- -j24 -l24
[12.867s] Invoking command in '/home/point001/autoware.ai/build/microstrain_driver': /usr/bin/cmake --build /home/point001/autoware.ai/build/microstrain_driver --target tests -- -j24 -l24
[12.944s] [35m[1mScanning dependencies of target tests[0m
[12.956s] Built target tests
[13.018s] Invoked command in '/home/point001/autoware.ai/build/microstrain_driver' returned '0': /usr/bin/cmake --build /home/point001/autoware.ai/build/microstrain_driver --target tests -- -j24 -l24
[13.253s] Invoking command in '/home/point001/autoware.ai/build/microstrain_driver': /usr/bin/cmake --build /home/point001/autoware.ai/build/microstrain_driver --target install -- -j24 -l24
[13.343s] [ 76%] Built target microstrain_driver
[13.380s] [ 88%] Built target 3dm_gx5_15_node
[13.420s] [100%] Built target 3dm_gx5_45_node
[13.453s] [36mInstall the project...[0m
[13.464s] -- Install configuration: "Release"
[13.465s] -- Installing: /home/point001/autoware.ai/install/microstrain_driver/lib/pkgconfig/microstrain_driver.pc
[13.465s] -- Installing: /home/point001/autoware.ai/install/microstrain_driver/share/microstrain_driver/cmake/microstrain_driverConfig.cmake
[13.465s] -- Installing: /home/point001/autoware.ai/install/microstrain_driver/share/microstrain_driver/cmake/microstrain_driverConfig-version.cmake
[13.465s] -- Installing: /home/point001/autoware.ai/install/microstrain_driver/share/microstrain_driver/package.xml
[13.465s] -- Installing: /home/point001/autoware.ai/install/microstrain_driver/lib/libmicrostrain_driver.so
[13.466s] -- Set runtime path of "/home/point001/autoware.ai/install/microstrain_driver/lib/libmicrostrain_driver.so" to ""
[13.466s] -- Installing: /home/point001/autoware.ai/install/microstrain_driver/lib/microstrain_driver/3dm_gx5_15_node
[13.466s] -- Set runtime path of "/home/point001/autoware.ai/install/microstrain_driver/lib/microstrain_driver/3dm_gx5_15_node" to ""
[13.466s] -- Installing: /home/point001/autoware.ai/install/microstrain_driver/lib/microstrain_driver/3dm_gx5_45_node
[13.467s] -- Set runtime path of "/home/point001/autoware.ai/install/microstrain_driver/lib/microstrain_driver/3dm_gx5_45_node" to ""
[13.467s] -- Installing: /home/point001/autoware.ai/install/microstrain_driver/share/microstrain_driver/launch
[13.467s] -- Installing: /home/point001/autoware.ai/install/microstrain_driver/share/microstrain_driver/launch/3dm_gx5_15.launch
[13.467s] -- Installing: /home/point001/autoware.ai/install/microstrain_driver/share/microstrain_driver/launch/microstrain.launch
[13.471s] Invoked command in '/home/point001/autoware.ai/build/microstrain_driver' returned '0': /usr/bin/cmake --build /home/point001/autoware.ai/build/microstrain_driver --target install -- -j24 -l24
