[0.471s] Invoking command in '/home/point001/autoware.ai/build/emergency_handler': CMAKE_PREFIX_PATH=/home/point001/autoware.ai/install/autoware_health_checker:/home/point001/autoware.ai/install/ros_observer:/home/point001/autoware.ai/install/autoware_system_msgs:/home/point001/autoware.ai/install/autoware_msgs:${CMAKE_PREFIX_PATH} LD_LIBRARY_PATH=/home/point001/autoware.ai/install/autoware_health_checker/lib:/home/point001/autoware.ai/install/ros_observer/lib:/opt/ros/melodic/lib:/usr/local/cuda-10.0/lib64 PKG_CONFIG_PATH=/home/point001/autoware.ai/install/autoware_health_checker/lib/x86_64-linux-gnu/pkgconfig:/home/point001/autoware.ai/install/autoware_health_checker/lib/pkgconfig:/home/point001/autoware.ai/install/ros_observer/lib/x86_64-linux-gnu/pkgconfig:/home/point001/autoware.ai/install/ros_observer/lib/pkgconfig:/home/point001/autoware.ai/install/autoware_system_msgs/lib/x86_64-linux-gnu/pkgconfig:/home/point001/autoware.ai/install/autoware_system_msgs/lib/pkgconfig:/home/point001/autoware.ai/install/autoware_msgs/lib/x86_64-linux-gnu/pkgconfig:/home/point001/autoware.ai/install/autoware_msgs/lib/pkgconfig:${PKG_CONFIG_PATH} PYTHONPATH=/home/point001/autoware.ai/install/autoware_system_msgs/lib/python2.7/dist-packages:/home/point001/autoware.ai/install/autoware_msgs/lib/python2.7/dist-packages:${PYTHONPATH} ROS_PACKAGE_PATH=/home/point001/autoware.ai/install/autoware_health_checker/share:/home/point001/autoware.ai/install/ros_observer/share:/home/point001/autoware.ai/install/autoware_system_msgs/share:/home/point001/autoware.ai/install/autoware_msgs/share:${ROS_PACKAGE_PATH} /usr/bin/cmake --build /home/point001/autoware.ai/build/emergency_handler -- -j24 -l24
[0.582s] [  0%] Built target autoware_msgs_generate_messages_cpp
[0.591s] [  0%] Built target jsk_recognition_msgs_generate_messages_cpp
[0.591s] [  0%] Built target geometry_msgs_generate_messages_py
[0.591s] [  0%] Built target jsk_recognition_msgs_generate_messages_py
[0.591s] [  0%] Built target sensor_msgs_generate_messages_cpp
[0.591s] [  0%] Built target jsk_footstep_msgs_generate_messages_py
[0.592s] [  0%] Built target std_msgs_generate_messages_nodejs
[0.595s] [  0%] Built target geometry_msgs_generate_messages_nodejs
[0.595s] [  0%] Built target geometry_msgs_generate_messages_lisp
[0.596s] [  0%] Built target sensor_msgs_generate_messages_lisp
[0.596s] [  0%] Built target autoware_system_msgs_generate_messages_eus
[0.599s] [  0%] Built target roscpp_generate_messages_nodejs
[0.605s] [  0%] Built target geometry_msgs_generate_messages_eus
[0.608s] [  0%] Built target geometry_msgs_generate_messages_cpp
[0.611s] [  0%] Built target std_msgs_generate_messages_cpp
[0.612s] [  0%] Built target autoware_msgs_generate_messages_lisp
[0.612s] [  0%] Built target actionlib_msgs_generate_messages_nodejs
[0.612s] [  0%] Built target rosgraph_msgs_generate_messages_eus
[0.612s] [  0%] Built target jsk_recognition_msgs_generate_messages_lisp
[0.615s] [  0%] Built target autoware_system_msgs_generate_messages_cpp
[0.615s] [  0%] Built target std_msgs_generate_messages_py
[0.619s] [  0%] Built target autoware_system_msgs_generate_messages_lisp
[0.622s] [  0%] Built target std_msgs_generate_messages_eus
[0.623s] [  0%] Built target std_msgs_generate_messages_lisp
[0.624s] [  0%] Built target autoware_msgs_generate_messages_eus
[0.633s] [  0%] Built target rosgraph_msgs_generate_messages_py
[0.633s] [  0%] Built target autoware_msgs_generate_messages_nodejs
[0.633s] [  0%] Built target actionlib_msgs_generate_messages_eus
[0.633s] [  0%] Built target rosgraph_msgs_generate_messages_lisp
[0.633s] [  0%] Built target roscpp_generate_messages_eus
[0.638s] [  0%] Built target sensor_msgs_generate_messages_eus
[0.641s] [  0%] Built target autoware_system_msgs_generate_messages_py
[0.641s] [  0%] Built target roscpp_generate_messages_cpp
[0.641s] [  0%] Built target autoware_msgs_generate_messages_py
[0.653s] [  0%] Built target jsk_recognition_msgs_generate_messages_eus
[0.653s] [  0%] Built target pcl_msgs_generate_messages_eus
[0.653s] [  0%] Built target sensor_msgs_generate_messages_py
[0.653s] [  0%] Built target sensor_msgs_generate_messages_nodejs
[0.653s] [  0%] Built target pcl_msgs_generate_messages_nodejs
[0.654s] [  0%] Built target pcl_msgs_generate_messages_lisp
[0.654s] [  0%] Built target rosgraph_msgs_generate_messages_nodejs
[0.657s] [  0%] Built target jsk_footstep_msgs_generate_messages_nodejs
[0.658s] [  0%] Built target pcl_msgs_generate_messages_cpp
[0.660s] [  0%] Built target jsk_footstep_msgs_generate_messages_lisp
[0.661s] [  0%] Built target pcl_msgs_generate_messages_py
[0.661s] [  0%] Built target actionlib_msgs_generate_messages_py
[0.665s] [  0%] Built target jsk_footstep_msgs_generate_messages_cpp
[0.665s] [  0%] Built target jsk_footstep_msgs_generate_messages_eus
[0.671s] [  0%] Built target actionlib_msgs_generate_messages_cpp
[0.674s] [  0%] Built target roscpp_generate_messages_py
[0.674s] [  0%] Built target actionlib_msgs_generate_messages_lisp
[0.678s] [  0%] Built target roscpp_generate_messages_lisp
[0.682s] [  0%] Built target autoware_system_msgs_generate_messages_nodejs
[0.685s] [  0%] Built target jsk_recognition_msgs_generate_messages_nodejs
[0.688s] [  0%] Built target rosgraph_msgs_generate_messages_cpp
[0.708s] [ 37%] Built target system_status_filter
[0.730s] [100%] Built target emergency_handler
[0.951s] Invoked command in '/home/point001/autoware.ai/build/emergency_handler' returned '0': CMAKE_PREFIX_PATH=/home/point001/autoware.ai/install/autoware_health_checker:/home/point001/autoware.ai/install/ros_observer:/home/point001/autoware.ai/install/autoware_system_msgs:/home/point001/autoware.ai/install/autoware_msgs:${CMAKE_PREFIX_PATH} LD_LIBRARY_PATH=/home/point001/autoware.ai/install/autoware_health_checker/lib:/home/point001/autoware.ai/install/ros_observer/lib:/opt/ros/melodic/lib:/usr/local/cuda-10.0/lib64 PKG_CONFIG_PATH=/home/point001/autoware.ai/install/autoware_health_checker/lib/x86_64-linux-gnu/pkgconfig:/home/point001/autoware.ai/install/autoware_health_checker/lib/pkgconfig:/home/point001/autoware.ai/install/ros_observer/lib/x86_64-linux-gnu/pkgconfig:/home/point001/autoware.ai/install/ros_observer/lib/pkgconfig:/home/point001/autoware.ai/install/autoware_system_msgs/lib/x86_64-linux-gnu/pkgconfig:/home/point001/autoware.ai/install/autoware_system_msgs/lib/pkgconfig:/home/point001/autoware.ai/install/autoware_msgs/lib/x86_64-linux-gnu/pkgconfig:/home/point001/autoware.ai/install/autoware_msgs/lib/pkgconfig:${PKG_CONFIG_PATH} PYTHONPATH=/home/point001/autoware.ai/install/autoware_system_msgs/lib/python2.7/dist-packages:/home/point001/autoware.ai/install/autoware_msgs/lib/python2.7/dist-packages:${PYTHONPATH} ROS_PACKAGE_PATH=/home/point001/autoware.ai/install/autoware_health_checker/share:/home/point001/autoware.ai/install/ros_observer/share:/home/point001/autoware.ai/install/autoware_system_msgs/share:/home/point001/autoware.ai/install/autoware_msgs/share:${ROS_PACKAGE_PATH} /usr/bin/cmake --build /home/point001/autoware.ai/build/emergency_handler -- -j24 -l24
[1.515s] Invoking command in '/home/point001/autoware.ai/build/emergency_handler': CMAKE_PREFIX_PATH=/home/point001/autoware.ai/install/autoware_health_checker:/home/point001/autoware.ai/install/ros_observer:/home/point001/autoware.ai/install/autoware_system_msgs:/home/point001/autoware.ai/install/autoware_msgs:${CMAKE_PREFIX_PATH} LD_LIBRARY_PATH=/home/point001/autoware.ai/install/autoware_health_checker/lib:/home/point001/autoware.ai/install/ros_observer/lib:/opt/ros/melodic/lib:/usr/local/cuda-10.0/lib64 PKG_CONFIG_PATH=/home/point001/autoware.ai/install/autoware_health_checker/lib/x86_64-linux-gnu/pkgconfig:/home/point001/autoware.ai/install/autoware_health_checker/lib/pkgconfig:/home/point001/autoware.ai/install/ros_observer/lib/x86_64-linux-gnu/pkgconfig:/home/point001/autoware.ai/install/ros_observer/lib/pkgconfig:/home/point001/autoware.ai/install/autoware_system_msgs/lib/x86_64-linux-gnu/pkgconfig:/home/point001/autoware.ai/install/autoware_system_msgs/lib/pkgconfig:/home/point001/autoware.ai/install/autoware_msgs/lib/x86_64-linux-gnu/pkgconfig:/home/point001/autoware.ai/install/autoware_msgs/lib/pkgconfig:${PKG_CONFIG_PATH} PYTHONPATH=/home/point001/autoware.ai/install/autoware_system_msgs/lib/python2.7/dist-packages:/home/point001/autoware.ai/install/autoware_msgs/lib/python2.7/dist-packages:${PYTHONPATH} ROS_PACKAGE_PATH=/home/point001/autoware.ai/install/autoware_health_checker/share:/home/point001/autoware.ai/install/ros_observer/share:/home/point001/autoware.ai/install/autoware_system_msgs/share:/home/point001/autoware.ai/install/autoware_msgs/share:${ROS_PACKAGE_PATH} /usr/bin/cmake --build /home/point001/autoware.ai/build/emergency_handler --target tests -- -j24 -l24
[1.782s] [  0%] Built target autoware_system_msgs_generate_messages_eus
[1.794s] [  0%] Built target std_msgs_generate_messages_py
[1.800s] [  0%] Built target geometry_msgs_generate_messages_py
[1.801s] [  0%] Built target std_msgs_generate_messages_cpp
[1.801s] [  0%] Built target autoware_msgs_generate_messages_lisp
[1.802s] [  0%] Built target autoware_msgs_generate_messages_cpp
[1.804s] [  0%] Built target autoware_system_msgs_generate_messages_lisp
[1.805s] [  0%] Built target jsk_recognition_msgs_generate_messages_cpp
[1.806s] [ 20%] Built target gtest
[1.808s] [ 20%] Built target autoware_msgs_generate_messages_eus
[1.808s] [ 20%] Built target std_msgs_generate_messages_nodejs
[1.812s] [ 20%] Built target sensor_msgs_generate_messages_cpp
[1.814s] [ 20%] Built target sensor_msgs_generate_messages_lisp
[1.816s] [ 20%] Built target geometry_msgs_generate_messages_nodejs
[1.817s] [ 20%] Built target actionlib_msgs_generate_messages_nodejs
[1.821s] [ 20%] Built target jsk_recognition_msgs_generate_messages_py
[1.821s] [ 20%] Built target autoware_system_msgs_generate_messages_cpp
[1.823s] [ 20%] Built target jsk_recognition_msgs_generate_messages_lisp
[1.824s] [ 20%] Built target geometry_msgs_generate_messages_eus
[1.829s] [ 20%] Built target geometry_msgs_generate_messages_cpp
[1.829s] [ 20%] Built target rosgraph_msgs_generate_messages_eus
[1.830s] [ 20%] Built target geometry_msgs_generate_messages_lisp
[1.830s] [ 20%] Built target std_msgs_generate_messages_eus
[1.846s] [ 20%] Built target autoware_msgs_generate_messages_nodejs
[1.847s] [ 20%] Built target rosgraph_msgs_generate_messages_lisp
[1.847s] [ 20%] Built target std_msgs_generate_messages_lisp
[1.848s] [ 20%] Built target pcl_msgs_generate_messages_cpp
[1.853s] [ 20%] Built target roscpp_generate_messages_eus
[1.860s] [ 20%] Built target autoware_msgs_generate_messages_py
[1.866s] [ 20%] Built target jsk_footstep_msgs_generate_messages_py
[1.867s] [ 20%] Built target sensor_msgs_generate_messages_nodejs
[1.868s] [ 20%] Built target pcl_msgs_generate_messages_eus
[1.869s] [ 20%] Built target autoware_system_msgs_generate_messages_py
[1.869s] [ 20%] Built target jsk_recognition_msgs_generate_messages_eus
[1.869s] [ 20%] Built target actionlib_msgs_generate_messages_eus
[1.870s] [ 20%] Built target jsk_footstep_msgs_generate_messages_nodejs
[1.871s] [ 20%] Built target pcl_msgs_generate_messages_lisp
[1.872s] [ 20%] Built target sensor_msgs_generate_messages_eus
[1.879s] [ 20%] Built target roscpp_generate_messages_nodejs
[1.879s] [ 20%] Built target rosgraph_msgs_generate_messages_py
[1.880s] [ 20%] Built target rosgraph_msgs_generate_messages_nodejs
[1.880s] [ 20%] Built target jsk_footstep_msgs_generate_messages_eus
[1.884s] [ 20%] Built target pcl_msgs_generate_messages_nodejs
[1.887s] [ 20%] Built target jsk_footstep_msgs_generate_messages_cpp
[1.897s] [ 20%] Built target jsk_footstep_msgs_generate_messages_lisp
[1.898s] [ 20%] Built target roscpp_generate_messages_cpp
[1.898s] [ 20%] Built target actionlib_msgs_generate_messages_lisp
[1.899s] [ 20%] Built target pcl_msgs_generate_messages_py
[1.899s] [ 20%] Built target roscpp_generate_messages_py
[1.902s] [ 20%] Built target autoware_system_msgs_generate_messages_nodejs
[1.903s] [ 20%] Built target actionlib_msgs_generate_messages_py
[1.910s] [ 20%] Built target sensor_msgs_generate_messages_py
[1.911s] [ 20%] Built target jsk_recognition_msgs_generate_messages_nodejs
[1.911s] [ 20%] Built target roscpp_generate_messages_lisp
[1.930s] [ 20%] Built target actionlib_msgs_generate_messages_cpp
[1.943s] [ 20%] Built target rosgraph_msgs_generate_messages_cpp
[2.003s] [ 50%] Built target system_status_filter
[2.032s] [100%] Built target test_emergency_handler
[2.065s] [100%] Built target tests
[2.177s] Invoked command in '/home/point001/autoware.ai/build/emergency_handler' returned '0': CMAKE_PREFIX_PATH=/home/point001/autoware.ai/install/autoware_health_checker:/home/point001/autoware.ai/install/ros_observer:/home/point001/autoware.ai/install/autoware_system_msgs:/home/point001/autoware.ai/install/autoware_msgs:${CMAKE_PREFIX_PATH} LD_LIBRARY_PATH=/home/point001/autoware.ai/install/autoware_health_checker/lib:/home/point001/autoware.ai/install/ros_observer/lib:/opt/ros/melodic/lib:/usr/local/cuda-10.0/lib64 PKG_CONFIG_PATH=/home/point001/autoware.ai/install/autoware_health_checker/lib/x86_64-linux-gnu/pkgconfig:/home/point001/autoware.ai/install/autoware_health_checker/lib/pkgconfig:/home/point001/autoware.ai/install/ros_observer/lib/x86_64-linux-gnu/pkgconfig:/home/point001/autoware.ai/install/ros_observer/lib/pkgconfig:/home/point001/autoware.ai/install/autoware_system_msgs/lib/x86_64-linux-gnu/pkgconfig:/home/point001/autoware.ai/install/autoware_system_msgs/lib/pkgconfig:/home/point001/autoware.ai/install/autoware_msgs/lib/x86_64-linux-gnu/pkgconfig:/home/point001/autoware.ai/install/autoware_msgs/lib/pkgconfig:${PKG_CONFIG_PATH} PYTHONPATH=/home/point001/autoware.ai/install/autoware_system_msgs/lib/python2.7/dist-packages:/home/point001/autoware.ai/install/autoware_msgs/lib/python2.7/dist-packages:${PYTHONPATH} ROS_PACKAGE_PATH=/home/point001/autoware.ai/install/autoware_health_checker/share:/home/point001/autoware.ai/install/ros_observer/share:/home/point001/autoware.ai/install/autoware_system_msgs/share:/home/point001/autoware.ai/install/autoware_msgs/share:${ROS_PACKAGE_PATH} /usr/bin/cmake --build /home/point001/autoware.ai/build/emergency_handler --target tests -- -j24 -l24
[2.953s] Invoking command in '/home/point001/autoware.ai/build/emergency_handler': CMAKE_PREFIX_PATH=/home/point001/autoware.ai/install/autoware_health_checker:/home/point001/autoware.ai/install/ros_observer:/home/point001/autoware.ai/install/autoware_system_msgs:/home/point001/autoware.ai/install/autoware_msgs:${CMAKE_PREFIX_PATH} LD_LIBRARY_PATH=/home/point001/autoware.ai/install/autoware_health_checker/lib:/home/point001/autoware.ai/install/ros_observer/lib:/opt/ros/melodic/lib:/usr/local/cuda-10.0/lib64 PKG_CONFIG_PATH=/home/point001/autoware.ai/install/autoware_health_checker/lib/x86_64-linux-gnu/pkgconfig:/home/point001/autoware.ai/install/autoware_health_checker/lib/pkgconfig:/home/point001/autoware.ai/install/ros_observer/lib/x86_64-linux-gnu/pkgconfig:/home/point001/autoware.ai/install/ros_observer/lib/pkgconfig:/home/point001/autoware.ai/install/autoware_system_msgs/lib/x86_64-linux-gnu/pkgconfig:/home/point001/autoware.ai/install/autoware_system_msgs/lib/pkgconfig:/home/point001/autoware.ai/install/autoware_msgs/lib/x86_64-linux-gnu/pkgconfig:/home/point001/autoware.ai/install/autoware_msgs/lib/pkgconfig:${PKG_CONFIG_PATH} PYTHONPATH=/home/point001/autoware.ai/install/autoware_system_msgs/lib/python2.7/dist-packages:/home/point001/autoware.ai/install/autoware_msgs/lib/python2.7/dist-packages:${PYTHONPATH} ROS_PACKAGE_PATH=/home/point001/autoware.ai/install/autoware_health_checker/share:/home/point001/autoware.ai/install/ros_observer/share:/home/point001/autoware.ai/install/autoware_system_msgs/share:/home/point001/autoware.ai/install/autoware_msgs/share:${ROS_PACKAGE_PATH} /usr/bin/cmake --build /home/point001/autoware.ai/build/emergency_handler --target install -- -j24 -l24
[3.014s] [  0%] Built target autoware_msgs_generate_messages_cpp
[3.015s] [  0%] Built target std_msgs_generate_messages_eus
[3.015s] [  0%] Built target autoware_msgs_generate_messages_lisp
[3.015s] [  0%] Built target jsk_recognition_msgs_generate_messages_py
[3.015s] [  0%] Built target geometry_msgs_generate_messages_cpp
[3.015s] [  0%] Built target autoware_system_msgs_generate_messages_cpp
[3.015s] [  0%] Built target geometry_msgs_generate_messages_py
[3.015s] [  0%] Built target autoware_msgs_generate_messages_eus
[3.016s] [  0%] Built target rosgraph_msgs_generate_messages_eus
[3.018s] [  0%] Built target std_msgs_generate_messages_nodejs
[3.024s] [  0%] Built target jsk_recognition_msgs_generate_messages_cpp
[3.025s] [  0%] Built target roscpp_generate_messages_nodejs
[3.025s] [  0%] Built target sensor_msgs_generate_messages_cpp
[3.025s] [  0%] Built target std_msgs_generate_messages_cpp
[3.025s] [  0%] Built target autoware_system_msgs_generate_messages_eus
[3.025s] [  0%] Built target actionlib_msgs_generate_messages_nodejs
[3.025s] [  0%] Built target jsk_recognition_msgs_generate_messages_lisp
[3.033s] [  0%] Built target autoware_system_msgs_generate_messages_lisp
[3.033s] [  0%] Built target sensor_msgs_generate_messages_lisp
[3.035s] [  0%] Built target jsk_footstep_msgs_generate_messages_py
[3.035s] [  0%] Built target geometry_msgs_generate_messages_eus
[3.035s] [  0%] Built target std_msgs_generate_messages_py
[3.037s] [  0%] Built target geometry_msgs_generate_messages_lisp
[3.038s] [  0%] Built target jsk_recognition_msgs_generate_messages_eus
[3.039s] [  0%] Built target geometry_msgs_generate_messages_nodejs
[3.039s] [  0%] Built target rosgraph_msgs_generate_messages_lisp
[3.042s] [  0%] Built target std_msgs_generate_messages_lisp
[3.049s] [  0%] Built target roscpp_generate_messages_eus
[3.049s] [  0%] Built target autoware_msgs_generate_messages_py
[3.049s] [  0%] Built target autoware_system_msgs_generate_messages_py
[3.050s] [  0%] Built target actionlib_msgs_generate_messages_eus
[3.050s] [  0%] Built target autoware_msgs_generate_messages_nodejs
[3.054s] [  0%] Built target sensor_msgs_generate_messages_eus
[3.054s] [  0%] Built target rosgraph_msgs_generate_messages_py
[3.054s] [  0%] Built target sensor_msgs_generate_messages_nodejs
[3.058s] [  0%] Built target sensor_msgs_generate_messages_py
[3.059s] [  0%] Built target roscpp_generate_messages_cpp
[3.059s] [  0%] Built target rosgraph_msgs_generate_messages_nodejs
[3.059s] [  0%] Built target pcl_msgs_generate_messages_lisp
[3.059s] [  0%] Built target pcl_msgs_generate_messages_nodejs
[3.064s] [  0%] Built target pcl_msgs_generate_messages_cpp
[3.064s] [  0%] Built target pcl_msgs_generate_messages_eus
[3.070s] [  0%] Built target pcl_msgs_generate_messages_py
[3.070s] [  0%] Built target jsk_footstep_msgs_generate_messages_eus
[3.070s] [  0%] Built target jsk_footstep_msgs_generate_messages_nodejs
[3.071s] [  0%] Built target autoware_system_msgs_generate_messages_nodejs
[3.071s] [  0%] Built target actionlib_msgs_generate_messages_lisp
[3.071s] [  0%] Built target jsk_footstep_msgs_generate_messages_lisp
[3.071s] [  0%] Built target actionlib_msgs_generate_messages_cpp
[3.073s] [  0%] Built target rosgraph_msgs_generate_messages_cpp
[3.074s] [  0%] Built target jsk_footstep_msgs_generate_messages_cpp
[3.074s] [  0%] Built target jsk_recognition_msgs_generate_messages_nodejs
[3.074s] [  0%] Built target roscpp_generate_messages_lisp
[3.079s] [  0%] Built target actionlib_msgs_generate_messages_py
[3.080s] [  0%] Built target roscpp_generate_messages_py
[3.127s] [ 37%] Built target system_status_filter
[3.173s] [100%] Built target emergency_handler
[3.212s] [36mInstall the project...[0m
[3.227s] -- Install configuration: "Release"
[3.227s] -- Up-to-date: /home/point001/autoware.ai/install/emergency_handler/lib/pkgconfig/emergency_handler.pc
[3.228s] -- Up-to-date: /home/point001/autoware.ai/install/emergency_handler/share/emergency_handler/cmake/emergency_handlerConfig.cmake
[3.228s] -- Up-to-date: /home/point001/autoware.ai/install/emergency_handler/share/emergency_handler/cmake/emergency_handlerConfig-version.cmake
[3.228s] -- Up-to-date: /home/point001/autoware.ai/install/emergency_handler/share/emergency_handler/package.xml
[3.234s] -- Up-to-date: /home/point001/autoware.ai/install/emergency_handler/lib/emergency_handler/emergency_handler
[3.234s] -- Up-to-date: /home/point001/autoware.ai/install/emergency_handler/lib/libsystem_status_filter.so
[3.234s] -- Up-to-date: /home/point001/autoware.ai/install/emergency_handler/include/emergency_handler
[3.235s] -- Up-to-date: /home/point001/autoware.ai/install/emergency_handler/include/emergency_handler/libsystem_status_filter.h
[3.235s] -- Up-to-date: /home/point001/autoware.ai/install/emergency_handler/include/emergency_handler/emergency_stop_planner.h
[3.235s] -- Up-to-date: /home/point001/autoware.ai/install/emergency_handler/include/emergency_handler/emergency_planner.h
[3.235s] -- Up-to-date: /home/point001/autoware.ai/install/emergency_handler/include/emergency_handler/libvital_monitor.h
[3.235s] -- Up-to-date: /home/point001/autoware.ai/install/emergency_handler/include/emergency_handler/emergency_handler.h
[3.235s] -- Up-to-date: /home/point001/autoware.ai/install/emergency_handler/include/emergency_handler/system_status_filter.h
[3.235s] -- Up-to-date: /home/point001/autoware.ai/install/emergency_handler/share/emergency_handler/launch
[3.235s] -- Up-to-date: /home/point001/autoware.ai/install/emergency_handler/share/emergency_handler/launch/emergency_handler.launch
[3.235s] -- Up-to-date: /home/point001/autoware.ai/install/emergency_handler/share/emergency_handler/config
[3.235s] -- Up-to-date: /home/point001/autoware.ai/install/emergency_handler/share/emergency_handler/config/emergency_handler.yaml
[3.236s] -- Up-to-date: /home/point001/autoware.ai/install/emergency_handler/share/emergency_handler/config/README.md
[3.404s] Invoked command in '/home/point001/autoware.ai/build/emergency_handler' returned '0': CMAKE_PREFIX_PATH=/home/point001/autoware.ai/install/autoware_health_checker:/home/point001/autoware.ai/install/ros_observer:/home/point001/autoware.ai/install/autoware_system_msgs:/home/point001/autoware.ai/install/autoware_msgs:${CMAKE_PREFIX_PATH} LD_LIBRARY_PATH=/home/point001/autoware.ai/install/autoware_health_checker/lib:/home/point001/autoware.ai/install/ros_observer/lib:/opt/ros/melodic/lib:/usr/local/cuda-10.0/lib64 PKG_CONFIG_PATH=/home/point001/autoware.ai/install/autoware_health_checker/lib/x86_64-linux-gnu/pkgconfig:/home/point001/autoware.ai/install/autoware_health_checker/lib/pkgconfig:/home/point001/autoware.ai/install/ros_observer/lib/x86_64-linux-gnu/pkgconfig:/home/point001/autoware.ai/install/ros_observer/lib/pkgconfig:/home/point001/autoware.ai/install/autoware_system_msgs/lib/x86_64-linux-gnu/pkgconfig:/home/point001/autoware.ai/install/autoware_system_msgs/lib/pkgconfig:/home/point001/autoware.ai/install/autoware_msgs/lib/x86_64-linux-gnu/pkgconfig:/home/point001/autoware.ai/install/autoware_msgs/lib/pkgconfig:${PKG_CONFIG_PATH} PYTHONPATH=/home/point001/autoware.ai/install/autoware_system_msgs/lib/python2.7/dist-packages:/home/point001/autoware.ai/install/autoware_msgs/lib/python2.7/dist-packages:${PYTHONPATH} ROS_PACKAGE_PATH=/home/point001/autoware.ai/install/autoware_health_checker/share:/home/point001/autoware.ai/install/ros_observer/share:/home/point001/autoware.ai/install/autoware_system_msgs/share:/home/point001/autoware.ai/install/autoware_msgs/share:${ROS_PACKAGE_PATH} /usr/bin/cmake --build /home/point001/autoware.ai/build/emergency_handler --target install -- -j24 -l24
