[0.172s] Invoking command in '/home/point001/autoware.ai/build/vehicle_gazebo_simulation_interface': CMAKE_PREFIX_PATH=/home/point001/autoware.ai/install/autoware_msgs:/home/point001/autoware.ai/install/autoware_build_flags:${CMAKE_PREFIX_PATH} PKG_CONFIG_PATH=/home/point001/autoware.ai/install/autoware_msgs/lib/x86_64-linux-gnu/pkgconfig:/home/point001/autoware.ai/install/autoware_msgs/lib/pkgconfig:/home/point001/autoware.ai/install/autoware_build_flags/lib/x86_64-linux-gnu/pkgconfig:/home/point001/autoware.ai/install/autoware_build_flags/lib/pkgconfig:${PKG_CONFIG_PATH} PYTHONPATH=/home/point001/autoware.ai/install/autoware_msgs/lib/python2.7/dist-packages:${PYTHONPATH} ROS_PACKAGE_PATH=/home/point001/autoware.ai/install/autoware_msgs/share:/home/point001/autoware.ai/install/autoware_build_flags/share:${ROS_PACKAGE_PATH} /usr/bin/cmake --build /home/point001/autoware.ai/build/vehicle_gazebo_simulation_interface -- -j24 -l24
[0.273s] [  0%] Built target std_msgs_generate_messages_cpp
[0.273s] [  0%] Built target pcl_msgs_generate_messages_nodejs
[0.273s] [  0%] Built target roscpp_generate_messages_cpp
[0.273s] [  0%] Built target autoware_msgs_generate_messages_cpp
[0.273s] [  0%] Built target std_msgs_generate_messages_py
[0.273s] [  0%] Built target sensor_msgs_generate_messages_eus
[0.273s] [  0%] Built target autoware_msgs_generate_messages_py
[0.274s] [  0%] Built target pcl_msgs_generate_messages_eus
[0.279s] [  0%] Built target actionlib_generate_messages_eus
[0.280s] [  0%] Built target geometry_msgs_generate_messages_py
[0.280s] [  0%] Built target jsk_recognition_msgs_generate_messages_eus
[0.280s] [  0%] Built target rosgraph_msgs_generate_messages_cpp
[0.280s] [  0%] Built target std_msgs_generate_messages_nodejs
[0.280s] [  0%] Built target sensor_msgs_generate_messages_cpp
[0.280s] [  0%] Built target jsk_recognition_msgs_generate_messages_py
[0.280s] [  0%] Built target sensor_msgs_generate_messages_nodejs
[0.281s] [  0%] Built target actionlib_msgs_generate_messages_nodejs
[0.281s] [  0%] Built target sensor_msgs_generate_messages_py
[0.281s] [  0%] Built target jsk_recognition_msgs_generate_messages_lisp
[0.281s] [  0%] Built target tf2_msgs_generate_messages_cpp
[0.282s] [  0%] Built target actionlib_generate_messages_cpp
[0.282s] [  0%] Built target jsk_footstep_msgs_generate_messages_py
[0.282s] [  0%] Built target gazebo_msgs_generate_messages_cpp
[0.282s] [  0%] Built target sensor_msgs_generate_messages_lisp
[0.290s] [  0%] Built target geometry_msgs_generate_messages_eus
[0.295s] [  0%] Built target std_msgs_generate_messages_lisp
[0.301s] [  0%] Built target pcl_msgs_generate_messages_cpp
[0.304s] [  0%] Built target actionlib_generate_messages_nodejs
[0.306s] [  0%] Built target geometry_msgs_generate_messages_nodejs
[0.306s] [  0%] Built target std_msgs_generate_messages_eus
[0.307s] [  0%] Built target roscpp_generate_messages_nodejs
[0.307s] [  0%] Built target actionlib_generate_messages_lisp
[0.310s] [  0%] Built target geometry_msgs_generate_messages_lisp
[0.311s] [  0%] Built target jsk_recognition_msgs_generate_messages_cpp
[0.313s] [  0%] Built target geometry_msgs_generate_messages_cpp
[0.313s] [  0%] Built target pcl_msgs_generate_messages_lisp
[0.313s] [  0%] Built target trajectory_msgs_generate_messages_py
[0.325s] [  0%] Built target jsk_footstep_msgs_generate_messages_cpp
[0.327s] [  0%] Built target std_srvs_generate_messages_cpp
[0.327s] [  0%] Built target jsk_footstep_msgs_generate_messages_nodejs
[0.329s] [  0%] Built target autoware_msgs_generate_messages_eus
[0.330s] [  0%] Built target gazebo_msgs_generate_messages_py
[0.336s] [  0%] Built target jsk_footstep_msgs_generate_messages_eus
[0.336s] [  0%] Built target jsk_footstep_msgs_generate_messages_lisp
[0.336s] [  0%] Built target trajectory_msgs_generate_messages_nodejs
[0.341s] [  0%] Built target roscpp_generate_messages_lisp
[0.342s] [  0%] Built target actionlib_msgs_generate_messages_lisp
[0.342s] [  0%] Built target autoware_msgs_generate_messages_lisp
[0.349s] [  0%] Built target autoware_msgs_generate_messages_nodejs
[0.349s] [  0%] Built target std_srvs_generate_messages_eus
[0.349s] [  0%] Built target actionlib_msgs_generate_messages_py
[0.351s] [  0%] Built target trajectory_msgs_generate_messages_cpp
[0.353s] [  0%] Built target gazebo_msgs_generate_messages_nodejs
[0.355s] [  0%] Built target gazebo_msgs_generate_messages_eus
[0.361s] [  0%] Built target rosgraph_msgs_generate_messages_eus
[0.361s] [  0%] Built target _catkin_empty_exported_target
[0.361s] [  0%] Built target gazebo_msgs_generate_messages_lisp
[0.361s] [  0%] Built target actionlib_msgs_generate_messages_cpp
[0.362s] [  0%] Built target rosgraph_msgs_generate_messages_lisp
[0.363s] [  0%] Built target rosgraph_msgs_generate_messages_nodejs
[0.368s] [  0%] Built target trajectory_msgs_generate_messages_lisp
[0.373s] [  0%] Built target jsk_recognition_msgs_generate_messages_nodejs
[0.373s] [  0%] Built target roscpp_generate_messages_eus
[0.373s] [  0%] Built target std_srvs_generate_messages_lisp
[0.373s] [  0%] Built target roscpp_generate_messages_py
[0.374s] [  0%] Built target std_srvs_generate_messages_py
[0.379s] [  0%] Built target tf2_msgs_generate_messages_py
[0.380s] [  0%] Built target actionlib_generate_messages_py
[0.381s] [  0%] Built target pcl_msgs_generate_messages_py
[0.381s] [  0%] Built target std_srvs_generate_messages_nodejs
[0.381s] [  0%] Built target tf2_msgs_generate_messages_eus
[0.381s] [  0%] Built target actionlib_msgs_generate_messages_eus
[0.381s] [  0%] Built target rosgraph_msgs_generate_messages_py
[0.381s] [  0%] Built target tf2_msgs_generate_messages_nodejs
[0.382s] [  0%] Built target tf2_msgs_generate_messages_lisp
[0.383s] [  0%] Built target trajectory_msgs_generate_messages_eus
[0.418s] [ 50%] Built target vehicle_gazebo_info_publisher
[0.423s] [100%] Built target vehicle_gazebo_input_subscriber
[0.548s] Invoked command in '/home/point001/autoware.ai/build/vehicle_gazebo_simulation_interface' returned '0': CMAKE_PREFIX_PATH=/home/point001/autoware.ai/install/autoware_msgs:/home/point001/autoware.ai/install/autoware_build_flags:${CMAKE_PREFIX_PATH} PKG_CONFIG_PATH=/home/point001/autoware.ai/install/autoware_msgs/lib/x86_64-linux-gnu/pkgconfig:/home/point001/autoware.ai/install/autoware_msgs/lib/pkgconfig:/home/point001/autoware.ai/install/autoware_build_flags/lib/x86_64-linux-gnu/pkgconfig:/home/point001/autoware.ai/install/autoware_build_flags/lib/pkgconfig:${PKG_CONFIG_PATH} PYTHONPATH=/home/point001/autoware.ai/install/autoware_msgs/lib/python2.7/dist-packages:${PYTHONPATH} ROS_PACKAGE_PATH=/home/point001/autoware.ai/install/autoware_msgs/share:/home/point001/autoware.ai/install/autoware_build_flags/share:${ROS_PACKAGE_PATH} /usr/bin/cmake --build /home/point001/autoware.ai/build/vehicle_gazebo_simulation_interface -- -j24 -l24
[0.918s] Invoking command in '/home/point001/autoware.ai/build/vehicle_gazebo_simulation_interface': CMAKE_PREFIX_PATH=/home/point001/autoware.ai/install/autoware_msgs:/home/point001/autoware.ai/install/autoware_build_flags:${CMAKE_PREFIX_PATH} PKG_CONFIG_PATH=/home/point001/autoware.ai/install/autoware_msgs/lib/x86_64-linux-gnu/pkgconfig:/home/point001/autoware.ai/install/autoware_msgs/lib/pkgconfig:/home/point001/autoware.ai/install/autoware_build_flags/lib/x86_64-linux-gnu/pkgconfig:/home/point001/autoware.ai/install/autoware_build_flags/lib/pkgconfig:${PKG_CONFIG_PATH} PYTHONPATH=/home/point001/autoware.ai/install/autoware_msgs/lib/python2.7/dist-packages:${PYTHONPATH} ROS_PACKAGE_PATH=/home/point001/autoware.ai/install/autoware_msgs/share:/home/point001/autoware.ai/install/autoware_build_flags/share:${ROS_PACKAGE_PATH} /usr/bin/cmake --build /home/point001/autoware.ai/build/vehicle_gazebo_simulation_interface --target tests -- -j24 -l24
[1.035s] Built target tests
[1.104s] Invoked command in '/home/point001/autoware.ai/build/vehicle_gazebo_simulation_interface' returned '0': CMAKE_PREFIX_PATH=/home/point001/autoware.ai/install/autoware_msgs:/home/point001/autoware.ai/install/autoware_build_flags:${CMAKE_PREFIX_PATH} PKG_CONFIG_PATH=/home/point001/autoware.ai/install/autoware_msgs/lib/x86_64-linux-gnu/pkgconfig:/home/point001/autoware.ai/install/autoware_msgs/lib/pkgconfig:/home/point001/autoware.ai/install/autoware_build_flags/lib/x86_64-linux-gnu/pkgconfig:/home/point001/autoware.ai/install/autoware_build_flags/lib/pkgconfig:${PKG_CONFIG_PATH} PYTHONPATH=/home/point001/autoware.ai/install/autoware_msgs/lib/python2.7/dist-packages:${PYTHONPATH} ROS_PACKAGE_PATH=/home/point001/autoware.ai/install/autoware_msgs/share:/home/point001/autoware.ai/install/autoware_build_flags/share:${ROS_PACKAGE_PATH} /usr/bin/cmake --build /home/point001/autoware.ai/build/vehicle_gazebo_simulation_interface --target tests -- -j24 -l24
[1.741s] Invoking command in '/home/point001/autoware.ai/build/vehicle_gazebo_simulation_interface': CMAKE_PREFIX_PATH=/home/point001/autoware.ai/install/autoware_msgs:/home/point001/autoware.ai/install/autoware_build_flags:${CMAKE_PREFIX_PATH} PKG_CONFIG_PATH=/home/point001/autoware.ai/install/autoware_msgs/lib/x86_64-linux-gnu/pkgconfig:/home/point001/autoware.ai/install/autoware_msgs/lib/pkgconfig:/home/point001/autoware.ai/install/autoware_build_flags/lib/x86_64-linux-gnu/pkgconfig:/home/point001/autoware.ai/install/autoware_build_flags/lib/pkgconfig:${PKG_CONFIG_PATH} PYTHONPATH=/home/point001/autoware.ai/install/autoware_msgs/lib/python2.7/dist-packages:${PYTHONPATH} ROS_PACKAGE_PATH=/home/point001/autoware.ai/install/autoware_msgs/share:/home/point001/autoware.ai/install/autoware_build_flags/share:${ROS_PACKAGE_PATH} /usr/bin/cmake --build /home/point001/autoware.ai/build/vehicle_gazebo_simulation_interface --target install -- -j24 -l24
[1.814s] [  0%] Built target tf2_msgs_generate_messages_cpp
[1.814s] [  0%] Built target geometry_msgs_generate_messages_py
[1.814s] [  0%] Built target sensor_msgs_generate_messages_eus
[1.814s] [  0%] Built target sensor_msgs_generate_messages_cpp
[1.815s] [  0%] Built target autoware_msgs_generate_messages_py
[1.818s] [  0%] Built target jsk_recognition_msgs_generate_messages_py
[1.818s] [  0%] Built target pcl_msgs_generate_messages_nodejs
[1.819s] [  0%] Built target std_msgs_generate_messages_nodejs
[1.821s] [  0%] Built target jsk_recognition_msgs_generate_messages_lisp
[1.824s] [  0%] Built target actionlib_generate_messages_eus
[1.824s] [  0%] Built target rosgraph_msgs_generate_messages_cpp
[1.825s] [  0%] Built target gazebo_msgs_generate_messages_cpp
[1.825s] [  0%] Built target roscpp_generate_messages_cpp
[1.826s] [  0%] Built target jsk_footstep_msgs_generate_messages_py
[1.830s] [  0%] Built target actionlib_generate_messages_cpp
[1.831s] [  0%] Built target actionlib_msgs_generate_messages_nodejs
[1.831s] [  0%] Built target std_msgs_generate_messages_cpp
[1.831s] [  0%] Built target sensor_msgs_generate_messages_py
[1.831s] [  0%] Built target std_msgs_generate_messages_py
[1.834s] [  0%] Built target pcl_msgs_generate_messages_eus
[1.835s] [  0%] Built target sensor_msgs_generate_messages_lisp
[1.839s] [  0%] Built target jsk_recognition_msgs_generate_messages_eus
[1.841s] [  0%] Built target autoware_msgs_generate_messages_cpp
[1.845s] [  0%] Built target geometry_msgs_generate_messages_nodejs
[1.846s] [  0%] Built target roscpp_generate_messages_nodejs
[1.850s] [  0%] Built target geometry_msgs_generate_messages_eus
[1.853s] [  0%] Built target std_msgs_generate_messages_lisp
[1.853s] [  0%] Built target geometry_msgs_generate_messages_lisp
[1.853s] [  0%] Built target sensor_msgs_generate_messages_nodejs
[1.853s] [  0%] Built target actionlib_generate_messages_lisp
[1.853s] [  0%] Built target jsk_recognition_msgs_generate_messages_cpp
[1.853s] [  0%] Built target autoware_msgs_generate_messages_lisp
[1.854s] [  0%] Built target actionlib_generate_messages_nodejs
[1.854s] [  0%] Built target pcl_msgs_generate_messages_lisp
[1.854s] [  0%] Built target pcl_msgs_generate_messages_cpp
[1.855s] [  0%] Built target autoware_msgs_generate_messages_eus
[1.856s] [  0%] Built target std_msgs_generate_messages_eus
[1.856s] [  0%] Built target gazebo_msgs_generate_messages_py
[1.857s] [  0%] Built target trajectory_msgs_generate_messages_py
[1.860s] [  0%] Built target trajectory_msgs_generate_messages_nodejs
[1.861s] [  0%] Built target actionlib_msgs_generate_messages_py
[1.861s] [  0%] Built target autoware_msgs_generate_messages_nodejs
[1.861s] [  0%] Built target jsk_footstep_msgs_generate_messages_eus
[1.864s] [  0%] Built target jsk_footstep_msgs_generate_messages_lisp
[1.864s] [  0%] Built target geometry_msgs_generate_messages_cpp
[1.867s] [  0%] Built target jsk_footstep_msgs_generate_messages_cpp
[1.876s] [  0%] Built target jsk_footstep_msgs_generate_messages_nodejs
[1.876s] [  0%] Built target actionlib_msgs_generate_messages_lisp
[1.882s] [  0%] Built target gazebo_msgs_generate_messages_nodejs
[1.889s] [  0%] Built target jsk_recognition_msgs_generate_messages_nodejs
[1.890s] [  0%] Built target std_srvs_generate_messages_cpp
[1.890s] [  0%] Built target actionlib_msgs_generate_messages_cpp
[1.890s] [  0%] Built target roscpp_generate_messages_lisp
[1.890s] [  0%] Built target _catkin_empty_exported_target
[1.892s] [  0%] Built target std_srvs_generate_messages_py
[1.897s] [  0%] Built target std_srvs_generate_messages_lisp
[1.897s] [  0%] Built target rosgraph_msgs_generate_messages_eus
[1.898s] [  0%] Built target roscpp_generate_messages_py
[1.902s] [  0%] Built target gazebo_msgs_generate_messages_eus
[1.902s] [  0%] Built target std_srvs_generate_messages_eus
[1.902s] [  0%] Built target actionlib_msgs_generate_messages_eus
[1.902s] [  0%] Built target gazebo_msgs_generate_messages_lisp
[1.903s] [  0%] Built target trajectory_msgs_generate_messages_eus
[1.904s] [  0%] Built target roscpp_generate_messages_eus
[1.904s] [  0%] Built target trajectory_msgs_generate_messages_lisp
[1.905s] [  0%] Built target trajectory_msgs_generate_messages_cpp
[1.908s] [  0%] Built target tf2_msgs_generate_messages_lisp
[1.913s] [  0%] Built target rosgraph_msgs_generate_messages_nodejs
[1.914s] [  0%] Built target actionlib_generate_messages_py
[1.915s] [  0%] Built target tf2_msgs_generate_messages_eus
[1.917s] [  0%] Built target tf2_msgs_generate_messages_nodejs
[1.918s] [  0%] Built target rosgraph_msgs_generate_messages_lisp
[1.921s] [  0%] Built target std_srvs_generate_messages_nodejs
[1.922s] [  0%] Built target rosgraph_msgs_generate_messages_py
[1.924s] [  0%] Built target tf2_msgs_generate_messages_py
[1.931s] [  0%] Built target pcl_msgs_generate_messages_py
[1.965s] [ 50%] Built target vehicle_gazebo_info_publisher
[1.966s] [100%] Built target vehicle_gazebo_input_subscriber
[1.997s] [36mInstall the project...[0m
[2.004s] -- Install configuration: "Release"
[2.004s] -- Up-to-date: /home/point001/autoware.ai/install/vehicle_gazebo_simulation_interface/lib/pkgconfig/vehicle_gazebo_simulation_interface.pc
[2.004s] -- Up-to-date: /home/point001/autoware.ai/install/vehicle_gazebo_simulation_interface/share/vehicle_gazebo_simulation_interface/cmake/vehicle_gazebo_simulation_interfaceConfig.cmake
[2.004s] -- Up-to-date: /home/point001/autoware.ai/install/vehicle_gazebo_simulation_interface/share/vehicle_gazebo_simulation_interface/cmake/vehicle_gazebo_simulation_interfaceConfig-version.cmake
[2.005s] -- Up-to-date: /home/point001/autoware.ai/install/vehicle_gazebo_simulation_interface/share/vehicle_gazebo_simulation_interface/package.xml
[2.005s] -- Up-to-date: /home/point001/autoware.ai/install/vehicle_gazebo_simulation_interface/lib/vehicle_gazebo_simulation_interface/vehicle_gazebo_input_subscriber
[2.005s] -- Up-to-date: /home/point001/autoware.ai/install/vehicle_gazebo_simulation_interface/lib/vehicle_gazebo_simulation_interface/vehicle_gazebo_info_publisher
[2.132s] Invoked command in '/home/point001/autoware.ai/build/vehicle_gazebo_simulation_interface' returned '0': CMAKE_PREFIX_PATH=/home/point001/autoware.ai/install/autoware_msgs:/home/point001/autoware.ai/install/autoware_build_flags:${CMAKE_PREFIX_PATH} PKG_CONFIG_PATH=/home/point001/autoware.ai/install/autoware_msgs/lib/x86_64-linux-gnu/pkgconfig:/home/point001/autoware.ai/install/autoware_msgs/lib/pkgconfig:/home/point001/autoware.ai/install/autoware_build_flags/lib/x86_64-linux-gnu/pkgconfig:/home/point001/autoware.ai/install/autoware_build_flags/lib/pkgconfig:${PKG_CONFIG_PATH} PYTHONPATH=/home/point001/autoware.ai/install/autoware_msgs/lib/python2.7/dist-packages:${PYTHONPATH} ROS_PACKAGE_PATH=/home/point001/autoware.ai/install/autoware_msgs/share:/home/point001/autoware.ai/install/autoware_build_flags/share:${ROS_PACKAGE_PATH} /usr/bin/cmake --build /home/point001/autoware.ai/build/vehicle_gazebo_simulation_interface --target install -- -j24 -l24
