[0.239s] Invoking command in '/home/point001/autoware.ai/build/tablet_socket': CMAKE_PREFIX_PATH=/home/point001/autoware.ai/install/tablet_socket_msgs:/home/point001/autoware.ai/install/gnss:/home/point001/autoware.ai/install/autoware_msgs:/home/point001/autoware.ai/install/autoware_can_msgs:/home/point001/autoware.ai/install/autoware_build_flags:${CMAKE_PREFIX_PATH} LD_LIBRARY_PATH=/home/point001/autoware.ai/install/gnss/lib:/opt/ros/melodic/lib:/usr/local/cuda-10.0/lib64 PKG_CONFIG_PATH=/home/point001/autoware.ai/install/tablet_socket_msgs/lib/x86_64-linux-gnu/pkgconfig:/home/point001/autoware.ai/install/tablet_socket_msgs/lib/pkgconfig:/home/point001/autoware.ai/install/gnss/lib/x86_64-linux-gnu/pkgconfig:/home/point001/autoware.ai/install/gnss/lib/pkgconfig:/home/point001/autoware.ai/install/autoware_msgs/lib/x86_64-linux-gnu/pkgconfig:/home/point001/autoware.ai/install/autoware_msgs/lib/pkgconfig:/home/point001/autoware.ai/install/autoware_can_msgs/lib/x86_64-linux-gnu/pkgconfig:/home/point001/autoware.ai/install/autoware_can_msgs/lib/pkgconfig:/home/point001/autoware.ai/install/autoware_build_flags/lib/x86_64-linux-gnu/pkgconfig:/home/point001/autoware.ai/install/autoware_build_flags/lib/pkgconfig:${PKG_CONFIG_PATH} PYTHONPATH=/home/point001/autoware.ai/install/tablet_socket_msgs/lib/python2.7/dist-packages:/home/point001/autoware.ai/install/autoware_msgs/lib/python2.7/dist-packages:/home/point001/autoware.ai/install/autoware_can_msgs/lib/python2.7/dist-packages:${PYTHONPATH} ROS_PACKAGE_PATH=/home/point001/autoware.ai/install/tablet_socket_msgs/share:/home/point001/autoware.ai/install/gnss/share:/home/point001/autoware.ai/install/autoware_msgs/share:/home/point001/autoware.ai/install/autoware_can_msgs/share:/home/point001/autoware.ai/install/autoware_build_flags/share:${ROS_PACKAGE_PATH} /usr/bin/cmake --build /home/point001/autoware.ai/build/tablet_socket -- -j24 -l24
[0.315s] [  0%] Built target autoware_msgs_generate_messages_eus
[0.315s] [  0%] Built target tf2_msgs_generate_messages_nodejs
[0.315s] [  0%] Built target pcl_msgs_generate_messages_cpp
[0.315s] [  0%] Built target sensor_msgs_generate_messages_nodejs
[0.316s] [  0%] Built target actionlib_generate_messages_cpp
[0.316s] [  0%] Built target tf2_msgs_generate_messages_cpp
[0.316s] [  0%] Built target jsk_recognition_msgs_generate_messages_py
[0.317s] [  0%] Built target tf2_msgs_generate_messages_lisp
[0.317s] [  0%] Built target std_msgs_generate_messages_py
[0.319s] [  0%] Built target jsk_recognition_msgs_generate_messages_lisp
[0.322s] [  0%] Built target jsk_recognition_msgs_generate_messages_cpp
[0.322s] [  0%] Built target autoware_msgs_generate_messages_lisp
[0.324s] [  0%] Built target autoware_msgs_generate_messages_py
[0.325s] [  0%] Built target autoware_can_msgs_generate_messages_nodejs
[0.328s] [  0%] Built target geometry_msgs_generate_messages_lisp
[0.328s] [  0%] Built target rosgraph_msgs_generate_messages_eus
[0.328s] [  0%] Built target jsk_recognition_msgs_generate_messages_eus
[0.328s] [  0%] Built target sensor_msgs_generate_messages_py
[0.328s] [  0%] Built target roscpp_generate_messages_cpp
[0.329s] [  0%] Built target autoware_can_msgs_generate_messages_lisp
[0.329s] [  0%] Built target geometry_msgs_generate_messages_eus
[0.331s] [  0%] Built target sensor_msgs_generate_messages_lisp
[0.334s] [  0%] Built target autoware_can_msgs_generate_messages_cpp
[0.338s] [  0%] Built target actionlib_msgs_generate_messages_nodejs
[0.338s] [  0%] Built target geometry_msgs_generate_messages_nodejs
[0.340s] [  0%] Built target geometry_msgs_generate_messages_py
[0.345s] [  0%] Built target tablet_socket_msgs_generate_messages_cpp
[0.352s] [  0%] Built target autoware_msgs_generate_messages_nodejs
[0.352s] [  0%] Built target std_msgs_generate_messages_lisp
[0.353s] [  0%] Built target std_msgs_generate_messages_eus
[0.357s] [  0%] Built target std_msgs_generate_messages_cpp
[0.357s] [  0%] Built target pcl_msgs_generate_messages_eus
[0.357s] [  0%] Built target rosgraph_msgs_generate_messages_cpp
[0.358s] [  0%] Built target std_msgs_generate_messages_nodejs
[0.358s] [  0%] Built target jsk_footstep_msgs_generate_messages_nodejs
[0.358s] [  0%] Built target sensor_msgs_generate_messages_eus
[0.360s] [  0%] Built target autoware_can_msgs_generate_messages_py
[0.363s] [  0%] Built target jsk_footstep_msgs_generate_messages_eus
[0.364s] [  0%] Built target roscpp_generate_messages_nodejs
[0.364s] [  0%] Built target sensor_msgs_generate_messages_cpp
[0.364s] [  0%] Built target pcl_msgs_generate_messages_nodejs
[0.365s] [  0%] Built target actionlib_msgs_generate_messages_py
[0.365s] [  0%] Built target jsk_footstep_msgs_generate_messages_lisp
[0.365s] [  0%] Built target autoware_msgs_generate_messages_cpp
[0.365s] [  0%] Built target roscpp_generate_messages_lisp
[0.368s] [  0%] Built target jsk_recognition_msgs_generate_messages_nodejs
[0.368s] [  0%] Built target rosgraph_msgs_generate_messages_lisp
[0.369s] [  0%] Built target actionlib_msgs_generate_messages_lisp
[0.369s] [  0%] Built target roscpp_generate_messages_py
[0.374s] [  0%] Built target rosgraph_msgs_generate_messages_nodejs
[0.374s] [  0%] Built target roscpp_generate_messages_eus
[0.379s] [  0%] Built target autoware_can_msgs_generate_messages_eus
[0.386s] [  0%] Built target actionlib_msgs_generate_messages_eus
[0.386s] [  0%] Built target tablet_socket_msgs_generate_messages_nodejs
[0.386s] [  0%] Built target jsk_footstep_msgs_generate_messages_py
[0.386s] [  0%] Built target tablet_socket_msgs_generate_messages_lisp
[0.386s] [  0%] Built target rosgraph_msgs_generate_messages_py
[0.386s] [  0%] Built target pcl_msgs_generate_messages_lisp
[0.387s] [  0%] Built target tablet_socket_msgs_generate_messages_py
[0.387s] [  0%] Built target tf_generate_messages_py
[0.388s] [  0%] Built target jsk_footstep_msgs_generate_messages_cpp
[0.388s] [  0%] Built target actionlib_generate_messages_nodejs
[0.389s] [  0%] Built target tf_generate_messages_nodejs
[0.395s] [  0%] Built target actionlib_msgs_generate_messages_cpp
[0.395s] [  0%] Built target geometry_msgs_generate_messages_cpp
[0.395s] [  0%] Built target tf_generate_messages_lisp
[0.395s] [  0%] Built target tf_generate_messages_eus
[0.395s] [  0%] Built target pcl_msgs_generate_messages_py
[0.395s] [  0%] Built target tf_generate_messages_cpp
[0.395s] [  0%] Built target actionlib_generate_messages_eus
[0.395s] [  0%] Built target actionlib_generate_messages_lisp
[0.396s] [  0%] Built target tf2_msgs_generate_messages_py
[0.396s] [  0%] Built target tablet_socket_msgs_generate_messages_eus
[0.398s] [  0%] Built target actionlib_generate_messages_py
[0.399s] [  0%] Built target tf2_msgs_generate_messages_eus
[0.422s] [ 25%] [32m[1mLinking CXX executable devel/lib/tablet_socket/tablet_sender[0m
[0.422s] [ 50%] [32m[1mLinking CXX executable devel/lib/tablet_socket/tablet_receiver[0m
[0.623s] [ 75%] Built target tablet_sender
[0.634s] [100%] Built target tablet_receiver
[0.873s] Invoked command in '/home/point001/autoware.ai/build/tablet_socket' returned '0': CMAKE_PREFIX_PATH=/home/point001/autoware.ai/install/tablet_socket_msgs:/home/point001/autoware.ai/install/gnss:/home/point001/autoware.ai/install/autoware_msgs:/home/point001/autoware.ai/install/autoware_can_msgs:/home/point001/autoware.ai/install/autoware_build_flags:${CMAKE_PREFIX_PATH} LD_LIBRARY_PATH=/home/point001/autoware.ai/install/gnss/lib:/opt/ros/melodic/lib:/usr/local/cuda-10.0/lib64 PKG_CONFIG_PATH=/home/point001/autoware.ai/install/tablet_socket_msgs/lib/x86_64-linux-gnu/pkgconfig:/home/point001/autoware.ai/install/tablet_socket_msgs/lib/pkgconfig:/home/point001/autoware.ai/install/gnss/lib/x86_64-linux-gnu/pkgconfig:/home/point001/autoware.ai/install/gnss/lib/pkgconfig:/home/point001/autoware.ai/install/autoware_msgs/lib/x86_64-linux-gnu/pkgconfig:/home/point001/autoware.ai/install/autoware_msgs/lib/pkgconfig:/home/point001/autoware.ai/install/autoware_can_msgs/lib/x86_64-linux-gnu/pkgconfig:/home/point001/autoware.ai/install/autoware_can_msgs/lib/pkgconfig:/home/point001/autoware.ai/install/autoware_build_flags/lib/x86_64-linux-gnu/pkgconfig:/home/point001/autoware.ai/install/autoware_build_flags/lib/pkgconfig:${PKG_CONFIG_PATH} PYTHONPATH=/home/point001/autoware.ai/install/tablet_socket_msgs/lib/python2.7/dist-packages:/home/point001/autoware.ai/install/autoware_msgs/lib/python2.7/dist-packages:/home/point001/autoware.ai/install/autoware_can_msgs/lib/python2.7/dist-packages:${PYTHONPATH} ROS_PACKAGE_PATH=/home/point001/autoware.ai/install/tablet_socket_msgs/share:/home/point001/autoware.ai/install/gnss/share:/home/point001/autoware.ai/install/autoware_msgs/share:/home/point001/autoware.ai/install/autoware_can_msgs/share:/home/point001/autoware.ai/install/autoware_build_flags/share:${ROS_PACKAGE_PATH} /usr/bin/cmake --build /home/point001/autoware.ai/build/tablet_socket -- -j24 -l24
[1.254s] Invoking command in '/home/point001/autoware.ai/build/tablet_socket': CMAKE_PREFIX_PATH=/home/point001/autoware.ai/install/tablet_socket_msgs:/home/point001/autoware.ai/install/gnss:/home/point001/autoware.ai/install/autoware_msgs:/home/point001/autoware.ai/install/autoware_can_msgs:/home/point001/autoware.ai/install/autoware_build_flags:${CMAKE_PREFIX_PATH} LD_LIBRARY_PATH=/home/point001/autoware.ai/install/gnss/lib:/opt/ros/melodic/lib:/usr/local/cuda-10.0/lib64 PKG_CONFIG_PATH=/home/point001/autoware.ai/install/tablet_socket_msgs/lib/x86_64-linux-gnu/pkgconfig:/home/point001/autoware.ai/install/tablet_socket_msgs/lib/pkgconfig:/home/point001/autoware.ai/install/gnss/lib/x86_64-linux-gnu/pkgconfig:/home/point001/autoware.ai/install/gnss/lib/pkgconfig:/home/point001/autoware.ai/install/autoware_msgs/lib/x86_64-linux-gnu/pkgconfig:/home/point001/autoware.ai/install/autoware_msgs/lib/pkgconfig:/home/point001/autoware.ai/install/autoware_can_msgs/lib/x86_64-linux-gnu/pkgconfig:/home/point001/autoware.ai/install/autoware_can_msgs/lib/pkgconfig:/home/point001/autoware.ai/install/autoware_build_flags/lib/x86_64-linux-gnu/pkgconfig:/home/point001/autoware.ai/install/autoware_build_flags/lib/pkgconfig:${PKG_CONFIG_PATH} PYTHONPATH=/home/point001/autoware.ai/install/tablet_socket_msgs/lib/python2.7/dist-packages:/home/point001/autoware.ai/install/autoware_msgs/lib/python2.7/dist-packages:/home/point001/autoware.ai/install/autoware_can_msgs/lib/python2.7/dist-packages:${PYTHONPATH} ROS_PACKAGE_PATH=/home/point001/autoware.ai/install/tablet_socket_msgs/share:/home/point001/autoware.ai/install/gnss/share:/home/point001/autoware.ai/install/autoware_msgs/share:/home/point001/autoware.ai/install/autoware_can_msgs/share:/home/point001/autoware.ai/install/autoware_build_flags/share:${ROS_PACKAGE_PATH} /usr/bin/cmake --build /home/point001/autoware.ai/build/tablet_socket --target tests -- -j24 -l24
[1.397s] Built target tests
[1.461s] Invoked command in '/home/point001/autoware.ai/build/tablet_socket' returned '0': CMAKE_PREFIX_PATH=/home/point001/autoware.ai/install/tablet_socket_msgs:/home/point001/autoware.ai/install/gnss:/home/point001/autoware.ai/install/autoware_msgs:/home/point001/autoware.ai/install/autoware_can_msgs:/home/point001/autoware.ai/install/autoware_build_flags:${CMAKE_PREFIX_PATH} LD_LIBRARY_PATH=/home/point001/autoware.ai/install/gnss/lib:/opt/ros/melodic/lib:/usr/local/cuda-10.0/lib64 PKG_CONFIG_PATH=/home/point001/autoware.ai/install/tablet_socket_msgs/lib/x86_64-linux-gnu/pkgconfig:/home/point001/autoware.ai/install/tablet_socket_msgs/lib/pkgconfig:/home/point001/autoware.ai/install/gnss/lib/x86_64-linux-gnu/pkgconfig:/home/point001/autoware.ai/install/gnss/lib/pkgconfig:/home/point001/autoware.ai/install/autoware_msgs/lib/x86_64-linux-gnu/pkgconfig:/home/point001/autoware.ai/install/autoware_msgs/lib/pkgconfig:/home/point001/autoware.ai/install/autoware_can_msgs/lib/x86_64-linux-gnu/pkgconfig:/home/point001/autoware.ai/install/autoware_can_msgs/lib/pkgconfig:/home/point001/autoware.ai/install/autoware_build_flags/lib/x86_64-linux-gnu/pkgconfig:/home/point001/autoware.ai/install/autoware_build_flags/lib/pkgconfig:${PKG_CONFIG_PATH} PYTHONPATH=/home/point001/autoware.ai/install/tablet_socket_msgs/lib/python2.7/dist-packages:/home/point001/autoware.ai/install/autoware_msgs/lib/python2.7/dist-packages:/home/point001/autoware.ai/install/autoware_can_msgs/lib/python2.7/dist-packages:${PYTHONPATH} ROS_PACKAGE_PATH=/home/point001/autoware.ai/install/tablet_socket_msgs/share:/home/point001/autoware.ai/install/gnss/share:/home/point001/autoware.ai/install/autoware_msgs/share:/home/point001/autoware.ai/install/autoware_can_msgs/share:/home/point001/autoware.ai/install/autoware_build_flags/share:${ROS_PACKAGE_PATH} /usr/bin/cmake --build /home/point001/autoware.ai/build/tablet_socket --target tests -- -j24 -l24
[1.855s] Invoking command in '/home/point001/autoware.ai/build/tablet_socket': CMAKE_PREFIX_PATH=/home/point001/autoware.ai/install/tablet_socket_msgs:/home/point001/autoware.ai/install/gnss:/home/point001/autoware.ai/install/autoware_msgs:/home/point001/autoware.ai/install/autoware_can_msgs:/home/point001/autoware.ai/install/autoware_build_flags:${CMAKE_PREFIX_PATH} LD_LIBRARY_PATH=/home/point001/autoware.ai/install/gnss/lib:/opt/ros/melodic/lib:/usr/local/cuda-10.0/lib64 PKG_CONFIG_PATH=/home/point001/autoware.ai/install/tablet_socket_msgs/lib/x86_64-linux-gnu/pkgconfig:/home/point001/autoware.ai/install/tablet_socket_msgs/lib/pkgconfig:/home/point001/autoware.ai/install/gnss/lib/x86_64-linux-gnu/pkgconfig:/home/point001/autoware.ai/install/gnss/lib/pkgconfig:/home/point001/autoware.ai/install/autoware_msgs/lib/x86_64-linux-gnu/pkgconfig:/home/point001/autoware.ai/install/autoware_msgs/lib/pkgconfig:/home/point001/autoware.ai/install/autoware_can_msgs/lib/x86_64-linux-gnu/pkgconfig:/home/point001/autoware.ai/install/autoware_can_msgs/lib/pkgconfig:/home/point001/autoware.ai/install/autoware_build_flags/lib/x86_64-linux-gnu/pkgconfig:/home/point001/autoware.ai/install/autoware_build_flags/lib/pkgconfig:${PKG_CONFIG_PATH} PYTHONPATH=/home/point001/autoware.ai/install/tablet_socket_msgs/lib/python2.7/dist-packages:/home/point001/autoware.ai/install/autoware_msgs/lib/python2.7/dist-packages:/home/point001/autoware.ai/install/autoware_can_msgs/lib/python2.7/dist-packages:${PYTHONPATH} ROS_PACKAGE_PATH=/home/point001/autoware.ai/install/tablet_socket_msgs/share:/home/point001/autoware.ai/install/gnss/share:/home/point001/autoware.ai/install/autoware_msgs/share:/home/point001/autoware.ai/install/autoware_can_msgs/share:/home/point001/autoware.ai/install/autoware_build_flags/share:${ROS_PACKAGE_PATH} /usr/bin/cmake --build /home/point001/autoware.ai/build/tablet_socket --target install -- -j24 -l24
[1.944s] [  0%] Built target sensor_msgs_generate_messages_lisp
[1.944s] [  0%] Built target tf2_msgs_generate_messages_cpp
[1.945s] [  0%] Built target pcl_msgs_generate_messages_cpp
[1.948s] [  0%] Built target sensor_msgs_generate_messages_py
[1.948s] [  0%] Built target sensor_msgs_generate_messages_nodejs
[1.948s] [  0%] Built target geometry_msgs_generate_messages_lisp
[1.948s] [  0%] Built target roscpp_generate_messages_cpp
[1.952s] [  0%] Built target rosgraph_msgs_generate_messages_eus
[1.952s] [  0%] Built target jsk_recognition_msgs_generate_messages_cpp
[1.952s] [  0%] Built target autoware_can_msgs_generate_messages_lisp
[1.954s] [  0%] Built target jsk_recognition_msgs_generate_messages_eus
[1.957s] [  0%] Built target autoware_msgs_generate_messages_lisp
[1.957s] [  0%] Built target autoware_msgs_generate_messages_py
[1.957s] [  0%] Built target actionlib_generate_messages_cpp
[1.957s] [  0%] Built target autoware_can_msgs_generate_messages_cpp
[1.957s] [  0%] Built target jsk_recognition_msgs_generate_messages_py
[1.958s] [  0%] Built target tf2_msgs_generate_messages_nodejs
[1.958s] [  0%] Built target tf2_msgs_generate_messages_lisp
[1.960s] [  0%] Built target std_msgs_generate_messages_py
[1.967s] [  0%] Built target geometry_msgs_generate_messages_eus
[1.967s] [  0%] Built target jsk_recognition_msgs_generate_messages_lisp
[1.967s] [  0%] Built target autoware_can_msgs_generate_messages_nodejs
[1.967s] [  0%] Built target autoware_msgs_generate_messages_eus
[1.967s] [  0%] Built target actionlib_msgs_generate_messages_nodejs
[1.975s] [  0%] Built target autoware_msgs_generate_messages_nodejs
[1.976s] [  0%] Built target sensor_msgs_generate_messages_cpp
[1.976s] [  0%] Built target autoware_can_msgs_generate_messages_py
[1.976s] [  0%] Built target roscpp_generate_messages_nodejs
[1.984s] [  0%] Built target tablet_socket_msgs_generate_messages_cpp
[1.985s] [  0%] Built target autoware_msgs_generate_messages_cpp
[1.989s] [  0%] Built target sensor_msgs_generate_messages_eus
[1.989s] [  0%] Built target geometry_msgs_generate_messages_nodejs
[1.989s] [  0%] Built target jsk_footstep_msgs_generate_messages_eus
[1.989s] [  0%] Built target std_msgs_generate_messages_cpp
[1.990s] [  0%] Built target std_msgs_generate_messages_lisp
[1.990s] [  0%] Built target rosgraph_msgs_generate_messages_cpp
[1.990s] [  0%] Built target std_msgs_generate_messages_eus
[1.990s] [  0%] Built target std_msgs_generate_messages_nodejs
[1.994s] [  0%] Built target actionlib_msgs_generate_messages_py
[1.997s] [  0%] Built target geometry_msgs_generate_messages_py
[1.997s] [  0%] Built target actionlib_msgs_generate_messages_lisp
[2.004s] [  0%] Built target jsk_footstep_msgs_generate_messages_nodejs
[2.005s] [  0%] Built target roscpp_generate_messages_py
[2.008s] [  0%] Built target actionlib_msgs_generate_messages_eus
[2.017s] [  0%] Built target jsk_recognition_msgs_generate_messages_nodejs
[2.021s] [  0%] Built target tablet_socket_msgs_generate_messages_lisp
[2.024s] [  0%] Built target roscpp_generate_messages_lisp
[2.037s] [  0%] Built target roscpp_generate_messages_eus
[2.037s] [  0%] Built target pcl_msgs_generate_messages_eus
[2.037s] [  0%] Built target pcl_msgs_generate_messages_nodejs
[2.058s] [  0%] Built target tf_generate_messages_py
[2.068s] [  0%] Built target tf_generate_messages_cpp
[2.068s] [  0%] Built target jsk_footstep_msgs_generate_messages_cpp
[2.068s] [  0%] Built target rosgraph_msgs_generate_messages_lisp
[2.069s] [  0%] Built target tablet_socket_msgs_generate_messages_nodejs
[2.070s] [  0%] Built target geometry_msgs_generate_messages_cpp
[2.074s] [  0%] Built target tf_generate_messages_lisp
[2.075s] [  0%] Built target tf_generate_messages_nodejs
[2.076s] [  0%] Built target autoware_can_msgs_generate_messages_eus
[2.086s] [  0%] Built target tablet_socket_msgs_generate_messages_py
[2.086s] [  0%] Built target rosgraph_msgs_generate_messages_nodejs
[2.087s] [  0%] Built target actionlib_generate_messages_lisp
[2.092s] [  0%] Built target jsk_footstep_msgs_generate_messages_py
[2.095s] [  0%] Built target jsk_footstep_msgs_generate_messages_lisp
[2.095s] [  0%] Built target actionlib_generate_messages_nodejs
[2.097s] [  0%] Built target actionlib_msgs_generate_messages_cpp
[2.100s] [  0%] Built target pcl_msgs_generate_messages_lisp
[2.102s] [  0%] Built target pcl_msgs_generate_messages_py
[2.112s] [  0%] Built target tf_generate_messages_eus
[2.116s] [  0%] Built target actionlib_generate_messages_py
[2.125s] [  0%] Built target tf2_msgs_generate_messages_eus
[2.126s] [  0%] Built target actionlib_generate_messages_eus
[2.132s] [  0%] Built target rosgraph_msgs_generate_messages_py
[2.132s] [  0%] Built target tablet_socket_msgs_generate_messages_eus
[2.133s] [  0%] Built target tf2_msgs_generate_messages_py
[2.213s] [ 50%] Built target tablet_sender
[2.216s] [100%] Built target tablet_receiver
[2.299s] [36mInstall the project...[0m
[2.322s] -- Install configuration: "Release"
[2.322s] -- Up-to-date: /home/point001/autoware.ai/install/tablet_socket/lib/pkgconfig/tablet_socket.pc
[2.322s] -- Up-to-date: /home/point001/autoware.ai/install/tablet_socket/share/tablet_socket/cmake/tablet_socketConfig.cmake
[2.323s] -- Up-to-date: /home/point001/autoware.ai/install/tablet_socket/share/tablet_socket/cmake/tablet_socketConfig-version.cmake
[2.323s] -- Up-to-date: /home/point001/autoware.ai/install/tablet_socket/share/tablet_socket/package.xml
[2.328s] -- Installing: /home/point001/autoware.ai/install/tablet_socket/lib/tablet_socket/tablet_receiver
[2.329s] -- Set runtime path of "/home/point001/autoware.ai/install/tablet_socket/lib/tablet_socket/tablet_receiver" to ""
[2.329s] -- Installing: /home/point001/autoware.ai/install/tablet_socket/lib/tablet_socket/tablet_sender
[2.333s] -- Set runtime path of "/home/point001/autoware.ai/install/tablet_socket/lib/tablet_socket/tablet_sender" to ""
[2.473s] Invoked command in '/home/point001/autoware.ai/build/tablet_socket' returned '0': CMAKE_PREFIX_PATH=/home/point001/autoware.ai/install/tablet_socket_msgs:/home/point001/autoware.ai/install/gnss:/home/point001/autoware.ai/install/autoware_msgs:/home/point001/autoware.ai/install/autoware_can_msgs:/home/point001/autoware.ai/install/autoware_build_flags:${CMAKE_PREFIX_PATH} LD_LIBRARY_PATH=/home/point001/autoware.ai/install/gnss/lib:/opt/ros/melodic/lib:/usr/local/cuda-10.0/lib64 PKG_CONFIG_PATH=/home/point001/autoware.ai/install/tablet_socket_msgs/lib/x86_64-linux-gnu/pkgconfig:/home/point001/autoware.ai/install/tablet_socket_msgs/lib/pkgconfig:/home/point001/autoware.ai/install/gnss/lib/x86_64-linux-gnu/pkgconfig:/home/point001/autoware.ai/install/gnss/lib/pkgconfig:/home/point001/autoware.ai/install/autoware_msgs/lib/x86_64-linux-gnu/pkgconfig:/home/point001/autoware.ai/install/autoware_msgs/lib/pkgconfig:/home/point001/autoware.ai/install/autoware_can_msgs/lib/x86_64-linux-gnu/pkgconfig:/home/point001/autoware.ai/install/autoware_can_msgs/lib/pkgconfig:/home/point001/autoware.ai/install/autoware_build_flags/lib/x86_64-linux-gnu/pkgconfig:/home/point001/autoware.ai/install/autoware_build_flags/lib/pkgconfig:${PKG_CONFIG_PATH} PYTHONPATH=/home/point001/autoware.ai/install/tablet_socket_msgs/lib/python2.7/dist-packages:/home/point001/autoware.ai/install/autoware_msgs/lib/python2.7/dist-packages:/home/point001/autoware.ai/install/autoware_can_msgs/lib/python2.7/dist-packages:${PYTHONPATH} ROS_PACKAGE_PATH=/home/point001/autoware.ai/install/tablet_socket_msgs/share:/home/point001/autoware.ai/install/gnss/share:/home/point001/autoware.ai/install/autoware_msgs/share:/home/point001/autoware.ai/install/autoware_can_msgs/share:/home/point001/autoware.ai/install/autoware_build_flags/share:${ROS_PACKAGE_PATH} /usr/bin/cmake --build /home/point001/autoware.ai/build/tablet_socket --target install -- -j24 -l24
