[0.261s] Invoking command in '/home/point001/autoware.ai/build/pure_pursuit': CMAKE_PREFIX_PATH=/home/point001/autoware.ai/install/libwaypoint_follower:/home/point001/autoware.ai/install/autoware_health_checker:/home/point001/autoware.ai/install/amathutils_lib:/home/point001/autoware.ai/install/ros_observer:/home/point001/autoware.ai/install/autoware_system_msgs:/home/point001/autoware.ai/install/autoware_msgs:/home/point001/autoware.ai/install/autoware_config_msgs:/home/point001/autoware.ai/install/autoware_build_flags:${CMAKE_PREFIX_PATH} LD_LIBRARY_PATH=/home/point001/autoware.ai/install/libwaypoint_follower/lib:/home/point001/autoware.ai/install/autoware_health_checker/lib:/home/point001/autoware.ai/install/amathutils_lib/lib:/home/point001/autoware.ai/install/ros_observer/lib:/opt/ros/melodic/lib:/usr/local/cuda-10.0/lib64 PKG_CONFIG_PATH=/home/point001/autoware.ai/install/libwaypoint_follower/lib/x86_64-linux-gnu/pkgconfig:/home/point001/autoware.ai/install/libwaypoint_follower/lib/pkgconfig:/home/point001/autoware.ai/install/autoware_health_checker/lib/x86_64-linux-gnu/pkgconfig:/home/point001/autoware.ai/install/autoware_health_checker/lib/pkgconfig:/home/point001/autoware.ai/install/amathutils_lib/lib/x86_64-linux-gnu/pkgconfig:/home/point001/autoware.ai/install/amathutils_lib/lib/pkgconfig:/home/point001/autoware.ai/install/ros_observer/lib/x86_64-linux-gnu/pkgconfig:/home/point001/autoware.ai/install/ros_observer/lib/pkgconfig:/home/point001/autoware.ai/install/autoware_system_msgs/lib/x86_64-linux-gnu/pkgconfig:/home/point001/autoware.ai/install/autoware_system_msgs/lib/pkgconfig:/home/point001/autoware.ai/install/autoware_msgs/lib/x86_64-linux-gnu/pkgconfig:/home/point001/autoware.ai/install/autoware_msgs/lib/pkgconfig:/home/point001/autoware.ai/install/autoware_config_msgs/lib/x86_64-linux-gnu/pkgconfig:/home/point001/autoware.ai/install/autoware_config_msgs/lib/pkgconfig:/home/point001/autoware.ai/install/autoware_build_flags/lib/x86_64-linux-gnu/pkgconfig:/home/point001/autoware.ai/install/autoware_build_flags/lib/pkgconfig:${PKG_CONFIG_PATH} PYTHONPATH=/home/point001/autoware.ai/install/autoware_system_msgs/lib/python2.7/dist-packages:/home/point001/autoware.ai/install/autoware_msgs/lib/python2.7/dist-packages:/home/point001/autoware.ai/install/autoware_config_msgs/lib/python2.7/dist-packages:${PYTHONPATH} ROS_PACKAGE_PATH=/home/point001/autoware.ai/install/libwaypoint_follower/share:/home/point001/autoware.ai/install/autoware_health_checker/share:/home/point001/autoware.ai/install/amathutils_lib/share:/home/point001/autoware.ai/install/ros_observer/share:/home/point001/autoware.ai/install/autoware_system_msgs/share:/home/point001/autoware.ai/install/autoware_msgs/share:/home/point001/autoware.ai/install/autoware_config_msgs/share:/home/point001/autoware.ai/install/autoware_build_flags/share:${ROS_PACKAGE_PATH} /usr/bin/cmake --build /home/point001/autoware.ai/build/pure_pursuit -- -j24 -l24
[0.330s] [  0%] Built target autoware_system_msgs_generate_messages_lisp
[0.331s] [  0%] Built target jsk_recognition_msgs_generate_messages_eus
[0.331s] [  0%] Built target rosgraph_msgs_generate_messages_eus
[0.331s] [  0%] Built target autoware_config_msgs_generate_messages_lisp
[0.331s] [  0%] Built target rosgraph_msgs_generate_messages_cpp
[0.333s] [  0%] Built target jsk_recognition_msgs_generate_messages_py
[0.334s] [  0%] Built target std_msgs_generate_messages_nodejs
[0.334s] [  0%] Built target sensor_msgs_generate_messages_py
[0.334s] [  0%] Built target geometry_msgs_generate_messages_py
[0.340s] [  0%] Built target std_msgs_generate_messages_py
[0.340s] [  0%] Built target autoware_msgs_generate_messages_py
[0.340s] [  0%] Built target pcl_msgs_generate_messages_eus
[0.340s] [  0%] Built target _catkin_empty_exported_target
[0.340s] [  0%] Built target autoware_msgs_generate_messages_cpp
[0.340s] [  0%] Built target pcl_msgs_generate_messages_nodejs
[0.342s] [  0%] Built target actionlib_generate_messages_cpp
[0.353s] [  0%] Built target sensor_msgs_generate_messages_nodejs
[0.353s] [  0%] Built target jsk_recognition_msgs_generate_messages_lisp
[0.353s] [  0%] Built target tf2_msgs_generate_messages_cpp
[0.354s] [  0%] Built target sensor_msgs_generate_messages_eus
[0.354s] [  0%] Built target roscpp_generate_messages_cpp
[0.354s] [  0%] Built target sensor_msgs_generate_messages_cpp
[0.357s] [  0%] Built target autoware_system_msgs_generate_messages_py
[0.364s] [  0%] Built target geometry_msgs_generate_messages_nodejs
[0.364s] [  0%] Built target actionlib_msgs_generate_messages_nodejs
[0.366s] [  0%] Built target std_msgs_generate_messages_lisp
[0.366s] [  0%] Built target tf_generate_messages_py
[0.366s] [  0%] Built target autoware_msgs_generate_messages_lisp
[0.373s] [  0%] Built target roscpp_generate_messages_nodejs
[0.373s] [  0%] Built target geometry_msgs_generate_messages_eus
[0.373s] [  0%] Built target geometry_msgs_generate_messages_lisp
[0.373s] [  0%] Built target sensor_msgs_generate_messages_lisp
[0.373s] [  0%] Built target autoware_msgs_generate_messages_eus
[0.375s] [  0%] Built target actionlib_msgs_generate_messages_py
[0.376s] [  0%] Built target autoware_msgs_generate_messages_nodejs
[0.376s] [  0%] Built target autoware_config_msgs_generate_messages_eus
[0.376s] [  0%] Built target jsk_footstep_msgs_generate_messages_py
[0.383s] [  0%] Built target autoware_system_msgs_generate_messages_cpp
[0.383s] [  0%] Built target pcl_msgs_generate_messages_cpp
[0.383s] [  0%] Built target jsk_footstep_msgs_generate_messages_lisp
[0.384s] [  0%] Built target actionlib_msgs_generate_messages_lisp
[0.384s] [  0%] Built target std_msgs_generate_messages_cpp
[0.384s] [  0%] Built target jsk_footstep_msgs_generate_messages_nodejs
[0.384s] [  0%] Built target jsk_footstep_msgs_generate_messages_eus
[0.385s] [  0%] Built target jsk_recognition_msgs_generate_messages_cpp
[0.389s] [  0%] Built target std_msgs_generate_messages_eus
[0.395s] [  0%] Built target autoware_system_msgs_generate_messages_nodejs
[0.397s] [  0%] Built target actionlib_msgs_generate_messages_cpp
[0.400s] [  0%] Built target tf_generate_messages_eus
[0.405s] [  0%] Built target roscpp_generate_messages_lisp
[0.412s] [  0%] Built target autoware_config_msgs_generate_messages_nodejs
[0.430s] [  0%] Built target jsk_recognition_msgs_generate_messages_nodejs
[0.430s] [  0%] Built target roscpp_generate_messages_py
[0.431s] [  0%] Built target jsk_footstep_msgs_generate_messages_cpp
[0.439s] [  0%] Built target autoware_config_msgs_generate_messages_py
[0.441s] [  0%] Built target pcl_msgs_generate_messages_lisp
[0.445s] [  0%] Built target rosgraph_msgs_generate_messages_nodejs
[0.445s] [  0%] Built target pcl_msgs_generate_messages_py
[0.450s] [  0%] Built target actionlib_generate_messages_lisp
[0.450s] [  0%] Built target tf_generate_messages_nodejs
[0.451s] [  0%] Built target rosgraph_msgs_generate_messages_lisp
[0.451s] [  0%] Built target geometry_msgs_generate_messages_cpp
[0.451s] [  0%] Built target actionlib_generate_messages_eus
[0.461s] [  0%] Built target tf2_msgs_generate_messages_py
[0.461s] [  0%] Built target tf_generate_messages_lisp
[0.462s] [  0%] Built target autoware_config_msgs_generate_messages_cpp
[0.469s] [  0%] Built target rosgraph_msgs_generate_messages_py
[0.469s] [  0%] Built target roscpp_generate_messages_eus
[0.473s] [  0%] Built target actionlib_generate_messages_nodejs
[0.473s] [  0%] Built target actionlib_msgs_generate_messages_eus
[0.478s] [  0%] Built target actionlib_generate_messages_py
[0.483s] [  0%] Built target tf_generate_messages_cpp
[0.488s] [  0%] Built target autoware_system_msgs_generate_messages_eus
[0.496s] [  0%] Built target tf2_msgs_generate_messages_eus
[0.515s] [  0%] Built target tf2_msgs_generate_messages_lisp
[0.567s] [  0%] Built target tf2_msgs_generate_messages_nodejs
[0.712s] [100%] Built target pure_pursuit
[0.782s] Invoked command in '/home/point001/autoware.ai/build/pure_pursuit' returned '0': CMAKE_PREFIX_PATH=/home/point001/autoware.ai/install/libwaypoint_follower:/home/point001/autoware.ai/install/autoware_health_checker:/home/point001/autoware.ai/install/amathutils_lib:/home/point001/autoware.ai/install/ros_observer:/home/point001/autoware.ai/install/autoware_system_msgs:/home/point001/autoware.ai/install/autoware_msgs:/home/point001/autoware.ai/install/autoware_config_msgs:/home/point001/autoware.ai/install/autoware_build_flags:${CMAKE_PREFIX_PATH} LD_LIBRARY_PATH=/home/point001/autoware.ai/install/libwaypoint_follower/lib:/home/point001/autoware.ai/install/autoware_health_checker/lib:/home/point001/autoware.ai/install/amathutils_lib/lib:/home/point001/autoware.ai/install/ros_observer/lib:/opt/ros/melodic/lib:/usr/local/cuda-10.0/lib64 PKG_CONFIG_PATH=/home/point001/autoware.ai/install/libwaypoint_follower/lib/x86_64-linux-gnu/pkgconfig:/home/point001/autoware.ai/install/libwaypoint_follower/lib/pkgconfig:/home/point001/autoware.ai/install/autoware_health_checker/lib/x86_64-linux-gnu/pkgconfig:/home/point001/autoware.ai/install/autoware_health_checker/lib/pkgconfig:/home/point001/autoware.ai/install/amathutils_lib/lib/x86_64-linux-gnu/pkgconfig:/home/point001/autoware.ai/install/amathutils_lib/lib/pkgconfig:/home/point001/autoware.ai/install/ros_observer/lib/x86_64-linux-gnu/pkgconfig:/home/point001/autoware.ai/install/ros_observer/lib/pkgconfig:/home/point001/autoware.ai/install/autoware_system_msgs/lib/x86_64-linux-gnu/pkgconfig:/home/point001/autoware.ai/install/autoware_system_msgs/lib/pkgconfig:/home/point001/autoware.ai/install/autoware_msgs/lib/x86_64-linux-gnu/pkgconfig:/home/point001/autoware.ai/install/autoware_msgs/lib/pkgconfig:/home/point001/autoware.ai/install/autoware_config_msgs/lib/x86_64-linux-gnu/pkgconfig:/home/point001/autoware.ai/install/autoware_config_msgs/lib/pkgconfig:/home/point001/autoware.ai/install/autoware_build_flags/lib/x86_64-linux-gnu/pkgconfig:/home/point001/autoware.ai/install/autoware_build_flags/lib/pkgconfig:${PKG_CONFIG_PATH} PYTHONPATH=/home/point001/autoware.ai/install/autoware_system_msgs/lib/python2.7/dist-packages:/home/point001/autoware.ai/install/autoware_msgs/lib/python2.7/dist-packages:/home/point001/autoware.ai/install/autoware_config_msgs/lib/python2.7/dist-packages:${PYTHONPATH} ROS_PACKAGE_PATH=/home/point001/autoware.ai/install/libwaypoint_follower/share:/home/point001/autoware.ai/install/autoware_health_checker/share:/home/point001/autoware.ai/install/amathutils_lib/share:/home/point001/autoware.ai/install/ros_observer/share:/home/point001/autoware.ai/install/autoware_system_msgs/share:/home/point001/autoware.ai/install/autoware_msgs/share:/home/point001/autoware.ai/install/autoware_config_msgs/share:/home/point001/autoware.ai/install/autoware_build_flags/share:${ROS_PACKAGE_PATH} /usr/bin/cmake --build /home/point001/autoware.ai/build/pure_pursuit -- -j24 -l24
[1.119s] Invoking command in '/home/point001/autoware.ai/build/pure_pursuit': CMAKE_PREFIX_PATH=/home/point001/autoware.ai/install/libwaypoint_follower:/home/point001/autoware.ai/install/autoware_health_checker:/home/point001/autoware.ai/install/amathutils_lib:/home/point001/autoware.ai/install/ros_observer:/home/point001/autoware.ai/install/autoware_system_msgs:/home/point001/autoware.ai/install/autoware_msgs:/home/point001/autoware.ai/install/autoware_config_msgs:/home/point001/autoware.ai/install/autoware_build_flags:${CMAKE_PREFIX_PATH} LD_LIBRARY_PATH=/home/point001/autoware.ai/install/libwaypoint_follower/lib:/home/point001/autoware.ai/install/autoware_health_checker/lib:/home/point001/autoware.ai/install/amathutils_lib/lib:/home/point001/autoware.ai/install/ros_observer/lib:/opt/ros/melodic/lib:/usr/local/cuda-10.0/lib64 PKG_CONFIG_PATH=/home/point001/autoware.ai/install/libwaypoint_follower/lib/x86_64-linux-gnu/pkgconfig:/home/point001/autoware.ai/install/libwaypoint_follower/lib/pkgconfig:/home/point001/autoware.ai/install/autoware_health_checker/lib/x86_64-linux-gnu/pkgconfig:/home/point001/autoware.ai/install/autoware_health_checker/lib/pkgconfig:/home/point001/autoware.ai/install/amathutils_lib/lib/x86_64-linux-gnu/pkgconfig:/home/point001/autoware.ai/install/amathutils_lib/lib/pkgconfig:/home/point001/autoware.ai/install/ros_observer/lib/x86_64-linux-gnu/pkgconfig:/home/point001/autoware.ai/install/ros_observer/lib/pkgconfig:/home/point001/autoware.ai/install/autoware_system_msgs/lib/x86_64-linux-gnu/pkgconfig:/home/point001/autoware.ai/install/autoware_system_msgs/lib/pkgconfig:/home/point001/autoware.ai/install/autoware_msgs/lib/x86_64-linux-gnu/pkgconfig:/home/point001/autoware.ai/install/autoware_msgs/lib/pkgconfig:/home/point001/autoware.ai/install/autoware_config_msgs/lib/x86_64-linux-gnu/pkgconfig:/home/point001/autoware.ai/install/autoware_config_msgs/lib/pkgconfig:/home/point001/autoware.ai/install/autoware_build_flags/lib/x86_64-linux-gnu/pkgconfig:/home/point001/autoware.ai/install/autoware_build_flags/lib/pkgconfig:${PKG_CONFIG_PATH} PYTHONPATH=/home/point001/autoware.ai/install/autoware_system_msgs/lib/python2.7/dist-packages:/home/point001/autoware.ai/install/autoware_msgs/lib/python2.7/dist-packages:/home/point001/autoware.ai/install/autoware_config_msgs/lib/python2.7/dist-packages:${PYTHONPATH} ROS_PACKAGE_PATH=/home/point001/autoware.ai/install/libwaypoint_follower/share:/home/point001/autoware.ai/install/autoware_health_checker/share:/home/point001/autoware.ai/install/amathutils_lib/share:/home/point001/autoware.ai/install/ros_observer/share:/home/point001/autoware.ai/install/autoware_system_msgs/share:/home/point001/autoware.ai/install/autoware_msgs/share:/home/point001/autoware.ai/install/autoware_config_msgs/share:/home/point001/autoware.ai/install/autoware_build_flags/share:${ROS_PACKAGE_PATH} /usr/bin/cmake --build /home/point001/autoware.ai/build/pure_pursuit --target tests -- -j24 -l24
[1.200s] [  0%] Built target sensor_msgs_generate_messages_nodejs
[1.200s] [  0%] Built target rosgraph_msgs_generate_messages_eus
[1.200s] [  0%] Built target tf2_msgs_generate_messages_cpp
[1.200s] [  0%] Built target autoware_system_msgs_generate_messages_lisp
[1.200s] [  0%] Built target actionlib_generate_messages_cpp
[1.201s] [  0%] Built target pcl_msgs_generate_messages_eus
[1.201s] [  0%] Built target roscpp_generate_messages_cpp
[1.201s] [  0%] Built target autoware_msgs_generate_messages_py
[1.201s] [  0%] Built target autoware_msgs_generate_messages_cpp
[1.201s] [  0%] Built target rosgraph_msgs_generate_messages_cpp
[1.207s] [  0%] Built target sensor_msgs_generate_messages_cpp
[1.207s] [  0%] Built target pcl_msgs_generate_messages_nodejs
[1.207s] [  0%] Built target autoware_system_msgs_generate_messages_py
[1.209s] [  0%] Built target std_msgs_generate_messages_nodejs
[1.209s] [  0%] Built target sensor_msgs_generate_messages_py
[1.209s] [  0%] Built target jsk_recognition_msgs_generate_messages_eus
[1.209s] [  0%] Built target std_msgs_generate_messages_py
[1.209s] [  0%] Built target jsk_recognition_msgs_generate_messages_py
[1.209s] [  0%] Built target _catkin_empty_exported_target
[1.210s] [  0%] Built target jsk_recognition_msgs_generate_messages_lisp
[1.210s] [  0%] Built target sensor_msgs_generate_messages_lisp
[1.224s] [  0%] Built target geometry_msgs_generate_messages_py
[1.224s] [ 28%] Built target gtest
[1.228s] [ 28%] Built target sensor_msgs_generate_messages_eus
[1.235s] [ 28%] Built target geometry_msgs_generate_messages_eus
[1.239s] [ 28%] Built target jsk_footstep_msgs_generate_messages_py
[1.239s] [ 28%] Built target std_msgs_generate_messages_lisp
[1.240s] [ 28%] Built target roscpp_generate_messages_nodejs
[1.241s] [ 28%] Built target autoware_system_msgs_generate_messages_cpp
[1.244s] [ 28%] Built target actionlib_msgs_generate_messages_nodejs
[1.246s] [ 28%] Built target geometry_msgs_generate_messages_lisp
[1.248s] [ 28%] Built target tf_generate_messages_py
[1.253s] [ 28%] Built target jsk_footstep_msgs_generate_messages_eus
[1.253s] [ 28%] Built target std_msgs_generate_messages_cpp
[1.254s] [ 28%] Built target autoware_msgs_generate_messages_lisp
[1.268s] [ 28%] Built target autoware_system_msgs_generate_messages_nodejs
[1.268s] [ 28%] Built target actionlib_msgs_generate_messages_lisp
[1.268s] [ 28%] Built target jsk_recognition_msgs_generate_messages_cpp
[1.268s] [ 28%] Built target geometry_msgs_generate_messages_nodejs
[1.272s] [ 28%] Built target autoware_msgs_generate_messages_eus
[1.278s] [ 28%] Built target actionlib_msgs_generate_messages_py
[1.280s] [ 28%] Built target actionlib_msgs_generate_messages_cpp
[1.280s] [ 28%] Built target jsk_footstep_msgs_generate_messages_nodejs
[1.280s] [ 28%] Built target autoware_msgs_generate_messages_nodejs
[1.280s] [ 28%] Built target jsk_footstep_msgs_generate_messages_lisp
[1.280s] [ 28%] Built target autoware_config_msgs_generate_messages_eus
[1.280s] [ 28%] Built target pcl_msgs_generate_messages_cpp
[1.286s] [ 28%] Built target std_msgs_generate_messages_eus
[1.288s] [ 28%] Built target tf_generate_messages_lisp
[1.290s] [ 28%] Built target tf_generate_messages_eus
[1.292s] [ 28%] Built target tf_generate_messages_nodejs
[1.297s] [ 28%] Built target rosgraph_msgs_generate_messages_lisp
[1.297s] [ 28%] Built target roscpp_generate_messages_eus
[1.298s] [ 28%] Built target roscpp_generate_messages_lisp
[1.301s] [ 28%] Built target jsk_footstep_msgs_generate_messages_cpp
[1.303s] [ 28%] Built target autoware_config_msgs_generate_messages_nodejs
[1.308s] [ 28%] Built target jsk_recognition_msgs_generate_messages_nodejs
[1.325s] [ 28%] Built target actionlib_generate_messages_eus
[1.326s] [ 28%] Built target rosgraph_msgs_generate_messages_nodejs
[1.338s] [ 28%] Built target tf_generate_messages_cpp
[1.338s] [ 28%] Built target roscpp_generate_messages_py
[1.341s] [ 28%] Built target tf2_msgs_generate_messages_eus
[1.346s] [ 28%] Built target rosgraph_msgs_generate_messages_py
[1.346s] [ 28%] Built target autoware_config_msgs_generate_messages_py
[1.358s] [ 28%] Built target pcl_msgs_generate_messages_lisp
[1.360s] [ 28%] Built target actionlib_msgs_generate_messages_eus
[1.364s] [ 28%] Built target pcl_msgs_generate_messages_py
[1.364s] [ 28%] Built target geometry_msgs_generate_messages_cpp
[1.364s] [ 28%] Built target actionlib_generate_messages_nodejs
[1.366s] [ 28%] Built target autoware_system_msgs_generate_messages_eus
[1.366s] [ 28%] Built target actionlib_generate_messages_lisp
[1.367s] [ 28%] Built target actionlib_generate_messages_py
[1.368s] [ 28%] Built target tf2_msgs_generate_messages_nodejs
[1.369s] [ 28%] Built target autoware_config_msgs_generate_messages_lisp
[1.375s] [ 28%] Built target tf2_msgs_generate_messages_py
[1.394s] [ 28%] Built target autoware_config_msgs_generate_messages_cpp
[1.397s] [ 28%] Built target tf2_msgs_generate_messages_lisp
[1.483s] [100%] Built target test-pure_pursuit
[1.650s] [100%] Built target tests
[1.707s] Invoked command in '/home/point001/autoware.ai/build/pure_pursuit' returned '0': CMAKE_PREFIX_PATH=/home/point001/autoware.ai/install/libwaypoint_follower:/home/point001/autoware.ai/install/autoware_health_checker:/home/point001/autoware.ai/install/amathutils_lib:/home/point001/autoware.ai/install/ros_observer:/home/point001/autoware.ai/install/autoware_system_msgs:/home/point001/autoware.ai/install/autoware_msgs:/home/point001/autoware.ai/install/autoware_config_msgs:/home/point001/autoware.ai/install/autoware_build_flags:${CMAKE_PREFIX_PATH} LD_LIBRARY_PATH=/home/point001/autoware.ai/install/libwaypoint_follower/lib:/home/point001/autoware.ai/install/autoware_health_checker/lib:/home/point001/autoware.ai/install/amathutils_lib/lib:/home/point001/autoware.ai/install/ros_observer/lib:/opt/ros/melodic/lib:/usr/local/cuda-10.0/lib64 PKG_CONFIG_PATH=/home/point001/autoware.ai/install/libwaypoint_follower/lib/x86_64-linux-gnu/pkgconfig:/home/point001/autoware.ai/install/libwaypoint_follower/lib/pkgconfig:/home/point001/autoware.ai/install/autoware_health_checker/lib/x86_64-linux-gnu/pkgconfig:/home/point001/autoware.ai/install/autoware_health_checker/lib/pkgconfig:/home/point001/autoware.ai/install/amathutils_lib/lib/x86_64-linux-gnu/pkgconfig:/home/point001/autoware.ai/install/amathutils_lib/lib/pkgconfig:/home/point001/autoware.ai/install/ros_observer/lib/x86_64-linux-gnu/pkgconfig:/home/point001/autoware.ai/install/ros_observer/lib/pkgconfig:/home/point001/autoware.ai/install/autoware_system_msgs/lib/x86_64-linux-gnu/pkgconfig:/home/point001/autoware.ai/install/autoware_system_msgs/lib/pkgconfig:/home/point001/autoware.ai/install/autoware_msgs/lib/x86_64-linux-gnu/pkgconfig:/home/point001/autoware.ai/install/autoware_msgs/lib/pkgconfig:/home/point001/autoware.ai/install/autoware_config_msgs/lib/x86_64-linux-gnu/pkgconfig:/home/point001/autoware.ai/install/autoware_config_msgs/lib/pkgconfig:/home/point001/autoware.ai/install/autoware_build_flags/lib/x86_64-linux-gnu/pkgconfig:/home/point001/autoware.ai/install/autoware_build_flags/lib/pkgconfig:${PKG_CONFIG_PATH} PYTHONPATH=/home/point001/autoware.ai/install/autoware_system_msgs/lib/python2.7/dist-packages:/home/point001/autoware.ai/install/autoware_msgs/lib/python2.7/dist-packages:/home/point001/autoware.ai/install/autoware_config_msgs/lib/python2.7/dist-packages:${PYTHONPATH} ROS_PACKAGE_PATH=/home/point001/autoware.ai/install/libwaypoint_follower/share:/home/point001/autoware.ai/install/autoware_health_checker/share:/home/point001/autoware.ai/install/amathutils_lib/share:/home/point001/autoware.ai/install/ros_observer/share:/home/point001/autoware.ai/install/autoware_system_msgs/share:/home/point001/autoware.ai/install/autoware_msgs/share:/home/point001/autoware.ai/install/autoware_config_msgs/share:/home/point001/autoware.ai/install/autoware_build_flags/share:${ROS_PACKAGE_PATH} /usr/bin/cmake --build /home/point001/autoware.ai/build/pure_pursuit --target tests -- -j24 -l24
[2.057s] Invoking command in '/home/point001/autoware.ai/build/pure_pursuit': CMAKE_PREFIX_PATH=/home/point001/autoware.ai/install/libwaypoint_follower:/home/point001/autoware.ai/install/autoware_health_checker:/home/point001/autoware.ai/install/amathutils_lib:/home/point001/autoware.ai/install/ros_observer:/home/point001/autoware.ai/install/autoware_system_msgs:/home/point001/autoware.ai/install/autoware_msgs:/home/point001/autoware.ai/install/autoware_config_msgs:/home/point001/autoware.ai/install/autoware_build_flags:${CMAKE_PREFIX_PATH} LD_LIBRARY_PATH=/home/point001/autoware.ai/install/libwaypoint_follower/lib:/home/point001/autoware.ai/install/autoware_health_checker/lib:/home/point001/autoware.ai/install/amathutils_lib/lib:/home/point001/autoware.ai/install/ros_observer/lib:/opt/ros/melodic/lib:/usr/local/cuda-10.0/lib64 PKG_CONFIG_PATH=/home/point001/autoware.ai/install/libwaypoint_follower/lib/x86_64-linux-gnu/pkgconfig:/home/point001/autoware.ai/install/libwaypoint_follower/lib/pkgconfig:/home/point001/autoware.ai/install/autoware_health_checker/lib/x86_64-linux-gnu/pkgconfig:/home/point001/autoware.ai/install/autoware_health_checker/lib/pkgconfig:/home/point001/autoware.ai/install/amathutils_lib/lib/x86_64-linux-gnu/pkgconfig:/home/point001/autoware.ai/install/amathutils_lib/lib/pkgconfig:/home/point001/autoware.ai/install/ros_observer/lib/x86_64-linux-gnu/pkgconfig:/home/point001/autoware.ai/install/ros_observer/lib/pkgconfig:/home/point001/autoware.ai/install/autoware_system_msgs/lib/x86_64-linux-gnu/pkgconfig:/home/point001/autoware.ai/install/autoware_system_msgs/lib/pkgconfig:/home/point001/autoware.ai/install/autoware_msgs/lib/x86_64-linux-gnu/pkgconfig:/home/point001/autoware.ai/install/autoware_msgs/lib/pkgconfig:/home/point001/autoware.ai/install/autoware_config_msgs/lib/x86_64-linux-gnu/pkgconfig:/home/point001/autoware.ai/install/autoware_config_msgs/lib/pkgconfig:/home/point001/autoware.ai/install/autoware_build_flags/lib/x86_64-linux-gnu/pkgconfig:/home/point001/autoware.ai/install/autoware_build_flags/lib/pkgconfig:${PKG_CONFIG_PATH} PYTHONPATH=/home/point001/autoware.ai/install/autoware_system_msgs/lib/python2.7/dist-packages:/home/point001/autoware.ai/install/autoware_msgs/lib/python2.7/dist-packages:/home/point001/autoware.ai/install/autoware_config_msgs/lib/python2.7/dist-packages:${PYTHONPATH} ROS_PACKAGE_PATH=/home/point001/autoware.ai/install/libwaypoint_follower/share:/home/point001/autoware.ai/install/autoware_health_checker/share:/home/point001/autoware.ai/install/amathutils_lib/share:/home/point001/autoware.ai/install/ros_observer/share:/home/point001/autoware.ai/install/autoware_system_msgs/share:/home/point001/autoware.ai/install/autoware_msgs/share:/home/point001/autoware.ai/install/autoware_config_msgs/share:/home/point001/autoware.ai/install/autoware_build_flags/share:${ROS_PACKAGE_PATH} /usr/bin/cmake --build /home/point001/autoware.ai/build/pure_pursuit --target install -- -j24 -l24
[2.156s] [  0%] Built target tf2_msgs_generate_messages_cpp
[2.164s] [  0%] Built target autoware_msgs_generate_messages_py
[2.168s] [  0%] Built target jsk_recognition_msgs_generate_messages_lisp
[2.171s] [  0%] Built target autoware_msgs_generate_messages_cpp
[2.178s] [  0%] Built target autoware_config_msgs_generate_messages_lisp
[2.178s] [  0%] Built target pcl_msgs_generate_messages_eus
[2.184s] [  0%] Built target roscpp_generate_messages_cpp
[2.190s] [  0%] Built target rosgraph_msgs_generate_messages_cpp
[2.190s] [  0%] Built target sensor_msgs_generate_messages_cpp
[2.191s] [  0%] Built target autoware_system_msgs_generate_messages_lisp
[2.193s] [  0%] Built target _catkin_empty_exported_target
[2.194s] [  0%] Built target geometry_msgs_generate_messages_py
[2.201s] [  0%] Built target sensor_msgs_generate_messages_lisp
[2.202s] [  0%] Built target std_msgs_generate_messages_nodejs
[2.202s] [  0%] Built target rosgraph_msgs_generate_messages_eus
[2.205s] [  0%] Built target actionlib_generate_messages_cpp
[2.208s] [  0%] Built target jsk_recognition_msgs_generate_messages_eus
[2.210s] [  0%] Built target sensor_msgs_generate_messages_py
[2.226s] [  0%] Built target pcl_msgs_generate_messages_nodejs
[2.226s] [  0%] Built target jsk_recognition_msgs_generate_messages_py
[2.226s] [  0%] Built target autoware_system_msgs_generate_messages_py
[2.229s] [  0%] Built target sensor_msgs_generate_messages_nodejs
[2.230s] [  0%] Built target std_msgs_generate_messages_cpp
[2.230s] [  0%] Built target sensor_msgs_generate_messages_eus
[2.230s] [  0%] Built target tf_generate_messages_py
[2.235s] [  0%] Built target geometry_msgs_generate_messages_nodejs
[2.238s] [  0%] Built target autoware_system_msgs_generate_messages_cpp
[2.241s] [  0%] Built target roscpp_generate_messages_nodejs
[2.243s] [  0%] Built target geometry_msgs_generate_messages_eus
[2.245s] [  0%] Built target actionlib_msgs_generate_messages_nodejs
[2.250s] [  0%] Built target std_msgs_generate_messages_lisp
[2.258s] [  0%] Built target jsk_recognition_msgs_generate_messages_cpp
[2.260s] [  0%] Built target geometry_msgs_generate_messages_lisp
[2.262s] [  0%] Built target autoware_msgs_generate_messages_lisp
[2.265s] [  0%] Built target std_msgs_generate_messages_eus
[2.274s] [  0%] Built target std_msgs_generate_messages_py
[2.277s] [  0%] Built target jsk_footstep_msgs_generate_messages_py
[2.280s] [  0%] Built target actionlib_msgs_generate_messages_cpp
[2.283s] [  0%] Built target actionlib_msgs_generate_messages_lisp
[2.290s] [  0%] Built target autoware_config_msgs_generate_messages_eus
[2.293s] [  0%] Built target tf_generate_messages_lisp
[2.293s] [  0%] Built target pcl_msgs_generate_messages_cpp
[2.297s] [  0%] Built target autoware_msgs_generate_messages_eus
[2.303s] [  0%] Built target autoware_msgs_generate_messages_nodejs
[2.306s] [  0%] Built target jsk_footstep_msgs_generate_messages_eus
[2.309s] [  0%] Built target jsk_footstep_msgs_generate_messages_nodejs
[2.311s] [  0%] Built target jsk_footstep_msgs_generate_messages_lisp
[2.314s] [  0%] Built target jsk_footstep_msgs_generate_messages_cpp
[2.315s] [  0%] Built target rosgraph_msgs_generate_messages_nodejs
[2.318s] [  0%] Built target roscpp_generate_messages_py
[2.322s] [  0%] Built target autoware_config_msgs_generate_messages_nodejs
[2.323s] [  0%] Built target tf_generate_messages_nodejs
[2.325s] [  0%] Built target autoware_config_msgs_generate_messages_cpp
[2.328s] [  0%] Built target jsk_recognition_msgs_generate_messages_nodejs
[2.337s] [  0%] Built target actionlib_msgs_generate_messages_eus
[2.338s] [  0%] Built target actionlib_msgs_generate_messages_py
[2.340s] [  0%] Built target tf_generate_messages_eus
[2.342s] [  0%] Built target roscpp_generate_messages_lisp
[2.342s] [  0%] Built target autoware_system_msgs_generate_messages_nodejs
[2.344s] [  0%] Built target roscpp_generate_messages_eus
[2.345s] [  0%] Built target pcl_msgs_generate_messages_py
[2.346s] [  0%] Built target pcl_msgs_generate_messages_lisp
[2.348s] [  0%] Built target actionlib_generate_messages_eus
[2.351s] [  0%] Built target autoware_config_msgs_generate_messages_py
[2.351s] [  0%] Built target tf_generate_messages_cpp
[2.358s] [  0%] Built target rosgraph_msgs_generate_messages_lisp
[2.362s] [  0%] Built target rosgraph_msgs_generate_messages_py
[2.362s] [  0%] Built target autoware_system_msgs_generate_messages_eus
[2.362s] [  0%] Built target actionlib_generate_messages_nodejs
[2.362s] [  0%] Built target tf2_msgs_generate_messages_py
[2.362s] [  0%] Built target tf2_msgs_generate_messages_eus
[2.362s] [  0%] Built target actionlib_generate_messages_lisp
[2.363s] [  0%] Built target actionlib_generate_messages_py
[2.365s] [  0%] Built target geometry_msgs_generate_messages_cpp
[2.367s] [  0%] Built target tf2_msgs_generate_messages_nodejs
[2.374s] [  0%] Built target tf2_msgs_generate_messages_lisp
[2.414s] [100%] Built target pure_pursuit
[2.447s] [36mInstall the project...[0m
[2.458s] -- Install configuration: "Release"
[2.458s] -- Up-to-date: /home/point001/autoware.ai/install/pure_pursuit/lib/pkgconfig/pure_pursuit.pc
[2.458s] -- Up-to-date: /home/point001/autoware.ai/install/pure_pursuit/share/pure_pursuit/cmake/pure_pursuitConfig.cmake
[2.459s] -- Up-to-date: /home/point001/autoware.ai/install/pure_pursuit/share/pure_pursuit/cmake/pure_pursuitConfig-version.cmake
[2.459s] -- Up-to-date: /home/point001/autoware.ai/install/pure_pursuit/share/pure_pursuit/package.xml
[2.460s] -- Up-to-date: /home/point001/autoware.ai/install/pure_pursuit/lib/pure_pursuit/pure_pursuit
[2.460s] -- Up-to-date: /home/point001/autoware.ai/install/pure_pursuit/share/pure_pursuit/launch
[2.460s] -- Up-to-date: /home/point001/autoware.ai/install/pure_pursuit/share/pure_pursuit/launch/pure_pursuit.launch
[2.466s] Invoked command in '/home/point001/autoware.ai/build/pure_pursuit' returned '0': CMAKE_PREFIX_PATH=/home/point001/autoware.ai/install/libwaypoint_follower:/home/point001/autoware.ai/install/autoware_health_checker:/home/point001/autoware.ai/install/amathutils_lib:/home/point001/autoware.ai/install/ros_observer:/home/point001/autoware.ai/install/autoware_system_msgs:/home/point001/autoware.ai/install/autoware_msgs:/home/point001/autoware.ai/install/autoware_config_msgs:/home/point001/autoware.ai/install/autoware_build_flags:${CMAKE_PREFIX_PATH} LD_LIBRARY_PATH=/home/point001/autoware.ai/install/libwaypoint_follower/lib:/home/point001/autoware.ai/install/autoware_health_checker/lib:/home/point001/autoware.ai/install/amathutils_lib/lib:/home/point001/autoware.ai/install/ros_observer/lib:/opt/ros/melodic/lib:/usr/local/cuda-10.0/lib64 PKG_CONFIG_PATH=/home/point001/autoware.ai/install/libwaypoint_follower/lib/x86_64-linux-gnu/pkgconfig:/home/point001/autoware.ai/install/libwaypoint_follower/lib/pkgconfig:/home/point001/autoware.ai/install/autoware_health_checker/lib/x86_64-linux-gnu/pkgconfig:/home/point001/autoware.ai/install/autoware_health_checker/lib/pkgconfig:/home/point001/autoware.ai/install/amathutils_lib/lib/x86_64-linux-gnu/pkgconfig:/home/point001/autoware.ai/install/amathutils_lib/lib/pkgconfig:/home/point001/autoware.ai/install/ros_observer/lib/x86_64-linux-gnu/pkgconfig:/home/point001/autoware.ai/install/ros_observer/lib/pkgconfig:/home/point001/autoware.ai/install/autoware_system_msgs/lib/x86_64-linux-gnu/pkgconfig:/home/point001/autoware.ai/install/autoware_system_msgs/lib/pkgconfig:/home/point001/autoware.ai/install/autoware_msgs/lib/x86_64-linux-gnu/pkgconfig:/home/point001/autoware.ai/install/autoware_msgs/lib/pkgconfig:/home/point001/autoware.ai/install/autoware_config_msgs/lib/x86_64-linux-gnu/pkgconfig:/home/point001/autoware.ai/install/autoware_config_msgs/lib/pkgconfig:/home/point001/autoware.ai/install/autoware_build_flags/lib/x86_64-linux-gnu/pkgconfig:/home/point001/autoware.ai/install/autoware_build_flags/lib/pkgconfig:${PKG_CONFIG_PATH} PYTHONPATH=/home/point001/autoware.ai/install/autoware_system_msgs/lib/python2.7/dist-packages:/home/point001/autoware.ai/install/autoware_msgs/lib/python2.7/dist-packages:/home/point001/autoware.ai/install/autoware_config_msgs/lib/python2.7/dist-packages:${PYTHONPATH} ROS_PACKAGE_PATH=/home/point001/autoware.ai/install/libwaypoint_follower/share:/home/point001/autoware.ai/install/autoware_health_checker/share:/home/point001/autoware.ai/install/amathutils_lib/share:/home/point001/autoware.ai/install/ros_observer/share:/home/point001/autoware.ai/install/autoware_system_msgs/share:/home/point001/autoware.ai/install/autoware_msgs/share:/home/point001/autoware.ai/install/autoware_config_msgs/share:/home/point001/autoware.ai/install/autoware_build_flags/share:${ROS_PACKAGE_PATH} /usr/bin/cmake --build /home/point001/autoware.ai/build/pure_pursuit --target install -- -j24 -l24
