[0.067s] Invoking command in '/home/point001/autoware.ai/build/trafficlight_recognizer': CMAKE_PREFIX_PATH=/home/point001/autoware.ai/install/lanelet2_extension:/home/point001/autoware.ai/install/lanelet2_validation:/home/point001/autoware.ai/install/lanelet2_routing:/home/point001/autoware.ai/install/lanelet2_projection:/home/point001/autoware.ai/install/vector_map_server:/home/point001/autoware.ai/install/libvectormap:/home/point001/autoware.ai/install/lanelet2_traffic_rules:/home/point001/autoware.ai/install/lanelet2_maps:/home/point001/autoware.ai/install/lanelet2_io:/home/point001/autoware.ai/install/vector_map:/home/point001/autoware.ai/install/lanelet2_core:/home/point001/autoware.ai/install/amathutils_lib:/home/point001/autoware.ai/install/vector_map_msgs:/home/point001/autoware.ai/install/autoware_msgs:/home/point001/autoware.ai/install/autoware_lanelet2_msgs:/home/point001/autoware.ai/install/autoware_build_flags:${CMAKE_PREFIX_PATH} LD_LIBRARY_PATH=/home/point001/autoware.ai/install/lanelet2_extension/lib:/home/point001/autoware.ai/install/lanelet2_validation/lib:/home/point001/autoware.ai/install/lanelet2_routing/lib:/home/point001/autoware.ai/install/lanelet2_projection/lib:/home/point001/autoware.ai/install/lanelet2_traffic_rules/lib:/home/point001/autoware.ai/install/lanelet2_io/lib:/home/point001/autoware.ai/install/vector_map/lib:/home/point001/autoware.ai/install/lanelet2_core/lib:/home/point001/autoware.ai/install/amathutils_lib/lib:/opt/ros/melodic/lib:/usr/local/cuda-10.0/lib64 PKG_CONFIG_PATH=/home/point001/autoware.ai/install/lanelet2_extension/lib/x86_64-linux-gnu/pkgconfig:/home/point001/autoware.ai/install/lanelet2_extension/lib/pkgconfig:/home/point001/autoware.ai/install/lanelet2_validation/lib/x86_64-linux-gnu/pkgconfig:/home/point001/autoware.ai/install/lanelet2_validation/lib/pkgconfig:/home/point001/autoware.ai/install/lanelet2_routing/lib/x86_64-linux-gnu/pkgconfig:/home/point001/autoware.ai/install/lanelet2_routing/lib/pkgconfig:/home/point001/autoware.ai/install/lanelet2_projection/lib/x86_64-linux-gnu/pkgconfig:/home/point001/autoware.ai/install/lanelet2_projection/lib/pkgconfig:/home/point001/autoware.ai/install/vector_map_server/lib/x86_64-linux-gnu/pkgconfig:/home/point001/autoware.ai/install/vector_map_server/lib/pkgconfig:/home/point001/autoware.ai/install/libvectormap/lib/x86_64-linux-gnu/pkgconfig:/home/point001/autoware.ai/install/libvectormap/lib/pkgconfig:/home/point001/autoware.ai/install/lanelet2_traffic_rules/lib/x86_64-linux-gnu/pkgconfig:/home/point001/autoware.ai/install/lanelet2_traffic_rules/lib/pkgconfig:/home/point001/autoware.ai/install/lanelet2_maps/lib/x86_64-linux-gnu/pkgconfig:/home/point001/autoware.ai/install/lanelet2_maps/lib/pkgconfig:/home/point001/autoware.ai/install/lanelet2_io/lib/x86_64-linux-gnu/pkgconfig:/home/point001/autoware.ai/install/lanelet2_io/lib/pkgconfig:/home/point001/autoware.ai/install/vector_map/lib/x86_64-linux-gnu/pkgconfig:/home/point001/autoware.ai/install/vector_map/lib/pkgconfig:/home/point001/autoware.ai/install/lanelet2_core/lib/x86_64-linux-gnu/pkgconfig:/home/point001/autoware.ai/install/lanelet2_core/lib/pkgconfig:/home/point001/autoware.ai/install/amathutils_lib/lib/x86_64-linux-gnu/pkgconfig:/home/point001/autoware.ai/install/amathutils_lib/lib/pkgconfig:/home/point001/autoware.ai/install/vector_map_msgs/lib/x86_64-linux-gnu/pkgconfig:/home/point001/autoware.ai/install/vector_map_msgs/lib/pkgconfig:/home/point001/autoware.ai/install/autoware_msgs/lib/x86_64-linux-gnu/pkgconfig:/home/point001/autoware.ai/install/autoware_msgs/lib/pkgconfig:/home/point001/autoware.ai/install/autoware_lanelet2_msgs/lib/x86_64-linux-gnu/pkgconfig:/home/point001/autoware.ai/install/autoware_lanelet2_msgs/lib/pkgconfig:/home/point001/autoware.ai/install/autoware_build_flags/lib/x86_64-linux-gnu/pkgconfig:/home/point001/autoware.ai/install/autoware_build_flags/lib/pkgconfig:${PKG_CONFIG_PATH} PYTHONPATH=/home/point001/autoware.ai/install/vector_map_server/lib/python2.7/dist-packages:/home/point001/autoware.ai/install/vector_map_msgs/lib/python2.7/dist-packages:/home/point001/autoware.ai/install/autoware_msgs/lib/python2.7/dist-packages:/home/point001/autoware.ai/install/autoware_lanelet2_msgs/lib/python2.7/dist-packages:${PYTHONPATH} ROS_PACKAGE_PATH=/home/point001/autoware.ai/install/lanelet2_extension/share:/home/point001/autoware.ai/install/lanelet2_validation/share:/home/point001/autoware.ai/install/lanelet2_routing/share:/home/point001/autoware.ai/install/lanelet2_projection/share:/home/point001/autoware.ai/install/vector_map_server/share:/home/point001/autoware.ai/install/libvectormap/share:/home/point001/autoware.ai/install/lanelet2_traffic_rules/share:/home/point001/autoware.ai/install/lanelet2_maps/share:/home/point001/autoware.ai/install/lanelet2_io/share:/home/point001/autoware.ai/install/vector_map/share:/home/point001/autoware.ai/install/lanelet2_core/share:/home/point001/autoware.ai/install/amathutils_lib/share:/home/point001/autoware.ai/install/vector_map_msgs/share:/home/point001/autoware.ai/install/autoware_msgs/share:/home/point001/autoware.ai/install/autoware_lanelet2_msgs/share:/home/point001/autoware.ai/install/autoware_build_flags/share:${ROS_PACKAGE_PATH} /usr/bin/cmake --build /home/point001/autoware.ai/build/trafficlight_recognizer -- -j24 -l24
[0.125s] [  2%] [34m[1mAutomatic MOC, UIC and RCC for target label_maker[0m
[0.141s] [  2%] Built target label_maker_autogen
[0.159s] [  2%] Built target sensor_msgs_generate_messages_eus
[0.174s] [  2%] Built target _catkin_empty_exported_target
[0.192s] [  2%] Built target sensor_msgs_generate_messages_cpp
[0.208s] [  2%] Built target autoware_msgs_generate_messages_cpp
[0.223s] [  2%] Built target rosgraph_msgs_generate_messages_cpp
[0.240s] [  2%] Built target pcl_msgs_generate_messages_nodejs
[0.257s] [  2%] Built target jsk_recognition_msgs_generate_messages_py
[0.274s] [  2%] Built target sensor_msgs_generate_messages_lisp
[0.291s] [  2%] Built target sensor_msgs_generate_messages_py
[0.310s] [  2%] Built target tf_generate_messages_py
[0.329s] [  2%] Built target std_msgs_generate_messages_cpp
[0.349s] [  2%] Built target jsk_footstep_msgs_generate_messages_py
[0.367s] [  2%] Built target actionlib_msgs_generate_messages_nodejs
[0.383s] [  2%] Built target geometry_msgs_generate_messages_eus
[0.401s] [  2%] Built target std_msgs_generate_messages_lisp
[0.420s] [  2%] Built target roscpp_generate_messages_nodejs
[0.438s] [  2%] Built target geometry_msgs_generate_messages_nodejs
[0.456s] [  2%] Built target geometry_msgs_generate_messages_lisp
[0.473s] [  2%] Built target pcl_msgs_generate_messages_cpp
[0.488s] [  2%] Built target jsk_recognition_msgs_generate_messages_cpp
[0.507s] [  2%] Built target autoware_msgs_generate_messages_eus
[0.525s] [  2%] Built target autoware_msgs_generate_messages_lisp
[0.543s] [  2%] Built target visualization_msgs_generate_messages_lisp
[0.561s] [  2%] Built target std_msgs_generate_messages_eus
[0.579s] [  2%] Built target autoware_msgs_generate_messages_nodejs
[0.594s] [  2%] Built target jsk_footstep_msgs_generate_messages_eus
[0.610s] [  2%] Built target actionlib_msgs_generate_messages_py
[0.626s] [  2%] Built target vector_map_server_generate_messages_lisp
[0.644s] [  2%] Built target jsk_footstep_msgs_generate_messages_lisp
[0.662s] [  2%] Built target jsk_footstep_msgs_generate_messages_nodejs
[0.681s] [  2%] Built target actionlib_msgs_generate_messages_lisp
[0.699s] [  2%] Built target jsk_footstep_msgs_generate_messages_cpp
[0.718s] [  2%] Built target actionlib_msgs_generate_messages_cpp
[0.734s] [  2%] Built target tf_generate_messages_eus
[0.753s] [  2%] Built target tf_generate_messages_lisp
[0.771s] [  2%] Built target tf_generate_messages_nodejs
[0.789s] [  2%] Built target autoware_lanelet2_msgs_generate_messages_cpp
[0.807s] [  2%] Built target jsk_recognition_msgs_generate_messages_nodejs
[0.823s] [  2%] Built target autoware_lanelet2_msgs_generate_messages_py
[0.841s] [  2%] Built target roscpp_generate_messages_lisp
[0.860s] [  2%] Built target rosgraph_msgs_generate_messages_lisp
[0.875s] [  2%] Built target rosgraph_msgs_generate_messages_nodejs
[0.890s] [  2%] Built target vector_map_server_generate_messages_py
[0.908s] [  2%] Built target roscpp_generate_messages_eus
[0.925s] [  2%] Built target actionlib_msgs_generate_messages_eus
[0.943s] [  2%] Built target rosgraph_msgs_generate_messages_py
[0.959s] [  2%] Built target pcl_msgs_generate_messages_py
[0.976s] [  2%] Built target actionlib_generate_messages_eus
[0.993s] [  2%] Built target geometry_msgs_generate_messages_cpp
[1.012s] [  2%] Built target actionlib_generate_messages_lisp
[1.028s] [  2%] Built target pcl_msgs_generate_messages_lisp
[1.044s] [  2%] Built target tf_generate_messages_cpp
[1.062s] [  2%] Built target actionlib_generate_messages_nodejs
[1.080s] [  2%] Built target tf2_msgs_generate_messages_lisp
[1.098s] [  2%] Built target actionlib_generate_messages_py
[1.115s] [  2%] Built target tf2_msgs_generate_messages_py
[1.134s] [  2%] Built target autoware_lanelet2_msgs_generate_messages_eus
[1.149s] [  2%] Built target tf2_msgs_generate_messages_nodejs
[1.167s] [  2%] Built target autoware_lanelet2_msgs_generate_messages_lisp
[1.183s] [  2%] Built target roscpp_generate_messages_py
[1.199s] [  2%] Built target autoware_lanelet2_msgs_generate_messages_nodejs
[1.216s] [  2%] Built target vector_map_server_generate_messages_cpp
[1.232s] [  2%] Built target visualization_msgs_generate_messages_eus
[1.251s] [  2%] Built target tf2_msgs_generate_messages_eus
[1.277s] [ 19%] Built target label_maker
[1.295s] [ 19%] Built target std_msgs_generate_messages_nodejs
[1.313s] [ 19%] Built target autoware_msgs_generate_messages_py
[1.333s] [ 19%] Built target std_msgs_generate_messages_py
[1.351s] [ 19%] Built target tf2_msgs_generate_messages_cpp
[1.369s] [ 19%] Built target jsk_recognition_msgs_generate_messages_eus
[1.382s] [ 19%] Built target jsk_recognition_msgs_generate_messages_lisp
[1.399s] [ 19%] Built target rosgraph_msgs_generate_messages_eus
[1.414s] [ 19%] Built target pcl_msgs_generate_messages_eus
[1.430s] [ 19%] Built target actionlib_generate_messages_cpp
[1.447s] [ 19%] Built target roscpp_generate_messages_cpp
[1.466s] [ 19%] Built target vector_map_server_generate_messages_eus
[1.482s] [ 19%] Built target sensor_msgs_generate_messages_nodejs
[1.498s] [ 19%] Built target geometry_msgs_generate_messages_py
[1.516s] [ 19%] Built target visualization_msgs_generate_messages_nodejs
[1.535s] [ 19%] Built target visualization_msgs_generate_messages_py
[1.552s] [ 19%] Built target vector_map_msgs_generate_messages_cpp
[1.567s] [ 19%] Built target vector_map_msgs_generate_messages_eus
[1.584s] [ 19%] Built target vector_map_msgs_generate_messages_lisp
[1.600s] [ 19%] Built target vector_map_msgs_generate_messages_nodejs
[1.616s] [ 19%] Built target vector_map_msgs_generate_messages_py
[1.631s] [ 19%] Built target vector_map_server_generate_messages_nodejs
[1.646s] [ 19%] Built target visualization_msgs_generate_messages_cpp
[1.663s] [ 21%] [34m[1mAutomatic MOC, UIC and RCC for target tlr_tuner[0m
[1.678s] [ 21%] Built target tlr_tuner_autogen
[1.694s] [ 24%] [34m[1mAutomatic MOC, UIC and RCC for target feat_proj[0m
[1.709s] [ 24%] Built target feat_proj_autogen
[1.738s] [ 39%] Built target tlr_tuner
[1.764s] [ 46%] Built target feat_proj
[1.779s] [ 48%] [34m[1mAutomatic MOC, UIC and RCC for target feat_proj_lanelet2[0m
[1.792s] [ 48%] Built target feat_proj_lanelet2_autogen
[1.807s] [ 51%] [34m[1mAutomatic MOC, UIC and RCC for target tl_switch[0m
[1.820s] [ 51%] Built target tl_switch_autogen
[1.847s] [ 60%] Built target feat_proj_lanelet2
[1.869s] [ 68%] Built target tl_switch
[1.885s] [ 70%] [34m[1mAutomatic MOC, UIC and RCC for target libcontext[0m
[1.900s] [ 70%] Built target libcontext_autogen
[1.916s] [ 78%] Built target libcontext
[1.931s] [ 80%] [34m[1mAutomatic MOC, UIC and RCC for target region_tlr[0m
[1.948s] [ 80%] Built target region_tlr_autogen
[1.964s] [ 82%] [34m[1mAutomatic MOC, UIC and RCC for target roi_extractor[0m
[1.979s] [ 82%] Built target roi_extractor_autogen
[2.001s] [ 92%] Built target region_tlr
[2.021s] [100%] Built target roi_extractor
[2.031s] Invoked command in '/home/point001/autoware.ai/build/trafficlight_recognizer' returned '0': CMAKE_PREFIX_PATH=/home/point001/autoware.ai/install/lanelet2_extension:/home/point001/autoware.ai/install/lanelet2_validation:/home/point001/autoware.ai/install/lanelet2_routing:/home/point001/autoware.ai/install/lanelet2_projection:/home/point001/autoware.ai/install/vector_map_server:/home/point001/autoware.ai/install/libvectormap:/home/point001/autoware.ai/install/lanelet2_traffic_rules:/home/point001/autoware.ai/install/lanelet2_maps:/home/point001/autoware.ai/install/lanelet2_io:/home/point001/autoware.ai/install/vector_map:/home/point001/autoware.ai/install/lanelet2_core:/home/point001/autoware.ai/install/amathutils_lib:/home/point001/autoware.ai/install/vector_map_msgs:/home/point001/autoware.ai/install/autoware_msgs:/home/point001/autoware.ai/install/autoware_lanelet2_msgs:/home/point001/autoware.ai/install/autoware_build_flags:${CMAKE_PREFIX_PATH} LD_LIBRARY_PATH=/home/point001/autoware.ai/install/lanelet2_extension/lib:/home/point001/autoware.ai/install/lanelet2_validation/lib:/home/point001/autoware.ai/install/lanelet2_routing/lib:/home/point001/autoware.ai/install/lanelet2_projection/lib:/home/point001/autoware.ai/install/lanelet2_traffic_rules/lib:/home/point001/autoware.ai/install/lanelet2_io/lib:/home/point001/autoware.ai/install/vector_map/lib:/home/point001/autoware.ai/install/lanelet2_core/lib:/home/point001/autoware.ai/install/amathutils_lib/lib:/opt/ros/melodic/lib:/usr/local/cuda-10.0/lib64 PKG_CONFIG_PATH=/home/point001/autoware.ai/install/lanelet2_extension/lib/x86_64-linux-gnu/pkgconfig:/home/point001/autoware.ai/install/lanelet2_extension/lib/pkgconfig:/home/point001/autoware.ai/install/lanelet2_validation/lib/x86_64-linux-gnu/pkgconfig:/home/point001/autoware.ai/install/lanelet2_validation/lib/pkgconfig:/home/point001/autoware.ai/install/lanelet2_routing/lib/x86_64-linux-gnu/pkgconfig:/home/point001/autoware.ai/install/lanelet2_routing/lib/pkgconfig:/home/point001/autoware.ai/install/lanelet2_projection/lib/x86_64-linux-gnu/pkgconfig:/home/point001/autoware.ai/install/lanelet2_projection/lib/pkgconfig:/home/point001/autoware.ai/install/vector_map_server/lib/x86_64-linux-gnu/pkgconfig:/home/point001/autoware.ai/install/vector_map_server/lib/pkgconfig:/home/point001/autoware.ai/install/libvectormap/lib/x86_64-linux-gnu/pkgconfig:/home/point001/autoware.ai/install/libvectormap/lib/pkgconfig:/home/point001/autoware.ai/install/lanelet2_traffic_rules/lib/x86_64-linux-gnu/pkgconfig:/home/point001/autoware.ai/install/lanelet2_traffic_rules/lib/pkgconfig:/home/point001/autoware.ai/install/lanelet2_maps/lib/x86_64-linux-gnu/pkgconfig:/home/point001/autoware.ai/install/lanelet2_maps/lib/pkgconfig:/home/point001/autoware.ai/install/lanelet2_io/lib/x86_64-linux-gnu/pkgconfig:/home/point001/autoware.ai/install/lanelet2_io/lib/pkgconfig:/home/point001/autoware.ai/install/vector_map/lib/x86_64-linux-gnu/pkgconfig:/home/point001/autoware.ai/install/vector_map/lib/pkgconfig:/home/point001/autoware.ai/install/lanelet2_core/lib/x86_64-linux-gnu/pkgconfig:/home/point001/autoware.ai/install/lanelet2_core/lib/pkgconfig:/home/point001/autoware.ai/install/amathutils_lib/lib/x86_64-linux-gnu/pkgconfig:/home/point001/autoware.ai/install/amathutils_lib/lib/pkgconfig:/home/point001/autoware.ai/install/vector_map_msgs/lib/x86_64-linux-gnu/pkgconfig:/home/point001/autoware.ai/install/vector_map_msgs/lib/pkgconfig:/home/point001/autoware.ai/install/autoware_msgs/lib/x86_64-linux-gnu/pkgconfig:/home/point001/autoware.ai/install/autoware_msgs/lib/pkgconfig:/home/point001/autoware.ai/install/autoware_lanelet2_msgs/lib/x86_64-linux-gnu/pkgconfig:/home/point001/autoware.ai/install/autoware_lanelet2_msgs/lib/pkgconfig:/home/point001/autoware.ai/install/autoware_build_flags/lib/x86_64-linux-gnu/pkgconfig:/home/point001/autoware.ai/install/autoware_build_flags/lib/pkgconfig:${PKG_CONFIG_PATH} PYTHONPATH=/home/point001/autoware.ai/install/vector_map_server/lib/python2.7/dist-packages:/home/point001/autoware.ai/install/vector_map_msgs/lib/python2.7/dist-packages:/home/point001/autoware.ai/install/autoware_msgs/lib/python2.7/dist-packages:/home/point001/autoware.ai/install/autoware_lanelet2_msgs/lib/python2.7/dist-packages:${PYTHONPATH} ROS_PACKAGE_PATH=/home/point001/autoware.ai/install/lanelet2_extension/share:/home/point001/autoware.ai/install/lanelet2_validation/share:/home/point001/autoware.ai/install/lanelet2_routing/share:/home/point001/autoware.ai/install/lanelet2_projection/share:/home/point001/autoware.ai/install/vector_map_server/share:/home/point001/autoware.ai/install/libvectormap/share:/home/point001/autoware.ai/install/lanelet2_traffic_rules/share:/home/point001/autoware.ai/install/lanelet2_maps/share:/home/point001/autoware.ai/install/lanelet2_io/share:/home/point001/autoware.ai/install/vector_map/share:/home/point001/autoware.ai/install/lanelet2_core/share:/home/point001/autoware.ai/install/amathutils_lib/share:/home/point001/autoware.ai/install/vector_map_msgs/share:/home/point001/autoware.ai/install/autoware_msgs/share:/home/point001/autoware.ai/install/autoware_lanelet2_msgs/share:/home/point001/autoware.ai/install/autoware_build_flags/share:${ROS_PACKAGE_PATH} /usr/bin/cmake --build /home/point001/autoware.ai/build/trafficlight_recognizer -- -j24 -l24
[2.127s] Invoking command in '/home/point001/autoware.ai/build/trafficlight_recognizer': CMAKE_PREFIX_PATH=/home/point001/autoware.ai/install/lanelet2_extension:/home/point001/autoware.ai/install/lanelet2_validation:/home/point001/autoware.ai/install/lanelet2_routing:/home/point001/autoware.ai/install/lanelet2_projection:/home/point001/autoware.ai/install/vector_map_server:/home/point001/autoware.ai/install/libvectormap:/home/point001/autoware.ai/install/lanelet2_traffic_rules:/home/point001/autoware.ai/install/lanelet2_maps:/home/point001/autoware.ai/install/lanelet2_io:/home/point001/autoware.ai/install/vector_map:/home/point001/autoware.ai/install/lanelet2_core:/home/point001/autoware.ai/install/amathutils_lib:/home/point001/autoware.ai/install/vector_map_msgs:/home/point001/autoware.ai/install/autoware_msgs:/home/point001/autoware.ai/install/autoware_lanelet2_msgs:/home/point001/autoware.ai/install/autoware_build_flags:${CMAKE_PREFIX_PATH} LD_LIBRARY_PATH=/home/point001/autoware.ai/install/lanelet2_extension/lib:/home/point001/autoware.ai/install/lanelet2_validation/lib:/home/point001/autoware.ai/install/lanelet2_routing/lib:/home/point001/autoware.ai/install/lanelet2_projection/lib:/home/point001/autoware.ai/install/lanelet2_traffic_rules/lib:/home/point001/autoware.ai/install/lanelet2_io/lib:/home/point001/autoware.ai/install/vector_map/lib:/home/point001/autoware.ai/install/lanelet2_core/lib:/home/point001/autoware.ai/install/amathutils_lib/lib:/opt/ros/melodic/lib:/usr/local/cuda-10.0/lib64 PKG_CONFIG_PATH=/home/point001/autoware.ai/install/lanelet2_extension/lib/x86_64-linux-gnu/pkgconfig:/home/point001/autoware.ai/install/lanelet2_extension/lib/pkgconfig:/home/point001/autoware.ai/install/lanelet2_validation/lib/x86_64-linux-gnu/pkgconfig:/home/point001/autoware.ai/install/lanelet2_validation/lib/pkgconfig:/home/point001/autoware.ai/install/lanelet2_routing/lib/x86_64-linux-gnu/pkgconfig:/home/point001/autoware.ai/install/lanelet2_routing/lib/pkgconfig:/home/point001/autoware.ai/install/lanelet2_projection/lib/x86_64-linux-gnu/pkgconfig:/home/point001/autoware.ai/install/lanelet2_projection/lib/pkgconfig:/home/point001/autoware.ai/install/vector_map_server/lib/x86_64-linux-gnu/pkgconfig:/home/point001/autoware.ai/install/vector_map_server/lib/pkgconfig:/home/point001/autoware.ai/install/libvectormap/lib/x86_64-linux-gnu/pkgconfig:/home/point001/autoware.ai/install/libvectormap/lib/pkgconfig:/home/point001/autoware.ai/install/lanelet2_traffic_rules/lib/x86_64-linux-gnu/pkgconfig:/home/point001/autoware.ai/install/lanelet2_traffic_rules/lib/pkgconfig:/home/point001/autoware.ai/install/lanelet2_maps/lib/x86_64-linux-gnu/pkgconfig:/home/point001/autoware.ai/install/lanelet2_maps/lib/pkgconfig:/home/point001/autoware.ai/install/lanelet2_io/lib/x86_64-linux-gnu/pkgconfig:/home/point001/autoware.ai/install/lanelet2_io/lib/pkgconfig:/home/point001/autoware.ai/install/vector_map/lib/x86_64-linux-gnu/pkgconfig:/home/point001/autoware.ai/install/vector_map/lib/pkgconfig:/home/point001/autoware.ai/install/lanelet2_core/lib/x86_64-linux-gnu/pkgconfig:/home/point001/autoware.ai/install/lanelet2_core/lib/pkgconfig:/home/point001/autoware.ai/install/amathutils_lib/lib/x86_64-linux-gnu/pkgconfig:/home/point001/autoware.ai/install/amathutils_lib/lib/pkgconfig:/home/point001/autoware.ai/install/vector_map_msgs/lib/x86_64-linux-gnu/pkgconfig:/home/point001/autoware.ai/install/vector_map_msgs/lib/pkgconfig:/home/point001/autoware.ai/install/autoware_msgs/lib/x86_64-linux-gnu/pkgconfig:/home/point001/autoware.ai/install/autoware_msgs/lib/pkgconfig:/home/point001/autoware.ai/install/autoware_lanelet2_msgs/lib/x86_64-linux-gnu/pkgconfig:/home/point001/autoware.ai/install/autoware_lanelet2_msgs/lib/pkgconfig:/home/point001/autoware.ai/install/autoware_build_flags/lib/x86_64-linux-gnu/pkgconfig:/home/point001/autoware.ai/install/autoware_build_flags/lib/pkgconfig:${PKG_CONFIG_PATH} PYTHONPATH=/home/point001/autoware.ai/install/vector_map_server/lib/python2.7/dist-packages:/home/point001/autoware.ai/install/vector_map_msgs/lib/python2.7/dist-packages:/home/point001/autoware.ai/install/autoware_msgs/lib/python2.7/dist-packages:/home/point001/autoware.ai/install/autoware_lanelet2_msgs/lib/python2.7/dist-packages:${PYTHONPATH} ROS_PACKAGE_PATH=/home/point001/autoware.ai/install/lanelet2_extension/share:/home/point001/autoware.ai/install/lanelet2_validation/share:/home/point001/autoware.ai/install/lanelet2_routing/share:/home/point001/autoware.ai/install/lanelet2_projection/share:/home/point001/autoware.ai/install/vector_map_server/share:/home/point001/autoware.ai/install/libvectormap/share:/home/point001/autoware.ai/install/lanelet2_traffic_rules/share:/home/point001/autoware.ai/install/lanelet2_maps/share:/home/point001/autoware.ai/install/lanelet2_io/share:/home/point001/autoware.ai/install/vector_map/share:/home/point001/autoware.ai/install/lanelet2_core/share:/home/point001/autoware.ai/install/amathutils_lib/share:/home/point001/autoware.ai/install/vector_map_msgs/share:/home/point001/autoware.ai/install/autoware_msgs/share:/home/point001/autoware.ai/install/autoware_lanelet2_msgs/share:/home/point001/autoware.ai/install/autoware_build_flags/share:${ROS_PACKAGE_PATH} /usr/bin/cmake --build /home/point001/autoware.ai/build/trafficlight_recognizer --target tests -- -j24 -l24
[2.190s] [ 28%] Built target gtest
[2.205s] [ 28%] Built target _catkin_empty_exported_target
[2.220s] [ 28%] Built target sensor_msgs_generate_messages_cpp
[2.237s] [ 28%] Built target autoware_msgs_generate_messages_cpp
[2.254s] [ 28%] Built target rosgraph_msgs_generate_messages_cpp
[2.269s] [ 28%] Built target pcl_msgs_generate_messages_nodejs
[2.287s] [ 28%] Built target jsk_recognition_msgs_generate_messages_py
[2.304s] [ 28%] Built target sensor_msgs_generate_messages_lisp
[2.320s] [ 28%] Built target sensor_msgs_generate_messages_py
[2.337s] [ 28%] Built target tf_generate_messages_py
[2.351s] [ 28%] Built target std_msgs_generate_messages_cpp
[2.366s] [ 28%] Built target jsk_footstep_msgs_generate_messages_py
[2.382s] [ 28%] Built target actionlib_msgs_generate_messages_nodejs
[2.400s] [ 28%] Built target geometry_msgs_generate_messages_eus
[2.416s] [ 28%] Built target std_msgs_generate_messages_lisp
[2.431s] [ 28%] Built target roscpp_generate_messages_nodejs
[2.447s] [ 28%] Built target geometry_msgs_generate_messages_nodejs
[2.462s] [ 28%] Built target geometry_msgs_generate_messages_lisp
[2.479s] [ 28%] Built target pcl_msgs_generate_messages_cpp
[2.495s] [ 28%] Built target jsk_recognition_msgs_generate_messages_cpp
[2.512s] [ 28%] Built target autoware_msgs_generate_messages_eus
[2.529s] [ 28%] Built target autoware_msgs_generate_messages_lisp
[2.546s] [ 28%] Built target visualization_msgs_generate_messages_lisp
[2.562s] [ 28%] Built target std_msgs_generate_messages_eus
[2.576s] [ 28%] Built target autoware_msgs_generate_messages_nodejs
[2.593s] [ 28%] Built target jsk_footstep_msgs_generate_messages_eus
[2.609s] [ 28%] Built target actionlib_msgs_generate_messages_py
[2.624s] [ 28%] Built target vector_map_server_generate_messages_lisp
[2.639s] [ 28%] Built target jsk_footstep_msgs_generate_messages_lisp
[2.658s] [ 28%] Built target sensor_msgs_generate_messages_eus
[2.658s] [ 28%] Built target std_msgs_generate_messages_nodejs
[2.659s] [ 28%] Built target jsk_footstep_msgs_generate_messages_nodejs
[2.680s] [ 28%] Built target actionlib_msgs_generate_messages_cpp
[2.681s] [ 28%] Built target actionlib_msgs_generate_messages_lisp
[2.681s] [ 28%] Built target jsk_footstep_msgs_generate_messages_cpp
[2.703s] [ 28%] Built target tf_generate_messages_eus
[2.703s] [ 28%] Built target tf_generate_messages_nodejs
[2.704s] [ 28%] Built target tf_generate_messages_lisp
[2.725s] [ 28%] Built target std_msgs_generate_messages_py
[2.725s] [ 28%] Built target autoware_msgs_generate_messages_py
[2.726s] [ 28%] Built target autoware_lanelet2_msgs_generate_messages_cpp
[2.743s] [ 28%] Built target roscpp_generate_messages_lisp
[2.747s] [ 28%] Built target rosgraph_msgs_generate_messages_nodejs
[2.748s] [ 28%] Built target rosgraph_msgs_generate_messages_lisp
[2.766s] [ 28%] Built target vector_map_server_generate_messages_py
[2.768s] [ 28%] Built target roscpp_generate_messages_eus
[2.771s] [ 28%] Built target actionlib_msgs_generate_messages_eus
[2.785s] [ 28%] Built target rosgraph_msgs_generate_messages_py
[2.787s] [ 28%] Built target pcl_msgs_generate_messages_py
[2.793s] [ 28%] Built target actionlib_generate_messages_eus
[2.806s] [ 28%] Built target geometry_msgs_generate_messages_cpp
[2.808s] [ 28%] Built target actionlib_generate_messages_lisp
[2.815s] [ 28%] Built target pcl_msgs_generate_messages_lisp
[2.828s] [ 28%] Built target tf_generate_messages_cpp
[2.828s] [ 28%] Built target actionlib_generate_messages_nodejs
[2.835s] [ 28%] Built target tf2_msgs_generate_messages_lisp
[2.849s] [ 28%] Built target tf2_msgs_generate_messages_py
[2.850s] [ 28%] Built target actionlib_generate_messages_py
[2.856s] [ 28%] Built target autoware_lanelet2_msgs_generate_messages_eus
[2.870s] [ 28%] Built target tf2_msgs_generate_messages_nodejs
[2.870s] [ 28%] Built target autoware_lanelet2_msgs_generate_messages_lisp
[2.877s] [ 28%] Built target roscpp_generate_messages_py
[2.892s] [ 28%] Built target autoware_lanelet2_msgs_generate_messages_py
[2.893s] [ 28%] Built target autoware_lanelet2_msgs_generate_messages_nodejs
[2.901s] [ 28%] Built target visualization_msgs_generate_messages_eus
[2.912s] [ 28%] Built target tf2_msgs_generate_messages_eus
[2.917s] [ 28%] Built target visualization_msgs_generate_messages_cpp
[2.927s] [ 28%] Built target vector_map_server_generate_messages_cpp
[2.934s] [ 28%] Built target jsk_recognition_msgs_generate_messages_nodejs
[2.942s] [ 28%] Built target tf2_msgs_generate_messages_cpp
[2.950s] [ 28%] Built target jsk_recognition_msgs_generate_messages_eus
[2.961s] [ 28%] Built target jsk_recognition_msgs_generate_messages_lisp
[2.968s] [ 28%] Built target rosgraph_msgs_generate_messages_eus
[2.972s] [ 28%] Built target pcl_msgs_generate_messages_eus
[2.993s] [ 28%] Built target roscpp_generate_messages_cpp
[2.997s] [ 28%] Built target actionlib_generate_messages_cpp
[3.004s] [ 28%] Built target vector_map_server_generate_messages_eus
[3.023s] [ 28%] Built target visualization_msgs_generate_messages_py
[3.025s] [ 28%] Built target sensor_msgs_generate_messages_nodejs
[3.026s] [ 28%] Built target visualization_msgs_generate_messages_nodejs
[3.026s] [ 28%] Built target geometry_msgs_generate_messages_py
[3.033s] [ 28%] Built target vector_map_msgs_generate_messages_cpp
[3.053s] [ 28%] Built target vector_map_msgs_generate_messages_nodejs
[3.056s] [ 28%] Built target vector_map_msgs_generate_messages_lisp
[3.056s] [ 28%] Built target vector_map_msgs_generate_messages_eus
[3.063s] [ 28%] Built target vector_map_server_generate_messages_nodejs
[3.063s] [ 28%] Built target vector_map_msgs_generate_messages_py
[3.091s] [ 42%] [34m[1mAutomatic MOC, UIC and RCC for target test-feat_proj_lanelet2[0m
[3.116s] [ 42%] Built target test-feat_proj_lanelet2_autogen
[3.166s] [100%] Built target test-feat_proj_lanelet2
[3.193s] [100%] Built target tests
[3.210s] Invoked command in '/home/point001/autoware.ai/build/trafficlight_recognizer' returned '0': CMAKE_PREFIX_PATH=/home/point001/autoware.ai/install/lanelet2_extension:/home/point001/autoware.ai/install/lanelet2_validation:/home/point001/autoware.ai/install/lanelet2_routing:/home/point001/autoware.ai/install/lanelet2_projection:/home/point001/autoware.ai/install/vector_map_server:/home/point001/autoware.ai/install/libvectormap:/home/point001/autoware.ai/install/lanelet2_traffic_rules:/home/point001/autoware.ai/install/lanelet2_maps:/home/point001/autoware.ai/install/lanelet2_io:/home/point001/autoware.ai/install/vector_map:/home/point001/autoware.ai/install/lanelet2_core:/home/point001/autoware.ai/install/amathutils_lib:/home/point001/autoware.ai/install/vector_map_msgs:/home/point001/autoware.ai/install/autoware_msgs:/home/point001/autoware.ai/install/autoware_lanelet2_msgs:/home/point001/autoware.ai/install/autoware_build_flags:${CMAKE_PREFIX_PATH} LD_LIBRARY_PATH=/home/point001/autoware.ai/install/lanelet2_extension/lib:/home/point001/autoware.ai/install/lanelet2_validation/lib:/home/point001/autoware.ai/install/lanelet2_routing/lib:/home/point001/autoware.ai/install/lanelet2_projection/lib:/home/point001/autoware.ai/install/lanelet2_traffic_rules/lib:/home/point001/autoware.ai/install/lanelet2_io/lib:/home/point001/autoware.ai/install/vector_map/lib:/home/point001/autoware.ai/install/lanelet2_core/lib:/home/point001/autoware.ai/install/amathutils_lib/lib:/opt/ros/melodic/lib:/usr/local/cuda-10.0/lib64 PKG_CONFIG_PATH=/home/point001/autoware.ai/install/lanelet2_extension/lib/x86_64-linux-gnu/pkgconfig:/home/point001/autoware.ai/install/lanelet2_extension/lib/pkgconfig:/home/point001/autoware.ai/install/lanelet2_validation/lib/x86_64-linux-gnu/pkgconfig:/home/point001/autoware.ai/install/lanelet2_validation/lib/pkgconfig:/home/point001/autoware.ai/install/lanelet2_routing/lib/x86_64-linux-gnu/pkgconfig:/home/point001/autoware.ai/install/lanelet2_routing/lib/pkgconfig:/home/point001/autoware.ai/install/lanelet2_projection/lib/x86_64-linux-gnu/pkgconfig:/home/point001/autoware.ai/install/lanelet2_projection/lib/pkgconfig:/home/point001/autoware.ai/install/vector_map_server/lib/x86_64-linux-gnu/pkgconfig:/home/point001/autoware.ai/install/vector_map_server/lib/pkgconfig:/home/point001/autoware.ai/install/libvectormap/lib/x86_64-linux-gnu/pkgconfig:/home/point001/autoware.ai/install/libvectormap/lib/pkgconfig:/home/point001/autoware.ai/install/lanelet2_traffic_rules/lib/x86_64-linux-gnu/pkgconfig:/home/point001/autoware.ai/install/lanelet2_traffic_rules/lib/pkgconfig:/home/point001/autoware.ai/install/lanelet2_maps/lib/x86_64-linux-gnu/pkgconfig:/home/point001/autoware.ai/install/lanelet2_maps/lib/pkgconfig:/home/point001/autoware.ai/install/lanelet2_io/lib/x86_64-linux-gnu/pkgconfig:/home/point001/autoware.ai/install/lanelet2_io/lib/pkgconfig:/home/point001/autoware.ai/install/vector_map/lib/x86_64-linux-gnu/pkgconfig:/home/point001/autoware.ai/install/vector_map/lib/pkgconfig:/home/point001/autoware.ai/install/lanelet2_core/lib/x86_64-linux-gnu/pkgconfig:/home/point001/autoware.ai/install/lanelet2_core/lib/pkgconfig:/home/point001/autoware.ai/install/amathutils_lib/lib/x86_64-linux-gnu/pkgconfig:/home/point001/autoware.ai/install/amathutils_lib/lib/pkgconfig:/home/point001/autoware.ai/install/vector_map_msgs/lib/x86_64-linux-gnu/pkgconfig:/home/point001/autoware.ai/install/vector_map_msgs/lib/pkgconfig:/home/point001/autoware.ai/install/autoware_msgs/lib/x86_64-linux-gnu/pkgconfig:/home/point001/autoware.ai/install/autoware_msgs/lib/pkgconfig:/home/point001/autoware.ai/install/autoware_lanelet2_msgs/lib/x86_64-linux-gnu/pkgconfig:/home/point001/autoware.ai/install/autoware_lanelet2_msgs/lib/pkgconfig:/home/point001/autoware.ai/install/autoware_build_flags/lib/x86_64-linux-gnu/pkgconfig:/home/point001/autoware.ai/install/autoware_build_flags/lib/pkgconfig:${PKG_CONFIG_PATH} PYTHONPATH=/home/point001/autoware.ai/install/vector_map_server/lib/python2.7/dist-packages:/home/point001/autoware.ai/install/vector_map_msgs/lib/python2.7/dist-packages:/home/point001/autoware.ai/install/autoware_msgs/lib/python2.7/dist-packages:/home/point001/autoware.ai/install/autoware_lanelet2_msgs/lib/python2.7/dist-packages:${PYTHONPATH} ROS_PACKAGE_PATH=/home/point001/autoware.ai/install/lanelet2_extension/share:/home/point001/autoware.ai/install/lanelet2_validation/share:/home/point001/autoware.ai/install/lanelet2_routing/share:/home/point001/autoware.ai/install/lanelet2_projection/share:/home/point001/autoware.ai/install/vector_map_server/share:/home/point001/autoware.ai/install/libvectormap/share:/home/point001/autoware.ai/install/lanelet2_traffic_rules/share:/home/point001/autoware.ai/install/lanelet2_maps/share:/home/point001/autoware.ai/install/lanelet2_io/share:/home/point001/autoware.ai/install/vector_map/share:/home/point001/autoware.ai/install/lanelet2_core/share:/home/point001/autoware.ai/install/amathutils_lib/share:/home/point001/autoware.ai/install/vector_map_msgs/share:/home/point001/autoware.ai/install/autoware_msgs/share:/home/point001/autoware.ai/install/autoware_lanelet2_msgs/share:/home/point001/autoware.ai/install/autoware_build_flags/share:${ROS_PACKAGE_PATH} /usr/bin/cmake --build /home/point001/autoware.ai/build/trafficlight_recognizer --target tests -- -j24 -l24
[3.378s] Invoking command in '/home/point001/autoware.ai/build/trafficlight_recognizer': CMAKE_PREFIX_PATH=/home/point001/autoware.ai/install/lanelet2_extension:/home/point001/autoware.ai/install/lanelet2_validation:/home/point001/autoware.ai/install/lanelet2_routing:/home/point001/autoware.ai/install/lanelet2_projection:/home/point001/autoware.ai/install/vector_map_server:/home/point001/autoware.ai/install/libvectormap:/home/point001/autoware.ai/install/lanelet2_traffic_rules:/home/point001/autoware.ai/install/lanelet2_maps:/home/point001/autoware.ai/install/lanelet2_io:/home/point001/autoware.ai/install/vector_map:/home/point001/autoware.ai/install/lanelet2_core:/home/point001/autoware.ai/install/amathutils_lib:/home/point001/autoware.ai/install/vector_map_msgs:/home/point001/autoware.ai/install/autoware_msgs:/home/point001/autoware.ai/install/autoware_lanelet2_msgs:/home/point001/autoware.ai/install/autoware_build_flags:${CMAKE_PREFIX_PATH} LD_LIBRARY_PATH=/home/point001/autoware.ai/install/lanelet2_extension/lib:/home/point001/autoware.ai/install/lanelet2_validation/lib:/home/point001/autoware.ai/install/lanelet2_routing/lib:/home/point001/autoware.ai/install/lanelet2_projection/lib:/home/point001/autoware.ai/install/lanelet2_traffic_rules/lib:/home/point001/autoware.ai/install/lanelet2_io/lib:/home/point001/autoware.ai/install/vector_map/lib:/home/point001/autoware.ai/install/lanelet2_core/lib:/home/point001/autoware.ai/install/amathutils_lib/lib:/opt/ros/melodic/lib:/usr/local/cuda-10.0/lib64 PKG_CONFIG_PATH=/home/point001/autoware.ai/install/lanelet2_extension/lib/x86_64-linux-gnu/pkgconfig:/home/point001/autoware.ai/install/lanelet2_extension/lib/pkgconfig:/home/point001/autoware.ai/install/lanelet2_validation/lib/x86_64-linux-gnu/pkgconfig:/home/point001/autoware.ai/install/lanelet2_validation/lib/pkgconfig:/home/point001/autoware.ai/install/lanelet2_routing/lib/x86_64-linux-gnu/pkgconfig:/home/point001/autoware.ai/install/lanelet2_routing/lib/pkgconfig:/home/point001/autoware.ai/install/lanelet2_projection/lib/x86_64-linux-gnu/pkgconfig:/home/point001/autoware.ai/install/lanelet2_projection/lib/pkgconfig:/home/point001/autoware.ai/install/vector_map_server/lib/x86_64-linux-gnu/pkgconfig:/home/point001/autoware.ai/install/vector_map_server/lib/pkgconfig:/home/point001/autoware.ai/install/libvectormap/lib/x86_64-linux-gnu/pkgconfig:/home/point001/autoware.ai/install/libvectormap/lib/pkgconfig:/home/point001/autoware.ai/install/lanelet2_traffic_rules/lib/x86_64-linux-gnu/pkgconfig:/home/point001/autoware.ai/install/lanelet2_traffic_rules/lib/pkgconfig:/home/point001/autoware.ai/install/lanelet2_maps/lib/x86_64-linux-gnu/pkgconfig:/home/point001/autoware.ai/install/lanelet2_maps/lib/pkgconfig:/home/point001/autoware.ai/install/lanelet2_io/lib/x86_64-linux-gnu/pkgconfig:/home/point001/autoware.ai/install/lanelet2_io/lib/pkgconfig:/home/point001/autoware.ai/install/vector_map/lib/x86_64-linux-gnu/pkgconfig:/home/point001/autoware.ai/install/vector_map/lib/pkgconfig:/home/point001/autoware.ai/install/lanelet2_core/lib/x86_64-linux-gnu/pkgconfig:/home/point001/autoware.ai/install/lanelet2_core/lib/pkgconfig:/home/point001/autoware.ai/install/amathutils_lib/lib/x86_64-linux-gnu/pkgconfig:/home/point001/autoware.ai/install/amathutils_lib/lib/pkgconfig:/home/point001/autoware.ai/install/vector_map_msgs/lib/x86_64-linux-gnu/pkgconfig:/home/point001/autoware.ai/install/vector_map_msgs/lib/pkgconfig:/home/point001/autoware.ai/install/autoware_msgs/lib/x86_64-linux-gnu/pkgconfig:/home/point001/autoware.ai/install/autoware_msgs/lib/pkgconfig:/home/point001/autoware.ai/install/autoware_lanelet2_msgs/lib/x86_64-linux-gnu/pkgconfig:/home/point001/autoware.ai/install/autoware_lanelet2_msgs/lib/pkgconfig:/home/point001/autoware.ai/install/autoware_build_flags/lib/x86_64-linux-gnu/pkgconfig:/home/point001/autoware.ai/install/autoware_build_flags/lib/pkgconfig:${PKG_CONFIG_PATH} PYTHONPATH=/home/point001/autoware.ai/install/vector_map_server/lib/python2.7/dist-packages:/home/point001/autoware.ai/install/vector_map_msgs/lib/python2.7/dist-packages:/home/point001/autoware.ai/install/autoware_msgs/lib/python2.7/dist-packages:/home/point001/autoware.ai/install/autoware_lanelet2_msgs/lib/python2.7/dist-packages:${PYTHONPATH} ROS_PACKAGE_PATH=/home/point001/autoware.ai/install/lanelet2_extension/share:/home/point001/autoware.ai/install/lanelet2_validation/share:/home/point001/autoware.ai/install/lanelet2_routing/share:/home/point001/autoware.ai/install/lanelet2_projection/share:/home/point001/autoware.ai/install/vector_map_server/share:/home/point001/autoware.ai/install/libvectormap/share:/home/point001/autoware.ai/install/lanelet2_traffic_rules/share:/home/point001/autoware.ai/install/lanelet2_maps/share:/home/point001/autoware.ai/install/lanelet2_io/share:/home/point001/autoware.ai/install/vector_map/share:/home/point001/autoware.ai/install/lanelet2_core/share:/home/point001/autoware.ai/install/amathutils_lib/share:/home/point001/autoware.ai/install/vector_map_msgs/share:/home/point001/autoware.ai/install/autoware_msgs/share:/home/point001/autoware.ai/install/autoware_lanelet2_msgs/share:/home/point001/autoware.ai/install/autoware_build_flags/share:${ROS_PACKAGE_PATH} /usr/bin/cmake --build /home/point001/autoware.ai/build/trafficlight_recognizer --target install -- -j24 -l24
[3.438s] [  2%] [34m[1mAutomatic MOC, UIC and RCC for target label_maker[0m
[3.438s] [  2%] Built target vector_map_msgs_generate_messages_py
[3.438s] [  2%] Built target vector_map_server_generate_messages_nodejs
[3.439s] [  2%] Built target visualization_msgs_generate_messages_cpp
[3.452s] [  2%] Built target label_maker_autogen
[3.455s] [  2%] Built target sensor_msgs_generate_messages_eus
[3.457s] [  2%] Built target _catkin_empty_exported_target
[3.461s] [  2%] Built target sensor_msgs_generate_messages_cpp
[3.474s] [  2%] Built target autoware_msgs_generate_messages_cpp
[3.477s] [  2%] Built target pcl_msgs_generate_messages_nodejs
[3.477s] [  2%] Built target rosgraph_msgs_generate_messages_cpp
[3.485s] [  2%] Built target jsk_recognition_msgs_generate_messages_py
[3.498s] [  2%] Built target sensor_msgs_generate_messages_lisp
[3.498s] [  2%] Built target sensor_msgs_generate_messages_py
[3.501s] [  2%] Built target std_msgs_generate_messages_cpp
[3.501s] [  2%] Built target std_msgs_generate_messages_nodejs
[3.518s] [  2%] Built target jsk_footstep_msgs_generate_messages_py
[3.518s] [  2%] Built target tf_generate_messages_py
[3.522s] [  2%] Built target geometry_msgs_generate_messages_eus
[3.523s] [  2%] Built target actionlib_msgs_generate_messages_nodejs
[3.539s] [  2%] Built target roscpp_generate_messages_nodejs
[3.539s] [  2%] Built target geometry_msgs_generate_messages_nodejs
[3.540s] [  2%] Built target geometry_msgs_generate_messages_lisp
[3.544s] [  2%] Built target pcl_msgs_generate_messages_cpp
[3.559s] [  2%] Built target jsk_recognition_msgs_generate_messages_cpp
[3.559s] [  2%] Built target autoware_msgs_generate_messages_eus
[3.559s] [  2%] Built target autoware_msgs_generate_messages_lisp
[3.565s] [  2%] Built target visualization_msgs_generate_messages_lisp
[3.578s] [  2%] Built target autoware_msgs_generate_messages_nodejs
[3.578s] [  2%] Built target std_msgs_generate_messages_eus
[3.580s] [  2%] Built target jsk_footstep_msgs_generate_messages_eus
[3.585s] [  2%] Built target actionlib_msgs_generate_messages_py
[3.595s] [  2%] Built target vector_map_server_generate_messages_lisp
[3.596s] [  2%] Built target jsk_footstep_msgs_generate_messages_lisp
[3.603s] [  2%] Built target jsk_footstep_msgs_generate_messages_nodejs
[3.606s] [  2%] Built target actionlib_msgs_generate_messages_lisp
[3.618s] [  2%] Built target jsk_footstep_msgs_generate_messages_cpp
[3.618s] [  2%] Built target actionlib_msgs_generate_messages_cpp
[3.622s] [  2%] Built target tf_generate_messages_eus
[3.626s] [  2%] Built target tf_generate_messages_lisp
[3.631s] [  2%] Built target tf_generate_messages_nodejs
[3.635s] [  2%] Built target autoware_lanelet2_msgs_generate_messages_cpp
[3.642s] [  2%] Built target jsk_recognition_msgs_generate_messages_nodejs
[3.649s] [  2%] Built target autoware_lanelet2_msgs_generate_messages_py
[3.652s] [  2%] Built target roscpp_generate_messages_lisp
[3.657s] [  2%] Built target rosgraph_msgs_generate_messages_lisp
[3.664s] [  2%] Built target rosgraph_msgs_generate_messages_nodejs
[3.671s] [  2%] Built target vector_map_server_generate_messages_py
[3.672s] [  2%] Built target roscpp_generate_messages_eus
[3.672s] [  2%] Built target actionlib_msgs_generate_messages_eus
[3.682s] [  2%] Built target rosgraph_msgs_generate_messages_py
[3.689s] [  2%] Built target pcl_msgs_generate_messages_py
[3.695s] [  2%] Built target geometry_msgs_generate_messages_cpp
[3.695s] [  2%] Built target actionlib_generate_messages_eus
[3.704s] [  2%] Built target actionlib_generate_messages_lisp
[3.714s] [  2%] Built target pcl_msgs_generate_messages_lisp
[3.715s] [  2%] Built target tf_generate_messages_cpp
[3.715s] [  2%] Built target actionlib_generate_messages_nodejs
[3.733s] [  2%] Built target tf2_msgs_generate_messages_lisp
[3.740s] [  2%] Built target actionlib_generate_messages_py
[3.742s] [  2%] Built target tf2_msgs_generate_messages_py
[3.743s] [  2%] Built target autoware_lanelet2_msgs_generate_messages_eus
[3.765s] [  2%] Built target tf2_msgs_generate_messages_nodejs
[3.767s] [  2%] Built target autoware_lanelet2_msgs_generate_messages_nodejs
[3.770s] [  2%] Built target autoware_lanelet2_msgs_generate_messages_lisp
[3.775s] [  2%] Built target roscpp_generate_messages_py
[3.793s] [  2%] Built target vector_map_server_generate_messages_cpp
[3.797s] [  2%] Built target visualization_msgs_generate_messages_eus
[3.810s] [  2%] Built target tf2_msgs_generate_messages_eus
[3.817s] [ 19%] Built target label_maker
[3.827s] [ 19%] Built target std_msgs_generate_messages_lisp
[3.828s] [ 19%] Built target autoware_msgs_generate_messages_py
[3.832s] [ 19%] Built target std_msgs_generate_messages_py
[3.846s] [ 19%] Built target tf2_msgs_generate_messages_cpp
[3.853s] [ 19%] Built target jsk_recognition_msgs_generate_messages_lisp
[3.857s] [ 19%] Built target rosgraph_msgs_generate_messages_eus
[3.861s] [ 19%] Built target jsk_recognition_msgs_generate_messages_eus
[3.876s] [ 19%] Built target pcl_msgs_generate_messages_eus
[3.881s] [ 19%] Built target actionlib_generate_messages_cpp
[3.889s] [ 19%] Built target roscpp_generate_messages_cpp
[3.890s] [ 19%] Built target vector_map_server_generate_messages_eus
[3.905s] [ 19%] Built target sensor_msgs_generate_messages_nodejs
[3.911s] [ 19%] Built target geometry_msgs_generate_messages_py
[3.920s] [ 19%] Built target visualization_msgs_generate_messages_nodejs
[3.921s] [ 19%] Built target visualization_msgs_generate_messages_py
[3.930s] [ 19%] Built target vector_map_msgs_generate_messages_cpp
[3.945s] [ 19%] Built target vector_map_msgs_generate_messages_lisp
[3.946s] [ 19%] Built target vector_map_msgs_generate_messages_eus
[3.965s] [ 19%] Built target vector_map_msgs_generate_messages_nodejs
[3.994s] [ 21%] [34m[1mAutomatic MOC, UIC and RCC for target tlr_tuner[0m
[3.998s] [ 24%] [34m[1mAutomatic MOC, UIC and RCC for target libcontext[0m
[4.023s] [ 24%] Built target tlr_tuner_autogen
[4.024s] [ 26%] [34m[1mAutomatic MOC, UIC and RCC for target tl_switch[0m
[4.027s] [ 26%] Built target libcontext_autogen
[4.053s] [ 26%] Built target tl_switch_autogen
[4.062s] [ 29%] [34m[1mAutomatic MOC, UIC and RCC for target feat_proj_lanelet2[0m
[4.069s] [ 36%] Built target libcontext
[4.072s] [ 51%] Built target tlr_tuner
[4.078s] [ 53%] [34m[1mAutomatic MOC, UIC and RCC for target feat_proj[0m
[4.089s] [ 53%] Built target feat_proj_lanelet2_autogen
[4.090s] [ 60%] Built target tl_switch
[4.102s] [ 63%] [34m[1mAutomatic MOC, UIC and RCC for target roi_extractor[0m
[4.102s] [ 65%] [34m[1mAutomatic MOC, UIC and RCC for target region_tlr[0m
[4.102s] [ 65%] Built target feat_proj_autogen
[4.132s] [ 65%] Built target region_tlr_autogen
[4.133s] [ 65%] Built target roi_extractor_autogen
[4.156s] [ 75%] Built target feat_proj_lanelet2
[4.166s] [ 82%] Built target feat_proj
[4.171s] [ 90%] Built target roi_extractor
[4.176s] [100%] Built target region_tlr
[4.212s] [36mInstall the project...[0m
[4.229s] -- Install configuration: "Release"
[4.229s] -- Up-to-date: /home/point001/autoware.ai/install/trafficlight_recognizer/lib/pkgconfig/trafficlight_recognizer.pc
[4.229s] -- Up-to-date: /home/point001/autoware.ai/install/trafficlight_recognizer/share/trafficlight_recognizer/cmake/trafficlight_recognizerConfig.cmake
[4.230s] -- Up-to-date: /home/point001/autoware.ai/install/trafficlight_recognizer/share/trafficlight_recognizer/cmake/trafficlight_recognizerConfig-version.cmake
[4.231s] -- Up-to-date: /home/point001/autoware.ai/install/trafficlight_recognizer/share/trafficlight_recognizer/package.xml
[4.231s] -- Up-to-date: /home/point001/autoware.ai/install/trafficlight_recognizer/lib/trafficlight_recognizer/region_tlr
[4.231s] -- Up-to-date: /home/point001/autoware.ai/install/trafficlight_recognizer/lib/trafficlight_recognizer/feat_proj
[4.231s] -- Up-to-date: /home/point001/autoware.ai/install/trafficlight_recognizer/lib/trafficlight_recognizer/tlr_tuner
[4.231s] -- Up-to-date: /home/point001/autoware.ai/install/trafficlight_recognizer/lib/trafficlight_recognizer/feat_proj_lanelet2
[4.231s] -- Up-to-date: /home/point001/autoware.ai/install/trafficlight_recognizer/lib/trafficlight_recognizer/roi_extractor
[4.231s] -- Up-to-date: /home/point001/autoware.ai/install/trafficlight_recognizer/lib/trafficlight_recognizer/label_maker
[4.231s] -- Up-to-date: /home/point001/autoware.ai/install/trafficlight_recognizer/lib/liblibcontext.so
[4.231s] -- Up-to-date: /home/point001/autoware.ai/install/trafficlight_recognizer/lib/trafficlight_recognizer/tl_switch
[4.231s] -- Up-to-date: /home/point001/autoware.ai/install/trafficlight_recognizer/include/trafficlight_recognizer/include
[4.232s] -- Up-to-date: /home/point001/autoware.ai/install/trafficlight_recognizer/include/trafficlight_recognizer/include/trafficlight_recognizer
[4.232s] -- Up-to-date: /home/point001/autoware.ai/install/trafficlight_recognizer/include/trafficlight_recognizer/include/trafficlight_recognizer/region_tlr_ssd
[4.232s] -- Up-to-date: /home/point001/autoware.ai/install/trafficlight_recognizer/include/trafficlight_recognizer/include/trafficlight_recognizer/region_tlr_ssd/traffic_light_recognizer.h
[4.232s] -- Up-to-date: /home/point001/autoware.ai/install/trafficlight_recognizer/include/trafficlight_recognizer/include/trafficlight_recognizer/region_tlr_ssd/region_tlr_ssd.h
[4.232s] -- Up-to-date: /home/point001/autoware.ai/install/trafficlight_recognizer/include/trafficlight_recognizer/include/trafficlight_recognizer/label_maker
[4.232s] -- Up-to-date: /home/point001/autoware.ai/install/trafficlight_recognizer/include/trafficlight_recognizer/include/trafficlight_recognizer/label_maker/label_maker_gui.h
[4.233s] -- Up-to-date: /home/point001/autoware.ai/install/trafficlight_recognizer/include/trafficlight_recognizer/include/trafficlight_recognizer/label_maker/file_system_operator.h
[4.234s] -- Up-to-date: /home/point001/autoware.ai/install/trafficlight_recognizer/include/trafficlight_recognizer/include/trafficlight_recognizer/label_maker/custom_graphics_view.h
[4.234s] -- Up-to-date: /home/point001/autoware.ai/install/trafficlight_recognizer/include/trafficlight_recognizer/include/trafficlight_recognizer/roi_extractor
[4.235s] -- Up-to-date: /home/point001/autoware.ai/install/trafficlight_recognizer/include/trafficlight_recognizer/include/trafficlight_recognizer/roi_extractor/roi_extractor.h
[4.235s] -- Up-to-date: /home/point001/autoware.ai/install/trafficlight_recognizer/include/trafficlight_recognizer/include/trafficlight_recognizer/context.h
[4.235s] -- Up-to-date: /home/point001/autoware.ai/install/trafficlight_recognizer/include/trafficlight_recognizer/include/trafficlight_recognizer/region_tlr_mxnet
[4.235s] -- Up-to-date: /home/point001/autoware.ai/install/trafficlight_recognizer/include/trafficlight_recognizer/include/trafficlight_recognizer/region_tlr_mxnet/region_tlr_mxnet.h
[4.236s] -- Up-to-date: /home/point001/autoware.ai/install/trafficlight_recognizer/include/trafficlight_recognizer/include/trafficlight_recognizer/region_tlr_mxnet/mxnet_traffic_light_recognizer.h
[4.240s] -- Up-to-date: /home/point001/autoware.ai/install/trafficlight_recognizer/include/trafficlight_recognizer/include/trafficlight_recognizer/feat_proj_lanelet2
[4.240s] -- Up-to-date: /home/point001/autoware.ai/install/trafficlight_recognizer/include/trafficlight_recognizer/include/trafficlight_recognizer/feat_proj_lanelet2/feat_proj_lanelet2_core.h
[4.241s] -- Up-to-date: /home/point001/autoware.ai/install/trafficlight_recognizer/include/trafficlight_recognizer/include/trafficlight_recognizer/rate.h
[4.241s] -- Up-to-date: /home/point001/autoware.ai/install/trafficlight_recognizer/include/trafficlight_recognizer/include/trafficlight_recognizer/traffic_light.h
[4.241s] -- Up-to-date: /home/point001/autoware.ai/install/trafficlight_recognizer/include/trafficlight_recognizer/include/trafficlight_recognizer/tlr_tuner
[4.241s] -- Up-to-date: /home/point001/autoware.ai/install/trafficlight_recognizer/include/trafficlight_recognizer/include/trafficlight_recognizer/tlr_tuner/tuner_body.h
[4.241s] -- Up-to-date: /home/point001/autoware.ai/install/trafficlight_recognizer/include/trafficlight_recognizer/include/trafficlight_recognizer/tlr_tuner/mainwindow.h
[4.241s] -- Up-to-date: /home/point001/autoware.ai/install/trafficlight_recognizer/include/trafficlight_recognizer/include/trafficlight_recognizer/region_tlr
[4.241s] -- Up-to-date: /home/point001/autoware.ai/install/trafficlight_recognizer/include/trafficlight_recognizer/include/trafficlight_recognizer/region_tlr/traffic_light_detector.h
[4.241s] -- Up-to-date: /home/point001/autoware.ai/install/trafficlight_recognizer/include/trafficlight_recognizer/include/trafficlight_recognizer/region_tlr/region_tlr.h
[4.241s] -- Up-to-date: /home/point001/autoware.ai/install/trafficlight_recognizer/share/trafficlight_recognizer/launch
[4.241s] -- Up-to-date: /home/point001/autoware.ai/install/trafficlight_recognizer/share/trafficlight_recognizer/launch/feat_proj_lanelet2.launch
[4.241s] -- Up-to-date: /home/point001/autoware.ai/install/trafficlight_recognizer/share/trafficlight_recognizer/launch/feat_proj.launch
[4.242s] -- Up-to-date: /home/point001/autoware.ai/install/trafficlight_recognizer/share/trafficlight_recognizer/launch/traffic_light_recognition_ssd.launch
[4.242s] -- Up-to-date: /home/point001/autoware.ai/install/trafficlight_recognizer/share/trafficlight_recognizer/launch/roi_extractor.launch
[4.242s] -- Up-to-date: /home/point001/autoware.ai/install/trafficlight_recognizer/share/trafficlight_recognizer/launch/feat_proj_option.launch
[4.242s] -- Up-to-date: /home/point001/autoware.ai/install/trafficlight_recognizer/share/trafficlight_recognizer/launch/traffic_light_recognition_mxnet.launch
[4.242s] -- Up-to-date: /home/point001/autoware.ai/install/trafficlight_recognizer/share/trafficlight_recognizer/launch/traffic_light_recognition.launch
[4.243s] Invoked command in '/home/point001/autoware.ai/build/trafficlight_recognizer' returned '0': CMAKE_PREFIX_PATH=/home/point001/autoware.ai/install/lanelet2_extension:/home/point001/autoware.ai/install/lanelet2_validation:/home/point001/autoware.ai/install/lanelet2_routing:/home/point001/autoware.ai/install/lanelet2_projection:/home/point001/autoware.ai/install/vector_map_server:/home/point001/autoware.ai/install/libvectormap:/home/point001/autoware.ai/install/lanelet2_traffic_rules:/home/point001/autoware.ai/install/lanelet2_maps:/home/point001/autoware.ai/install/lanelet2_io:/home/point001/autoware.ai/install/vector_map:/home/point001/autoware.ai/install/lanelet2_core:/home/point001/autoware.ai/install/amathutils_lib:/home/point001/autoware.ai/install/vector_map_msgs:/home/point001/autoware.ai/install/autoware_msgs:/home/point001/autoware.ai/install/autoware_lanelet2_msgs:/home/point001/autoware.ai/install/autoware_build_flags:${CMAKE_PREFIX_PATH} LD_LIBRARY_PATH=/home/point001/autoware.ai/install/lanelet2_extension/lib:/home/point001/autoware.ai/install/lanelet2_validation/lib:/home/point001/autoware.ai/install/lanelet2_routing/lib:/home/point001/autoware.ai/install/lanelet2_projection/lib:/home/point001/autoware.ai/install/lanelet2_traffic_rules/lib:/home/point001/autoware.ai/install/lanelet2_io/lib:/home/point001/autoware.ai/install/vector_map/lib:/home/point001/autoware.ai/install/lanelet2_core/lib:/home/point001/autoware.ai/install/amathutils_lib/lib:/opt/ros/melodic/lib:/usr/local/cuda-10.0/lib64 PKG_CONFIG_PATH=/home/point001/autoware.ai/install/lanelet2_extension/lib/x86_64-linux-gnu/pkgconfig:/home/point001/autoware.ai/install/lanelet2_extension/lib/pkgconfig:/home/point001/autoware.ai/install/lanelet2_validation/lib/x86_64-linux-gnu/pkgconfig:/home/point001/autoware.ai/install/lanelet2_validation/lib/pkgconfig:/home/point001/autoware.ai/install/lanelet2_routing/lib/x86_64-linux-gnu/pkgconfig:/home/point001/autoware.ai/install/lanelet2_routing/lib/pkgconfig:/home/point001/autoware.ai/install/lanelet2_projection/lib/x86_64-linux-gnu/pkgconfig:/home/point001/autoware.ai/install/lanelet2_projection/lib/pkgconfig:/home/point001/autoware.ai/install/vector_map_server/lib/x86_64-linux-gnu/pkgconfig:/home/point001/autoware.ai/install/vector_map_server/lib/pkgconfig:/home/point001/autoware.ai/install/libvectormap/lib/x86_64-linux-gnu/pkgconfig:/home/point001/autoware.ai/install/libvectormap/lib/pkgconfig:/home/point001/autoware.ai/install/lanelet2_traffic_rules/lib/x86_64-linux-gnu/pkgconfig:/home/point001/autoware.ai/install/lanelet2_traffic_rules/lib/pkgconfig:/home/point001/autoware.ai/install/lanelet2_maps/lib/x86_64-linux-gnu/pkgconfig:/home/point001/autoware.ai/install/lanelet2_maps/lib/pkgconfig:/home/point001/autoware.ai/install/lanelet2_io/lib/x86_64-linux-gnu/pkgconfig:/home/point001/autoware.ai/install/lanelet2_io/lib/pkgconfig:/home/point001/autoware.ai/install/vector_map/lib/x86_64-linux-gnu/pkgconfig:/home/point001/autoware.ai/install/vector_map/lib/pkgconfig:/home/point001/autoware.ai/install/lanelet2_core/lib/x86_64-linux-gnu/pkgconfig:/home/point001/autoware.ai/install/lanelet2_core/lib/pkgconfig:/home/point001/autoware.ai/install/amathutils_lib/lib/x86_64-linux-gnu/pkgconfig:/home/point001/autoware.ai/install/amathutils_lib/lib/pkgconfig:/home/point001/autoware.ai/install/vector_map_msgs/lib/x86_64-linux-gnu/pkgconfig:/home/point001/autoware.ai/install/vector_map_msgs/lib/pkgconfig:/home/point001/autoware.ai/install/autoware_msgs/lib/x86_64-linux-gnu/pkgconfig:/home/point001/autoware.ai/install/autoware_msgs/lib/pkgconfig:/home/point001/autoware.ai/install/autoware_lanelet2_msgs/lib/x86_64-linux-gnu/pkgconfig:/home/point001/autoware.ai/install/autoware_lanelet2_msgs/lib/pkgconfig:/home/point001/autoware.ai/install/autoware_build_flags/lib/x86_64-linux-gnu/pkgconfig:/home/point001/autoware.ai/install/autoware_build_flags/lib/pkgconfig:${PKG_CONFIG_PATH} PYTHONPATH=/home/point001/autoware.ai/install/vector_map_server/lib/python2.7/dist-packages:/home/point001/autoware.ai/install/vector_map_msgs/lib/python2.7/dist-packages:/home/point001/autoware.ai/install/autoware_msgs/lib/python2.7/dist-packages:/home/point001/autoware.ai/install/autoware_lanelet2_msgs/lib/python2.7/dist-packages:${PYTHONPATH} ROS_PACKAGE_PATH=/home/point001/autoware.ai/install/lanelet2_extension/share:/home/point001/autoware.ai/install/lanelet2_validation/share:/home/point001/autoware.ai/install/lanelet2_routing/share:/home/point001/autoware.ai/install/lanelet2_projection/share:/home/point001/autoware.ai/install/vector_map_server/share:/home/point001/autoware.ai/install/libvectormap/share:/home/point001/autoware.ai/install/lanelet2_traffic_rules/share:/home/point001/autoware.ai/install/lanelet2_maps/share:/home/point001/autoware.ai/install/lanelet2_io/share:/home/point001/autoware.ai/install/vector_map/share:/home/point001/autoware.ai/install/lanelet2_core/share:/home/point001/autoware.ai/install/amathutils_lib/share:/home/point001/autoware.ai/install/vector_map_msgs/share:/home/point001/autoware.ai/install/autoware_msgs/share:/home/point001/autoware.ai/install/autoware_lanelet2_msgs/share:/home/point001/autoware.ai/install/autoware_build_flags/share:${ROS_PACKAGE_PATH} /usr/bin/cmake --build /home/point001/autoware.ai/build/trafficlight_recognizer --target install -- -j24 -l24
