[0.251s] Invoking command in '/home/point001/autoware.ai/build/obj_db': CMAKE_PREFIX_PATH=/home/point001/autoware.ai/install/gnss:/home/point001/autoware.ai/install/autoware_can_msgs:/home/point001/autoware.ai/install/autoware_build_flags:${CMAKE_PREFIX_PATH} LD_LIBRARY_PATH=/home/point001/autoware.ai/install/gnss/lib:${LD_LIBRARY_PATH} PKG_CONFIG_PATH=/home/point001/autoware.ai/install/gnss/lib/x86_64-linux-gnu/pkgconfig:/home/point001/autoware.ai/install/gnss/lib/pkgconfig:/home/point001/autoware.ai/install/autoware_can_msgs/lib/x86_64-linux-gnu/pkgconfig:/home/point001/autoware.ai/install/autoware_can_msgs/lib/pkgconfig:/home/point001/autoware.ai/install/autoware_build_flags/lib/x86_64-linux-gnu/pkgconfig:/home/point001/autoware.ai/install/autoware_build_flags/lib/pkgconfig:${PKG_CONFIG_PATH} PYTHONPATH=/home/point001/autoware.ai/install/autoware_can_msgs/lib/python2.7/dist-packages:${PYTHONPATH} ROS_PACKAGE_PATH=/home/point001/autoware.ai/install/gnss/share:/home/point001/autoware.ai/install/autoware_can_msgs/share:/home/point001/autoware.ai/install/autoware_build_flags/share:${ROS_PACKAGE_PATH} /usr/bin/cmake --build /home/point001/autoware.ai/build/obj_db -- -j24 -l24
[0.317s] [  0%] Built target rosgraph_msgs_generate_messages_py
[0.317s] [  0%] Built target visualization_msgs_generate_messages_py
[0.325s] [  0%] Built target autoware_can_msgs_generate_messages_lisp
[0.326s] [  0%] Built target std_msgs_generate_messages_nodejs
[0.326s] [  0%] Built target std_msgs_generate_messages_lisp
[0.326s] [  0%] Built target roscpp_generate_messages_py
[0.326s] [  0%] Built target autoware_can_msgs_generate_messages_cpp
[0.327s] [  0%] Built target roscpp_generate_messages_eus
[0.327s] [  0%] Built target geometry_msgs_generate_messages_eus
[0.328s] [  0%] Built target rosgraph_msgs_generate_messages_cpp
[0.328s] [  0%] Built target autoware_can_msgs_generate_messages_eus
[0.330s] [  0%] Built target rosgraph_msgs_generate_messages_lisp
[0.331s] [  0%] Built target roscpp_generate_messages_nodejs
[0.336s] [  0%] Built target visualization_msgs_generate_messages_cpp
[0.336s] [  0%] Built target std_msgs_generate_messages_eus
[0.339s] [  0%] Built target geometry_msgs_generate_messages_nodejs
[0.339s] [  0%] Built target autoware_can_msgs_generate_messages_py
[0.339s] [  0%] Built target geometry_msgs_generate_messages_py
[0.343s] [  0%] Built target autoware_can_msgs_generate_messages_nodejs
[0.348s] [ 33%] Built target obj_db
[0.348s] [ 33%] Built target rosgraph_msgs_generate_messages_nodejs
[0.349s] [ 33%] Built target roscpp_generate_messages_cpp
[0.354s] [ 33%] Built target roscpp_generate_messages_lisp
[0.360s] [ 33%] Built target rosgraph_msgs_generate_messages_eus
[0.366s] [ 33%] Built target visualization_msgs_generate_messages_eus
[0.369s] [ 33%] Built target visualization_msgs_generate_messages_nodejs
[0.371s] [ 33%] Built target std_msgs_generate_messages_cpp
[0.380s] [ 33%] Built target visualization_msgs_generate_messages_lisp
[0.390s] [ 33%] Built target geometry_msgs_generate_messages_lisp
[0.391s] [ 33%] Built target geometry_msgs_generate_messages_cpp
[0.396s] [ 33%] Built target std_msgs_generate_messages_py
[0.422s] [ 44%] [32m[1mLinking CXX executable devel/lib/obj_db/obj_downloader[0m
[0.479s] [ 55%] [32m[1mLinking CXX executable devel/lib/obj_db/obj_uploader[0m
[0.514s] [ 66%] [32m[1mLinking CXX executable devel/lib/obj_db/can_uploader[0m
[0.827s] [ 77%] Built target obj_uploader
[0.895s] [ 88%] Built target obj_downloader
[0.997s] [100%] Built target can_uploader
[1.204s] Invoked command in '/home/point001/autoware.ai/build/obj_db' returned '0': CMAKE_PREFIX_PATH=/home/point001/autoware.ai/install/gnss:/home/point001/autoware.ai/install/autoware_can_msgs:/home/point001/autoware.ai/install/autoware_build_flags:${CMAKE_PREFIX_PATH} LD_LIBRARY_PATH=/home/point001/autoware.ai/install/gnss/lib:${LD_LIBRARY_PATH} PKG_CONFIG_PATH=/home/point001/autoware.ai/install/gnss/lib/x86_64-linux-gnu/pkgconfig:/home/point001/autoware.ai/install/gnss/lib/pkgconfig:/home/point001/autoware.ai/install/autoware_can_msgs/lib/x86_64-linux-gnu/pkgconfig:/home/point001/autoware.ai/install/autoware_can_msgs/lib/pkgconfig:/home/point001/autoware.ai/install/autoware_build_flags/lib/x86_64-linux-gnu/pkgconfig:/home/point001/autoware.ai/install/autoware_build_flags/lib/pkgconfig:${PKG_CONFIG_PATH} PYTHONPATH=/home/point001/autoware.ai/install/autoware_can_msgs/lib/python2.7/dist-packages:${PYTHONPATH} ROS_PACKAGE_PATH=/home/point001/autoware.ai/install/gnss/share:/home/point001/autoware.ai/install/autoware_can_msgs/share:/home/point001/autoware.ai/install/autoware_build_flags/share:${ROS_PACKAGE_PATH} /usr/bin/cmake --build /home/point001/autoware.ai/build/obj_db -- -j24 -l24
[1.514s] Invoking command in '/home/point001/autoware.ai/build/obj_db': CMAKE_PREFIX_PATH=/home/point001/autoware.ai/install/gnss:/home/point001/autoware.ai/install/autoware_can_msgs:/home/point001/autoware.ai/install/autoware_build_flags:${CMAKE_PREFIX_PATH} LD_LIBRARY_PATH=/home/point001/autoware.ai/install/gnss/lib:${LD_LIBRARY_PATH} PKG_CONFIG_PATH=/home/point001/autoware.ai/install/gnss/lib/x86_64-linux-gnu/pkgconfig:/home/point001/autoware.ai/install/gnss/lib/pkgconfig:/home/point001/autoware.ai/install/autoware_can_msgs/lib/x86_64-linux-gnu/pkgconfig:/home/point001/autoware.ai/install/autoware_can_msgs/lib/pkgconfig:/home/point001/autoware.ai/install/autoware_build_flags/lib/x86_64-linux-gnu/pkgconfig:/home/point001/autoware.ai/install/autoware_build_flags/lib/pkgconfig:${PKG_CONFIG_PATH} PYTHONPATH=/home/point001/autoware.ai/install/autoware_can_msgs/lib/python2.7/dist-packages:${PYTHONPATH} ROS_PACKAGE_PATH=/home/point001/autoware.ai/install/gnss/share:/home/point001/autoware.ai/install/autoware_can_msgs/share:/home/point001/autoware.ai/install/autoware_build_flags/share:${ROS_PACKAGE_PATH} /usr/bin/cmake --build /home/point001/autoware.ai/build/obj_db --target tests -- -j24 -l24
[1.624s] Built target tests
[1.761s] Invoked command in '/home/point001/autoware.ai/build/obj_db' returned '0': CMAKE_PREFIX_PATH=/home/point001/autoware.ai/install/gnss:/home/point001/autoware.ai/install/autoware_can_msgs:/home/point001/autoware.ai/install/autoware_build_flags:${CMAKE_PREFIX_PATH} LD_LIBRARY_PATH=/home/point001/autoware.ai/install/gnss/lib:${LD_LIBRARY_PATH} PKG_CONFIG_PATH=/home/point001/autoware.ai/install/gnss/lib/x86_64-linux-gnu/pkgconfig:/home/point001/autoware.ai/install/gnss/lib/pkgconfig:/home/point001/autoware.ai/install/autoware_can_msgs/lib/x86_64-linux-gnu/pkgconfig:/home/point001/autoware.ai/install/autoware_can_msgs/lib/pkgconfig:/home/point001/autoware.ai/install/autoware_build_flags/lib/x86_64-linux-gnu/pkgconfig:/home/point001/autoware.ai/install/autoware_build_flags/lib/pkgconfig:${PKG_CONFIG_PATH} PYTHONPATH=/home/point001/autoware.ai/install/autoware_can_msgs/lib/python2.7/dist-packages:${PYTHONPATH} ROS_PACKAGE_PATH=/home/point001/autoware.ai/install/gnss/share:/home/point001/autoware.ai/install/autoware_can_msgs/share:/home/point001/autoware.ai/install/autoware_build_flags/share:${ROS_PACKAGE_PATH} /usr/bin/cmake --build /home/point001/autoware.ai/build/obj_db --target tests -- -j24 -l24
[2.035s] Invoking command in '/home/point001/autoware.ai/build/obj_db': CMAKE_PREFIX_PATH=/home/point001/autoware.ai/install/gnss:/home/point001/autoware.ai/install/autoware_can_msgs:/home/point001/autoware.ai/install/autoware_build_flags:${CMAKE_PREFIX_PATH} LD_LIBRARY_PATH=/home/point001/autoware.ai/install/gnss/lib:${LD_LIBRARY_PATH} PKG_CONFIG_PATH=/home/point001/autoware.ai/install/gnss/lib/x86_64-linux-gnu/pkgconfig:/home/point001/autoware.ai/install/gnss/lib/pkgconfig:/home/point001/autoware.ai/install/autoware_can_msgs/lib/x86_64-linux-gnu/pkgconfig:/home/point001/autoware.ai/install/autoware_can_msgs/lib/pkgconfig:/home/point001/autoware.ai/install/autoware_build_flags/lib/x86_64-linux-gnu/pkgconfig:/home/point001/autoware.ai/install/autoware_build_flags/lib/pkgconfig:${PKG_CONFIG_PATH} PYTHONPATH=/home/point001/autoware.ai/install/autoware_can_msgs/lib/python2.7/dist-packages:${PYTHONPATH} ROS_PACKAGE_PATH=/home/point001/autoware.ai/install/gnss/share:/home/point001/autoware.ai/install/autoware_can_msgs/share:/home/point001/autoware.ai/install/autoware_build_flags/share:${ROS_PACKAGE_PATH} /usr/bin/cmake --build /home/point001/autoware.ai/build/obj_db --target install -- -j24 -l24
[2.164s] [  0%] Built target autoware_can_msgs_generate_messages_nodejs
[2.165s] [  0%] Built target roscpp_generate_messages_nodejs
[2.166s] [  0%] Built target geometry_msgs_generate_messages_eus
[2.169s] [  0%] Built target autoware_can_msgs_generate_messages_cpp
[2.174s] [  0%] Built target std_msgs_generate_messages_nodejs
[2.174s] [ 33%] Built target obj_db
[2.174s] [ 33%] Built target autoware_can_msgs_generate_messages_lisp
[2.175s] [ 33%] Built target autoware_can_msgs_generate_messages_py
[2.181s] [ 33%] Built target geometry_msgs_generate_messages_nodejs
[2.181s] [ 33%] Built target std_msgs_generate_messages_eus
[2.181s] [ 33%] Built target roscpp_generate_messages_eus
[2.181s] [ 33%] Built target visualization_msgs_generate_messages_cpp
[2.181s] [ 33%] Built target rosgraph_msgs_generate_messages_cpp
[2.182s] [ 33%] Built target autoware_can_msgs_generate_messages_eus
[2.186s] [ 33%] Built target roscpp_generate_messages_cpp
[2.188s] [ 33%] Built target rosgraph_msgs_generate_messages_lisp
[2.190s] [ 33%] Built target geometry_msgs_generate_messages_py
[2.191s] [ 33%] Built target rosgraph_msgs_generate_messages_eus
[2.191s] [ 33%] Built target visualization_msgs_generate_messages_py
[2.191s] [ 33%] Built target rosgraph_msgs_generate_messages_py
[2.192s] [ 33%] Built target rosgraph_msgs_generate_messages_nodejs
[2.195s] [ 33%] Built target roscpp_generate_messages_py
[2.195s] [ 33%] Built target std_msgs_generate_messages_lisp
[2.219s] [ 33%] Built target visualization_msgs_generate_messages_eus
[2.223s] [ 33%] Built target visualization_msgs_generate_messages_lisp
[2.223s] [ 33%] Built target geometry_msgs_generate_messages_cpp
[2.226s] [ 55%] Built target obj_uploader
[2.232s] [ 77%] Built target obj_downloader
[2.237s] [ 77%] Built target geometry_msgs_generate_messages_lisp
[2.237s] [ 77%] Built target visualization_msgs_generate_messages_nodejs
[2.247s] [ 77%] Built target roscpp_generate_messages_lisp
[2.249s] [ 77%] Built target std_msgs_generate_messages_cpp
[2.251s] [ 77%] Built target std_msgs_generate_messages_py
[2.329s] [100%] Built target can_uploader
[2.404s] [36mInstall the project...[0m
[2.415s] -- Install configuration: "Release"
[2.415s] -- Up-to-date: /home/point001/autoware.ai/install/obj_db/lib/pkgconfig/obj_db.pc
[2.416s] -- Up-to-date: /home/point001/autoware.ai/install/obj_db/share/obj_db/cmake/obj_dbConfig.cmake
[2.416s] -- Up-to-date: /home/point001/autoware.ai/install/obj_db/share/obj_db/cmake/obj_dbConfig-version.cmake
[2.416s] -- Up-to-date: /home/point001/autoware.ai/install/obj_db/share/obj_db/package.xml
[2.416s] -- Installing: /home/point001/autoware.ai/install/obj_db/lib/obj_db/can_uploader
[2.416s] -- Set runtime path of "/home/point001/autoware.ai/install/obj_db/lib/obj_db/can_uploader" to ""
[2.416s] -- Installing: /home/point001/autoware.ai/install/obj_db/lib/obj_db/obj_uploader
[2.417s] -- Set runtime path of "/home/point001/autoware.ai/install/obj_db/lib/obj_db/obj_uploader" to ""
[2.417s] -- Up-to-date: /home/point001/autoware.ai/install/obj_db/lib/libobj_db.so
[2.418s] -- Installing: /home/point001/autoware.ai/install/obj_db/lib/obj_db/obj_downloader
[2.418s] -- Set runtime path of "/home/point001/autoware.ai/install/obj_db/lib/obj_db/obj_downloader" to ""
[2.418s] -- Up-to-date: /home/point001/autoware.ai/install/obj_db/include/obj_db/include
[2.420s] -- Up-to-date: /home/point001/autoware.ai/install/obj_db/include/obj_db/include/obj_db.h
[2.428s] Invoked command in '/home/point001/autoware.ai/build/obj_db' returned '0': CMAKE_PREFIX_PATH=/home/point001/autoware.ai/install/gnss:/home/point001/autoware.ai/install/autoware_can_msgs:/home/point001/autoware.ai/install/autoware_build_flags:${CMAKE_PREFIX_PATH} LD_LIBRARY_PATH=/home/point001/autoware.ai/install/gnss/lib:${LD_LIBRARY_PATH} PKG_CONFIG_PATH=/home/point001/autoware.ai/install/gnss/lib/x86_64-linux-gnu/pkgconfig:/home/point001/autoware.ai/install/gnss/lib/pkgconfig:/home/point001/autoware.ai/install/autoware_can_msgs/lib/x86_64-linux-gnu/pkgconfig:/home/point001/autoware.ai/install/autoware_can_msgs/lib/pkgconfig:/home/point001/autoware.ai/install/autoware_build_flags/lib/x86_64-linux-gnu/pkgconfig:/home/point001/autoware.ai/install/autoware_build_flags/lib/pkgconfig:${PKG_CONFIG_PATH} PYTHONPATH=/home/point001/autoware.ai/install/autoware_can_msgs/lib/python2.7/dist-packages:${PYTHONPATH} ROS_PACKAGE_PATH=/home/point001/autoware.ai/install/gnss/share:/home/point001/autoware.ai/install/autoware_can_msgs/share:/home/point001/autoware.ai/install/autoware_build_flags/share:${ROS_PACKAGE_PATH} /usr/bin/cmake --build /home/point001/autoware.ai/build/obj_db --target install -- -j24 -l24
