[0.177s] Invoking command in '/home/point001/autoware.ai/build/autoware_rviz_plugins': CMAKE_PREFIX_PATH=/home/point001/autoware.ai/install/autoware_build_flags:${CMAKE_PREFIX_PATH} PKG_CONFIG_PATH=/home/point001/autoware.ai/install/autoware_build_flags/lib/x86_64-linux-gnu/pkgconfig:/home/point001/autoware.ai/install/autoware_build_flags/lib/pkgconfig:${PKG_CONFIG_PATH} ROS_PACKAGE_PATH=/home/point001/autoware.ai/install/autoware_build_flags/share:${ROS_PACKAGE_PATH} /usr/bin/cmake --build /home/point001/autoware.ai/build/autoware_rviz_plugins -- -j24 -l24
[0.292s] [ 20%] [34m[1mAutomatic MOC for target autoware_rviz_plugins[0m
[0.317s] [ 20%] Built target autoware_rviz_plugins_autogen
[0.421s] [100%] Built target autoware_rviz_plugins
[0.534s] Invoked command in '/home/point001/autoware.ai/build/autoware_rviz_plugins' returned '0': CMAKE_PREFIX_PATH=/home/point001/autoware.ai/install/autoware_build_flags:${CMAKE_PREFIX_PATH} PKG_CONFIG_PATH=/home/point001/autoware.ai/install/autoware_build_flags/lib/x86_64-linux-gnu/pkgconfig:/home/point001/autoware.ai/install/autoware_build_flags/lib/pkgconfig:${PKG_CONFIG_PATH} ROS_PACKAGE_PATH=/home/point001/autoware.ai/install/autoware_build_flags/share:${ROS_PACKAGE_PATH} /usr/bin/cmake --build /home/point001/autoware.ai/build/autoware_rviz_plugins -- -j24 -l24
[0.805s] Invoking command in '/home/point001/autoware.ai/build/autoware_rviz_plugins': CMAKE_PREFIX_PATH=/home/point001/autoware.ai/install/autoware_build_flags:${CMAKE_PREFIX_PATH} PKG_CONFIG_PATH=/home/point001/autoware.ai/install/autoware_build_flags/lib/x86_64-linux-gnu/pkgconfig:/home/point001/autoware.ai/install/autoware_build_flags/lib/pkgconfig:${PKG_CONFIG_PATH} ROS_PACKAGE_PATH=/home/point001/autoware.ai/install/autoware_build_flags/share:${ROS_PACKAGE_PATH} /usr/bin/cmake --build /home/point001/autoware.ai/build/autoware_rviz_plugins --target tests -- -j24 -l24
[1.008s] Built target tests
[1.157s] Invoked command in '/home/point001/autoware.ai/build/autoware_rviz_plugins' returned '0': CMAKE_PREFIX_PATH=/home/point001/autoware.ai/install/autoware_build_flags:${CMAKE_PREFIX_PATH} PKG_CONFIG_PATH=/home/point001/autoware.ai/install/autoware_build_flags/lib/x86_64-linux-gnu/pkgconfig:/home/point001/autoware.ai/install/autoware_build_flags/lib/pkgconfig:${PKG_CONFIG_PATH} ROS_PACKAGE_PATH=/home/point001/autoware.ai/install/autoware_build_flags/share:${ROS_PACKAGE_PATH} /usr/bin/cmake --build /home/point001/autoware.ai/build/autoware_rviz_plugins --target tests -- -j24 -l24
[1.631s] Invoking command in '/home/point001/autoware.ai/build/autoware_rviz_plugins': CMAKE_PREFIX_PATH=/home/point001/autoware.ai/install/autoware_build_flags:${CMAKE_PREFIX_PATH} PKG_CONFIG_PATH=/home/point001/autoware.ai/install/autoware_build_flags/lib/x86_64-linux-gnu/pkgconfig:/home/point001/autoware.ai/install/autoware_build_flags/lib/pkgconfig:${PKG_CONFIG_PATH} ROS_PACKAGE_PATH=/home/point001/autoware.ai/install/autoware_build_flags/share:${ROS_PACKAGE_PATH} /usr/bin/cmake --build /home/point001/autoware.ai/build/autoware_rviz_plugins --target install -- -j24 -l24
[1.700s] [ 20%] [34m[1mAutomatic MOC for target autoware_rviz_plugins[0m
[1.701s] [ 20%] Built target autoware_rviz_plugins_autogen
[1.731s] [100%] Built target autoware_rviz_plugins
[1.762s] [36mInstall the project...[0m
[1.773s] -- Install configuration: "Release"
[1.773s] -- Up-to-date: /home/point001/autoware.ai/install/autoware_rviz_plugins/lib/pkgconfig/autoware_rviz_plugins.pc
[1.773s] -- Up-to-date: /home/point001/autoware.ai/install/autoware_rviz_plugins/share/autoware_rviz_plugins/cmake/autoware_rviz_pluginsConfig.cmake
[1.773s] -- Up-to-date: /home/point001/autoware.ai/install/autoware_rviz_plugins/share/autoware_rviz_plugins/cmake/autoware_rviz_pluginsConfig-version.cmake
[1.773s] -- Up-to-date: /home/point001/autoware.ai/install/autoware_rviz_plugins/share/autoware_rviz_plugins/package.xml
[1.773s] -- Up-to-date: /home/point001/autoware.ai/install/autoware_rviz_plugins/lib/libautoware_rviz_plugins.so
[1.773s] -- Up-to-date: /home/point001/autoware.ai/install/autoware_rviz_plugins/share/autoware_rviz_plugins/media
[1.773s] -- Up-to-date: /home/point001/autoware.ai/install/autoware_rviz_plugins/share/autoware_rviz_plugins/media/flag.dae
[1.773s] -- Up-to-date: /home/point001/autoware.ai/install/autoware_rviz_plugins/share/autoware_rviz_plugins/icons
[1.773s] -- Up-to-date: /home/point001/autoware.ai/install/autoware_rviz_plugins/share/autoware_rviz_plugins/icons/classes
[1.774s] -- Up-to-date: /home/point001/autoware.ai/install/autoware_rviz_plugins/share/autoware_rviz_plugins/icons/classes/OpFlag.png
[1.774s] -- Up-to-date: /home/point001/autoware.ai/install/autoware_rviz_plugins/share/autoware_rviz_plugins/plugin_description.xml
[1.970s] Invoked command in '/home/point001/autoware.ai/build/autoware_rviz_plugins' returned '0': CMAKE_PREFIX_PATH=/home/point001/autoware.ai/install/autoware_build_flags:${CMAKE_PREFIX_PATH} PKG_CONFIG_PATH=/home/point001/autoware.ai/install/autoware_build_flags/lib/x86_64-linux-gnu/pkgconfig:/home/point001/autoware.ai/install/autoware_build_flags/lib/pkgconfig:${PKG_CONFIG_PATH} ROS_PACKAGE_PATH=/home/point001/autoware.ai/install/autoware_build_flags/share:${ROS_PACKAGE_PATH} /usr/bin/cmake --build /home/point001/autoware.ai/build/autoware_rviz_plugins --target install -- -j24 -l24
