[0.236s] Invoking command in '/home/point001/autoware.ai/build/autoware_system_msgs': /usr/bin/cmake --build /home/point001/autoware.ai/build/autoware_system_msgs -- -j24 -l24
[0.595s] [  0%] Built target std_msgs_generate_messages_cpp
[0.596s] [  0%] Built target std_msgs_generate_messages_lisp
[0.596s] [  0%] Built target rosgraph_msgs_generate_messages_lisp
[0.596s] [  0%] Built target rosgraph_msgs_generate_messages_nodejs
[0.596s] [  0%] Built target std_msgs_generate_messages_eus
[0.596s] [  0%] Built target rosgraph_msgs_generate_messages_py
[0.596s] [  0%] Built target rosgraph_msgs_generate_messages_eus
[0.596s] [  0%] Built target std_msgs_generate_messages_py
[0.596s] [  0%] Built target rosgraph_msgs_generate_messages_cpp
[0.596s] [  0%] Built target std_msgs_generate_messages_nodejs
[0.657s] [  0%] Built target _autoware_system_msgs_generate_messages_check_deps_DiagnosticStatus
[0.660s] [  0%] Built target _autoware_system_msgs_generate_messages_check_deps_SystemStatus
[0.681s] [  0%] Built target _autoware_system_msgs_generate_messages_check_deps_DiagnosticStatusArray
[0.756s] [  0%] Built target _autoware_system_msgs_generate_messages_check_deps_HardwareStatus
[0.812s] [  0%] Built target _autoware_system_msgs_generate_messages_check_deps_NodeStatus
[1.011s] [ 22%] Built target autoware_system_msgs_generate_messages_eus
[1.020s] [ 44%] Built target autoware_system_msgs_generate_messages_py
[1.031s] [ 62%] Built target autoware_system_msgs_generate_messages_lisp
[1.036s] [ 81%] Built target autoware_system_msgs_generate_messages_cpp
[1.080s] [100%] Built target autoware_system_msgs_generate_messages_nodejs
[1.208s] [100%] Built target autoware_system_msgs_generate_messages
[1.253s] Invoked command in '/home/point001/autoware.ai/build/autoware_system_msgs' returned '0': /usr/bin/cmake --build /home/point001/autoware.ai/build/autoware_system_msgs -- -j24 -l24
[1.394s] Invoking command in '/home/point001/autoware.ai/build/autoware_system_msgs': /usr/bin/cmake --build /home/point001/autoware.ai/build/autoware_system_msgs --target tests -- -j24 -l24
[1.509s] Built target tests
[1.605s] Invoked command in '/home/point001/autoware.ai/build/autoware_system_msgs' returned '0': /usr/bin/cmake --build /home/point001/autoware.ai/build/autoware_system_msgs --target tests -- -j24 -l24
[1.762s] Invoking command in '/home/point001/autoware.ai/build/autoware_system_msgs': /usr/bin/cmake --build /home/point001/autoware.ai/build/autoware_system_msgs --target install -- -j24 -l24
[1.862s] [  0%] Built target std_msgs_generate_messages_eus
[1.862s] [  0%] Built target std_msgs_generate_messages_cpp
[1.863s] [  0%] Built target rosgraph_msgs_generate_messages_lisp
[1.870s] [  0%] Built target rosgraph_msgs_generate_messages_nodejs
[1.870s] [  0%] Built target std_msgs_generate_messages_lisp
[1.870s] [  0%] Built target std_msgs_generate_messages_py
[1.876s] [  0%] Built target rosgraph_msgs_generate_messages_eus
[1.887s] [  0%] Built target rosgraph_msgs_generate_messages_py
[1.889s] [  0%] Built target std_msgs_generate_messages_nodejs
[1.907s] [  0%] Built target rosgraph_msgs_generate_messages_cpp
[1.924s] [  0%] Built target _autoware_system_msgs_generate_messages_check_deps_DiagnosticStatus
[1.924s] [  0%] Built target _autoware_system_msgs_generate_messages_check_deps_SystemStatus
[1.940s] [  0%] Built target _autoware_system_msgs_generate_messages_check_deps_HardwareStatus
[1.946s] [  0%] Built target _autoware_system_msgs_generate_messages_check_deps_DiagnosticStatusArray
[1.953s] [  0%] Built target _autoware_system_msgs_generate_messages_check_deps_NodeStatus
[2.015s] [ 22%] Built target autoware_system_msgs_generate_messages_py
[2.015s] [ 40%] Built target autoware_system_msgs_generate_messages_nodejs
[2.015s] [ 59%] Built target autoware_system_msgs_generate_messages_lisp
[2.023s] [ 77%] Built target autoware_system_msgs_generate_messages_cpp
[2.023s] [100%] Built target autoware_system_msgs_generate_messages_eus
[2.054s] [100%] Built target autoware_system_msgs_generate_messages
[2.088s] [36mInstall the project...[0m
[2.106s] -- Install configuration: "Release"
[2.106s] -- Up-to-date: /home/point001/autoware.ai/install/autoware_system_msgs/share/autoware_system_msgs/msg/DiagnosticStatus.msg
[2.106s] -- Up-to-date: /home/point001/autoware.ai/install/autoware_system_msgs/share/autoware_system_msgs/msg/DiagnosticStatusArray.msg
[2.107s] -- Up-to-date: /home/point001/autoware.ai/install/autoware_system_msgs/share/autoware_system_msgs/msg/HardwareStatus.msg
[2.107s] -- Up-to-date: /home/point001/autoware.ai/install/autoware_system_msgs/share/autoware_system_msgs/msg/NodeStatus.msg
[2.107s] -- Up-to-date: /home/point001/autoware.ai/install/autoware_system_msgs/share/autoware_system_msgs/msg/SystemStatus.msg
[2.107s] -- Up-to-date: /home/point001/autoware.ai/install/autoware_system_msgs/share/autoware_system_msgs/cmake/autoware_system_msgs-msg-paths.cmake
[2.107s] -- Up-to-date: /home/point001/autoware.ai/install/autoware_system_msgs/include/autoware_system_msgs
[2.107s] -- Up-to-date: /home/point001/autoware.ai/install/autoware_system_msgs/include/autoware_system_msgs/DiagnosticStatus.h
[2.107s] -- Up-to-date: /home/point001/autoware.ai/install/autoware_system_msgs/include/autoware_system_msgs/HardwareStatus.h
[2.107s] -- Up-to-date: /home/point001/autoware.ai/install/autoware_system_msgs/include/autoware_system_msgs/SystemStatus.h
[2.107s] -- Up-to-date: /home/point001/autoware.ai/install/autoware_system_msgs/include/autoware_system_msgs/NodeStatus.h
[2.107s] -- Up-to-date: /home/point001/autoware.ai/install/autoware_system_msgs/include/autoware_system_msgs/DiagnosticStatusArray.h
[2.107s] -- Up-to-date: /home/point001/autoware.ai/install/autoware_system_msgs/share/roseus/ros/autoware_system_msgs
[2.107s] -- Up-to-date: /home/point001/autoware.ai/install/autoware_system_msgs/share/roseus/ros/autoware_system_msgs/manifest.l
[2.108s] -- Up-to-date: /home/point001/autoware.ai/install/autoware_system_msgs/share/roseus/ros/autoware_system_msgs/msg
[2.108s] -- Up-to-date: /home/point001/autoware.ai/install/autoware_system_msgs/share/roseus/ros/autoware_system_msgs/msg/DiagnosticStatusArray.l
[2.108s] -- Up-to-date: /home/point001/autoware.ai/install/autoware_system_msgs/share/roseus/ros/autoware_system_msgs/msg/SystemStatus.l
[2.108s] -- Up-to-date: /home/point001/autoware.ai/install/autoware_system_msgs/share/roseus/ros/autoware_system_msgs/msg/HardwareStatus.l
[2.108s] -- Up-to-date: /home/point001/autoware.ai/install/autoware_system_msgs/share/roseus/ros/autoware_system_msgs/msg/DiagnosticStatus.l
[2.108s] -- Up-to-date: /home/point001/autoware.ai/install/autoware_system_msgs/share/roseus/ros/autoware_system_msgs/msg/NodeStatus.l
[2.108s] -- Up-to-date: /home/point001/autoware.ai/install/autoware_system_msgs/share/common-lisp/ros/autoware_system_msgs
[2.108s] -- Up-to-date: /home/point001/autoware.ai/install/autoware_system_msgs/share/common-lisp/ros/autoware_system_msgs/msg
[2.108s] -- Up-to-date: /home/point001/autoware.ai/install/autoware_system_msgs/share/common-lisp/ros/autoware_system_msgs/msg/_package_SystemStatus.lisp
[2.108s] -- Up-to-date: /home/point001/autoware.ai/install/autoware_system_msgs/share/common-lisp/ros/autoware_system_msgs/msg/_package_HardwareStatus.lisp
[2.108s] -- Up-to-date: /home/point001/autoware.ai/install/autoware_system_msgs/share/common-lisp/ros/autoware_system_msgs/msg/HardwareStatus.lisp
[2.108s] -- Up-to-date: /home/point001/autoware.ai/install/autoware_system_msgs/share/common-lisp/ros/autoware_system_msgs/msg/_package_DiagnosticStatus.lisp
[2.108s] -- Up-to-date: /home/point001/autoware.ai/install/autoware_system_msgs/share/common-lisp/ros/autoware_system_msgs/msg/_package.lisp
[2.109s] -- Up-to-date: /home/point001/autoware.ai/install/autoware_system_msgs/share/common-lisp/ros/autoware_system_msgs/msg/_package_NodeStatus.lisp
[2.109s] -- Up-to-date: /home/point001/autoware.ai/install/autoware_system_msgs/share/common-lisp/ros/autoware_system_msgs/msg/SystemStatus.lisp
[2.109s] -- Up-to-date: /home/point001/autoware.ai/install/autoware_system_msgs/share/common-lisp/ros/autoware_system_msgs/msg/DiagnosticStatusArray.lisp
[2.109s] -- Up-to-date: /home/point001/autoware.ai/install/autoware_system_msgs/share/common-lisp/ros/autoware_system_msgs/msg/_package_DiagnosticStatusArray.lisp
[2.109s] -- Up-to-date: /home/point001/autoware.ai/install/autoware_system_msgs/share/common-lisp/ros/autoware_system_msgs/msg/NodeStatus.lisp
[2.109s] -- Up-to-date: /home/point001/autoware.ai/install/autoware_system_msgs/share/common-lisp/ros/autoware_system_msgs/msg/DiagnosticStatus.lisp
[2.109s] -- Up-to-date: /home/point001/autoware.ai/install/autoware_system_msgs/share/common-lisp/ros/autoware_system_msgs/msg/autoware_system_msgs-msg.asd
[2.109s] -- Up-to-date: /home/point001/autoware.ai/install/autoware_system_msgs/share/gennodejs/ros/autoware_system_msgs
[2.109s] -- Up-to-date: /home/point001/autoware.ai/install/autoware_system_msgs/share/gennodejs/ros/autoware_system_msgs/_index.js
[2.109s] -- Up-to-date: /home/point001/autoware.ai/install/autoware_system_msgs/share/gennodejs/ros/autoware_system_msgs/msg
[2.109s] -- Up-to-date: /home/point001/autoware.ai/install/autoware_system_msgs/share/gennodejs/ros/autoware_system_msgs/msg/DiagnosticStatusArray.js
[2.109s] -- Up-to-date: /home/point001/autoware.ai/install/autoware_system_msgs/share/gennodejs/ros/autoware_system_msgs/msg/_index.js
[2.110s] -- Up-to-date: /home/point001/autoware.ai/install/autoware_system_msgs/share/gennodejs/ros/autoware_system_msgs/msg/HardwareStatus.js
[2.110s] -- Up-to-date: /home/point001/autoware.ai/install/autoware_system_msgs/share/gennodejs/ros/autoware_system_msgs/msg/DiagnosticStatus.js
[2.110s] -- Up-to-date: /home/point001/autoware.ai/install/autoware_system_msgs/share/gennodejs/ros/autoware_system_msgs/msg/SystemStatus.js
[2.110s] -- Up-to-date: /home/point001/autoware.ai/install/autoware_system_msgs/share/gennodejs/ros/autoware_system_msgs/msg/NodeStatus.js
[2.124s] Listing /home/point001/autoware.ai/build/autoware_system_msgs/devel/lib/python2.7/dist-packages/autoware_system_msgs ...
[2.124s] Listing /home/point001/autoware.ai/build/autoware_system_msgs/devel/lib/python2.7/dist-packages/autoware_system_msgs/msg ...
[2.124s] -- Up-to-date: /home/point001/autoware.ai/install/autoware_system_msgs/lib/python2.7/dist-packages/autoware_system_msgs
[2.124s] -- Up-to-date: /home/point001/autoware.ai/install/autoware_system_msgs/lib/python2.7/dist-packages/autoware_system_msgs/msg
[2.124s] -- Up-to-date: /home/point001/autoware.ai/install/autoware_system_msgs/lib/python2.7/dist-packages/autoware_system_msgs/msg/_DiagnosticStatusArray.py
[2.124s] -- Up-to-date: /home/point001/autoware.ai/install/autoware_system_msgs/lib/python2.7/dist-packages/autoware_system_msgs/msg/_SystemStatus.pyc
[2.124s] -- Up-to-date: /home/point001/autoware.ai/install/autoware_system_msgs/lib/python2.7/dist-packages/autoware_system_msgs/msg/_DiagnosticStatusArray.pyc
[2.124s] -- Up-to-date: /home/point001/autoware.ai/install/autoware_system_msgs/lib/python2.7/dist-packages/autoware_system_msgs/msg/_NodeStatus.py
[2.124s] -- Up-to-date: /home/point001/autoware.ai/install/autoware_system_msgs/lib/python2.7/dist-packages/autoware_system_msgs/msg/_HardwareStatus.py
[2.124s] -- Up-to-date: /home/point001/autoware.ai/install/autoware_system_msgs/lib/python2.7/dist-packages/autoware_system_msgs/msg/_HardwareStatus.pyc
[2.125s] -- Up-to-date: /home/point001/autoware.ai/install/autoware_system_msgs/lib/python2.7/dist-packages/autoware_system_msgs/msg/_NodeStatus.pyc
[2.125s] -- Up-to-date: /home/point001/autoware.ai/install/autoware_system_msgs/lib/python2.7/dist-packages/autoware_system_msgs/msg/__init__.py
[2.125s] -- Up-to-date: /home/point001/autoware.ai/install/autoware_system_msgs/lib/python2.7/dist-packages/autoware_system_msgs/msg/_DiagnosticStatus.pyc
[2.125s] -- Up-to-date: /home/point001/autoware.ai/install/autoware_system_msgs/lib/python2.7/dist-packages/autoware_system_msgs/msg/__init__.pyc
[2.125s] -- Up-to-date: /home/point001/autoware.ai/install/autoware_system_msgs/lib/python2.7/dist-packages/autoware_system_msgs/msg/_SystemStatus.py
[2.125s] -- Up-to-date: /home/point001/autoware.ai/install/autoware_system_msgs/lib/python2.7/dist-packages/autoware_system_msgs/msg/_DiagnosticStatus.py
[2.125s] -- Up-to-date: /home/point001/autoware.ai/install/autoware_system_msgs/lib/python2.7/dist-packages/autoware_system_msgs/__init__.py
[2.125s] -- Up-to-date: /home/point001/autoware.ai/install/autoware_system_msgs/lib/python2.7/dist-packages/autoware_system_msgs/__init__.pyc
[2.125s] -- Up-to-date: /home/point001/autoware.ai/install/autoware_system_msgs/lib/pkgconfig/autoware_system_msgs.pc
[2.125s] -- Up-to-date: /home/point001/autoware.ai/install/autoware_system_msgs/share/autoware_system_msgs/cmake/autoware_system_msgs-msg-extras.cmake
[2.125s] -- Up-to-date: /home/point001/autoware.ai/install/autoware_system_msgs/share/autoware_system_msgs/cmake/autoware_system_msgsConfig.cmake
[2.125s] -- Up-to-date: /home/point001/autoware.ai/install/autoware_system_msgs/share/autoware_system_msgs/cmake/autoware_system_msgsConfig-version.cmake
[2.125s] -- Up-to-date: /home/point001/autoware.ai/install/autoware_system_msgs/share/autoware_system_msgs/package.xml
[2.261s] Invoked command in '/home/point001/autoware.ai/build/autoware_system_msgs' returned '0': /usr/bin/cmake --build /home/point001/autoware.ai/build/autoware_system_msgs --target install -- -j24 -l24
