[0.274s] Invoking command in '/home/point001/autoware.ai/build/autoware_camera_lidar_calibrator': CMAKE_PREFIX_PATH=/home/point001/autoware.ai/install/autoware_msgs:/home/point001/autoware.ai/install/autoware_build_flags:${CMAKE_PREFIX_PATH} PKG_CONFIG_PATH=/home/point001/autoware.ai/install/autoware_msgs/lib/x86_64-linux-gnu/pkgconfig:/home/point001/autoware.ai/install/autoware_msgs/lib/pkgconfig:/home/point001/autoware.ai/install/autoware_build_flags/lib/x86_64-linux-gnu/pkgconfig:/home/point001/autoware.ai/install/autoware_build_flags/lib/pkgconfig:${PKG_CONFIG_PATH} PYTHONPATH=/home/point001/autoware.ai/install/autoware_msgs/lib/python2.7/dist-packages:${PYTHONPATH} ROS_PACKAGE_PATH=/home/point001/autoware.ai/install/autoware_msgs/share:/home/point001/autoware.ai/install/autoware_build_flags/share:${ROS_PACKAGE_PATH} /usr/bin/cmake --build /home/point001/autoware.ai/build/autoware_camera_lidar_calibrator -- -j24 -l24
[0.389s] [  0%] Built target tf2_msgs_generate_messages_py
[0.402s] [  0%] Built target sensor_msgs_generate_messages_nodejs
[0.417s] [  0%] Built target std_msgs_generate_messages_nodejs
[0.417s] [  0%] Built target jsk_recognition_msgs_generate_messages_eus
[0.426s] [  0%] Built target actionlib_generate_messages_cpp
[0.431s] [  0%] Built target pcl_msgs_generate_messages_eus
[0.446s] [  0%] Built target std_srvs_generate_messages_lisp
[0.446s] [  0%] Built target roscpp_generate_messages_cpp
[0.448s] [  0%] Built target topic_tools_generate_messages_nodejs
[0.451s] [  0%] Built target jsk_recognition_msgs_generate_messages_lisp
[0.458s] [  0%] Built target tf_generate_messages_nodejs
[0.459s] [  0%] Built target topic_tools_generate_messages_eus
[0.462s] [  0%] Built target sensor_msgs_generate_messages_cpp
[0.472s] [  0%] Built target std_srvs_generate_messages_py
[0.473s] [  0%] Built target sensor_msgs_generate_messages_eus
[0.477s] [  0%] Built target rosgraph_msgs_generate_messages_eus
[0.478s] [  0%] Built target std_msgs_generate_messages_py
[0.481s] [  0%] Built target geometry_msgs_generate_messages_py
[0.483s] [  0%] Built target topic_tools_generate_messages_cpp
[0.484s] [  0%] Built target tf2_msgs_generate_messages_nodejs
[0.486s] [  0%] Built target tf_generate_messages_lisp
[0.496s] [  0%] Built target bond_generate_messages_lisp
[0.498s] [  0%] Built target tf2_msgs_generate_messages_cpp
[0.509s] [  0%] Built target tf2_msgs_generate_messages_eus
[0.509s] [  0%] Built target actionlib_generate_messages_py
[0.534s] [  0%] Built target pcl_msgs_generate_messages_nodejs
[0.534s] [  0%] Built target dynamic_reconfigure_generate_messages_cpp
[0.534s] [  0%] Built target geometry_msgs_generate_messages_nodejs
[0.542s] [  0%] Built target jsk_recognition_msgs_generate_messages_py
[0.542s] [  0%] Built target actionlib_generate_messages_lisp
[0.543s] [  0%] Built target std_msgs_generate_messages_cpp
[0.545s] [  0%] Built target autoware_msgs_generate_messages_cpp
[0.550s] [  0%] Built target std_msgs_generate_messages_lisp
[0.555s] [  0%] Built target actionlib_generate_messages_eus
[0.556s] [  0%] Built target tf_generate_messages_py
[0.556s] [  0%] Built target pcl_msgs_generate_messages_py
[0.561s] [  0%] Built target geometry_msgs_generate_messages_lisp
[0.563s] [  0%] Built target geometry_msgs_generate_messages_eus
[0.572s] [  0%] Built target topic_tools_generate_messages_lisp
[0.582s] [  0%] Built target nodelet_generate_messages_nodejs
[0.624s] [  0%] Built target geometry_msgs_generate_messages_cpp
[0.624s] [  0%] Built target rosgraph_msgs_generate_messages_cpp
[0.625s] [  0%] Built target sensor_msgs_generate_messages_py
[0.625s] [  0%] Built target tf_generate_messages_cpp
[0.625s] [  0%] Built target pcl_msgs_generate_messages_cpp
[0.625s] [  0%] Built target pcl_msgs_generate_messages_lisp
[0.625s] [  0%] Built target dynamic_reconfigure_generate_messages_lisp
[0.625s] [  0%] Built target nodelet_generate_messages_lisp
[0.625s] [  0%] Built target jsk_footstep_msgs_generate_messages_py
[0.625s] [  0%] Built target sensor_msgs_generate_messages_lisp
[0.631s] [  0%] Built target nodelet_generate_messages_py
[0.634s] [  0%] Built target jsk_footstep_msgs_generate_messages_eus
[0.644s] [  0%] Built target jsk_recognition_msgs_generate_messages_cpp
[0.644s] [  0%] Built target std_msgs_generate_messages_eus
[0.648s] [  0%] Built target actionlib_msgs_generate_messages_py
[0.655s] [  0%] Built target roscpp_generate_messages_nodejs
[0.655s] [  0%] Built target autoware_msgs_generate_messages_eus
[0.655s] [  0%] Built target bond_generate_messages_eus
[0.655s] [  0%] Built target autoware_msgs_generate_messages_py
[0.659s] [  0%] Built target actionlib_msgs_generate_messages_cpp
[0.663s] [  0%] Built target jsk_footstep_msgs_generate_messages_nodejs
[0.663s] [  0%] Built target autoware_msgs_generate_messages_lisp
[0.664s] [  0%] Built target tf_generate_messages_eus
[0.667s] [  0%] Built target actionlib_msgs_generate_messages_lisp
[0.671s] [  0%] Built target rosgraph_msgs_generate_messages_lisp
[0.671s] [  0%] Built target roscpp_generate_messages_py
[0.674s] [  0%] Built target jsk_footstep_msgs_generate_messages_cpp
[0.679s] [  0%] Built target actionlib_generate_messages_nodejs
[0.679s] [  0%] Built target roscpp_generate_messages_lisp
[0.683s] [  0%] Built target rosgraph_msgs_generate_messages_nodejs
[0.683s] [  0%] Built target jsk_footstep_msgs_generate_messages_lisp
[0.690s] [  0%] Built target std_srvs_generate_messages_cpp
[0.703s] [  0%] Built target rosgraph_msgs_generate_messages_py
[0.705s] [  0%] Built target tf2_msgs_generate_messages_lisp
[0.707s] [  0%] Built target actionlib_msgs_generate_messages_eus
[0.713s] [  0%] Built target dynamic_reconfigure_generate_messages_nodejs
[0.713s] [  0%] Built target dynamic_reconfigure_generate_messages_eus
[0.713s] [  0%] Built target autoware_msgs_generate_messages_nodejs
[0.715s] [  0%] Built target dynamic_reconfigure_gencfg
[0.717s] [  0%] Built target std_srvs_generate_messages_eus
[0.719s] [  0%] Built target jsk_recognition_msgs_generate_messages_nodejs
[0.720s] [  0%] Built target nodelet_generate_messages_eus
[0.720s] [  0%] Built target topic_tools_generate_messages_py
[0.722s] [  0%] Built target nodelet_topic_tools_gencfg
[0.724s] [  0%] Built target dynamic_reconfigure_generate_messages_py
[0.738s] [  0%] Built target bond_generate_messages_cpp
[0.738s] [  0%] Built target nodelet_generate_messages_cpp
[0.738s] [  0%] Built target roscpp_generate_messages_eus
[0.739s] [  0%] Built target bond_generate_messages_nodejs
[0.739s] [  0%] Built target pcl_ros_gencfg
[0.740s] [  0%] Built target actionlib_msgs_generate_messages_nodejs
[0.740s] [  0%] Built target std_srvs_generate_messages_nodejs
[0.741s] [  0%] Built target bond_generate_messages_py
[0.755s] [  0%] Built target _catkin_empty_exported_target
[0.794s] [100%] Built target autoware_camera_lidar_calibration_node
[0.919s] Invoked command in '/home/point001/autoware.ai/build/autoware_camera_lidar_calibrator' returned '0': CMAKE_PREFIX_PATH=/home/point001/autoware.ai/install/autoware_msgs:/home/point001/autoware.ai/install/autoware_build_flags:${CMAKE_PREFIX_PATH} PKG_CONFIG_PATH=/home/point001/autoware.ai/install/autoware_msgs/lib/x86_64-linux-gnu/pkgconfig:/home/point001/autoware.ai/install/autoware_msgs/lib/pkgconfig:/home/point001/autoware.ai/install/autoware_build_flags/lib/x86_64-linux-gnu/pkgconfig:/home/point001/autoware.ai/install/autoware_build_flags/lib/pkgconfig:${PKG_CONFIG_PATH} PYTHONPATH=/home/point001/autoware.ai/install/autoware_msgs/lib/python2.7/dist-packages:${PYTHONPATH} ROS_PACKAGE_PATH=/home/point001/autoware.ai/install/autoware_msgs/share:/home/point001/autoware.ai/install/autoware_build_flags/share:${ROS_PACKAGE_PATH} /usr/bin/cmake --build /home/point001/autoware.ai/build/autoware_camera_lidar_calibrator -- -j24 -l24
[1.106s] Invoking command in '/home/point001/autoware.ai/build/autoware_camera_lidar_calibrator': CMAKE_PREFIX_PATH=/home/point001/autoware.ai/install/autoware_msgs:/home/point001/autoware.ai/install/autoware_build_flags:${CMAKE_PREFIX_PATH} PKG_CONFIG_PATH=/home/point001/autoware.ai/install/autoware_msgs/lib/x86_64-linux-gnu/pkgconfig:/home/point001/autoware.ai/install/autoware_msgs/lib/pkgconfig:/home/point001/autoware.ai/install/autoware_build_flags/lib/x86_64-linux-gnu/pkgconfig:/home/point001/autoware.ai/install/autoware_build_flags/lib/pkgconfig:${PKG_CONFIG_PATH} PYTHONPATH=/home/point001/autoware.ai/install/autoware_msgs/lib/python2.7/dist-packages:${PYTHONPATH} ROS_PACKAGE_PATH=/home/point001/autoware.ai/install/autoware_msgs/share:/home/point001/autoware.ai/install/autoware_build_flags/share:${ROS_PACKAGE_PATH} /usr/bin/cmake --build /home/point001/autoware.ai/build/autoware_camera_lidar_calibrator --target tests -- -j24 -l24
[1.293s] Built target tests
[1.371s] Invoked command in '/home/point001/autoware.ai/build/autoware_camera_lidar_calibrator' returned '0': CMAKE_PREFIX_PATH=/home/point001/autoware.ai/install/autoware_msgs:/home/point001/autoware.ai/install/autoware_build_flags:${CMAKE_PREFIX_PATH} PKG_CONFIG_PATH=/home/point001/autoware.ai/install/autoware_msgs/lib/x86_64-linux-gnu/pkgconfig:/home/point001/autoware.ai/install/autoware_msgs/lib/pkgconfig:/home/point001/autoware.ai/install/autoware_build_flags/lib/x86_64-linux-gnu/pkgconfig:/home/point001/autoware.ai/install/autoware_build_flags/lib/pkgconfig:${PKG_CONFIG_PATH} PYTHONPATH=/home/point001/autoware.ai/install/autoware_msgs/lib/python2.7/dist-packages:${PYTHONPATH} ROS_PACKAGE_PATH=/home/point001/autoware.ai/install/autoware_msgs/share:/home/point001/autoware.ai/install/autoware_build_flags/share:${ROS_PACKAGE_PATH} /usr/bin/cmake --build /home/point001/autoware.ai/build/autoware_camera_lidar_calibrator --target tests -- -j24 -l24
[1.875s] Invoking command in '/home/point001/autoware.ai/build/autoware_camera_lidar_calibrator': CMAKE_PREFIX_PATH=/home/point001/autoware.ai/install/autoware_msgs:/home/point001/autoware.ai/install/autoware_build_flags:${CMAKE_PREFIX_PATH} PKG_CONFIG_PATH=/home/point001/autoware.ai/install/autoware_msgs/lib/x86_64-linux-gnu/pkgconfig:/home/point001/autoware.ai/install/autoware_msgs/lib/pkgconfig:/home/point001/autoware.ai/install/autoware_build_flags/lib/x86_64-linux-gnu/pkgconfig:/home/point001/autoware.ai/install/autoware_build_flags/lib/pkgconfig:${PKG_CONFIG_PATH} PYTHONPATH=/home/point001/autoware.ai/install/autoware_msgs/lib/python2.7/dist-packages:${PYTHONPATH} ROS_PACKAGE_PATH=/home/point001/autoware.ai/install/autoware_msgs/share:/home/point001/autoware.ai/install/autoware_build_flags/share:${ROS_PACKAGE_PATH} /usr/bin/cmake --build /home/point001/autoware.ai/build/autoware_camera_lidar_calibrator --target install -- -j24 -l24
[2.001s] [  0%] Built target tf2_msgs_generate_messages_cpp
[2.001s] [  0%] Built target tf2_msgs_generate_messages_eus
[2.001s] [  0%] Built target roscpp_generate_messages_cpp
[2.001s] [  0%] Built target bond_generate_messages_lisp
[2.001s] [  0%] Built target topic_tools_generate_messages_cpp
[2.006s] [  0%] Built target tf2_msgs_generate_messages_nodejs
[2.007s] [  0%] Built target std_msgs_generate_messages_py
[2.007s] [  0%] Built target sensor_msgs_generate_messages_eus
[2.007s] [  0%] Built target actionlib_generate_messages_cpp
[2.007s] [  0%] Built target std_msgs_generate_messages_nodejs
[2.007s] [  0%] Built target pcl_msgs_generate_messages_eus
[2.007s] [  0%] Built target tf2_msgs_generate_messages_py
[2.007s] [  0%] Built target geometry_msgs_generate_messages_py
[2.007s] [  0%] Built target jsk_recognition_msgs_generate_messages_lisp
[2.008s] [  0%] Built target topic_tools_generate_messages_nodejs
[2.008s] [  0%] Built target tf_generate_messages_nodejs
[2.009s] [  0%] Built target rosgraph_msgs_generate_messages_eus
[2.009s] [  0%] Built target topic_tools_generate_messages_eus
[2.009s] [  0%] Built target std_srvs_generate_messages_lisp
[2.009s] [  0%] Built target tf_generate_messages_lisp
[2.011s] [  0%] Built target sensor_msgs_generate_messages_nodejs
[2.011s] [  0%] Built target actionlib_generate_messages_py
[2.024s] [  0%] Built target jsk_recognition_msgs_generate_messages_eus
[2.024s] [  0%] Built target rosgraph_msgs_generate_messages_cpp
[2.024s] [  0%] Built target std_srvs_generate_messages_py
[2.040s] [  0%] Built target jsk_recognition_msgs_generate_messages_py
[2.045s] [  0%] Built target tf_generate_messages_py
[2.045s] [  0%] Built target roscpp_generate_messages_nodejs
[2.050s] [  0%] Built target sensor_msgs_generate_messages_py
[2.054s] [  0%] Built target std_msgs_generate_messages_cpp
[2.057s] [  0%] Built target geometry_msgs_generate_messages_eus
[2.058s] [  0%] Built target sensor_msgs_generate_messages_cpp
[2.062s] [  0%] Built target autoware_msgs_generate_messages_cpp
[2.062s] [  0%] Built target geometry_msgs_generate_messages_nodejs
[2.062s] [  0%] Built target dynamic_reconfigure_generate_messages_cpp
[2.063s] [  0%] Built target std_msgs_generate_messages_lisp
[2.065s] [  0%] Built target pcl_msgs_generate_messages_cpp
[2.066s] [  0%] Built target jsk_footstep_msgs_generate_messages_py
[2.072s] [  0%] Built target nodelet_generate_messages_py
[2.072s] [  0%] Built target pcl_msgs_generate_messages_nodejs
[2.072s] [  0%] Built target sensor_msgs_generate_messages_lisp
[2.072s] [  0%] Built target pcl_msgs_generate_messages_py
[2.075s] [  0%] Built target actionlib_generate_messages_eus
[2.076s] [  0%] Built target autoware_msgs_generate_messages_eus
[2.078s] [  0%] Built target actionlib_generate_messages_lisp
[2.085s] [  0%] Built target nodelet_generate_messages_nodejs
[2.089s] [  0%] Built target geometry_msgs_generate_messages_cpp
[2.094s] [  0%] Built target geometry_msgs_generate_messages_lisp
[2.095s] [  0%] Built target autoware_msgs_generate_messages_lisp
[2.099s] [  0%] Built target actionlib_generate_messages_nodejs
[2.099s] [  0%] Built target pcl_msgs_generate_messages_lisp
[2.105s] [  0%] Built target jsk_recognition_msgs_generate_messages_cpp
[2.105s] [  0%] Built target jsk_footstep_msgs_generate_messages_eus
[2.105s] [  0%] Built target nodelet_generate_messages_lisp
[2.107s] [  0%] Built target std_msgs_generate_messages_eus
[2.107s] [  0%] Built target std_srvs_generate_messages_cpp
[2.110s] [  0%] Built target actionlib_msgs_generate_messages_py
[2.110s] [  0%] Built target jsk_footstep_msgs_generate_messages_nodejs
[2.117s] [  0%] Built target autoware_msgs_generate_messages_py
[2.117s] [  0%] Built target autoware_msgs_generate_messages_nodejs
[2.117s] [  0%] Built target tf_generate_messages_cpp
[2.117s] [  0%] Built target topic_tools_generate_messages_lisp
[2.117s] [  0%] Built target dynamic_reconfigure_generate_messages_lisp
[2.118s] [  0%] Built target jsk_recognition_msgs_generate_messages_nodejs
[2.119s] [  0%] Built target jsk_footstep_msgs_generate_messages_cpp
[2.126s] [  0%] Built target tf_generate_messages_eus
[2.126s] [  0%] Built target jsk_footstep_msgs_generate_messages_lisp
[2.126s] [  0%] Built target bond_generate_messages_eus
[2.127s] [  0%] Built target actionlib_msgs_generate_messages_lisp
[2.127s] [  0%] Built target roscpp_generate_messages_py
[2.133s] [  0%] Built target rosgraph_msgs_generate_messages_nodejs
[2.133s] [  0%] Built target roscpp_generate_messages_lisp
[2.133s] [  0%] Built target roscpp_generate_messages_eus
[2.134s] [  0%] Built target actionlib_msgs_generate_messages_eus
[2.134s] [  0%] Built target std_srvs_generate_messages_eus
[2.138s] [  0%] Built target rosgraph_msgs_generate_messages_lisp
[2.138s] [  0%] Built target actionlib_msgs_generate_messages_cpp
[2.142s] [  0%] Built target rosgraph_msgs_generate_messages_py
[2.144s] [  0%] Built target pcl_ros_gencfg
[2.144s] [  0%] Built target dynamic_reconfigure_gencfg
[2.145s] [  0%] Built target tf2_msgs_generate_messages_lisp
[2.150s] [  0%] Built target dynamic_reconfigure_generate_messages_eus
[2.150s] [  0%] Built target dynamic_reconfigure_generate_messages_py
[2.150s] [  0%] Built target nodelet_generate_messages_eus
[2.150s] [  0%] Built target bond_generate_messages_py
[2.150s] [  0%] Built target std_srvs_generate_messages_nodejs
[2.150s] [  0%] Built target topic_tools_generate_messages_py
[2.151s] [  0%] Built target dynamic_reconfigure_generate_messages_nodejs
[2.152s] [  0%] Built target actionlib_msgs_generate_messages_nodejs
[2.152s] [  0%] Built target nodelet_generate_messages_cpp
[2.156s] [  0%] Built target bond_generate_messages_nodejs
[2.157s] [  0%] Built target bond_generate_messages_cpp
[2.166s] [  0%] Built target nodelet_topic_tools_gencfg
[2.175s] [  0%] Built target _catkin_empty_exported_target
[2.229s] [100%] Built target autoware_camera_lidar_calibration_node
[2.251s] [36mInstall the project...[0m
[2.258s] -- Install configuration: "Release"
[2.259s] -- Up-to-date: /home/point001/autoware.ai/install/autoware_camera_lidar_calibrator/lib/pkgconfig/autoware_camera_lidar_calibrator.pc
[2.259s] -- Up-to-date: /home/point001/autoware.ai/install/autoware_camera_lidar_calibrator/share/autoware_camera_lidar_calibrator/cmake/autoware_camera_lidar_calibratorConfig.cmake
[2.259s] -- Up-to-date: /home/point001/autoware.ai/install/autoware_camera_lidar_calibrator/share/autoware_camera_lidar_calibrator/cmake/autoware_camera_lidar_calibratorConfig-version.cmake
[2.259s] -- Up-to-date: /home/point001/autoware.ai/install/autoware_camera_lidar_calibrator/share/autoware_camera_lidar_calibrator/package.xml
[2.260s] + cd /home/point001/autoware.ai/src/autoware/utilities/autoware_camera_lidar_calibrator
[2.260s] + mkdir -p /home/point001/autoware.ai/install/autoware_camera_lidar_calibrator/lib/python2.7/dist-packages
[2.260s] + /usr/bin/env PYTHONPATH=/home/point001/autoware.ai/install/autoware_camera_lidar_calibrator/lib/python2.7/dist-packages:/home/point001/autoware.ai/build/autoware_camera_lidar_calibrator/lib/python2.7/dist-packages:/home/point001/autoware.ai/install/autoware_msgs/lib/python2.7/dist-packages:/opt/ros/melodic/lib/python2.7/dist-packages CATKIN_BINARY_DIR=/home/point001/autoware.ai/build/autoware_camera_lidar_calibrator /usr/bin/python2 /home/point001/autoware.ai/src/autoware/utilities/autoware_camera_lidar_calibrator/setup.py build --build-base /home/point001/autoware.ai/build/autoware_camera_lidar_calibrator install --root=/ --install-layout=deb --prefix=/home/point001/autoware.ai/install/autoware_camera_lidar_calibrator --install-scripts=/home/point001/autoware.ai/install/autoware_camera_lidar_calibrator/bin
[2.285s] running build
[2.286s] running build_py
[2.286s] running install
[2.286s] running install_lib
[2.286s] running install_egg_info
[2.286s] Removing /home/point001/autoware.ai/install/autoware_camera_lidar_calibrator/lib/python2.7/dist-packages/autoware_camera_lidar_calibrator-1.12.0.egg-info
[2.287s] Writing /home/point001/autoware.ai/install/autoware_camera_lidar_calibrator/lib/python2.7/dist-packages/autoware_camera_lidar_calibrator-1.12.0.egg-info
[2.289s] -- Up-to-date: /home/point001/autoware.ai/install/autoware_camera_lidar_calibrator/lib/autoware_camera_lidar_calibrator/cameracalibrator.py
[2.289s] -- Up-to-date: /home/point001/autoware.ai/install/autoware_camera_lidar_calibrator/lib/autoware_camera_lidar_calibrator/cameracheck.py
[2.289s] -- Up-to-date: /home/point001/autoware.ai/install/autoware_camera_lidar_calibrator/lib/autoware_camera_lidar_calibrator/tarfile_calibration.py
[2.289s] -- Up-to-date: /home/point001/autoware.ai/install/autoware_camera_lidar_calibrator/lib/autoware_camera_lidar_calibrator/autoware_camera_lidar_calibration_node
[2.289s] -- Up-to-date: /home/point001/autoware.ai/install/autoware_camera_lidar_calibrator/share/autoware_camera_lidar_calibrator/launch
[2.289s] -- Up-to-date: /home/point001/autoware.ai/install/autoware_camera_lidar_calibrator/share/autoware_camera_lidar_calibrator/launch/camera_lidar_calibration.launch
[2.289s] -- Up-to-date: /home/point001/autoware.ai/install/autoware_camera_lidar_calibrator/share/autoware_camera_lidar_calibrator/docs
[2.289s] -- Up-to-date: /home/point001/autoware.ai/install/autoware_camera_lidar_calibrator/share/autoware_camera_lidar_calibrator/docs/camera_calibration.jpg
[2.289s] -- Up-to-date: /home/point001/autoware.ai/install/autoware_camera_lidar_calibrator/share/autoware_camera_lidar_calibrator/docs/autoware_logo.jpg
[2.289s] -- Up-to-date: /home/point001/autoware.ai/install/autoware_camera_lidar_calibrator/share/autoware_camera_lidar_calibrator/docs/camera_lidar_calibration.jpg
[2.444s] Invoked command in '/home/point001/autoware.ai/build/autoware_camera_lidar_calibrator' returned '0': CMAKE_PREFIX_PATH=/home/point001/autoware.ai/install/autoware_msgs:/home/point001/autoware.ai/install/autoware_build_flags:${CMAKE_PREFIX_PATH} PKG_CONFIG_PATH=/home/point001/autoware.ai/install/autoware_msgs/lib/x86_64-linux-gnu/pkgconfig:/home/point001/autoware.ai/install/autoware_msgs/lib/pkgconfig:/home/point001/autoware.ai/install/autoware_build_flags/lib/x86_64-linux-gnu/pkgconfig:/home/point001/autoware.ai/install/autoware_build_flags/lib/pkgconfig:${PKG_CONFIG_PATH} PYTHONPATH=/home/point001/autoware.ai/install/autoware_msgs/lib/python2.7/dist-packages:${PYTHONPATH} ROS_PACKAGE_PATH=/home/point001/autoware.ai/install/autoware_msgs/share:/home/point001/autoware.ai/install/autoware_build_flags/share:${ROS_PACKAGE_PATH} /usr/bin/cmake --build /home/point001/autoware.ai/build/autoware_camera_lidar_calibrator --target install -- -j24 -l24
