[0.273s] Invoking command in '/home/point001/autoware.ai/build/ekf_localizer': CMAKE_PREFIX_PATH=/home/point001/autoware.ai/install/amathutils_lib:/home/point001/autoware.ai/install/autoware_msgs:/home/point001/autoware.ai/install/autoware_build_flags:${CMAKE_PREFIX_PATH} LD_LIBRARY_PATH=/home/point001/autoware.ai/install/amathutils_lib/lib:${LD_LIBRARY_PATH} PKG_CONFIG_PATH=/home/point001/autoware.ai/install/amathutils_lib/lib/x86_64-linux-gnu/pkgconfig:/home/point001/autoware.ai/install/amathutils_lib/lib/pkgconfig:/home/point001/autoware.ai/install/autoware_msgs/lib/x86_64-linux-gnu/pkgconfig:/home/point001/autoware.ai/install/autoware_msgs/lib/pkgconfig:/home/point001/autoware.ai/install/autoware_build_flags/lib/x86_64-linux-gnu/pkgconfig:/home/point001/autoware.ai/install/autoware_build_flags/lib/pkgconfig:${PKG_CONFIG_PATH} PYTHONPATH=/home/point001/autoware.ai/install/autoware_msgs/lib/python2.7/dist-packages:${PYTHONPATH} ROS_PACKAGE_PATH=/home/point001/autoware.ai/install/amathutils_lib/share:/home/point001/autoware.ai/install/autoware_msgs/share:/home/point001/autoware.ai/install/autoware_build_flags/share:${ROS_PACKAGE_PATH} /usr/bin/cmake --build /home/point001/autoware.ai/build/ekf_localizer -- -j24 -l24
[0.424s] [  0%] Built target sensor_msgs_generate_messages_nodejs
[0.424s] [  0%] Built target pcl_msgs_generate_messages_nodejs
[0.424s] [  0%] Built target jsk_recognition_msgs_generate_messages_py
[0.424s] [  0%] Built target pcl_msgs_generate_messages_eus
[0.424s] [  0%] Built target jsk_recognition_msgs_generate_messages_lisp
[0.424s] [  0%] Built target sensor_msgs_generate_messages_lisp
[0.424s] [  0%] Built target std_msgs_generate_messages_cpp
[0.424s] [  0%] Built target rosgraph_msgs_generate_messages_eus
[0.424s] [  0%] Built target roscpp_generate_messages_cpp
[0.425s] [  0%] Built target jsk_footstep_msgs_generate_messages_py
[0.425s] [  0%] Built target sensor_msgs_generate_messages_py
[0.425s] [  0%] Built target sensor_msgs_generate_messages_eus
[0.426s] [  0%] Built target tf2_msgs_generate_messages_cpp
[0.426s] [  0%] Built target tf2_msgs_generate_messages_nodejs
[0.426s] [  0%] Built target rosgraph_msgs_generate_messages_cpp
[0.426s] [  0%] Built target std_msgs_generate_messages_nodejs
[0.426s] [  0%] Built target jsk_recognition_msgs_generate_messages_eus
[0.426s] [  0%] Built target geometry_msgs_generate_messages_py
[0.426s] [  0%] Built target autoware_msgs_generate_messages_cpp
[0.426s] [  0%] Built target actionlib_generate_messages_cpp
[0.426s] [  0%] Built target actionlib_msgs_generate_messages_nodejs
[0.426s] [  0%] Built target std_msgs_generate_messages_py
[0.426s] [  0%] Built target std_msgs_generate_messages_lisp
[0.427s] [  0%] Built target geometry_msgs_generate_messages_nodejs
[0.427s] [  0%] Built target roscpp_generate_messages_nodejs
[0.427s] [  0%] Built target sensor_msgs_generate_messages_cpp
[0.427s] [  0%] Built target std_msgs_generate_messages_eus
[0.427s] [  0%] Built target _catkin_empty_exported_target
[0.429s] [  0%] Built target autoware_msgs_generate_messages_py
[0.430s] [  0%] Built target jsk_footstep_msgs_generate_messages_lisp
[0.431s] [  0%] Built target geometry_msgs_generate_messages_lisp
[0.432s] [  0%] Built target jsk_recognition_msgs_generate_messages_cpp
[0.434s] [  0%] Built target pcl_msgs_generate_messages_cpp
[0.441s] [  0%] Built target autoware_msgs_generate_messages_nodejs
[0.442s] [  0%] Built target geometry_msgs_generate_messages_eus
[0.442s] [  0%] Built target autoware_msgs_generate_messages_lisp
[0.446s] [  0%] Built target tf_generate_messages_py
[0.450s] [  0%] Built target actionlib_msgs_generate_messages_cpp
[0.452s] [  0%] Built target actionlib_msgs_generate_messages_py
[0.455s] [  0%] Built target jsk_footstep_msgs_generate_messages_eus
[0.455s] [  0%] Built target autoware_msgs_generate_messages_eus
[0.465s] [  0%] Built target roscpp_generate_messages_lisp
[0.465s] [  0%] Built target tf_generate_messages_eus
[0.466s] [  0%] Built target roscpp_generate_messages_py
[0.466s] [  0%] Built target tf_generate_messages_lisp
[0.473s] [  0%] Built target jsk_recognition_msgs_generate_messages_nodejs
[0.473s] [  0%] Built target roscpp_generate_messages_eus
[0.476s] [  0%] Built target jsk_footstep_msgs_generate_messages_cpp
[0.483s] [  0%] Built target rosgraph_msgs_generate_messages_nodejs
[0.485s] [  0%] Built target tf_generate_messages_nodejs
[0.485s] [  0%] Built target jsk_footstep_msgs_generate_messages_nodejs
[0.488s] [  0%] Built target rosgraph_msgs_generate_messages_lisp
[0.489s] [  0%] Built target pcl_msgs_generate_messages_lisp
[0.490s] [  0%] Built target actionlib_generate_messages_lisp
[0.498s] [  0%] Built target geometry_msgs_generate_messages_cpp
[0.498s] [  0%] Built target actionlib_msgs_generate_messages_eus
[0.499s] [  0%] Built target actionlib_generate_messages_eus
[0.499s] [  0%] Built target tf_generate_messages_cpp
[0.499s] [  0%] Built target rosgraph_msgs_generate_messages_py
[0.500s] [  0%] Built target actionlib_generate_messages_nodejs
[0.501s] [  0%] Built target pcl_msgs_generate_messages_py
[0.504s] [  0%] Built target actionlib_msgs_generate_messages_lisp
[0.517s] [  0%] Built target actionlib_generate_messages_py
[0.518s] [  0%] Built target tf2_msgs_generate_messages_eus
[0.519s] [  0%] Built target tf2_msgs_generate_messages_py
[0.525s] [  0%] Built target tf2_msgs_generate_messages_lisp
[0.592s] [100%] Built target ekf_localizer
[0.761s] Invoked command in '/home/point001/autoware.ai/build/ekf_localizer' returned '0': CMAKE_PREFIX_PATH=/home/point001/autoware.ai/install/amathutils_lib:/home/point001/autoware.ai/install/autoware_msgs:/home/point001/autoware.ai/install/autoware_build_flags:${CMAKE_PREFIX_PATH} LD_LIBRARY_PATH=/home/point001/autoware.ai/install/amathutils_lib/lib:${LD_LIBRARY_PATH} PKG_CONFIG_PATH=/home/point001/autoware.ai/install/amathutils_lib/lib/x86_64-linux-gnu/pkgconfig:/home/point001/autoware.ai/install/amathutils_lib/lib/pkgconfig:/home/point001/autoware.ai/install/autoware_msgs/lib/x86_64-linux-gnu/pkgconfig:/home/point001/autoware.ai/install/autoware_msgs/lib/pkgconfig:/home/point001/autoware.ai/install/autoware_build_flags/lib/x86_64-linux-gnu/pkgconfig:/home/point001/autoware.ai/install/autoware_build_flags/lib/pkgconfig:${PKG_CONFIG_PATH} PYTHONPATH=/home/point001/autoware.ai/install/autoware_msgs/lib/python2.7/dist-packages:${PYTHONPATH} ROS_PACKAGE_PATH=/home/point001/autoware.ai/install/amathutils_lib/share:/home/point001/autoware.ai/install/autoware_msgs/share:/home/point001/autoware.ai/install/autoware_build_flags/share:${ROS_PACKAGE_PATH} /usr/bin/cmake --build /home/point001/autoware.ai/build/ekf_localizer -- -j24 -l24
[1.398s] Invoking command in '/home/point001/autoware.ai/build/ekf_localizer': CMAKE_PREFIX_PATH=/home/point001/autoware.ai/install/amathutils_lib:/home/point001/autoware.ai/install/autoware_msgs:/home/point001/autoware.ai/install/autoware_build_flags:${CMAKE_PREFIX_PATH} LD_LIBRARY_PATH=/home/point001/autoware.ai/install/amathutils_lib/lib:${LD_LIBRARY_PATH} PKG_CONFIG_PATH=/home/point001/autoware.ai/install/amathutils_lib/lib/x86_64-linux-gnu/pkgconfig:/home/point001/autoware.ai/install/amathutils_lib/lib/pkgconfig:/home/point001/autoware.ai/install/autoware_msgs/lib/x86_64-linux-gnu/pkgconfig:/home/point001/autoware.ai/install/autoware_msgs/lib/pkgconfig:/home/point001/autoware.ai/install/autoware_build_flags/lib/x86_64-linux-gnu/pkgconfig:/home/point001/autoware.ai/install/autoware_build_flags/lib/pkgconfig:${PKG_CONFIG_PATH} PYTHONPATH=/home/point001/autoware.ai/install/autoware_msgs/lib/python2.7/dist-packages:${PYTHONPATH} ROS_PACKAGE_PATH=/home/point001/autoware.ai/install/amathutils_lib/share:/home/point001/autoware.ai/install/autoware_msgs/share:/home/point001/autoware.ai/install/autoware_build_flags/share:${ROS_PACKAGE_PATH} /usr/bin/cmake --build /home/point001/autoware.ai/build/ekf_localizer --target tests -- -j24 -l24
[1.596s] [ 40%] Built target gtest
[1.597s] [100%] Built target ekf_localizer-test
[1.621s] [100%] Built target tests
[1.804s] Invoked command in '/home/point001/autoware.ai/build/ekf_localizer' returned '0': CMAKE_PREFIX_PATH=/home/point001/autoware.ai/install/amathutils_lib:/home/point001/autoware.ai/install/autoware_msgs:/home/point001/autoware.ai/install/autoware_build_flags:${CMAKE_PREFIX_PATH} LD_LIBRARY_PATH=/home/point001/autoware.ai/install/amathutils_lib/lib:${LD_LIBRARY_PATH} PKG_CONFIG_PATH=/home/point001/autoware.ai/install/amathutils_lib/lib/x86_64-linux-gnu/pkgconfig:/home/point001/autoware.ai/install/amathutils_lib/lib/pkgconfig:/home/point001/autoware.ai/install/autoware_msgs/lib/x86_64-linux-gnu/pkgconfig:/home/point001/autoware.ai/install/autoware_msgs/lib/pkgconfig:/home/point001/autoware.ai/install/autoware_build_flags/lib/x86_64-linux-gnu/pkgconfig:/home/point001/autoware.ai/install/autoware_build_flags/lib/pkgconfig:${PKG_CONFIG_PATH} PYTHONPATH=/home/point001/autoware.ai/install/autoware_msgs/lib/python2.7/dist-packages:${PYTHONPATH} ROS_PACKAGE_PATH=/home/point001/autoware.ai/install/amathutils_lib/share:/home/point001/autoware.ai/install/autoware_msgs/share:/home/point001/autoware.ai/install/autoware_build_flags/share:${ROS_PACKAGE_PATH} /usr/bin/cmake --build /home/point001/autoware.ai/build/ekf_localizer --target tests -- -j24 -l24
[2.420s] Invoking command in '/home/point001/autoware.ai/build/ekf_localizer': CMAKE_PREFIX_PATH=/home/point001/autoware.ai/install/amathutils_lib:/home/point001/autoware.ai/install/autoware_msgs:/home/point001/autoware.ai/install/autoware_build_flags:${CMAKE_PREFIX_PATH} LD_LIBRARY_PATH=/home/point001/autoware.ai/install/amathutils_lib/lib:${LD_LIBRARY_PATH} PKG_CONFIG_PATH=/home/point001/autoware.ai/install/amathutils_lib/lib/x86_64-linux-gnu/pkgconfig:/home/point001/autoware.ai/install/amathutils_lib/lib/pkgconfig:/home/point001/autoware.ai/install/autoware_msgs/lib/x86_64-linux-gnu/pkgconfig:/home/point001/autoware.ai/install/autoware_msgs/lib/pkgconfig:/home/point001/autoware.ai/install/autoware_build_flags/lib/x86_64-linux-gnu/pkgconfig:/home/point001/autoware.ai/install/autoware_build_flags/lib/pkgconfig:${PKG_CONFIG_PATH} PYTHONPATH=/home/point001/autoware.ai/install/autoware_msgs/lib/python2.7/dist-packages:${PYTHONPATH} ROS_PACKAGE_PATH=/home/point001/autoware.ai/install/amathutils_lib/share:/home/point001/autoware.ai/install/autoware_msgs/share:/home/point001/autoware.ai/install/autoware_build_flags/share:${ROS_PACKAGE_PATH} /usr/bin/cmake --build /home/point001/autoware.ai/build/ekf_localizer --target install -- -j24 -l24
[2.549s] [  0%] Built target std_msgs_generate_messages_nodejs
[2.550s] [  0%] Built target sensor_msgs_generate_messages_py
[2.550s] [  0%] Built target tf2_msgs_generate_messages_nodejs
[2.562s] [  0%] Built target jsk_footstep_msgs_generate_messages_py
[2.562s] [  0%] Built target pcl_msgs_generate_messages_nodejs
[2.567s] [  0%] Built target std_msgs_generate_messages_py
[2.570s] [  0%] Built target autoware_msgs_generate_messages_py
[2.585s] [  0%] Built target sensor_msgs_generate_messages_eus
[2.586s] [  0%] Built target autoware_msgs_generate_messages_cpp
[2.586s] [  0%] Built target geometry_msgs_generate_messages_py
[2.586s] [  0%] Built target _catkin_empty_exported_target
[2.587s] [  0%] Built target rosgraph_msgs_generate_messages_eus
[2.589s] [  0%] Built target actionlib_generate_messages_cpp
[2.590s] [  0%] Built target std_msgs_generate_messages_cpp
[2.591s] [  0%] Built target sensor_msgs_generate_messages_cpp
[2.592s] [  0%] Built target tf2_msgs_generate_messages_cpp
[2.594s] [  0%] Built target jsk_recognition_msgs_generate_messages_lisp
[2.599s] [  0%] Built target roscpp_generate_messages_cpp
[2.599s] [  0%] Built target jsk_recognition_msgs_generate_messages_py
[2.605s] [  0%] Built target jsk_recognition_msgs_generate_messages_eus
[2.606s] [  0%] Built target sensor_msgs_generate_messages_nodejs
[2.624s] [  0%] Built target rosgraph_msgs_generate_messages_cpp
[2.627s] [  0%] Built target std_msgs_generate_messages_lisp
[2.627s] [  0%] Built target pcl_msgs_generate_messages_eus
[2.640s] [  0%] Built target actionlib_msgs_generate_messages_nodejs
[2.640s] [  0%] Built target jsk_recognition_msgs_generate_messages_cpp
[2.640s] [  0%] Built target pcl_msgs_generate_messages_cpp
[2.641s] [  0%] Built target geometry_msgs_generate_messages_lisp
[2.641s] [  0%] Built target geometry_msgs_generate_messages_eus
[2.642s] [  0%] Built target autoware_msgs_generate_messages_nodejs
[2.643s] [  0%] Built target sensor_msgs_generate_messages_lisp
[2.650s] [  0%] Built target roscpp_generate_messages_nodejs
[2.651s] [  0%] Built target jsk_footstep_msgs_generate_messages_eus
[2.651s] [  0%] Built target geometry_msgs_generate_messages_nodejs
[2.653s] [  0%] Built target std_msgs_generate_messages_eus
[2.657s] [  0%] Built target actionlib_msgs_generate_messages_py
[2.661s] [  0%] Built target actionlib_msgs_generate_messages_lisp
[2.662s] [  0%] Built target tf_generate_messages_py
[2.667s] [  0%] Built target autoware_msgs_generate_messages_lisp
[2.673s] [  0%] Built target autoware_msgs_generate_messages_eus
[2.678s] [  0%] Built target jsk_footstep_msgs_generate_messages_cpp
[2.694s] [  0%] Built target actionlib_generate_messages_eus
[2.695s] [  0%] Built target actionlib_msgs_generate_messages_cpp
[2.701s] [  0%] Built target jsk_footstep_msgs_generate_messages_lisp
[2.701s] [  0%] Built target tf_generate_messages_lisp
[2.701s] [  0%] Built target jsk_footstep_msgs_generate_messages_nodejs
[2.701s] [  0%] Built target tf_generate_messages_eus
[2.703s] [  0%] Built target actionlib_msgs_generate_messages_eus
[2.712s] [  0%] Built target rosgraph_msgs_generate_messages_nodejs
[2.712s] [  0%] Built target pcl_msgs_generate_messages_lisp
[2.712s] [  0%] Built target geometry_msgs_generate_messages_cpp
[2.713s] [  0%] Built target actionlib_generate_messages_lisp
[2.715s] [  0%] Built target jsk_recognition_msgs_generate_messages_nodejs
[2.726s] [  0%] Built target roscpp_generate_messages_py
[2.728s] [  0%] Built target rosgraph_msgs_generate_messages_py
[2.728s] [  0%] Built target rosgraph_msgs_generate_messages_lisp
[2.728s] [  0%] Built target tf_generate_messages_nodejs
[2.728s] [  0%] Built target roscpp_generate_messages_lisp
[2.728s] [  0%] Built target roscpp_generate_messages_eus
[2.730s] [  0%] Built target actionlib_generate_messages_nodejs
[2.730s] [  0%] Built target pcl_msgs_generate_messages_py
[2.736s] [  0%] Built target tf2_msgs_generate_messages_py
[2.740s] [  0%] Built target actionlib_generate_messages_py
[2.753s] [  0%] Built target tf2_msgs_generate_messages_lisp
[2.754s] [  0%] Built target tf2_msgs_generate_messages_eus
[2.779s] [  0%] Built target tf_generate_messages_cpp
[2.822s] [100%] Built target ekf_localizer
[2.841s] [36mInstall the project...[0m
[2.852s] -- Install configuration: "Release"
[2.853s] -- Up-to-date: /home/point001/autoware.ai/install/ekf_localizer/lib/pkgconfig/ekf_localizer.pc
[2.853s] -- Up-to-date: /home/point001/autoware.ai/install/ekf_localizer/share/ekf_localizer/cmake/ekf_localizerConfig.cmake
[2.853s] -- Up-to-date: /home/point001/autoware.ai/install/ekf_localizer/share/ekf_localizer/cmake/ekf_localizerConfig-version.cmake
[2.853s] -- Up-to-date: /home/point001/autoware.ai/install/ekf_localizer/share/ekf_localizer/package.xml
[2.853s] -- Up-to-date: /home/point001/autoware.ai/install/ekf_localizer/lib/ekf_localizer/ekf_localizer
[2.853s] -- Up-to-date: /home/point001/autoware.ai/install/ekf_localizer/include/ekf_localizer
[2.853s] -- Up-to-date: /home/point001/autoware.ai/install/ekf_localizer/include/ekf_localizer/ekf_localizer.h
[2.853s] -- Up-to-date: /home/point001/autoware.ai/install/ekf_localizer/share/ekf_localizer/launch
[2.853s] -- Up-to-date: /home/point001/autoware.ai/install/ekf_localizer/share/ekf_localizer/launch/ekf_localizer.launch
[2.940s] Invoked command in '/home/point001/autoware.ai/build/ekf_localizer' returned '0': CMAKE_PREFIX_PATH=/home/point001/autoware.ai/install/amathutils_lib:/home/point001/autoware.ai/install/autoware_msgs:/home/point001/autoware.ai/install/autoware_build_flags:${CMAKE_PREFIX_PATH} LD_LIBRARY_PATH=/home/point001/autoware.ai/install/amathutils_lib/lib:${LD_LIBRARY_PATH} PKG_CONFIG_PATH=/home/point001/autoware.ai/install/amathutils_lib/lib/x86_64-linux-gnu/pkgconfig:/home/point001/autoware.ai/install/amathutils_lib/lib/pkgconfig:/home/point001/autoware.ai/install/autoware_msgs/lib/x86_64-linux-gnu/pkgconfig:/home/point001/autoware.ai/install/autoware_msgs/lib/pkgconfig:/home/point001/autoware.ai/install/autoware_build_flags/lib/x86_64-linux-gnu/pkgconfig:/home/point001/autoware.ai/install/autoware_build_flags/lib/pkgconfig:${PKG_CONFIG_PATH} PYTHONPATH=/home/point001/autoware.ai/install/autoware_msgs/lib/python2.7/dist-packages:${PYTHONPATH} ROS_PACKAGE_PATH=/home/point001/autoware.ai/install/amathutils_lib/share:/home/point001/autoware.ai/install/autoware_msgs/share:/home/point001/autoware.ai/install/autoware_build_flags/share:${ROS_PACKAGE_PATH} /usr/bin/cmake --build /home/point001/autoware.ai/build/ekf_localizer --target install -- -j24 -l24
