[0.254s] Invoking command in '/home/point001/autoware.ai/build/map_tools': CMAKE_PREFIX_PATH=/home/point001/autoware.ai/install/autoware_build_flags:${CMAKE_PREFIX_PATH} PKG_CONFIG_PATH=/home/point001/autoware.ai/install/autoware_build_flags/lib/x86_64-linux-gnu/pkgconfig:/home/point001/autoware.ai/install/autoware_build_flags/lib/pkgconfig:${PKG_CONFIG_PATH} ROS_PACKAGE_PATH=/home/point001/autoware.ai/install/autoware_build_flags/share:${ROS_PACKAGE_PATH} /usr/bin/cmake --build /home/point001/autoware.ai/build/map_tools -- -j24 -l24
[0.312s] [ 14%] Built target pcd_binarizer
[0.312s] [ 28%] Built target pcd_arealist
[0.312s] [ 42%] Built target pcd_filter
[0.312s] [ 57%] Built target pcd_grid_divider
[0.313s] [ 71%] Built target csv2pcd
[0.314s] [ 85%] Built target pcd2csv
[0.318s] [100%] Built target map_extender
[0.546s] Invoked command in '/home/point001/autoware.ai/build/map_tools' returned '0': CMAKE_PREFIX_PATH=/home/point001/autoware.ai/install/autoware_build_flags:${CMAKE_PREFIX_PATH} PKG_CONFIG_PATH=/home/point001/autoware.ai/install/autoware_build_flags/lib/x86_64-linux-gnu/pkgconfig:/home/point001/autoware.ai/install/autoware_build_flags/lib/pkgconfig:${PKG_CONFIG_PATH} ROS_PACKAGE_PATH=/home/point001/autoware.ai/install/autoware_build_flags/share:${ROS_PACKAGE_PATH} /usr/bin/cmake --build /home/point001/autoware.ai/build/map_tools -- -j24 -l24
[0.775s] Invoking command in '/home/point001/autoware.ai/build/map_tools': CMAKE_PREFIX_PATH=/home/point001/autoware.ai/install/autoware_build_flags:${CMAKE_PREFIX_PATH} PKG_CONFIG_PATH=/home/point001/autoware.ai/install/autoware_build_flags/lib/x86_64-linux-gnu/pkgconfig:/home/point001/autoware.ai/install/autoware_build_flags/lib/pkgconfig:${PKG_CONFIG_PATH} ROS_PACKAGE_PATH=/home/point001/autoware.ai/install/autoware_build_flags/share:${ROS_PACKAGE_PATH} /usr/bin/cmake --build /home/point001/autoware.ai/build/map_tools --target tests -- -j24 -l24
[0.878s] Built target tests
[1.128s] Invoked command in '/home/point001/autoware.ai/build/map_tools' returned '0': CMAKE_PREFIX_PATH=/home/point001/autoware.ai/install/autoware_build_flags:${CMAKE_PREFIX_PATH} PKG_CONFIG_PATH=/home/point001/autoware.ai/install/autoware_build_flags/lib/x86_64-linux-gnu/pkgconfig:/home/point001/autoware.ai/install/autoware_build_flags/lib/pkgconfig:${PKG_CONFIG_PATH} ROS_PACKAGE_PATH=/home/point001/autoware.ai/install/autoware_build_flags/share:${ROS_PACKAGE_PATH} /usr/bin/cmake --build /home/point001/autoware.ai/build/map_tools --target tests -- -j24 -l24
[1.465s] Invoking command in '/home/point001/autoware.ai/build/map_tools': CMAKE_PREFIX_PATH=/home/point001/autoware.ai/install/autoware_build_flags:${CMAKE_PREFIX_PATH} PKG_CONFIG_PATH=/home/point001/autoware.ai/install/autoware_build_flags/lib/x86_64-linux-gnu/pkgconfig:/home/point001/autoware.ai/install/autoware_build_flags/lib/pkgconfig:${PKG_CONFIG_PATH} ROS_PACKAGE_PATH=/home/point001/autoware.ai/install/autoware_build_flags/share:${ROS_PACKAGE_PATH} /usr/bin/cmake --build /home/point001/autoware.ai/build/map_tools --target install -- -j24 -l24
[1.562s] [ 14%] Built target pcd2csv
[1.572s] [ 28%] Built target map_extender
[1.573s] [ 42%] Built target pcd_grid_divider
[1.619s] [ 57%] Built target pcd_filter
[1.620s] [ 71%] Built target pcd_arealist
[1.633s] [ 85%] Built target pcd_binarizer
[1.656s] [100%] Built target csv2pcd
[1.687s] [36mInstall the project...[0m
[1.702s] -- Install configuration: "Release"
[1.702s] -- Up-to-date: /home/point001/autoware.ai/install/map_tools/lib/pkgconfig/map_tools.pc
[1.702s] -- Up-to-date: /home/point001/autoware.ai/install/map_tools/share/map_tools/cmake/map_toolsConfig.cmake
[1.702s] -- Up-to-date: /home/point001/autoware.ai/install/map_tools/share/map_tools/cmake/map_toolsConfig-version.cmake
[1.702s] -- Up-to-date: /home/point001/autoware.ai/install/map_tools/share/map_tools/package.xml
[1.703s] -- Up-to-date: /home/point001/autoware.ai/install/map_tools/lib/map_tools/csv2pcd
[1.703s] -- Up-to-date: /home/point001/autoware.ai/install/map_tools/lib/map_tools/map_extender
[1.704s] -- Up-to-date: /home/point001/autoware.ai/install/map_tools/lib/map_tools/pcd2csv
[1.707s] -- Up-to-date: /home/point001/autoware.ai/install/map_tools/lib/map_tools/pcd_arealist
[1.707s] -- Up-to-date: /home/point001/autoware.ai/install/map_tools/lib/map_tools/pcd_binarizer
[1.707s] -- Up-to-date: /home/point001/autoware.ai/install/map_tools/lib/map_tools/pcd_filter
[1.709s] -- Up-to-date: /home/point001/autoware.ai/install/map_tools/lib/map_tools/pcd_grid_divider
[1.744s] Invoked command in '/home/point001/autoware.ai/build/map_tools' returned '0': CMAKE_PREFIX_PATH=/home/point001/autoware.ai/install/autoware_build_flags:${CMAKE_PREFIX_PATH} PKG_CONFIG_PATH=/home/point001/autoware.ai/install/autoware_build_flags/lib/x86_64-linux-gnu/pkgconfig:/home/point001/autoware.ai/install/autoware_build_flags/lib/pkgconfig:${PKG_CONFIG_PATH} ROS_PACKAGE_PATH=/home/point001/autoware.ai/install/autoware_build_flags/share:${ROS_PACKAGE_PATH} /usr/bin/cmake --build /home/point001/autoware.ai/build/map_tools --target install -- -j24 -l24
