[0.214s] Invoking command in '/home/point001/autoware.ai/build/vision_beyond_track': CMAKE_PREFIX_PATH=/home/point001/autoware.ai/install/autoware_msgs:/home/point001/autoware.ai/install/autoware_build_flags:${CMAKE_PREFIX_PATH} PKG_CONFIG_PATH=/home/point001/autoware.ai/install/autoware_msgs/lib/x86_64-linux-gnu/pkgconfig:/home/point001/autoware.ai/install/autoware_msgs/lib/pkgconfig:/home/point001/autoware.ai/install/autoware_build_flags/lib/x86_64-linux-gnu/pkgconfig:/home/point001/autoware.ai/install/autoware_build_flags/lib/pkgconfig:${PKG_CONFIG_PATH} PYTHONPATH=/home/point001/autoware.ai/install/autoware_msgs/lib/python2.7/dist-packages:${PYTHONPATH} ROS_PACKAGE_PATH=/home/point001/autoware.ai/install/autoware_msgs/share:/home/point001/autoware.ai/install/autoware_build_flags/share:${ROS_PACKAGE_PATH} /usr/bin/cmake --build /home/point001/autoware.ai/build/vision_beyond_track -- -j24 -l24
[0.419s] [  0%] Built target tf_generate_messages_py
[0.427s] [  0%] Built target roscpp_generate_messages_cpp
[0.438s] [  0%] Built target jsk_footstep_msgs_generate_messages_py
[0.450s] [  0%] Built target sensor_msgs_generate_messages_cpp
[0.462s] [  0%] Built target std_msgs_generate_messages_py
[0.465s] [  0%] Built target sensor_msgs_generate_messages_eus
[0.476s] [  0%] Built target _catkin_empty_exported_target
[0.481s] [  0%] Built target std_msgs_generate_messages_nodejs
[0.481s] [  0%] Built target sensor_msgs_generate_messages_nodejs
[0.482s] [  0%] Built target sensor_msgs_generate_messages_lisp
[0.486s] [  0%] Built target geometry_msgs_generate_messages_py
[0.490s] [  0%] Built target sensor_msgs_generate_messages_py
[0.501s] [  0%] Built target tf2_msgs_generate_messages_cpp
[0.509s] [  0%] Built target jsk_recognition_msgs_generate_messages_py
[0.510s] [  0%] Built target autoware_msgs_generate_messages_py
[0.510s] [  0%] Built target jsk_recognition_msgs_generate_messages_eus
[0.514s] [  0%] Built target std_msgs_generate_messages_cpp
[0.514s] [  0%] Built target rosgraph_msgs_generate_messages_cpp
[0.517s] [  0%] Built target pcl_msgs_generate_messages_nodejs
[0.518s] [  0%] Built target actionlib_generate_messages_cpp
[0.538s] [  0%] Built target autoware_msgs_generate_messages_cpp
[0.558s] [  0%] Built target pcl_msgs_generate_messages_eus
[0.580s] [  0%] Built target roscpp_generate_messages_nodejs
[0.591s] [  0%] Built target jsk_recognition_msgs_generate_messages_lisp
[0.596s] [  0%] Built target rosgraph_msgs_generate_messages_eus
[0.627s] [  0%] Built target geometry_msgs_generate_messages_nodejs
[0.642s] [  0%] Built target actionlib_msgs_generate_messages_lisp
[0.647s] [  0%] Built target pcl_msgs_generate_messages_cpp
[0.647s] [  0%] Built target jsk_footstep_msgs_generate_messages_eus
[0.666s] [  0%] Built target autoware_msgs_generate_messages_lisp
[0.671s] [  0%] Built target geometry_msgs_generate_messages_eus
[0.703s] [  0%] Built target jsk_footstep_msgs_generate_messages_nodejs
[0.707s] [  0%] Built target roscpp_generate_messages_py
[0.710s] [  0%] Built target std_msgs_generate_messages_lisp
[0.722s] [  0%] Built target geometry_msgs_generate_messages_lisp
[0.723s] [  0%] Built target jsk_recognition_msgs_generate_messages_cpp
[0.723s] [  0%] Built target rosgraph_msgs_generate_messages_lisp
[0.728s] [  0%] Built target autoware_msgs_generate_messages_eus
[0.729s] [  0%] Built target jsk_footstep_msgs_generate_messages_lisp
[0.745s] [  0%] Built target actionlib_msgs_generate_messages_py
[0.764s] [  0%] Built target tf_generate_messages_lisp
[0.764s] [  0%] Built target rosgraph_msgs_generate_messages_nodejs
[0.785s] [  0%] Built target tf_generate_messages_eus
[0.786s] [  0%] Built target roscpp_generate_messages_lisp
[0.786s] [  0%] Built target rosgraph_msgs_generate_messages_py
[0.788s] [  0%] Built target autoware_msgs_generate_messages_nodejs
[0.800s] [  0%] Built target jsk_recognition_msgs_generate_messages_nodejs
[0.836s] [  0%] Built target geometry_msgs_generate_messages_cpp
[0.837s] [  0%] Built target pcl_msgs_generate_messages_py
[0.837s] [  0%] Built target actionlib_msgs_generate_messages_cpp
[0.838s] [  0%] Built target jsk_footstep_msgs_generate_messages_cpp
[0.850s] [  0%] Built target roscpp_generate_messages_eus
[0.862s] [  0%] Built target actionlib_msgs_generate_messages_eus
[0.883s] [  0%] Built target tf2_msgs_generate_messages_eus
[0.890s] [  0%] Built target tf_generate_messages_nodejs
[0.905s] [  0%] Built target tf2_msgs_generate_messages_lisp
[0.905s] [  0%] Built target tf2_msgs_generate_messages_py
[0.912s] [  0%] Built target pcl_msgs_generate_messages_lisp
[0.914s] [  0%] Built target actionlib_generate_messages_nodejs
[0.921s] [  0%] Built target actionlib_generate_messages_eus
[0.933s] [  0%] Built target tf_generate_messages_cpp
[0.944s] [  0%] Built target actionlib_msgs_generate_messages_nodejs
[0.948s] [  0%] Built target tf2_msgs_generate_messages_nodejs
[0.976s] [  0%] Built target actionlib_generate_messages_lisp
[0.976s] [ 50%] Built target beyond_track_lib
[0.976s] [ 50%] Built target actionlib_generate_messages_py
[1.000s] [ 50%] Built target std_msgs_generate_messages_eus
[1.230s] [100%] Built target vision_beyond_track
[1.259s] Invoked command in '/home/point001/autoware.ai/build/vision_beyond_track' returned '0': CMAKE_PREFIX_PATH=/home/point001/autoware.ai/install/autoware_msgs:/home/point001/autoware.ai/install/autoware_build_flags:${CMAKE_PREFIX_PATH} PKG_CONFIG_PATH=/home/point001/autoware.ai/install/autoware_msgs/lib/x86_64-linux-gnu/pkgconfig:/home/point001/autoware.ai/install/autoware_msgs/lib/pkgconfig:/home/point001/autoware.ai/install/autoware_build_flags/lib/x86_64-linux-gnu/pkgconfig:/home/point001/autoware.ai/install/autoware_build_flags/lib/pkgconfig:${PKG_CONFIG_PATH} PYTHONPATH=/home/point001/autoware.ai/install/autoware_msgs/lib/python2.7/dist-packages:${PYTHONPATH} ROS_PACKAGE_PATH=/home/point001/autoware.ai/install/autoware_msgs/share:/home/point001/autoware.ai/install/autoware_build_flags/share:${ROS_PACKAGE_PATH} /usr/bin/cmake --build /home/point001/autoware.ai/build/vision_beyond_track -- -j24 -l24
[2.241s] Invoking command in '/home/point001/autoware.ai/build/vision_beyond_track': CMAKE_PREFIX_PATH=/home/point001/autoware.ai/install/autoware_msgs:/home/point001/autoware.ai/install/autoware_build_flags:${CMAKE_PREFIX_PATH} PKG_CONFIG_PATH=/home/point001/autoware.ai/install/autoware_msgs/lib/x86_64-linux-gnu/pkgconfig:/home/point001/autoware.ai/install/autoware_msgs/lib/pkgconfig:/home/point001/autoware.ai/install/autoware_build_flags/lib/x86_64-linux-gnu/pkgconfig:/home/point001/autoware.ai/install/autoware_build_flags/lib/pkgconfig:${PKG_CONFIG_PATH} PYTHONPATH=/home/point001/autoware.ai/install/autoware_msgs/lib/python2.7/dist-packages:${PYTHONPATH} ROS_PACKAGE_PATH=/home/point001/autoware.ai/install/autoware_msgs/share:/home/point001/autoware.ai/install/autoware_build_flags/share:${ROS_PACKAGE_PATH} /usr/bin/cmake --build /home/point001/autoware.ai/build/vision_beyond_track --target tests -- -j24 -l24
[2.364s] Built target tests
[2.480s] Invoked command in '/home/point001/autoware.ai/build/vision_beyond_track' returned '0': CMAKE_PREFIX_PATH=/home/point001/autoware.ai/install/autoware_msgs:/home/point001/autoware.ai/install/autoware_build_flags:${CMAKE_PREFIX_PATH} PKG_CONFIG_PATH=/home/point001/autoware.ai/install/autoware_msgs/lib/x86_64-linux-gnu/pkgconfig:/home/point001/autoware.ai/install/autoware_msgs/lib/pkgconfig:/home/point001/autoware.ai/install/autoware_build_flags/lib/x86_64-linux-gnu/pkgconfig:/home/point001/autoware.ai/install/autoware_build_flags/lib/pkgconfig:${PKG_CONFIG_PATH} PYTHONPATH=/home/point001/autoware.ai/install/autoware_msgs/lib/python2.7/dist-packages:${PYTHONPATH} ROS_PACKAGE_PATH=/home/point001/autoware.ai/install/autoware_msgs/share:/home/point001/autoware.ai/install/autoware_build_flags/share:${ROS_PACKAGE_PATH} /usr/bin/cmake --build /home/point001/autoware.ai/build/vision_beyond_track --target tests -- -j24 -l24
[2.930s] Invoking command in '/home/point001/autoware.ai/build/vision_beyond_track': CMAKE_PREFIX_PATH=/home/point001/autoware.ai/install/autoware_msgs:/home/point001/autoware.ai/install/autoware_build_flags:${CMAKE_PREFIX_PATH} PKG_CONFIG_PATH=/home/point001/autoware.ai/install/autoware_msgs/lib/x86_64-linux-gnu/pkgconfig:/home/point001/autoware.ai/install/autoware_msgs/lib/pkgconfig:/home/point001/autoware.ai/install/autoware_build_flags/lib/x86_64-linux-gnu/pkgconfig:/home/point001/autoware.ai/install/autoware_build_flags/lib/pkgconfig:${PKG_CONFIG_PATH} PYTHONPATH=/home/point001/autoware.ai/install/autoware_msgs/lib/python2.7/dist-packages:${PYTHONPATH} ROS_PACKAGE_PATH=/home/point001/autoware.ai/install/autoware_msgs/share:/home/point001/autoware.ai/install/autoware_build_flags/share:${ROS_PACKAGE_PATH} /usr/bin/cmake --build /home/point001/autoware.ai/build/vision_beyond_track --target install -- -j24 -l24
[3.231s] [  0%] Built target autoware_msgs_generate_messages_cpp
[3.240s] [  0%] Built target _catkin_empty_exported_target
[3.241s] [  0%] Built target jsk_recognition_msgs_generate_messages_py
[3.255s] [  0%] Built target geometry_msgs_generate_messages_py
[3.255s] [  0%] Built target rosgraph_msgs_generate_messages_eus
[3.255s] [  0%] Built target sensor_msgs_generate_messages_eus
[3.264s] [  0%] Built target pcl_msgs_generate_messages_nodejs
[3.278s] [  0%] Built target rosgraph_msgs_generate_messages_cpp
[3.284s] [  0%] Built target std_msgs_generate_messages_nodejs
[3.289s] [  0%] Built target sensor_msgs_generate_messages_nodejs
[3.299s] [  0%] Built target jsk_footstep_msgs_generate_messages_py
[3.299s] [  0%] Built target pcl_msgs_generate_messages_eus
[3.308s] [  0%] Built target roscpp_generate_messages_cpp
[3.309s] [  0%] Built target geometry_msgs_generate_messages_eus
[3.310s] [  0%] Built target sensor_msgs_generate_messages_lisp
[3.312s] [  0%] Built target sensor_msgs_generate_messages_cpp
[3.313s] [  0%] Built target std_msgs_generate_messages_cpp
[3.328s] [  0%] Built target jsk_recognition_msgs_generate_messages_eus
[3.329s] [  0%] Built target tf2_msgs_generate_messages_cpp
[3.332s] [  0%] Built target autoware_msgs_generate_messages_py
[3.337s] [  0%] Built target actionlib_generate_messages_cpp
[3.357s] [  0%] Built target std_msgs_generate_messages_lisp
[3.358s] [  0%] Built target geometry_msgs_generate_messages_lisp
[3.367s] [  0%] Built target jsk_footstep_msgs_generate_messages_lisp
[3.378s] [  0%] Built target pcl_msgs_generate_messages_cpp
[3.380s] [  0%] Built target std_msgs_generate_messages_py
[3.383s] [  0%] Built target jsk_recognition_msgs_generate_messages_lisp
[3.384s] [  0%] Built target tf_generate_messages_py
[3.390s] [  0%] Built target sensor_msgs_generate_messages_py
[3.395s] [  0%] Built target autoware_msgs_generate_messages_lisp
[3.404s] [  0%] Built target roscpp_generate_messages_nodejs
[3.406s] [  0%] Built target autoware_msgs_generate_messages_nodejs
[3.411s] [  0%] Built target actionlib_msgs_generate_messages_lisp
[3.418s] [  0%] Built target geometry_msgs_generate_messages_nodejs
[3.432s] [  0%] Built target jsk_recognition_msgs_generate_messages_nodejs
[3.432s] [  0%] Built target rosgraph_msgs_generate_messages_nodejs
[3.453s] [  0%] Built target roscpp_generate_messages_lisp
[3.453s] [  0%] Built target roscpp_generate_messages_eus
[3.454s] [  0%] Built target jsk_recognition_msgs_generate_messages_cpp
[3.466s] [  0%] Built target actionlib_generate_messages_eus
[3.466s] [  0%] Built target roscpp_generate_messages_py
[3.468s] [  0%] Built target actionlib_msgs_generate_messages_py
[3.472s] [  0%] Built target jsk_footstep_msgs_generate_messages_nodejs
[3.475s] [  0%] Built target jsk_footstep_msgs_generate_messages_eus
[3.488s] [  0%] Built target tf_generate_messages_cpp
[3.494s] [  0%] Built target autoware_msgs_generate_messages_eus
[3.505s] [  0%] Built target actionlib_generate_messages_nodejs
[3.507s] [  0%] Built target rosgraph_msgs_generate_messages_lisp
[3.507s] [  0%] Built target jsk_footstep_msgs_generate_messages_cpp
[3.507s] [  0%] Built target tf_generate_messages_lisp
[3.507s] [  0%] Built target tf_generate_messages_eus
[3.507s] [  0%] Built target rosgraph_msgs_generate_messages_py
[3.507s] [  0%] Built target tf2_msgs_generate_messages_lisp
[3.509s] [  0%] Built target actionlib_msgs_generate_messages_nodejs
[3.510s] [  0%] Built target actionlib_generate_messages_lisp
[3.510s] [  0%] Built target tf_generate_messages_nodejs
[3.514s] [  0%] Built target pcl_msgs_generate_messages_py
[3.514s] [  0%] Built target actionlib_msgs_generate_messages_eus
[3.515s] [  0%] Built target tf2_msgs_generate_messages_py
[3.518s] [  0%] Built target tf2_msgs_generate_messages_eus
[3.518s] [  0%] Built target geometry_msgs_generate_messages_cpp
[3.522s] [  0%] Built target tf2_msgs_generate_messages_nodejs
[3.523s] [  0%] Built target pcl_msgs_generate_messages_lisp
[3.523s] [  0%] Built target actionlib_msgs_generate_messages_cpp
[3.525s] [ 50%] Built target beyond_track_lib
[3.528s] [ 50%] Built target actionlib_generate_messages_py
[3.535s] [ 50%] Built target std_msgs_generate_messages_eus
[3.566s] [100%] Built target vision_beyond_track
[3.594s] [36mInstall the project...[0m
[3.632s] -- Install configuration: "Release"
[3.632s] -- Up-to-date: /home/point001/autoware.ai/install/vision_beyond_track/lib/pkgconfig/vision_beyond_track.pc
[3.632s] -- Up-to-date: /home/point001/autoware.ai/install/vision_beyond_track/share/vision_beyond_track/cmake/vision_beyond_trackConfig.cmake
[3.632s] -- Up-to-date: /home/point001/autoware.ai/install/vision_beyond_track/share/vision_beyond_track/cmake/vision_beyond_trackConfig-version.cmake
[3.633s] -- Up-to-date: /home/point001/autoware.ai/install/vision_beyond_track/share/vision_beyond_track/package.xml
[3.633s] -- Up-to-date: /home/point001/autoware.ai/install/vision_beyond_track/lib/libbeyond_track_lib.a
[3.633s] -- Up-to-date: /home/point001/autoware.ai/install/vision_beyond_track/lib/vision_beyond_track/vision_beyond_track
[3.633s] -- Up-to-date: /home/point001/autoware.ai/install/vision_beyond_track/share/vision_beyond_track/launch
[3.633s] -- Up-to-date: /home/point001/autoware.ai/install/vision_beyond_track/share/vision_beyond_track/launch/vision_beyond_track.launch
[3.809s] Invoked command in '/home/point001/autoware.ai/build/vision_beyond_track' returned '0': CMAKE_PREFIX_PATH=/home/point001/autoware.ai/install/autoware_msgs:/home/point001/autoware.ai/install/autoware_build_flags:${CMAKE_PREFIX_PATH} PKG_CONFIG_PATH=/home/point001/autoware.ai/install/autoware_msgs/lib/x86_64-linux-gnu/pkgconfig:/home/point001/autoware.ai/install/autoware_msgs/lib/pkgconfig:/home/point001/autoware.ai/install/autoware_build_flags/lib/x86_64-linux-gnu/pkgconfig:/home/point001/autoware.ai/install/autoware_build_flags/lib/pkgconfig:${PKG_CONFIG_PATH} PYTHONPATH=/home/point001/autoware.ai/install/autoware_msgs/lib/python2.7/dist-packages:${PYTHONPATH} ROS_PACKAGE_PATH=/home/point001/autoware.ai/install/autoware_msgs/share:/home/point001/autoware.ai/install/autoware_build_flags/share:${ROS_PACKAGE_PATH} /usr/bin/cmake --build /home/point001/autoware.ai/build/vision_beyond_track --target install -- -j24 -l24
