[0.314s] Invoking command in '/home/point001/autoware.ai/build/pcl_omp_registration': /usr/bin/cmake --build /home/point001/autoware.ai/build/pcl_omp_registration -- -j24 -l24
[0.633s] [100%] Built target pcl_omp_registration
[0.690s] Invoked command in '/home/point001/autoware.ai/build/pcl_omp_registration' returned '0': /usr/bin/cmake --build /home/point001/autoware.ai/build/pcl_omp_registration -- -j24 -l24
[0.777s] Invoking command in '/home/point001/autoware.ai/build/pcl_omp_registration': /usr/bin/cmake --build /home/point001/autoware.ai/build/pcl_omp_registration --target tests -- -j24 -l24
[0.853s] Built target tests
[0.919s] Invoked command in '/home/point001/autoware.ai/build/pcl_omp_registration' returned '0': /usr/bin/cmake --build /home/point001/autoware.ai/build/pcl_omp_registration --target tests -- -j24 -l24
[1.039s] Invoking command in '/home/point001/autoware.ai/build/pcl_omp_registration': /usr/bin/cmake --build /home/point001/autoware.ai/build/pcl_omp_registration --target install -- -j24 -l24
[1.135s] [100%] Built target pcl_omp_registration
[1.271s] [36mInstall the project...[0m
[1.284s] -- Install configuration: "Release"
[1.284s] -- Up-to-date: /home/point001/autoware.ai/install/pcl_omp_registration/lib/pkgconfig/pcl_omp_registration.pc
[1.284s] -- Up-to-date: /home/point001/autoware.ai/install/pcl_omp_registration/share/pcl_omp_registration/cmake/pcl_omp_registrationConfig.cmake
[1.284s] -- Up-to-date: /home/point001/autoware.ai/install/pcl_omp_registration/share/pcl_omp_registration/cmake/pcl_omp_registrationConfig-version.cmake
[1.284s] -- Up-to-date: /home/point001/autoware.ai/install/pcl_omp_registration/share/pcl_omp_registration/package.xml
[1.284s] -- Up-to-date: /home/point001/autoware.ai/install/pcl_omp_registration/include/pcl_omp_registration
[1.285s] -- Up-to-date: /home/point001/autoware.ai/install/pcl_omp_registration/include/pcl_omp_registration/ndt.h
[1.285s] -- Up-to-date: /home/point001/autoware.ai/install/pcl_omp_registration/include/pcl_omp_registration/impl
[1.285s] -- Up-to-date: /home/point001/autoware.ai/install/pcl_omp_registration/include/pcl_omp_registration/impl/registration.hpp
[1.285s] -- Up-to-date: /home/point001/autoware.ai/install/pcl_omp_registration/include/pcl_omp_registration/impl/ndt.hpp
[1.285s] -- Up-to-date: /home/point001/autoware.ai/install/pcl_omp_registration/include/pcl_omp_registration/registration.h
[1.290s] -- Up-to-date: /home/point001/autoware.ai/install/pcl_omp_registration/lib/libpcl_omp_registration.so
[1.339s] Invoked command in '/home/point001/autoware.ai/build/pcl_omp_registration' returned '0': /usr/bin/cmake --build /home/point001/autoware.ai/build/pcl_omp_registration --target install -- -j24 -l24
