[0.047s] Invoking command in '/home/point001/autoware.ai/build/lidar_shape_estimation': CMAKE_PREFIX_PATH=/home/point001/autoware.ai/install/autoware_msgs:/home/point001/autoware.ai/install/autoware_build_flags:${CMAKE_PREFIX_PATH} PKG_CONFIG_PATH=/home/point001/autoware.ai/install/autoware_msgs/lib/x86_64-linux-gnu/pkgconfig:/home/point001/autoware.ai/install/autoware_msgs/lib/pkgconfig:/home/point001/autoware.ai/install/autoware_build_flags/lib/x86_64-linux-gnu/pkgconfig:/home/point001/autoware.ai/install/autoware_build_flags/lib/pkgconfig:${PKG_CONFIG_PATH} PYTHONPATH=/home/point001/autoware.ai/install/autoware_msgs/lib/python2.7/dist-packages:${PYTHONPATH} ROS_PACKAGE_PATH=/home/point001/autoware.ai/install/autoware_msgs/share:/home/point001/autoware.ai/install/autoware_build_flags/share:${ROS_PACKAGE_PATH} /usr/bin/cmake /home/point001/autoware.ai/src/autoware/core_perception/lidar_shape_estimation -DCMAKE_BUILD_TYPE=Release -DCATKIN_INSTALL_INTO_PREFIX_ROOT=0 -DCMAKE_INSTALL_PREFIX=/home/point001/autoware.ai/install/lidar_shape_estimation
[0.122s] -- The C compiler identification is GNU 7.5.0
[0.187s] -- The CXX compiler identification is GNU 7.5.0
[0.192s] -- Check for working C compiler: /usr/bin/cc
[0.268s] -- Check for working C compiler: /usr/bin/cc -- works
[0.268s] -- Detecting C compiler ABI info
[0.350s] -- Detecting C compiler ABI info - done
[0.358s] -- Detecting C compile features
[0.589s] -- Detecting C compile features - done
[0.593s] -- Check for working CXX compiler: /usr/bin/c++
[0.686s] -- Check for working CXX compiler: /usr/bin/c++ -- works
[0.688s] -- Detecting CXX compiler ABI info
[0.773s] -- Detecting CXX compiler ABI info - done
[0.784s] -- Detecting CXX compile features
[1.168s] -- Detecting CXX compile features - done
[1.173s] -- CUDA compilation status: 1.
[1.174s] -- Using CATKIN_DEVEL_PREFIX: /home/point001/autoware.ai/build/lidar_shape_estimation/devel
[1.174s] -- Using CMAKE_PREFIX_PATH: /home/point001/autoware.ai/install/autoware_msgs;/home/point001/autoware.ai/install/autoware_build_flags;/opt/ros/melodic
[1.174s] -- This workspace overlays: /home/point001/autoware.ai/install/autoware_msgs;/home/point001/autoware.ai/install/autoware_build_flags;/opt/ros/melodic
[1.186s] -- Found PythonInterp: /usr/bin/python2 (found suitable version "2.7.17", minimum required is "2") 
[1.186s] -- Using PYTHON_EXECUTABLE: /usr/bin/python2
[1.187s] -- Using Debian Python package layout
[1.187s] -- Using empy: /usr/bin/empy
[1.347s] -- Using CATKIN_ENABLE_TESTING: ON
[1.348s] -- Call enable_testing()
[1.350s] -- Using CATKIN_TEST_RESULTS_DIR: /home/point001/autoware.ai/build/lidar_shape_estimation/test_results
[1.372s] -- Found gtest sources under '/usr/src/googletest': gtests will be built
[1.373s] -- Found gmock sources under '/usr/src/googletest': gmock will be built
[1.386s] -- Found PythonInterp: /usr/bin/python2 (found version "2.7.17") 
[1.387s] -- Looking for pthread.h
[1.471s] -- Looking for pthread.h - found
[1.472s] -- Looking for pthread_create
[1.548s] -- Looking for pthread_create - not found
[1.549s] -- Looking for pthread_create in pthreads
[1.636s] -- Looking for pthread_create in pthreads - not found
[1.636s] -- Looking for pthread_create in pthread
[1.721s] -- Looking for pthread_create in pthread - found
[1.722s] -- Found Threads: TRUE  
[1.727s] -- Using Python nosetests: /usr/bin/nosetests-2.7
[1.773s] -- catkin 0.7.29
[1.773s] -- BUILD_SHARED_LIBS is on
[1.960s] -- Using these message generators: gencpp;geneus;genlisp;gennodejs;genpy
[2.950s] -- Checking for module 'eigen3'
[2.975s] --   Found eigen3, version 3.3.7
[3.029s] -- Found eigen: /usr/local/include/eigen3  
[3.122s] -- Boost version: 1.65.1
[3.122s] -- Found the following Boost libraries:
[3.122s] --   system
[3.122s] --   filesystem
[3.122s] --   thread
[3.123s] --   date_time
[3.123s] --   iostreams
[3.123s] --   serialization
[3.123s] --   chrono
[3.123s] --   atomic
[3.123s] --   regex
[3.126s] -- Checking for module 'libopenni'
[3.144s] --   Found libopenni, version 1.5.4.0
[3.209s] -- Found openni: /usr/lib/libOpenNI.so  
[3.210s] -- Checking for module 'libopenni2'
[3.229s] --   Found libopenni2, version 2.2.0.3
[3.284s] -- Found OpenNI2: /usr/lib/libOpenNI2.so  
[3.289s] -- Could NOT find ensenso (missing: ENSENSO_LIBRARY ENSENSO_INCLUDE_DIR) 
[3.289s] ** WARNING ** io features related to ensenso will be disabled
[3.293s] -- Could NOT find DAVIDSDK (missing: DAVIDSDK_LIBRARY DAVIDSDK_INCLUDE_DIR) 
[3.293s] ** WARNING ** io features related to davidSDK will be disabled
[3.294s] -- Could NOT find DSSDK (missing: _DSSDK_LIBRARIES) 
[3.294s] ** WARNING ** io features related to dssdk will be disabled
[3.294s] ** WARNING ** io features related to pcap will be disabled
[3.294s] ** WARNING ** io features related to png will be disabled
[3.375s] -- The imported target "vtkRenderingPythonTkWidgets" references the file
[3.375s]    "/usr/lib/x86_64-linux-gnu/libvtkRenderingPythonTkWidgets.so"
[3.375s] but this file does not exist.  Possible reasons include:
[3.375s] * The file was deleted, renamed, or moved to another location.
[3.375s] * An install or uninstall procedure did not complete successfully.
[3.375s] * The installation package was faulty and contained
[3.375s]    "/usr/lib/cmake/vtk-6.3/VTKTargets.cmake"
[3.375s] but not all the files it references.
[3.376s] 
[3.376s] -- The imported target "vtk" references the file
[3.376s]    "/usr/bin/vtk"
[3.376s] but this file does not exist.  Possible reasons include:
[3.376s] * The file was deleted, renamed, or moved to another location.
[3.376s] * An install or uninstall procedure did not complete successfully.
[3.376s] * The installation package was faulty and contained
[3.376s]    "/usr/lib/cmake/vtk-6.3/VTKTargets.cmake"
[3.376s] but not all the files it references.
[3.376s] 
[3.453s] ** WARNING ** io features related to libusb-1.0 will be disabled
[3.454s] -- Found libusb-1.0: /usr/include  
[3.454s] -- Checking for module 'flann'
[3.474s] --   Found flann, version 1.9.1
[3.536s] -- Found Flann: /usr/lib/x86_64-linux-gnu/libflann_cpp_s.a  
[3.589s] -- Could NOT find ensenso (missing: ENSENSO_LIBRARY ENSENSO_INCLUDE_DIR) 
[3.589s] ** WARNING ** visualization features related to ensenso will be disabled
[3.593s] -- Could NOT find DAVIDSDK (missing: DAVIDSDK_LIBRARY DAVIDSDK_INCLUDE_DIR) 
[3.593s] ** WARNING ** visualization features related to davidSDK will be disabled
[3.594s] -- Could NOT find DSSDK (missing: _DSSDK_LIBRARIES) 
[3.594s] ** WARNING ** visualization features related to dssdk will be disabled
[3.595s] -- Could NOT find RSSDK (missing: _RSSDK_LIBRARIES) 
[3.595s] ** WARNING ** visualization features related to rssdk will be disabled
[3.644s] -- Found qhull: /usr/lib/x86_64-linux-gnu/libqhull.so  
[3.692s] -- looking for PCL_COMMON
[3.694s] -- Found PCL_COMMON: /usr/lib/x86_64-linux-gnu/libpcl_common.so  
[3.694s] -- looking for PCL_OCTREE
[3.696s] -- Found PCL_OCTREE: /usr/lib/x86_64-linux-gnu/libpcl_octree.so  
[3.696s] -- looking for PCL_IO
[3.698s] -- Found PCL_IO: /usr/lib/x86_64-linux-gnu/libpcl_io.so  
[3.698s] -- looking for PCL_KDTREE
[3.700s] -- Found PCL_KDTREE: /usr/lib/x86_64-linux-gnu/libpcl_kdtree.so  
[3.701s] -- looking for PCL_SEARCH
[3.702s] -- Found PCL_SEARCH: /usr/lib/x86_64-linux-gnu/libpcl_search.so  
[3.703s] -- looking for PCL_SAMPLE_CONSENSUS
[3.705s] -- Found PCL_SAMPLE_CONSENSUS: /usr/lib/x86_64-linux-gnu/libpcl_sample_consensus.so  
[3.705s] -- looking for PCL_FILTERS
[3.707s] -- Found PCL_FILTERS: /usr/lib/x86_64-linux-gnu/libpcl_filters.so  
[3.707s] -- looking for PCL_2D
[3.708s] -- Found PCL_2D: /usr/include/pcl-1.8  
[3.709s] -- looking for PCL_GEOMETRY
[3.709s] -- Found PCL_GEOMETRY: /usr/include/pcl-1.8  
[3.710s] -- looking for PCL_FEATURES
[3.711s] -- Found PCL_FEATURES: /usr/lib/x86_64-linux-gnu/libpcl_features.so  
[3.712s] -- looking for PCL_ML
[3.714s] -- Found PCL_ML: /usr/lib/x86_64-linux-gnu/libpcl_ml.so  
[3.714s] -- looking for PCL_SEGMENTATION
[3.716s] -- Found PCL_SEGMENTATION: /usr/lib/x86_64-linux-gnu/libpcl_segmentation.so  
[3.717s] -- looking for PCL_VISUALIZATION
[3.719s] -- Found PCL_VISUALIZATION: /usr/lib/x86_64-linux-gnu/libpcl_visualization.so  
[3.719s] -- looking for PCL_SURFACE
[3.721s] -- Found PCL_SURFACE: /usr/lib/x86_64-linux-gnu/libpcl_surface.so  
[3.722s] -- looking for PCL_REGISTRATION
[3.727s] -- Found PCL_REGISTRATION: /usr/lib/x86_64-linux-gnu/libpcl_registration.so  
[3.727s] -- looking for PCL_KEYPOINTS
[3.727s] -- Found PCL_KEYPOINTS: /usr/lib/x86_64-linux-gnu/libpcl_keypoints.so  
[3.727s] -- looking for PCL_TRACKING
[3.729s] -- Found PCL_TRACKING: /usr/lib/x86_64-linux-gnu/libpcl_tracking.so  
[3.730s] -- looking for PCL_RECOGNITION
[3.731s] -- Found PCL_RECOGNITION: /usr/lib/x86_64-linux-gnu/libpcl_recognition.so  
[3.733s] -- looking for PCL_STEREO
[3.735s] -- Found PCL_STEREO: /usr/lib/x86_64-linux-gnu/libpcl_stereo.so  
[3.735s] -- looking for PCL_APPS
[3.737s] -- Found PCL_APPS: /usr/lib/x86_64-linux-gnu/libpcl_apps.so  
[3.740s] -- looking for PCL_IN_HAND_SCANNER
[3.741s] -- Found PCL_IN_HAND_SCANNER: /usr/include/pcl-1.8  
[3.741s] -- looking for PCL_MODELER
[3.742s] -- Found PCL_MODELER: /usr/include/pcl-1.8  
[3.743s] -- looking for PCL_POINT_CLOUD_EDITOR
[3.744s] -- Found PCL_POINT_CLOUD_EDITOR: /usr/include/pcl-1.8  
[3.744s] -- looking for PCL_OUTOFCORE
[3.746s] -- Found PCL_OUTOFCORE: /usr/lib/x86_64-linux-gnu/libpcl_outofcore.so  
[3.747s] -- looking for PCL_PEOPLE
[3.749s] -- Found PCL_PEOPLE: /usr/lib/x86_64-linux-gnu/libpcl_people.so  
[3.778s] -- Found PCL: /usr/lib/x86_64-linux-gnu/libboost_system.so;/usr/lib/x86_64-linux-gnu/libboost_filesystem.so;/usr/lib/x86_64-linux-gnu/libboost_thread.so;/usr/lib/x86_64-linux-gnu/libboost_date_time.so;/usr/lib/x86_64-linux-gnu/libboost_iostreams.so;/usr/lib/x86_64-linux-gnu/libboost_serialization.so;/usr/lib/x86_64-linux-gnu/libboost_chrono.so;/usr/lib/x86_64-linux-gnu/libboost_atomic.so;/usr/lib/x86_64-linux-gnu/libboost_regex.so;/usr/lib/x86_64-linux-gnu/libpthread.so;optimized;/usr/lib/x86_64-linux-gnu/libpcl_common.so;debug;/usr/lib/x86_64-linux-gnu/libpcl_common.so;optimized;/usr/lib/x86_64-linux-gnu/libpcl_octree.so;debug;/usr/lib/x86_64-linux-gnu/libpcl_octree.so;/usr/lib/libOpenNI.so;/usr/lib/libOpenNI2.so;vtkChartsCore;vtkCommonColor;vtkCommonDataModel;vtkCommonMath;vtkCommonCore;vtksys;vtkCommonMisc;vtkCommonSystem;vtkCommonTransforms;vtkInfovisCore;vtkFiltersExtraction;vtkCommonExecutionModel;vtkFiltersCore;vtkFiltersGeneral;vtkCommonComputationalGeometry;vtkFiltersStatistics;vtkImagingFourier;vtkImagingCore;vtkalglib;vtkRenderingContext2D;vtkRenderingCore;vtkFiltersGeometry;vtkFiltersSources;vtkRenderingFreeType;/usr/lib/x86_64-linux-gnu/libfreetype.so;/usr/lib/x86_64-linux-gnu/libz.so;vtkftgl;vtkDICOMParser;vtkDomainsChemistry;vtkIOXML;vtkIOGeometry;vtkIOCore;vtkIOXMLParser;/usr/lib/x86_64-linux-gnu/libexpat.so;vtkFiltersAMR;vtkParallelCore;vtkIOLegacy;vtkFiltersFlowPaths;vtkFiltersGeneric;vtkFiltersHybrid;vtkImagingSources;vtkFiltersHyperTree;vtkFiltersImaging;vtkImagingGeneral;vtkFiltersModeling;vtkFiltersParallel;vtkFiltersParallelFlowPaths;vtkParallelMPI;vtkFiltersParallelGeometry;vtkFiltersParallelImaging;vtkFiltersParallelMPI;vtkFiltersParallelStatistics;vtkFiltersProgrammable;vtkFiltersPython;/usr/lib/x86_64-linux-gnu/libpython2.7.so;vtkWrappingPythonCore;vtkWrappingTools;vtkFiltersReebGraph;vtkFiltersSMP;vtkFiltersSelection;vtkFiltersTexture;vtkFiltersVerdict;verdict;vtkGUISupportQt;vtkInteractionStyle;vtkRenderingOpenGL;vtkImagingHybrid;vtkIOImage;vtkmetaio;/usr/lib/x86_64-linux-gnu/libjpeg.so;/usr/lib/x86_64-linux-gnu/libpng.so;/usr/lib/x86_64-linux-gnu/libtiff.so;vtkGUISupportQtOpenGL;vtkGUISupportQtSQL;vtkIOSQL;sqlite3;vtkGUISupportQtWebkit;vtkViewsQt;vtkViewsInfovis;vtkInfovisLayout;vtkInfovisBoostGraphAlgorithms;vtkRenderingLabel;vtkViewsCore;vtkInteractionWidgets;vtkRenderingAnnotation;vtkImagingColor;vtkRenderingVolume;vtkGeovisCore;/usr/lib/x86_64-linux-gnu/libproj.so;vtkIOAMR;/usr/lib/x86_64-linux-gnu/hdf5/openmpi/libhdf5.so;/usr/lib/x86_64-linux-gnu/libsz.so;/usr/lib/x86_64-linux-gnu/libdl.so;/usr/lib/x86_64-linux-gnu/libm.so;/usr/lib/x86_64-linux-gnu/openmpi/lib/libmpi.so;vtkIOEnSight;vtkIOExodus;vtkexoIIc;/usr/lib/x86_64-linux-gnu/libnetcdf_c++.so;/usr/lib/x86_64-linux-gnu/libnetcdf.so;vtkIOExport;vtkRenderingGL2PS;vtkRenderingContextOpenGL;/usr/lib/x86_64-linux-gnu/libgl2ps.so;vtkIOFFMPEG;vtkIOMovie;/usr/lib/x86_64-linux-gnu/libtheoraenc.so;/usr/lib/x86_64-linux-gnu/libtheoradec.so;/usr/lib/x86_64-linux-gnu/libogg.so;vtkIOGDAL;vtkIOGeoJSON;vtkIOImport;vtkIOInfovis;/usr/lib/x86_64-linux-gnu/libxml2.so;vtkIOLSDyna;vtkIOMINC;vtkIOMPIImage;vtkIOMPIParallel;vtkIOParallel;vtkIONetCDF;/usr/lib/x86_64-linux-gnu/libjsoncpp.so;vtkIOMySQL;vtkIOODBC;vtkIOPLY;vtkIOParallelExodus;vtkIOParallelLSDyna;vtkIOParallelNetCDF;vtkIOParallelXML;vtkIOPostgreSQL;vtkIOVPIC;VPIC;vtkIOVideo;vtkIOXdmf2;vtkxdmf2;vtkImagingMath;vtkImagingMorphological;vtkImagingStatistics;vtkImagingStencil;vtkInteractionImage;vtkLocalExample;vtkParallelMPI4Py;vtkPythonInterpreter;vtkRenderingExternal;vtkRenderingFreeTypeFontConfig;vtkRenderingImage;vtkRenderingLIC;vtkRenderingLOD;vtkRenderingMatplotlib;vtkRenderingParallel;vtkRenderingParallelLIC;vtkRenderingQt;vtkRenderingVolumeAMR;vtkRenderingVolumeOpenGL;vtkTestingGenericBridge;vtkTestingIOSQL;vtkTestingRendering;vtkViewsContext2D;vtkViewsGeovis;vtkWrappingJava;optimized;/usr/lib/x86_64-linux-gnu/libpcl_io.so;debug;/usr/lib/x86_64-linux-gnu/libpcl_io.so;optimized;/usr/lib/x86_64-linux-gnu/libflann_cpp_s.a;debug;/usr/lib/x86_64-linux-gnu/libflann_cpp_s.a;optimized;/usr/lib/x86_64-linux-gnu/libpcl_kdtree.so;debug;/usr/lib/x86_64-linux-gnu/libpcl_kdtree.so;optimized;/usr/lib/x86_64-linux-gnu/libpcl_search.so;debug;/usr/lib/x86_64-linux-gnu/libpcl_search.so;optimized;/usr/lib/x86_64-linux-gnu/libpcl_sample_consensus.so;debug;/usr/lib/x86_64-linux-gnu/libpcl_sample_consensus.so;optimized;/usr/lib/x86_64-linux-gnu/libpcl_filters.so;debug;/usr/lib/x86_64-linux-gnu/libpcl_filters.so;optimized;/usr/lib/x86_64-linux-gnu/libpcl_features.so;debug;/usr/lib/x86_64-linux-gnu/libpcl_features.so;optimized;/usr/lib/x86_64-linux-gnu/libpcl_ml.so;debug;/usr/lib/x86_64-linux-gnu/libpcl_ml.so;optimized;/usr/lib/x86_64-linux-gnu/libpcl_segmentation.so;debug;/usr/lib/x86_64-linux-gnu/libpcl_segmentation.so;optimized;/usr/lib/x86_64-linux-gnu/libpcl_visualization.so;debug;/usr/lib/x86_64-linux-gnu/libpcl_visualization.so;optimized;/usr/lib/x86_64-linux-gnu/libqhull.so;debug;/usr/lib/x86_64-linux-gnu/libqhull.so;optimized;/usr/lib/x86_64-linux-gnu/libpcl_surface.so;debug;/usr/lib/x86_64-linux-gnu/libpcl_surface.so;optimized;/usr/lib/x86_64-linux-gnu/libpcl_registration.so;debug;/usr/lib/x86_64-linux-gnu/libpcl_registration.so;optimized;/usr/lib/x86_64-linux-gnu/libpcl_keypoints.so;debug;/usr/lib/x86_64-linux-gnu/libpcl_keypoints.so;optimized;/usr/lib/x86_64-linux-gnu/libpcl_tracking.so;debug;/usr/lib/x86_64-linux-gnu/libpcl_tracking.so;optimized;/usr/lib/x86_64-linux-gnu/libpcl_recognition.so;debug;/usr/lib/x86_64-linux-gnu/libpcl_recognition.so;optimized;/usr/lib/x86_64-linux-gnu/libpcl_stereo.so;debug;/usr/lib/x86_64-linux-gnu/libpcl_stereo.so;optimized;/usr/lib/x86_64-linux-gnu/libpcl_apps.so;debug;/usr/lib/x86_64-linux-gnu/libpcl_apps.so;optimized;/usr/lib/x86_64-linux-gnu/libpcl_outofcore.so;debug;/usr/lib/x86_64-linux-gnu/libpcl_outofcore.so;optimized;/usr/lib/x86_64-linux-gnu/libpcl_people.so;debug;/usr/lib/x86_64-linux-gnu/libpcl_people.so;/usr/lib/x86_64-linux-gnu/libboost_system.so;/usr/lib/x86_64-linux-gnu/libboost_filesystem.so;/usr/lib/x86_64-linux-gnu/libboost_thread.so;/usr/lib/x86_64-linux-gnu/libboost_date_time.so;/usr/lib/x86_64-linux-gnu/libboost_iostreams.so;/usr/lib/x86_64-linux-gnu/libboost_serialization.so;/usr/lib/x86_64-linux-gnu/libboost_chrono.so;/usr/lib/x86_64-linux-gnu/libboost_atomic.so;/usr/lib/x86_64-linux-gnu/libboost_regex.so;/usr/lib/x86_64-linux-gnu/libpthread.so;optimized;/usr/lib/x86_64-linux-gnu/libqhull.so;debug;/usr/lib/x86_64-linux-gnu/libqhull.so;/usr/lib/libOpenNI.so;/usr/lib/libOpenNI2.so;optimized;/usr/lib/x86_64-linux-gnu/libflann_cpp_s.a;debug;/usr/lib/x86_64-linux-gnu/libflann_cpp_s.a;vtkChartsCore;vtkCommonColor;vtkCommonDataModel;vtkCommonMath;vtkCommonCore;vtksys;vtkCommonMisc;vtkCommonSystem;vtkCommonTransforms;vtkInfovisCore;vtkFiltersExtraction;vtkCommonExecutionModel;vtkFiltersCore;vtkFiltersGeneral;vtkCommonComputationalGeometry;vtkFiltersStatistics;vtkImagingFourier;vtkImagingCore;vtkalglib;vtkRenderingContext2D;vtkRenderingCore;vtkFiltersGeometry;vtkFiltersSources;vtkRenderingFreeType;/usr/lib/x86_64-linux-gnu/libfreetype.so;/usr/lib/x86_64-linux-gnu/libz.so;vtkftgl;vtkDICOMParser;vtkDomainsChemistry;vtkIOXML;vtkIOGeometry;vtkIOCore;vtkIOXMLParser;/usr/lib/x86_64-linux-gnu/libexpat.so;vtkFiltersAMR;vtkParallelCore;vtkIOLegacy;vtkFiltersFlowPaths;vtkFiltersGeneric;vtkFiltersHybrid;vtkImagingSources;vtkFiltersHyperTree;vtkFiltersImaging;vtkImagingGeneral;vtkFiltersModeling;vtkFiltersParallel;vtkFiltersParallelFlowPaths;vtkParallelMPI;vtkFiltersParallelGeometry;vtkFiltersParallelImaging;vtkFiltersParallelMPI;vtkFiltersParallelStatistics;vtkFiltersProgrammable;vtkFiltersPython;/usr/lib/x86_64-linux-gnu/libpython2.7.so;vtkWrappingPythonCore;vtkWrappingTools;vtkFiltersReebGraph;vtkFiltersSMP;vtkFiltersSelection;vtkFiltersTexture;vtkFiltersVerdict;verdict;vtkGUISupportQt;vtkInteractionStyle;vtkRenderingOpenGL;vtkImagingHybrid;vtkIOImage;vtkmetaio;/usr/lib/x86_64-linux-gnu/libjpeg.so;/usr/lib/x86_64-linux-gnu/libpng.so;/usr/lib/x86_64-linux-gnu/libtiff.so;vtkGUISupportQtOpenGL;vtkGUISupportQtSQL;vtkIOSQL;sqlite3;vtkGUISupportQtWebkit;vtkViewsQt;vtkViewsInfovis;vtkInfovisLayout;vtkInfovisBoostGraphAlgorithms;vtkRenderingLabel;vtkViewsCore;vtkInteractionWidgets;vtkRenderingAnnotation;vtkImagingColor;vtkRenderingVolume;vtkGeovisCore;/usr/lib/x86_64-linux-gnu/libproj.so;vtkIOAMR;/usr/lib/x86_64-linux-gnu/hdf5/openmpi/libhdf5.so;/usr/lib/x86_64-linux-gnu/libsz.so;/usr/lib/x86_64-linux-gnu/libdl.so;/usr/lib/x86_64-linux-gnu/libm.so;/usr/lib/x86_64-linux-gnu/openmpi/lib/libmpi.so;vtkIOEnSight;vtkIOExodus;vtkexoIIc;/usr/lib/x86_64-linux-gnu/libnetcdf_c++.so;/usr/lib/x86_64-linux-gnu/libnetcdf.so;vtkIOExport;vtkRenderingGL2PS;vtkRenderingContextOpenGL;/usr/lib/x86_64-linux-gnu/libgl2ps.so;vtkIOFFMPEG;vtkIOMovie;/usr/lib/x86_64-linux-gnu/libtheoraenc.so;/usr/lib/x86_64-linux-gnu/libtheoradec.so;/usr/lib/x86_64-linux-gnu/libogg.so;vtkIOGDAL;vtkIOGeoJSON;vtkIOImport;vtkIOInfovis;/usr/lib/x86_64-linux-gnu/libxml2.so;vtkIOLSDyna;vtkIOMINC;vtkIOMPIImage;vtkIOMPIParallel;vtkIOParallel;vtkIONetCDF;/usr/lib/x86_64-linux-gnu/libjsoncpp.so;vtkIOMySQL;vtkIOODBC;vtkIOPLY;vtkIOParallelExodus;vtkIOParallelLSDyna;vtkIOParallelNetCDF;vtkIOParallelXML;vtkIOPostgreSQL;vtkIOVPIC;VPIC;vtkIOVideo;vtkIOXdmf2;vtkxdmf2;vtkImagingMath;vtkImagingMorphological;vtkImagingStatistics;vtkImagingStencil;vtkInteractionImage;vtkLocalExample;vtkParallelMPI4Py;vtkPythonInterpreter;vtkRenderingExternal;vtkRenderingFreeTypeFontConfig;vtkRenderingImage;vtkRenderingLIC;vtkRenderingLOD;vtkRenderingMatplotlib;vtkRenderingParallel;vtkRenderingParallelLIC;vtkRenderingQt;vtkRenderingVolumeAMR;vtkRenderingVolumeOpenGL;vtkTestingGenericBridge;vtkTestingIOSQL;vtkTestingRendering;vtkViewsContext2D;vtkViewsGeovis;vtkWrappingJava (Required is at least version "1.7") 
[3.798s] -- Found OpenCV: /usr (found version "3.2.0") 
[3.956s] -- Configuring done
[4.172s] -- Generating done
[4.184s] -- Build files have been written to: /home/point001/autoware.ai/build/lidar_shape_estimation
[4.199s] Invoked command in '/home/point001/autoware.ai/build/lidar_shape_estimation' returned '0': CMAKE_PREFIX_PATH=/home/point001/autoware.ai/install/autoware_msgs:/home/point001/autoware.ai/install/autoware_build_flags:${CMAKE_PREFIX_PATH} PKG_CONFIG_PATH=/home/point001/autoware.ai/install/autoware_msgs/lib/x86_64-linux-gnu/pkgconfig:/home/point001/autoware.ai/install/autoware_msgs/lib/pkgconfig:/home/point001/autoware.ai/install/autoware_build_flags/lib/x86_64-linux-gnu/pkgconfig:/home/point001/autoware.ai/install/autoware_build_flags/lib/pkgconfig:${PKG_CONFIG_PATH} PYTHONPATH=/home/point001/autoware.ai/install/autoware_msgs/lib/python2.7/dist-packages:${PYTHONPATH} ROS_PACKAGE_PATH=/home/point001/autoware.ai/install/autoware_msgs/share:/home/point001/autoware.ai/install/autoware_build_flags/share:${ROS_PACKAGE_PATH} /usr/bin/cmake /home/point001/autoware.ai/src/autoware/core_perception/lidar_shape_estimation -DCMAKE_BUILD_TYPE=Release -DCATKIN_INSTALL_INTO_PREFIX_ROOT=0 -DCMAKE_INSTALL_PREFIX=/home/point001/autoware.ai/install/lidar_shape_estimation
[4.200s] Invoking command in '/home/point001/autoware.ai/build/lidar_shape_estimation': CMAKE_PREFIX_PATH=/home/point001/autoware.ai/install/autoware_msgs:/home/point001/autoware.ai/install/autoware_build_flags:${CMAKE_PREFIX_PATH} PKG_CONFIG_PATH=/home/point001/autoware.ai/install/autoware_msgs/lib/x86_64-linux-gnu/pkgconfig:/home/point001/autoware.ai/install/autoware_msgs/lib/pkgconfig:/home/point001/autoware.ai/install/autoware_build_flags/lib/x86_64-linux-gnu/pkgconfig:/home/point001/autoware.ai/install/autoware_build_flags/lib/pkgconfig:${PKG_CONFIG_PATH} PYTHONPATH=/home/point001/autoware.ai/install/autoware_msgs/lib/python2.7/dist-packages:${PYTHONPATH} ROS_PACKAGE_PATH=/home/point001/autoware.ai/install/autoware_msgs/share:/home/point001/autoware.ai/install/autoware_build_flags/share:${ROS_PACKAGE_PATH} /usr/bin/cmake --build /home/point001/autoware.ai/build/lidar_shape_estimation -- -j24 -l24
[4.257s] [35m[1mScanning dependencies of target std_srvs_generate_messages_lisp[0m
[4.271s] [  0%] Built target std_srvs_generate_messages_lisp
[4.283s] [35m[1mScanning dependencies of target sensor_msgs_generate_messages_eus[0m
[4.297s] [  0%] Built target sensor_msgs_generate_messages_eus
[4.310s] [35m[1mScanning dependencies of target sensor_msgs_generate_messages_cpp[0m
[4.324s] [  0%] Built target sensor_msgs_generate_messages_cpp
[4.335s] [35m[1mScanning dependencies of target autoware_msgs_generate_messages_cpp[0m
[4.349s] [  0%] Built target autoware_msgs_generate_messages_cpp
[4.362s] [35m[1mScanning dependencies of target tf_generate_messages_py[0m
[4.375s] [  0%] Built target tf_generate_messages_py
[4.389s] [35m[1mScanning dependencies of target dynamic_reconfigure_generate_messages_cpp[0m
[4.403s] [  0%] Built target dynamic_reconfigure_generate_messages_cpp
[4.417s] [35m[1mScanning dependencies of target rosgraph_msgs_generate_messages_cpp[0m
[4.432s] [  0%] Built target rosgraph_msgs_generate_messages_cpp
[4.445s] [35m[1mScanning dependencies of target pcl_msgs_generate_messages_nodejs[0m
[4.459s] [  0%] Built target pcl_msgs_generate_messages_nodejs
[4.472s] [35m[1mScanning dependencies of target nodelet_generate_messages_nodejs[0m
[4.486s] [  0%] Built target nodelet_generate_messages_nodejs
[4.497s] [35m[1mScanning dependencies of target jsk_recognition_msgs_generate_messages_py[0m
[4.511s] [  0%] Built target jsk_recognition_msgs_generate_messages_py
[4.526s] [35m[1mScanning dependencies of target sensor_msgs_generate_messages_lisp[0m
[4.539s] [  0%] Built target sensor_msgs_generate_messages_lisp
[4.551s] [35m[1mScanning dependencies of target std_msgs_generate_messages_cpp[0m
[4.565s] [  0%] Built target std_msgs_generate_messages_cpp
[4.578s] [35m[1mScanning dependencies of target jsk_footstep_msgs_generate_messages_py[0m
[4.589s] [  0%] Built target jsk_footstep_msgs_generate_messages_py
[4.603s] [35m[1mScanning dependencies of target sensor_msgs_generate_messages_py[0m
[4.619s] [  0%] Built target sensor_msgs_generate_messages_py
[4.632s] [35m[1mScanning dependencies of target nodelet_generate_messages_py[0m
[4.644s] [  0%] Built target nodelet_generate_messages_py
[4.658s] [35m[1mScanning dependencies of target geometry_msgs_generate_messages_eus[0m
[4.671s] [  0%] Built target geometry_msgs_generate_messages_eus
[4.688s] [35m[1mScanning dependencies of target std_msgs_generate_messages_lisp[0m
[4.701s] [  0%] Built target std_msgs_generate_messages_lisp
[4.714s] [35m[1mScanning dependencies of target roscpp_generate_messages_nodejs[0m
[4.729s] [  0%] Built target roscpp_generate_messages_nodejs
[4.742s] [35m[1mScanning dependencies of target geometry_msgs_generate_messages_nodejs[0m
[4.758s] [  0%] Built target geometry_msgs_generate_messages_nodejs
[4.769s] [35m[1mScanning dependencies of target actionlib_generate_messages_eus[0m
[4.780s] [  0%] Built target actionlib_generate_messages_eus
[4.794s] [35m[1mScanning dependencies of target pcl_msgs_generate_messages_py[0m
[4.807s] [  0%] Built target pcl_msgs_generate_messages_py
[4.819s] [35m[1mScanning dependencies of target geometry_msgs_generate_messages_lisp[0m
[4.834s] [  0%] Built target geometry_msgs_generate_messages_lisp
[4.846s] [35m[1mScanning dependencies of target actionlib_generate_messages_lisp[0m
[4.859s] [  0%] Built target actionlib_generate_messages_lisp
[4.872s] [35m[1mScanning dependencies of target geometry_msgs_generate_messages_cpp[0m
[4.885s] [  0%] Built target geometry_msgs_generate_messages_cpp
[4.898s] [35m[1mScanning dependencies of target pcl_msgs_generate_messages_cpp[0m
[4.910s] [  0%] Built target pcl_msgs_generate_messages_cpp
[4.921s] [35m[1mScanning dependencies of target dynamic_reconfigure_generate_messages_lisp[0m
[4.933s] [  0%] Built target dynamic_reconfigure_generate_messages_lisp
[4.946s] [35m[1mScanning dependencies of target topic_tools_generate_messages_lisp[0m
[4.966s] [  0%] Built target topic_tools_generate_messages_lisp
[4.982s] [35m[1mScanning dependencies of target jsk_recognition_msgs_generate_messages_cpp[0m
[4.994s] [  0%] Built target jsk_recognition_msgs_generate_messages_cpp
[5.006s] [35m[1mScanning dependencies of target autoware_msgs_generate_messages_eus[0m
[5.019s] [  0%] Built target autoware_msgs_generate_messages_eus
[5.031s] [35m[1mScanning dependencies of target autoware_msgs_generate_messages_lisp[0m
[5.042s] [  0%] Built target autoware_msgs_generate_messages_lisp
[5.058s] [35m[1mScanning dependencies of target autoware_msgs_generate_messages_py[0m
[5.071s] [  0%] Built target autoware_msgs_generate_messages_py
[5.086s] [35m[1mScanning dependencies of target nodelet_generate_messages_lisp[0m
[5.099s] [  0%] Built target nodelet_generate_messages_lisp
[5.113s] [35m[1mScanning dependencies of target actionlib_generate_messages_nodejs[0m
[5.125s] [  0%] Built target actionlib_generate_messages_nodejs
[5.140s] [35m[1mScanning dependencies of target tf_generate_messages_cpp[0m
[5.152s] [  0%] Built target tf_generate_messages_cpp
[5.167s] [35m[1mScanning dependencies of target pcl_msgs_generate_messages_lisp[0m
[5.181s] [  0%] Built target pcl_msgs_generate_messages_lisp
[5.193s] [35m[1mScanning dependencies of target std_msgs_generate_messages_eus[0m
[5.212s] [  0%] Built target std_msgs_generate_messages_eus
[5.222s] [35m[1mScanning dependencies of target autoware_msgs_generate_messages_nodejs[0m
[5.235s] [  0%] Built target autoware_msgs_generate_messages_nodejs
[5.247s] [35m[1mScanning dependencies of target jsk_footstep_msgs_generate_messages_eus[0m
[5.257s] [  0%] Built target jsk_footstep_msgs_generate_messages_eus
[5.269s] [35m[1mScanning dependencies of target actionlib_msgs_generate_messages_py[0m
[5.281s] [  0%] Built target actionlib_msgs_generate_messages_py
[5.295s] [35m[1mScanning dependencies of target jsk_footstep_msgs_generate_messages_lisp[0m
[5.314s] [  0%] Built target jsk_footstep_msgs_generate_messages_lisp
[5.323s] [35m[1mScanning dependencies of target jsk_footstep_msgs_generate_messages_nodejs[0m
[5.335s] [  0%] Built target jsk_footstep_msgs_generate_messages_nodejs
[5.344s] [35m[1mScanning dependencies of target tf_generate_messages_eus[0m
[5.357s] [  0%] Built target tf_generate_messages_eus
[5.368s] [35m[1mScanning dependencies of target jsk_footstep_msgs_generate_messages_cpp[0m
[5.379s] [  0%] Built target jsk_footstep_msgs_generate_messages_cpp
[5.390s] [35m[1mScanning dependencies of target actionlib_msgs_generate_messages_cpp[0m
[5.402s] [  0%] Built target actionlib_msgs_generate_messages_cpp
[5.416s] [35m[1mScanning dependencies of target std_srvs_generate_messages_cpp[0m
[5.430s] [  0%] Built target std_srvs_generate_messages_cpp
[5.444s] [35m[1mScanning dependencies of target actionlib_msgs_generate_messages_lisp[0m
[5.458s] [  0%] Built target actionlib_msgs_generate_messages_lisp
[5.471s] [35m[1mScanning dependencies of target pcl_ros_gencfg[0m
[5.486s] [  0%] Built target pcl_ros_gencfg
[5.499s] [35m[1mScanning dependencies of target dynamic_reconfigure_generate_messages_eus[0m
[5.512s] [  0%] Built target dynamic_reconfigure_generate_messages_eus
[5.524s] [35m[1mScanning dependencies of target dynamic_reconfigure_generate_messages_nodejs[0m
[5.541s] [  0%] Built target dynamic_reconfigure_generate_messages_nodejs
[5.551s] [35m[1mScanning dependencies of target dynamic_reconfigure_generate_messages_py[0m
[5.565s] [  0%] Built target dynamic_reconfigure_generate_messages_py
[5.577s] [35m[1mScanning dependencies of target tf2_msgs_generate_messages_lisp[0m
[5.589s] [  0%] Built target tf2_msgs_generate_messages_lisp
[5.602s] [35m[1mScanning dependencies of target dynamic_reconfigure_gencfg[0m
[5.614s] [  0%] Built target dynamic_reconfigure_gencfg
[5.627s] [35m[1mScanning dependencies of target jsk_recognition_msgs_generate_messages_nodejs[0m
[5.637s] [  0%] Built target jsk_recognition_msgs_generate_messages_nodejs
[5.649s] [35m[1mScanning dependencies of target std_srvs_generate_messages_eus[0m
[5.670s] [  0%] Built target std_srvs_generate_messages_eus
[5.679s] [35m[1mScanning dependencies of target roscpp_generate_messages_lisp[0m
[5.692s] [  0%] Built target roscpp_generate_messages_lisp
[5.704s] [35m[1mScanning dependencies of target bond_generate_messages_eus[0m
[5.716s] [  0%] Built target bond_generate_messages_eus
[5.733s] [35m[1mScanning dependencies of target roscpp_generate_messages_py[0m
[5.753s] [  0%] Built target roscpp_generate_messages_py
[5.764s] [35m[1mScanning dependencies of target rosgraph_msgs_generate_messages_lisp[0m
[5.776s] [  0%] Built target rosgraph_msgs_generate_messages_lisp
[5.791s] [35m[1mScanning dependencies of target rosgraph_msgs_generate_messages_nodejs[0m
[5.806s] [  0%] Built target rosgraph_msgs_generate_messages_nodejs
[5.820s] [35m[1mScanning dependencies of target roscpp_generate_messages_eus[0m
[5.831s] [  0%] Built target roscpp_generate_messages_eus
[5.843s] [35m[1mScanning dependencies of target actionlib_msgs_generate_messages_eus[0m
[5.862s] [  0%] Built target actionlib_msgs_generate_messages_eus
[5.874s] [35m[1mScanning dependencies of target rosgraph_msgs_generate_messages_py[0m
[5.889s] [  0%] Built target rosgraph_msgs_generate_messages_py
[5.902s] [35m[1mScanning dependencies of target nodelet_generate_messages_cpp[0m
[5.916s] [  0%] Built target nodelet_generate_messages_cpp
[5.933s] [35m[1mScanning dependencies of target bond_generate_messages_py[0m
[5.941s] [  0%] Built target bond_generate_messages_py
[5.955s] [35m[1mScanning dependencies of target std_srvs_generate_messages_nodejs[0m
[5.968s] [  0%] Built target std_srvs_generate_messages_nodejs
[5.982s] [35m[1mScanning dependencies of target nodelet_generate_messages_eus[0m
[5.996s] [  0%] Built target nodelet_generate_messages_eus
[6.009s] [35m[1mScanning dependencies of target bond_generate_messages_cpp[0m
[6.021s] [  0%] Built target bond_generate_messages_cpp
[6.034s] [35m[1mScanning dependencies of target bond_generate_messages_nodejs[0m
[6.046s] [  0%] Built target bond_generate_messages_nodejs
[6.058s] [35m[1mScanning dependencies of target topic_tools_generate_messages_py[0m
[6.070s] [  0%] Built target topic_tools_generate_messages_py
[6.082s] [35m[1mScanning dependencies of target actionlib_msgs_generate_messages_nodejs[0m
[6.094s] [  0%] Built target actionlib_msgs_generate_messages_nodejs
[6.109s] [35m[1mScanning dependencies of target nodelet_topic_tools_gencfg[0m
[6.123s] [  0%] Built target nodelet_topic_tools_gencfg
[6.135s] [35m[1mScanning dependencies of target _catkin_empty_exported_target[0m
[6.150s] [  0%] Built target _catkin_empty_exported_target
[6.163s] [35m[1mScanning dependencies of target bond_generate_messages_lisp[0m
[6.177s] [  0%] Built target bond_generate_messages_lisp
[6.190s] [35m[1mScanning dependencies of target std_msgs_generate_messages_nodejs[0m
[6.202s] [  0%] Built target std_msgs_generate_messages_nodejs
[6.214s] [35m[1mScanning dependencies of target std_msgs_generate_messages_py[0m
[6.226s] [  0%] Built target std_msgs_generate_messages_py
[6.238s] [35m[1mScanning dependencies of target jsk_recognition_msgs_generate_messages_eus[0m
[6.250s] [  0%] Built target jsk_recognition_msgs_generate_messages_eus
[6.263s] [35m[1mScanning dependencies of target jsk_recognition_msgs_generate_messages_lisp[0m
[6.276s] [  0%] Built target jsk_recognition_msgs_generate_messages_lisp
[6.292s] [35m[1mScanning dependencies of target rosgraph_msgs_generate_messages_eus[0m
[6.304s] [  0%] Built target rosgraph_msgs_generate_messages_eus
[6.315s] [35m[1mScanning dependencies of target pcl_msgs_generate_messages_eus[0m
[6.327s] [  0%] Built target pcl_msgs_generate_messages_eus
[6.338s] [35m[1mScanning dependencies of target roscpp_generate_messages_cpp[0m
[6.351s] [  0%] Built target roscpp_generate_messages_cpp
[6.369s] [35m[1mScanning dependencies of target sensor_msgs_generate_messages_nodejs[0m
[6.376s] [  0%] Built target sensor_msgs_generate_messages_nodejs
[6.389s] [35m[1mScanning dependencies of target geometry_msgs_generate_messages_py[0m
[6.401s] [  0%] Built target geometry_msgs_generate_messages_py
[6.413s] [35m[1mScanning dependencies of target std_srvs_generate_messages_py[0m
[6.426s] [  0%] Built target std_srvs_generate_messages_py
[6.437s] [35m[1mScanning dependencies of target topic_tools_generate_messages_cpp[0m
[6.451s] [  0%] Built target topic_tools_generate_messages_cpp
[6.463s] [35m[1mScanning dependencies of target topic_tools_generate_messages_eus[0m
[6.478s] [  0%] Built target topic_tools_generate_messages_eus
[6.491s] [35m[1mScanning dependencies of target topic_tools_generate_messages_nodejs[0m
[6.503s] [  0%] Built target topic_tools_generate_messages_nodejs
[6.514s] [35m[1mScanning dependencies of target tf_generate_messages_lisp[0m
[6.526s] [  0%] Built target tf_generate_messages_lisp
[6.538s] [35m[1mScanning dependencies of target tf_generate_messages_nodejs[0m
[6.550s] [  0%] Built target tf_generate_messages_nodejs
[6.564s] [35m[1mScanning dependencies of target actionlib_generate_messages_cpp[0m
[6.577s] [  0%] Built target actionlib_generate_messages_cpp
[6.590s] [35m[1mScanning dependencies of target actionlib_generate_messages_py[0m
[6.605s] [  0%] Built target actionlib_generate_messages_py
[6.619s] [35m[1mScanning dependencies of target tf2_msgs_generate_messages_py[0m
[6.634s] [  0%] Built target tf2_msgs_generate_messages_py
[6.648s] [35m[1mScanning dependencies of target tf2_msgs_generate_messages_cpp[0m
[6.661s] [  0%] Built target tf2_msgs_generate_messages_cpp
[6.674s] [35m[1mScanning dependencies of target tf2_msgs_generate_messages_eus[0m
[6.690s] [  0%] Built target tf2_msgs_generate_messages_eus
[6.702s] [35m[1mScanning dependencies of target tf2_msgs_generate_messages_nodejs[0m
[6.714s] [  0%] Built target tf2_msgs_generate_messages_nodejs
[6.729s] [35m[1mScanning dependencies of target lidar_shape_estimation[0m
[6.873s] [ 14%] [32mBuilding CXX object CMakeFiles/lidar_shape_estimation.dir/src/main.cpp.o[0m
[13.043s] [ 28%] [32mBuilding CXX object CMakeFiles/lidar_shape_estimation.dir/src/model/cylinder.cpp.o[0m
[19.920s] [ 42%] [32mBuilding CXX object CMakeFiles/lidar_shape_estimation.dir/src/model/convex_hull.cpp.o[0m
[26.427s] [ 57%] [32mBuilding CXX object CMakeFiles/lidar_shape_estimation.dir/src/model/bounding_box.cpp.o[0m
[33.438s] [ 71%] [32mBuilding CXX object CMakeFiles/lidar_shape_estimation.dir/src/shape_estimator.cpp.o[0m
[39.384s] [ 85%] [32mBuilding CXX object CMakeFiles/lidar_shape_estimation.dir/src/node.cpp.o[0m
[46.910s] [100%] [32m[1mLinking CXX executable devel/lib/lidar_shape_estimation/lidar_shape_estimation[0m
[48.701s] [100%] Built target lidar_shape_estimation
[48.729s] Invoked command in '/home/point001/autoware.ai/build/lidar_shape_estimation' returned '0': CMAKE_PREFIX_PATH=/home/point001/autoware.ai/install/autoware_msgs:/home/point001/autoware.ai/install/autoware_build_flags:${CMAKE_PREFIX_PATH} PKG_CONFIG_PATH=/home/point001/autoware.ai/install/autoware_msgs/lib/x86_64-linux-gnu/pkgconfig:/home/point001/autoware.ai/install/autoware_msgs/lib/pkgconfig:/home/point001/autoware.ai/install/autoware_build_flags/lib/x86_64-linux-gnu/pkgconfig:/home/point001/autoware.ai/install/autoware_build_flags/lib/pkgconfig:${PKG_CONFIG_PATH} PYTHONPATH=/home/point001/autoware.ai/install/autoware_msgs/lib/python2.7/dist-packages:${PYTHONPATH} ROS_PACKAGE_PATH=/home/point001/autoware.ai/install/autoware_msgs/share:/home/point001/autoware.ai/install/autoware_build_flags/share:${ROS_PACKAGE_PATH} /usr/bin/cmake --build /home/point001/autoware.ai/build/lidar_shape_estimation -- -j24 -l24
[49.448s] Invoking command in '/home/point001/autoware.ai/build/lidar_shape_estimation': CMAKE_PREFIX_PATH=/home/point001/autoware.ai/install/autoware_msgs:/home/point001/autoware.ai/install/autoware_build_flags:${CMAKE_PREFIX_PATH} PKG_CONFIG_PATH=/home/point001/autoware.ai/install/autoware_msgs/lib/x86_64-linux-gnu/pkgconfig:/home/point001/autoware.ai/install/autoware_msgs/lib/pkgconfig:/home/point001/autoware.ai/install/autoware_build_flags/lib/x86_64-linux-gnu/pkgconfig:/home/point001/autoware.ai/install/autoware_build_flags/lib/pkgconfig:${PKG_CONFIG_PATH} PYTHONPATH=/home/point001/autoware.ai/install/autoware_msgs/lib/python2.7/dist-packages:${PYTHONPATH} ROS_PACKAGE_PATH=/home/point001/autoware.ai/install/autoware_msgs/share:/home/point001/autoware.ai/install/autoware_build_flags/share:${ROS_PACKAGE_PATH} /usr/bin/cmake --build /home/point001/autoware.ai/build/lidar_shape_estimation --target tests -- -j24 -l24
[49.601s] [35m[1mScanning dependencies of target gtest[0m
[49.720s] [ 12%] [32mBuilding CXX object gtest/googlemock/gtest/CMakeFiles/gtest.dir/src/gtest-all.cc.o[0m
[55.045s] [ 25%] [32m[1mLinking CXX shared library libgtest.so[0m
[55.153s] [ 25%] Built target gtest
[55.169s] [35m[1mScanning dependencies of target test-lidar_shape_estimation[0m
[55.310s] [ 37%] [32mBuilding CXX object CMakeFiles/test-lidar_shape_estimation.dir/test/src/test_lidar_shape_estimation.cpp.o[0m
[62.238s] [ 50%] [32mBuilding CXX object CMakeFiles/test-lidar_shape_estimation.dir/src/model/cylinder.cpp.o[0m
[68.298s] [ 62%] [32mBuilding CXX object CMakeFiles/test-lidar_shape_estimation.dir/src/model/bounding_box.cpp.o[0m
[68.299s] [ 75%] [32mBuilding CXX object CMakeFiles/test-lidar_shape_estimation.dir/src/model/convex_hull.cpp.o[0m
[74.392s] [ 87%] [32mBuilding CXX object CMakeFiles/test-lidar_shape_estimation.dir/src/shape_estimator.cpp.o[0m
[80.306s] [100%] [32m[1mLinking CXX executable devel/lib/lidar_shape_estimation/test-lidar_shape_estimation[0m
[81.914s] [100%] Built target test-lidar_shape_estimation
[81.925s] [35m[1mScanning dependencies of target tests[0m
[81.936s] [100%] Built target tests
[81.947s] Invoked command in '/home/point001/autoware.ai/build/lidar_shape_estimation' returned '0': CMAKE_PREFIX_PATH=/home/point001/autoware.ai/install/autoware_msgs:/home/point001/autoware.ai/install/autoware_build_flags:${CMAKE_PREFIX_PATH} PKG_CONFIG_PATH=/home/point001/autoware.ai/install/autoware_msgs/lib/x86_64-linux-gnu/pkgconfig:/home/point001/autoware.ai/install/autoware_msgs/lib/pkgconfig:/home/point001/autoware.ai/install/autoware_build_flags/lib/x86_64-linux-gnu/pkgconfig:/home/point001/autoware.ai/install/autoware_build_flags/lib/pkgconfig:${PKG_CONFIG_PATH} PYTHONPATH=/home/point001/autoware.ai/install/autoware_msgs/lib/python2.7/dist-packages:${PYTHONPATH} ROS_PACKAGE_PATH=/home/point001/autoware.ai/install/autoware_msgs/share:/home/point001/autoware.ai/install/autoware_build_flags/share:${ROS_PACKAGE_PATH} /usr/bin/cmake --build /home/point001/autoware.ai/build/lidar_shape_estimation --target tests -- -j24 -l24
[82.025s] Invoking command in '/home/point001/autoware.ai/build/lidar_shape_estimation': CMAKE_PREFIX_PATH=/home/point001/autoware.ai/install/autoware_msgs:/home/point001/autoware.ai/install/autoware_build_flags:${CMAKE_PREFIX_PATH} PKG_CONFIG_PATH=/home/point001/autoware.ai/install/autoware_msgs/lib/x86_64-linux-gnu/pkgconfig:/home/point001/autoware.ai/install/autoware_msgs/lib/pkgconfig:/home/point001/autoware.ai/install/autoware_build_flags/lib/x86_64-linux-gnu/pkgconfig:/home/point001/autoware.ai/install/autoware_build_flags/lib/pkgconfig:${PKG_CONFIG_PATH} PYTHONPATH=/home/point001/autoware.ai/install/autoware_msgs/lib/python2.7/dist-packages:${PYTHONPATH} ROS_PACKAGE_PATH=/home/point001/autoware.ai/install/autoware_msgs/share:/home/point001/autoware.ai/install/autoware_build_flags/share:${ROS_PACKAGE_PATH} /usr/bin/cmake --build /home/point001/autoware.ai/build/lidar_shape_estimation --target install -- -j24 -l24
[82.081s] [  0%] Built target tf2_msgs_generate_messages_nodejs
[82.082s] [  0%] Built target tf2_msgs_generate_messages_cpp
[82.083s] [  0%] Built target std_srvs_generate_messages_lisp
[82.083s] [  0%] Built target tf2_msgs_generate_messages_eus
[82.083s] [  0%] Built target tf2_msgs_generate_messages_py
[82.101s] [  0%] Built target autoware_msgs_generate_messages_cpp
[82.101s] [  0%] Built target sensor_msgs_generate_messages_eus
[82.103s] [  0%] Built target sensor_msgs_generate_messages_cpp
[82.106s] [  0%] Built target tf_generate_messages_py
[82.107s] [  0%] Built target dynamic_reconfigure_generate_messages_cpp
[82.125s] [  0%] Built target rosgraph_msgs_generate_messages_cpp
[82.125s] [  0%] Built target pcl_msgs_generate_messages_nodejs
[82.125s] [  0%] Built target nodelet_generate_messages_nodejs
[82.126s] [  0%] Built target jsk_recognition_msgs_generate_messages_py
[82.133s] [  0%] Built target sensor_msgs_generate_messages_lisp
[82.146s] [  0%] Built target std_msgs_generate_messages_nodejs
[82.147s] [  0%] Built target std_msgs_generate_messages_cpp
[82.148s] [  0%] Built target bond_generate_messages_lisp
[82.155s] [  0%] Built target geometry_msgs_generate_messages_eus
[82.155s] [  0%] Built target nodelet_generate_messages_py
[82.170s] [  0%] Built target std_msgs_generate_messages_lisp
[82.174s] [  0%] Built target roscpp_generate_messages_nodejs
[82.177s] [  0%] Built target geometry_msgs_generate_messages_nodejs
[82.178s] [  0%] Built target pcl_msgs_generate_messages_py
[82.178s] [  0%] Built target actionlib_generate_messages_eus
[82.193s] [  0%] Built target geometry_msgs_generate_messages_lisp
[82.201s] [  0%] Built target sensor_msgs_generate_messages_py
[82.201s] [  0%] Built target actionlib_generate_messages_lisp
[82.201s] [  0%] Built target geometry_msgs_generate_messages_cpp
[82.201s] [  0%] Built target dynamic_reconfigure_generate_messages_lisp
[82.216s] [  0%] Built target topic_tools_generate_messages_lisp
[82.225s] [  0%] Built target jsk_recognition_msgs_generate_messages_cpp
[82.225s] [  0%] Built target jsk_footstep_msgs_generate_messages_py
[82.225s] [  0%] Built target pcl_msgs_generate_messages_cpp
[82.230s] [  0%] Built target autoware_msgs_generate_messages_eus
[82.242s] [  0%] Built target nodelet_generate_messages_lisp
[82.246s] [  0%] Built target tf_generate_messages_cpp
[82.246s] [  0%] Built target actionlib_generate_messages_nodejs
[82.249s] [  0%] Built target autoware_msgs_generate_messages_py
[82.252s] [  0%] Built target std_msgs_generate_messages_eus
[82.266s] [  0%] Built target autoware_msgs_generate_messages_nodejs
[82.270s] [  0%] Built target jsk_footstep_msgs_generate_messages_nodejs
[82.271s] [  0%] Built target jsk_footstep_msgs_generate_messages_eus
[82.271s] [  0%] Built target jsk_footstep_msgs_generate_messages_lisp
[82.271s] [  0%] Built target actionlib_msgs_generate_messages_py
[82.289s] [  0%] Built target tf_generate_messages_eus
[82.291s] [  0%] Built target jsk_footstep_msgs_generate_messages_cpp
[82.293s] [  0%] Built target actionlib_msgs_generate_messages_lisp
[82.293s] [  0%] Built target actionlib_msgs_generate_messages_cpp
[82.297s] [  0%] Built target std_srvs_generate_messages_cpp
[82.312s] [  0%] Built target pcl_ros_gencfg
[82.317s] [  0%] Built target dynamic_reconfigure_generate_messages_nodejs
[82.317s] [  0%] Built target dynamic_reconfigure_generate_messages_py
[82.318s] [  0%] Built target dynamic_reconfigure_generate_messages_eus
[82.321s] [  0%] Built target tf2_msgs_generate_messages_lisp
[82.336s] [  0%] Built target dynamic_reconfigure_gencfg
[82.339s] [  0%] Built target std_srvs_generate_messages_eus
[82.339s] [  0%] Built target jsk_recognition_msgs_generate_messages_nodejs
[82.346s] [  0%] Built target roscpp_generate_messages_lisp
[82.347s] [  0%] Built target bond_generate_messages_eus
[82.359s] [  0%] Built target roscpp_generate_messages_py
[82.361s] [  0%] Built target rosgraph_msgs_generate_messages_lisp
[82.369s] [  0%] Built target rosgraph_msgs_generate_messages_nodejs
[82.370s] [  0%] Built target actionlib_msgs_generate_messages_eus
[82.374s] [  0%] Built target roscpp_generate_messages_eus
[82.384s] [  0%] Built target rosgraph_msgs_generate_messages_py
[82.394s] [  0%] Built target nodelet_generate_messages_cpp
[82.398s] [  0%] Built target bond_generate_messages_py
[82.405s] [  0%] Built target std_srvs_generate_messages_nodejs
[82.419s] [  0%] Built target nodelet_generate_messages_eus
[82.426s] [  0%] Built target bond_generate_messages_cpp
[82.426s] [  0%] Built target topic_tools_generate_messages_py
[82.439s] [  0%] Built target bond_generate_messages_nodejs
[82.453s] [  0%] Built target nodelet_topic_tools_gencfg
[82.454s] [  0%] Built target actionlib_msgs_generate_messages_nodejs
[82.465s] [  0%] Built target _catkin_empty_exported_target
[82.468s] [  0%] Built target autoware_msgs_generate_messages_lisp
[82.484s] [  0%] Built target std_msgs_generate_messages_py
[82.497s] [  0%] Built target jsk_recognition_msgs_generate_messages_lisp
[82.499s] [  0%] Built target jsk_recognition_msgs_generate_messages_eus
[82.509s] [  0%] Built target pcl_msgs_generate_messages_lisp
[82.513s] [  0%] Built target pcl_msgs_generate_messages_eus
[82.536s] [  0%] Built target sensor_msgs_generate_messages_nodejs
[82.536s] [  0%] Built target geometry_msgs_generate_messages_py
[82.548s] [  0%] Built target rosgraph_msgs_generate_messages_eus
[82.550s] [  0%] Built target roscpp_generate_messages_cpp
[82.550s] [  0%] Built target std_srvs_generate_messages_py
[82.576s] [  0%] Built target tf_generate_messages_lisp
[82.579s] [  0%] Built target topic_tools_generate_messages_cpp
[82.581s] [  0%] Built target topic_tools_generate_messages_nodejs
[82.600s] [  0%] Built target topic_tools_generate_messages_eus
[82.605s] [  0%] Built target tf_generate_messages_nodejs
[82.605s] [  0%] Built target actionlib_generate_messages_py
[82.607s] [  0%] Built target actionlib_generate_messages_cpp
[82.670s] [100%] Built target lidar_shape_estimation
[82.708s] [36mInstall the project...[0m
[82.720s] -- Install configuration: "Release"
[82.720s] -- Installing: /home/point001/autoware.ai/install/lidar_shape_estimation/lib/pkgconfig/lidar_shape_estimation.pc
[82.720s] -- Installing: /home/point001/autoware.ai/install/lidar_shape_estimation/share/lidar_shape_estimation/cmake/lidar_shape_estimationConfig.cmake
[82.720s] -- Installing: /home/point001/autoware.ai/install/lidar_shape_estimation/share/lidar_shape_estimation/cmake/lidar_shape_estimationConfig-version.cmake
[82.720s] -- Installing: /home/point001/autoware.ai/install/lidar_shape_estimation/share/lidar_shape_estimation/package.xml
[82.721s] -- Installing: /home/point001/autoware.ai/install/lidar_shape_estimation/lib/lidar_shape_estimation/lidar_shape_estimation
[82.721s] -- Set runtime path of "/home/point001/autoware.ai/install/lidar_shape_estimation/lib/lidar_shape_estimation/lidar_shape_estimation" to ""
[82.721s] -- Installing: /home/point001/autoware.ai/install/lidar_shape_estimation/share/lidar_shape_estimation/launch
[82.722s] -- Installing: /home/point001/autoware.ai/install/lidar_shape_estimation/share/lidar_shape_estimation/launch/shape_estimation_clustering.launch
[82.722s] -- Installing: /home/point001/autoware.ai/install/lidar_shape_estimation/share/lidar_shape_estimation/launch/shape_estimation_tracking.launch
[82.722s] -- Installing: /home/point001/autoware.ai/install/lidar_shape_estimation/share/lidar_shape_estimation/launch/shape_estimation_fusion.launch
[82.731s] Invoked command in '/home/point001/autoware.ai/build/lidar_shape_estimation' returned '0': CMAKE_PREFIX_PATH=/home/point001/autoware.ai/install/autoware_msgs:/home/point001/autoware.ai/install/autoware_build_flags:${CMAKE_PREFIX_PATH} PKG_CONFIG_PATH=/home/point001/autoware.ai/install/autoware_msgs/lib/x86_64-linux-gnu/pkgconfig:/home/point001/autoware.ai/install/autoware_msgs/lib/pkgconfig:/home/point001/autoware.ai/install/autoware_build_flags/lib/x86_64-linux-gnu/pkgconfig:/home/point001/autoware.ai/install/autoware_build_flags/lib/pkgconfig:${PKG_CONFIG_PATH} PYTHONPATH=/home/point001/autoware.ai/install/autoware_msgs/lib/python2.7/dist-packages:${PYTHONPATH} ROS_PACKAGE_PATH=/home/point001/autoware.ai/install/autoware_msgs/share:/home/point001/autoware.ai/install/autoware_build_flags/share:${ROS_PACKAGE_PATH} /usr/bin/cmake --build /home/point001/autoware.ai/build/lidar_shape_estimation --target install -- -j24 -l24
