[0.200s] Invoking command in '/home/point001/autoware.ai/build/sick_ldmrs_description': /usr/bin/cmake --build /home/point001/autoware.ai/build/sick_ldmrs_description -- -j24 -l24
[1.059s] Invoked command in '/home/point001/autoware.ai/build/sick_ldmrs_description' returned '0': /usr/bin/cmake --build /home/point001/autoware.ai/build/sick_ldmrs_description -- -j24 -l24
[1.310s] Invoking command in '/home/point001/autoware.ai/build/sick_ldmrs_description': /usr/bin/cmake --build /home/point001/autoware.ai/build/sick_ldmrs_description --target tests -- -j24 -l24
[1.422s] Built target tests
[1.482s] Invoked command in '/home/point001/autoware.ai/build/sick_ldmrs_description' returned '0': /usr/bin/cmake --build /home/point001/autoware.ai/build/sick_ldmrs_description --target tests -- -j24 -l24
[1.631s] Invoking command in '/home/point001/autoware.ai/build/sick_ldmrs_description': /usr/bin/cmake --build /home/point001/autoware.ai/build/sick_ldmrs_description --target install -- -j24 -l24
[1.719s] [36mInstall the project...[0m
[1.738s] -- Install configuration: "Release"
[1.738s] -- Up-to-date: /home/point001/autoware.ai/install/sick_ldmrs_description/lib/pkgconfig/sick_ldmrs_description.pc
[1.738s] -- Up-to-date: /home/point001/autoware.ai/install/sick_ldmrs_description/share/sick_ldmrs_description/cmake/sick_ldmrs_descriptionConfig.cmake
[1.738s] -- Up-to-date: /home/point001/autoware.ai/install/sick_ldmrs_description/share/sick_ldmrs_description/cmake/sick_ldmrs_descriptionConfig-version.cmake
[1.738s] -- Up-to-date: /home/point001/autoware.ai/install/sick_ldmrs_description/share/sick_ldmrs_description/package.xml
[1.738s] -- Up-to-date: /home/point001/autoware.ai/install/sick_ldmrs_description/share/sick_ldmrs_description/launch
[1.739s] -- Up-to-date: /home/point001/autoware.ai/install/sick_ldmrs_description/share/sick_ldmrs_description/launch/upload_urdf.launch
[1.741s] -- Up-to-date: /home/point001/autoware.ai/install/sick_ldmrs_description/share/sick_ldmrs_description/launch/show_urdf.launch
[1.742s] -- Up-to-date: /home/point001/autoware.ai/install/sick_ldmrs_description/share/sick_ldmrs_description/meshes
[1.742s] -- Up-to-date: /home/point001/autoware.ai/install/sick_ldmrs_description/share/sick_ldmrs_description/meshes/sick_ldmrs_color.png
[1.742s] -- Up-to-date: /home/point001/autoware.ai/install/sick_ldmrs_description/share/sick_ldmrs_description/meshes/sick_ldmrs.dae
[1.742s] -- Up-to-date: /home/point001/autoware.ai/install/sick_ldmrs_description/share/sick_ldmrs_description/urdf
[1.742s] -- Up-to-date: /home/point001/autoware.ai/install/sick_ldmrs_description/share/sick_ldmrs_description/urdf/sick_ldmrs_macros.urdf.xacro
[1.742s] -- Up-to-date: /home/point001/autoware.ai/install/sick_ldmrs_description/share/sick_ldmrs_description/urdf/sick_ldmrs.urdf.xacro
[1.801s] Invoked command in '/home/point001/autoware.ai/build/sick_ldmrs_description' returned '0': /usr/bin/cmake --build /home/point001/autoware.ai/build/sick_ldmrs_description --target install -- -j24 -l24
