[  0%] Built target std_msgs_generate_messages_cpp
[  0%] Built target autoware_msgs_generate_messages_py
[  0%] Built target actionlib_generate_messages_cpp
[  0%] Built target autoware_msgs_generate_messages_cpp
[  0%] Built target jsk_recognition_msgs_generate_messages_eus
[  0%] Built target jsk_recognition_msgs_generate_messages_lisp
[  0%] Built target roscpp_generate_messages_cpp
[  0%] Built target tf2_msgs_generate_messages_cpp
[  0%] Built target rosgraph_msgs_generate_messages_cpp
[  0%] Built target rosgraph_msgs_generate_messages_eus
[  0%] Built target sensor_msgs_generate_messages_nodejs
[  0%] Built target sensor_msgs_generate_messages_cpp
[  0%] Built target _catkin_empty_exported_target
[  0%] Built target tf2_msgs_generate_messages_nodejs
[  0%] Built target pcl_msgs_generate_messages_eus
[  0%] Built target tf_generate_messages_py
[  0%] Built target sensor_msgs_generate_messages_py
[  0%] Built target geometry_msgs_generate_messages_py
[  0%] Built target std_msgs_generate_messages_nodejs
[  0%] Built target jsk_recognition_msgs_generate_messages_py
[  0%] Built target sensor_msgs_generate_messages_eus
[  0%] Built target std_msgs_generate_messages_py
[  0%] Built target pcl_msgs_generate_messages_nodejs
[  0%] Built target geometry_msgs_generate_messages_eus
[  0%] Built target jsk_footstep_msgs_generate_messages_py
[  0%] Built target std_msgs_generate_messages_lisp
[  0%] Built target roscpp_generate_messages_nodejs
[  0%] Built target std_msgs_generate_messages_eus
[  0%] Built target geometry_msgs_generate_messages_lisp
[  0%] Built target jsk_footstep_msgs_generate_messages_nodejs
[  0%] Built target jsk_recognition_msgs_generate_messages_cpp
[  0%] Built target pcl_msgs_generate_messages_cpp
[  0%] Built target autoware_msgs_generate_messages_eus
[  0%] Built target actionlib_msgs_generate_messages_nodejs
[  0%] Built target geometry_msgs_generate_messages_nodejs
[  0%] Built target jsk_footstep_msgs_generate_messages_lisp
[  0%] Built target autoware_msgs_generate_messages_lisp
[  0%] Built target autoware_msgs_generate_messages_nodejs
[  0%] Built target actionlib_msgs_generate_messages_py
[  0%] Built target sensor_msgs_generate_messages_lisp
[  0%] Built target jsk_footstep_msgs_generate_messages_eus
[  0%] Built target roscpp_generate_messages_lisp
[  0%] Built target rosgraph_msgs_generate_messages_lisp
[  0%] Built target actionlib_msgs_generate_messages_lisp
[  0%] Built target actionlib_msgs_generate_messages_eus
[  0%] Built target rosgraph_msgs_generate_messages_py
[  0%] Built target roscpp_generate_messages_py
[  0%] Built target actionlib_msgs_generate_messages_cpp
[  0%] Built target jsk_recognition_msgs_generate_messages_nodejs
[  0%] Built target roscpp_generate_messages_eus
[  0%] Built target rosgraph_msgs_generate_messages_nodejs
[  0%] Built target tf_generate_messages_eus
[  0%] Built target geometry_msgs_generate_messages_cpp
[  0%] Built target pcl_msgs_generate_messages_lisp
[  0%] Built target tf_generate_messages_cpp
[  0%] Built target jsk_footstep_msgs_generate_messages_cpp
[  0%] Built target tf_generate_messages_nodejs
[  0%] Built target tf2_msgs_generate_messages_eus
[  0%] Built target actionlib_generate_messages_lisp
[  0%] Built target pcl_msgs_generate_messages_py
[  0%] Built target actionlib_generate_messages_eus
[  0%] Built target actionlib_generate_messages_nodejs
[  0%] Built target tf_generate_messages_lisp
[  0%] Built target tf2_msgs_generate_messages_lisp
[  0%] Built target actionlib_generate_messages_py
[  0%] Built target tf2_msgs_generate_messages_py
[100%] Built target amathutils_lib
[  0%] Built target pcl_msgs_generate_messages_eus
[  0%] Built target roscpp_generate_messages_cpp
[  0%] Built target actionlib_generate_messages_cpp
[  0%] Built target autoware_msgs_generate_messages_py
[  0%] Built target sensor_msgs_generate_messages_cpp
[  0%] Built target jsk_recognition_msgs_generate_messages_eus
[  0%] Built target jsk_recognition_msgs_generate_messages_lisp
[  0%] Built target geometry_msgs_generate_messages_py
[  0%] Built target tf2_msgs_generate_messages_nodejs
[  0%] Built target std_msgs_generate_messages_nodejs
[  0%] Built target tf_generate_messages_py
[  0%] Built target std_msgs_generate_messages_py
[  0%] Built target jsk_recognition_msgs_generate_messages_py
[  0%] Built target rosgraph_msgs_generate_messages_cpp
[  0%] Built target rosgraph_msgs_generate_messages_eus
[ 12%] Built target gtest
[ 12%] Built target pcl_msgs_generate_messages_nodejs
[ 12%] Built target autoware_msgs_generate_messages_cpp
[ 12%] Built target std_msgs_generate_messages_cpp
[ 12%] Built target _catkin_empty_exported_target
[ 12%] Built target sensor_msgs_generate_messages_eus
[ 12%] Built target geometry_msgs_generate_messages_eus
[ 12%] Built target sensor_msgs_generate_messages_nodejs
[ 12%] Built target std_msgs_generate_messages_lisp
[ 12%] Built target tf2_msgs_generate_messages_cpp
[ 12%] Built target sensor_msgs_generate_messages_py
[ 12%] Built target actionlib_msgs_generate_messages_nodejs
[ 12%] Built target std_msgs_generate_messages_eus
[ 12%] Built target roscpp_generate_messages_nodejs
[ 12%] Built target jsk_footstep_msgs_generate_messages_eus
[ 12%] Built target jsk_footstep_msgs_generate_messages_py
[ 12%] Built target autoware_msgs_generate_messages_eus
[ 12%] Built target jsk_recognition_msgs_generate_messages_cpp
[ 12%] Built target autoware_msgs_generate_messages_nodejs
[ 12%] Built target geometry_msgs_generate_messages_nodejs
[ 12%] Built target rosgraph_msgs_generate_messages_nodejs
[ 12%] Built target actionlib_msgs_generate_messages_py
[ 12%] Built target autoware_msgs_generate_messages_lisp
[ 12%] Built target jsk_recognition_msgs_generate_messages_nodejs
[ 12%] Built target geometry_msgs_generate_messages_lisp
[ 12%] Built target actionlib_msgs_generate_messages_cpp
[ 12%] Built target jsk_footstep_msgs_generate_messages_lisp
[ 12%] Built target pcl_msgs_generate_messages_cpp
[ 12%] Built target roscpp_generate_messages_eus
[ 12%] Built target actionlib_msgs_generate_messages_lisp
[ 12%] Built target roscpp_generate_messages_lisp
[ 12%] Built target actionlib_msgs_generate_messages_eus
[ 12%] Built target sensor_msgs_generate_messages_lisp
[ 12%] Built target rosgraph_msgs_generate_messages_lisp
[ 12%] Built target jsk_footstep_msgs_generate_messages_cpp
[ 12%] Built target jsk_footstep_msgs_generate_messages_nodejs
[ 12%] Built target roscpp_generate_messages_py
[ 12%] Built target actionlib_generate_messages_lisp
[ 12%] Built target tf_generate_messages_lisp
[ 12%] Built target pcl_msgs_generate_messages_py
[ 12%] Built target actionlib_generate_messages_eus
[ 12%] Built target tf_generate_messages_nodejs
[ 12%] Built target rosgraph_msgs_generate_messages_py
[ 12%] Built target tf2_msgs_generate_messages_eus
[ 12%] Built target geometry_msgs_generate_messages_cpp
[ 12%] Built target tf_generate_messages_cpp
[ 12%] Built target tf_generate_messages_eus
[ 12%] Built target pcl_msgs_generate_messages_lisp
[ 12%] Built target actionlib_generate_messages_nodejs
[ 12%] Built target tf2_msgs_generate_messages_py
[ 12%] Built target actionlib_generate_messages_py
[ 12%] Built target tf2_msgs_generate_messages_lisp
[ 37%] Built target test-kalman_filter
[ 56%] Built target test-butterworth_filter
[ 87%] Built target amathutils_lib
[100%] Built target amathutils-test
[100%] Built target tests
[  0%] Built target jsk_recognition_msgs_generate_messages_lisp
[  0%] Built target roscpp_generate_messages_cpp
[  0%] Built target tf2_msgs_generate_messages_cpp
[  0%] Built target geometry_msgs_generate_messages_py
[  0%] Built target sensor_msgs_generate_messages_eus
[  0%] Built target std_msgs_generate_messages_py
[  0%] Built target rosgraph_msgs_generate_messages_eus
[  0%] Built target actionlib_generate_messages_cpp
[  0%] Built target jsk_recognition_msgs_generate_messages_py
[  0%] Built target _catkin_empty_exported_target
[  0%] Built target std_msgs_generate_messages_nodejs
[  0%] Built target tf_generate_messages_py
[  0%] Built target jsk_footstep_msgs_generate_messages_py
[  0%] Built target jsk_recognition_msgs_generate_messages_eus
[  0%] Built target rosgraph_msgs_generate_messages_cpp
[  0%] Built target tf2_msgs_generate_messages_nodejs
[  0%] Built target sensor_msgs_generate_messages_py
[  0%] Built target sensor_msgs_generate_messages_nodejs
[  0%] Built target pcl_msgs_generate_messages_nodejs
[  0%] Built target pcl_msgs_generate_messages_eus
[  0%] Built target autoware_msgs_generate_messages_cpp
[  0%] Built target sensor_msgs_generate_messages_cpp
[  0%] Built target autoware_msgs_generate_messages_py
[  0%] Built target std_msgs_generate_messages_cpp
[  0%] Built target actionlib_msgs_generate_messages_nodejs
[  0%] Built target geometry_msgs_generate_messages_nodejs
[  0%] Built target geometry_msgs_generate_messages_eus
[  0%] Built target geometry_msgs_generate_messages_lisp
[  0%] Built target autoware_msgs_generate_messages_lisp
[  0%] Built target roscpp_generate_messages_nodejs
[  0%] Built target actionlib_msgs_generate_messages_lisp
[  0%] Built target std_msgs_generate_messages_eus
[  0%] Built target autoware_msgs_generate_messages_eus
[  0%] Built target autoware_msgs_generate_messages_nodejs
[  0%] Built target actionlib_msgs_generate_messages_py
[  0%] Built target std_msgs_generate_messages_lisp
[  0%] Built target pcl_msgs_generate_messages_cpp
[  0%] Built target sensor_msgs_generate_messages_lisp
[  0%] Built target roscpp_generate_messages_eus
[  0%] Built target rosgraph_msgs_generate_messages_nodejs
[  0%] Built target jsk_footstep_msgs_generate_messages_eus
[  0%] Built target rosgraph_msgs_generate_messages_lisp
[  0%] Built target jsk_recognition_msgs_generate_messages_nodejs
[  0%] Built target jsk_footstep_msgs_generate_messages_lisp
[  0%] Built target roscpp_generate_messages_lisp
[  0%] Built target roscpp_generate_messages_py
[  0%] Built target jsk_footstep_msgs_generate_messages_nodejs
[  0%] Built target jsk_recognition_msgs_generate_messages_cpp
[  0%] Built target actionlib_msgs_generate_messages_eus
[  0%] Built target jsk_footstep_msgs_generate_messages_cpp
[  0%] Built target rosgraph_msgs_generate_messages_py
[  0%] Built target tf_generate_messages_eus
[  0%] Built target tf_generate_messages_lisp
[  0%] Built target actionlib_generate_messages_lisp
[  0%] Built target actionlib_msgs_generate_messages_cpp
[  0%] Built target actionlib_generate_messages_eus
[  0%] Built target tf_generate_messages_nodejs
[  0%] Built target actionlib_generate_messages_nodejs
[  0%] Built target pcl_msgs_generate_messages_py
[  0%] Built target tf2_msgs_generate_messages_eus
[  0%] Built target pcl_msgs_generate_messages_lisp
[  0%] Built target geometry_msgs_generate_messages_cpp
[  0%] Built target actionlib_generate_messages_py
[  0%] Built target tf2_msgs_generate_messages_py
[  0%] Built target tf_generate_messages_cpp
[  0%] Built target tf2_msgs_generate_messages_lisp
[100%] Built target amathutils_lib
[36mInstall the project...[0m
-- Install configuration: "Release"
-- Up-to-date: /home/point001/autoware.ai/install/amathutils_lib/lib/pkgconfig/amathutils_lib.pc
-- Up-to-date: /home/point001/autoware.ai/install/amathutils_lib/share/amathutils_lib/cmake/amathutils_libConfig.cmake
-- Up-to-date: /home/point001/autoware.ai/install/amathutils_lib/share/amathutils_lib/cmake/amathutils_libConfig-version.cmake
-- Up-to-date: /home/point001/autoware.ai/install/amathutils_lib/share/amathutils_lib/package.xml
-- Up-to-date: /home/point001/autoware.ai/install/amathutils_lib/include/amathutils_lib
-- Up-to-date: /home/point001/autoware.ai/install/amathutils_lib/include/amathutils_lib/time_delay_kalman_filter.hpp
-- Up-to-date: /home/point001/autoware.ai/install/amathutils_lib/include/amathutils_lib/amathutils.hpp
-- Up-to-date: /home/point001/autoware.ai/install/amathutils_lib/include/amathutils_lib/butterworth_filter.hpp
-- Up-to-date: /home/point001/autoware.ai/install/amathutils_lib/include/amathutils_lib/kalman_filter.hpp
-- Up-to-date: /home/point001/autoware.ai/install/amathutils_lib/lib/libamathutils_lib.so
