Built target tests
[36mInstall the project...[0m
-- Install configuration: "Release"
+ cd /home/point001/autoware.ai/src/drivers/awf_drivers/javad_navsat_driver
+ mkdir -p /home/point001/autoware.ai/install/javad_navsat_driver/lib/python2.7/dist-packages
+ /usr/bin/env PYTHONPATH=/home/point001/autoware.ai/install/javad_navsat_driver/lib/python2.7/dist-packages:/home/point001/autoware.ai/build/javad_navsat_driver/lib/python2.7/dist-packages:/opt/ros/melodic/lib/python2.7/dist-packages CATKIN_BINARY_DIR=/home/point001/autoware.ai/build/javad_navsat_driver /usr/bin/python2 /home/point001/autoware.ai/src/drivers/awf_drivers/javad_navsat_driver/setup.py build --build-base /home/point001/autoware.ai/build/javad_navsat_driver install --root=/ --install-layout=deb --prefix=/home/point001/autoware.ai/install/javad_navsat_driver --install-scripts=/home/point001/autoware.ai/install/javad_navsat_driver/bin
running build
running build_py
running install
running install_lib
running install_egg_info
Removing /home/point001/autoware.ai/install/javad_navsat_driver/lib/python2.7/dist-packages/javad_navsat_driver-1.12.0.egg-info
Writing /home/point001/autoware.ai/install/javad_navsat_driver/lib/python2.7/dist-packages/javad_navsat_driver-1.12.0.egg-info
-- Up-to-date: /home/point001/autoware.ai/install/javad_navsat_driver/lib/pkgconfig/javad_navsat_driver.pc
-- Up-to-date: /home/point001/autoware.ai/install/javad_navsat_driver/share/javad_navsat_driver/cmake/javad_navsat_driverConfig.cmake
-- Up-to-date: /home/point001/autoware.ai/install/javad_navsat_driver/share/javad_navsat_driver/cmake/javad_navsat_driverConfig-version.cmake
-- Up-to-date: /home/point001/autoware.ai/install/javad_navsat_driver/share/javad_navsat_driver/package.xml
-- Up-to-date: /home/point001/autoware.ai/install/javad_navsat_driver/lib/javad_navsat_driver/javad_serial_driver
-- Up-to-date: /home/point001/autoware.ai/install/javad_navsat_driver/lib/javad_navsat_driver/javad_topic_driver
-- Up-to-date: /home/point001/autoware.ai/install/javad_navsat_driver/lib/javad_navsat_driver/javad_topic_serial_reader
-- Up-to-date: /home/point001/autoware.ai/install/javad_navsat_driver/share/javad_navsat_driver/launch
-- Up-to-date: /home/point001/autoware.ai/install/javad_navsat_driver/share/javad_navsat_driver/launch/javad_navsat.launch
-- Up-to-date: /home/point001/autoware.ai/install/javad_navsat_driver/share/javad_navsat_driver/cfg
-- Up-to-date: /home/point001/autoware.ai/install/javad_navsat_driver/share/javad_navsat_driver/cfg/enable.cfg
-- Up-to-date: /home/point001/autoware.ai/install/javad_navsat_driver/share/javad_navsat_driver/cfg/disable.cfg
