[0.169s] Invoking command in '/home/point001/autoware.ai/build/javad_navsat_driver': /usr/bin/cmake --build /home/point001/autoware.ai/build/javad_navsat_driver -- -j24 -l24
[0.313s] Invoked command in '/home/point001/autoware.ai/build/javad_navsat_driver' returned '0': /usr/bin/cmake --build /home/point001/autoware.ai/build/javad_navsat_driver -- -j24 -l24
[0.587s] Invoking command in '/home/point001/autoware.ai/build/javad_navsat_driver': /usr/bin/cmake --build /home/point001/autoware.ai/build/javad_navsat_driver --target tests -- -j24 -l24
[0.646s] Built target tests
[0.812s] Invoked command in '/home/point001/autoware.ai/build/javad_navsat_driver' returned '0': /usr/bin/cmake --build /home/point001/autoware.ai/build/javad_navsat_driver --target tests -- -j24 -l24
[1.004s] Invoking command in '/home/point001/autoware.ai/build/javad_navsat_driver': /usr/bin/cmake --build /home/point001/autoware.ai/build/javad_navsat_driver --target install -- -j24 -l24
[1.049s] [36mInstall the project...[0m
[1.082s] -- Install configuration: "Release"
[1.092s] + cd /home/point001/autoware.ai/src/drivers/awf_drivers/javad_navsat_driver
[1.092s] + mkdir -p /home/point001/autoware.ai/install/javad_navsat_driver/lib/python2.7/dist-packages
[1.092s] + /usr/bin/env PYTHONPATH=/home/point001/autoware.ai/install/javad_navsat_driver/lib/python2.7/dist-packages:/home/point001/autoware.ai/build/javad_navsat_driver/lib/python2.7/dist-packages:/opt/ros/melodic/lib/python2.7/dist-packages CATKIN_BINARY_DIR=/home/point001/autoware.ai/build/javad_navsat_driver /usr/bin/python2 /home/point001/autoware.ai/src/drivers/awf_drivers/javad_navsat_driver/setup.py build --build-base /home/point001/autoware.ai/build/javad_navsat_driver install --root=/ --install-layout=deb --prefix=/home/point001/autoware.ai/install/javad_navsat_driver --install-scripts=/home/point001/autoware.ai/install/javad_navsat_driver/bin
[1.158s] running build
[1.158s] running build_py
[1.163s] running install
[1.163s] running install_lib
[1.164s] running install_egg_info
[1.164s] Removing /home/point001/autoware.ai/install/javad_navsat_driver/lib/python2.7/dist-packages/javad_navsat_driver-1.12.0.egg-info
[1.164s] Writing /home/point001/autoware.ai/install/javad_navsat_driver/lib/python2.7/dist-packages/javad_navsat_driver-1.12.0.egg-info
[1.169s] -- Up-to-date: /home/point001/autoware.ai/install/javad_navsat_driver/lib/pkgconfig/javad_navsat_driver.pc
[1.169s] -- Up-to-date: /home/point001/autoware.ai/install/javad_navsat_driver/share/javad_navsat_driver/cmake/javad_navsat_driverConfig.cmake
[1.169s] -- Up-to-date: /home/point001/autoware.ai/install/javad_navsat_driver/share/javad_navsat_driver/cmake/javad_navsat_driverConfig-version.cmake
[1.169s] -- Up-to-date: /home/point001/autoware.ai/install/javad_navsat_driver/share/javad_navsat_driver/package.xml
[1.170s] -- Up-to-date: /home/point001/autoware.ai/install/javad_navsat_driver/lib/javad_navsat_driver/javad_serial_driver
[1.170s] -- Up-to-date: /home/point001/autoware.ai/install/javad_navsat_driver/lib/javad_navsat_driver/javad_topic_driver
[1.170s] -- Up-to-date: /home/point001/autoware.ai/install/javad_navsat_driver/lib/javad_navsat_driver/javad_topic_serial_reader
[1.170s] -- Up-to-date: /home/point001/autoware.ai/install/javad_navsat_driver/share/javad_navsat_driver/launch
[1.170s] -- Up-to-date: /home/point001/autoware.ai/install/javad_navsat_driver/share/javad_navsat_driver/launch/javad_navsat.launch
[1.170s] -- Up-to-date: /home/point001/autoware.ai/install/javad_navsat_driver/share/javad_navsat_driver/cfg
[1.170s] -- Up-to-date: /home/point001/autoware.ai/install/javad_navsat_driver/share/javad_navsat_driver/cfg/enable.cfg
[1.170s] -- Up-to-date: /home/point001/autoware.ai/install/javad_navsat_driver/share/javad_navsat_driver/cfg/disable.cfg
[1.421s] Invoked command in '/home/point001/autoware.ai/build/javad_navsat_driver' returned '0': /usr/bin/cmake --build /home/point001/autoware.ai/build/javad_navsat_driver --target install -- -j24 -l24
