[0.301s] Invoking command in '/home/point001/autoware.ai/build/pcl_omp_registration': /usr/bin/cmake --build /home/point001/autoware.ai/build/pcl_omp_registration -- -j24 -l24
[0.844s] [100%] Built target pcl_omp_registration
[1.087s] Invoked command in '/home/point001/autoware.ai/build/pcl_omp_registration' returned '0': /usr/bin/cmake --build /home/point001/autoware.ai/build/pcl_omp_registration -- -j24 -l24
[1.224s] Invoking command in '/home/point001/autoware.ai/build/pcl_omp_registration': /usr/bin/cmake --build /home/point001/autoware.ai/build/pcl_omp_registration --target tests -- -j24 -l24
[1.342s] Built target tests
[1.407s] Invoked command in '/home/point001/autoware.ai/build/pcl_omp_registration' returned '0': /usr/bin/cmake --build /home/point001/autoware.ai/build/pcl_omp_registration --target tests -- -j24 -l24
[1.556s] Invoking command in '/home/point001/autoware.ai/build/pcl_omp_registration': /usr/bin/cmake --build /home/point001/autoware.ai/build/pcl_omp_registration --target install -- -j24 -l24
[1.667s] [100%] Built target pcl_omp_registration
[1.712s] [36mInstall the project...[0m
[1.755s] -- Install configuration: "Release"
[1.755s] -- Up-to-date: /home/point001/autoware.ai/install/pcl_omp_registration/lib/pkgconfig/pcl_omp_registration.pc
[1.755s] -- Up-to-date: /home/point001/autoware.ai/install/pcl_omp_registration/share/pcl_omp_registration/cmake/pcl_omp_registrationConfig.cmake
[1.755s] -- Up-to-date: /home/point001/autoware.ai/install/pcl_omp_registration/share/pcl_omp_registration/cmake/pcl_omp_registrationConfig-version.cmake
[1.755s] -- Up-to-date: /home/point001/autoware.ai/install/pcl_omp_registration/share/pcl_omp_registration/package.xml
[1.755s] -- Up-to-date: /home/point001/autoware.ai/install/pcl_omp_registration/include/pcl_omp_registration
[1.755s] -- Up-to-date: /home/point001/autoware.ai/install/pcl_omp_registration/include/pcl_omp_registration/ndt.h
[1.755s] -- Up-to-date: /home/point001/autoware.ai/install/pcl_omp_registration/include/pcl_omp_registration/impl
[1.755s] -- Up-to-date: /home/point001/autoware.ai/install/pcl_omp_registration/include/pcl_omp_registration/impl/registration.hpp
[1.755s] -- Up-to-date: /home/point001/autoware.ai/install/pcl_omp_registration/include/pcl_omp_registration/impl/ndt.hpp
[1.756s] -- Up-to-date: /home/point001/autoware.ai/install/pcl_omp_registration/include/pcl_omp_registration/registration.h
[1.756s] -- Up-to-date: /home/point001/autoware.ai/install/pcl_omp_registration/lib/libpcl_omp_registration.so
[1.936s] Invoked command in '/home/point001/autoware.ai/build/pcl_omp_registration' returned '0': /usr/bin/cmake --build /home/point001/autoware.ai/build/pcl_omp_registration --target install -- -j24 -l24
