[0.176s] Invoking command in '/home/point001/autoware.ai/build/custom_msgs': /usr/bin/cmake --build /home/point001/autoware.ai/build/custom_msgs -- -j24 -l24
[0.852s] [  0%] Built target geometry_msgs_generate_messages_py
[0.852s] [  0%] Built target sensor_msgs_generate_messages_py
[0.852s] [  0%] Built target sensor_msgs_generate_messages_nodejs
[0.852s] [  0%] Built target geometry_msgs_generate_messages_cpp
[0.852s] [  0%] Built target sensor_msgs_generate_messages_lisp
[0.855s] [  0%] Built target std_msgs_generate_messages_cpp
[0.855s] [  0%] Built target _custom_msgs_generate_messages_check_deps_BaroSensorSample
[0.855s] [  0%] Built target std_msgs_generate_messages_py
[0.855s] [  0%] Built target sensor_msgs_generate_messages_cpp
[0.855s] [  0%] Built target geometry_msgs_generate_messages_nodejs
[0.855s] [  0%] Built target geometry_msgs_generate_messages_lisp
[0.855s] [  0%] Built target _custom_msgs_generate_messages_check_deps_Internal
[0.855s] [  0%] Built target std_msgs_generate_messages_nodejs
[0.855s] [  0%] Built target std_msgs_generate_messages_lisp
[0.855s] [  0%] Built target sensor_msgs_generate_messages_eus
[0.856s] [  0%] Built target _custom_msgs_generate_messages_check_deps_baroSample
[0.856s] [  0%] Built target _custom_msgs_generate_messages_check_deps_XsensQuaternion
[0.864s] [  0%] Built target _custom_msgs_generate_messages_check_deps_velocityEstimate
[0.870s] [  0%] Built target _custom_msgs_generate_messages_check_deps_GnssSensorSample
[0.887s] [  0%] Built target _custom_msgs_generate_messages_check_deps_positionEstimate
[0.894s] [  0%] Built target _custom_msgs_generate_messages_check_deps_sensorSample
[0.926s] [  0%] Built target _custom_msgs_generate_messages_check_deps_gnssSample
[0.943s] [  0%] Built target std_msgs_generate_messages_eus
[0.965s] [  0%] Built target _custom_msgs_generate_messages_check_deps_ImuSensorSample
[0.983s] [  0%] Built target _custom_msgs_generate_messages_check_deps_orientationEstimate
[0.985s] [  0%] Built target geometry_msgs_generate_messages_eus
[1.107s] [ 19%] Built target custom_msgs_generate_messages_cpp
[1.122s] [ 40%] Built target custom_msgs_generate_messages_py
[1.141s] [ 61%] Built target custom_msgs_generate_messages_eus
[1.146s] [ 80%] Built target custom_msgs_generate_messages_nodejs
[1.156s] [100%] Built target custom_msgs_generate_messages_lisp
[1.203s] [100%] Built target custom_msgs_generate_messages
[1.250s] Invoked command in '/home/point001/autoware.ai/build/custom_msgs' returned '0': /usr/bin/cmake --build /home/point001/autoware.ai/build/custom_msgs -- -j24 -l24
[1.399s] Invoking command in '/home/point001/autoware.ai/build/custom_msgs': /usr/bin/cmake --build /home/point001/autoware.ai/build/custom_msgs --target tests -- -j24 -l24
[1.525s] Built target tests
[1.604s] Invoked command in '/home/point001/autoware.ai/build/custom_msgs' returned '0': /usr/bin/cmake --build /home/point001/autoware.ai/build/custom_msgs --target tests -- -j24 -l24
[1.788s] Invoking command in '/home/point001/autoware.ai/build/custom_msgs': /usr/bin/cmake --build /home/point001/autoware.ai/build/custom_msgs --target install -- -j24 -l24
[2.024s] [  0%] Built target std_msgs_generate_messages_cpp
[2.032s] [  0%] Built target std_msgs_generate_messages_py
[2.034s] [  0%] Built target geometry_msgs_generate_messages_nodejs
[2.034s] [  0%] Built target sensor_msgs_generate_messages_nodejs
[2.042s] [  0%] Built target geometry_msgs_generate_messages_cpp
[2.042s] [  0%] Built target sensor_msgs_generate_messages_lisp
[2.042s] [  0%] Built target geometry_msgs_generate_messages_py
[2.045s] [  0%] Built target sensor_msgs_generate_messages_cpp
[2.045s] [  0%] Built target sensor_msgs_generate_messages_py
[2.047s] [  0%] Built target std_msgs_generate_messages_nodejs
[2.059s] [  0%] Built target std_msgs_generate_messages_lisp
[2.061s] [  0%] Built target geometry_msgs_generate_messages_lisp
[2.067s] [  0%] Built target _custom_msgs_generate_messages_check_deps_sensorSample
[2.068s] [  0%] Built target sensor_msgs_generate_messages_eus
[2.078s] [  0%] Built target _custom_msgs_generate_messages_check_deps_gnssSample
[2.086s] [  0%] Built target _custom_msgs_generate_messages_check_deps_velocityEstimate
[2.087s] [  0%] Built target _custom_msgs_generate_messages_check_deps_XsensQuaternion
[2.091s] [  0%] Built target _custom_msgs_generate_messages_check_deps_ImuSensorSample
[2.095s] [  0%] Built target geometry_msgs_generate_messages_eus
[2.096s] [  0%] Built target _custom_msgs_generate_messages_check_deps_positionEstimate
[2.107s] [  0%] Built target _custom_msgs_generate_messages_check_deps_orientationEstimate
[2.107s] [  0%] Built target _custom_msgs_generate_messages_check_deps_BaroSensorSample
[2.110s] [  0%] Built target _custom_msgs_generate_messages_check_deps_baroSample
[2.110s] [  0%] Built target _custom_msgs_generate_messages_check_deps_GnssSensorSample
[2.115s] [  0%] Built target std_msgs_generate_messages_eus
[2.123s] [  0%] Built target _custom_msgs_generate_messages_check_deps_Internal
[2.151s] [ 19%] Built target custom_msgs_generate_messages_nodejs
[2.151s] [ 38%] Built target custom_msgs_generate_messages_lisp
[2.164s] [ 59%] Built target custom_msgs_generate_messages_py
[2.165s] [ 80%] Built target custom_msgs_generate_messages_eus
[2.166s] [100%] Built target custom_msgs_generate_messages_cpp
[2.183s] [100%] Built target custom_msgs_generate_messages
[2.209s] [36mInstall the project...[0m
[2.219s] -- Install configuration: "Release"
[2.221s] -- Up-to-date: /home/point001/autoware.ai/install/custom_msgs/share/custom_msgs/msg/BaroSensorSample.msg
[2.221s] -- Up-to-date: /home/point001/autoware.ai/install/custom_msgs/share/custom_msgs/msg/GnssSensorSample.msg
[2.221s] -- Up-to-date: /home/point001/autoware.ai/install/custom_msgs/share/custom_msgs/msg/ImuSensorSample.msg
[2.221s] -- Up-to-date: /home/point001/autoware.ai/install/custom_msgs/share/custom_msgs/msg/Internal.msg
[2.221s] -- Up-to-date: /home/point001/autoware.ai/install/custom_msgs/share/custom_msgs/msg/XsensQuaternion.msg
[2.221s] -- Up-to-date: /home/point001/autoware.ai/install/custom_msgs/share/custom_msgs/msg/baroSample.msg
[2.221s] -- Up-to-date: /home/point001/autoware.ai/install/custom_msgs/share/custom_msgs/msg/gnssSample.msg
[2.221s] -- Up-to-date: /home/point001/autoware.ai/install/custom_msgs/share/custom_msgs/msg/orientationEstimate.msg
[2.221s] -- Up-to-date: /home/point001/autoware.ai/install/custom_msgs/share/custom_msgs/msg/positionEstimate.msg
[2.221s] -- Up-to-date: /home/point001/autoware.ai/install/custom_msgs/share/custom_msgs/msg/sensorSample.msg
[2.221s] -- Up-to-date: /home/point001/autoware.ai/install/custom_msgs/share/custom_msgs/msg/velocityEstimate.msg
[2.222s] -- Up-to-date: /home/point001/autoware.ai/install/custom_msgs/share/custom_msgs/cmake/custom_msgs-msg-paths.cmake
[2.222s] -- Up-to-date: /home/point001/autoware.ai/install/custom_msgs/include/custom_msgs
[2.222s] -- Up-to-date: /home/point001/autoware.ai/install/custom_msgs/include/custom_msgs/Internal.h
[2.222s] -- Up-to-date: /home/point001/autoware.ai/install/custom_msgs/include/custom_msgs/BaroSensorSample.h
[2.222s] -- Up-to-date: /home/point001/autoware.ai/install/custom_msgs/include/custom_msgs/orientationEstimate.h
[2.222s] -- Up-to-date: /home/point001/autoware.ai/install/custom_msgs/include/custom_msgs/GnssSensorSample.h
[2.222s] -- Up-to-date: /home/point001/autoware.ai/install/custom_msgs/include/custom_msgs/sensorSample.h
[2.222s] -- Up-to-date: /home/point001/autoware.ai/install/custom_msgs/include/custom_msgs/ImuSensorSample.h
[2.222s] -- Up-to-date: /home/point001/autoware.ai/install/custom_msgs/include/custom_msgs/XsensQuaternion.h
[2.222s] -- Up-to-date: /home/point001/autoware.ai/install/custom_msgs/include/custom_msgs/gnssSample.h
[2.222s] -- Up-to-date: /home/point001/autoware.ai/install/custom_msgs/include/custom_msgs/velocityEstimate.h
[2.222s] -- Up-to-date: /home/point001/autoware.ai/install/custom_msgs/include/custom_msgs/positionEstimate.h
[2.222s] -- Up-to-date: /home/point001/autoware.ai/install/custom_msgs/include/custom_msgs/baroSample.h
[2.222s] -- Up-to-date: /home/point001/autoware.ai/install/custom_msgs/share/roseus/ros/custom_msgs
[2.222s] -- Up-to-date: /home/point001/autoware.ai/install/custom_msgs/share/roseus/ros/custom_msgs/manifest.l
[2.222s] -- Up-to-date: /home/point001/autoware.ai/install/custom_msgs/share/roseus/ros/custom_msgs/msg
[2.222s] -- Up-to-date: /home/point001/autoware.ai/install/custom_msgs/share/roseus/ros/custom_msgs/msg/velocityEstimate.l
[2.222s] -- Up-to-date: /home/point001/autoware.ai/install/custom_msgs/share/roseus/ros/custom_msgs/msg/orientationEstimate.l
[2.223s] -- Up-to-date: /home/point001/autoware.ai/install/custom_msgs/share/roseus/ros/custom_msgs/msg/ImuSensorSample.l
[2.223s] -- Up-to-date: /home/point001/autoware.ai/install/custom_msgs/share/roseus/ros/custom_msgs/msg/positionEstimate.l
[2.223s] -- Up-to-date: /home/point001/autoware.ai/install/custom_msgs/share/roseus/ros/custom_msgs/msg/gnssSample.l
[2.223s] -- Up-to-date: /home/point001/autoware.ai/install/custom_msgs/share/roseus/ros/custom_msgs/msg/GnssSensorSample.l
[2.223s] -- Up-to-date: /home/point001/autoware.ai/install/custom_msgs/share/roseus/ros/custom_msgs/msg/Internal.l
[2.223s] -- Up-to-date: /home/point001/autoware.ai/install/custom_msgs/share/roseus/ros/custom_msgs/msg/sensorSample.l
[2.223s] -- Up-to-date: /home/point001/autoware.ai/install/custom_msgs/share/roseus/ros/custom_msgs/msg/XsensQuaternion.l
[2.223s] -- Up-to-date: /home/point001/autoware.ai/install/custom_msgs/share/roseus/ros/custom_msgs/msg/BaroSensorSample.l
[2.223s] -- Up-to-date: /home/point001/autoware.ai/install/custom_msgs/share/roseus/ros/custom_msgs/msg/baroSample.l
[2.223s] -- Up-to-date: /home/point001/autoware.ai/install/custom_msgs/share/common-lisp/ros/custom_msgs
[2.223s] -- Up-to-date: /home/point001/autoware.ai/install/custom_msgs/share/common-lisp/ros/custom_msgs/msg
[2.223s] -- Up-to-date: /home/point001/autoware.ai/install/custom_msgs/share/common-lisp/ros/custom_msgs/msg/_package_sensorSample.lisp
[2.223s] -- Up-to-date: /home/point001/autoware.ai/install/custom_msgs/share/common-lisp/ros/custom_msgs/msg/_package_BaroSensorSample.lisp
[2.223s] -- Up-to-date: /home/point001/autoware.ai/install/custom_msgs/share/common-lisp/ros/custom_msgs/msg/velocityEstimate.lisp
[2.223s] -- Up-to-date: /home/point001/autoware.ai/install/custom_msgs/share/common-lisp/ros/custom_msgs/msg/_package_XsensQuaternion.lisp
[2.223s] -- Up-to-date: /home/point001/autoware.ai/install/custom_msgs/share/common-lisp/ros/custom_msgs/msg/custom_msgs-msg.asd
[2.224s] -- Up-to-date: /home/point001/autoware.ai/install/custom_msgs/share/common-lisp/ros/custom_msgs/msg/_package_velocityEstimate.lisp
[2.224s] -- Up-to-date: /home/point001/autoware.ai/install/custom_msgs/share/common-lisp/ros/custom_msgs/msg/gnssSample.lisp
[2.224s] -- Up-to-date: /home/point001/autoware.ai/install/custom_msgs/share/common-lisp/ros/custom_msgs/msg/_package_positionEstimate.lisp
[2.224s] -- Up-to-date: /home/point001/autoware.ai/install/custom_msgs/share/common-lisp/ros/custom_msgs/msg/_package_baroSample.lisp
[2.224s] -- Up-to-date: /home/point001/autoware.ai/install/custom_msgs/share/common-lisp/ros/custom_msgs/msg/_package.lisp
[2.224s] -- Up-to-date: /home/point001/autoware.ai/install/custom_msgs/share/common-lisp/ros/custom_msgs/msg/positionEstimate.lisp
[2.224s] -- Up-to-date: /home/point001/autoware.ai/install/custom_msgs/share/common-lisp/ros/custom_msgs/msg/baroSample.lisp
[2.224s] -- Up-to-date: /home/point001/autoware.ai/install/custom_msgs/share/common-lisp/ros/custom_msgs/msg/_package_orientationEstimate.lisp
[2.224s] -- Up-to-date: /home/point001/autoware.ai/install/custom_msgs/share/common-lisp/ros/custom_msgs/msg/_package_GnssSensorSample.lisp
[2.224s] -- Up-to-date: /home/point001/autoware.ai/install/custom_msgs/share/common-lisp/ros/custom_msgs/msg/XsensQuaternion.lisp
[2.224s] -- Up-to-date: /home/point001/autoware.ai/install/custom_msgs/share/common-lisp/ros/custom_msgs/msg/_package_ImuSensorSample.lisp
[2.224s] -- Up-to-date: /home/point001/autoware.ai/install/custom_msgs/share/common-lisp/ros/custom_msgs/msg/_package_Internal.lisp
[2.224s] -- Up-to-date: /home/point001/autoware.ai/install/custom_msgs/share/common-lisp/ros/custom_msgs/msg/ImuSensorSample.lisp
[2.224s] -- Up-to-date: /home/point001/autoware.ai/install/custom_msgs/share/common-lisp/ros/custom_msgs/msg/BaroSensorSample.lisp
[2.224s] -- Up-to-date: /home/point001/autoware.ai/install/custom_msgs/share/common-lisp/ros/custom_msgs/msg/sensorSample.lisp
[2.225s] -- Up-to-date: /home/point001/autoware.ai/install/custom_msgs/share/common-lisp/ros/custom_msgs/msg/_package_gnssSample.lisp
[2.225s] -- Up-to-date: /home/point001/autoware.ai/install/custom_msgs/share/common-lisp/ros/custom_msgs/msg/orientationEstimate.lisp
[2.225s] -- Up-to-date: /home/point001/autoware.ai/install/custom_msgs/share/common-lisp/ros/custom_msgs/msg/Internal.lisp
[2.225s] -- Up-to-date: /home/point001/autoware.ai/install/custom_msgs/share/common-lisp/ros/custom_msgs/msg/GnssSensorSample.lisp
[2.225s] -- Up-to-date: /home/point001/autoware.ai/install/custom_msgs/share/gennodejs/ros/custom_msgs
[2.225s] -- Up-to-date: /home/point001/autoware.ai/install/custom_msgs/share/gennodejs/ros/custom_msgs/_index.js
[2.225s] -- Up-to-date: /home/point001/autoware.ai/install/custom_msgs/share/gennodejs/ros/custom_msgs/msg
[2.225s] -- Up-to-date: /home/point001/autoware.ai/install/custom_msgs/share/gennodejs/ros/custom_msgs/msg/positionEstimate.js
[2.225s] -- Up-to-date: /home/point001/autoware.ai/install/custom_msgs/share/gennodejs/ros/custom_msgs/msg/XsensQuaternion.js
[2.225s] -- Up-to-date: /home/point001/autoware.ai/install/custom_msgs/share/gennodejs/ros/custom_msgs/msg/velocityEstimate.js
[2.225s] -- Up-to-date: /home/point001/autoware.ai/install/custom_msgs/share/gennodejs/ros/custom_msgs/msg/_index.js
[2.225s] -- Up-to-date: /home/point001/autoware.ai/install/custom_msgs/share/gennodejs/ros/custom_msgs/msg/baroSample.js
[2.225s] -- Up-to-date: /home/point001/autoware.ai/install/custom_msgs/share/gennodejs/ros/custom_msgs/msg/GnssSensorSample.js
[2.225s] -- Up-to-date: /home/point001/autoware.ai/install/custom_msgs/share/gennodejs/ros/custom_msgs/msg/gnssSample.js
[2.225s] -- Up-to-date: /home/point001/autoware.ai/install/custom_msgs/share/gennodejs/ros/custom_msgs/msg/orientationEstimate.js
[2.225s] -- Up-to-date: /home/point001/autoware.ai/install/custom_msgs/share/gennodejs/ros/custom_msgs/msg/sensorSample.js
[2.226s] -- Up-to-date: /home/point001/autoware.ai/install/custom_msgs/share/gennodejs/ros/custom_msgs/msg/Internal.js
[2.226s] -- Up-to-date: /home/point001/autoware.ai/install/custom_msgs/share/gennodejs/ros/custom_msgs/msg/ImuSensorSample.js
[2.226s] -- Up-to-date: /home/point001/autoware.ai/install/custom_msgs/share/gennodejs/ros/custom_msgs/msg/BaroSensorSample.js
[2.234s] Listing /home/point001/autoware.ai/build/custom_msgs/devel/lib/python2.7/dist-packages/custom_msgs ...
[2.234s] Listing /home/point001/autoware.ai/build/custom_msgs/devel/lib/python2.7/dist-packages/custom_msgs/msg ...
[2.235s] -- Up-to-date: /home/point001/autoware.ai/install/custom_msgs/lib/python2.7/dist-packages/custom_msgs
[2.235s] -- Up-to-date: /home/point001/autoware.ai/install/custom_msgs/lib/python2.7/dist-packages/custom_msgs/msg
[2.235s] -- Up-to-date: /home/point001/autoware.ai/install/custom_msgs/lib/python2.7/dist-packages/custom_msgs/msg/_GnssSensorSample.pyc
[2.235s] -- Up-to-date: /home/point001/autoware.ai/install/custom_msgs/lib/python2.7/dist-packages/custom_msgs/msg/_positionEstimate.py
[2.235s] -- Up-to-date: /home/point001/autoware.ai/install/custom_msgs/lib/python2.7/dist-packages/custom_msgs/msg/_orientationEstimate.py
[2.235s] -- Up-to-date: /home/point001/autoware.ai/install/custom_msgs/lib/python2.7/dist-packages/custom_msgs/msg/_Internal.py
[2.235s] -- Up-to-date: /home/point001/autoware.ai/install/custom_msgs/lib/python2.7/dist-packages/custom_msgs/msg/_Internal.pyc
[2.235s] -- Up-to-date: /home/point001/autoware.ai/install/custom_msgs/lib/python2.7/dist-packages/custom_msgs/msg/_BaroSensorSample.pyc
[2.235s] -- Up-to-date: /home/point001/autoware.ai/install/custom_msgs/lib/python2.7/dist-packages/custom_msgs/msg/_velocityEstimate.pyc
[2.235s] -- Up-to-date: /home/point001/autoware.ai/install/custom_msgs/lib/python2.7/dist-packages/custom_msgs/msg/_orientationEstimate.pyc
[2.235s] -- Up-to-date: /home/point001/autoware.ai/install/custom_msgs/lib/python2.7/dist-packages/custom_msgs/msg/_ImuSensorSample.pyc
[2.235s] -- Up-to-date: /home/point001/autoware.ai/install/custom_msgs/lib/python2.7/dist-packages/custom_msgs/msg/_gnssSample.py
[2.236s] -- Up-to-date: /home/point001/autoware.ai/install/custom_msgs/lib/python2.7/dist-packages/custom_msgs/msg/__init__.py
[2.236s] -- Up-to-date: /home/point001/autoware.ai/install/custom_msgs/lib/python2.7/dist-packages/custom_msgs/msg/_sensorSample.pyc
[2.236s] -- Up-to-date: /home/point001/autoware.ai/install/custom_msgs/lib/python2.7/dist-packages/custom_msgs/msg/_XsensQuaternion.pyc
[2.236s] -- Up-to-date: /home/point001/autoware.ai/install/custom_msgs/lib/python2.7/dist-packages/custom_msgs/msg/_gnssSample.pyc
[2.236s] -- Up-to-date: /home/point001/autoware.ai/install/custom_msgs/lib/python2.7/dist-packages/custom_msgs/msg/_GnssSensorSample.py
[2.236s] -- Up-to-date: /home/point001/autoware.ai/install/custom_msgs/lib/python2.7/dist-packages/custom_msgs/msg/_positionEstimate.pyc
[2.236s] -- Up-to-date: /home/point001/autoware.ai/install/custom_msgs/lib/python2.7/dist-packages/custom_msgs/msg/_XsensQuaternion.py
[2.236s] -- Up-to-date: /home/point001/autoware.ai/install/custom_msgs/lib/python2.7/dist-packages/custom_msgs/msg/_baroSample.py
[2.236s] -- Up-to-date: /home/point001/autoware.ai/install/custom_msgs/lib/python2.7/dist-packages/custom_msgs/msg/_BaroSensorSample.py
[2.236s] -- Up-to-date: /home/point001/autoware.ai/install/custom_msgs/lib/python2.7/dist-packages/custom_msgs/msg/_velocityEstimate.py
[2.236s] -- Up-to-date: /home/point001/autoware.ai/install/custom_msgs/lib/python2.7/dist-packages/custom_msgs/msg/__init__.pyc
[2.236s] -- Up-to-date: /home/point001/autoware.ai/install/custom_msgs/lib/python2.7/dist-packages/custom_msgs/msg/_baroSample.pyc
[2.236s] -- Up-to-date: /home/point001/autoware.ai/install/custom_msgs/lib/python2.7/dist-packages/custom_msgs/msg/_sensorSample.py
[2.236s] -- Up-to-date: /home/point001/autoware.ai/install/custom_msgs/lib/python2.7/dist-packages/custom_msgs/msg/_ImuSensorSample.py
[2.236s] -- Up-to-date: /home/point001/autoware.ai/install/custom_msgs/lib/python2.7/dist-packages/custom_msgs/__init__.py
[2.237s] -- Up-to-date: /home/point001/autoware.ai/install/custom_msgs/lib/python2.7/dist-packages/custom_msgs/__init__.pyc
[2.237s] -- Up-to-date: /home/point001/autoware.ai/install/custom_msgs/lib/pkgconfig/custom_msgs.pc
[2.237s] -- Up-to-date: /home/point001/autoware.ai/install/custom_msgs/share/custom_msgs/cmake/custom_msgs-msg-extras.cmake
[2.237s] -- Up-to-date: /home/point001/autoware.ai/install/custom_msgs/share/custom_msgs/cmake/custom_msgsConfig.cmake
[2.237s] -- Up-to-date: /home/point001/autoware.ai/install/custom_msgs/share/custom_msgs/cmake/custom_msgsConfig-version.cmake
[2.237s] -- Up-to-date: /home/point001/autoware.ai/install/custom_msgs/share/custom_msgs/package.xml
[2.601s] Invoked command in '/home/point001/autoware.ai/build/custom_msgs' returned '0': /usr/bin/cmake --build /home/point001/autoware.ai/build/custom_msgs --target install -- -j24 -l24
