CMake Warning (dev) at /usr/share/cmake-3.10/Modules/FindBoost.cmake:911 (if):
  Policy CMP0054 is not set: Only interpret if() arguments as variables or
  keywords when unquoted.  Run "cmake --help-policy CMP0054" for policy
  details.  Use the cmake_policy command to set the policy and suppress this
  warning.

  Quoted variables like "chrono" will no longer be dereferenced when the
  policy is set to NEW.  Since the policy is not set the OLD behavior will be
  used.
Call Stack (most recent call first):
  /usr/share/cmake-3.10/Modules/FindBoost.cmake:1558 (_Boost_MISSING_DEPENDENCIES)
  /usr/share/OGRE/cmake/modules/FindOGRE.cmake:318 (find_package)
  /usr/lib/x86_64-linux-gnu/cmake/gazebo/gazebo-config.cmake:175 (find_package)
  CMakeLists.txt:27 (find_package)
This warning is for project developers.  Use -Wno-dev to suppress it.

[01m[K/home/point001/autoware.ai/src/citysim/plugins/TrafficLightsGUIPlugin.cc:[m[K In member function ‘[01m[Kvoid gazebo::TrafficLightsGUIPlugin::OnKeyPress(ConstAnyPtr&)[m[K’:
[01m[K/home/point001/autoware.ai/src/citysim/plugins/TrafficLightsGUIPlugin.cc:83:39:[m[K [01;35m[Kwarning: [m[K‘[01m[Kgazebo::common::Color::Color(const gazebo::common::Color&)[m[K’ is deprecated [[01;35m[K-Wdeprecated-declarations[m[K]
   auto black = gazebo::common::Color::[01;35m[KBlack[m[K;
                                       [01;35m[K^~~~~[m[K
In file included from [01m[K/usr/include/gazebo-9/gazebo/msgs/msgs.hh:38:0[m[K,
                 from [01m[K/home/point001/autoware.ai/src/citysim/plugins/TrafficLightsGUIPlugin.cc:18[m[K:
[01m[K/usr/include/gazebo-9/gazebo/common/Color.hh:95:15:[m[K [01;36m[Knote: [m[Kdeclared here
       public: [01;36m[KColor[m[K(const Color &_clr) GAZEBO_DEPRECATED(9.0);
               [01;36m[K^~~~~[m[K
[01m[K/home/point001/autoware.ai/src/citysim/plugins/TrafficLightsGUIPlugin.cc:83:39:[m[K [01;35m[Kwarning: [m[K‘[01m[Kvirtual gazebo::common::Color::~Color()[m[K’ is deprecated [[01;35m[K-Wdeprecated-declarations[m[K]
   auto black = gazebo::common::Color::[01;35m[KBlack[m[K;
                                       [01;35m[K^~~~~[m[K
In file included from [01m[K/usr/include/gazebo-9/gazebo/msgs/msgs.hh:38:0[m[K,
                 from [01m[K/home/point001/autoware.ai/src/citysim/plugins/TrafficLightsGUIPlugin.cc:18[m[K:
[01m[K/usr/include/gazebo-9/gazebo/common/Color.hh:98:23:[m[K [01;36m[Knote: [m[Kdeclared here
       public: virtual [01;36m[K~[m[KColor() GAZEBO_DEPRECATED(9.0);
                       [01;36m[K^[m[K
[01m[K/home/point001/autoware.ai/src/citysim/plugins/TrafficLightsGUIPlugin.cc:83:39:[m[K [01;35m[Kwarning: [m[K‘[01m[Kvirtual gazebo::common::Color::~Color()[m[K’ is deprecated [[01;35m[K-Wdeprecated-declarations[m[K]
   auto black = gazebo::common::Color::[01;35m[KBlack[m[K;
                                       [01;35m[K^~~~~[m[K
In file included from [01m[K/usr/include/gazebo-9/gazebo/msgs/msgs.hh:38:0[m[K,
                 from [01m[K/home/point001/autoware.ai/src/citysim/plugins/TrafficLightsGUIPlugin.cc:18[m[K:
[01m[K/usr/include/gazebo-9/gazebo/common/Color.hh:98:23:[m[K [01;36m[Knote: [m[Kdeclared here
       public: virtual [01;36m[K~[m[KColor() GAZEBO_DEPRECATED(9.0);
                       [01;36m[K^[m[K
[01m[K/home/point001/autoware.ai/src/citysim/plugins/TrafficLightsGUIPlugin.cc:105:66:[m[K [01;35m[Kwarning: [m[K‘[01m[Kvoid gazebo::msgs::Set(gazebo::msgs::Color*, const gazebo::common::Color&)[m[K’ is deprecated [[01;35m[K-Wdeprecated-declarations[m[K]
             gazebo::msgs::Set(matMsg->mutable_emissive(), c.first[01;35m[K)[m[K;
                                                                  [01;35m[K^[m[K
In file included from [01m[K/home/point001/autoware.ai/src/citysim/plugins/TrafficLightsGUIPlugin.cc:18:0[m[K:
[01m[K/usr/include/gazebo-9/gazebo/msgs/msgs.hh:328:10:[m[K [01;36m[Knote: [m[Kdeclared here
     void [01;36m[KSet[m[K(msgs::Color *_c, const common::Color &_v) GAZEBO_DEPRECATED(9.0);
          [01;36m[K^~~[m[K
[01m[K/home/point001/autoware.ai/src/citysim/plugins/TrafficLightsGUIPlugin.cc:106:65:[m[K [01;35m[Kwarning: [m[K‘[01m[Kvoid gazebo::msgs::Set(gazebo::msgs::Color*, const gazebo::common::Color&)[m[K’ is deprecated [[01;35m[K-Wdeprecated-declarations[m[K]
             gazebo::msgs::Set(matMsg->mutable_ambient(), c.first[01;35m[K)[m[K;
                                                                 [01;35m[K^[m[K
In file included from [01m[K/home/point001/autoware.ai/src/citysim/plugins/TrafficLightsGUIPlugin.cc:18:0[m[K:
[01m[K/usr/include/gazebo-9/gazebo/msgs/msgs.hh:328:10:[m[K [01;36m[Knote: [m[Kdeclared here
     void [01;36m[KSet[m[K(msgs::Color *_c, const common::Color &_v) GAZEBO_DEPRECATED(9.0);
          [01;36m[K^~~[m[K
[01m[K/home/point001/autoware.ai/src/citysim/plugins/TrafficLightsGUIPlugin.cc:110:64:[m[K [01;35m[Kwarning: [m[K‘[01m[Kvoid gazebo::msgs::Set(gazebo::msgs::Color*, const gazebo::common::Color&)[m[K’ is deprecated [[01;35m[K-Wdeprecated-declarations[m[K]
             gazebo::msgs::Set(matMsg->mutable_emissive(), black[01;35m[K)[m[K;
                                                                [01;35m[K^[m[K
In file included from [01m[K/home/point001/autoware.ai/src/citysim/plugins/TrafficLightsGUIPlugin.cc:18:0[m[K:
[01m[K/usr/include/gazebo-9/gazebo/msgs/msgs.hh:328:10:[m[K [01;36m[Knote: [m[Kdeclared here
     void [01;36m[KSet[m[K(msgs::Color *_c, const common::Color &_v) GAZEBO_DEPRECATED(9.0);
          [01;36m[K^~~[m[K
[01m[K/home/point001/autoware.ai/src/citysim/plugins/TrafficLightsGUIPlugin.cc:111:63:[m[K [01;35m[Kwarning: [m[K‘[01m[Kvoid gazebo::msgs::Set(gazebo::msgs::Color*, const gazebo::common::Color&)[m[K’ is deprecated [[01;35m[K-Wdeprecated-declarations[m[K]
             gazebo::msgs::Set(matMsg->mutable_ambient(), black[01;35m[K)[m[K;
                                                               [01;35m[K^[m[K
In file included from [01m[K/home/point001/autoware.ai/src/citysim/plugins/TrafficLightsGUIPlugin.cc:18:0[m[K:
[01m[K/usr/include/gazebo-9/gazebo/msgs/msgs.hh:328:10:[m[K [01;36m[Knote: [m[Kdeclared here
     void [01;36m[KSet[m[K(msgs::Color *_c, const common::Color &_v) GAZEBO_DEPRECATED(9.0);
          [01;36m[K^~~[m[K
