[0.443s] Invoking command in '/home/point001/autoware.ai/build/lanelet2_traffic_rules': CMAKE_PREFIX_PATH=/home/point001/autoware.ai/install/lanelet2_core:/home/point001/autoware.ai/install/mrt_cmake_modules:${CMAKE_PREFIX_PATH} LD_LIBRARY_PATH=/home/point001/autoware.ai/install/lanelet2_core/lib:${LD_LIBRARY_PATH} PKG_CONFIG_PATH=/home/point001/autoware.ai/install/lanelet2_core/lib/x86_64-linux-gnu/pkgconfig:/home/point001/autoware.ai/install/lanelet2_core/lib/pkgconfig:/home/point001/autoware.ai/install/mrt_cmake_modules/lib/x86_64-linux-gnu/pkgconfig:/home/point001/autoware.ai/install/mrt_cmake_modules/lib/pkgconfig:${PKG_CONFIG_PATH} PYTHONPATH=/home/point001/autoware.ai/install/mrt_cmake_modules/lib/python2.7/dist-packages:${PYTHONPATH} ROS_PACKAGE_PATH=/home/point001/autoware.ai/install/lanelet2_core/share:/home/point001/autoware.ai/install/mrt_cmake_modules/share:${ROS_PACKAGE_PATH} /usr/bin/cmake --build /home/point001/autoware.ai/build/lanelet2_traffic_rules -- -j24 -l24
[0.495s] [  0%] Built target _catkin_empty_exported_target
[0.528s] [100%] Built target lanelet2_traffic_rules
[0.758s] Invoked command in '/home/point001/autoware.ai/build/lanelet2_traffic_rules' returned '0': CMAKE_PREFIX_PATH=/home/point001/autoware.ai/install/lanelet2_core:/home/point001/autoware.ai/install/mrt_cmake_modules:${CMAKE_PREFIX_PATH} LD_LIBRARY_PATH=/home/point001/autoware.ai/install/lanelet2_core/lib:${LD_LIBRARY_PATH} PKG_CONFIG_PATH=/home/point001/autoware.ai/install/lanelet2_core/lib/x86_64-linux-gnu/pkgconfig:/home/point001/autoware.ai/install/lanelet2_core/lib/pkgconfig:/home/point001/autoware.ai/install/mrt_cmake_modules/lib/x86_64-linux-gnu/pkgconfig:/home/point001/autoware.ai/install/mrt_cmake_modules/lib/pkgconfig:${PKG_CONFIG_PATH} PYTHONPATH=/home/point001/autoware.ai/install/mrt_cmake_modules/lib/python2.7/dist-packages:${PYTHONPATH} ROS_PACKAGE_PATH=/home/point001/autoware.ai/install/lanelet2_core/share:/home/point001/autoware.ai/install/mrt_cmake_modules/share:${ROS_PACKAGE_PATH} /usr/bin/cmake --build /home/point001/autoware.ai/build/lanelet2_traffic_rules -- -j24 -l24
[1.052s] Invoking command in '/home/point001/autoware.ai/build/lanelet2_traffic_rules': CMAKE_PREFIX_PATH=/home/point001/autoware.ai/install/lanelet2_core:/home/point001/autoware.ai/install/mrt_cmake_modules:${CMAKE_PREFIX_PATH} LD_LIBRARY_PATH=/home/point001/autoware.ai/install/lanelet2_core/lib:${LD_LIBRARY_PATH} PKG_CONFIG_PATH=/home/point001/autoware.ai/install/lanelet2_core/lib/x86_64-linux-gnu/pkgconfig:/home/point001/autoware.ai/install/lanelet2_core/lib/pkgconfig:/home/point001/autoware.ai/install/mrt_cmake_modules/lib/x86_64-linux-gnu/pkgconfig:/home/point001/autoware.ai/install/mrt_cmake_modules/lib/pkgconfig:${PKG_CONFIG_PATH} PYTHONPATH=/home/point001/autoware.ai/install/mrt_cmake_modules/lib/python2.7/dist-packages:${PYTHONPATH} ROS_PACKAGE_PATH=/home/point001/autoware.ai/install/lanelet2_core/share:/home/point001/autoware.ai/install/mrt_cmake_modules/share:${ROS_PACKAGE_PATH} /usr/bin/cmake --build /home/point001/autoware.ai/build/lanelet2_traffic_rules --target tests -- -j24 -l24
[1.104s] [  0%] Built target _catkin_empty_exported_target
[1.110s] [ 20%] Built target gtest
[1.131s] [ 60%] Built target lanelet2_traffic_rules
[1.133s] [ 80%] Built target gtest_main
[1.154s] [100%] Built target lanelet2_traffic_rules-lanelet2_traffic_rules-test
[1.170s] [100%] Built target tests
[1.341s] Invoked command in '/home/point001/autoware.ai/build/lanelet2_traffic_rules' returned '0': CMAKE_PREFIX_PATH=/home/point001/autoware.ai/install/lanelet2_core:/home/point001/autoware.ai/install/mrt_cmake_modules:${CMAKE_PREFIX_PATH} LD_LIBRARY_PATH=/home/point001/autoware.ai/install/lanelet2_core/lib:${LD_LIBRARY_PATH} PKG_CONFIG_PATH=/home/point001/autoware.ai/install/lanelet2_core/lib/x86_64-linux-gnu/pkgconfig:/home/point001/autoware.ai/install/lanelet2_core/lib/pkgconfig:/home/point001/autoware.ai/install/mrt_cmake_modules/lib/x86_64-linux-gnu/pkgconfig:/home/point001/autoware.ai/install/mrt_cmake_modules/lib/pkgconfig:${PKG_CONFIG_PATH} PYTHONPATH=/home/point001/autoware.ai/install/mrt_cmake_modules/lib/python2.7/dist-packages:${PYTHONPATH} ROS_PACKAGE_PATH=/home/point001/autoware.ai/install/lanelet2_core/share:/home/point001/autoware.ai/install/mrt_cmake_modules/share:${ROS_PACKAGE_PATH} /usr/bin/cmake --build /home/point001/autoware.ai/build/lanelet2_traffic_rules --target tests -- -j24 -l24
[1.734s] Invoking command in '/home/point001/autoware.ai/build/lanelet2_traffic_rules': CMAKE_PREFIX_PATH=/home/point001/autoware.ai/install/lanelet2_core:/home/point001/autoware.ai/install/mrt_cmake_modules:${CMAKE_PREFIX_PATH} LD_LIBRARY_PATH=/home/point001/autoware.ai/install/lanelet2_core/lib:${LD_LIBRARY_PATH} PKG_CONFIG_PATH=/home/point001/autoware.ai/install/lanelet2_core/lib/x86_64-linux-gnu/pkgconfig:/home/point001/autoware.ai/install/lanelet2_core/lib/pkgconfig:/home/point001/autoware.ai/install/mrt_cmake_modules/lib/x86_64-linux-gnu/pkgconfig:/home/point001/autoware.ai/install/mrt_cmake_modules/lib/pkgconfig:${PKG_CONFIG_PATH} PYTHONPATH=/home/point001/autoware.ai/install/mrt_cmake_modules/lib/python2.7/dist-packages:${PYTHONPATH} ROS_PACKAGE_PATH=/home/point001/autoware.ai/install/lanelet2_core/share:/home/point001/autoware.ai/install/mrt_cmake_modules/share:${ROS_PACKAGE_PATH} /usr/bin/cmake --build /home/point001/autoware.ai/build/lanelet2_traffic_rules --target install -- -j24 -l24
[1.797s] [  0%] Built target _catkin_empty_exported_target
[1.823s] [100%] Built target lanelet2_traffic_rules
[1.845s] [36mInstall the project...[0m
[1.850s] -- Install configuration: "Release"
[1.850s] -- Up-to-date: /home/point001/autoware.ai/install/lanelet2_traffic_rules/lib/pkgconfig/lanelet2_traffic_rules.pc
[1.850s] -- Up-to-date: /home/point001/autoware.ai/install/lanelet2_traffic_rules/share/lanelet2_traffic_rules/cmake/lanelet2_traffic_rulesConfig.cmake
[1.850s] -- Up-to-date: /home/point001/autoware.ai/install/lanelet2_traffic_rules/share/lanelet2_traffic_rules/cmake/lanelet2_traffic_rulesConfig-version.cmake
[1.850s] -- Up-to-date: /home/point001/autoware.ai/install/lanelet2_traffic_rules/share/lanelet2_traffic_rules/package.xml
[1.850s] -- Up-to-date: /home/point001/autoware.ai/install/lanelet2_traffic_rules/lib/liblanelet2_traffic_rules.so
[1.850s] -- Up-to-date: /home/point001/autoware.ai/install/lanelet2_traffic_rules/include/lanelet2_traffic_rules
[1.853s] -- Up-to-date: /home/point001/autoware.ai/install/lanelet2_traffic_rules/include/lanelet2_traffic_rules/TrafficRulesFactory.h
[1.853s] -- Up-to-date: /home/point001/autoware.ai/install/lanelet2_traffic_rules/include/lanelet2_traffic_rules/TrafficRules.h
[1.853s] -- Up-to-date: /home/point001/autoware.ai/install/lanelet2_traffic_rules/include/lanelet2_traffic_rules/GenericTrafficRules.h
[1.853s] -- Up-to-date: /home/point001/autoware.ai/install/lanelet2_traffic_rules/include/lanelet2_traffic_rules/GermanTrafficRules.h
[1.853s] -- Up-to-date: /home/point001/autoware.ai/install/lanelet2_traffic_rules/include/lanelet2_traffic_rules/internal
[1.853s] -- Up-to-date: /home/point001/autoware.ai/install/lanelet2_traffic_rules/include/lanelet2_traffic_rules/Exceptions.h
[2.064s] Invoked command in '/home/point001/autoware.ai/build/lanelet2_traffic_rules' returned '0': CMAKE_PREFIX_PATH=/home/point001/autoware.ai/install/lanelet2_core:/home/point001/autoware.ai/install/mrt_cmake_modules:${CMAKE_PREFIX_PATH} LD_LIBRARY_PATH=/home/point001/autoware.ai/install/lanelet2_core/lib:${LD_LIBRARY_PATH} PKG_CONFIG_PATH=/home/point001/autoware.ai/install/lanelet2_core/lib/x86_64-linux-gnu/pkgconfig:/home/point001/autoware.ai/install/lanelet2_core/lib/pkgconfig:/home/point001/autoware.ai/install/mrt_cmake_modules/lib/x86_64-linux-gnu/pkgconfig:/home/point001/autoware.ai/install/mrt_cmake_modules/lib/pkgconfig:${PKG_CONFIG_PATH} PYTHONPATH=/home/point001/autoware.ai/install/mrt_cmake_modules/lib/python2.7/dist-packages:${PYTHONPATH} ROS_PACKAGE_PATH=/home/point001/autoware.ai/install/lanelet2_core/share:/home/point001/autoware.ai/install/mrt_cmake_modules/share:${ROS_PACKAGE_PATH} /usr/bin/cmake --build /home/point001/autoware.ai/build/lanelet2_traffic_rules --target install -- -j24 -l24
