[0.258s] Invoking command in '/home/point001/autoware.ai/build/autoware_bag_tools': /usr/bin/cmake --build /home/point001/autoware.ai/build/autoware_bag_tools -- -j24 -l24
[0.599s] [  0%] Built target std_msgs_generate_messages_py
[0.599s] [  0%] Built target nmea_msgs_generate_messages_nodejs
[0.599s] [  0%] Built target roscpp_generate_messages_lisp
[0.599s] [  0%] Built target std_msgs_generate_messages_eus
[0.599s] [  0%] Built target topic_tools_generate_messages_eus
[0.599s] [  0%] Built target std_srvs_generate_messages_cpp
[0.599s] [  0%] Built target roscpp_generate_messages_cpp
[0.600s] [  0%] Built target nmea_msgs_generate_messages_lisp
[0.600s] [  0%] Built target nmea_msgs_generate_messages_py
[0.600s] [  0%] Built target nmea_msgs_generate_messages_eus
[0.600s] [  0%] Built target std_msgs_generate_messages_nodejs
[0.600s] [  0%] Built target std_srvs_generate_messages_nodejs
[0.601s] [  0%] Built target std_srvs_generate_messages_eus
[0.601s] [  0%] Built target std_msgs_generate_messages_cpp
[0.601s] [  0%] Built target topic_tools_generate_messages_py
[0.602s] [  0%] Built target roscpp_generate_messages_eus
[0.602s] [  0%] Built target std_msgs_generate_messages_lisp
[0.603s] [  0%] Built target rosgraph_msgs_generate_messages_lisp
[0.603s] [  0%] Built target rosgraph_msgs_generate_messages_py
[0.603s] [  0%] Built target rosgraph_msgs_generate_messages_eus
[0.603s] [  0%] Built target roscpp_generate_messages_py
[0.603s] [  0%] Built target nmea_msgs_generate_messages_cpp
[0.603s] [  0%] Built target roscpp_generate_messages_nodejs
[0.603s] [  0%] Built target topic_tools_generate_messages_nodejs
[0.603s] [  0%] Built target rosgraph_msgs_generate_messages_nodejs
[0.603s] [  0%] Built target rosgraph_msgs_generate_messages_cpp
[0.604s] [  0%] Built target std_srvs_generate_messages_py
[0.604s] [  0%] Built target topic_tools_generate_messages_lisp
[0.604s] [  0%] Built target topic_tools_generate_messages_cpp
[0.604s] [  0%] Built target std_srvs_generate_messages_lisp
[0.635s] [100%] Built target nmea2kml
[0.694s] Invoked command in '/home/point001/autoware.ai/build/autoware_bag_tools' returned '0': /usr/bin/cmake --build /home/point001/autoware.ai/build/autoware_bag_tools -- -j24 -l24
[0.799s] Invoking command in '/home/point001/autoware.ai/build/autoware_bag_tools': /usr/bin/cmake --build /home/point001/autoware.ai/build/autoware_bag_tools --target tests -- -j24 -l24
[0.874s] Built target tests
[0.929s] Invoked command in '/home/point001/autoware.ai/build/autoware_bag_tools' returned '0': /usr/bin/cmake --build /home/point001/autoware.ai/build/autoware_bag_tools --target tests -- -j24 -l24
[1.059s] Invoking command in '/home/point001/autoware.ai/build/autoware_bag_tools': /usr/bin/cmake --build /home/point001/autoware.ai/build/autoware_bag_tools --target install -- -j24 -l24
[1.150s] [  0%] Built target nmea_msgs_generate_messages_py
[1.151s] [  0%] Built target std_msgs_generate_messages_eus
[1.166s] [  0%] Built target nmea_msgs_generate_messages_nodejs
[1.183s] [  0%] Built target rosgraph_msgs_generate_messages_lisp
[1.183s] [  0%] Built target roscpp_generate_messages_lisp
[1.184s] [  0%] Built target std_srvs_generate_messages_cpp
[1.184s] [  0%] Built target nmea_msgs_generate_messages_cpp
[1.184s] [  0%] Built target topic_tools_generate_messages_eus
[1.191s] [  0%] Built target std_msgs_generate_messages_py
[1.191s] [  0%] Built target roscpp_generate_messages_eus
[1.192s] [  0%] Built target rosgraph_msgs_generate_messages_py
[1.193s] [  0%] Built target std_msgs_generate_messages_nodejs
[1.194s] [  0%] Built target nmea_msgs_generate_messages_eus
[1.195s] [  0%] Built target rosgraph_msgs_generate_messages_nodejs
[1.198s] [  0%] Built target std_msgs_generate_messages_lisp
[1.206s] [  0%] Built target std_msgs_generate_messages_cpp
[1.207s] [  0%] Built target topic_tools_generate_messages_py
[1.212s] [  0%] Built target std_srvs_generate_messages_eus
[1.221s] [  0%] Built target roscpp_generate_messages_py
[1.221s] [  0%] Built target nmea_msgs_generate_messages_lisp
[1.229s] [  0%] Built target std_srvs_generate_messages_nodejs
[1.229s] [  0%] Built target rosgraph_msgs_generate_messages_cpp
[1.238s] [  0%] Built target roscpp_generate_messages_cpp
[1.238s] [  0%] Built target topic_tools_generate_messages_lisp
[1.238s] [  0%] Built target topic_tools_generate_messages_nodejs
[1.241s] [  0%] Built target std_srvs_generate_messages_py
[1.245s] [  0%] Built target roscpp_generate_messages_nodejs
[1.250s] [  0%] Built target std_srvs_generate_messages_lisp
[1.250s] [  0%] Built target rosgraph_msgs_generate_messages_eus
[1.250s] [  0%] Built target topic_tools_generate_messages_cpp
[1.346s] [100%] Built target nmea2kml
[1.371s] [36mInstall the project...[0m
[1.380s] -- Install configuration: "Release"
[1.380s] -- Up-to-date: /home/point001/autoware.ai/install/autoware_bag_tools/lib/pkgconfig/autoware_bag_tools.pc
[1.380s] -- Up-to-date: /home/point001/autoware.ai/install/autoware_bag_tools/share/autoware_bag_tools/cmake/autoware_bag_toolsConfig.cmake
[1.380s] -- Up-to-date: /home/point001/autoware.ai/install/autoware_bag_tools/share/autoware_bag_tools/cmake/autoware_bag_toolsConfig-version.cmake
[1.381s] -- Up-to-date: /home/point001/autoware.ai/install/autoware_bag_tools/share/autoware_bag_tools/package.xml
[1.381s] -- Up-to-date: /home/point001/autoware.ai/install/autoware_bag_tools/lib/autoware_bag_tools/change_frame_id.py
[1.381s] -- Up-to-date: /home/point001/autoware.ai/install/autoware_bag_tools/lib/autoware_bag_tools/replace_msg_time_with_hdr.py
[1.381s] -- Up-to-date: /home/point001/autoware.ai/install/autoware_bag_tools/lib/autoware_bag_tools/nmea2kml
[1.450s] Invoked command in '/home/point001/autoware.ai/build/autoware_bag_tools' returned '0': /usr/bin/cmake --build /home/point001/autoware.ai/build/autoware_bag_tools --target install -- -j24 -l24
