[0.194s] Invoking command in '/home/point001/autoware.ai/build/autoware_health_checker': CMAKE_PREFIX_PATH=/home/point001/autoware.ai/install/ros_observer:/home/point001/autoware.ai/install/autoware_system_msgs:${CMAKE_PREFIX_PATH} LD_LIBRARY_PATH=/home/point001/autoware.ai/install/ros_observer/lib:/opt/ros/melodic/lib:/usr/local/cuda-10.0/lib64 PKG_CONFIG_PATH=/home/point001/autoware.ai/install/ros_observer/lib/x86_64-linux-gnu/pkgconfig:/home/point001/autoware.ai/install/ros_observer/lib/pkgconfig:/home/point001/autoware.ai/install/autoware_system_msgs/lib/x86_64-linux-gnu/pkgconfig:/home/point001/autoware.ai/install/autoware_system_msgs/lib/pkgconfig:${PKG_CONFIG_PATH} PYTHONPATH=/home/point001/autoware.ai/install/autoware_system_msgs/lib/python2.7/dist-packages:${PYTHONPATH} ROS_PACKAGE_PATH=/home/point001/autoware.ai/install/ros_observer/share:/home/point001/autoware.ai/install/autoware_system_msgs/share:${ROS_PACKAGE_PATH} /usr/bin/cmake --build /home/point001/autoware.ai/build/autoware_health_checker -- -j24 -l24
[0.314s] [  0%] Built target people_msgs_generate_messages_cpp
[0.314s] [  0%] Built target nav_msgs_generate_messages_nodejs
[0.314s] [  0%] Built target tf2_msgs_generate_messages_cpp
[0.314s] [  0%] Built target people_msgs_generate_messages_lisp
[0.315s] [  0%] Built target dynamic_reconfigure_generate_messages_nodejs
[0.315s] [  0%] Built target map_msgs_generate_messages_lisp
[0.316s] [  0%] Built target nav_msgs_generate_messages_eus
[0.316s] [  0%] Built target rviz_generate_messages_eus
[0.316s] [  0%] Built target visualization_msgs_generate_messages_py
[0.316s] [  0%] Built target visualization_msgs_generate_messages_eus
[0.316s] [  0%] Built target actionlib_generate_messages_cpp
[0.316s] [  0%] Built target topic_tools_generate_messages_nodejs
[0.316s] [  0%] Built target tf2_msgs_generate_messages_eus
[0.316s] [  0%] Built target actionlib_generate_messages_py
[0.316s] [  0%] Built target tf2_msgs_generate_messages_py
[0.317s] [  0%] Built target people_msgs_generate_messages_eus
[0.317s] [  0%] Built target rviz_generate_messages_cpp
[0.317s] [  0%] Built target tf2_msgs_generate_messages_nodejs
[0.317s] [  0%] Built target rviz_generate_messages_py
[0.317s] [  0%] Built target visualization_msgs_generate_messages_cpp
[0.317s] [  0%] Built target map_msgs_generate_messages_cpp
[0.317s] [  0%] Built target visualization_msgs_generate_messages_nodejs
[0.321s] [  0%] Built target tf_generate_messages_nodejs
[0.321s] [  0%] Built target topic_tools_generate_messages_eus
[0.321s] [  0%] Built target std_srvs_generate_messages_py
[0.321s] [  0%] Built target tf_generate_messages_lisp
[0.321s] [  0%] Built target std_srvs_generate_messages_lisp
[0.325s] [  0%] Built target std_srvs_generate_messages_nodejs
[0.325s] [  0%] Built target bond_generate_messages_eus
[0.325s] [  0%] Built target bond_generate_messages_lisp
[0.326s] [  0%] Built target nav_msgs_generate_messages_py
[0.326s] [  0%] Built target nodelet_generate_messages_lisp
[0.326s] [  0%] Built target bond_generate_messages_nodejs
[0.326s] [  0%] Built target topic_tools_generate_messages_cpp
[0.326s] [  0%] Built target bond_generate_messages_py
[0.329s] [  0%] Built target nodelet_generate_messages_eus
[0.336s] [  0%] Built target nodelet_generate_messages_nodejs
[0.336s] [  0%] Built target dynamic_reconfigure_gencfg
[0.336s] [  0%] Built target map_msgs_generate_messages_eus
[0.336s] [  0%] Built target nodelet_generate_messages_cpp
[0.336s] [  0%] Built target jsk_rviz_plugins_generate_messages_nodejs
[0.340s] [  0%] Built target jsk_hark_msgs_generate_messages_eus
[0.340s] [  0%] Built target tf2_msgs_generate_messages_lisp
[0.341s] [  0%] Built target jsk_rviz_plugins_gencfg
[0.347s] [  0%] Built target rviz_generate_messages_lisp
[0.352s] [  0%] Built target jsk_hark_msgs_generate_messages_nodejs
[0.352s] [  0%] Built target bond_generate_messages_cpp
[0.353s] [  0%] Built target jsk_rviz_plugins_generate_messages_py
[0.353s] [  0%] Built target visualization_msgs_generate_messages_lisp
[0.353s] [  0%] Built target dynamic_reconfigure_generate_messages_py
[0.358s] [  0%] Built target std_msgs_generate_messages_eus
[0.359s] [  0%] Built target diagnostic_msgs_generate_messages_nodejs
[0.368s] [  0%] Built target diagnostic_msgs_generate_messages_lisp
[0.368s] [  0%] Built target rviz_generate_messages_nodejs
[0.369s] [  0%] Built target roscpp_generate_messages_py
[0.374s] [  0%] Built target std_srvs_generate_messages_cpp
[0.380s] [  0%] Built target std_msgs_generate_messages_py
[0.380s] [  0%] Built target people_msgs_generate_messages_py
[0.380s] [  0%] Built target autoware_system_msgs_generate_messages_cpp
[0.382s] [  0%] Built target map_msgs_generate_messages_nodejs
[0.382s] [  0%] Built target autoware_system_msgs_generate_messages_lisp
[0.391s] [  0%] Built target topic_tools_generate_messages_py
[0.391s] [  0%] Built target dynamic_reconfigure_generate_messages_eus
[0.391s] [  0%] Built target sensor_msgs_generate_messages_eus
[0.394s] [  0%] Built target actionlib_msgs_generate_messages_lisp
[0.395s] [  0%] Built target actionlib_msgs_generate_messages_nodejs
[0.395s] [  0%] Built target std_msgs_generate_messages_cpp
[0.397s] [  0%] Built target jsk_footstep_msgs_generate_messages_py
[0.397s] [  0%] Built target geometry_msgs_generate_messages_eus
[0.397s] [  0%] Built target diagnostic_msgs_generate_messages_eus
[0.403s] [  0%] Built target roscpp_generate_messages_cpp
[0.403s] [  0%] Built target nodelet_topic_tools_gencfg
[0.405s] [  0%] Built target nav_msgs_generate_messages_cpp
[0.407s] [  0%] Built target autoware_system_msgs_generate_messages_py
[0.407s] [  0%] Built target sensor_msgs_generate_messages_lisp
[0.407s] [  0%] Built target autoware_system_msgs_generate_messages_nodejs
[0.408s] [  0%] Built target sensor_msgs_generate_messages_nodejs
[0.408s] [  0%] Built target diagnostic_msgs_generate_messages_py
[0.408s] [  0%] Built target geometry_msgs_generate_messages_nodejs
[0.416s] [  0%] Built target std_msgs_generate_messages_lisp
[0.419s] [  0%] Built target geometry_msgs_generate_messages_cpp
[0.419s] [  0%] Built target actionlib_generate_messages_lisp
[0.419s] [  0%] Built target autoware_system_msgs_generate_messages_eus
[0.419s] [  0%] Built target rosgraph_msgs_generate_messages_lisp
[0.423s] [  0%] Built target roscpp_generate_messages_nodejs
[0.423s] [  0%] Built target jsk_rviz_plugins_generate_messages_cpp
[0.424s] [  0%] Built target tf_generate_messages_py
[0.424s] [  0%] Built target jsk_recognition_msgs_generate_messages_nodejs
[0.427s] [  0%] Built target roscpp_generate_messages_lisp
[0.427s] [  0%] Built target rosgraph_msgs_generate_messages_cpp
[0.427s] [  0%] Built target geometry_msgs_generate_messages_lisp
[0.431s] [  0%] Built target rosgraph_msgs_generate_messages_eus
[0.431s] [  0%] Built target dynamic_reconfigure_generate_messages_cpp
[0.432s] [  0%] Built target jsk_rviz_plugins_generate_messages_lisp
[0.432s] [  0%] Built target rosgraph_msgs_generate_messages_nodejs
[0.433s] [  0%] Built target std_srvs_generate_messages_eus
[0.433s] [  0%] Built target jsk_recognition_utils_gencfg
[0.434s] [  0%] Built target jsk_hark_msgs_generate_messages_lisp
[0.441s] [  0%] Built target std_msgs_generate_messages_nodejs
[0.441s] [  0%] Built target jsk_hark_msgs_generate_messages_py
[0.441s] [  0%] Built target jsk_hark_msgs_generate_messages_cpp
[0.444s] [  0%] Built target actionlib_msgs_generate_messages_py
[0.445s] [  0%] Built target jsk_footstep_msgs_generate_messages_eus
[0.446s] [  0%] Built target nav_msgs_generate_messages_lisp
[0.446s] [  0%] Built target jsk_footstep_msgs_generate_messages_lisp
[0.449s] [  0%] Built target tf_generate_messages_eus
[0.449s] [  0%] Built target actionlib_msgs_generate_messages_cpp
[0.449s] [  0%] Built target jsk_footstep_msgs_generate_messages_nodejs
[0.449s] [  0%] Built target geometry_msgs_generate_messages_py
[0.449s] [  0%] Built target pcl_msgs_generate_messages_nodejs
[0.455s] [  0%] Built target jsk_footstep_msgs_generate_messages_cpp
[0.455s] [  0%] Built target topic_tools_generate_messages_lisp
[0.455s] [  0%] Built target rosgraph_msgs_generate_messages_py
[0.458s] [  0%] Built target jsk_recognition_msgs_generate_messages_lisp
[0.458s] [  0%] Built target sensor_msgs_generate_messages_cpp
[0.458s] [  0%] Built target jsk_recognition_msgs_generate_messages_py
[0.461s] [  0%] Built target jsk_recognition_msgs_generate_messages_cpp
[0.461s] [  0%] Built target actionlib_msgs_generate_messages_eus
[0.461s] [  0%] Built target nodelet_generate_messages_py
[0.461s] [  0%] Built target jsk_recognition_msgs_generate_messages_eus
[0.462s] [  0%] Built target sensor_msgs_generate_messages_py
[0.465s] [  0%] Built target roscpp_generate_messages_eus
[0.465s] [  0%] Built target people_msgs_generate_messages_nodejs
[0.467s] [  0%] Built target dynamic_reconfigure_generate_messages_lisp
[0.467s] [  0%] Built target pcl_msgs_generate_messages_cpp
[0.469s] [  0%] Built target pcl_msgs_generate_messages_eus
[0.472s] [  0%] Built target pcl_msgs_generate_messages_lisp
[0.472s] [  0%] Built target pcl_msgs_generate_messages_py
[0.472s] [  0%] Built target actionlib_generate_messages_eus
[0.472s] [  0%] Built target actionlib_generate_messages_nodejs
[0.472s] [  0%] Built target diagnostic_msgs_generate_messages_cpp
[0.474s] [  0%] Built target map_msgs_generate_messages_py
[0.474s] [  0%] Built target pcl_ros_gencfg
[0.474s] [  0%] Built target tf_generate_messages_cpp
[0.477s] [  0%] Built target jsk_rviz_plugins_generate_messages_eus
[0.498s] [ 13%] Built target system_status_subscriber
[0.500s] [ 53%] Built target health_analyzer
[0.500s] [ 73%] Built target health_checker
[0.527s] [100%] Built target health_aggregator
[0.615s] Invoked command in '/home/point001/autoware.ai/build/autoware_health_checker' returned '0': CMAKE_PREFIX_PATH=/home/point001/autoware.ai/install/ros_observer:/home/point001/autoware.ai/install/autoware_system_msgs:${CMAKE_PREFIX_PATH} LD_LIBRARY_PATH=/home/point001/autoware.ai/install/ros_observer/lib:/opt/ros/melodic/lib:/usr/local/cuda-10.0/lib64 PKG_CONFIG_PATH=/home/point001/autoware.ai/install/ros_observer/lib/x86_64-linux-gnu/pkgconfig:/home/point001/autoware.ai/install/ros_observer/lib/pkgconfig:/home/point001/autoware.ai/install/autoware_system_msgs/lib/x86_64-linux-gnu/pkgconfig:/home/point001/autoware.ai/install/autoware_system_msgs/lib/pkgconfig:${PKG_CONFIG_PATH} PYTHONPATH=/home/point001/autoware.ai/install/autoware_system_msgs/lib/python2.7/dist-packages:${PYTHONPATH} ROS_PACKAGE_PATH=/home/point001/autoware.ai/install/ros_observer/share:/home/point001/autoware.ai/install/autoware_system_msgs/share:${ROS_PACKAGE_PATH} /usr/bin/cmake --build /home/point001/autoware.ai/build/autoware_health_checker -- -j24 -l24
[1.103s] Invoking command in '/home/point001/autoware.ai/build/autoware_health_checker': CMAKE_PREFIX_PATH=/home/point001/autoware.ai/install/ros_observer:/home/point001/autoware.ai/install/autoware_system_msgs:${CMAKE_PREFIX_PATH} LD_LIBRARY_PATH=/home/point001/autoware.ai/install/ros_observer/lib:/opt/ros/melodic/lib:/usr/local/cuda-10.0/lib64 PKG_CONFIG_PATH=/home/point001/autoware.ai/install/ros_observer/lib/x86_64-linux-gnu/pkgconfig:/home/point001/autoware.ai/install/ros_observer/lib/pkgconfig:/home/point001/autoware.ai/install/autoware_system_msgs/lib/x86_64-linux-gnu/pkgconfig:/home/point001/autoware.ai/install/autoware_system_msgs/lib/pkgconfig:${PKG_CONFIG_PATH} PYTHONPATH=/home/point001/autoware.ai/install/autoware_system_msgs/lib/python2.7/dist-packages:${PYTHONPATH} ROS_PACKAGE_PATH=/home/point001/autoware.ai/install/ros_observer/share:/home/point001/autoware.ai/install/autoware_system_msgs/share:${ROS_PACKAGE_PATH} /usr/bin/cmake --build /home/point001/autoware.ai/build/autoware_health_checker --target tests -- -j24 -l24
[1.285s] [ 22%] Built target gtest
[1.332s] [100%] Built target test-autoware_health_checker
[1.378s] [100%] Built target tests
[1.569s] Invoked command in '/home/point001/autoware.ai/build/autoware_health_checker' returned '0': CMAKE_PREFIX_PATH=/home/point001/autoware.ai/install/ros_observer:/home/point001/autoware.ai/install/autoware_system_msgs:${CMAKE_PREFIX_PATH} LD_LIBRARY_PATH=/home/point001/autoware.ai/install/ros_observer/lib:/opt/ros/melodic/lib:/usr/local/cuda-10.0/lib64 PKG_CONFIG_PATH=/home/point001/autoware.ai/install/ros_observer/lib/x86_64-linux-gnu/pkgconfig:/home/point001/autoware.ai/install/ros_observer/lib/pkgconfig:/home/point001/autoware.ai/install/autoware_system_msgs/lib/x86_64-linux-gnu/pkgconfig:/home/point001/autoware.ai/install/autoware_system_msgs/lib/pkgconfig:${PKG_CONFIG_PATH} PYTHONPATH=/home/point001/autoware.ai/install/autoware_system_msgs/lib/python2.7/dist-packages:${PYTHONPATH} ROS_PACKAGE_PATH=/home/point001/autoware.ai/install/ros_observer/share:/home/point001/autoware.ai/install/autoware_system_msgs/share:${ROS_PACKAGE_PATH} /usr/bin/cmake --build /home/point001/autoware.ai/build/autoware_health_checker --target tests -- -j24 -l24
[2.144s] Invoking command in '/home/point001/autoware.ai/build/autoware_health_checker': CMAKE_PREFIX_PATH=/home/point001/autoware.ai/install/ros_observer:/home/point001/autoware.ai/install/autoware_system_msgs:${CMAKE_PREFIX_PATH} LD_LIBRARY_PATH=/home/point001/autoware.ai/install/ros_observer/lib:/opt/ros/melodic/lib:/usr/local/cuda-10.0/lib64 PKG_CONFIG_PATH=/home/point001/autoware.ai/install/ros_observer/lib/x86_64-linux-gnu/pkgconfig:/home/point001/autoware.ai/install/ros_observer/lib/pkgconfig:/home/point001/autoware.ai/install/autoware_system_msgs/lib/x86_64-linux-gnu/pkgconfig:/home/point001/autoware.ai/install/autoware_system_msgs/lib/pkgconfig:${PKG_CONFIG_PATH} PYTHONPATH=/home/point001/autoware.ai/install/autoware_system_msgs/lib/python2.7/dist-packages:${PYTHONPATH} ROS_PACKAGE_PATH=/home/point001/autoware.ai/install/ros_observer/share:/home/point001/autoware.ai/install/autoware_system_msgs/share:${ROS_PACKAGE_PATH} /usr/bin/cmake --build /home/point001/autoware.ai/build/autoware_health_checker --target install -- -j24 -l24
[2.242s] [  0%] Built target visualization_msgs_generate_messages_py
[2.242s] [  0%] Built target rviz_generate_messages_py
[2.242s] [  0%] Built target actionlib_generate_messages_cpp
[2.242s] [  0%] Built target visualization_msgs_generate_messages_eus
[2.242s] [  0%] Built target nav_msgs_generate_messages_eus
[2.242s] [  0%] Built target tf_generate_messages_lisp
[2.243s] [  0%] Built target people_msgs_generate_messages_lisp
[2.243s] [  0%] Built target visualization_msgs_generate_messages_nodejs
[2.243s] [  0%] Built target map_msgs_generate_messages_lisp
[2.243s] [  0%] Built target tf2_msgs_generate_messages_cpp
[2.243s] [  0%] Built target dynamic_reconfigure_generate_messages_nodejs
[2.243s] [  0%] Built target rviz_generate_messages_cpp
[2.243s] [  0%] Built target tf2_msgs_generate_messages_eus
[2.243s] [  0%] Built target nav_msgs_generate_messages_nodejs
[2.243s] [  0%] Built target tf_generate_messages_nodejs
[2.243s] [  0%] Built target topic_tools_generate_messages_nodejs
[2.243s] [  0%] Built target tf2_msgs_generate_messages_nodejs
[2.243s] [  0%] Built target rviz_generate_messages_eus
[2.243s] [  0%] Built target visualization_msgs_generate_messages_cpp
[2.244s] [  0%] Built target tf2_msgs_generate_messages_py
[2.250s] [  0%] Built target people_msgs_generate_messages_cpp
[2.250s] [  0%] Built target actionlib_generate_messages_py
[2.258s] [  0%] Built target std_srvs_generate_messages_nodejs
[2.259s] [  0%] Built target people_msgs_generate_messages_eus
[2.267s] [  0%] Built target bond_generate_messages_cpp
[2.268s] [  0%] Built target nodelet_generate_messages_lisp
[2.270s] [  0%] Built target std_srvs_generate_messages_lisp
[2.278s] [  0%] Built target bond_generate_messages_py
[2.279s] [  0%] Built target topic_tools_generate_messages_cpp
[2.279s] [  0%] Built target std_srvs_generate_messages_py
[2.279s] [  0%] Built target bond_generate_messages_eus
[2.280s] [  0%] Built target map_msgs_generate_messages_cpp
[2.291s] [  0%] Built target bond_generate_messages_lisp
[2.291s] [  0%] Built target bond_generate_messages_nodejs
[2.291s] [  0%] Built target jsk_hark_msgs_generate_messages_eus
[2.291s] [  0%] Built target map_msgs_generate_messages_eus
[2.292s] [  0%] Built target tf2_msgs_generate_messages_lisp
[2.294s] [  0%] Built target nodelet_generate_messages_nodejs
[2.303s] [  0%] Built target topic_tools_generate_messages_eus
[2.303s] [  0%] Built target nodelet_generate_messages_cpp
[2.307s] [  0%] Built target nodelet_generate_messages_eus
[2.316s] [  0%] Built target jsk_rviz_plugins_generate_messages_py
[2.317s] [  0%] Built target dynamic_reconfigure_generate_messages_py
[2.318s] [  0%] Built target jsk_hark_msgs_generate_messages_nodejs
[2.319s] [  0%] Built target nav_msgs_generate_messages_py
[2.319s] [  0%] Built target visualization_msgs_generate_messages_lisp
[2.321s] [  0%] Built target diagnostic_msgs_generate_messages_lisp
[2.324s] [  0%] Built target jsk_rviz_plugins_gencfg
[2.324s] [  0%] Built target dynamic_reconfigure_gencfg
[2.327s] [  0%] Built target std_msgs_generate_messages_eus
[2.328s] [  0%] Built target roscpp_generate_messages_py
[2.335s] [  0%] Built target rviz_generate_messages_nodejs
[2.335s] [  0%] Built target nav_msgs_generate_messages_cpp
[2.335s] [  0%] Built target jsk_rviz_plugins_generate_messages_nodejs
[2.335s] [  0%] Built target dynamic_reconfigure_generate_messages_eus
[2.351s] [  0%] Built target sensor_msgs_generate_messages_eus
[2.352s] [  0%] Built target geometry_msgs_generate_messages_eus
[2.354s] [  0%] Built target autoware_system_msgs_generate_messages_cpp
[2.354s] [  0%] Built target rviz_generate_messages_lisp
[2.354s] [  0%] Built target diagnostic_msgs_generate_messages_nodejs
[2.354s] [  0%] Built target std_srvs_generate_messages_cpp
[2.355s] [  0%] Built target actionlib_msgs_generate_messages_nodejs
[2.355s] [  0%] Built target topic_tools_generate_messages_py
[2.368s] [  0%] Built target sensor_msgs_generate_messages_lisp
[2.368s] [  0%] Built target map_msgs_generate_messages_nodejs
[2.368s] [  0%] Built target autoware_system_msgs_generate_messages_nodejs
[2.370s] [  0%] Built target roscpp_generate_messages_cpp
[2.376s] [  0%] Built target people_msgs_generate_messages_py
[2.376s] [  0%] Built target actionlib_msgs_generate_messages_lisp
[2.376s] [  0%] Built target nodelet_topic_tools_gencfg
[2.376s] [  0%] Built target sensor_msgs_generate_messages_nodejs
[2.376s] [  0%] Built target std_msgs_generate_messages_py
[2.384s] [  0%] Built target autoware_system_msgs_generate_messages_eus
[2.384s] [  0%] Built target jsk_rviz_plugins_generate_messages_cpp
[2.385s] [  0%] Built target diagnostic_msgs_generate_messages_eus
[2.386s] [  0%] Built target jsk_footstep_msgs_generate_messages_py
[2.392s] [  0%] Built target std_msgs_generate_messages_cpp
[2.393s] [  0%] Built target diagnostic_msgs_generate_messages_py
[2.394s] [  0%] Built target autoware_system_msgs_generate_messages_py
[2.396s] [  0%] Built target autoware_system_msgs_generate_messages_lisp
[2.410s] [  0%] Built target geometry_msgs_generate_messages_nodejs
[2.410s] [  0%] Built target rosgraph_msgs_generate_messages_lisp
[2.411s] [  0%] Built target std_msgs_generate_messages_lisp
[2.411s] [  0%] Built target geometry_msgs_generate_messages_cpp
[2.411s] [  0%] Built target roscpp_generate_messages_nodejs
[2.412s] [  0%] Built target rosgraph_msgs_generate_messages_eus
[2.421s] [  0%] Built target rosgraph_msgs_generate_messages_cpp
[2.421s] [  0%] Built target jsk_recognition_utils_gencfg
[2.421s] [  0%] Built target actionlib_generate_messages_lisp
[2.421s] [  0%] Built target dynamic_reconfigure_generate_messages_cpp
[2.421s] [  0%] Built target tf_generate_messages_py
[2.426s] [  0%] Built target std_srvs_generate_messages_eus
[2.430s] [  0%] Built target geometry_msgs_generate_messages_lisp
[2.430s] [  0%] Built target jsk_recognition_msgs_generate_messages_nodejs
[2.445s] [  0%] Built target std_msgs_generate_messages_nodejs
[2.445s] [  0%] Built target rosgraph_msgs_generate_messages_nodejs
[2.445s] [  0%] Built target jsk_hark_msgs_generate_messages_py
[2.445s] [  0%] Built target jsk_hark_msgs_generate_messages_cpp
[2.452s] [  0%] Built target jsk_footstep_msgs_generate_messages_cpp
[2.452s] [  0%] Built target jsk_hark_msgs_generate_messages_lisp
[2.453s] [  0%] Built target jsk_rviz_plugins_generate_messages_lisp
[2.455s] [  0%] Built target jsk_footstep_msgs_generate_messages_eus
[2.461s] [  0%] Built target nav_msgs_generate_messages_lisp
[2.462s] [  0%] Built target geometry_msgs_generate_messages_py
[2.462s] [  0%] Built target pcl_msgs_generate_messages_nodejs
[2.462s] [  0%] Built target tf_generate_messages_eus
[2.462s] [  0%] Built target actionlib_msgs_generate_messages_py
[2.465s] [  0%] Built target jsk_recognition_msgs_generate_messages_eus
[2.465s] [  0%] Built target roscpp_generate_messages_lisp
[2.472s] [  0%] Built target actionlib_msgs_generate_messages_eus
[2.479s] [  0%] Built target actionlib_msgs_generate_messages_cpp
[2.480s] [  0%] Built target jsk_recognition_msgs_generate_messages_cpp
[2.487s] [  0%] Built target jsk_footstep_msgs_generate_messages_nodejs
[2.490s] [  0%] Built target pcl_msgs_generate_messages_cpp
[2.495s] [  0%] Built target jsk_recognition_msgs_generate_messages_lisp
[2.496s] [  0%] Built target rosgraph_msgs_generate_messages_py
[2.498s] [  0%] Built target roscpp_generate_messages_eus
[2.498s] [  0%] Built target nodelet_generate_messages_py
[2.498s] [  0%] Built target sensor_msgs_generate_messages_cpp
[2.498s] [  0%] Built target jsk_footstep_msgs_generate_messages_lisp
[2.498s] [  0%] Built target sensor_msgs_generate_messages_py
[2.498s] [  0%] Built target jsk_recognition_msgs_generate_messages_py
[2.499s] [  0%] Built target pcl_msgs_generate_messages_lisp
[2.500s] [  0%] Built target people_msgs_generate_messages_nodejs
[2.511s] [  0%] Built target dynamic_reconfigure_generate_messages_lisp
[2.512s] [  0%] Built target topic_tools_generate_messages_lisp
[2.512s] [  0%] Built target pcl_msgs_generate_messages_eus
[2.512s] [  0%] Built target map_msgs_generate_messages_py
[2.512s] [  0%] Built target actionlib_generate_messages_nodejs
[2.512s] [  0%] Built target pcl_msgs_generate_messages_py
[2.516s] [  0%] Built target jsk_rviz_plugins_generate_messages_eus
[2.521s] [  0%] Built target tf_generate_messages_cpp
[2.524s] [  0%] Built target actionlib_generate_messages_eus
[2.524s] [  0%] Built target pcl_ros_gencfg
[2.526s] [  0%] Built target diagnostic_msgs_generate_messages_cpp
[2.566s] [ 13%] Built target system_status_subscriber
[2.573s] [ 33%] Built target health_analyzer
[2.574s] [ 73%] Built target health_checker
[2.637s] [100%] Built target health_aggregator
[2.680s] [36mInstall the project...[0m
[2.703s] -- Install configuration: "Release"
[2.703s] -- Up-to-date: /home/point001/autoware.ai/install/autoware_health_checker/lib/pkgconfig/autoware_health_checker.pc
[2.707s] -- Up-to-date: /home/point001/autoware.ai/install/autoware_health_checker/share/autoware_health_checker/cmake/autoware_health_checkerConfig.cmake
[2.707s] -- Up-to-date: /home/point001/autoware.ai/install/autoware_health_checker/share/autoware_health_checker/cmake/autoware_health_checkerConfig-version.cmake
[2.707s] -- Up-to-date: /home/point001/autoware.ai/install/autoware_health_checker/share/autoware_health_checker/package.xml
[2.707s] -- Up-to-date: /home/point001/autoware.ai/install/autoware_health_checker/lib/autoware_health_checker/health_aggregator
[2.707s] -- Up-to-date: /home/point001/autoware.ai/install/autoware_health_checker/lib/autoware_health_checker/health_analyzer
[2.707s] -- Up-to-date: /home/point001/autoware.ai/install/autoware_health_checker/include/autoware_health_checker
[2.707s] -- Up-to-date: /home/point001/autoware.ai/install/autoware_health_checker/include/autoware_health_checker/constants.h
[2.707s] -- Up-to-date: /home/point001/autoware.ai/install/autoware_health_checker/include/autoware_health_checker/health_aggregator
[2.707s] -- Up-to-date: /home/point001/autoware.ai/install/autoware_health_checker/include/autoware_health_checker/health_aggregator/status_monitor.h
[2.707s] -- Up-to-date: /home/point001/autoware.ai/install/autoware_health_checker/include/autoware_health_checker/health_aggregator/health_aggregator.h
[2.707s] -- Up-to-date: /home/point001/autoware.ai/install/autoware_health_checker/include/autoware_health_checker/health_checker
[2.707s] -- Up-to-date: /home/point001/autoware.ai/install/autoware_health_checker/include/autoware_health_checker/health_checker/param_manager.h
[2.707s] -- Up-to-date: /home/point001/autoware.ai/install/autoware_health_checker/include/autoware_health_checker/health_checker/diag_buffer.h
[2.708s] -- Up-to-date: /home/point001/autoware.ai/install/autoware_health_checker/include/autoware_health_checker/health_checker/value_manager.h
[2.708s] -- Up-to-date: /home/point001/autoware.ai/install/autoware_health_checker/include/autoware_health_checker/health_checker/rate_checker.h
[2.708s] -- Up-to-date: /home/point001/autoware.ai/install/autoware_health_checker/include/autoware_health_checker/health_checker/health_checker.h
[2.708s] -- Up-to-date: /home/point001/autoware.ai/install/autoware_health_checker/include/autoware_health_checker/system_status_subscriber
[2.708s] -- Up-to-date: /home/point001/autoware.ai/install/autoware_health_checker/include/autoware_health_checker/system_status_subscriber/system_status_subscriber.h
[2.708s] -- Up-to-date: /home/point001/autoware.ai/install/autoware_health_checker/include/autoware_health_checker/health_analyzer
[2.708s] -- Up-to-date: /home/point001/autoware.ai/install/autoware_health_checker/include/autoware_health_checker/health_analyzer/health_analyzer.h
[2.708s] -- Up-to-date: /home/point001/autoware.ai/install/autoware_health_checker/lib/libhealth_checker.so
[2.709s] -- Up-to-date: /home/point001/autoware.ai/install/autoware_health_checker/lib/libsystem_status_subscriber.so
[2.709s] -- Up-to-date: /home/point001/autoware.ai/install/autoware_health_checker/share/autoware_health_checker/launch
[2.709s] -- Up-to-date: /home/point001/autoware.ai/install/autoware_health_checker/share/autoware_health_checker/launch/health_checker.launch
[2.709s] -- Up-to-date: /home/point001/autoware.ai/install/autoware_health_checker/share/autoware_health_checker/launch/health_analyzer.launch
[2.709s] -- Up-to-date: /home/point001/autoware.ai/install/autoware_health_checker/share/autoware_health_checker/config
[2.709s] -- Up-to-date: /home/point001/autoware.ai/install/autoware_health_checker/share/autoware_health_checker/config/README.md
[2.734s] Invoked command in '/home/point001/autoware.ai/build/autoware_health_checker' returned '0': CMAKE_PREFIX_PATH=/home/point001/autoware.ai/install/ros_observer:/home/point001/autoware.ai/install/autoware_system_msgs:${CMAKE_PREFIX_PATH} LD_LIBRARY_PATH=/home/point001/autoware.ai/install/ros_observer/lib:/opt/ros/melodic/lib:/usr/local/cuda-10.0/lib64 PKG_CONFIG_PATH=/home/point001/autoware.ai/install/ros_observer/lib/x86_64-linux-gnu/pkgconfig:/home/point001/autoware.ai/install/ros_observer/lib/pkgconfig:/home/point001/autoware.ai/install/autoware_system_msgs/lib/x86_64-linux-gnu/pkgconfig:/home/point001/autoware.ai/install/autoware_system_msgs/lib/pkgconfig:${PKG_CONFIG_PATH} PYTHONPATH=/home/point001/autoware.ai/install/autoware_system_msgs/lib/python2.7/dist-packages:${PYTHONPATH} ROS_PACKAGE_PATH=/home/point001/autoware.ai/install/ros_observer/share:/home/point001/autoware.ai/install/autoware_system_msgs/share:${ROS_PACKAGE_PATH} /usr/bin/cmake --build /home/point001/autoware.ai/build/autoware_health_checker --target install -- -j24 -l24
