[0.103s] Invoking command in '/home/point001/autoware.ai/build/custom_msgs': /usr/bin/cmake --build /home/point001/autoware.ai/build/custom_msgs -- -j24 -l24
[0.483s] [  0%] Built target std_msgs_generate_messages_cpp
[0.484s] [  0%] Built target _custom_msgs_generate_messages_check_deps_orientationEstimate
[0.484s] [  0%] Built target sensor_msgs_generate_messages_eus
[0.487s] [  0%] Built target std_msgs_generate_messages_lisp
[0.491s] [  0%] Built target geometry_msgs_generate_messages_nodejs
[0.491s] [  0%] Built target geometry_msgs_generate_messages_cpp
[0.491s] [  0%] Built target geometry_msgs_generate_messages_py
[0.491s] [  0%] Built target sensor_msgs_generate_messages_lisp
[0.497s] [  0%] Built target std_msgs_generate_messages_py
[0.511s] [  0%] Built target sensor_msgs_generate_messages_py
[0.528s] [  0%] Built target _custom_msgs_generate_messages_check_deps_sensorSample
[0.528s] [  0%] Built target _custom_msgs_generate_messages_check_deps_baroSample
[0.531s] [  0%] Built target sensor_msgs_generate_messages_cpp
[0.532s] [  0%] Built target _custom_msgs_generate_messages_check_deps_velocityEstimate
[0.540s] [  0%] Built target _custom_msgs_generate_messages_check_deps_positionEstimate
[0.553s] [  0%] Built target _custom_msgs_generate_messages_check_deps_BaroSensorSample
[0.555s] [  0%] Built target geometry_msgs_generate_messages_lisp
[0.562s] [  0%] Built target _custom_msgs_generate_messages_check_deps_GnssSensorSample
[0.578s] [  0%] Built target _custom_msgs_generate_messages_check_deps_gnssSample
[0.578s] [  0%] Built target std_msgs_generate_messages_nodejs
[0.580s] [  0%] Built target _custom_msgs_generate_messages_check_deps_Internal
[0.580s] [  0%] Built target _custom_msgs_generate_messages_check_deps_XsensQuaternion
[0.582s] [  0%] Built target _custom_msgs_generate_messages_check_deps_ImuSensorSample
[0.587s] [  0%] Built target std_msgs_generate_messages_eus
[0.588s] [  0%] Built target geometry_msgs_generate_messages_eus
[0.594s] [  0%] Built target sensor_msgs_generate_messages_nodejs
[0.648s] [ 19%] Built target custom_msgs_generate_messages_lisp
[0.657s] [ 38%] Built target custom_msgs_generate_messages_cpp
[0.662s] [ 59%] Built target custom_msgs_generate_messages_py
[0.663s] [ 80%] Built target custom_msgs_generate_messages_eus
[0.670s] [100%] Built target custom_msgs_generate_messages_nodejs
[0.699s] [100%] Built target custom_msgs_generate_messages
[0.739s] Invoked command in '/home/point001/autoware.ai/build/custom_msgs' returned '0': /usr/bin/cmake --build /home/point001/autoware.ai/build/custom_msgs -- -j24 -l24
[0.866s] Invoking command in '/home/point001/autoware.ai/build/custom_msgs': /usr/bin/cmake --build /home/point001/autoware.ai/build/custom_msgs --target tests -- -j24 -l24
[0.922s] Built target tests
[1.010s] Invoked command in '/home/point001/autoware.ai/build/custom_msgs' returned '0': /usr/bin/cmake --build /home/point001/autoware.ai/build/custom_msgs --target tests -- -j24 -l24
[1.185s] Invoking command in '/home/point001/autoware.ai/build/custom_msgs': /usr/bin/cmake --build /home/point001/autoware.ai/build/custom_msgs --target install -- -j24 -l24
[1.258s] [  0%] Built target std_msgs_generate_messages_lisp
[1.258s] [  0%] Built target sensor_msgs_generate_messages_cpp
[1.266s] [  0%] Built target geometry_msgs_generate_messages_cpp
[1.268s] [  0%] Built target sensor_msgs_generate_messages_lisp
[1.273s] [  0%] Built target std_msgs_generate_messages_nodejs
[1.279s] [  0%] Built target std_msgs_generate_messages_py
[1.281s] [  0%] Built target std_msgs_generate_messages_cpp
[1.293s] [  0%] Built target sensor_msgs_generate_messages_nodejs
[1.295s] [  0%] Built target geometry_msgs_generate_messages_lisp
[1.300s] [  0%] Built target geometry_msgs_generate_messages_py
[1.308s] [  0%] Built target _custom_msgs_generate_messages_check_deps_orientationEstimate
[1.308s] [  0%] Built target sensor_msgs_generate_messages_eus
[1.319s] [  0%] Built target _custom_msgs_generate_messages_check_deps_gnssSample
[1.319s] [  0%] Built target _custom_msgs_generate_messages_check_deps_BaroSensorSample
[1.320s] [  0%] Built target _custom_msgs_generate_messages_check_deps_Internal
[1.328s] [  0%] Built target _custom_msgs_generate_messages_check_deps_baroSample
[1.332s] [  0%] Built target _custom_msgs_generate_messages_check_deps_GnssSensorSample
[1.339s] [  0%] Built target sensor_msgs_generate_messages_py
[1.343s] [  0%] Built target geometry_msgs_generate_messages_nodejs
[1.359s] [  0%] Built target _custom_msgs_generate_messages_check_deps_ImuSensorSample
[1.359s] [  0%] Built target _custom_msgs_generate_messages_check_deps_sensorSample
[1.360s] [  0%] Built target _custom_msgs_generate_messages_check_deps_positionEstimate
[1.363s] [  0%] Built target _custom_msgs_generate_messages_check_deps_XsensQuaternion
[1.390s] [  0%] Built target std_msgs_generate_messages_eus
[1.410s] [  0%] Built target _custom_msgs_generate_messages_check_deps_velocityEstimate
[1.424s] [  0%] Built target geometry_msgs_generate_messages_eus
[1.437s] [ 19%] Built target custom_msgs_generate_messages_cpp
[1.439s] [ 38%] Built target custom_msgs_generate_messages_nodejs
[1.439s] [ 59%] Built target custom_msgs_generate_messages_py
[1.439s] [ 80%] Built target custom_msgs_generate_messages_eus
[1.440s] [100%] Built target custom_msgs_generate_messages_lisp
[1.448s] [100%] Built target custom_msgs_generate_messages
[1.467s] [36mInstall the project...[0m
[1.475s] -- Install configuration: "Release"
[1.476s] -- Up-to-date: /home/point001/autoware.ai/install/custom_msgs/share/custom_msgs/msg/BaroSensorSample.msg
[1.476s] -- Up-to-date: /home/point001/autoware.ai/install/custom_msgs/share/custom_msgs/msg/GnssSensorSample.msg
[1.477s] -- Up-to-date: /home/point001/autoware.ai/install/custom_msgs/share/custom_msgs/msg/ImuSensorSample.msg
[1.477s] -- Up-to-date: /home/point001/autoware.ai/install/custom_msgs/share/custom_msgs/msg/Internal.msg
[1.477s] -- Up-to-date: /home/point001/autoware.ai/install/custom_msgs/share/custom_msgs/msg/XsensQuaternion.msg
[1.477s] -- Up-to-date: /home/point001/autoware.ai/install/custom_msgs/share/custom_msgs/msg/baroSample.msg
[1.478s] -- Up-to-date: /home/point001/autoware.ai/install/custom_msgs/share/custom_msgs/msg/gnssSample.msg
[1.479s] -- Up-to-date: /home/point001/autoware.ai/install/custom_msgs/share/custom_msgs/msg/orientationEstimate.msg
[1.479s] -- Up-to-date: /home/point001/autoware.ai/install/custom_msgs/share/custom_msgs/msg/positionEstimate.msg
[1.479s] -- Up-to-date: /home/point001/autoware.ai/install/custom_msgs/share/custom_msgs/msg/sensorSample.msg
[1.479s] -- Up-to-date: /home/point001/autoware.ai/install/custom_msgs/share/custom_msgs/msg/velocityEstimate.msg
[1.479s] -- Up-to-date: /home/point001/autoware.ai/install/custom_msgs/share/custom_msgs/cmake/custom_msgs-msg-paths.cmake
[1.479s] -- Up-to-date: /home/point001/autoware.ai/install/custom_msgs/include/custom_msgs
[1.479s] -- Up-to-date: /home/point001/autoware.ai/install/custom_msgs/include/custom_msgs/Internal.h
[1.479s] -- Up-to-date: /home/point001/autoware.ai/install/custom_msgs/include/custom_msgs/BaroSensorSample.h
[1.479s] -- Up-to-date: /home/point001/autoware.ai/install/custom_msgs/include/custom_msgs/orientationEstimate.h
[1.480s] -- Up-to-date: /home/point001/autoware.ai/install/custom_msgs/include/custom_msgs/GnssSensorSample.h
[1.480s] -- Up-to-date: /home/point001/autoware.ai/install/custom_msgs/include/custom_msgs/sensorSample.h
[1.480s] -- Up-to-date: /home/point001/autoware.ai/install/custom_msgs/include/custom_msgs/ImuSensorSample.h
[1.480s] -- Up-to-date: /home/point001/autoware.ai/install/custom_msgs/include/custom_msgs/XsensQuaternion.h
[1.480s] -- Up-to-date: /home/point001/autoware.ai/install/custom_msgs/include/custom_msgs/gnssSample.h
[1.480s] -- Up-to-date: /home/point001/autoware.ai/install/custom_msgs/include/custom_msgs/velocityEstimate.h
[1.482s] -- Up-to-date: /home/point001/autoware.ai/install/custom_msgs/include/custom_msgs/positionEstimate.h
[1.482s] -- Up-to-date: /home/point001/autoware.ai/install/custom_msgs/include/custom_msgs/baroSample.h
[1.482s] -- Up-to-date: /home/point001/autoware.ai/install/custom_msgs/share/roseus/ros/custom_msgs
[1.483s] -- Up-to-date: /home/point001/autoware.ai/install/custom_msgs/share/roseus/ros/custom_msgs/manifest.l
[1.483s] -- Up-to-date: /home/point001/autoware.ai/install/custom_msgs/share/roseus/ros/custom_msgs/msg
[1.483s] -- Up-to-date: /home/point001/autoware.ai/install/custom_msgs/share/roseus/ros/custom_msgs/msg/velocityEstimate.l
[1.483s] -- Up-to-date: /home/point001/autoware.ai/install/custom_msgs/share/roseus/ros/custom_msgs/msg/orientationEstimate.l
[1.483s] -- Up-to-date: /home/point001/autoware.ai/install/custom_msgs/share/roseus/ros/custom_msgs/msg/ImuSensorSample.l
[1.483s] -- Up-to-date: /home/point001/autoware.ai/install/custom_msgs/share/roseus/ros/custom_msgs/msg/positionEstimate.l
[1.484s] -- Up-to-date: /home/point001/autoware.ai/install/custom_msgs/share/roseus/ros/custom_msgs/msg/gnssSample.l
[1.484s] -- Up-to-date: /home/point001/autoware.ai/install/custom_msgs/share/roseus/ros/custom_msgs/msg/GnssSensorSample.l
[1.486s] -- Up-to-date: /home/point001/autoware.ai/install/custom_msgs/share/roseus/ros/custom_msgs/msg/Internal.l
[1.486s] -- Up-to-date: /home/point001/autoware.ai/install/custom_msgs/share/roseus/ros/custom_msgs/msg/sensorSample.l
[1.486s] -- Up-to-date: /home/point001/autoware.ai/install/custom_msgs/share/roseus/ros/custom_msgs/msg/XsensQuaternion.l
[1.486s] -- Up-to-date: /home/point001/autoware.ai/install/custom_msgs/share/roseus/ros/custom_msgs/msg/BaroSensorSample.l
[1.488s] -- Up-to-date: /home/point001/autoware.ai/install/custom_msgs/share/roseus/ros/custom_msgs/msg/baroSample.l
[1.488s] -- Up-to-date: /home/point001/autoware.ai/install/custom_msgs/share/common-lisp/ros/custom_msgs
[1.488s] -- Up-to-date: /home/point001/autoware.ai/install/custom_msgs/share/common-lisp/ros/custom_msgs/msg
[1.489s] -- Up-to-date: /home/point001/autoware.ai/install/custom_msgs/share/common-lisp/ros/custom_msgs/msg/_package_sensorSample.lisp
[1.489s] -- Up-to-date: /home/point001/autoware.ai/install/custom_msgs/share/common-lisp/ros/custom_msgs/msg/_package_BaroSensorSample.lisp
[1.489s] -- Up-to-date: /home/point001/autoware.ai/install/custom_msgs/share/common-lisp/ros/custom_msgs/msg/velocityEstimate.lisp
[1.489s] -- Up-to-date: /home/point001/autoware.ai/install/custom_msgs/share/common-lisp/ros/custom_msgs/msg/_package_XsensQuaternion.lisp
[1.490s] -- Up-to-date: /home/point001/autoware.ai/install/custom_msgs/share/common-lisp/ros/custom_msgs/msg/custom_msgs-msg.asd
[1.491s] -- Up-to-date: /home/point001/autoware.ai/install/custom_msgs/share/common-lisp/ros/custom_msgs/msg/_package_velocityEstimate.lisp
[1.491s] -- Up-to-date: /home/point001/autoware.ai/install/custom_msgs/share/common-lisp/ros/custom_msgs/msg/gnssSample.lisp
[1.491s] -- Up-to-date: /home/point001/autoware.ai/install/custom_msgs/share/common-lisp/ros/custom_msgs/msg/_package_positionEstimate.lisp
[1.491s] -- Up-to-date: /home/point001/autoware.ai/install/custom_msgs/share/common-lisp/ros/custom_msgs/msg/_package_baroSample.lisp
[1.491s] -- Up-to-date: /home/point001/autoware.ai/install/custom_msgs/share/common-lisp/ros/custom_msgs/msg/_package.lisp
[1.491s] -- Up-to-date: /home/point001/autoware.ai/install/custom_msgs/share/common-lisp/ros/custom_msgs/msg/positionEstimate.lisp
[1.491s] -- Up-to-date: /home/point001/autoware.ai/install/custom_msgs/share/common-lisp/ros/custom_msgs/msg/baroSample.lisp
[1.492s] -- Up-to-date: /home/point001/autoware.ai/install/custom_msgs/share/common-lisp/ros/custom_msgs/msg/_package_orientationEstimate.lisp
[1.492s] -- Up-to-date: /home/point001/autoware.ai/install/custom_msgs/share/common-lisp/ros/custom_msgs/msg/_package_GnssSensorSample.lisp
[1.492s] -- Up-to-date: /home/point001/autoware.ai/install/custom_msgs/share/common-lisp/ros/custom_msgs/msg/XsensQuaternion.lisp
[1.492s] -- Up-to-date: /home/point001/autoware.ai/install/custom_msgs/share/common-lisp/ros/custom_msgs/msg/_package_ImuSensorSample.lisp
[1.492s] -- Up-to-date: /home/point001/autoware.ai/install/custom_msgs/share/common-lisp/ros/custom_msgs/msg/_package_Internal.lisp
[1.492s] -- Up-to-date: /home/point001/autoware.ai/install/custom_msgs/share/common-lisp/ros/custom_msgs/msg/ImuSensorSample.lisp
[1.494s] -- Up-to-date: /home/point001/autoware.ai/install/custom_msgs/share/common-lisp/ros/custom_msgs/msg/BaroSensorSample.lisp
[1.494s] -- Up-to-date: /home/point001/autoware.ai/install/custom_msgs/share/common-lisp/ros/custom_msgs/msg/sensorSample.lisp
[1.494s] -- Up-to-date: /home/point001/autoware.ai/install/custom_msgs/share/common-lisp/ros/custom_msgs/msg/_package_gnssSample.lisp
[1.494s] -- Up-to-date: /home/point001/autoware.ai/install/custom_msgs/share/common-lisp/ros/custom_msgs/msg/orientationEstimate.lisp
[1.494s] -- Up-to-date: /home/point001/autoware.ai/install/custom_msgs/share/common-lisp/ros/custom_msgs/msg/Internal.lisp
[1.494s] -- Up-to-date: /home/point001/autoware.ai/install/custom_msgs/share/common-lisp/ros/custom_msgs/msg/GnssSensorSample.lisp
[1.494s] -- Up-to-date: /home/point001/autoware.ai/install/custom_msgs/share/gennodejs/ros/custom_msgs
[1.494s] -- Up-to-date: /home/point001/autoware.ai/install/custom_msgs/share/gennodejs/ros/custom_msgs/_index.js
[1.494s] -- Up-to-date: /home/point001/autoware.ai/install/custom_msgs/share/gennodejs/ros/custom_msgs/msg
[1.494s] -- Up-to-date: /home/point001/autoware.ai/install/custom_msgs/share/gennodejs/ros/custom_msgs/msg/positionEstimate.js
[1.494s] -- Up-to-date: /home/point001/autoware.ai/install/custom_msgs/share/gennodejs/ros/custom_msgs/msg/XsensQuaternion.js
[1.494s] -- Up-to-date: /home/point001/autoware.ai/install/custom_msgs/share/gennodejs/ros/custom_msgs/msg/velocityEstimate.js
[1.495s] -- Up-to-date: /home/point001/autoware.ai/install/custom_msgs/share/gennodejs/ros/custom_msgs/msg/_index.js
[1.495s] -- Up-to-date: /home/point001/autoware.ai/install/custom_msgs/share/gennodejs/ros/custom_msgs/msg/baroSample.js
[1.495s] -- Up-to-date: /home/point001/autoware.ai/install/custom_msgs/share/gennodejs/ros/custom_msgs/msg/GnssSensorSample.js
[1.495s] -- Up-to-date: /home/point001/autoware.ai/install/custom_msgs/share/gennodejs/ros/custom_msgs/msg/gnssSample.js
[1.495s] -- Up-to-date: /home/point001/autoware.ai/install/custom_msgs/share/gennodejs/ros/custom_msgs/msg/orientationEstimate.js
[1.495s] -- Up-to-date: /home/point001/autoware.ai/install/custom_msgs/share/gennodejs/ros/custom_msgs/msg/sensorSample.js
[1.495s] -- Up-to-date: /home/point001/autoware.ai/install/custom_msgs/share/gennodejs/ros/custom_msgs/msg/Internal.js
[1.495s] -- Up-to-date: /home/point001/autoware.ai/install/custom_msgs/share/gennodejs/ros/custom_msgs/msg/ImuSensorSample.js
[1.495s] -- Up-to-date: /home/point001/autoware.ai/install/custom_msgs/share/gennodejs/ros/custom_msgs/msg/BaroSensorSample.js
[1.496s] Listing /home/point001/autoware.ai/build/custom_msgs/devel/lib/python2.7/dist-packages/custom_msgs ...
[1.496s] Listing /home/point001/autoware.ai/build/custom_msgs/devel/lib/python2.7/dist-packages/custom_msgs/msg ...
[1.496s] -- Up-to-date: /home/point001/autoware.ai/install/custom_msgs/lib/python2.7/dist-packages/custom_msgs
[1.496s] -- Up-to-date: /home/point001/autoware.ai/install/custom_msgs/lib/python2.7/dist-packages/custom_msgs/msg
[1.496s] -- Up-to-date: /home/point001/autoware.ai/install/custom_msgs/lib/python2.7/dist-packages/custom_msgs/msg/_GnssSensorSample.pyc
[1.497s] -- Up-to-date: /home/point001/autoware.ai/install/custom_msgs/lib/python2.7/dist-packages/custom_msgs/msg/_positionEstimate.py
[1.497s] -- Up-to-date: /home/point001/autoware.ai/install/custom_msgs/lib/python2.7/dist-packages/custom_msgs/msg/_orientationEstimate.py
[1.497s] -- Up-to-date: /home/point001/autoware.ai/install/custom_msgs/lib/python2.7/dist-packages/custom_msgs/msg/_Internal.py
[1.497s] -- Up-to-date: /home/point001/autoware.ai/install/custom_msgs/lib/python2.7/dist-packages/custom_msgs/msg/_Internal.pyc
[1.497s] -- Up-to-date: /home/point001/autoware.ai/install/custom_msgs/lib/python2.7/dist-packages/custom_msgs/msg/_BaroSensorSample.pyc
[1.497s] -- Up-to-date: /home/point001/autoware.ai/install/custom_msgs/lib/python2.7/dist-packages/custom_msgs/msg/_velocityEstimate.pyc
[1.497s] -- Up-to-date: /home/point001/autoware.ai/install/custom_msgs/lib/python2.7/dist-packages/custom_msgs/msg/_orientationEstimate.pyc
[1.497s] -- Up-to-date: /home/point001/autoware.ai/install/custom_msgs/lib/python2.7/dist-packages/custom_msgs/msg/_ImuSensorSample.pyc
[1.497s] -- Up-to-date: /home/point001/autoware.ai/install/custom_msgs/lib/python2.7/dist-packages/custom_msgs/msg/_gnssSample.py
[1.497s] -- Up-to-date: /home/point001/autoware.ai/install/custom_msgs/lib/python2.7/dist-packages/custom_msgs/msg/__init__.py
[1.497s] -- Up-to-date: /home/point001/autoware.ai/install/custom_msgs/lib/python2.7/dist-packages/custom_msgs/msg/_sensorSample.pyc
[1.497s] -- Up-to-date: /home/point001/autoware.ai/install/custom_msgs/lib/python2.7/dist-packages/custom_msgs/msg/_XsensQuaternion.pyc
[1.497s] -- Up-to-date: /home/point001/autoware.ai/install/custom_msgs/lib/python2.7/dist-packages/custom_msgs/msg/_gnssSample.pyc
[1.497s] -- Up-to-date: /home/point001/autoware.ai/install/custom_msgs/lib/python2.7/dist-packages/custom_msgs/msg/_GnssSensorSample.py
[1.497s] -- Up-to-date: /home/point001/autoware.ai/install/custom_msgs/lib/python2.7/dist-packages/custom_msgs/msg/_positionEstimate.pyc
[1.497s] -- Up-to-date: /home/point001/autoware.ai/install/custom_msgs/lib/python2.7/dist-packages/custom_msgs/msg/_XsensQuaternion.py
[1.498s] -- Up-to-date: /home/point001/autoware.ai/install/custom_msgs/lib/python2.7/dist-packages/custom_msgs/msg/_baroSample.py
[1.498s] -- Up-to-date: /home/point001/autoware.ai/install/custom_msgs/lib/python2.7/dist-packages/custom_msgs/msg/_BaroSensorSample.py
[1.498s] -- Up-to-date: /home/point001/autoware.ai/install/custom_msgs/lib/python2.7/dist-packages/custom_msgs/msg/_velocityEstimate.py
[1.498s] -- Up-to-date: /home/point001/autoware.ai/install/custom_msgs/lib/python2.7/dist-packages/custom_msgs/msg/__init__.pyc
[1.498s] -- Up-to-date: /home/point001/autoware.ai/install/custom_msgs/lib/python2.7/dist-packages/custom_msgs/msg/_baroSample.pyc
[1.498s] -- Up-to-date: /home/point001/autoware.ai/install/custom_msgs/lib/python2.7/dist-packages/custom_msgs/msg/_sensorSample.py
[1.498s] -- Up-to-date: /home/point001/autoware.ai/install/custom_msgs/lib/python2.7/dist-packages/custom_msgs/msg/_ImuSensorSample.py
[1.498s] -- Up-to-date: /home/point001/autoware.ai/install/custom_msgs/lib/python2.7/dist-packages/custom_msgs/__init__.py
[1.498s] -- Up-to-date: /home/point001/autoware.ai/install/custom_msgs/lib/python2.7/dist-packages/custom_msgs/__init__.pyc
[1.498s] -- Up-to-date: /home/point001/autoware.ai/install/custom_msgs/lib/pkgconfig/custom_msgs.pc
[1.498s] -- Up-to-date: /home/point001/autoware.ai/install/custom_msgs/share/custom_msgs/cmake/custom_msgs-msg-extras.cmake
[1.498s] -- Up-to-date: /home/point001/autoware.ai/install/custom_msgs/share/custom_msgs/cmake/custom_msgsConfig.cmake
[1.498s] -- Up-to-date: /home/point001/autoware.ai/install/custom_msgs/share/custom_msgs/cmake/custom_msgsConfig-version.cmake
[1.498s] -- Up-to-date: /home/point001/autoware.ai/install/custom_msgs/share/custom_msgs/package.xml
[1.633s] Invoked command in '/home/point001/autoware.ai/build/custom_msgs' returned '0': /usr/bin/cmake --build /home/point001/autoware.ai/build/custom_msgs --target install -- -j24 -l24
