[0.138s] Invoking command in '/home/point001/autoware.ai/build/custom_msgs': /usr/bin/cmake --build /home/point001/autoware.ai/build/custom_msgs -- -j24 -l24
[0.432s] [  0%] Built target geometry_msgs_generate_messages_lisp
[0.434s] [  0%] Built target std_msgs_generate_messages_cpp
[0.443s] [  0%] Built target sensor_msgs_generate_messages_cpp
[0.451s] [  0%] Built target geometry_msgs_generate_messages_nodejs
[0.459s] [  0%] Built target sensor_msgs_generate_messages_lisp
[0.462s] [  0%] Built target sensor_msgs_generate_messages_nodejs
[0.474s] [  0%] Built target _custom_msgs_generate_messages_check_deps_GnssSensorSample
[0.477s] [  0%] Built target std_msgs_generate_messages_nodejs
[0.479s] [  0%] Built target sensor_msgs_generate_messages_py
[0.480s] [  0%] Built target std_msgs_generate_messages_py
[0.486s] [  0%] Built target _custom_msgs_generate_messages_check_deps_baroSample
[0.494s] [  0%] Built target sensor_msgs_generate_messages_eus
[0.495s] [  0%] Built target _custom_msgs_generate_messages_check_deps_gnssSample
[0.501s] [  0%] Built target std_msgs_generate_messages_lisp
[0.521s] [  0%] Built target _custom_msgs_generate_messages_check_deps_orientationEstimate
[0.521s] [  0%] Built target _custom_msgs_generate_messages_check_deps_velocityEstimate
[0.542s] [  0%] Built target geometry_msgs_generate_messages_cpp
[0.543s] [  0%] Built target _custom_msgs_generate_messages_check_deps_positionEstimate
[0.549s] [  0%] Built target geometry_msgs_generate_messages_py
[0.564s] [  0%] Built target _custom_msgs_generate_messages_check_deps_ImuSensorSample
[0.598s] [  0%] Built target _custom_msgs_generate_messages_check_deps_XsensQuaternion
[0.598s] [  0%] Built target geometry_msgs_generate_messages_eus
[0.598s] [  0%] Built target _custom_msgs_generate_messages_check_deps_sensorSample
[0.601s] [  0%] Built target _custom_msgs_generate_messages_check_deps_Internal
[0.610s] [  0%] Built target _custom_msgs_generate_messages_check_deps_BaroSensorSample
[0.611s] [  0%] Built target std_msgs_generate_messages_eus
[0.643s] [ 21%] Built target custom_msgs_generate_messages_py
[0.648s] [ 40%] Built target custom_msgs_generate_messages_nodejs
[0.648s] [ 59%] Built target custom_msgs_generate_messages_lisp
[0.648s] [ 80%] Built target custom_msgs_generate_messages_eus
[0.652s] [100%] Built target custom_msgs_generate_messages_cpp
[0.672s] [100%] Built target custom_msgs_generate_messages
[0.738s] Invoked command in '/home/point001/autoware.ai/build/custom_msgs' returned '0': /usr/bin/cmake --build /home/point001/autoware.ai/build/custom_msgs -- -j24 -l24
[0.862s] Invoking command in '/home/point001/autoware.ai/build/custom_msgs': /usr/bin/cmake --build /home/point001/autoware.ai/build/custom_msgs --target tests -- -j24 -l24
[0.914s] Built target tests
[0.987s] Invoked command in '/home/point001/autoware.ai/build/custom_msgs' returned '0': /usr/bin/cmake --build /home/point001/autoware.ai/build/custom_msgs --target tests -- -j24 -l24
[1.179s] Invoking command in '/home/point001/autoware.ai/build/custom_msgs': /usr/bin/cmake --build /home/point001/autoware.ai/build/custom_msgs --target install -- -j24 -l24
[1.292s] [  0%] Built target geometry_msgs_generate_messages_cpp
[1.292s] [  0%] Built target geometry_msgs_generate_messages_nodejs
[1.292s] [  0%] Built target std_msgs_generate_messages_nodejs
[1.292s] [  0%] Built target geometry_msgs_generate_messages_py
[1.292s] [  0%] Built target sensor_msgs_generate_messages_cpp
[1.292s] [  0%] Built target std_msgs_generate_messages_cpp
[1.292s] [  0%] Built target sensor_msgs_generate_messages_nodejs
[1.292s] [  0%] Built target sensor_msgs_generate_messages_py
[1.292s] [  0%] Built target sensor_msgs_generate_messages_eus
[1.293s] [  0%] Built target std_msgs_generate_messages_lisp
[1.293s] [  0%] Built target std_msgs_generate_messages_py
[1.293s] [  0%] Built target sensor_msgs_generate_messages_lisp
[1.293s] [  0%] Built target geometry_msgs_generate_messages_lisp
[1.293s] [  0%] Built target _custom_msgs_generate_messages_check_deps_XsensQuaternion
[1.293s] [  0%] Built target _custom_msgs_generate_messages_check_deps_gnssSample
[1.293s] [  0%] Built target _custom_msgs_generate_messages_check_deps_GnssSensorSample
[1.293s] [  0%] Built target geometry_msgs_generate_messages_eus
[1.293s] [  0%] Built target std_msgs_generate_messages_eus
[1.293s] [  0%] Built target _custom_msgs_generate_messages_check_deps_baroSample
[1.293s] [  0%] Built target _custom_msgs_generate_messages_check_deps_velocityEstimate
[1.293s] [  0%] Built target _custom_msgs_generate_messages_check_deps_sensorSample
[1.293s] [  0%] Built target _custom_msgs_generate_messages_check_deps_orientationEstimate
[1.293s] [  0%] Built target _custom_msgs_generate_messages_check_deps_ImuSensorSample
[1.293s] [  0%] Built target _custom_msgs_generate_messages_check_deps_positionEstimate
[1.294s] [  0%] Built target _custom_msgs_generate_messages_check_deps_BaroSensorSample
[1.296s] [  0%] Built target _custom_msgs_generate_messages_check_deps_Internal
[1.316s] [ 21%] Built target custom_msgs_generate_messages_eus
[1.320s] [ 42%] Built target custom_msgs_generate_messages_py
[1.320s] [ 61%] Built target custom_msgs_generate_messages_lisp
[1.322s] [ 80%] Built target custom_msgs_generate_messages_nodejs
[1.325s] [100%] Built target custom_msgs_generate_messages_cpp
[1.331s] [100%] Built target custom_msgs_generate_messages
[1.344s] [36mInstall the project...[0m
[1.349s] -- Install configuration: "Release"
[1.350s] -- Up-to-date: /home/point001/autoware.ai/install/custom_msgs/share/custom_msgs/msg/BaroSensorSample.msg
[1.350s] -- Up-to-date: /home/point001/autoware.ai/install/custom_msgs/share/custom_msgs/msg/GnssSensorSample.msg
[1.350s] -- Up-to-date: /home/point001/autoware.ai/install/custom_msgs/share/custom_msgs/msg/ImuSensorSample.msg
[1.350s] -- Up-to-date: /home/point001/autoware.ai/install/custom_msgs/share/custom_msgs/msg/Internal.msg
[1.350s] -- Up-to-date: /home/point001/autoware.ai/install/custom_msgs/share/custom_msgs/msg/XsensQuaternion.msg
[1.350s] -- Up-to-date: /home/point001/autoware.ai/install/custom_msgs/share/custom_msgs/msg/baroSample.msg
[1.350s] -- Up-to-date: /home/point001/autoware.ai/install/custom_msgs/share/custom_msgs/msg/gnssSample.msg
[1.350s] -- Up-to-date: /home/point001/autoware.ai/install/custom_msgs/share/custom_msgs/msg/orientationEstimate.msg
[1.350s] -- Up-to-date: /home/point001/autoware.ai/install/custom_msgs/share/custom_msgs/msg/positionEstimate.msg
[1.350s] -- Up-to-date: /home/point001/autoware.ai/install/custom_msgs/share/custom_msgs/msg/sensorSample.msg
[1.350s] -- Up-to-date: /home/point001/autoware.ai/install/custom_msgs/share/custom_msgs/msg/velocityEstimate.msg
[1.351s] -- Up-to-date: /home/point001/autoware.ai/install/custom_msgs/share/custom_msgs/cmake/custom_msgs-msg-paths.cmake
[1.351s] -- Up-to-date: /home/point001/autoware.ai/install/custom_msgs/include/custom_msgs
[1.351s] -- Up-to-date: /home/point001/autoware.ai/install/custom_msgs/include/custom_msgs/Internal.h
[1.351s] -- Up-to-date: /home/point001/autoware.ai/install/custom_msgs/include/custom_msgs/BaroSensorSample.h
[1.352s] -- Up-to-date: /home/point001/autoware.ai/install/custom_msgs/include/custom_msgs/orientationEstimate.h
[1.352s] -- Up-to-date: /home/point001/autoware.ai/install/custom_msgs/include/custom_msgs/GnssSensorSample.h
[1.352s] -- Up-to-date: /home/point001/autoware.ai/install/custom_msgs/include/custom_msgs/sensorSample.h
[1.352s] -- Up-to-date: /home/point001/autoware.ai/install/custom_msgs/include/custom_msgs/ImuSensorSample.h
[1.353s] -- Up-to-date: /home/point001/autoware.ai/install/custom_msgs/include/custom_msgs/XsensQuaternion.h
[1.353s] -- Up-to-date: /home/point001/autoware.ai/install/custom_msgs/include/custom_msgs/gnssSample.h
[1.353s] -- Up-to-date: /home/point001/autoware.ai/install/custom_msgs/include/custom_msgs/velocityEstimate.h
[1.353s] -- Up-to-date: /home/point001/autoware.ai/install/custom_msgs/include/custom_msgs/positionEstimate.h
[1.353s] -- Up-to-date: /home/point001/autoware.ai/install/custom_msgs/include/custom_msgs/baroSample.h
[1.353s] -- Up-to-date: /home/point001/autoware.ai/install/custom_msgs/share/roseus/ros/custom_msgs
[1.354s] -- Up-to-date: /home/point001/autoware.ai/install/custom_msgs/share/roseus/ros/custom_msgs/manifest.l
[1.354s] -- Up-to-date: /home/point001/autoware.ai/install/custom_msgs/share/roseus/ros/custom_msgs/msg
[1.354s] -- Up-to-date: /home/point001/autoware.ai/install/custom_msgs/share/roseus/ros/custom_msgs/msg/velocityEstimate.l
[1.355s] -- Up-to-date: /home/point001/autoware.ai/install/custom_msgs/share/roseus/ros/custom_msgs/msg/orientationEstimate.l
[1.356s] -- Up-to-date: /home/point001/autoware.ai/install/custom_msgs/share/roseus/ros/custom_msgs/msg/ImuSensorSample.l
[1.356s] -- Up-to-date: /home/point001/autoware.ai/install/custom_msgs/share/roseus/ros/custom_msgs/msg/positionEstimate.l
[1.356s] -- Up-to-date: /home/point001/autoware.ai/install/custom_msgs/share/roseus/ros/custom_msgs/msg/gnssSample.l
[1.356s] -- Up-to-date: /home/point001/autoware.ai/install/custom_msgs/share/roseus/ros/custom_msgs/msg/GnssSensorSample.l
[1.356s] -- Up-to-date: /home/point001/autoware.ai/install/custom_msgs/share/roseus/ros/custom_msgs/msg/Internal.l
[1.356s] -- Up-to-date: /home/point001/autoware.ai/install/custom_msgs/share/roseus/ros/custom_msgs/msg/sensorSample.l
[1.356s] -- Up-to-date: /home/point001/autoware.ai/install/custom_msgs/share/roseus/ros/custom_msgs/msg/XsensQuaternion.l
[1.356s] -- Up-to-date: /home/point001/autoware.ai/install/custom_msgs/share/roseus/ros/custom_msgs/msg/BaroSensorSample.l
[1.356s] -- Up-to-date: /home/point001/autoware.ai/install/custom_msgs/share/roseus/ros/custom_msgs/msg/baroSample.l
[1.356s] -- Up-to-date: /home/point001/autoware.ai/install/custom_msgs/share/common-lisp/ros/custom_msgs
[1.356s] -- Up-to-date: /home/point001/autoware.ai/install/custom_msgs/share/common-lisp/ros/custom_msgs/msg
[1.356s] -- Up-to-date: /home/point001/autoware.ai/install/custom_msgs/share/common-lisp/ros/custom_msgs/msg/_package_sensorSample.lisp
[1.356s] -- Up-to-date: /home/point001/autoware.ai/install/custom_msgs/share/common-lisp/ros/custom_msgs/msg/_package_BaroSensorSample.lisp
[1.356s] -- Up-to-date: /home/point001/autoware.ai/install/custom_msgs/share/common-lisp/ros/custom_msgs/msg/velocityEstimate.lisp
[1.356s] -- Up-to-date: /home/point001/autoware.ai/install/custom_msgs/share/common-lisp/ros/custom_msgs/msg/_package_XsensQuaternion.lisp
[1.356s] -- Up-to-date: /home/point001/autoware.ai/install/custom_msgs/share/common-lisp/ros/custom_msgs/msg/custom_msgs-msg.asd
[1.356s] -- Up-to-date: /home/point001/autoware.ai/install/custom_msgs/share/common-lisp/ros/custom_msgs/msg/_package_velocityEstimate.lisp
[1.356s] -- Up-to-date: /home/point001/autoware.ai/install/custom_msgs/share/common-lisp/ros/custom_msgs/msg/gnssSample.lisp
[1.356s] -- Up-to-date: /home/point001/autoware.ai/install/custom_msgs/share/common-lisp/ros/custom_msgs/msg/_package_positionEstimate.lisp
[1.357s] -- Up-to-date: /home/point001/autoware.ai/install/custom_msgs/share/common-lisp/ros/custom_msgs/msg/_package_baroSample.lisp
[1.357s] -- Up-to-date: /home/point001/autoware.ai/install/custom_msgs/share/common-lisp/ros/custom_msgs/msg/_package.lisp
[1.357s] -- Up-to-date: /home/point001/autoware.ai/install/custom_msgs/share/common-lisp/ros/custom_msgs/msg/positionEstimate.lisp
[1.357s] -- Up-to-date: /home/point001/autoware.ai/install/custom_msgs/share/common-lisp/ros/custom_msgs/msg/baroSample.lisp
[1.357s] -- Up-to-date: /home/point001/autoware.ai/install/custom_msgs/share/common-lisp/ros/custom_msgs/msg/_package_orientationEstimate.lisp
[1.357s] -- Up-to-date: /home/point001/autoware.ai/install/custom_msgs/share/common-lisp/ros/custom_msgs/msg/_package_GnssSensorSample.lisp
[1.357s] -- Up-to-date: /home/point001/autoware.ai/install/custom_msgs/share/common-lisp/ros/custom_msgs/msg/XsensQuaternion.lisp
[1.357s] -- Up-to-date: /home/point001/autoware.ai/install/custom_msgs/share/common-lisp/ros/custom_msgs/msg/_package_ImuSensorSample.lisp
[1.357s] -- Up-to-date: /home/point001/autoware.ai/install/custom_msgs/share/common-lisp/ros/custom_msgs/msg/_package_Internal.lisp
[1.357s] -- Up-to-date: /home/point001/autoware.ai/install/custom_msgs/share/common-lisp/ros/custom_msgs/msg/ImuSensorSample.lisp
[1.357s] -- Up-to-date: /home/point001/autoware.ai/install/custom_msgs/share/common-lisp/ros/custom_msgs/msg/BaroSensorSample.lisp
[1.357s] -- Up-to-date: /home/point001/autoware.ai/install/custom_msgs/share/common-lisp/ros/custom_msgs/msg/sensorSample.lisp
[1.358s] -- Up-to-date: /home/point001/autoware.ai/install/custom_msgs/share/common-lisp/ros/custom_msgs/msg/_package_gnssSample.lisp
[1.358s] -- Up-to-date: /home/point001/autoware.ai/install/custom_msgs/share/common-lisp/ros/custom_msgs/msg/orientationEstimate.lisp
[1.358s] -- Up-to-date: /home/point001/autoware.ai/install/custom_msgs/share/common-lisp/ros/custom_msgs/msg/Internal.lisp
[1.358s] -- Up-to-date: /home/point001/autoware.ai/install/custom_msgs/share/common-lisp/ros/custom_msgs/msg/GnssSensorSample.lisp
[1.358s] -- Up-to-date: /home/point001/autoware.ai/install/custom_msgs/share/gennodejs/ros/custom_msgs
[1.358s] -- Up-to-date: /home/point001/autoware.ai/install/custom_msgs/share/gennodejs/ros/custom_msgs/_index.js
[1.358s] -- Up-to-date: /home/point001/autoware.ai/install/custom_msgs/share/gennodejs/ros/custom_msgs/msg
[1.358s] -- Up-to-date: /home/point001/autoware.ai/install/custom_msgs/share/gennodejs/ros/custom_msgs/msg/positionEstimate.js
[1.360s] -- Up-to-date: /home/point001/autoware.ai/install/custom_msgs/share/gennodejs/ros/custom_msgs/msg/XsensQuaternion.js
[1.360s] -- Up-to-date: /home/point001/autoware.ai/install/custom_msgs/share/gennodejs/ros/custom_msgs/msg/velocityEstimate.js
[1.360s] -- Up-to-date: /home/point001/autoware.ai/install/custom_msgs/share/gennodejs/ros/custom_msgs/msg/_index.js
[1.360s] -- Up-to-date: /home/point001/autoware.ai/install/custom_msgs/share/gennodejs/ros/custom_msgs/msg/baroSample.js
[1.360s] -- Up-to-date: /home/point001/autoware.ai/install/custom_msgs/share/gennodejs/ros/custom_msgs/msg/GnssSensorSample.js
[1.360s] -- Up-to-date: /home/point001/autoware.ai/install/custom_msgs/share/gennodejs/ros/custom_msgs/msg/gnssSample.js
[1.360s] -- Up-to-date: /home/point001/autoware.ai/install/custom_msgs/share/gennodejs/ros/custom_msgs/msg/orientationEstimate.js
[1.360s] -- Up-to-date: /home/point001/autoware.ai/install/custom_msgs/share/gennodejs/ros/custom_msgs/msg/sensorSample.js
[1.360s] -- Up-to-date: /home/point001/autoware.ai/install/custom_msgs/share/gennodejs/ros/custom_msgs/msg/Internal.js
[1.360s] -- Up-to-date: /home/point001/autoware.ai/install/custom_msgs/share/gennodejs/ros/custom_msgs/msg/ImuSensorSample.js
[1.361s] -- Up-to-date: /home/point001/autoware.ai/install/custom_msgs/share/gennodejs/ros/custom_msgs/msg/BaroSensorSample.js
[1.361s] Listing /home/point001/autoware.ai/build/custom_msgs/devel/lib/python2.7/dist-packages/custom_msgs ...
[1.361s] Listing /home/point001/autoware.ai/build/custom_msgs/devel/lib/python2.7/dist-packages/custom_msgs/msg ...
[1.361s] -- Up-to-date: /home/point001/autoware.ai/install/custom_msgs/lib/python2.7/dist-packages/custom_msgs
[1.361s] -- Up-to-date: /home/point001/autoware.ai/install/custom_msgs/lib/python2.7/dist-packages/custom_msgs/msg
[1.361s] -- Up-to-date: /home/point001/autoware.ai/install/custom_msgs/lib/python2.7/dist-packages/custom_msgs/msg/_GnssSensorSample.pyc
[1.361s] -- Up-to-date: /home/point001/autoware.ai/install/custom_msgs/lib/python2.7/dist-packages/custom_msgs/msg/_positionEstimate.py
[1.361s] -- Up-to-date: /home/point001/autoware.ai/install/custom_msgs/lib/python2.7/dist-packages/custom_msgs/msg/_orientationEstimate.py
[1.361s] -- Up-to-date: /home/point001/autoware.ai/install/custom_msgs/lib/python2.7/dist-packages/custom_msgs/msg/_Internal.py
[1.361s] -- Up-to-date: /home/point001/autoware.ai/install/custom_msgs/lib/python2.7/dist-packages/custom_msgs/msg/_Internal.pyc
[1.361s] -- Up-to-date: /home/point001/autoware.ai/install/custom_msgs/lib/python2.7/dist-packages/custom_msgs/msg/_BaroSensorSample.pyc
[1.361s] -- Up-to-date: /home/point001/autoware.ai/install/custom_msgs/lib/python2.7/dist-packages/custom_msgs/msg/_velocityEstimate.pyc
[1.361s] -- Up-to-date: /home/point001/autoware.ai/install/custom_msgs/lib/python2.7/dist-packages/custom_msgs/msg/_orientationEstimate.pyc
[1.362s] -- Up-to-date: /home/point001/autoware.ai/install/custom_msgs/lib/python2.7/dist-packages/custom_msgs/msg/_ImuSensorSample.pyc
[1.362s] -- Up-to-date: /home/point001/autoware.ai/install/custom_msgs/lib/python2.7/dist-packages/custom_msgs/msg/_gnssSample.py
[1.362s] -- Up-to-date: /home/point001/autoware.ai/install/custom_msgs/lib/python2.7/dist-packages/custom_msgs/msg/__init__.py
[1.362s] -- Up-to-date: /home/point001/autoware.ai/install/custom_msgs/lib/python2.7/dist-packages/custom_msgs/msg/_sensorSample.pyc
[1.362s] -- Up-to-date: /home/point001/autoware.ai/install/custom_msgs/lib/python2.7/dist-packages/custom_msgs/msg/_XsensQuaternion.pyc
[1.362s] -- Up-to-date: /home/point001/autoware.ai/install/custom_msgs/lib/python2.7/dist-packages/custom_msgs/msg/_gnssSample.pyc
[1.362s] -- Up-to-date: /home/point001/autoware.ai/install/custom_msgs/lib/python2.7/dist-packages/custom_msgs/msg/_GnssSensorSample.py
[1.362s] -- Up-to-date: /home/point001/autoware.ai/install/custom_msgs/lib/python2.7/dist-packages/custom_msgs/msg/_positionEstimate.pyc
[1.362s] -- Up-to-date: /home/point001/autoware.ai/install/custom_msgs/lib/python2.7/dist-packages/custom_msgs/msg/_XsensQuaternion.py
[1.362s] -- Up-to-date: /home/point001/autoware.ai/install/custom_msgs/lib/python2.7/dist-packages/custom_msgs/msg/_baroSample.py
[1.362s] -- Up-to-date: /home/point001/autoware.ai/install/custom_msgs/lib/python2.7/dist-packages/custom_msgs/msg/_BaroSensorSample.py
[1.362s] -- Up-to-date: /home/point001/autoware.ai/install/custom_msgs/lib/python2.7/dist-packages/custom_msgs/msg/_velocityEstimate.py
[1.362s] -- Up-to-date: /home/point001/autoware.ai/install/custom_msgs/lib/python2.7/dist-packages/custom_msgs/msg/__init__.pyc
[1.363s] -- Up-to-date: /home/point001/autoware.ai/install/custom_msgs/lib/python2.7/dist-packages/custom_msgs/msg/_baroSample.pyc
[1.363s] -- Up-to-date: /home/point001/autoware.ai/install/custom_msgs/lib/python2.7/dist-packages/custom_msgs/msg/_sensorSample.py
[1.363s] -- Up-to-date: /home/point001/autoware.ai/install/custom_msgs/lib/python2.7/dist-packages/custom_msgs/msg/_ImuSensorSample.py
[1.363s] -- Up-to-date: /home/point001/autoware.ai/install/custom_msgs/lib/python2.7/dist-packages/custom_msgs/__init__.py
[1.363s] -- Up-to-date: /home/point001/autoware.ai/install/custom_msgs/lib/python2.7/dist-packages/custom_msgs/__init__.pyc
[1.363s] -- Up-to-date: /home/point001/autoware.ai/install/custom_msgs/lib/pkgconfig/custom_msgs.pc
[1.364s] -- Up-to-date: /home/point001/autoware.ai/install/custom_msgs/share/custom_msgs/cmake/custom_msgs-msg-extras.cmake
[1.364s] -- Up-to-date: /home/point001/autoware.ai/install/custom_msgs/share/custom_msgs/cmake/custom_msgsConfig.cmake
[1.364s] -- Up-to-date: /home/point001/autoware.ai/install/custom_msgs/share/custom_msgs/cmake/custom_msgsConfig-version.cmake
[1.364s] -- Up-to-date: /home/point001/autoware.ai/install/custom_msgs/share/custom_msgs/package.xml
[1.520s] Invoked command in '/home/point001/autoware.ai/build/custom_msgs' returned '0': /usr/bin/cmake --build /home/point001/autoware.ai/build/custom_msgs --target install -- -j24 -l24
