[0.207s] Invoking command in '/home/point001/autoware.ai/build/vision_darknet_detect': CMAKE_PREFIX_PATH=/home/point001/autoware.ai/install/autoware_msgs:/home/point001/autoware.ai/install/autoware_config_msgs:/home/point001/autoware.ai/install/autoware_build_flags:${CMAKE_PREFIX_PATH} PKG_CONFIG_PATH=/home/point001/autoware.ai/install/autoware_msgs/lib/x86_64-linux-gnu/pkgconfig:/home/point001/autoware.ai/install/autoware_msgs/lib/pkgconfig:/home/point001/autoware.ai/install/autoware_config_msgs/lib/x86_64-linux-gnu/pkgconfig:/home/point001/autoware.ai/install/autoware_config_msgs/lib/pkgconfig:/home/point001/autoware.ai/install/autoware_build_flags/lib/x86_64-linux-gnu/pkgconfig:/home/point001/autoware.ai/install/autoware_build_flags/lib/pkgconfig:${PKG_CONFIG_PATH} PYTHONPATH=/home/point001/autoware.ai/install/autoware_msgs/lib/python2.7/dist-packages:/home/point001/autoware.ai/install/autoware_config_msgs/lib/python2.7/dist-packages:${PYTHONPATH} ROS_PACKAGE_PATH=/home/point001/autoware.ai/install/autoware_msgs/share:/home/point001/autoware.ai/install/autoware_config_msgs/share:/home/point001/autoware.ai/install/autoware_build_flags/share:${ROS_PACKAGE_PATH} /usr/bin/cmake --build /home/point001/autoware.ai/build/vision_darknet_detect -- -j24 -l24
[0.335s] [  0%] Built target rosgraph_msgs_generate_messages_cpp
[0.335s] [  0%] Built target roscpp_generate_messages_lisp
[0.335s] [  0%] Built target jsk_footstep_msgs_generate_messages_nodejs
[0.335s] [  0%] Built target jsk_footstep_msgs_generate_messages_eus
[0.335s] [  0%] Built target autoware_msgs_generate_messages_cpp
[0.335s] [  0%] Built target pcl_msgs_generate_messages_lisp
[0.335s] [  0%] Built target std_msgs_generate_messages_nodejs
[0.335s] [  0%] Built target std_msgs_generate_messages_lisp
[0.335s] [  0%] Built target rosgraph_msgs_generate_messages_lisp
[0.336s] [  0%] Built target pcl_msgs_generate_messages_py
[0.336s] [  0%] Built target actionlib_msgs_generate_messages_py
[0.336s] [  0%] Built target roscpp_generate_messages_py
[0.336s] [  0%] Built target sensor_msgs_generate_messages_cpp
[0.336s] [  0%] Built target actionlib_msgs_generate_messages_cpp
[0.336s] [  0%] Built target pcl_msgs_generate_messages_eus
[0.346s] [  0%] Built target autoware_config_msgs_generate_messages_lisp
[0.346s] [  0%] Built target std_msgs_generate_messages_eus
[0.346s] [  0%] Built target actionlib_msgs_generate_messages_lisp
[0.346s] [  0%] Built target jsk_footstep_msgs_generate_messages_lisp
[0.346s] [  0%] Built target rosgraph_msgs_generate_messages_nodejs
[0.347s] [  0%] Built target sensor_msgs_generate_messages_eus
[0.360s] [  0%] Built target sensor_msgs_generate_messages_py
[0.361s] [  0%] Built target jsk_footstep_msgs_generate_messages_py
[0.361s] [  0%] Built target pcl_msgs_generate_messages_nodejs
[0.370s] [  0%] Built target autoware_msgs_generate_messages_nodejs
[0.370s] [  0%] Built target autoware_msgs_generate_messages_eus
[0.371s] [  0%] Built target actionlib_msgs_generate_messages_nodejs
[0.371s] [  0%] Built target autoware_msgs_generate_messages_py
[0.373s] [  0%] Built target rosgraph_msgs_generate_messages_py
[0.373s] [  0%] Built target sensor_msgs_generate_messages_nodejs
[0.373s] [  0%] Built target autoware_config_msgs_generate_messages_eus
[0.374s] [  0%] Built target std_msgs_generate_messages_cpp
[0.376s] [  0%] Built target jsk_recognition_msgs_generate_messages_py
[0.393s] [  0%] Built target jsk_recognition_msgs_generate_messages_cpp
[0.393s] [  0%] Built target std_msgs_generate_messages_py
[0.393s] [  0%] Built target pcl_msgs_generate_messages_cpp
[0.393s] [  0%] Built target actionlib_msgs_generate_messages_eus
[0.394s] [  0%] Built target autoware_config_msgs_generate_messages_nodejs
[0.394s] [  0%] Built target autoware_config_msgs_generate_messages_py
[0.395s] [  0%] Built target roscpp_generate_messages_nodejs
[0.396s] [  0%] Built target sensor_msgs_generate_messages_lisp
[0.407s] [  0%] Built target roscpp_generate_messages_eus
[0.409s] [  0%] Built target geometry_msgs_generate_messages_cpp
[0.409s] [  0%] Built target autoware_msgs_generate_messages_lisp
[0.409s] [  0%] Built target jsk_footstep_msgs_generate_messages_cpp
[0.409s] [  0%] Built target geometry_msgs_generate_messages_nodejs
[0.415s] [  0%] Built target geometry_msgs_generate_messages_lisp
[0.418s] [  0%] Built target jsk_recognition_msgs_generate_messages_eus
[0.418s] [  0%] Built target geometry_msgs_generate_messages_eus
[0.419s] [  0%] Built target autoware_config_msgs_generate_messages_cpp
[0.420s] [  0%] Built target rosgraph_msgs_generate_messages_eus
[0.425s] [  0%] Built target roscpp_generate_messages_cpp
[0.445s] [  0%] Built target jsk_recognition_msgs_generate_messages_lisp
[0.445s] [  0%] Built target jsk_recognition_msgs_generate_messages_nodejs
[0.445s] [  0%] Built target geometry_msgs_generate_messages_py
[0.546s] [ 94%] Built target vision_darknet_detect_lib
[0.613s] [100%] Built target vision_darknet_detect
[0.728s] Invoked command in '/home/point001/autoware.ai/build/vision_darknet_detect' returned '0': CMAKE_PREFIX_PATH=/home/point001/autoware.ai/install/autoware_msgs:/home/point001/autoware.ai/install/autoware_config_msgs:/home/point001/autoware.ai/install/autoware_build_flags:${CMAKE_PREFIX_PATH} PKG_CONFIG_PATH=/home/point001/autoware.ai/install/autoware_msgs/lib/x86_64-linux-gnu/pkgconfig:/home/point001/autoware.ai/install/autoware_msgs/lib/pkgconfig:/home/point001/autoware.ai/install/autoware_config_msgs/lib/x86_64-linux-gnu/pkgconfig:/home/point001/autoware.ai/install/autoware_config_msgs/lib/pkgconfig:/home/point001/autoware.ai/install/autoware_build_flags/lib/x86_64-linux-gnu/pkgconfig:/home/point001/autoware.ai/install/autoware_build_flags/lib/pkgconfig:${PKG_CONFIG_PATH} PYTHONPATH=/home/point001/autoware.ai/install/autoware_msgs/lib/python2.7/dist-packages:/home/point001/autoware.ai/install/autoware_config_msgs/lib/python2.7/dist-packages:${PYTHONPATH} ROS_PACKAGE_PATH=/home/point001/autoware.ai/install/autoware_msgs/share:/home/point001/autoware.ai/install/autoware_config_msgs/share:/home/point001/autoware.ai/install/autoware_build_flags/share:${ROS_PACKAGE_PATH} /usr/bin/cmake --build /home/point001/autoware.ai/build/vision_darknet_detect -- -j24 -l24
[1.448s] Invoking command in '/home/point001/autoware.ai/build/vision_darknet_detect': CMAKE_PREFIX_PATH=/home/point001/autoware.ai/install/autoware_msgs:/home/point001/autoware.ai/install/autoware_config_msgs:/home/point001/autoware.ai/install/autoware_build_flags:${CMAKE_PREFIX_PATH} PKG_CONFIG_PATH=/home/point001/autoware.ai/install/autoware_msgs/lib/x86_64-linux-gnu/pkgconfig:/home/point001/autoware.ai/install/autoware_msgs/lib/pkgconfig:/home/point001/autoware.ai/install/autoware_config_msgs/lib/x86_64-linux-gnu/pkgconfig:/home/point001/autoware.ai/install/autoware_config_msgs/lib/pkgconfig:/home/point001/autoware.ai/install/autoware_build_flags/lib/x86_64-linux-gnu/pkgconfig:/home/point001/autoware.ai/install/autoware_build_flags/lib/pkgconfig:${PKG_CONFIG_PATH} PYTHONPATH=/home/point001/autoware.ai/install/autoware_msgs/lib/python2.7/dist-packages:/home/point001/autoware.ai/install/autoware_config_msgs/lib/python2.7/dist-packages:${PYTHONPATH} ROS_PACKAGE_PATH=/home/point001/autoware.ai/install/autoware_msgs/share:/home/point001/autoware.ai/install/autoware_config_msgs/share:/home/point001/autoware.ai/install/autoware_build_flags/share:${ROS_PACKAGE_PATH} /usr/bin/cmake --build /home/point001/autoware.ai/build/vision_darknet_detect --target tests -- -j24 -l24
[1.722s] Built target tests
[1.761s] Invoked command in '/home/point001/autoware.ai/build/vision_darknet_detect' returned '0': CMAKE_PREFIX_PATH=/home/point001/autoware.ai/install/autoware_msgs:/home/point001/autoware.ai/install/autoware_config_msgs:/home/point001/autoware.ai/install/autoware_build_flags:${CMAKE_PREFIX_PATH} PKG_CONFIG_PATH=/home/point001/autoware.ai/install/autoware_msgs/lib/x86_64-linux-gnu/pkgconfig:/home/point001/autoware.ai/install/autoware_msgs/lib/pkgconfig:/home/point001/autoware.ai/install/autoware_config_msgs/lib/x86_64-linux-gnu/pkgconfig:/home/point001/autoware.ai/install/autoware_config_msgs/lib/pkgconfig:/home/point001/autoware.ai/install/autoware_build_flags/lib/x86_64-linux-gnu/pkgconfig:/home/point001/autoware.ai/install/autoware_build_flags/lib/pkgconfig:${PKG_CONFIG_PATH} PYTHONPATH=/home/point001/autoware.ai/install/autoware_msgs/lib/python2.7/dist-packages:/home/point001/autoware.ai/install/autoware_config_msgs/lib/python2.7/dist-packages:${PYTHONPATH} ROS_PACKAGE_PATH=/home/point001/autoware.ai/install/autoware_msgs/share:/home/point001/autoware.ai/install/autoware_config_msgs/share:/home/point001/autoware.ai/install/autoware_build_flags/share:${ROS_PACKAGE_PATH} /usr/bin/cmake --build /home/point001/autoware.ai/build/vision_darknet_detect --target tests -- -j24 -l24
[2.559s] Invoking command in '/home/point001/autoware.ai/build/vision_darknet_detect': CMAKE_PREFIX_PATH=/home/point001/autoware.ai/install/autoware_msgs:/home/point001/autoware.ai/install/autoware_config_msgs:/home/point001/autoware.ai/install/autoware_build_flags:${CMAKE_PREFIX_PATH} PKG_CONFIG_PATH=/home/point001/autoware.ai/install/autoware_msgs/lib/x86_64-linux-gnu/pkgconfig:/home/point001/autoware.ai/install/autoware_msgs/lib/pkgconfig:/home/point001/autoware.ai/install/autoware_config_msgs/lib/x86_64-linux-gnu/pkgconfig:/home/point001/autoware.ai/install/autoware_config_msgs/lib/pkgconfig:/home/point001/autoware.ai/install/autoware_build_flags/lib/x86_64-linux-gnu/pkgconfig:/home/point001/autoware.ai/install/autoware_build_flags/lib/pkgconfig:${PKG_CONFIG_PATH} PYTHONPATH=/home/point001/autoware.ai/install/autoware_msgs/lib/python2.7/dist-packages:/home/point001/autoware.ai/install/autoware_config_msgs/lib/python2.7/dist-packages:${PYTHONPATH} ROS_PACKAGE_PATH=/home/point001/autoware.ai/install/autoware_msgs/share:/home/point001/autoware.ai/install/autoware_config_msgs/share:/home/point001/autoware.ai/install/autoware_build_flags/share:${ROS_PACKAGE_PATH} /usr/bin/cmake --build /home/point001/autoware.ai/build/vision_darknet_detect --target install -- -j24 -l24
[2.693s] [  0%] Built target rosgraph_msgs_generate_messages_lisp
[2.695s] [  0%] Built target sensor_msgs_generate_messages_nodejs
[2.698s] [  0%] Built target actionlib_msgs_generate_messages_py
[2.702s] [  0%] Built target pcl_msgs_generate_messages_py
[2.704s] [  0%] Built target actionlib_msgs_generate_messages_cpp
[2.704s] [  0%] Built target roscpp_generate_messages_lisp
[2.706s] [  0%] Built target actionlib_msgs_generate_messages_lisp
[2.706s] [  0%] Built target pcl_msgs_generate_messages_eus
[2.708s] [  0%] Built target pcl_msgs_generate_messages_lisp
[2.709s] [  0%] Built target jsk_footstep_msgs_generate_messages_nodejs
[2.710s] [  0%] Built target autoware_msgs_generate_messages_cpp
[2.717s] [  0%] Built target rosgraph_msgs_generate_messages_cpp
[2.718s] [  0%] Built target std_msgs_generate_messages_nodejs
[2.718s] [  0%] Built target rosgraph_msgs_generate_messages_nodejs
[2.718s] [  0%] Built target roscpp_generate_messages_py
[2.719s] [  0%] Built target sensor_msgs_generate_messages_cpp
[2.721s] [  0%] Built target autoware_config_msgs_generate_messages_lisp
[2.723s] [  0%] Built target std_msgs_generate_messages_lisp
[2.727s] [  0%] Built target autoware_config_msgs_generate_messages_eus
[2.729s] [  0%] Built target jsk_footstep_msgs_generate_messages_eus
[2.730s] [  0%] Built target jsk_footstep_msgs_generate_messages_lisp
[2.734s] [  0%] Built target autoware_config_msgs_generate_messages_py
[2.734s] [  0%] Built target actionlib_msgs_generate_messages_nodejs
[2.735s] [  0%] Built target sensor_msgs_generate_messages_eus
[2.736s] [  0%] Built target pcl_msgs_generate_messages_nodejs
[2.746s] [  0%] Built target jsk_recognition_msgs_generate_messages_py
[2.746s] [  0%] Built target autoware_msgs_generate_messages_py
[2.746s] [  0%] Built target rosgraph_msgs_generate_messages_py
[2.746s] [  0%] Built target std_msgs_generate_messages_eus
[2.746s] [  0%] Built target sensor_msgs_generate_messages_py
[2.746s] [  0%] Built target jsk_footstep_msgs_generate_messages_py
[2.747s] [  0%] Built target autoware_msgs_generate_messages_nodejs
[2.750s] [  0%] Built target autoware_msgs_generate_messages_eus
[2.756s] [  0%] Built target std_msgs_generate_messages_py
[2.756s] [  0%] Built target actionlib_msgs_generate_messages_eus
[2.756s] [  0%] Built target jsk_recognition_msgs_generate_messages_cpp
[2.761s] [  0%] Built target roscpp_generate_messages_eus
[2.765s] [  0%] Built target autoware_msgs_generate_messages_lisp
[2.765s] [  0%] Built target std_msgs_generate_messages_cpp
[2.766s] [  0%] Built target autoware_config_msgs_generate_messages_nodejs
[2.773s] [  0%] Built target geometry_msgs_generate_messages_eus
[2.774s] [  0%] Built target sensor_msgs_generate_messages_lisp
[2.774s] [  0%] Built target autoware_config_msgs_generate_messages_cpp
[2.776s] [  0%] Built target geometry_msgs_generate_messages_cpp
[2.777s] [  0%] Built target geometry_msgs_generate_messages_nodejs
[2.779s] [  0%] Built target geometry_msgs_generate_messages_py
[2.786s] [  0%] Built target pcl_msgs_generate_messages_cpp
[2.788s] [  0%] Built target jsk_recognition_msgs_generate_messages_eus
[2.789s] [  0%] Built target rosgraph_msgs_generate_messages_eus
[2.793s] [  0%] Built target roscpp_generate_messages_nodejs
[2.809s] [  0%] Built target jsk_footstep_msgs_generate_messages_cpp
[2.809s] [  0%] Built target geometry_msgs_generate_messages_lisp
[2.809s] [  0%] Built target jsk_recognition_msgs_generate_messages_lisp
[2.812s] [  0%] Built target jsk_recognition_msgs_generate_messages_nodejs
[2.813s] [  0%] Built target roscpp_generate_messages_cpp
[2.944s] [ 94%] Built target vision_darknet_detect_lib
[3.009s] [100%] Built target vision_darknet_detect
[3.130s] [36mInstall the project...[0m
[3.146s] -- Install configuration: "Release"
[3.146s] -- Up-to-date: /home/point001/autoware.ai/install/vision_darknet_detect/lib/pkgconfig/vision_darknet_detect.pc
[3.146s] -- Up-to-date: /home/point001/autoware.ai/install/vision_darknet_detect/share/vision_darknet_detect/cmake/vision_darknet_detectConfig.cmake
[3.146s] -- Up-to-date: /home/point001/autoware.ai/install/vision_darknet_detect/share/vision_darknet_detect/cmake/vision_darknet_detectConfig-version.cmake
[3.146s] -- Up-to-date: /home/point001/autoware.ai/install/vision_darknet_detect/share/vision_darknet_detect/package.xml
[3.148s] -- Up-to-date: /home/point001/autoware.ai/install/vision_darknet_detect/lib/libvision_darknet_detect_lib.so
[3.149s] -- Up-to-date: /home/point001/autoware.ai/install/vision_darknet_detect/lib/vision_darknet_detect/vision_darknet_detect
[3.155s] -- Up-to-date: /home/point001/autoware.ai/install/vision_darknet_detect/share/vision_darknet_detect/launch
[3.155s] -- Up-to-date: /home/point001/autoware.ai/install/vision_darknet_detect/share/vision_darknet_detect/launch/vision_yolo2_detect.launch
[3.155s] -- Up-to-date: /home/point001/autoware.ai/install/vision_darknet_detect/share/vision_darknet_detect/launch/vision_yolo3_detect.launch
[3.155s] -- Up-to-date: /home/point001/autoware.ai/install/vision_darknet_detect/share/vision_darknet_detect/darknet/cfg/
[3.155s] -- Up-to-date: /home/point001/autoware.ai/install/vision_darknet_detect/share/vision_darknet_detect/darknet/cfg//coco.names
[3.155s] -- Up-to-date: /home/point001/autoware.ai/install/vision_darknet_detect/share/vision_darknet_detect/darknet/cfg//yolov3-tiny.cfg
[3.155s] -- Up-to-date: /home/point001/autoware.ai/install/vision_darknet_detect/share/vision_darknet_detect/darknet/cfg//yolov3-voc.cfg
[3.156s] -- Up-to-date: /home/point001/autoware.ai/install/vision_darknet_detect/share/vision_darknet_detect/darknet/cfg//yolov2-tiny.cfg
[3.156s] -- Up-to-date: /home/point001/autoware.ai/install/vision_darknet_detect/share/vision_darknet_detect/darknet/cfg//yolov2.cfg
[3.156s] -- Up-to-date: /home/point001/autoware.ai/install/vision_darknet_detect/share/vision_darknet_detect/darknet/cfg//voc.names
[3.156s] -- Up-to-date: /home/point001/autoware.ai/install/vision_darknet_detect/share/vision_darknet_detect/darknet/cfg//yolov3.cfg
[3.299s] Invoked command in '/home/point001/autoware.ai/build/vision_darknet_detect' returned '0': CMAKE_PREFIX_PATH=/home/point001/autoware.ai/install/autoware_msgs:/home/point001/autoware.ai/install/autoware_config_msgs:/home/point001/autoware.ai/install/autoware_build_flags:${CMAKE_PREFIX_PATH} PKG_CONFIG_PATH=/home/point001/autoware.ai/install/autoware_msgs/lib/x86_64-linux-gnu/pkgconfig:/home/point001/autoware.ai/install/autoware_msgs/lib/pkgconfig:/home/point001/autoware.ai/install/autoware_config_msgs/lib/x86_64-linux-gnu/pkgconfig:/home/point001/autoware.ai/install/autoware_config_msgs/lib/pkgconfig:/home/point001/autoware.ai/install/autoware_build_flags/lib/x86_64-linux-gnu/pkgconfig:/home/point001/autoware.ai/install/autoware_build_flags/lib/pkgconfig:${PKG_CONFIG_PATH} PYTHONPATH=/home/point001/autoware.ai/install/autoware_msgs/lib/python2.7/dist-packages:/home/point001/autoware.ai/install/autoware_config_msgs/lib/python2.7/dist-packages:${PYTHONPATH} ROS_PACKAGE_PATH=/home/point001/autoware.ai/install/autoware_msgs/share:/home/point001/autoware.ai/install/autoware_config_msgs/share:/home/point001/autoware.ai/install/autoware_build_flags/share:${ROS_PACKAGE_PATH} /usr/bin/cmake --build /home/point001/autoware.ai/build/vision_darknet_detect --target install -- -j24 -l24
