[0.395s] Invoking command in '/home/point001/autoware.ai/build/kitti_player': CMAKE_PREFIX_PATH=/home/point001/autoware.ai/install/autoware_build_flags:${CMAKE_PREFIX_PATH} PKG_CONFIG_PATH=/home/point001/autoware.ai/install/autoware_build_flags/lib/x86_64-linux-gnu/pkgconfig:/home/point001/autoware.ai/install/autoware_build_flags/lib/pkgconfig:${PKG_CONFIG_PATH} ROS_PACKAGE_PATH=/home/point001/autoware.ai/install/autoware_build_flags/share:${ROS_PACKAGE_PATH} /usr/bin/cmake --build /home/point001/autoware.ai/build/kitti_player -- -j24 -l24
[0.533s] [  0%] Built target tf2_msgs_generate_messages_cpp
[0.533s] [  0%] Built target actionlib_msgs_generate_messages_py
[0.534s] [  0%] Built target stereo_msgs_generate_messages_cpp
[0.534s] [  0%] Built target tf2_msgs_generate_messages_eus
[0.534s] [  0%] Built target dynamic_reconfigure_generate_messages_eus
[0.534s] [  0%] Built target dynamic_reconfigure_generate_messages_lisp
[0.534s] [  0%] Built target pcl_msgs_generate_messages_cpp
[0.534s] [  0%] Built target stereo_msgs_generate_messages_lisp
[0.534s] [  0%] Built target stereo_msgs_generate_messages_nodejs
[0.534s] [  0%] Built target stereo_msgs_generate_messages_py
[0.534s] [  0%] Built target rosgraph_msgs_generate_messages_eus
[0.534s] [  0%] Built target std_msgs_generate_messages_eus
[0.534s] [  0%] Built target bond_generate_messages_lisp
[0.534s] [  0%] Built target rosgraph_msgs_generate_messages_nodejs
[0.534s] [  0%] Built target rosgraph_msgs_generate_messages_lisp
[0.534s] [  0%] Built target geometry_msgs_generate_messages_eus
[0.535s] [  0%] Built target topic_tools_generate_messages_cpp
[0.535s] [  0%] Built target stereo_msgs_generate_messages_eus
[0.535s] [  0%] Built target rosgraph_msgs_generate_messages_cpp
[0.535s] [  0%] Built target sensor_msgs_generate_messages_lisp
[0.535s] [  0%] Built target std_msgs_generate_messages_nodejs
[0.537s] [  0%] Built target tf2_msgs_generate_messages_nodejs
[0.537s] [  0%] Built target dynamic_reconfigure_generate_messages_nodejs
[0.537s] [  0%] Built target std_msgs_generate_messages_py
[0.537s] [  0%] Built target roscpp_generate_messages_lisp
[0.537s] [  0%] Built target std_srvs_generate_messages_eus
[0.537s] [  0%] Built target roscpp_generate_messages_nodejs
[0.537s] [  0%] Built target bond_generate_messages_eus
[0.537s] [  0%] Built target actionlib_generate_messages_cpp
[0.538s] [  0%] Built target geometry_msgs_generate_messages_nodejs
[0.538s] [  0%] Built target roscpp_generate_messages_py
[0.538s] [  0%] Built target std_msgs_generate_messages_lisp
[0.538s] [  0%] Built target nodelet_generate_messages_py
[0.538s] [  0%] Built target geometry_msgs_generate_messages_lisp
[0.538s] [  0%] Built target sensor_msgs_generate_messages_py
[0.538s] [  0%] Built target roscpp_generate_messages_cpp
[0.538s] [  0%] Built target std_msgs_generate_messages_cpp
[0.538s] [  0%] Built target dynamic_reconfigure_generate_messages_cpp
[0.538s] [  0%] Built target sensor_msgs_generate_messages_nodejs
[0.539s] [  0%] Built target sensor_msgs_generate_messages_eus
[0.539s] [  0%] Built target pcl_ros_gencfg
[0.539s] [  0%] Built target tf2_msgs_generate_messages_py
[0.539s] [  0%] Built target tf_generate_messages_py
[0.540s] [  0%] Built target topic_tools_generate_messages_nodejs
[0.541s] [  0%] Built target dynamic_reconfigure_generate_messages_py
[0.541s] [  0%] Built target sensor_msgs_generate_messages_cpp
[0.541s] [  0%] Built target actionlib_generate_messages_py
[0.542s] [  0%] Built target nodelet_generate_messages_cpp
[0.542s] [  0%] Built target geometry_msgs_generate_messages_py
[0.542s] [  0%] Built target tf2_msgs_generate_messages_lisp
[0.543s] [  0%] Built target geometry_msgs_generate_messages_cpp
[0.543s] [  0%] Built target std_srvs_generate_messages_nodejs
[0.543s] [  0%] Built target roscpp_generate_messages_eus
[0.544s] [  0%] Built target bond_generate_messages_py
[0.547s] [  0%] Built target dynamic_reconfigure_gencfg
[0.547s] [  0%] Built target nodelet_generate_messages_lisp
[0.547s] [  0%] Built target nodelet_generate_messages_nodejs
[0.548s] [  0%] Built target bond_generate_messages_nodejs
[0.548s] [  0%] Built target rosgraph_msgs_generate_messages_py
[0.548s] [  0%] Built target nodelet_generate_messages_eus
[0.548s] [  0%] Built target bond_generate_messages_cpp
[0.549s] [  0%] Built target pcl_msgs_generate_messages_nodejs
[0.549s] [  0%] Built target nodelet_topic_tools_gencfg
[0.549s] [  0%] Built target pcl_msgs_generate_messages_eus
[0.549s] [  0%] Built target actionlib_msgs_generate_messages_eus
[0.549s] [  0%] Built target topic_tools_generate_messages_py
[0.549s] [  0%] Built target actionlib_msgs_generate_messages_nodejs
[0.549s] [  0%] Built target topic_tools_generate_messages_lisp
[0.549s] [  0%] Built target actionlib_generate_messages_lisp
[0.549s] [  0%] Built target topic_tools_generate_messages_eus
[0.549s] [  0%] Built target std_srvs_generate_messages_py
[0.549s] [  0%] Built target tf_generate_messages_eus
[0.557s] [  0%] Built target std_srvs_generate_messages_lisp
[0.557s] [  0%] Built target actionlib_msgs_generate_messages_cpp
[0.557s] [  0%] Built target tf_generate_messages_nodejs
[0.557s] [  0%] Built target pcl_msgs_generate_messages_py
[0.557s] [  0%] Built target tf_generate_messages_lisp
[0.560s] [  0%] Built target std_srvs_generate_messages_cpp
[0.571s] [  0%] Built target actionlib_msgs_generate_messages_lisp
[0.573s] [  0%] Built target pcl_msgs_generate_messages_lisp
[0.576s] [  0%] Built target actionlib_generate_messages_nodejs
[0.576s] [  0%] Built target tf_generate_messages_cpp
[0.576s] [  0%] Built target actionlib_generate_messages_eus
[0.576s] [ 33%] Built target kitti_player_gencfg
[0.585s] [100%] Built target kitti_player
[0.841s] Invoked command in '/home/point001/autoware.ai/build/kitti_player' returned '0': CMAKE_PREFIX_PATH=/home/point001/autoware.ai/install/autoware_build_flags:${CMAKE_PREFIX_PATH} PKG_CONFIG_PATH=/home/point001/autoware.ai/install/autoware_build_flags/lib/x86_64-linux-gnu/pkgconfig:/home/point001/autoware.ai/install/autoware_build_flags/lib/pkgconfig:${PKG_CONFIG_PATH} ROS_PACKAGE_PATH=/home/point001/autoware.ai/install/autoware_build_flags/share:${ROS_PACKAGE_PATH} /usr/bin/cmake --build /home/point001/autoware.ai/build/kitti_player -- -j24 -l24
[1.085s] Invoking command in '/home/point001/autoware.ai/build/kitti_player': CMAKE_PREFIX_PATH=/home/point001/autoware.ai/install/autoware_build_flags:${CMAKE_PREFIX_PATH} PKG_CONFIG_PATH=/home/point001/autoware.ai/install/autoware_build_flags/lib/x86_64-linux-gnu/pkgconfig:/home/point001/autoware.ai/install/autoware_build_flags/lib/pkgconfig:${PKG_CONFIG_PATH} ROS_PACKAGE_PATH=/home/point001/autoware.ai/install/autoware_build_flags/share:${ROS_PACKAGE_PATH} /usr/bin/cmake --build /home/point001/autoware.ai/build/kitti_player --target tests -- -j24 -l24
[1.198s] Built target tests
[1.261s] Invoked command in '/home/point001/autoware.ai/build/kitti_player' returned '0': CMAKE_PREFIX_PATH=/home/point001/autoware.ai/install/autoware_build_flags:${CMAKE_PREFIX_PATH} PKG_CONFIG_PATH=/home/point001/autoware.ai/install/autoware_build_flags/lib/x86_64-linux-gnu/pkgconfig:/home/point001/autoware.ai/install/autoware_build_flags/lib/pkgconfig:${PKG_CONFIG_PATH} ROS_PACKAGE_PATH=/home/point001/autoware.ai/install/autoware_build_flags/share:${ROS_PACKAGE_PATH} /usr/bin/cmake --build /home/point001/autoware.ai/build/kitti_player --target tests -- -j24 -l24
[1.575s] Invoking command in '/home/point001/autoware.ai/build/kitti_player': CMAKE_PREFIX_PATH=/home/point001/autoware.ai/install/autoware_build_flags:${CMAKE_PREFIX_PATH} PKG_CONFIG_PATH=/home/point001/autoware.ai/install/autoware_build_flags/lib/x86_64-linux-gnu/pkgconfig:/home/point001/autoware.ai/install/autoware_build_flags/lib/pkgconfig:${PKG_CONFIG_PATH} ROS_PACKAGE_PATH=/home/point001/autoware.ai/install/autoware_build_flags/share:${ROS_PACKAGE_PATH} /usr/bin/cmake --build /home/point001/autoware.ai/build/kitti_player --target install -- -j24 -l24
[1.629s] [  0%] Built target stereo_msgs_generate_messages_nodejs
[1.629s] [  0%] Built target dynamic_reconfigure_generate_messages_nodejs
[1.629s] [  0%] Built target stereo_msgs_generate_messages_cpp
[1.630s] [  0%] Built target tf2_msgs_generate_messages_eus
[1.632s] [  0%] Built target stereo_msgs_generate_messages_lisp
[1.632s] [  0%] Built target actionlib_msgs_generate_messages_py
[1.633s] [  0%] Built target dynamic_reconfigure_generate_messages_lisp
[1.638s] [  0%] Built target stereo_msgs_generate_messages_py
[1.638s] [  0%] Built target stereo_msgs_generate_messages_eus
[1.638s] [  0%] Built target std_msgs_generate_messages_eus
[1.638s] [  0%] Built target rosgraph_msgs_generate_messages_nodejs
[1.638s] [  0%] Built target rosgraph_msgs_generate_messages_cpp
[1.638s] [  0%] Built target geometry_msgs_generate_messages_eus
[1.638s] [  0%] Built target std_msgs_generate_messages_py
[1.638s] [  0%] Built target tf2_msgs_generate_messages_nodejs
[1.639s] [  0%] Built target rosgraph_msgs_generate_messages_eus
[1.639s] [  0%] Built target std_msgs_generate_messages_nodejs
[1.639s] [  0%] Built target topic_tools_generate_messages_cpp
[1.643s] [  0%] Built target sensor_msgs_generate_messages_lisp
[1.643s] [  0%] Built target bond_generate_messages_lisp
[1.644s] [  0%] Built target pcl_msgs_generate_messages_cpp
[1.644s] [  0%] Built target dynamic_reconfigure_generate_messages_eus
[1.649s] [  0%] Built target rosgraph_msgs_generate_messages_lisp
[1.656s] [  0%] Built target tf2_msgs_generate_messages_cpp
[1.657s] [  0%] Built target roscpp_generate_messages_cpp
[1.659s] [  0%] Built target geometry_msgs_generate_messages_nodejs
[1.662s] [  0%] Built target sensor_msgs_generate_messages_nodejs
[1.662s] [  0%] Built target std_srvs_generate_messages_eus
[1.662s] [  0%] Built target roscpp_generate_messages_lisp
[1.663s] [  0%] Built target sensor_msgs_generate_messages_py
[1.663s] [  0%] Built target bond_generate_messages_eus
[1.669s] [  0%] Built target roscpp_generate_messages_py
[1.669s] [  0%] Built target nodelet_generate_messages_py
[1.669s] [  0%] Built target tf_generate_messages_py
[1.669s] [  0%] Built target std_msgs_generate_messages_cpp
[1.669s] [  0%] Built target geometry_msgs_generate_messages_lisp
[1.670s] [  0%] Built target actionlib_generate_messages_cpp
[1.670s] [  0%] Built target sensor_msgs_generate_messages_cpp
[1.671s] [  0%] Built target topic_tools_generate_messages_nodejs
[1.672s] [  0%] Built target actionlib_generate_messages_py
[1.675s] [  0%] Built target sensor_msgs_generate_messages_eus
[1.676s] [  0%] Built target roscpp_generate_messages_nodejs
[1.676s] [  0%] Built target std_msgs_generate_messages_lisp
[1.676s] [  0%] Built target dynamic_reconfigure_generate_messages_cpp
[1.681s] [  0%] Built target tf2_msgs_generate_messages_py
[1.681s] [  0%] Built target tf2_msgs_generate_messages_lisp
[1.687s] [  0%] Built target pcl_ros_gencfg
[1.688s] [  0%] Built target dynamic_reconfigure_generate_messages_py
[1.688s] [  0%] Built target geometry_msgs_generate_messages_py
[1.688s] [  0%] Built target nodelet_generate_messages_cpp
[1.695s] [  0%] Built target bond_generate_messages_py
[1.695s] [  0%] Built target std_srvs_generate_messages_nodejs
[1.695s] [  0%] Built target dynamic_reconfigure_gencfg
[1.704s] [  0%] Built target bond_generate_messages_nodejs
[1.709s] [  0%] Built target nodelet_generate_messages_lisp
[1.709s] [  0%] Built target pcl_msgs_generate_messages_nodejs
[1.710s] [  0%] Built target actionlib_generate_messages_lisp
[1.710s] [  0%] Built target topic_tools_generate_messages_py
[1.711s] [  0%] Built target pcl_msgs_generate_messages_eus
[1.713s] [  0%] Built target geometry_msgs_generate_messages_cpp
[1.717s] [  0%] Built target nodelet_generate_messages_nodejs
[1.717s] [  0%] Built target actionlib_msgs_generate_messages_nodejs
[1.722s] [  0%] Built target roscpp_generate_messages_eus
[1.727s] [  0%] Built target topic_tools_generate_messages_eus
[1.727s] [  0%] Built target tf_generate_messages_lisp
[1.728s] [  0%] Built target topic_tools_generate_messages_lisp
[1.729s] [  0%] Built target nodelet_generate_messages_eus
[1.730s] [  0%] Built target rosgraph_msgs_generate_messages_py
[1.731s] [  0%] Built target bond_generate_messages_cpp
[1.738s] [  0%] Built target nodelet_topic_tools_gencfg
[1.741s] [  0%] Built target std_srvs_generate_messages_cpp
[1.742s] [  0%] Built target std_srvs_generate_messages_py
[1.746s] [  0%] Built target tf_generate_messages_eus
[1.746s] [  0%] Built target actionlib_msgs_generate_messages_eus
[1.748s] [  0%] Built target tf_generate_messages_cpp
[1.762s] [  0%] Built target actionlib_generate_messages_nodejs
[1.768s] [  0%] Built target actionlib_msgs_generate_messages_cpp
[1.768s] [  0%] Built target actionlib_msgs_generate_messages_lisp
[1.774s] [  0%] Built target pcl_msgs_generate_messages_lisp
[1.777s] [  0%] Built target pcl_msgs_generate_messages_py
[1.784s] [  0%] Built target tf_generate_messages_nodejs
[1.787s] [  0%] Built target std_srvs_generate_messages_lisp
[1.801s] [  0%] Built target actionlib_generate_messages_eus
[1.820s] [ 33%] Built target kitti_player_gencfg
[1.868s] [100%] Built target kitti_player
[1.898s] [36mInstall the project...[0m
[1.912s] -- Install configuration: "Release"
[1.912s] -- Up-to-date: /home/point001/autoware.ai/install/kitti_player/include/kitti_player/kitti_playerConfig.h
[1.912s] -- Up-to-date: /home/point001/autoware.ai/install/kitti_player/lib/python2.7/dist-packages/kitti_player/__init__.py
[1.925s] Listing /home/point001/autoware.ai/build/kitti_player/devel/lib/python2.7/dist-packages/kitti_player/cfg ...
[1.926s] -- Up-to-date: /home/point001/autoware.ai/install/kitti_player/lib/python2.7/dist-packages/kitti_player/cfg
[1.927s] -- Up-to-date: /home/point001/autoware.ai/install/kitti_player/lib/python2.7/dist-packages/kitti_player/cfg/kitti_playerConfig.py
[1.927s] -- Up-to-date: /home/point001/autoware.ai/install/kitti_player/lib/python2.7/dist-packages/kitti_player/cfg/__init__.py
[1.927s] -- Up-to-date: /home/point001/autoware.ai/install/kitti_player/lib/python2.7/dist-packages/kitti_player/cfg/__init__.pyc
[1.927s] -- Up-to-date: /home/point001/autoware.ai/install/kitti_player/lib/python2.7/dist-packages/kitti_player/cfg/kitti_playerConfig.pyc
[1.927s] -- Up-to-date: /home/point001/autoware.ai/install/kitti_player/lib/pkgconfig/kitti_player.pc
[1.928s] -- Up-to-date: /home/point001/autoware.ai/install/kitti_player/share/kitti_player/cmake/kitti_playerConfig.cmake
[1.928s] -- Up-to-date: /home/point001/autoware.ai/install/kitti_player/share/kitti_player/cmake/kitti_playerConfig-version.cmake
[1.928s] -- Up-to-date: /home/point001/autoware.ai/install/kitti_player/share/kitti_player/package.xml
[1.928s] -- Up-to-date: /home/point001/autoware.ai/install/kitti_player/lib/kitti_player/kitti_player
[1.928s] -- Up-to-date: /home/point001/autoware.ai/install/kitti_player/share/kitti_player/launch
[1.928s] -- Up-to-date: /home/point001/autoware.ai/install/kitti_player/share/kitti_player/launch/kittiplayer_libviso2.launch
[1.928s] -- Up-to-date: /home/point001/autoware.ai/install/kitti_player/share/kitti_player/cfg
[1.928s] -- Up-to-date: /home/point001/autoware.ai/install/kitti_player/share/kitti_player/cfg/kitti_player.cfg
[1.929s] -- Up-to-date: /home/point001/autoware.ai/install/kitti_player/share/kitti_player/cfg/rviz_kitti_player.rviz
[2.009s] Invoked command in '/home/point001/autoware.ai/build/kitti_player' returned '0': CMAKE_PREFIX_PATH=/home/point001/autoware.ai/install/autoware_build_flags:${CMAKE_PREFIX_PATH} PKG_CONFIG_PATH=/home/point001/autoware.ai/install/autoware_build_flags/lib/x86_64-linux-gnu/pkgconfig:/home/point001/autoware.ai/install/autoware_build_flags/lib/pkgconfig:${PKG_CONFIG_PATH} ROS_PACKAGE_PATH=/home/point001/autoware.ai/install/autoware_build_flags/share:${ROS_PACKAGE_PATH} /usr/bin/cmake --build /home/point001/autoware.ai/build/kitti_player --target install -- -j24 -l24
