[0.321s] Invoking command in '/home/point001/autoware.ai/build/mpc_follower': CMAKE_PREFIX_PATH=/home/point001/autoware.ai/install/autoware_health_checker:/home/point001/autoware.ai/install/amathutils_lib:/home/point001/autoware.ai/install/ros_observer:/home/point001/autoware.ai/install/autoware_system_msgs:/home/point001/autoware.ai/install/autoware_msgs:/home/point001/autoware.ai/install/autoware_build_flags:${CMAKE_PREFIX_PATH} LD_LIBRARY_PATH=/home/point001/autoware.ai/install/autoware_health_checker/lib:/home/point001/autoware.ai/install/amathutils_lib/lib:/home/point001/autoware.ai/install/ros_observer/lib:/opt/ros/melodic/lib:/usr/local/cuda-10.0/lib64 PKG_CONFIG_PATH=/home/point001/autoware.ai/install/autoware_health_checker/lib/x86_64-linux-gnu/pkgconfig:/home/point001/autoware.ai/install/autoware_health_checker/lib/pkgconfig:/home/point001/autoware.ai/install/amathutils_lib/lib/x86_64-linux-gnu/pkgconfig:/home/point001/autoware.ai/install/amathutils_lib/lib/pkgconfig:/home/point001/autoware.ai/install/ros_observer/lib/x86_64-linux-gnu/pkgconfig:/home/point001/autoware.ai/install/ros_observer/lib/pkgconfig:/home/point001/autoware.ai/install/autoware_system_msgs/lib/x86_64-linux-gnu/pkgconfig:/home/point001/autoware.ai/install/autoware_system_msgs/lib/pkgconfig:/home/point001/autoware.ai/install/autoware_msgs/lib/x86_64-linux-gnu/pkgconfig:/home/point001/autoware.ai/install/autoware_msgs/lib/pkgconfig:/home/point001/autoware.ai/install/autoware_build_flags/lib/x86_64-linux-gnu/pkgconfig:/home/point001/autoware.ai/install/autoware_build_flags/lib/pkgconfig:${PKG_CONFIG_PATH} PYTHONPATH=/home/point001/autoware.ai/install/autoware_system_msgs/lib/python2.7/dist-packages:/home/point001/autoware.ai/install/autoware_msgs/lib/python2.7/dist-packages:${PYTHONPATH} ROS_PACKAGE_PATH=/home/point001/autoware.ai/install/autoware_health_checker/share:/home/point001/autoware.ai/install/amathutils_lib/share:/home/point001/autoware.ai/install/ros_observer/share:/home/point001/autoware.ai/install/autoware_system_msgs/share:/home/point001/autoware.ai/install/autoware_msgs/share:/home/point001/autoware.ai/install/autoware_build_flags/share:${ROS_PACKAGE_PATH} /usr/bin/cmake --build /home/point001/autoware.ai/build/mpc_follower -- -j24 -l24
[0.547s] [  0%] Built target std_msgs_generate_messages_py
[0.547s] [  0%] Built target autoware_msgs_generate_messages_cpp
[0.547s] [  0%] Built target std_msgs_generate_messages_cpp
[0.547s] [  0%] Built target rosgraph_msgs_generate_messages_cpp
[0.547s] [  0%] Built target actionlib_generate_messages_cpp
[0.547s] [  0%] Built target tf2_msgs_generate_messages_cpp
[0.547s] [  0%] Built target pcl_msgs_generate_messages_nodejs
[0.547s] [  0%] Built target roscpp_generate_messages_cpp
[0.547s] [  0%] Built target jsk_footstep_msgs_generate_messages_py
[0.547s] [  0%] Built target pcl_msgs_generate_messages_eus
[0.547s] [  0%] Built target autoware_msgs_generate_messages_py
[0.547s] [  0%] Built target _catkin_empty_exported_target
[0.548s] [  0%] Built target rosgraph_msgs_generate_messages_eus
[0.548s] [  0%] Built target std_msgs_generate_messages_nodejs
[0.548s] [  0%] Built target sensor_msgs_generate_messages_cpp
[0.548s] [  0%] Built target geometry_msgs_generate_messages_py
[0.548s] [  0%] Built target jsk_recognition_msgs_generate_messages_eus
[0.548s] [  0%] Built target jsk_recognition_msgs_generate_messages_lisp
[0.548s] [  0%] Built target sensor_msgs_generate_messages_eus
[0.548s] [  0%] Built target autoware_system_msgs_generate_messages_py
[0.548s] [  0%] Built target jsk_recognition_msgs_generate_messages_py
[0.548s] [  0%] Built target tf_generate_messages_py
[0.548s] [  0%] Built target sensor_msgs_generate_messages_py
[0.548s] [  0%] Built target autoware_msgs_generate_messages_eus
[0.549s] [  0%] Built target pcl_msgs_generate_messages_cpp
[0.549s] [  0%] Built target autoware_system_msgs_generate_messages_cpp
[0.549s] [  0%] Built target geometry_msgs_generate_messages_eus
[0.549s] [  0%] Built target sensor_msgs_generate_messages_lisp
[0.549s] [  0%] Built target autoware_msgs_generate_messages_lisp
[0.550s] [  0%] Built target jsk_recognition_msgs_generate_messages_cpp
[0.550s] [  0%] Built target std_msgs_generate_messages_lisp
[0.550s] [  0%] Built target roscpp_generate_messages_nodejs
[0.550s] [  0%] Built target actionlib_msgs_generate_messages_nodejs
[0.550s] [  0%] Built target actionlib_msgs_generate_messages_cpp
[0.550s] [  0%] Built target actionlib_msgs_generate_messages_py
[0.550s] [  0%] Built target std_msgs_generate_messages_eus
[0.550s] [  0%] Built target autoware_msgs_generate_messages_nodejs
[0.551s] [  0%] Built target jsk_footstep_msgs_generate_messages_lisp
[0.551s] [  0%] Built target geometry_msgs_generate_messages_lisp
[0.551s] [  0%] Built target autoware_system_msgs_generate_messages_nodejs
[0.551s] [  0%] Built target jsk_footstep_msgs_generate_messages_eus
[0.553s] [  0%] Built target geometry_msgs_generate_messages_nodejs
[0.553s] [  0%] Built target jsk_footstep_msgs_generate_messages_nodejs
[0.553s] [  0%] Built target actionlib_msgs_generate_messages_lisp
[0.553s] [  0%] Built target tf_generate_messages_eus
[0.553s] [  0%] Built target tf_generate_messages_nodejs
[0.553s] [  0%] Built target tf_generate_messages_lisp
[0.553s] [  0%] Built target geometry_msgs_generate_messages_cpp
[0.553s] [  0%] Built target jsk_footstep_msgs_generate_messages_cpp
[0.553s] [  0%] Built target roscpp_generate_messages_eus
[0.554s] [  0%] Built target pcl_msgs_generate_messages_py
[0.558s] [  0%] Built target rosgraph_msgs_generate_messages_nodejs
[0.558s] [  0%] Built target rosgraph_msgs_generate_messages_lisp
[0.558s] [  0%] Built target actionlib_msgs_generate_messages_eus
[0.559s] [  0%] Built target actionlib_generate_messages_lisp
[0.560s] [  0%] Built target jsk_recognition_msgs_generate_messages_nodejs
[0.560s] [  0%] Built target actionlib_generate_messages_eus
[0.560s] [  0%] Built target rosgraph_msgs_generate_messages_py
[0.562s] [  0%] Built target actionlib_generate_messages_py
[0.562s] [  0%] Built target pcl_msgs_generate_messages_lisp
[0.563s] [  0%] Built target tf_generate_messages_cpp
[0.570s] [  0%] Built target roscpp_generate_messages_lisp
[0.576s] [  0%] Built target autoware_system_msgs_generate_messages_lisp
[0.576s] [  0%] Built target autoware_system_msgs_generate_messages_eus
[0.576s] [  0%] Built target roscpp_generate_messages_py
[0.576s] [  0%] Built target tf2_msgs_generate_messages_lisp
[0.576s] [  0%] Built target actionlib_generate_messages_nodejs
[0.577s] [  0%] Built target tf2_msgs_generate_messages_eus
[0.580s] [  0%] Built target tf2_msgs_generate_messages_nodejs
[0.582s] [  0%] Built target tf2_msgs_generate_messages_py
[0.582s] [  0%] Built target sensor_msgs_generate_messages_nodejs
[0.610s] [ 13%] Built target mpc_waypoints_converter
[0.610s] [100%] Built target mpc_follower
[0.848s] Invoked command in '/home/point001/autoware.ai/build/mpc_follower' returned '0': CMAKE_PREFIX_PATH=/home/point001/autoware.ai/install/autoware_health_checker:/home/point001/autoware.ai/install/amathutils_lib:/home/point001/autoware.ai/install/ros_observer:/home/point001/autoware.ai/install/autoware_system_msgs:/home/point001/autoware.ai/install/autoware_msgs:/home/point001/autoware.ai/install/autoware_build_flags:${CMAKE_PREFIX_PATH} LD_LIBRARY_PATH=/home/point001/autoware.ai/install/autoware_health_checker/lib:/home/point001/autoware.ai/install/amathutils_lib/lib:/home/point001/autoware.ai/install/ros_observer/lib:/opt/ros/melodic/lib:/usr/local/cuda-10.0/lib64 PKG_CONFIG_PATH=/home/point001/autoware.ai/install/autoware_health_checker/lib/x86_64-linux-gnu/pkgconfig:/home/point001/autoware.ai/install/autoware_health_checker/lib/pkgconfig:/home/point001/autoware.ai/install/amathutils_lib/lib/x86_64-linux-gnu/pkgconfig:/home/point001/autoware.ai/install/amathutils_lib/lib/pkgconfig:/home/point001/autoware.ai/install/ros_observer/lib/x86_64-linux-gnu/pkgconfig:/home/point001/autoware.ai/install/ros_observer/lib/pkgconfig:/home/point001/autoware.ai/install/autoware_system_msgs/lib/x86_64-linux-gnu/pkgconfig:/home/point001/autoware.ai/install/autoware_system_msgs/lib/pkgconfig:/home/point001/autoware.ai/install/autoware_msgs/lib/x86_64-linux-gnu/pkgconfig:/home/point001/autoware.ai/install/autoware_msgs/lib/pkgconfig:/home/point001/autoware.ai/install/autoware_build_flags/lib/x86_64-linux-gnu/pkgconfig:/home/point001/autoware.ai/install/autoware_build_flags/lib/pkgconfig:${PKG_CONFIG_PATH} PYTHONPATH=/home/point001/autoware.ai/install/autoware_system_msgs/lib/python2.7/dist-packages:/home/point001/autoware.ai/install/autoware_msgs/lib/python2.7/dist-packages:${PYTHONPATH} ROS_PACKAGE_PATH=/home/point001/autoware.ai/install/autoware_health_checker/share:/home/point001/autoware.ai/install/amathutils_lib/share:/home/point001/autoware.ai/install/ros_observer/share:/home/point001/autoware.ai/install/autoware_system_msgs/share:/home/point001/autoware.ai/install/autoware_msgs/share:/home/point001/autoware.ai/install/autoware_build_flags/share:${ROS_PACKAGE_PATH} /usr/bin/cmake --build /home/point001/autoware.ai/build/mpc_follower -- -j24 -l24
[1.599s] Invoking command in '/home/point001/autoware.ai/build/mpc_follower': CMAKE_PREFIX_PATH=/home/point001/autoware.ai/install/autoware_health_checker:/home/point001/autoware.ai/install/amathutils_lib:/home/point001/autoware.ai/install/ros_observer:/home/point001/autoware.ai/install/autoware_system_msgs:/home/point001/autoware.ai/install/autoware_msgs:/home/point001/autoware.ai/install/autoware_build_flags:${CMAKE_PREFIX_PATH} LD_LIBRARY_PATH=/home/point001/autoware.ai/install/autoware_health_checker/lib:/home/point001/autoware.ai/install/amathutils_lib/lib:/home/point001/autoware.ai/install/ros_observer/lib:/opt/ros/melodic/lib:/usr/local/cuda-10.0/lib64 PKG_CONFIG_PATH=/home/point001/autoware.ai/install/autoware_health_checker/lib/x86_64-linux-gnu/pkgconfig:/home/point001/autoware.ai/install/autoware_health_checker/lib/pkgconfig:/home/point001/autoware.ai/install/amathutils_lib/lib/x86_64-linux-gnu/pkgconfig:/home/point001/autoware.ai/install/amathutils_lib/lib/pkgconfig:/home/point001/autoware.ai/install/ros_observer/lib/x86_64-linux-gnu/pkgconfig:/home/point001/autoware.ai/install/ros_observer/lib/pkgconfig:/home/point001/autoware.ai/install/autoware_system_msgs/lib/x86_64-linux-gnu/pkgconfig:/home/point001/autoware.ai/install/autoware_system_msgs/lib/pkgconfig:/home/point001/autoware.ai/install/autoware_msgs/lib/x86_64-linux-gnu/pkgconfig:/home/point001/autoware.ai/install/autoware_msgs/lib/pkgconfig:/home/point001/autoware.ai/install/autoware_build_flags/lib/x86_64-linux-gnu/pkgconfig:/home/point001/autoware.ai/install/autoware_build_flags/lib/pkgconfig:${PKG_CONFIG_PATH} PYTHONPATH=/home/point001/autoware.ai/install/autoware_system_msgs/lib/python2.7/dist-packages:/home/point001/autoware.ai/install/autoware_msgs/lib/python2.7/dist-packages:${PYTHONPATH} ROS_PACKAGE_PATH=/home/point001/autoware.ai/install/autoware_health_checker/share:/home/point001/autoware.ai/install/amathutils_lib/share:/home/point001/autoware.ai/install/ros_observer/share:/home/point001/autoware.ai/install/autoware_system_msgs/share:/home/point001/autoware.ai/install/autoware_msgs/share:/home/point001/autoware.ai/install/autoware_build_flags/share:${ROS_PACKAGE_PATH} /usr/bin/cmake --build /home/point001/autoware.ai/build/mpc_follower --target tests -- -j24 -l24
[1.660s] [  0%] Built target jsk_recognition_msgs_generate_messages_eus
[1.660s] [  0%] Built target actionlib_generate_messages_cpp
[1.661s] [  0%] Built target rosgraph_msgs_generate_messages_eus
[1.662s] [  0%] Built target tf2_msgs_generate_messages_cpp
[1.662s] [  0%] Built target std_msgs_generate_messages_py
[1.662s] [  0%] Built target roscpp_generate_messages_cpp
[1.662s] [  0%] Built target geometry_msgs_generate_messages_py
[1.663s] [  0%] Built target jsk_recognition_msgs_generate_messages_lisp
[1.663s] [  6%] Built target gtest
[1.663s] [  6%] Built target pcl_msgs_generate_messages_eus
[1.664s] [  6%] Built target sensor_msgs_generate_messages_cpp
[1.667s] [  6%] Built target autoware_msgs_generate_messages_cpp
[1.667s] [  6%] Built target rosgraph_msgs_generate_messages_cpp
[1.667s] [  6%] Built target autoware_msgs_generate_messages_py
[1.668s] [  6%] Built target sensor_msgs_generate_messages_eus
[1.672s] [  6%] Built target sensor_msgs_generate_messages_lisp
[1.672s] [  6%] Built target std_msgs_generate_messages_cpp
[1.673s] [  6%] Built target std_msgs_generate_messages_nodejs
[1.673s] [  6%] Built target pcl_msgs_generate_messages_nodejs
[1.674s] [  6%] Built target jsk_footstep_msgs_generate_messages_py
[1.674s] [  6%] Built target sensor_msgs_generate_messages_py
[1.687s] [  6%] Built target tf_generate_messages_py
[1.688s] [  6%] Built target _catkin_empty_exported_target
[1.712s] [  6%] Built target actionlib_msgs_generate_messages_nodejs
[1.715s] [  6%] Built target pcl_msgs_generate_messages_cpp
[1.727s] [  6%] Built target std_msgs_generate_messages_eus
[1.727s] [  6%] Built target autoware_msgs_generate_messages_lisp
[1.731s] [  6%] Built target jsk_recognition_msgs_generate_messages_py
[1.737s] [  6%] Built target autoware_system_msgs_generate_messages_nodejs
[1.737s] [  6%] Built target jsk_footstep_msgs_generate_messages_nodejs
[1.747s] [  6%] Built target std_msgs_generate_messages_lisp
[1.748s] [  6%] Built target jsk_footstep_msgs_generate_messages_eus
[1.748s] [  6%] Built target actionlib_msgs_generate_messages_lisp
[1.750s] [  6%] Built target jsk_footstep_msgs_generate_messages_lisp
[1.751s] [  6%] Built target geometry_msgs_generate_messages_lisp
[1.756s] [  6%] Built target roscpp_generate_messages_nodejs
[1.756s] [  6%] Built target autoware_msgs_generate_messages_eus
[1.762s] [  6%] Built target jsk_recognition_msgs_generate_messages_cpp
[1.769s] [  6%] Built target jsk_footstep_msgs_generate_messages_cpp
[1.769s] [  6%] Built target geometry_msgs_generate_messages_nodejs
[1.770s] [  6%] Built target actionlib_msgs_generate_messages_py
[1.770s] [  6%] Built target autoware_system_msgs_generate_messages_cpp
[1.792s] [  6%] Built target geometry_msgs_generate_messages_eus
[1.815s] [  6%] Built target roscpp_generate_messages_lisp
[1.823s] [  6%] Built target roscpp_generate_messages_eus
[1.831s] [  6%] Built target tf_generate_messages_nodejs
[1.831s] [  6%] Built target tf_generate_messages_eus
[1.831s] [  6%] Built target rosgraph_msgs_generate_messages_nodejs
[1.844s] [  6%] Built target rosgraph_msgs_generate_messages_lisp
[1.864s] [  6%] Built target roscpp_generate_messages_py
[1.876s] [  6%] Built target autoware_msgs_generate_messages_nodejs
[1.878s] [  6%] Built target actionlib_generate_messages_nodejs
[1.883s] [  6%] Built target actionlib_msgs_generate_messages_cpp
[1.883s] [  6%] Built target tf_generate_messages_lisp
[1.883s] [  6%] Built target autoware_system_msgs_generate_messages_eus
[1.884s] [  6%] Built target tf_generate_messages_cpp
[1.888s] [  6%] Built target actionlib_generate_messages_py
[1.889s] [  6%] Built target pcl_msgs_generate_messages_lisp
[1.893s] [  6%] Built target actionlib_msgs_generate_messages_eus
[1.897s] [  6%] Built target autoware_system_msgs_generate_messages_lisp
[1.898s] [  6%] Built target jsk_recognition_msgs_generate_messages_nodejs
[1.899s] [  6%] Built target geometry_msgs_generate_messages_cpp
[1.909s] [  6%] Built target rosgraph_msgs_generate_messages_py
[1.913s] [  6%] Built target tf2_msgs_generate_messages_nodejs
[1.922s] [  6%] Built target tf2_msgs_generate_messages_py
[1.924s] [  6%] Built target pcl_msgs_generate_messages_py
[1.943s] [  6%] Built target tf2_msgs_generate_messages_lisp
[1.944s] [  6%] Built target actionlib_generate_messages_eus
[1.944s] [  6%] Built target autoware_system_msgs_generate_messages_py
[1.977s] [  6%] Built target actionlib_generate_messages_lisp
[1.977s] [  6%] Built target tf2_msgs_generate_messages_eus
[1.986s] [  6%] Built target sensor_msgs_generate_messages_nodejs
[2.094s] [ 50%] Built target test-mpc_follower
[2.095s] [ 90%] Built target test-mpc_utils
[2.109s] [100%] Built target test-mpc_lowpass_filter
[2.209s] [100%] Built target tests
[2.271s] Invoked command in '/home/point001/autoware.ai/build/mpc_follower' returned '0': CMAKE_PREFIX_PATH=/home/point001/autoware.ai/install/autoware_health_checker:/home/point001/autoware.ai/install/amathutils_lib:/home/point001/autoware.ai/install/ros_observer:/home/point001/autoware.ai/install/autoware_system_msgs:/home/point001/autoware.ai/install/autoware_msgs:/home/point001/autoware.ai/install/autoware_build_flags:${CMAKE_PREFIX_PATH} LD_LIBRARY_PATH=/home/point001/autoware.ai/install/autoware_health_checker/lib:/home/point001/autoware.ai/install/amathutils_lib/lib:/home/point001/autoware.ai/install/ros_observer/lib:/opt/ros/melodic/lib:/usr/local/cuda-10.0/lib64 PKG_CONFIG_PATH=/home/point001/autoware.ai/install/autoware_health_checker/lib/x86_64-linux-gnu/pkgconfig:/home/point001/autoware.ai/install/autoware_health_checker/lib/pkgconfig:/home/point001/autoware.ai/install/amathutils_lib/lib/x86_64-linux-gnu/pkgconfig:/home/point001/autoware.ai/install/amathutils_lib/lib/pkgconfig:/home/point001/autoware.ai/install/ros_observer/lib/x86_64-linux-gnu/pkgconfig:/home/point001/autoware.ai/install/ros_observer/lib/pkgconfig:/home/point001/autoware.ai/install/autoware_system_msgs/lib/x86_64-linux-gnu/pkgconfig:/home/point001/autoware.ai/install/autoware_system_msgs/lib/pkgconfig:/home/point001/autoware.ai/install/autoware_msgs/lib/x86_64-linux-gnu/pkgconfig:/home/point001/autoware.ai/install/autoware_msgs/lib/pkgconfig:/home/point001/autoware.ai/install/autoware_build_flags/lib/x86_64-linux-gnu/pkgconfig:/home/point001/autoware.ai/install/autoware_build_flags/lib/pkgconfig:${PKG_CONFIG_PATH} PYTHONPATH=/home/point001/autoware.ai/install/autoware_system_msgs/lib/python2.7/dist-packages:/home/point001/autoware.ai/install/autoware_msgs/lib/python2.7/dist-packages:${PYTHONPATH} ROS_PACKAGE_PATH=/home/point001/autoware.ai/install/autoware_health_checker/share:/home/point001/autoware.ai/install/amathutils_lib/share:/home/point001/autoware.ai/install/ros_observer/share:/home/point001/autoware.ai/install/autoware_system_msgs/share:/home/point001/autoware.ai/install/autoware_msgs/share:/home/point001/autoware.ai/install/autoware_build_flags/share:${ROS_PACKAGE_PATH} /usr/bin/cmake --build /home/point001/autoware.ai/build/mpc_follower --target tests -- -j24 -l24
[2.759s] Invoking command in '/home/point001/autoware.ai/build/mpc_follower': CMAKE_PREFIX_PATH=/home/point001/autoware.ai/install/autoware_health_checker:/home/point001/autoware.ai/install/amathutils_lib:/home/point001/autoware.ai/install/ros_observer:/home/point001/autoware.ai/install/autoware_system_msgs:/home/point001/autoware.ai/install/autoware_msgs:/home/point001/autoware.ai/install/autoware_build_flags:${CMAKE_PREFIX_PATH} LD_LIBRARY_PATH=/home/point001/autoware.ai/install/autoware_health_checker/lib:/home/point001/autoware.ai/install/amathutils_lib/lib:/home/point001/autoware.ai/install/ros_observer/lib:/opt/ros/melodic/lib:/usr/local/cuda-10.0/lib64 PKG_CONFIG_PATH=/home/point001/autoware.ai/install/autoware_health_checker/lib/x86_64-linux-gnu/pkgconfig:/home/point001/autoware.ai/install/autoware_health_checker/lib/pkgconfig:/home/point001/autoware.ai/install/amathutils_lib/lib/x86_64-linux-gnu/pkgconfig:/home/point001/autoware.ai/install/amathutils_lib/lib/pkgconfig:/home/point001/autoware.ai/install/ros_observer/lib/x86_64-linux-gnu/pkgconfig:/home/point001/autoware.ai/install/ros_observer/lib/pkgconfig:/home/point001/autoware.ai/install/autoware_system_msgs/lib/x86_64-linux-gnu/pkgconfig:/home/point001/autoware.ai/install/autoware_system_msgs/lib/pkgconfig:/home/point001/autoware.ai/install/autoware_msgs/lib/x86_64-linux-gnu/pkgconfig:/home/point001/autoware.ai/install/autoware_msgs/lib/pkgconfig:/home/point001/autoware.ai/install/autoware_build_flags/lib/x86_64-linux-gnu/pkgconfig:/home/point001/autoware.ai/install/autoware_build_flags/lib/pkgconfig:${PKG_CONFIG_PATH} PYTHONPATH=/home/point001/autoware.ai/install/autoware_system_msgs/lib/python2.7/dist-packages:/home/point001/autoware.ai/install/autoware_msgs/lib/python2.7/dist-packages:${PYTHONPATH} ROS_PACKAGE_PATH=/home/point001/autoware.ai/install/autoware_health_checker/share:/home/point001/autoware.ai/install/amathutils_lib/share:/home/point001/autoware.ai/install/ros_observer/share:/home/point001/autoware.ai/install/autoware_system_msgs/share:/home/point001/autoware.ai/install/autoware_msgs/share:/home/point001/autoware.ai/install/autoware_build_flags/share:${ROS_PACKAGE_PATH} /usr/bin/cmake --build /home/point001/autoware.ai/build/mpc_follower --target install -- -j24 -l24
[2.954s] [  0%] Built target std_msgs_generate_messages_py
[2.958s] [  0%] Built target autoware_msgs_generate_messages_py
[2.989s] [  0%] Built target _catkin_empty_exported_target
[2.989s] [  0%] Built target jsk_recognition_msgs_generate_messages_py
[2.989s] [  0%] Built target tf_generate_messages_py
[2.990s] [  0%] Built target tf2_msgs_generate_messages_cpp
[3.002s] [  0%] Built target sensor_msgs_generate_messages_lisp
[3.002s] [  0%] Built target rosgraph_msgs_generate_messages_cpp
[3.003s] [  0%] Built target autoware_msgs_generate_messages_cpp
[3.003s] [  0%] Built target sensor_msgs_generate_messages_eus
[3.003s] [  0%] Built target rosgraph_msgs_generate_messages_eus
[3.003s] [  0%] Built target autoware_system_msgs_generate_messages_py
[3.004s] [  0%] Built target pcl_msgs_generate_messages_nodejs
[3.004s] [  0%] Built target jsk_recognition_msgs_generate_messages_eus
[3.007s] [  0%] Built target jsk_recognition_msgs_generate_messages_lisp
[3.008s] [  0%] Built target sensor_msgs_generate_messages_py
[3.008s] [  0%] Built target std_msgs_generate_messages_nodejs
[3.008s] [  0%] Built target jsk_footstep_msgs_generate_messages_py
[3.011s] [  0%] Built target std_msgs_generate_messages_cpp
[3.025s] [  0%] Built target sensor_msgs_generate_messages_cpp
[3.025s] [  0%] Built target geometry_msgs_generate_messages_eus
[3.025s] [  0%] Built target pcl_msgs_generate_messages_eus
[3.025s] [  0%] Built target roscpp_generate_messages_cpp
[3.029s] [  0%] Built target geometry_msgs_generate_messages_py
[3.037s] [  0%] Built target autoware_system_msgs_generate_messages_cpp
[3.038s] [  0%] Built target actionlib_generate_messages_cpp
[3.046s] [  0%] Built target actionlib_msgs_generate_messages_nodejs
[3.046s] [  0%] Built target roscpp_generate_messages_nodejs
[3.046s] [  0%] Built target std_msgs_generate_messages_lisp
[3.046s] [  0%] Built target jsk_footstep_msgs_generate_messages_nodejs
[3.047s] [  0%] Built target geometry_msgs_generate_messages_lisp
[3.047s] [  0%] Built target autoware_msgs_generate_messages_nodejs
[3.051s] [  0%] Built target actionlib_msgs_generate_messages_py
[3.055s] [  0%] Built target std_msgs_generate_messages_eus
[3.057s] [  0%] Built target jsk_recognition_msgs_generate_messages_cpp
[3.057s] [  0%] Built target geometry_msgs_generate_messages_nodejs
[3.063s] [  0%] Built target actionlib_msgs_generate_messages_cpp
[3.065s] [  0%] Built target actionlib_msgs_generate_messages_lisp
[3.065s] [  0%] Built target autoware_msgs_generate_messages_eus
[3.065s] [  0%] Built target autoware_system_msgs_generate_messages_nodejs
[3.065s] [  0%] Built target pcl_msgs_generate_messages_cpp
[3.065s] [  0%] Built target jsk_footstep_msgs_generate_messages_cpp
[3.066s] [  0%] Built target tf_generate_messages_eus
[3.067s] [  0%] Built target jsk_footstep_msgs_generate_messages_lisp
[3.067s] [  0%] Built target autoware_msgs_generate_messages_lisp
[3.068s] [  0%] Built target jsk_footstep_msgs_generate_messages_eus
[3.074s] [  0%] Built target tf_generate_messages_nodejs
[3.075s] [  0%] Built target jsk_recognition_msgs_generate_messages_nodejs
[3.076s] [  0%] Built target tf_generate_messages_lisp
[3.078s] [  0%] Built target roscpp_generate_messages_py
[3.078s] [  0%] Built target rosgraph_msgs_generate_messages_py
[3.079s] [  0%] Built target rosgraph_msgs_generate_messages_nodejs
[3.080s] [  0%] Built target rosgraph_msgs_generate_messages_lisp
[3.093s] [  0%] Built target actionlib_msgs_generate_messages_eus
[3.093s] [  0%] Built target roscpp_generate_messages_lisp
[3.093s] [  0%] Built target roscpp_generate_messages_eus
[3.093s] [  0%] Built target pcl_msgs_generate_messages_lisp
[3.094s] [  0%] Built target geometry_msgs_generate_messages_cpp
[3.094s] [  0%] Built target tf_generate_messages_cpp
[3.094s] [  0%] Built target tf2_msgs_generate_messages_lisp
[3.095s] [  0%] Built target pcl_msgs_generate_messages_py
[3.096s] [  0%] Built target actionlib_generate_messages_lisp
[3.096s] [  0%] Built target actionlib_generate_messages_nodejs
[3.096s] [  0%] Built target actionlib_generate_messages_eus
[3.097s] [  0%] Built target tf2_msgs_generate_messages_py
[3.098s] [  0%] Built target autoware_system_msgs_generate_messages_eus
[3.099s] [  0%] Built target tf2_msgs_generate_messages_nodejs
[3.104s] [  0%] Built target sensor_msgs_generate_messages_nodejs
[3.106s] [  0%] Built target actionlib_generate_messages_py
[3.106s] [  0%] Built target tf2_msgs_generate_messages_eus
[3.106s] [  0%] Built target autoware_system_msgs_generate_messages_lisp
[3.158s] [ 13%] Built target mpc_waypoints_converter
[3.176s] [100%] Built target mpc_follower
[3.231s] [36mInstall the project...[0m
[3.259s] -- Install configuration: "Release"
[3.259s] -- Up-to-date: /home/point001/autoware.ai/install/mpc_follower/lib/pkgconfig/mpc_follower.pc
[3.259s] -- Up-to-date: /home/point001/autoware.ai/install/mpc_follower/share/mpc_follower/cmake/mpc_followerConfig.cmake
[3.259s] -- Up-to-date: /home/point001/autoware.ai/install/mpc_follower/share/mpc_follower/cmake/mpc_followerConfig-version.cmake
[3.259s] -- Up-to-date: /home/point001/autoware.ai/install/mpc_follower/share/mpc_follower/package.xml
[3.260s] -- Up-to-date: /home/point001/autoware.ai/install/mpc_follower/lib/mpc_follower/mpc_follower
[3.260s] -- Up-to-date: /home/point001/autoware.ai/install/mpc_follower/lib/mpc_follower/mpc_waypoints_converter
[3.264s] -- Up-to-date: /home/point001/autoware.ai/install/mpc_follower/include/mpc_follower
[3.265s] -- Up-to-date: /home/point001/autoware.ai/install/mpc_follower/include/mpc_follower/mpc_follower_core.h
[3.265s] -- Up-to-date: /home/point001/autoware.ai/install/mpc_follower/include/mpc_follower/vehicle_model
[3.265s] -- Up-to-date: /home/point001/autoware.ai/install/mpc_follower/include/mpc_follower/vehicle_model/vehicle_model_bicycle_dynamics.h
[3.265s] -- Up-to-date: /home/point001/autoware.ai/install/mpc_follower/include/mpc_follower/vehicle_model/vehicle_model_bicycle_kinematics.h
[3.265s] -- Up-to-date: /home/point001/autoware.ai/install/mpc_follower/include/mpc_follower/vehicle_model/vehicle_model_bicycle_kinematics_no_delay.h
[3.265s] -- Up-to-date: /home/point001/autoware.ai/install/mpc_follower/include/mpc_follower/vehicle_model/vehicle_model_interface.h
[3.265s] -- Up-to-date: /home/point001/autoware.ai/install/mpc_follower/include/mpc_follower/lowpass_filter.h
[3.265s] -- Up-to-date: /home/point001/autoware.ai/install/mpc_follower/include/mpc_follower/mpc_trajectory.h
[3.265s] -- Up-to-date: /home/point001/autoware.ai/install/mpc_follower/include/mpc_follower/mpc_utils.h
[3.265s] -- Up-to-date: /home/point001/autoware.ai/install/mpc_follower/include/mpc_follower/qp_solver
[3.265s] -- Up-to-date: /home/point001/autoware.ai/install/mpc_follower/include/mpc_follower/qp_solver/qp_solver_qpoases.h
[3.265s] -- Up-to-date: /home/point001/autoware.ai/install/mpc_follower/include/mpc_follower/qp_solver/qp_solver_unconstr_fast.h
[3.266s] -- Up-to-date: /home/point001/autoware.ai/install/mpc_follower/include/mpc_follower/qp_solver/qp_solver_interface.h
[3.266s] -- Up-to-date: /home/point001/autoware.ai/install/mpc_follower/include/mpc_follower/qp_solver/qp_solver_unconstr.h
[3.266s] -- Up-to-date: /home/point001/autoware.ai/install/mpc_follower/share/mpc_follower/launch
[3.266s] -- Up-to-date: /home/point001/autoware.ai/install/mpc_follower/share/mpc_follower/launch/mpc_follower.launch
[3.270s] Invoked command in '/home/point001/autoware.ai/build/mpc_follower' returned '0': CMAKE_PREFIX_PATH=/home/point001/autoware.ai/install/autoware_health_checker:/home/point001/autoware.ai/install/amathutils_lib:/home/point001/autoware.ai/install/ros_observer:/home/point001/autoware.ai/install/autoware_system_msgs:/home/point001/autoware.ai/install/autoware_msgs:/home/point001/autoware.ai/install/autoware_build_flags:${CMAKE_PREFIX_PATH} LD_LIBRARY_PATH=/home/point001/autoware.ai/install/autoware_health_checker/lib:/home/point001/autoware.ai/install/amathutils_lib/lib:/home/point001/autoware.ai/install/ros_observer/lib:/opt/ros/melodic/lib:/usr/local/cuda-10.0/lib64 PKG_CONFIG_PATH=/home/point001/autoware.ai/install/autoware_health_checker/lib/x86_64-linux-gnu/pkgconfig:/home/point001/autoware.ai/install/autoware_health_checker/lib/pkgconfig:/home/point001/autoware.ai/install/amathutils_lib/lib/x86_64-linux-gnu/pkgconfig:/home/point001/autoware.ai/install/amathutils_lib/lib/pkgconfig:/home/point001/autoware.ai/install/ros_observer/lib/x86_64-linux-gnu/pkgconfig:/home/point001/autoware.ai/install/ros_observer/lib/pkgconfig:/home/point001/autoware.ai/install/autoware_system_msgs/lib/x86_64-linux-gnu/pkgconfig:/home/point001/autoware.ai/install/autoware_system_msgs/lib/pkgconfig:/home/point001/autoware.ai/install/autoware_msgs/lib/x86_64-linux-gnu/pkgconfig:/home/point001/autoware.ai/install/autoware_msgs/lib/pkgconfig:/home/point001/autoware.ai/install/autoware_build_flags/lib/x86_64-linux-gnu/pkgconfig:/home/point001/autoware.ai/install/autoware_build_flags/lib/pkgconfig:${PKG_CONFIG_PATH} PYTHONPATH=/home/point001/autoware.ai/install/autoware_system_msgs/lib/python2.7/dist-packages:/home/point001/autoware.ai/install/autoware_msgs/lib/python2.7/dist-packages:${PYTHONPATH} ROS_PACKAGE_PATH=/home/point001/autoware.ai/install/autoware_health_checker/share:/home/point001/autoware.ai/install/amathutils_lib/share:/home/point001/autoware.ai/install/ros_observer/share:/home/point001/autoware.ai/install/autoware_system_msgs/share:/home/point001/autoware.ai/install/autoware_msgs/share:/home/point001/autoware.ai/install/autoware_build_flags/share:${ROS_PACKAGE_PATH} /usr/bin/cmake --build /home/point001/autoware.ai/build/mpc_follower --target install -- -j24 -l24
