[0.095s] Invoking command in '/home/point001/autoware.ai/build/sick_ldmrs_description': /usr/bin/cmake --build /home/point001/autoware.ai/build/sick_ldmrs_description -- -j24 -l24
[0.666s] Invoked command in '/home/point001/autoware.ai/build/sick_ldmrs_description' returned '0': /usr/bin/cmake --build /home/point001/autoware.ai/build/sick_ldmrs_description -- -j24 -l24
[0.754s] Invoking command in '/home/point001/autoware.ai/build/sick_ldmrs_description': /usr/bin/cmake --build /home/point001/autoware.ai/build/sick_ldmrs_description --target tests -- -j24 -l24
[0.814s] Built target tests
[0.882s] Invoked command in '/home/point001/autoware.ai/build/sick_ldmrs_description' returned '0': /usr/bin/cmake --build /home/point001/autoware.ai/build/sick_ldmrs_description --target tests -- -j24 -l24
[0.994s] Invoking command in '/home/point001/autoware.ai/build/sick_ldmrs_description': /usr/bin/cmake --build /home/point001/autoware.ai/build/sick_ldmrs_description --target install -- -j24 -l24
[1.042s] [36mInstall the project...[0m
[1.044s] -- Install configuration: "Release"
[1.044s] -- Up-to-date: /home/point001/autoware.ai/install/sick_ldmrs_description/lib/pkgconfig/sick_ldmrs_description.pc
[1.044s] -- Up-to-date: /home/point001/autoware.ai/install/sick_ldmrs_description/share/sick_ldmrs_description/cmake/sick_ldmrs_descriptionConfig.cmake
[1.044s] -- Up-to-date: /home/point001/autoware.ai/install/sick_ldmrs_description/share/sick_ldmrs_description/cmake/sick_ldmrs_descriptionConfig-version.cmake
[1.044s] -- Up-to-date: /home/point001/autoware.ai/install/sick_ldmrs_description/share/sick_ldmrs_description/package.xml
[1.045s] -- Up-to-date: /home/point001/autoware.ai/install/sick_ldmrs_description/share/sick_ldmrs_description/launch
[1.045s] -- Up-to-date: /home/point001/autoware.ai/install/sick_ldmrs_description/share/sick_ldmrs_description/launch/upload_urdf.launch
[1.045s] -- Up-to-date: /home/point001/autoware.ai/install/sick_ldmrs_description/share/sick_ldmrs_description/launch/show_urdf.launch
[1.045s] -- Up-to-date: /home/point001/autoware.ai/install/sick_ldmrs_description/share/sick_ldmrs_description/meshes
[1.045s] -- Up-to-date: /home/point001/autoware.ai/install/sick_ldmrs_description/share/sick_ldmrs_description/meshes/sick_ldmrs_color.png
[1.045s] -- Up-to-date: /home/point001/autoware.ai/install/sick_ldmrs_description/share/sick_ldmrs_description/meshes/sick_ldmrs.dae
[1.045s] -- Up-to-date: /home/point001/autoware.ai/install/sick_ldmrs_description/share/sick_ldmrs_description/urdf
[1.045s] -- Up-to-date: /home/point001/autoware.ai/install/sick_ldmrs_description/share/sick_ldmrs_description/urdf/sick_ldmrs_macros.urdf.xacro
[1.045s] -- Up-to-date: /home/point001/autoware.ai/install/sick_ldmrs_description/share/sick_ldmrs_description/urdf/sick_ldmrs.urdf.xacro
[1.124s] Invoked command in '/home/point001/autoware.ai/build/sick_ldmrs_description' returned '0': /usr/bin/cmake --build /home/point001/autoware.ai/build/sick_ldmrs_description --target install -- -j24 -l24
