[0.257s] Invoking command in '/home/point001/autoware.ai/build/pixel_cloud_fusion': CMAKE_PREFIX_PATH=/home/point001/autoware.ai/install/autoware_build_flags:${CMAKE_PREFIX_PATH} PKG_CONFIG_PATH=/home/point001/autoware.ai/install/autoware_build_flags/lib/x86_64-linux-gnu/pkgconfig:/home/point001/autoware.ai/install/autoware_build_flags/lib/pkgconfig:${PKG_CONFIG_PATH} ROS_PACKAGE_PATH=/home/point001/autoware.ai/install/autoware_build_flags/share:${ROS_PACKAGE_PATH} /usr/bin/cmake --build /home/point001/autoware.ai/build/pixel_cloud_fusion -- -j24 -l24
[0.390s] [  0%] Built target rosgraph_msgs_generate_messages_eus
[0.391s] [  0%] Built target pcl_msgs_generate_messages_cpp
[0.391s] [  0%] Built target roscpp_generate_messages_lisp
[0.391s] [  0%] Built target dynamic_reconfigure_generate_messages_lisp
[0.391s] [  0%] Built target sensor_msgs_generate_messages_lisp
[0.391s] [  0%] Built target tf2_msgs_generate_messages_nodejs
[0.391s] [  0%] Built target bond_generate_messages_eus
[0.391s] [  0%] Built target rosgraph_msgs_generate_messages_lisp
[0.391s] [  0%] Built target tf2_msgs_generate_messages_eus
[0.391s] [  0%] Built target pcl_msgs_generate_messages_nodejs
[0.391s] [  0%] Built target topic_tools_generate_messages_eus
[0.391s] [  0%] Built target bond_generate_messages_lisp
[0.391s] [  0%] Built target actionlib_msgs_generate_messages_py
[0.392s] [  0%] Built target std_msgs_generate_messages_nodejs
[0.392s] [  0%] Built target pcl_msgs_generate_messages_eus
[0.392s] [  0%] Built target nodelet_generate_messages_nodejs
[0.395s] [  0%] Built target rosgraph_msgs_generate_messages_cpp
[0.396s] [  0%] Built target std_msgs_generate_messages_py
[0.396s] [  0%] Built target std_msgs_generate_messages_eus
[0.396s] [  0%] Built target rosgraph_msgs_generate_messages_nodejs
[0.396s] [  0%] Built target topic_tools_generate_messages_cpp
[0.396s] [  0%] Built target std_srvs_generate_messages_eus
[0.396s] [  0%] Built target tf2_msgs_generate_messages_cpp
[0.396s] [  0%] Built target roscpp_generate_messages_py
[0.396s] [  0%] Built target geometry_msgs_generate_messages_eus
[0.396s] [  0%] Built target sensor_msgs_generate_messages_nodejs
[0.396s] [  0%] Built target std_msgs_generate_messages_cpp
[0.396s] [  0%] Built target roscpp_generate_messages_nodejs
[0.396s] [  0%] Built target nodelet_generate_messages_py
[0.397s] [  0%] Built target geometry_msgs_generate_messages_lisp
[0.398s] [  0%] Built target tf_generate_messages_py
[0.398s] [  0%] Built target geometry_msgs_generate_messages_py
[0.398s] [  0%] Built target dynamic_reconfigure_generate_messages_cpp
[0.399s] [  0%] Built target sensor_msgs_generate_messages_eus
[0.399s] [  0%] Built target sensor_msgs_generate_messages_cpp
[0.399s] [  0%] Built target sensor_msgs_generate_messages_py
[0.399s] [  0%] Built target geometry_msgs_generate_messages_nodejs
[0.405s] [  0%] Built target actionlib_generate_messages_cpp
[0.407s] [  0%] Built target roscpp_generate_messages_cpp
[0.407s] [  0%] Built target pcl_ros_gencfg
[0.411s] [  0%] Built target actionlib_generate_messages_py
[0.412s] [  0%] Built target dynamic_reconfigure_generate_messages_eus
[0.412s] [  0%] Built target dynamic_reconfigure_generate_messages_nodejs
[0.412s] [  0%] Built target topic_tools_generate_messages_nodejs
[0.412s] [  0%] Built target tf2_msgs_generate_messages_py
[0.412s] [  0%] Built target std_msgs_generate_messages_lisp
[0.412s] [  0%] Built target tf2_msgs_generate_messages_lisp
[0.413s] [  0%] Built target dynamic_reconfigure_gencfg
[0.413s] [  0%] Built target bond_generate_messages_py
[0.413s] [  0%] Built target dynamic_reconfigure_generate_messages_py
[0.413s] [  0%] Built target actionlib_generate_messages_lisp
[0.413s] [  0%] Built target geometry_msgs_generate_messages_cpp
[0.414s] [  0%] Built target nodelet_generate_messages_cpp
[0.419s] [  0%] Built target nodelet_generate_messages_eus
[0.424s] [  0%] Built target std_srvs_generate_messages_nodejs
[0.426s] [  0%] Built target bond_generate_messages_cpp
[0.426s] [  0%] Built target topic_tools_generate_messages_lisp
[0.426s] [  0%] Built target rosgraph_msgs_generate_messages_py
[0.429s] [  0%] Built target actionlib_msgs_generate_messages_eus
[0.430s] [  0%] Built target tf_generate_messages_lisp
[0.430s] [  0%] Built target actionlib_msgs_generate_messages_nodejs
[0.430s] [  0%] Built target std_srvs_generate_messages_lisp
[0.431s] [  0%] Built target roscpp_generate_messages_eus
[0.438s] [  0%] Built target actionlib_msgs_generate_messages_cpp
[0.438s] [  0%] Built target topic_tools_generate_messages_py
[0.438s] [  0%] Built target std_srvs_generate_messages_cpp
[0.439s] [  0%] Built target bond_generate_messages_nodejs
[0.439s] [  0%] Built target std_srvs_generate_messages_py
[0.439s] [  0%] Built target nodelet_generate_messages_lisp
[0.439s] [  0%] Built target tf_generate_messages_nodejs
[0.439s] [  0%] Built target actionlib_generate_messages_eus
[0.443s] [  0%] Built target tf_generate_messages_eus
[0.444s] [  0%] Built target nodelet_topic_tools_gencfg
[0.444s] [  0%] Built target pcl_msgs_generate_messages_lisp
[0.444s] [  0%] Built target pcl_msgs_generate_messages_py
[0.449s] [  0%] Built target actionlib_generate_messages_nodejs
[0.449s] [  0%] Built target tf_generate_messages_cpp
[0.450s] [  0%] Built target actionlib_msgs_generate_messages_lisp
[0.541s] [ 50%] Built target pixel_cloud_fusion_lib
[0.688s] [100%] Built target pixel_cloud_fusion
[0.965s] Invoked command in '/home/point001/autoware.ai/build/pixel_cloud_fusion' returned '0': CMAKE_PREFIX_PATH=/home/point001/autoware.ai/install/autoware_build_flags:${CMAKE_PREFIX_PATH} PKG_CONFIG_PATH=/home/point001/autoware.ai/install/autoware_build_flags/lib/x86_64-linux-gnu/pkgconfig:/home/point001/autoware.ai/install/autoware_build_flags/lib/pkgconfig:${PKG_CONFIG_PATH} ROS_PACKAGE_PATH=/home/point001/autoware.ai/install/autoware_build_flags/share:${ROS_PACKAGE_PATH} /usr/bin/cmake --build /home/point001/autoware.ai/build/pixel_cloud_fusion -- -j24 -l24
[1.785s] Invoking command in '/home/point001/autoware.ai/build/pixel_cloud_fusion': CMAKE_PREFIX_PATH=/home/point001/autoware.ai/install/autoware_build_flags:${CMAKE_PREFIX_PATH} PKG_CONFIG_PATH=/home/point001/autoware.ai/install/autoware_build_flags/lib/x86_64-linux-gnu/pkgconfig:/home/point001/autoware.ai/install/autoware_build_flags/lib/pkgconfig:${PKG_CONFIG_PATH} ROS_PACKAGE_PATH=/home/point001/autoware.ai/install/autoware_build_flags/share:${ROS_PACKAGE_PATH} /usr/bin/cmake --build /home/point001/autoware.ai/build/pixel_cloud_fusion --target tests -- -j24 -l24
[1.881s] Built target tests
[1.988s] Invoked command in '/home/point001/autoware.ai/build/pixel_cloud_fusion' returned '0': CMAKE_PREFIX_PATH=/home/point001/autoware.ai/install/autoware_build_flags:${CMAKE_PREFIX_PATH} PKG_CONFIG_PATH=/home/point001/autoware.ai/install/autoware_build_flags/lib/x86_64-linux-gnu/pkgconfig:/home/point001/autoware.ai/install/autoware_build_flags/lib/pkgconfig:${PKG_CONFIG_PATH} ROS_PACKAGE_PATH=/home/point001/autoware.ai/install/autoware_build_flags/share:${ROS_PACKAGE_PATH} /usr/bin/cmake --build /home/point001/autoware.ai/build/pixel_cloud_fusion --target tests -- -j24 -l24
[2.390s] Invoking command in '/home/point001/autoware.ai/build/pixel_cloud_fusion': CMAKE_PREFIX_PATH=/home/point001/autoware.ai/install/autoware_build_flags:${CMAKE_PREFIX_PATH} PKG_CONFIG_PATH=/home/point001/autoware.ai/install/autoware_build_flags/lib/x86_64-linux-gnu/pkgconfig:/home/point001/autoware.ai/install/autoware_build_flags/lib/pkgconfig:${PKG_CONFIG_PATH} ROS_PACKAGE_PATH=/home/point001/autoware.ai/install/autoware_build_flags/share:${ROS_PACKAGE_PATH} /usr/bin/cmake --build /home/point001/autoware.ai/build/pixel_cloud_fusion --target install -- -j24 -l24
[2.485s] [  0%] Built target tf2_msgs_generate_messages_nodejs
[2.486s] [  0%] Built target actionlib_msgs_generate_messages_py
[2.487s] [  0%] Built target rosgraph_msgs_generate_messages_lisp
[2.494s] [  0%] Built target pcl_msgs_generate_messages_nodejs
[2.494s] [  0%] Built target std_msgs_generate_messages_eus
[2.494s] [  0%] Built target bond_generate_messages_lisp
[2.494s] [  0%] Built target geometry_msgs_generate_messages_eus
[2.495s] [  0%] Built target rosgraph_msgs_generate_messages_cpp
[2.496s] [  0%] Built target pcl_msgs_generate_messages_eus
[2.497s] [  0%] Built target dynamic_reconfigure_generate_messages_lisp
[2.497s] [  0%] Built target sensor_msgs_generate_messages_lisp
[2.497s] [  0%] Built target tf2_msgs_generate_messages_cpp
[2.497s] [  0%] Built target std_msgs_generate_messages_py
[2.500s] [  0%] Built target topic_tools_generate_messages_eus
[2.500s] [  0%] Built target nodelet_generate_messages_nodejs
[2.506s] [  0%] Built target bond_generate_messages_eus
[2.506s] [  0%] Built target rosgraph_msgs_generate_messages_eus
[2.506s] [  0%] Built target rosgraph_msgs_generate_messages_nodejs
[2.506s] [  0%] Built target topic_tools_generate_messages_cpp
[2.506s] [  0%] Built target roscpp_generate_messages_lisp
[2.506s] [  0%] Built target std_msgs_generate_messages_nodejs
[2.506s] [  0%] Built target pcl_msgs_generate_messages_cpp
[2.508s] [  0%] Built target tf2_msgs_generate_messages_eus
[2.515s] [  0%] Built target std_msgs_generate_messages_cpp
[2.520s] [  0%] Built target std_srvs_generate_messages_eus
[2.520s] [  0%] Built target roscpp_generate_messages_py
[2.520s] [  0%] Built target sensor_msgs_generate_messages_nodejs
[2.525s] [  0%] Built target nodelet_generate_messages_py
[2.525s] [  0%] Built target roscpp_generate_messages_cpp
[2.531s] [  0%] Built target sensor_msgs_generate_messages_eus
[2.532s] [  0%] Built target actionlib_generate_messages_cpp
[2.533s] [  0%] Built target tf2_msgs_generate_messages_py
[2.533s] [  0%] Built target roscpp_generate_messages_nodejs
[2.533s] [  0%] Built target geometry_msgs_generate_messages_nodejs
[2.534s] [  0%] Built target pcl_ros_gencfg
[2.534s] [  0%] Built target geometry_msgs_generate_messages_py
[2.534s] [  0%] Built target dynamic_reconfigure_generate_messages_cpp
[2.535s] [  0%] Built target actionlib_generate_messages_py
[2.535s] [  0%] Built target sensor_msgs_generate_messages_py
[2.536s] [  0%] Built target std_msgs_generate_messages_lisp
[2.537s] [  0%] Built target dynamic_reconfigure_generate_messages_nodejs
[2.544s] [  0%] Built target sensor_msgs_generate_messages_cpp
[2.544s] [  0%] Built target tf_generate_messages_py
[2.544s] [  0%] Built target dynamic_reconfigure_generate_messages_eus
[2.547s] [  0%] Built target geometry_msgs_generate_messages_lisp
[2.547s] [  0%] Built target dynamic_reconfigure_generate_messages_py
[2.548s] [  0%] Built target topic_tools_generate_messages_nodejs
[2.549s] [  0%] Built target dynamic_reconfigure_gencfg
[2.549s] [  0%] Built target nodelet_generate_messages_cpp
[2.556s] [  0%] Built target tf2_msgs_generate_messages_lisp
[2.556s] [  0%] Built target geometry_msgs_generate_messages_cpp
[2.556s] [  0%] Built target nodelet_generate_messages_eus
[2.557s] [  0%] Built target rosgraph_msgs_generate_messages_py
[2.558s] [  0%] Built target std_srvs_generate_messages_nodejs
[2.565s] [  0%] Built target bond_generate_messages_py
[2.566s] [  0%] Built target topic_tools_generate_messages_py
[2.567s] [  0%] Built target roscpp_generate_messages_eus
[2.568s] [  0%] Built target bond_generate_messages_nodejs
[2.569s] [  0%] Built target std_srvs_generate_messages_lisp
[2.569s] [  0%] Built target actionlib_msgs_generate_messages_eus
[2.571s] [  0%] Built target nodelet_generate_messages_lisp
[2.575s] [  0%] Built target actionlib_generate_messages_lisp
[2.576s] [  0%] Built target std_srvs_generate_messages_cpp
[2.576s] [  0%] Built target bond_generate_messages_cpp
[2.576s] [  0%] Built target topic_tools_generate_messages_lisp
[2.577s] [  0%] Built target nodelet_topic_tools_gencfg
[2.578s] [  0%] Built target actionlib_msgs_generate_messages_nodejs
[2.583s] [  0%] Built target std_srvs_generate_messages_py
[2.584s] [  0%] Built target actionlib_msgs_generate_messages_cpp
[2.584s] [  0%] Built target pcl_msgs_generate_messages_lisp
[2.584s] [  0%] Built target tf_generate_messages_eus
[2.585s] [  0%] Built target actionlib_generate_messages_nodejs
[2.586s] [  0%] Built target tf_generate_messages_cpp
[2.587s] [  0%] Built target tf_generate_messages_lisp
[2.590s] [  0%] Built target actionlib_generate_messages_eus
[2.590s] [  0%] Built target pcl_msgs_generate_messages_py
[2.591s] [  0%] Built target actionlib_msgs_generate_messages_lisp
[2.596s] [  0%] Built target tf_generate_messages_nodejs
[2.633s] [ 50%] Built target pixel_cloud_fusion_lib
[2.664s] [100%] Built target pixel_cloud_fusion
[2.684s] [36mInstall the project...[0m
[2.692s] -- Install configuration: "Release"
[2.693s] -- Up-to-date: /home/point001/autoware.ai/install/pixel_cloud_fusion/lib/pkgconfig/pixel_cloud_fusion.pc
[2.694s] -- Up-to-date: /home/point001/autoware.ai/install/pixel_cloud_fusion/share/pixel_cloud_fusion/cmake/pixel_cloud_fusionConfig.cmake
[2.694s] -- Up-to-date: /home/point001/autoware.ai/install/pixel_cloud_fusion/share/pixel_cloud_fusion/cmake/pixel_cloud_fusionConfig-version.cmake
[2.696s] -- Up-to-date: /home/point001/autoware.ai/install/pixel_cloud_fusion/share/pixel_cloud_fusion/package.xml
[2.696s] -- Up-to-date: /home/point001/autoware.ai/install/pixel_cloud_fusion/lib/pixel_cloud_fusion/pixel_cloud_fusion
[2.696s] -- Up-to-date: /home/point001/autoware.ai/install/pixel_cloud_fusion/lib/libpixel_cloud_fusion_lib.so
[2.696s] -- Up-to-date: /home/point001/autoware.ai/install/pixel_cloud_fusion/include/pixel_cloud_fusion
[2.697s] -- Up-to-date: /home/point001/autoware.ai/install/pixel_cloud_fusion/include/pixel_cloud_fusion/pixel_cloud_fusion.h
[2.697s] -- Up-to-date: /home/point001/autoware.ai/install/pixel_cloud_fusion/share/pixel_cloud_fusion/launch
[2.697s] -- Up-to-date: /home/point001/autoware.ai/install/pixel_cloud_fusion/share/pixel_cloud_fusion/launch/pixel_cloud_fusion.launch
[3.067s] Invoked command in '/home/point001/autoware.ai/build/pixel_cloud_fusion' returned '0': CMAKE_PREFIX_PATH=/home/point001/autoware.ai/install/autoware_build_flags:${CMAKE_PREFIX_PATH} PKG_CONFIG_PATH=/home/point001/autoware.ai/install/autoware_build_flags/lib/x86_64-linux-gnu/pkgconfig:/home/point001/autoware.ai/install/autoware_build_flags/lib/pkgconfig:${PKG_CONFIG_PATH} ROS_PACKAGE_PATH=/home/point001/autoware.ai/install/autoware_build_flags/share:${ROS_PACKAGE_PATH} /usr/bin/cmake --build /home/point001/autoware.ai/build/pixel_cloud_fusion --target install -- -j24 -l24
