[0.243s] Invoking command in '/home/point001/autoware.ai/build/vehicle_socket': CMAKE_PREFIX_PATH=/home/point001/autoware.ai/install/tablet_socket_msgs:/home/point001/autoware.ai/install/autoware_msgs:/home/point001/autoware.ai/install/autoware_can_msgs:/home/point001/autoware.ai/install/autoware_build_flags:${CMAKE_PREFIX_PATH} PKG_CONFIG_PATH=/home/point001/autoware.ai/install/tablet_socket_msgs/lib/x86_64-linux-gnu/pkgconfig:/home/point001/autoware.ai/install/tablet_socket_msgs/lib/pkgconfig:/home/point001/autoware.ai/install/autoware_msgs/lib/x86_64-linux-gnu/pkgconfig:/home/point001/autoware.ai/install/autoware_msgs/lib/pkgconfig:/home/point001/autoware.ai/install/autoware_can_msgs/lib/x86_64-linux-gnu/pkgconfig:/home/point001/autoware.ai/install/autoware_can_msgs/lib/pkgconfig:/home/point001/autoware.ai/install/autoware_build_flags/lib/x86_64-linux-gnu/pkgconfig:/home/point001/autoware.ai/install/autoware_build_flags/lib/pkgconfig:${PKG_CONFIG_PATH} PYTHONPATH=/home/point001/autoware.ai/install/tablet_socket_msgs/lib/python2.7/dist-packages:/home/point001/autoware.ai/install/autoware_msgs/lib/python2.7/dist-packages:/home/point001/autoware.ai/install/autoware_can_msgs/lib/python2.7/dist-packages:${PYTHONPATH} ROS_PACKAGE_PATH=/home/point001/autoware.ai/install/tablet_socket_msgs/share:/home/point001/autoware.ai/install/autoware_msgs/share:/home/point001/autoware.ai/install/autoware_can_msgs/share:/home/point001/autoware.ai/install/autoware_build_flags/share:${ROS_PACKAGE_PATH} /usr/bin/cmake --build /home/point001/autoware.ai/build/vehicle_socket -- -j24 -l24
[0.300s] [  0%] Built target sensor_msgs_generate_messages_nodejs
[0.301s] [  0%] Built target rosgraph_msgs_generate_messages_py
[0.301s] [  0%] Built target pcl_msgs_generate_messages_py
[0.301s] [  0%] Built target tablet_socket_msgs_generate_messages_nodejs
[0.302s] [  0%] Built target actionlib_msgs_generate_messages_lisp
[0.302s] [  0%] Built target jsk_footstep_msgs_generate_messages_lisp
[0.308s] [  0%] Built target roscpp_generate_messages_py
[0.308s] [  0%] Built target pcl_msgs_generate_messages_eus
[0.310s] [  0%] Built target roscpp_generate_messages_lisp
[0.310s] [  0%] Built target rosgraph_msgs_generate_messages_nodejs
[0.310s] [  0%] Built target rosgraph_msgs_generate_messages_lisp
[0.310s] [  0%] Built target std_msgs_generate_messages_nodejs
[0.310s] [  0%] Built target actionlib_msgs_generate_messages_py
[0.310s] [  0%] Built target pcl_msgs_generate_messages_lisp
[0.310s] [  0%] Built target jsk_footstep_msgs_generate_messages_eus
[0.311s] [  0%] Built target tablet_socket_msgs_generate_messages_py
[0.311s] [  0%] Built target tablet_socket_msgs_generate_messages_lisp
[0.311s] [  0%] Built target rosgraph_msgs_generate_messages_cpp
[0.311s] [  0%] Built target actionlib_msgs_generate_messages_cpp
[0.312s] [  0%] Built target tablet_socket_msgs_generate_messages_eus
[0.312s] [  0%] Built target autoware_msgs_generate_messages_cpp
[0.314s] [  0%] Built target std_msgs_generate_messages_lisp
[0.316s] [  0%] Built target jsk_footstep_msgs_generate_messages_nodejs
[0.324s] [  0%] Built target pcl_msgs_generate_messages_nodejs
[0.331s] [  0%] Built target geometry_msgs_generate_messages_py
[0.336s] [  0%] Built target actionlib_msgs_generate_messages_nodejs
[0.337s] [  0%] Built target tablet_socket_msgs_generate_messages_cpp
[0.337s] [  0%] Built target std_msgs_generate_messages_eus
[0.338s] [  0%] Built target sensor_msgs_generate_messages_cpp
[0.338s] [  0%] Built target autoware_msgs_generate_messages_nodejs
[0.338s] [  0%] Built target sensor_msgs_generate_messages_eus
[0.338s] [  0%] Built target jsk_footstep_msgs_generate_messages_py
[0.339s] [  0%] Built target autoware_can_msgs_generate_messages_eus
[0.339s] [  0%] Built target jsk_footstep_msgs_generate_messages_cpp
[0.341s] [  0%] Built target std_msgs_generate_messages_py
[0.348s] [  0%] Built target autoware_msgs_generate_messages_py
[0.348s] [  0%] Built target jsk_recognition_msgs_generate_messages_py
[0.348s] [  0%] Built target autoware_can_msgs_generate_messages_py
[0.348s] [  0%] Built target jsk_recognition_msgs_generate_messages_cpp
[0.348s] [  0%] Built target std_msgs_generate_messages_cpp
[0.348s] [  0%] Built target autoware_can_msgs_generate_messages_nodejs
[0.349s] [  0%] Built target sensor_msgs_generate_messages_py
[0.349s] [  0%] Built target geometry_msgs_generate_messages_nodejs
[0.349s] [  0%] Built target autoware_can_msgs_generate_messages_lisp
[0.349s] [  0%] Built target autoware_msgs_generate_messages_eus
[0.349s] [  0%] Built target sensor_msgs_generate_messages_lisp
[0.352s] [  0%] Built target autoware_can_msgs_generate_messages_cpp
[0.361s] [  0%] Built target pcl_msgs_generate_messages_cpp
[0.361s] [  0%] Built target autoware_msgs_generate_messages_lisp
[0.363s] [  0%] Built target actionlib_msgs_generate_messages_eus
[0.376s] [  0%] Built target jsk_recognition_msgs_generate_messages_eus
[0.383s] [  0%] Built target geometry_msgs_generate_messages_lisp
[0.383s] [  0%] Built target roscpp_generate_messages_nodejs
[0.383s] [  0%] Built target geometry_msgs_generate_messages_eus
[0.384s] [  0%] Built target jsk_recognition_msgs_generate_messages_lisp
[0.391s] [  0%] Built target rosgraph_msgs_generate_messages_eus
[0.395s] [  0%] Built target geometry_msgs_generate_messages_cpp
[0.396s] [  0%] Built target roscpp_generate_messages_eus
[0.405s] [  0%] Built target roscpp_generate_messages_cpp
[0.407s] [  0%] Built target jsk_recognition_msgs_generate_messages_nodejs
[0.470s] [ 50%] Built target vehicle_receiver
[0.525s] [100%] Built target vehicle_sender
[0.717s] Invoked command in '/home/point001/autoware.ai/build/vehicle_socket' returned '0': CMAKE_PREFIX_PATH=/home/point001/autoware.ai/install/tablet_socket_msgs:/home/point001/autoware.ai/install/autoware_msgs:/home/point001/autoware.ai/install/autoware_can_msgs:/home/point001/autoware.ai/install/autoware_build_flags:${CMAKE_PREFIX_PATH} PKG_CONFIG_PATH=/home/point001/autoware.ai/install/tablet_socket_msgs/lib/x86_64-linux-gnu/pkgconfig:/home/point001/autoware.ai/install/tablet_socket_msgs/lib/pkgconfig:/home/point001/autoware.ai/install/autoware_msgs/lib/x86_64-linux-gnu/pkgconfig:/home/point001/autoware.ai/install/autoware_msgs/lib/pkgconfig:/home/point001/autoware.ai/install/autoware_can_msgs/lib/x86_64-linux-gnu/pkgconfig:/home/point001/autoware.ai/install/autoware_can_msgs/lib/pkgconfig:/home/point001/autoware.ai/install/autoware_build_flags/lib/x86_64-linux-gnu/pkgconfig:/home/point001/autoware.ai/install/autoware_build_flags/lib/pkgconfig:${PKG_CONFIG_PATH} PYTHONPATH=/home/point001/autoware.ai/install/tablet_socket_msgs/lib/python2.7/dist-packages:/home/point001/autoware.ai/install/autoware_msgs/lib/python2.7/dist-packages:/home/point001/autoware.ai/install/autoware_can_msgs/lib/python2.7/dist-packages:${PYTHONPATH} ROS_PACKAGE_PATH=/home/point001/autoware.ai/install/tablet_socket_msgs/share:/home/point001/autoware.ai/install/autoware_msgs/share:/home/point001/autoware.ai/install/autoware_can_msgs/share:/home/point001/autoware.ai/install/autoware_build_flags/share:${ROS_PACKAGE_PATH} /usr/bin/cmake --build /home/point001/autoware.ai/build/vehicle_socket -- -j24 -l24
[0.960s] Invoking command in '/home/point001/autoware.ai/build/vehicle_socket': CMAKE_PREFIX_PATH=/home/point001/autoware.ai/install/tablet_socket_msgs:/home/point001/autoware.ai/install/autoware_msgs:/home/point001/autoware.ai/install/autoware_can_msgs:/home/point001/autoware.ai/install/autoware_build_flags:${CMAKE_PREFIX_PATH} PKG_CONFIG_PATH=/home/point001/autoware.ai/install/tablet_socket_msgs/lib/x86_64-linux-gnu/pkgconfig:/home/point001/autoware.ai/install/tablet_socket_msgs/lib/pkgconfig:/home/point001/autoware.ai/install/autoware_msgs/lib/x86_64-linux-gnu/pkgconfig:/home/point001/autoware.ai/install/autoware_msgs/lib/pkgconfig:/home/point001/autoware.ai/install/autoware_can_msgs/lib/x86_64-linux-gnu/pkgconfig:/home/point001/autoware.ai/install/autoware_can_msgs/lib/pkgconfig:/home/point001/autoware.ai/install/autoware_build_flags/lib/x86_64-linux-gnu/pkgconfig:/home/point001/autoware.ai/install/autoware_build_flags/lib/pkgconfig:${PKG_CONFIG_PATH} PYTHONPATH=/home/point001/autoware.ai/install/tablet_socket_msgs/lib/python2.7/dist-packages:/home/point001/autoware.ai/install/autoware_msgs/lib/python2.7/dist-packages:/home/point001/autoware.ai/install/autoware_can_msgs/lib/python2.7/dist-packages:${PYTHONPATH} ROS_PACKAGE_PATH=/home/point001/autoware.ai/install/tablet_socket_msgs/share:/home/point001/autoware.ai/install/autoware_msgs/share:/home/point001/autoware.ai/install/autoware_can_msgs/share:/home/point001/autoware.ai/install/autoware_build_flags/share:${ROS_PACKAGE_PATH} /usr/bin/cmake --build /home/point001/autoware.ai/build/vehicle_socket --target tests -- -j24 -l24
[1.105s] Built target tests
[1.238s] Invoked command in '/home/point001/autoware.ai/build/vehicle_socket' returned '0': CMAKE_PREFIX_PATH=/home/point001/autoware.ai/install/tablet_socket_msgs:/home/point001/autoware.ai/install/autoware_msgs:/home/point001/autoware.ai/install/autoware_can_msgs:/home/point001/autoware.ai/install/autoware_build_flags:${CMAKE_PREFIX_PATH} PKG_CONFIG_PATH=/home/point001/autoware.ai/install/tablet_socket_msgs/lib/x86_64-linux-gnu/pkgconfig:/home/point001/autoware.ai/install/tablet_socket_msgs/lib/pkgconfig:/home/point001/autoware.ai/install/autoware_msgs/lib/x86_64-linux-gnu/pkgconfig:/home/point001/autoware.ai/install/autoware_msgs/lib/pkgconfig:/home/point001/autoware.ai/install/autoware_can_msgs/lib/x86_64-linux-gnu/pkgconfig:/home/point001/autoware.ai/install/autoware_can_msgs/lib/pkgconfig:/home/point001/autoware.ai/install/autoware_build_flags/lib/x86_64-linux-gnu/pkgconfig:/home/point001/autoware.ai/install/autoware_build_flags/lib/pkgconfig:${PKG_CONFIG_PATH} PYTHONPATH=/home/point001/autoware.ai/install/tablet_socket_msgs/lib/python2.7/dist-packages:/home/point001/autoware.ai/install/autoware_msgs/lib/python2.7/dist-packages:/home/point001/autoware.ai/install/autoware_can_msgs/lib/python2.7/dist-packages:${PYTHONPATH} ROS_PACKAGE_PATH=/home/point001/autoware.ai/install/tablet_socket_msgs/share:/home/point001/autoware.ai/install/autoware_msgs/share:/home/point001/autoware.ai/install/autoware_can_msgs/share:/home/point001/autoware.ai/install/autoware_build_flags/share:${ROS_PACKAGE_PATH} /usr/bin/cmake --build /home/point001/autoware.ai/build/vehicle_socket --target tests -- -j24 -l24
[1.777s] Invoking command in '/home/point001/autoware.ai/build/vehicle_socket': CMAKE_PREFIX_PATH=/home/point001/autoware.ai/install/tablet_socket_msgs:/home/point001/autoware.ai/install/autoware_msgs:/home/point001/autoware.ai/install/autoware_can_msgs:/home/point001/autoware.ai/install/autoware_build_flags:${CMAKE_PREFIX_PATH} PKG_CONFIG_PATH=/home/point001/autoware.ai/install/tablet_socket_msgs/lib/x86_64-linux-gnu/pkgconfig:/home/point001/autoware.ai/install/tablet_socket_msgs/lib/pkgconfig:/home/point001/autoware.ai/install/autoware_msgs/lib/x86_64-linux-gnu/pkgconfig:/home/point001/autoware.ai/install/autoware_msgs/lib/pkgconfig:/home/point001/autoware.ai/install/autoware_can_msgs/lib/x86_64-linux-gnu/pkgconfig:/home/point001/autoware.ai/install/autoware_can_msgs/lib/pkgconfig:/home/point001/autoware.ai/install/autoware_build_flags/lib/x86_64-linux-gnu/pkgconfig:/home/point001/autoware.ai/install/autoware_build_flags/lib/pkgconfig:${PKG_CONFIG_PATH} PYTHONPATH=/home/point001/autoware.ai/install/tablet_socket_msgs/lib/python2.7/dist-packages:/home/point001/autoware.ai/install/autoware_msgs/lib/python2.7/dist-packages:/home/point001/autoware.ai/install/autoware_can_msgs/lib/python2.7/dist-packages:${PYTHONPATH} ROS_PACKAGE_PATH=/home/point001/autoware.ai/install/tablet_socket_msgs/share:/home/point001/autoware.ai/install/autoware_msgs/share:/home/point001/autoware.ai/install/autoware_can_msgs/share:/home/point001/autoware.ai/install/autoware_build_flags/share:${ROS_PACKAGE_PATH} /usr/bin/cmake --build /home/point001/autoware.ai/build/vehicle_socket --target install -- -j24 -l24
[1.829s] [  0%] Built target actionlib_msgs_generate_messages_cpp
[1.829s] [  0%] Built target tablet_socket_msgs_generate_messages_py
[1.832s] [  0%] Built target std_msgs_generate_messages_lisp
[1.832s] [  0%] Built target rosgraph_msgs_generate_messages_lisp
[1.832s] [  0%] Built target pcl_msgs_generate_messages_py
[1.833s] [  0%] Built target actionlib_msgs_generate_messages_lisp
[1.835s] [  0%] Built target sensor_msgs_generate_messages_nodejs
[1.836s] [  0%] Built target jsk_footstep_msgs_generate_messages_lisp
[1.836s] [  0%] Built target roscpp_generate_messages_lisp
[1.842s] [  0%] Built target pcl_msgs_generate_messages_eus
[1.842s] [  0%] Built target tablet_socket_msgs_generate_messages_eus
[1.843s] [  0%] Built target actionlib_msgs_generate_messages_py
[1.844s] [  0%] Built target jsk_footstep_msgs_generate_messages_nodejs
[1.844s] [  0%] Built target jsk_footstep_msgs_generate_messages_eus
[1.844s] [  0%] Built target rosgraph_msgs_generate_messages_nodejs
[1.846s] [  0%] Built target tablet_socket_msgs_generate_messages_nodejs
[1.846s] [  0%] Built target std_msgs_generate_messages_nodejs
[1.850s] [  0%] Built target autoware_msgs_generate_messages_cpp
[1.850s] [  0%] Built target rosgraph_msgs_generate_messages_py
[1.852s] [  0%] Built target pcl_msgs_generate_messages_lisp
[1.852s] [  0%] Built target pcl_msgs_generate_messages_nodejs
[1.860s] [  0%] Built target roscpp_generate_messages_py
[1.867s] [  0%] Built target rosgraph_msgs_generate_messages_cpp
[1.871s] [  0%] Built target sensor_msgs_generate_messages_eus
[1.873s] [  0%] Built target sensor_msgs_generate_messages_cpp
[1.874s] [  0%] Built target tablet_socket_msgs_generate_messages_lisp
[1.875s] [  0%] Built target tablet_socket_msgs_generate_messages_cpp
[1.875s] [  0%] Built target autoware_msgs_generate_messages_nodejs
[1.885s] [  0%] Built target geometry_msgs_generate_messages_py
[1.885s] [  0%] Built target jsk_footstep_msgs_generate_messages_cpp
[1.885s] [  0%] Built target jsk_footstep_msgs_generate_messages_py
[1.886s] [  0%] Built target std_msgs_generate_messages_cpp
[1.887s] [  0%] Built target autoware_can_msgs_generate_messages_cpp
[1.889s] [  0%] Built target autoware_can_msgs_generate_messages_py
[1.894s] [  0%] Built target autoware_can_msgs_generate_messages_nodejs
[1.895s] [  0%] Built target std_msgs_generate_messages_py
[1.897s] [  0%] Built target std_msgs_generate_messages_eus
[1.898s] [  0%] Built target autoware_msgs_generate_messages_eus
[1.898s] [  0%] Built target autoware_can_msgs_generate_messages_eus
[1.899s] [  0%] Built target jsk_recognition_msgs_generate_messages_py
[1.899s] [  0%] Built target actionlib_msgs_generate_messages_nodejs
[1.902s] [  0%] Built target jsk_recognition_msgs_generate_messages_cpp
[1.903s] [  0%] Built target autoware_msgs_generate_messages_py
[1.904s] [  0%] Built target autoware_can_msgs_generate_messages_lisp
[1.910s] [  0%] Built target geometry_msgs_generate_messages_nodejs
[1.912s] [  0%] Built target sensor_msgs_generate_messages_lisp
[1.918s] [  0%] Built target autoware_msgs_generate_messages_lisp
[1.918s] [  0%] Built target roscpp_generate_messages_nodejs
[1.918s] [  0%] Built target sensor_msgs_generate_messages_py
[1.921s] [  0%] Built target pcl_msgs_generate_messages_cpp
[1.923s] [  0%] Built target geometry_msgs_generate_messages_eus
[1.924s] [  0%] Built target actionlib_msgs_generate_messages_eus
[1.927s] [  0%] Built target roscpp_generate_messages_cpp
[1.927s] [  0%] Built target roscpp_generate_messages_eus
[1.932s] [  0%] Built target jsk_recognition_msgs_generate_messages_eus
[1.932s] [  0%] Built target rosgraph_msgs_generate_messages_eus
[1.935s] [  0%] Built target geometry_msgs_generate_messages_cpp
[1.936s] [  0%] Built target jsk_recognition_msgs_generate_messages_nodejs
[1.939s] [  0%] Built target jsk_recognition_msgs_generate_messages_lisp
[1.940s] [  0%] Built target geometry_msgs_generate_messages_lisp
[1.969s] [ 50%] Built target vehicle_sender
[1.977s] [100%] Built target vehicle_receiver
[2.005s] [36mInstall the project...[0m
[2.017s] -- Install configuration: "Release"
[2.017s] -- Up-to-date: /home/point001/autoware.ai/install/vehicle_socket/lib/pkgconfig/vehicle_socket.pc
[2.017s] -- Up-to-date: /home/point001/autoware.ai/install/vehicle_socket/share/vehicle_socket/cmake/vehicle_socketConfig.cmake
[2.017s] -- Up-to-date: /home/point001/autoware.ai/install/vehicle_socket/share/vehicle_socket/cmake/vehicle_socketConfig-version.cmake
[2.017s] -- Up-to-date: /home/point001/autoware.ai/install/vehicle_socket/share/vehicle_socket/package.xml
[2.017s] -- Up-to-date: /home/point001/autoware.ai/install/vehicle_socket/lib/vehicle_socket/vehicle_sender
[2.017s] -- Up-to-date: /home/point001/autoware.ai/install/vehicle_socket/lib/vehicle_socket/vehicle_receiver
[2.276s] Invoked command in '/home/point001/autoware.ai/build/vehicle_socket' returned '0': CMAKE_PREFIX_PATH=/home/point001/autoware.ai/install/tablet_socket_msgs:/home/point001/autoware.ai/install/autoware_msgs:/home/point001/autoware.ai/install/autoware_can_msgs:/home/point001/autoware.ai/install/autoware_build_flags:${CMAKE_PREFIX_PATH} PKG_CONFIG_PATH=/home/point001/autoware.ai/install/tablet_socket_msgs/lib/x86_64-linux-gnu/pkgconfig:/home/point001/autoware.ai/install/tablet_socket_msgs/lib/pkgconfig:/home/point001/autoware.ai/install/autoware_msgs/lib/x86_64-linux-gnu/pkgconfig:/home/point001/autoware.ai/install/autoware_msgs/lib/pkgconfig:/home/point001/autoware.ai/install/autoware_can_msgs/lib/x86_64-linux-gnu/pkgconfig:/home/point001/autoware.ai/install/autoware_can_msgs/lib/pkgconfig:/home/point001/autoware.ai/install/autoware_build_flags/lib/x86_64-linux-gnu/pkgconfig:/home/point001/autoware.ai/install/autoware_build_flags/lib/pkgconfig:${PKG_CONFIG_PATH} PYTHONPATH=/home/point001/autoware.ai/install/tablet_socket_msgs/lib/python2.7/dist-packages:/home/point001/autoware.ai/install/autoware_msgs/lib/python2.7/dist-packages:/home/point001/autoware.ai/install/autoware_can_msgs/lib/python2.7/dist-packages:${PYTHONPATH} ROS_PACKAGE_PATH=/home/point001/autoware.ai/install/tablet_socket_msgs/share:/home/point001/autoware.ai/install/autoware_msgs/share:/home/point001/autoware.ai/install/autoware_can_msgs/share:/home/point001/autoware.ai/install/autoware_build_flags/share:${ROS_PACKAGE_PATH} /usr/bin/cmake --build /home/point001/autoware.ai/build/vehicle_socket --target install -- -j24 -l24
