[0.101s] Invoking command in '/home/point001/autoware.ai/build/ds4_msgs': CONDA_PROMPT_MODIFIER=(base) /usr/bin/cmake --build /home/point001/autoware.ai/build/ds4_msgs -- -j24 -l24
[0.528s] [  0%] Built target std_msgs_generate_messages_eus
[0.528s] [  0%] Built target std_msgs_generate_messages_cpp
[0.528s] [  0%] Built target std_msgs_generate_messages_lisp
[0.549s] [  0%] Built target std_msgs_generate_messages_nodejs
[0.556s] [  0%] Built target std_msgs_generate_messages_py
[0.618s] [  0%] Built target _ds4_msgs_generate_messages_check_deps_DS4
[0.661s] [ 14%] Built target ds4_msgs_generate_messages_nodejs
[0.667s] [ 28%] Built target ds4_msgs_generate_messages_lisp
[0.669s] [ 42%] Built target ds4_msgs_generate_messages_cpp
[0.673s] [ 71%] Built target ds4_msgs_generate_messages_py
[0.675s] [100%] Built target ds4_msgs_generate_messages_eus
[0.697s] [100%] Built target ds4_msgs_generate_messages
[0.732s] Invoked command in '/home/point001/autoware.ai/build/ds4_msgs' returned '0': CONDA_PROMPT_MODIFIER=(base) /usr/bin/cmake --build /home/point001/autoware.ai/build/ds4_msgs -- -j24 -l24
[0.862s] Invoking command in '/home/point001/autoware.ai/build/ds4_msgs': CONDA_PROMPT_MODIFIER=(base) /usr/bin/cmake --build /home/point001/autoware.ai/build/ds4_msgs --target tests -- -j24 -l24
[0.922s] Built target tests
[0.987s] Invoked command in '/home/point001/autoware.ai/build/ds4_msgs' returned '0': CONDA_PROMPT_MODIFIER=(base) /usr/bin/cmake --build /home/point001/autoware.ai/build/ds4_msgs --target tests -- -j24 -l24
[1.150s] Invoking command in '/home/point001/autoware.ai/build/ds4_msgs': CONDA_PROMPT_MODIFIER=(base) /usr/bin/cmake --build /home/point001/autoware.ai/build/ds4_msgs --target install -- -j24 -l24
[1.315s] [  0%] Built target std_msgs_generate_messages_nodejs
[1.322s] [  0%] Built target std_msgs_generate_messages_eus
[1.332s] [  0%] Built target std_msgs_generate_messages_py
[1.332s] [  0%] Built target std_msgs_generate_messages_cpp
[1.362s] [  0%] Built target std_msgs_generate_messages_lisp
[1.363s] [  0%] Built target _ds4_msgs_generate_messages_check_deps_DS4
[1.382s] [ 14%] Built target ds4_msgs_generate_messages_nodejs
[1.382s] [ 28%] Built target ds4_msgs_generate_messages_lisp
[1.383s] [ 57%] Built target ds4_msgs_generate_messages_eus
[1.383s] [ 71%] Built target ds4_msgs_generate_messages_cpp
[1.385s] [100%] Built target ds4_msgs_generate_messages_py
[1.410s] [100%] Built target ds4_msgs_generate_messages
[1.431s] [36mInstall the project...[0m
[1.432s] -- Install configuration: "Release"
[1.432s] -- Up-to-date: /home/point001/autoware.ai/install/ds4_msgs/share/ds4_msgs/msg/DS4.msg
[1.432s] -- Up-to-date: /home/point001/autoware.ai/install/ds4_msgs/share/ds4_msgs/cmake/ds4_msgs-msg-paths.cmake
[1.432s] -- Up-to-date: /home/point001/autoware.ai/install/ds4_msgs/include/ds4_msgs
[1.432s] -- Up-to-date: /home/point001/autoware.ai/install/ds4_msgs/include/ds4_msgs/DS4.h
[1.432s] -- Up-to-date: /home/point001/autoware.ai/install/ds4_msgs/share/roseus/ros/ds4_msgs
[1.432s] -- Up-to-date: /home/point001/autoware.ai/install/ds4_msgs/share/roseus/ros/ds4_msgs/manifest.l
[1.432s] -- Up-to-date: /home/point001/autoware.ai/install/ds4_msgs/share/roseus/ros/ds4_msgs/msg
[1.432s] -- Up-to-date: /home/point001/autoware.ai/install/ds4_msgs/share/roseus/ros/ds4_msgs/msg/DS4.l
[1.432s] -- Up-to-date: /home/point001/autoware.ai/install/ds4_msgs/share/common-lisp/ros/ds4_msgs
[1.432s] -- Up-to-date: /home/point001/autoware.ai/install/ds4_msgs/share/common-lisp/ros/ds4_msgs/msg
[1.432s] -- Up-to-date: /home/point001/autoware.ai/install/ds4_msgs/share/common-lisp/ros/ds4_msgs/msg/_package_DS4.lisp
[1.432s] -- Up-to-date: /home/point001/autoware.ai/install/ds4_msgs/share/common-lisp/ros/ds4_msgs/msg/_package.lisp
[1.432s] -- Up-to-date: /home/point001/autoware.ai/install/ds4_msgs/share/common-lisp/ros/ds4_msgs/msg/DS4.lisp
[1.432s] -- Up-to-date: /home/point001/autoware.ai/install/ds4_msgs/share/common-lisp/ros/ds4_msgs/msg/ds4_msgs-msg.asd
[1.432s] -- Up-to-date: /home/point001/autoware.ai/install/ds4_msgs/share/gennodejs/ros/ds4_msgs
[1.433s] -- Up-to-date: /home/point001/autoware.ai/install/ds4_msgs/share/gennodejs/ros/ds4_msgs/_index.js
[1.433s] -- Up-to-date: /home/point001/autoware.ai/install/ds4_msgs/share/gennodejs/ros/ds4_msgs/msg
[1.433s] -- Up-to-date: /home/point001/autoware.ai/install/ds4_msgs/share/gennodejs/ros/ds4_msgs/msg/_index.js
[1.433s] -- Up-to-date: /home/point001/autoware.ai/install/ds4_msgs/share/gennodejs/ros/ds4_msgs/msg/DS4.js
[1.442s] Listing /home/point001/autoware.ai/build/ds4_msgs/devel/lib/python2.7/dist-packages/ds4_msgs ...
[1.442s] Listing /home/point001/autoware.ai/build/ds4_msgs/devel/lib/python2.7/dist-packages/ds4_msgs/msg ...
[1.442s] -- Up-to-date: /home/point001/autoware.ai/install/ds4_msgs/lib/python2.7/dist-packages/ds4_msgs
[1.442s] -- Up-to-date: /home/point001/autoware.ai/install/ds4_msgs/lib/python2.7/dist-packages/ds4_msgs/msg
[1.443s] -- Up-to-date: /home/point001/autoware.ai/install/ds4_msgs/lib/python2.7/dist-packages/ds4_msgs/msg/_DS4.pyc
[1.443s] -- Up-to-date: /home/point001/autoware.ai/install/ds4_msgs/lib/python2.7/dist-packages/ds4_msgs/msg/__init__.py
[1.443s] -- Up-to-date: /home/point001/autoware.ai/install/ds4_msgs/lib/python2.7/dist-packages/ds4_msgs/msg/__init__.pyc
[1.443s] -- Up-to-date: /home/point001/autoware.ai/install/ds4_msgs/lib/python2.7/dist-packages/ds4_msgs/msg/_DS4.py
[1.443s] -- Up-to-date: /home/point001/autoware.ai/install/ds4_msgs/lib/python2.7/dist-packages/ds4_msgs/__init__.py
[1.443s] -- Up-to-date: /home/point001/autoware.ai/install/ds4_msgs/lib/python2.7/dist-packages/ds4_msgs/__init__.pyc
[1.443s] -- Up-to-date: /home/point001/autoware.ai/install/ds4_msgs/lib/pkgconfig/ds4_msgs.pc
[1.444s] -- Up-to-date: /home/point001/autoware.ai/install/ds4_msgs/share/ds4_msgs/cmake/ds4_msgs-msg-extras.cmake
[1.444s] -- Up-to-date: /home/point001/autoware.ai/install/ds4_msgs/share/ds4_msgs/cmake/ds4_msgsConfig.cmake
[1.444s] -- Up-to-date: /home/point001/autoware.ai/install/ds4_msgs/share/ds4_msgs/cmake/ds4_msgsConfig-version.cmake
[1.444s] -- Up-to-date: /home/point001/autoware.ai/install/ds4_msgs/share/ds4_msgs/package.xml
[1.780s] Invoked command in '/home/point001/autoware.ai/build/ds4_msgs' returned '0': CONDA_PROMPT_MODIFIER=(base) /usr/bin/cmake --build /home/point001/autoware.ai/build/ds4_msgs --target install -- -j24 -l24
