[0.342s] Invoking command in '/home/point001/autoware.ai/build/detected_objects_visualizer': CMAKE_PREFIX_PATH=/home/point001/autoware.ai/install/autoware_msgs:/home/point001/autoware.ai/install/autoware_build_flags:${CMAKE_PREFIX_PATH} PKG_CONFIG_PATH=/home/point001/autoware.ai/install/autoware_msgs/lib/x86_64-linux-gnu/pkgconfig:/home/point001/autoware.ai/install/autoware_msgs/lib/pkgconfig:/home/point001/autoware.ai/install/autoware_build_flags/lib/x86_64-linux-gnu/pkgconfig:/home/point001/autoware.ai/install/autoware_build_flags/lib/pkgconfig:${PKG_CONFIG_PATH} PYTHONPATH=/home/point001/autoware.ai/install/autoware_msgs/lib/python2.7/dist-packages:${PYTHONPATH} ROS_PACKAGE_PATH=/home/point001/autoware.ai/install/autoware_msgs/share:/home/point001/autoware.ai/install/autoware_build_flags/share:${ROS_PACKAGE_PATH} /usr/bin/cmake --build /home/point001/autoware.ai/build/detected_objects_visualizer -- -j24 -l24
[0.393s] [  0%] Built target geometry_msgs_generate_messages_py
[0.393s] [  0%] Built target sensor_msgs_generate_messages_nodejs
[0.393s] [  0%] Built target rosgraph_msgs_generate_messages_eus
[0.394s] [  0%] Built target roscpp_generate_messages_cpp
[0.394s] [  0%] Built target visualization_msgs_generate_messages_py
[0.394s] [  0%] Built target sensor_msgs_generate_messages_eus
[0.394s] [  0%] Built target jsk_recognition_msgs_generate_messages_eus
[0.394s] [  0%] Built target sensor_msgs_generate_messages_cpp
[0.394s] [  0%] Built target sensor_msgs_generate_messages_py
[0.394s] [  0%] Built target _catkin_empty_exported_target
[0.394s] [  0%] Built target autoware_msgs_generate_messages_py
[0.394s] [  0%] Built target tf2_msgs_generate_messages_cpp
[0.395s] [  0%] Built target sensor_msgs_generate_messages_lisp
[0.396s] [  0%] Built target std_msgs_generate_messages_nodejs
[0.398s] [  0%] Built target std_msgs_generate_messages_py
[0.399s] [  0%] Built target pcl_msgs_generate_messages_eus
[0.399s] [  0%] Built target jsk_recognition_msgs_generate_messages_lisp
[0.399s] [  0%] Built target autoware_msgs_generate_messages_cpp
[0.399s] [  0%] Built target pcl_msgs_generate_messages_nodejs
[0.400s] [  0%] Built target rosgraph_msgs_generate_messages_cpp
[0.403s] [  0%] Built target tf_generate_messages_py
[0.405s] [  0%] Built target jsk_recognition_msgs_generate_messages_py
[0.406s] [  0%] Built target actionlib_generate_messages_cpp
[0.406s] [  0%] Built target std_msgs_generate_messages_cpp
[0.417s] [  0%] Built target jsk_footstep_msgs_generate_messages_py
[0.417s] [  0%] Built target geometry_msgs_generate_messages_lisp
[0.418s] [  0%] Built target roscpp_generate_messages_nodejs
[0.418s] [  0%] Built target actionlib_msgs_generate_messages_nodejs
[0.422s] [  0%] Built target std_msgs_generate_messages_lisp
[0.422s] [  0%] Built target geometry_msgs_generate_messages_eus
[0.422s] [  0%] Built target visualization_msgs_generate_messages_nodejs
[0.422s] [  0%] Built target autoware_msgs_generate_messages_eus
[0.422s] [  0%] Built target jsk_footstep_msgs_generate_messages_eus
[0.423s] [  0%] Built target visualization_msgs_generate_messages_lisp
[0.424s] [  0%] Built target geometry_msgs_generate_messages_nodejs
[0.424s] [  0%] Built target actionlib_msgs_generate_messages_py
[0.426s] [  0%] Built target pcl_msgs_generate_messages_cpp
[0.426s] [  0%] Built target autoware_msgs_generate_messages_lisp
[0.427s] [  0%] Built target autoware_msgs_generate_messages_nodejs
[0.427s] [  0%] Built target std_msgs_generate_messages_eus
[0.427s] [  0%] Built target jsk_recognition_msgs_generate_messages_nodejs
[0.428s] [  0%] Built target jsk_recognition_msgs_generate_messages_cpp
[0.431s] [  0%] Built target actionlib_msgs_generate_messages_lisp
[0.431s] [  0%] Built target roscpp_generate_messages_lisp
[0.431s] [  0%] Built target jsk_footstep_msgs_generate_messages_nodejs
[0.431s] [  0%] Built target jsk_footstep_msgs_generate_messages_lisp
[0.433s] [  0%] Built target roscpp_generate_messages_py
[0.436s] [  0%] Built target rosgraph_msgs_generate_messages_lisp
[0.444s] [  0%] Built target rosgraph_msgs_generate_messages_py
[0.444s] [  0%] Built target jsk_footstep_msgs_generate_messages_cpp
[0.444s] [  0%] Built target actionlib_msgs_generate_messages_eus
[0.449s] [  0%] Built target rosgraph_msgs_generate_messages_nodejs
[0.449s] [  0%] Built target roscpp_generate_messages_eus
[0.449s] [  0%] Built target tf_generate_messages_eus
[0.450s] [  0%] Built target tf_generate_messages_lisp
[0.450s] [  0%] Built target tf_generate_messages_nodejs
[0.450s] [  0%] Built target actionlib_msgs_generate_messages_cpp
[0.450s] [  0%] Built target actionlib_generate_messages_eus
[0.450s] [  0%] Built target actionlib_generate_messages_lisp
[0.450s] [  0%] Built target pcl_msgs_generate_messages_py
[0.451s] [  0%] Built target geometry_msgs_generate_messages_cpp
[0.452s] [  0%] Built target tf2_msgs_generate_messages_lisp
[0.455s] [  0%] Built target actionlib_generate_messages_py
[0.456s] [  0%] Built target tf_generate_messages_cpp
[0.456s] [  0%] Built target actionlib_generate_messages_nodejs
[0.456s] [  0%] Built target tf2_msgs_generate_messages_py
[0.456s] [  0%] Built target pcl_msgs_generate_messages_lisp
[0.456s] [  0%] Built target tf2_msgs_generate_messages_nodejs
[0.456s] [  0%] Built target visualization_msgs_generate_messages_eus
[0.458s] [  0%] Built target tf2_msgs_generate_messages_eus
[0.458s] [  0%] Built target visualization_msgs_generate_messages_cpp
[0.480s] [ 50%] Built target visualize_detected_objects
[0.482s] [100%] Built target visualize_rects
[0.585s] Invoked command in '/home/point001/autoware.ai/build/detected_objects_visualizer' returned '0': CMAKE_PREFIX_PATH=/home/point001/autoware.ai/install/autoware_msgs:/home/point001/autoware.ai/install/autoware_build_flags:${CMAKE_PREFIX_PATH} PKG_CONFIG_PATH=/home/point001/autoware.ai/install/autoware_msgs/lib/x86_64-linux-gnu/pkgconfig:/home/point001/autoware.ai/install/autoware_msgs/lib/pkgconfig:/home/point001/autoware.ai/install/autoware_build_flags/lib/x86_64-linux-gnu/pkgconfig:/home/point001/autoware.ai/install/autoware_build_flags/lib/pkgconfig:${PKG_CONFIG_PATH} PYTHONPATH=/home/point001/autoware.ai/install/autoware_msgs/lib/python2.7/dist-packages:${PYTHONPATH} ROS_PACKAGE_PATH=/home/point001/autoware.ai/install/autoware_msgs/share:/home/point001/autoware.ai/install/autoware_build_flags/share:${ROS_PACKAGE_PATH} /usr/bin/cmake --build /home/point001/autoware.ai/build/detected_objects_visualizer -- -j24 -l24
[1.054s] Invoking command in '/home/point001/autoware.ai/build/detected_objects_visualizer': CMAKE_PREFIX_PATH=/home/point001/autoware.ai/install/autoware_msgs:/home/point001/autoware.ai/install/autoware_build_flags:${CMAKE_PREFIX_PATH} PKG_CONFIG_PATH=/home/point001/autoware.ai/install/autoware_msgs/lib/x86_64-linux-gnu/pkgconfig:/home/point001/autoware.ai/install/autoware_msgs/lib/pkgconfig:/home/point001/autoware.ai/install/autoware_build_flags/lib/x86_64-linux-gnu/pkgconfig:/home/point001/autoware.ai/install/autoware_build_flags/lib/pkgconfig:${PKG_CONFIG_PATH} PYTHONPATH=/home/point001/autoware.ai/install/autoware_msgs/lib/python2.7/dist-packages:${PYTHONPATH} ROS_PACKAGE_PATH=/home/point001/autoware.ai/install/autoware_msgs/share:/home/point001/autoware.ai/install/autoware_build_flags/share:${ROS_PACKAGE_PATH} /usr/bin/cmake --build /home/point001/autoware.ai/build/detected_objects_visualizer --target tests -- -j24 -l24
[1.150s] Built target tests
[1.334s] Invoked command in '/home/point001/autoware.ai/build/detected_objects_visualizer' returned '0': CMAKE_PREFIX_PATH=/home/point001/autoware.ai/install/autoware_msgs:/home/point001/autoware.ai/install/autoware_build_flags:${CMAKE_PREFIX_PATH} PKG_CONFIG_PATH=/home/point001/autoware.ai/install/autoware_msgs/lib/x86_64-linux-gnu/pkgconfig:/home/point001/autoware.ai/install/autoware_msgs/lib/pkgconfig:/home/point001/autoware.ai/install/autoware_build_flags/lib/x86_64-linux-gnu/pkgconfig:/home/point001/autoware.ai/install/autoware_build_flags/lib/pkgconfig:${PKG_CONFIG_PATH} PYTHONPATH=/home/point001/autoware.ai/install/autoware_msgs/lib/python2.7/dist-packages:${PYTHONPATH} ROS_PACKAGE_PATH=/home/point001/autoware.ai/install/autoware_msgs/share:/home/point001/autoware.ai/install/autoware_build_flags/share:${ROS_PACKAGE_PATH} /usr/bin/cmake --build /home/point001/autoware.ai/build/detected_objects_visualizer --target tests -- -j24 -l24
[1.602s] Invoking command in '/home/point001/autoware.ai/build/detected_objects_visualizer': CMAKE_PREFIX_PATH=/home/point001/autoware.ai/install/autoware_msgs:/home/point001/autoware.ai/install/autoware_build_flags:${CMAKE_PREFIX_PATH} PKG_CONFIG_PATH=/home/point001/autoware.ai/install/autoware_msgs/lib/x86_64-linux-gnu/pkgconfig:/home/point001/autoware.ai/install/autoware_msgs/lib/pkgconfig:/home/point001/autoware.ai/install/autoware_build_flags/lib/x86_64-linux-gnu/pkgconfig:/home/point001/autoware.ai/install/autoware_build_flags/lib/pkgconfig:${PKG_CONFIG_PATH} PYTHONPATH=/home/point001/autoware.ai/install/autoware_msgs/lib/python2.7/dist-packages:${PYTHONPATH} ROS_PACKAGE_PATH=/home/point001/autoware.ai/install/autoware_msgs/share:/home/point001/autoware.ai/install/autoware_build_flags/share:${ROS_PACKAGE_PATH} /usr/bin/cmake --build /home/point001/autoware.ai/build/detected_objects_visualizer --target install -- -j24 -l24
[1.708s] [  0%] Built target sensor_msgs_generate_messages_lisp
[1.710s] [  0%] Built target sensor_msgs_generate_messages_cpp
[1.711s] [  0%] Built target sensor_msgs_generate_messages_py
[1.711s] [  0%] Built target std_msgs_generate_messages_cpp
[1.712s] [  0%] Built target jsk_recognition_msgs_generate_messages_py
[1.724s] [  0%] Built target std_msgs_generate_messages_nodejs
[1.725s] [  0%] Built target jsk_recognition_msgs_generate_messages_lisp
[1.726s] [  0%] Built target pcl_msgs_generate_messages_eus
[1.734s] [  0%] Built target autoware_msgs_generate_messages_cpp
[1.738s] [  0%] Built target _catkin_empty_exported_target
[1.738s] [  0%] Built target std_msgs_generate_messages_py
[1.738s] [  0%] Built target pcl_msgs_generate_messages_nodejs
[1.740s] [  0%] Built target geometry_msgs_generate_messages_py
[1.742s] [  0%] Built target visualization_msgs_generate_messages_py
[1.751s] [  0%] Built target rosgraph_msgs_generate_messages_eus
[1.751s] [  0%] Built target actionlib_generate_messages_cpp
[1.752s] [  0%] Built target jsk_recognition_msgs_generate_messages_eus
[1.763s] [  0%] Built target roscpp_generate_messages_cpp
[1.764s] [  0%] Built target actionlib_msgs_generate_messages_nodejs
[1.765s] [  0%] Built target sensor_msgs_generate_messages_eus
[1.766s] [  0%] Built target visualization_msgs_generate_messages_nodejs
[1.767s] [  0%] Built target autoware_msgs_generate_messages_py
[1.776s] [  0%] Built target tf_generate_messages_py
[1.776s] [  0%] Built target rosgraph_msgs_generate_messages_cpp
[1.777s] [  0%] Built target tf2_msgs_generate_messages_cpp
[1.780s] [  0%] Built target geometry_msgs_generate_messages_nodejs
[1.784s] [  0%] Built target std_msgs_generate_messages_lisp
[1.785s] [  0%] Built target sensor_msgs_generate_messages_nodejs
[1.787s] [  0%] Built target geometry_msgs_generate_messages_eus
[1.788s] [  0%] Built target geometry_msgs_generate_messages_lisp
[1.791s] [  0%] Built target autoware_msgs_generate_messages_eus
[1.791s] [  0%] Built target jsk_footstep_msgs_generate_messages_py
[1.802s] [  0%] Built target std_msgs_generate_messages_eus
[1.803s] [  0%] Built target jsk_footstep_msgs_generate_messages_nodejs
[1.812s] [  0%] Built target roscpp_generate_messages_nodejs
[1.812s] [  0%] Built target visualization_msgs_generate_messages_lisp
[1.812s] [  0%] Built target roscpp_generate_messages_lisp
[1.816s] [  0%] Built target autoware_msgs_generate_messages_nodejs
[1.819s] [  0%] Built target rosgraph_msgs_generate_messages_nodejs
[1.821s] [  0%] Built target rosgraph_msgs_generate_messages_lisp
[1.824s] [  0%] Built target jsk_recognition_msgs_generate_messages_cpp
[1.825s] [  0%] Built target rosgraph_msgs_generate_messages_py
[1.825s] [  0%] Built target jsk_footstep_msgs_generate_messages_lisp
[1.829s] [  0%] Built target jsk_footstep_msgs_generate_messages_eus
[1.841s] [  0%] Built target tf_generate_messages_eus
[1.841s] [  0%] Built target autoware_msgs_generate_messages_lisp
[1.844s] [  0%] Built target jsk_recognition_msgs_generate_messages_nodejs
[1.847s] [  0%] Built target pcl_msgs_generate_messages_cpp
[1.847s] [  0%] Built target roscpp_generate_messages_py
[1.847s] [  0%] Built target actionlib_msgs_generate_messages_lisp
[1.853s] [  0%] Built target jsk_footstep_msgs_generate_messages_cpp
[1.855s] [  0%] Built target pcl_msgs_generate_messages_lisp
[1.856s] [  0%] Built target tf_generate_messages_nodejs
[1.856s] [  0%] Built target actionlib_generate_messages_lisp
[1.862s] [  0%] Built target actionlib_msgs_generate_messages_py
[1.862s] [  0%] Built target roscpp_generate_messages_eus
[1.862s] [  0%] Built target geometry_msgs_generate_messages_cpp
[1.862s] [  0%] Built target actionlib_msgs_generate_messages_eus
[1.865s] [  0%] Built target actionlib_msgs_generate_messages_cpp
[1.865s] [  0%] Built target tf2_msgs_generate_messages_nodejs
[1.869s] [  0%] Built target tf_generate_messages_cpp
[1.877s] [  0%] Built target pcl_msgs_generate_messages_py
[1.877s] [  0%] Built target actionlib_generate_messages_nodejs
[1.877s] [  0%] Built target tf2_msgs_generate_messages_lisp
[1.877s] [  0%] Built target actionlib_generate_messages_eus
[1.882s] [  0%] Built target tf_generate_messages_lisp
[1.889s] [  0%] Built target visualization_msgs_generate_messages_cpp
[1.893s] [  0%] Built target actionlib_generate_messages_py
[1.894s] [  0%] Built target tf2_msgs_generate_messages_eus
[1.898s] [  0%] Built target tf2_msgs_generate_messages_py
[1.898s] [  0%] Built target visualization_msgs_generate_messages_eus
[1.925s] [ 50%] Built target visualize_detected_objects
[1.926s] [100%] Built target visualize_rects
[1.944s] [36mInstall the project...[0m
[1.948s] -- Install configuration: "Release"
[1.948s] -- Up-to-date: /home/point001/autoware.ai/install/detected_objects_visualizer/lib/pkgconfig/detected_objects_visualizer.pc
[1.949s] -- Up-to-date: /home/point001/autoware.ai/install/detected_objects_visualizer/share/detected_objects_visualizer/cmake/detected_objects_visualizerConfig.cmake
[1.949s] -- Up-to-date: /home/point001/autoware.ai/install/detected_objects_visualizer/share/detected_objects_visualizer/cmake/detected_objects_visualizerConfig-version.cmake
[1.951s] -- Up-to-date: /home/point001/autoware.ai/install/detected_objects_visualizer/share/detected_objects_visualizer/package.xml
[1.952s] -- Up-to-date: /home/point001/autoware.ai/install/detected_objects_visualizer/lib/detected_objects_visualizer/visualize_detected_objects
[1.952s] -- Up-to-date: /home/point001/autoware.ai/install/detected_objects_visualizer/lib/detected_objects_visualizer/visualize_rects
[1.952s] -- Up-to-date: /home/point001/autoware.ai/install/detected_objects_visualizer/share/detected_objects_visualizer/models
[1.952s] -- Up-to-date: /home/point001/autoware.ai/install/detected_objects_visualizer/share/detected_objects_visualizer/models/bike.dae
[1.952s] -- Up-to-date: /home/point001/autoware.ai/install/detected_objects_visualizer/share/detected_objects_visualizer/models/person.dae
[1.952s] -- Up-to-date: /home/point001/autoware.ai/install/detected_objects_visualizer/share/detected_objects_visualizer/models/box.dae
[1.952s] -- Up-to-date: /home/point001/autoware.ai/install/detected_objects_visualizer/share/detected_objects_visualizer/models/car.dae
[1.952s] -- Up-to-date: /home/point001/autoware.ai/install/detected_objects_visualizer/share/detected_objects_visualizer/models/truck.dae
[1.952s] -- Up-to-date: /home/point001/autoware.ai/install/detected_objects_visualizer/share/detected_objects_visualizer/models/bus.dae
[2.075s] Invoked command in '/home/point001/autoware.ai/build/detected_objects_visualizer' returned '0': CMAKE_PREFIX_PATH=/home/point001/autoware.ai/install/autoware_msgs:/home/point001/autoware.ai/install/autoware_build_flags:${CMAKE_PREFIX_PATH} PKG_CONFIG_PATH=/home/point001/autoware.ai/install/autoware_msgs/lib/x86_64-linux-gnu/pkgconfig:/home/point001/autoware.ai/install/autoware_msgs/lib/pkgconfig:/home/point001/autoware.ai/install/autoware_build_flags/lib/x86_64-linux-gnu/pkgconfig:/home/point001/autoware.ai/install/autoware_build_flags/lib/pkgconfig:${PKG_CONFIG_PATH} PYTHONPATH=/home/point001/autoware.ai/install/autoware_msgs/lib/python2.7/dist-packages:${PYTHONPATH} ROS_PACKAGE_PATH=/home/point001/autoware.ai/install/autoware_msgs/share:/home/point001/autoware.ai/install/autoware_build_flags/share:${ROS_PACKAGE_PATH} /usr/bin/cmake --build /home/point001/autoware.ai/build/detected_objects_visualizer --target install -- -j24 -l24
