[0.089s] Invoking command in '/home/point001/autoware.ai/build/autoware_can_msgs': /usr/bin/cmake --build /home/point001/autoware.ai/build/autoware_can_msgs -- -j24 -l24
[0.464s] [  0%] Built target std_msgs_generate_messages_lisp
[0.464s] [  0%] Built target std_msgs_generate_messages_cpp
[0.464s] [  0%] Built target std_msgs_generate_messages_eus
[0.464s] [  0%] Built target std_msgs_generate_messages_py
[0.464s] [  0%] Built target std_msgs_generate_messages_nodejs
[0.464s] [  0%] Built target _autoware_can_msgs_generate_messages_check_deps_CANData
[0.488s] [  0%] Built target _autoware_can_msgs_generate_messages_check_deps_CANPacket
[0.580s] [  0%] Built target _autoware_can_msgs_generate_messages_check_deps_CANInfo
[0.636s] [ 23%] Built target autoware_can_msgs_generate_messages_eus
[0.646s] [ 41%] Built target autoware_can_msgs_generate_messages_nodejs
[0.658s] [ 58%] Built target autoware_can_msgs_generate_messages_lisp
[0.671s] [ 82%] Built target autoware_can_msgs_generate_messages_py
[0.676s] [100%] Built target autoware_can_msgs_generate_messages_cpp
[0.695s] [100%] Built target autoware_can_msgs_generate_messages
[0.732s] Invoked command in '/home/point001/autoware.ai/build/autoware_can_msgs' returned '0': /usr/bin/cmake --build /home/point001/autoware.ai/build/autoware_can_msgs -- -j24 -l24
[0.827s] Invoking command in '/home/point001/autoware.ai/build/autoware_can_msgs': /usr/bin/cmake --build /home/point001/autoware.ai/build/autoware_can_msgs --target tests -- -j24 -l24
[0.899s] Built target tests
[0.948s] Invoked command in '/home/point001/autoware.ai/build/autoware_can_msgs' returned '0': /usr/bin/cmake --build /home/point001/autoware.ai/build/autoware_can_msgs --target tests -- -j24 -l24
[1.056s] Invoking command in '/home/point001/autoware.ai/build/autoware_can_msgs': /usr/bin/cmake --build /home/point001/autoware.ai/build/autoware_can_msgs --target install -- -j24 -l24
[1.117s] [  0%] Built target std_msgs_generate_messages_lisp
[1.127s] [  0%] Built target std_msgs_generate_messages_cpp
[1.135s] [  0%] Built target std_msgs_generate_messages_py
[1.135s] [  0%] Built target std_msgs_generate_messages_eus
[1.146s] [  0%] Built target std_msgs_generate_messages_nodejs
[1.163s] [  0%] Built target _autoware_can_msgs_generate_messages_check_deps_CANPacket
[1.184s] [  0%] Built target _autoware_can_msgs_generate_messages_check_deps_CANData
[1.218s] [  0%] Built target _autoware_can_msgs_generate_messages_check_deps_CANInfo
[1.260s] [ 23%] Built target autoware_can_msgs_generate_messages_py
[1.260s] [ 47%] Built target autoware_can_msgs_generate_messages_eus
[1.262s] [ 64%] Built target autoware_can_msgs_generate_messages_lisp
[1.279s] [ 82%] Built target autoware_can_msgs_generate_messages_cpp
[1.290s] [100%] Built target autoware_can_msgs_generate_messages_nodejs
[1.352s] [100%] Built target autoware_can_msgs_generate_messages
[1.387s] [36mInstall the project...[0m
[1.396s] -- Install configuration: "Release"
[1.396s] -- Up-to-date: /home/point001/autoware.ai/install/autoware_can_msgs/share/autoware_can_msgs/msg/CANData.msg
[1.396s] -- Up-to-date: /home/point001/autoware.ai/install/autoware_can_msgs/share/autoware_can_msgs/msg/CANInfo.msg
[1.396s] -- Up-to-date: /home/point001/autoware.ai/install/autoware_can_msgs/share/autoware_can_msgs/msg/CANPacket.msg
[1.396s] -- Up-to-date: /home/point001/autoware.ai/install/autoware_can_msgs/share/autoware_can_msgs/cmake/autoware_can_msgs-msg-paths.cmake
[1.396s] -- Up-to-date: /home/point001/autoware.ai/install/autoware_can_msgs/include/autoware_can_msgs
[1.396s] -- Up-to-date: /home/point001/autoware.ai/install/autoware_can_msgs/include/autoware_can_msgs/CANInfo.h
[1.397s] -- Up-to-date: /home/point001/autoware.ai/install/autoware_can_msgs/include/autoware_can_msgs/CANData.h
[1.397s] -- Up-to-date: /home/point001/autoware.ai/install/autoware_can_msgs/include/autoware_can_msgs/CANPacket.h
[1.397s] -- Up-to-date: /home/point001/autoware.ai/install/autoware_can_msgs/share/roseus/ros/autoware_can_msgs
[1.397s] -- Up-to-date: /home/point001/autoware.ai/install/autoware_can_msgs/share/roseus/ros/autoware_can_msgs/manifest.l
[1.397s] -- Up-to-date: /home/point001/autoware.ai/install/autoware_can_msgs/share/roseus/ros/autoware_can_msgs/msg
[1.397s] -- Up-to-date: /home/point001/autoware.ai/install/autoware_can_msgs/share/roseus/ros/autoware_can_msgs/msg/CANData.l
[1.397s] -- Up-to-date: /home/point001/autoware.ai/install/autoware_can_msgs/share/roseus/ros/autoware_can_msgs/msg/CANInfo.l
[1.397s] -- Up-to-date: /home/point001/autoware.ai/install/autoware_can_msgs/share/roseus/ros/autoware_can_msgs/msg/CANPacket.l
[1.397s] -- Up-to-date: /home/point001/autoware.ai/install/autoware_can_msgs/share/common-lisp/ros/autoware_can_msgs
[1.397s] -- Up-to-date: /home/point001/autoware.ai/install/autoware_can_msgs/share/common-lisp/ros/autoware_can_msgs/msg
[1.397s] -- Up-to-date: /home/point001/autoware.ai/install/autoware_can_msgs/share/common-lisp/ros/autoware_can_msgs/msg/autoware_can_msgs-msg.asd
[1.397s] -- Up-to-date: /home/point001/autoware.ai/install/autoware_can_msgs/share/common-lisp/ros/autoware_can_msgs/msg/CANData.lisp
[1.397s] -- Up-to-date: /home/point001/autoware.ai/install/autoware_can_msgs/share/common-lisp/ros/autoware_can_msgs/msg/CANInfo.lisp
[1.397s] -- Up-to-date: /home/point001/autoware.ai/install/autoware_can_msgs/share/common-lisp/ros/autoware_can_msgs/msg/_package.lisp
[1.401s] -- Up-to-date: /home/point001/autoware.ai/install/autoware_can_msgs/share/common-lisp/ros/autoware_can_msgs/msg/_package_CANData.lisp
[1.402s] -- Up-to-date: /home/point001/autoware.ai/install/autoware_can_msgs/share/common-lisp/ros/autoware_can_msgs/msg/_package_CANPacket.lisp
[1.402s] -- Up-to-date: /home/point001/autoware.ai/install/autoware_can_msgs/share/common-lisp/ros/autoware_can_msgs/msg/_package_CANInfo.lisp
[1.402s] -- Up-to-date: /home/point001/autoware.ai/install/autoware_can_msgs/share/common-lisp/ros/autoware_can_msgs/msg/CANPacket.lisp
[1.402s] -- Up-to-date: /home/point001/autoware.ai/install/autoware_can_msgs/share/gennodejs/ros/autoware_can_msgs
[1.402s] -- Up-to-date: /home/point001/autoware.ai/install/autoware_can_msgs/share/gennodejs/ros/autoware_can_msgs/_index.js
[1.402s] -- Up-to-date: /home/point001/autoware.ai/install/autoware_can_msgs/share/gennodejs/ros/autoware_can_msgs/msg
[1.402s] -- Up-to-date: /home/point001/autoware.ai/install/autoware_can_msgs/share/gennodejs/ros/autoware_can_msgs/msg/CANData.js
[1.402s] -- Up-to-date: /home/point001/autoware.ai/install/autoware_can_msgs/share/gennodejs/ros/autoware_can_msgs/msg/_index.js
[1.402s] -- Up-to-date: /home/point001/autoware.ai/install/autoware_can_msgs/share/gennodejs/ros/autoware_can_msgs/msg/CANPacket.js
[1.403s] -- Up-to-date: /home/point001/autoware.ai/install/autoware_can_msgs/share/gennodejs/ros/autoware_can_msgs/msg/CANInfo.js
[1.417s] Listing /home/point001/autoware.ai/build/autoware_can_msgs/devel/lib/python2.7/dist-packages/autoware_can_msgs ...
[1.417s] Listing /home/point001/autoware.ai/build/autoware_can_msgs/devel/lib/python2.7/dist-packages/autoware_can_msgs/msg ...
[1.417s] -- Up-to-date: /home/point001/autoware.ai/install/autoware_can_msgs/lib/python2.7/dist-packages/autoware_can_msgs
[1.417s] -- Up-to-date: /home/point001/autoware.ai/install/autoware_can_msgs/lib/python2.7/dist-packages/autoware_can_msgs/msg
[1.417s] -- Up-to-date: /home/point001/autoware.ai/install/autoware_can_msgs/lib/python2.7/dist-packages/autoware_can_msgs/msg/_CANInfo.py
[1.417s] -- Up-to-date: /home/point001/autoware.ai/install/autoware_can_msgs/lib/python2.7/dist-packages/autoware_can_msgs/msg/_CANData.pyc
[1.417s] -- Up-to-date: /home/point001/autoware.ai/install/autoware_can_msgs/lib/python2.7/dist-packages/autoware_can_msgs/msg/_CANData.py
[1.418s] -- Up-to-date: /home/point001/autoware.ai/install/autoware_can_msgs/lib/python2.7/dist-packages/autoware_can_msgs/msg/__init__.py
[1.418s] -- Up-to-date: /home/point001/autoware.ai/install/autoware_can_msgs/lib/python2.7/dist-packages/autoware_can_msgs/msg/_CANInfo.pyc
[1.418s] -- Up-to-date: /home/point001/autoware.ai/install/autoware_can_msgs/lib/python2.7/dist-packages/autoware_can_msgs/msg/_CANPacket.py
[1.418s] -- Up-to-date: /home/point001/autoware.ai/install/autoware_can_msgs/lib/python2.7/dist-packages/autoware_can_msgs/msg/_CANPacket.pyc
[1.418s] -- Up-to-date: /home/point001/autoware.ai/install/autoware_can_msgs/lib/python2.7/dist-packages/autoware_can_msgs/msg/__init__.pyc
[1.418s] -- Up-to-date: /home/point001/autoware.ai/install/autoware_can_msgs/lib/python2.7/dist-packages/autoware_can_msgs/__init__.py
[1.418s] -- Up-to-date: /home/point001/autoware.ai/install/autoware_can_msgs/lib/python2.7/dist-packages/autoware_can_msgs/__init__.pyc
[1.418s] -- Up-to-date: /home/point001/autoware.ai/install/autoware_can_msgs/lib/pkgconfig/autoware_can_msgs.pc
[1.418s] -- Up-to-date: /home/point001/autoware.ai/install/autoware_can_msgs/share/autoware_can_msgs/cmake/autoware_can_msgs-msg-extras.cmake
[1.418s] -- Up-to-date: /home/point001/autoware.ai/install/autoware_can_msgs/share/autoware_can_msgs/cmake/autoware_can_msgsConfig.cmake
[1.418s] -- Up-to-date: /home/point001/autoware.ai/install/autoware_can_msgs/share/autoware_can_msgs/cmake/autoware_can_msgsConfig-version.cmake
[1.418s] -- Up-to-date: /home/point001/autoware.ai/install/autoware_can_msgs/share/autoware_can_msgs/package.xml
[1.679s] Invoked command in '/home/point001/autoware.ai/build/autoware_can_msgs' returned '0': /usr/bin/cmake --build /home/point001/autoware.ai/build/autoware_can_msgs --target install -- -j24 -l24
