[0.077s] Invoking command in '/home/point001/autoware.ai/build/decision_maker': CMAKE_PREFIX_PATH=/home/point001/autoware.ai/install/lanelet2_extension:/home/point001/autoware.ai/install/lanelet2_validation:/home/point001/autoware.ai/install/lanelet2_routing:/home/point001/autoware.ai/install/lanelet2_projection:/home/point001/autoware.ai/install/lanelet2_traffic_rules:/home/point001/autoware.ai/install/lanelet2_maps:/home/point001/autoware.ai/install/lanelet2_io:/home/point001/autoware.ai/install/vector_map:/home/point001/autoware.ai/install/state_machine_lib:/home/point001/autoware.ai/install/lanelet2_core:/home/point001/autoware.ai/install/amathutils_lib:/home/point001/autoware.ai/install/vector_map_msgs:/home/point001/autoware.ai/install/autoware_msgs:/home/point001/autoware.ai/install/autoware_lanelet2_msgs:/home/point001/autoware.ai/install/autoware_config_msgs:/home/point001/autoware.ai/install/autoware_build_flags:${CMAKE_PREFIX_PATH} LD_LIBRARY_PATH=/home/point001/autoware.ai/install/lanelet2_extension/lib:/home/point001/autoware.ai/install/lanelet2_validation/lib:/home/point001/autoware.ai/install/lanelet2_routing/lib:/home/point001/autoware.ai/install/lanelet2_projection/lib:/home/point001/autoware.ai/install/lanelet2_traffic_rules/lib:/home/point001/autoware.ai/install/lanelet2_io/lib:/home/point001/autoware.ai/install/vector_map/lib:/home/point001/autoware.ai/install/state_machine_lib/lib:/home/point001/autoware.ai/install/lanelet2_core/lib:/home/point001/autoware.ai/install/amathutils_lib/lib:/opt/ros/melodic/lib:/usr/local/cuda-10.0/lib64 PKG_CONFIG_PATH=/home/point001/autoware.ai/install/lanelet2_extension/lib/x86_64-linux-gnu/pkgconfig:/home/point001/autoware.ai/install/lanelet2_extension/lib/pkgconfig:/home/point001/autoware.ai/install/lanelet2_validation/lib/x86_64-linux-gnu/pkgconfig:/home/point001/autoware.ai/install/lanelet2_validation/lib/pkgconfig:/home/point001/autoware.ai/install/lanelet2_routing/lib/x86_64-linux-gnu/pkgconfig:/home/point001/autoware.ai/install/lanelet2_routing/lib/pkgconfig:/home/point001/autoware.ai/install/lanelet2_projection/lib/x86_64-linux-gnu/pkgconfig:/home/point001/autoware.ai/install/lanelet2_projection/lib/pkgconfig:/home/point001/autoware.ai/install/lanelet2_traffic_rules/lib/x86_64-linux-gnu/pkgconfig:/home/point001/autoware.ai/install/lanelet2_traffic_rules/lib/pkgconfig:/home/point001/autoware.ai/install/lanelet2_maps/lib/x86_64-linux-gnu/pkgconfig:/home/point001/autoware.ai/install/lanelet2_maps/lib/pkgconfig:/home/point001/autoware.ai/install/lanelet2_io/lib/x86_64-linux-gnu/pkgconfig:/home/point001/autoware.ai/install/lanelet2_io/lib/pkgconfig:/home/point001/autoware.ai/install/vector_map/lib/x86_64-linux-gnu/pkgconfig:/home/point001/autoware.ai/install/vector_map/lib/pkgconfig:/home/point001/autoware.ai/install/state_machine_lib/lib/x86_64-linux-gnu/pkgconfig:/home/point001/autoware.ai/install/state_machine_lib/lib/pkgconfig:/home/point001/autoware.ai/install/lanelet2_core/lib/x86_64-linux-gnu/pkgconfig:/home/point001/autoware.ai/install/lanelet2_core/lib/pkgconfig:/home/point001/autoware.ai/install/amathutils_lib/lib/x86_64-linux-gnu/pkgconfig:/home/point001/autoware.ai/install/amathutils_lib/lib/pkgconfig:/home/point001/autoware.ai/install/vector_map_msgs/lib/x86_64-linux-gnu/pkgconfig:/home/point001/autoware.ai/install/vector_map_msgs/lib/pkgconfig:/home/point001/autoware.ai/install/autoware_msgs/lib/x86_64-linux-gnu/pkgconfig:/home/point001/autoware.ai/install/autoware_msgs/lib/pkgconfig:/home/point001/autoware.ai/install/autoware_lanelet2_msgs/lib/x86_64-linux-gnu/pkgconfig:/home/point001/autoware.ai/install/autoware_lanelet2_msgs/lib/pkgconfig:/home/point001/autoware.ai/install/autoware_config_msgs/lib/x86_64-linux-gnu/pkgconfig:/home/point001/autoware.ai/install/autoware_config_msgs/lib/pkgconfig:/home/point001/autoware.ai/install/autoware_build_flags/lib/x86_64-linux-gnu/pkgconfig:/home/point001/autoware.ai/install/autoware_build_flags/lib/pkgconfig:${PKG_CONFIG_PATH} PYTHONPATH=/home/point001/autoware.ai/install/vector_map_msgs/lib/python2.7/dist-packages:/home/point001/autoware.ai/install/autoware_msgs/lib/python2.7/dist-packages:/home/point001/autoware.ai/install/autoware_lanelet2_msgs/lib/python2.7/dist-packages:/home/point001/autoware.ai/install/autoware_config_msgs/lib/python2.7/dist-packages:${PYTHONPATH} ROS_PACKAGE_PATH=/home/point001/autoware.ai/install/lanelet2_extension/share:/home/point001/autoware.ai/install/lanelet2_validation/share:/home/point001/autoware.ai/install/lanelet2_routing/share:/home/point001/autoware.ai/install/lanelet2_projection/share:/home/point001/autoware.ai/install/lanelet2_traffic_rules/share:/home/point001/autoware.ai/install/lanelet2_maps/share:/home/point001/autoware.ai/install/lanelet2_io/share:/home/point001/autoware.ai/install/vector_map/share:/home/point001/autoware.ai/install/state_machine_lib/share:/home/point001/autoware.ai/install/lanelet2_core/share:/home/point001/autoware.ai/install/amathutils_lib/share:/home/point001/autoware.ai/install/vector_map_msgs/share:/home/point001/autoware.ai/install/autoware_msgs/share:/home/point001/autoware.ai/install/autoware_lanelet2_msgs/share:/home/point001/autoware.ai/install/autoware_config_msgs/share:/home/point001/autoware.ai/install/autoware_build_flags/share:${ROS_PACKAGE_PATH} /usr/bin/cmake --build /home/point001/autoware.ai/build/decision_maker -- -j24 -l24
[0.340s] [  0%] Built target rosgraph_msgs_generate_messages_py
[0.340s] [  0%] Built target actionlib_generate_messages_nodejs
[0.352s] [  0%] Built target roscpp_generate_messages_eus
[0.354s] [  0%] Built target actionlib_msgs_generate_messages_eus
[0.362s] [  0%] Built target visualization_msgs_generate_messages_cpp
[0.362s] [  0%] Built target jsk_rviz_plugins_generate_messages_eus
[0.363s] [  0%] Built target map_msgs_generate_messages_cpp
[0.372s] [  0%] Built target dynamic_reconfigure_generate_messages_eus
[0.373s] [  0%] Built target actionlib_msgs_generate_messages_cpp
[0.409s] [  0%] Built target nav_msgs_generate_messages_eus
[0.426s] [  0%] Built target tf2_msgs_generate_messages_nodejs
[0.426s] [  0%] Built target tf_generate_messages_cpp
[0.426s] [  0%] Built target actionlib_generate_messages_py
[0.426s] [  0%] Built target pcl_msgs_generate_messages_lisp
[0.427s] [  0%] Built target pcl_msgs_generate_messages_py
[0.471s] [  0%] Built target autoware_config_msgs_generate_messages_cpp
[0.471s] [  0%] Built target rosgraph_msgs_generate_messages_nodejs
[0.472s] [  0%] Built target autoware_config_msgs_generate_messages_lisp
[0.472s] [  0%] Built target jsk_recognition_msgs_generate_messages_nodejs
[0.472s] [  0%] Built target actionlib_generate_messages_lisp
[0.478s] [  0%] Built target roscpp_generate_messages_lisp
[0.482s] [  0%] Built target autoware_config_msgs_generate_messages_py
[0.487s] [  0%] Built target roscpp_generate_messages_py
[0.488s] [  0%] Built target tf_generate_messages_nodejs
[0.516s] [  0%] Built target tf2_msgs_generate_messages_py
[0.518s] [  0%] Built target jsk_footstep_msgs_generate_messages_cpp
[0.530s] [  0%] Built target jsk_footstep_msgs_generate_messages_lisp
[0.535s] [  0%] Built target autoware_config_msgs_generate_messages_nodejs
[0.549s] [  0%] Built target autoware_lanelet2_msgs_generate_messages_py
[0.560s] [  0%] Built target autoware_msgs_generate_messages_nodejs
[0.561s] [  0%] Built target tf_generate_messages_lisp
[0.567s] [  0%] Built target std_srvs_generate_messages_eus
[0.580s] [  0%] Built target actionlib_msgs_generate_messages_lisp
[0.581s] [  0%] Built target autoware_config_msgs_generate_messages_eus
[0.583s] [  0%] Built target tf_generate_messages_eus
[0.596s] [  0%] Built target visualization_msgs_generate_messages_lisp
[0.597s] [  0%] Built target actionlib_generate_messages_eus
[0.611s] [  0%] Built target geometry_msgs_generate_messages_cpp
[0.617s] [  0%] Built target std_msgs_generate_messages_lisp
[0.619s] [  0%] Built target autoware_msgs_generate_messages_eus
[0.626s] [  0%] Built target autoware_msgs_generate_messages_lisp
[0.627s] [  0%] Built target actionlib_msgs_generate_messages_py
[0.631s] [  0%] Built target tf2_msgs_generate_messages_eus
[0.635s] [  0%] Built target actionlib_msgs_generate_messages_nodejs
[0.637s] [  0%] Built target pcl_msgs_generate_messages_cpp
[0.646s] [  0%] Built target jsk_footstep_msgs_generate_messages_py
[0.654s] [  0%] Built target geometry_msgs_generate_messages_eus
[0.654s] [  0%] Built target roscpp_generate_messages_nodejs
[0.660s] [  0%] Built target sensor_msgs_generate_messages_py
[0.661s] [  0%] Built target nodelet_topic_tools_gencfg
[0.664s] [  0%] Built target sensor_msgs_generate_messages_lisp
[0.664s] [  0%] Built target nav_msgs_generate_messages_cpp
[0.680s] [  0%] Built target dynamic_reconfigure_generate_messages_cpp
[0.681s] [  0%] Built target autoware_lanelet2_msgs_generate_messages_nodejs
[0.698s] [  0%] Built target nav_msgs_generate_messages_lisp
[0.702s] [  0%] Built target pcl_msgs_generate_messages_nodejs
[0.703s] [  0%] Built target bond_generate_messages_nodejs
[0.703s] [  0%] Built target std_srvs_generate_messages_cpp
[0.707s] [  0%] Built target std_msgs_generate_messages_nodejs
[0.711s] [  0%] Built target sensor_msgs_generate_messages_eus
[0.718s] [  0%] Built target _catkin_empty_exported_target
[0.721s] [  0%] Built target geometry_msgs_generate_messages_nodejs
[0.723s] [  0%] Built target jsk_recognition_msgs_generate_messages_cpp
[0.723s] [  0%] Built target std_msgs_generate_messages_py
[0.734s] [  0%] Built target dynamic_reconfigure_gencfg
[0.735s] [  0%] Built target jsk_recognition_msgs_generate_messages_py
[0.740s] [  0%] Built target topic_tools_generate_messages_py
[0.746s] [  0%] Built target jsk_rviz_plugins_generate_messages_cpp
[0.749s] [  0%] Built target tf2_msgs_generate_messages_cpp
[0.766s] [  0%] Built target pcl_msgs_generate_messages_eus
[0.768s] [  0%] Built target rosgraph_msgs_generate_messages_eus
[0.775s] [  0%] Built target autoware_msgs_generate_messages_cpp
[0.781s] [  0%] Built target std_msgs_generate_messages_cpp
[0.781s] [  0%] Built target std_msgs_generate_messages_eus
[0.783s] [  0%] Built target jsk_hark_msgs_generate_messages_lisp
[0.784s] [  0%] Built target sensor_msgs_generate_messages_cpp
[0.794s] [  0%] Built target autoware_msgs_generate_messages_py
[0.798s] [  0%] Built target sensor_msgs_generate_messages_nodejs
[0.801s] [  0%] Built target dynamic_reconfigure_generate_messages_nodejs
[0.802s] [  0%] Built target std_srvs_generate_messages_lisp
[0.812s] [  0%] Built target jsk_recognition_msgs_generate_messages_lisp
[0.818s] [  0%] Built target nodelet_generate_messages_lisp
[0.823s] [  0%] Built target nav_msgs_generate_messages_py
[0.829s] [  0%] Built target jsk_recognition_msgs_generate_messages_eus
[0.829s] [  0%] Built target rosgraph_msgs_generate_messages_lisp
[0.838s] [  0%] Built target jsk_rviz_plugins_generate_messages_nodejs
[0.840s] [  0%] Built target geometry_msgs_generate_messages_py
[0.841s] [  0%] Built target jsk_rviz_plugins_gencfg
[0.841s] [  0%] Built target rviz_generate_messages_lisp
[0.843s] [  0%] Built target jsk_hark_msgs_generate_messages_eus
[0.847s] [  0%] Built target dynamic_reconfigure_generate_messages_py
[0.848s] [  0%] Built target jsk_rviz_plugins_generate_messages_lisp
[0.849s] [  0%] Built target actionlib_generate_messages_cpp
[0.851s] [  0%] Built target people_msgs_generate_messages_nodejs
[0.854s] [  0%] Built target jsk_footstep_msgs_generate_messages_eus
[0.857s] [  0%] Built target jsk_hark_msgs_generate_messages_py
[0.859s] [  0%] Built target jsk_recognition_utils_gencfg
[0.859s] [  0%] Built target map_msgs_generate_messages_py
[0.870s] [  0%] Built target jsk_hark_msgs_generate_messages_nodejs
[0.871s] [  0%] Built target jsk_rviz_plugins_generate_messages_py
[0.871s] [  0%] Built target jsk_hark_msgs_generate_messages_cpp
[0.876s] [  0%] Built target pcl_ros_gencfg
[0.878s] [  0%] Built target nodelet_generate_messages_eus
[0.881s] [  0%] Built target nodelet_generate_messages_cpp
[0.895s] [  0%] Built target bond_generate_messages_lisp
[0.898s] [  0%] Built target roscpp_generate_messages_cpp
[0.899s] [  0%] Built target nodelet_generate_messages_nodejs
[0.903s] [  0%] Built target jsk_footstep_msgs_generate_messages_nodejs
[0.903s] [  0%] Built target vector_map_msgs_generate_messages_nodejs
[0.905s] [  0%] Built target map_msgs_generate_messages_eus
[0.905s] [  0%] Built target nodelet_generate_messages_py
[0.911s] [  0%] Built target rviz_generate_messages_nodejs
[0.912s] [  0%] Built target std_srvs_generate_messages_py
[0.912s] [  0%] Built target std_srvs_generate_messages_nodejs
[0.913s] [  0%] Built target bond_generate_messages_py
[0.915s] [  0%] Built target topic_tools_generate_messages_nodejs
[0.920s] [  0%] Built target visualization_msgs_generate_messages_py
[0.920s] [  0%] Built target people_msgs_generate_messages_cpp
[0.926s] [  0%] Built target visualization_msgs_generate_messages_nodejs
[0.931s] [  0%] Built target topic_tools_generate_messages_eus
[0.931s] [  0%] Built target geometry_msgs_generate_messages_lisp
[0.931s] [  0%] Built target visualization_msgs_generate_messages_eus
[0.933s] [  0%] Built target people_msgs_generate_messages_lisp
[0.933s] [  0%] Built target topic_tools_generate_messages_cpp
[0.936s] [  0%] Built target bond_generate_messages_eus
[0.938s] [  0%] Built target tf_generate_messages_py
[0.945s] [  0%] Built target dynamic_reconfigure_generate_messages_lisp
[0.945s] [  0%] Built target autoware_lanelet2_msgs_generate_messages_eus
[0.945s] [  0%] Built target people_msgs_generate_messages_py
[0.946s] [  0%] Built target bond_generate_messages_cpp
[0.947s] [  0%] Built target people_msgs_generate_messages_eus
[0.947s] [  0%] Built target autoware_lanelet2_msgs_generate_messages_cpp
[0.950s] [  0%] Built target rosgraph_msgs_generate_messages_cpp
[0.951s] [  0%] Built target rviz_generate_messages_eus
[0.951s] [  0%] Built target rviz_generate_messages_py
[0.951s] [  0%] Built target map_msgs_generate_messages_lisp
[0.957s] [  0%] Built target rviz_generate_messages_cpp
[0.957s] [  0%] Built target map_msgs_generate_messages_nodejs
[0.957s] [  0%] Built target nav_msgs_generate_messages_nodejs
[0.957s] [  0%] Built target tf2_msgs_generate_messages_lisp
[0.960s] [  0%] Built target autoware_lanelet2_msgs_generate_messages_lisp
[0.960s] [  0%] Built target topic_tools_generate_messages_lisp
[0.962s] [  0%] Built target vector_map_msgs_generate_messages_cpp
[0.965s] [  0%] Built target vector_map_msgs_generate_messages_py
[0.966s] [  0%] Built target vector_map_msgs_generate_messages_lisp
[0.968s] [  0%] Built target vector_map_msgs_generate_messages_eus
[1.044s] [100%] Built target decision_maker_node
[1.068s] Invoked command in '/home/point001/autoware.ai/build/decision_maker' returned '0': CMAKE_PREFIX_PATH=/home/point001/autoware.ai/install/lanelet2_extension:/home/point001/autoware.ai/install/lanelet2_validation:/home/point001/autoware.ai/install/lanelet2_routing:/home/point001/autoware.ai/install/lanelet2_projection:/home/point001/autoware.ai/install/lanelet2_traffic_rules:/home/point001/autoware.ai/install/lanelet2_maps:/home/point001/autoware.ai/install/lanelet2_io:/home/point001/autoware.ai/install/vector_map:/home/point001/autoware.ai/install/state_machine_lib:/home/point001/autoware.ai/install/lanelet2_core:/home/point001/autoware.ai/install/amathutils_lib:/home/point001/autoware.ai/install/vector_map_msgs:/home/point001/autoware.ai/install/autoware_msgs:/home/point001/autoware.ai/install/autoware_lanelet2_msgs:/home/point001/autoware.ai/install/autoware_config_msgs:/home/point001/autoware.ai/install/autoware_build_flags:${CMAKE_PREFIX_PATH} LD_LIBRARY_PATH=/home/point001/autoware.ai/install/lanelet2_extension/lib:/home/point001/autoware.ai/install/lanelet2_validation/lib:/home/point001/autoware.ai/install/lanelet2_routing/lib:/home/point001/autoware.ai/install/lanelet2_projection/lib:/home/point001/autoware.ai/install/lanelet2_traffic_rules/lib:/home/point001/autoware.ai/install/lanelet2_io/lib:/home/point001/autoware.ai/install/vector_map/lib:/home/point001/autoware.ai/install/state_machine_lib/lib:/home/point001/autoware.ai/install/lanelet2_core/lib:/home/point001/autoware.ai/install/amathutils_lib/lib:/opt/ros/melodic/lib:/usr/local/cuda-10.0/lib64 PKG_CONFIG_PATH=/home/point001/autoware.ai/install/lanelet2_extension/lib/x86_64-linux-gnu/pkgconfig:/home/point001/autoware.ai/install/lanelet2_extension/lib/pkgconfig:/home/point001/autoware.ai/install/lanelet2_validation/lib/x86_64-linux-gnu/pkgconfig:/home/point001/autoware.ai/install/lanelet2_validation/lib/pkgconfig:/home/point001/autoware.ai/install/lanelet2_routing/lib/x86_64-linux-gnu/pkgconfig:/home/point001/autoware.ai/install/lanelet2_routing/lib/pkgconfig:/home/point001/autoware.ai/install/lanelet2_projection/lib/x86_64-linux-gnu/pkgconfig:/home/point001/autoware.ai/install/lanelet2_projection/lib/pkgconfig:/home/point001/autoware.ai/install/lanelet2_traffic_rules/lib/x86_64-linux-gnu/pkgconfig:/home/point001/autoware.ai/install/lanelet2_traffic_rules/lib/pkgconfig:/home/point001/autoware.ai/install/lanelet2_maps/lib/x86_64-linux-gnu/pkgconfig:/home/point001/autoware.ai/install/lanelet2_maps/lib/pkgconfig:/home/point001/autoware.ai/install/lanelet2_io/lib/x86_64-linux-gnu/pkgconfig:/home/point001/autoware.ai/install/lanelet2_io/lib/pkgconfig:/home/point001/autoware.ai/install/vector_map/lib/x86_64-linux-gnu/pkgconfig:/home/point001/autoware.ai/install/vector_map/lib/pkgconfig:/home/point001/autoware.ai/install/state_machine_lib/lib/x86_64-linux-gnu/pkgconfig:/home/point001/autoware.ai/install/state_machine_lib/lib/pkgconfig:/home/point001/autoware.ai/install/lanelet2_core/lib/x86_64-linux-gnu/pkgconfig:/home/point001/autoware.ai/install/lanelet2_core/lib/pkgconfig:/home/point001/autoware.ai/install/amathutils_lib/lib/x86_64-linux-gnu/pkgconfig:/home/point001/autoware.ai/install/amathutils_lib/lib/pkgconfig:/home/point001/autoware.ai/install/vector_map_msgs/lib/x86_64-linux-gnu/pkgconfig:/home/point001/autoware.ai/install/vector_map_msgs/lib/pkgconfig:/home/point001/autoware.ai/install/autoware_msgs/lib/x86_64-linux-gnu/pkgconfig:/home/point001/autoware.ai/install/autoware_msgs/lib/pkgconfig:/home/point001/autoware.ai/install/autoware_lanelet2_msgs/lib/x86_64-linux-gnu/pkgconfig:/home/point001/autoware.ai/install/autoware_lanelet2_msgs/lib/pkgconfig:/home/point001/autoware.ai/install/autoware_config_msgs/lib/x86_64-linux-gnu/pkgconfig:/home/point001/autoware.ai/install/autoware_config_msgs/lib/pkgconfig:/home/point001/autoware.ai/install/autoware_build_flags/lib/x86_64-linux-gnu/pkgconfig:/home/point001/autoware.ai/install/autoware_build_flags/lib/pkgconfig:${PKG_CONFIG_PATH} PYTHONPATH=/home/point001/autoware.ai/install/vector_map_msgs/lib/python2.7/dist-packages:/home/point001/autoware.ai/install/autoware_msgs/lib/python2.7/dist-packages:/home/point001/autoware.ai/install/autoware_lanelet2_msgs/lib/python2.7/dist-packages:/home/point001/autoware.ai/install/autoware_config_msgs/lib/python2.7/dist-packages:${PYTHONPATH} ROS_PACKAGE_PATH=/home/point001/autoware.ai/install/lanelet2_extension/share:/home/point001/autoware.ai/install/lanelet2_validation/share:/home/point001/autoware.ai/install/lanelet2_routing/share:/home/point001/autoware.ai/install/lanelet2_projection/share:/home/point001/autoware.ai/install/lanelet2_traffic_rules/share:/home/point001/autoware.ai/install/lanelet2_maps/share:/home/point001/autoware.ai/install/lanelet2_io/share:/home/point001/autoware.ai/install/vector_map/share:/home/point001/autoware.ai/install/state_machine_lib/share:/home/point001/autoware.ai/install/lanelet2_core/share:/home/point001/autoware.ai/install/amathutils_lib/share:/home/point001/autoware.ai/install/vector_map_msgs/share:/home/point001/autoware.ai/install/autoware_msgs/share:/home/point001/autoware.ai/install/autoware_lanelet2_msgs/share:/home/point001/autoware.ai/install/autoware_config_msgs/share:/home/point001/autoware.ai/install/autoware_build_flags/share:${ROS_PACKAGE_PATH} /usr/bin/cmake --build /home/point001/autoware.ai/build/decision_maker -- -j24 -l24
[1.208s] Invoking command in '/home/point001/autoware.ai/build/decision_maker': CMAKE_PREFIX_PATH=/home/point001/autoware.ai/install/lanelet2_extension:/home/point001/autoware.ai/install/lanelet2_validation:/home/point001/autoware.ai/install/lanelet2_routing:/home/point001/autoware.ai/install/lanelet2_projection:/home/point001/autoware.ai/install/lanelet2_traffic_rules:/home/point001/autoware.ai/install/lanelet2_maps:/home/point001/autoware.ai/install/lanelet2_io:/home/point001/autoware.ai/install/vector_map:/home/point001/autoware.ai/install/state_machine_lib:/home/point001/autoware.ai/install/lanelet2_core:/home/point001/autoware.ai/install/amathutils_lib:/home/point001/autoware.ai/install/vector_map_msgs:/home/point001/autoware.ai/install/autoware_msgs:/home/point001/autoware.ai/install/autoware_lanelet2_msgs:/home/point001/autoware.ai/install/autoware_config_msgs:/home/point001/autoware.ai/install/autoware_build_flags:${CMAKE_PREFIX_PATH} LD_LIBRARY_PATH=/home/point001/autoware.ai/install/lanelet2_extension/lib:/home/point001/autoware.ai/install/lanelet2_validation/lib:/home/point001/autoware.ai/install/lanelet2_routing/lib:/home/point001/autoware.ai/install/lanelet2_projection/lib:/home/point001/autoware.ai/install/lanelet2_traffic_rules/lib:/home/point001/autoware.ai/install/lanelet2_io/lib:/home/point001/autoware.ai/install/vector_map/lib:/home/point001/autoware.ai/install/state_machine_lib/lib:/home/point001/autoware.ai/install/lanelet2_core/lib:/home/point001/autoware.ai/install/amathutils_lib/lib:/opt/ros/melodic/lib:/usr/local/cuda-10.0/lib64 PKG_CONFIG_PATH=/home/point001/autoware.ai/install/lanelet2_extension/lib/x86_64-linux-gnu/pkgconfig:/home/point001/autoware.ai/install/lanelet2_extension/lib/pkgconfig:/home/point001/autoware.ai/install/lanelet2_validation/lib/x86_64-linux-gnu/pkgconfig:/home/point001/autoware.ai/install/lanelet2_validation/lib/pkgconfig:/home/point001/autoware.ai/install/lanelet2_routing/lib/x86_64-linux-gnu/pkgconfig:/home/point001/autoware.ai/install/lanelet2_routing/lib/pkgconfig:/home/point001/autoware.ai/install/lanelet2_projection/lib/x86_64-linux-gnu/pkgconfig:/home/point001/autoware.ai/install/lanelet2_projection/lib/pkgconfig:/home/point001/autoware.ai/install/lanelet2_traffic_rules/lib/x86_64-linux-gnu/pkgconfig:/home/point001/autoware.ai/install/lanelet2_traffic_rules/lib/pkgconfig:/home/point001/autoware.ai/install/lanelet2_maps/lib/x86_64-linux-gnu/pkgconfig:/home/point001/autoware.ai/install/lanelet2_maps/lib/pkgconfig:/home/point001/autoware.ai/install/lanelet2_io/lib/x86_64-linux-gnu/pkgconfig:/home/point001/autoware.ai/install/lanelet2_io/lib/pkgconfig:/home/point001/autoware.ai/install/vector_map/lib/x86_64-linux-gnu/pkgconfig:/home/point001/autoware.ai/install/vector_map/lib/pkgconfig:/home/point001/autoware.ai/install/state_machine_lib/lib/x86_64-linux-gnu/pkgconfig:/home/point001/autoware.ai/install/state_machine_lib/lib/pkgconfig:/home/point001/autoware.ai/install/lanelet2_core/lib/x86_64-linux-gnu/pkgconfig:/home/point001/autoware.ai/install/lanelet2_core/lib/pkgconfig:/home/point001/autoware.ai/install/amathutils_lib/lib/x86_64-linux-gnu/pkgconfig:/home/point001/autoware.ai/install/amathutils_lib/lib/pkgconfig:/home/point001/autoware.ai/install/vector_map_msgs/lib/x86_64-linux-gnu/pkgconfig:/home/point001/autoware.ai/install/vector_map_msgs/lib/pkgconfig:/home/point001/autoware.ai/install/autoware_msgs/lib/x86_64-linux-gnu/pkgconfig:/home/point001/autoware.ai/install/autoware_msgs/lib/pkgconfig:/home/point001/autoware.ai/install/autoware_lanelet2_msgs/lib/x86_64-linux-gnu/pkgconfig:/home/point001/autoware.ai/install/autoware_lanelet2_msgs/lib/pkgconfig:/home/point001/autoware.ai/install/autoware_config_msgs/lib/x86_64-linux-gnu/pkgconfig:/home/point001/autoware.ai/install/autoware_config_msgs/lib/pkgconfig:/home/point001/autoware.ai/install/autoware_build_flags/lib/x86_64-linux-gnu/pkgconfig:/home/point001/autoware.ai/install/autoware_build_flags/lib/pkgconfig:${PKG_CONFIG_PATH} PYTHONPATH=/home/point001/autoware.ai/install/vector_map_msgs/lib/python2.7/dist-packages:/home/point001/autoware.ai/install/autoware_msgs/lib/python2.7/dist-packages:/home/point001/autoware.ai/install/autoware_lanelet2_msgs/lib/python2.7/dist-packages:/home/point001/autoware.ai/install/autoware_config_msgs/lib/python2.7/dist-packages:${PYTHONPATH} ROS_PACKAGE_PATH=/home/point001/autoware.ai/install/lanelet2_extension/share:/home/point001/autoware.ai/install/lanelet2_validation/share:/home/point001/autoware.ai/install/lanelet2_routing/share:/home/point001/autoware.ai/install/lanelet2_projection/share:/home/point001/autoware.ai/install/lanelet2_traffic_rules/share:/home/point001/autoware.ai/install/lanelet2_maps/share:/home/point001/autoware.ai/install/lanelet2_io/share:/home/point001/autoware.ai/install/vector_map/share:/home/point001/autoware.ai/install/state_machine_lib/share:/home/point001/autoware.ai/install/lanelet2_core/share:/home/point001/autoware.ai/install/amathutils_lib/share:/home/point001/autoware.ai/install/vector_map_msgs/share:/home/point001/autoware.ai/install/autoware_msgs/share:/home/point001/autoware.ai/install/autoware_lanelet2_msgs/share:/home/point001/autoware.ai/install/autoware_config_msgs/share:/home/point001/autoware.ai/install/autoware_build_flags/share:${ROS_PACKAGE_PATH} /usr/bin/cmake --build /home/point001/autoware.ai/build/decision_maker --target tests -- -j24 -l24
[1.325s] [  0%] Built target map_msgs_generate_messages_cpp
[1.325s] [  0%] Built target rosgraph_msgs_generate_messages_nodejs
[1.326s] [  0%] Built target roscpp_generate_messages_lisp
[1.328s] [  0%] Built target tf2_msgs_generate_messages_nodejs
[1.332s] [  0%] Built target jsk_recognition_msgs_generate_messages_nodejs
[1.332s] [  0%] Built target jsk_rviz_plugins_generate_messages_eus
[1.332s] [  0%] Built target roscpp_generate_messages_eus
[1.333s] [  0%] Built target autoware_config_msgs_generate_messages_py
[1.333s] [  0%] Built target actionlib_generate_messages_lisp
[1.335s] [  0%] Built target nav_msgs_generate_messages_eus
[1.336s] [  0%] Built target dynamic_reconfigure_generate_messages_eus
[1.337s] [  0%] Built target actionlib_msgs_generate_messages_eus
[1.341s] [  0%] Built target pcl_msgs_generate_messages_lisp
[1.343s] [  0%] Built target autoware_config_msgs_generate_messages_lisp
[1.348s] [  0%] Built target roscpp_generate_messages_py
[1.352s] [  0%] Built target actionlib_generate_messages_nodejs
[1.352s] [  0%] Built target tf2_msgs_generate_messages_py
[1.356s] [  0%] Built target pcl_msgs_generate_messages_py
[1.358s] [ 11%] Built target gtest
[1.362s] [ 11%] Built target tf_generate_messages_cpp
[1.368s] [ 11%] Built target rosgraph_msgs_generate_messages_py
[1.368s] [ 11%] Built target tf_generate_messages_eus
[1.375s] [ 11%] Built target autoware_config_msgs_generate_messages_cpp
[1.381s] [ 11%] Built target tf_generate_messages_nodejs
[1.384s] [ 11%] Built target actionlib_generate_messages_py
[1.388s] [ 11%] Built target visualization_msgs_generate_messages_cpp
[1.393s] [ 11%] Built target autoware_config_msgs_generate_messages_eus
[1.397s] [ 11%] Built target tf2_msgs_generate_messages_eus
[1.406s] [ 11%] Built target jsk_footstep_msgs_generate_messages_lisp
[1.406s] [ 11%] Built target autoware_config_msgs_generate_messages_nodejs
[1.410s] [ 11%] Built target tf_generate_messages_lisp
[1.416s] [ 11%] Built target autoware_msgs_generate_messages_lisp
[1.416s] [ 11%] Built target autoware_msgs_generate_messages_nodejs
[1.422s] [ 11%] Built target autoware_lanelet2_msgs_generate_messages_py
[1.429s] [ 11%] Built target actionlib_generate_messages_eus
[1.429s] [ 11%] Built target actionlib_msgs_generate_messages_nodejs
[1.431s] [ 11%] Built target std_srvs_generate_messages_eus
[1.431s] [ 11%] Built target jsk_footstep_msgs_generate_messages_cpp
[1.432s] [ 11%] Built target actionlib_msgs_generate_messages_py
[1.435s] [ 11%] Built target visualization_msgs_generate_messages_lisp
[1.436s] [ 11%] Built target autoware_msgs_generate_messages_eus
[1.443s] [ 11%] Built target actionlib_msgs_generate_messages_lisp
[1.449s] [ 11%] Built target jsk_recognition_msgs_generate_messages_cpp
[1.449s] [ 11%] Built target geometry_msgs_generate_messages_eus
[1.459s] [ 11%] Built target std_msgs_generate_messages_lisp
[1.464s] [ 11%] Built target dynamic_reconfigure_generate_messages_cpp
[1.467s] [ 11%] Built target geometry_msgs_generate_messages_cpp
[1.476s] [ 11%] Built target sensor_msgs_generate_messages_lisp
[1.478s] [ 11%] Built target pcl_msgs_generate_messages_cpp
[1.480s] [ 11%] Built target nav_msgs_generate_messages_cpp
[1.486s] [ 11%] Built target std_msgs_generate_messages_nodejs
[1.494s] [ 11%] Built target sensor_msgs_generate_messages_py
[1.496s] [ 11%] Built target nodelet_topic_tools_gencfg
[1.498s] [ 11%] Built target autoware_lanelet2_msgs_generate_messages_nodejs
[1.508s] [ 11%] Built target roscpp_generate_messages_nodejs
[1.509s] [ 11%] Built target autoware_msgs_generate_messages_cpp
[1.515s] [ 11%] Built target std_srvs_generate_messages_cpp
[1.516s] [ 11%] Built target nav_msgs_generate_messages_lisp
[1.521s] [ 11%] Built target dynamic_reconfigure_gencfg
[1.528s] [ 11%] Built target pcl_msgs_generate_messages_nodejs
[1.539s] [ 11%] Built target jsk_footstep_msgs_generate_messages_py
[1.543s] [ 11%] Built target jsk_recognition_msgs_generate_messages_py
[1.544s] [ 11%] Built target std_srvs_generate_messages_lisp
[1.547s] [ 11%] Built target topic_tools_generate_messages_py
[1.550s] [ 11%] Built target _catkin_empty_exported_target
[1.558s] [ 11%] Built target jsk_hark_msgs_generate_messages_lisp
[1.560s] [ 11%] Built target sensor_msgs_generate_messages_cpp
[1.561s] [ 11%] Built target jsk_rviz_plugins_generate_messages_cpp
[1.564s] [ 11%] Built target bond_generate_messages_nodejs
[1.565s] [ 11%] Built target std_msgs_generate_messages_eus
[1.570s] [ 11%] Built target sensor_msgs_generate_messages_eus
[1.571s] [ 11%] Built target std_msgs_generate_messages_py
[1.579s] [ 11%] Built target nodelet_generate_messages_lisp
[1.582s] [ 11%] Built target nav_msgs_generate_messages_py
[1.584s] [ 11%] Built target geometry_msgs_generate_messages_nodejs
[1.585s] [ 11%] Built target std_msgs_generate_messages_cpp
[1.586s] [ 11%] Built target autoware_msgs_generate_messages_py
[1.592s] [ 11%] Built target jsk_recognition_msgs_generate_messages_lisp
[1.606s] [ 11%] Built target geometry_msgs_generate_messages_py
[1.611s] [ 11%] Built target actionlib_generate_messages_cpp
[1.614s] [ 11%] Built target tf2_msgs_generate_messages_cpp
[1.615s] [ 11%] Built target dynamic_reconfigure_generate_messages_py
[1.616s] [ 11%] Built target pcl_msgs_generate_messages_eus
[1.617s] [ 11%] Built target rosgraph_msgs_generate_messages_lisp
[1.621s] [ 11%] Built target jsk_rviz_plugins_generate_messages_nodejs
[1.621s] [ 11%] Built target rviz_generate_messages_lisp
[1.621s] [ 11%] Built target jsk_recognition_msgs_generate_messages_eus
[1.621s] [ 11%] Built target rosgraph_msgs_generate_messages_eus
[1.621s] [ 11%] Built target people_msgs_generate_messages_nodejs
[1.626s] [ 11%] Built target dynamic_reconfigure_generate_messages_nodejs
[1.630s] [ 11%] Built target jsk_rviz_plugins_generate_messages_lisp
[1.631s] [ 11%] Built target rviz_generate_messages_nodejs
[1.631s] [ 11%] Built target jsk_hark_msgs_generate_messages_cpp
[1.632s] [ 11%] Built target jsk_hark_msgs_generate_messages_py
[1.634s] [ 11%] Built target jsk_footstep_msgs_generate_messages_eus
[1.635s] [ 11%] Built target jsk_hark_msgs_generate_messages_nodejs
[1.640s] [ 11%] Built target sensor_msgs_generate_messages_nodejs
[1.652s] [ 11%] Built target jsk_recognition_utils_gencfg
[1.653s] [ 11%] Built target jsk_rviz_plugins_generate_messages_py
[1.658s] [ 11%] Built target bond_generate_messages_cpp
[1.658s] [ 11%] Built target pcl_ros_gencfg
[1.658s] [ 11%] Built target nodelet_generate_messages_eus
[1.665s] [ 11%] Built target map_msgs_generate_messages_eus
[1.665s] [ 11%] Built target jsk_rviz_plugins_gencfg
[1.669s] [ 11%] Built target bond_generate_messages_py
[1.674s] [ 11%] Built target jsk_hark_msgs_generate_messages_eus
[1.674s] [ 11%] Built target nodelet_generate_messages_py
[1.674s] [ 11%] Built target map_msgs_generate_messages_py
[1.680s] [ 11%] Built target jsk_footstep_msgs_generate_messages_nodejs
[1.680s] [ 11%] Built target geometry_msgs_generate_messages_lisp
[1.680s] [ 11%] Built target nodelet_generate_messages_nodejs
[1.680s] [ 11%] Built target bond_generate_messages_eus
[1.684s] [ 11%] Built target topic_tools_generate_messages_cpp
[1.684s] [ 11%] Built target nodelet_generate_messages_cpp
[1.686s] [ 11%] Built target roscpp_generate_messages_cpp
[1.687s] [ 11%] Built target visualization_msgs_generate_messages_py
[1.687s] [ 11%] Built target bond_generate_messages_lisp
[1.694s] [ 11%] Built target topic_tools_generate_messages_eus
[1.694s] [ 11%] Built target std_srvs_generate_messages_py
[1.695s] [ 11%] Built target tf_generate_messages_py
[1.698s] [ 11%] Built target std_srvs_generate_messages_nodejs
[1.703s] [ 11%] Built target people_msgs_generate_messages_cpp
[1.708s] [ 11%] Built target vector_map_msgs_generate_messages_nodejs
[1.708s] [ 11%] Built target dynamic_reconfigure_generate_messages_lisp
[1.709s] [ 11%] Built target topic_tools_generate_messages_nodejs
[1.717s] [ 11%] Built target map_msgs_generate_messages_lisp
[1.720s] [ 11%] Built target people_msgs_generate_messages_py
[1.722s] [ 11%] Built target people_msgs_generate_messages_lisp
[1.722s] [ 11%] Built target rviz_generate_messages_eus
[1.723s] [ 11%] Built target people_msgs_generate_messages_eus
[1.723s] [ 11%] Built target autoware_lanelet2_msgs_generate_messages_cpp
[1.728s] [ 11%] Built target autoware_lanelet2_msgs_generate_messages_eus
[1.728s] [ 11%] Built target tf2_msgs_generate_messages_lisp
[1.728s] [ 11%] Built target visualization_msgs_generate_messages_nodejs
[1.728s] [ 11%] Built target vector_map_msgs_generate_messages_cpp
[1.729s] [ 11%] Built target rviz_generate_messages_cpp
[1.731s] [ 11%] Built target autoware_lanelet2_msgs_generate_messages_lisp
[1.733s] [ 11%] Built target rosgraph_msgs_generate_messages_cpp
[1.733s] [ 11%] Built target visualization_msgs_generate_messages_eus
[1.733s] [ 11%] Built target vector_map_msgs_generate_messages_lisp
[1.733s] [ 11%] Built target map_msgs_generate_messages_nodejs
[1.735s] [ 11%] Built target nav_msgs_generate_messages_nodejs
[1.735s] [ 11%] Built target actionlib_msgs_generate_messages_cpp
[1.735s] [ 11%] Built target vector_map_msgs_generate_messages_py
[1.735s] [ 11%] Built target rviz_generate_messages_py
[1.735s] [ 11%] Built target vector_map_msgs_generate_messages_eus
[1.740s] [ 11%] Built target topic_tools_generate_messages_lisp
[1.852s] [100%] Built target test-decision_maker
[1.932s] [100%] Built target tests
[1.955s] Invoked command in '/home/point001/autoware.ai/build/decision_maker' returned '0': CMAKE_PREFIX_PATH=/home/point001/autoware.ai/install/lanelet2_extension:/home/point001/autoware.ai/install/lanelet2_validation:/home/point001/autoware.ai/install/lanelet2_routing:/home/point001/autoware.ai/install/lanelet2_projection:/home/point001/autoware.ai/install/lanelet2_traffic_rules:/home/point001/autoware.ai/install/lanelet2_maps:/home/point001/autoware.ai/install/lanelet2_io:/home/point001/autoware.ai/install/vector_map:/home/point001/autoware.ai/install/state_machine_lib:/home/point001/autoware.ai/install/lanelet2_core:/home/point001/autoware.ai/install/amathutils_lib:/home/point001/autoware.ai/install/vector_map_msgs:/home/point001/autoware.ai/install/autoware_msgs:/home/point001/autoware.ai/install/autoware_lanelet2_msgs:/home/point001/autoware.ai/install/autoware_config_msgs:/home/point001/autoware.ai/install/autoware_build_flags:${CMAKE_PREFIX_PATH} LD_LIBRARY_PATH=/home/point001/autoware.ai/install/lanelet2_extension/lib:/home/point001/autoware.ai/install/lanelet2_validation/lib:/home/point001/autoware.ai/install/lanelet2_routing/lib:/home/point001/autoware.ai/install/lanelet2_projection/lib:/home/point001/autoware.ai/install/lanelet2_traffic_rules/lib:/home/point001/autoware.ai/install/lanelet2_io/lib:/home/point001/autoware.ai/install/vector_map/lib:/home/point001/autoware.ai/install/state_machine_lib/lib:/home/point001/autoware.ai/install/lanelet2_core/lib:/home/point001/autoware.ai/install/amathutils_lib/lib:/opt/ros/melodic/lib:/usr/local/cuda-10.0/lib64 PKG_CONFIG_PATH=/home/point001/autoware.ai/install/lanelet2_extension/lib/x86_64-linux-gnu/pkgconfig:/home/point001/autoware.ai/install/lanelet2_extension/lib/pkgconfig:/home/point001/autoware.ai/install/lanelet2_validation/lib/x86_64-linux-gnu/pkgconfig:/home/point001/autoware.ai/install/lanelet2_validation/lib/pkgconfig:/home/point001/autoware.ai/install/lanelet2_routing/lib/x86_64-linux-gnu/pkgconfig:/home/point001/autoware.ai/install/lanelet2_routing/lib/pkgconfig:/home/point001/autoware.ai/install/lanelet2_projection/lib/x86_64-linux-gnu/pkgconfig:/home/point001/autoware.ai/install/lanelet2_projection/lib/pkgconfig:/home/point001/autoware.ai/install/lanelet2_traffic_rules/lib/x86_64-linux-gnu/pkgconfig:/home/point001/autoware.ai/install/lanelet2_traffic_rules/lib/pkgconfig:/home/point001/autoware.ai/install/lanelet2_maps/lib/x86_64-linux-gnu/pkgconfig:/home/point001/autoware.ai/install/lanelet2_maps/lib/pkgconfig:/home/point001/autoware.ai/install/lanelet2_io/lib/x86_64-linux-gnu/pkgconfig:/home/point001/autoware.ai/install/lanelet2_io/lib/pkgconfig:/home/point001/autoware.ai/install/vector_map/lib/x86_64-linux-gnu/pkgconfig:/home/point001/autoware.ai/install/vector_map/lib/pkgconfig:/home/point001/autoware.ai/install/state_machine_lib/lib/x86_64-linux-gnu/pkgconfig:/home/point001/autoware.ai/install/state_machine_lib/lib/pkgconfig:/home/point001/autoware.ai/install/lanelet2_core/lib/x86_64-linux-gnu/pkgconfig:/home/point001/autoware.ai/install/lanelet2_core/lib/pkgconfig:/home/point001/autoware.ai/install/amathutils_lib/lib/x86_64-linux-gnu/pkgconfig:/home/point001/autoware.ai/install/amathutils_lib/lib/pkgconfig:/home/point001/autoware.ai/install/vector_map_msgs/lib/x86_64-linux-gnu/pkgconfig:/home/point001/autoware.ai/install/vector_map_msgs/lib/pkgconfig:/home/point001/autoware.ai/install/autoware_msgs/lib/x86_64-linux-gnu/pkgconfig:/home/point001/autoware.ai/install/autoware_msgs/lib/pkgconfig:/home/point001/autoware.ai/install/autoware_lanelet2_msgs/lib/x86_64-linux-gnu/pkgconfig:/home/point001/autoware.ai/install/autoware_lanelet2_msgs/lib/pkgconfig:/home/point001/autoware.ai/install/autoware_config_msgs/lib/x86_64-linux-gnu/pkgconfig:/home/point001/autoware.ai/install/autoware_config_msgs/lib/pkgconfig:/home/point001/autoware.ai/install/autoware_build_flags/lib/x86_64-linux-gnu/pkgconfig:/home/point001/autoware.ai/install/autoware_build_flags/lib/pkgconfig:${PKG_CONFIG_PATH} PYTHONPATH=/home/point001/autoware.ai/install/vector_map_msgs/lib/python2.7/dist-packages:/home/point001/autoware.ai/install/autoware_msgs/lib/python2.7/dist-packages:/home/point001/autoware.ai/install/autoware_lanelet2_msgs/lib/python2.7/dist-packages:/home/point001/autoware.ai/install/autoware_config_msgs/lib/python2.7/dist-packages:${PYTHONPATH} ROS_PACKAGE_PATH=/home/point001/autoware.ai/install/lanelet2_extension/share:/home/point001/autoware.ai/install/lanelet2_validation/share:/home/point001/autoware.ai/install/lanelet2_routing/share:/home/point001/autoware.ai/install/lanelet2_projection/share:/home/point001/autoware.ai/install/lanelet2_traffic_rules/share:/home/point001/autoware.ai/install/lanelet2_maps/share:/home/point001/autoware.ai/install/lanelet2_io/share:/home/point001/autoware.ai/install/vector_map/share:/home/point001/autoware.ai/install/state_machine_lib/share:/home/point001/autoware.ai/install/lanelet2_core/share:/home/point001/autoware.ai/install/amathutils_lib/share:/home/point001/autoware.ai/install/vector_map_msgs/share:/home/point001/autoware.ai/install/autoware_msgs/share:/home/point001/autoware.ai/install/autoware_lanelet2_msgs/share:/home/point001/autoware.ai/install/autoware_config_msgs/share:/home/point001/autoware.ai/install/autoware_build_flags/share:${ROS_PACKAGE_PATH} /usr/bin/cmake --build /home/point001/autoware.ai/build/decision_maker --target tests -- -j24 -l24
[2.290s] Invoking command in '/home/point001/autoware.ai/build/decision_maker': CMAKE_PREFIX_PATH=/home/point001/autoware.ai/install/lanelet2_extension:/home/point001/autoware.ai/install/lanelet2_validation:/home/point001/autoware.ai/install/lanelet2_routing:/home/point001/autoware.ai/install/lanelet2_projection:/home/point001/autoware.ai/install/lanelet2_traffic_rules:/home/point001/autoware.ai/install/lanelet2_maps:/home/point001/autoware.ai/install/lanelet2_io:/home/point001/autoware.ai/install/vector_map:/home/point001/autoware.ai/install/state_machine_lib:/home/point001/autoware.ai/install/lanelet2_core:/home/point001/autoware.ai/install/amathutils_lib:/home/point001/autoware.ai/install/vector_map_msgs:/home/point001/autoware.ai/install/autoware_msgs:/home/point001/autoware.ai/install/autoware_lanelet2_msgs:/home/point001/autoware.ai/install/autoware_config_msgs:/home/point001/autoware.ai/install/autoware_build_flags:${CMAKE_PREFIX_PATH} LD_LIBRARY_PATH=/home/point001/autoware.ai/install/lanelet2_extension/lib:/home/point001/autoware.ai/install/lanelet2_validation/lib:/home/point001/autoware.ai/install/lanelet2_routing/lib:/home/point001/autoware.ai/install/lanelet2_projection/lib:/home/point001/autoware.ai/install/lanelet2_traffic_rules/lib:/home/point001/autoware.ai/install/lanelet2_io/lib:/home/point001/autoware.ai/install/vector_map/lib:/home/point001/autoware.ai/install/state_machine_lib/lib:/home/point001/autoware.ai/install/lanelet2_core/lib:/home/point001/autoware.ai/install/amathutils_lib/lib:/opt/ros/melodic/lib:/usr/local/cuda-10.0/lib64 PKG_CONFIG_PATH=/home/point001/autoware.ai/install/lanelet2_extension/lib/x86_64-linux-gnu/pkgconfig:/home/point001/autoware.ai/install/lanelet2_extension/lib/pkgconfig:/home/point001/autoware.ai/install/lanelet2_validation/lib/x86_64-linux-gnu/pkgconfig:/home/point001/autoware.ai/install/lanelet2_validation/lib/pkgconfig:/home/point001/autoware.ai/install/lanelet2_routing/lib/x86_64-linux-gnu/pkgconfig:/home/point001/autoware.ai/install/lanelet2_routing/lib/pkgconfig:/home/point001/autoware.ai/install/lanelet2_projection/lib/x86_64-linux-gnu/pkgconfig:/home/point001/autoware.ai/install/lanelet2_projection/lib/pkgconfig:/home/point001/autoware.ai/install/lanelet2_traffic_rules/lib/x86_64-linux-gnu/pkgconfig:/home/point001/autoware.ai/install/lanelet2_traffic_rules/lib/pkgconfig:/home/point001/autoware.ai/install/lanelet2_maps/lib/x86_64-linux-gnu/pkgconfig:/home/point001/autoware.ai/install/lanelet2_maps/lib/pkgconfig:/home/point001/autoware.ai/install/lanelet2_io/lib/x86_64-linux-gnu/pkgconfig:/home/point001/autoware.ai/install/lanelet2_io/lib/pkgconfig:/home/point001/autoware.ai/install/vector_map/lib/x86_64-linux-gnu/pkgconfig:/home/point001/autoware.ai/install/vector_map/lib/pkgconfig:/home/point001/autoware.ai/install/state_machine_lib/lib/x86_64-linux-gnu/pkgconfig:/home/point001/autoware.ai/install/state_machine_lib/lib/pkgconfig:/home/point001/autoware.ai/install/lanelet2_core/lib/x86_64-linux-gnu/pkgconfig:/home/point001/autoware.ai/install/lanelet2_core/lib/pkgconfig:/home/point001/autoware.ai/install/amathutils_lib/lib/x86_64-linux-gnu/pkgconfig:/home/point001/autoware.ai/install/amathutils_lib/lib/pkgconfig:/home/point001/autoware.ai/install/vector_map_msgs/lib/x86_64-linux-gnu/pkgconfig:/home/point001/autoware.ai/install/vector_map_msgs/lib/pkgconfig:/home/point001/autoware.ai/install/autoware_msgs/lib/x86_64-linux-gnu/pkgconfig:/home/point001/autoware.ai/install/autoware_msgs/lib/pkgconfig:/home/point001/autoware.ai/install/autoware_lanelet2_msgs/lib/x86_64-linux-gnu/pkgconfig:/home/point001/autoware.ai/install/autoware_lanelet2_msgs/lib/pkgconfig:/home/point001/autoware.ai/install/autoware_config_msgs/lib/x86_64-linux-gnu/pkgconfig:/home/point001/autoware.ai/install/autoware_config_msgs/lib/pkgconfig:/home/point001/autoware.ai/install/autoware_build_flags/lib/x86_64-linux-gnu/pkgconfig:/home/point001/autoware.ai/install/autoware_build_flags/lib/pkgconfig:${PKG_CONFIG_PATH} PYTHONPATH=/home/point001/autoware.ai/install/vector_map_msgs/lib/python2.7/dist-packages:/home/point001/autoware.ai/install/autoware_msgs/lib/python2.7/dist-packages:/home/point001/autoware.ai/install/autoware_lanelet2_msgs/lib/python2.7/dist-packages:/home/point001/autoware.ai/install/autoware_config_msgs/lib/python2.7/dist-packages:${PYTHONPATH} ROS_PACKAGE_PATH=/home/point001/autoware.ai/install/lanelet2_extension/share:/home/point001/autoware.ai/install/lanelet2_validation/share:/home/point001/autoware.ai/install/lanelet2_routing/share:/home/point001/autoware.ai/install/lanelet2_projection/share:/home/point001/autoware.ai/install/lanelet2_traffic_rules/share:/home/point001/autoware.ai/install/lanelet2_maps/share:/home/point001/autoware.ai/install/lanelet2_io/share:/home/point001/autoware.ai/install/vector_map/share:/home/point001/autoware.ai/install/state_machine_lib/share:/home/point001/autoware.ai/install/lanelet2_core/share:/home/point001/autoware.ai/install/amathutils_lib/share:/home/point001/autoware.ai/install/vector_map_msgs/share:/home/point001/autoware.ai/install/autoware_msgs/share:/home/point001/autoware.ai/install/autoware_lanelet2_msgs/share:/home/point001/autoware.ai/install/autoware_config_msgs/share:/home/point001/autoware.ai/install/autoware_build_flags/share:${ROS_PACKAGE_PATH} /usr/bin/cmake --build /home/point001/autoware.ai/build/decision_maker --target install -- -j24 -l24
[2.378s] [  0%] Built target autoware_config_msgs_generate_messages_py
[2.379s] [  0%] Built target map_msgs_generate_messages_cpp
[2.385s] [  0%] Built target actionlib_generate_messages_lisp
[2.385s] [  0%] Built target nav_msgs_generate_messages_eus
[2.385s] [  0%] Built target tf2_msgs_generate_messages_nodejs
[2.386s] [  0%] Built target jsk_recognition_msgs_generate_messages_nodejs
[2.387s] [  0%] Built target actionlib_msgs_generate_messages_cpp
[2.387s] [  0%] Built target pcl_msgs_generate_messages_py
[2.391s] [  0%] Built target tf_generate_messages_cpp
[2.392s] [  0%] Built target roscpp_generate_messages_lisp
[2.392s] [  0%] Built target rosgraph_msgs_generate_messages_py
[2.394s] [  0%] Built target tf2_msgs_generate_messages_py
[2.395s] [  0%] Built target dynamic_reconfigure_generate_messages_eus
[2.395s] [  0%] Built target roscpp_generate_messages_py
[2.396s] [  0%] Built target rosgraph_msgs_generate_messages_nodejs
[2.396s] [  0%] Built target actionlib_generate_messages_py
[2.397s] [  0%] Built target autoware_config_msgs_generate_messages_cpp
[2.397s] [  0%] Built target actionlib_generate_messages_nodejs
[2.398s] [  0%] Built target autoware_config_msgs_generate_messages_lisp
[2.398s] [  0%] Built target jsk_rviz_plugins_generate_messages_eus
[2.399s] [  0%] Built target visualization_msgs_generate_messages_cpp
[2.401s] [  0%] Built target actionlib_msgs_generate_messages_eus
[2.401s] [  0%] Built target roscpp_generate_messages_eus
[2.417s] [  0%] Built target autoware_lanelet2_msgs_generate_messages_py
[2.440s] [  0%] Built target pcl_msgs_generate_messages_lisp
[2.441s] [  0%] Built target jsk_footstep_msgs_generate_messages_lisp
[2.453s] [  0%] Built target tf_generate_messages_nodejs
[2.457s] [  0%] Built target std_srvs_generate_messages_eus
[2.459s] [  0%] Built target autoware_msgs_generate_messages_nodejs
[2.464s] [  0%] Built target actionlib_msgs_generate_messages_py
[2.465s] [  0%] Built target jsk_footstep_msgs_generate_messages_cpp
[2.474s] [  0%] Built target autoware_config_msgs_generate_messages_eus
[2.479s] [  0%] Built target tf_generate_messages_lisp
[2.480s] [  0%] Built target actionlib_generate_messages_eus
[2.481s] [  0%] Built target actionlib_msgs_generate_messages_lisp
[2.483s] [  0%] Built target geometry_msgs_generate_messages_eus
[2.488s] [  0%] Built target actionlib_msgs_generate_messages_nodejs
[2.509s] [  0%] Built target autoware_config_msgs_generate_messages_nodejs
[2.511s] [  0%] Built target tf_generate_messages_eus
[2.521s] [  0%] Built target geometry_msgs_generate_messages_cpp
[2.523s] [  0%] Built target autoware_msgs_generate_messages_lisp
[2.525s] [  0%] Built target jsk_recognition_msgs_generate_messages_cpp
[2.528s] [  0%] Built target roscpp_generate_messages_nodejs
[2.528s] [  0%] Built target std_msgs_generate_messages_lisp
[2.530s] [  0%] Built target topic_tools_generate_messages_py
[2.534s] [  0%] Built target autoware_msgs_generate_messages_cpp
[2.534s] [  0%] Built target dynamic_reconfigure_generate_messages_cpp
[2.536s] [  0%] Built target sensor_msgs_generate_messages_lisp
[2.538s] [  0%] Built target autoware_lanelet2_msgs_generate_messages_nodejs
[2.547s] [  0%] Built target bond_generate_messages_nodejs
[2.552s] [  0%] Built target jsk_recognition_msgs_generate_messages_py
[2.557s] [  0%] Built target nodelet_topic_tools_gencfg
[2.560s] [  0%] Built target pcl_msgs_generate_messages_nodejs
[2.561s] [  0%] Built target visualization_msgs_generate_messages_lisp
[2.562s] [  0%] Built target autoware_msgs_generate_messages_eus
[2.571s] [  0%] Built target pcl_msgs_generate_messages_cpp
[2.579s] [  0%] Built target jsk_footstep_msgs_generate_messages_py
[2.583s] [  0%] Built target sensor_msgs_generate_messages_cpp
[2.584s] [  0%] Built target tf2_msgs_generate_messages_eus
[2.584s] [  0%] Built target nav_msgs_generate_messages_cpp
[2.600s] [  0%] Built target std_srvs_generate_messages_cpp
[2.613s] [  0%] Built target std_msgs_generate_messages_cpp
[2.624s] [  0%] Built target std_msgs_generate_messages_py
[2.627s] [  0%] Built target jsk_rviz_plugins_generate_messages_cpp
[2.631s] [  0%] Built target autoware_msgs_generate_messages_py
[2.637s] [  0%] Built target sensor_msgs_generate_messages_py
[2.639s] [  0%] Built target nav_msgs_generate_messages_lisp
[2.654s] [  0%] Built target dynamic_reconfigure_gencfg
[2.654s] [  0%] Built target jsk_hark_msgs_generate_messages_lisp
[2.655s] [  0%] Built target rosgraph_msgs_generate_messages_eus
[2.655s] [  0%] Built target _catkin_empty_exported_target
[2.658s] [  0%] Built target tf2_msgs_generate_messages_cpp
[2.666s] [  0%] Built target std_msgs_generate_messages_eus
[2.669s] [  0%] Built target std_srvs_generate_messages_lisp
[2.670s] [  0%] Built target nav_msgs_generate_messages_py
[2.672s] [  0%] Built target nodelet_generate_messages_lisp
[2.677s] [  0%] Built target std_msgs_generate_messages_nodejs
[2.681s] [  0%] Built target actionlib_generate_messages_cpp
[2.691s] [  0%] Built target geometry_msgs_generate_messages_nodejs
[2.698s] [  0%] Built target jsk_recognition_msgs_generate_messages_lisp
[2.699s] [  0%] Built target sensor_msgs_generate_messages_eus
[2.721s] [  0%] Built target jsk_rviz_plugins_generate_messages_lisp
[2.728s] [  0%] Built target pcl_msgs_generate_messages_eus
[2.731s] [  0%] Built target sensor_msgs_generate_messages_nodejs
[2.732s] [  0%] Built target dynamic_reconfigure_generate_messages_nodejs
[2.733s] [  0%] Built target geometry_msgs_generate_messages_py
[2.754s] [  0%] Built target jsk_hark_msgs_generate_messages_py
[2.774s] [  0%] Built target jsk_recognition_msgs_generate_messages_eus
[2.780s] [  0%] Built target jsk_rviz_plugins_gencfg
[2.780s] [  0%] Built target jsk_recognition_utils_gencfg
[2.780s] [  0%] Built target rviz_generate_messages_lisp
[2.785s] [  0%] Built target jsk_footstep_msgs_generate_messages_eus
[2.790s] [  0%] Built target map_msgs_generate_messages_py
[2.790s] [  0%] Built target dynamic_reconfigure_generate_messages_py
[2.793s] [  0%] Built target jsk_footstep_msgs_generate_messages_nodejs
[2.802s] [  0%] Built target nodelet_generate_messages_nodejs
[2.812s] [  0%] Built target rosgraph_msgs_generate_messages_lisp
[2.813s] [  0%] Built target jsk_hark_msgs_generate_messages_cpp
[2.814s] [  0%] Built target rviz_generate_messages_nodejs
[2.819s] [  0%] Built target nodelet_generate_messages_cpp
[2.824s] [  0%] Built target map_msgs_generate_messages_eus
[2.830s] [  0%] Built target roscpp_generate_messages_cpp
[2.841s] [  0%] Built target people_msgs_generate_messages_nodejs
[2.844s] [  0%] Built target nodelet_generate_messages_eus
[2.846s] [  0%] Built target bond_generate_messages_cpp
[2.848s] [  0%] Built target bond_generate_messages_lisp
[2.852s] [  0%] Built target bond_generate_messages_py
[2.855s] [  0%] Built target nodelet_generate_messages_py
[2.857s] [  0%] Built target jsk_rviz_plugins_generate_messages_nodejs
[2.860s] [  0%] Built target jsk_hark_msgs_generate_messages_eus
[2.864s] [  0%] Built target jsk_hark_msgs_generate_messages_nodejs
[2.866s] [  0%] Built target jsk_rviz_plugins_generate_messages_py
[2.881s] [  0%] Built target topic_tools_generate_messages_cpp
[2.884s] [  0%] Built target std_srvs_generate_messages_py
[2.888s] [  0%] Built target visualization_msgs_generate_messages_eus
[2.889s] [  0%] Built target bond_generate_messages_eus
[2.891s] [  0%] Built target visualization_msgs_generate_messages_nodejs
[2.898s] [  0%] Built target pcl_ros_gencfg
[2.900s] [  0%] Built target std_srvs_generate_messages_nodejs
[2.904s] [  0%] Built target vector_map_msgs_generate_messages_nodejs
[2.910s] [  0%] Built target geometry_msgs_generate_messages_lisp
[2.911s] [  0%] Built target rviz_generate_messages_eus
[2.915s] [  0%] Built target tf2_msgs_generate_messages_lisp
[2.915s] [  0%] Built target tf_generate_messages_py
[2.920s] [  0%] Built target people_msgs_generate_messages_py
[2.925s] [  0%] Built target topic_tools_generate_messages_nodejs
[2.928s] [  0%] Built target people_msgs_generate_messages_cpp
[2.928s] [  0%] Built target people_msgs_generate_messages_lisp
[2.929s] [  0%] Built target topic_tools_generate_messages_eus
[2.929s] [  0%] Built target dynamic_reconfigure_generate_messages_lisp
[2.929s] [  0%] Built target visualization_msgs_generate_messages_py
[2.932s] [  0%] Built target autoware_lanelet2_msgs_generate_messages_eus
[2.933s] [  0%] Built target nav_msgs_generate_messages_nodejs
[2.934s] [  0%] Built target people_msgs_generate_messages_eus
[2.937s] [  0%] Built target autoware_lanelet2_msgs_generate_messages_lisp
[2.938s] [  0%] Built target map_msgs_generate_messages_lisp
[2.944s] [  0%] Built target rosgraph_msgs_generate_messages_cpp
[2.945s] [  0%] Built target rviz_generate_messages_cpp
[2.946s] [  0%] Built target map_msgs_generate_messages_nodejs
[2.947s] [  0%] Built target rviz_generate_messages_py
[2.954s] [  0%] Built target vector_map_msgs_generate_messages_cpp
[2.956s] [  0%] Built target vector_map_msgs_generate_messages_eus
[2.958s] [  0%] Built target vector_map_msgs_generate_messages_lisp
[2.959s] [  0%] Built target vector_map_msgs_generate_messages_py
[2.959s] [  0%] Built target topic_tools_generate_messages_lisp
[2.962s] [  0%] Built target autoware_lanelet2_msgs_generate_messages_cpp
[3.033s] [100%] Built target decision_maker_node
[3.053s] [36mInstall the project...[0m
[3.059s] -- Install configuration: "Release"
[3.059s] -- Up-to-date: /home/point001/autoware.ai/install/decision_maker/lib/pkgconfig/decision_maker.pc
[3.059s] -- Up-to-date: /home/point001/autoware.ai/install/decision_maker/share/decision_maker/cmake/decision_makerConfig.cmake
[3.059s] -- Up-to-date: /home/point001/autoware.ai/install/decision_maker/share/decision_maker/cmake/decision_makerConfig-version.cmake
[3.059s] -- Up-to-date: /home/point001/autoware.ai/install/decision_maker/share/decision_maker/package.xml
[3.059s] -- Up-to-date: /home/point001/autoware.ai/install/decision_maker/lib/decision_maker/decision_maker_node
[3.059s] -- Up-to-date: /home/point001/autoware.ai/install/decision_maker/share/decision_maker/launch
[3.060s] -- Up-to-date: /home/point001/autoware.ai/install/decision_maker/share/decision_maker/launch/decision_maker.launch
[3.060s] -- Up-to-date: /home/point001/autoware.ai/install/decision_maker/share/decision_maker/autoware_state_behavior.yaml
[3.060s] -- Up-to-date: /home/point001/autoware.ai/install/decision_maker/share/decision_maker/autoware_state_motion.yaml
[3.060s] -- Up-to-date: /home/point001/autoware.ai/install/decision_maker/share/decision_maker/autoware_state_mission.yaml
[3.060s] -- Up-to-date: /home/point001/autoware.ai/install/decision_maker/share/decision_maker/autoware_state_vehicle.yaml
[3.071s] Invoked command in '/home/point001/autoware.ai/build/decision_maker' returned '0': CMAKE_PREFIX_PATH=/home/point001/autoware.ai/install/lanelet2_extension:/home/point001/autoware.ai/install/lanelet2_validation:/home/point001/autoware.ai/install/lanelet2_routing:/home/point001/autoware.ai/install/lanelet2_projection:/home/point001/autoware.ai/install/lanelet2_traffic_rules:/home/point001/autoware.ai/install/lanelet2_maps:/home/point001/autoware.ai/install/lanelet2_io:/home/point001/autoware.ai/install/vector_map:/home/point001/autoware.ai/install/state_machine_lib:/home/point001/autoware.ai/install/lanelet2_core:/home/point001/autoware.ai/install/amathutils_lib:/home/point001/autoware.ai/install/vector_map_msgs:/home/point001/autoware.ai/install/autoware_msgs:/home/point001/autoware.ai/install/autoware_lanelet2_msgs:/home/point001/autoware.ai/install/autoware_config_msgs:/home/point001/autoware.ai/install/autoware_build_flags:${CMAKE_PREFIX_PATH} LD_LIBRARY_PATH=/home/point001/autoware.ai/install/lanelet2_extension/lib:/home/point001/autoware.ai/install/lanelet2_validation/lib:/home/point001/autoware.ai/install/lanelet2_routing/lib:/home/point001/autoware.ai/install/lanelet2_projection/lib:/home/point001/autoware.ai/install/lanelet2_traffic_rules/lib:/home/point001/autoware.ai/install/lanelet2_io/lib:/home/point001/autoware.ai/install/vector_map/lib:/home/point001/autoware.ai/install/state_machine_lib/lib:/home/point001/autoware.ai/install/lanelet2_core/lib:/home/point001/autoware.ai/install/amathutils_lib/lib:/opt/ros/melodic/lib:/usr/local/cuda-10.0/lib64 PKG_CONFIG_PATH=/home/point001/autoware.ai/install/lanelet2_extension/lib/x86_64-linux-gnu/pkgconfig:/home/point001/autoware.ai/install/lanelet2_extension/lib/pkgconfig:/home/point001/autoware.ai/install/lanelet2_validation/lib/x86_64-linux-gnu/pkgconfig:/home/point001/autoware.ai/install/lanelet2_validation/lib/pkgconfig:/home/point001/autoware.ai/install/lanelet2_routing/lib/x86_64-linux-gnu/pkgconfig:/home/point001/autoware.ai/install/lanelet2_routing/lib/pkgconfig:/home/point001/autoware.ai/install/lanelet2_projection/lib/x86_64-linux-gnu/pkgconfig:/home/point001/autoware.ai/install/lanelet2_projection/lib/pkgconfig:/home/point001/autoware.ai/install/lanelet2_traffic_rules/lib/x86_64-linux-gnu/pkgconfig:/home/point001/autoware.ai/install/lanelet2_traffic_rules/lib/pkgconfig:/home/point001/autoware.ai/install/lanelet2_maps/lib/x86_64-linux-gnu/pkgconfig:/home/point001/autoware.ai/install/lanelet2_maps/lib/pkgconfig:/home/point001/autoware.ai/install/lanelet2_io/lib/x86_64-linux-gnu/pkgconfig:/home/point001/autoware.ai/install/lanelet2_io/lib/pkgconfig:/home/point001/autoware.ai/install/vector_map/lib/x86_64-linux-gnu/pkgconfig:/home/point001/autoware.ai/install/vector_map/lib/pkgconfig:/home/point001/autoware.ai/install/state_machine_lib/lib/x86_64-linux-gnu/pkgconfig:/home/point001/autoware.ai/install/state_machine_lib/lib/pkgconfig:/home/point001/autoware.ai/install/lanelet2_core/lib/x86_64-linux-gnu/pkgconfig:/home/point001/autoware.ai/install/lanelet2_core/lib/pkgconfig:/home/point001/autoware.ai/install/amathutils_lib/lib/x86_64-linux-gnu/pkgconfig:/home/point001/autoware.ai/install/amathutils_lib/lib/pkgconfig:/home/point001/autoware.ai/install/vector_map_msgs/lib/x86_64-linux-gnu/pkgconfig:/home/point001/autoware.ai/install/vector_map_msgs/lib/pkgconfig:/home/point001/autoware.ai/install/autoware_msgs/lib/x86_64-linux-gnu/pkgconfig:/home/point001/autoware.ai/install/autoware_msgs/lib/pkgconfig:/home/point001/autoware.ai/install/autoware_lanelet2_msgs/lib/x86_64-linux-gnu/pkgconfig:/home/point001/autoware.ai/install/autoware_lanelet2_msgs/lib/pkgconfig:/home/point001/autoware.ai/install/autoware_config_msgs/lib/x86_64-linux-gnu/pkgconfig:/home/point001/autoware.ai/install/autoware_config_msgs/lib/pkgconfig:/home/point001/autoware.ai/install/autoware_build_flags/lib/x86_64-linux-gnu/pkgconfig:/home/point001/autoware.ai/install/autoware_build_flags/lib/pkgconfig:${PKG_CONFIG_PATH} PYTHONPATH=/home/point001/autoware.ai/install/vector_map_msgs/lib/python2.7/dist-packages:/home/point001/autoware.ai/install/autoware_msgs/lib/python2.7/dist-packages:/home/point001/autoware.ai/install/autoware_lanelet2_msgs/lib/python2.7/dist-packages:/home/point001/autoware.ai/install/autoware_config_msgs/lib/python2.7/dist-packages:${PYTHONPATH} ROS_PACKAGE_PATH=/home/point001/autoware.ai/install/lanelet2_extension/share:/home/point001/autoware.ai/install/lanelet2_validation/share:/home/point001/autoware.ai/install/lanelet2_routing/share:/home/point001/autoware.ai/install/lanelet2_projection/share:/home/point001/autoware.ai/install/lanelet2_traffic_rules/share:/home/point001/autoware.ai/install/lanelet2_maps/share:/home/point001/autoware.ai/install/lanelet2_io/share:/home/point001/autoware.ai/install/vector_map/share:/home/point001/autoware.ai/install/state_machine_lib/share:/home/point001/autoware.ai/install/lanelet2_core/share:/home/point001/autoware.ai/install/amathutils_lib/share:/home/point001/autoware.ai/install/vector_map_msgs/share:/home/point001/autoware.ai/install/autoware_msgs/share:/home/point001/autoware.ai/install/autoware_lanelet2_msgs/share:/home/point001/autoware.ai/install/autoware_config_msgs/share:/home/point001/autoware.ai/install/autoware_build_flags/share:${ROS_PACKAGE_PATH} /usr/bin/cmake --build /home/point001/autoware.ai/build/decision_maker --target install -- -j24 -l24
