[0.308s] Invoking command in '/home/point001/autoware.ai/build/points_preprocessor': CMAKE_PREFIX_PATH=/home/point001/autoware.ai/install/autoware_health_checker:/home/point001/autoware.ai/install/ros_observer:/home/point001/autoware.ai/install/autoware_system_msgs:/home/point001/autoware.ai/install/autoware_config_msgs:/home/point001/autoware.ai/install/autoware_build_flags:${CMAKE_PREFIX_PATH} CONDA_PROMPT_MODIFIER=(base) LD_LIBRARY_PATH=/home/point001/autoware.ai/install/autoware_health_checker/lib:/home/point001/autoware.ai/install/ros_observer/lib:/opt/ros/melodic/lib:/usr/local/cuda-10.0/lib64 PKG_CONFIG_PATH=/home/point001/autoware.ai/install/autoware_health_checker/lib/x86_64-linux-gnu/pkgconfig:/home/point001/autoware.ai/install/autoware_health_checker/lib/pkgconfig:/home/point001/autoware.ai/install/ros_observer/lib/x86_64-linux-gnu/pkgconfig:/home/point001/autoware.ai/install/ros_observer/lib/pkgconfig:/home/point001/autoware.ai/install/autoware_system_msgs/lib/x86_64-linux-gnu/pkgconfig:/home/point001/autoware.ai/install/autoware_system_msgs/lib/pkgconfig:/home/point001/autoware.ai/install/autoware_config_msgs/lib/x86_64-linux-gnu/pkgconfig:/home/point001/autoware.ai/install/autoware_config_msgs/lib/pkgconfig:/home/point001/autoware.ai/install/autoware_build_flags/lib/x86_64-linux-gnu/pkgconfig:/home/point001/autoware.ai/install/autoware_build_flags/lib/pkgconfig:${PKG_CONFIG_PATH} PYTHONPATH=/home/point001/autoware.ai/install/autoware_system_msgs/lib/python2.7/dist-packages:/home/point001/autoware.ai/install/autoware_config_msgs/lib/python2.7/dist-packages:${PYTHONPATH} ROS_PACKAGE_PATH=/home/point001/autoware.ai/install/autoware_health_checker/share:/home/point001/autoware.ai/install/ros_observer/share:/home/point001/autoware.ai/install/autoware_system_msgs/share:/home/point001/autoware.ai/install/autoware_config_msgs/share:/home/point001/autoware.ai/install/autoware_build_flags/share:${ROS_PACKAGE_PATH} /usr/bin/cmake --build /home/point001/autoware.ai/build/points_preprocessor -- -j24 -l24
[0.468s] [  0%] Built target geometry_msgs_generate_messages_eus
[0.474s] [  0%] Built target diagnostic_msgs_generate_messages_lisp
[0.475s] [  0%] Built target velodyne_msgs_generate_messages_lisp
[0.476s] [  0%] Built target geometry_msgs_generate_messages_py
[0.479s] [  0%] Built target actionlib_generate_messages_lisp
[0.490s] [  0%] Built target velodyne_msgs_generate_messages_cpp
[0.491s] [  0%] Built target velodyne_msgs_generate_messages_py
[0.493s] [  0%] Built target diagnostic_msgs_generate_messages_eus
[0.498s] [  0%] Built target diagnostic_msgs_generate_messages_nodejs
[0.498s] [  0%] Built target tf_generate_messages_nodejs
[0.498s] [  0%] Built target actionlib_generate_messages_cpp
[0.498s] [  0%] Built target tf2_msgs_generate_messages_cpp
[0.503s] [  0%] Built target velodyne_msgs_generate_messages_eus
[0.506s] [  0%] Built target velodyne_driver_gencfg
[0.512s] [  0%] Built target velodyne_pointcloud_gencfg
[0.512s] [  0%] Built target tf2_msgs_generate_messages_py
[0.513s] [  0%] Built target velodyne_msgs_generate_messages_nodejs
[0.523s] [  0%] Built target autoware_system_msgs_generate_messages_cpp
[0.524s] [  0%] Built target tf2_msgs_generate_messages_nodejs
[0.531s] [  0%] Built target tf2_msgs_generate_messages_eus
[0.531s] [  0%] Built target actionlib_generate_messages_py
[0.541s] [  0%] Built target actionlib_msgs_generate_messages_py
[0.541s] [  0%] Built target geometry_msgs_generate_messages_cpp
[0.542s] [  0%] Built target geometry_msgs_generate_messages_lisp
[0.547s] [  0%] Built target pcl_msgs_generate_messages_cpp
[0.569s] [  0%] Built target std_msgs_generate_messages_cpp
[0.582s] [  0%] Built target roscpp_generate_messages_cpp
[0.582s] [  0%] Built target sensor_msgs_generate_messages_lisp
[0.582s] [  0%] Built target rosgraph_msgs_generate_messages_eus
[0.583s] [  0%] Built target rosgraph_msgs_generate_messages_cpp
[0.583s] [  0%] Built target diagnostic_msgs_generate_messages_py
[0.584s] [  0%] Built target topic_tools_generate_messages_cpp
[0.587s] [  0%] Built target tf_generate_messages_py
[0.596s] [  0%] Built target dynamic_reconfigure_generate_messages_cpp
[0.596s] [  0%] Built target autoware_system_msgs_generate_messages_eus
[0.598s] [  0%] Built target rosgraph_msgs_generate_messages_lisp
[0.607s] [  0%] Built target actionlib_msgs_generate_messages_lisp
[0.613s] [  0%] Built target nodelet_generate_messages_py
[0.622s] [  0%] Built target actionlib_msgs_generate_messages_eus
[0.630s] [  0%] Built target dynamic_reconfigure_generate_messages_lisp
[0.630s] [  0%] Built target sensor_msgs_generate_messages_cpp
[0.630s] [  0%] Built target autoware_system_msgs_generate_messages_nodejs
[0.630s] [  0%] Built target autoware_config_msgs_generate_messages_eus
[0.631s] [  0%] Built target autoware_config_msgs_generate_messages_cpp
[0.636s] [  0%] Built target sensor_msgs_generate_messages_py
[0.636s] [  0%] Built target rosgraph_msgs_generate_messages_nodejs
[0.636s] [  0%] Built target roscpp_generate_messages_eus
[0.637s] [  0%] Built target roscpp_generate_messages_nodejs
[0.646s] [  0%] Built target rosgraph_msgs_generate_messages_py
[0.646s] [  0%] Built target std_msgs_generate_messages_eus
[0.646s] [  0%] Built target sensor_msgs_generate_messages_eus
[0.650s] [  0%] Built target geometry_msgs_generate_messages_nodejs
[0.651s] [  0%] Built target autoware_system_msgs_generate_messages_lisp
[0.651s] [  0%] Built target autoware_system_msgs_generate_messages_py
[0.651s] [  0%] Built target sensor_msgs_generate_messages_nodejs
[0.658s] [  0%] Built target autoware_config_msgs_generate_messages_lisp
[0.673s] [  0%] Built target topic_tools_generate_messages_eus
[0.674s] [  0%] Built target pcl_msgs_generate_messages_nodejs
[0.674s] [  0%] Built target nodelet_generate_messages_nodejs
[0.676s] [  0%] Built target bond_generate_messages_lisp
[0.677s] [  0%] Built target std_msgs_generate_messages_lisp
[0.678s] [  0%] Built target std_msgs_generate_messages_py
[0.678s] [  0%] Built target pcl_msgs_generate_messages_eus
[0.681s] [  0%] Built target diagnostic_msgs_generate_messages_cpp
[0.682s] [  0%] Built target std_msgs_generate_messages_nodejs
[0.682s] [  0%] Built target actionlib_generate_messages_eus
[0.684s] [  0%] Built target roscpp_generate_messages_lisp
[0.684s] [  0%] Built target dynamic_reconfigure_generate_messages_nodejs
[0.685s] [  0%] Built target roscpp_generate_messages_py
[0.685s] [  0%] Built target topic_tools_generate_messages_nodejs
[0.685s] [  0%] Built target std_srvs_generate_messages_eus
[0.686s] [  0%] Built target bond_generate_messages_eus
[0.690s] [  0%] Built target pcl_ros_gencfg
[0.690s] [  0%] Built target tf2_msgs_generate_messages_lisp
[0.690s] [  0%] Built target dynamic_reconfigure_generate_messages_py
[0.690s] [  0%] Built target nodelet_generate_messages_cpp
[0.690s] [  0%] Built target dynamic_reconfigure_generate_messages_eus
[0.692s] [  0%] Built target dynamic_reconfigure_gencfg
[0.695s] [  0%] Built target pcl_msgs_generate_messages_py
[0.707s] [  0%] Built target nodelet_generate_messages_eus
[0.707s] [  0%] Built target bond_generate_messages_py
[0.707s] [  0%] Built target std_srvs_generate_messages_nodejs
[0.712s] [  0%] Built target actionlib_msgs_generate_messages_cpp
[0.712s] [  0%] Built target nodelet_generate_messages_lisp
[0.713s] [  0%] Built target bond_generate_messages_cpp
[0.715s] [  0%] Built target autoware_config_msgs_generate_messages_py
[0.717s] [  0%] Built target pcl_msgs_generate_messages_lisp
[0.718s] [  0%] Built target std_srvs_generate_messages_cpp
[0.719s] [  0%] Built target topic_tools_generate_messages_py
[0.720s] [  0%] Built target tf_generate_messages_cpp
[0.720s] [  0%] Built target tf_generate_messages_eus
[0.721s] [  0%] Built target bond_generate_messages_nodejs
[0.721s] [  0%] Built target actionlib_msgs_generate_messages_nodejs
[0.731s] [  0%] Built target topic_tools_generate_messages_lisp
[0.731s] [  0%] Built target tf_generate_messages_lisp
[0.731s] [  0%] Built target autoware_config_msgs_generate_messages_nodejs
[0.732s] [  0%] Built target std_srvs_generate_messages_py
[0.734s] [  0%] Built target actionlib_generate_messages_nodejs
[0.736s] [  0%] Built target nodelet_topic_tools_gencfg
[0.736s] [  0%] Built target std_srvs_generate_messages_lisp
[0.773s] [ 14%] Built target space_filter
[0.773s] [ 28%] Built target ring_ground_filter
[0.773s] [ 42%] Built target cloud_transformer
[0.779s] [ 57%] Built target points_concat_filter
[0.781s] [ 71%] Built target ray_ground_filter_lib
[0.791s] [ 85%] Built target compare_map_filter
[0.868s] [100%] Built target ray_ground_filter
[1.184s] Invoked command in '/home/point001/autoware.ai/build/points_preprocessor' returned '0': CMAKE_PREFIX_PATH=/home/point001/autoware.ai/install/autoware_health_checker:/home/point001/autoware.ai/install/ros_observer:/home/point001/autoware.ai/install/autoware_system_msgs:/home/point001/autoware.ai/install/autoware_config_msgs:/home/point001/autoware.ai/install/autoware_build_flags:${CMAKE_PREFIX_PATH} CONDA_PROMPT_MODIFIER=(base) LD_LIBRARY_PATH=/home/point001/autoware.ai/install/autoware_health_checker/lib:/home/point001/autoware.ai/install/ros_observer/lib:/opt/ros/melodic/lib:/usr/local/cuda-10.0/lib64 PKG_CONFIG_PATH=/home/point001/autoware.ai/install/autoware_health_checker/lib/x86_64-linux-gnu/pkgconfig:/home/point001/autoware.ai/install/autoware_health_checker/lib/pkgconfig:/home/point001/autoware.ai/install/ros_observer/lib/x86_64-linux-gnu/pkgconfig:/home/point001/autoware.ai/install/ros_observer/lib/pkgconfig:/home/point001/autoware.ai/install/autoware_system_msgs/lib/x86_64-linux-gnu/pkgconfig:/home/point001/autoware.ai/install/autoware_system_msgs/lib/pkgconfig:/home/point001/autoware.ai/install/autoware_config_msgs/lib/x86_64-linux-gnu/pkgconfig:/home/point001/autoware.ai/install/autoware_config_msgs/lib/pkgconfig:/home/point001/autoware.ai/install/autoware_build_flags/lib/x86_64-linux-gnu/pkgconfig:/home/point001/autoware.ai/install/autoware_build_flags/lib/pkgconfig:${PKG_CONFIG_PATH} PYTHONPATH=/home/point001/autoware.ai/install/autoware_system_msgs/lib/python2.7/dist-packages:/home/point001/autoware.ai/install/autoware_config_msgs/lib/python2.7/dist-packages:${PYTHONPATH} ROS_PACKAGE_PATH=/home/point001/autoware.ai/install/autoware_health_checker/share:/home/point001/autoware.ai/install/ros_observer/share:/home/point001/autoware.ai/install/autoware_system_msgs/share:/home/point001/autoware.ai/install/autoware_config_msgs/share:/home/point001/autoware.ai/install/autoware_build_flags/share:${ROS_PACKAGE_PATH} /usr/bin/cmake --build /home/point001/autoware.ai/build/points_preprocessor -- -j24 -l24
[1.625s] Invoking command in '/home/point001/autoware.ai/build/points_preprocessor': CMAKE_PREFIX_PATH=/home/point001/autoware.ai/install/autoware_health_checker:/home/point001/autoware.ai/install/ros_observer:/home/point001/autoware.ai/install/autoware_system_msgs:/home/point001/autoware.ai/install/autoware_config_msgs:/home/point001/autoware.ai/install/autoware_build_flags:${CMAKE_PREFIX_PATH} CONDA_PROMPT_MODIFIER=(base) LD_LIBRARY_PATH=/home/point001/autoware.ai/install/autoware_health_checker/lib:/home/point001/autoware.ai/install/ros_observer/lib:/opt/ros/melodic/lib:/usr/local/cuda-10.0/lib64 PKG_CONFIG_PATH=/home/point001/autoware.ai/install/autoware_health_checker/lib/x86_64-linux-gnu/pkgconfig:/home/point001/autoware.ai/install/autoware_health_checker/lib/pkgconfig:/home/point001/autoware.ai/install/ros_observer/lib/x86_64-linux-gnu/pkgconfig:/home/point001/autoware.ai/install/ros_observer/lib/pkgconfig:/home/point001/autoware.ai/install/autoware_system_msgs/lib/x86_64-linux-gnu/pkgconfig:/home/point001/autoware.ai/install/autoware_system_msgs/lib/pkgconfig:/home/point001/autoware.ai/install/autoware_config_msgs/lib/x86_64-linux-gnu/pkgconfig:/home/point001/autoware.ai/install/autoware_config_msgs/lib/pkgconfig:/home/point001/autoware.ai/install/autoware_build_flags/lib/x86_64-linux-gnu/pkgconfig:/home/point001/autoware.ai/install/autoware_build_flags/lib/pkgconfig:${PKG_CONFIG_PATH} PYTHONPATH=/home/point001/autoware.ai/install/autoware_system_msgs/lib/python2.7/dist-packages:/home/point001/autoware.ai/install/autoware_config_msgs/lib/python2.7/dist-packages:${PYTHONPATH} ROS_PACKAGE_PATH=/home/point001/autoware.ai/install/autoware_health_checker/share:/home/point001/autoware.ai/install/ros_observer/share:/home/point001/autoware.ai/install/autoware_system_msgs/share:/home/point001/autoware.ai/install/autoware_config_msgs/share:/home/point001/autoware.ai/install/autoware_build_flags/share:${ROS_PACKAGE_PATH} /usr/bin/cmake --build /home/point001/autoware.ai/build/points_preprocessor --target tests -- -j24 -l24
[2.004s] Built target tests
[2.045s] Invoked command in '/home/point001/autoware.ai/build/points_preprocessor' returned '0': CMAKE_PREFIX_PATH=/home/point001/autoware.ai/install/autoware_health_checker:/home/point001/autoware.ai/install/ros_observer:/home/point001/autoware.ai/install/autoware_system_msgs:/home/point001/autoware.ai/install/autoware_config_msgs:/home/point001/autoware.ai/install/autoware_build_flags:${CMAKE_PREFIX_PATH} CONDA_PROMPT_MODIFIER=(base) LD_LIBRARY_PATH=/home/point001/autoware.ai/install/autoware_health_checker/lib:/home/point001/autoware.ai/install/ros_observer/lib:/opt/ros/melodic/lib:/usr/local/cuda-10.0/lib64 PKG_CONFIG_PATH=/home/point001/autoware.ai/install/autoware_health_checker/lib/x86_64-linux-gnu/pkgconfig:/home/point001/autoware.ai/install/autoware_health_checker/lib/pkgconfig:/home/point001/autoware.ai/install/ros_observer/lib/x86_64-linux-gnu/pkgconfig:/home/point001/autoware.ai/install/ros_observer/lib/pkgconfig:/home/point001/autoware.ai/install/autoware_system_msgs/lib/x86_64-linux-gnu/pkgconfig:/home/point001/autoware.ai/install/autoware_system_msgs/lib/pkgconfig:/home/point001/autoware.ai/install/autoware_config_msgs/lib/x86_64-linux-gnu/pkgconfig:/home/point001/autoware.ai/install/autoware_config_msgs/lib/pkgconfig:/home/point001/autoware.ai/install/autoware_build_flags/lib/x86_64-linux-gnu/pkgconfig:/home/point001/autoware.ai/install/autoware_build_flags/lib/pkgconfig:${PKG_CONFIG_PATH} PYTHONPATH=/home/point001/autoware.ai/install/autoware_system_msgs/lib/python2.7/dist-packages:/home/point001/autoware.ai/install/autoware_config_msgs/lib/python2.7/dist-packages:${PYTHONPATH} ROS_PACKAGE_PATH=/home/point001/autoware.ai/install/autoware_health_checker/share:/home/point001/autoware.ai/install/ros_observer/share:/home/point001/autoware.ai/install/autoware_system_msgs/share:/home/point001/autoware.ai/install/autoware_config_msgs/share:/home/point001/autoware.ai/install/autoware_build_flags/share:${ROS_PACKAGE_PATH} /usr/bin/cmake --build /home/point001/autoware.ai/build/points_preprocessor --target tests -- -j24 -l24
[2.574s] Invoking command in '/home/point001/autoware.ai/build/points_preprocessor': CMAKE_PREFIX_PATH=/home/point001/autoware.ai/install/autoware_health_checker:/home/point001/autoware.ai/install/ros_observer:/home/point001/autoware.ai/install/autoware_system_msgs:/home/point001/autoware.ai/install/autoware_config_msgs:/home/point001/autoware.ai/install/autoware_build_flags:${CMAKE_PREFIX_PATH} CONDA_PROMPT_MODIFIER=(base) LD_LIBRARY_PATH=/home/point001/autoware.ai/install/autoware_health_checker/lib:/home/point001/autoware.ai/install/ros_observer/lib:/opt/ros/melodic/lib:/usr/local/cuda-10.0/lib64 PKG_CONFIG_PATH=/home/point001/autoware.ai/install/autoware_health_checker/lib/x86_64-linux-gnu/pkgconfig:/home/point001/autoware.ai/install/autoware_health_checker/lib/pkgconfig:/home/point001/autoware.ai/install/ros_observer/lib/x86_64-linux-gnu/pkgconfig:/home/point001/autoware.ai/install/ros_observer/lib/pkgconfig:/home/point001/autoware.ai/install/autoware_system_msgs/lib/x86_64-linux-gnu/pkgconfig:/home/point001/autoware.ai/install/autoware_system_msgs/lib/pkgconfig:/home/point001/autoware.ai/install/autoware_config_msgs/lib/x86_64-linux-gnu/pkgconfig:/home/point001/autoware.ai/install/autoware_config_msgs/lib/pkgconfig:/home/point001/autoware.ai/install/autoware_build_flags/lib/x86_64-linux-gnu/pkgconfig:/home/point001/autoware.ai/install/autoware_build_flags/lib/pkgconfig:${PKG_CONFIG_PATH} PYTHONPATH=/home/point001/autoware.ai/install/autoware_system_msgs/lib/python2.7/dist-packages:/home/point001/autoware.ai/install/autoware_config_msgs/lib/python2.7/dist-packages:${PYTHONPATH} ROS_PACKAGE_PATH=/home/point001/autoware.ai/install/autoware_health_checker/share:/home/point001/autoware.ai/install/ros_observer/share:/home/point001/autoware.ai/install/autoware_system_msgs/share:/home/point001/autoware.ai/install/autoware_config_msgs/share:/home/point001/autoware.ai/install/autoware_build_flags/share:${ROS_PACKAGE_PATH} /usr/bin/cmake --build /home/point001/autoware.ai/build/points_preprocessor --target install -- -j24 -l24
[2.718s] [  0%] Built target tf_generate_messages_nodejs
[2.724s] [  0%] Built target velodyne_driver_gencfg
[2.744s] [  0%] Built target velodyne_msgs_generate_messages_eus
[2.745s] [  0%] Built target geometry_msgs_generate_messages_cpp
[2.746s] [  0%] Built target tf2_msgs_generate_messages_eus
[2.754s] [  0%] Built target tf2_msgs_generate_messages_cpp
[2.754s] [  0%] Built target velodyne_msgs_generate_messages_cpp
[2.754s] [  0%] Built target diagnostic_msgs_generate_messages_lisp
[2.754s] [  0%] Built target tf2_msgs_generate_messages_nodejs
[2.766s] [  0%] Built target velodyne_msgs_generate_messages_py
[2.766s] [  0%] Built target geometry_msgs_generate_messages_eus
[2.767s] [  0%] Built target autoware_system_msgs_generate_messages_cpp
[2.767s] [  0%] Built target diagnostic_msgs_generate_messages_nodejs
[2.772s] [  0%] Built target tf2_msgs_generate_messages_py
[2.773s] [  0%] Built target actionlib_generate_messages_cpp
[2.773s] [  0%] Built target diagnostic_msgs_generate_messages_eus
[2.774s] [  0%] Built target actionlib_msgs_generate_messages_py
[2.774s] [  0%] Built target geometry_msgs_generate_messages_py
[2.774s] [  0%] Built target velodyne_msgs_generate_messages_lisp
[2.775s] [  0%] Built target actionlib_generate_messages_lisp
[2.782s] [  0%] Built target actionlib_generate_messages_py
[2.783s] [  0%] Built target geometry_msgs_generate_messages_lisp
[2.785s] [  0%] Built target rosgraph_msgs_generate_messages_cpp
[2.797s] [  0%] Built target velodyne_msgs_generate_messages_nodejs
[2.797s] [  0%] Built target velodyne_pointcloud_gencfg
[2.807s] [  0%] Built target autoware_system_msgs_generate_messages_nodejs
[2.817s] [  0%] Built target dynamic_reconfigure_generate_messages_lisp
[2.821s] [  0%] Built target roscpp_generate_messages_cpp
[2.822s] [  0%] Built target rosgraph_msgs_generate_messages_lisp
[2.822s] [  0%] Built target pcl_msgs_generate_messages_cpp
[2.822s] [  0%] Built target autoware_system_msgs_generate_messages_eus
[2.822s] [  0%] Built target sensor_msgs_generate_messages_lisp
[2.822s] [  0%] Built target nodelet_generate_messages_py
[2.825s] [  0%] Built target topic_tools_generate_messages_cpp
[2.826s] [  0%] Built target dynamic_reconfigure_generate_messages_cpp
[2.826s] [  0%] Built target actionlib_msgs_generate_messages_lisp
[2.828s] [  0%] Built target autoware_config_msgs_generate_messages_cpp
[2.828s] [  0%] Built target rosgraph_msgs_generate_messages_py
[2.828s] [  0%] Built target std_msgs_generate_messages_cpp
[2.830s] [  0%] Built target diagnostic_msgs_generate_messages_py
[2.838s] [  0%] Built target roscpp_generate_messages_eus
[2.838s] [  0%] Built target sensor_msgs_generate_messages_py
[2.839s] [  0%] Built target rosgraph_msgs_generate_messages_nodejs
[2.839s] [  0%] Built target autoware_system_msgs_generate_messages_lisp
[2.840s] [  0%] Built target actionlib_msgs_generate_messages_eus
[2.840s] [  0%] Built target rosgraph_msgs_generate_messages_eus
[2.848s] [  0%] Built target std_msgs_generate_messages_eus
[2.848s] [  0%] Built target geometry_msgs_generate_messages_nodejs
[2.853s] [  0%] Built target autoware_config_msgs_generate_messages_lisp
[2.853s] [  0%] Built target tf_generate_messages_py
[2.857s] [  0%] Built target std_msgs_generate_messages_lisp
[2.857s] [  0%] Built target autoware_system_msgs_generate_messages_py
[2.861s] [  0%] Built target sensor_msgs_generate_messages_cpp
[2.861s] [  0%] Built target pcl_msgs_generate_messages_nodejs
[2.861s] [  0%] Built target roscpp_generate_messages_nodejs
[2.861s] [  0%] Built target dynamic_reconfigure_generate_messages_eus
[2.861s] [  0%] Built target sensor_msgs_generate_messages_eus
[2.861s] [  0%] Built target autoware_config_msgs_generate_messages_eus
[2.867s] [  0%] Built target pcl_msgs_generate_messages_eus
[2.867s] [  0%] Built target sensor_msgs_generate_messages_nodejs
[2.867s] [  0%] Built target nodelet_generate_messages_nodejs
[2.867s] [  0%] Built target bond_generate_messages_lisp
[2.869s] [  0%] Built target actionlib_generate_messages_eus
[2.873s] [  0%] Built target diagnostic_msgs_generate_messages_cpp
[2.873s] [  0%] Built target roscpp_generate_messages_lisp
[2.873s] [  0%] Built target pcl_msgs_generate_messages_py
[2.874s] [  0%] Built target std_msgs_generate_messages_py
[2.877s] [  0%] Built target topic_tools_generate_messages_eus
[2.877s] [  0%] Built target roscpp_generate_messages_py
[2.877s] [  0%] Built target std_srvs_generate_messages_eus
[2.877s] [  0%] Built target std_msgs_generate_messages_nodejs
[2.888s] [  0%] Built target tf2_msgs_generate_messages_lisp
[2.888s] [  0%] Built target nodelet_generate_messages_cpp
[2.888s] [  0%] Built target pcl_ros_gencfg
[2.888s] [  0%] Built target bond_generate_messages_eus
[2.888s] [  0%] Built target bond_generate_messages_py
[2.888s] [  0%] Built target dynamic_reconfigure_gencfg
[2.895s] [  0%] Built target topic_tools_generate_messages_nodejs
[2.896s] [  0%] Built target bond_generate_messages_cpp
[2.896s] [  0%] Built target dynamic_reconfigure_generate_messages_py
[2.897s] [  0%] Built target dynamic_reconfigure_generate_messages_nodejs
[2.897s] [  0%] Built target std_srvs_generate_messages_nodejs
[2.897s] [  0%] Built target nodelet_generate_messages_lisp
[2.897s] [  0%] Built target autoware_config_msgs_generate_messages_py
[2.897s] [  0%] Built target nodelet_generate_messages_eus
[2.897s] [  0%] Built target std_srvs_generate_messages_lisp
[2.900s] [  0%] Built target tf_generate_messages_eus
[2.901s] [  0%] Built target actionlib_msgs_generate_messages_cpp
[2.901s] [  0%] Built target bond_generate_messages_nodejs
[2.903s] [  0%] Built target nodelet_topic_tools_gencfg
[2.903s] [  0%] Built target topic_tools_generate_messages_lisp
[2.905s] [  0%] Built target actionlib_msgs_generate_messages_nodejs
[2.906s] [  0%] Built target std_srvs_generate_messages_cpp
[2.906s] [  0%] Built target topic_tools_generate_messages_py
[2.910s] [  0%] Built target std_srvs_generate_messages_py
[2.910s] [  0%] Built target tf_generate_messages_cpp
[2.910s] [  0%] Built target autoware_config_msgs_generate_messages_nodejs
[2.911s] [  0%] Built target pcl_msgs_generate_messages_lisp
[2.919s] [  0%] Built target actionlib_generate_messages_nodejs
[2.919s] [  0%] Built target tf_generate_messages_lisp
[2.985s] [ 14%] Built target ring_ground_filter
[2.986s] [ 42%] Built target compare_map_filter
[2.986s] [ 42%] Built target ray_ground_filter_lib
[2.995s] [ 57%] Built target points_concat_filter
[2.995s] [ 71%] Built target space_filter
[3.007s] [ 85%] Built target cloud_transformer
[3.113s] [100%] Built target ray_ground_filter
[3.222s] [36mInstall the project...[0m
[3.258s] -- Install configuration: "Release"
[3.258s] -- Up-to-date: /home/point001/autoware.ai/install/points_preprocessor/lib/pkgconfig/points_preprocessor.pc
[3.258s] -- Up-to-date: /home/point001/autoware.ai/install/points_preprocessor/share/points_preprocessor/cmake/points_preprocessorConfig.cmake
[3.258s] -- Up-to-date: /home/point001/autoware.ai/install/points_preprocessor/share/points_preprocessor/cmake/points_preprocessorConfig-version.cmake
[3.259s] -- Up-to-date: /home/point001/autoware.ai/install/points_preprocessor/share/points_preprocessor/package.xml
[3.259s] -- Up-to-date: /home/point001/autoware.ai/install/points_preprocessor/lib/points_preprocessor/cloud_transformer
[3.260s] -- Up-to-date: /home/point001/autoware.ai/install/points_preprocessor/lib/points_preprocessor/points_concat_filter
[3.262s] -- Up-to-date: /home/point001/autoware.ai/install/points_preprocessor/lib/libray_ground_filter_lib.so
[3.263s] -- Up-to-date: /home/point001/autoware.ai/install/points_preprocessor/lib/points_preprocessor/ray_ground_filter
[3.263s] -- Up-to-date: /home/point001/autoware.ai/install/points_preprocessor/lib/points_preprocessor/ring_ground_filter
[3.264s] -- Up-to-date: /home/point001/autoware.ai/install/points_preprocessor/lib/points_preprocessor/space_filter
[3.265s] -- Up-to-date: /home/point001/autoware.ai/install/points_preprocessor/lib/points_preprocessor/compare_map_filter
[3.265s] -- Up-to-date: /home/point001/autoware.ai/install/points_preprocessor/include
[3.265s] -- Up-to-date: /home/point001/autoware.ai/install/points_preprocessor/include/gencolors.cpp
[3.266s] -- Up-to-date: /home/point001/autoware.ai/install/points_preprocessor/include/points_preprocessor
[3.266s] -- Up-to-date: /home/point001/autoware.ai/install/points_preprocessor/include/points_preprocessor/ray_ground_filter
[3.266s] -- Up-to-date: /home/point001/autoware.ai/install/points_preprocessor/include/points_preprocessor/ray_ground_filter/ray_ground_filter.h
[3.266s] -- Up-to-date: /home/point001/autoware.ai/install/points_preprocessor/share/points_preprocessor/launch
[3.266s] -- Up-to-date: /home/point001/autoware.ai/install/points_preprocessor/share/points_preprocessor/launch/ring_ground_filter.launch
[3.267s] -- Up-to-date: /home/point001/autoware.ai/install/points_preprocessor/share/points_preprocessor/launch/ray_ground_filter.launch
[3.267s] -- Up-to-date: /home/point001/autoware.ai/install/points_preprocessor/share/points_preprocessor/launch/compare_map_filter.launch
[3.267s] -- Up-to-date: /home/point001/autoware.ai/install/points_preprocessor/share/points_preprocessor/launch/cloud_transformer.launch
[3.267s] -- Up-to-date: /home/point001/autoware.ai/install/points_preprocessor/share/points_preprocessor/launch/space_filter.launch
[3.267s] -- Up-to-date: /home/point001/autoware.ai/install/points_preprocessor/share/points_preprocessor/launch/points_concat_filter.launch
[3.271s] Invoked command in '/home/point001/autoware.ai/build/points_preprocessor' returned '0': CMAKE_PREFIX_PATH=/home/point001/autoware.ai/install/autoware_health_checker:/home/point001/autoware.ai/install/ros_observer:/home/point001/autoware.ai/install/autoware_system_msgs:/home/point001/autoware.ai/install/autoware_config_msgs:/home/point001/autoware.ai/install/autoware_build_flags:${CMAKE_PREFIX_PATH} CONDA_PROMPT_MODIFIER=(base) LD_LIBRARY_PATH=/home/point001/autoware.ai/install/autoware_health_checker/lib:/home/point001/autoware.ai/install/ros_observer/lib:/opt/ros/melodic/lib:/usr/local/cuda-10.0/lib64 PKG_CONFIG_PATH=/home/point001/autoware.ai/install/autoware_health_checker/lib/x86_64-linux-gnu/pkgconfig:/home/point001/autoware.ai/install/autoware_health_checker/lib/pkgconfig:/home/point001/autoware.ai/install/ros_observer/lib/x86_64-linux-gnu/pkgconfig:/home/point001/autoware.ai/install/ros_observer/lib/pkgconfig:/home/point001/autoware.ai/install/autoware_system_msgs/lib/x86_64-linux-gnu/pkgconfig:/home/point001/autoware.ai/install/autoware_system_msgs/lib/pkgconfig:/home/point001/autoware.ai/install/autoware_config_msgs/lib/x86_64-linux-gnu/pkgconfig:/home/point001/autoware.ai/install/autoware_config_msgs/lib/pkgconfig:/home/point001/autoware.ai/install/autoware_build_flags/lib/x86_64-linux-gnu/pkgconfig:/home/point001/autoware.ai/install/autoware_build_flags/lib/pkgconfig:${PKG_CONFIG_PATH} PYTHONPATH=/home/point001/autoware.ai/install/autoware_system_msgs/lib/python2.7/dist-packages:/home/point001/autoware.ai/install/autoware_config_msgs/lib/python2.7/dist-packages:${PYTHONPATH} ROS_PACKAGE_PATH=/home/point001/autoware.ai/install/autoware_health_checker/share:/home/point001/autoware.ai/install/ros_observer/share:/home/point001/autoware.ai/install/autoware_system_msgs/share:/home/point001/autoware.ai/install/autoware_config_msgs/share:/home/point001/autoware.ai/install/autoware_build_flags/share:${ROS_PACKAGE_PATH} /usr/bin/cmake --build /home/point001/autoware.ai/build/points_preprocessor --target install -- -j24 -l24
