[0.468s] Invoking command in '/home/point001/autoware.ai/build/autoware_map_msgs': CONDA_PROMPT_MODIFIER=(base) /usr/bin/cmake --build /home/point001/autoware.ai/build/autoware_map_msgs -- -j24 -l24
[0.842s] [  0%] Built target std_msgs_generate_messages_cpp
[0.842s] [  0%] Built target _autoware_map_msgs_generate_messages_check_deps_WaypointArray
[0.888s] [  0%] Built target _autoware_map_msgs_generate_messages_check_deps_LaneArray
[0.888s] [  0%] Built target _autoware_map_msgs_generate_messages_check_deps_Point
[0.888s] [  0%] Built target _autoware_map_msgs_generate_messages_check_deps_WaypointSignalRelation
[0.891s] [  0%] Built target _autoware_map_msgs_generate_messages_check_deps_Area
[0.896s] [  0%] Built target _autoware_map_msgs_generate_messages_check_deps_OppositeLaneRelationArray
[0.896s] [  0%] Built target _autoware_map_msgs_generate_messages_check_deps_LaneAttributeRelation
[0.907s] [  0%] Built target _autoware_map_msgs_generate_messages_check_deps_LaneChangeRelationArray
[0.907s] [  0%] Built target _autoware_map_msgs_generate_messages_check_deps_LaneSignalLightRelation
[0.908s] [  0%] Built target _autoware_map_msgs_generate_messages_check_deps_LaneRelation
[0.922s] [  0%] Built target _autoware_map_msgs_generate_messages_check_deps_LaneRelationArray
[0.926s] [  0%] Built target _autoware_map_msgs_generate_messages_check_deps_Signal
[0.926s] [  0%] Built target _autoware_map_msgs_generate_messages_check_deps_Lane
[0.927s] [  0%] Built target _autoware_map_msgs_generate_messages_check_deps_OppositeLaneRelation
[0.927s] [  0%] Built target _autoware_map_msgs_generate_messages_check_deps_Waypoint
[0.934s] [  0%] Built target _autoware_map_msgs_generate_messages_check_deps_WaypointRelationArray
[0.936s] [  0%] Built target _autoware_map_msgs_generate_messages_check_deps_AreaArray
[0.937s] [  0%] Built target _autoware_map_msgs_generate_messages_check_deps_LaneChangeRelation
[0.948s] [  0%] Built target _autoware_map_msgs_generate_messages_check_deps_SignalLight
[0.948s] [  0%] Built target _autoware_map_msgs_generate_messages_check_deps_WaypointSignalRelationArray
[0.951s] [  0%] Built target _autoware_map_msgs_generate_messages_check_deps_WayareaArray
[0.964s] [  0%] Built target _autoware_map_msgs_generate_messages_check_deps_SignalArray
[0.984s] [  0%] Built target std_msgs_generate_messages_eus
[0.989s] [  0%] Built target std_msgs_generate_messages_nodejs
[0.997s] [  0%] Built target std_msgs_generate_messages_py
[1.004s] [  0%] Built target _autoware_map_msgs_generate_messages_check_deps_WaypointRelation
[1.005s] [  0%] Built target _autoware_map_msgs_generate_messages_check_deps_LaneSignalLightRelationArray
[1.010s] [  0%] Built target std_msgs_generate_messages_lisp
[1.017s] [  0%] Built target _autoware_map_msgs_generate_messages_check_deps_PointArray
[1.018s] [  0%] Built target _autoware_map_msgs_generate_messages_check_deps_LaneAttributeRelationArray
[1.023s] [  0%] Built target _autoware_map_msgs_generate_messages_check_deps_WaypointLaneRelation
[1.027s] [  0%] Built target _autoware_map_msgs_generate_messages_check_deps_Wayarea
[1.031s] [  0%] Built target _autoware_map_msgs_generate_messages_check_deps_SignalLightArray
[1.044s] [  0%] Built target _autoware_map_msgs_generate_messages_check_deps_WaypointLaneRelationArray
[1.071s] [ 19%] Built target autoware_map_msgs_generate_messages_cpp
[1.071s] [ 39%] Built target autoware_map_msgs_generate_messages_nodejs
[1.072s] [ 59%] Built target autoware_map_msgs_generate_messages_lisp
[1.072s] [ 79%] Built target autoware_map_msgs_generate_messages_py
[1.077s] [100%] Built target autoware_map_msgs_generate_messages_eus
[1.099s] [100%] Built target autoware_map_msgs_generate_messages
[1.330s] Invoked command in '/home/point001/autoware.ai/build/autoware_map_msgs' returned '0': CONDA_PROMPT_MODIFIER=(base) /usr/bin/cmake --build /home/point001/autoware.ai/build/autoware_map_msgs -- -j24 -l24
[1.536s] Invoking command in '/home/point001/autoware.ai/build/autoware_map_msgs': CONDA_PROMPT_MODIFIER=(base) /usr/bin/cmake --build /home/point001/autoware.ai/build/autoware_map_msgs --target tests -- -j24 -l24
[1.684s] Built target tests
[1.935s] Invoked command in '/home/point001/autoware.ai/build/autoware_map_msgs' returned '0': CONDA_PROMPT_MODIFIER=(base) /usr/bin/cmake --build /home/point001/autoware.ai/build/autoware_map_msgs --target tests -- -j24 -l24
[2.365s] Invoking command in '/home/point001/autoware.ai/build/autoware_map_msgs': CONDA_PROMPT_MODIFIER=(base) /usr/bin/cmake --build /home/point001/autoware.ai/build/autoware_map_msgs --target install -- -j24 -l24
[2.522s] [  0%] Built target std_msgs_generate_messages_cpp
[2.566s] [  0%] Built target _autoware_map_msgs_generate_messages_check_deps_SignalLight
[2.567s] [  0%] Built target _autoware_map_msgs_generate_messages_check_deps_OppositeLaneRelation
[2.574s] [  0%] Built target _autoware_map_msgs_generate_messages_check_deps_WayareaArray
[2.574s] [  0%] Built target _autoware_map_msgs_generate_messages_check_deps_Area
[2.587s] [  0%] Built target _autoware_map_msgs_generate_messages_check_deps_WaypointArray
[2.587s] [  0%] Built target _autoware_map_msgs_generate_messages_check_deps_Signal
[2.588s] [  0%] Built target _autoware_map_msgs_generate_messages_check_deps_Point
[2.588s] [  0%] Built target _autoware_map_msgs_generate_messages_check_deps_LaneAttributeRelation
[2.589s] [  0%] Built target _autoware_map_msgs_generate_messages_check_deps_WaypointRelation
[2.589s] [  0%] Built target _autoware_map_msgs_generate_messages_check_deps_LaneSignalLightRelation
[2.590s] [  0%] Built target _autoware_map_msgs_generate_messages_check_deps_OppositeLaneRelationArray
[2.592s] [  0%] Built target _autoware_map_msgs_generate_messages_check_deps_LaneRelationArray
[2.598s] [  0%] Built target _autoware_map_msgs_generate_messages_check_deps_WaypointSignalRelation
[2.598s] [  0%] Built target _autoware_map_msgs_generate_messages_check_deps_LaneRelation
[2.606s] [  0%] Built target _autoware_map_msgs_generate_messages_check_deps_LaneChangeRelationArray
[2.612s] [  0%] Built target _autoware_map_msgs_generate_messages_check_deps_AreaArray
[2.612s] [  0%] Built target _autoware_map_msgs_generate_messages_check_deps_WaypointSignalRelationArray
[2.612s] [  0%] Built target _autoware_map_msgs_generate_messages_check_deps_WaypointRelationArray
[2.612s] [  0%] Built target _autoware_map_msgs_generate_messages_check_deps_Lane
[2.620s] [  0%] Built target _autoware_map_msgs_generate_messages_check_deps_Waypoint
[2.625s] [  0%] Built target _autoware_map_msgs_generate_messages_check_deps_LaneChangeRelation
[2.626s] [  0%] Built target _autoware_map_msgs_generate_messages_check_deps_LaneArray
[2.635s] [  0%] Built target _autoware_map_msgs_generate_messages_check_deps_SignalArray
[2.647s] [  0%] Built target std_msgs_generate_messages_eus
[2.649s] [  0%] Built target _autoware_map_msgs_generate_messages_check_deps_Wayarea
[2.671s] [  0%] Built target std_msgs_generate_messages_lisp
[2.682s] [  0%] Built target _autoware_map_msgs_generate_messages_check_deps_WaypointLaneRelation
[2.686s] [  0%] Built target std_msgs_generate_messages_nodejs
[2.687s] [  0%] Built target std_msgs_generate_messages_py
[2.691s] [  0%] Built target _autoware_map_msgs_generate_messages_check_deps_PointArray
[2.714s] [  0%] Built target _autoware_map_msgs_generate_messages_check_deps_LaneAttributeRelationArray
[2.714s] [  0%] Built target _autoware_map_msgs_generate_messages_check_deps_SignalLightArray
[2.722s] [  0%] Built target _autoware_map_msgs_generate_messages_check_deps_LaneSignalLightRelationArray
[2.734s] [  0%] Built target _autoware_map_msgs_generate_messages_check_deps_WaypointLaneRelationArray
[2.799s] [ 20%] Built target autoware_map_msgs_generate_messages_py
[2.807s] [ 40%] Built target autoware_map_msgs_generate_messages_eus
[2.809s] [ 61%] Built target autoware_map_msgs_generate_messages_nodejs
[2.819s] [ 80%] Built target autoware_map_msgs_generate_messages_lisp
[2.824s] [100%] Built target autoware_map_msgs_generate_messages_cpp
[2.865s] [100%] Built target autoware_map_msgs_generate_messages
[2.891s] [36mInstall the project...[0m
[2.903s] -- Install configuration: "Release"
[2.904s] -- Up-to-date: /home/point001/autoware.ai/install/autoware_map_msgs/share/autoware_map_msgs/msg/Area.msg
[2.904s] -- Up-to-date: /home/point001/autoware.ai/install/autoware_map_msgs/share/autoware_map_msgs/msg/AreaArray.msg
[2.904s] -- Up-to-date: /home/point001/autoware.ai/install/autoware_map_msgs/share/autoware_map_msgs/msg/Lane.msg
[2.905s] -- Up-to-date: /home/point001/autoware.ai/install/autoware_map_msgs/share/autoware_map_msgs/msg/LaneArray.msg
[2.905s] -- Up-to-date: /home/point001/autoware.ai/install/autoware_map_msgs/share/autoware_map_msgs/msg/LaneAttributeRelation.msg
[2.905s] -- Up-to-date: /home/point001/autoware.ai/install/autoware_map_msgs/share/autoware_map_msgs/msg/LaneAttributeRelationArray.msg
[2.905s] -- Up-to-date: /home/point001/autoware.ai/install/autoware_map_msgs/share/autoware_map_msgs/msg/LaneChangeRelation.msg
[2.905s] -- Up-to-date: /home/point001/autoware.ai/install/autoware_map_msgs/share/autoware_map_msgs/msg/LaneChangeRelationArray.msg
[2.905s] -- Up-to-date: /home/point001/autoware.ai/install/autoware_map_msgs/share/autoware_map_msgs/msg/LaneRelation.msg
[2.906s] -- Up-to-date: /home/point001/autoware.ai/install/autoware_map_msgs/share/autoware_map_msgs/msg/LaneRelationArray.msg
[2.906s] -- Up-to-date: /home/point001/autoware.ai/install/autoware_map_msgs/share/autoware_map_msgs/msg/LaneSignalLightRelation.msg
[2.906s] -- Up-to-date: /home/point001/autoware.ai/install/autoware_map_msgs/share/autoware_map_msgs/msg/LaneSignalLightRelationArray.msg
[2.906s] -- Up-to-date: /home/point001/autoware.ai/install/autoware_map_msgs/share/autoware_map_msgs/msg/OppositeLaneRelation.msg
[2.906s] -- Up-to-date: /home/point001/autoware.ai/install/autoware_map_msgs/share/autoware_map_msgs/msg/OppositeLaneRelationArray.msg
[2.906s] -- Up-to-date: /home/point001/autoware.ai/install/autoware_map_msgs/share/autoware_map_msgs/msg/Point.msg
[2.906s] -- Up-to-date: /home/point001/autoware.ai/install/autoware_map_msgs/share/autoware_map_msgs/msg/PointArray.msg
[2.906s] -- Up-to-date: /home/point001/autoware.ai/install/autoware_map_msgs/share/autoware_map_msgs/msg/Signal.msg
[2.906s] -- Up-to-date: /home/point001/autoware.ai/install/autoware_map_msgs/share/autoware_map_msgs/msg/SignalArray.msg
[2.906s] -- Up-to-date: /home/point001/autoware.ai/install/autoware_map_msgs/share/autoware_map_msgs/msg/SignalLight.msg
[2.907s] -- Up-to-date: /home/point001/autoware.ai/install/autoware_map_msgs/share/autoware_map_msgs/msg/SignalLightArray.msg
[2.907s] -- Up-to-date: /home/point001/autoware.ai/install/autoware_map_msgs/share/autoware_map_msgs/msg/Wayarea.msg
[2.909s] -- Up-to-date: /home/point001/autoware.ai/install/autoware_map_msgs/share/autoware_map_msgs/msg/WayareaArray.msg
[2.910s] -- Up-to-date: /home/point001/autoware.ai/install/autoware_map_msgs/share/autoware_map_msgs/msg/Waypoint.msg
[2.910s] -- Up-to-date: /home/point001/autoware.ai/install/autoware_map_msgs/share/autoware_map_msgs/msg/WaypointArray.msg
[2.910s] -- Up-to-date: /home/point001/autoware.ai/install/autoware_map_msgs/share/autoware_map_msgs/msg/WaypointLaneRelation.msg
[2.912s] -- Up-to-date: /home/point001/autoware.ai/install/autoware_map_msgs/share/autoware_map_msgs/msg/WaypointLaneRelationArray.msg
[2.913s] -- Up-to-date: /home/point001/autoware.ai/install/autoware_map_msgs/share/autoware_map_msgs/msg/WaypointRelation.msg
[2.913s] -- Up-to-date: /home/point001/autoware.ai/install/autoware_map_msgs/share/autoware_map_msgs/msg/WaypointRelationArray.msg
[2.913s] -- Up-to-date: /home/point001/autoware.ai/install/autoware_map_msgs/share/autoware_map_msgs/msg/WaypointSignalRelation.msg
[2.913s] -- Up-to-date: /home/point001/autoware.ai/install/autoware_map_msgs/share/autoware_map_msgs/msg/WaypointSignalRelationArray.msg
[2.913s] -- Up-to-date: /home/point001/autoware.ai/install/autoware_map_msgs/share/autoware_map_msgs/cmake/autoware_map_msgs-msg-paths.cmake
[2.913s] -- Up-to-date: /home/point001/autoware.ai/install/autoware_map_msgs/include/autoware_map_msgs
[2.913s] -- Up-to-date: /home/point001/autoware.ai/install/autoware_map_msgs/include/autoware_map_msgs/Waypoint.h
[2.913s] -- Up-to-date: /home/point001/autoware.ai/install/autoware_map_msgs/include/autoware_map_msgs/Area.h
[2.913s] -- Up-to-date: /home/point001/autoware.ai/install/autoware_map_msgs/include/autoware_map_msgs/OppositeLaneRelation.h
[2.914s] -- Up-to-date: /home/point001/autoware.ai/install/autoware_map_msgs/include/autoware_map_msgs/LaneRelation.h
[2.914s] -- Up-to-date: /home/point001/autoware.ai/install/autoware_map_msgs/include/autoware_map_msgs/LaneSignalLightRelation.h
[2.914s] -- Up-to-date: /home/point001/autoware.ai/install/autoware_map_msgs/include/autoware_map_msgs/WaypointSignalRelationArray.h
[2.914s] -- Up-to-date: /home/point001/autoware.ai/install/autoware_map_msgs/include/autoware_map_msgs/LaneRelationArray.h
[2.914s] -- Up-to-date: /home/point001/autoware.ai/install/autoware_map_msgs/include/autoware_map_msgs/LaneArray.h
[2.914s] -- Up-to-date: /home/point001/autoware.ai/install/autoware_map_msgs/include/autoware_map_msgs/PointArray.h
[2.914s] -- Up-to-date: /home/point001/autoware.ai/install/autoware_map_msgs/include/autoware_map_msgs/Signal.h
[2.914s] -- Up-to-date: /home/point001/autoware.ai/install/autoware_map_msgs/include/autoware_map_msgs/WaypointArray.h
[2.914s] -- Up-to-date: /home/point001/autoware.ai/install/autoware_map_msgs/include/autoware_map_msgs/Lane.h
[2.915s] -- Up-to-date: /home/point001/autoware.ai/install/autoware_map_msgs/include/autoware_map_msgs/WayareaArray.h
[2.915s] -- Up-to-date: /home/point001/autoware.ai/install/autoware_map_msgs/include/autoware_map_msgs/SignalLight.h
[2.915s] -- Up-to-date: /home/point001/autoware.ai/install/autoware_map_msgs/include/autoware_map_msgs/WaypointLaneRelation.h
[2.915s] -- Up-to-date: /home/point001/autoware.ai/install/autoware_map_msgs/include/autoware_map_msgs/Point.h
[2.915s] -- Up-to-date: /home/point001/autoware.ai/install/autoware_map_msgs/include/autoware_map_msgs/LaneAttributeRelationArray.h
[2.915s] -- Up-to-date: /home/point001/autoware.ai/install/autoware_map_msgs/include/autoware_map_msgs/LaneAttributeRelation.h
[2.915s] -- Up-to-date: /home/point001/autoware.ai/install/autoware_map_msgs/include/autoware_map_msgs/WaypointRelationArray.h
[2.915s] -- Up-to-date: /home/point001/autoware.ai/install/autoware_map_msgs/include/autoware_map_msgs/LaneSignalLightRelationArray.h
[2.915s] -- Up-to-date: /home/point001/autoware.ai/install/autoware_map_msgs/include/autoware_map_msgs/AreaArray.h
[2.915s] -- Up-to-date: /home/point001/autoware.ai/install/autoware_map_msgs/include/autoware_map_msgs/SignalArray.h
[2.916s] -- Up-to-date: /home/point001/autoware.ai/install/autoware_map_msgs/include/autoware_map_msgs/OppositeLaneRelationArray.h
[2.916s] -- Up-to-date: /home/point001/autoware.ai/install/autoware_map_msgs/include/autoware_map_msgs/SignalLightArray.h
[2.916s] -- Up-to-date: /home/point001/autoware.ai/install/autoware_map_msgs/include/autoware_map_msgs/WaypointLaneRelationArray.h
[2.916s] -- Up-to-date: /home/point001/autoware.ai/install/autoware_map_msgs/include/autoware_map_msgs/WaypointRelation.h
[2.916s] -- Up-to-date: /home/point001/autoware.ai/install/autoware_map_msgs/include/autoware_map_msgs/Wayarea.h
[2.916s] -- Up-to-date: /home/point001/autoware.ai/install/autoware_map_msgs/include/autoware_map_msgs/LaneChangeRelationArray.h
[2.916s] -- Up-to-date: /home/point001/autoware.ai/install/autoware_map_msgs/include/autoware_map_msgs/WaypointSignalRelation.h
[2.916s] -- Up-to-date: /home/point001/autoware.ai/install/autoware_map_msgs/include/autoware_map_msgs/LaneChangeRelation.h
[2.916s] -- Up-to-date: /home/point001/autoware.ai/install/autoware_map_msgs/share/roseus/ros/autoware_map_msgs
[2.917s] -- Up-to-date: /home/point001/autoware.ai/install/autoware_map_msgs/share/roseus/ros/autoware_map_msgs/manifest.l
[2.917s] -- Up-to-date: /home/point001/autoware.ai/install/autoware_map_msgs/share/roseus/ros/autoware_map_msgs/msg
[2.917s] -- Up-to-date: /home/point001/autoware.ai/install/autoware_map_msgs/share/roseus/ros/autoware_map_msgs/msg/OppositeLaneRelation.l
[2.917s] -- Up-to-date: /home/point001/autoware.ai/install/autoware_map_msgs/share/roseus/ros/autoware_map_msgs/msg/WaypointLaneRelation.l
[2.917s] -- Up-to-date: /home/point001/autoware.ai/install/autoware_map_msgs/share/roseus/ros/autoware_map_msgs/msg/LaneAttributeRelationArray.l
[2.917s] -- Up-to-date: /home/point001/autoware.ai/install/autoware_map_msgs/share/roseus/ros/autoware_map_msgs/msg/WaypointSignalRelation.l
[2.917s] -- Up-to-date: /home/point001/autoware.ai/install/autoware_map_msgs/share/roseus/ros/autoware_map_msgs/msg/LaneChangeRelationArray.l
[2.917s] -- Up-to-date: /home/point001/autoware.ai/install/autoware_map_msgs/share/roseus/ros/autoware_map_msgs/msg/WaypointArray.l
[2.917s] -- Up-to-date: /home/point001/autoware.ai/install/autoware_map_msgs/share/roseus/ros/autoware_map_msgs/msg/Lane.l
[2.917s] -- Up-to-date: /home/point001/autoware.ai/install/autoware_map_msgs/share/roseus/ros/autoware_map_msgs/msg/PointArray.l
[2.917s] -- Up-to-date: /home/point001/autoware.ai/install/autoware_map_msgs/share/roseus/ros/autoware_map_msgs/msg/SignalLight.l
[2.917s] -- Up-to-date: /home/point001/autoware.ai/install/autoware_map_msgs/share/roseus/ros/autoware_map_msgs/msg/Area.l
[2.917s] -- Up-to-date: /home/point001/autoware.ai/install/autoware_map_msgs/share/roseus/ros/autoware_map_msgs/msg/SignalArray.l
[2.918s] -- Up-to-date: /home/point001/autoware.ai/install/autoware_map_msgs/share/roseus/ros/autoware_map_msgs/msg/Point.l
[2.918s] -- Up-to-date: /home/point001/autoware.ai/install/autoware_map_msgs/share/roseus/ros/autoware_map_msgs/msg/LaneSignalLightRelationArray.l
[2.918s] -- Up-to-date: /home/point001/autoware.ai/install/autoware_map_msgs/share/roseus/ros/autoware_map_msgs/msg/WaypointRelation.l
[2.918s] -- Up-to-date: /home/point001/autoware.ai/install/autoware_map_msgs/share/roseus/ros/autoware_map_msgs/msg/LaneRelationArray.l
[2.918s] -- Up-to-date: /home/point001/autoware.ai/install/autoware_map_msgs/share/roseus/ros/autoware_map_msgs/msg/WaypointSignalRelationArray.l
[2.918s] -- Up-to-date: /home/point001/autoware.ai/install/autoware_map_msgs/share/roseus/ros/autoware_map_msgs/msg/Waypoint.l
[2.918s] -- Up-to-date: /home/point001/autoware.ai/install/autoware_map_msgs/share/roseus/ros/autoware_map_msgs/msg/LaneRelation.l
[2.918s] -- Up-to-date: /home/point001/autoware.ai/install/autoware_map_msgs/share/roseus/ros/autoware_map_msgs/msg/WaypointLaneRelationArray.l
[2.918s] -- Up-to-date: /home/point001/autoware.ai/install/autoware_map_msgs/share/roseus/ros/autoware_map_msgs/msg/Wayarea.l
[2.918s] -- Up-to-date: /home/point001/autoware.ai/install/autoware_map_msgs/share/roseus/ros/autoware_map_msgs/msg/SignalLightArray.l
[2.919s] -- Up-to-date: /home/point001/autoware.ai/install/autoware_map_msgs/share/roseus/ros/autoware_map_msgs/msg/OppositeLaneRelationArray.l
[2.919s] -- Up-to-date: /home/point001/autoware.ai/install/autoware_map_msgs/share/roseus/ros/autoware_map_msgs/msg/Signal.l
[2.919s] -- Up-to-date: /home/point001/autoware.ai/install/autoware_map_msgs/share/roseus/ros/autoware_map_msgs/msg/LaneAttributeRelation.l
[2.919s] -- Up-to-date: /home/point001/autoware.ai/install/autoware_map_msgs/share/roseus/ros/autoware_map_msgs/msg/LaneArray.l
[2.919s] -- Up-to-date: /home/point001/autoware.ai/install/autoware_map_msgs/share/roseus/ros/autoware_map_msgs/msg/LaneSignalLightRelation.l
[2.919s] -- Up-to-date: /home/point001/autoware.ai/install/autoware_map_msgs/share/roseus/ros/autoware_map_msgs/msg/AreaArray.l
[2.919s] -- Up-to-date: /home/point001/autoware.ai/install/autoware_map_msgs/share/roseus/ros/autoware_map_msgs/msg/LaneChangeRelation.l
[2.919s] -- Up-to-date: /home/point001/autoware.ai/install/autoware_map_msgs/share/roseus/ros/autoware_map_msgs/msg/WaypointRelationArray.l
[2.920s] -- Up-to-date: /home/point001/autoware.ai/install/autoware_map_msgs/share/roseus/ros/autoware_map_msgs/msg/WayareaArray.l
[2.920s] -- Up-to-date: /home/point001/autoware.ai/install/autoware_map_msgs/share/common-lisp/ros/autoware_map_msgs
[2.920s] -- Up-to-date: /home/point001/autoware.ai/install/autoware_map_msgs/share/common-lisp/ros/autoware_map_msgs/msg
[2.920s] -- Up-to-date: /home/point001/autoware.ai/install/autoware_map_msgs/share/common-lisp/ros/autoware_map_msgs/msg/WaypointLaneRelationArray.lisp
[2.920s] -- Up-to-date: /home/point001/autoware.ai/install/autoware_map_msgs/share/common-lisp/ros/autoware_map_msgs/msg/_package_SignalLight.lisp
[2.920s] -- Up-to-date: /home/point001/autoware.ai/install/autoware_map_msgs/share/common-lisp/ros/autoware_map_msgs/msg/_package_Wayarea.lisp
[2.920s] -- Up-to-date: /home/point001/autoware.ai/install/autoware_map_msgs/share/common-lisp/ros/autoware_map_msgs/msg/SignalLight.lisp
[2.920s] -- Up-to-date: /home/point001/autoware.ai/install/autoware_map_msgs/share/common-lisp/ros/autoware_map_msgs/msg/_package_AreaArray.lisp
[2.920s] -- Up-to-date: /home/point001/autoware.ai/install/autoware_map_msgs/share/common-lisp/ros/autoware_map_msgs/msg/_package_OppositeLaneRelationArray.lisp
[2.921s] -- Up-to-date: /home/point001/autoware.ai/install/autoware_map_msgs/share/common-lisp/ros/autoware_map_msgs/msg/_package_PointArray.lisp
[2.921s] -- Up-to-date: /home/point001/autoware.ai/install/autoware_map_msgs/share/common-lisp/ros/autoware_map_msgs/msg/_package_LaneArray.lisp
[2.921s] -- Up-to-date: /home/point001/autoware.ai/install/autoware_map_msgs/share/common-lisp/ros/autoware_map_msgs/msg/_package_WaypointSignalRelation.lisp
[2.921s] -- Up-to-date: /home/point001/autoware.ai/install/autoware_map_msgs/share/common-lisp/ros/autoware_map_msgs/msg/Lane.lisp
[2.921s] -- Up-to-date: /home/point001/autoware.ai/install/autoware_map_msgs/share/common-lisp/ros/autoware_map_msgs/msg/_package_Signal.lisp
[2.921s] -- Up-to-date: /home/point001/autoware.ai/install/autoware_map_msgs/share/common-lisp/ros/autoware_map_msgs/msg/_package_LaneRelationArray.lisp
[2.921s] -- Up-to-date: /home/point001/autoware.ai/install/autoware_map_msgs/share/common-lisp/ros/autoware_map_msgs/msg/Area.lisp
[2.921s] -- Up-to-date: /home/point001/autoware.ai/install/autoware_map_msgs/share/common-lisp/ros/autoware_map_msgs/msg/OppositeLaneRelation.lisp
[2.922s] -- Up-to-date: /home/point001/autoware.ai/install/autoware_map_msgs/share/common-lisp/ros/autoware_map_msgs/msg/_package_WaypointLaneRelation.lisp
[2.922s] -- Up-to-date: /home/point001/autoware.ai/install/autoware_map_msgs/share/common-lisp/ros/autoware_map_msgs/msg/_package_Point.lisp
[2.922s] -- Up-to-date: /home/point001/autoware.ai/install/autoware_map_msgs/share/common-lisp/ros/autoware_map_msgs/msg/LaneSignalLightRelationArray.lisp
[2.922s] -- Up-to-date: /home/point001/autoware.ai/install/autoware_map_msgs/share/common-lisp/ros/autoware_map_msgs/msg/_package_Area.lisp
[2.922s] -- Up-to-date: /home/point001/autoware.ai/install/autoware_map_msgs/share/common-lisp/ros/autoware_map_msgs/msg/_package_LaneSignalLightRelation.lisp
[2.922s] -- Up-to-date: /home/point001/autoware.ai/install/autoware_map_msgs/share/common-lisp/ros/autoware_map_msgs/msg/_package_WaypointArray.lisp
[2.922s] -- Up-to-date: /home/point001/autoware.ai/install/autoware_map_msgs/share/common-lisp/ros/autoware_map_msgs/msg/autoware_map_msgs-msg.asd
[2.922s] -- Up-to-date: /home/point001/autoware.ai/install/autoware_map_msgs/share/common-lisp/ros/autoware_map_msgs/msg/LaneRelationArray.lisp
[2.923s] -- Up-to-date: /home/point001/autoware.ai/install/autoware_map_msgs/share/common-lisp/ros/autoware_map_msgs/msg/WaypointSignalRelationArray.lisp
[2.923s] -- Up-to-date: /home/point001/autoware.ai/install/autoware_map_msgs/share/common-lisp/ros/autoware_map_msgs/msg/LaneChangeRelation.lisp
[2.923s] -- Up-to-date: /home/point001/autoware.ai/install/autoware_map_msgs/share/common-lisp/ros/autoware_map_msgs/msg/WaypointLaneRelation.lisp
[2.923s] -- Up-to-date: /home/point001/autoware.ai/install/autoware_map_msgs/share/common-lisp/ros/autoware_map_msgs/msg/_package_LaneSignalLightRelationArray.lisp
[2.924s] -- Up-to-date: /home/point001/autoware.ai/install/autoware_map_msgs/share/common-lisp/ros/autoware_map_msgs/msg/_package_LaneRelation.lisp
[2.924s] -- Up-to-date: /home/point001/autoware.ai/install/autoware_map_msgs/share/common-lisp/ros/autoware_map_msgs/msg/_package_WaypointRelation.lisp
[2.924s] -- Up-to-date: /home/point001/autoware.ai/install/autoware_map_msgs/share/common-lisp/ros/autoware_map_msgs/msg/_package_LaneAttributeRelation.lisp
[2.924s] -- Up-to-date: /home/point001/autoware.ai/install/autoware_map_msgs/share/common-lisp/ros/autoware_map_msgs/msg/_package_WaypointRelationArray.lisp
[2.924s] -- Up-to-date: /home/point001/autoware.ai/install/autoware_map_msgs/share/common-lisp/ros/autoware_map_msgs/msg/Point.lisp
[2.924s] -- Up-to-date: /home/point001/autoware.ai/install/autoware_map_msgs/share/common-lisp/ros/autoware_map_msgs/msg/_package.lisp
[2.924s] -- Up-to-date: /home/point001/autoware.ai/install/autoware_map_msgs/share/common-lisp/ros/autoware_map_msgs/msg/WaypointArray.lisp
[2.924s] -- Up-to-date: /home/point001/autoware.ai/install/autoware_map_msgs/share/common-lisp/ros/autoware_map_msgs/msg/WaypointRelation.lisp
[2.925s] -- Up-to-date: /home/point001/autoware.ai/install/autoware_map_msgs/share/common-lisp/ros/autoware_map_msgs/msg/LaneArray.lisp
[2.925s] -- Up-to-date: /home/point001/autoware.ai/install/autoware_map_msgs/share/common-lisp/ros/autoware_map_msgs/msg/WayareaArray.lisp
[2.925s] -- Up-to-date: /home/point001/autoware.ai/install/autoware_map_msgs/share/common-lisp/ros/autoware_map_msgs/msg/LaneChangeRelationArray.lisp
[2.925s] -- Up-to-date: /home/point001/autoware.ai/install/autoware_map_msgs/share/common-lisp/ros/autoware_map_msgs/msg/LaneSignalLightRelation.lisp
[2.925s] -- Up-to-date: /home/point001/autoware.ai/install/autoware_map_msgs/share/common-lisp/ros/autoware_map_msgs/msg/_package_Lane.lisp
[2.925s] -- Up-to-date: /home/point001/autoware.ai/install/autoware_map_msgs/share/common-lisp/ros/autoware_map_msgs/msg/Waypoint.lisp
[2.925s] -- Up-to-date: /home/point001/autoware.ai/install/autoware_map_msgs/share/common-lisp/ros/autoware_map_msgs/msg/LaneAttributeRelation.lisp
[2.925s] -- Up-to-date: /home/point001/autoware.ai/install/autoware_map_msgs/share/common-lisp/ros/autoware_map_msgs/msg/WaypointSignalRelation.lisp
[2.925s] -- Up-to-date: /home/point001/autoware.ai/install/autoware_map_msgs/share/common-lisp/ros/autoware_map_msgs/msg/OppositeLaneRelationArray.lisp
[2.925s] -- Up-to-date: /home/point001/autoware.ai/install/autoware_map_msgs/share/common-lisp/ros/autoware_map_msgs/msg/_package_OppositeLaneRelation.lisp
[2.925s] -- Up-to-date: /home/point001/autoware.ai/install/autoware_map_msgs/share/common-lisp/ros/autoware_map_msgs/msg/AreaArray.lisp
[2.926s] -- Up-to-date: /home/point001/autoware.ai/install/autoware_map_msgs/share/common-lisp/ros/autoware_map_msgs/msg/_package_LaneChangeRelation.lisp
[2.926s] -- Up-to-date: /home/point001/autoware.ai/install/autoware_map_msgs/share/common-lisp/ros/autoware_map_msgs/msg/LaneRelation.lisp
[2.926s] -- Up-to-date: /home/point001/autoware.ai/install/autoware_map_msgs/share/common-lisp/ros/autoware_map_msgs/msg/Wayarea.lisp
[2.926s] -- Up-to-date: /home/point001/autoware.ai/install/autoware_map_msgs/share/common-lisp/ros/autoware_map_msgs/msg/_package_LaneAttributeRelationArray.lisp
[2.926s] -- Up-to-date: /home/point001/autoware.ai/install/autoware_map_msgs/share/common-lisp/ros/autoware_map_msgs/msg/PointArray.lisp
[2.926s] -- Up-to-date: /home/point001/autoware.ai/install/autoware_map_msgs/share/common-lisp/ros/autoware_map_msgs/msg/_package_WaypointSignalRelationArray.lisp
[2.926s] -- Up-to-date: /home/point001/autoware.ai/install/autoware_map_msgs/share/common-lisp/ros/autoware_map_msgs/msg/_package_SignalLightArray.lisp
[2.926s] -- Up-to-date: /home/point001/autoware.ai/install/autoware_map_msgs/share/common-lisp/ros/autoware_map_msgs/msg/_package_WaypointLaneRelationArray.lisp
[2.926s] -- Up-to-date: /home/point001/autoware.ai/install/autoware_map_msgs/share/common-lisp/ros/autoware_map_msgs/msg/_package_SignalArray.lisp
[2.926s] -- Up-to-date: /home/point001/autoware.ai/install/autoware_map_msgs/share/common-lisp/ros/autoware_map_msgs/msg/Signal.lisp
[2.926s] -- Up-to-date: /home/point001/autoware.ai/install/autoware_map_msgs/share/common-lisp/ros/autoware_map_msgs/msg/_package_Waypoint.lisp
[2.926s] -- Up-to-date: /home/point001/autoware.ai/install/autoware_map_msgs/share/common-lisp/ros/autoware_map_msgs/msg/_package_WayareaArray.lisp
[2.926s] -- Up-to-date: /home/point001/autoware.ai/install/autoware_map_msgs/share/common-lisp/ros/autoware_map_msgs/msg/LaneAttributeRelationArray.lisp
[2.927s] -- Up-to-date: /home/point001/autoware.ai/install/autoware_map_msgs/share/common-lisp/ros/autoware_map_msgs/msg/_package_LaneChangeRelationArray.lisp
[2.927s] -- Up-to-date: /home/point001/autoware.ai/install/autoware_map_msgs/share/common-lisp/ros/autoware_map_msgs/msg/SignalArray.lisp
[2.927s] -- Up-to-date: /home/point001/autoware.ai/install/autoware_map_msgs/share/common-lisp/ros/autoware_map_msgs/msg/WaypointRelationArray.lisp
[2.927s] -- Up-to-date: /home/point001/autoware.ai/install/autoware_map_msgs/share/common-lisp/ros/autoware_map_msgs/msg/SignalLightArray.lisp
[2.927s] -- Up-to-date: /home/point001/autoware.ai/install/autoware_map_msgs/share/gennodejs/ros/autoware_map_msgs
[2.927s] -- Up-to-date: /home/point001/autoware.ai/install/autoware_map_msgs/share/gennodejs/ros/autoware_map_msgs/_index.js
[2.927s] -- Up-to-date: /home/point001/autoware.ai/install/autoware_map_msgs/share/gennodejs/ros/autoware_map_msgs/msg
[2.927s] -- Up-to-date: /home/point001/autoware.ai/install/autoware_map_msgs/share/gennodejs/ros/autoware_map_msgs/msg/SignalArray.js
[2.927s] -- Up-to-date: /home/point001/autoware.ai/install/autoware_map_msgs/share/gennodejs/ros/autoware_map_msgs/msg/Area.js
[2.927s] -- Up-to-date: /home/point001/autoware.ai/install/autoware_map_msgs/share/gennodejs/ros/autoware_map_msgs/msg/LaneAttributeRelation.js
[2.928s] -- Up-to-date: /home/point001/autoware.ai/install/autoware_map_msgs/share/gennodejs/ros/autoware_map_msgs/msg/WayareaArray.js
[2.928s] -- Up-to-date: /home/point001/autoware.ai/install/autoware_map_msgs/share/gennodejs/ros/autoware_map_msgs/msg/_index.js
[2.928s] -- Up-to-date: /home/point001/autoware.ai/install/autoware_map_msgs/share/gennodejs/ros/autoware_map_msgs/msg/WaypointSignalRelation.js
[2.928s] -- Up-to-date: /home/point001/autoware.ai/install/autoware_map_msgs/share/gennodejs/ros/autoware_map_msgs/msg/PointArray.js
[2.928s] -- Up-to-date: /home/point001/autoware.ai/install/autoware_map_msgs/share/gennodejs/ros/autoware_map_msgs/msg/WaypointLaneRelation.js
[2.928s] -- Up-to-date: /home/point001/autoware.ai/install/autoware_map_msgs/share/gennodejs/ros/autoware_map_msgs/msg/OppositeLaneRelation.js
[2.928s] -- Up-to-date: /home/point001/autoware.ai/install/autoware_map_msgs/share/gennodejs/ros/autoware_map_msgs/msg/Lane.js
[2.928s] -- Up-to-date: /home/point001/autoware.ai/install/autoware_map_msgs/share/gennodejs/ros/autoware_map_msgs/msg/WaypointSignalRelationArray.js
[2.929s] -- Up-to-date: /home/point001/autoware.ai/install/autoware_map_msgs/share/gennodejs/ros/autoware_map_msgs/msg/WaypointLaneRelationArray.js
[2.929s] -- Up-to-date: /home/point001/autoware.ai/install/autoware_map_msgs/share/gennodejs/ros/autoware_map_msgs/msg/WaypointRelation.js
[2.929s] -- Up-to-date: /home/point001/autoware.ai/install/autoware_map_msgs/share/gennodejs/ros/autoware_map_msgs/msg/LaneChangeRelationArray.js
[2.929s] -- Up-to-date: /home/point001/autoware.ai/install/autoware_map_msgs/share/gennodejs/ros/autoware_map_msgs/msg/WaypointArray.js
[2.929s] -- Up-to-date: /home/point001/autoware.ai/install/autoware_map_msgs/share/gennodejs/ros/autoware_map_msgs/msg/SignalLightArray.js
[2.929s] -- Up-to-date: /home/point001/autoware.ai/install/autoware_map_msgs/share/gennodejs/ros/autoware_map_msgs/msg/SignalLight.js
[2.929s] -- Up-to-date: /home/point001/autoware.ai/install/autoware_map_msgs/share/gennodejs/ros/autoware_map_msgs/msg/LaneRelationArray.js
[2.929s] -- Up-to-date: /home/point001/autoware.ai/install/autoware_map_msgs/share/gennodejs/ros/autoware_map_msgs/msg/AreaArray.js
[2.929s] -- Up-to-date: /home/point001/autoware.ai/install/autoware_map_msgs/share/gennodejs/ros/autoware_map_msgs/msg/LaneArray.js
[2.929s] -- Up-to-date: /home/point001/autoware.ai/install/autoware_map_msgs/share/gennodejs/ros/autoware_map_msgs/msg/LaneSignalLightRelation.js
[2.929s] -- Up-to-date: /home/point001/autoware.ai/install/autoware_map_msgs/share/gennodejs/ros/autoware_map_msgs/msg/LaneChangeRelation.js
[2.929s] -- Up-to-date: /home/point001/autoware.ai/install/autoware_map_msgs/share/gennodejs/ros/autoware_map_msgs/msg/Waypoint.js
[2.929s] -- Up-to-date: /home/point001/autoware.ai/install/autoware_map_msgs/share/gennodejs/ros/autoware_map_msgs/msg/Signal.js
[2.930s] -- Up-to-date: /home/point001/autoware.ai/install/autoware_map_msgs/share/gennodejs/ros/autoware_map_msgs/msg/WaypointRelationArray.js
[2.930s] -- Up-to-date: /home/point001/autoware.ai/install/autoware_map_msgs/share/gennodejs/ros/autoware_map_msgs/msg/LaneAttributeRelationArray.js
[2.930s] -- Up-to-date: /home/point001/autoware.ai/install/autoware_map_msgs/share/gennodejs/ros/autoware_map_msgs/msg/LaneRelation.js
[2.930s] -- Up-to-date: /home/point001/autoware.ai/install/autoware_map_msgs/share/gennodejs/ros/autoware_map_msgs/msg/LaneSignalLightRelationArray.js
[2.930s] -- Up-to-date: /home/point001/autoware.ai/install/autoware_map_msgs/share/gennodejs/ros/autoware_map_msgs/msg/OppositeLaneRelationArray.js
[2.930s] -- Up-to-date: /home/point001/autoware.ai/install/autoware_map_msgs/share/gennodejs/ros/autoware_map_msgs/msg/Wayarea.js
[2.930s] -- Up-to-date: /home/point001/autoware.ai/install/autoware_map_msgs/share/gennodejs/ros/autoware_map_msgs/msg/Point.js
[2.930s] Listing /home/point001/autoware.ai/build/autoware_map_msgs/devel/lib/python2.7/dist-packages/autoware_map_msgs ...
[2.930s] Listing /home/point001/autoware.ai/build/autoware_map_msgs/devel/lib/python2.7/dist-packages/autoware_map_msgs/msg ...
[2.930s] Compiling /home/point001/autoware.ai/build/autoware_map_msgs/devel/lib/python2.7/dist-packages/autoware_map_msgs/msg/_LaneChangeRelation.py ...
[2.931s]   File "/home/point001/autoware.ai/build/autoware_map_msgs/devel/lib/python2.7/dist-packages/autoware_map_msgs/msg/_LaneChangeRelation.py", line 34
[2.931s]     None = 0
[2.931s] SyntaxError: cannot assign to None
[2.931s] 
[2.931s] Compiling /home/point001/autoware.ai/build/autoware_map_msgs/devel/lib/python2.7/dist-packages/autoware_map_msgs/msg/_LaneRelation.py ...
[2.931s]   File "/home/point001/autoware.ai/build/autoware_map_msgs/devel/lib/python2.7/dist-packages/autoware_map_msgs/msg/_LaneRelation.py", line 33
[2.931s]     None = 0
[2.931s] SyntaxError: cannot assign to None
[2.931s] 
[2.932s] -- Up-to-date: /home/point001/autoware.ai/install/autoware_map_msgs/lib/python2.7/dist-packages/autoware_map_msgs
[2.932s] -- Up-to-date: /home/point001/autoware.ai/install/autoware_map_msgs/lib/python2.7/dist-packages/autoware_map_msgs/msg
[2.932s] -- Up-to-date: /home/point001/autoware.ai/install/autoware_map_msgs/lib/python2.7/dist-packages/autoware_map_msgs/msg/_SignalLight.pyc
[2.932s] -- Up-to-date: /home/point001/autoware.ai/install/autoware_map_msgs/lib/python2.7/dist-packages/autoware_map_msgs/msg/_OppositeLaneRelationArray.py
[2.932s] -- Up-to-date: /home/point001/autoware.ai/install/autoware_map_msgs/lib/python2.7/dist-packages/autoware_map_msgs/msg/_WaypointLaneRelation.pyc
[2.932s] -- Up-to-date: /home/point001/autoware.ai/install/autoware_map_msgs/lib/python2.7/dist-packages/autoware_map_msgs/msg/_LaneSignalLightRelationArray.py
[2.932s] -- Up-to-date: /home/point001/autoware.ai/install/autoware_map_msgs/lib/python2.7/dist-packages/autoware_map_msgs/msg/_Area.py
[2.932s] -- Up-to-date: /home/point001/autoware.ai/install/autoware_map_msgs/lib/python2.7/dist-packages/autoware_map_msgs/msg/_LaneAttributeRelation.py
[2.932s] -- Up-to-date: /home/point001/autoware.ai/install/autoware_map_msgs/lib/python2.7/dist-packages/autoware_map_msgs/msg/_Point.py
[2.932s] -- Up-to-date: /home/point001/autoware.ai/install/autoware_map_msgs/lib/python2.7/dist-packages/autoware_map_msgs/msg/_LaneChangeRelationArray.py
[2.932s] -- Up-to-date: /home/point001/autoware.ai/install/autoware_map_msgs/lib/python2.7/dist-packages/autoware_map_msgs/msg/_WaypointLaneRelation.py
[2.933s] -- Up-to-date: /home/point001/autoware.ai/install/autoware_map_msgs/lib/python2.7/dist-packages/autoware_map_msgs/msg/_WaypointRelationArray.py
[2.933s] -- Up-to-date: /home/point001/autoware.ai/install/autoware_map_msgs/lib/python2.7/dist-packages/autoware_map_msgs/msg/_WaypointRelation.pyc
[2.933s] -- Up-to-date: /home/point001/autoware.ai/install/autoware_map_msgs/lib/python2.7/dist-packages/autoware_map_msgs/msg/_WayareaArray.py
[2.933s] -- Up-to-date: /home/point001/autoware.ai/install/autoware_map_msgs/lib/python2.7/dist-packages/autoware_map_msgs/msg/_LaneRelation.py
[2.933s] -- Up-to-date: /home/point001/autoware.ai/install/autoware_map_msgs/lib/python2.7/dist-packages/autoware_map_msgs/msg/_WaypointArray.pyc
[2.933s] -- Up-to-date: /home/point001/autoware.ai/install/autoware_map_msgs/lib/python2.7/dist-packages/autoware_map_msgs/msg/_Area.pyc
[2.933s] -- Up-to-date: /home/point001/autoware.ai/install/autoware_map_msgs/lib/python2.7/dist-packages/autoware_map_msgs/msg/_OppositeLaneRelation.pyc
[2.933s] -- Up-to-date: /home/point001/autoware.ai/install/autoware_map_msgs/lib/python2.7/dist-packages/autoware_map_msgs/msg/_WaypointRelationArray.pyc
[2.933s] -- Up-to-date: /home/point001/autoware.ai/install/autoware_map_msgs/lib/python2.7/dist-packages/autoware_map_msgs/msg/_LaneRelationArray.py
[2.933s] -- Up-to-date: /home/point001/autoware.ai/install/autoware_map_msgs/lib/python2.7/dist-packages/autoware_map_msgs/msg/_WaypointArray.py
[2.933s] -- Up-to-date: /home/point001/autoware.ai/install/autoware_map_msgs/lib/python2.7/dist-packages/autoware_map_msgs/msg/_WaypointSignalRelationArray.pyc
[2.934s] -- Up-to-date: /home/point001/autoware.ai/install/autoware_map_msgs/lib/python2.7/dist-packages/autoware_map_msgs/msg/_WaypointRelation.py
[2.934s] -- Up-to-date: /home/point001/autoware.ai/install/autoware_map_msgs/lib/python2.7/dist-packages/autoware_map_msgs/msg/_OppositeLaneRelationArray.pyc
[2.934s] -- Up-to-date: /home/point001/autoware.ai/install/autoware_map_msgs/lib/python2.7/dist-packages/autoware_map_msgs/msg/_LaneAttributeRelation.pyc
[2.934s] -- Up-to-date: /home/point001/autoware.ai/install/autoware_map_msgs/lib/python2.7/dist-packages/autoware_map_msgs/msg/_Wayarea.pyc
[2.934s] -- Up-to-date: /home/point001/autoware.ai/install/autoware_map_msgs/lib/python2.7/dist-packages/autoware_map_msgs/msg/_WaypointSignalRelationArray.py
[2.934s] -- Up-to-date: /home/point001/autoware.ai/install/autoware_map_msgs/lib/python2.7/dist-packages/autoware_map_msgs/msg/_WaypointLaneRelationArray.py
[2.934s] -- Up-to-date: /home/point001/autoware.ai/install/autoware_map_msgs/lib/python2.7/dist-packages/autoware_map_msgs/msg/_SignalLightArray.py
[2.934s] -- Up-to-date: /home/point001/autoware.ai/install/autoware_map_msgs/lib/python2.7/dist-packages/autoware_map_msgs/msg/_SignalArray.pyc
[2.934s] -- Up-to-date: /home/point001/autoware.ai/install/autoware_map_msgs/lib/python2.7/dist-packages/autoware_map_msgs/msg/__init__.py
[2.934s] -- Up-to-date: /home/point001/autoware.ai/install/autoware_map_msgs/lib/python2.7/dist-packages/autoware_map_msgs/msg/_Point.pyc
[2.935s] -- Up-to-date: /home/point001/autoware.ai/install/autoware_map_msgs/lib/python2.7/dist-packages/autoware_map_msgs/msg/_SignalLight.py
[2.935s] -- Up-to-date: /home/point001/autoware.ai/install/autoware_map_msgs/lib/python2.7/dist-packages/autoware_map_msgs/msg/_AreaArray.py
[2.935s] -- Up-to-date: /home/point001/autoware.ai/install/autoware_map_msgs/lib/python2.7/dist-packages/autoware_map_msgs/msg/_Waypoint.pyc
[2.935s] -- Up-to-date: /home/point001/autoware.ai/install/autoware_map_msgs/lib/python2.7/dist-packages/autoware_map_msgs/msg/_PointArray.pyc
[2.935s] -- Up-to-date: /home/point001/autoware.ai/install/autoware_map_msgs/lib/python2.7/dist-packages/autoware_map_msgs/msg/_Waypoint.py
[2.935s] -- Up-to-date: /home/point001/autoware.ai/install/autoware_map_msgs/lib/python2.7/dist-packages/autoware_map_msgs/msg/_LaneRelationArray.pyc
[2.935s] -- Up-to-date: /home/point001/autoware.ai/install/autoware_map_msgs/lib/python2.7/dist-packages/autoware_map_msgs/msg/_WaypointLaneRelationArray.pyc
[2.935s] -- Up-to-date: /home/point001/autoware.ai/install/autoware_map_msgs/lib/python2.7/dist-packages/autoware_map_msgs/msg/_WayareaArray.pyc
[2.935s] -- Up-to-date: /home/point001/autoware.ai/install/autoware_map_msgs/lib/python2.7/dist-packages/autoware_map_msgs/msg/_LaneArray.py
[2.935s] -- Up-to-date: /home/point001/autoware.ai/install/autoware_map_msgs/lib/python2.7/dist-packages/autoware_map_msgs/msg/_LaneArray.pyc
[2.935s] -- Up-to-date: /home/point001/autoware.ai/install/autoware_map_msgs/lib/python2.7/dist-packages/autoware_map_msgs/msg/_Wayarea.py
[2.935s] -- Up-to-date: /home/point001/autoware.ai/install/autoware_map_msgs/lib/python2.7/dist-packages/autoware_map_msgs/msg/_PointArray.py
[2.935s] -- Up-to-date: /home/point001/autoware.ai/install/autoware_map_msgs/lib/python2.7/dist-packages/autoware_map_msgs/msg/_SignalArray.py
[2.936s] -- Up-to-date: /home/point001/autoware.ai/install/autoware_map_msgs/lib/python2.7/dist-packages/autoware_map_msgs/msg/_OppositeLaneRelation.py
[2.936s] -- Up-to-date: /home/point001/autoware.ai/install/autoware_map_msgs/lib/python2.7/dist-packages/autoware_map_msgs/msg/_LaneChangeRelation.py
[2.936s] -- Up-to-date: /home/point001/autoware.ai/install/autoware_map_msgs/lib/python2.7/dist-packages/autoware_map_msgs/msg/_LaneAttributeRelationArray.py
[2.936s] -- Up-to-date: /home/point001/autoware.ai/install/autoware_map_msgs/lib/python2.7/dist-packages/autoware_map_msgs/msg/__init__.pyc
[2.936s] -- Up-to-date: /home/point001/autoware.ai/install/autoware_map_msgs/lib/python2.7/dist-packages/autoware_map_msgs/msg/_LaneChangeRelationArray.pyc
[2.936s] -- Up-to-date: /home/point001/autoware.ai/install/autoware_map_msgs/lib/python2.7/dist-packages/autoware_map_msgs/msg/_WaypointSignalRelation.py
[2.936s] -- Up-to-date: /home/point001/autoware.ai/install/autoware_map_msgs/lib/python2.7/dist-packages/autoware_map_msgs/msg/_Signal.py
[2.936s] -- Up-to-date: /home/point001/autoware.ai/install/autoware_map_msgs/lib/python2.7/dist-packages/autoware_map_msgs/msg/_SignalLightArray.pyc
[2.936s] -- Up-to-date: /home/point001/autoware.ai/install/autoware_map_msgs/lib/python2.7/dist-packages/autoware_map_msgs/msg/_AreaArray.pyc
[2.936s] -- Up-to-date: /home/point001/autoware.ai/install/autoware_map_msgs/lib/python2.7/dist-packages/autoware_map_msgs/msg/_Lane.py
[2.936s] -- Up-to-date: /home/point001/autoware.ai/install/autoware_map_msgs/lib/python2.7/dist-packages/autoware_map_msgs/msg/_WaypointSignalRelation.pyc
[2.936s] -- Up-to-date: /home/point001/autoware.ai/install/autoware_map_msgs/lib/python2.7/dist-packages/autoware_map_msgs/msg/_LaneAttributeRelationArray.pyc
[2.936s] -- Up-to-date: /home/point001/autoware.ai/install/autoware_map_msgs/lib/python2.7/dist-packages/autoware_map_msgs/msg/_LaneSignalLightRelation.pyc
[2.937s] -- Up-to-date: /home/point001/autoware.ai/install/autoware_map_msgs/lib/python2.7/dist-packages/autoware_map_msgs/msg/_LaneSignalLightRelation.py
[2.937s] -- Up-to-date: /home/point001/autoware.ai/install/autoware_map_msgs/lib/python2.7/dist-packages/autoware_map_msgs/msg/_Lane.pyc
[2.937s] -- Up-to-date: /home/point001/autoware.ai/install/autoware_map_msgs/lib/python2.7/dist-packages/autoware_map_msgs/msg/_LaneSignalLightRelationArray.pyc
[2.937s] -- Up-to-date: /home/point001/autoware.ai/install/autoware_map_msgs/lib/python2.7/dist-packages/autoware_map_msgs/msg/_Signal.pyc
[2.937s] -- Up-to-date: /home/point001/autoware.ai/install/autoware_map_msgs/lib/python2.7/dist-packages/autoware_map_msgs/__init__.py
[2.937s] -- Up-to-date: /home/point001/autoware.ai/install/autoware_map_msgs/lib/python2.7/dist-packages/autoware_map_msgs/__init__.pyc
[2.937s] -- Up-to-date: /home/point001/autoware.ai/install/autoware_map_msgs/lib/pkgconfig/autoware_map_msgs.pc
[2.937s] -- Up-to-date: /home/point001/autoware.ai/install/autoware_map_msgs/share/autoware_map_msgs/cmake/autoware_map_msgs-msg-extras.cmake
[2.937s] -- Up-to-date: /home/point001/autoware.ai/install/autoware_map_msgs/share/autoware_map_msgs/cmake/autoware_map_msgsConfig.cmake
[2.937s] -- Up-to-date: /home/point001/autoware.ai/install/autoware_map_msgs/share/autoware_map_msgs/cmake/autoware_map_msgsConfig-version.cmake
[2.937s] -- Up-to-date: /home/point001/autoware.ai/install/autoware_map_msgs/share/autoware_map_msgs/package.xml
[3.029s] Invoked command in '/home/point001/autoware.ai/build/autoware_map_msgs' returned '0': CONDA_PROMPT_MODIFIER=(base) /usr/bin/cmake --build /home/point001/autoware.ai/build/autoware_map_msgs --target install -- -j24 -l24
