[0.093s] Invoking command in '/home/point001/autoware.ai/build/autoware_msgs': /usr/bin/cmake --build /home/point001/autoware.ai/build/autoware_msgs -- -j24 -l24
[0.332s] [  0%] Built target geometry_msgs_generate_messages_py
[0.332s] [  0%] Built target jsk_recognition_msgs_generate_messages_py
[0.332s] [  0%] Built target std_msgs_generate_messages_py
[0.332s] [  0%] Built target _autoware_msgs_generate_messages_check_deps_DetectedObjectArray
[0.332s] [  0%] Built target _autoware_msgs_generate_messages_check_deps_ColorSet
[0.332s] [  0%] Built target sensor_msgs_generate_messages_py
[0.332s] [  0%] Built target _autoware_msgs_generate_messages_check_deps_ObjLabel
[0.332s] [  0%] Built target _autoware_msgs_generate_messages_check_deps_IndicatorCmd
[0.332s] [  0%] Built target _autoware_msgs_generate_messages_check_deps_WaypointState
[0.333s] [  0%] Built target _autoware_msgs_generate_messages_check_deps_DetectedObject
[0.333s] [  0%] Built target _autoware_msgs_generate_messages_check_deps_ICPStat
[0.333s] [  0%] Built target _autoware_msgs_generate_messages_check_deps_State
[0.333s] [  0%] Built target _autoware_msgs_generate_messages_check_deps_RemoteCmd
[0.333s] [  0%] Built target _autoware_msgs_generate_messages_check_deps_ImageRectRanged
[0.333s] [  0%] Built target _autoware_msgs_generate_messages_check_deps_SyncTimeDiff
[0.333s] [  0%] Built target _autoware_msgs_generate_messages_check_deps_VehicleCmd
[0.333s] [  0%] Built target _autoware_msgs_generate_messages_check_deps_CloudClusterArray
[0.352s] [  0%] Built target _autoware_msgs_generate_messages_check_deps_NDTStat
[0.353s] [  0%] Built target _autoware_msgs_generate_messages_check_deps_LaneArray
[0.381s] [  0%] Built target _autoware_msgs_generate_messages_check_deps_Lane
[0.382s] [  0%] Built target _autoware_msgs_generate_messages_check_deps_Waypoint
[0.384s] [  0%] Built target _autoware_msgs_generate_messages_check_deps_RecognizeLightState
[0.395s] [  0%] Built target _autoware_msgs_generate_messages_check_deps_TrafficLight
[0.395s] [  0%] Built target _autoware_msgs_generate_messages_check_deps_VehicleStatus
[0.395s] [  0%] Built target _autoware_msgs_generate_messages_check_deps_Gear
[0.395s] [  0%] Built target _autoware_msgs_generate_messages_check_deps_VscanTracked
[0.395s] [  0%] Built target _autoware_msgs_generate_messages_check_deps_ScanImage
[0.398s] [  0%] Built target _autoware_msgs_generate_messages_check_deps_ProjectionMatrix
[0.445s] [  0%] Built target _autoware_msgs_generate_messages_check_deps_BrakeCmd
[0.458s] [  0%] Built target _autoware_msgs_generate_messages_check_deps_ImageObjRanged
[0.468s] [  0%] Built target _autoware_msgs_generate_messages_check_deps_TrafficLightResult
[0.471s] [  0%] Built target _autoware_msgs_generate_messages_check_deps_ValueSet
[0.482s] [  0%] Built target _autoware_msgs_generate_messages_check_deps_AccelCmd
[0.496s] [  0%] Built target _autoware_msgs_generate_messages_check_deps_TunedResult
[0.537s] [  0%] Built target _autoware_msgs_generate_messages_check_deps_Centroids
[0.542s] [  0%] Built target _autoware_msgs_generate_messages_check_deps_ControlCommandStamped
[0.547s] [  0%] Built target _autoware_msgs_generate_messages_check_deps_AdjustXY
[0.549s] [  0%] Built target _autoware_msgs_generate_messages_check_deps_StateCmd
[0.552s] [  0%] Built target _autoware_msgs_generate_messages_check_deps_SyncTimeMonitor
[0.575s] [  0%] Built target _autoware_msgs_generate_messages_check_deps_ImageObjects
[0.579s] [  0%] Built target _autoware_msgs_generate_messages_check_deps_VscanTrackedArray
[0.579s] [  0%] Built target _autoware_msgs_generate_messages_check_deps_SteerCmd
[0.587s] [  0%] Built target _autoware_msgs_generate_messages_check_deps_ControlCommand
[0.587s] [  0%] Built target _autoware_msgs_generate_messages_check_deps_GeometricRectangle
[0.589s] [  0%] Built target _autoware_msgs_generate_messages_check_deps_TrafficLightResultArray
[0.602s] [  0%] Built target _autoware_msgs_generate_messages_check_deps_Signals
[0.603s] [  0%] Built target _autoware_msgs_generate_messages_check_deps_ExtractedPosition
[0.612s] [  0%] Built target _autoware_msgs_generate_messages_check_deps_ImageObjTracked
[0.622s] [  0%] Built target _autoware_msgs_generate_messages_check_deps_CloudCluster
[0.624s] [  0%] Built target std_msgs_generate_messages_cpp
[0.644s] [  0%] Built target _autoware_msgs_generate_messages_check_deps_ImageLaneObjects
[0.644s] [  0%] Built target _autoware_msgs_generate_messages_check_deps_LampCmd
[0.644s] [  0%] Built target _autoware_msgs_generate_messages_check_deps_ImageRect
[0.644s] [  0%] Built target sensor_msgs_generate_messages_cpp
[0.644s] [  0%] Built target _autoware_msgs_generate_messages_check_deps_ImageObj
[0.647s] [  0%] Built target std_msgs_generate_messages_eus
[0.648s] [  0%] Built target jsk_recognition_msgs_generate_messages_cpp
[0.648s] [  0%] Built target geometry_msgs_generate_messages_lisp
[0.652s] [  0%] Built target jsk_recognition_msgs_generate_messages_lisp
[0.657s] [  0%] Built target jsk_recognition_msgs_generate_messages_eus
[0.657s] [  0%] Built target geometry_msgs_generate_messages_eus
[0.657s] [  0%] Built target std_msgs_generate_messages_lisp
[0.666s] [  0%] Built target sensor_msgs_generate_messages_eus
[0.666s] [  0%] Built target sensor_msgs_generate_messages_nodejs
[0.670s] [  0%] Built target std_msgs_generate_messages_nodejs
[0.670s] [  0%] Built target geometry_msgs_generate_messages_nodejs
[0.671s] [  0%] Built target _autoware_msgs_generate_messages_check_deps_ObjPose
[0.674s] [  0%] Built target geometry_msgs_generate_messages_cpp
[0.676s] [  0%] Built target _autoware_msgs_generate_messages_check_deps_DTLane
[0.680s] [  0%] Built target _autoware_msgs_generate_messages_check_deps_VehicleLocation
[0.680s] [  0%] Built target sensor_msgs_generate_messages_lisp
[0.680s] [  0%] Built target _autoware_msgs_generate_messages_check_deps_PointsImage
[0.690s] [  0%] Built target jsk_recognition_msgs_generate_messages_nodejs
[0.711s] [ 20%] Built target autoware_msgs_generate_messages_eus
[0.715s] [ 40%] Built target autoware_msgs_generate_messages_lisp
[0.716s] [ 61%] Built target autoware_msgs_generate_messages_py
[0.717s] [ 80%] Built target autoware_msgs_generate_messages_cpp
[0.718s] [100%] Built target autoware_msgs_generate_messages_nodejs
[0.735s] [100%] Built target autoware_msgs_generate_messages
[0.774s] Invoked command in '/home/point001/autoware.ai/build/autoware_msgs' returned '0': /usr/bin/cmake --build /home/point001/autoware.ai/build/autoware_msgs -- -j24 -l24
[0.965s] Invoking command in '/home/point001/autoware.ai/build/autoware_msgs': /usr/bin/cmake --build /home/point001/autoware.ai/build/autoware_msgs --target tests -- -j24 -l24
[1.026s] Built target tests
[1.144s] Invoked command in '/home/point001/autoware.ai/build/autoware_msgs' returned '0': /usr/bin/cmake --build /home/point001/autoware.ai/build/autoware_msgs --target tests -- -j24 -l24
[1.560s] Invoking command in '/home/point001/autoware.ai/build/autoware_msgs': /usr/bin/cmake --build /home/point001/autoware.ai/build/autoware_msgs --target install -- -j24 -l24
[1.685s] [  0%] Built target jsk_recognition_msgs_generate_messages_py
[1.686s] [  0%] Built target std_msgs_generate_messages_py
[1.706s] [  0%] Built target sensor_msgs_generate_messages_py
[1.706s] [  0%] Built target _autoware_msgs_generate_messages_check_deps_CloudClusterArray
[1.710s] [  0%] Built target geometry_msgs_generate_messages_py
[1.719s] [  0%] Built target _autoware_msgs_generate_messages_check_deps_VscanTracked
[1.721s] [  0%] Built target _autoware_msgs_generate_messages_check_deps_ColorSet
[1.727s] [  0%] Built target _autoware_msgs_generate_messages_check_deps_ScanImage
[1.731s] [  0%] Built target _autoware_msgs_generate_messages_check_deps_ICPStat
[1.741s] [  0%] Built target _autoware_msgs_generate_messages_check_deps_NDTStat
[1.744s] [  0%] Built target _autoware_msgs_generate_messages_check_deps_WaypointState
[1.744s] [  0%] Built target _autoware_msgs_generate_messages_check_deps_VehicleCmd
[1.746s] [  0%] Built target _autoware_msgs_generate_messages_check_deps_IndicatorCmd
[1.758s] [  0%] Built target _autoware_msgs_generate_messages_check_deps_ObjLabel
[1.759s] [  0%] Built target _autoware_msgs_generate_messages_check_deps_Waypoint
[1.759s] [  0%] Built target _autoware_msgs_generate_messages_check_deps_RecognizeLightState
[1.768s] [  0%] Built target _autoware_msgs_generate_messages_check_deps_DetectedObject
[1.769s] [  0%] Built target _autoware_msgs_generate_messages_check_deps_SyncTimeDiff
[1.770s] [  0%] Built target _autoware_msgs_generate_messages_check_deps_Gear
[1.770s] [  0%] Built target _autoware_msgs_generate_messages_check_deps_State
[1.774s] [  0%] Built target _autoware_msgs_generate_messages_check_deps_ProjectionMatrix
[1.777s] [  0%] Built target _autoware_msgs_generate_messages_check_deps_TrafficLight
[1.792s] [  0%] Built target _autoware_msgs_generate_messages_check_deps_ImageRectRanged
[1.793s] [  0%] Built target _autoware_msgs_generate_messages_check_deps_DetectedObjectArray
[1.798s] [  0%] Built target _autoware_msgs_generate_messages_check_deps_RemoteCmd
[1.798s] [  0%] Built target _autoware_msgs_generate_messages_check_deps_Lane
[1.814s] [  0%] Built target _autoware_msgs_generate_messages_check_deps_TunedResult
[1.816s] [  0%] Built target _autoware_msgs_generate_messages_check_deps_LaneArray
[1.828s] [  0%] Built target _autoware_msgs_generate_messages_check_deps_Signals
[1.839s] [  0%] Built target _autoware_msgs_generate_messages_check_deps_BrakeCmd
[1.848s] [  0%] Built target _autoware_msgs_generate_messages_check_deps_VehicleStatus
[1.862s] [  0%] Built target _autoware_msgs_generate_messages_check_deps_SteerCmd
[1.866s] [  0%] Built target _autoware_msgs_generate_messages_check_deps_TrafficLightResult
[1.872s] [  0%] Built target _autoware_msgs_generate_messages_check_deps_ImageObjRanged
[1.873s] [  0%] Built target _autoware_msgs_generate_messages_check_deps_ValueSet
[1.878s] [  0%] Built target _autoware_msgs_generate_messages_check_deps_VscanTrackedArray
[1.922s] [  0%] Built target _autoware_msgs_generate_messages_check_deps_ImageRect
[1.922s] [  0%] Built target _autoware_msgs_generate_messages_check_deps_ControlCommandStamped
[1.922s] [  0%] Built target _autoware_msgs_generate_messages_check_deps_GeometricRectangle
[1.929s] [  0%] Built target _autoware_msgs_generate_messages_check_deps_AccelCmd
[1.929s] [  0%] Built target _autoware_msgs_generate_messages_check_deps_TrafficLightResultArray
[1.930s] [  0%] Built target _autoware_msgs_generate_messages_check_deps_Centroids
[1.937s] [  0%] Built target _autoware_msgs_generate_messages_check_deps_ImageObj
[1.938s] [  0%] Built target _autoware_msgs_generate_messages_check_deps_ObjPose
[1.946s] [  0%] Built target _autoware_msgs_generate_messages_check_deps_ControlCommand
[1.946s] [  0%] Built target _autoware_msgs_generate_messages_check_deps_StateCmd
[1.951s] [  0%] Built target _autoware_msgs_generate_messages_check_deps_ExtractedPosition
[1.956s] [  0%] Built target _autoware_msgs_generate_messages_check_deps_SyncTimeMonitor
[1.975s] [  0%] Built target geometry_msgs_generate_messages_eus
[1.975s] [  0%] Built target _autoware_msgs_generate_messages_check_deps_CloudCluster
[1.976s] [  0%] Built target _autoware_msgs_generate_messages_check_deps_VehicleLocation
[1.982s] [  0%] Built target _autoware_msgs_generate_messages_check_deps_AdjustXY
[1.983s] [  0%] Built target _autoware_msgs_generate_messages_check_deps_ImageObjects
[1.990s] [  0%] Built target std_msgs_generate_messages_eus
[1.997s] [  0%] Built target sensor_msgs_generate_messages_eus
[2.000s] [  0%] Built target _autoware_msgs_generate_messages_check_deps_ImageLaneObjects
[2.004s] [  0%] Built target jsk_recognition_msgs_generate_messages_eus
[2.008s] [  0%] Built target geometry_msgs_generate_messages_cpp
[2.009s] [  0%] Built target _autoware_msgs_generate_messages_check_deps_LampCmd
[2.009s] [  0%] Built target std_msgs_generate_messages_cpp
[2.010s] [  0%] Built target _autoware_msgs_generate_messages_check_deps_DTLane
[2.011s] [  0%] Built target _autoware_msgs_generate_messages_check_deps_ImageObjTracked
[2.015s] [  0%] Built target sensor_msgs_generate_messages_cpp
[2.017s] [  0%] Built target _autoware_msgs_generate_messages_check_deps_PointsImage
[2.017s] [  0%] Built target jsk_recognition_msgs_generate_messages_nodejs
[2.052s] [  0%] Built target sensor_msgs_generate_messages_nodejs
[2.065s] [  0%] Built target geometry_msgs_generate_messages_lisp
[2.065s] [  0%] Built target jsk_recognition_msgs_generate_messages_cpp
[2.065s] [  0%] Built target sensor_msgs_generate_messages_lisp
[2.071s] [  0%] Built target std_msgs_generate_messages_lisp
[2.071s] [  0%] Built target jsk_recognition_msgs_generate_messages_lisp
[2.071s] [  0%] Built target std_msgs_generate_messages_nodejs
[2.083s] [  0%] Built target geometry_msgs_generate_messages_nodejs
[2.085s] [ 20%] Built target autoware_msgs_generate_messages_py
[2.087s] [ 40%] Built target autoware_msgs_generate_messages_lisp
[2.088s] [ 59%] Built target autoware_msgs_generate_messages_cpp
[2.088s] [ 79%] Built target autoware_msgs_generate_messages_nodejs
[2.090s] [100%] Built target autoware_msgs_generate_messages_eus
[2.098s] [100%] Built target autoware_msgs_generate_messages
[2.116s] [36mInstall the project...[0m
[2.125s] -- Install configuration: "Release"
[2.135s] -- Up-to-date: /home/point001/autoware.ai/install/autoware_msgs/share/autoware_msgs/msg/AccelCmd.msg
[2.135s] -- Up-to-date: /home/point001/autoware.ai/install/autoware_msgs/share/autoware_msgs/msg/AdjustXY.msg
[2.135s] -- Up-to-date: /home/point001/autoware.ai/install/autoware_msgs/share/autoware_msgs/msg/BrakeCmd.msg
[2.136s] -- Up-to-date: /home/point001/autoware.ai/install/autoware_msgs/share/autoware_msgs/msg/Centroids.msg
[2.136s] -- Up-to-date: /home/point001/autoware.ai/install/autoware_msgs/share/autoware_msgs/msg/CloudCluster.msg
[2.136s] -- Up-to-date: /home/point001/autoware.ai/install/autoware_msgs/share/autoware_msgs/msg/CloudClusterArray.msg
[2.136s] -- Up-to-date: /home/point001/autoware.ai/install/autoware_msgs/share/autoware_msgs/msg/ColorSet.msg
[2.136s] -- Up-to-date: /home/point001/autoware.ai/install/autoware_msgs/share/autoware_msgs/msg/ControlCommand.msg
[2.136s] -- Up-to-date: /home/point001/autoware.ai/install/autoware_msgs/share/autoware_msgs/msg/ControlCommandStamped.msg
[2.136s] -- Up-to-date: /home/point001/autoware.ai/install/autoware_msgs/share/autoware_msgs/msg/DTLane.msg
[2.136s] -- Up-to-date: /home/point001/autoware.ai/install/autoware_msgs/share/autoware_msgs/msg/DetectedObject.msg
[2.136s] -- Up-to-date: /home/point001/autoware.ai/install/autoware_msgs/share/autoware_msgs/msg/DetectedObjectArray.msg
[2.138s] -- Up-to-date: /home/point001/autoware.ai/install/autoware_msgs/share/autoware_msgs/msg/ExtractedPosition.msg
[2.138s] -- Up-to-date: /home/point001/autoware.ai/install/autoware_msgs/share/autoware_msgs/msg/Gear.msg
[2.139s] -- Up-to-date: /home/point001/autoware.ai/install/autoware_msgs/share/autoware_msgs/msg/GeometricRectangle.msg
[2.139s] -- Up-to-date: /home/point001/autoware.ai/install/autoware_msgs/share/autoware_msgs/msg/ICPStat.msg
[2.139s] -- Up-to-date: /home/point001/autoware.ai/install/autoware_msgs/share/autoware_msgs/msg/ImageLaneObjects.msg
[2.139s] -- Up-to-date: /home/point001/autoware.ai/install/autoware_msgs/share/autoware_msgs/msg/ImageObj.msg
[2.139s] -- Up-to-date: /home/point001/autoware.ai/install/autoware_msgs/share/autoware_msgs/msg/ImageObjRanged.msg
[2.139s] -- Up-to-date: /home/point001/autoware.ai/install/autoware_msgs/share/autoware_msgs/msg/ImageObjTracked.msg
[2.139s] -- Up-to-date: /home/point001/autoware.ai/install/autoware_msgs/share/autoware_msgs/msg/ImageObjects.msg
[2.139s] -- Up-to-date: /home/point001/autoware.ai/install/autoware_msgs/share/autoware_msgs/msg/ImageRect.msg
[2.139s] -- Up-to-date: /home/point001/autoware.ai/install/autoware_msgs/share/autoware_msgs/msg/ImageRectRanged.msg
[2.139s] -- Up-to-date: /home/point001/autoware.ai/install/autoware_msgs/share/autoware_msgs/msg/IndicatorCmd.msg
[2.139s] -- Up-to-date: /home/point001/autoware.ai/install/autoware_msgs/share/autoware_msgs/msg/LampCmd.msg
[2.140s] -- Up-to-date: /home/point001/autoware.ai/install/autoware_msgs/share/autoware_msgs/msg/Lane.msg
[2.140s] -- Up-to-date: /home/point001/autoware.ai/install/autoware_msgs/share/autoware_msgs/msg/LaneArray.msg
[2.140s] -- Up-to-date: /home/point001/autoware.ai/install/autoware_msgs/share/autoware_msgs/msg/NDTStat.msg
[2.140s] -- Up-to-date: /home/point001/autoware.ai/install/autoware_msgs/share/autoware_msgs/msg/ObjLabel.msg
[2.140s] -- Up-to-date: /home/point001/autoware.ai/install/autoware_msgs/share/autoware_msgs/msg/ObjPose.msg
[2.140s] -- Up-to-date: /home/point001/autoware.ai/install/autoware_msgs/share/autoware_msgs/msg/PointsImage.msg
[2.142s] -- Up-to-date: /home/point001/autoware.ai/install/autoware_msgs/share/autoware_msgs/msg/ProjectionMatrix.msg
[2.143s] -- Up-to-date: /home/point001/autoware.ai/install/autoware_msgs/share/autoware_msgs/msg/RemoteCmd.msg
[2.143s] -- Up-to-date: /home/point001/autoware.ai/install/autoware_msgs/share/autoware_msgs/msg/ScanImage.msg
[2.153s] -- Up-to-date: /home/point001/autoware.ai/install/autoware_msgs/share/autoware_msgs/msg/Signals.msg
[2.153s] -- Up-to-date: /home/point001/autoware.ai/install/autoware_msgs/share/autoware_msgs/msg/State.msg
[2.153s] -- Up-to-date: /home/point001/autoware.ai/install/autoware_msgs/share/autoware_msgs/msg/StateCmd.msg
[2.153s] -- Up-to-date: /home/point001/autoware.ai/install/autoware_msgs/share/autoware_msgs/msg/SteerCmd.msg
[2.153s] -- Up-to-date: /home/point001/autoware.ai/install/autoware_msgs/share/autoware_msgs/msg/SyncTimeDiff.msg
[2.153s] -- Up-to-date: /home/point001/autoware.ai/install/autoware_msgs/share/autoware_msgs/msg/SyncTimeMonitor.msg
[2.153s] -- Up-to-date: /home/point001/autoware.ai/install/autoware_msgs/share/autoware_msgs/msg/TrafficLight.msg
[2.154s] -- Up-to-date: /home/point001/autoware.ai/install/autoware_msgs/share/autoware_msgs/msg/TrafficLightResult.msg
[2.154s] -- Up-to-date: /home/point001/autoware.ai/install/autoware_msgs/share/autoware_msgs/msg/TrafficLightResultArray.msg
[2.154s] -- Up-to-date: /home/point001/autoware.ai/install/autoware_msgs/share/autoware_msgs/msg/TunedResult.msg
[2.154s] -- Up-to-date: /home/point001/autoware.ai/install/autoware_msgs/share/autoware_msgs/msg/ValueSet.msg
[2.154s] -- Up-to-date: /home/point001/autoware.ai/install/autoware_msgs/share/autoware_msgs/msg/VehicleCmd.msg
[2.154s] -- Up-to-date: /home/point001/autoware.ai/install/autoware_msgs/share/autoware_msgs/msg/VehicleLocation.msg
[2.154s] -- Up-to-date: /home/point001/autoware.ai/install/autoware_msgs/share/autoware_msgs/msg/VehicleStatus.msg
[2.154s] -- Up-to-date: /home/point001/autoware.ai/install/autoware_msgs/share/autoware_msgs/msg/VscanTracked.msg
[2.154s] -- Up-to-date: /home/point001/autoware.ai/install/autoware_msgs/share/autoware_msgs/msg/VscanTrackedArray.msg
[2.154s] -- Up-to-date: /home/point001/autoware.ai/install/autoware_msgs/share/autoware_msgs/msg/Waypoint.msg
[2.154s] -- Up-to-date: /home/point001/autoware.ai/install/autoware_msgs/share/autoware_msgs/msg/WaypointState.msg
[2.154s] -- Up-to-date: /home/point001/autoware.ai/install/autoware_msgs/share/autoware_msgs/srv/RecognizeLightState.srv
[2.154s] -- Up-to-date: /home/point001/autoware.ai/install/autoware_msgs/share/autoware_msgs/cmake/autoware_msgs-msg-paths.cmake
[2.154s] -- Up-to-date: /home/point001/autoware.ai/install/autoware_msgs/include/autoware_msgs
[2.155s] -- Up-to-date: /home/point001/autoware.ai/install/autoware_msgs/include/autoware_msgs/Waypoint.h
[2.155s] -- Up-to-date: /home/point001/autoware.ai/install/autoware_msgs/include/autoware_msgs/CloudCluster.h
[2.155s] -- Up-to-date: /home/point001/autoware.ai/install/autoware_msgs/include/autoware_msgs/ObjLabel.h
[2.155s] -- Up-to-date: /home/point001/autoware.ai/install/autoware_msgs/include/autoware_msgs/RecognizeLightState.h
[2.155s] -- Up-to-date: /home/point001/autoware.ai/install/autoware_msgs/include/autoware_msgs/ScanImage.h
[2.155s] -- Up-to-date: /home/point001/autoware.ai/install/autoware_msgs/include/autoware_msgs/NDTStat.h
[2.155s] -- Up-to-date: /home/point001/autoware.ai/install/autoware_msgs/include/autoware_msgs/Gear.h
[2.155s] -- Up-to-date: /home/point001/autoware.ai/install/autoware_msgs/include/autoware_msgs/TunedResult.h
[2.155s] -- Up-to-date: /home/point001/autoware.ai/install/autoware_msgs/include/autoware_msgs/GeometricRectangle.h
[2.155s] -- Up-to-date: /home/point001/autoware.ai/install/autoware_msgs/include/autoware_msgs/ProjectionMatrix.h
[2.155s] -- Up-to-date: /home/point001/autoware.ai/install/autoware_msgs/include/autoware_msgs/AdjustXY.h
[2.155s] -- Up-to-date: /home/point001/autoware.ai/install/autoware_msgs/include/autoware_msgs/ImageRectRanged.h
[2.155s] -- Up-to-date: /home/point001/autoware.ai/install/autoware_msgs/include/autoware_msgs/StateCmd.h
[2.155s] -- Up-to-date: /home/point001/autoware.ai/install/autoware_msgs/include/autoware_msgs/DetectedObject.h
[2.155s] -- Up-to-date: /home/point001/autoware.ai/install/autoware_msgs/include/autoware_msgs/CloudClusterArray.h
[2.155s] -- Up-to-date: /home/point001/autoware.ai/install/autoware_msgs/include/autoware_msgs/LaneArray.h
[2.158s] -- Up-to-date: /home/point001/autoware.ai/install/autoware_msgs/include/autoware_msgs/RemoteCmd.h
[2.158s] -- Up-to-date: /home/point001/autoware.ai/install/autoware_msgs/include/autoware_msgs/SteerCmd.h
[2.158s] -- Up-to-date: /home/point001/autoware.ai/install/autoware_msgs/include/autoware_msgs/Lane.h
[2.158s] -- Up-to-date: /home/point001/autoware.ai/install/autoware_msgs/include/autoware_msgs/RecognizeLightStateRequest.h
[2.158s] -- Up-to-date: /home/point001/autoware.ai/install/autoware_msgs/include/autoware_msgs/ValueSet.h
[2.158s] -- Up-to-date: /home/point001/autoware.ai/install/autoware_msgs/include/autoware_msgs/VehicleCmd.h
[2.158s] -- Up-to-date: /home/point001/autoware.ai/install/autoware_msgs/include/autoware_msgs/DTLane.h
[2.159s] -- Up-to-date: /home/point001/autoware.ai/install/autoware_msgs/include/autoware_msgs/ControlCommand.h
[2.159s] -- Up-to-date: /home/point001/autoware.ai/install/autoware_msgs/include/autoware_msgs/SyncTimeDiff.h
[2.159s] -- Up-to-date: /home/point001/autoware.ai/install/autoware_msgs/include/autoware_msgs/WaypointState.h
[2.159s] -- Up-to-date: /home/point001/autoware.ai/install/autoware_msgs/include/autoware_msgs/Signals.h
[2.167s] -- Up-to-date: /home/point001/autoware.ai/install/autoware_msgs/include/autoware_msgs/VscanTracked.h
[2.167s] -- Up-to-date: /home/point001/autoware.ai/install/autoware_msgs/include/autoware_msgs/Centroids.h
[2.167s] -- Up-to-date: /home/point001/autoware.ai/install/autoware_msgs/include/autoware_msgs/ICPStat.h
[2.167s] -- Up-to-date: /home/point001/autoware.ai/install/autoware_msgs/include/autoware_msgs/TrafficLight.h
[2.168s] -- Up-to-date: /home/point001/autoware.ai/install/autoware_msgs/include/autoware_msgs/SyncTimeMonitor.h
[2.168s] -- Up-to-date: /home/point001/autoware.ai/install/autoware_msgs/include/autoware_msgs/VehicleLocation.h
[2.168s] -- Up-to-date: /home/point001/autoware.ai/install/autoware_msgs/include/autoware_msgs/ImageObjTracked.h
[2.168s] -- Up-to-date: /home/point001/autoware.ai/install/autoware_msgs/include/autoware_msgs/LampCmd.h
[2.168s] -- Up-to-date: /home/point001/autoware.ai/install/autoware_msgs/include/autoware_msgs/RecognizeLightStateResponse.h
[2.168s] -- Up-to-date: /home/point001/autoware.ai/install/autoware_msgs/include/autoware_msgs/ObjPose.h
[2.168s] -- Up-to-date: /home/point001/autoware.ai/install/autoware_msgs/include/autoware_msgs/State.h
[2.168s] -- Up-to-date: /home/point001/autoware.ai/install/autoware_msgs/include/autoware_msgs/VehicleStatus.h
[2.168s] -- Up-to-date: /home/point001/autoware.ai/install/autoware_msgs/include/autoware_msgs/VscanTrackedArray.h
[2.168s] -- Up-to-date: /home/point001/autoware.ai/install/autoware_msgs/include/autoware_msgs/PointsImage.h
[2.168s] -- Up-to-date: /home/point001/autoware.ai/install/autoware_msgs/include/autoware_msgs/TrafficLightResultArray.h
[2.168s] -- Up-to-date: /home/point001/autoware.ai/install/autoware_msgs/include/autoware_msgs/ImageObj.h
[2.168s] -- Up-to-date: /home/point001/autoware.ai/install/autoware_msgs/include/autoware_msgs/ControlCommandStamped.h
[2.168s] -- Up-to-date: /home/point001/autoware.ai/install/autoware_msgs/include/autoware_msgs/IndicatorCmd.h
[2.169s] -- Up-to-date: /home/point001/autoware.ai/install/autoware_msgs/include/autoware_msgs/AccelCmd.h
[2.169s] -- Up-to-date: /home/point001/autoware.ai/install/autoware_msgs/include/autoware_msgs/ColorSet.h
[2.169s] -- Up-to-date: /home/point001/autoware.ai/install/autoware_msgs/include/autoware_msgs/BrakeCmd.h
[2.169s] -- Up-to-date: /home/point001/autoware.ai/install/autoware_msgs/include/autoware_msgs/TrafficLightResult.h
[2.169s] -- Up-to-date: /home/point001/autoware.ai/install/autoware_msgs/include/autoware_msgs/ImageObjRanged.h
[2.169s] -- Up-to-date: /home/point001/autoware.ai/install/autoware_msgs/include/autoware_msgs/ImageLaneObjects.h
[2.169s] -- Up-to-date: /home/point001/autoware.ai/install/autoware_msgs/include/autoware_msgs/ImageRect.h
[2.169s] -- Up-to-date: /home/point001/autoware.ai/install/autoware_msgs/include/autoware_msgs/DetectedObjectArray.h
[2.169s] -- Up-to-date: /home/point001/autoware.ai/install/autoware_msgs/include/autoware_msgs/ImageObjects.h
[2.169s] -- Up-to-date: /home/point001/autoware.ai/install/autoware_msgs/include/autoware_msgs/ExtractedPosition.h
[2.169s] -- Up-to-date: /home/point001/autoware.ai/install/autoware_msgs/share/roseus/ros/autoware_msgs
[2.169s] -- Up-to-date: /home/point001/autoware.ai/install/autoware_msgs/share/roseus/ros/autoware_msgs/srv
[2.169s] -- Up-to-date: /home/point001/autoware.ai/install/autoware_msgs/share/roseus/ros/autoware_msgs/srv/RecognizeLightState.l
[2.169s] -- Up-to-date: /home/point001/autoware.ai/install/autoware_msgs/share/roseus/ros/autoware_msgs/manifest.l
[2.170s] -- Up-to-date: /home/point001/autoware.ai/install/autoware_msgs/share/roseus/ros/autoware_msgs/msg
[2.170s] -- Up-to-date: /home/point001/autoware.ai/install/autoware_msgs/share/roseus/ros/autoware_msgs/msg/ExtractedPosition.l
[2.170s] -- Up-to-date: /home/point001/autoware.ai/install/autoware_msgs/share/roseus/ros/autoware_msgs/msg/CloudClusterArray.l
[2.170s] -- Up-to-date: /home/point001/autoware.ai/install/autoware_msgs/share/roseus/ros/autoware_msgs/msg/ControlCommand.l
[2.170s] -- Up-to-date: /home/point001/autoware.ai/install/autoware_msgs/share/roseus/ros/autoware_msgs/msg/ICPStat.l
[2.170s] -- Up-to-date: /home/point001/autoware.ai/install/autoware_msgs/share/roseus/ros/autoware_msgs/msg/StateCmd.l
[2.170s] -- Up-to-date: /home/point001/autoware.ai/install/autoware_msgs/share/roseus/ros/autoware_msgs/msg/ImageObjects.l
[2.170s] -- Up-to-date: /home/point001/autoware.ai/install/autoware_msgs/share/roseus/ros/autoware_msgs/msg/ControlCommandStamped.l
[2.170s] -- Up-to-date: /home/point001/autoware.ai/install/autoware_msgs/share/roseus/ros/autoware_msgs/msg/SteerCmd.l
[2.170s] -- Up-to-date: /home/point001/autoware.ai/install/autoware_msgs/share/roseus/ros/autoware_msgs/msg/ImageObj.l
[2.170s] -- Up-to-date: /home/point001/autoware.ai/install/autoware_msgs/share/roseus/ros/autoware_msgs/msg/VscanTrackedArray.l
[2.171s] -- Up-to-date: /home/point001/autoware.ai/install/autoware_msgs/share/roseus/ros/autoware_msgs/msg/Lane.l
[2.171s] -- Up-to-date: /home/point001/autoware.ai/install/autoware_msgs/share/roseus/ros/autoware_msgs/msg/ObjLabel.l
[2.171s] -- Up-to-date: /home/point001/autoware.ai/install/autoware_msgs/share/roseus/ros/autoware_msgs/msg/ImageRect.l
[2.171s] -- Up-to-date: /home/point001/autoware.ai/install/autoware_msgs/share/roseus/ros/autoware_msgs/msg/GeometricRectangle.l
[2.171s] -- Up-to-date: /home/point001/autoware.ai/install/autoware_msgs/share/roseus/ros/autoware_msgs/msg/AccelCmd.l
[2.171s] -- Up-to-date: /home/point001/autoware.ai/install/autoware_msgs/share/roseus/ros/autoware_msgs/msg/BrakeCmd.l
[2.173s] -- Up-to-date: /home/point001/autoware.ai/install/autoware_msgs/share/roseus/ros/autoware_msgs/msg/ProjectionMatrix.l
[2.173s] -- Up-to-date: /home/point001/autoware.ai/install/autoware_msgs/share/roseus/ros/autoware_msgs/msg/VscanTracked.l
[2.173s] -- Up-to-date: /home/point001/autoware.ai/install/autoware_msgs/share/roseus/ros/autoware_msgs/msg/Gear.l
[2.173s] -- Up-to-date: /home/point001/autoware.ai/install/autoware_msgs/share/roseus/ros/autoware_msgs/msg/WaypointState.l
[2.173s] -- Up-to-date: /home/point001/autoware.ai/install/autoware_msgs/share/roseus/ros/autoware_msgs/msg/IndicatorCmd.l
[2.173s] -- Up-to-date: /home/point001/autoware.ai/install/autoware_msgs/share/roseus/ros/autoware_msgs/msg/ImageObjTracked.l
[2.173s] -- Up-to-date: /home/point001/autoware.ai/install/autoware_msgs/share/roseus/ros/autoware_msgs/msg/VehicleStatus.l
[2.173s] -- Up-to-date: /home/point001/autoware.ai/install/autoware_msgs/share/roseus/ros/autoware_msgs/msg/TrafficLight.l
[2.187s] -- Up-to-date: /home/point001/autoware.ai/install/autoware_msgs/share/roseus/ros/autoware_msgs/msg/SyncTimeMonitor.l
[2.187s] -- Up-to-date: /home/point001/autoware.ai/install/autoware_msgs/share/roseus/ros/autoware_msgs/msg/DetectedObject.l
[2.187s] -- Up-to-date: /home/point001/autoware.ai/install/autoware_msgs/share/roseus/ros/autoware_msgs/msg/SyncTimeDiff.l
[2.187s] -- Up-to-date: /home/point001/autoware.ai/install/autoware_msgs/share/roseus/ros/autoware_msgs/msg/VehicleLocation.l
[2.187s] -- Up-to-date: /home/point001/autoware.ai/install/autoware_msgs/share/roseus/ros/autoware_msgs/msg/Waypoint.l
[2.188s] -- Up-to-date: /home/point001/autoware.ai/install/autoware_msgs/share/roseus/ros/autoware_msgs/msg/LampCmd.l
[2.188s] -- Up-to-date: /home/point001/autoware.ai/install/autoware_msgs/share/roseus/ros/autoware_msgs/msg/ImageLaneObjects.l
[2.189s] -- Up-to-date: /home/point001/autoware.ai/install/autoware_msgs/share/roseus/ros/autoware_msgs/msg/Signals.l
[2.189s] -- Up-to-date: /home/point001/autoware.ai/install/autoware_msgs/share/roseus/ros/autoware_msgs/msg/TrafficLightResult.l
[2.189s] -- Up-to-date: /home/point001/autoware.ai/install/autoware_msgs/share/roseus/ros/autoware_msgs/msg/ScanImage.l
[2.189s] -- Up-to-date: /home/point001/autoware.ai/install/autoware_msgs/share/roseus/ros/autoware_msgs/msg/DTLane.l
[2.189s] -- Up-to-date: /home/point001/autoware.ai/install/autoware_msgs/share/roseus/ros/autoware_msgs/msg/DetectedObjectArray.l
[2.189s] -- Up-to-date: /home/point001/autoware.ai/install/autoware_msgs/share/roseus/ros/autoware_msgs/msg/ImageRectRanged.l
[2.189s] -- Up-to-date: /home/point001/autoware.ai/install/autoware_msgs/share/roseus/ros/autoware_msgs/msg/Centroids.l
[2.189s] -- Up-to-date: /home/point001/autoware.ai/install/autoware_msgs/share/roseus/ros/autoware_msgs/msg/PointsImage.l
[2.189s] -- Up-to-date: /home/point001/autoware.ai/install/autoware_msgs/share/roseus/ros/autoware_msgs/msg/RemoteCmd.l
[2.189s] -- Up-to-date: /home/point001/autoware.ai/install/autoware_msgs/share/roseus/ros/autoware_msgs/msg/CloudCluster.l
[2.190s] -- Up-to-date: /home/point001/autoware.ai/install/autoware_msgs/share/roseus/ros/autoware_msgs/msg/State.l
[2.190s] -- Up-to-date: /home/point001/autoware.ai/install/autoware_msgs/share/roseus/ros/autoware_msgs/msg/NDTStat.l
[2.190s] -- Up-to-date: /home/point001/autoware.ai/install/autoware_msgs/share/roseus/ros/autoware_msgs/msg/VehicleCmd.l
[2.190s] -- Up-to-date: /home/point001/autoware.ai/install/autoware_msgs/share/roseus/ros/autoware_msgs/msg/AdjustXY.l
[2.190s] -- Up-to-date: /home/point001/autoware.ai/install/autoware_msgs/share/roseus/ros/autoware_msgs/msg/ValueSet.l
[2.190s] -- Up-to-date: /home/point001/autoware.ai/install/autoware_msgs/share/roseus/ros/autoware_msgs/msg/ImageObjRanged.l
[2.190s] -- Up-to-date: /home/point001/autoware.ai/install/autoware_msgs/share/roseus/ros/autoware_msgs/msg/LaneArray.l
[2.192s] -- Up-to-date: /home/point001/autoware.ai/install/autoware_msgs/share/roseus/ros/autoware_msgs/msg/TunedResult.l
[2.192s] -- Up-to-date: /home/point001/autoware.ai/install/autoware_msgs/share/roseus/ros/autoware_msgs/msg/ColorSet.l
[2.192s] -- Up-to-date: /home/point001/autoware.ai/install/autoware_msgs/share/roseus/ros/autoware_msgs/msg/TrafficLightResultArray.l
[2.192s] -- Up-to-date: /home/point001/autoware.ai/install/autoware_msgs/share/roseus/ros/autoware_msgs/msg/ObjPose.l
[2.192s] -- Up-to-date: /home/point001/autoware.ai/install/autoware_msgs/share/common-lisp/ros/autoware_msgs
[2.192s] -- Up-to-date: /home/point001/autoware.ai/install/autoware_msgs/share/common-lisp/ros/autoware_msgs/srv
[2.192s] -- Up-to-date: /home/point001/autoware.ai/install/autoware_msgs/share/common-lisp/ros/autoware_msgs/srv/_package_RecognizeLightState.lisp
[2.192s] -- Up-to-date: /home/point001/autoware.ai/install/autoware_msgs/share/common-lisp/ros/autoware_msgs/srv/_package.lisp
[2.193s] -- Up-to-date: /home/point001/autoware.ai/install/autoware_msgs/share/common-lisp/ros/autoware_msgs/srv/RecognizeLightState.lisp
[2.193s] -- Up-to-date: /home/point001/autoware.ai/install/autoware_msgs/share/common-lisp/ros/autoware_msgs/srv/autoware_msgs-srv.asd
[2.193s] -- Up-to-date: /home/point001/autoware.ai/install/autoware_msgs/share/common-lisp/ros/autoware_msgs/msg
[2.193s] -- Up-to-date: /home/point001/autoware.ai/install/autoware_msgs/share/common-lisp/ros/autoware_msgs/msg/ICPStat.lisp
[2.193s] -- Up-to-date: /home/point001/autoware.ai/install/autoware_msgs/share/common-lisp/ros/autoware_msgs/msg/_package_VehicleStatus.lisp
[2.194s] -- Up-to-date: /home/point001/autoware.ai/install/autoware_msgs/share/common-lisp/ros/autoware_msgs/msg/RemoteCmd.lisp
[2.194s] -- Up-to-date: /home/point001/autoware.ai/install/autoware_msgs/share/common-lisp/ros/autoware_msgs/msg/ScanImage.lisp
[2.194s] -- Up-to-date: /home/point001/autoware.ai/install/autoware_msgs/share/common-lisp/ros/autoware_msgs/msg/_package_ImageObjRanged.lisp
[2.194s] -- Up-to-date: /home/point001/autoware.ai/install/autoware_msgs/share/common-lisp/ros/autoware_msgs/msg/_package_ProjectionMatrix.lisp
[2.198s] -- Up-to-date: /home/point001/autoware.ai/install/autoware_msgs/share/common-lisp/ros/autoware_msgs/msg/Signals.lisp
[2.198s] -- Up-to-date: /home/point001/autoware.ai/install/autoware_msgs/share/common-lisp/ros/autoware_msgs/msg/TunedResult.lisp
[2.198s] -- Up-to-date: /home/point001/autoware.ai/install/autoware_msgs/share/common-lisp/ros/autoware_msgs/msg/Centroids.lisp
[2.198s] -- Up-to-date: /home/point001/autoware.ai/install/autoware_msgs/share/common-lisp/ros/autoware_msgs/msg/_package_LaneArray.lisp
[2.198s] -- Up-to-date: /home/point001/autoware.ai/install/autoware_msgs/share/common-lisp/ros/autoware_msgs/msg/ValueSet.lisp
[2.199s] -- Up-to-date: /home/point001/autoware.ai/install/autoware_msgs/share/common-lisp/ros/autoware_msgs/msg/Lane.lisp
[2.199s] -- Up-to-date: /home/point001/autoware.ai/install/autoware_msgs/share/common-lisp/ros/autoware_msgs/msg/_package_ScanImage.lisp
[2.199s] -- Up-to-date: /home/point001/autoware.ai/install/autoware_msgs/share/common-lisp/ros/autoware_msgs/msg/ImageRect.lisp
[2.199s] -- Up-to-date: /home/point001/autoware.ai/install/autoware_msgs/share/common-lisp/ros/autoware_msgs/msg/_package_DTLane.lisp
[2.199s] -- Up-to-date: /home/point001/autoware.ai/install/autoware_msgs/share/common-lisp/ros/autoware_msgs/msg/_package_ImageLaneObjects.lisp
[2.199s] -- Up-to-date: /home/point001/autoware.ai/install/autoware_msgs/share/common-lisp/ros/autoware_msgs/msg/_package_StateCmd.lisp
[2.199s] -- Up-to-date: /home/point001/autoware.ai/install/autoware_msgs/share/common-lisp/ros/autoware_msgs/msg/VehicleLocation.lisp
[2.199s] -- Up-to-date: /home/point001/autoware.ai/install/autoware_msgs/share/common-lisp/ros/autoware_msgs/msg/_package_AccelCmd.lisp
[2.199s] -- Up-to-date: /home/point001/autoware.ai/install/autoware_msgs/share/common-lisp/ros/autoware_msgs/msg/_package_WaypointState.lisp
[2.199s] -- Up-to-date: /home/point001/autoware.ai/install/autoware_msgs/share/common-lisp/ros/autoware_msgs/msg/_package_ControlCommandStamped.lisp
[2.199s] -- Up-to-date: /home/point001/autoware.ai/install/autoware_msgs/share/common-lisp/ros/autoware_msgs/msg/GeometricRectangle.lisp
[2.200s] -- Up-to-date: /home/point001/autoware.ai/install/autoware_msgs/share/common-lisp/ros/autoware_msgs/msg/_package_ExtractedPosition.lisp
[2.200s] -- Up-to-date: /home/point001/autoware.ai/install/autoware_msgs/share/common-lisp/ros/autoware_msgs/msg/ImageObjects.lisp
[2.200s] -- Up-to-date: /home/point001/autoware.ai/install/autoware_msgs/share/common-lisp/ros/autoware_msgs/msg/TrafficLightResultArray.lisp
[2.200s] -- Up-to-date: /home/point001/autoware.ai/install/autoware_msgs/share/common-lisp/ros/autoware_msgs/msg/_package_ImageObj.lisp
[2.202s] -- Up-to-date: /home/point001/autoware.ai/install/autoware_msgs/share/common-lisp/ros/autoware_msgs/msg/ColorSet.lisp
[2.202s] -- Up-to-date: /home/point001/autoware.ai/install/autoware_msgs/share/common-lisp/ros/autoware_msgs/msg/TrafficLight.lisp
[2.202s] -- Up-to-date: /home/point001/autoware.ai/install/autoware_msgs/share/common-lisp/ros/autoware_msgs/msg/DetectedObject.lisp
[2.203s] -- Up-to-date: /home/point001/autoware.ai/install/autoware_msgs/share/common-lisp/ros/autoware_msgs/msg/_package_ImageObjects.lisp
[2.203s] -- Up-to-date: /home/point001/autoware.ai/install/autoware_msgs/share/common-lisp/ros/autoware_msgs/msg/CloudClusterArray.lisp
[2.203s] -- Up-to-date: /home/point001/autoware.ai/install/autoware_msgs/share/common-lisp/ros/autoware_msgs/msg/_package_GeometricRectangle.lisp
[2.203s] -- Up-to-date: /home/point001/autoware.ai/install/autoware_msgs/share/common-lisp/ros/autoware_msgs/msg/ImageObj.lisp
[2.203s] -- Up-to-date: /home/point001/autoware.ai/install/autoware_msgs/share/common-lisp/ros/autoware_msgs/msg/VehicleCmd.lisp
[2.203s] -- Up-to-date: /home/point001/autoware.ai/install/autoware_msgs/share/common-lisp/ros/autoware_msgs/msg/_package_Centroids.lisp
[2.203s] -- Up-to-date: /home/point001/autoware.ai/install/autoware_msgs/share/common-lisp/ros/autoware_msgs/msg/_package_TrafficLightResultArray.lisp
[2.203s] -- Up-to-date: /home/point001/autoware.ai/install/autoware_msgs/share/common-lisp/ros/autoware_msgs/msg/SyncTimeDiff.lisp
[2.204s] -- Up-to-date: /home/point001/autoware.ai/install/autoware_msgs/share/common-lisp/ros/autoware_msgs/msg/_package_ImageRectRanged.lisp
[2.204s] -- Up-to-date: /home/point001/autoware.ai/install/autoware_msgs/share/common-lisp/ros/autoware_msgs/msg/WaypointState.lisp
[2.204s] -- Up-to-date: /home/point001/autoware.ai/install/autoware_msgs/share/common-lisp/ros/autoware_msgs/msg/ImageObjTracked.lisp
[2.204s] -- Up-to-date: /home/point001/autoware.ai/install/autoware_msgs/share/common-lisp/ros/autoware_msgs/msg/ObjLabel.lisp
[2.204s] -- Up-to-date: /home/point001/autoware.ai/install/autoware_msgs/share/common-lisp/ros/autoware_msgs/msg/_package_DetectedObject.lisp
[2.205s] -- Up-to-date: /home/point001/autoware.ai/install/autoware_msgs/share/common-lisp/ros/autoware_msgs/msg/IndicatorCmd.lisp
[2.205s] -- Up-to-date: /home/point001/autoware.ai/install/autoware_msgs/share/common-lisp/ros/autoware_msgs/msg/VehicleStatus.lisp
[2.205s] -- Up-to-date: /home/point001/autoware.ai/install/autoware_msgs/share/common-lisp/ros/autoware_msgs/msg/ImageRectRanged.lisp
[2.205s] -- Up-to-date: /home/point001/autoware.ai/install/autoware_msgs/share/common-lisp/ros/autoware_msgs/msg/DetectedObjectArray.lisp
[2.205s] -- Up-to-date: /home/point001/autoware.ai/install/autoware_msgs/share/common-lisp/ros/autoware_msgs/msg/_package.lisp
[2.205s] -- Up-to-date: /home/point001/autoware.ai/install/autoware_msgs/share/common-lisp/ros/autoware_msgs/msg/ImageObjRanged.lisp
[2.205s] -- Up-to-date: /home/point001/autoware.ai/install/autoware_msgs/share/common-lisp/ros/autoware_msgs/msg/_package_DetectedObjectArray.lisp
[2.205s] -- Up-to-date: /home/point001/autoware.ai/install/autoware_msgs/share/common-lisp/ros/autoware_msgs/msg/_package_ColorSet.lisp
[2.205s] -- Up-to-date: /home/point001/autoware.ai/install/autoware_msgs/share/common-lisp/ros/autoware_msgs/msg/_package_ImageObjTracked.lisp
[2.205s] -- Up-to-date: /home/point001/autoware.ai/install/autoware_msgs/share/common-lisp/ros/autoware_msgs/msg/CloudCluster.lisp
[2.205s] -- Up-to-date: /home/point001/autoware.ai/install/autoware_msgs/share/common-lisp/ros/autoware_msgs/msg/LaneArray.lisp
[2.205s] -- Up-to-date: /home/point001/autoware.ai/install/autoware_msgs/share/common-lisp/ros/autoware_msgs/msg/ControlCommand.lisp
[2.205s] -- Up-to-date: /home/point001/autoware.ai/install/autoware_msgs/share/common-lisp/ros/autoware_msgs/msg/_package_Lane.lisp
[2.205s] -- Up-to-date: /home/point001/autoware.ai/install/autoware_msgs/share/common-lisp/ros/autoware_msgs/msg/_package_NDTStat.lisp
[2.205s] -- Up-to-date: /home/point001/autoware.ai/install/autoware_msgs/share/common-lisp/ros/autoware_msgs/msg/_package_IndicatorCmd.lisp
[2.206s] -- Up-to-date: /home/point001/autoware.ai/install/autoware_msgs/share/common-lisp/ros/autoware_msgs/msg/_package_Signals.lisp
[2.206s] -- Up-to-date: /home/point001/autoware.ai/install/autoware_msgs/share/common-lisp/ros/autoware_msgs/msg/SyncTimeMonitor.lisp
[2.206s] -- Up-to-date: /home/point001/autoware.ai/install/autoware_msgs/share/common-lisp/ros/autoware_msgs/msg/_package_ValueSet.lisp
[2.206s] -- Up-to-date: /home/point001/autoware.ai/install/autoware_msgs/share/common-lisp/ros/autoware_msgs/msg/Waypoint.lisp
[2.206s] -- Up-to-date: /home/point001/autoware.ai/install/autoware_msgs/share/common-lisp/ros/autoware_msgs/msg/_package_TrafficLightResult.lisp
[2.210s] -- Up-to-date: /home/point001/autoware.ai/install/autoware_msgs/share/common-lisp/ros/autoware_msgs/msg/_package_CloudCluster.lisp
[2.210s] -- Up-to-date: /home/point001/autoware.ai/install/autoware_msgs/share/common-lisp/ros/autoware_msgs/msg/autoware_msgs-msg.asd
[2.210s] -- Up-to-date: /home/point001/autoware.ai/install/autoware_msgs/share/common-lisp/ros/autoware_msgs/msg/ExtractedPosition.lisp
[2.210s] -- Up-to-date: /home/point001/autoware.ai/install/autoware_msgs/share/common-lisp/ros/autoware_msgs/msg/_package_SyncTimeDiff.lisp
[2.210s] -- Up-to-date: /home/point001/autoware.ai/install/autoware_msgs/share/common-lisp/ros/autoware_msgs/msg/SteerCmd.lisp
[2.210s] -- Up-to-date: /home/point001/autoware.ai/install/autoware_msgs/share/common-lisp/ros/autoware_msgs/msg/_package_PointsImage.lisp
[2.210s] -- Up-to-date: /home/point001/autoware.ai/install/autoware_msgs/share/common-lisp/ros/autoware_msgs/msg/TrafficLightResult.lisp
[2.210s] -- Up-to-date: /home/point001/autoware.ai/install/autoware_msgs/share/common-lisp/ros/autoware_msgs/msg/AdjustXY.lisp
[2.210s] -- Up-to-date: /home/point001/autoware.ai/install/autoware_msgs/share/common-lisp/ros/autoware_msgs/msg/DTLane.lisp
[2.210s] -- Up-to-date: /home/point001/autoware.ai/install/autoware_msgs/share/common-lisp/ros/autoware_msgs/msg/AccelCmd.lisp
[2.210s] -- Up-to-date: /home/point001/autoware.ai/install/autoware_msgs/share/common-lisp/ros/autoware_msgs/msg/_package_VehicleCmd.lisp
[2.210s] -- Up-to-date: /home/point001/autoware.ai/install/autoware_msgs/share/common-lisp/ros/autoware_msgs/msg/_package_LampCmd.lisp
[2.210s] -- Up-to-date: /home/point001/autoware.ai/install/autoware_msgs/share/common-lisp/ros/autoware_msgs/msg/_package_State.lisp
[2.210s] -- Up-to-date: /home/point001/autoware.ai/install/autoware_msgs/share/common-lisp/ros/autoware_msgs/msg/_package_TrafficLight.lisp
[2.210s] -- Up-to-date: /home/point001/autoware.ai/install/autoware_msgs/share/common-lisp/ros/autoware_msgs/msg/BrakeCmd.lisp
[2.210s] -- Up-to-date: /home/point001/autoware.ai/install/autoware_msgs/share/common-lisp/ros/autoware_msgs/msg/Gear.lisp
[2.211s] -- Up-to-date: /home/point001/autoware.ai/install/autoware_msgs/share/common-lisp/ros/autoware_msgs/msg/StateCmd.lisp
[2.211s] -- Up-to-date: /home/point001/autoware.ai/install/autoware_msgs/share/common-lisp/ros/autoware_msgs/msg/_package_ObjPose.lisp
[2.211s] -- Up-to-date: /home/point001/autoware.ai/install/autoware_msgs/share/common-lisp/ros/autoware_msgs/msg/ProjectionMatrix.lisp
[2.211s] -- Up-to-date: /home/point001/autoware.ai/install/autoware_msgs/share/common-lisp/ros/autoware_msgs/msg/_package_RemoteCmd.lisp
[2.211s] -- Up-to-date: /home/point001/autoware.ai/install/autoware_msgs/share/common-lisp/ros/autoware_msgs/msg/ImageLaneObjects.lisp
[2.211s] -- Up-to-date: /home/point001/autoware.ai/install/autoware_msgs/share/common-lisp/ros/autoware_msgs/msg/_package_SteerCmd.lisp
[2.211s] -- Up-to-date: /home/point001/autoware.ai/install/autoware_msgs/share/common-lisp/ros/autoware_msgs/msg/_package_ControlCommand.lisp
[2.211s] -- Up-to-date: /home/point001/autoware.ai/install/autoware_msgs/share/common-lisp/ros/autoware_msgs/msg/VscanTracked.lisp
[2.211s] -- Up-to-date: /home/point001/autoware.ai/install/autoware_msgs/share/common-lisp/ros/autoware_msgs/msg/ObjPose.lisp
[2.211s] -- Up-to-date: /home/point001/autoware.ai/install/autoware_msgs/share/common-lisp/ros/autoware_msgs/msg/_package_Gear.lisp
[2.211s] -- Up-to-date: /home/point001/autoware.ai/install/autoware_msgs/share/common-lisp/ros/autoware_msgs/msg/_package_Waypoint.lisp
[2.211s] -- Up-to-date: /home/point001/autoware.ai/install/autoware_msgs/share/common-lisp/ros/autoware_msgs/msg/_package_CloudClusterArray.lisp
[2.211s] -- Up-to-date: /home/point001/autoware.ai/install/autoware_msgs/share/common-lisp/ros/autoware_msgs/msg/_package_ObjLabel.lisp
[2.212s] -- Up-to-date: /home/point001/autoware.ai/install/autoware_msgs/share/common-lisp/ros/autoware_msgs/msg/_package_ImageRect.lisp
[2.212s] -- Up-to-date: /home/point001/autoware.ai/install/autoware_msgs/share/common-lisp/ros/autoware_msgs/msg/NDTStat.lisp
[2.212s] -- Up-to-date: /home/point001/autoware.ai/install/autoware_msgs/share/common-lisp/ros/autoware_msgs/msg/_package_VscanTracked.lisp
[2.214s] -- Up-to-date: /home/point001/autoware.ai/install/autoware_msgs/share/common-lisp/ros/autoware_msgs/msg/PointsImage.lisp
[2.214s] -- Up-to-date: /home/point001/autoware.ai/install/autoware_msgs/share/common-lisp/ros/autoware_msgs/msg/_package_VscanTrackedArray.lisp
[2.214s] -- Up-to-date: /home/point001/autoware.ai/install/autoware_msgs/share/common-lisp/ros/autoware_msgs/msg/_package_TunedResult.lisp
[2.214s] -- Up-to-date: /home/point001/autoware.ai/install/autoware_msgs/share/common-lisp/ros/autoware_msgs/msg/_package_ICPStat.lisp
[2.214s] -- Up-to-date: /home/point001/autoware.ai/install/autoware_msgs/share/common-lisp/ros/autoware_msgs/msg/ControlCommandStamped.lisp
[2.214s] -- Up-to-date: /home/point001/autoware.ai/install/autoware_msgs/share/common-lisp/ros/autoware_msgs/msg/_package_SyncTimeMonitor.lisp
[2.214s] -- Up-to-date: /home/point001/autoware.ai/install/autoware_msgs/share/common-lisp/ros/autoware_msgs/msg/VscanTrackedArray.lisp
[2.214s] -- Up-to-date: /home/point001/autoware.ai/install/autoware_msgs/share/common-lisp/ros/autoware_msgs/msg/_package_AdjustXY.lisp
[2.214s] -- Up-to-date: /home/point001/autoware.ai/install/autoware_msgs/share/common-lisp/ros/autoware_msgs/msg/LampCmd.lisp
[2.214s] -- Up-to-date: /home/point001/autoware.ai/install/autoware_msgs/share/common-lisp/ros/autoware_msgs/msg/State.lisp
[2.214s] -- Up-to-date: /home/point001/autoware.ai/install/autoware_msgs/share/common-lisp/ros/autoware_msgs/msg/_package_VehicleLocation.lisp
[2.215s] -- Up-to-date: /home/point001/autoware.ai/install/autoware_msgs/share/common-lisp/ros/autoware_msgs/msg/_package_BrakeCmd.lisp
[2.215s] -- Up-to-date: /home/point001/autoware.ai/install/autoware_msgs/share/gennodejs/ros/autoware_msgs
[2.215s] -- Up-to-date: /home/point001/autoware.ai/install/autoware_msgs/share/gennodejs/ros/autoware_msgs/srv
[2.215s] -- Up-to-date: /home/point001/autoware.ai/install/autoware_msgs/share/gennodejs/ros/autoware_msgs/srv/_index.js
[2.215s] -- Up-to-date: /home/point001/autoware.ai/install/autoware_msgs/share/gennodejs/ros/autoware_msgs/srv/RecognizeLightState.js
[2.215s] -- Up-to-date: /home/point001/autoware.ai/install/autoware_msgs/share/gennodejs/ros/autoware_msgs/_index.js
[2.215s] -- Up-to-date: /home/point001/autoware.ai/install/autoware_msgs/share/gennodejs/ros/autoware_msgs/msg
[2.215s] -- Up-to-date: /home/point001/autoware.ai/install/autoware_msgs/share/gennodejs/ros/autoware_msgs/msg/TrafficLightResult.js
[2.215s] -- Up-to-date: /home/point001/autoware.ai/install/autoware_msgs/share/gennodejs/ros/autoware_msgs/msg/PointsImage.js
[2.215s] -- Up-to-date: /home/point001/autoware.ai/install/autoware_msgs/share/gennodejs/ros/autoware_msgs/msg/ICPStat.js
[2.215s] -- Up-to-date: /home/point001/autoware.ai/install/autoware_msgs/share/gennodejs/ros/autoware_msgs/msg/Centroids.js
[2.215s] -- Up-to-date: /home/point001/autoware.ai/install/autoware_msgs/share/gennodejs/ros/autoware_msgs/msg/State.js
[2.215s] -- Up-to-date: /home/point001/autoware.ai/install/autoware_msgs/share/gennodejs/ros/autoware_msgs/msg/IndicatorCmd.js
[2.215s] -- Up-to-date: /home/point001/autoware.ai/install/autoware_msgs/share/gennodejs/ros/autoware_msgs/msg/VehicleStatus.js
[2.215s] -- Up-to-date: /home/point001/autoware.ai/install/autoware_msgs/share/gennodejs/ros/autoware_msgs/msg/TrafficLight.js
[2.216s] -- Up-to-date: /home/point001/autoware.ai/install/autoware_msgs/share/gennodejs/ros/autoware_msgs/msg/CloudCluster.js
[2.216s] -- Up-to-date: /home/point001/autoware.ai/install/autoware_msgs/share/gennodejs/ros/autoware_msgs/msg/_index.js
[2.216s] -- Up-to-date: /home/point001/autoware.ai/install/autoware_msgs/share/gennodejs/ros/autoware_msgs/msg/ExtractedPosition.js
[2.216s] -- Up-to-date: /home/point001/autoware.ai/install/autoware_msgs/share/gennodejs/ros/autoware_msgs/msg/LampCmd.js
[2.216s] -- Up-to-date: /home/point001/autoware.ai/install/autoware_msgs/share/gennodejs/ros/autoware_msgs/msg/ImageRect.js
[2.216s] -- Up-to-date: /home/point001/autoware.ai/install/autoware_msgs/share/gennodejs/ros/autoware_msgs/msg/CloudClusterArray.js
[2.216s] -- Up-to-date: /home/point001/autoware.ai/install/autoware_msgs/share/gennodejs/ros/autoware_msgs/msg/Signals.js
[2.216s] -- Up-to-date: /home/point001/autoware.ai/install/autoware_msgs/share/gennodejs/ros/autoware_msgs/msg/DTLane.js
[2.216s] -- Up-to-date: /home/point001/autoware.ai/install/autoware_msgs/share/gennodejs/ros/autoware_msgs/msg/DetectedObject.js
[2.216s] -- Up-to-date: /home/point001/autoware.ai/install/autoware_msgs/share/gennodejs/ros/autoware_msgs/msg/RemoteCmd.js
[2.217s] -- Up-to-date: /home/point001/autoware.ai/install/autoware_msgs/share/gennodejs/ros/autoware_msgs/msg/WaypointState.js
[2.217s] -- Up-to-date: /home/point001/autoware.ai/install/autoware_msgs/share/gennodejs/ros/autoware_msgs/msg/ImageRectRanged.js
[2.217s] -- Up-to-date: /home/point001/autoware.ai/install/autoware_msgs/share/gennodejs/ros/autoware_msgs/msg/VehicleCmd.js
[2.217s] -- Up-to-date: /home/point001/autoware.ai/install/autoware_msgs/share/gennodejs/ros/autoware_msgs/msg/ImageObjTracked.js
[2.217s] -- Up-to-date: /home/point001/autoware.ai/install/autoware_msgs/share/gennodejs/ros/autoware_msgs/msg/ObjLabel.js
[2.217s] -- Up-to-date: /home/point001/autoware.ai/install/autoware_msgs/share/gennodejs/ros/autoware_msgs/msg/AdjustXY.js
[2.217s] -- Up-to-date: /home/point001/autoware.ai/install/autoware_msgs/share/gennodejs/ros/autoware_msgs/msg/StateCmd.js
[2.217s] -- Up-to-date: /home/point001/autoware.ai/install/autoware_msgs/share/gennodejs/ros/autoware_msgs/msg/NDTStat.js
[2.217s] -- Up-to-date: /home/point001/autoware.ai/install/autoware_msgs/share/gennodejs/ros/autoware_msgs/msg/ControlCommand.js
[2.217s] -- Up-to-date: /home/point001/autoware.ai/install/autoware_msgs/share/gennodejs/ros/autoware_msgs/msg/Lane.js
[2.217s] -- Up-to-date: /home/point001/autoware.ai/install/autoware_msgs/share/gennodejs/ros/autoware_msgs/msg/ImageObjRanged.js
[2.218s] -- Up-to-date: /home/point001/autoware.ai/install/autoware_msgs/share/gennodejs/ros/autoware_msgs/msg/ScanImage.js
[2.218s] -- Up-to-date: /home/point001/autoware.ai/install/autoware_msgs/share/gennodejs/ros/autoware_msgs/msg/ValueSet.js
[2.218s] -- Up-to-date: /home/point001/autoware.ai/install/autoware_msgs/share/gennodejs/ros/autoware_msgs/msg/ControlCommandStamped.js
[2.218s] -- Up-to-date: /home/point001/autoware.ai/install/autoware_msgs/share/gennodejs/ros/autoware_msgs/msg/ColorSet.js
[2.219s] -- Up-to-date: /home/point001/autoware.ai/install/autoware_msgs/share/gennodejs/ros/autoware_msgs/msg/SteerCmd.js
[2.219s] -- Up-to-date: /home/point001/autoware.ai/install/autoware_msgs/share/gennodejs/ros/autoware_msgs/msg/TunedResult.js
[2.219s] -- Up-to-date: /home/point001/autoware.ai/install/autoware_msgs/share/gennodejs/ros/autoware_msgs/msg/ImageLaneObjects.js
[2.219s] -- Up-to-date: /home/point001/autoware.ai/install/autoware_msgs/share/gennodejs/ros/autoware_msgs/msg/VscanTrackedArray.js
[2.219s] -- Up-to-date: /home/point001/autoware.ai/install/autoware_msgs/share/gennodejs/ros/autoware_msgs/msg/DetectedObjectArray.js
[2.219s] -- Up-to-date: /home/point001/autoware.ai/install/autoware_msgs/share/gennodejs/ros/autoware_msgs/msg/ImageObj.js
[2.219s] -- Up-to-date: /home/point001/autoware.ai/install/autoware_msgs/share/gennodejs/ros/autoware_msgs/msg/BrakeCmd.js
[2.219s] -- Up-to-date: /home/point001/autoware.ai/install/autoware_msgs/share/gennodejs/ros/autoware_msgs/msg/LaneArray.js
[2.220s] -- Up-to-date: /home/point001/autoware.ai/install/autoware_msgs/share/gennodejs/ros/autoware_msgs/msg/ObjPose.js
[2.220s] -- Up-to-date: /home/point001/autoware.ai/install/autoware_msgs/share/gennodejs/ros/autoware_msgs/msg/Waypoint.js
[2.220s] -- Up-to-date: /home/point001/autoware.ai/install/autoware_msgs/share/gennodejs/ros/autoware_msgs/msg/SyncTimeMonitor.js
[2.220s] -- Up-to-date: /home/point001/autoware.ai/install/autoware_msgs/share/gennodejs/ros/autoware_msgs/msg/Gear.js
[2.220s] -- Up-to-date: /home/point001/autoware.ai/install/autoware_msgs/share/gennodejs/ros/autoware_msgs/msg/AccelCmd.js
[2.220s] -- Up-to-date: /home/point001/autoware.ai/install/autoware_msgs/share/gennodejs/ros/autoware_msgs/msg/ProjectionMatrix.js
[2.220s] -- Up-to-date: /home/point001/autoware.ai/install/autoware_msgs/share/gennodejs/ros/autoware_msgs/msg/TrafficLightResultArray.js
[2.220s] -- Up-to-date: /home/point001/autoware.ai/install/autoware_msgs/share/gennodejs/ros/autoware_msgs/msg/VscanTracked.js
[2.220s] -- Up-to-date: /home/point001/autoware.ai/install/autoware_msgs/share/gennodejs/ros/autoware_msgs/msg/VehicleLocation.js
[2.220s] -- Up-to-date: /home/point001/autoware.ai/install/autoware_msgs/share/gennodejs/ros/autoware_msgs/msg/SyncTimeDiff.js
[2.220s] -- Up-to-date: /home/point001/autoware.ai/install/autoware_msgs/share/gennodejs/ros/autoware_msgs/msg/ImageObjects.js
[2.220s] -- Up-to-date: /home/point001/autoware.ai/install/autoware_msgs/share/gennodejs/ros/autoware_msgs/msg/GeometricRectangle.js
[2.220s] Listing /home/point001/autoware.ai/build/autoware_msgs/devel/lib/python2.7/dist-packages/autoware_msgs ...
[2.220s] Listing /home/point001/autoware.ai/build/autoware_msgs/devel/lib/python2.7/dist-packages/autoware_msgs/msg ...
[2.220s] Listing /home/point001/autoware.ai/build/autoware_msgs/devel/lib/python2.7/dist-packages/autoware_msgs/srv ...
[2.221s] -- Up-to-date: /home/point001/autoware.ai/install/autoware_msgs/lib/python2.7/dist-packages/autoware_msgs
[2.221s] -- Up-to-date: /home/point001/autoware.ai/install/autoware_msgs/lib/python2.7/dist-packages/autoware_msgs/srv
[2.221s] -- Up-to-date: /home/point001/autoware.ai/install/autoware_msgs/lib/python2.7/dist-packages/autoware_msgs/srv/_RecognizeLightState.pyc
[2.221s] -- Up-to-date: /home/point001/autoware.ai/install/autoware_msgs/lib/python2.7/dist-packages/autoware_msgs/srv/_RecognizeLightState.py
[2.221s] -- Up-to-date: /home/point001/autoware.ai/install/autoware_msgs/lib/python2.7/dist-packages/autoware_msgs/srv/__init__.py
[2.221s] -- Up-to-date: /home/point001/autoware.ai/install/autoware_msgs/lib/python2.7/dist-packages/autoware_msgs/srv/__init__.pyc
[2.221s] -- Up-to-date: /home/point001/autoware.ai/install/autoware_msgs/lib/python2.7/dist-packages/autoware_msgs/msg
[2.221s] -- Up-to-date: /home/point001/autoware.ai/install/autoware_msgs/lib/python2.7/dist-packages/autoware_msgs/msg/_ScanImage.py
[2.221s] -- Up-to-date: /home/point001/autoware.ai/install/autoware_msgs/lib/python2.7/dist-packages/autoware_msgs/msg/_ImageObj.py
[2.221s] -- Up-to-date: /home/point001/autoware.ai/install/autoware_msgs/lib/python2.7/dist-packages/autoware_msgs/msg/_SteerCmd.py
[2.221s] -- Up-to-date: /home/point001/autoware.ai/install/autoware_msgs/lib/python2.7/dist-packages/autoware_msgs/msg/_ExtractedPosition.py
[2.221s] -- Up-to-date: /home/point001/autoware.ai/install/autoware_msgs/lib/python2.7/dist-packages/autoware_msgs/msg/_ControlCommand.pyc
[2.221s] -- Up-to-date: /home/point001/autoware.ai/install/autoware_msgs/lib/python2.7/dist-packages/autoware_msgs/msg/_CloudCluster.py
[2.221s] -- Up-to-date: /home/point001/autoware.ai/install/autoware_msgs/lib/python2.7/dist-packages/autoware_msgs/msg/_ImageRectRanged.py
[2.222s] -- Up-to-date: /home/point001/autoware.ai/install/autoware_msgs/lib/python2.7/dist-packages/autoware_msgs/msg/_CloudClusterArray.py
[2.222s] -- Up-to-date: /home/point001/autoware.ai/install/autoware_msgs/lib/python2.7/dist-packages/autoware_msgs/msg/_DTLane.pyc
[2.222s] -- Up-to-date: /home/point001/autoware.ai/install/autoware_msgs/lib/python2.7/dist-packages/autoware_msgs/msg/_VehicleLocation.pyc
[2.222s] -- Up-to-date: /home/point001/autoware.ai/install/autoware_msgs/lib/python2.7/dist-packages/autoware_msgs/msg/_StateCmd.py
[2.222s] -- Up-to-date: /home/point001/autoware.ai/install/autoware_msgs/lib/python2.7/dist-packages/autoware_msgs/msg/_ImageRect.py
[2.222s] -- Up-to-date: /home/point001/autoware.ai/install/autoware_msgs/lib/python2.7/dist-packages/autoware_msgs/msg/_ImageLaneObjects.py
[2.222s] -- Up-to-date: /home/point001/autoware.ai/install/autoware_msgs/lib/python2.7/dist-packages/autoware_msgs/msg/_VscanTrackedArray.py
[2.222s] -- Up-to-date: /home/point001/autoware.ai/install/autoware_msgs/lib/python2.7/dist-packages/autoware_msgs/msg/_ObjPose.pyc
[2.222s] -- Up-to-date: /home/point001/autoware.ai/install/autoware_msgs/lib/python2.7/dist-packages/autoware_msgs/msg/_ValueSet.pyc
[2.223s] -- Up-to-date: /home/point001/autoware.ai/install/autoware_msgs/lib/python2.7/dist-packages/autoware_msgs/msg/_TrafficLightResultArray.py
[2.223s] -- Up-to-date: /home/point001/autoware.ai/install/autoware_msgs/lib/python2.7/dist-packages/autoware_msgs/msg/_ControlCommandStamped.pyc
[2.223s] -- Up-to-date: /home/point001/autoware.ai/install/autoware_msgs/lib/python2.7/dist-packages/autoware_msgs/msg/_DetectedObjectArray.pyc
[2.223s] -- Up-to-date: /home/point001/autoware.ai/install/autoware_msgs/lib/python2.7/dist-packages/autoware_msgs/msg/_TrafficLightResult.py
[2.223s] -- Up-to-date: /home/point001/autoware.ai/install/autoware_msgs/lib/python2.7/dist-packages/autoware_msgs/msg/_LampCmd.pyc
[2.223s] -- Up-to-date: /home/point001/autoware.ai/install/autoware_msgs/lib/python2.7/dist-packages/autoware_msgs/msg/_ImageLaneObjects.pyc
[2.223s] -- Up-to-date: /home/point001/autoware.ai/install/autoware_msgs/lib/python2.7/dist-packages/autoware_msgs/msg/_AccelCmd.pyc
[2.235s] -- Up-to-date: /home/point001/autoware.ai/install/autoware_msgs/lib/python2.7/dist-packages/autoware_msgs/msg/_ImageObjects.py
[2.235s] -- Up-to-date: /home/point001/autoware.ai/install/autoware_msgs/lib/python2.7/dist-packages/autoware_msgs/msg/_SyncTimeMonitor.py
[2.236s] -- Up-to-date: /home/point001/autoware.ai/install/autoware_msgs/lib/python2.7/dist-packages/autoware_msgs/msg/_VscanTracked.pyc
[2.236s] -- Up-to-date: /home/point001/autoware.ai/install/autoware_msgs/lib/python2.7/dist-packages/autoware_msgs/msg/_GeometricRectangle.pyc
[2.236s] -- Up-to-date: /home/point001/autoware.ai/install/autoware_msgs/lib/python2.7/dist-packages/autoware_msgs/msg/_Gear.py
[2.236s] -- Up-to-date: /home/point001/autoware.ai/install/autoware_msgs/lib/python2.7/dist-packages/autoware_msgs/msg/_ColorSet.pyc
[2.236s] -- Up-to-date: /home/point001/autoware.ai/install/autoware_msgs/lib/python2.7/dist-packages/autoware_msgs/msg/_PointsImage.pyc
[2.236s] -- Up-to-date: /home/point001/autoware.ai/install/autoware_msgs/lib/python2.7/dist-packages/autoware_msgs/msg/_State.py
[2.236s] -- Up-to-date: /home/point001/autoware.ai/install/autoware_msgs/lib/python2.7/dist-packages/autoware_msgs/msg/_BrakeCmd.py
[2.236s] -- Up-to-date: /home/point001/autoware.ai/install/autoware_msgs/lib/python2.7/dist-packages/autoware_msgs/msg/_TrafficLightResult.pyc
[2.236s] -- Up-to-date: /home/point001/autoware.ai/install/autoware_msgs/lib/python2.7/dist-packages/autoware_msgs/msg/_SyncTimeDiff.py
[2.236s] -- Up-to-date: /home/point001/autoware.ai/install/autoware_msgs/lib/python2.7/dist-packages/autoware_msgs/msg/_LampCmd.py
[2.236s] -- Up-to-date: /home/point001/autoware.ai/install/autoware_msgs/lib/python2.7/dist-packages/autoware_msgs/msg/_Signals.pyc
[2.236s] -- Up-to-date: /home/point001/autoware.ai/install/autoware_msgs/lib/python2.7/dist-packages/autoware_msgs/msg/_TunedResult.pyc
[2.237s] -- Up-to-date: /home/point001/autoware.ai/install/autoware_msgs/lib/python2.7/dist-packages/autoware_msgs/msg/_DetectedObject.pyc
[2.237s] -- Up-to-date: /home/point001/autoware.ai/install/autoware_msgs/lib/python2.7/dist-packages/autoware_msgs/msg/_RemoteCmd.py
[2.237s] -- Up-to-date: /home/point001/autoware.ai/install/autoware_msgs/lib/python2.7/dist-packages/autoware_msgs/msg/_ImageObjects.pyc
[2.237s] -- Up-to-date: /home/point001/autoware.ai/install/autoware_msgs/lib/python2.7/dist-packages/autoware_msgs/msg/_ControlCommandStamped.py
[2.237s] -- Up-to-date: /home/point001/autoware.ai/install/autoware_msgs/lib/python2.7/dist-packages/autoware_msgs/msg/_State.pyc
[2.237s] -- Up-to-date: /home/point001/autoware.ai/install/autoware_msgs/lib/python2.7/dist-packages/autoware_msgs/msg/_ObjLabel.pyc
[2.237s] -- Up-to-date: /home/point001/autoware.ai/install/autoware_msgs/lib/python2.7/dist-packages/autoware_msgs/msg/_VehicleLocation.py
[2.237s] -- Up-to-date: /home/point001/autoware.ai/install/autoware_msgs/lib/python2.7/dist-packages/autoware_msgs/msg/_TunedResult.py
[2.237s] -- Up-to-date: /home/point001/autoware.ai/install/autoware_msgs/lib/python2.7/dist-packages/autoware_msgs/msg/_GeometricRectangle.py
[2.237s] -- Up-to-date: /home/point001/autoware.ai/install/autoware_msgs/lib/python2.7/dist-packages/autoware_msgs/msg/_ImageRect.pyc
[2.237s] -- Up-to-date: /home/point001/autoware.ai/install/autoware_msgs/lib/python2.7/dist-packages/autoware_msgs/msg/_ControlCommand.py
[2.238s] -- Up-to-date: /home/point001/autoware.ai/install/autoware_msgs/lib/python2.7/dist-packages/autoware_msgs/msg/__init__.py
[2.238s] -- Up-to-date: /home/point001/autoware.ai/install/autoware_msgs/lib/python2.7/dist-packages/autoware_msgs/msg/_CloudClusterArray.pyc
[2.238s] -- Up-to-date: /home/point001/autoware.ai/install/autoware_msgs/lib/python2.7/dist-packages/autoware_msgs/msg/_IndicatorCmd.pyc
[2.238s] -- Up-to-date: /home/point001/autoware.ai/install/autoware_msgs/lib/python2.7/dist-packages/autoware_msgs/msg/_DetectedObjectArray.py
[2.238s] -- Up-to-date: /home/point001/autoware.ai/install/autoware_msgs/lib/python2.7/dist-packages/autoware_msgs/msg/_DTLane.py
[2.238s] -- Up-to-date: /home/point001/autoware.ai/install/autoware_msgs/lib/python2.7/dist-packages/autoware_msgs/msg/_ImageObjTracked.pyc
[2.239s] -- Up-to-date: /home/point001/autoware.ai/install/autoware_msgs/lib/python2.7/dist-packages/autoware_msgs/msg/_ImageObjRanged.pyc
[2.239s] -- Up-to-date: /home/point001/autoware.ai/install/autoware_msgs/lib/python2.7/dist-packages/autoware_msgs/msg/_Signals.py
[2.239s] -- Up-to-date: /home/point001/autoware.ai/install/autoware_msgs/lib/python2.7/dist-packages/autoware_msgs/msg/_WaypointState.py
[2.239s] -- Up-to-date: /home/point001/autoware.ai/install/autoware_msgs/lib/python2.7/dist-packages/autoware_msgs/msg/_VehicleCmd.py
[2.239s] -- Up-to-date: /home/point001/autoware.ai/install/autoware_msgs/lib/python2.7/dist-packages/autoware_msgs/msg/_Waypoint.pyc
[2.239s] -- Up-to-date: /home/point001/autoware.ai/install/autoware_msgs/lib/python2.7/dist-packages/autoware_msgs/msg/_IndicatorCmd.py
[2.239s] -- Up-to-date: /home/point001/autoware.ai/install/autoware_msgs/lib/python2.7/dist-packages/autoware_msgs/msg/_ImageRectRanged.pyc
[2.239s] -- Up-to-date: /home/point001/autoware.ai/install/autoware_msgs/lib/python2.7/dist-packages/autoware_msgs/msg/_ProjectionMatrix.py
[2.239s] -- Up-to-date: /home/point001/autoware.ai/install/autoware_msgs/lib/python2.7/dist-packages/autoware_msgs/msg/_Waypoint.py
[2.239s] -- Up-to-date: /home/point001/autoware.ai/install/autoware_msgs/lib/python2.7/dist-packages/autoware_msgs/msg/_TrafficLight.py
[2.239s] -- Up-to-date: /home/point001/autoware.ai/install/autoware_msgs/lib/python2.7/dist-packages/autoware_msgs/msg/_ColorSet.py
[2.239s] -- Up-to-date: /home/point001/autoware.ai/install/autoware_msgs/lib/python2.7/dist-packages/autoware_msgs/msg/_SteerCmd.pyc
[2.239s] -- Up-to-date: /home/point001/autoware.ai/install/autoware_msgs/lib/python2.7/dist-packages/autoware_msgs/msg/_VscanTracked.py
[2.239s] -- Up-to-date: /home/point001/autoware.ai/install/autoware_msgs/lib/python2.7/dist-packages/autoware_msgs/msg/_Centroids.py
[2.239s] -- Up-to-date: /home/point001/autoware.ai/install/autoware_msgs/lib/python2.7/dist-packages/autoware_msgs/msg/_ICPStat.pyc
[2.239s] -- Up-to-date: /home/point001/autoware.ai/install/autoware_msgs/lib/python2.7/dist-packages/autoware_msgs/msg/_NDTStat.pyc
[2.240s] -- Up-to-date: /home/point001/autoware.ai/install/autoware_msgs/lib/python2.7/dist-packages/autoware_msgs/msg/_ObjLabel.py
[2.240s] -- Up-to-date: /home/point001/autoware.ai/install/autoware_msgs/lib/python2.7/dist-packages/autoware_msgs/msg/_PointsImage.py
[2.240s] -- Up-to-date: /home/point001/autoware.ai/install/autoware_msgs/lib/python2.7/dist-packages/autoware_msgs/msg/_LaneArray.py
[2.241s] -- Up-to-date: /home/point001/autoware.ai/install/autoware_msgs/lib/python2.7/dist-packages/autoware_msgs/msg/_LaneArray.pyc
[2.241s] -- Up-to-date: /home/point001/autoware.ai/install/autoware_msgs/lib/python2.7/dist-packages/autoware_msgs/msg/_VehicleStatus.py
[2.241s] -- Up-to-date: /home/point001/autoware.ai/install/autoware_msgs/lib/python2.7/dist-packages/autoware_msgs/msg/_DetectedObject.py
[2.241s] -- Up-to-date: /home/point001/autoware.ai/install/autoware_msgs/lib/python2.7/dist-packages/autoware_msgs/msg/_ObjPose.py
[2.241s] -- Up-to-date: /home/point001/autoware.ai/install/autoware_msgs/lib/python2.7/dist-packages/autoware_msgs/msg/_Centroids.pyc
[2.241s] -- Up-to-date: /home/point001/autoware.ai/install/autoware_msgs/lib/python2.7/dist-packages/autoware_msgs/msg/_ImageObj.pyc
[2.242s] -- Up-to-date: /home/point001/autoware.ai/install/autoware_msgs/lib/python2.7/dist-packages/autoware_msgs/msg/_ICPStat.py
[2.242s] -- Up-to-date: /home/point001/autoware.ai/install/autoware_msgs/lib/python2.7/dist-packages/autoware_msgs/msg/_SyncTimeMonitor.pyc
[2.242s] -- Up-to-date: /home/point001/autoware.ai/install/autoware_msgs/lib/python2.7/dist-packages/autoware_msgs/msg/_TrafficLightResultArray.pyc
[2.242s] -- Up-to-date: /home/point001/autoware.ai/install/autoware_msgs/lib/python2.7/dist-packages/autoware_msgs/msg/_ValueSet.py
[2.242s] -- Up-to-date: /home/point001/autoware.ai/install/autoware_msgs/lib/python2.7/dist-packages/autoware_msgs/msg/__init__.pyc
[2.242s] -- Up-to-date: /home/point001/autoware.ai/install/autoware_msgs/lib/python2.7/dist-packages/autoware_msgs/msg/_ExtractedPosition.pyc
[2.242s] -- Up-to-date: /home/point001/autoware.ai/install/autoware_msgs/lib/python2.7/dist-packages/autoware_msgs/msg/_Lane.py
[2.242s] -- Up-to-date: /home/point001/autoware.ai/install/autoware_msgs/lib/python2.7/dist-packages/autoware_msgs/msg/_AdjustXY.py
[2.242s] -- Up-to-date: /home/point001/autoware.ai/install/autoware_msgs/lib/python2.7/dist-packages/autoware_msgs/msg/_CloudCluster.pyc
[2.242s] -- Up-to-date: /home/point001/autoware.ai/install/autoware_msgs/lib/python2.7/dist-packages/autoware_msgs/msg/_ScanImage.pyc
[2.242s] -- Up-to-date: /home/point001/autoware.ai/install/autoware_msgs/lib/python2.7/dist-packages/autoware_msgs/msg/_VscanTrackedArray.pyc
[2.242s] -- Up-to-date: /home/point001/autoware.ai/install/autoware_msgs/lib/python2.7/dist-packages/autoware_msgs/msg/_NDTStat.py
[2.242s] -- Up-to-date: /home/point001/autoware.ai/install/autoware_msgs/lib/python2.7/dist-packages/autoware_msgs/msg/_RemoteCmd.pyc
[2.242s] -- Up-to-date: /home/point001/autoware.ai/install/autoware_msgs/lib/python2.7/dist-packages/autoware_msgs/msg/_ImageObjRanged.py
[2.242s] -- Up-to-date: /home/point001/autoware.ai/install/autoware_msgs/lib/python2.7/dist-packages/autoware_msgs/msg/_TrafficLight.pyc
[2.242s] -- Up-to-date: /home/point001/autoware.ai/install/autoware_msgs/lib/python2.7/dist-packages/autoware_msgs/msg/_AccelCmd.py
[2.242s] -- Up-to-date: /home/point001/autoware.ai/install/autoware_msgs/lib/python2.7/dist-packages/autoware_msgs/msg/_AdjustXY.pyc
[2.243s] -- Up-to-date: /home/point001/autoware.ai/install/autoware_msgs/lib/python2.7/dist-packages/autoware_msgs/msg/_StateCmd.pyc
[2.243s] -- Up-to-date: /home/point001/autoware.ai/install/autoware_msgs/lib/python2.7/dist-packages/autoware_msgs/msg/_Lane.pyc
[2.243s] -- Up-to-date: /home/point001/autoware.ai/install/autoware_msgs/lib/python2.7/dist-packages/autoware_msgs/msg/_SyncTimeDiff.pyc
[2.243s] -- Up-to-date: /home/point001/autoware.ai/install/autoware_msgs/lib/python2.7/dist-packages/autoware_msgs/msg/_VehicleStatus.pyc
[2.243s] -- Up-to-date: /home/point001/autoware.ai/install/autoware_msgs/lib/python2.7/dist-packages/autoware_msgs/msg/_VehicleCmd.pyc
[2.243s] -- Up-to-date: /home/point001/autoware.ai/install/autoware_msgs/lib/python2.7/dist-packages/autoware_msgs/msg/_ImageObjTracked.py
[2.243s] -- Up-to-date: /home/point001/autoware.ai/install/autoware_msgs/lib/python2.7/dist-packages/autoware_msgs/msg/_ProjectionMatrix.pyc
[2.243s] -- Up-to-date: /home/point001/autoware.ai/install/autoware_msgs/lib/python2.7/dist-packages/autoware_msgs/msg/_Gear.pyc
[2.243s] -- Up-to-date: /home/point001/autoware.ai/install/autoware_msgs/lib/python2.7/dist-packages/autoware_msgs/msg/_BrakeCmd.pyc
[2.243s] -- Up-to-date: /home/point001/autoware.ai/install/autoware_msgs/lib/python2.7/dist-packages/autoware_msgs/msg/_WaypointState.pyc
[2.243s] -- Up-to-date: /home/point001/autoware.ai/install/autoware_msgs/lib/python2.7/dist-packages/autoware_msgs/__init__.py
[2.243s] -- Up-to-date: /home/point001/autoware.ai/install/autoware_msgs/lib/python2.7/dist-packages/autoware_msgs/__init__.pyc
[2.244s] -- Up-to-date: /home/point001/autoware.ai/install/autoware_msgs/lib/pkgconfig/autoware_msgs.pc
[2.244s] -- Up-to-date: /home/point001/autoware.ai/install/autoware_msgs/share/autoware_msgs/cmake/autoware_msgs-msg-extras.cmake
[2.244s] -- Up-to-date: /home/point001/autoware.ai/install/autoware_msgs/share/autoware_msgs/cmake/autoware_msgsConfig.cmake
[2.244s] -- Up-to-date: /home/point001/autoware.ai/install/autoware_msgs/share/autoware_msgs/cmake/autoware_msgsConfig-version.cmake
[2.244s] -- Up-to-date: /home/point001/autoware.ai/install/autoware_msgs/share/autoware_msgs/package.xml
[2.285s] Invoked command in '/home/point001/autoware.ai/build/autoware_msgs' returned '0': /usr/bin/cmake --build /home/point001/autoware.ai/build/autoware_msgs --target install -- -j24 -l24
