[0.034s] Invoking command in '/home/point001/autoware.ai/build/calibration_publisher': CMAKE_PREFIX_PATH=/home/point001/autoware.ai/install/autoware_msgs:/home/point001/autoware.ai/install/autoware_build_flags:${CMAKE_PREFIX_PATH} PKG_CONFIG_PATH=/home/point001/autoware.ai/install/autoware_msgs/lib/x86_64-linux-gnu/pkgconfig:/home/point001/autoware.ai/install/autoware_msgs/lib/pkgconfig:/home/point001/autoware.ai/install/autoware_build_flags/lib/x86_64-linux-gnu/pkgconfig:/home/point001/autoware.ai/install/autoware_build_flags/lib/pkgconfig:${PKG_CONFIG_PATH} PYTHONPATH=/home/point001/autoware.ai/install/autoware_msgs/lib/python2.7/dist-packages:${PYTHONPATH} ROS_PACKAGE_PATH=/home/point001/autoware.ai/install/autoware_msgs/share:/home/point001/autoware.ai/install/autoware_build_flags/share:${ROS_PACKAGE_PATH} /usr/bin/cmake /home/point001/autoware.ai/src/autoware/utilities/calibration_publisher -DCMAKE_BUILD_TYPE=Release -DCATKIN_INSTALL_INTO_PREFIX_ROOT=0 -DCMAKE_INSTALL_PREFIX=/home/point001/autoware.ai/install/calibration_publisher
[0.110s] -- The C compiler identification is GNU 7.5.0
[0.174s] -- The CXX compiler identification is GNU 7.5.0
[0.180s] -- Check for working C compiler: /usr/bin/cc
[0.270s] -- Check for working C compiler: /usr/bin/cc -- works
[0.270s] -- Detecting C compiler ABI info
[0.352s] -- Detecting C compiler ABI info - done
[0.364s] -- Detecting C compile features
[0.625s] -- Detecting C compile features - done
[0.629s] -- Check for working CXX compiler: /usr/bin/c++
[0.723s] -- Check for working CXX compiler: /usr/bin/c++ -- works
[0.726s] -- Detecting CXX compiler ABI info
[0.814s] -- Detecting CXX compiler ABI info - done
[0.825s] -- Detecting CXX compile features
[1.268s] -- Detecting CXX compile features - done
[1.269s] -- CUDA compilation status: 1.
[1.271s] -- Using CATKIN_DEVEL_PREFIX: /home/point001/autoware.ai/build/calibration_publisher/devel
[1.271s] -- Using CMAKE_PREFIX_PATH: /home/point001/autoware.ai/install/autoware_msgs;/home/point001/autoware.ai/install/autoware_build_flags;/opt/ros/melodic
[1.271s] -- This workspace overlays: /home/point001/autoware.ai/install/autoware_msgs;/home/point001/autoware.ai/install/autoware_build_flags;/opt/ros/melodic
[1.288s] -- Found PythonInterp: /usr/bin/python2 (found suitable version "2.7.17", minimum required is "2") 
[1.289s] -- Using PYTHON_EXECUTABLE: /usr/bin/python2
[1.289s] -- Using Debian Python package layout
[1.289s] -- Using empy: /usr/bin/empy
[1.455s] -- Using CATKIN_ENABLE_TESTING: ON
[1.456s] -- Call enable_testing()
[1.458s] -- Using CATKIN_TEST_RESULTS_DIR: /home/point001/autoware.ai/build/calibration_publisher/test_results
[1.481s] -- Found gtest sources under '/usr/src/googletest': gtests will be built
[1.481s] -- Found gmock sources under '/usr/src/googletest': gmock will be built
[1.500s] -- Found PythonInterp: /usr/bin/python2 (found version "2.7.17") 
[1.501s] -- Looking for pthread.h
[1.594s] -- Looking for pthread.h - found
[1.594s] -- Looking for pthread_create
[1.679s] -- Looking for pthread_create - not found
[1.684s] -- Looking for pthread_create in pthreads
[1.757s] -- Looking for pthread_create in pthreads - not found
[1.757s] -- Looking for pthread_create in pthread
[1.848s] -- Looking for pthread_create in pthread - found
[1.849s] -- Found Threads: TRUE  
[1.849s] -- Using Python nosetests: /usr/bin/nosetests-2.7
[1.898s] -- catkin 0.7.29
[1.898s] -- BUILD_SHARED_LIBS is on
[2.081s] -- Using these message generators: gencpp;geneus;genlisp;gennodejs;genpy
[2.343s] -- Found OpenCV: /usr (found version "3.2.0") 
[2.492s] -- Configuring done
[2.571s] -- Generating done
[2.571s] -- Build files have been written to: /home/point001/autoware.ai/build/calibration_publisher
[2.581s] Invoked command in '/home/point001/autoware.ai/build/calibration_publisher' returned '0': CMAKE_PREFIX_PATH=/home/point001/autoware.ai/install/autoware_msgs:/home/point001/autoware.ai/install/autoware_build_flags:${CMAKE_PREFIX_PATH} PKG_CONFIG_PATH=/home/point001/autoware.ai/install/autoware_msgs/lib/x86_64-linux-gnu/pkgconfig:/home/point001/autoware.ai/install/autoware_msgs/lib/pkgconfig:/home/point001/autoware.ai/install/autoware_build_flags/lib/x86_64-linux-gnu/pkgconfig:/home/point001/autoware.ai/install/autoware_build_flags/lib/pkgconfig:${PKG_CONFIG_PATH} PYTHONPATH=/home/point001/autoware.ai/install/autoware_msgs/lib/python2.7/dist-packages:${PYTHONPATH} ROS_PACKAGE_PATH=/home/point001/autoware.ai/install/autoware_msgs/share:/home/point001/autoware.ai/install/autoware_build_flags/share:${ROS_PACKAGE_PATH} /usr/bin/cmake /home/point001/autoware.ai/src/autoware/utilities/calibration_publisher -DCMAKE_BUILD_TYPE=Release -DCATKIN_INSTALL_INTO_PREFIX_ROOT=0 -DCMAKE_INSTALL_PREFIX=/home/point001/autoware.ai/install/calibration_publisher
[2.581s] Invoking command in '/home/point001/autoware.ai/build/calibration_publisher': CMAKE_PREFIX_PATH=/home/point001/autoware.ai/install/autoware_msgs:/home/point001/autoware.ai/install/autoware_build_flags:${CMAKE_PREFIX_PATH} PKG_CONFIG_PATH=/home/point001/autoware.ai/install/autoware_msgs/lib/x86_64-linux-gnu/pkgconfig:/home/point001/autoware.ai/install/autoware_msgs/lib/pkgconfig:/home/point001/autoware.ai/install/autoware_build_flags/lib/x86_64-linux-gnu/pkgconfig:/home/point001/autoware.ai/install/autoware_build_flags/lib/pkgconfig:${PKG_CONFIG_PATH} PYTHONPATH=/home/point001/autoware.ai/install/autoware_msgs/lib/python2.7/dist-packages:${PYTHONPATH} ROS_PACKAGE_PATH=/home/point001/autoware.ai/install/autoware_msgs/share:/home/point001/autoware.ai/install/autoware_build_flags/share:${ROS_PACKAGE_PATH} /usr/bin/cmake --build /home/point001/autoware.ai/build/calibration_publisher -- -j24 -l24
[2.633s] [35m[1mScanning dependencies of target autoware_msgs_generate_messages_cpp[0m
[2.650s] [  0%] Built target autoware_msgs_generate_messages_cpp
[2.667s] [35m[1mScanning dependencies of target jsk_footstep_msgs_generate_messages_py[0m
[2.681s] [  0%] Built target jsk_footstep_msgs_generate_messages_py
[2.693s] [35m[1mScanning dependencies of target actionlib_msgs_generate_messages_nodejs[0m
[2.714s] [  0%] Built target actionlib_msgs_generate_messages_nodejs
[2.735s] [35m[1mScanning dependencies of target geometry_msgs_generate_messages_eus[0m
[2.751s] [  0%] Built target geometry_msgs_generate_messages_eus
[2.764s] [35m[1mScanning dependencies of target std_msgs_generate_messages_lisp[0m
[2.783s] [  0%] Built target std_msgs_generate_messages_lisp
[2.802s] [35m[1mScanning dependencies of target roscpp_generate_messages_nodejs[0m
[2.815s] [  0%] Built target roscpp_generate_messages_nodejs
[2.831s] [35m[1mScanning dependencies of target geometry_msgs_generate_messages_nodejs[0m
[2.847s] [  0%] Built target geometry_msgs_generate_messages_nodejs
[2.863s] [35m[1mScanning dependencies of target geometry_msgs_generate_messages_lisp[0m
[2.882s] [  0%] Built target geometry_msgs_generate_messages_lisp
[2.900s] [35m[1mScanning dependencies of target pcl_msgs_generate_messages_cpp[0m
[2.913s] [  0%] Built target pcl_msgs_generate_messages_cpp
[2.926s] [35m[1mScanning dependencies of target jsk_recognition_msgs_generate_messages_cpp[0m
[2.949s] [  0%] Built target jsk_recognition_msgs_generate_messages_cpp
[2.961s] [35m[1mScanning dependencies of target autoware_msgs_generate_messages_eus[0m
[2.987s] [  0%] Built target autoware_msgs_generate_messages_eus
[3.001s] [35m[1mScanning dependencies of target autoware_msgs_generate_messages_lisp[0m
[3.016s] [  0%] Built target autoware_msgs_generate_messages_lisp
[3.032s] [35m[1mScanning dependencies of target autoware_msgs_generate_messages_nodejs[0m
[3.052s] [  0%] Built target autoware_msgs_generate_messages_nodejs
[3.065s] [35m[1mScanning dependencies of target jsk_footstep_msgs_generate_messages_eus[0m
[3.076s] [  0%] Built target jsk_footstep_msgs_generate_messages_eus
[3.091s] [35m[1mScanning dependencies of target actionlib_msgs_generate_messages_py[0m
[3.109s] [  0%] Built target actionlib_msgs_generate_messages_py
[3.121s] [35m[1mScanning dependencies of target jsk_footstep_msgs_generate_messages_lisp[0m
[3.135s] [  0%] Built target jsk_footstep_msgs_generate_messages_lisp
[3.147s] [35m[1mScanning dependencies of target jsk_footstep_msgs_generate_messages_nodejs[0m
[3.162s] [  0%] Built target jsk_footstep_msgs_generate_messages_nodejs
[3.177s] [35m[1mScanning dependencies of target actionlib_msgs_generate_messages_lisp[0m
[3.190s] [  0%] Built target actionlib_msgs_generate_messages_lisp
[3.205s] [35m[1mScanning dependencies of target jsk_recognition_msgs_generate_messages_nodejs[0m
[3.223s] [  0%] Built target jsk_recognition_msgs_generate_messages_nodejs
[3.235s] [35m[1mScanning dependencies of target roscpp_generate_messages_lisp[0m
[3.256s] [  0%] Built target roscpp_generate_messages_lisp
[3.275s] [35m[1mScanning dependencies of target roscpp_generate_messages_py[0m
[3.290s] [  0%] Built target roscpp_generate_messages_py
[3.311s] [35m[1mScanning dependencies of target rosgraph_msgs_generate_messages_lisp[0m
[3.324s] [  0%] Built target rosgraph_msgs_generate_messages_lisp
[3.338s] [35m[1mScanning dependencies of target rosgraph_msgs_generate_messages_nodejs[0m
[3.352s] [  0%] Built target rosgraph_msgs_generate_messages_nodejs
[3.368s] [35m[1mScanning dependencies of target roscpp_generate_messages_eus[0m
[3.383s] [  0%] Built target roscpp_generate_messages_eus
[3.400s] [35m[1mScanning dependencies of target actionlib_msgs_generate_messages_eus[0m
[3.412s] [  0%] Built target actionlib_msgs_generate_messages_eus
[3.433s] [35m[1mScanning dependencies of target rosgraph_msgs_generate_messages_py[0m
[3.450s] [  0%] Built target rosgraph_msgs_generate_messages_py
[3.463s] [35m[1mScanning dependencies of target jsk_footstep_msgs_generate_messages_cpp[0m
[3.475s] [  0%] Built target jsk_footstep_msgs_generate_messages_cpp
[3.488s] [35m[1mScanning dependencies of target actionlib_msgs_generate_messages_cpp[0m
[3.517s] [  0%] Built target actionlib_msgs_generate_messages_cpp
[3.532s] [35m[1mScanning dependencies of target tf_generate_messages_eus[0m
[3.545s] [  0%] Built target tf_generate_messages_eus
[3.559s] [35m[1mScanning dependencies of target tf_generate_messages_lisp[0m
[3.578s] [  0%] Built target tf_generate_messages_lisp
[3.597s] [35m[1mScanning dependencies of target tf_generate_messages_nodejs[0m
[3.613s] [  0%] Built target tf_generate_messages_nodejs
[3.629s] [35m[1mScanning dependencies of target pcl_msgs_generate_messages_py[0m
[3.645s] [  0%] Built target pcl_msgs_generate_messages_py
[3.657s] [35m[1mScanning dependencies of target actionlib_generate_messages_eus[0m
[3.673s] [  0%] Built target actionlib_generate_messages_eus
[3.685s] [35m[1mScanning dependencies of target geometry_msgs_generate_messages_cpp[0m
[3.698s] [  0%] Built target geometry_msgs_generate_messages_cpp
[3.713s] [35m[1mScanning dependencies of target actionlib_generate_messages_lisp[0m
[3.726s] [  0%] Built target actionlib_generate_messages_lisp
[3.749s] [35m[1mScanning dependencies of target pcl_msgs_generate_messages_lisp[0m
[3.761s] [  0%] Built target pcl_msgs_generate_messages_lisp
[3.780s] [35m[1mScanning dependencies of target tf_generate_messages_cpp[0m
[3.798s] [  0%] Built target tf_generate_messages_cpp
[3.814s] [35m[1mScanning dependencies of target actionlib_generate_messages_nodejs[0m
[3.828s] [  0%] Built target actionlib_generate_messages_nodejs
[3.836s] [35m[1mScanning dependencies of target tf2_msgs_generate_messages_eus[0m
[3.856s] [  0%] Built target tf2_msgs_generate_messages_eus
[3.871s] [35m[1mScanning dependencies of target tf2_msgs_generate_messages_lisp[0m
[3.882s] [  0%] Built target tf2_msgs_generate_messages_lisp
[3.897s] [35m[1mScanning dependencies of target actionlib_generate_messages_py[0m
[3.911s] [  0%] Built target actionlib_generate_messages_py
[3.922s] [35m[1mScanning dependencies of target tf2_msgs_generate_messages_py[0m
[3.942s] [  0%] Built target tf2_msgs_generate_messages_py
[3.962s] [35m[1mScanning dependencies of target tf2_msgs_generate_messages_nodejs[0m
[3.977s] [  0%] Built target tf2_msgs_generate_messages_nodejs
[3.997s] [35m[1mScanning dependencies of target std_msgs_generate_messages_eus[0m
[4.011s] [  0%] Built target std_msgs_generate_messages_eus
[4.022s] [35m[1mScanning dependencies of target std_msgs_generate_messages_cpp[0m
[4.037s] [  0%] Built target std_msgs_generate_messages_cpp
[4.052s] [35m[1mScanning dependencies of target tf_generate_messages_py[0m
[4.065s] [  0%] Built target tf_generate_messages_py
[4.078s] [35m[1mScanning dependencies of target sensor_msgs_generate_messages_py[0m
[4.094s] [  0%] Built target sensor_msgs_generate_messages_py
[4.109s] [35m[1mScanning dependencies of target sensor_msgs_generate_messages_lisp[0m
[4.123s] [  0%] Built target sensor_msgs_generate_messages_lisp
[4.138s] [35m[1mScanning dependencies of target jsk_recognition_msgs_generate_messages_py[0m
[4.152s] [  0%] Built target jsk_recognition_msgs_generate_messages_py
[4.167s] [35m[1mScanning dependencies of target pcl_msgs_generate_messages_nodejs[0m
[4.180s] [  0%] Built target pcl_msgs_generate_messages_nodejs
[4.198s] [35m[1mScanning dependencies of target rosgraph_msgs_generate_messages_cpp[0m
[4.217s] [  0%] Built target rosgraph_msgs_generate_messages_cpp
[4.228s] [35m[1mScanning dependencies of target sensor_msgs_generate_messages_cpp[0m
[4.243s] [  0%] Built target sensor_msgs_generate_messages_cpp
[4.255s] [35m[1mScanning dependencies of target _catkin_empty_exported_target[0m
[4.271s] [  0%] Built target _catkin_empty_exported_target
[4.290s] [35m[1mScanning dependencies of target sensor_msgs_generate_messages_eus[0m
[4.305s] [  0%] Built target sensor_msgs_generate_messages_eus
[4.320s] [35m[1mScanning dependencies of target std_msgs_generate_messages_nodejs[0m
[4.333s] [  0%] Built target std_msgs_generate_messages_nodejs
[4.346s] [35m[1mScanning dependencies of target autoware_msgs_generate_messages_py[0m
[4.363s] [  0%] Built target autoware_msgs_generate_messages_py
[4.377s] [35m[1mScanning dependencies of target std_msgs_generate_messages_py[0m
[4.389s] [  0%] Built target std_msgs_generate_messages_py
[4.401s] [35m[1mScanning dependencies of target tf2_msgs_generate_messages_cpp[0m
[4.421s] [  0%] Built target tf2_msgs_generate_messages_cpp
[4.434s] [35m[1mScanning dependencies of target jsk_recognition_msgs_generate_messages_eus[0m
[4.446s] [  0%] Built target jsk_recognition_msgs_generate_messages_eus
[4.456s] [35m[1mScanning dependencies of target jsk_recognition_msgs_generate_messages_lisp[0m
[4.467s] [  0%] Built target jsk_recognition_msgs_generate_messages_lisp
[4.477s] [35m[1mScanning dependencies of target rosgraph_msgs_generate_messages_eus[0m
[4.489s] [  0%] Built target rosgraph_msgs_generate_messages_eus
[4.503s] [35m[1mScanning dependencies of target pcl_msgs_generate_messages_eus[0m
[4.516s] [  0%] Built target pcl_msgs_generate_messages_eus
[4.528s] [35m[1mScanning dependencies of target actionlib_generate_messages_cpp[0m
[4.547s] [  0%] Built target actionlib_generate_messages_cpp
[4.563s] [35m[1mScanning dependencies of target roscpp_generate_messages_cpp[0m
[4.577s] [  0%] Built target roscpp_generate_messages_cpp
[4.589s] [35m[1mScanning dependencies of target sensor_msgs_generate_messages_nodejs[0m
[4.602s] [  0%] Built target sensor_msgs_generate_messages_nodejs
[4.613s] [35m[1mScanning dependencies of target geometry_msgs_generate_messages_py[0m
[4.626s] [  0%] Built target geometry_msgs_generate_messages_py
[4.636s] [35m[1mScanning dependencies of target calibration_publisher[0m
[4.661s] [ 50%] [32mBuilding CXX object CMakeFiles/calibration_publisher.dir/src/calibration_publisher.cpp.o[0m
[8.507s] [100%] [32m[1mLinking CXX executable devel/lib/calibration_publisher/calibration_publisher[0m
[8.752s] [100%] Built target calibration_publisher
[8.766s] Invoked command in '/home/point001/autoware.ai/build/calibration_publisher' returned '0': CMAKE_PREFIX_PATH=/home/point001/autoware.ai/install/autoware_msgs:/home/point001/autoware.ai/install/autoware_build_flags:${CMAKE_PREFIX_PATH} PKG_CONFIG_PATH=/home/point001/autoware.ai/install/autoware_msgs/lib/x86_64-linux-gnu/pkgconfig:/home/point001/autoware.ai/install/autoware_msgs/lib/pkgconfig:/home/point001/autoware.ai/install/autoware_build_flags/lib/x86_64-linux-gnu/pkgconfig:/home/point001/autoware.ai/install/autoware_build_flags/lib/pkgconfig:${PKG_CONFIG_PATH} PYTHONPATH=/home/point001/autoware.ai/install/autoware_msgs/lib/python2.7/dist-packages:${PYTHONPATH} ROS_PACKAGE_PATH=/home/point001/autoware.ai/install/autoware_msgs/share:/home/point001/autoware.ai/install/autoware_build_flags/share:${ROS_PACKAGE_PATH} /usr/bin/cmake --build /home/point001/autoware.ai/build/calibration_publisher -- -j24 -l24
[8.848s] Invoking command in '/home/point001/autoware.ai/build/calibration_publisher': CMAKE_PREFIX_PATH=/home/point001/autoware.ai/install/autoware_msgs:/home/point001/autoware.ai/install/autoware_build_flags:${CMAKE_PREFIX_PATH} PKG_CONFIG_PATH=/home/point001/autoware.ai/install/autoware_msgs/lib/x86_64-linux-gnu/pkgconfig:/home/point001/autoware.ai/install/autoware_msgs/lib/pkgconfig:/home/point001/autoware.ai/install/autoware_build_flags/lib/x86_64-linux-gnu/pkgconfig:/home/point001/autoware.ai/install/autoware_build_flags/lib/pkgconfig:${PKG_CONFIG_PATH} PYTHONPATH=/home/point001/autoware.ai/install/autoware_msgs/lib/python2.7/dist-packages:${PYTHONPATH} ROS_PACKAGE_PATH=/home/point001/autoware.ai/install/autoware_msgs/share:/home/point001/autoware.ai/install/autoware_build_flags/share:${ROS_PACKAGE_PATH} /usr/bin/cmake --build /home/point001/autoware.ai/build/calibration_publisher --target tests -- -j24 -l24
[8.923s] [35m[1mScanning dependencies of target tests[0m
[8.935s] Built target tests
[8.951s] Invoked command in '/home/point001/autoware.ai/build/calibration_publisher' returned '0': CMAKE_PREFIX_PATH=/home/point001/autoware.ai/install/autoware_msgs:/home/point001/autoware.ai/install/autoware_build_flags:${CMAKE_PREFIX_PATH} PKG_CONFIG_PATH=/home/point001/autoware.ai/install/autoware_msgs/lib/x86_64-linux-gnu/pkgconfig:/home/point001/autoware.ai/install/autoware_msgs/lib/pkgconfig:/home/point001/autoware.ai/install/autoware_build_flags/lib/x86_64-linux-gnu/pkgconfig:/home/point001/autoware.ai/install/autoware_build_flags/lib/pkgconfig:${PKG_CONFIG_PATH} PYTHONPATH=/home/point001/autoware.ai/install/autoware_msgs/lib/python2.7/dist-packages:${PYTHONPATH} ROS_PACKAGE_PATH=/home/point001/autoware.ai/install/autoware_msgs/share:/home/point001/autoware.ai/install/autoware_build_flags/share:${ROS_PACKAGE_PATH} /usr/bin/cmake --build /home/point001/autoware.ai/build/calibration_publisher --target tests -- -j24 -l24
[9.035s] Invoking command in '/home/point001/autoware.ai/build/calibration_publisher': CMAKE_PREFIX_PATH=/home/point001/autoware.ai/install/autoware_msgs:/home/point001/autoware.ai/install/autoware_build_flags:${CMAKE_PREFIX_PATH} PKG_CONFIG_PATH=/home/point001/autoware.ai/install/autoware_msgs/lib/x86_64-linux-gnu/pkgconfig:/home/point001/autoware.ai/install/autoware_msgs/lib/pkgconfig:/home/point001/autoware.ai/install/autoware_build_flags/lib/x86_64-linux-gnu/pkgconfig:/home/point001/autoware.ai/install/autoware_build_flags/lib/pkgconfig:${PKG_CONFIG_PATH} PYTHONPATH=/home/point001/autoware.ai/install/autoware_msgs/lib/python2.7/dist-packages:${PYTHONPATH} ROS_PACKAGE_PATH=/home/point001/autoware.ai/install/autoware_msgs/share:/home/point001/autoware.ai/install/autoware_build_flags/share:${ROS_PACKAGE_PATH} /usr/bin/cmake --build /home/point001/autoware.ai/build/calibration_publisher --target install -- -j24 -l24
[9.103s] [  0%] Built target autoware_msgs_generate_messages_cpp
[9.127s] [  0%] Built target jsk_footstep_msgs_generate_messages_py
[9.150s] [  0%] Built target actionlib_msgs_generate_messages_nodejs
[9.173s] [  0%] Built target geometry_msgs_generate_messages_eus
[9.201s] [  0%] Built target std_msgs_generate_messages_lisp
[9.226s] [  0%] Built target roscpp_generate_messages_nodejs
[9.250s] [  0%] Built target geometry_msgs_generate_messages_nodejs
[9.274s] [  0%] Built target geometry_msgs_generate_messages_lisp
[9.300s] [  0%] Built target pcl_msgs_generate_messages_cpp
[9.323s] [  0%] Built target jsk_recognition_msgs_generate_messages_cpp
[9.348s] [  0%] Built target autoware_msgs_generate_messages_eus
[9.373s] [  0%] Built target autoware_msgs_generate_messages_lisp
[9.397s] [  0%] Built target autoware_msgs_generate_messages_nodejs
[9.424s] [  0%] Built target jsk_footstep_msgs_generate_messages_eus
[9.448s] [  0%] Built target actionlib_msgs_generate_messages_py
[9.472s] [  0%] Built target jsk_footstep_msgs_generate_messages_lisp
[9.497s] [  0%] Built target jsk_footstep_msgs_generate_messages_nodejs
[9.521s] [  0%] Built target actionlib_msgs_generate_messages_lisp
[9.546s] [  0%] Built target jsk_recognition_msgs_generate_messages_nodejs
[9.572s] [  0%] Built target roscpp_generate_messages_lisp
[9.597s] [  0%] Built target roscpp_generate_messages_py
[9.621s] [  0%] Built target rosgraph_msgs_generate_messages_lisp
[9.644s] [  0%] Built target rosgraph_msgs_generate_messages_nodejs
[9.668s] [  0%] Built target roscpp_generate_messages_eus
[9.691s] [  0%] Built target actionlib_msgs_generate_messages_eus
[9.714s] [  0%] Built target rosgraph_msgs_generate_messages_py
[9.736s] [  0%] Built target jsk_footstep_msgs_generate_messages_cpp
[9.760s] [  0%] Built target actionlib_msgs_generate_messages_cpp
[9.783s] [  0%] Built target tf_generate_messages_eus
[9.805s] [  0%] Built target tf_generate_messages_lisp
[9.828s] [  0%] Built target tf_generate_messages_nodejs
[9.853s] [  0%] Built target pcl_msgs_generate_messages_py
[9.878s] [  0%] Built target actionlib_generate_messages_eus
[9.903s] [  0%] Built target geometry_msgs_generate_messages_cpp
[9.927s] [  0%] Built target actionlib_generate_messages_lisp
[9.953s] [  0%] Built target pcl_msgs_generate_messages_lisp
[9.980s] [  0%] Built target tf_generate_messages_cpp
[10.004s] [  0%] Built target actionlib_generate_messages_nodejs
[10.029s] [  0%] Built target tf2_msgs_generate_messages_eus
[10.053s] [  0%] Built target tf2_msgs_generate_messages_lisp
[10.083s] [  0%] Built target actionlib_generate_messages_py
[10.115s] [  0%] Built target tf2_msgs_generate_messages_py
[10.141s] [  0%] Built target tf2_msgs_generate_messages_nodejs
[10.170s] [  0%] Built target std_msgs_generate_messages_eus
[10.197s] [  0%] Built target std_msgs_generate_messages_cpp
[10.221s] [  0%] Built target tf_generate_messages_py
[10.246s] [  0%] Built target sensor_msgs_generate_messages_py
[10.272s] [  0%] Built target sensor_msgs_generate_messages_lisp
[10.295s] [  0%] Built target jsk_recognition_msgs_generate_messages_py
[10.319s] [  0%] Built target pcl_msgs_generate_messages_nodejs
[10.343s] [  0%] Built target rosgraph_msgs_generate_messages_cpp
[10.369s] [  0%] Built target sensor_msgs_generate_messages_cpp
[10.392s] [  0%] Built target _catkin_empty_exported_target
[10.416s] [  0%] Built target sensor_msgs_generate_messages_eus
[10.438s] [  0%] Built target std_msgs_generate_messages_nodejs
[10.460s] [  0%] Built target autoware_msgs_generate_messages_py
[10.482s] [  0%] Built target std_msgs_generate_messages_py
[10.505s] [  0%] Built target tf2_msgs_generate_messages_cpp
[10.528s] [  0%] Built target jsk_recognition_msgs_generate_messages_eus
[10.551s] [  0%] Built target jsk_recognition_msgs_generate_messages_lisp
[10.577s] [  0%] Built target rosgraph_msgs_generate_messages_eus
[10.607s] [  0%] Built target pcl_msgs_generate_messages_eus
[10.631s] [  0%] Built target actionlib_generate_messages_cpp
[10.658s] [  0%] Built target roscpp_generate_messages_cpp
[10.686s] [  0%] Built target sensor_msgs_generate_messages_nodejs
[10.715s] [  0%] Built target geometry_msgs_generate_messages_py
[10.746s] [100%] Built target calibration_publisher
[10.774s] [36mInstall the project...[0m
[10.786s] -- Install configuration: "Release"
[10.786s] -- Installing: /home/point001/autoware.ai/install/calibration_publisher/lib/pkgconfig/calibration_publisher.pc
[10.786s] -- Installing: /home/point001/autoware.ai/install/calibration_publisher/share/calibration_publisher/cmake/calibration_publisherConfig.cmake
[10.787s] -- Installing: /home/point001/autoware.ai/install/calibration_publisher/share/calibration_publisher/cmake/calibration_publisherConfig-version.cmake
[10.787s] -- Installing: /home/point001/autoware.ai/install/calibration_publisher/share/calibration_publisher/package.xml
[10.787s] -- Installing: /home/point001/autoware.ai/install/calibration_publisher/lib/calibration_publisher/calibration_publisher
[10.787s] -- Set runtime path of "/home/point001/autoware.ai/install/calibration_publisher/lib/calibration_publisher/calibration_publisher" to ""
[10.795s] Invoked command in '/home/point001/autoware.ai/build/calibration_publisher' returned '0': CMAKE_PREFIX_PATH=/home/point001/autoware.ai/install/autoware_msgs:/home/point001/autoware.ai/install/autoware_build_flags:${CMAKE_PREFIX_PATH} PKG_CONFIG_PATH=/home/point001/autoware.ai/install/autoware_msgs/lib/x86_64-linux-gnu/pkgconfig:/home/point001/autoware.ai/install/autoware_msgs/lib/pkgconfig:/home/point001/autoware.ai/install/autoware_build_flags/lib/x86_64-linux-gnu/pkgconfig:/home/point001/autoware.ai/install/autoware_build_flags/lib/pkgconfig:${PKG_CONFIG_PATH} PYTHONPATH=/home/point001/autoware.ai/install/autoware_msgs/lib/python2.7/dist-packages:${PYTHONPATH} ROS_PACKAGE_PATH=/home/point001/autoware.ai/install/autoware_msgs/share:/home/point001/autoware.ai/install/autoware_build_flags/share:${ROS_PACKAGE_PATH} /usr/bin/cmake --build /home/point001/autoware.ai/build/calibration_publisher --target install -- -j24 -l24
